 * Starting OpenBSD Secure Shell server sshd
   ...done.
INFO:circe.py:Using base script preagg.py
DEBUG:circe.py:starting the input monitoring process
DEBUG:circe.py:starting the output monitoring process
3
INFO:circe.py:runtime_stat:{"task_name": "circe", "event": "new_input_file", "filename": "score3b_preagg3_1jobth2#985-2#1082-2#1166-2#214-2#624-2#1191", "unix_time": 1620103213.7066565}
INFO:circe.py:runtime_stat:{"task_name": "circe", "event": "new_input_file", "filename": "score3c_preagg3_1jobth2#985-2#1082-2#1166-2#214-2#624-2#1191", "unix_time": 1620103214.267247}
INFO:ccdag_utils.py:runtime_stat:{"task_name": "preagg3", "event": "queue_start_process", "filename": "score3b_preagg3_1jobth2#985-2#1082-2#1166-2#214-2#624-2#1191", "unix_time": 1620103214.5089524}
INFO:ccdag_utils.py:runtime_stat:{"task_name": "preagg3", "event": "queue_start_process", "filename": "score3c_preagg3_1jobth2#985-2#1082-2#1166-2#214-2#624-2#1191", "unix_time": 1620103214.5795572}
INFO:circe.py:runtime_stat:{"task_name": "circe", "event": "new_input_file", "filename": "score3a_preagg3_1jobth2#985-2#1082-2#1166-2#214-2#624-2#1191", "unix_time": 1620103216.6853595}
INFO:ccdag_utils.py:runtime_stat:{"task_name": "preagg3", "event": "queue_start_process", "filename": "score3a_preagg3_1jobth2#985-2#1082-2#1166-2#214-2#624-2#1191", "unix_time": 1620103217.6420574}
preagg3_lccdec3_1jobthscore3a2#985-2#1082-2#1166-2#214-2#624-2#1191
INFO:circe.py:runtime_stat:{"task_name": "circe", "event": "new_output_file", "filename": "preagg3_lccdec3_1jobthscore3a2#985-2#1082-2#1166-2#214-2#624-2#1191", "unix_time": 1620103217.7104363}
DEBUG:transfer.py:sshpass -p PASSWORD scp -P 5000 -o StrictHostKeyChecking=no /jupiter/circe_output/preagg3_lccdec3_1jobthscore3a2#985-2#1082-2#1166-2#214-2#624-2#1191 root@10.101.123.86:/jupiter/circe_input/
INFO:ccdag_utils.py:runtime_stat:{"task_name": "preagg3", "event": "queue_end_process", "filename": "preagg3_lccdec3_1jobthscore3a2#985-2#1082-2#1166-2#214-2#624-2#1191", "unix_time": 1620103217.7163975}
preagg3_lccdec3_1jobthscore3b2#985-2#1082-2#1166-2#214-2#624-2#1191
INFO:ccdag_utils.py:runtime_stat:{"task_name": "preagg3", "event": "queue_end_process", "filename": "preagg3_lccdec3_1jobthscore3b2#985-2#1082-2#1166-2#214-2#624-2#1191", "unix_time": 1620103217.722251}
preagg3_lccdec3_1jobthscore3c2#985-2#1082-2#1166-2#214-2#624-2#1191
INFO:ccdag_utils.py:runtime_stat:{"task_name": "preagg3", "event": "queue_end_process", "filename": "preagg3_lccdec3_1jobthscore3c2#985-2#1082-2#1166-2#214-2#624-2#1191", "unix_time": 1620103217.7276719}
Warning: Permanently added '[10.101.123.86]:5000' (ECDSA) to the list of known hosts.
DEBUG:transfer.py:transfer successful!
INFO:circe.py:runtime_stat:{"task_name": "circe", "event": "new_output_file", "filename": "preagg3_lccdec3_1jobthscore3b2#985-2#1082-2#1166-2#214-2#624-2#1191", "unix_time": 1620103217.9395761}
DEBUG:transfer.py:sshpass -p PASSWORD scp -P 5000 -o StrictHostKeyChecking=no /jupiter/circe_output/preagg3_lccdec3_1jobthscore3b2#985-2#1082-2#1166-2#214-2#624-2#1191 root@10.101.123.86:/jupiter/circe_input/
DEBUG:transfer.py:transfer successful!
INFO:circe.py:runtime_stat:{"task_name": "circe", "event": "new_output_file", "filename": "preagg3_lccdec3_1jobthscore3c2#985-2#1082-2#1166-2#214-2#624-2#1191", "unix_time": 1620103218.1669066}
DEBUG:transfer.py:sshpass -p PASSWORD scp -P 5000 -o StrictHostKeyChecking=no /jupiter/circe_output/preagg3_lccdec3_1jobthscore3c2#985-2#1082-2#1166-2#214-2#624-2#1191 root@10.101.123.86:/jupiter/circe_input/
DEBUG:transfer.py:transfer successful!
