 * Starting OpenBSD Secure Shell server sshd
   ...done.
INFO:circe.py:Using base script lccenc.py
DEBUG:circe.py:starting the input monitoring process
DEBUG:circe.py:starting the output monitoring process
4
INFO:circe.py:runtime_stat:{"task_name": "circe", "event": "new_input_file", "filename": "storeclass4_lccenc4_511imgtigerjobid1.JPEG", "unix_time": 1620100519.4617946}
INFO:circe.py:runtime_stat:{"task_name": "circe", "event": "new_input_file", "filename": "storeclass4_lccenc4_920imgtigerjobid1.JPEG", "unix_time": 1620100519.6933143}
INFO:circe.py:runtime_stat:{"task_name": "circe", "event": "new_input_file", "filename": "storeclass4_lccenc4_1130imgtigerjobid2.JPEG", "unix_time": 1620101047.0357804}
INFO:circe.py:runtime_stat:{"task_name": "circe", "event": "new_input_file", "filename": "storeclass4_lccenc4_1078imgtigerjobid2.JPEG", "unix_time": 1620101047.262138}
INFO:circe.py:runtime_stat:{"task_name": "circe", "event": "new_input_file", "filename": "storeclass4_lccenc4_426imgtigerjobid3.JPEG", "unix_time": 1620101598.6196587}
INFO:circe.py:runtime_stat:{"task_name": "circe", "event": "new_input_file", "filename": "storeclass4_lccenc4_714imgtigerjobid3.JPEG", "unix_time": 1620101599.626719}
INFO:ccdag_utils.py:runtime_stat:{"task_name": "lccenc4", "event": "queue_start_process", "filename": "storeclass4_lccenc4_511imgtigerjobid1.JPEG", "unix_time": 1620101600.384023}
INFO:ccdag_utils.py:runtime_stat:{"task_name": "lccenc4", "event": "queue_start_process", "filename": "storeclass4_lccenc4_920imgtigerjobid1.JPEG", "unix_time": 1620101600.384391}
INFO:ccdag_utils.py:runtime_stat:{"task_name": "lccenc4", "event": "queue_start_process", "filename": "storeclass4_lccenc4_1130imgtigerjobid2.JPEG", "unix_time": 1620101600.3845968}
INFO:ccdag_utils.py:runtime_stat:{"task_name": "lccenc4", "event": "queue_start_process", "filename": "storeclass4_lccenc4_1078imgtigerjobid2.JPEG", "unix_time": 1620101600.384809}
INFO:ccdag_utils.py:runtime_stat:{"task_name": "lccenc4", "event": "queue_start_process", "filename": "storeclass4_lccenc4_426imgtigerjobid3.JPEG", "unix_time": 1620101600.3851838}
INFO:ccdag_utils.py:runtime_stat:{"task_name": "lccenc4", "event": "queue_start_process", "filename": "storeclass4_lccenc4_714imgtigerjobid3.JPEG", "unix_time": 1620101600.385355}
INFO:ccdag_utils.py:runtime_stat:{"task_name": "lccenc4", "event": "queue_end_process", "filename": "lccenc4_score4a_3#511-3#920-3#1130-3#1078-3#426-3#714jobid1.csv", "unix_time": 1620101602.4836917}
INFO:circe.py:runtime_stat:{"task_name": "circe", "event": "new_output_file", "filename": "lccenc4_score4a_3#511-3#920-3#1130-3#1078-3#426-3#714jobid1.csv", "unix_time": 1620101602.4845407}
DEBUG:transfer.py:sshpass -p PASSWORD scp -P 5000 -o StrictHostKeyChecking=no /jupiter/circe_output/lccenc4_score4a_3#511-3#920-3#1130-3#1078-3#426-3#714jobid1.csv root@10.104.26.10:/jupiter/circe_input/
Warning: Permanently added '[10.104.26.10]:5000' (ECDSA) to the list of known hosts.
DEBUG:transfer.py:transfer successful!
INFO:ccdag_utils.py:runtime_stat:{"task_name": "lccenc4", "event": "queue_end_process", "filename": "lccenc4_score4b_3#511-3#920-3#1130-3#1078-3#426-3#714jobid1.csv", "unix_time": 1620101603.4834926}
INFO:circe.py:runtime_stat:{"task_name": "circe", "event": "new_output_file", "filename": "lccenc4_score4b_3#511-3#920-3#1130-3#1078-3#426-3#714jobid1.csv", "unix_time": 1620101603.5201838}
DEBUG:transfer.py:sshpass -p PASSWORD scp -P 5000 -o StrictHostKeyChecking=no /jupiter/circe_output/lccenc4_score4b_3#511-3#920-3#1130-3#1078-3#426-3#714jobid1.csv root@10.97.4.223:/jupiter/circe_input/
Warning: Permanently added '[10.97.4.223]:5000' (ECDSA) to the list of known hosts.
DEBUG:transfer.py:transfer successful!
INFO:ccdag_utils.py:runtime_stat:{"task_name": "lccenc4", "event": "queue_end_process", "filename": "lccenc4_score4c_3#511-3#920-3#1130-3#1078-3#426-3#714jobid1.csv", "unix_time": 1620101604.472358}
INFO:circe.py:runtime_stat:{"task_name": "circe", "event": "new_output_file", "filename": "lccenc4_score4c_3#511-3#920-3#1130-3#1078-3#426-3#714jobid1.csv", "unix_time": 1620101604.4733608}
DEBUG:transfer.py:sshpass -p PASSWORD scp -P 5000 -o StrictHostKeyChecking=no /jupiter/circe_output/lccenc4_score4c_3#511-3#920-3#1130-3#1078-3#426-3#714jobid1.csv root@10.110.14.142:/jupiter/circe_input/
Warning: Permanently added '[10.110.14.142]:5000' (ECDSA) to the list of known hosts.
DEBUG:transfer.py:transfer successful!
INFO:circe.py:runtime_stat:{"task_name": "circe", "event": "new_input_file", "filename": "storeclass4_lccenc4_1043imgtigerjobid4.JPEG", "unix_time": 1620102131.1779802}
INFO:circe.py:runtime_stat:{"task_name": "circe", "event": "new_input_file", "filename": "storeclass4_lccenc4_729imgtigerjobid4.JPEG", "unix_time": 1620102131.4035158}
