 * Starting OpenBSD Secure Shell server sshd
   ...done.
INFO:circe.py:Using base script storeclass.py
DEBUG:circe.py:starting the input monitoring process
DEBUG:circe.py:starting the output monitoring process
INFO:circe.py:runtime_stat:{"task_name": "circe", "event": "new_input_file", "filename": "resnet5_storeclass1_381imgfireenginejobid2.JPEG", "unix_time": 1620101045.6136727}
INFO:ccdag_utils.py:runtime_stat:{"task_name": "storeclass1", "event": "queue_start_process", "filename": "resnet5_storeclass1_381imgfireenginejobid2.JPEG", "unix_time": 1620101045.7952023}
INFO:ccdag_utils.py:runtime_stat:{"task_name": "storeclass1", "event": "queue_end_process", "filename": "storeclass1_lccenc1_381imgfireenginejobid2.JPEG", "unix_time": 1620101045.8032472}
INFO:circe.py:runtime_stat:{"task_name": "circe", "event": "new_output_file", "filename": "storeclass1_lccenc1_381imgfireenginejobid2.JPEG", "unix_time": 1620101045.804416}
DEBUG:transfer.py:sshpass -p PASSWORD scp -P 5000 -o StrictHostKeyChecking=no /jupiter/circe_output/storeclass1_lccenc1_381imgfireenginejobid2.JPEG root@10.97.82.197:/jupiter/circe_input/
Warning: Permanently added '[10.97.82.197]:5000' (ECDSA) to the list of known hosts.
INFO:circe.py:runtime_stat:{"task_name": "circe", "event": "new_input_file", "filename": "resnet0_storeclass1_883imgschoolbusjobid2.JPEG", "unix_time": 1620101045.9356601}
DEBUG:transfer.py:transfer successful!
INFO:ccdag_utils.py:runtime_stat:{"task_name": "storeclass1", "event": "queue_start_process", "filename": "resnet0_storeclass1_883imgschoolbusjobid2.JPEG", "unix_time": 1620101046.8047616}
INFO:ccdag_utils.py:runtime_stat:{"task_name": "storeclass1", "event": "queue_end_process", "filename": "storeclass1_lccenc1_883imgschoolbusjobid2.JPEG", "unix_time": 1620101046.8115149}
INFO:circe.py:runtime_stat:{"task_name": "circe", "event": "new_output_file", "filename": "storeclass1_lccenc1_883imgschoolbusjobid2.JPEG", "unix_time": 1620101046.8124518}
DEBUG:transfer.py:sshpass -p PASSWORD scp -P 5000 -o StrictHostKeyChecking=no /jupiter/circe_output/storeclass1_lccenc1_883imgschoolbusjobid2.JPEG root@10.97.82.197:/jupiter/circe_input/
DEBUG:transfer.py:transfer successful!
INFO:circe.py:runtime_stat:{"task_name": "circe", "event": "new_input_file", "filename": "resnet5_storeclass1_1179imgfireenginejobid3.JPEG", "unix_time": 1620101598.2542965}
INFO:ccdag_utils.py:runtime_stat:{"task_name": "storeclass1", "event": "queue_start_process", "filename": "resnet5_storeclass1_1179imgfireenginejobid3.JPEG", "unix_time": 1620101598.392267}
INFO:ccdag_utils.py:runtime_stat:{"task_name": "storeclass1", "event": "queue_end_process", "filename": "storeclass1_lccenc1_1179imgfireenginejobid3.JPEG", "unix_time": 1620101598.3988733}
INFO:circe.py:runtime_stat:{"task_name": "circe", "event": "new_output_file", "filename": "storeclass1_lccenc1_1179imgfireenginejobid3.JPEG", "unix_time": 1620101598.3999941}
DEBUG:transfer.py:sshpass -p PASSWORD scp -P 5000 -o StrictHostKeyChecking=no /jupiter/circe_output/storeclass1_lccenc1_1179imgfireenginejobid3.JPEG root@10.97.82.197:/jupiter/circe_input/
DEBUG:transfer.py:transfer successful!
INFO:circe.py:runtime_stat:{"task_name": "circe", "event": "new_input_file", "filename": "resnet1_storeclass1_674imgfireenginejobid5.JPEG", "unix_time": 1620102679.5788002}
INFO:ccdag_utils.py:runtime_stat:{"task_name": "storeclass1", "event": "queue_start_process", "filename": "resnet1_storeclass1_674imgfireenginejobid5.JPEG", "unix_time": 1620102680.5312092}
INFO:ccdag_utils.py:runtime_stat:{"task_name": "storeclass1", "event": "queue_end_process", "filename": "storeclass1_lccenc1_674imgfireenginejobid5.JPEG", "unix_time": 1620102680.5414913}
INFO:circe.py:runtime_stat:{"task_name": "circe", "event": "new_output_file", "filename": "storeclass1_lccenc1_674imgfireenginejobid5.JPEG", "unix_time": 1620102680.54282}
DEBUG:transfer.py:sshpass -p PASSWORD scp -P 5000 -o StrictHostKeyChecking=no /jupiter/circe_output/storeclass1_lccenc1_674imgfireenginejobid5.JPEG root@10.97.82.197:/jupiter/circe_input/
DEBUG:transfer.py:transfer successful!
INFO:circe.py:runtime_stat:{"task_name": "circe", "event": "new_input_file", "filename": "resnet6_storeclass1_154imgfireenginejobid8.JPEG", "unix_time": 1620104287.7153237}
INFO:ccdag_utils.py:runtime_stat:{"task_name": "storeclass1", "event": "queue_start_process", "filename": "resnet6_storeclass1_154imgfireenginejobid8.JPEG", "unix_time": 1620104288.2370088}
INFO:circe.py:runtime_stat:{"task_name": "circe", "event": "new_output_file", "filename": "storeclass1_lccenc1_154imgfireenginejobid8.JPEG", "unix_time": 1620104288.243901}
DEBUG:transfer.py:sshpass -p PASSWORD scp -P 5000 -o StrictHostKeyChecking=no /jupiter/circe_output/storeclass1_lccenc1_154imgfireenginejobid8.JPEG root@10.97.82.197:/jupiter/circe_input/
INFO:ccdag_utils.py:runtime_stat:{"task_name": "storeclass1", "event": "queue_end_process", "filename": "storeclass1_lccenc1_154imgfireenginejobid8.JPEG", "unix_time": 1620104288.2483304}
INFO:circe.py:runtime_stat:{"task_name": "circe", "event": "new_input_file", "filename": "resnet1_storeclass1_1033imgfireenginejobid8.JPEG", "unix_time": 1620104288.3319426}
DEBUG:transfer.py:transfer successful!
INFO:ccdag_utils.py:runtime_stat:{"task_name": "storeclass1", "event": "queue_start_process", "filename": "resnet1_storeclass1_1033imgfireenginejobid8.JPEG", "unix_time": 1620104289.2502122}
INFO:circe.py:runtime_stat:{"task_name": "circe", "event": "new_output_file", "filename": "storeclass1_lccenc1_1033imgfireenginejobid8.JPEG", "unix_time": 1620104289.2586646}
DEBUG:transfer.py:sshpass -p PASSWORD scp -P 5000 -o StrictHostKeyChecking=no /jupiter/circe_output/storeclass1_lccenc1_1033imgfireenginejobid8.JPEG root@10.97.82.197:/jupiter/circe_input/
INFO:ccdag_utils.py:runtime_stat:{"task_name": "storeclass1", "event": "queue_end_process", "filename": "storeclass1_lccenc1_1033imgfireenginejobid8.JPEG", "unix_time": 1620104289.2635663}
DEBUG:transfer.py:transfer successful!
