 * Starting OpenBSD Secure Shell server sshd
   ...done.
INFO:circe.py:Using base script preagg.py
DEBUG:circe.py:starting the input monitoring process
DEBUG:circe.py:starting the output monitoring process
2
INFO:circe.py:runtime_stat:{"task_name": "circe", "event": "new_input_file", "filename": "score2b_preagg2_1jobth1#749-1#567-1#762-1#83-1#689-1#503", "unix_time": 1620103768.9109106}
INFO:ccdag_utils.py:runtime_stat:{"task_name": "preagg2", "event": "queue_start_process", "filename": "score2b_preagg2_1jobth1#749-1#567-1#762-1#83-1#689-1#503", "unix_time": 1620103769.3364842}
INFO:circe.py:runtime_stat:{"task_name": "circe", "event": "new_input_file", "filename": "score2c_preagg2_1jobth1#749-1#567-1#762-1#83-1#689-1#503", "unix_time": 1620103769.8404515}
INFO:ccdag_utils.py:runtime_stat:{"task_name": "preagg2", "event": "queue_start_process", "filename": "score2c_preagg2_1jobth1#749-1#567-1#762-1#83-1#689-1#503", "unix_time": 1620103770.4009066}
INFO:circe.py:runtime_stat:{"task_name": "circe", "event": "new_input_file", "filename": "score2a_preagg2_1jobth1#749-1#567-1#762-1#83-1#689-1#503", "unix_time": 1620103773.1007648}
INFO:ccdag_utils.py:runtime_stat:{"task_name": "preagg2", "event": "queue_start_process", "filename": "score2a_preagg2_1jobth1#749-1#567-1#762-1#83-1#689-1#503", "unix_time": 1620103773.4637127}
preagg2_lccdec2_1jobthscore2a1#749-1#567-1#762-1#83-1#689-1#503
INFO:circe.py:runtime_stat:{"task_name": "circe", "event": "new_output_file", "filename": "preagg2_lccdec2_1jobthscore2a1#749-1#567-1#762-1#83-1#689-1#503", "unix_time": 1620103773.5307577}
DEBUG:transfer.py:sshpass -p PASSWORD scp -P 5000 -o StrictHostKeyChecking=no /jupiter/circe_output/preagg2_lccdec2_1jobthscore2a1#749-1#567-1#762-1#83-1#689-1#503 root@10.96.97.136:/jupiter/circe_input/
INFO:ccdag_utils.py:runtime_stat:{"task_name": "preagg2", "event": "queue_end_process", "filename": "preagg2_lccdec2_1jobthscore2a1#749-1#567-1#762-1#83-1#689-1#503", "unix_time": 1620103773.535968}
preagg2_lccdec2_1jobthscore2b1#749-1#567-1#762-1#83-1#689-1#503
INFO:ccdag_utils.py:runtime_stat:{"task_name": "preagg2", "event": "queue_end_process", "filename": "preagg2_lccdec2_1jobthscore2b1#749-1#567-1#762-1#83-1#689-1#503", "unix_time": 1620103773.5420833}
INFO:ccdag_utils.py:runtime_stat:{"task_name": "preagg2", "event": "queue_end_process", "filename": "preagg2_lccdec2_1jobthscore2c1#749-1#567-1#762-1#83-1#689-1#503", "unix_time": 1620103773.5466242}
preagg2_lccdec2_1jobthscore2c1#749-1#567-1#762-1#83-1#689-1#503
Warning: Permanently added '[10.96.97.136]:5000' (ECDSA) to the list of known hosts.
DEBUG:transfer.py:transfer successful!
INFO:circe.py:runtime_stat:{"task_name": "circe", "event": "new_output_file", "filename": "preagg2_lccdec2_1jobthscore2b1#749-1#567-1#762-1#83-1#689-1#503", "unix_time": 1620103773.7419689}
DEBUG:transfer.py:sshpass -p PASSWORD scp -P 5000 -o StrictHostKeyChecking=no /jupiter/circe_output/preagg2_lccdec2_1jobthscore2b1#749-1#567-1#762-1#83-1#689-1#503 root@10.96.97.136:/jupiter/circe_input/
DEBUG:transfer.py:transfer successful!
INFO:circe.py:runtime_stat:{"task_name": "circe", "event": "new_output_file", "filename": "preagg2_lccdec2_1jobthscore2c1#749-1#567-1#762-1#83-1#689-1#503", "unix_time": 1620103773.963308}
DEBUG:transfer.py:sshpass -p PASSWORD scp -P 5000 -o StrictHostKeyChecking=no /jupiter/circe_output/preagg2_lccdec2_1jobthscore2c1#749-1#567-1#762-1#83-1#689-1#503 root@10.96.97.136:/jupiter/circe_input/
DEBUG:transfer.py:transfer successful!
