 * Starting OpenBSD Secure Shell server sshd
   ...done.
INFO:circe.py:Using base script lccenc.py
DEBUG:circe.py:starting the input monitoring process
DEBUG:circe.py:starting the output monitoring process
1
INFO:circe.py:runtime_stat:{"task_name": "circe", "event": "new_input_file", "filename": "storeclass1_lccenc1_381imgfireenginejobid2.JPEG", "unix_time": 1620101046.0874846}
INFO:circe.py:runtime_stat:{"task_name": "circe", "event": "new_input_file", "filename": "storeclass1_lccenc1_883imgschoolbusjobid2.JPEG", "unix_time": 1620101047.0275357}
INFO:circe.py:runtime_stat:{"task_name": "circe", "event": "new_input_file", "filename": "storeclass1_lccenc1_1179imgfireenginejobid3.JPEG", "unix_time": 1620101598.60616}
INFO:circe.py:runtime_stat:{"task_name": "circe", "event": "new_input_file", "filename": "storeclass1_lccenc1_674imgfireenginejobid5.JPEG", "unix_time": 1620102680.784795}
INFO:circe.py:runtime_stat:{"task_name": "circe", "event": "new_input_file", "filename": "storeclass1_lccenc1_154imgfireenginejobid8.JPEG", "unix_time": 1620104288.4678602}
INFO:circe.py:runtime_stat:{"task_name": "circe", "event": "new_input_file", "filename": "storeclass1_lccenc1_1033imgfireenginejobid8.JPEG", "unix_time": 1620104289.4780936}
INFO:ccdag_utils.py:runtime_stat:{"task_name": "lccenc1", "event": "queue_start_process", "filename": "storeclass1_lccenc1_381imgfireenginejobid2.JPEG", "unix_time": 1620104290.0636058}
INFO:ccdag_utils.py:runtime_stat:{"task_name": "lccenc1", "event": "queue_start_process", "filename": "storeclass1_lccenc1_883imgschoolbusjobid2.JPEG", "unix_time": 1620104290.0643494}
INFO:ccdag_utils.py:runtime_stat:{"task_name": "lccenc1", "event": "queue_start_process", "filename": "storeclass1_lccenc1_1179imgfireenginejobid3.JPEG", "unix_time": 1620104290.0649984}
INFO:ccdag_utils.py:runtime_stat:{"task_name": "lccenc1", "event": "queue_start_process", "filename": "storeclass1_lccenc1_674imgfireenginejobid5.JPEG", "unix_time": 1620104290.0656374}
INFO:ccdag_utils.py:runtime_stat:{"task_name": "lccenc1", "event": "queue_start_process", "filename": "storeclass1_lccenc1_154imgfireenginejobid8.JPEG", "unix_time": 1620104290.0662591}
INFO:ccdag_utils.py:runtime_stat:{"task_name": "lccenc1", "event": "queue_start_process", "filename": "storeclass1_lccenc1_1033imgfireenginejobid8.JPEG", "unix_time": 1620104290.066901}
INFO:ccdag_utils.py:runtime_stat:{"task_name": "lccenc1", "event": "queue_end_process", "filename": "lccenc1_score1a_0#381-1#883-0#1179-0#674-0#154-0#1033jobid1.csv", "unix_time": 1620104291.3884876}
INFO:circe.py:runtime_stat:{"task_name": "circe", "event": "new_output_file", "filename": "lccenc1_score1a_0#381-1#883-0#1179-0#674-0#154-0#1033jobid1.csv", "unix_time": 1620104291.3892782}
DEBUG:transfer.py:sshpass -p PASSWORD scp -P 5000 -o StrictHostKeyChecking=no /jupiter/circe_output/lccenc1_score1a_0#381-1#883-0#1179-0#674-0#154-0#1033jobid1.csv root@10.100.232.254:/jupiter/circe_input/
Warning: Permanently added '[10.100.232.254]:5000' (ECDSA) to the list of known hosts.
DEBUG:transfer.py:transfer successful!
INFO:circe.py:runtime_stat:{"task_name": "circe", "event": "new_output_file", "filename": "lccenc1_score1b_0#381-1#883-0#1179-0#674-0#154-0#1033jobid1.csv", "unix_time": 1620104292.3709824}
DEBUG:transfer.py:sshpass -p PASSWORD scp -P 5000 -o StrictHostKeyChecking=no /jupiter/circe_output/lccenc1_score1b_0#381-1#883-0#1179-0#674-0#154-0#1033jobid1.csv root@10.96.233.83:/jupiter/circe_input/
INFO:ccdag_utils.py:runtime_stat:{"task_name": "lccenc1", "event": "queue_end_process", "filename": "lccenc1_score1b_0#381-1#883-0#1179-0#674-0#154-0#1033jobid1.csv", "unix_time": 1620104292.371681}
Warning: Permanently added '[10.96.233.83]:5000' (ECDSA) to the list of known hosts.
DEBUG:transfer.py:transfer successful!
INFO:ccdag_utils.py:runtime_stat:{"task_name": "lccenc1", "event": "queue_end_process", "filename": "lccenc1_score1c_0#381-1#883-0#1179-0#674-0#154-0#1033jobid1.csv", "unix_time": 1620104293.3533118}
INFO:circe.py:runtime_stat:{"task_name": "circe", "event": "new_output_file", "filename": "lccenc1_score1c_0#381-1#883-0#1179-0#674-0#154-0#1033jobid1.csv", "unix_time": 1620104293.3542655}
DEBUG:transfer.py:sshpass -p PASSWORD scp -P 5000 -o StrictHostKeyChecking=no /jupiter/circe_output/lccenc1_score1c_0#381-1#883-0#1179-0#674-0#154-0#1033jobid1.csv root@10.103.130.211:/jupiter/circe_input/
Warning: Permanently added '[10.103.130.211]:5000' (ECDSA) to the list of known hosts.
DEBUG:transfer.py:transfer successful!
