 * Starting OpenBSD Secure Shell server sshd
   ...done.
INFO:circe.py:Using base script preagg.py
DEBUG:circe.py:starting the input monitoring process
DEBUG:circe.py:starting the output monitoring process
4
INFO:circe.py:runtime_stat:{"task_name": "circe", "event": "new_input_file", "filename": "score4b_preagg4_1jobth3#511-3#920-3#1130-3#1078-3#426-3#714", "unix_time": 1620101606.6997218}
INFO:ccdag_utils.py:runtime_stat:{"task_name": "preagg4", "event": "queue_start_process", "filename": "score4b_preagg4_1jobth3#511-3#920-3#1130-3#1078-3#426-3#714", "unix_time": 1620101607.0100844}
INFO:circe.py:runtime_stat:{"task_name": "circe", "event": "new_input_file", "filename": "score4c_preagg4_1jobth3#511-3#920-3#1130-3#1078-3#426-3#714", "unix_time": 1620101607.2763064}
INFO:ccdag_utils.py:runtime_stat:{"task_name": "preagg4", "event": "queue_start_process", "filename": "score4c_preagg4_1jobth3#511-3#920-3#1130-3#1078-3#426-3#714", "unix_time": 1620101608.0819044}
INFO:circe.py:runtime_stat:{"task_name": "circe", "event": "new_input_file", "filename": "score4a_preagg4_1jobth3#511-3#920-3#1130-3#1078-3#426-3#714", "unix_time": 1620101610.344804}
INFO:ccdag_utils.py:runtime_stat:{"task_name": "preagg4", "event": "queue_start_process", "filename": "score4a_preagg4_1jobth3#511-3#920-3#1130-3#1078-3#426-3#714", "unix_time": 1620101611.1473684}
preagg4_lccdec4_1jobthscore4a3#511-3#920-3#1130-3#1078-3#426-3#714
INFO:circe.py:runtime_stat:{"task_name": "circe", "event": "new_output_file", "filename": "preagg4_lccdec4_1jobthscore4a3#511-3#920-3#1130-3#1078-3#426-3#714", "unix_time": 1620101611.219651}
DEBUG:transfer.py:sshpass -p PASSWORD scp -P 5000 -o StrictHostKeyChecking=no /jupiter/circe_output/preagg4_lccdec4_1jobthscore4a3#511-3#920-3#1130-3#1078-3#426-3#714 root@10.103.179.172:/jupiter/circe_input/
INFO:ccdag_utils.py:runtime_stat:{"task_name": "preagg4", "event": "queue_end_process", "filename": "preagg4_lccdec4_1jobthscore4a3#511-3#920-3#1130-3#1078-3#426-3#714", "unix_time": 1620101611.2250137}
preagg4_lccdec4_1jobthscore4b3#511-3#920-3#1130-3#1078-3#426-3#714
INFO:ccdag_utils.py:runtime_stat:{"task_name": "preagg4", "event": "queue_end_process", "filename": "preagg4_lccdec4_1jobthscore4b3#511-3#920-3#1130-3#1078-3#426-3#714", "unix_time": 1620101611.2320523}
preagg4_lccdec4_1jobthscore4c3#511-3#920-3#1130-3#1078-3#426-3#714
INFO:ccdag_utils.py:runtime_stat:{"task_name": "preagg4", "event": "queue_end_process", "filename": "preagg4_lccdec4_1jobthscore4c3#511-3#920-3#1130-3#1078-3#426-3#714", "unix_time": 1620101611.236477}
Warning: Permanently added '[10.103.179.172]:5000' (ECDSA) to the list of known hosts.
DEBUG:transfer.py:transfer successful!
INFO:circe.py:runtime_stat:{"task_name": "circe", "event": "new_output_file", "filename": "preagg4_lccdec4_1jobthscore4b3#511-3#920-3#1130-3#1078-3#426-3#714", "unix_time": 1620101611.469273}
DEBUG:transfer.py:sshpass -p PASSWORD scp -P 5000 -o StrictHostKeyChecking=no /jupiter/circe_output/preagg4_lccdec4_1jobthscore4b3#511-3#920-3#1130-3#1078-3#426-3#714 root@10.103.179.172:/jupiter/circe_input/
DEBUG:transfer.py:transfer successful!
INFO:circe.py:runtime_stat:{"task_name": "circe", "event": "new_output_file", "filename": "preagg4_lccdec4_1jobthscore4c3#511-3#920-3#1130-3#1078-3#426-3#714", "unix_time": 1620101611.6908276}
DEBUG:transfer.py:sshpass -p PASSWORD scp -P 5000 -o StrictHostKeyChecking=no /jupiter/circe_output/preagg4_lccdec4_1jobthscore4c3#511-3#920-3#1130-3#1078-3#426-3#714 root@10.103.179.172:/jupiter/circe_input/
DEBUG:transfer.py:transfer successful!
