 * Starting OpenBSD Secure Shell server sshd
   ...done.
INFO:circe.py:Using base script storeclass.py
DEBUG:circe.py:starting the input monitoring process
DEBUG:circe.py:starting the output monitoring process
INFO:circe.py:runtime_stat:{"task_name": "circe", "event": "new_input_file", "filename": "resnet2_storeclass8_423imgmongoosejobid0.JPEG", "unix_time": 1620099970.6814494}
INFO:circe.py:runtime_stat:{"task_name": "circe", "event": "new_input_file", "filename": "resnet0_storeclass8_695imgmongoosejobid0.JPEG", "unix_time": 1620099970.6912613}
INFO:ccdag_utils.py:runtime_stat:{"task_name": "storeclass8", "event": "queue_start_process", "filename": "resnet2_storeclass8_423imgmongoosejobid0.JPEG", "unix_time": 1620099970.9082303}
INFO:ccdag_utils.py:runtime_stat:{"task_name": "storeclass8", "event": "queue_end_process", "filename": "storeclass8_lccenc8_423imgmongoosejobid0.JPEG", "unix_time": 1620099970.9175637}
INFO:circe.py:runtime_stat:{"task_name": "circe", "event": "new_output_file", "filename": "storeclass8_lccenc8_423imgmongoosejobid0.JPEG", "unix_time": 1620099970.9182196}
INFO:ccdag_utils.py:runtime_stat:{"task_name": "storeclass8", "event": "queue_start_process", "filename": "resnet0_storeclass8_695imgmongoosejobid0.JPEG", "unix_time": 1620099970.9188128}
DEBUG:transfer.py:sshpass -p PASSWORD scp -P 5000 -o StrictHostKeyChecking=no /jupiter/circe_output/storeclass8_lccenc8_423imgmongoosejobid0.JPEG root@10.111.196.99:/jupiter/circe_input/
INFO:ccdag_utils.py:runtime_stat:{"task_name": "storeclass8", "event": "queue_end_process", "filename": "storeclass8_lccenc8_695imgmongoosejobid0.JPEG", "unix_time": 1620099970.9251533}
Warning: Permanently added '[10.111.196.99]:5000' (ECDSA) to the list of known hosts.
DEBUG:transfer.py:transfer successful!
INFO:circe.py:runtime_stat:{"task_name": "circe", "event": "new_output_file", "filename": "storeclass8_lccenc8_695imgmongoosejobid0.JPEG", "unix_time": 1620099971.1509497}
DEBUG:transfer.py:sshpass -p PASSWORD scp -P 5000 -o StrictHostKeyChecking=no /jupiter/circe_output/storeclass8_lccenc8_695imgmongoosejobid0.JPEG root@10.111.196.99:/jupiter/circe_input/
DEBUG:transfer.py:transfer successful!
INFO:circe.py:runtime_stat:{"task_name": "circe", "event": "new_input_file", "filename": "resnet6_storeclass8_106imgmongoosejobid5.JPEG", "unix_time": 1620102679.2187803}
INFO:ccdag_utils.py:runtime_stat:{"task_name": "storeclass8", "event": "queue_start_process", "filename": "resnet6_storeclass8_106imgmongoosejobid5.JPEG", "unix_time": 1620102679.8076835}
INFO:ccdag_utils.py:runtime_stat:{"task_name": "storeclass8", "event": "queue_end_process", "filename": "storeclass8_lccenc8_106imgmongoosejobid5.JPEG", "unix_time": 1620102679.8157127}
INFO:circe.py:runtime_stat:{"task_name": "circe", "event": "new_output_file", "filename": "storeclass8_lccenc8_106imgmongoosejobid5.JPEG", "unix_time": 1620102679.8172867}
DEBUG:transfer.py:sshpass -p PASSWORD scp -P 5000 -o StrictHostKeyChecking=no /jupiter/circe_output/storeclass8_lccenc8_106imgmongoosejobid5.JPEG root@10.111.196.99:/jupiter/circe_input/
DEBUG:transfer.py:transfer successful!
INFO:circe.py:runtime_stat:{"task_name": "circe", "event": "new_input_file", "filename": "resnet0_storeclass8_511imgmongoosejobid9.JPEG", "unix_time": 1620104841.1425982}
INFO:ccdag_utils.py:runtime_stat:{"task_name": "storeclass8", "event": "queue_start_process", "filename": "resnet0_storeclass8_511imgmongoosejobid9.JPEG", "unix_time": 1620104842.081376}
INFO:ccdag_utils.py:runtime_stat:{"task_name": "storeclass8", "event": "queue_end_process", "filename": "storeclass8_lccenc8_511imgmongoosejobid9.JPEG", "unix_time": 1620104842.0860512}
INFO:circe.py:runtime_stat:{"task_name": "circe", "event": "new_output_file", "filename": "storeclass8_lccenc8_511imgmongoosejobid9.JPEG", "unix_time": 1620104842.087104}
DEBUG:transfer.py:sshpass -p PASSWORD scp -P 5000 -o StrictHostKeyChecking=no /jupiter/circe_output/storeclass8_lccenc8_511imgmongoosejobid9.JPEG root@10.111.196.99:/jupiter/circe_input/
DEBUG:transfer.py:transfer successful!
