 * Starting OpenBSD Secure Shell server sshd
   ...done.
INFO:circe.py:Using base script storeclass.py
DEBUG:circe.py:starting the input monitoring process
DEBUG:circe.py:starting the output monitoring process
INFO:circe.py:runtime_stat:{"task_name": "circe", "event": "new_input_file", "filename": "resnet7_storeclass4_511imgtigerjobid1.JPEG", "unix_time": 1620100518.3734848}
INFO:circe.py:runtime_stat:{"task_name": "circe", "event": "new_input_file", "filename": "resnet2_storeclass4_920imgtigerjobid1.JPEG", "unix_time": 1620100518.562741}
INFO:ccdag_utils.py:runtime_stat:{"task_name": "storeclass4", "event": "queue_start_process", "filename": "resnet7_storeclass4_511imgtigerjobid1.JPEG", "unix_time": 1620100519.224493}
INFO:ccdag_utils.py:runtime_stat:{"task_name": "storeclass4", "event": "queue_end_process", "filename": "storeclass4_lccenc4_511imgtigerjobid1.JPEG", "unix_time": 1620100519.2343247}
INFO:circe.py:runtime_stat:{"task_name": "circe", "event": "new_output_file", "filename": "storeclass4_lccenc4_511imgtigerjobid1.JPEG", "unix_time": 1620100519.2349427}
INFO:ccdag_utils.py:runtime_stat:{"task_name": "storeclass4", "event": "queue_start_process", "filename": "resnet2_storeclass4_920imgtigerjobid1.JPEG", "unix_time": 1620100519.2359025}
DEBUG:transfer.py:sshpass -p PASSWORD scp -P 5000 -o StrictHostKeyChecking=no /jupiter/circe_output/storeclass4_lccenc4_511imgtigerjobid1.JPEG root@10.96.254.183:/jupiter/circe_input/
INFO:ccdag_utils.py:runtime_stat:{"task_name": "storeclass4", "event": "queue_end_process", "filename": "storeclass4_lccenc4_920imgtigerjobid1.JPEG", "unix_time": 1620100519.2472708}
Warning: Permanently added '[10.96.254.183]:5000' (ECDSA) to the list of known hosts.
DEBUG:transfer.py:transfer successful!
INFO:circe.py:runtime_stat:{"task_name": "circe", "event": "new_output_file", "filename": "storeclass4_lccenc4_920imgtigerjobid1.JPEG", "unix_time": 1620100519.467419}
DEBUG:transfer.py:sshpass -p PASSWORD scp -P 5000 -o StrictHostKeyChecking=no /jupiter/circe_output/storeclass4_lccenc4_920imgtigerjobid1.JPEG root@10.96.254.183:/jupiter/circe_input/
DEBUG:transfer.py:transfer successful!
INFO:circe.py:runtime_stat:{"task_name": "circe", "event": "new_input_file", "filename": "resnet3_storeclass4_1130imgtigerjobid2.JPEG", "unix_time": 1620101046.085831}
INFO:circe.py:runtime_stat:{"task_name": "circe", "event": "new_input_file", "filename": "resnet7_storeclass4_1078imgtigerjobid2.JPEG", "unix_time": 1620101046.445972}
INFO:ccdag_utils.py:runtime_stat:{"task_name": "storeclass4", "event": "queue_start_process", "filename": "resnet3_storeclass4_1130imgtigerjobid2.JPEG", "unix_time": 1620101046.7944498}
INFO:ccdag_utils.py:runtime_stat:{"task_name": "storeclass4", "event": "queue_end_process", "filename": "storeclass4_lccenc4_1130imgtigerjobid2.JPEG", "unix_time": 1620101046.8048155}
INFO:ccdag_utils.py:runtime_stat:{"task_name": "storeclass4", "event": "queue_start_process", "filename": "resnet7_storeclass4_1078imgtigerjobid2.JPEG", "unix_time": 1620101046.8062031}
INFO:circe.py:runtime_stat:{"task_name": "circe", "event": "new_output_file", "filename": "storeclass4_lccenc4_1130imgtigerjobid2.JPEG", "unix_time": 1620101046.8079793}
DEBUG:transfer.py:sshpass -p PASSWORD scp -P 5000 -o StrictHostKeyChecking=no /jupiter/circe_output/storeclass4_lccenc4_1130imgtigerjobid2.JPEG root@10.96.254.183:/jupiter/circe_input/
INFO:ccdag_utils.py:runtime_stat:{"task_name": "storeclass4", "event": "queue_end_process", "filename": "storeclass4_lccenc4_1078imgtigerjobid2.JPEG", "unix_time": 1620101046.8168523}
DEBUG:transfer.py:transfer successful!
INFO:circe.py:runtime_stat:{"task_name": "circe", "event": "new_output_file", "filename": "storeclass4_lccenc4_1078imgtigerjobid2.JPEG", "unix_time": 1620101047.041207}
DEBUG:transfer.py:sshpass -p PASSWORD scp -P 5000 -o StrictHostKeyChecking=no /jupiter/circe_output/storeclass4_lccenc4_1078imgtigerjobid2.JPEG root@10.96.254.183:/jupiter/circe_input/
DEBUG:transfer.py:transfer successful!
INFO:circe.py:runtime_stat:{"task_name": "circe", "event": "new_input_file", "filename": "resnet2_storeclass4_426imgtigerjobid3.JPEG", "unix_time": 1620101598.3484046}
INFO:ccdag_utils.py:runtime_stat:{"task_name": "storeclass4", "event": "queue_start_process", "filename": "resnet2_storeclass4_426imgtigerjobid3.JPEG", "unix_time": 1620101598.39227}
INFO:ccdag_utils.py:runtime_stat:{"task_name": "storeclass4", "event": "queue_end_process", "filename": "storeclass4_lccenc4_426imgtigerjobid3.JPEG", "unix_time": 1620101598.4010713}
INFO:circe.py:runtime_stat:{"task_name": "circe", "event": "new_output_file", "filename": "storeclass4_lccenc4_426imgtigerjobid3.JPEG", "unix_time": 1620101598.4023294}
DEBUG:transfer.py:sshpass -p PASSWORD scp -P 5000 -o StrictHostKeyChecking=no /jupiter/circe_output/storeclass4_lccenc4_426imgtigerjobid3.JPEG root@10.96.254.183:/jupiter/circe_input/
INFO:circe.py:runtime_stat:{"task_name": "circe", "event": "new_input_file", "filename": "resnet4_storeclass4_714imgtigerjobid3.JPEG", "unix_time": 1620101598.4257271}
DEBUG:transfer.py:transfer successful!
INFO:ccdag_utils.py:runtime_stat:{"task_name": "storeclass4", "event": "queue_start_process", "filename": "resnet4_storeclass4_714imgtigerjobid3.JPEG", "unix_time": 1620101599.4029665}
INFO:ccdag_utils.py:runtime_stat:{"task_name": "storeclass4", "event": "queue_end_process", "filename": "storeclass4_lccenc4_714imgtigerjobid3.JPEG", "unix_time": 1620101599.4126825}
INFO:circe.py:runtime_stat:{"task_name": "circe", "event": "new_output_file", "filename": "storeclass4_lccenc4_714imgtigerjobid3.JPEG", "unix_time": 1620101599.4143565}
DEBUG:transfer.py:sshpass -p PASSWORD scp -P 5000 -o StrictHostKeyChecking=no /jupiter/circe_output/storeclass4_lccenc4_714imgtigerjobid3.JPEG root@10.96.254.183:/jupiter/circe_input/
DEBUG:transfer.py:transfer successful!
INFO:circe.py:runtime_stat:{"task_name": "circe", "event": "new_input_file", "filename": "resnet4_storeclass4_1043imgtigerjobid4.JPEG", "unix_time": 1620102130.5676415}
INFO:circe.py:runtime_stat:{"task_name": "circe", "event": "new_input_file", "filename": "resnet2_storeclass4_729imgtigerjobid4.JPEG", "unix_time": 1620102130.6678538}
INFO:ccdag_utils.py:runtime_stat:{"task_name": "storeclass4", "event": "queue_start_process", "filename": "resnet4_storeclass4_1043imgtigerjobid4.JPEG", "unix_time": 1620102130.9551609}
INFO:ccdag_utils.py:runtime_stat:{"task_name": "storeclass4", "event": "queue_end_process", "filename": "storeclass4_lccenc4_1043imgtigerjobid4.JPEG", "unix_time": 1620102130.957039}
INFO:ccdag_utils.py:runtime_stat:{"task_name": "storeclass4", "event": "queue_start_process", "filename": "resnet2_storeclass4_729imgtigerjobid4.JPEG", "unix_time": 1620102130.9573214}
INFO:circe.py:runtime_stat:{"task_name": "circe", "event": "new_output_file", "filename": "storeclass4_lccenc4_1043imgtigerjobid4.JPEG", "unix_time": 1620102130.9581537}
DEBUG:transfer.py:sshpass -p PASSWORD scp -P 5000 -o StrictHostKeyChecking=no /jupiter/circe_output/storeclass4_lccenc4_1043imgtigerjobid4.JPEG root@10.96.254.183:/jupiter/circe_input/
INFO:ccdag_utils.py:runtime_stat:{"task_name": "storeclass4", "event": "queue_end_process", "filename": "storeclass4_lccenc4_729imgtigerjobid4.JPEG", "unix_time": 1620102130.9685888}
DEBUG:transfer.py:transfer successful!
INFO:circe.py:runtime_stat:{"task_name": "circe", "event": "new_output_file", "filename": "storeclass4_lccenc4_729imgtigerjobid4.JPEG", "unix_time": 1620102131.1804044}
DEBUG:transfer.py:sshpass -p PASSWORD scp -P 5000 -o StrictHostKeyChecking=no /jupiter/circe_output/storeclass4_lccenc4_729imgtigerjobid4.JPEG root@10.96.254.183:/jupiter/circe_input/
DEBUG:transfer.py:transfer successful!
