 * Starting OpenBSD Secure Shell server sshd
   ...done.
INFO:circe.py:Using base script lccenc.py
DEBUG:circe.py:starting the input monitoring process
3
DEBUG:circe.py:starting the output monitoring process
INFO:circe.py:runtime_stat:{"task_name": "circe", "event": "new_input_file", "filename": "storeclass3_lccenc3_985imgwhitewolfjobid0.JPEG", "unix_time": 1620099971.1483433}
INFO:circe.py:runtime_stat:{"task_name": "circe", "event": "new_input_file", "filename": "storeclass3_lccenc3_1082imgwhitewolfjobid2.JPEG", "unix_time": 1620101047.3403063}
INFO:circe.py:runtime_stat:{"task_name": "circe", "event": "new_input_file", "filename": "storeclass3_lccenc3_1166imgwhitewolfjobid3.JPEG", "unix_time": 1620101598.8852532}
INFO:circe.py:runtime_stat:{"task_name": "circe", "event": "new_input_file", "filename": "storeclass3_lccenc3_214imgwhitewolfjobid4.JPEG", "unix_time": 1620102131.4651637}
INFO:circe.py:runtime_stat:{"task_name": "circe", "event": "new_input_file", "filename": "storeclass3_lccenc3_624imgwhitewolfjobid5.JPEG", "unix_time": 1620102681.0578663}
INFO:circe.py:runtime_stat:{"task_name": "circe", "event": "new_input_file", "filename": "storeclass3_lccenc3_1191imgwhitewolfjobid6.JPEG", "unix_time": 1620103207.6225057}
INFO:ccdag_utils.py:runtime_stat:{"task_name": "lccenc3", "event": "queue_start_process", "filename": "storeclass3_lccenc3_985imgwhitewolfjobid0.JPEG", "unix_time": 1620103208.0553641}
INFO:ccdag_utils.py:runtime_stat:{"task_name": "lccenc3", "event": "queue_start_process", "filename": "storeclass3_lccenc3_1082imgwhitewolfjobid2.JPEG", "unix_time": 1620103208.0558426}
INFO:ccdag_utils.py:runtime_stat:{"task_name": "lccenc3", "event": "queue_start_process", "filename": "storeclass3_lccenc3_1166imgwhitewolfjobid3.JPEG", "unix_time": 1620103208.0562015}
INFO:ccdag_utils.py:runtime_stat:{"task_name": "lccenc3", "event": "queue_start_process", "filename": "storeclass3_lccenc3_214imgwhitewolfjobid4.JPEG", "unix_time": 1620103208.0565064}
INFO:ccdag_utils.py:runtime_stat:{"task_name": "lccenc3", "event": "queue_start_process", "filename": "storeclass3_lccenc3_624imgwhitewolfjobid5.JPEG", "unix_time": 1620103208.0567982}
INFO:ccdag_utils.py:runtime_stat:{"task_name": "lccenc3", "event": "queue_start_process", "filename": "storeclass3_lccenc3_1191imgwhitewolfjobid6.JPEG", "unix_time": 1620103208.057084}
INFO:ccdag_utils.py:runtime_stat:{"task_name": "lccenc3", "event": "queue_end_process", "filename": "lccenc3_score3a_2#985-2#1082-2#1166-2#214-2#624-2#1191jobid1.csv", "unix_time": 1620103209.2675543}
INFO:circe.py:runtime_stat:{"task_name": "circe", "event": "new_output_file", "filename": "lccenc3_score3a_2#985-2#1082-2#1166-2#214-2#624-2#1191jobid1.csv", "unix_time": 1620103209.268635}
DEBUG:transfer.py:sshpass -p PASSWORD scp -P 5000 -o StrictHostKeyChecking=no /jupiter/circe_output/lccenc3_score3a_2#985-2#1082-2#1166-2#214-2#624-2#1191jobid1.csv root@10.108.221.34:/jupiter/circe_input/
Warning: Permanently added '[10.108.221.34]:5000' (ECDSA) to the list of known hosts.
DEBUG:transfer.py:transfer successful!
INFO:ccdag_utils.py:runtime_stat:{"task_name": "lccenc3", "event": "queue_end_process", "filename": "lccenc3_score3b_2#985-2#1082-2#1166-2#214-2#624-2#1191jobid1.csv", "unix_time": 1620103210.2577481}
INFO:circe.py:runtime_stat:{"task_name": "circe", "event": "new_output_file", "filename": "lccenc3_score3b_2#985-2#1082-2#1166-2#214-2#624-2#1191jobid1.csv", "unix_time": 1620103210.2586021}
DEBUG:transfer.py:sshpass -p PASSWORD scp -P 5000 -o StrictHostKeyChecking=no /jupiter/circe_output/lccenc3_score3b_2#985-2#1082-2#1166-2#214-2#624-2#1191jobid1.csv root@10.105.123.173:/jupiter/circe_input/
Warning: Permanently added '[10.105.123.173]:5000' (ECDSA) to the list of known hosts.
DEBUG:transfer.py:transfer successful!
INFO:ccdag_utils.py:runtime_stat:{"task_name": "lccenc3", "event": "queue_end_process", "filename": "lccenc3_score3c_2#985-2#1082-2#1166-2#214-2#624-2#1191jobid1.csv", "unix_time": 1620103211.2447262}
INFO:circe.py:runtime_stat:{"task_name": "circe", "event": "new_output_file", "filename": "lccenc3_score3c_2#985-2#1082-2#1166-2#214-2#624-2#1191jobid1.csv", "unix_time": 1620103211.2455328}
DEBUG:transfer.py:sshpass -p PASSWORD scp -P 5000 -o StrictHostKeyChecking=no /jupiter/circe_output/lccenc3_score3c_2#985-2#1082-2#1166-2#214-2#624-2#1191jobid1.csv root@10.106.58.120:/jupiter/circe_input/
Warning: Permanently added '[10.106.58.120]:5000' (ECDSA) to the list of known hosts.
DEBUG:transfer.py:transfer successful!
INFO:circe.py:runtime_stat:{"task_name": "circe", "event": "new_input_file", "filename": "storeclass3_lccenc3_131imgwhitewolfjobid8.JPEG", "unix_time": 1620104288.762945}
INFO:circe.py:runtime_stat:{"task_name": "circe", "event": "new_input_file", "filename": "storeclass3_lccenc3_42imgwhitewolfjobid9.JPEG", "unix_time": 1620104842.3217423}
