 * Starting OpenBSD Secure Shell server sshd
   ...done.
INFO:circe.py:Using base script lccenc.py
DEBUG:circe.py:starting the input monitoring process
DEBUG:circe.py:starting the output monitoring process
2
INFO:circe.py:runtime_stat:{"task_name": "circe", "event": "new_input_file", "filename": "storeclass2_lccenc2_567imgschoolbusjobid6.JPEG", "unix_time": 1620183503.5037463}
INFO:circe.py:runtime_stat:{"task_name": "circe", "event": "new_input_file", "filename": "storeclass2_lccenc2_749imgschoolbusjobid6.JPEG", "unix_time": 1620183504.5153098}
INFO:circe.py:runtime_stat:{"task_name": "circe", "event": "new_input_file", "filename": "storeclass2_lccenc2_83imgschoolbusjobid7.JPEG", "unix_time": 1620183984.0016847}
INFO:circe.py:runtime_stat:{"task_name": "circe", "event": "new_input_file", "filename": "storeclass2_lccenc2_689imgschoolbusjobid7.JPEG", "unix_time": 1620183984.2237527}
INFO:circe.py:runtime_stat:{"task_name": "circe", "event": "new_input_file", "filename": "storeclass2_lccenc2_503imgschoolbusjobid7.JPEG", "unix_time": 1620183986.068098}
INFO:circe.py:runtime_stat:{"task_name": "circe", "event": "new_input_file", "filename": "storeclass2_lccenc2_1184imgschoolbusjobid8.JPEG", "unix_time": 1620184584.677964}
INFO:ccdag_utils.py:runtime_stat:{"task_name": "lccenc2", "event": "queue_start_process", "filename": "storeclass2_lccenc2_567imgschoolbusjobid6.JPEG", "unix_time": 1620184584.91987}
INFO:ccdag_utils.py:runtime_stat:{"task_name": "lccenc2", "event": "queue_start_process", "filename": "storeclass2_lccenc2_749imgschoolbusjobid6.JPEG", "unix_time": 1620184584.9203565}
INFO:ccdag_utils.py:runtime_stat:{"task_name": "lccenc2", "event": "queue_start_process", "filename": "storeclass2_lccenc2_83imgschoolbusjobid7.JPEG", "unix_time": 1620184584.9207344}
INFO:ccdag_utils.py:runtime_stat:{"task_name": "lccenc2", "event": "queue_start_process", "filename": "storeclass2_lccenc2_689imgschoolbusjobid7.JPEG", "unix_time": 1620184584.9210768}
INFO:ccdag_utils.py:runtime_stat:{"task_name": "lccenc2", "event": "queue_start_process", "filename": "storeclass2_lccenc2_503imgschoolbusjobid7.JPEG", "unix_time": 1620184584.9213958}
INFO:ccdag_utils.py:runtime_stat:{"task_name": "lccenc2", "event": "queue_start_process", "filename": "storeclass2_lccenc2_1184imgschoolbusjobid8.JPEG", "unix_time": 1620184584.921725}
INFO:ccdag_utils.py:runtime_stat:{"task_name": "lccenc2", "event": "queue_end_process", "filename": "lccenc2_score2a_1#567-1#749-1#83-1#689-1#503-1#1184jobid1.csv", "unix_time": 1620184586.2231708}
INFO:circe.py:runtime_stat:{"task_name": "circe", "event": "new_output_file", "filename": "lccenc2_score2a_1#567-1#749-1#83-1#689-1#503-1#1184jobid1.csv", "unix_time": 1620184586.2239637}
DEBUG:transfer.py:sshpass -p PASSWORD scp -P 5000 -o StrictHostKeyChecking=no /jupiter/circe_output/lccenc2_score2a_1#567-1#749-1#83-1#689-1#503-1#1184jobid1.csv root@10.103.140.201:/jupiter/circe_input/
Warning: Permanently added '[10.103.140.201]:5000' (ECDSA) to the list of known hosts.
DEBUG:transfer.py:transfer successful!
INFO:ccdag_utils.py:runtime_stat:{"task_name": "lccenc2", "event": "queue_end_process", "filename": "lccenc2_score2b_1#567-1#749-1#83-1#689-1#503-1#1184jobid1.csv", "unix_time": 1620184587.2391255}
INFO:circe.py:runtime_stat:{"task_name": "circe", "event": "new_output_file", "filename": "lccenc2_score2b_1#567-1#749-1#83-1#689-1#503-1#1184jobid1.csv", "unix_time": 1620184587.240049}
DEBUG:transfer.py:sshpass -p PASSWORD scp -P 5000 -o StrictHostKeyChecking=no /jupiter/circe_output/lccenc2_score2b_1#567-1#749-1#83-1#689-1#503-1#1184jobid1.csv root@10.98.46.28:/jupiter/circe_input/
Warning: Permanently added '[10.98.46.28]:5000' (ECDSA) to the list of known hosts.
DEBUG:transfer.py:transfer successful!
INFO:ccdag_utils.py:runtime_stat:{"task_name": "lccenc2", "event": "queue_end_process", "filename": "lccenc2_score2c_1#567-1#749-1#83-1#689-1#503-1#1184jobid1.csv", "unix_time": 1620184588.2272055}
INFO:circe.py:runtime_stat:{"task_name": "circe", "event": "new_output_file", "filename": "lccenc2_score2c_1#567-1#749-1#83-1#689-1#503-1#1184jobid1.csv", "unix_time": 1620184588.2282004}
DEBUG:transfer.py:sshpass -p PASSWORD scp -P 5000 -o StrictHostKeyChecking=no /jupiter/circe_output/lccenc2_score2c_1#567-1#749-1#83-1#689-1#503-1#1184jobid1.csv root@10.111.89.130:/jupiter/circe_input/
Warning: Permanently added '[10.111.89.130]:5000' (ECDSA) to the list of known hosts.
DEBUG:transfer.py:transfer successful!
INFO:circe.py:runtime_stat:{"task_name": "circe", "event": "new_input_file", "filename": "storeclass2_lccenc2_236imgschoolbusjobid9.JPEG", "unix_time": 1620185065.2033267}
INFO:circe.py:runtime_stat:{"task_name": "circe", "event": "new_input_file", "filename": "storeclass2_lccenc2_923imgschoolbusjobid10.JPEG", "unix_time": 1620185664.829252}
INFO:circe.py:runtime_stat:{"task_name": "circe", "event": "new_input_file", "filename": "storeclass2_lccenc2_1163imgschoolbusjobid10.JPEG", "unix_time": 1620185665.0469747}
INFO:circe.py:runtime_stat:{"task_name": "circe", "event": "new_input_file", "filename": "storeclass2_lccenc2_1256imgschoolbusjobid10.JPEG", "unix_time": 1620185666.9029717}
