 * Starting OpenBSD Secure Shell server sshd
   ...done.
INFO:circe.py:Using base script storeclass.py
DEBUG:circe.py:starting the input monitoring process
DEBUG:circe.py:starting the output monitoring process
INFO:circe.py:runtime_stat:{"task_name": "circe", "event": "new_input_file", "filename": "resnet1_storeclass7_416imgleopardjobid0.JPEG", "unix_time": 1620180262.501765}
INFO:ccdag_utils.py:runtime_stat:{"task_name": "storeclass7", "event": "queue_start_process", "filename": "resnet1_storeclass7_416imgleopardjobid0.JPEG", "unix_time": 1620180263.493778}
INFO:ccdag_utils.py:runtime_stat:{"task_name": "storeclass7", "event": "queue_end_process", "filename": "storeclass7_lccenc7_416imgleopardjobid0.JPEG", "unix_time": 1620180263.4949286}
INFO:circe.py:runtime_stat:{"task_name": "circe", "event": "new_output_file", "filename": "storeclass7_lccenc7_416imgleopardjobid0.JPEG", "unix_time": 1620180263.496237}
DEBUG:transfer.py:sshpass -p PASSWORD scp -P 5000 -o StrictHostKeyChecking=no /jupiter/circe_output/storeclass7_lccenc7_416imgleopardjobid0.JPEG root@10.111.92.180:/jupiter/circe_input/
Warning: Permanently added '[10.111.92.180]:5000' (ECDSA) to the list of known hosts.
DEBUG:transfer.py:transfer successful!
INFO:circe.py:runtime_stat:{"task_name": "circe", "event": "new_input_file", "filename": "resnet0_storeclass7_493imgleopardjobid1.JPEG", "unix_time": 1620180740.4218779}
INFO:ccdag_utils.py:runtime_stat:{"task_name": "storeclass7", "event": "queue_start_process", "filename": "resnet0_storeclass7_493imgleopardjobid1.JPEG", "unix_time": 1620180740.9962869}
INFO:ccdag_utils.py:runtime_stat:{"task_name": "storeclass7", "event": "queue_end_process", "filename": "storeclass7_lccenc7_493imgleopardjobid1.JPEG", "unix_time": 1620180740.9980044}
INFO:circe.py:runtime_stat:{"task_name": "circe", "event": "new_output_file", "filename": "storeclass7_lccenc7_493imgleopardjobid1.JPEG", "unix_time": 1620180740.99975}
DEBUG:transfer.py:sshpass -p PASSWORD scp -P 5000 -o StrictHostKeyChecking=no /jupiter/circe_output/storeclass7_lccenc7_493imgleopardjobid1.JPEG root@10.111.92.180:/jupiter/circe_input/
DEBUG:transfer.py:transfer successful!
INFO:circe.py:runtime_stat:{"task_name": "circe", "event": "new_input_file", "filename": "resnet3_storeclass7_5imgleopardjobid1.JPEG", "unix_time": 1620180741.3455775}
INFO:circe.py:runtime_stat:{"task_name": "circe", "event": "new_input_file", "filename": "resnet6_storeclass7_251imgleopardjobid1.JPEG", "unix_time": 1620180741.6718159}
INFO:ccdag_utils.py:runtime_stat:{"task_name": "storeclass7", "event": "queue_start_process", "filename": "resnet3_storeclass7_5imgleopardjobid1.JPEG", "unix_time": 1620180741.999232}
INFO:ccdag_utils.py:runtime_stat:{"task_name": "storeclass7", "event": "queue_end_process", "filename": "storeclass7_lccenc7_5imgleopardjobid1.JPEG", "unix_time": 1620180742.0032716}
INFO:ccdag_utils.py:runtime_stat:{"task_name": "storeclass7", "event": "queue_start_process", "filename": "resnet6_storeclass7_251imgleopardjobid1.JPEG", "unix_time": 1620180742.0036745}
INFO:circe.py:runtime_stat:{"task_name": "circe", "event": "new_output_file", "filename": "storeclass7_lccenc7_5imgleopardjobid1.JPEG", "unix_time": 1620180742.0053904}
DEBUG:transfer.py:sshpass -p PASSWORD scp -P 5000 -o StrictHostKeyChecking=no /jupiter/circe_output/storeclass7_lccenc7_5imgleopardjobid1.JPEG root@10.111.92.180:/jupiter/circe_input/
INFO:ccdag_utils.py:runtime_stat:{"task_name": "storeclass7", "event": "queue_end_process", "filename": "storeclass7_lccenc7_251imgleopardjobid1.JPEG", "unix_time": 1620180742.0115728}
DEBUG:transfer.py:transfer successful!
INFO:circe.py:runtime_stat:{"task_name": "circe", "event": "new_output_file", "filename": "storeclass7_lccenc7_251imgleopardjobid1.JPEG", "unix_time": 1620180742.2261178}
DEBUG:transfer.py:sshpass -p PASSWORD scp -P 5000 -o StrictHostKeyChecking=no /jupiter/circe_output/storeclass7_lccenc7_251imgleopardjobid1.JPEG root@10.111.92.180:/jupiter/circe_input/
DEBUG:transfer.py:transfer successful!
INFO:circe.py:runtime_stat:{"task_name": "circe", "event": "new_input_file", "filename": "resnet4_storeclass7_1192imgleopardjobid2.JPEG", "unix_time": 1620181342.507356}
INFO:ccdag_utils.py:runtime_stat:{"task_name": "storeclass7", "event": "queue_start_process", "filename": "resnet4_storeclass7_1192imgleopardjobid2.JPEG", "unix_time": 1620181342.6297894}
INFO:circe.py:runtime_stat:{"task_name": "circe", "event": "new_output_file", "filename": "storeclass7_lccenc7_1192imgleopardjobid2.JPEG", "unix_time": 1620181342.6364992}
DEBUG:transfer.py:sshpass -p PASSWORD scp -P 5000 -o StrictHostKeyChecking=no /jupiter/circe_output/storeclass7_lccenc7_1192imgleopardjobid2.JPEG root@10.111.92.180:/jupiter/circe_input/
INFO:ccdag_utils.py:runtime_stat:{"task_name": "storeclass7", "event": "queue_end_process", "filename": "storeclass7_lccenc7_1192imgleopardjobid2.JPEG", "unix_time": 1620181342.6373825}
DEBUG:transfer.py:transfer successful!
INFO:circe.py:runtime_stat:{"task_name": "circe", "event": "new_input_file", "filename": "resnet3_storeclass7_722imgleopardjobid5.JPEG", "unix_time": 1620182902.8208141}
INFO:ccdag_utils.py:runtime_stat:{"task_name": "storeclass7", "event": "queue_start_process", "filename": "resnet3_storeclass7_722imgleopardjobid5.JPEG", "unix_time": 1620182903.3126543}
INFO:ccdag_utils.py:runtime_stat:{"task_name": "storeclass7", "event": "queue_end_process", "filename": "storeclass7_lccenc7_722imgleopardjobid5.JPEG", "unix_time": 1620182903.322791}
INFO:circe.py:runtime_stat:{"task_name": "circe", "event": "new_output_file", "filename": "storeclass7_lccenc7_722imgleopardjobid5.JPEG", "unix_time": 1620182903.323944}
DEBUG:transfer.py:sshpass -p PASSWORD scp -P 5000 -o StrictHostKeyChecking=no /jupiter/circe_output/storeclass7_lccenc7_722imgleopardjobid5.JPEG root@10.111.92.180:/jupiter/circe_input/
DEBUG:transfer.py:transfer successful!
INFO:circe.py:runtime_stat:{"task_name": "circe", "event": "new_input_file", "filename": "resnet5_storeclass7_282imgleopardjobid6.JPEG", "unix_time": 1620183503.224635}
INFO:ccdag_utils.py:runtime_stat:{"task_name": "storeclass7", "event": "queue_start_process", "filename": "resnet5_storeclass7_282imgleopardjobid6.JPEG", "unix_time": 1620183503.9603143}
INFO:ccdag_utils.py:runtime_stat:{"task_name": "storeclass7", "event": "queue_end_process", "filename": "storeclass7_lccenc7_282imgleopardjobid6.JPEG", "unix_time": 1620183503.9671059}
INFO:circe.py:runtime_stat:{"task_name": "circe", "event": "new_output_file", "filename": "storeclass7_lccenc7_282imgleopardjobid6.JPEG", "unix_time": 1620183503.9680767}
DEBUG:transfer.py:sshpass -p PASSWORD scp -P 5000 -o StrictHostKeyChecking=no /jupiter/circe_output/storeclass7_lccenc7_282imgleopardjobid6.JPEG root@10.111.92.180:/jupiter/circe_input/
DEBUG:transfer.py:transfer successful!
