 * Starting OpenBSD Secure Shell server sshd
   ...done.
INFO:circe.py:Using base script storeclass.py
DEBUG:circe.py:starting the input monitoring process
DEBUG:circe.py:starting the output monitoring process
INFO:circe.py:runtime_stat:{"task_name": "circe", "event": "new_input_file", "filename": "resnet0_storeclass6_154imgpersiancatjobid6.JPEG", "unix_time": 1620183502.4825008}
INFO:circe.py:runtime_stat:{"task_name": "circe", "event": "new_input_file", "filename": "resnet3_storeclass6_25imgpersiancatjobid6.JPEG", "unix_time": 1620183502.7396169}
INFO:ccdag_utils.py:runtime_stat:{"task_name": "storeclass6", "event": "queue_start_process", "filename": "resnet0_storeclass6_154imgpersiancatjobid6.JPEG", "unix_time": 1620183502.8363585}
INFO:ccdag_utils.py:runtime_stat:{"task_name": "storeclass6", "event": "queue_end_process", "filename": "storeclass6_lccenc6_154imgpersiancatjobid6.JPEG", "unix_time": 1620183502.8396814}
INFO:ccdag_utils.py:runtime_stat:{"task_name": "storeclass6", "event": "queue_start_process", "filename": "resnet3_storeclass6_25imgpersiancatjobid6.JPEG", "unix_time": 1620183502.840019}
INFO:circe.py:runtime_stat:{"task_name": "circe", "event": "new_output_file", "filename": "storeclass6_lccenc6_154imgpersiancatjobid6.JPEG", "unix_time": 1620183502.8407283}
DEBUG:transfer.py:sshpass -p PASSWORD scp -P 5000 -o StrictHostKeyChecking=no /jupiter/circe_output/storeclass6_lccenc6_154imgpersiancatjobid6.JPEG root@10.96.125.54:/jupiter/circe_input/
INFO:ccdag_utils.py:runtime_stat:{"task_name": "storeclass6", "event": "queue_end_process", "filename": "storeclass6_lccenc6_25imgpersiancatjobid6.JPEG", "unix_time": 1620183502.8465543}
Warning: Permanently added '[10.96.125.54]:5000' (ECDSA) to the list of known hosts.
DEBUG:transfer.py:transfer successful!
INFO:circe.py:runtime_stat:{"task_name": "circe", "event": "new_output_file", "filename": "storeclass6_lccenc6_25imgpersiancatjobid6.JPEG", "unix_time": 1620183503.0585537}
DEBUG:transfer.py:sshpass -p PASSWORD scp -P 5000 -o StrictHostKeyChecking=no /jupiter/circe_output/storeclass6_lccenc6_25imgpersiancatjobid6.JPEG root@10.96.125.54:/jupiter/circe_input/
DEBUG:transfer.py:transfer successful!
INFO:circe.py:runtime_stat:{"task_name": "circe", "event": "new_input_file", "filename": "resnet1_storeclass6_497imgpersiancatjobid10.JPEG", "unix_time": 1620185663.9597259}
INFO:ccdag_utils.py:runtime_stat:{"task_name": "storeclass6", "event": "queue_start_process", "filename": "resnet1_storeclass6_497imgpersiancatjobid10.JPEG", "unix_time": 1620185664.1200914}
INFO:ccdag_utils.py:runtime_stat:{"task_name": "storeclass6", "event": "queue_end_process", "filename": "storeclass6_lccenc6_497imgpersiancatjobid10.JPEG", "unix_time": 1620185664.124474}
INFO:circe.py:runtime_stat:{"task_name": "circe", "event": "new_output_file", "filename": "storeclass6_lccenc6_497imgpersiancatjobid10.JPEG", "unix_time": 1620185664.125403}
DEBUG:transfer.py:sshpass -p PASSWORD scp -P 5000 -o StrictHostKeyChecking=no /jupiter/circe_output/storeclass6_lccenc6_497imgpersiancatjobid10.JPEG root@10.96.125.54:/jupiter/circe_input/
DEBUG:transfer.py:transfer successful!
