 * Starting OpenBSD Secure Shell server sshd
   ...done.
INFO:circe.py:Using base script preagg.py
DEBUG:circe.py:starting the input monitoring process
DEBUG:circe.py:starting the output monitoring process
7
INFO:circe.py:runtime_stat:{"task_name": "circe", "event": "new_input_file", "filename": "score7b_preagg7_1jobth6#416-6#493-6#5-6#251-6#1192-6#722", "unix_time": 1620182909.1056638}
INFO:ccdag_utils.py:runtime_stat:{"task_name": "preagg7", "event": "queue_start_process", "filename": "score7b_preagg7_1jobth6#416-6#493-6#5-6#251-6#1192-6#722", "unix_time": 1620182909.6551387}
INFO:circe.py:runtime_stat:{"task_name": "circe", "event": "new_input_file", "filename": "score7c_preagg7_1jobth6#416-6#493-6#5-6#251-6#1192-6#722", "unix_time": 1620182910.2447212}
INFO:ccdag_utils.py:runtime_stat:{"task_name": "preagg7", "event": "queue_start_process", "filename": "score7c_preagg7_1jobth6#416-6#493-6#5-6#251-6#1192-6#722", "unix_time": 1620182910.7274954}
INFO:circe.py:runtime_stat:{"task_name": "circe", "event": "new_input_file", "filename": "score7a_preagg7_1jobth6#416-6#493-6#5-6#251-6#1192-6#722", "unix_time": 1620182913.1157722}
INFO:ccdag_utils.py:runtime_stat:{"task_name": "preagg7", "event": "queue_start_process", "filename": "score7a_preagg7_1jobth6#416-6#493-6#5-6#251-6#1192-6#722", "unix_time": 1620182913.793881}
preagg7_lccdec7_1jobthscore7a6#416-6#493-6#5-6#251-6#1192-6#722
INFO:circe.py:runtime_stat:{"task_name": "circe", "event": "new_output_file", "filename": "preagg7_lccdec7_1jobthscore7a6#416-6#493-6#5-6#251-6#1192-6#722", "unix_time": 1620182913.866715}
DEBUG:transfer.py:sshpass -p PASSWORD scp -P 5000 -o StrictHostKeyChecking=no /jupiter/circe_output/preagg7_lccdec7_1jobthscore7a6#416-6#493-6#5-6#251-6#1192-6#722 root@10.103.222.8:/jupiter/circe_input/
INFO:ccdag_utils.py:runtime_stat:{"task_name": "preagg7", "event": "queue_end_process", "filename": "preagg7_lccdec7_1jobthscore7a6#416-6#493-6#5-6#251-6#1192-6#722", "unix_time": 1620182913.8731616}
preagg7_lccdec7_1jobthscore7b6#416-6#493-6#5-6#251-6#1192-6#722
INFO:ccdag_utils.py:runtime_stat:{"task_name": "preagg7", "event": "queue_end_process", "filename": "preagg7_lccdec7_1jobthscore7b6#416-6#493-6#5-6#251-6#1192-6#722", "unix_time": 1620182913.8792436}
preagg7_lccdec7_1jobthscore7c6#416-6#493-6#5-6#251-6#1192-6#722
INFO:ccdag_utils.py:runtime_stat:{"task_name": "preagg7", "event": "queue_end_process", "filename": "preagg7_lccdec7_1jobthscore7c6#416-6#493-6#5-6#251-6#1192-6#722", "unix_time": 1620182913.884492}
Warning: Permanently added '[10.103.222.8]:5000' (ECDSA) to the list of known hosts.
DEBUG:transfer.py:transfer successful!
INFO:circe.py:runtime_stat:{"task_name": "circe", "event": "new_output_file", "filename": "preagg7_lccdec7_1jobthscore7b6#416-6#493-6#5-6#251-6#1192-6#722", "unix_time": 1620182914.094359}
DEBUG:transfer.py:sshpass -p PASSWORD scp -P 5000 -o StrictHostKeyChecking=no /jupiter/circe_output/preagg7_lccdec7_1jobthscore7b6#416-6#493-6#5-6#251-6#1192-6#722 root@10.103.222.8:/jupiter/circe_input/
DEBUG:transfer.py:transfer successful!
INFO:circe.py:runtime_stat:{"task_name": "circe", "event": "new_output_file", "filename": "preagg7_lccdec7_1jobthscore7c6#416-6#493-6#5-6#251-6#1192-6#722", "unix_time": 1620182914.300252}
DEBUG:transfer.py:sshpass -p PASSWORD scp -P 5000 -o StrictHostKeyChecking=no /jupiter/circe_output/preagg7_lccdec7_1jobthscore7c6#416-6#493-6#5-6#251-6#1192-6#722 root@10.103.222.8:/jupiter/circe_input/
DEBUG:transfer.py:transfer successful!
