 * Starting OpenBSD Secure Shell server sshd
   ...done.
INFO:circe.py:Using base script storeclass.py
DEBUG:circe.py:starting the input monitoring process
DEBUG:circe.py:starting the output monitoring process
INFO:circe.py:runtime_stat:{"task_name": "circe", "event": "new_input_file", "filename": "resnet2_storeclass4_920imgtigerjobid1.JPEG", "unix_time": 1620180740.5018942}
INFO:ccdag_utils.py:runtime_stat:{"task_name": "storeclass4", "event": "queue_start_process", "filename": "resnet2_storeclass4_920imgtigerjobid1.JPEG", "unix_time": 1620180741.0122976}
INFO:ccdag_utils.py:runtime_stat:{"task_name": "storeclass4", "event": "queue_end_process", "filename": "storeclass4_lccenc4_920imgtigerjobid1.JPEG", "unix_time": 1620180741.022623}
INFO:circe.py:runtime_stat:{"task_name": "circe", "event": "new_output_file", "filename": "storeclass4_lccenc4_920imgtigerjobid1.JPEG", "unix_time": 1620180741.0242238}
DEBUG:transfer.py:sshpass -p PASSWORD scp -P 5000 -o StrictHostKeyChecking=no /jupiter/circe_output/storeclass4_lccenc4_920imgtigerjobid1.JPEG root@10.101.218.221:/jupiter/circe_input/
Warning: Permanently added '[10.101.218.221]:5000' (ECDSA) to the list of known hosts.
DEBUG:transfer.py:transfer successful!
INFO:circe.py:runtime_stat:{"task_name": "circe", "event": "new_input_file", "filename": "resnet7_storeclass4_511imgtigerjobid1.JPEG", "unix_time": 1620180742.1117811}
INFO:ccdag_utils.py:runtime_stat:{"task_name": "storeclass4", "event": "queue_start_process", "filename": "resnet7_storeclass4_511imgtigerjobid1.JPEG", "unix_time": 1620180743.0243049}
INFO:ccdag_utils.py:runtime_stat:{"task_name": "storeclass4", "event": "queue_end_process", "filename": "storeclass4_lccenc4_511imgtigerjobid1.JPEG", "unix_time": 1620180743.0257177}
INFO:circe.py:runtime_stat:{"task_name": "circe", "event": "new_output_file", "filename": "storeclass4_lccenc4_511imgtigerjobid1.JPEG", "unix_time": 1620180743.0268288}
DEBUG:transfer.py:sshpass -p PASSWORD scp -P 5000 -o StrictHostKeyChecking=no /jupiter/circe_output/storeclass4_lccenc4_511imgtigerjobid1.JPEG root@10.101.218.221:/jupiter/circe_input/
DEBUG:transfer.py:transfer successful!
INFO:circe.py:runtime_stat:{"task_name": "circe", "event": "new_input_file", "filename": "resnet3_storeclass4_1130imgtigerjobid2.JPEG", "unix_time": 1620181342.3415377}
INFO:ccdag_utils.py:runtime_stat:{"task_name": "storeclass4", "event": "queue_start_process", "filename": "resnet3_storeclass4_1130imgtigerjobid2.JPEG", "unix_time": 1620181342.6591928}
INFO:ccdag_utils.py:runtime_stat:{"task_name": "storeclass4", "event": "queue_end_process", "filename": "storeclass4_lccenc4_1130imgtigerjobid2.JPEG", "unix_time": 1620181342.6678224}
INFO:circe.py:runtime_stat:{"task_name": "circe", "event": "new_output_file", "filename": "storeclass4_lccenc4_1130imgtigerjobid2.JPEG", "unix_time": 1620181342.6688955}
DEBUG:transfer.py:sshpass -p PASSWORD scp -P 5000 -o StrictHostKeyChecking=no /jupiter/circe_output/storeclass4_lccenc4_1130imgtigerjobid2.JPEG root@10.101.218.221:/jupiter/circe_input/
DEBUG:transfer.py:transfer successful!
INFO:circe.py:runtime_stat:{"task_name": "circe", "event": "new_input_file", "filename": "resnet7_storeclass4_1078imgtigerjobid2.JPEG", "unix_time": 1620181344.0721686}
INFO:ccdag_utils.py:runtime_stat:{"task_name": "storeclass4", "event": "queue_start_process", "filename": "resnet7_storeclass4_1078imgtigerjobid2.JPEG", "unix_time": 1620181344.6699708}
INFO:circe.py:runtime_stat:{"task_name": "circe", "event": "new_output_file", "filename": "storeclass4_lccenc4_1078imgtigerjobid2.JPEG", "unix_time": 1620181344.6820862}
DEBUG:transfer.py:sshpass -p PASSWORD scp -P 5000 -o StrictHostKeyChecking=no /jupiter/circe_output/storeclass4_lccenc4_1078imgtigerjobid2.JPEG root@10.101.218.221:/jupiter/circe_input/
INFO:ccdag_utils.py:runtime_stat:{"task_name": "storeclass4", "event": "queue_end_process", "filename": "storeclass4_lccenc4_1078imgtigerjobid2.JPEG", "unix_time": 1620181344.6828313}
DEBUG:transfer.py:transfer successful!
INFO:circe.py:runtime_stat:{"task_name": "circe", "event": "new_input_file", "filename": "resnet2_storeclass4_426imgtigerjobid3.JPEG", "unix_time": 1620181822.2061791}
INFO:ccdag_utils.py:runtime_stat:{"task_name": "storeclass4", "event": "queue_start_process", "filename": "resnet2_storeclass4_426imgtigerjobid3.JPEG", "unix_time": 1620181823.184691}
INFO:ccdag_utils.py:runtime_stat:{"task_name": "storeclass4", "event": "queue_end_process", "filename": "storeclass4_lccenc4_426imgtigerjobid3.JPEG", "unix_time": 1620181823.1933517}
INFO:circe.py:runtime_stat:{"task_name": "circe", "event": "new_output_file", "filename": "storeclass4_lccenc4_426imgtigerjobid3.JPEG", "unix_time": 1620181823.1943123}
DEBUG:transfer.py:sshpass -p PASSWORD scp -P 5000 -o StrictHostKeyChecking=no /jupiter/circe_output/storeclass4_lccenc4_426imgtigerjobid3.JPEG root@10.101.218.221:/jupiter/circe_input/
INFO:circe.py:runtime_stat:{"task_name": "circe", "event": "new_input_file", "filename": "resnet4_storeclass4_714imgtigerjobid3.JPEG", "unix_time": 1620181823.2864826}
DEBUG:transfer.py:transfer successful!
INFO:ccdag_utils.py:runtime_stat:{"task_name": "storeclass4", "event": "queue_start_process", "filename": "resnet4_storeclass4_714imgtigerjobid3.JPEG", "unix_time": 1620181824.195227}
INFO:ccdag_utils.py:runtime_stat:{"task_name": "storeclass4", "event": "queue_end_process", "filename": "storeclass4_lccenc4_714imgtigerjobid3.JPEG", "unix_time": 1620181824.2050452}
INFO:circe.py:runtime_stat:{"task_name": "circe", "event": "new_output_file", "filename": "storeclass4_lccenc4_714imgtigerjobid3.JPEG", "unix_time": 1620181824.2063682}
DEBUG:transfer.py:sshpass -p PASSWORD scp -P 5000 -o StrictHostKeyChecking=no /jupiter/circe_output/storeclass4_lccenc4_714imgtigerjobid3.JPEG root@10.101.218.221:/jupiter/circe_input/
DEBUG:transfer.py:transfer successful!
INFO:circe.py:runtime_stat:{"task_name": "circe", "event": "new_input_file", "filename": "resnet2_storeclass4_729imgtigerjobid4.JPEG", "unix_time": 1620182421.1600165}
INFO:ccdag_utils.py:runtime_stat:{"task_name": "storeclass4", "event": "queue_start_process", "filename": "resnet2_storeclass4_729imgtigerjobid4.JPEG", "unix_time": 1620182421.8283267}
INFO:circe.py:runtime_stat:{"task_name": "circe", "event": "new_output_file", "filename": "storeclass4_lccenc4_729imgtigerjobid4.JPEG", "unix_time": 1620182421.8334444}
DEBUG:transfer.py:sshpass -p PASSWORD scp -P 5000 -o StrictHostKeyChecking=no /jupiter/circe_output/storeclass4_lccenc4_729imgtigerjobid4.JPEG root@10.101.218.221:/jupiter/circe_input/
INFO:ccdag_utils.py:runtime_stat:{"task_name": "storeclass4", "event": "queue_end_process", "filename": "storeclass4_lccenc4_729imgtigerjobid4.JPEG", "unix_time": 1620182421.8370621}
DEBUG:transfer.py:transfer successful!
INFO:circe.py:runtime_stat:{"task_name": "circe", "event": "new_input_file", "filename": "resnet4_storeclass4_1043imgtigerjobid4.JPEG", "unix_time": 1620182422.169564}
INFO:ccdag_utils.py:runtime_stat:{"task_name": "storeclass4", "event": "queue_start_process", "filename": "resnet4_storeclass4_1043imgtigerjobid4.JPEG", "unix_time": 1620182422.8399088}
INFO:circe.py:runtime_stat:{"task_name": "circe", "event": "new_output_file", "filename": "storeclass4_lccenc4_1043imgtigerjobid4.JPEG", "unix_time": 1620182422.8439062}
DEBUG:transfer.py:sshpass -p PASSWORD scp -P 5000 -o StrictHostKeyChecking=no /jupiter/circe_output/storeclass4_lccenc4_1043imgtigerjobid4.JPEG root@10.101.218.221:/jupiter/circe_input/
INFO:ccdag_utils.py:runtime_stat:{"task_name": "storeclass4", "event": "queue_end_process", "filename": "storeclass4_lccenc4_1043imgtigerjobid4.JPEG", "unix_time": 1620182422.8447955}
DEBUG:transfer.py:transfer successful!
