 * Starting OpenBSD Secure Shell server sshd
   ...done.
INFO:circe.py:Using base script storeclass.py
DEBUG:circe.py:starting the input monitoring process
DEBUG:circe.py:starting the output monitoring process
INFO:circe.py:runtime_stat:{"task_name": "circe", "event": "new_input_file", "filename": "resnet2_storeclass2_567imgschoolbusjobid6.JPEG", "unix_time": 1620183502.8408265}
INFO:ccdag_utils.py:runtime_stat:{"task_name": "storeclass2", "event": "queue_start_process", "filename": "resnet2_storeclass2_567imgschoolbusjobid6.JPEG", "unix_time": 1620183503.2799745}
INFO:ccdag_utils.py:runtime_stat:{"task_name": "storeclass2", "event": "queue_end_process", "filename": "storeclass2_lccenc2_567imgschoolbusjobid6.JPEG", "unix_time": 1620183503.2826455}
INFO:circe.py:runtime_stat:{"task_name": "circe", "event": "new_output_file", "filename": "storeclass2_lccenc2_567imgschoolbusjobid6.JPEG", "unix_time": 1620183503.2841597}
DEBUG:transfer.py:sshpass -p PASSWORD scp -P 5000 -o StrictHostKeyChecking=no /jupiter/circe_output/storeclass2_lccenc2_567imgschoolbusjobid6.JPEG root@10.106.39.239:/jupiter/circe_input/
Warning: Permanently added '[10.106.39.239]:5000' (ECDSA) to the list of known hosts.
INFO:circe.py:runtime_stat:{"task_name": "circe", "event": "new_input_file", "filename": "resnet6_storeclass2_749imgschoolbusjobid6.JPEG", "unix_time": 1620183503.3865476}
DEBUG:transfer.py:transfer successful!
INFO:ccdag_utils.py:runtime_stat:{"task_name": "storeclass2", "event": "queue_start_process", "filename": "resnet6_storeclass2_749imgschoolbusjobid6.JPEG", "unix_time": 1620183504.2841141}
INFO:ccdag_utils.py:runtime_stat:{"task_name": "storeclass2", "event": "queue_end_process", "filename": "storeclass2_lccenc2_749imgschoolbusjobid6.JPEG", "unix_time": 1620183504.2907686}
INFO:circe.py:runtime_stat:{"task_name": "circe", "event": "new_output_file", "filename": "storeclass2_lccenc2_749imgschoolbusjobid6.JPEG", "unix_time": 1620183504.2917545}
DEBUG:transfer.py:sshpass -p PASSWORD scp -P 5000 -o StrictHostKeyChecking=no /jupiter/circe_output/storeclass2_lccenc2_749imgschoolbusjobid6.JPEG root@10.106.39.239:/jupiter/circe_input/
DEBUG:transfer.py:transfer successful!
INFO:circe.py:runtime_stat:{"task_name": "circe", "event": "new_input_file", "filename": "resnet0_storeclass2_83imgschoolbusjobid7.JPEG", "unix_time": 1620183983.2586439}
INFO:circe.py:runtime_stat:{"task_name": "circe", "event": "new_input_file", "filename": "resnet3_storeclass2_689imgschoolbusjobid7.JPEG", "unix_time": 1620183983.5018392}
INFO:ccdag_utils.py:runtime_stat:{"task_name": "storeclass2", "event": "queue_start_process", "filename": "resnet0_storeclass2_83imgschoolbusjobid7.JPEG", "unix_time": 1620183983.7898424}
INFO:ccdag_utils.py:runtime_stat:{"task_name": "storeclass2", "event": "queue_end_process", "filename": "storeclass2_lccenc2_83imgschoolbusjobid7.JPEG", "unix_time": 1620183983.796586}
INFO:ccdag_utils.py:runtime_stat:{"task_name": "storeclass2", "event": "queue_start_process", "filename": "resnet3_storeclass2_689imgschoolbusjobid7.JPEG", "unix_time": 1620183983.7969067}
INFO:circe.py:runtime_stat:{"task_name": "circe", "event": "new_output_file", "filename": "storeclass2_lccenc2_83imgschoolbusjobid7.JPEG", "unix_time": 1620183983.797649}
DEBUG:transfer.py:sshpass -p PASSWORD scp -P 5000 -o StrictHostKeyChecking=no /jupiter/circe_output/storeclass2_lccenc2_83imgschoolbusjobid7.JPEG root@10.106.39.239:/jupiter/circe_input/
INFO:ccdag_utils.py:runtime_stat:{"task_name": "storeclass2", "event": "queue_end_process", "filename": "storeclass2_lccenc2_689imgschoolbusjobid7.JPEG", "unix_time": 1620183983.8063993}
DEBUG:transfer.py:transfer successful!
INFO:circe.py:runtime_stat:{"task_name": "circe", "event": "new_output_file", "filename": "storeclass2_lccenc2_689imgschoolbusjobid7.JPEG", "unix_time": 1620183984.0056448}
DEBUG:transfer.py:sshpass -p PASSWORD scp -P 5000 -o StrictHostKeyChecking=no /jupiter/circe_output/storeclass2_lccenc2_689imgschoolbusjobid7.JPEG root@10.106.39.239:/jupiter/circe_input/
DEBUG:transfer.py:transfer successful!
INFO:circe.py:runtime_stat:{"task_name": "circe", "event": "new_input_file", "filename": "resnet8_storeclass2_503imgschoolbusjobid7.JPEG", "unix_time": 1620183985.0797117}
INFO:ccdag_utils.py:runtime_stat:{"task_name": "storeclass2", "event": "queue_start_process", "filename": "resnet8_storeclass2_503imgschoolbusjobid7.JPEG", "unix_time": 1620183985.8086784}
INFO:ccdag_utils.py:runtime_stat:{"task_name": "storeclass2", "event": "queue_end_process", "filename": "storeclass2_lccenc2_503imgschoolbusjobid7.JPEG", "unix_time": 1620183985.8309355}
INFO:circe.py:runtime_stat:{"task_name": "circe", "event": "new_output_file", "filename": "storeclass2_lccenc2_503imgschoolbusjobid7.JPEG", "unix_time": 1620183985.8325093}
DEBUG:transfer.py:sshpass -p PASSWORD scp -P 5000 -o StrictHostKeyChecking=no /jupiter/circe_output/storeclass2_lccenc2_503imgschoolbusjobid7.JPEG root@10.106.39.239:/jupiter/circe_input/
DEBUG:transfer.py:transfer successful!
INFO:circe.py:runtime_stat:{"task_name": "circe", "event": "new_input_file", "filename": "resnet7_storeclass2_1184imgschoolbusjobid8.JPEG", "unix_time": 1620184583.953104}
INFO:ccdag_utils.py:runtime_stat:{"task_name": "storeclass2", "event": "queue_start_process", "filename": "resnet7_storeclass2_1184imgschoolbusjobid8.JPEG", "unix_time": 1620184584.4551568}
INFO:ccdag_utils.py:runtime_stat:{"task_name": "storeclass2", "event": "queue_end_process", "filename": "storeclass2_lccenc2_1184imgschoolbusjobid8.JPEG", "unix_time": 1620184584.4651268}
INFO:circe.py:runtime_stat:{"task_name": "circe", "event": "new_output_file", "filename": "storeclass2_lccenc2_1184imgschoolbusjobid8.JPEG", "unix_time": 1620184584.467429}
DEBUG:transfer.py:sshpass -p PASSWORD scp -P 5000 -o StrictHostKeyChecking=no /jupiter/circe_output/storeclass2_lccenc2_1184imgschoolbusjobid8.JPEG root@10.106.39.239:/jupiter/circe_input/
DEBUG:transfer.py:transfer successful!
INFO:circe.py:runtime_stat:{"task_name": "circe", "event": "new_input_file", "filename": "resnet1_storeclass2_236imgschoolbusjobid9.JPEG", "unix_time": 1620185064.0487154}
INFO:ccdag_utils.py:runtime_stat:{"task_name": "storeclass2", "event": "queue_start_process", "filename": "resnet1_storeclass2_236imgschoolbusjobid9.JPEG", "unix_time": 1620185064.9646127}
INFO:ccdag_utils.py:runtime_stat:{"task_name": "storeclass2", "event": "queue_end_process", "filename": "storeclass2_lccenc2_236imgschoolbusjobid9.JPEG", "unix_time": 1620185064.9745893}
INFO:circe.py:runtime_stat:{"task_name": "circe", "event": "new_output_file", "filename": "storeclass2_lccenc2_236imgschoolbusjobid9.JPEG", "unix_time": 1620185064.9762945}
DEBUG:transfer.py:sshpass -p PASSWORD scp -P 5000 -o StrictHostKeyChecking=no /jupiter/circe_output/storeclass2_lccenc2_236imgschoolbusjobid9.JPEG root@10.106.39.239:/jupiter/circe_input/
DEBUG:transfer.py:transfer successful!
INFO:circe.py:runtime_stat:{"task_name": "circe", "event": "new_input_file", "filename": "resnet2_storeclass2_923imgschoolbusjobid10.JPEG", "unix_time": 1620185664.2611418}
INFO:circe.py:runtime_stat:{"task_name": "circe", "event": "new_input_file", "filename": "resnet4_storeclass2_1163imgschoolbusjobid10.JPEG", "unix_time": 1620185664.2760074}
INFO:ccdag_utils.py:runtime_stat:{"task_name": "storeclass2", "event": "queue_start_process", "filename": "resnet2_storeclass2_923imgschoolbusjobid10.JPEG", "unix_time": 1620185664.6008947}
INFO:circe.py:runtime_stat:{"task_name": "circe", "event": "new_output_file", "filename": "storeclass2_lccenc2_923imgschoolbusjobid10.JPEG", "unix_time": 1620185664.61312}
DEBUG:transfer.py:sshpass -p PASSWORD scp -P 5000 -o StrictHostKeyChecking=no /jupiter/circe_output/storeclass2_lccenc2_923imgschoolbusjobid10.JPEG root@10.106.39.239:/jupiter/circe_input/
INFO:ccdag_utils.py:runtime_stat:{"task_name": "storeclass2", "event": "queue_end_process", "filename": "storeclass2_lccenc2_923imgschoolbusjobid10.JPEG", "unix_time": 1620185664.6168544}
INFO:ccdag_utils.py:runtime_stat:{"task_name": "storeclass2", "event": "queue_start_process", "filename": "resnet4_storeclass2_1163imgschoolbusjobid10.JPEG", "unix_time": 1620185664.6184187}
INFO:ccdag_utils.py:runtime_stat:{"task_name": "storeclass2", "event": "queue_end_process", "filename": "storeclass2_lccenc2_1163imgschoolbusjobid10.JPEG", "unix_time": 1620185664.6244946}
DEBUG:transfer.py:transfer successful!
INFO:circe.py:runtime_stat:{"task_name": "circe", "event": "new_output_file", "filename": "storeclass2_lccenc2_1163imgschoolbusjobid10.JPEG", "unix_time": 1620185664.833248}
DEBUG:transfer.py:sshpass -p PASSWORD scp -P 5000 -o StrictHostKeyChecking=no /jupiter/circe_output/storeclass2_lccenc2_1163imgschoolbusjobid10.JPEG root@10.106.39.239:/jupiter/circe_input/
DEBUG:transfer.py:transfer successful!
INFO:circe.py:runtime_stat:{"task_name": "circe", "event": "new_input_file", "filename": "resnet8_storeclass2_1256imgschoolbusjobid10.JPEG", "unix_time": 1620185665.7065892}
INFO:ccdag_utils.py:runtime_stat:{"task_name": "storeclass2", "event": "queue_start_process", "filename": "resnet8_storeclass2_1256imgschoolbusjobid10.JPEG", "unix_time": 1620185666.6275778}
INFO:ccdag_utils.py:runtime_stat:{"task_name": "storeclass2", "event": "queue_end_process", "filename": "storeclass2_lccenc2_1256imgschoolbusjobid10.JPEG", "unix_time": 1620185666.641918}
INFO:circe.py:runtime_stat:{"task_name": "circe", "event": "new_output_file", "filename": "storeclass2_lccenc2_1256imgschoolbusjobid10.JPEG", "unix_time": 1620185666.6434994}
DEBUG:transfer.py:sshpass -p PASSWORD scp -P 5000 -o StrictHostKeyChecking=no /jupiter/circe_output/storeclass2_lccenc2_1256imgschoolbusjobid10.JPEG root@10.106.39.239:/jupiter/circe_input/
DEBUG:transfer.py:transfer successful!
