 * Starting OpenBSD Secure Shell server sshd
   ...done.
INFO:circe.py:Using base script storeclass.py
DEBUG:circe.py:starting the input monitoring process
DEBUG:circe.py:starting the output monitoring process
INFO:circe.py:runtime_stat:{"task_name": "circe", "event": "new_input_file", "filename": "resnet0_storeclass1_883imgschoolbusjobid2.JPEG", "unix_time": 1620181340.4087873}
INFO:ccdag_utils.py:runtime_stat:{"task_name": "storeclass1", "event": "queue_start_process", "filename": "resnet0_storeclass1_883imgschoolbusjobid2.JPEG", "unix_time": 1620181340.6944969}
INFO:ccdag_utils.py:runtime_stat:{"task_name": "storeclass1", "event": "queue_end_process", "filename": "storeclass1_lccenc1_883imgschoolbusjobid2.JPEG", "unix_time": 1620181340.705282}
INFO:circe.py:runtime_stat:{"task_name": "circe", "event": "new_output_file", "filename": "storeclass1_lccenc1_883imgschoolbusjobid2.JPEG", "unix_time": 1620181340.7067468}
DEBUG:transfer.py:sshpass -p PASSWORD scp -P 5000 -o StrictHostKeyChecking=no /jupiter/circe_output/storeclass1_lccenc1_883imgschoolbusjobid2.JPEG root@10.107.144.40:/jupiter/circe_input/
Warning: Permanently added '[10.107.144.40]:5000' (ECDSA) to the list of known hosts.
DEBUG:transfer.py:transfer successful!
INFO:circe.py:runtime_stat:{"task_name": "circe", "event": "new_input_file", "filename": "resnet5_storeclass1_381imgfireenginejobid2.JPEG", "unix_time": 1620181343.1411889}
INFO:ccdag_utils.py:runtime_stat:{"task_name": "storeclass1", "event": "queue_start_process", "filename": "resnet5_storeclass1_381imgfireenginejobid2.JPEG", "unix_time": 1620181343.7082999}
INFO:circe.py:runtime_stat:{"task_name": "circe", "event": "new_output_file", "filename": "storeclass1_lccenc1_381imgfireenginejobid2.JPEG", "unix_time": 1620181343.717935}
DEBUG:transfer.py:sshpass -p PASSWORD scp -P 5000 -o StrictHostKeyChecking=no /jupiter/circe_output/storeclass1_lccenc1_381imgfireenginejobid2.JPEG root@10.107.144.40:/jupiter/circe_input/
INFO:ccdag_utils.py:runtime_stat:{"task_name": "storeclass1", "event": "queue_end_process", "filename": "storeclass1_lccenc1_381imgfireenginejobid2.JPEG", "unix_time": 1620181343.718996}
DEBUG:transfer.py:transfer successful!
INFO:circe.py:runtime_stat:{"task_name": "circe", "event": "new_input_file", "filename": "resnet5_storeclass1_1179imgfireenginejobid3.JPEG", "unix_time": 1620181823.0594597}
INFO:ccdag_utils.py:runtime_stat:{"task_name": "storeclass1", "event": "queue_start_process", "filename": "resnet5_storeclass1_1179imgfireenginejobid3.JPEG", "unix_time": 1620181823.2322135}
INFO:ccdag_utils.py:runtime_stat:{"task_name": "storeclass1", "event": "queue_end_process", "filename": "storeclass1_lccenc1_1179imgfireenginejobid3.JPEG", "unix_time": 1620181823.2407029}
INFO:circe.py:runtime_stat:{"task_name": "circe", "event": "new_output_file", "filename": "storeclass1_lccenc1_1179imgfireenginejobid3.JPEG", "unix_time": 1620181823.2420816}
DEBUG:transfer.py:sshpass -p PASSWORD scp -P 5000 -o StrictHostKeyChecking=no /jupiter/circe_output/storeclass1_lccenc1_1179imgfireenginejobid3.JPEG root@10.107.144.40:/jupiter/circe_input/
DEBUG:transfer.py:transfer successful!
INFO:circe.py:runtime_stat:{"task_name": "circe", "event": "new_input_file", "filename": "resnet1_storeclass1_674imgfireenginejobid5.JPEG", "unix_time": 1620182901.6940494}
INFO:ccdag_utils.py:runtime_stat:{"task_name": "storeclass1", "event": "queue_start_process", "filename": "resnet1_storeclass1_674imgfireenginejobid5.JPEG", "unix_time": 1620182902.3595574}
INFO:circe.py:runtime_stat:{"task_name": "circe", "event": "new_output_file", "filename": "storeclass1_lccenc1_674imgfireenginejobid5.JPEG", "unix_time": 1620182902.3706145}
DEBUG:transfer.py:sshpass -p PASSWORD scp -P 5000 -o StrictHostKeyChecking=no /jupiter/circe_output/storeclass1_lccenc1_674imgfireenginejobid5.JPEG root@10.107.144.40:/jupiter/circe_input/
INFO:ccdag_utils.py:runtime_stat:{"task_name": "storeclass1", "event": "queue_end_process", "filename": "storeclass1_lccenc1_674imgfireenginejobid5.JPEG", "unix_time": 1620182902.3716698}
DEBUG:transfer.py:transfer successful!
INFO:circe.py:runtime_stat:{"task_name": "circe", "event": "new_input_file", "filename": "resnet1_storeclass1_1033imgfireenginejobid8.JPEG", "unix_time": 1620184582.258746}
INFO:ccdag_utils.py:runtime_stat:{"task_name": "storeclass1", "event": "queue_start_process", "filename": "resnet1_storeclass1_1033imgfireenginejobid8.JPEG", "unix_time": 1620184583.153718}
INFO:circe.py:runtime_stat:{"task_name": "circe", "event": "new_output_file", "filename": "storeclass1_lccenc1_1033imgfireenginejobid8.JPEG", "unix_time": 1620184583.162529}
DEBUG:transfer.py:sshpass -p PASSWORD scp -P 5000 -o StrictHostKeyChecking=no /jupiter/circe_output/storeclass1_lccenc1_1033imgfireenginejobid8.JPEG root@10.107.144.40:/jupiter/circe_input/
INFO:ccdag_utils.py:runtime_stat:{"task_name": "storeclass1", "event": "queue_end_process", "filename": "storeclass1_lccenc1_1033imgfireenginejobid8.JPEG", "unix_time": 1620184583.1633751}
DEBUG:transfer.py:transfer successful!
INFO:circe.py:runtime_stat:{"task_name": "circe", "event": "new_input_file", "filename": "resnet6_storeclass1_154imgfireenginejobid8.JPEG", "unix_time": 1620184583.493207}
INFO:ccdag_utils.py:runtime_stat:{"task_name": "storeclass1", "event": "queue_start_process", "filename": "resnet6_storeclass1_154imgfireenginejobid8.JPEG", "unix_time": 1620184584.1691287}
INFO:circe.py:runtime_stat:{"task_name": "circe", "event": "new_output_file", "filename": "storeclass1_lccenc1_154imgfireenginejobid8.JPEG", "unix_time": 1620184584.1742055}
INFO:ccdag_utils.py:runtime_stat:{"task_name": "storeclass1", "event": "queue_end_process", "filename": "storeclass1_lccenc1_154imgfireenginejobid8.JPEG", "unix_time": 1620184584.1744955}
DEBUG:transfer.py:sshpass -p PASSWORD scp -P 5000 -o StrictHostKeyChecking=no /jupiter/circe_output/storeclass1_lccenc1_154imgfireenginejobid8.JPEG root@10.107.144.40:/jupiter/circe_input/
DEBUG:transfer.py:transfer successful!
