 * Starting OpenBSD Secure Shell server sshd
   ...done.
INFO:circe.py:Using base script lccenc.py
DEBUG:circe.py:starting the input monitoring process
DEBUG:circe.py:starting the output monitoring process
1
INFO:circe.py:runtime_stat:{"task_name": "circe", "event": "new_input_file", "filename": "storeclass1_lccenc1_883imgschoolbusjobid2.JPEG", "unix_time": 1620181340.927752}
INFO:circe.py:runtime_stat:{"task_name": "circe", "event": "new_input_file", "filename": "storeclass1_lccenc1_381imgfireenginejobid2.JPEG", "unix_time": 1620181343.9369397}
INFO:circe.py:runtime_stat:{"task_name": "circe", "event": "new_input_file", "filename": "storeclass1_lccenc1_1179imgfireenginejobid3.JPEG", "unix_time": 1620181823.468404}
INFO:circe.py:runtime_stat:{"task_name": "circe", "event": "new_input_file", "filename": "storeclass1_lccenc1_674imgfireenginejobid5.JPEG", "unix_time": 1620182902.60303}
INFO:circe.py:runtime_stat:{"task_name": "circe", "event": "new_input_file", "filename": "storeclass1_lccenc1_1033imgfireenginejobid8.JPEG", "unix_time": 1620184583.3833623}
INFO:circe.py:runtime_stat:{"task_name": "circe", "event": "new_input_file", "filename": "storeclass1_lccenc1_154imgfireenginejobid8.JPEG", "unix_time": 1620184584.4071734}
INFO:ccdag_utils.py:runtime_stat:{"task_name": "lccenc1", "event": "queue_start_process", "filename": "storeclass1_lccenc1_883imgschoolbusjobid2.JPEG", "unix_time": 1620184584.4183724}
INFO:ccdag_utils.py:runtime_stat:{"task_name": "lccenc1", "event": "queue_start_process", "filename": "storeclass1_lccenc1_381imgfireenginejobid2.JPEG", "unix_time": 1620184584.4187117}
INFO:ccdag_utils.py:runtime_stat:{"task_name": "lccenc1", "event": "queue_start_process", "filename": "storeclass1_lccenc1_1179imgfireenginejobid3.JPEG", "unix_time": 1620184584.418916}
INFO:ccdag_utils.py:runtime_stat:{"task_name": "lccenc1", "event": "queue_start_process", "filename": "storeclass1_lccenc1_674imgfireenginejobid5.JPEG", "unix_time": 1620184584.419102}
INFO:ccdag_utils.py:runtime_stat:{"task_name": "lccenc1", "event": "queue_start_process", "filename": "storeclass1_lccenc1_1033imgfireenginejobid8.JPEG", "unix_time": 1620184584.4192963}
INFO:ccdag_utils.py:runtime_stat:{"task_name": "lccenc1", "event": "queue_start_process", "filename": "storeclass1_lccenc1_154imgfireenginejobid8.JPEG", "unix_time": 1620184584.4195442}
INFO:ccdag_utils.py:runtime_stat:{"task_name": "lccenc1", "event": "queue_end_process", "filename": "lccenc1_score1a_1#883-0#381-0#1179-0#674-0#1033-0#154jobid1.csv", "unix_time": 1620184585.7440152}
INFO:circe.py:runtime_stat:{"task_name": "circe", "event": "new_output_file", "filename": "lccenc1_score1a_1#883-0#381-0#1179-0#674-0#1033-0#154jobid1.csv", "unix_time": 1620184585.7447863}
DEBUG:transfer.py:sshpass -p PASSWORD scp -P 5000 -o StrictHostKeyChecking=no /jupiter/circe_output/lccenc1_score1a_1#883-0#381-0#1179-0#674-0#1033-0#154jobid1.csv root@10.104.210.70:/jupiter/circe_input/
Warning: Permanently added '[10.104.210.70]:5000' (ECDSA) to the list of known hosts.
DEBUG:transfer.py:transfer successful!
INFO:ccdag_utils.py:runtime_stat:{"task_name": "lccenc1", "event": "queue_end_process", "filename": "lccenc1_score1b_1#883-0#381-0#1179-0#674-0#1033-0#154jobid1.csv", "unix_time": 1620184586.7271402}
INFO:circe.py:runtime_stat:{"task_name": "circe", "event": "new_output_file", "filename": "lccenc1_score1b_1#883-0#381-0#1179-0#674-0#1033-0#154jobid1.csv", "unix_time": 1620184587.2061684}
DEBUG:transfer.py:sshpass -p PASSWORD scp -P 5000 -o StrictHostKeyChecking=no /jupiter/circe_output/lccenc1_score1b_1#883-0#381-0#1179-0#674-0#1033-0#154jobid1.csv root@10.111.230.226:/jupiter/circe_input/
Warning: Permanently added '[10.111.230.226]:5000' (ECDSA) to the list of known hosts.
INFO:ccdag_utils.py:runtime_stat:{"task_name": "lccenc1", "event": "queue_end_process", "filename": "lccenc1_score1c_1#883-0#381-0#1179-0#674-0#1033-0#154jobid1.csv", "unix_time": 1620184587.7099957}
DEBUG:transfer.py:transfer successful!
INFO:circe.py:runtime_stat:{"task_name": "circe", "event": "new_output_file", "filename": "lccenc1_score1c_1#883-0#381-0#1179-0#674-0#1033-0#154jobid1.csv", "unix_time": 1620184587.8407562}
DEBUG:transfer.py:sshpass -p PASSWORD scp -P 5000 -o StrictHostKeyChecking=no /jupiter/circe_output/lccenc1_score1c_1#883-0#381-0#1179-0#674-0#1033-0#154jobid1.csv root@10.105.100.104:/jupiter/circe_input/
Warning: Permanently added '[10.105.100.104]:5000' (ECDSA) to the list of known hosts.
DEBUG:transfer.py:transfer successful!
