 * Starting OpenBSD Secure Shell server sshd
   ...done.
INFO:circe.py:Using base script score.py
DEBUG:circe.py:starting the input monitoring process
DEBUG:circe.py:starting the output monitoring process
INFO:circe.py:runtime_stat:{"task_name": "circe", "event": "new_input_file", "filename": "lccenc6_score6c_5#64983573-5#96404736-5#01026372-5#03031094-5#03838381-5#97938030jobid1.csv", "unix_time": 1620677794.156768}
INFO:ccdag_utils.py:runtime_stat:{"task_name": "score6c", "event": "queue_start_process", "filename": "lccenc6_score6c_5#64983573-5#96404736-5#01026372-5#03031094-5#03838381-5#97938030jobid1.csv", "unix_time": 1620677795.1206973}
['persiancat21.JPEG', 'persiancat22.JPEG', 'persiancat23.JPEG', 'persiancat24.JPEG', 'persiancat25.JPEG', 'persiancat26.JPEG', 'persiancat27.JPEG', 'persiancat28.JPEG', 'persiancat29.JPEG', 'persiancat30.JPEG']
INFO:circe.py:runtime_stat:{"task_name": "circe", "event": "new_output_file", "filename": "score6c_preagg6_1jobth5#64983573-5#96404736-5#01026372-5#03031094-5#03838381-5#97938030", "unix_time": 1620677796.7237601}
DEBUG:transfer.py:sshpass -p PASSWORD scp -P 5000 -o StrictHostKeyChecking=no /jupiter/circe_output/score6c_preagg6_1jobth5#64983573-5#96404736-5#01026372-5#03031094-5#03838381-5#97938030 root@10.108.202.162:/jupiter/circe_input/
INFO:ccdag_utils.py:runtime_stat:{"task_name": "score6c", "event": "queue_end_process", "filename": "score6c_preagg6_1jobth5#64983573-5#96404736-5#01026372-5#03031094-5#03838381-5#97938030", "unix_time": 1620677796.7313406}
Warning: Permanently added '[10.108.202.162]:5000' (ECDSA) to the list of known hosts.
DEBUG:transfer.py:transfer successful!
INFO:circe.py:runtime_stat:{"task_name": "circe", "event": "new_input_file", "filename": "lccenc6_score6c_5#75135706-5#29704218-5#34544652-5#38480702-5#98220091-5#61046997jobid2.csv", "unix_time": 1620677805.3457375}
INFO:ccdag_utils.py:runtime_stat:{"task_name": "score6c", "event": "queue_start_process", "filename": "lccenc6_score6c_5#75135706-5#29704218-5#34544652-5#38480702-5#98220091-5#61046997jobid2.csv", "unix_time": 1620677805.7428124}
['persiancat21.JPEG', 'persiancat22.JPEG', 'persiancat23.JPEG', 'persiancat24.JPEG', 'persiancat25.JPEG', 'persiancat26.JPEG', 'persiancat27.JPEG', 'persiancat28.JPEG', 'persiancat29.JPEG', 'persiancat30.JPEG']
INFO:circe.py:runtime_stat:{"task_name": "circe", "event": "new_output_file", "filename": "score6c_preagg6_2jobth5#75135706-5#29704218-5#34544652-5#38480702-5#98220091-5#61046997", "unix_time": 1620677807.2459228}
DEBUG:transfer.py:sshpass -p PASSWORD scp -P 5000 -o StrictHostKeyChecking=no /jupiter/circe_output/score6c_preagg6_2jobth5#75135706-5#29704218-5#34544652-5#38480702-5#98220091-5#61046997 root@10.108.202.162:/jupiter/circe_input/
INFO:ccdag_utils.py:runtime_stat:{"task_name": "score6c", "event": "queue_end_process", "filename": "score6c_preagg6_2jobth5#75135706-5#29704218-5#34544652-5#38480702-5#98220091-5#61046997", "unix_time": 1620677807.2517765}
DEBUG:transfer.py:transfer successful!
INFO:circe.py:runtime_stat:{"task_name": "circe", "event": "new_input_file", "filename": "lccenc6_score6c_5#00854555-5#75539814-5#95724163-5#60577845-5#88926607-5#51020378jobid3.csv", "unix_time": 1620677828.0535738}
INFO:ccdag_utils.py:runtime_stat:{"task_name": "score6c", "event": "queue_start_process", "filename": "lccenc6_score6c_5#00854555-5#75539814-5#95724163-5#60577845-5#88926607-5#51020378jobid3.csv", "unix_time": 1620677828.2770433}
['persiancat21.JPEG', 'persiancat22.JPEG', 'persiancat23.JPEG', 'persiancat24.JPEG', 'persiancat25.JPEG', 'persiancat26.JPEG', 'persiancat27.JPEG', 'persiancat28.JPEG', 'persiancat29.JPEG', 'persiancat30.JPEG']
INFO:circe.py:runtime_stat:{"task_name": "circe", "event": "new_output_file", "filename": "score6c_preagg6_3jobth5#00854555-5#75539814-5#95724163-5#60577845-5#88926607-5#51020378", "unix_time": 1620677829.7157848}
INFO:ccdag_utils.py:runtime_stat:{"task_name": "score6c", "event": "queue_end_process", "filename": "score6c_preagg6_3jobth5#00854555-5#75539814-5#95724163-5#60577845-5#88926607-5#51020378", "unix_time": 1620677829.716603}
DEBUG:transfer.py:sshpass -p PASSWORD scp -P 5000 -o StrictHostKeyChecking=no /jupiter/circe_output/score6c_preagg6_3jobth5#00854555-5#75539814-5#95724163-5#60577845-5#88926607-5#51020378 root@10.108.202.162:/jupiter/circe_input/
DEBUG:transfer.py:transfer successful!
INFO:circe.py:runtime_stat:{"task_name": "circe", "event": "new_input_file", "filename": "lccenc6_score6c_5#88228852-5#90387203-5#61509778-5#40547626-5#18643895-5#99465003jobid4.csv", "unix_time": 1620677874.087542}
INFO:ccdag_utils.py:runtime_stat:{"task_name": "score6c", "event": "queue_start_process", "filename": "lccenc6_score6c_5#88228852-5#90387203-5#61509778-5#40547626-5#18643895-5#99465003jobid4.csv", "unix_time": 1620677874.7641985}
['persiancat21.JPEG', 'persiancat22.JPEG', 'persiancat23.JPEG', 'persiancat24.JPEG', 'persiancat25.JPEG', 'persiancat26.JPEG', 'persiancat27.JPEG', 'persiancat28.JPEG', 'persiancat29.JPEG', 'persiancat30.JPEG']
INFO:circe.py:runtime_stat:{"task_name": "circe", "event": "new_output_file", "filename": "score6c_preagg6_4jobth5#88228852-5#90387203-5#61509778-5#40547626-5#18643895-5#99465003", "unix_time": 1620677876.2385907}
DEBUG:transfer.py:sshpass -p PASSWORD scp -P 5000 -o StrictHostKeyChecking=no /jupiter/circe_output/score6c_preagg6_4jobth5#88228852-5#90387203-5#61509778-5#40547626-5#18643895-5#99465003 root@10.108.202.162:/jupiter/circe_input/
INFO:ccdag_utils.py:runtime_stat:{"task_name": "score6c", "event": "queue_end_process", "filename": "score6c_preagg6_4jobth5#88228852-5#90387203-5#61509778-5#40547626-5#18643895-5#99465003", "unix_time": 1620677876.2447417}
DEBUG:transfer.py:transfer successful!
INFO:circe.py:runtime_stat:{"task_name": "circe", "event": "new_input_file", "filename": "lccenc6_score6c_5#86216892-5#26378273-5#33130900-5#60667663-5#04214922-5#53919841jobid5.csv", "unix_time": 1620677907.4171093}
INFO:ccdag_utils.py:runtime_stat:{"task_name": "score6c", "event": "queue_start_process", "filename": "lccenc6_score6c_5#86216892-5#26378273-5#33130900-5#60667663-5#04214922-5#53919841jobid5.csv", "unix_time": 1620677908.2801223}
['persiancat21.JPEG', 'persiancat22.JPEG', 'persiancat23.JPEG', 'persiancat24.JPEG', 'persiancat25.JPEG', 'persiancat26.JPEG', 'persiancat27.JPEG', 'persiancat28.JPEG', 'persiancat29.JPEG', 'persiancat30.JPEG']
INFO:circe.py:runtime_stat:{"task_name": "circe", "event": "new_output_file", "filename": "score6c_preagg6_5jobth5#86216892-5#26378273-5#33130900-5#60667663-5#04214922-5#53919841", "unix_time": 1620677909.826288}
DEBUG:transfer.py:sshpass -p PASSWORD scp -P 5000 -o StrictHostKeyChecking=no /jupiter/circe_output/score6c_preagg6_5jobth5#86216892-5#26378273-5#33130900-5#60667663-5#04214922-5#53919841 root@10.108.202.162:/jupiter/circe_input/
INFO:ccdag_utils.py:runtime_stat:{"task_name": "score6c", "event": "queue_end_process", "filename": "score6c_preagg6_5jobth5#86216892-5#26378273-5#33130900-5#60667663-5#04214922-5#53919841", "unix_time": 1620677909.8275313}
DEBUG:transfer.py:transfer successful!
INFO:circe.py:runtime_stat:{"task_name": "circe", "event": "new_input_file", "filename": "lccenc6_score6c_5#46810993-5#06746409-5#91012056-5#59868108-5#45787225-5#59969594jobid6.csv", "unix_time": 1620677928.6606007}
INFO:ccdag_utils.py:runtime_stat:{"task_name": "score6c", "event": "queue_start_process", "filename": "lccenc6_score6c_5#46810993-5#06746409-5#91012056-5#59868108-5#45787225-5#59969594jobid6.csv", "unix_time": 1620677928.8481736}
['persiancat21.JPEG', 'persiancat22.JPEG', 'persiancat23.JPEG', 'persiancat24.JPEG', 'persiancat25.JPEG', 'persiancat26.JPEG', 'persiancat27.JPEG', 'persiancat28.JPEG', 'persiancat29.JPEG', 'persiancat30.JPEG']
INFO:circe.py:runtime_stat:{"task_name": "circe", "event": "new_output_file", "filename": "score6c_preagg6_6jobth5#46810993-5#06746409-5#91012056-5#59868108-5#45787225-5#59969594", "unix_time": 1620677930.342098}
DEBUG:transfer.py:sshpass -p PASSWORD scp -P 5000 -o StrictHostKeyChecking=no /jupiter/circe_output/score6c_preagg6_6jobth5#46810993-5#06746409-5#91012056-5#59868108-5#45787225-5#59969594 root@10.108.202.162:/jupiter/circe_input/
INFO:ccdag_utils.py:runtime_stat:{"task_name": "score6c", "event": "queue_end_process", "filename": "score6c_preagg6_6jobth5#46810993-5#06746409-5#91012056-5#59868108-5#45787225-5#59969594", "unix_time": 1620677930.3502164}
DEBUG:transfer.py:transfer successful!
INFO:circe.py:runtime_stat:{"task_name": "circe", "event": "new_input_file", "filename": "lccenc6_score6c_5#20986488-5#91979684-5#01478269-5#56592484-5#42210500-5#31462961jobid7.csv", "unix_time": 1620677964.5977147}
INFO:ccdag_utils.py:runtime_stat:{"task_name": "score6c", "event": "queue_start_process", "filename": "lccenc6_score6c_5#20986488-5#91979684-5#01478269-5#56592484-5#42210500-5#31462961jobid7.csv", "unix_time": 1620677965.3881135}
['persiancat21.JPEG', 'persiancat22.JPEG', 'persiancat23.JPEG', 'persiancat24.JPEG', 'persiancat25.JPEG', 'persiancat26.JPEG', 'persiancat27.JPEG', 'persiancat28.JPEG', 'persiancat29.JPEG', 'persiancat30.JPEG']
INFO:circe.py:runtime_stat:{"task_name": "circe", "event": "new_output_file", "filename": "score6c_preagg6_7jobth5#20986488-5#91979684-5#01478269-5#56592484-5#42210500-5#31462961", "unix_time": 1620677966.8371162}
DEBUG:transfer.py:sshpass -p PASSWORD scp -P 5000 -o StrictHostKeyChecking=no /jupiter/circe_output/score6c_preagg6_7jobth5#20986488-5#91979684-5#01478269-5#56592484-5#42210500-5#31462961 root@10.108.202.162:/jupiter/circe_input/
INFO:ccdag_utils.py:runtime_stat:{"task_name": "score6c", "event": "queue_end_process", "filename": "score6c_preagg6_7jobth5#20986488-5#91979684-5#01478269-5#56592484-5#42210500-5#31462961", "unix_time": 1620677966.844932}
DEBUG:transfer.py:transfer successful!
