 * Starting OpenBSD Secure Shell server sshd
   ...done.
INFO:circe.py:Using base script preagg.py
DEBUG:circe.py:starting the input monitoring process
DEBUG:circe.py:starting the output monitoring process
3
INFO:circe.py:runtime_stat:{"task_name": "circe", "event": "new_input_file", "filename": "score3c_preagg3_1jobth2#98137027-2#86518867-2#12457475-2#44456370-2#14611509-2#69212345", "unix_time": 1620677975.958336}
INFO:circe.py:runtime_stat:{"task_name": "circe", "event": "new_input_file", "filename": "score3b_preagg3_1jobth2#98137027-2#86518867-2#12457475-2#44456370-2#14611509-2#69212345", "unix_time": 1620677975.959179}
INFO:ccdag_utils.py:runtime_stat:{"task_name": "preagg3", "event": "queue_start_process", "filename": "score3c_preagg3_1jobth2#98137027-2#86518867-2#12457475-2#44456370-2#14611509-2#69212345", "unix_time": 1620677976.4216218}
INFO:ccdag_utils.py:runtime_stat:{"task_name": "preagg3", "event": "queue_start_process", "filename": "score3b_preagg3_1jobth2#98137027-2#86518867-2#12457475-2#44456370-2#14611509-2#69212345", "unix_time": 1620677976.495805}
INFO:circe.py:runtime_stat:{"task_name": "circe", "event": "new_input_file", "filename": "score3b_preagg3_2jobth2#25175006-2#72957396-2#25053289-2#34953540-2#83552088-2#24062244", "unix_time": 1620677987.0076048}
INFO:ccdag_utils.py:runtime_stat:{"task_name": "preagg3", "event": "queue_start_process", "filename": "score3b_preagg3_2jobth2#25175006-2#72957396-2#25053289-2#34953540-2#83552088-2#24062244", "unix_time": 1620677987.564034}
INFO:circe.py:runtime_stat:{"task_name": "circe", "event": "new_input_file", "filename": "score3a_preagg3_1jobth2#98137027-2#86518867-2#12457475-2#44456370-2#14611509-2#69212345", "unix_time": 1620677987.6169302}
INFO:ccdag_utils.py:runtime_stat:{"task_name": "preagg3", "event": "queue_start_process", "filename": "score3a_preagg3_1jobth2#98137027-2#86518867-2#12457475-2#44456370-2#14611509-2#69212345", "unix_time": 1620677987.6225638}
preagg3_lccdec3_1jobthscore3a2#98137027-2#86518867-2#12457475-2#44456370-2#14611509-2#69212345
INFO:circe.py:runtime_stat:{"task_name": "circe", "event": "new_output_file", "filename": "preagg3_lccdec3_1jobthscore3a2#98137027-2#86518867-2#12457475-2#44456370-2#14611509-2#69212345", "unix_time": 1620677987.6875815}
DEBUG:transfer.py:sshpass -p PASSWORD scp -P 5000 -o StrictHostKeyChecking=no /jupiter/circe_output/preagg3_lccdec3_1jobthscore3a2#98137027-2#86518867-2#12457475-2#44456370-2#14611509-2#69212345 root@10.111.185.10:/jupiter/circe_input/
INFO:ccdag_utils.py:runtime_stat:{"task_name": "preagg3", "event": "queue_end_process", "filename": "preagg3_lccdec3_1jobthscore3a2#98137027-2#86518867-2#12457475-2#44456370-2#14611509-2#69212345", "unix_time": 1620677987.6940129}
preagg3_lccdec3_1jobthscore3b2#98137027-2#86518867-2#12457475-2#44456370-2#14611509-2#69212345
INFO:ccdag_utils.py:runtime_stat:{"task_name": "preagg3", "event": "queue_end_process", "filename": "preagg3_lccdec3_1jobthscore3b2#98137027-2#86518867-2#12457475-2#44456370-2#14611509-2#69212345", "unix_time": 1620677987.699949}
preagg3_lccdec3_1jobthscore3c2#98137027-2#86518867-2#12457475-2#44456370-2#14611509-2#69212345
INFO:ccdag_utils.py:runtime_stat:{"task_name": "preagg3", "event": "queue_end_process", "filename": "preagg3_lccdec3_1jobthscore3c2#98137027-2#86518867-2#12457475-2#44456370-2#14611509-2#69212345", "unix_time": 1620677987.7048583}
Warning: Permanently added '[10.111.185.10]:5000' (ECDSA) to the list of known hosts.
DEBUG:transfer.py:transfer successful!
INFO:circe.py:runtime_stat:{"task_name": "circe", "event": "new_output_file", "filename": "preagg3_lccdec3_1jobthscore3b2#98137027-2#86518867-2#12457475-2#44456370-2#14611509-2#69212345", "unix_time": 1620677987.91241}
DEBUG:transfer.py:sshpass -p PASSWORD scp -P 5000 -o StrictHostKeyChecking=no /jupiter/circe_output/preagg3_lccdec3_1jobthscore3b2#98137027-2#86518867-2#12457475-2#44456370-2#14611509-2#69212345 root@10.111.185.10:/jupiter/circe_input/
DEBUG:transfer.py:transfer successful!
INFO:circe.py:runtime_stat:{"task_name": "circe", "event": "new_output_file", "filename": "preagg3_lccdec3_1jobthscore3c2#98137027-2#86518867-2#12457475-2#44456370-2#14611509-2#69212345", "unix_time": 1620677988.1258032}
DEBUG:transfer.py:sshpass -p PASSWORD scp -P 5000 -o StrictHostKeyChecking=no /jupiter/circe_output/preagg3_lccdec3_1jobthscore3c2#98137027-2#86518867-2#12457475-2#44456370-2#14611509-2#69212345 root@10.111.185.10:/jupiter/circe_input/
DEBUG:transfer.py:transfer successful!
INFO:circe.py:runtime_stat:{"task_name": "circe", "event": "new_input_file", "filename": "score3c_preagg3_2jobth2#25175006-2#72957396-2#25053289-2#34953540-2#83552088-2#24062244", "unix_time": 1620677988.3450422}
INFO:ccdag_utils.py:runtime_stat:{"task_name": "preagg3", "event": "queue_start_process", "filename": "score3c_preagg3_2jobth2#25175006-2#72957396-2#25053289-2#34953540-2#83552088-2#24062244", "unix_time": 1620677988.7064373}
INFO:circe.py:runtime_stat:{"task_name": "circe", "event": "new_input_file", "filename": "score3a_preagg3_2jobth2#25175006-2#72957396-2#25053289-2#34953540-2#83552088-2#24062244", "unix_time": 1620677999.0592196}
INFO:ccdag_utils.py:runtime_stat:{"task_name": "preagg3", "event": "queue_start_process", "filename": "score3a_preagg3_2jobth2#25175006-2#72957396-2#25053289-2#34953540-2#83552088-2#24062244", "unix_time": 1620677999.7834232}
preagg3_lccdec3_2jobthscore3a2#25175006-2#72957396-2#25053289-2#34953540-2#83552088-2#24062244
INFO:circe.py:runtime_stat:{"task_name": "circe", "event": "new_output_file", "filename": "preagg3_lccdec3_2jobthscore3a2#25175006-2#72957396-2#25053289-2#34953540-2#83552088-2#24062244", "unix_time": 1620677999.8516843}
DEBUG:transfer.py:sshpass -p PASSWORD scp -P 5000 -o StrictHostKeyChecking=no /jupiter/circe_output/preagg3_lccdec3_2jobthscore3a2#25175006-2#72957396-2#25053289-2#34953540-2#83552088-2#24062244 root@10.111.185.10:/jupiter/circe_input/
INFO:ccdag_utils.py:runtime_stat:{"task_name": "preagg3", "event": "queue_end_process", "filename": "preagg3_lccdec3_2jobthscore3a2#25175006-2#72957396-2#25053289-2#34953540-2#83552088-2#24062244", "unix_time": 1620677999.8566494}
preagg3_lccdec3_2jobthscore3b2#25175006-2#72957396-2#25053289-2#34953540-2#83552088-2#24062244
INFO:ccdag_utils.py:runtime_stat:{"task_name": "preagg3", "event": "queue_end_process", "filename": "preagg3_lccdec3_2jobthscore3b2#25175006-2#72957396-2#25053289-2#34953540-2#83552088-2#24062244", "unix_time": 1620677999.8635142}
preagg3_lccdec3_2jobthscore3c2#25175006-2#72957396-2#25053289-2#34953540-2#83552088-2#24062244
INFO:ccdag_utils.py:runtime_stat:{"task_name": "preagg3", "event": "queue_end_process", "filename": "preagg3_lccdec3_2jobthscore3c2#25175006-2#72957396-2#25053289-2#34953540-2#83552088-2#24062244", "unix_time": 1620677999.8677201}
DEBUG:transfer.py:transfer successful!
INFO:circe.py:runtime_stat:{"task_name": "circe", "event": "new_output_file", "filename": "preagg3_lccdec3_2jobthscore3b2#25175006-2#72957396-2#25053289-2#34953540-2#83552088-2#24062244", "unix_time": 1620678000.073805}
DEBUG:transfer.py:sshpass -p PASSWORD scp -P 5000 -o StrictHostKeyChecking=no /jupiter/circe_output/preagg3_lccdec3_2jobthscore3b2#25175006-2#72957396-2#25053289-2#34953540-2#83552088-2#24062244 root@10.111.185.10:/jupiter/circe_input/
DEBUG:transfer.py:transfer successful!
INFO:circe.py:runtime_stat:{"task_name": "circe", "event": "new_output_file", "filename": "preagg3_lccdec3_2jobthscore3c2#25175006-2#72957396-2#25053289-2#34953540-2#83552088-2#24062244", "unix_time": 1620678000.284382}
DEBUG:transfer.py:sshpass -p PASSWORD scp -P 5000 -o StrictHostKeyChecking=no /jupiter/circe_output/preagg3_lccdec3_2jobthscore3c2#25175006-2#72957396-2#25053289-2#34953540-2#83552088-2#24062244 root@10.111.185.10:/jupiter/circe_input/
DEBUG:transfer.py:transfer successful!
INFO:circe.py:runtime_stat:{"task_name": "circe", "event": "new_input_file", "filename": "score3b_preagg3_3jobth2#98812588-2#80917959-2#58602630-2#98954036-2#15099195-2#02723424", "unix_time": 1620678009.609494}
INFO:ccdag_utils.py:runtime_stat:{"task_name": "preagg3", "event": "queue_start_process", "filename": "score3b_preagg3_3jobth2#98812588-2#80917959-2#58602630-2#98954036-2#15099195-2#02723424", "unix_time": 1620678009.8781903}
INFO:circe.py:runtime_stat:{"task_name": "circe", "event": "new_input_file", "filename": "score3c_preagg3_3jobth2#98812588-2#80917959-2#58602630-2#98954036-2#15099195-2#02723424", "unix_time": 1620678010.9641178}
INFO:ccdag_utils.py:runtime_stat:{"task_name": "preagg3", "event": "queue_start_process", "filename": "score3c_preagg3_3jobth2#98812588-2#80917959-2#58602630-2#98954036-2#15099195-2#02723424", "unix_time": 1620678011.9451554}
INFO:circe.py:runtime_stat:{"task_name": "circe", "event": "new_input_file", "filename": "score3a_preagg3_3jobth2#98812588-2#80917959-2#58602630-2#98954036-2#15099195-2#02723424", "unix_time": 1620678018.5499501}
INFO:ccdag_utils.py:runtime_stat:{"task_name": "preagg3", "event": "queue_start_process", "filename": "score3a_preagg3_3jobth2#98812588-2#80917959-2#58602630-2#98954036-2#15099195-2#02723424", "unix_time": 1620678019.018322}
preagg3_lccdec3_3jobthscore3a2#98812588-2#80917959-2#58602630-2#98954036-2#15099195-2#02723424
INFO:circe.py:runtime_stat:{"task_name": "circe", "event": "new_output_file", "filename": "preagg3_lccdec3_3jobthscore3a2#98812588-2#80917959-2#58602630-2#98954036-2#15099195-2#02723424", "unix_time": 1620678019.0813415}
DEBUG:transfer.py:sshpass -p PASSWORD scp -P 5000 -o StrictHostKeyChecking=no /jupiter/circe_output/preagg3_lccdec3_3jobthscore3a2#98812588-2#80917959-2#58602630-2#98954036-2#15099195-2#02723424 root@10.111.185.10:/jupiter/circe_input/
INFO:ccdag_utils.py:runtime_stat:{"task_name": "preagg3", "event": "queue_end_process", "filename": "preagg3_lccdec3_3jobthscore3a2#98812588-2#80917959-2#58602630-2#98954036-2#15099195-2#02723424", "unix_time": 1620678019.0870879}
preagg3_lccdec3_3jobthscore3b2#98812588-2#80917959-2#58602630-2#98954036-2#15099195-2#02723424
INFO:ccdag_utils.py:runtime_stat:{"task_name": "preagg3", "event": "queue_end_process", "filename": "preagg3_lccdec3_3jobthscore3b2#98812588-2#80917959-2#58602630-2#98954036-2#15099195-2#02723424", "unix_time": 1620678019.0936666}
preagg3_lccdec3_3jobthscore3c2#98812588-2#80917959-2#58602630-2#98954036-2#15099195-2#02723424
INFO:ccdag_utils.py:runtime_stat:{"task_name": "preagg3", "event": "queue_end_process", "filename": "preagg3_lccdec3_3jobthscore3c2#98812588-2#80917959-2#58602630-2#98954036-2#15099195-2#02723424", "unix_time": 1620678019.0977986}
DEBUG:transfer.py:transfer successful!
INFO:circe.py:runtime_stat:{"task_name": "circe", "event": "new_output_file", "filename": "preagg3_lccdec3_3jobthscore3b2#98812588-2#80917959-2#58602630-2#98954036-2#15099195-2#02723424", "unix_time": 1620678019.2942238}
DEBUG:transfer.py:sshpass -p PASSWORD scp -P 5000 -o StrictHostKeyChecking=no /jupiter/circe_output/preagg3_lccdec3_3jobthscore3b2#98812588-2#80917959-2#58602630-2#98954036-2#15099195-2#02723424 root@10.111.185.10:/jupiter/circe_input/
DEBUG:transfer.py:transfer successful!
INFO:circe.py:runtime_stat:{"task_name": "circe", "event": "new_output_file", "filename": "preagg3_lccdec3_3jobthscore3c2#98812588-2#80917959-2#58602630-2#98954036-2#15099195-2#02723424", "unix_time": 1620678019.5545173}
DEBUG:transfer.py:sshpass -p PASSWORD scp -P 5000 -o StrictHostKeyChecking=no /jupiter/circe_output/preagg3_lccdec3_3jobthscore3c2#98812588-2#80917959-2#58602630-2#98954036-2#15099195-2#02723424 root@10.111.185.10:/jupiter/circe_input/
DEBUG:transfer.py:transfer successful!
INFO:circe.py:runtime_stat:{"task_name": "circe", "event": "new_input_file", "filename": "score3b_preagg3_4jobth2#32832043-2#31595454-2#15459182-2#73898194-2#68326659-2#60054993", "unix_time": 1620678048.1336267}
INFO:circe.py:runtime_stat:{"task_name": "circe", "event": "new_input_file", "filename": "score3c_preagg3_4jobth2#32832043-2#31595454-2#15459182-2#73898194-2#68326659-2#60054993", "unix_time": 1620678048.3691592}
INFO:ccdag_utils.py:runtime_stat:{"task_name": "preagg3", "event": "queue_start_process", "filename": "score3b_preagg3_4jobth2#32832043-2#31595454-2#15459182-2#73898194-2#68326659-2#60054993", "unix_time": 1620678049.1308918}
INFO:ccdag_utils.py:runtime_stat:{"task_name": "preagg3", "event": "queue_start_process", "filename": "score3c_preagg3_4jobth2#32832043-2#31595454-2#15459182-2#73898194-2#68326659-2#60054993", "unix_time": 1620678049.2027357}
INFO:circe.py:runtime_stat:{"task_name": "circe", "event": "new_input_file", "filename": "score3a_preagg3_4jobth2#32832043-2#31595454-2#15459182-2#73898194-2#68326659-2#60054993", "unix_time": 1620678057.03498}
INFO:ccdag_utils.py:runtime_stat:{"task_name": "preagg3", "event": "queue_start_process", "filename": "score3a_preagg3_4jobth2#32832043-2#31595454-2#15459182-2#73898194-2#68326659-2#60054993", "unix_time": 1620678057.2698376}
preagg3_lccdec3_4jobthscore3a2#32832043-2#31595454-2#15459182-2#73898194-2#68326659-2#60054993
INFO:circe.py:runtime_stat:{"task_name": "circe", "event": "new_output_file", "filename": "preagg3_lccdec3_4jobthscore3a2#32832043-2#31595454-2#15459182-2#73898194-2#68326659-2#60054993", "unix_time": 1620678057.3352535}
DEBUG:transfer.py:sshpass -p PASSWORD scp -P 5000 -o StrictHostKeyChecking=no /jupiter/circe_output/preagg3_lccdec3_4jobthscore3a2#32832043-2#31595454-2#15459182-2#73898194-2#68326659-2#60054993 root@10.111.185.10:/jupiter/circe_input/
INFO:ccdag_utils.py:runtime_stat:{"task_name": "preagg3", "event": "queue_end_process", "filename": "preagg3_lccdec3_4jobthscore3a2#32832043-2#31595454-2#15459182-2#73898194-2#68326659-2#60054993", "unix_time": 1620678057.3398438}
preagg3_lccdec3_4jobthscore3b2#32832043-2#31595454-2#15459182-2#73898194-2#68326659-2#60054993
INFO:ccdag_utils.py:runtime_stat:{"task_name": "preagg3", "event": "queue_end_process", "filename": "preagg3_lccdec3_4jobthscore3b2#32832043-2#31595454-2#15459182-2#73898194-2#68326659-2#60054993", "unix_time": 1620678057.3461835}
preagg3_lccdec3_4jobthscore3c2#32832043-2#31595454-2#15459182-2#73898194-2#68326659-2#60054993
INFO:ccdag_utils.py:runtime_stat:{"task_name": "preagg3", "event": "queue_end_process", "filename": "preagg3_lccdec3_4jobthscore3c2#32832043-2#31595454-2#15459182-2#73898194-2#68326659-2#60054993", "unix_time": 1620678057.350614}
DEBUG:transfer.py:transfer successful!
INFO:circe.py:runtime_stat:{"task_name": "circe", "event": "new_output_file", "filename": "preagg3_lccdec3_4jobthscore3b2#32832043-2#31595454-2#15459182-2#73898194-2#68326659-2#60054993", "unix_time": 1620678057.5553617}
DEBUG:transfer.py:sshpass -p PASSWORD scp -P 5000 -o StrictHostKeyChecking=no /jupiter/circe_output/preagg3_lccdec3_4jobthscore3b2#32832043-2#31595454-2#15459182-2#73898194-2#68326659-2#60054993 root@10.111.185.10:/jupiter/circe_input/
DEBUG:transfer.py:transfer successful!
INFO:circe.py:runtime_stat:{"task_name": "circe", "event": "new_output_file", "filename": "preagg3_lccdec3_4jobthscore3c2#32832043-2#31595454-2#15459182-2#73898194-2#68326659-2#60054993", "unix_time": 1620678057.771765}
DEBUG:transfer.py:sshpass -p PASSWORD scp -P 5000 -o StrictHostKeyChecking=no /jupiter/circe_output/preagg3_lccdec3_4jobthscore3c2#32832043-2#31595454-2#15459182-2#73898194-2#68326659-2#60054993 root@10.111.185.10:/jupiter/circe_input/
DEBUG:transfer.py:transfer successful!
INFO:circe.py:runtime_stat:{"task_name": "circe", "event": "new_input_file", "filename": "score3b_preagg3_5jobth2#24534693-2#38097797-2#81660539-2#56885671-2#75260877-2#56040019", "unix_time": 1620678091.70179}
INFO:ccdag_utils.py:runtime_stat:{"task_name": "preagg3", "event": "queue_start_process", "filename": "score3b_preagg3_5jobth2#24534693-2#38097797-2#81660539-2#56885671-2#75260877-2#56040019", "unix_time": 1620678092.3870463}
INFO:circe.py:runtime_stat:{"task_name": "circe", "event": "new_input_file", "filename": "score3c_preagg3_5jobth2#24534693-2#38097797-2#81660539-2#56885671-2#75260877-2#56040019", "unix_time": 1620678092.8947585}
INFO:ccdag_utils.py:runtime_stat:{"task_name": "preagg3", "event": "queue_start_process", "filename": "score3c_preagg3_5jobth2#24534693-2#38097797-2#81660539-2#56885671-2#75260877-2#56040019", "unix_time": 1620678093.4480708}
INFO:circe.py:runtime_stat:{"task_name": "circe", "event": "new_input_file", "filename": "score3a_preagg3_5jobth2#24534693-2#38097797-2#81660539-2#56885671-2#75260877-2#56040019", "unix_time": 1620678100.6188333}
INFO:ccdag_utils.py:runtime_stat:{"task_name": "preagg3", "event": "queue_start_process", "filename": "score3a_preagg3_5jobth2#24534693-2#38097797-2#81660539-2#56885671-2#75260877-2#56040019", "unix_time": 1620678101.516498}
preagg3_lccdec3_5jobthscore3a2#24534693-2#38097797-2#81660539-2#56885671-2#75260877-2#56040019
INFO:circe.py:runtime_stat:{"task_name": "circe", "event": "new_output_file", "filename": "preagg3_lccdec3_5jobthscore3a2#24534693-2#38097797-2#81660539-2#56885671-2#75260877-2#56040019", "unix_time": 1620678101.5863185}
DEBUG:transfer.py:sshpass -p PASSWORD scp -P 5000 -o StrictHostKeyChecking=no /jupiter/circe_output/preagg3_lccdec3_5jobthscore3a2#24534693-2#38097797-2#81660539-2#56885671-2#75260877-2#56040019 root@10.111.185.10:/jupiter/circe_input/
INFO:ccdag_utils.py:runtime_stat:{"task_name": "preagg3", "event": "queue_end_process", "filename": "preagg3_lccdec3_5jobthscore3a2#24534693-2#38097797-2#81660539-2#56885671-2#75260877-2#56040019", "unix_time": 1620678101.5922008}
preagg3_lccdec3_5jobthscore3b2#24534693-2#38097797-2#81660539-2#56885671-2#75260877-2#56040019
INFO:ccdag_utils.py:runtime_stat:{"task_name": "preagg3", "event": "queue_end_process", "filename": "preagg3_lccdec3_5jobthscore3b2#24534693-2#38097797-2#81660539-2#56885671-2#75260877-2#56040019", "unix_time": 1620678101.5978303}
preagg3_lccdec3_5jobthscore3c2#24534693-2#38097797-2#81660539-2#56885671-2#75260877-2#56040019
INFO:ccdag_utils.py:runtime_stat:{"task_name": "preagg3", "event": "queue_end_process", "filename": "preagg3_lccdec3_5jobthscore3c2#24534693-2#38097797-2#81660539-2#56885671-2#75260877-2#56040019", "unix_time": 1620678101.6024506}
DEBUG:transfer.py:transfer successful!
INFO:circe.py:runtime_stat:{"task_name": "circe", "event": "new_output_file", "filename": "preagg3_lccdec3_5jobthscore3b2#24534693-2#38097797-2#81660539-2#56885671-2#75260877-2#56040019", "unix_time": 1620678101.8011966}
DEBUG:transfer.py:sshpass -p PASSWORD scp -P 5000 -o StrictHostKeyChecking=no /jupiter/circe_output/preagg3_lccdec3_5jobthscore3b2#24534693-2#38097797-2#81660539-2#56885671-2#75260877-2#56040019 root@10.111.185.10:/jupiter/circe_input/
DEBUG:transfer.py:transfer successful!
INFO:circe.py:runtime_stat:{"task_name": "circe", "event": "new_output_file", "filename": "preagg3_lccdec3_5jobthscore3c2#24534693-2#38097797-2#81660539-2#56885671-2#75260877-2#56040019", "unix_time": 1620678102.0269325}
DEBUG:transfer.py:sshpass -p PASSWORD scp -P 5000 -o StrictHostKeyChecking=no /jupiter/circe_output/preagg3_lccdec3_5jobthscore3c2#24534693-2#38097797-2#81660539-2#56885671-2#75260877-2#56040019 root@10.111.185.10:/jupiter/circe_input/
DEBUG:transfer.py:transfer successful!
INFO:circe.py:runtime_stat:{"task_name": "circe", "event": "new_input_file", "filename": "score3b_preagg3_6jobth2#84178941-2#45077117-2#53275535-2#84292401-2#51370977-2#99491731", "unix_time": 1620678125.2243576}
INFO:ccdag_utils.py:runtime_stat:{"task_name": "preagg3", "event": "queue_start_process", "filename": "score3b_preagg3_6jobth2#84178941-2#45077117-2#53275535-2#84292401-2#51370977-2#99491731", "unix_time": 1620678125.6281574}
INFO:circe.py:runtime_stat:{"task_name": "circe", "event": "new_input_file", "filename": "score3c_preagg3_6jobth2#84178941-2#45077117-2#53275535-2#84292401-2#51370977-2#99491731", "unix_time": 1620678126.4615781}
INFO:ccdag_utils.py:runtime_stat:{"task_name": "preagg3", "event": "queue_start_process", "filename": "score3c_preagg3_6jobth2#84178941-2#45077117-2#53275535-2#84292401-2#51370977-2#99491731", "unix_time": 1620678126.6971586}
INFO:circe.py:runtime_stat:{"task_name": "circe", "event": "new_input_file", "filename": "score3a_preagg3_6jobth2#84178941-2#45077117-2#53275535-2#84292401-2#51370977-2#99491731", "unix_time": 1620678135.1100035}
INFO:ccdag_utils.py:runtime_stat:{"task_name": "preagg3", "event": "queue_start_process", "filename": "score3a_preagg3_6jobth2#84178941-2#45077117-2#53275535-2#84292401-2#51370977-2#99491731", "unix_time": 1620678135.7740014}
preagg3_lccdec3_6jobthscore3a2#84178941-2#45077117-2#53275535-2#84292401-2#51370977-2#99491731
INFO:circe.py:runtime_stat:{"task_name": "circe", "event": "new_output_file", "filename": "preagg3_lccdec3_6jobthscore3a2#84178941-2#45077117-2#53275535-2#84292401-2#51370977-2#99491731", "unix_time": 1620678135.850476}
DEBUG:transfer.py:sshpass -p PASSWORD scp -P 5000 -o StrictHostKeyChecking=no /jupiter/circe_output/preagg3_lccdec3_6jobthscore3a2#84178941-2#45077117-2#53275535-2#84292401-2#51370977-2#99491731 root@10.111.185.10:/jupiter/circe_input/
INFO:ccdag_utils.py:runtime_stat:{"task_name": "preagg3", "event": "queue_end_process", "filename": "preagg3_lccdec3_6jobthscore3a2#84178941-2#45077117-2#53275535-2#84292401-2#51370977-2#99491731", "unix_time": 1620678135.8521585}
preagg3_lccdec3_6jobthscore3b2#84178941-2#45077117-2#53275535-2#84292401-2#51370977-2#99491731
INFO:ccdag_utils.py:runtime_stat:{"task_name": "preagg3", "event": "queue_end_process", "filename": "preagg3_lccdec3_6jobthscore3b2#84178941-2#45077117-2#53275535-2#84292401-2#51370977-2#99491731", "unix_time": 1620678135.8629968}
preagg3_lccdec3_6jobthscore3c2#84178941-2#45077117-2#53275535-2#84292401-2#51370977-2#99491731
INFO:ccdag_utils.py:runtime_stat:{"task_name": "preagg3", "event": "queue_end_process", "filename": "preagg3_lccdec3_6jobthscore3c2#84178941-2#45077117-2#53275535-2#84292401-2#51370977-2#99491731", "unix_time": 1620678135.867632}
DEBUG:transfer.py:transfer successful!
INFO:circe.py:runtime_stat:{"task_name": "circe", "event": "new_output_file", "filename": "preagg3_lccdec3_6jobthscore3b2#84178941-2#45077117-2#53275535-2#84292401-2#51370977-2#99491731", "unix_time": 1620678136.0676894}
DEBUG:transfer.py:sshpass -p PASSWORD scp -P 5000 -o StrictHostKeyChecking=no /jupiter/circe_output/preagg3_lccdec3_6jobthscore3b2#84178941-2#45077117-2#53275535-2#84292401-2#51370977-2#99491731 root@10.111.185.10:/jupiter/circe_input/
DEBUG:transfer.py:transfer successful!
INFO:circe.py:runtime_stat:{"task_name": "circe", "event": "new_output_file", "filename": "preagg3_lccdec3_6jobthscore3c2#84178941-2#45077117-2#53275535-2#84292401-2#51370977-2#99491731", "unix_time": 1620678136.2859268}
DEBUG:transfer.py:sshpass -p PASSWORD scp -P 5000 -o StrictHostKeyChecking=no /jupiter/circe_output/preagg3_lccdec3_6jobthscore3c2#84178941-2#45077117-2#53275535-2#84292401-2#51370977-2#99491731 root@10.111.185.10:/jupiter/circe_input/
DEBUG:transfer.py:transfer successful!
