 * Starting OpenBSD Secure Shell server sshd
   ...done.
INFO:circe.py:Using base script preagg.py
DEBUG:circe.py:starting the input monitoring process
DEBUG:circe.py:starting the output monitoring process
1
INFO:circe.py:runtime_stat:{"task_name": "circe", "event": "new_input_file", "filename": "score1b_preagg1_1jobth0#85951598-0#81021957-0#31785444-0#02390893-0#50226900-0#83908276", "unix_time": 1620677579.1871915}
INFO:ccdag_utils.py:runtime_stat:{"task_name": "preagg1", "event": "queue_start_process", "filename": "score1b_preagg1_1jobth0#85951598-0#81021957-0#31785444-0#02390893-0#50226900-0#83908276", "unix_time": 1620677579.6989684}
INFO:circe.py:runtime_stat:{"task_name": "circe", "event": "new_input_file", "filename": "score1c_preagg1_1jobth0#85951598-0#81021957-0#31785444-0#02390893-0#50226900-0#83908276", "unix_time": 1620677580.7637293}
INFO:ccdag_utils.py:runtime_stat:{"task_name": "preagg1", "event": "queue_start_process", "filename": "score1c_preagg1_1jobth0#85951598-0#81021957-0#31785444-0#02390893-0#50226900-0#83908276", "unix_time": 1620677580.7716289}
INFO:circe.py:runtime_stat:{"task_name": "circe", "event": "new_input_file", "filename": "score1a_preagg1_1jobth0#85951598-0#81021957-0#31785444-0#02390893-0#50226900-0#83908276", "unix_time": 1620677588.475802}
INFO:ccdag_utils.py:runtime_stat:{"task_name": "preagg1", "event": "queue_start_process", "filename": "score1a_preagg1_1jobth0#85951598-0#81021957-0#31785444-0#02390893-0#50226900-0#83908276", "unix_time": 1620677588.8415856}
preagg1_lccdec1_1jobthscore1a0#85951598-0#81021957-0#31785444-0#02390893-0#50226900-0#83908276
INFO:circe.py:runtime_stat:{"task_name": "circe", "event": "new_output_file", "filename": "preagg1_lccdec1_1jobthscore1a0#85951598-0#81021957-0#31785444-0#02390893-0#50226900-0#83908276", "unix_time": 1620677588.9128838}
DEBUG:transfer.py:sshpass -p PASSWORD scp -P 5000 -o StrictHostKeyChecking=no /jupiter/circe_output/preagg1_lccdec1_1jobthscore1a0#85951598-0#81021957-0#31785444-0#02390893-0#50226900-0#83908276 root@10.108.45.224:/jupiter/circe_input/
INFO:ccdag_utils.py:runtime_stat:{"task_name": "preagg1", "event": "queue_end_process", "filename": "preagg1_lccdec1_1jobthscore1a0#85951598-0#81021957-0#31785444-0#02390893-0#50226900-0#83908276", "unix_time": 1620677588.9178936}
preagg1_lccdec1_1jobthscore1b0#85951598-0#81021957-0#31785444-0#02390893-0#50226900-0#83908276
INFO:ccdag_utils.py:runtime_stat:{"task_name": "preagg1", "event": "queue_end_process", "filename": "preagg1_lccdec1_1jobthscore1b0#85951598-0#81021957-0#31785444-0#02390893-0#50226900-0#83908276", "unix_time": 1620677588.9253135}
preagg1_lccdec1_1jobthscore1c0#85951598-0#81021957-0#31785444-0#02390893-0#50226900-0#83908276
INFO:ccdag_utils.py:runtime_stat:{"task_name": "preagg1", "event": "queue_end_process", "filename": "preagg1_lccdec1_1jobthscore1c0#85951598-0#81021957-0#31785444-0#02390893-0#50226900-0#83908276", "unix_time": 1620677588.9292312}
Warning: Permanently added '[10.108.45.224]:5000' (ECDSA) to the list of known hosts.
DEBUG:transfer.py:transfer successful!
INFO:circe.py:runtime_stat:{"task_name": "circe", "event": "new_output_file", "filename": "preagg1_lccdec1_1jobthscore1b0#85951598-0#81021957-0#31785444-0#02390893-0#50226900-0#83908276", "unix_time": 1620677589.1311965}
DEBUG:transfer.py:sshpass -p PASSWORD scp -P 5000 -o StrictHostKeyChecking=no /jupiter/circe_output/preagg1_lccdec1_1jobthscore1b0#85951598-0#81021957-0#31785444-0#02390893-0#50226900-0#83908276 root@10.108.45.224:/jupiter/circe_input/
DEBUG:transfer.py:transfer successful!
INFO:circe.py:runtime_stat:{"task_name": "circe", "event": "new_output_file", "filename": "preagg1_lccdec1_1jobthscore1c0#85951598-0#81021957-0#31785444-0#02390893-0#50226900-0#83908276", "unix_time": 1620677589.3540053}
DEBUG:transfer.py:sshpass -p PASSWORD scp -P 5000 -o StrictHostKeyChecking=no /jupiter/circe_output/preagg1_lccdec1_1jobthscore1c0#85951598-0#81021957-0#31785444-0#02390893-0#50226900-0#83908276 root@10.108.45.224:/jupiter/circe_input/
DEBUG:transfer.py:transfer successful!
INFO:circe.py:runtime_stat:{"task_name": "circe", "event": "new_input_file", "filename": "score1b_preagg1_2jobth0#64294879-0#30712932-0#78418993-0#04307526-0#11909638-0#37374571", "unix_time": 1620677647.0690763}
INFO:circe.py:runtime_stat:{"task_name": "circe", "event": "new_input_file", "filename": "score1c_preagg1_2jobth0#64294879-0#30712932-0#78418993-0#04307526-0#11909638-0#37374571", "unix_time": 1620677647.5902016}
INFO:ccdag_utils.py:runtime_stat:{"task_name": "preagg1", "event": "queue_start_process", "filename": "score1b_preagg1_2jobth0#64294879-0#30712932-0#78418993-0#04307526-0#11909638-0#37374571", "unix_time": 1620677647.9885032}
INFO:ccdag_utils.py:runtime_stat:{"task_name": "preagg1", "event": "queue_start_process", "filename": "score1c_preagg1_2jobth0#64294879-0#30712932-0#78418993-0#04307526-0#11909638-0#37374571", "unix_time": 1620677648.055942}
INFO:circe.py:runtime_stat:{"task_name": "circe", "event": "new_input_file", "filename": "score1a_preagg1_2jobth0#64294879-0#30712932-0#78418993-0#04307526-0#11909638-0#37374571", "unix_time": 1620677656.291383}
INFO:ccdag_utils.py:runtime_stat:{"task_name": "preagg1", "event": "queue_start_process", "filename": "score1a_preagg1_2jobth0#64294879-0#30712932-0#78418993-0#04307526-0#11909638-0#37374571", "unix_time": 1620677657.124326}
preagg1_lccdec1_2jobthscore1a0#64294879-0#30712932-0#78418993-0#04307526-0#11909638-0#37374571
INFO:circe.py:runtime_stat:{"task_name": "circe", "event": "new_output_file", "filename": "preagg1_lccdec1_2jobthscore1a0#64294879-0#30712932-0#78418993-0#04307526-0#11909638-0#37374571", "unix_time": 1620677657.1893313}
DEBUG:transfer.py:sshpass -p PASSWORD scp -P 5000 -o StrictHostKeyChecking=no /jupiter/circe_output/preagg1_lccdec1_2jobthscore1a0#64294879-0#30712932-0#78418993-0#04307526-0#11909638-0#37374571 root@10.108.45.224:/jupiter/circe_input/
INFO:ccdag_utils.py:runtime_stat:{"task_name": "preagg1", "event": "queue_end_process", "filename": "preagg1_lccdec1_2jobthscore1a0#64294879-0#30712932-0#78418993-0#04307526-0#11909638-0#37374571", "unix_time": 1620677657.1942801}
preagg1_lccdec1_2jobthscore1b0#64294879-0#30712932-0#78418993-0#04307526-0#11909638-0#37374571
INFO:ccdag_utils.py:runtime_stat:{"task_name": "preagg1", "event": "queue_end_process", "filename": "preagg1_lccdec1_2jobthscore1b0#64294879-0#30712932-0#78418993-0#04307526-0#11909638-0#37374571", "unix_time": 1620677657.2012858}
preagg1_lccdec1_2jobthscore1c0#64294879-0#30712932-0#78418993-0#04307526-0#11909638-0#37374571
INFO:ccdag_utils.py:runtime_stat:{"task_name": "preagg1", "event": "queue_end_process", "filename": "preagg1_lccdec1_2jobthscore1c0#64294879-0#30712932-0#78418993-0#04307526-0#11909638-0#37374571", "unix_time": 1620677657.206871}
DEBUG:transfer.py:transfer successful!
INFO:circe.py:runtime_stat:{"task_name": "circe", "event": "new_output_file", "filename": "preagg1_lccdec1_2jobthscore1b0#64294879-0#30712932-0#78418993-0#04307526-0#11909638-0#37374571", "unix_time": 1620677657.4072561}
DEBUG:transfer.py:sshpass -p PASSWORD scp -P 5000 -o StrictHostKeyChecking=no /jupiter/circe_output/preagg1_lccdec1_2jobthscore1b0#64294879-0#30712932-0#78418993-0#04307526-0#11909638-0#37374571 root@10.108.45.224:/jupiter/circe_input/
DEBUG:transfer.py:transfer successful!
INFO:circe.py:runtime_stat:{"task_name": "circe", "event": "new_output_file", "filename": "preagg1_lccdec1_2jobthscore1c0#64294879-0#30712932-0#78418993-0#04307526-0#11909638-0#37374571", "unix_time": 1620677657.6188073}
DEBUG:transfer.py:sshpass -p PASSWORD scp -P 5000 -o StrictHostKeyChecking=no /jupiter/circe_output/preagg1_lccdec1_2jobthscore1c0#64294879-0#30712932-0#78418993-0#04307526-0#11909638-0#37374571 root@10.108.45.224:/jupiter/circe_input/
DEBUG:transfer.py:transfer successful!
INFO:circe.py:runtime_stat:{"task_name": "circe", "event": "new_input_file", "filename": "score1b_preagg1_3jobth0#09000391-0#22309388-0#57031237-0#23606614-0#24887998-0#51951277", "unix_time": 1620677703.873592}
INFO:ccdag_utils.py:runtime_stat:{"task_name": "preagg1", "event": "queue_start_process", "filename": "score1b_preagg1_3jobth0#09000391-0#22309388-0#57031237-0#23606614-0#24887998-0#51951277", "unix_time": 1620677704.2545455}
INFO:circe.py:runtime_stat:{"task_name": "circe", "event": "new_input_file", "filename": "score1c_preagg1_3jobth0#09000391-0#22309388-0#57031237-0#23606614-0#24887998-0#51951277", "unix_time": 1620677705.4095833}
INFO:ccdag_utils.py:runtime_stat:{"task_name": "preagg1", "event": "queue_start_process", "filename": "score1c_preagg1_3jobth0#09000391-0#22309388-0#57031237-0#23606614-0#24887998-0#51951277", "unix_time": 1620677706.3216226}
INFO:circe.py:runtime_stat:{"task_name": "circe", "event": "new_input_file", "filename": "score1a_preagg1_3jobth0#09000391-0#22309388-0#57031237-0#23606614-0#24887998-0#51951277", "unix_time": 1620677713.1752763}
INFO:ccdag_utils.py:runtime_stat:{"task_name": "preagg1", "event": "queue_start_process", "filename": "score1a_preagg1_3jobth0#09000391-0#22309388-0#57031237-0#23606614-0#24887998-0#51951277", "unix_time": 1620677713.3926477}
preagg1_lccdec1_3jobthscore1a0#09000391-0#22309388-0#57031237-0#23606614-0#24887998-0#51951277
INFO:circe.py:runtime_stat:{"task_name": "circe", "event": "new_output_file", "filename": "preagg1_lccdec1_3jobthscore1a0#09000391-0#22309388-0#57031237-0#23606614-0#24887998-0#51951277", "unix_time": 1620677713.4557455}
DEBUG:transfer.py:sshpass -p PASSWORD scp -P 5000 -o StrictHostKeyChecking=no /jupiter/circe_output/preagg1_lccdec1_3jobthscore1a0#09000391-0#22309388-0#57031237-0#23606614-0#24887998-0#51951277 root@10.108.45.224:/jupiter/circe_input/
INFO:ccdag_utils.py:runtime_stat:{"task_name": "preagg1", "event": "queue_end_process", "filename": "preagg1_lccdec1_3jobthscore1a0#09000391-0#22309388-0#57031237-0#23606614-0#24887998-0#51951277", "unix_time": 1620677713.4616885}
preagg1_lccdec1_3jobthscore1b0#09000391-0#22309388-0#57031237-0#23606614-0#24887998-0#51951277
INFO:ccdag_utils.py:runtime_stat:{"task_name": "preagg1", "event": "queue_end_process", "filename": "preagg1_lccdec1_3jobthscore1b0#09000391-0#22309388-0#57031237-0#23606614-0#24887998-0#51951277", "unix_time": 1620677713.4674222}
preagg1_lccdec1_3jobthscore1c0#09000391-0#22309388-0#57031237-0#23606614-0#24887998-0#51951277
INFO:ccdag_utils.py:runtime_stat:{"task_name": "preagg1", "event": "queue_end_process", "filename": "preagg1_lccdec1_3jobthscore1c0#09000391-0#22309388-0#57031237-0#23606614-0#24887998-0#51951277", "unix_time": 1620677713.4719443}
DEBUG:transfer.py:transfer successful!
INFO:circe.py:runtime_stat:{"task_name": "circe", "event": "new_output_file", "filename": "preagg1_lccdec1_3jobthscore1b0#09000391-0#22309388-0#57031237-0#23606614-0#24887998-0#51951277", "unix_time": 1620677713.6750283}
DEBUG:transfer.py:sshpass -p PASSWORD scp -P 5000 -o StrictHostKeyChecking=no /jupiter/circe_output/preagg1_lccdec1_3jobthscore1b0#09000391-0#22309388-0#57031237-0#23606614-0#24887998-0#51951277 root@10.108.45.224:/jupiter/circe_input/
DEBUG:transfer.py:transfer successful!
INFO:circe.py:runtime_stat:{"task_name": "circe", "event": "new_output_file", "filename": "preagg1_lccdec1_3jobthscore1c0#09000391-0#22309388-0#57031237-0#23606614-0#24887998-0#51951277", "unix_time": 1620677713.894578}
DEBUG:transfer.py:sshpass -p PASSWORD scp -P 5000 -o StrictHostKeyChecking=no /jupiter/circe_output/preagg1_lccdec1_3jobthscore1c0#09000391-0#22309388-0#57031237-0#23606614-0#24887998-0#51951277 root@10.108.45.224:/jupiter/circe_input/
DEBUG:transfer.py:transfer successful!
INFO:circe.py:runtime_stat:{"task_name": "circe", "event": "new_input_file", "filename": "score1b_preagg1_4jobth0#81393912-0#46962369-0#36854627-1#15383903-1#21452518-1#74814713", "unix_time": 1620677930.8976047}
INFO:ccdag_utils.py:runtime_stat:{"task_name": "preagg1", "event": "queue_start_process", "filename": "score1b_preagg1_4jobth0#81393912-0#46962369-0#36854627-1#15383903-1#21452518-1#74814713", "unix_time": 1620677931.6992867}
INFO:circe.py:runtime_stat:{"task_name": "circe", "event": "new_input_file", "filename": "score1c_preagg1_4jobth0#81393912-0#46962369-0#36854627-1#15383903-1#21452518-1#74814713", "unix_time": 1620677933.2028346}
INFO:ccdag_utils.py:runtime_stat:{"task_name": "preagg1", "event": "queue_start_process", "filename": "score1c_preagg1_4jobth0#81393912-0#46962369-0#36854627-1#15383903-1#21452518-1#74814713", "unix_time": 1620677933.769037}
INFO:circe.py:runtime_stat:{"task_name": "circe", "event": "new_input_file", "filename": "score1a_preagg1_4jobth0#81393912-0#46962369-0#36854627-1#15383903-1#21452518-1#74814713", "unix_time": 1620677939.2097917}
INFO:ccdag_utils.py:runtime_stat:{"task_name": "preagg1", "event": "queue_start_process", "filename": "score1a_preagg1_4jobth0#81393912-0#46962369-0#36854627-1#15383903-1#21452518-1#74814713", "unix_time": 1620677939.8412426}
preagg1_lccdec1_4jobthscore1a0#81393912-0#46962369-0#36854627-1#15383903-1#21452518-1#74814713
INFO:circe.py:runtime_stat:{"task_name": "circe", "event": "new_output_file", "filename": "preagg1_lccdec1_4jobthscore1a0#81393912-0#46962369-0#36854627-1#15383903-1#21452518-1#74814713", "unix_time": 1620677939.9099984}
DEBUG:transfer.py:sshpass -p PASSWORD scp -P 5000 -o StrictHostKeyChecking=no /jupiter/circe_output/preagg1_lccdec1_4jobthscore1a0#81393912-0#46962369-0#36854627-1#15383903-1#21452518-1#74814713 root@10.108.45.224:/jupiter/circe_input/
INFO:ccdag_utils.py:runtime_stat:{"task_name": "preagg1", "event": "queue_end_process", "filename": "preagg1_lccdec1_4jobthscore1a0#81393912-0#46962369-0#36854627-1#15383903-1#21452518-1#74814713", "unix_time": 1620677939.916413}
preagg1_lccdec1_4jobthscore1b0#81393912-0#46962369-0#36854627-1#15383903-1#21452518-1#74814713
INFO:ccdag_utils.py:runtime_stat:{"task_name": "preagg1", "event": "queue_end_process", "filename": "preagg1_lccdec1_4jobthscore1b0#81393912-0#46962369-0#36854627-1#15383903-1#21452518-1#74814713", "unix_time": 1620677939.9223788}
preagg1_lccdec1_4jobthscore1c0#81393912-0#46962369-0#36854627-1#15383903-1#21452518-1#74814713
INFO:ccdag_utils.py:runtime_stat:{"task_name": "preagg1", "event": "queue_end_process", "filename": "preagg1_lccdec1_4jobthscore1c0#81393912-0#46962369-0#36854627-1#15383903-1#21452518-1#74814713", "unix_time": 1620677939.9273353}
DEBUG:transfer.py:transfer successful!
INFO:circe.py:runtime_stat:{"task_name": "circe", "event": "new_output_file", "filename": "preagg1_lccdec1_4jobthscore1b0#81393912-0#46962369-0#36854627-1#15383903-1#21452518-1#74814713", "unix_time": 1620677940.132303}
DEBUG:transfer.py:sshpass -p PASSWORD scp -P 5000 -o StrictHostKeyChecking=no /jupiter/circe_output/preagg1_lccdec1_4jobthscore1b0#81393912-0#46962369-0#36854627-1#15383903-1#21452518-1#74814713 root@10.108.45.224:/jupiter/circe_input/
DEBUG:transfer.py:transfer successful!
INFO:circe.py:runtime_stat:{"task_name": "circe", "event": "new_output_file", "filename": "preagg1_lccdec1_4jobthscore1c0#81393912-0#46962369-0#36854627-1#15383903-1#21452518-1#74814713", "unix_time": 1620677940.356892}
DEBUG:transfer.py:sshpass -p PASSWORD scp -P 5000 -o StrictHostKeyChecking=no /jupiter/circe_output/preagg1_lccdec1_4jobthscore1c0#81393912-0#46962369-0#36854627-1#15383903-1#21452518-1#74814713 root@10.108.45.224:/jupiter/circe_input/
DEBUG:transfer.py:transfer successful!
