 * Starting OpenBSD Secure Shell server sshd
   ...done.
INFO:circe.py:Using base script score.py
DEBUG:circe.py:starting the input monitoring process
DEBUG:circe.py:starting the output monitoring process
INFO:circe.py:runtime_stat:{"task_name": "circe", "event": "new_input_file", "filename": "lccenc3_score3a_2#98137027-2#86518867-2#12457475-2#44456370-2#14611509-2#69212345jobid1.csv", "unix_time": 1620677971.4911504}
INFO:ccdag_utils.py:runtime_stat:{"task_name": "score3a", "event": "queue_start_process", "filename": "lccenc3_score3a_2#98137027-2#86518867-2#12457475-2#44456370-2#14611509-2#69212345jobid1.csv", "unix_time": 1620677972.1441581}
['whitewolf21.JPEG', 'whitewolf22.JPEG', 'whitewolf23.JPEG', 'whitewolf24.JPEG', 'whitewolf25.JPEG', 'whitewolf26.JPEG', 'whitewolf27.JPEG', 'whitewolf28.JPEG', 'whitewolf29.JPEG', 'whitewolf30.JPEG']
INFO:circe.py:runtime_stat:{"task_name": "circe", "event": "new_input_file", "filename": "lccenc3_score3a_2#25175006-2#72957396-2#25053289-2#34953540-2#83552088-2#24062244jobid2.csv", "unix_time": 1620677983.775857}
INFO:circe.py:runtime_stat:{"task_name": "circe", "event": "new_output_file", "filename": "score3a_preagg3_1jobth2#98137027-2#86518867-2#12457475-2#44456370-2#14611509-2#69212345", "unix_time": 1620677987.3531466}
DEBUG:transfer.py:sshpass -p PASSWORD scp -P 5000 -o StrictHostKeyChecking=no /jupiter/circe_output/score3a_preagg3_1jobth2#98137027-2#86518867-2#12457475-2#44456370-2#14611509-2#69212345 root@10.103.22.36:/jupiter/circe_input/
INFO:ccdag_utils.py:runtime_stat:{"task_name": "score3a", "event": "queue_end_process", "filename": "score3a_preagg3_1jobth2#98137027-2#86518867-2#12457475-2#44456370-2#14611509-2#69212345", "unix_time": 1620677987.3609343}
INFO:ccdag_utils.py:runtime_stat:{"task_name": "score3a", "event": "queue_start_process", "filename": "lccenc3_score3a_2#25175006-2#72957396-2#25053289-2#34953540-2#83552088-2#24062244jobid2.csv", "unix_time": 1620677987.3627467}
['whitewolf21.JPEG', 'whitewolf22.JPEG', 'whitewolf23.JPEG', 'whitewolf24.JPEG', 'whitewolf25.JPEG', 'whitewolf26.JPEG', 'whitewolf27.JPEG', 'whitewolf28.JPEG', 'whitewolf29.JPEG', 'whitewolf30.JPEG']
Warning: Permanently added '[10.103.22.36]:5000' (ECDSA) to the list of known hosts.
DEBUG:transfer.py:transfer successful!
INFO:circe.py:runtime_stat:{"task_name": "circe", "event": "new_output_file", "filename": "score3a_preagg3_2jobth2#25175006-2#72957396-2#25053289-2#34953540-2#83552088-2#24062244", "unix_time": 1620677998.8537102}
DEBUG:transfer.py:sshpass -p PASSWORD scp -P 5000 -o StrictHostKeyChecking=no /jupiter/circe_output/score3a_preagg3_2jobth2#25175006-2#72957396-2#25053289-2#34953540-2#83552088-2#24062244 root@10.103.22.36:/jupiter/circe_input/
INFO:ccdag_utils.py:runtime_stat:{"task_name": "score3a", "event": "queue_end_process", "filename": "score3a_preagg3_2jobth2#25175006-2#72957396-2#25053289-2#34953540-2#83552088-2#24062244", "unix_time": 1620677998.8597915}
DEBUG:transfer.py:transfer successful!
INFO:circe.py:runtime_stat:{"task_name": "circe", "event": "new_input_file", "filename": "lccenc3_score3a_2#98812588-2#80917959-2#58602630-2#98954036-2#15099195-2#02723424jobid3.csv", "unix_time": 1620678006.2500212}
INFO:ccdag_utils.py:runtime_stat:{"task_name": "score3a", "event": "queue_start_process", "filename": "lccenc3_score3a_2#98812588-2#80917959-2#58602630-2#98954036-2#15099195-2#02723424jobid3.csv", "unix_time": 1620678006.8694754}
['whitewolf21.JPEG', 'whitewolf22.JPEG', 'whitewolf23.JPEG', 'whitewolf24.JPEG', 'whitewolf25.JPEG', 'whitewolf26.JPEG', 'whitewolf27.JPEG', 'whitewolf28.JPEG', 'whitewolf29.JPEG', 'whitewolf30.JPEG']
INFO:circe.py:runtime_stat:{"task_name": "circe", "event": "new_output_file", "filename": "score3a_preagg3_3jobth2#98812588-2#80917959-2#58602630-2#98954036-2#15099195-2#02723424", "unix_time": 1620678018.2712994}
DEBUG:transfer.py:sshpass -p PASSWORD scp -P 5000 -o StrictHostKeyChecking=no /jupiter/circe_output/score3a_preagg3_3jobth2#98812588-2#80917959-2#58602630-2#98954036-2#15099195-2#02723424 root@10.103.22.36:/jupiter/circe_input/
INFO:ccdag_utils.py:runtime_stat:{"task_name": "score3a", "event": "queue_end_process", "filename": "score3a_preagg3_3jobth2#98812588-2#80917959-2#58602630-2#98954036-2#15099195-2#02723424", "unix_time": 1620678018.2846732}
DEBUG:transfer.py:transfer successful!
INFO:circe.py:runtime_stat:{"task_name": "circe", "event": "new_input_file", "filename": "lccenc3_score3a_2#32832043-2#31595454-2#15459182-2#73898194-2#68326659-2#60054993jobid4.csv", "unix_time": 1620678044.506694}
INFO:ccdag_utils.py:runtime_stat:{"task_name": "score3a", "event": "queue_start_process", "filename": "lccenc3_score3a_2#32832043-2#31595454-2#15459182-2#73898194-2#68326659-2#60054993jobid4.csv", "unix_time": 1620678045.3263638}
['whitewolf21.JPEG', 'whitewolf22.JPEG', 'whitewolf23.JPEG', 'whitewolf24.JPEG', 'whitewolf25.JPEG', 'whitewolf26.JPEG', 'whitewolf27.JPEG', 'whitewolf28.JPEG', 'whitewolf29.JPEG', 'whitewolf30.JPEG']
INFO:circe.py:runtime_stat:{"task_name": "circe", "event": "new_output_file", "filename": "score3a_preagg3_4jobth2#32832043-2#31595454-2#15459182-2#73898194-2#68326659-2#60054993", "unix_time": 1620678056.8318367}
DEBUG:transfer.py:sshpass -p PASSWORD scp -P 5000 -o StrictHostKeyChecking=no /jupiter/circe_output/score3a_preagg3_4jobth2#32832043-2#31595454-2#15459182-2#73898194-2#68326659-2#60054993 root@10.103.22.36:/jupiter/circe_input/
INFO:ccdag_utils.py:runtime_stat:{"task_name": "score3a", "event": "queue_end_process", "filename": "score3a_preagg3_4jobth2#32832043-2#31595454-2#15459182-2#73898194-2#68326659-2#60054993", "unix_time": 1620678056.8328948}
DEBUG:transfer.py:transfer successful!
INFO:circe.py:runtime_stat:{"task_name": "circe", "event": "new_input_file", "filename": "lccenc3_score3a_2#24534693-2#38097797-2#81660539-2#56885671-2#75260877-2#56040019jobid5.csv", "unix_time": 1620678088.8234696}
INFO:ccdag_utils.py:runtime_stat:{"task_name": "score3a", "event": "queue_start_process", "filename": "lccenc3_score3a_2#24534693-2#38097797-2#81660539-2#56885671-2#75260877-2#56040019jobid5.csv", "unix_time": 1620678088.8760934}
['whitewolf21.JPEG', 'whitewolf22.JPEG', 'whitewolf23.JPEG', 'whitewolf24.JPEG', 'whitewolf25.JPEG', 'whitewolf26.JPEG', 'whitewolf27.JPEG', 'whitewolf28.JPEG', 'whitewolf29.JPEG', 'whitewolf30.JPEG']
INFO:circe.py:runtime_stat:{"task_name": "circe", "event": "new_output_file", "filename": "score3a_preagg3_5jobth2#24534693-2#38097797-2#81660539-2#56885671-2#75260877-2#56040019", "unix_time": 1620678100.3768296}
DEBUG:transfer.py:sshpass -p PASSWORD scp -P 5000 -o StrictHostKeyChecking=no /jupiter/circe_output/score3a_preagg3_5jobth2#24534693-2#38097797-2#81660539-2#56885671-2#75260877-2#56040019 root@10.103.22.36:/jupiter/circe_input/
INFO:ccdag_utils.py:runtime_stat:{"task_name": "score3a", "event": "queue_end_process", "filename": "score3a_preagg3_5jobth2#24534693-2#38097797-2#81660539-2#56885671-2#75260877-2#56040019", "unix_time": 1620678100.382782}
DEBUG:transfer.py:transfer successful!
INFO:circe.py:runtime_stat:{"task_name": "circe", "event": "new_input_file", "filename": "lccenc3_score3a_2#84178941-2#45077117-2#53275535-2#84292401-2#51370977-2#99491731jobid6.csv", "unix_time": 1620678122.5919795}
INFO:ccdag_utils.py:runtime_stat:{"task_name": "score3a", "event": "queue_start_process", "filename": "lccenc3_score3a_2#84178941-2#45077117-2#53275535-2#84292401-2#51370977-2#99491731jobid6.csv", "unix_time": 1620678123.4088945}
['whitewolf21.JPEG', 'whitewolf22.JPEG', 'whitewolf23.JPEG', 'whitewolf24.JPEG', 'whitewolf25.JPEG', 'whitewolf26.JPEG', 'whitewolf27.JPEG', 'whitewolf28.JPEG', 'whitewolf29.JPEG', 'whitewolf30.JPEG']
INFO:circe.py:runtime_stat:{"task_name": "circe", "event": "new_output_file", "filename": "score3a_preagg3_6jobth2#84178941-2#45077117-2#53275535-2#84292401-2#51370977-2#99491731", "unix_time": 1620678134.8902004}
DEBUG:transfer.py:sshpass -p PASSWORD scp -P 5000 -o StrictHostKeyChecking=no /jupiter/circe_output/score3a_preagg3_6jobth2#84178941-2#45077117-2#53275535-2#84292401-2#51370977-2#99491731 root@10.103.22.36:/jupiter/circe_input/
INFO:ccdag_utils.py:runtime_stat:{"task_name": "score3a", "event": "queue_end_process", "filename": "score3a_preagg3_6jobth2#84178941-2#45077117-2#53275535-2#84292401-2#51370977-2#99491731", "unix_time": 1620678134.8913476}
DEBUG:transfer.py:transfer successful!
