 * Starting OpenBSD Secure Shell server sshd
   ...done.
INFO:circe.py:Using base script lccenc.py
DEBUG:circe.py:starting the input monitoring process
8
DEBUG:circe.py:starting the output monitoring process
INFO:circe.py:runtime_stat:{"task_name": "circe", "event": "new_input_file", "filename": "storeclass8_lccenc8_25569509imgmongoosejobid11.JPEG", "unix_time": 1620677723.163015}
INFO:circe.py:runtime_stat:{"task_name": "circe", "event": "new_input_file", "filename": "storeclass8_lccenc8_33392092imgmongoosejobid11.JPEG", "unix_time": 1620677723.419521}
INFO:circe.py:runtime_stat:{"task_name": "circe", "event": "new_input_file", "filename": "storeclass8_lccenc8_39354678imgmongoosejobid11.JPEG", "unix_time": 1620677723.647909}
INFO:circe.py:runtime_stat:{"task_name": "circe", "event": "new_input_file", "filename": "storeclass8_lccenc8_92208573imgmongoosejobid11.JPEG", "unix_time": 1620677723.8693178}
INFO:circe.py:runtime_stat:{"task_name": "circe", "event": "new_input_file", "filename": "storeclass8_lccenc8_01840733imgmongoosejobid12.JPEG", "unix_time": 1620677733.162902}
INFO:circe.py:runtime_stat:{"task_name": "circe", "event": "new_input_file", "filename": "storeclass8_lccenc8_78570541imgmongoosejobid12.JPEG", "unix_time": 1620677733.3953896}
INFO:circe.py:runtime_stat:{"task_name": "circe", "event": "new_input_file", "filename": "storeclass8_lccenc8_62885722imgmongoosejobid12.JPEG", "unix_time": 1620677733.6214914}
INFO:ccdag_utils.py:runtime_stat:{"task_name": "lccenc8", "event": "queue_start_process", "filename": "storeclass8_lccenc8_25569509imgmongoosejobid11.JPEG", "unix_time": 1620677734.1359744}
INFO:ccdag_utils.py:runtime_stat:{"task_name": "lccenc8", "event": "queue_start_process", "filename": "storeclass8_lccenc8_33392092imgmongoosejobid11.JPEG", "unix_time": 1620677734.1365008}
INFO:ccdag_utils.py:runtime_stat:{"task_name": "lccenc8", "event": "queue_start_process", "filename": "storeclass8_lccenc8_39354678imgmongoosejobid11.JPEG", "unix_time": 1620677734.1368594}
INFO:ccdag_utils.py:runtime_stat:{"task_name": "lccenc8", "event": "queue_start_process", "filename": "storeclass8_lccenc8_92208573imgmongoosejobid11.JPEG", "unix_time": 1620677734.137188}
INFO:ccdag_utils.py:runtime_stat:{"task_name": "lccenc8", "event": "queue_start_process", "filename": "storeclass8_lccenc8_01840733imgmongoosejobid12.JPEG", "unix_time": 1620677734.1375234}
INFO:ccdag_utils.py:runtime_stat:{"task_name": "lccenc8", "event": "queue_start_process", "filename": "storeclass8_lccenc8_78570541imgmongoosejobid12.JPEG", "unix_time": 1620677734.137853}
INFO:ccdag_utils.py:runtime_stat:{"task_name": "lccenc8", "event": "queue_end_process", "filename": "lccenc8_score8a_7#25569509-7#33392092-7#39354678-7#92208573-7#01840733-7#78570541jobid1.csv", "unix_time": 1620677735.486177}
INFO:circe.py:runtime_stat:{"task_name": "circe", "event": "new_output_file", "filename": "lccenc8_score8a_7#25569509-7#33392092-7#39354678-7#92208573-7#01840733-7#78570541jobid1.csv", "unix_time": 1620677735.4869397}
DEBUG:transfer.py:sshpass -p PASSWORD scp -P 5000 -o StrictHostKeyChecking=no /jupiter/circe_output/lccenc8_score8a_7#25569509-7#33392092-7#39354678-7#92208573-7#01840733-7#78570541jobid1.csv root@10.108.18.49:/jupiter/circe_input/
Warning: Permanently added '[10.108.18.49]:5000' (ECDSA) to the list of known hosts.
INFO:ccdag_utils.py:runtime_stat:{"task_name": "lccenc8", "event": "queue_end_process", "filename": "lccenc8_score8b_7#25569509-7#33392092-7#39354678-7#92208573-7#01840733-7#78570541jobid1.csv", "unix_time": 1620677736.468924}
DEBUG:transfer.py:transfer successful!
INFO:circe.py:runtime_stat:{"task_name": "circe", "event": "new_output_file", "filename": "lccenc8_score8b_7#25569509-7#33392092-7#39354678-7#92208573-7#01840733-7#78570541jobid1.csv", "unix_time": 1620677736.9512415}
DEBUG:transfer.py:sshpass -p PASSWORD scp -P 5000 -o StrictHostKeyChecking=no /jupiter/circe_output/lccenc8_score8b_7#25569509-7#33392092-7#39354678-7#92208573-7#01840733-7#78570541jobid1.csv root@10.106.86.199:/jupiter/circe_input/
Warning: Permanently added '[10.106.86.199]:5000' (ECDSA) to the list of known hosts.
DEBUG:transfer.py:transfer successful!
INFO:ccdag_utils.py:runtime_stat:{"task_name": "lccenc8", "event": "queue_end_process", "filename": "lccenc8_score8c_7#25569509-7#33392092-7#39354678-7#92208573-7#01840733-7#78570541jobid1.csv", "unix_time": 1620677737.4578512}
INFO:circe.py:runtime_stat:{"task_name": "circe", "event": "new_output_file", "filename": "lccenc8_score8c_7#25569509-7#33392092-7#39354678-7#92208573-7#01840733-7#78570541jobid1.csv", "unix_time": 1620677737.4588835}
DEBUG:transfer.py:sshpass -p PASSWORD scp -P 5000 -o StrictHostKeyChecking=no /jupiter/circe_output/lccenc8_score8c_7#25569509-7#33392092-7#39354678-7#92208573-7#01840733-7#78570541jobid1.csv root@10.103.166.57:/jupiter/circe_input/
Warning: Permanently added '[10.103.166.57]:5000' (ECDSA) to the list of known hosts.
DEBUG:transfer.py:transfer successful!
INFO:circe.py:runtime_stat:{"task_name": "circe", "event": "new_input_file", "filename": "storeclass8_lccenc8_45301703imgmongoosejobid13.JPEG", "unix_time": 1620677742.2085896}
INFO:circe.py:runtime_stat:{"task_name": "circe", "event": "new_input_file", "filename": "storeclass8_lccenc8_08373892imgmongoosejobid13.JPEG", "unix_time": 1620677742.4459896}
INFO:circe.py:runtime_stat:{"task_name": "circe", "event": "new_input_file", "filename": "storeclass8_lccenc8_12845189imgmongoosejobid13.JPEG", "unix_time": 1620677743.2053893}
INFO:circe.py:runtime_stat:{"task_name": "circe", "event": "new_input_file", "filename": "storeclass8_lccenc8_12248933imgmongoosejobid13.JPEG", "unix_time": 1620677743.4173849}
INFO:circe.py:runtime_stat:{"task_name": "circe", "event": "new_input_file", "filename": "storeclass8_lccenc8_62621810imgmongoosejobid19.JPEG", "unix_time": 1620677812.3103354}
INFO:ccdag_utils.py:runtime_stat:{"task_name": "lccenc8", "event": "queue_start_process", "filename": "storeclass8_lccenc8_62885722imgmongoosejobid12.JPEG", "unix_time": 1620677812.5371296}
INFO:ccdag_utils.py:runtime_stat:{"task_name": "lccenc8", "event": "queue_start_process", "filename": "storeclass8_lccenc8_45301703imgmongoosejobid13.JPEG", "unix_time": 1620677812.5375032}
INFO:ccdag_utils.py:runtime_stat:{"task_name": "lccenc8", "event": "queue_start_process", "filename": "storeclass8_lccenc8_08373892imgmongoosejobid13.JPEG", "unix_time": 1620677812.5377278}
INFO:ccdag_utils.py:runtime_stat:{"task_name": "lccenc8", "event": "queue_start_process", "filename": "storeclass8_lccenc8_12845189imgmongoosejobid13.JPEG", "unix_time": 1620677812.5379276}
INFO:ccdag_utils.py:runtime_stat:{"task_name": "lccenc8", "event": "queue_start_process", "filename": "storeclass8_lccenc8_12248933imgmongoosejobid13.JPEG", "unix_time": 1620677812.5381248}
INFO:ccdag_utils.py:runtime_stat:{"task_name": "lccenc8", "event": "queue_start_process", "filename": "storeclass8_lccenc8_62621810imgmongoosejobid19.JPEG", "unix_time": 1620677812.5383356}
INFO:ccdag_utils.py:runtime_stat:{"task_name": "lccenc8", "event": "queue_end_process", "filename": "lccenc8_score8a_7#62885722-7#45301703-7#08373892-7#12845189-7#12248933-7#62621810jobid2.csv", "unix_time": 1620677813.7126822}
INFO:circe.py:runtime_stat:{"task_name": "circe", "event": "new_output_file", "filename": "lccenc8_score8a_7#62885722-7#45301703-7#08373892-7#12845189-7#12248933-7#62621810jobid2.csv", "unix_time": 1620677813.7134511}
DEBUG:transfer.py:sshpass -p PASSWORD scp -P 5000 -o StrictHostKeyChecking=no /jupiter/circe_output/lccenc8_score8a_7#62885722-7#45301703-7#08373892-7#12845189-7#12248933-7#62621810jobid2.csv root@10.108.18.49:/jupiter/circe_input/
DEBUG:transfer.py:transfer successful!
INFO:ccdag_utils.py:runtime_stat:{"task_name": "lccenc8", "event": "queue_end_process", "filename": "lccenc8_score8b_7#62885722-7#45301703-7#08373892-7#12845189-7#12248933-7#62621810jobid2.csv", "unix_time": 1620677814.7480245}
INFO:circe.py:runtime_stat:{"task_name": "circe", "event": "new_output_file", "filename": "lccenc8_score8b_7#62885722-7#45301703-7#08373892-7#12845189-7#12248933-7#62621810jobid2.csv", "unix_time": 1620677814.748936}
DEBUG:transfer.py:sshpass -p PASSWORD scp -P 5000 -o StrictHostKeyChecking=no /jupiter/circe_output/lccenc8_score8b_7#62885722-7#45301703-7#08373892-7#12845189-7#12248933-7#62621810jobid2.csv root@10.106.86.199:/jupiter/circe_input/
DEBUG:transfer.py:transfer successful!
INFO:ccdag_utils.py:runtime_stat:{"task_name": "lccenc8", "event": "queue_end_process", "filename": "lccenc8_score8c_7#62885722-7#45301703-7#08373892-7#12845189-7#12248933-7#62621810jobid2.csv", "unix_time": 1620677815.7605255}
INFO:circe.py:runtime_stat:{"task_name": "circe", "event": "new_output_file", "filename": "lccenc8_score8c_7#62885722-7#45301703-7#08373892-7#12845189-7#12248933-7#62621810jobid2.csv", "unix_time": 1620677815.7615612}
DEBUG:transfer.py:sshpass -p PASSWORD scp -P 5000 -o StrictHostKeyChecking=no /jupiter/circe_output/lccenc8_score8c_7#62885722-7#45301703-7#08373892-7#12845189-7#12248933-7#62621810jobid2.csv root@10.103.166.57:/jupiter/circe_input/
DEBUG:transfer.py:transfer successful!
INFO:circe.py:runtime_stat:{"task_name": "circe", "event": "new_input_file", "filename": "storeclass8_lccenc8_74004617imgmongoosejobid20.JPEG", "unix_time": 1620677823.3380497}
INFO:circe.py:runtime_stat:{"task_name": "circe", "event": "new_input_file", "filename": "storeclass8_lccenc8_83076727imgmongoosejobid20.JPEG", "unix_time": 1620677824.36207}
INFO:circe.py:runtime_stat:{"task_name": "circe", "event": "new_input_file", "filename": "storeclass8_lccenc8_29379685imgmongoosejobid21.JPEG", "unix_time": 1620677834.3578858}
INFO:circe.py:runtime_stat:{"task_name": "circe", "event": "new_input_file", "filename": "storeclass8_lccenc8_30976788imgmongoosejobid21.JPEG", "unix_time": 1620677834.5862176}
INFO:circe.py:runtime_stat:{"task_name": "circe", "event": "new_input_file", "filename": "storeclass8_lccenc8_30445493imgmongoosejobid23.JPEG", "unix_time": 1620677858.437668}
INFO:circe.py:runtime_stat:{"task_name": "circe", "event": "new_input_file", "filename": "storeclass8_lccenc8_48727824imgmongoosejobid24.JPEG", "unix_time": 1620677868.4502761}
INFO:ccdag_utils.py:runtime_stat:{"task_name": "lccenc8", "event": "queue_start_process", "filename": "storeclass8_lccenc8_74004617imgmongoosejobid20.JPEG", "unix_time": 1620677868.8182657}
INFO:ccdag_utils.py:runtime_stat:{"task_name": "lccenc8", "event": "queue_start_process", "filename": "storeclass8_lccenc8_83076727imgmongoosejobid20.JPEG", "unix_time": 1620677868.8186078}
INFO:ccdag_utils.py:runtime_stat:{"task_name": "lccenc8", "event": "queue_start_process", "filename": "storeclass8_lccenc8_29379685imgmongoosejobid21.JPEG", "unix_time": 1620677868.81879}
INFO:ccdag_utils.py:runtime_stat:{"task_name": "lccenc8", "event": "queue_start_process", "filename": "storeclass8_lccenc8_30976788imgmongoosejobid21.JPEG", "unix_time": 1620677868.8189826}
INFO:ccdag_utils.py:runtime_stat:{"task_name": "lccenc8", "event": "queue_start_process", "filename": "storeclass8_lccenc8_30445493imgmongoosejobid23.JPEG", "unix_time": 1620677868.8191566}
INFO:ccdag_utils.py:runtime_stat:{"task_name": "lccenc8", "event": "queue_start_process", "filename": "storeclass8_lccenc8_48727824imgmongoosejobid24.JPEG", "unix_time": 1620677868.8193717}
INFO:ccdag_utils.py:runtime_stat:{"task_name": "lccenc8", "event": "queue_end_process", "filename": "lccenc8_score8a_7#74004617-7#83076727-7#29379685-7#30976788-7#30445493-7#48727824jobid3.csv", "unix_time": 1620677869.9772036}
INFO:circe.py:runtime_stat:{"task_name": "circe", "event": "new_output_file", "filename": "lccenc8_score8a_7#74004617-7#83076727-7#29379685-7#30976788-7#30445493-7#48727824jobid3.csv", "unix_time": 1620677869.9779103}
DEBUG:transfer.py:sshpass -p PASSWORD scp -P 5000 -o StrictHostKeyChecking=no /jupiter/circe_output/lccenc8_score8a_7#74004617-7#83076727-7#29379685-7#30976788-7#30445493-7#48727824jobid3.csv root@10.108.18.49:/jupiter/circe_input/
DEBUG:transfer.py:transfer successful!
INFO:ccdag_utils.py:runtime_stat:{"task_name": "lccenc8", "event": "queue_end_process", "filename": "lccenc8_score8b_7#74004617-7#83076727-7#29379685-7#30976788-7#30445493-7#48727824jobid3.csv", "unix_time": 1620677870.9549809}
INFO:circe.py:runtime_stat:{"task_name": "circe", "event": "new_output_file", "filename": "lccenc8_score8b_7#74004617-7#83076727-7#29379685-7#30976788-7#30445493-7#48727824jobid3.csv", "unix_time": 1620677870.9559982}
DEBUG:transfer.py:sshpass -p PASSWORD scp -P 5000 -o StrictHostKeyChecking=no /jupiter/circe_output/lccenc8_score8b_7#74004617-7#83076727-7#29379685-7#30976788-7#30445493-7#48727824jobid3.csv root@10.106.86.199:/jupiter/circe_input/
DEBUG:transfer.py:transfer successful!
INFO:ccdag_utils.py:runtime_stat:{"task_name": "lccenc8", "event": "queue_end_process", "filename": "lccenc8_score8c_7#74004617-7#83076727-7#29379685-7#30976788-7#30445493-7#48727824jobid3.csv", "unix_time": 1620677871.9353058}
INFO:circe.py:runtime_stat:{"task_name": "circe", "event": "new_output_file", "filename": "lccenc8_score8c_7#74004617-7#83076727-7#29379685-7#30976788-7#30445493-7#48727824jobid3.csv", "unix_time": 1620677871.9361506}
DEBUG:transfer.py:sshpass -p PASSWORD scp -P 5000 -o StrictHostKeyChecking=no /jupiter/circe_output/lccenc8_score8c_7#74004617-7#83076727-7#29379685-7#30976788-7#30445493-7#48727824jobid3.csv root@10.103.166.57:/jupiter/circe_input/
DEBUG:transfer.py:transfer successful!
INFO:circe.py:runtime_stat:{"task_name": "circe", "event": "new_input_file", "filename": "storeclass8_lccenc8_35980506imgmongoosejobid25.JPEG", "unix_time": 1620677878.4358754}
INFO:circe.py:runtime_stat:{"task_name": "circe", "event": "new_input_file", "filename": "storeclass8_lccenc8_73435707imgmongoosejobid25.JPEG", "unix_time": 1620677878.6620839}
INFO:circe.py:runtime_stat:{"task_name": "circe", "event": "new_input_file", "filename": "storeclass8_lccenc8_90883486imgmongoosejobid26.JPEG", "unix_time": 1620677890.471063}
