 * Starting OpenBSD Secure Shell server sshd
   ...done.
INFO:circe.py:Using base script lccdec.py
DEBUG:circe.py:starting the input monitoring process
DEBUG:circe.py:starting the output monitoring process
INFO:circe.py:runtime_stat:{"task_name": "circe", "event": "new_input_file", "filename": "preagg7_lccdec7_1jobthscore7a6#34305334-6#63314344-6#69484862-6#71168840-6#84819023-6#42067002", "unix_time": 1620677680.8122816}
INFO:lccdec.py:lccdec7: file rcvd from preagg7 : preagg7_lccdec7_1jobthscore7a6#34305334-6#63314344-6#69484862-6#71168840-6#84819023-6#42067002
INFO:ccdag_utils.py:runtime_stat:{"task_name": "lccdec7", "event": "queue_start_process", "filename": "preagg7_lccdec7_1jobthscore7a6#34305334-6#63314344-6#69484862-6#71168840-6#84819023-6#42067002", "unix_time": 1620677680.8133297}
INFO:circe.py:runtime_stat:{"task_name": "circe", "event": "new_input_file", "filename": "preagg7_lccdec7_1jobthscore7b6#34305334-6#63314344-6#69484862-6#71168840-6#84819023-6#42067002", "unix_time": 1620677681.0310585}
INFO:lccdec.py:lccdec7: file rcvd from preagg7 : preagg7_lccdec7_1jobthscore7b6#34305334-6#63314344-6#69484862-6#71168840-6#84819023-6#42067002
INFO:ccdag_utils.py:runtime_stat:{"task_name": "lccdec7", "event": "queue_start_process", "filename": "preagg7_lccdec7_1jobthscore7b6#34305334-6#63314344-6#69484862-6#71168840-6#84819023-6#42067002", "unix_time": 1620677681.0318587}
INFO:circe.py:runtime_stat:{"task_name": "circe", "event": "new_input_file", "filename": "preagg7_lccdec7_1jobthscore7c6#34305334-6#63314344-6#69484862-6#71168840-6#84819023-6#42067002", "unix_time": 1620677681.243181}
INFO:lccdec.py:lccdec7: file rcvd from preagg7 : preagg7_lccdec7_1jobthscore7c6#34305334-6#63314344-6#69484862-6#71168840-6#84819023-6#42067002
INFO:ccdag_utils.py:runtime_stat:{"task_name": "lccdec7", "event": "queue_start_process", "filename": "preagg7_lccdec7_1jobthscore7c6#34305334-6#63314344-6#69484862-6#71168840-6#84819023-6#42067002", "unix_time": 1620677681.2438245}
INFO:circe.py:runtime_stat:{"task_name": "circe", "event": "new_output_file", "filename": "lccdec7_home_1jobth6#34305334-6#63314344-6#69484862-6#71168840-6#84819023-6#42067002", "unix_time": 1620677681.277256}
DEBUG:transfer.py:sshpass -p PASSWORD scp -P 5000 -o StrictHostKeyChecking=no /jupiter/circe_output/lccdec7_home_1jobth6#34305334-6#63314344-6#69484862-6#71168840-6#84819023-6#42067002 root@10.110.241.199:/jupiter/circe_input/
INFO:ccdag_utils.py:runtime_stat:{"task_name": "lccdec7", "event": "queue_end_process", "filename": "lccdec7_home_1jobth6#34305334-6#63314344-6#69484862-6#71168840-6#84819023-6#42067002", "unix_time": 1620677681.281586}
Warning: Permanently added '[10.110.241.199]:5000' (ECDSA) to the list of known hosts.
DEBUG:transfer.py:transfer successful!
INFO:circe.py:runtime_stat:{"task_name": "circe", "event": "new_input_file", "filename": "preagg7_lccdec7_2jobthscore7a6#29093358-6#00655202-6#35155561-6#05763614-6#47193080-6#97662848", "unix_time": 1620677702.039998}
INFO:lccdec.py:lccdec7: file rcvd from preagg7 : preagg7_lccdec7_2jobthscore7a6#29093358-6#00655202-6#35155561-6#05763614-6#47193080-6#97662848
INFO:ccdag_utils.py:runtime_stat:{"task_name": "lccdec7", "event": "queue_start_process", "filename": "preagg7_lccdec7_2jobthscore7a6#29093358-6#00655202-6#35155561-6#05763614-6#47193080-6#97662848", "unix_time": 1620677702.0409296}
INFO:circe.py:runtime_stat:{"task_name": "circe", "event": "new_input_file", "filename": "preagg7_lccdec7_2jobthscore7b6#29093358-6#00655202-6#35155561-6#05763614-6#47193080-6#97662848", "unix_time": 1620677702.2552438}
INFO:lccdec.py:lccdec7: file rcvd from preagg7 : preagg7_lccdec7_2jobthscore7b6#29093358-6#00655202-6#35155561-6#05763614-6#47193080-6#97662848
INFO:ccdag_utils.py:runtime_stat:{"task_name": "lccdec7", "event": "queue_start_process", "filename": "preagg7_lccdec7_2jobthscore7b6#29093358-6#00655202-6#35155561-6#05763614-6#47193080-6#97662848", "unix_time": 1620677702.256062}
INFO:circe.py:runtime_stat:{"task_name": "circe", "event": "new_input_file", "filename": "preagg7_lccdec7_2jobthscore7c6#29093358-6#00655202-6#35155561-6#05763614-6#47193080-6#97662848", "unix_time": 1620677702.4707165}
INFO:lccdec.py:lccdec7: file rcvd from preagg7 : preagg7_lccdec7_2jobthscore7c6#29093358-6#00655202-6#35155561-6#05763614-6#47193080-6#97662848
INFO:ccdag_utils.py:runtime_stat:{"task_name": "lccdec7", "event": "queue_start_process", "filename": "preagg7_lccdec7_2jobthscore7c6#29093358-6#00655202-6#35155561-6#05763614-6#47193080-6#97662848", "unix_time": 1620677702.4714456}
INFO:circe.py:runtime_stat:{"task_name": "circe", "event": "new_output_file", "filename": "lccdec7_home_2jobth6#29093358-6#00655202-6#35155561-6#05763614-6#47193080-6#97662848", "unix_time": 1620677702.4969385}
DEBUG:transfer.py:sshpass -p PASSWORD scp -P 5000 -o StrictHostKeyChecking=no /jupiter/circe_output/lccdec7_home_2jobth6#29093358-6#00655202-6#35155561-6#05763614-6#47193080-6#97662848 root@10.110.241.199:/jupiter/circe_input/
INFO:ccdag_utils.py:runtime_stat:{"task_name": "lccdec7", "event": "queue_end_process", "filename": "lccdec7_home_2jobth6#29093358-6#00655202-6#35155561-6#05763614-6#47193080-6#97662848", "unix_time": 1620677702.5023558}
DEBUG:transfer.py:transfer successful!
INFO:circe.py:runtime_stat:{"task_name": "circe", "event": "new_input_file", "filename": "preagg7_lccdec7_3jobthscore7a6#19507327-6#04519060-6#29862005-6#58949129-6#76242213-6#56680912", "unix_time": 1620677714.266288}
INFO:lccdec.py:lccdec7: file rcvd from preagg7 : preagg7_lccdec7_3jobthscore7a6#19507327-6#04519060-6#29862005-6#58949129-6#76242213-6#56680912
INFO:ccdag_utils.py:runtime_stat:{"task_name": "lccdec7", "event": "queue_start_process", "filename": "preagg7_lccdec7_3jobthscore7a6#19507327-6#04519060-6#29862005-6#58949129-6#76242213-6#56680912", "unix_time": 1620677714.2676575}
INFO:circe.py:runtime_stat:{"task_name": "circe", "event": "new_input_file", "filename": "preagg7_lccdec7_3jobthscore7b6#19507327-6#04519060-6#29862005-6#58949129-6#76242213-6#56680912", "unix_time": 1620677714.4817753}
INFO:lccdec.py:lccdec7: file rcvd from preagg7 : preagg7_lccdec7_3jobthscore7b6#19507327-6#04519060-6#29862005-6#58949129-6#76242213-6#56680912
INFO:ccdag_utils.py:runtime_stat:{"task_name": "lccdec7", "event": "queue_start_process", "filename": "preagg7_lccdec7_3jobthscore7b6#19507327-6#04519060-6#29862005-6#58949129-6#76242213-6#56680912", "unix_time": 1620677714.4824505}
INFO:circe.py:runtime_stat:{"task_name": "circe", "event": "new_input_file", "filename": "preagg7_lccdec7_3jobthscore7c6#19507327-6#04519060-6#29862005-6#58949129-6#76242213-6#56680912", "unix_time": 1620677714.7022383}
INFO:lccdec.py:lccdec7: file rcvd from preagg7 : preagg7_lccdec7_3jobthscore7c6#19507327-6#04519060-6#29862005-6#58949129-6#76242213-6#56680912
INFO:ccdag_utils.py:runtime_stat:{"task_name": "lccdec7", "event": "queue_start_process", "filename": "preagg7_lccdec7_3jobthscore7c6#19507327-6#04519060-6#29862005-6#58949129-6#76242213-6#56680912", "unix_time": 1620677714.704115}
INFO:circe.py:runtime_stat:{"task_name": "circe", "event": "new_output_file", "filename": "lccdec7_home_3jobth6#19507327-6#04519060-6#29862005-6#58949129-6#76242213-6#56680912", "unix_time": 1620677714.7344067}
DEBUG:transfer.py:sshpass -p PASSWORD scp -P 5000 -o StrictHostKeyChecking=no /jupiter/circe_output/lccdec7_home_3jobth6#19507327-6#04519060-6#29862005-6#58949129-6#76242213-6#56680912 root@10.110.241.199:/jupiter/circe_input/
INFO:ccdag_utils.py:runtime_stat:{"task_name": "lccdec7", "event": "queue_end_process", "filename": "lccdec7_home_3jobth6#19507327-6#04519060-6#29862005-6#58949129-6#76242213-6#56680912", "unix_time": 1620677714.7388613}
DEBUG:transfer.py:transfer successful!
INFO:circe.py:runtime_stat:{"task_name": "circe", "event": "new_input_file", "filename": "preagg7_lccdec7_4jobthscore7a6#40971801-6#38279089-6#33786847-6#59958564-6#91891186-6#03234219", "unix_time": 1620677771.5526521}
INFO:lccdec.py:lccdec7: file rcvd from preagg7 : preagg7_lccdec7_4jobthscore7a6#40971801-6#38279089-6#33786847-6#59958564-6#91891186-6#03234219
INFO:ccdag_utils.py:runtime_stat:{"task_name": "lccdec7", "event": "queue_start_process", "filename": "preagg7_lccdec7_4jobthscore7a6#40971801-6#38279089-6#33786847-6#59958564-6#91891186-6#03234219", "unix_time": 1620677771.553677}
INFO:circe.py:runtime_stat:{"task_name": "circe", "event": "new_input_file", "filename": "preagg7_lccdec7_4jobthscore7b6#40971801-6#38279089-6#33786847-6#59958564-6#91891186-6#03234219", "unix_time": 1620677771.7745812}
INFO:lccdec.py:lccdec7: file rcvd from preagg7 : preagg7_lccdec7_4jobthscore7b6#40971801-6#38279089-6#33786847-6#59958564-6#91891186-6#03234219
INFO:ccdag_utils.py:runtime_stat:{"task_name": "lccdec7", "event": "queue_start_process", "filename": "preagg7_lccdec7_4jobthscore7b6#40971801-6#38279089-6#33786847-6#59958564-6#91891186-6#03234219", "unix_time": 1620677771.7754838}
INFO:circe.py:runtime_stat:{"task_name": "circe", "event": "new_input_file", "filename": "preagg7_lccdec7_4jobthscore7c6#40971801-6#38279089-6#33786847-6#59958564-6#91891186-6#03234219", "unix_time": 1620677772.0053596}
INFO:lccdec.py:lccdec7: file rcvd from preagg7 : preagg7_lccdec7_4jobthscore7c6#40971801-6#38279089-6#33786847-6#59958564-6#91891186-6#03234219
INFO:ccdag_utils.py:runtime_stat:{"task_name": "lccdec7", "event": "queue_start_process", "filename": "preagg7_lccdec7_4jobthscore7c6#40971801-6#38279089-6#33786847-6#59958564-6#91891186-6#03234219", "unix_time": 1620677772.0060384}
INFO:circe.py:runtime_stat:{"task_name": "circe", "event": "new_output_file", "filename": "lccdec7_home_4jobth6#40971801-6#38279089-6#33786847-6#59958564-6#91891186-6#03234219", "unix_time": 1620677772.0296202}
DEBUG:transfer.py:sshpass -p PASSWORD scp -P 5000 -o StrictHostKeyChecking=no /jupiter/circe_output/lccdec7_home_4jobth6#40971801-6#38279089-6#33786847-6#59958564-6#91891186-6#03234219 root@10.110.241.199:/jupiter/circe_input/
INFO:ccdag_utils.py:runtime_stat:{"task_name": "lccdec7", "event": "queue_end_process", "filename": "lccdec7_home_4jobth6#40971801-6#38279089-6#33786847-6#59958564-6#91891186-6#03234219", "unix_time": 1620677772.031272}
DEBUG:transfer.py:transfer successful!
INFO:circe.py:runtime_stat:{"task_name": "circe", "event": "new_input_file", "filename": "preagg7_lccdec7_5jobthscore7a6#31093489-6#57668537-6#31199338-6#67859555-6#31602483-6#77763153", "unix_time": 1620677814.7562475}
INFO:lccdec.py:lccdec7: file rcvd from preagg7 : preagg7_lccdec7_5jobthscore7a6#31093489-6#57668537-6#31199338-6#67859555-6#31602483-6#77763153
INFO:ccdag_utils.py:runtime_stat:{"task_name": "lccdec7", "event": "queue_start_process", "filename": "preagg7_lccdec7_5jobthscore7a6#31093489-6#57668537-6#31199338-6#67859555-6#31602483-6#77763153", "unix_time": 1620677814.7569177}
INFO:circe.py:runtime_stat:{"task_name": "circe", "event": "new_input_file", "filename": "preagg7_lccdec7_5jobthscore7b6#31093489-6#57668537-6#31199338-6#67859555-6#31602483-6#77763153", "unix_time": 1620677814.961286}
INFO:lccdec.py:lccdec7: file rcvd from preagg7 : preagg7_lccdec7_5jobthscore7b6#31093489-6#57668537-6#31199338-6#67859555-6#31602483-6#77763153
INFO:ccdag_utils.py:runtime_stat:{"task_name": "lccdec7", "event": "queue_start_process", "filename": "preagg7_lccdec7_5jobthscore7b6#31093489-6#57668537-6#31199338-6#67859555-6#31602483-6#77763153", "unix_time": 1620677814.962027}
INFO:circe.py:runtime_stat:{"task_name": "circe", "event": "new_input_file", "filename": "preagg7_lccdec7_5jobthscore7c6#31093489-6#57668537-6#31199338-6#67859555-6#31602483-6#77763153", "unix_time": 1620677815.160211}
INFO:lccdec.py:lccdec7: file rcvd from preagg7 : preagg7_lccdec7_5jobthscore7c6#31093489-6#57668537-6#31199338-6#67859555-6#31602483-6#77763153
INFO:ccdag_utils.py:runtime_stat:{"task_name": "lccdec7", "event": "queue_start_process", "filename": "preagg7_lccdec7_5jobthscore7c6#31093489-6#57668537-6#31199338-6#67859555-6#31602483-6#77763153", "unix_time": 1620677815.1607604}
INFO:circe.py:runtime_stat:{"task_name": "circe", "event": "new_output_file", "filename": "lccdec7_home_5jobth6#31093489-6#57668537-6#31199338-6#67859555-6#31602483-6#77763153", "unix_time": 1620677815.1840596}
DEBUG:transfer.py:sshpass -p PASSWORD scp -P 5000 -o StrictHostKeyChecking=no /jupiter/circe_output/lccdec7_home_5jobth6#31093489-6#57668537-6#31199338-6#67859555-6#31602483-6#77763153 root@10.110.241.199:/jupiter/circe_input/
INFO:ccdag_utils.py:runtime_stat:{"task_name": "lccdec7", "event": "queue_end_process", "filename": "lccdec7_home_5jobth6#31093489-6#57668537-6#31199338-6#67859555-6#31602483-6#77763153", "unix_time": 1620677815.188481}
DEBUG:transfer.py:transfer successful!
INFO:circe.py:runtime_stat:{"task_name": "circe", "event": "new_input_file", "filename": "preagg7_lccdec7_6jobthscore7a6#67994247-6#03984422-6#27110087-6#19808068-6#32413831-6#25249112", "unix_time": 1620677839.9962249}
INFO:lccdec.py:lccdec7: file rcvd from preagg7 : preagg7_lccdec7_6jobthscore7a6#67994247-6#03984422-6#27110087-6#19808068-6#32413831-6#25249112
INFO:ccdag_utils.py:runtime_stat:{"task_name": "lccdec7", "event": "queue_start_process", "filename": "preagg7_lccdec7_6jobthscore7a6#67994247-6#03984422-6#27110087-6#19808068-6#32413831-6#25249112", "unix_time": 1620677839.9984016}
INFO:circe.py:runtime_stat:{"task_name": "circe", "event": "new_input_file", "filename": "preagg7_lccdec7_6jobthscore7b6#67994247-6#03984422-6#27110087-6#19808068-6#32413831-6#25249112", "unix_time": 1620677840.2000027}
INFO:lccdec.py:lccdec7: file rcvd from preagg7 : preagg7_lccdec7_6jobthscore7b6#67994247-6#03984422-6#27110087-6#19808068-6#32413831-6#25249112
INFO:ccdag_utils.py:runtime_stat:{"task_name": "lccdec7", "event": "queue_start_process", "filename": "preagg7_lccdec7_6jobthscore7b6#67994247-6#03984422-6#27110087-6#19808068-6#32413831-6#25249112", "unix_time": 1620677840.2007327}
INFO:circe.py:runtime_stat:{"task_name": "circe", "event": "new_input_file", "filename": "preagg7_lccdec7_6jobthscore7c6#67994247-6#03984422-6#27110087-6#19808068-6#32413831-6#25249112", "unix_time": 1620677840.4507518}
INFO:lccdec.py:lccdec7: file rcvd from preagg7 : preagg7_lccdec7_6jobthscore7c6#67994247-6#03984422-6#27110087-6#19808068-6#32413831-6#25249112
INFO:ccdag_utils.py:runtime_stat:{"task_name": "lccdec7", "event": "queue_start_process", "filename": "preagg7_lccdec7_6jobthscore7c6#67994247-6#03984422-6#27110087-6#19808068-6#32413831-6#25249112", "unix_time": 1620677840.452176}
INFO:circe.py:runtime_stat:{"task_name": "circe", "event": "new_output_file", "filename": "lccdec7_home_6jobth6#67994247-6#03984422-6#27110087-6#19808068-6#32413831-6#25249112", "unix_time": 1620677840.4743457}
DEBUG:transfer.py:sshpass -p PASSWORD scp -P 5000 -o StrictHostKeyChecking=no /jupiter/circe_output/lccdec7_home_6jobth6#67994247-6#03984422-6#27110087-6#19808068-6#32413831-6#25249112 root@10.110.241.199:/jupiter/circe_input/
INFO:ccdag_utils.py:runtime_stat:{"task_name": "lccdec7", "event": "queue_end_process", "filename": "lccdec7_home_6jobth6#67994247-6#03984422-6#27110087-6#19808068-6#32413831-6#25249112", "unix_time": 1620677840.478772}
DEBUG:transfer.py:transfer successful!
