 * Starting OpenBSD Secure Shell server sshd
   ...done.
INFO:circe.py:Using base script score.py
DEBUG:circe.py:starting the input monitoring process
DEBUG:circe.py:starting the output monitoring process
INFO:circe.py:runtime_stat:{"task_name": "circe", "event": "new_input_file", "filename": "lccenc1_score1a_0#85951598-0#81021957-0#31785444-0#02390893-0#50226900-0#83908276jobid1.csv", "unix_time": 1620677575.6367495}
INFO:ccdag_utils.py:runtime_stat:{"task_name": "score1a", "event": "queue_start_process", "filename": "lccenc1_score1a_0#85951598-0#81021957-0#31785444-0#02390893-0#50226900-0#83908276jobid1.csv", "unix_time": 1620677576.225945}
['fireengine21.JPEG', 'fireengine22.JPEG', 'fireengine23.JPEG', 'fireengine24.JPEG', 'fireengine25.JPEG', 'fireengine26.JPEG', 'fireengine27.JPEG', 'fireengine28.JPEG', 'fireengine29.JPEG', 'fireengine30.JPEG']
INFO:circe.py:runtime_stat:{"task_name": "circe", "event": "new_output_file", "filename": "score1a_preagg1_1jobth0#85951598-0#81021957-0#31785444-0#02390893-0#50226900-0#83908276", "unix_time": 1620677588.2757225}
DEBUG:transfer.py:sshpass -p PASSWORD scp -P 5000 -o StrictHostKeyChecking=no /jupiter/circe_output/score1a_preagg1_1jobth0#85951598-0#81021957-0#31785444-0#02390893-0#50226900-0#83908276 root@10.102.175.42:/jupiter/circe_input/
INFO:ccdag_utils.py:runtime_stat:{"task_name": "score1a", "event": "queue_end_process", "filename": "score1a_preagg1_1jobth0#85951598-0#81021957-0#31785444-0#02390893-0#50226900-0#83908276", "unix_time": 1620677588.2831752}
Warning: Permanently added '[10.102.175.42]:5000' (ECDSA) to the list of known hosts.
DEBUG:transfer.py:transfer successful!
INFO:circe.py:runtime_stat:{"task_name": "circe", "event": "new_input_file", "filename": "lccenc1_score1a_0#64294879-0#30712932-0#78418993-0#04307526-0#11909638-0#37374571jobid2.csv", "unix_time": 1620677643.5266006}
INFO:ccdag_utils.py:runtime_stat:{"task_name": "score1a", "event": "queue_start_process", "filename": "lccenc1_score1a_0#64294879-0#30712932-0#78418993-0#04307526-0#11909638-0#37374571jobid2.csv", "unix_time": 1620677644.3428166}
['fireengine21.JPEG', 'fireengine22.JPEG', 'fireengine23.JPEG', 'fireengine24.JPEG', 'fireengine25.JPEG', 'fireengine26.JPEG', 'fireengine27.JPEG', 'fireengine28.JPEG', 'fireengine29.JPEG', 'fireengine30.JPEG']
INFO:circe.py:runtime_stat:{"task_name": "circe", "event": "new_output_file", "filename": "score1a_preagg1_2jobth0#64294879-0#30712932-0#78418993-0#04307526-0#11909638-0#37374571", "unix_time": 1620677656.0881445}
DEBUG:transfer.py:sshpass -p PASSWORD scp -P 5000 -o StrictHostKeyChecking=no /jupiter/circe_output/score1a_preagg1_2jobth0#64294879-0#30712932-0#78418993-0#04307526-0#11909638-0#37374571 root@10.102.175.42:/jupiter/circe_input/
INFO:ccdag_utils.py:runtime_stat:{"task_name": "score1a", "event": "queue_end_process", "filename": "score1a_preagg1_2jobth0#64294879-0#30712932-0#78418993-0#04307526-0#11909638-0#37374571", "unix_time": 1620677656.0942192}
DEBUG:transfer.py:transfer successful!
INFO:circe.py:runtime_stat:{"task_name": "circe", "event": "new_input_file", "filename": "lccenc1_score1a_0#09000391-0#22309388-0#57031237-0#23606614-0#24887998-0#51951277jobid3.csv", "unix_time": 1620677700.7657647}
['fireengine21.JPEG', 'fireengine22.JPEG', 'fireengine23.JPEG', 'fireengine24.JPEG', 'fireengine25.JPEG', 'fireengine26.JPEG', 'fireengine27.JPEG', 'fireengine28.JPEG', 'fireengine29.JPEG', 'fireengine30.JPEG']
INFO:ccdag_utils.py:runtime_stat:{"task_name": "score1a", "event": "queue_start_process", "filename": "lccenc1_score1a_0#09000391-0#22309388-0#57031237-0#23606614-0#24887998-0#51951277jobid3.csv", "unix_time": 1620677701.1436868}
INFO:circe.py:runtime_stat:{"task_name": "circe", "event": "new_output_file", "filename": "score1a_preagg1_3jobth0#09000391-0#22309388-0#57031237-0#23606614-0#24887998-0#51951277", "unix_time": 1620677712.9689708}
DEBUG:transfer.py:sshpass -p PASSWORD scp -P 5000 -o StrictHostKeyChecking=no /jupiter/circe_output/score1a_preagg1_3jobth0#09000391-0#22309388-0#57031237-0#23606614-0#24887998-0#51951277 root@10.102.175.42:/jupiter/circe_input/
INFO:ccdag_utils.py:runtime_stat:{"task_name": "score1a", "event": "queue_end_process", "filename": "score1a_preagg1_3jobth0#09000391-0#22309388-0#57031237-0#23606614-0#24887998-0#51951277", "unix_time": 1620677712.9752584}
DEBUG:transfer.py:transfer successful!
INFO:circe.py:runtime_stat:{"task_name": "circe", "event": "new_input_file", "filename": "lccenc1_score1a_0#81393912-0#46962369-0#36854627-1#15383903-1#21452518-1#74814713jobid4.csv", "unix_time": 1620677927.1459794}
INFO:ccdag_utils.py:runtime_stat:{"task_name": "score1a", "event": "queue_start_process", "filename": "lccenc1_score1a_0#81393912-0#46962369-0#36854627-1#15383903-1#21452518-1#74814713jobid4.csv", "unix_time": 1620677927.201887}
['fireengine21.JPEG', 'fireengine22.JPEG', 'fireengine23.JPEG', 'fireengine24.JPEG', 'fireengine25.JPEG', 'fireengine26.JPEG', 'fireengine27.JPEG', 'fireengine28.JPEG', 'fireengine29.JPEG', 'fireengine30.JPEG']
INFO:circe.py:runtime_stat:{"task_name": "circe", "event": "new_output_file", "filename": "score1a_preagg1_4jobth0#81393912-0#46962369-0#36854627-1#15383903-1#21452518-1#74814713", "unix_time": 1620677938.964849}
DEBUG:transfer.py:sshpass -p PASSWORD scp -P 5000 -o StrictHostKeyChecking=no /jupiter/circe_output/score1a_preagg1_4jobth0#81393912-0#46962369-0#36854627-1#15383903-1#21452518-1#74814713 root@10.102.175.42:/jupiter/circe_input/
INFO:ccdag_utils.py:runtime_stat:{"task_name": "score1a", "event": "queue_end_process", "filename": "score1a_preagg1_4jobth0#81393912-0#46962369-0#36854627-1#15383903-1#21452518-1#74814713", "unix_time": 1620677938.971333}
DEBUG:transfer.py:transfer successful!
