 * Starting OpenBSD Secure Shell server sshd
   ...done.
INFO:circe.py:Using base script score.py
DEBUG:circe.py:starting the input monitoring process
DEBUG:circe.py:starting the output monitoring process
INFO:circe.py:runtime_stat:{"task_name": "circe", "event": "new_input_file", "filename": "lccenc2_score2c_1#63771363-1#85565961-1#05735376-1#74082537-1#04445471-1#50029144jobid1.csv", "unix_time": 1620677861.327623}
INFO:ccdag_utils.py:runtime_stat:{"task_name": "score2c", "event": "queue_start_process", "filename": "lccenc2_score2c_1#63771363-1#85565961-1#05735376-1#74082537-1#04445471-1#50029144jobid1.csv", "unix_time": 1620677861.3795736}
['schoolbus21.JPEG', 'schoolbus22.JPEG', 'schoolbus23.JPEG', 'schoolbus24.JPEG', 'schoolbus25.JPEG', 'schoolbus26.JPEG', 'schoolbus27.JPEG', 'schoolbus28.JPEG', 'schoolbus29.JPEG', 'schoolbus30.JPEG']
INFO:circe.py:runtime_stat:{"task_name": "circe", "event": "new_output_file", "filename": "score2c_preagg2_1jobth1#63771363-1#85565961-1#05735376-1#74082537-1#04445471-1#50029144", "unix_time": 1620677863.0202718}
DEBUG:transfer.py:sshpass -p PASSWORD scp -P 5000 -o StrictHostKeyChecking=no /jupiter/circe_output/score2c_preagg2_1jobth1#63771363-1#85565961-1#05735376-1#74082537-1#04445471-1#50029144 root@10.108.203.86:/jupiter/circe_input/
INFO:ccdag_utils.py:runtime_stat:{"task_name": "score2c", "event": "queue_end_process", "filename": "score2c_preagg2_1jobth1#63771363-1#85565961-1#05735376-1#74082537-1#04445471-1#50029144", "unix_time": 1620677863.028071}
Warning: Permanently added '[10.108.203.86]:5000' (ECDSA) to the list of known hosts.
DEBUG:transfer.py:transfer successful!
INFO:circe.py:runtime_stat:{"task_name": "circe", "event": "new_input_file", "filename": "lccenc2_score2c_1#04247066-1#10056802-1#54183291-1#51733030-1#59111154-1#20605207jobid2.csv", "unix_time": 1620677882.6967957}
INFO:ccdag_utils.py:runtime_stat:{"task_name": "score2c", "event": "queue_start_process", "filename": "lccenc2_score2c_1#04247066-1#10056802-1#54183291-1#51733030-1#59111154-1#20605207jobid2.csv", "unix_time": 1620677883.0486493}
['schoolbus21.JPEG', 'schoolbus22.JPEG', 'schoolbus23.JPEG', 'schoolbus24.JPEG', 'schoolbus25.JPEG', 'schoolbus26.JPEG', 'schoolbus27.JPEG', 'schoolbus28.JPEG', 'schoolbus29.JPEG', 'schoolbus30.JPEG']
INFO:circe.py:runtime_stat:{"task_name": "circe", "event": "new_output_file", "filename": "score2c_preagg2_2jobth1#04247066-1#10056802-1#54183291-1#51733030-1#59111154-1#20605207", "unix_time": 1620677884.551296}
DEBUG:transfer.py:sshpass -p PASSWORD scp -P 5000 -o StrictHostKeyChecking=no /jupiter/circe_output/score2c_preagg2_2jobth1#04247066-1#10056802-1#54183291-1#51733030-1#59111154-1#20605207 root@10.108.203.86:/jupiter/circe_input/
INFO:ccdag_utils.py:runtime_stat:{"task_name": "score2c", "event": "queue_end_process", "filename": "score2c_preagg2_2jobth1#04247066-1#10056802-1#54183291-1#51733030-1#59111154-1#20605207", "unix_time": 1620677884.559594}
DEBUG:transfer.py:transfer successful!
INFO:circe.py:runtime_stat:{"task_name": "circe", "event": "new_input_file", "filename": "lccenc2_score2c_1#57461598-1#74394321-1#40923044-1#10351554-1#46219395-1#70582224jobid3.csv", "unix_time": 1620677938.9204404}
INFO:ccdag_utils.py:runtime_stat:{"task_name": "score2c", "event": "queue_start_process", "filename": "lccenc2_score2c_1#57461598-1#74394321-1#40923044-1#10351554-1#46219395-1#70582224jobid3.csv", "unix_time": 1620677939.6206229}
['schoolbus21.JPEG', 'schoolbus22.JPEG', 'schoolbus23.JPEG', 'schoolbus24.JPEG', 'schoolbus25.JPEG', 'schoolbus26.JPEG', 'schoolbus27.JPEG', 'schoolbus28.JPEG', 'schoolbus29.JPEG', 'schoolbus30.JPEG']
INFO:circe.py:runtime_stat:{"task_name": "circe", "event": "new_output_file", "filename": "score2c_preagg2_3jobth1#57461598-1#74394321-1#40923044-1#10351554-1#46219395-1#70582224", "unix_time": 1620677941.1451573}
DEBUG:transfer.py:sshpass -p PASSWORD scp -P 5000 -o StrictHostKeyChecking=no /jupiter/circe_output/score2c_preagg2_3jobth1#57461598-1#74394321-1#40923044-1#10351554-1#46219395-1#70582224 root@10.108.203.86:/jupiter/circe_input/
INFO:ccdag_utils.py:runtime_stat:{"task_name": "score2c", "event": "queue_end_process", "filename": "score2c_preagg2_3jobth1#57461598-1#74394321-1#40923044-1#10351554-1#46219395-1#70582224", "unix_time": 1620677941.1515458}
DEBUG:transfer.py:transfer successful!
INFO:circe.py:runtime_stat:{"task_name": "circe", "event": "new_input_file", "filename": "lccenc2_score2c_1#49197062-1#78854272-1#58457373-1#68918854-1#94952123-1#00719937jobid4.csv", "unix_time": 1620677984.3317468}
INFO:ccdag_utils.py:runtime_stat:{"task_name": "score2c", "event": "queue_start_process", "filename": "lccenc2_score2c_1#49197062-1#78854272-1#58457373-1#68918854-1#94952123-1#00719937jobid4.csv", "unix_time": 1620677985.1992393}
['schoolbus21.JPEG', 'schoolbus22.JPEG', 'schoolbus23.JPEG', 'schoolbus24.JPEG', 'schoolbus25.JPEG', 'schoolbus26.JPEG', 'schoolbus27.JPEG', 'schoolbus28.JPEG', 'schoolbus29.JPEG', 'schoolbus30.JPEG']
INFO:circe.py:runtime_stat:{"task_name": "circe", "event": "new_output_file", "filename": "score2c_preagg2_4jobth1#49197062-1#78854272-1#58457373-1#68918854-1#94952123-1#00719937", "unix_time": 1620677986.7065794}
DEBUG:transfer.py:sshpass -p PASSWORD scp -P 5000 -o StrictHostKeyChecking=no /jupiter/circe_output/score2c_preagg2_4jobth1#49197062-1#78854272-1#58457373-1#68918854-1#94952123-1#00719937 root@10.108.203.86:/jupiter/circe_input/
INFO:ccdag_utils.py:runtime_stat:{"task_name": "score2c", "event": "queue_end_process", "filename": "score2c_preagg2_4jobth1#49197062-1#78854272-1#58457373-1#68918854-1#94952123-1#00719937", "unix_time": 1620677986.7078376}
DEBUG:transfer.py:transfer successful!
INFO:circe.py:runtime_stat:{"task_name": "circe", "event": "new_input_file", "filename": "lccenc2_score2c_1#59053837-1#82465381-1#16211780-1#48919687-1#23152098-1#13517727jobid5.csv", "unix_time": 1620678025.7592645}
INFO:ccdag_utils.py:runtime_stat:{"task_name": "score2c", "event": "queue_start_process", "filename": "lccenc2_score2c_1#59053837-1#82465381-1#16211780-1#48919687-1#23152098-1#13517727jobid5.csv", "unix_time": 1620678026.758154}
['schoolbus21.JPEG', 'schoolbus22.JPEG', 'schoolbus23.JPEG', 'schoolbus24.JPEG', 'schoolbus25.JPEG', 'schoolbus26.JPEG', 'schoolbus27.JPEG', 'schoolbus28.JPEG', 'schoolbus29.JPEG', 'schoolbus30.JPEG']
INFO:circe.py:runtime_stat:{"task_name": "circe", "event": "new_output_file", "filename": "score2c_preagg2_5jobth1#59053837-1#82465381-1#16211780-1#48919687-1#23152098-1#13517727", "unix_time": 1620678028.221871}
DEBUG:transfer.py:sshpass -p PASSWORD scp -P 5000 -o StrictHostKeyChecking=no /jupiter/circe_output/score2c_preagg2_5jobth1#59053837-1#82465381-1#16211780-1#48919687-1#23152098-1#13517727 root@10.108.203.86:/jupiter/circe_input/
INFO:ccdag_utils.py:runtime_stat:{"task_name": "score2c", "event": "queue_end_process", "filename": "score2c_preagg2_5jobth1#59053837-1#82465381-1#16211780-1#48919687-1#23152098-1#13517727", "unix_time": 1620678028.2306318}
DEBUG:transfer.py:transfer successful!
