 * Starting OpenBSD Secure Shell server sshd
   ...done.
INFO:circe.py:Using base script score.py
DEBUG:circe.py:starting the input monitoring process
DEBUG:circe.py:starting the output monitoring process
INFO:circe.py:runtime_stat:{"task_name": "circe", "event": "new_input_file", "filename": "lccenc4_score4c_3#12136463-3#47297085-3#18642336-3#80877271-3#62163118-3#83289092jobid1.csv", "unix_time": 1620677918.6532946}
INFO:ccdag_utils.py:runtime_stat:{"task_name": "score4c", "event": "queue_start_process", "filename": "lccenc4_score4c_3#12136463-3#47297085-3#18642336-3#80877271-3#62163118-3#83289092jobid1.csv", "unix_time": 1620677919.495187}
['tiger21.JPEG', 'tiger22.JPEG', 'tiger23.JPEG', 'tiger24.JPEG', 'tiger25.JPEG', 'tiger26.JPEG', 'tiger27.JPEG', 'tiger28.JPEG', 'tiger29.JPEG', 'tiger30.JPEG']
INFO:circe.py:runtime_stat:{"task_name": "circe", "event": "new_output_file", "filename": "score4c_preagg4_1jobth3#12136463-3#47297085-3#18642336-3#80877271-3#62163118-3#83289092", "unix_time": 1620677921.066363}
DEBUG:transfer.py:sshpass -p PASSWORD scp -P 5000 -o StrictHostKeyChecking=no /jupiter/circe_output/score4c_preagg4_1jobth3#12136463-3#47297085-3#18642336-3#80877271-3#62163118-3#83289092 root@10.101.67.163:/jupiter/circe_input/
INFO:ccdag_utils.py:runtime_stat:{"task_name": "score4c", "event": "queue_end_process", "filename": "score4c_preagg4_1jobth3#12136463-3#47297085-3#18642336-3#80877271-3#62163118-3#83289092", "unix_time": 1620677921.0741491}
Warning: Permanently added '[10.101.67.163]:5000' (ECDSA) to the list of known hosts.
DEBUG:transfer.py:transfer successful!
INFO:circe.py:runtime_stat:{"task_name": "circe", "event": "new_input_file", "filename": "lccenc4_score4c_3#66649492-3#04125345-3#31741191-3#63861054-3#50575810-3#79391533jobid2.csv", "unix_time": 1620677939.8681986}
INFO:ccdag_utils.py:runtime_stat:{"task_name": "score4c", "event": "queue_start_process", "filename": "lccenc4_score4c_3#66649492-3#04125345-3#31741191-3#63861054-3#50575810-3#79391533jobid2.csv", "unix_time": 1620677940.0954568}
['tiger21.JPEG', 'tiger22.JPEG', 'tiger23.JPEG', 'tiger24.JPEG', 'tiger25.JPEG', 'tiger26.JPEG', 'tiger27.JPEG', 'tiger28.JPEG', 'tiger29.JPEG', 'tiger30.JPEG']
INFO:circe.py:runtime_stat:{"task_name": "circe", "event": "new_output_file", "filename": "score4c_preagg4_2jobth3#66649492-3#04125345-3#31741191-3#63861054-3#50575810-3#79391533", "unix_time": 1620677941.6170654}
DEBUG:transfer.py:sshpass -p PASSWORD scp -P 5000 -o StrictHostKeyChecking=no /jupiter/circe_output/score4c_preagg4_2jobth3#66649492-3#04125345-3#31741191-3#63861054-3#50575810-3#79391533 root@10.101.67.163:/jupiter/circe_input/
INFO:ccdag_utils.py:runtime_stat:{"task_name": "score4c", "event": "queue_end_process", "filename": "score4c_preagg4_2jobth3#66649492-3#04125345-3#31741191-3#63861054-3#50575810-3#79391533", "unix_time": 1620677941.6248765}
DEBUG:transfer.py:transfer successful!
INFO:circe.py:runtime_stat:{"task_name": "circe", "event": "new_input_file", "filename": "lccenc4_score4c_3#03885955-3#60329948-3#59428463-3#46533181-3#86604569-3#44072839jobid3.csv", "unix_time": 1620677954.3141222}
INFO:ccdag_utils.py:runtime_stat:{"task_name": "score4c", "event": "queue_start_process", "filename": "lccenc4_score4c_3#03885955-3#60329948-3#59428463-3#46533181-3#86604569-3#44072839jobid3.csv", "unix_time": 1620677954.6398091}
['tiger21.JPEG', 'tiger22.JPEG', 'tiger23.JPEG', 'tiger24.JPEG', 'tiger25.JPEG', 'tiger26.JPEG', 'tiger27.JPEG', 'tiger28.JPEG', 'tiger29.JPEG', 'tiger30.JPEG']
INFO:ccdag_utils.py:runtime_stat:{"task_name": "score4c", "event": "queue_end_process", "filename": "score4c_preagg4_3jobth3#03885955-3#60329948-3#59428463-3#46533181-3#86604569-3#44072839", "unix_time": 1620677956.241284}
INFO:circe.py:runtime_stat:{"task_name": "circe", "event": "new_output_file", "filename": "score4c_preagg4_3jobth3#03885955-3#60329948-3#59428463-3#46533181-3#86604569-3#44072839", "unix_time": 1620677956.2472403}
DEBUG:transfer.py:sshpass -p PASSWORD scp -P 5000 -o StrictHostKeyChecking=no /jupiter/circe_output/score4c_preagg4_3jobth3#03885955-3#60329948-3#59428463-3#46533181-3#86604569-3#44072839 root@10.101.67.163:/jupiter/circe_input/
DEBUG:transfer.py:transfer successful!
INFO:circe.py:runtime_stat:{"task_name": "circe", "event": "new_input_file", "filename": "lccenc4_score4c_3#19086123-3#40614694-3#82690270-3#63959961-3#30902224-3#05099013jobid4.csv", "unix_time": 1620678025.5255454}
INFO:ccdag_utils.py:runtime_stat:{"task_name": "score4c", "event": "queue_start_process", "filename": "lccenc4_score4c_3#19086123-3#40614694-3#82690270-3#63959961-3#30902224-3#05099013jobid4.csv", "unix_time": 1620678026.318761}
['tiger21.JPEG', 'tiger22.JPEG', 'tiger23.JPEG', 'tiger24.JPEG', 'tiger25.JPEG', 'tiger26.JPEG', 'tiger27.JPEG', 'tiger28.JPEG', 'tiger29.JPEG', 'tiger30.JPEG']
INFO:circe.py:runtime_stat:{"task_name": "circe", "event": "new_output_file", "filename": "score4c_preagg4_4jobth3#19086123-3#40614694-3#82690270-3#63959961-3#30902224-3#05099013", "unix_time": 1620678027.7408946}
DEBUG:transfer.py:sshpass -p PASSWORD scp -P 5000 -o StrictHostKeyChecking=no /jupiter/circe_output/score4c_preagg4_4jobth3#19086123-3#40614694-3#82690270-3#63959961-3#30902224-3#05099013 root@10.101.67.163:/jupiter/circe_input/
INFO:ccdag_utils.py:runtime_stat:{"task_name": "score4c", "event": "queue_end_process", "filename": "score4c_preagg4_4jobth3#19086123-3#40614694-3#82690270-3#63959961-3#30902224-3#05099013", "unix_time": 1620678027.7472792}
DEBUG:transfer.py:transfer successful!
INFO:circe.py:runtime_stat:{"task_name": "circe", "event": "new_input_file", "filename": "lccenc4_score4c_3#04438711-3#20146663-3#37200469-3#88257336-3#98059081-3#53783239jobid5.csv", "unix_time": 1620678070.893746}
INFO:ccdag_utils.py:runtime_stat:{"task_name": "score4c", "event": "queue_start_process", "filename": "lccenc4_score4c_3#04438711-3#20146663-3#37200469-3#88257336-3#98059081-3#53783239jobid5.csv", "unix_time": 1620678071.7970278}
['tiger21.JPEG', 'tiger22.JPEG', 'tiger23.JPEG', 'tiger24.JPEG', 'tiger25.JPEG', 'tiger26.JPEG', 'tiger27.JPEG', 'tiger28.JPEG', 'tiger29.JPEG', 'tiger30.JPEG']
INFO:circe.py:runtime_stat:{"task_name": "circe", "event": "new_output_file", "filename": "score4c_preagg4_5jobth3#04438711-3#20146663-3#37200469-3#88257336-3#98059081-3#53783239", "unix_time": 1620678073.3079293}
DEBUG:transfer.py:sshpass -p PASSWORD scp -P 5000 -o StrictHostKeyChecking=no /jupiter/circe_output/score4c_preagg4_5jobth3#04438711-3#20146663-3#37200469-3#88257336-3#98059081-3#53783239 root@10.101.67.163:/jupiter/circe_input/
INFO:ccdag_utils.py:runtime_stat:{"task_name": "score4c", "event": "queue_end_process", "filename": "score4c_preagg4_5jobth3#04438711-3#20146663-3#37200469-3#88257336-3#98059081-3#53783239", "unix_time": 1620678073.318767}
DEBUG:transfer.py:transfer successful!
INFO:circe.py:runtime_stat:{"task_name": "circe", "event": "new_input_file", "filename": "lccenc4_score4c_3#18509093-3#41093773-3#48090837-3#16092600-3#95988730-3#47312410jobid6.csv", "unix_time": 1620678091.1924222}
INFO:ccdag_utils.py:runtime_stat:{"task_name": "score4c", "event": "queue_start_process", "filename": "lccenc4_score4c_3#18509093-3#41093773-3#48090837-3#16092600-3#95988730-3#47312410jobid6.csv", "unix_time": 1620678091.338431}
['tiger21.JPEG', 'tiger22.JPEG', 'tiger23.JPEG', 'tiger24.JPEG', 'tiger25.JPEG', 'tiger26.JPEG', 'tiger27.JPEG', 'tiger28.JPEG', 'tiger29.JPEG', 'tiger30.JPEG']
INFO:circe.py:runtime_stat:{"task_name": "circe", "event": "new_output_file", "filename": "score4c_preagg4_6jobth3#18509093-3#41093773-3#48090837-3#16092600-3#95988730-3#47312410", "unix_time": 1620678092.8219116}
DEBUG:transfer.py:sshpass -p PASSWORD scp -P 5000 -o StrictHostKeyChecking=no /jupiter/circe_output/score4c_preagg4_6jobth3#18509093-3#41093773-3#48090837-3#16092600-3#95988730-3#47312410 root@10.101.67.163:/jupiter/circe_input/
INFO:ccdag_utils.py:runtime_stat:{"task_name": "score4c", "event": "queue_end_process", "filename": "score4c_preagg4_6jobth3#18509093-3#41093773-3#48090837-3#16092600-3#95988730-3#47312410", "unix_time": 1620678092.829431}
DEBUG:transfer.py:transfer successful!
