 * Starting OpenBSD Secure Shell server sshd
   ...done.
INFO:circe.py:Using base script storeclass.py
DEBUG:circe.py:starting the input monitoring process
DEBUG:circe.py:starting the output monitoring process
INFO:circe.py:runtime_stat:{"task_name": "circe", "event": "new_input_file", "filename": "resnet5_storeclass2_63771363imgschoolbusjobid22.JPEG", "unix_time": 1620677846.0118175}
INFO:circe.py:runtime_stat:{"task_name": "circe", "event": "new_input_file", "filename": "resnet1_storeclass2_85565961imgschoolbusjobid22.JPEG", "unix_time": 1620677846.1744616}
INFO:circe.py:runtime_stat:{"task_name": "circe", "event": "new_input_file", "filename": "resnet6_storeclass2_05735376imgschoolbusjobid22.JPEG", "unix_time": 1620677846.3040538}
INFO:circe.py:runtime_stat:{"task_name": "circe", "event": "new_input_file", "filename": "resnet2_storeclass2_74082537imgschoolbusjobid22.JPEG", "unix_time": 1620677846.3265595}
INFO:ccdag_utils.py:runtime_stat:{"task_name": "storeclass2", "event": "queue_start_process", "filename": "resnet5_storeclass2_63771363imgschoolbusjobid22.JPEG", "unix_time": 1620677846.864893}
INFO:ccdag_utils.py:runtime_stat:{"task_name": "storeclass2", "event": "queue_end_process", "filename": "storeclass2_lccenc2_63771363imgschoolbusjobid22.JPEG", "unix_time": 1620677846.8696043}
INFO:ccdag_utils.py:runtime_stat:{"task_name": "storeclass2", "event": "queue_start_process", "filename": "resnet1_storeclass2_85565961imgschoolbusjobid22.JPEG", "unix_time": 1620677846.8701284}
INFO:circe.py:runtime_stat:{"task_name": "circe", "event": "new_output_file", "filename": "storeclass2_lccenc2_63771363imgschoolbusjobid22.JPEG", "unix_time": 1620677846.871724}
DEBUG:transfer.py:sshpass -p PASSWORD scp -P 5000 -o StrictHostKeyChecking=no /jupiter/circe_output/storeclass2_lccenc2_63771363imgschoolbusjobid22.JPEG root@10.99.245.224:/jupiter/circe_input/
INFO:ccdag_utils.py:runtime_stat:{"task_name": "storeclass2", "event": "queue_end_process", "filename": "storeclass2_lccenc2_85565961imgschoolbusjobid22.JPEG", "unix_time": 1620677846.8785067}
INFO:ccdag_utils.py:runtime_stat:{"task_name": "storeclass2", "event": "queue_start_process", "filename": "resnet6_storeclass2_05735376imgschoolbusjobid22.JPEG", "unix_time": 1620677846.8804662}
INFO:ccdag_utils.py:runtime_stat:{"task_name": "storeclass2", "event": "queue_end_process", "filename": "storeclass2_lccenc2_05735376imgschoolbusjobid22.JPEG", "unix_time": 1620677846.8829696}
INFO:ccdag_utils.py:runtime_stat:{"task_name": "storeclass2", "event": "queue_start_process", "filename": "resnet2_storeclass2_74082537imgschoolbusjobid22.JPEG", "unix_time": 1620677846.8833368}
INFO:ccdag_utils.py:runtime_stat:{"task_name": "storeclass2", "event": "queue_end_process", "filename": "storeclass2_lccenc2_74082537imgschoolbusjobid22.JPEG", "unix_time": 1620677846.8859715}
Warning: Permanently added '[10.99.245.224]:5000' (ECDSA) to the list of known hosts.
DEBUG:transfer.py:transfer successful!
INFO:circe.py:runtime_stat:{"task_name": "circe", "event": "new_output_file", "filename": "storeclass2_lccenc2_85565961imgschoolbusjobid22.JPEG", "unix_time": 1620677847.0962367}
DEBUG:transfer.py:sshpass -p PASSWORD scp -P 5000 -o StrictHostKeyChecking=no /jupiter/circe_output/storeclass2_lccenc2_85565961imgschoolbusjobid22.JPEG root@10.99.245.224:/jupiter/circe_input/
DEBUG:transfer.py:transfer successful!
INFO:circe.py:runtime_stat:{"task_name": "circe", "event": "new_output_file", "filename": "storeclass2_lccenc2_05735376imgschoolbusjobid22.JPEG", "unix_time": 1620677847.3118923}
DEBUG:transfer.py:sshpass -p PASSWORD scp -P 5000 -o StrictHostKeyChecking=no /jupiter/circe_output/storeclass2_lccenc2_05735376imgschoolbusjobid22.JPEG root@10.99.245.224:/jupiter/circe_input/
DEBUG:transfer.py:transfer successful!
INFO:circe.py:runtime_stat:{"task_name": "circe", "event": "new_output_file", "filename": "storeclass2_lccenc2_74082537imgschoolbusjobid22.JPEG", "unix_time": 1620677847.5236146}
DEBUG:transfer.py:sshpass -p PASSWORD scp -P 5000 -o StrictHostKeyChecking=no /jupiter/circe_output/storeclass2_lccenc2_74082537imgschoolbusjobid22.JPEG root@10.99.245.224:/jupiter/circe_input/
DEBUG:transfer.py:transfer successful!
INFO:circe.py:runtime_stat:{"task_name": "circe", "event": "new_input_file", "filename": "resnet1_storeclass2_04445471imgschoolbusjobid23.JPEG", "unix_time": 1620677856.7228038}
INFO:circe.py:runtime_stat:{"task_name": "circe", "event": "new_input_file", "filename": "resnet0_storeclass2_50029144imgschoolbusjobid23.JPEG", "unix_time": 1620677856.8692145}
INFO:ccdag_utils.py:runtime_stat:{"task_name": "storeclass2", "event": "queue_start_process", "filename": "resnet1_storeclass2_04445471imgschoolbusjobid23.JPEG", "unix_time": 1620677856.8971212}
INFO:ccdag_utils.py:runtime_stat:{"task_name": "storeclass2", "event": "queue_end_process", "filename": "storeclass2_lccenc2_04445471imgschoolbusjobid23.JPEG", "unix_time": 1620677856.9349165}
INFO:ccdag_utils.py:runtime_stat:{"task_name": "storeclass2", "event": "queue_start_process", "filename": "resnet0_storeclass2_50029144imgschoolbusjobid23.JPEG", "unix_time": 1620677856.9355445}
INFO:circe.py:runtime_stat:{"task_name": "circe", "event": "new_output_file", "filename": "storeclass2_lccenc2_04445471imgschoolbusjobid23.JPEG", "unix_time": 1620677856.9365127}
DEBUG:transfer.py:sshpass -p PASSWORD scp -P 5000 -o StrictHostKeyChecking=no /jupiter/circe_output/storeclass2_lccenc2_04445471imgschoolbusjobid23.JPEG root@10.99.245.224:/jupiter/circe_input/
INFO:ccdag_utils.py:runtime_stat:{"task_name": "storeclass2", "event": "queue_end_process", "filename": "storeclass2_lccenc2_50029144imgschoolbusjobid23.JPEG", "unix_time": 1620677856.9507349}
INFO:circe.py:runtime_stat:{"task_name": "circe", "event": "new_input_file", "filename": "resnet5_storeclass2_04247066imgschoolbusjobid23.JPEG", "unix_time": 1620677857.1185436}
DEBUG:transfer.py:transfer successful!
INFO:circe.py:runtime_stat:{"task_name": "circe", "event": "new_output_file", "filename": "storeclass2_lccenc2_50029144imgschoolbusjobid23.JPEG", "unix_time": 1620677857.1779654}
DEBUG:transfer.py:sshpass -p PASSWORD scp -P 5000 -o StrictHostKeyChecking=no /jupiter/circe_output/storeclass2_lccenc2_50029144imgschoolbusjobid23.JPEG root@10.99.245.224:/jupiter/circe_input/
INFO:circe.py:runtime_stat:{"task_name": "circe", "event": "new_input_file", "filename": "resnet4_storeclass2_10056802imgschoolbusjobid23.JPEG", "unix_time": 1620677857.2419672}
DEBUG:transfer.py:transfer successful!
INFO:ccdag_utils.py:runtime_stat:{"task_name": "storeclass2", "event": "queue_start_process", "filename": "resnet5_storeclass2_04247066imgschoolbusjobid23.JPEG", "unix_time": 1620677857.951771}
INFO:ccdag_utils.py:runtime_stat:{"task_name": "storeclass2", "event": "queue_end_process", "filename": "storeclass2_lccenc2_04247066imgschoolbusjobid23.JPEG", "unix_time": 1620677857.9554334}
INFO:ccdag_utils.py:runtime_stat:{"task_name": "storeclass2", "event": "queue_start_process", "filename": "resnet4_storeclass2_10056802imgschoolbusjobid23.JPEG", "unix_time": 1620677857.955834}
INFO:circe.py:runtime_stat:{"task_name": "circe", "event": "new_output_file", "filename": "storeclass2_lccenc2_04247066imgschoolbusjobid23.JPEG", "unix_time": 1620677857.960442}
DEBUG:transfer.py:sshpass -p PASSWORD scp -P 5000 -o StrictHostKeyChecking=no /jupiter/circe_output/storeclass2_lccenc2_04247066imgschoolbusjobid23.JPEG root@10.99.245.224:/jupiter/circe_input/
INFO:ccdag_utils.py:runtime_stat:{"task_name": "storeclass2", "event": "queue_end_process", "filename": "storeclass2_lccenc2_10056802imgschoolbusjobid23.JPEG", "unix_time": 1620677857.9640508}
DEBUG:transfer.py:transfer successful!
INFO:circe.py:runtime_stat:{"task_name": "circe", "event": "new_output_file", "filename": "storeclass2_lccenc2_10056802imgschoolbusjobid23.JPEG", "unix_time": 1620677858.1679227}
DEBUG:transfer.py:sshpass -p PASSWORD scp -P 5000 -o StrictHostKeyChecking=no /jupiter/circe_output/storeclass2_lccenc2_10056802imgschoolbusjobid23.JPEG root@10.99.245.224:/jupiter/circe_input/
INFO:circe.py:runtime_stat:{"task_name": "circe", "event": "new_input_file", "filename": "home_storeclass2_54183291imgschoolbusjobid23.JPEG", "unix_time": 1620677858.2232213}
DEBUG:transfer.py:transfer successful!
INFO:ccdag_utils.py:runtime_stat:{"task_name": "storeclass2", "event": "queue_start_process", "filename": "home_storeclass2_54183291imgschoolbusjobid23.JPEG", "unix_time": 1620677858.9665396}
INFO:ccdag_utils.py:runtime_stat:{"task_name": "storeclass2", "event": "queue_end_process", "filename": "storeclass2_lccenc2_54183291imgschoolbusjobid23.JPEG", "unix_time": 1620677858.9705894}
INFO:circe.py:runtime_stat:{"task_name": "circe", "event": "new_output_file", "filename": "storeclass2_lccenc2_54183291imgschoolbusjobid23.JPEG", "unix_time": 1620677858.97179}
DEBUG:transfer.py:sshpass -p PASSWORD scp -P 5000 -o StrictHostKeyChecking=no /jupiter/circe_output/storeclass2_lccenc2_54183291imgschoolbusjobid23.JPEG root@10.99.245.224:/jupiter/circe_input/
DEBUG:transfer.py:transfer successful!
INFO:circe.py:runtime_stat:{"task_name": "circe", "event": "new_input_file", "filename": "resnet3_storeclass2_51733030imgschoolbusjobid24.JPEG", "unix_time": 1620677867.9057322}
INFO:circe.py:runtime_stat:{"task_name": "circe", "event": "new_input_file", "filename": "resnet4_storeclass2_59111154imgschoolbusjobid24.JPEG", "unix_time": 1620677867.9129004}
INFO:ccdag_utils.py:runtime_stat:{"task_name": "storeclass2", "event": "queue_start_process", "filename": "resnet3_storeclass2_51733030imgschoolbusjobid24.JPEG", "unix_time": 1620677867.9781208}
INFO:ccdag_utils.py:runtime_stat:{"task_name": "storeclass2", "event": "queue_end_process", "filename": "storeclass2_lccenc2_51733030imgschoolbusjobid24.JPEG", "unix_time": 1620677867.9861045}
INFO:circe.py:runtime_stat:{"task_name": "circe", "event": "new_output_file", "filename": "storeclass2_lccenc2_51733030imgschoolbusjobid24.JPEG", "unix_time": 1620677867.986626}
INFO:ccdag_utils.py:runtime_stat:{"task_name": "storeclass2", "event": "queue_start_process", "filename": "resnet4_storeclass2_59111154imgschoolbusjobid24.JPEG", "unix_time": 1620677867.9869297}
DEBUG:transfer.py:sshpass -p PASSWORD scp -P 5000 -o StrictHostKeyChecking=no /jupiter/circe_output/storeclass2_lccenc2_51733030imgschoolbusjobid24.JPEG root@10.99.245.224:/jupiter/circe_input/
INFO:ccdag_utils.py:runtime_stat:{"task_name": "storeclass2", "event": "queue_end_process", "filename": "storeclass2_lccenc2_59111154imgschoolbusjobid24.JPEG", "unix_time": 1620677867.9960542}
DEBUG:transfer.py:transfer successful!
INFO:circe.py:runtime_stat:{"task_name": "circe", "event": "new_output_file", "filename": "storeclass2_lccenc2_59111154imgschoolbusjobid24.JPEG", "unix_time": 1620677868.2137015}
DEBUG:transfer.py:sshpass -p PASSWORD scp -P 5000 -o StrictHostKeyChecking=no /jupiter/circe_output/storeclass2_lccenc2_59111154imgschoolbusjobid24.JPEG root@10.99.245.224:/jupiter/circe_input/
DEBUG:transfer.py:transfer successful!
INFO:circe.py:runtime_stat:{"task_name": "circe", "event": "new_input_file", "filename": "resnet7_storeclass2_20605207imgschoolbusjobid25.JPEG", "unix_time": 1620677877.694833}
INFO:ccdag_utils.py:runtime_stat:{"task_name": "storeclass2", "event": "queue_start_process", "filename": "resnet7_storeclass2_20605207imgschoolbusjobid25.JPEG", "unix_time": 1620677878.0048153}
INFO:ccdag_utils.py:runtime_stat:{"task_name": "storeclass2", "event": "queue_end_process", "filename": "storeclass2_lccenc2_20605207imgschoolbusjobid25.JPEG", "unix_time": 1620677878.0063474}
INFO:circe.py:runtime_stat:{"task_name": "circe", "event": "new_output_file", "filename": "storeclass2_lccenc2_20605207imgschoolbusjobid25.JPEG", "unix_time": 1620677878.0084026}
DEBUG:transfer.py:sshpass -p PASSWORD scp -P 5000 -o StrictHostKeyChecking=no /jupiter/circe_output/storeclass2_lccenc2_20605207imgschoolbusjobid25.JPEG root@10.99.245.224:/jupiter/circe_input/
DEBUG:transfer.py:transfer successful!
INFO:circe.py:runtime_stat:{"task_name": "circe", "event": "new_input_file", "filename": "resnet6_storeclass2_57461598imgschoolbusjobid25.JPEG", "unix_time": 1620677878.5290086}
INFO:ccdag_utils.py:runtime_stat:{"task_name": "storeclass2", "event": "queue_start_process", "filename": "resnet6_storeclass2_57461598imgschoolbusjobid25.JPEG", "unix_time": 1620677879.007958}
INFO:ccdag_utils.py:runtime_stat:{"task_name": "storeclass2", "event": "queue_end_process", "filename": "storeclass2_lccenc2_57461598imgschoolbusjobid25.JPEG", "unix_time": 1620677879.0094054}
INFO:circe.py:runtime_stat:{"task_name": "circe", "event": "new_output_file", "filename": "storeclass2_lccenc2_57461598imgschoolbusjobid25.JPEG", "unix_time": 1620677879.0104434}
DEBUG:transfer.py:sshpass -p PASSWORD scp -P 5000 -o StrictHostKeyChecking=no /jupiter/circe_output/storeclass2_lccenc2_57461598imgschoolbusjobid25.JPEG root@10.99.245.224:/jupiter/circe_input/
DEBUG:transfer.py:transfer successful!
INFO:circe.py:runtime_stat:{"task_name": "circe", "event": "new_input_file", "filename": "resnet1_storeclass2_74394321imgschoolbusjobid26.JPEG", "unix_time": 1620677889.376889}
INFO:circe.py:runtime_stat:{"task_name": "circe", "event": "new_input_file", "filename": "resnet6_storeclass2_40923044imgschoolbusjobid26.JPEG", "unix_time": 1620677889.5522206}
INFO:circe.py:runtime_stat:{"task_name": "circe", "event": "new_input_file", "filename": "resnet2_storeclass2_10351554imgschoolbusjobid26.JPEG", "unix_time": 1620677890.0103629}
INFO:ccdag_utils.py:runtime_stat:{"task_name": "storeclass2", "event": "queue_start_process", "filename": "resnet1_storeclass2_74394321imgschoolbusjobid26.JPEG", "unix_time": 1620677890.028883}
INFO:ccdag_utils.py:runtime_stat:{"task_name": "storeclass2", "event": "queue_end_process", "filename": "storeclass2_lccenc2_74394321imgschoolbusjobid26.JPEG", "unix_time": 1620677890.0390873}
INFO:circe.py:runtime_stat:{"task_name": "circe", "event": "new_output_file", "filename": "storeclass2_lccenc2_74394321imgschoolbusjobid26.JPEG", "unix_time": 1620677890.0401633}
INFO:ccdag_utils.py:runtime_stat:{"task_name": "storeclass2", "event": "queue_start_process", "filename": "resnet6_storeclass2_40923044imgschoolbusjobid26.JPEG", "unix_time": 1620677890.0438619}
DEBUG:transfer.py:sshpass -p PASSWORD scp -P 5000 -o StrictHostKeyChecking=no /jupiter/circe_output/storeclass2_lccenc2_74394321imgschoolbusjobid26.JPEG root@10.99.245.224:/jupiter/circe_input/
INFO:ccdag_utils.py:runtime_stat:{"task_name": "storeclass2", "event": "queue_end_process", "filename": "storeclass2_lccenc2_40923044imgschoolbusjobid26.JPEG", "unix_time": 1620677890.0494354}
INFO:ccdag_utils.py:runtime_stat:{"task_name": "storeclass2", "event": "queue_start_process", "filename": "resnet2_storeclass2_10351554imgschoolbusjobid26.JPEG", "unix_time": 1620677890.0509765}
INFO:ccdag_utils.py:runtime_stat:{"task_name": "storeclass2", "event": "queue_end_process", "filename": "storeclass2_lccenc2_10351554imgschoolbusjobid26.JPEG", "unix_time": 1620677890.0525916}
INFO:circe.py:runtime_stat:{"task_name": "circe", "event": "new_input_file", "filename": "resnet5_storeclass2_46219395imgschoolbusjobid26.JPEG", "unix_time": 1620677890.073149}
DEBUG:transfer.py:transfer successful!
INFO:circe.py:runtime_stat:{"task_name": "circe", "event": "new_output_file", "filename": "storeclass2_lccenc2_40923044imgschoolbusjobid26.JPEG", "unix_time": 1620677890.2751563}
DEBUG:transfer.py:sshpass -p PASSWORD scp -P 5000 -o StrictHostKeyChecking=no /jupiter/circe_output/storeclass2_lccenc2_40923044imgschoolbusjobid26.JPEG root@10.99.245.224:/jupiter/circe_input/
DEBUG:transfer.py:transfer successful!
INFO:circe.py:runtime_stat:{"task_name": "circe", "event": "new_output_file", "filename": "storeclass2_lccenc2_10351554imgschoolbusjobid26.JPEG", "unix_time": 1620677890.49376}
DEBUG:transfer.py:sshpass -p PASSWORD scp -P 5000 -o StrictHostKeyChecking=no /jupiter/circe_output/storeclass2_lccenc2_10351554imgschoolbusjobid26.JPEG root@10.99.245.224:/jupiter/circe_input/
DEBUG:transfer.py:transfer successful!
INFO:ccdag_utils.py:runtime_stat:{"task_name": "storeclass2", "event": "queue_start_process", "filename": "resnet5_storeclass2_46219395imgschoolbusjobid26.JPEG", "unix_time": 1620677891.0557199}
INFO:circe.py:runtime_stat:{"task_name": "circe", "event": "new_output_file", "filename": "storeclass2_lccenc2_46219395imgschoolbusjobid26.JPEG", "unix_time": 1620677891.062954}
DEBUG:transfer.py:sshpass -p PASSWORD scp -P 5000 -o StrictHostKeyChecking=no /jupiter/circe_output/storeclass2_lccenc2_46219395imgschoolbusjobid26.JPEG root@10.99.245.224:/jupiter/circe_input/
INFO:ccdag_utils.py:runtime_stat:{"task_name": "storeclass2", "event": "queue_end_process", "filename": "storeclass2_lccenc2_46219395imgschoolbusjobid26.JPEG", "unix_time": 1620677891.0635118}
DEBUG:transfer.py:transfer successful!
INFO:circe.py:runtime_stat:{"task_name": "circe", "event": "new_input_file", "filename": "resnet4_storeclass2_70582224imgschoolbusjobid30.JPEG", "unix_time": 1620677934.688235}
INFO:circe.py:runtime_stat:{"task_name": "circe", "event": "new_input_file", "filename": "resnet0_storeclass2_49197062imgschoolbusjobid30.JPEG", "unix_time": 1620677934.8191786}
INFO:ccdag_utils.py:runtime_stat:{"task_name": "storeclass2", "event": "queue_start_process", "filename": "resnet4_storeclass2_70582224imgschoolbusjobid30.JPEG", "unix_time": 1620677935.122345}
INFO:circe.py:runtime_stat:{"task_name": "circe", "event": "new_output_file", "filename": "storeclass2_lccenc2_70582224imgschoolbusjobid30.JPEG", "unix_time": 1620677935.1260452}
DEBUG:transfer.py:sshpass -p PASSWORD scp -P 5000 -o StrictHostKeyChecking=no /jupiter/circe_output/storeclass2_lccenc2_70582224imgschoolbusjobid30.JPEG root@10.99.245.224:/jupiter/circe_input/
INFO:ccdag_utils.py:runtime_stat:{"task_name": "storeclass2", "event": "queue_end_process", "filename": "storeclass2_lccenc2_70582224imgschoolbusjobid30.JPEG", "unix_time": 1620677935.1267917}
INFO:ccdag_utils.py:runtime_stat:{"task_name": "storeclass2", "event": "queue_start_process", "filename": "resnet0_storeclass2_49197062imgschoolbusjobid30.JPEG", "unix_time": 1620677935.131878}
INFO:ccdag_utils.py:runtime_stat:{"task_name": "storeclass2", "event": "queue_end_process", "filename": "storeclass2_lccenc2_49197062imgschoolbusjobid30.JPEG", "unix_time": 1620677935.1359868}
DEBUG:transfer.py:transfer successful!
INFO:circe.py:runtime_stat:{"task_name": "circe", "event": "new_output_file", "filename": "storeclass2_lccenc2_49197062imgschoolbusjobid30.JPEG", "unix_time": 1620677935.3532383}
DEBUG:transfer.py:sshpass -p PASSWORD scp -P 5000 -o StrictHostKeyChecking=no /jupiter/circe_output/storeclass2_lccenc2_49197062imgschoolbusjobid30.JPEG root@10.99.245.224:/jupiter/circe_input/
DEBUG:transfer.py:transfer successful!
INFO:circe.py:runtime_stat:{"task_name": "circe", "event": "new_input_file", "filename": "home_storeclass2_78854272imgschoolbusjobid30.JPEG", "unix_time": 1620677935.8311112}
INFO:ccdag_utils.py:runtime_stat:{"task_name": "storeclass2", "event": "queue_start_process", "filename": "home_storeclass2_78854272imgschoolbusjobid30.JPEG", "unix_time": 1620677936.1379457}
INFO:ccdag_utils.py:runtime_stat:{"task_name": "storeclass2", "event": "queue_end_process", "filename": "storeclass2_lccenc2_78854272imgschoolbusjobid30.JPEG", "unix_time": 1620677936.1554906}
INFO:circe.py:runtime_stat:{"task_name": "circe", "event": "new_output_file", "filename": "storeclass2_lccenc2_78854272imgschoolbusjobid30.JPEG", "unix_time": 1620677936.156259}
DEBUG:transfer.py:sshpass -p PASSWORD scp -P 5000 -o StrictHostKeyChecking=no /jupiter/circe_output/storeclass2_lccenc2_78854272imgschoolbusjobid30.JPEG root@10.99.245.224:/jupiter/circe_input/
DEBUG:transfer.py:transfer successful!
INFO:circe.py:runtime_stat:{"task_name": "circe", "event": "new_input_file", "filename": "resnet3_storeclass2_58457373imgschoolbusjobid31.JPEG", "unix_time": 1620677947.5475407}
INFO:ccdag_utils.py:runtime_stat:{"task_name": "storeclass2", "event": "queue_start_process", "filename": "resnet3_storeclass2_58457373imgschoolbusjobid31.JPEG", "unix_time": 1620677948.1699624}
INFO:ccdag_utils.py:runtime_stat:{"task_name": "storeclass2", "event": "queue_end_process", "filename": "storeclass2_lccenc2_58457373imgschoolbusjobid31.JPEG", "unix_time": 1620677948.1713388}
INFO:circe.py:runtime_stat:{"task_name": "circe", "event": "new_output_file", "filename": "storeclass2_lccenc2_58457373imgschoolbusjobid31.JPEG", "unix_time": 1620677948.1737235}
DEBUG:transfer.py:sshpass -p PASSWORD scp -P 5000 -o StrictHostKeyChecking=no /jupiter/circe_output/storeclass2_lccenc2_58457373imgschoolbusjobid31.JPEG root@10.99.245.224:/jupiter/circe_input/
DEBUG:transfer.py:transfer successful!
INFO:circe.py:runtime_stat:{"task_name": "circe", "event": "new_input_file", "filename": "resnet2_storeclass2_68918854imgschoolbusjobid32.JPEG", "unix_time": 1620677959.9243803}
INFO:ccdag_utils.py:runtime_stat:{"task_name": "storeclass2", "event": "queue_start_process", "filename": "resnet2_storeclass2_68918854imgschoolbusjobid32.JPEG", "unix_time": 1620677960.183816}
INFO:ccdag_utils.py:runtime_stat:{"task_name": "storeclass2", "event": "queue_end_process", "filename": "storeclass2_lccenc2_68918854imgschoolbusjobid32.JPEG", "unix_time": 1620677960.1855073}
INFO:circe.py:runtime_stat:{"task_name": "circe", "event": "new_output_file", "filename": "storeclass2_lccenc2_68918854imgschoolbusjobid32.JPEG", "unix_time": 1620677960.1874576}
DEBUG:transfer.py:sshpass -p PASSWORD scp -P 5000 -o StrictHostKeyChecking=no /jupiter/circe_output/storeclass2_lccenc2_68918854imgschoolbusjobid32.JPEG root@10.99.245.224:/jupiter/circe_input/
DEBUG:transfer.py:transfer successful!
INFO:circe.py:runtime_stat:{"task_name": "circe", "event": "new_input_file", "filename": "resnet5_storeclass2_94952123imgschoolbusjobid33.JPEG", "unix_time": 1620677968.660181}
INFO:ccdag_utils.py:runtime_stat:{"task_name": "storeclass2", "event": "queue_start_process", "filename": "resnet5_storeclass2_94952123imgschoolbusjobid33.JPEG", "unix_time": 1620677969.1987042}
INFO:ccdag_utils.py:runtime_stat:{"task_name": "storeclass2", "event": "queue_end_process", "filename": "storeclass2_lccenc2_94952123imgschoolbusjobid33.JPEG", "unix_time": 1620677969.2066383}
INFO:circe.py:runtime_stat:{"task_name": "circe", "event": "new_output_file", "filename": "storeclass2_lccenc2_94952123imgschoolbusjobid33.JPEG", "unix_time": 1620677969.2076046}
DEBUG:transfer.py:sshpass -p PASSWORD scp -P 5000 -o StrictHostKeyChecking=no /jupiter/circe_output/storeclass2_lccenc2_94952123imgschoolbusjobid33.JPEG root@10.99.245.224:/jupiter/circe_input/
DEBUG:transfer.py:transfer successful!
INFO:circe.py:runtime_stat:{"task_name": "circe", "event": "new_input_file", "filename": "resnet7_storeclass2_00719937imgschoolbusjobid34.JPEG", "unix_time": 1620677980.0791001}
INFO:circe.py:runtime_stat:{"task_name": "circe", "event": "new_input_file", "filename": "resnet0_storeclass2_59053837imgschoolbusjobid34.JPEG", "unix_time": 1620677980.0810242}
INFO:ccdag_utils.py:runtime_stat:{"task_name": "storeclass2", "event": "queue_start_process", "filename": "resnet7_storeclass2_00719937imgschoolbusjobid34.JPEG", "unix_time": 1620677980.2197878}
INFO:circe.py:runtime_stat:{"task_name": "circe", "event": "new_output_file", "filename": "storeclass2_lccenc2_00719937imgschoolbusjobid34.JPEG", "unix_time": 1620677980.2249346}
DEBUG:transfer.py:sshpass -p PASSWORD scp -P 5000 -o StrictHostKeyChecking=no /jupiter/circe_output/storeclass2_lccenc2_00719937imgschoolbusjobid34.JPEG root@10.99.245.224:/jupiter/circe_input/
INFO:ccdag_utils.py:runtime_stat:{"task_name": "storeclass2", "event": "queue_end_process", "filename": "storeclass2_lccenc2_00719937imgschoolbusjobid34.JPEG", "unix_time": 1620677980.2256205}
INFO:ccdag_utils.py:runtime_stat:{"task_name": "storeclass2", "event": "queue_start_process", "filename": "resnet0_storeclass2_59053837imgschoolbusjobid34.JPEG", "unix_time": 1620677980.2295332}
INFO:ccdag_utils.py:runtime_stat:{"task_name": "storeclass2", "event": "queue_end_process", "filename": "storeclass2_lccenc2_59053837imgschoolbusjobid34.JPEG", "unix_time": 1620677980.2352283}
DEBUG:transfer.py:transfer successful!
INFO:circe.py:runtime_stat:{"task_name": "circe", "event": "new_output_file", "filename": "storeclass2_lccenc2_59053837imgschoolbusjobid34.JPEG", "unix_time": 1620677980.4355562}
DEBUG:transfer.py:sshpass -p PASSWORD scp -P 5000 -o StrictHostKeyChecking=no /jupiter/circe_output/storeclass2_lccenc2_59053837imgschoolbusjobid34.JPEG root@10.99.245.224:/jupiter/circe_input/
INFO:circe.py:runtime_stat:{"task_name": "circe", "event": "new_input_file", "filename": "resnet4_storeclass2_82465381imgschoolbusjobid34.JPEG", "unix_time": 1620677980.5861208}
DEBUG:transfer.py:transfer successful!
INFO:ccdag_utils.py:runtime_stat:{"task_name": "storeclass2", "event": "queue_start_process", "filename": "resnet4_storeclass2_82465381imgschoolbusjobid34.JPEG", "unix_time": 1620677981.2373838}
INFO:circe.py:runtime_stat:{"task_name": "circe", "event": "new_output_file", "filename": "storeclass2_lccenc2_82465381imgschoolbusjobid34.JPEG", "unix_time": 1620677981.2452676}
DEBUG:transfer.py:sshpass -p PASSWORD scp -P 5000 -o StrictHostKeyChecking=no /jupiter/circe_output/storeclass2_lccenc2_82465381imgschoolbusjobid34.JPEG root@10.99.245.224:/jupiter/circe_input/
INFO:ccdag_utils.py:runtime_stat:{"task_name": "storeclass2", "event": "queue_end_process", "filename": "storeclass2_lccenc2_82465381imgschoolbusjobid34.JPEG", "unix_time": 1620677981.2461782}
DEBUG:transfer.py:transfer successful!
INFO:circe.py:runtime_stat:{"task_name": "circe", "event": "new_input_file", "filename": "resnet2_storeclass2_16211780imgschoolbusjobid35.JPEG", "unix_time": 1620677992.3867004}
INFO:circe.py:runtime_stat:{"task_name": "circe", "event": "new_input_file", "filename": "resnet6_storeclass2_48919687imgschoolbusjobid35.JPEG", "unix_time": 1620677992.6603045}
INFO:ccdag_utils.py:runtime_stat:{"task_name": "storeclass2", "event": "queue_start_process", "filename": "resnet2_storeclass2_16211780imgschoolbusjobid35.JPEG", "unix_time": 1620677993.2643156}
INFO:circe.py:runtime_stat:{"task_name": "circe", "event": "new_output_file", "filename": "storeclass2_lccenc2_16211780imgschoolbusjobid35.JPEG", "unix_time": 1620677993.2677925}
DEBUG:transfer.py:sshpass -p PASSWORD scp -P 5000 -o StrictHostKeyChecking=no /jupiter/circe_output/storeclass2_lccenc2_16211780imgschoolbusjobid35.JPEG root@10.99.245.224:/jupiter/circe_input/
INFO:ccdag_utils.py:runtime_stat:{"task_name": "storeclass2", "event": "queue_end_process", "filename": "storeclass2_lccenc2_16211780imgschoolbusjobid35.JPEG", "unix_time": 1620677993.2709844}
INFO:ccdag_utils.py:runtime_stat:{"task_name": "storeclass2", "event": "queue_start_process", "filename": "resnet6_storeclass2_48919687imgschoolbusjobid35.JPEG", "unix_time": 1620677993.2726038}
INFO:ccdag_utils.py:runtime_stat:{"task_name": "storeclass2", "event": "queue_end_process", "filename": "storeclass2_lccenc2_48919687imgschoolbusjobid35.JPEG", "unix_time": 1620677993.2854033}
DEBUG:transfer.py:transfer successful!
INFO:circe.py:runtime_stat:{"task_name": "circe", "event": "new_output_file", "filename": "storeclass2_lccenc2_48919687imgschoolbusjobid35.JPEG", "unix_time": 1620677993.4842744}
DEBUG:transfer.py:sshpass -p PASSWORD scp -P 5000 -o StrictHostKeyChecking=no /jupiter/circe_output/storeclass2_lccenc2_48919687imgschoolbusjobid35.JPEG root@10.99.245.224:/jupiter/circe_input/
DEBUG:transfer.py:transfer successful!
INFO:circe.py:runtime_stat:{"task_name": "circe", "event": "new_input_file", "filename": "resnet1_storeclass2_23152098imgschoolbusjobid36.JPEG", "unix_time": 1620678004.636066}
INFO:ccdag_utils.py:runtime_stat:{"task_name": "storeclass2", "event": "queue_start_process", "filename": "resnet1_storeclass2_23152098imgschoolbusjobid36.JPEG", "unix_time": 1620678005.2992306}
INFO:ccdag_utils.py:runtime_stat:{"task_name": "storeclass2", "event": "queue_end_process", "filename": "storeclass2_lccenc2_23152098imgschoolbusjobid36.JPEG", "unix_time": 1620678005.301555}
INFO:circe.py:runtime_stat:{"task_name": "circe", "event": "new_output_file", "filename": "storeclass2_lccenc2_23152098imgschoolbusjobid36.JPEG", "unix_time": 1620678005.3025262}
DEBUG:transfer.py:sshpass -p PASSWORD scp -P 5000 -o StrictHostKeyChecking=no /jupiter/circe_output/storeclass2_lccenc2_23152098imgschoolbusjobid36.JPEG root@10.99.245.224:/jupiter/circe_input/
DEBUG:transfer.py:transfer successful!
INFO:circe.py:runtime_stat:{"task_name": "circe", "event": "new_input_file", "filename": "home_storeclass2_13517727imgschoolbusjobid37.JPEG", "unix_time": 1620678020.3552513}
INFO:circe.py:runtime_stat:{"task_name": "circe", "event": "new_input_file", "filename": "resnet0_storeclass2_94654894imgschoolbusjobid37.JPEG", "unix_time": 1620678020.808872}
INFO:ccdag_utils.py:runtime_stat:{"task_name": "storeclass2", "event": "queue_start_process", "filename": "home_storeclass2_13517727imgschoolbusjobid37.JPEG", "unix_time": 1620678021.3219388}
INFO:circe.py:runtime_stat:{"task_name": "circe", "event": "new_output_file", "filename": "storeclass2_lccenc2_13517727imgschoolbusjobid37.JPEG", "unix_time": 1620678021.3272107}
INFO:ccdag_utils.py:runtime_stat:{"task_name": "storeclass2", "event": "queue_end_process", "filename": "storeclass2_lccenc2_13517727imgschoolbusjobid37.JPEG", "unix_time": 1620678021.3274705}
DEBUG:transfer.py:sshpass -p PASSWORD scp -P 5000 -o StrictHostKeyChecking=no /jupiter/circe_output/storeclass2_lccenc2_13517727imgschoolbusjobid37.JPEG root@10.99.245.224:/jupiter/circe_input/
INFO:ccdag_utils.py:runtime_stat:{"task_name": "storeclass2", "event": "queue_start_process", "filename": "resnet0_storeclass2_94654894imgschoolbusjobid37.JPEG", "unix_time": 1620678021.3285518}
INFO:ccdag_utils.py:runtime_stat:{"task_name": "storeclass2", "event": "queue_end_process", "filename": "storeclass2_lccenc2_94654894imgschoolbusjobid37.JPEG", "unix_time": 1620678021.333927}
DEBUG:transfer.py:transfer successful!
INFO:circe.py:runtime_stat:{"task_name": "circe", "event": "new_output_file", "filename": "storeclass2_lccenc2_94654894imgschoolbusjobid37.JPEG", "unix_time": 1620678021.5508075}
DEBUG:transfer.py:sshpass -p PASSWORD scp -P 5000 -o StrictHostKeyChecking=no /jupiter/circe_output/storeclass2_lccenc2_94654894imgschoolbusjobid37.JPEG root@10.99.245.224:/jupiter/circe_input/
DEBUG:transfer.py:transfer successful!
INFO:circe.py:runtime_stat:{"task_name": "circe", "event": "new_input_file", "filename": "resnet1_storeclass2_42290187imgschoolbusjobid38.JPEG", "unix_time": 1620678040.1905468}
INFO:ccdag_utils.py:runtime_stat:{"task_name": "storeclass2", "event": "queue_start_process", "filename": "resnet1_storeclass2_42290187imgschoolbusjobid38.JPEG", "unix_time": 1620678040.3576796}
INFO:ccdag_utils.py:runtime_stat:{"task_name": "storeclass2", "event": "queue_end_process", "filename": "storeclass2_lccenc2_42290187imgschoolbusjobid38.JPEG", "unix_time": 1620678040.3691382}
INFO:circe.py:runtime_stat:{"task_name": "circe", "event": "new_output_file", "filename": "storeclass2_lccenc2_42290187imgschoolbusjobid38.JPEG", "unix_time": 1620678040.3705943}
DEBUG:transfer.py:sshpass -p PASSWORD scp -P 5000 -o StrictHostKeyChecking=no /jupiter/circe_output/storeclass2_lccenc2_42290187imgschoolbusjobid38.JPEG root@10.99.245.224:/jupiter/circe_input/
DEBUG:transfer.py:transfer successful!
INFO:circe.py:runtime_stat:{"task_name": "circe", "event": "new_input_file", "filename": "resnet3_storeclass2_14558965imgschoolbusjobid38.JPEG", "unix_time": 1620678040.701676}
INFO:ccdag_utils.py:runtime_stat:{"task_name": "storeclass2", "event": "queue_start_process", "filename": "resnet3_storeclass2_14558965imgschoolbusjobid38.JPEG", "unix_time": 1620678041.3706262}
INFO:ccdag_utils.py:runtime_stat:{"task_name": "storeclass2", "event": "queue_end_process", "filename": "storeclass2_lccenc2_14558965imgschoolbusjobid38.JPEG", "unix_time": 1620678041.3780923}
INFO:circe.py:runtime_stat:{"task_name": "circe", "event": "new_output_file", "filename": "storeclass2_lccenc2_14558965imgschoolbusjobid38.JPEG", "unix_time": 1620678041.3789866}
DEBUG:transfer.py:sshpass -p PASSWORD scp -P 5000 -o StrictHostKeyChecking=no /jupiter/circe_output/storeclass2_lccenc2_14558965imgschoolbusjobid38.JPEG root@10.99.245.224:/jupiter/circe_input/
DEBUG:transfer.py:transfer successful!
