 * Starting OpenBSD Secure Shell server sshd
   ...done.
INFO:circe.py:Using base script preagg.py
DEBUG:circe.py:starting the input monitoring process
DEBUG:circe.py:starting the output monitoring process
8
INFO:circe.py:runtime_stat:{"task_name": "circe", "event": "new_input_file", "filename": "score8b_preagg8_1jobth7#25569509-7#33392092-7#39354678-7#92208573-7#01840733-7#78570541", "unix_time": 1620677740.297863}
INFO:circe.py:runtime_stat:{"task_name": "circe", "event": "new_input_file", "filename": "score8c_preagg8_1jobth7#25569509-7#33392092-7#39354678-7#92208573-7#01840733-7#78570541", "unix_time": 1620677740.5884442}
INFO:ccdag_utils.py:runtime_stat:{"task_name": "preagg8", "event": "queue_start_process", "filename": "score8b_preagg8_1jobth7#25569509-7#33392092-7#39354678-7#92208573-7#01840733-7#78570541", "unix_time": 1620677741.1903956}
INFO:ccdag_utils.py:runtime_stat:{"task_name": "preagg8", "event": "queue_start_process", "filename": "score8c_preagg8_1jobth7#25569509-7#33392092-7#39354678-7#92208573-7#01840733-7#78570541", "unix_time": 1620677741.264487}
INFO:circe.py:runtime_stat:{"task_name": "circe", "event": "new_input_file", "filename": "score8a_preagg8_1jobth7#25569509-7#33392092-7#39354678-7#92208573-7#01840733-7#78570541", "unix_time": 1620677749.0264926}
INFO:ccdag_utils.py:runtime_stat:{"task_name": "preagg8", "event": "queue_start_process", "filename": "score8a_preagg8_1jobth7#25569509-7#33392092-7#39354678-7#92208573-7#01840733-7#78570541", "unix_time": 1620677749.333605}
preagg8_lccdec8_1jobthscore8a7#25569509-7#33392092-7#39354678-7#92208573-7#01840733-7#78570541
INFO:circe.py:runtime_stat:{"task_name": "circe", "event": "new_output_file", "filename": "preagg8_lccdec8_1jobthscore8a7#25569509-7#33392092-7#39354678-7#92208573-7#01840733-7#78570541", "unix_time": 1620677749.4031112}
DEBUG:transfer.py:sshpass -p PASSWORD scp -P 5000 -o StrictHostKeyChecking=no /jupiter/circe_output/preagg8_lccdec8_1jobthscore8a7#25569509-7#33392092-7#39354678-7#92208573-7#01840733-7#78570541 root@10.97.205.242:/jupiter/circe_input/
INFO:ccdag_utils.py:runtime_stat:{"task_name": "preagg8", "event": "queue_end_process", "filename": "preagg8_lccdec8_1jobthscore8a7#25569509-7#33392092-7#39354678-7#92208573-7#01840733-7#78570541", "unix_time": 1620677749.4081457}
preagg8_lccdec8_1jobthscore8b7#25569509-7#33392092-7#39354678-7#92208573-7#01840733-7#78570541
INFO:ccdag_utils.py:runtime_stat:{"task_name": "preagg8", "event": "queue_end_process", "filename": "preagg8_lccdec8_1jobthscore8b7#25569509-7#33392092-7#39354678-7#92208573-7#01840733-7#78570541", "unix_time": 1620677749.4141555}
preagg8_lccdec8_1jobthscore8c7#25569509-7#33392092-7#39354678-7#92208573-7#01840733-7#78570541
INFO:ccdag_utils.py:runtime_stat:{"task_name": "preagg8", "event": "queue_end_process", "filename": "preagg8_lccdec8_1jobthscore8c7#25569509-7#33392092-7#39354678-7#92208573-7#01840733-7#78570541", "unix_time": 1620677749.4182076}
Warning: Permanently added '[10.97.205.242]:5000' (ECDSA) to the list of known hosts.
DEBUG:transfer.py:transfer successful!
INFO:circe.py:runtime_stat:{"task_name": "circe", "event": "new_output_file", "filename": "preagg8_lccdec8_1jobthscore8b7#25569509-7#33392092-7#39354678-7#92208573-7#01840733-7#78570541", "unix_time": 1620677749.6274562}
DEBUG:transfer.py:sshpass -p PASSWORD scp -P 5000 -o StrictHostKeyChecking=no /jupiter/circe_output/preagg8_lccdec8_1jobthscore8b7#25569509-7#33392092-7#39354678-7#92208573-7#01840733-7#78570541 root@10.97.205.242:/jupiter/circe_input/
DEBUG:transfer.py:transfer successful!
INFO:circe.py:runtime_stat:{"task_name": "circe", "event": "new_output_file", "filename": "preagg8_lccdec8_1jobthscore8c7#25569509-7#33392092-7#39354678-7#92208573-7#01840733-7#78570541", "unix_time": 1620677749.8398008}
DEBUG:transfer.py:sshpass -p PASSWORD scp -P 5000 -o StrictHostKeyChecking=no /jupiter/circe_output/preagg8_lccdec8_1jobthscore8c7#25569509-7#33392092-7#39354678-7#92208573-7#01840733-7#78570541 root@10.97.205.242:/jupiter/circe_input/
DEBUG:transfer.py:transfer successful!
INFO:circe.py:runtime_stat:{"task_name": "circe", "event": "new_input_file", "filename": "score8b_preagg8_2jobth7#62885722-7#45301703-7#08373892-7#12845189-7#12248933-7#62621810", "unix_time": 1620677817.890157}
INFO:circe.py:runtime_stat:{"task_name": "circe", "event": "new_input_file", "filename": "score8c_preagg8_2jobth7#62885722-7#45301703-7#08373892-7#12845189-7#12248933-7#62621810", "unix_time": 1620677818.1652548}
INFO:ccdag_utils.py:runtime_stat:{"task_name": "preagg8", "event": "queue_start_process", "filename": "score8b_preagg8_2jobth7#62885722-7#45301703-7#08373892-7#12845189-7#12248933-7#62621810", "unix_time": 1620677818.492648}
INFO:ccdag_utils.py:runtime_stat:{"task_name": "preagg8", "event": "queue_start_process", "filename": "score8c_preagg8_2jobth7#62885722-7#45301703-7#08373892-7#12845189-7#12248933-7#62621810", "unix_time": 1620677818.5529728}
INFO:circe.py:runtime_stat:{"task_name": "circe", "event": "new_input_file", "filename": "score8a_preagg8_2jobth7#62885722-7#45301703-7#08373892-7#12845189-7#12248933-7#62621810", "unix_time": 1620677826.55239}
INFO:ccdag_utils.py:runtime_stat:{"task_name": "preagg8", "event": "queue_start_process", "filename": "score8a_preagg8_2jobth7#62885722-7#45301703-7#08373892-7#12845189-7#12248933-7#62621810", "unix_time": 1620677826.6222453}
preagg8_lccdec8_2jobthscore8a7#62885722-7#45301703-7#08373892-7#12845189-7#12248933-7#62621810
INFO:ccdag_utils.py:runtime_stat:{"task_name": "preagg8", "event": "queue_end_process", "filename": "preagg8_lccdec8_2jobthscore8a7#62885722-7#45301703-7#08373892-7#12845189-7#12248933-7#62621810", "unix_time": 1620677826.6893108}
preagg8_lccdec8_2jobthscore8b7#62885722-7#45301703-7#08373892-7#12845189-7#12248933-7#62621810
INFO:circe.py:runtime_stat:{"task_name": "circe", "event": "new_output_file", "filename": "preagg8_lccdec8_2jobthscore8a7#62885722-7#45301703-7#08373892-7#12845189-7#12248933-7#62621810", "unix_time": 1620677826.6934316}
DEBUG:transfer.py:sshpass -p PASSWORD scp -P 5000 -o StrictHostKeyChecking=no /jupiter/circe_output/preagg8_lccdec8_2jobthscore8a7#62885722-7#45301703-7#08373892-7#12845189-7#12248933-7#62621810 root@10.97.205.242:/jupiter/circe_input/
INFO:ccdag_utils.py:runtime_stat:{"task_name": "preagg8", "event": "queue_end_process", "filename": "preagg8_lccdec8_2jobthscore8b7#62885722-7#45301703-7#08373892-7#12845189-7#12248933-7#62621810", "unix_time": 1620677826.6991696}
preagg8_lccdec8_2jobthscore8c7#62885722-7#45301703-7#08373892-7#12845189-7#12248933-7#62621810
INFO:ccdag_utils.py:runtime_stat:{"task_name": "preagg8", "event": "queue_end_process", "filename": "preagg8_lccdec8_2jobthscore8c7#62885722-7#45301703-7#08373892-7#12845189-7#12248933-7#62621810", "unix_time": 1620677826.7046604}
DEBUG:transfer.py:transfer successful!
INFO:circe.py:runtime_stat:{"task_name": "circe", "event": "new_output_file", "filename": "preagg8_lccdec8_2jobthscore8b7#62885722-7#45301703-7#08373892-7#12845189-7#12248933-7#62621810", "unix_time": 1620677826.897874}
DEBUG:transfer.py:sshpass -p PASSWORD scp -P 5000 -o StrictHostKeyChecking=no /jupiter/circe_output/preagg8_lccdec8_2jobthscore8b7#62885722-7#45301703-7#08373892-7#12845189-7#12248933-7#62621810 root@10.97.205.242:/jupiter/circe_input/
DEBUG:transfer.py:transfer successful!
INFO:circe.py:runtime_stat:{"task_name": "circe", "event": "new_output_file", "filename": "preagg8_lccdec8_2jobthscore8c7#62885722-7#45301703-7#08373892-7#12845189-7#12248933-7#62621810", "unix_time": 1620677827.1020575}
DEBUG:transfer.py:sshpass -p PASSWORD scp -P 5000 -o StrictHostKeyChecking=no /jupiter/circe_output/preagg8_lccdec8_2jobthscore8c7#62885722-7#45301703-7#08373892-7#12845189-7#12248933-7#62621810 root@10.97.205.242:/jupiter/circe_input/
DEBUG:transfer.py:transfer successful!
INFO:circe.py:runtime_stat:{"task_name": "circe", "event": "new_input_file", "filename": "score8b_preagg8_3jobth7#74004617-7#83076727-7#29379685-7#30976788-7#30445493-7#48727824", "unix_time": 1620677873.512806}
INFO:ccdag_utils.py:runtime_stat:{"task_name": "preagg8", "event": "queue_start_process", "filename": "score8b_preagg8_3jobth7#74004617-7#83076727-7#29379685-7#30976788-7#30445493-7#48727824", "unix_time": 1620677873.7554953}
INFO:circe.py:runtime_stat:{"task_name": "circe", "event": "new_input_file", "filename": "score8c_preagg8_3jobth7#74004617-7#83076727-7#29379685-7#30976788-7#30445493-7#48727824", "unix_time": 1620677874.7698278}
INFO:ccdag_utils.py:runtime_stat:{"task_name": "preagg8", "event": "queue_start_process", "filename": "score8c_preagg8_3jobth7#74004617-7#83076727-7#29379685-7#30976788-7#30445493-7#48727824", "unix_time": 1620677874.8215377}
INFO:circe.py:runtime_stat:{"task_name": "circe", "event": "new_input_file", "filename": "score8a_preagg8_3jobth7#74004617-7#83076727-7#29379685-7#30976788-7#30445493-7#48727824", "unix_time": 1620677882.152726}
INFO:ccdag_utils.py:runtime_stat:{"task_name": "preagg8", "event": "queue_start_process", "filename": "score8a_preagg8_3jobth7#74004617-7#83076727-7#29379685-7#30976788-7#30445493-7#48727824", "unix_time": 1620677882.8904212}
preagg8_lccdec8_3jobthscore8a7#74004617-7#83076727-7#29379685-7#30976788-7#30445493-7#48727824
INFO:circe.py:runtime_stat:{"task_name": "circe", "event": "new_output_file", "filename": "preagg8_lccdec8_3jobthscore8a7#74004617-7#83076727-7#29379685-7#30976788-7#30445493-7#48727824", "unix_time": 1620677882.9560237}
DEBUG:transfer.py:sshpass -p PASSWORD scp -P 5000 -o StrictHostKeyChecking=no /jupiter/circe_output/preagg8_lccdec8_3jobthscore8a7#74004617-7#83076727-7#29379685-7#30976788-7#30445493-7#48727824 root@10.97.205.242:/jupiter/circe_input/
preagg8_lccdec8_3jobthscore8b7#74004617-7#83076727-7#29379685-7#30976788-7#30445493-7#48727824
INFO:ccdag_utils.py:runtime_stat:{"task_name": "preagg8", "event": "queue_end_process", "filename": "preagg8_lccdec8_3jobthscore8a7#74004617-7#83076727-7#29379685-7#30976788-7#30445493-7#48727824", "unix_time": 1620677882.9610183}
INFO:ccdag_utils.py:runtime_stat:{"task_name": "preagg8", "event": "queue_end_process", "filename": "preagg8_lccdec8_3jobthscore8b7#74004617-7#83076727-7#29379685-7#30976788-7#30445493-7#48727824", "unix_time": 1620677882.966805}
preagg8_lccdec8_3jobthscore8c7#74004617-7#83076727-7#29379685-7#30976788-7#30445493-7#48727824
INFO:ccdag_utils.py:runtime_stat:{"task_name": "preagg8", "event": "queue_end_process", "filename": "preagg8_lccdec8_3jobthscore8c7#74004617-7#83076727-7#29379685-7#30976788-7#30445493-7#48727824", "unix_time": 1620677882.9719784}
DEBUG:transfer.py:transfer successful!
INFO:circe.py:runtime_stat:{"task_name": "circe", "event": "new_output_file", "filename": "preagg8_lccdec8_3jobthscore8b7#74004617-7#83076727-7#29379685-7#30976788-7#30445493-7#48727824", "unix_time": 1620677883.1725235}
DEBUG:transfer.py:sshpass -p PASSWORD scp -P 5000 -o StrictHostKeyChecking=no /jupiter/circe_output/preagg8_lccdec8_3jobthscore8b7#74004617-7#83076727-7#29379685-7#30976788-7#30445493-7#48727824 root@10.97.205.242:/jupiter/circe_input/
DEBUG:transfer.py:transfer successful!
INFO:circe.py:runtime_stat:{"task_name": "circe", "event": "new_output_file", "filename": "preagg8_lccdec8_3jobthscore8c7#74004617-7#83076727-7#29379685-7#30976788-7#30445493-7#48727824", "unix_time": 1620677883.3893635}
DEBUG:transfer.py:sshpass -p PASSWORD scp -P 5000 -o StrictHostKeyChecking=no /jupiter/circe_output/preagg8_lccdec8_3jobthscore8c7#74004617-7#83076727-7#29379685-7#30976788-7#30445493-7#48727824 root@10.97.205.242:/jupiter/circe_input/
DEBUG:transfer.py:transfer successful!
