 * Starting OpenBSD Secure Shell server sshd
   ...done.
INFO:circe.py:Using base script home.py
DEBUG:circe.py:starting the input monitoring process
DEBUG:circe.py:starting the output monitoring process
INFO:home.py:I am home
INFO:circe.py:runtime_stat:{"task_name": "circe", "event": "new_input_file", "filename": "lccdec1_home_1jobth0#85951598-0#81021957-0#31785444-0#02390893-0#50226900-0#83908276", "unix_time": 1620677589.7509193}
INFO:circe.py:runtime_stat:{"task_name": "circe", "event": "new_input_file", "filename": "lccdec1_home_2jobth0#64294879-0#30712932-0#78418993-0#04307526-0#11909638-0#37374571", "unix_time": 1620677658.0341406}
INFO:circe.py:runtime_stat:{"task_name": "circe", "event": "new_input_file", "filename": "lccdec7_home_1jobth6#34305334-6#63314344-6#69484862-6#71168840-6#84819023-6#42067002", "unix_time": 1620677681.4632905}
INFO:circe.py:runtime_stat:{"task_name": "circe", "event": "new_input_file", "filename": "lccdec7_home_2jobth6#29093358-6#00655202-6#35155561-6#05763614-6#47193080-6#97662848", "unix_time": 1620677702.6830153}
INFO:circe.py:runtime_stat:{"task_name": "circe", "event": "new_input_file", "filename": "lccdec1_home_3jobth0#09000391-0#22309388-0#57031237-0#23606614-0#24887998-0#51951277", "unix_time": 1620677714.3143415}
INFO:circe.py:runtime_stat:{"task_name": "circe", "event": "new_input_file", "filename": "lccdec7_home_3jobth6#19507327-6#04519060-6#29862005-6#58949129-6#76242213-6#56680912", "unix_time": 1620677714.9192944}
INFO:circe.py:runtime_stat:{"task_name": "circe", "event": "new_input_file", "filename": "lccdec8_home_1jobth7#25569509-7#33392092-7#39354678-7#92208573-7#01840733-7#78570541", "unix_time": 1620677750.270706}
INFO:circe.py:runtime_stat:{"task_name": "circe", "event": "new_input_file", "filename": "lccdec5_home_1jobth4#41371612-4#29796576-4#92813013-4#93861239-4#77473639-4#18039647", "unix_time": 1620677758.2103157}
INFO:circe.py:runtime_stat:{"task_name": "circe", "event": "new_input_file", "filename": "lccdec7_home_4jobth6#40971801-6#38279089-6#33786847-6#59958564-6#91891186-6#03234219", "unix_time": 1620677772.2229974}
INFO:circe.py:runtime_stat:{"task_name": "circe", "event": "new_input_file", "filename": "lccdec6_home_1jobth5#64983573-5#96404736-5#01026372-5#03031094-5#03838381-5#97938030", "unix_time": 1620677806.3146386}
INFO:circe.py:runtime_stat:{"task_name": "circe", "event": "new_input_file", "filename": "lccdec7_home_5jobth6#31093489-6#57668537-6#31199338-6#67859555-6#31602483-6#77763153", "unix_time": 1620677815.385526}
INFO:circe.py:runtime_stat:{"task_name": "circe", "event": "new_input_file", "filename": "lccdec6_home_2jobth5#75135706-5#29704218-5#34544652-5#38480702-5#98220091-5#61046997", "unix_time": 1620677817.5106301}
INFO:circe.py:runtime_stat:{"task_name": "circe", "event": "new_input_file", "filename": "lccdec8_home_2jobth7#62885722-7#45301703-7#08373892-7#12845189-7#12248933-7#62621810", "unix_time": 1620677827.514277}
INFO:circe.py:runtime_stat:{"task_name": "circe", "event": "new_input_file", "filename": "lccdec6_home_3jobth5#00854555-5#75539814-5#95724163-5#60577845-5#88926607-5#51020378", "unix_time": 1620677839.7948604}
INFO:circe.py:runtime_stat:{"task_name": "circe", "event": "new_input_file", "filename": "lccdec7_home_6jobth6#67994247-6#03984422-6#27110087-6#19808068-6#32413831-6#25249112", "unix_time": 1620677840.655577}
INFO:circe.py:runtime_stat:{"task_name": "circe", "event": "new_input_file", "filename": "lccdec2_home_1jobth1#63771363-1#85565961-1#05735376-1#74082537-1#04445471-1#50029144", "unix_time": 1620677874.33416}
INFO:circe.py:runtime_stat:{"task_name": "circe", "event": "new_input_file", "filename": "lccdec8_home_3jobth7#74004617-7#83076727-7#29379685-7#30976788-7#30445493-7#48727824", "unix_time": 1620677883.8140838}
INFO:circe.py:runtime_stat:{"task_name": "circe", "event": "new_input_file", "filename": "lccdec6_home_4jobth5#88228852-5#90387203-5#61509778-5#40547626-5#18643895-5#99465003", "unix_time": 1620677886.058499}
INFO:circe.py:runtime_stat:{"task_name": "circe", "event": "new_input_file", "filename": "lccdec2_home_2jobth1#04247066-1#10056802-1#54183291-1#51733030-1#59111154-1#20605207", "unix_time": 1620677893.6941607}
INFO:circe.py:runtime_stat:{"task_name": "circe", "event": "new_input_file", "filename": "lccdec6_home_5jobth5#86216892-5#26378273-5#33130900-5#60667663-5#04214922-5#53919841", "unix_time": 1620677918.3075593}
INFO:circe.py:runtime_stat:{"task_name": "circe", "event": "new_input_file", "filename": "lccdec4_home_1jobth3#12136463-3#47297085-3#18642336-3#80877271-3#62163118-3#83289092", "unix_time": 1620677930.9395542}
INFO:circe.py:runtime_stat:{"task_name": "circe", "event": "new_input_file", "filename": "lccdec6_home_6jobth5#46810993-5#06746409-5#91012056-5#59868108-5#45787225-5#59969594", "unix_time": 1620677940.4910455}
INFO:circe.py:runtime_stat:{"task_name": "circe", "event": "new_input_file", "filename": "lccdec1_home_4jobth0#81393912-0#46962369-0#36854627-1#15383903-1#21452518-1#74814713", "unix_time": 1620677940.7744193}
INFO:circe.py:runtime_stat:{"task_name": "circe", "event": "new_input_file", "filename": "lccdec2_home_3jobth1#57461598-1#74394321-1#40923044-1#10351554-1#46219395-1#70582224", "unix_time": 1620677950.9064243}
INFO:circe.py:runtime_stat:{"task_name": "circe", "event": "new_input_file", "filename": "lccdec4_home_2jobth3#66649492-3#04125345-3#31741191-3#63861054-3#50575810-3#79391533", "unix_time": 1620677952.2834325}
INFO:circe.py:runtime_stat:{"task_name": "circe", "event": "new_input_file", "filename": "lccdec4_home_3jobth3#03885955-3#60329948-3#59428463-3#46533181-3#86604569-3#44072839", "unix_time": 1620677966.3945706}
INFO:circe.py:runtime_stat:{"task_name": "circe", "event": "new_input_file", "filename": "lccdec6_home_7jobth5#20986488-5#91979684-5#01478269-5#56592484-5#42210500-5#31462961", "unix_time": 1620677975.7906897}
INFO:circe.py:runtime_stat:{"task_name": "circe", "event": "new_input_file", "filename": "lccdec3_home_1jobth2#98137027-2#86518867-2#12457475-2#44456370-2#14611509-2#69212345", "unix_time": 1620677988.5611382}
INFO:circe.py:runtime_stat:{"task_name": "circe", "event": "new_input_file", "filename": "lccdec2_home_4jobth1#49197062-1#78854272-1#58457373-1#68918854-1#94952123-1#00719937", "unix_time": 1620677996.1676478}
INFO:circe.py:runtime_stat:{"task_name": "circe", "event": "new_input_file", "filename": "lccdec3_home_2jobth2#25175006-2#72957396-2#25053289-2#34953540-2#83552088-2#24062244", "unix_time": 1620678000.7066467}
INFO:circe.py:runtime_stat:{"task_name": "circe", "event": "new_input_file", "filename": "lccdec3_home_3jobth2#98812588-2#80917959-2#58602630-2#98954036-2#15099195-2#02723424", "unix_time": 1620678019.974571}
INFO:circe.py:runtime_stat:{"task_name": "circe", "event": "new_input_file", "filename": "lccdec2_home_5jobth1#59053837-1#82465381-1#16211780-1#48919687-1#23152098-1#13517727", "unix_time": 1620678037.4061882}
INFO:circe.py:runtime_stat:{"task_name": "circe", "event": "new_input_file", "filename": "lccdec4_home_4jobth3#19086123-3#40614694-3#82690270-3#63959961-3#30902224-3#05099013", "unix_time": 1620678037.678904}
INFO:circe.py:runtime_stat:{"task_name": "circe", "event": "new_input_file", "filename": "lccdec3_home_4jobth2#32832043-2#31595454-2#15459182-2#73898194-2#68326659-2#60054993", "unix_time": 1620678058.1980937}
INFO:circe.py:runtime_stat:{"task_name": "circe", "event": "new_input_file", "filename": "lccdec4_home_5jobth3#04438711-3#20146663-3#37200469-3#88257336-3#98059081-3#53783239", "unix_time": 1620678081.9668489}
INFO:circe.py:runtime_stat:{"task_name": "circe", "event": "new_input_file", "filename": "lccdec3_home_5jobth2#24534693-2#38097797-2#81660539-2#56885671-2#75260877-2#56040019", "unix_time": 1620678102.4543102}
INFO:circe.py:runtime_stat:{"task_name": "circe", "event": "new_input_file", "filename": "lccdec4_home_6jobth3#18509093-3#41093773-3#48090837-3#16092600-3#95988730-3#47312410", "unix_time": 1620678104.1309376}
INFO:circe.py:runtime_stat:{"task_name": "circe", "event": "new_input_file", "filename": "lccdec3_home_6jobth2#84178941-2#45077117-2#53275535-2#84292401-2#51370977-2#99491731", "unix_time": 1620678136.6979008}
