 * Starting OpenBSD Secure Shell server sshd
   ...done.
INFO:circe.py:Using base script lccdec.py
DEBUG:circe.py:starting the input monitoring process
DEBUG:circe.py:starting the output monitoring process
INFO:circe.py:runtime_stat:{"task_name": "circe", "event": "new_input_file", "filename": "preagg3_lccdec3_1jobthscore3a2#98137027-2#86518867-2#12457475-2#44456370-2#14611509-2#69212345", "unix_time": 1620677987.9065208}
INFO:lccdec.py:lccdec3: file rcvd from preagg3 : preagg3_lccdec3_1jobthscore3a2#98137027-2#86518867-2#12457475-2#44456370-2#14611509-2#69212345
INFO:ccdag_utils.py:runtime_stat:{"task_name": "lccdec3", "event": "queue_start_process", "filename": "preagg3_lccdec3_1jobthscore3a2#98137027-2#86518867-2#12457475-2#44456370-2#14611509-2#69212345", "unix_time": 1620677987.907322}
INFO:circe.py:runtime_stat:{"task_name": "circe", "event": "new_input_file", "filename": "preagg3_lccdec3_1jobthscore3b2#98137027-2#86518867-2#12457475-2#44456370-2#14611509-2#69212345", "unix_time": 1620677988.1206393}
INFO:lccdec.py:lccdec3: file rcvd from preagg3 : preagg3_lccdec3_1jobthscore3b2#98137027-2#86518867-2#12457475-2#44456370-2#14611509-2#69212345
INFO:ccdag_utils.py:runtime_stat:{"task_name": "lccdec3", "event": "queue_start_process", "filename": "preagg3_lccdec3_1jobthscore3b2#98137027-2#86518867-2#12457475-2#44456370-2#14611509-2#69212345", "unix_time": 1620677988.1212165}
INFO:circe.py:runtime_stat:{"task_name": "circe", "event": "new_input_file", "filename": "preagg3_lccdec3_1jobthscore3c2#98137027-2#86518867-2#12457475-2#44456370-2#14611509-2#69212345", "unix_time": 1620677988.3369052}
INFO:lccdec.py:lccdec3: file rcvd from preagg3 : preagg3_lccdec3_1jobthscore3c2#98137027-2#86518867-2#12457475-2#44456370-2#14611509-2#69212345
INFO:ccdag_utils.py:runtime_stat:{"task_name": "lccdec3", "event": "queue_start_process", "filename": "preagg3_lccdec3_1jobthscore3c2#98137027-2#86518867-2#12457475-2#44456370-2#14611509-2#69212345", "unix_time": 1620677988.3375654}
INFO:circe.py:runtime_stat:{"task_name": "circe", "event": "new_output_file", "filename": "lccdec3_home_1jobth2#98137027-2#86518867-2#12457475-2#44456370-2#14611509-2#69212345", "unix_time": 1620677988.369427}
DEBUG:transfer.py:sshpass -p PASSWORD scp -P 5000 -o StrictHostKeyChecking=no /jupiter/circe_output/lccdec3_home_1jobth2#98137027-2#86518867-2#12457475-2#44456370-2#14611509-2#69212345 root@10.110.241.199:/jupiter/circe_input/
INFO:ccdag_utils.py:runtime_stat:{"task_name": "lccdec3", "event": "queue_end_process", "filename": "lccdec3_home_1jobth2#98137027-2#86518867-2#12457475-2#44456370-2#14611509-2#69212345", "unix_time": 1620677988.3739414}
Warning: Permanently added '[10.110.241.199]:5000' (ECDSA) to the list of known hosts.
DEBUG:transfer.py:transfer successful!
INFO:circe.py:runtime_stat:{"task_name": "circe", "event": "new_input_file", "filename": "preagg3_lccdec3_2jobthscore3a2#25175006-2#72957396-2#25053289-2#34953540-2#83552088-2#24062244", "unix_time": 1620678000.0665495}
INFO:lccdec.py:lccdec3: file rcvd from preagg3 : preagg3_lccdec3_2jobthscore3a2#25175006-2#72957396-2#25053289-2#34953540-2#83552088-2#24062244
INFO:ccdag_utils.py:runtime_stat:{"task_name": "lccdec3", "event": "queue_start_process", "filename": "preagg3_lccdec3_2jobthscore3a2#25175006-2#72957396-2#25053289-2#34953540-2#83552088-2#24062244", "unix_time": 1620678000.0672567}
INFO:circe.py:runtime_stat:{"task_name": "circe", "event": "new_input_file", "filename": "preagg3_lccdec3_2jobthscore3b2#25175006-2#72957396-2#25053289-2#34953540-2#83552088-2#24062244", "unix_time": 1620678000.280348}
INFO:lccdec.py:lccdec3: file rcvd from preagg3 : preagg3_lccdec3_2jobthscore3b2#25175006-2#72957396-2#25053289-2#34953540-2#83552088-2#24062244
INFO:ccdag_utils.py:runtime_stat:{"task_name": "lccdec3", "event": "queue_start_process", "filename": "preagg3_lccdec3_2jobthscore3b2#25175006-2#72957396-2#25053289-2#34953540-2#83552088-2#24062244", "unix_time": 1620678000.281274}
INFO:circe.py:runtime_stat:{"task_name": "circe", "event": "new_input_file", "filename": "preagg3_lccdec3_2jobthscore3c2#25175006-2#72957396-2#25053289-2#34953540-2#83552088-2#24062244", "unix_time": 1620678000.493466}
INFO:lccdec.py:lccdec3: file rcvd from preagg3 : preagg3_lccdec3_2jobthscore3c2#25175006-2#72957396-2#25053289-2#34953540-2#83552088-2#24062244
INFO:ccdag_utils.py:runtime_stat:{"task_name": "lccdec3", "event": "queue_start_process", "filename": "preagg3_lccdec3_2jobthscore3c2#25175006-2#72957396-2#25053289-2#34953540-2#83552088-2#24062244", "unix_time": 1620678000.4940567}
INFO:circe.py:runtime_stat:{"task_name": "circe", "event": "new_output_file", "filename": "lccdec3_home_2jobth2#25175006-2#72957396-2#25053289-2#34953540-2#83552088-2#24062244", "unix_time": 1620678000.518027}
DEBUG:transfer.py:sshpass -p PASSWORD scp -P 5000 -o StrictHostKeyChecking=no /jupiter/circe_output/lccdec3_home_2jobth2#25175006-2#72957396-2#25053289-2#34953540-2#83552088-2#24062244 root@10.110.241.199:/jupiter/circe_input/
INFO:ccdag_utils.py:runtime_stat:{"task_name": "lccdec3", "event": "queue_end_process", "filename": "lccdec3_home_2jobth2#25175006-2#72957396-2#25053289-2#34953540-2#83552088-2#24062244", "unix_time": 1620678000.5222847}
DEBUG:transfer.py:transfer successful!
INFO:circe.py:runtime_stat:{"task_name": "circe", "event": "new_input_file", "filename": "preagg3_lccdec3_3jobthscore3a2#98812588-2#80917959-2#58602630-2#98954036-2#15099195-2#02723424", "unix_time": 1620678019.2883034}
INFO:lccdec.py:lccdec3: file rcvd from preagg3 : preagg3_lccdec3_3jobthscore3a2#98812588-2#80917959-2#58602630-2#98954036-2#15099195-2#02723424
INFO:ccdag_utils.py:runtime_stat:{"task_name": "lccdec3", "event": "queue_start_process", "filename": "preagg3_lccdec3_3jobthscore3a2#98812588-2#80917959-2#58602630-2#98954036-2#15099195-2#02723424", "unix_time": 1620678019.2889647}
INFO:circe.py:runtime_stat:{"task_name": "circe", "event": "new_input_file", "filename": "preagg3_lccdec3_3jobthscore3b2#98812588-2#80917959-2#58602630-2#98954036-2#15099195-2#02723424", "unix_time": 1620678019.5507035}
INFO:lccdec.py:lccdec3: file rcvd from preagg3 : preagg3_lccdec3_3jobthscore3b2#98812588-2#80917959-2#58602630-2#98954036-2#15099195-2#02723424
INFO:ccdag_utils.py:runtime_stat:{"task_name": "lccdec3", "event": "queue_start_process", "filename": "preagg3_lccdec3_3jobthscore3b2#98812588-2#80917959-2#58602630-2#98954036-2#15099195-2#02723424", "unix_time": 1620678019.5520055}
INFO:circe.py:runtime_stat:{"task_name": "circe", "event": "new_input_file", "filename": "preagg3_lccdec3_3jobthscore3c2#98812588-2#80917959-2#58602630-2#98954036-2#15099195-2#02723424", "unix_time": 1620678019.764075}
INFO:lccdec.py:lccdec3: file rcvd from preagg3 : preagg3_lccdec3_3jobthscore3c2#98812588-2#80917959-2#58602630-2#98954036-2#15099195-2#02723424
INFO:ccdag_utils.py:runtime_stat:{"task_name": "lccdec3", "event": "queue_start_process", "filename": "preagg3_lccdec3_3jobthscore3c2#98812588-2#80917959-2#58602630-2#98954036-2#15099195-2#02723424", "unix_time": 1620678019.7649472}
INFO:circe.py:runtime_stat:{"task_name": "circe", "event": "new_output_file", "filename": "lccdec3_home_3jobth2#98812588-2#80917959-2#58602630-2#98954036-2#15099195-2#02723424", "unix_time": 1620678019.7870436}
DEBUG:transfer.py:sshpass -p PASSWORD scp -P 5000 -o StrictHostKeyChecking=no /jupiter/circe_output/lccdec3_home_3jobth2#98812588-2#80917959-2#58602630-2#98954036-2#15099195-2#02723424 root@10.110.241.199:/jupiter/circe_input/
INFO:ccdag_utils.py:runtime_stat:{"task_name": "lccdec3", "event": "queue_end_process", "filename": "lccdec3_home_3jobth2#98812588-2#80917959-2#58602630-2#98954036-2#15099195-2#02723424", "unix_time": 1620678019.7886243}
DEBUG:transfer.py:transfer successful!
INFO:circe.py:runtime_stat:{"task_name": "circe", "event": "new_input_file", "filename": "preagg3_lccdec3_4jobthscore3a2#32832043-2#31595454-2#15459182-2#73898194-2#68326659-2#60054993", "unix_time": 1620678057.5486362}
INFO:lccdec.py:lccdec3: file rcvd from preagg3 : preagg3_lccdec3_4jobthscore3a2#32832043-2#31595454-2#15459182-2#73898194-2#68326659-2#60054993
INFO:ccdag_utils.py:runtime_stat:{"task_name": "lccdec3", "event": "queue_start_process", "filename": "preagg3_lccdec3_4jobthscore3a2#32832043-2#31595454-2#15459182-2#73898194-2#68326659-2#60054993", "unix_time": 1620678057.5512598}
INFO:circe.py:runtime_stat:{"task_name": "circe", "event": "new_input_file", "filename": "preagg3_lccdec3_4jobthscore3b2#32832043-2#31595454-2#15459182-2#73898194-2#68326659-2#60054993", "unix_time": 1620678057.7659698}
INFO:lccdec.py:lccdec3: file rcvd from preagg3 : preagg3_lccdec3_4jobthscore3b2#32832043-2#31595454-2#15459182-2#73898194-2#68326659-2#60054993
INFO:ccdag_utils.py:runtime_stat:{"task_name": "lccdec3", "event": "queue_start_process", "filename": "preagg3_lccdec3_4jobthscore3b2#32832043-2#31595454-2#15459182-2#73898194-2#68326659-2#60054993", "unix_time": 1620678057.766898}
INFO:circe.py:runtime_stat:{"task_name": "circe", "event": "new_input_file", "filename": "preagg3_lccdec3_4jobthscore3c2#32832043-2#31595454-2#15459182-2#73898194-2#68326659-2#60054993", "unix_time": 1620678057.9894233}
INFO:lccdec.py:lccdec3: file rcvd from preagg3 : preagg3_lccdec3_4jobthscore3c2#32832043-2#31595454-2#15459182-2#73898194-2#68326659-2#60054993
INFO:ccdag_utils.py:runtime_stat:{"task_name": "lccdec3", "event": "queue_start_process", "filename": "preagg3_lccdec3_4jobthscore3c2#32832043-2#31595454-2#15459182-2#73898194-2#68326659-2#60054993", "unix_time": 1620678057.990001}
INFO:circe.py:runtime_stat:{"task_name": "circe", "event": "new_output_file", "filename": "lccdec3_home_4jobth2#32832043-2#31595454-2#15459182-2#73898194-2#68326659-2#60054993", "unix_time": 1620678058.0139594}
DEBUG:transfer.py:sshpass -p PASSWORD scp -P 5000 -o StrictHostKeyChecking=no /jupiter/circe_output/lccdec3_home_4jobth2#32832043-2#31595454-2#15459182-2#73898194-2#68326659-2#60054993 root@10.110.241.199:/jupiter/circe_input/
INFO:ccdag_utils.py:runtime_stat:{"task_name": "lccdec3", "event": "queue_end_process", "filename": "lccdec3_home_4jobth2#32832043-2#31595454-2#15459182-2#73898194-2#68326659-2#60054993", "unix_time": 1620678058.0183856}
DEBUG:transfer.py:transfer successful!
INFO:circe.py:runtime_stat:{"task_name": "circe", "event": "new_input_file", "filename": "preagg3_lccdec3_5jobthscore3a2#24534693-2#38097797-2#81660539-2#56885671-2#75260877-2#56040019", "unix_time": 1620678101.7943568}
INFO:lccdec.py:lccdec3: file rcvd from preagg3 : preagg3_lccdec3_5jobthscore3a2#24534693-2#38097797-2#81660539-2#56885671-2#75260877-2#56040019
INFO:ccdag_utils.py:runtime_stat:{"task_name": "lccdec3", "event": "queue_start_process", "filename": "preagg3_lccdec3_5jobthscore3a2#24534693-2#38097797-2#81660539-2#56885671-2#75260877-2#56040019", "unix_time": 1620678101.795079}
INFO:circe.py:runtime_stat:{"task_name": "circe", "event": "new_input_file", "filename": "preagg3_lccdec3_5jobthscore3b2#24534693-2#38097797-2#81660539-2#56885671-2#75260877-2#56040019", "unix_time": 1620678102.0225177}
INFO:lccdec.py:lccdec3: file rcvd from preagg3 : preagg3_lccdec3_5jobthscore3b2#24534693-2#38097797-2#81660539-2#56885671-2#75260877-2#56040019
INFO:ccdag_utils.py:runtime_stat:{"task_name": "lccdec3", "event": "queue_start_process", "filename": "preagg3_lccdec3_5jobthscore3b2#24534693-2#38097797-2#81660539-2#56885671-2#75260877-2#56040019", "unix_time": 1620678102.0231206}
INFO:circe.py:runtime_stat:{"task_name": "circe", "event": "new_input_file", "filename": "preagg3_lccdec3_5jobthscore3c2#24534693-2#38097797-2#81660539-2#56885671-2#75260877-2#56040019", "unix_time": 1620678102.2489076}
INFO:lccdec.py:lccdec3: file rcvd from preagg3 : preagg3_lccdec3_5jobthscore3c2#24534693-2#38097797-2#81660539-2#56885671-2#75260877-2#56040019
INFO:ccdag_utils.py:runtime_stat:{"task_name": "lccdec3", "event": "queue_start_process", "filename": "preagg3_lccdec3_5jobthscore3c2#24534693-2#38097797-2#81660539-2#56885671-2#75260877-2#56040019", "unix_time": 1620678102.2496364}
INFO:circe.py:runtime_stat:{"task_name": "circe", "event": "new_output_file", "filename": "lccdec3_home_5jobth2#24534693-2#38097797-2#81660539-2#56885671-2#75260877-2#56040019", "unix_time": 1620678102.2747846}
DEBUG:transfer.py:sshpass -p PASSWORD scp -P 5000 -o StrictHostKeyChecking=no /jupiter/circe_output/lccdec3_home_5jobth2#24534693-2#38097797-2#81660539-2#56885671-2#75260877-2#56040019 root@10.110.241.199:/jupiter/circe_input/
INFO:ccdag_utils.py:runtime_stat:{"task_name": "lccdec3", "event": "queue_end_process", "filename": "lccdec3_home_5jobth2#24534693-2#38097797-2#81660539-2#56885671-2#75260877-2#56040019", "unix_time": 1620678102.2788832}
DEBUG:transfer.py:transfer successful!
INFO:circe.py:runtime_stat:{"task_name": "circe", "event": "new_input_file", "filename": "preagg3_lccdec3_6jobthscore3a2#84178941-2#45077117-2#53275535-2#84292401-2#51370977-2#99491731", "unix_time": 1620678136.0603218}
INFO:lccdec.py:lccdec3: file rcvd from preagg3 : preagg3_lccdec3_6jobthscore3a2#84178941-2#45077117-2#53275535-2#84292401-2#51370977-2#99491731
INFO:ccdag_utils.py:runtime_stat:{"task_name": "lccdec3", "event": "queue_start_process", "filename": "preagg3_lccdec3_6jobthscore3a2#84178941-2#45077117-2#53275535-2#84292401-2#51370977-2#99491731", "unix_time": 1620678136.0612962}
INFO:circe.py:runtime_stat:{"task_name": "circe", "event": "new_input_file", "filename": "preagg3_lccdec3_6jobthscore3b2#84178941-2#45077117-2#53275535-2#84292401-2#51370977-2#99491731", "unix_time": 1620678136.280394}
INFO:lccdec.py:lccdec3: file rcvd from preagg3 : preagg3_lccdec3_6jobthscore3b2#84178941-2#45077117-2#53275535-2#84292401-2#51370977-2#99491731
INFO:ccdag_utils.py:runtime_stat:{"task_name": "lccdec3", "event": "queue_start_process", "filename": "preagg3_lccdec3_6jobthscore3b2#84178941-2#45077117-2#53275535-2#84292401-2#51370977-2#99491731", "unix_time": 1620678136.2810197}
INFO:circe.py:runtime_stat:{"task_name": "circe", "event": "new_input_file", "filename": "preagg3_lccdec3_6jobthscore3c2#84178941-2#45077117-2#53275535-2#84292401-2#51370977-2#99491731", "unix_time": 1620678136.4943411}
INFO:lccdec.py:lccdec3: file rcvd from preagg3 : preagg3_lccdec3_6jobthscore3c2#84178941-2#45077117-2#53275535-2#84292401-2#51370977-2#99491731
INFO:ccdag_utils.py:runtime_stat:{"task_name": "lccdec3", "event": "queue_start_process", "filename": "preagg3_lccdec3_6jobthscore3c2#84178941-2#45077117-2#53275535-2#84292401-2#51370977-2#99491731", "unix_time": 1620678136.4950368}
INFO:circe.py:runtime_stat:{"task_name": "circe", "event": "new_output_file", "filename": "lccdec3_home_6jobth2#84178941-2#45077117-2#53275535-2#84292401-2#51370977-2#99491731", "unix_time": 1620678136.5180197}
DEBUG:transfer.py:sshpass -p PASSWORD scp -P 5000 -o StrictHostKeyChecking=no /jupiter/circe_output/lccdec3_home_6jobth2#84178941-2#45077117-2#53275535-2#84292401-2#51370977-2#99491731 root@10.110.241.199:/jupiter/circe_input/
INFO:ccdag_utils.py:runtime_stat:{"task_name": "lccdec3", "event": "queue_end_process", "filename": "lccdec3_home_6jobth2#84178941-2#45077117-2#53275535-2#84292401-2#51370977-2#99491731", "unix_time": 1620678136.5223525}
DEBUG:transfer.py:transfer successful!
