 * Starting OpenBSD Secure Shell server sshd
   ...done.
INFO:circe.py:Using base script lccenc.py
DEBUG:circe.py:starting the input monitoring process
DEBUG:circe.py:starting the output monitoring process
3
INFO:circe.py:runtime_stat:{"task_name": "circe", "event": "new_input_file", "filename": "storeclass3_lccenc3_98137027imgwhitewolfjobid32.JPEG", "unix_time": 1620677960.0205204}
INFO:circe.py:runtime_stat:{"task_name": "circe", "event": "new_input_file", "filename": "storeclass3_lccenc3_86518867imgwhitewolfjobid32.JPEG", "unix_time": 1620677960.2875767}
INFO:circe.py:runtime_stat:{"task_name": "circe", "event": "new_input_file", "filename": "storeclass3_lccenc3_12457475imgwhitewolfjobid32.JPEG", "unix_time": 1620677960.6184604}
INFO:circe.py:runtime_stat:{"task_name": "circe", "event": "new_input_file", "filename": "storeclass3_lccenc3_44456370imgwhitewolfjobid32.JPEG", "unix_time": 1620677961.1242034}
INFO:circe.py:runtime_stat:{"task_name": "circe", "event": "new_input_file", "filename": "storeclass3_lccenc3_14611509imgwhitewolfjobid33.JPEG", "unix_time": 1620677969.011393}
INFO:circe.py:runtime_stat:{"task_name": "circe", "event": "new_input_file", "filename": "storeclass3_lccenc3_69212345imgwhitewolfjobid33.JPEG", "unix_time": 1620677969.2686927}
INFO:circe.py:runtime_stat:{"task_name": "circe", "event": "new_input_file", "filename": "storeclass3_lccenc3_25175006imgwhitewolfjobid33.JPEG", "unix_time": 1620677969.4863882}
INFO:circe.py:runtime_stat:{"task_name": "circe", "event": "new_input_file", "filename": "storeclass3_lccenc3_72957396imgwhitewolfjobid33.JPEG", "unix_time": 1620677969.703808}
INFO:ccdag_utils.py:runtime_stat:{"task_name": "lccenc3", "event": "queue_start_process", "filename": "storeclass3_lccenc3_98137027imgwhitewolfjobid32.JPEG", "unix_time": 1620677969.7490473}
INFO:ccdag_utils.py:runtime_stat:{"task_name": "lccenc3", "event": "queue_start_process", "filename": "storeclass3_lccenc3_86518867imgwhitewolfjobid32.JPEG", "unix_time": 1620677969.749552}
INFO:ccdag_utils.py:runtime_stat:{"task_name": "lccenc3", "event": "queue_start_process", "filename": "storeclass3_lccenc3_12457475imgwhitewolfjobid32.JPEG", "unix_time": 1620677969.7498493}
INFO:ccdag_utils.py:runtime_stat:{"task_name": "lccenc3", "event": "queue_start_process", "filename": "storeclass3_lccenc3_44456370imgwhitewolfjobid32.JPEG", "unix_time": 1620677969.750171}
INFO:ccdag_utils.py:runtime_stat:{"task_name": "lccenc3", "event": "queue_start_process", "filename": "storeclass3_lccenc3_14611509imgwhitewolfjobid33.JPEG", "unix_time": 1620677969.7504222}
INFO:ccdag_utils.py:runtime_stat:{"task_name": "lccenc3", "event": "queue_start_process", "filename": "storeclass3_lccenc3_69212345imgwhitewolfjobid33.JPEG", "unix_time": 1620677969.7507281}
INFO:ccdag_utils.py:runtime_stat:{"task_name": "lccenc3", "event": "queue_end_process", "filename": "lccenc3_score3a_2#98137027-2#86518867-2#12457475-2#44456370-2#14611509-2#69212345jobid1.csv", "unix_time": 1620677971.034503}
INFO:circe.py:runtime_stat:{"task_name": "circe", "event": "new_output_file", "filename": "lccenc3_score3a_2#98137027-2#86518867-2#12457475-2#44456370-2#14611509-2#69212345jobid1.csv", "unix_time": 1620677971.035363}
DEBUG:transfer.py:sshpass -p PASSWORD scp -P 5000 -o StrictHostKeyChecking=no /jupiter/circe_output/lccenc3_score3a_2#98137027-2#86518867-2#12457475-2#44456370-2#14611509-2#69212345jobid1.csv root@10.104.39.115:/jupiter/circe_input/
Warning: Permanently added '[10.104.39.115]:5000' (ECDSA) to the list of known hosts.
DEBUG:transfer.py:transfer successful!
INFO:ccdag_utils.py:runtime_stat:{"task_name": "lccenc3", "event": "queue_end_process", "filename": "lccenc3_score3b_2#98137027-2#86518867-2#12457475-2#44456370-2#14611509-2#69212345jobid1.csv", "unix_time": 1620677972.172108}
INFO:circe.py:runtime_stat:{"task_name": "circe", "event": "new_output_file", "filename": "lccenc3_score3b_2#98137027-2#86518867-2#12457475-2#44456370-2#14611509-2#69212345jobid1.csv", "unix_time": 1620677972.1731606}
DEBUG:transfer.py:sshpass -p PASSWORD scp -P 5000 -o StrictHostKeyChecking=no /jupiter/circe_output/lccenc3_score3b_2#98137027-2#86518867-2#12457475-2#44456370-2#14611509-2#69212345jobid1.csv root@10.111.37.168:/jupiter/circe_input/
Warning: Permanently added '[10.111.37.168]:5000' (ECDSA) to the list of known hosts.
DEBUG:transfer.py:transfer successful!
INFO:ccdag_utils.py:runtime_stat:{"task_name": "lccenc3", "event": "queue_end_process", "filename": "lccenc3_score3c_2#98137027-2#86518867-2#12457475-2#44456370-2#14611509-2#69212345jobid1.csv", "unix_time": 1620677973.1641521}
INFO:circe.py:runtime_stat:{"task_name": "circe", "event": "new_output_file", "filename": "lccenc3_score3c_2#98137027-2#86518867-2#12457475-2#44456370-2#14611509-2#69212345jobid1.csv", "unix_time": 1620677973.1651516}
DEBUG:transfer.py:sshpass -p PASSWORD scp -P 5000 -o StrictHostKeyChecking=no /jupiter/circe_output/lccenc3_score3c_2#98137027-2#86518867-2#12457475-2#44456370-2#14611509-2#69212345jobid1.csv root@10.101.46.169:/jupiter/circe_input/
Warning: Permanently added '[10.101.46.169]:5000' (ECDSA) to the list of known hosts.
DEBUG:transfer.py:transfer successful!
INFO:circe.py:runtime_stat:{"task_name": "circe", "event": "new_input_file", "filename": "storeclass3_lccenc3_25053289imgwhitewolfjobid34.JPEG", "unix_time": 1620677981.0393848}
INFO:circe.py:runtime_stat:{"task_name": "circe", "event": "new_input_file", "filename": "storeclass3_lccenc3_34953540imgwhitewolfjobid34.JPEG", "unix_time": 1620677981.2847598}
INFO:circe.py:runtime_stat:{"task_name": "circe", "event": "new_input_file", "filename": "storeclass3_lccenc3_83552088imgwhitewolfjobid34.JPEG", "unix_time": 1620677981.4914272}
INFO:circe.py:runtime_stat:{"task_name": "circe", "event": "new_input_file", "filename": "storeclass3_lccenc3_24062244imgwhitewolfjobid34.JPEG", "unix_time": 1620677981.7144175}
INFO:ccdag_utils.py:runtime_stat:{"task_name": "lccenc3", "event": "queue_start_process", "filename": "storeclass3_lccenc3_25175006imgwhitewolfjobid33.JPEG", "unix_time": 1620677982.1758275}
INFO:ccdag_utils.py:runtime_stat:{"task_name": "lccenc3", "event": "queue_start_process", "filename": "storeclass3_lccenc3_72957396imgwhitewolfjobid33.JPEG", "unix_time": 1620677982.1761854}
INFO:ccdag_utils.py:runtime_stat:{"task_name": "lccenc3", "event": "queue_start_process", "filename": "storeclass3_lccenc3_25053289imgwhitewolfjobid34.JPEG", "unix_time": 1620677982.1763668}
INFO:ccdag_utils.py:runtime_stat:{"task_name": "lccenc3", "event": "queue_start_process", "filename": "storeclass3_lccenc3_34953540imgwhitewolfjobid34.JPEG", "unix_time": 1620677982.1765282}
INFO:ccdag_utils.py:runtime_stat:{"task_name": "lccenc3", "event": "queue_start_process", "filename": "storeclass3_lccenc3_83552088imgwhitewolfjobid34.JPEG", "unix_time": 1620677982.1766887}
INFO:ccdag_utils.py:runtime_stat:{"task_name": "lccenc3", "event": "queue_start_process", "filename": "storeclass3_lccenc3_24062244imgwhitewolfjobid34.JPEG", "unix_time": 1620677982.176849}
INFO:ccdag_utils.py:runtime_stat:{"task_name": "lccenc3", "event": "queue_end_process", "filename": "lccenc3_score3a_2#25175006-2#72957396-2#25053289-2#34953540-2#83552088-2#24062244jobid2.csv", "unix_time": 1620677983.4075298}
INFO:circe.py:runtime_stat:{"task_name": "circe", "event": "new_output_file", "filename": "lccenc3_score3a_2#25175006-2#72957396-2#25053289-2#34953540-2#83552088-2#24062244jobid2.csv", "unix_time": 1620677983.4084213}
DEBUG:transfer.py:sshpass -p PASSWORD scp -P 5000 -o StrictHostKeyChecking=no /jupiter/circe_output/lccenc3_score3a_2#25175006-2#72957396-2#25053289-2#34953540-2#83552088-2#24062244jobid2.csv root@10.104.39.115:/jupiter/circe_input/
DEBUG:transfer.py:transfer successful!
INFO:ccdag_utils.py:runtime_stat:{"task_name": "lccenc3", "event": "queue_end_process", "filename": "lccenc3_score3b_2#25175006-2#72957396-2#25053289-2#34953540-2#83552088-2#24062244jobid2.csv", "unix_time": 1620677984.412962}
INFO:circe.py:runtime_stat:{"task_name": "circe", "event": "new_output_file", "filename": "lccenc3_score3b_2#25175006-2#72957396-2#25053289-2#34953540-2#83552088-2#24062244jobid2.csv", "unix_time": 1620677984.413821}
DEBUG:transfer.py:sshpass -p PASSWORD scp -P 5000 -o StrictHostKeyChecking=no /jupiter/circe_output/lccenc3_score3b_2#25175006-2#72957396-2#25053289-2#34953540-2#83552088-2#24062244jobid2.csv root@10.111.37.168:/jupiter/circe_input/
DEBUG:transfer.py:transfer successful!
INFO:ccdag_utils.py:runtime_stat:{"task_name": "lccenc3", "event": "queue_end_process", "filename": "lccenc3_score3c_2#25175006-2#72957396-2#25053289-2#34953540-2#83552088-2#24062244jobid2.csv", "unix_time": 1620677985.4344668}
INFO:circe.py:runtime_stat:{"task_name": "circe", "event": "new_output_file", "filename": "lccenc3_score3c_2#25175006-2#72957396-2#25053289-2#34953540-2#83552088-2#24062244jobid2.csv", "unix_time": 1620677985.4354255}
DEBUG:transfer.py:sshpass -p PASSWORD scp -P 5000 -o StrictHostKeyChecking=no /jupiter/circe_output/lccenc3_score3c_2#25175006-2#72957396-2#25053289-2#34953540-2#83552088-2#24062244jobid2.csv root@10.101.46.169:/jupiter/circe_input/
DEBUG:transfer.py:transfer successful!
INFO:circe.py:runtime_stat:{"task_name": "circe", "event": "new_input_file", "filename": "storeclass3_lccenc3_98812588imgwhitewolfjobid35.JPEG", "unix_time": 1620677992.074977}
INFO:circe.py:runtime_stat:{"task_name": "circe", "event": "new_input_file", "filename": "storeclass3_lccenc3_80917959imgwhitewolfjobid35.JPEG", "unix_time": 1620677992.2948866}
INFO:circe.py:runtime_stat:{"task_name": "circe", "event": "new_input_file", "filename": "storeclass3_lccenc3_58602630imgwhitewolfjobid35.JPEG", "unix_time": 1620677993.1309087}
INFO:circe.py:runtime_stat:{"task_name": "circe", "event": "new_input_file", "filename": "storeclass3_lccenc3_98954036imgwhitewolfjobid35.JPEG", "unix_time": 1620677993.3429494}
INFO:circe.py:runtime_stat:{"task_name": "circe", "event": "new_input_file", "filename": "storeclass3_lccenc3_15099195imgwhitewolfjobid35.JPEG", "unix_time": 1620677993.6007159}
INFO:circe.py:runtime_stat:{"task_name": "circe", "event": "new_input_file", "filename": "storeclass3_lccenc3_02723424imgwhitewolfjobid36.JPEG", "unix_time": 1620678004.1842475}
INFO:ccdag_utils.py:runtime_stat:{"task_name": "lccenc3", "event": "queue_start_process", "filename": "storeclass3_lccenc3_98812588imgwhitewolfjobid35.JPEG", "unix_time": 1620678004.4557734}
INFO:ccdag_utils.py:runtime_stat:{"task_name": "lccenc3", "event": "queue_start_process", "filename": "storeclass3_lccenc3_80917959imgwhitewolfjobid35.JPEG", "unix_time": 1620678004.4562616}
INFO:ccdag_utils.py:runtime_stat:{"task_name": "lccenc3", "event": "queue_start_process", "filename": "storeclass3_lccenc3_58602630imgwhitewolfjobid35.JPEG", "unix_time": 1620678004.456608}
INFO:ccdag_utils.py:runtime_stat:{"task_name": "lccenc3", "event": "queue_start_process", "filename": "storeclass3_lccenc3_98954036imgwhitewolfjobid35.JPEG", "unix_time": 1620678004.4638677}
INFO:ccdag_utils.py:runtime_stat:{"task_name": "lccenc3", "event": "queue_start_process", "filename": "storeclass3_lccenc3_15099195imgwhitewolfjobid35.JPEG", "unix_time": 1620678004.4642742}
INFO:ccdag_utils.py:runtime_stat:{"task_name": "lccenc3", "event": "queue_start_process", "filename": "storeclass3_lccenc3_02723424imgwhitewolfjobid36.JPEG", "unix_time": 1620678004.4645658}
INFO:circe.py:runtime_stat:{"task_name": "circe", "event": "new_input_file", "filename": "storeclass3_lccenc3_32832043imgwhitewolfjobid36.JPEG", "unix_time": 1620678004.5185525}
INFO:circe.py:runtime_stat:{"task_name": "circe", "event": "new_input_file", "filename": "storeclass3_lccenc3_31595454imgwhitewolfjobid36.JPEG", "unix_time": 1620678005.3246741}
INFO:circe.py:runtime_stat:{"task_name": "circe", "event": "new_input_file", "filename": "storeclass3_lccenc3_15459182imgwhitewolfjobid36.JPEG", "unix_time": 1620678005.8620925}
INFO:ccdag_utils.py:runtime_stat:{"task_name": "lccenc3", "event": "queue_end_process", "filename": "lccenc3_score3a_2#98812588-2#80917959-2#58602630-2#98954036-2#15099195-2#02723424jobid3.csv", "unix_time": 1620678005.872146}
INFO:circe.py:runtime_stat:{"task_name": "circe", "event": "new_output_file", "filename": "lccenc3_score3a_2#98812588-2#80917959-2#58602630-2#98954036-2#15099195-2#02723424jobid3.csv", "unix_time": 1620678005.8730383}
DEBUG:transfer.py:sshpass -p PASSWORD scp -P 5000 -o StrictHostKeyChecking=no /jupiter/circe_output/lccenc3_score3a_2#98812588-2#80917959-2#58602630-2#98954036-2#15099195-2#02723424jobid3.csv root@10.104.39.115:/jupiter/circe_input/
DEBUG:transfer.py:transfer successful!
INFO:ccdag_utils.py:runtime_stat:{"task_name": "lccenc3", "event": "queue_end_process", "filename": "lccenc3_score3b_2#98812588-2#80917959-2#58602630-2#98954036-2#15099195-2#02723424jobid3.csv", "unix_time": 1620678006.8531554}
INFO:circe.py:runtime_stat:{"task_name": "circe", "event": "new_output_file", "filename": "lccenc3_score3b_2#98812588-2#80917959-2#58602630-2#98954036-2#15099195-2#02723424jobid3.csv", "unix_time": 1620678006.8539164}
DEBUG:transfer.py:sshpass -p PASSWORD scp -P 5000 -o StrictHostKeyChecking=no /jupiter/circe_output/lccenc3_score3b_2#98812588-2#80917959-2#58602630-2#98954036-2#15099195-2#02723424jobid3.csv root@10.111.37.168:/jupiter/circe_input/
DEBUG:transfer.py:transfer successful!
INFO:ccdag_utils.py:runtime_stat:{"task_name": "lccenc3", "event": "queue_end_process", "filename": "lccenc3_score3c_2#98812588-2#80917959-2#58602630-2#98954036-2#15099195-2#02723424jobid3.csv", "unix_time": 1620678007.8771458}
INFO:circe.py:runtime_stat:{"task_name": "circe", "event": "new_output_file", "filename": "lccenc3_score3c_2#98812588-2#80917959-2#58602630-2#98954036-2#15099195-2#02723424jobid3.csv", "unix_time": 1620678007.8780541}
DEBUG:transfer.py:sshpass -p PASSWORD scp -P 5000 -o StrictHostKeyChecking=no /jupiter/circe_output/lccenc3_score3c_2#98812588-2#80917959-2#58602630-2#98954036-2#15099195-2#02723424jobid3.csv root@10.101.46.169:/jupiter/circe_input/
DEBUG:transfer.py:transfer successful!
INFO:circe.py:runtime_stat:{"task_name": "circe", "event": "new_input_file", "filename": "storeclass3_lccenc3_73898194imgwhitewolfjobid37.JPEG", "unix_time": 1620678021.1794367}
INFO:circe.py:runtime_stat:{"task_name": "circe", "event": "new_input_file", "filename": "storeclass3_lccenc3_68326659imgwhitewolfjobid37.JPEG", "unix_time": 1620678022.2405875}
INFO:circe.py:runtime_stat:{"task_name": "circe", "event": "new_input_file", "filename": "storeclass3_lccenc3_60054993imgwhitewolfjobid38.JPEG", "unix_time": 1620678042.2059045}
INFO:ccdag_utils.py:runtime_stat:{"task_name": "lccenc3", "event": "queue_start_process", "filename": "storeclass3_lccenc3_32832043imgwhitewolfjobid36.JPEG", "unix_time": 1620678042.917142}
INFO:ccdag_utils.py:runtime_stat:{"task_name": "lccenc3", "event": "queue_start_process", "filename": "storeclass3_lccenc3_31595454imgwhitewolfjobid36.JPEG", "unix_time": 1620678042.917496}
INFO:ccdag_utils.py:runtime_stat:{"task_name": "lccenc3", "event": "queue_start_process", "filename": "storeclass3_lccenc3_15459182imgwhitewolfjobid36.JPEG", "unix_time": 1620678042.9177032}
INFO:ccdag_utils.py:runtime_stat:{"task_name": "lccenc3", "event": "queue_start_process", "filename": "storeclass3_lccenc3_73898194imgwhitewolfjobid37.JPEG", "unix_time": 1620678042.9179099}
INFO:ccdag_utils.py:runtime_stat:{"task_name": "lccenc3", "event": "queue_start_process", "filename": "storeclass3_lccenc3_68326659imgwhitewolfjobid37.JPEG", "unix_time": 1620678042.918101}
INFO:ccdag_utils.py:runtime_stat:{"task_name": "lccenc3", "event": "queue_start_process", "filename": "storeclass3_lccenc3_60054993imgwhitewolfjobid38.JPEG", "unix_time": 1620678042.9182837}
INFO:ccdag_utils.py:runtime_stat:{"task_name": "lccenc3", "event": "queue_end_process", "filename": "lccenc3_score3a_2#32832043-2#31595454-2#15459182-2#73898194-2#68326659-2#60054993jobid4.csv", "unix_time": 1620678044.08041}
INFO:circe.py:runtime_stat:{"task_name": "circe", "event": "new_output_file", "filename": "lccenc3_score3a_2#32832043-2#31595454-2#15459182-2#73898194-2#68326659-2#60054993jobid4.csv", "unix_time": 1620678044.0812376}
DEBUG:transfer.py:sshpass -p PASSWORD scp -P 5000 -o StrictHostKeyChecking=no /jupiter/circe_output/lccenc3_score3a_2#32832043-2#31595454-2#15459182-2#73898194-2#68326659-2#60054993jobid4.csv root@10.104.39.115:/jupiter/circe_input/
DEBUG:transfer.py:transfer successful!
INFO:circe.py:runtime_stat:{"task_name": "circe", "event": "new_output_file", "filename": "lccenc3_score3b_2#32832043-2#31595454-2#15459182-2#73898194-2#68326659-2#60054993jobid4.csv", "unix_time": 1620678045.072827}
DEBUG:transfer.py:sshpass -p PASSWORD scp -P 5000 -o StrictHostKeyChecking=no /jupiter/circe_output/lccenc3_score3b_2#32832043-2#31595454-2#15459182-2#73898194-2#68326659-2#60054993jobid4.csv root@10.111.37.168:/jupiter/circe_input/
INFO:ccdag_utils.py:runtime_stat:{"task_name": "lccenc3", "event": "queue_end_process", "filename": "lccenc3_score3b_2#32832043-2#31595454-2#15459182-2#73898194-2#68326659-2#60054993jobid4.csv", "unix_time": 1620678045.0775049}
DEBUG:transfer.py:transfer successful!
INFO:circe.py:runtime_stat:{"task_name": "circe", "event": "new_output_file", "filename": "lccenc3_score3c_2#32832043-2#31595454-2#15459182-2#73898194-2#68326659-2#60054993jobid4.csv", "unix_time": 1620678046.0863888}
DEBUG:transfer.py:sshpass -p PASSWORD scp -P 5000 -o StrictHostKeyChecking=no /jupiter/circe_output/lccenc3_score3c_2#32832043-2#31595454-2#15459182-2#73898194-2#68326659-2#60054993jobid4.csv root@10.101.46.169:/jupiter/circe_input/
INFO:ccdag_utils.py:runtime_stat:{"task_name": "lccenc3", "event": "queue_end_process", "filename": "lccenc3_score3c_2#32832043-2#31595454-2#15459182-2#73898194-2#68326659-2#60054993jobid4.csv", "unix_time": 1620678046.091185}
DEBUG:transfer.py:transfer successful!
INFO:circe.py:runtime_stat:{"task_name": "circe", "event": "new_input_file", "filename": "storeclass3_lccenc3_24534693imgwhitewolfjobid39.JPEG", "unix_time": 1620678066.2469668}
INFO:circe.py:runtime_stat:{"task_name": "circe", "event": "new_input_file", "filename": "storeclass3_lccenc3_38097797imgwhitewolfjobid39.JPEG", "unix_time": 1620678066.4665136}
INFO:circe.py:runtime_stat:{"task_name": "circe", "event": "new_input_file", "filename": "storeclass3_lccenc3_81660539imgwhitewolfjobid39.JPEG", "unix_time": 1620678066.6883442}
INFO:circe.py:runtime_stat:{"task_name": "circe", "event": "new_input_file", "filename": "storeclass3_lccenc3_56885671imgwhitewolfjobid39.JPEG", "unix_time": 1620678066.926754}
INFO:circe.py:runtime_stat:{"task_name": "circe", "event": "new_input_file", "filename": "storeclass3_lccenc3_75260877imgwhitewolfjobid40.JPEG", "unix_time": 1620678086.4345908}
INFO:circe.py:runtime_stat:{"task_name": "circe", "event": "new_input_file", "filename": "storeclass3_lccenc3_56040019imgwhitewolfjobid40.JPEG", "unix_time": 1620678086.6799204}
INFO:circe.py:runtime_stat:{"task_name": "circe", "event": "new_input_file", "filename": "storeclass3_lccenc3_84178941imgwhitewolfjobid40.JPEG", "unix_time": 1620678086.9672709}
INFO:ccdag_utils.py:runtime_stat:{"task_name": "lccenc3", "event": "queue_start_process", "filename": "storeclass3_lccenc3_24534693imgwhitewolfjobid39.JPEG", "unix_time": 1620678087.1398242}
INFO:ccdag_utils.py:runtime_stat:{"task_name": "lccenc3", "event": "queue_start_process", "filename": "storeclass3_lccenc3_38097797imgwhitewolfjobid39.JPEG", "unix_time": 1620678087.140143}
INFO:ccdag_utils.py:runtime_stat:{"task_name": "lccenc3", "event": "queue_start_process", "filename": "storeclass3_lccenc3_81660539imgwhitewolfjobid39.JPEG", "unix_time": 1620678087.1405025}
INFO:ccdag_utils.py:runtime_stat:{"task_name": "lccenc3", "event": "queue_start_process", "filename": "storeclass3_lccenc3_56885671imgwhitewolfjobid39.JPEG", "unix_time": 1620678087.1407056}
INFO:ccdag_utils.py:runtime_stat:{"task_name": "lccenc3", "event": "queue_start_process", "filename": "storeclass3_lccenc3_75260877imgwhitewolfjobid40.JPEG", "unix_time": 1620678087.1410165}
INFO:ccdag_utils.py:runtime_stat:{"task_name": "lccenc3", "event": "queue_start_process", "filename": "storeclass3_lccenc3_56040019imgwhitewolfjobid40.JPEG", "unix_time": 1620678087.1412132}
INFO:circe.py:runtime_stat:{"task_name": "circe", "event": "new_input_file", "filename": "storeclass3_lccenc3_45077117imgwhitewolfjobid40.JPEG", "unix_time": 1620678087.1960485}
INFO:circe.py:runtime_stat:{"task_name": "circe", "event": "new_input_file", "filename": "storeclass3_lccenc3_53275535imgwhitewolfjobid40.JPEG", "unix_time": 1620678087.927732}
INFO:ccdag_utils.py:runtime_stat:{"task_name": "lccenc3", "event": "queue_end_process", "filename": "lccenc3_score3a_2#24534693-2#38097797-2#81660539-2#56885671-2#75260877-2#56040019jobid5.csv", "unix_time": 1620678088.4169025}
INFO:circe.py:runtime_stat:{"task_name": "circe", "event": "new_output_file", "filename": "lccenc3_score3a_2#24534693-2#38097797-2#81660539-2#56885671-2#75260877-2#56040019jobid5.csv", "unix_time": 1620678088.4177213}
DEBUG:transfer.py:sshpass -p PASSWORD scp -P 5000 -o StrictHostKeyChecking=no /jupiter/circe_output/lccenc3_score3a_2#24534693-2#38097797-2#81660539-2#56885671-2#75260877-2#56040019jobid5.csv root@10.104.39.115:/jupiter/circe_input/
DEBUG:transfer.py:transfer successful!
INFO:ccdag_utils.py:runtime_stat:{"task_name": "lccenc3", "event": "queue_end_process", "filename": "lccenc3_score3b_2#24534693-2#38097797-2#81660539-2#56885671-2#75260877-2#56040019jobid5.csv", "unix_time": 1620678089.4009223}
INFO:circe.py:runtime_stat:{"task_name": "circe", "event": "new_output_file", "filename": "lccenc3_score3b_2#24534693-2#38097797-2#81660539-2#56885671-2#75260877-2#56040019jobid5.csv", "unix_time": 1620678089.4124668}
DEBUG:transfer.py:sshpass -p PASSWORD scp -P 5000 -o StrictHostKeyChecking=no /jupiter/circe_output/lccenc3_score3b_2#24534693-2#38097797-2#81660539-2#56885671-2#75260877-2#56040019jobid5.csv root@10.111.37.168:/jupiter/circe_input/
DEBUG:transfer.py:transfer successful!
INFO:ccdag_utils.py:runtime_stat:{"task_name": "lccenc3", "event": "queue_end_process", "filename": "lccenc3_score3c_2#24534693-2#38097797-2#81660539-2#56885671-2#75260877-2#56040019jobid5.csv", "unix_time": 1620678090.4675934}
INFO:circe.py:runtime_stat:{"task_name": "circe", "event": "new_output_file", "filename": "lccenc3_score3c_2#24534693-2#38097797-2#81660539-2#56885671-2#75260877-2#56040019jobid5.csv", "unix_time": 1620678090.4690452}
DEBUG:transfer.py:sshpass -p PASSWORD scp -P 5000 -o StrictHostKeyChecking=no /jupiter/circe_output/lccenc3_score3c_2#24534693-2#38097797-2#81660539-2#56885671-2#75260877-2#56040019jobid5.csv root@10.101.46.169:/jupiter/circe_input/
DEBUG:transfer.py:transfer successful!
INFO:circe.py:runtime_stat:{"task_name": "circe", "event": "new_input_file", "filename": "storeclass3_lccenc3_84292401imgwhitewolfjobid41.JPEG", "unix_time": 1620678119.3985481}
INFO:circe.py:runtime_stat:{"task_name": "circe", "event": "new_input_file", "filename": "storeclass3_lccenc3_51370977imgwhitewolfjobid41.JPEG", "unix_time": 1620678119.6471682}
INFO:circe.py:runtime_stat:{"task_name": "circe", "event": "new_input_file", "filename": "storeclass3_lccenc3_99491731imgwhitewolfjobid41.JPEG", "unix_time": 1620678119.8644423}
INFO:circe.py:runtime_stat:{"task_name": "circe", "event": "new_input_file", "filename": "storeclass3_lccenc3_33680383imgwhitewolfjobid41.JPEG", "unix_time": 1620678120.408898}
INFO:ccdag_utils.py:runtime_stat:{"task_name": "lccenc3", "event": "queue_start_process", "filename": "storeclass3_lccenc3_84178941imgwhitewolfjobid40.JPEG", "unix_time": 1620678120.4980602}
INFO:ccdag_utils.py:runtime_stat:{"task_name": "lccenc3", "event": "queue_start_process", "filename": "storeclass3_lccenc3_45077117imgwhitewolfjobid40.JPEG", "unix_time": 1620678120.4984686}
INFO:ccdag_utils.py:runtime_stat:{"task_name": "lccenc3", "event": "queue_start_process", "filename": "storeclass3_lccenc3_53275535imgwhitewolfjobid40.JPEG", "unix_time": 1620678120.4987214}
INFO:ccdag_utils.py:runtime_stat:{"task_name": "lccenc3", "event": "queue_start_process", "filename": "storeclass3_lccenc3_84292401imgwhitewolfjobid41.JPEG", "unix_time": 1620678120.4989405}
INFO:ccdag_utils.py:runtime_stat:{"task_name": "lccenc3", "event": "queue_start_process", "filename": "storeclass3_lccenc3_51370977imgwhitewolfjobid41.JPEG", "unix_time": 1620678120.4991634}
INFO:ccdag_utils.py:runtime_stat:{"task_name": "lccenc3", "event": "queue_start_process", "filename": "storeclass3_lccenc3_99491731imgwhitewolfjobid41.JPEG", "unix_time": 1620678120.4993882}
INFO:circe.py:runtime_stat:{"task_name": "circe", "event": "new_input_file", "filename": "storeclass3_lccenc3_03472353imgwhitewolfjobid41.JPEG", "unix_time": 1620678120.6313674}
INFO:circe.py:runtime_stat:{"task_name": "circe", "event": "new_input_file", "filename": "storeclass3_lccenc3_01388381imgwhitewolfjobid41.JPEG", "unix_time": 1620678121.2341979}
INFO:circe.py:runtime_stat:{"task_name": "circe", "event": "new_input_file", "filename": "storeclass3_lccenc3_86415588imgwhitewolfjobid41.JPEG", "unix_time": 1620678121.2347522}
INFO:circe.py:runtime_stat:{"task_name": "circe", "event": "new_input_file", "filename": "storeclass3_lccenc3_75256301imgwhitewolfjobid41.JPEG", "unix_time": 1620678121.7196796}
INFO:ccdag_utils.py:runtime_stat:{"task_name": "lccenc3", "event": "queue_end_process", "filename": "lccenc3_score3a_2#84178941-2#45077117-2#53275535-2#84292401-2#51370977-2#99491731jobid6.csv", "unix_time": 1620678121.729489}
INFO:circe.py:runtime_stat:{"task_name": "circe", "event": "new_output_file", "filename": "lccenc3_score3a_2#84178941-2#45077117-2#53275535-2#84292401-2#51370977-2#99491731jobid6.csv", "unix_time": 1620678121.7409227}
DEBUG:transfer.py:sshpass -p PASSWORD scp -P 5000 -o StrictHostKeyChecking=no /jupiter/circe_output/lccenc3_score3a_2#84178941-2#45077117-2#53275535-2#84292401-2#51370977-2#99491731jobid6.csv root@10.104.39.115:/jupiter/circe_input/
DEBUG:transfer.py:transfer successful!
INFO:ccdag_utils.py:runtime_stat:{"task_name": "lccenc3", "event": "queue_end_process", "filename": "lccenc3_score3b_2#84178941-2#45077117-2#53275535-2#84292401-2#51370977-2#99491731jobid6.csv", "unix_time": 1620678122.7703004}
INFO:circe.py:runtime_stat:{"task_name": "circe", "event": "new_output_file", "filename": "lccenc3_score3b_2#84178941-2#45077117-2#53275535-2#84292401-2#51370977-2#99491731jobid6.csv", "unix_time": 1620678122.7712362}
DEBUG:transfer.py:sshpass -p PASSWORD scp -P 5000 -o StrictHostKeyChecking=no /jupiter/circe_output/lccenc3_score3b_2#84178941-2#45077117-2#53275535-2#84292401-2#51370977-2#99491731jobid6.csv root@10.111.37.168:/jupiter/circe_input/
DEBUG:transfer.py:transfer successful!
INFO:ccdag_utils.py:runtime_stat:{"task_name": "lccenc3", "event": "queue_end_process", "filename": "lccenc3_score3c_2#84178941-2#45077117-2#53275535-2#84292401-2#51370977-2#99491731jobid6.csv", "unix_time": 1620678123.7845933}
INFO:circe.py:runtime_stat:{"task_name": "circe", "event": "new_output_file", "filename": "lccenc3_score3c_2#84178941-2#45077117-2#53275535-2#84292401-2#51370977-2#99491731jobid6.csv", "unix_time": 1620678123.7855809}
DEBUG:transfer.py:sshpass -p PASSWORD scp -P 5000 -o StrictHostKeyChecking=no /jupiter/circe_output/lccenc3_score3c_2#84178941-2#45077117-2#53275535-2#84292401-2#51370977-2#99491731jobid6.csv root@10.101.46.169:/jupiter/circe_input/
DEBUG:transfer.py:transfer successful!
