 * Starting OpenBSD Secure Shell server sshd
   ...done.
INFO:circe.py:Using base script lccdec.py
DEBUG:circe.py:starting the input monitoring process
DEBUG:circe.py:starting the output monitoring process
INFO:circe.py:runtime_stat:{"task_name": "circe", "event": "new_input_file", "filename": "preagg8_lccdec8_1jobthscore8a7#25569509-7#33392092-7#39354678-7#92208573-7#01840733-7#78570541", "unix_time": 1620677749.6217027}
INFO:lccdec.py:lccdec8: file rcvd from preagg8 : preagg8_lccdec8_1jobthscore8a7#25569509-7#33392092-7#39354678-7#92208573-7#01840733-7#78570541
INFO:ccdag_utils.py:runtime_stat:{"task_name": "lccdec8", "event": "queue_start_process", "filename": "preagg8_lccdec8_1jobthscore8a7#25569509-7#33392092-7#39354678-7#92208573-7#01840733-7#78570541", "unix_time": 1620677749.6227489}
INFO:circe.py:runtime_stat:{"task_name": "circe", "event": "new_input_file", "filename": "preagg8_lccdec8_1jobthscore8b7#25569509-7#33392092-7#39354678-7#92208573-7#01840733-7#78570541", "unix_time": 1620677749.8347058}
INFO:lccdec.py:lccdec8: file rcvd from preagg8 : preagg8_lccdec8_1jobthscore8b7#25569509-7#33392092-7#39354678-7#92208573-7#01840733-7#78570541
INFO:ccdag_utils.py:runtime_stat:{"task_name": "lccdec8", "event": "queue_start_process", "filename": "preagg8_lccdec8_1jobthscore8b7#25569509-7#33392092-7#39354678-7#92208573-7#01840733-7#78570541", "unix_time": 1620677749.8352642}
INFO:circe.py:runtime_stat:{"task_name": "circe", "event": "new_input_file", "filename": "preagg8_lccdec8_1jobthscore8c7#25569509-7#33392092-7#39354678-7#92208573-7#01840733-7#78570541", "unix_time": 1620677750.0596943}
INFO:lccdec.py:lccdec8: file rcvd from preagg8 : preagg8_lccdec8_1jobthscore8c7#25569509-7#33392092-7#39354678-7#92208573-7#01840733-7#78570541
INFO:ccdag_utils.py:runtime_stat:{"task_name": "lccdec8", "event": "queue_start_process", "filename": "preagg8_lccdec8_1jobthscore8c7#25569509-7#33392092-7#39354678-7#92208573-7#01840733-7#78570541", "unix_time": 1620677750.0602236}
INFO:circe.py:runtime_stat:{"task_name": "circe", "event": "new_output_file", "filename": "lccdec8_home_1jobth7#25569509-7#33392092-7#39354678-7#92208573-7#01840733-7#78570541", "unix_time": 1620677750.0890107}
DEBUG:transfer.py:sshpass -p PASSWORD scp -P 5000 -o StrictHostKeyChecking=no /jupiter/circe_output/lccdec8_home_1jobth7#25569509-7#33392092-7#39354678-7#92208573-7#01840733-7#78570541 root@10.110.241.199:/jupiter/circe_input/
INFO:ccdag_utils.py:runtime_stat:{"task_name": "lccdec8", "event": "queue_end_process", "filename": "lccdec8_home_1jobth7#25569509-7#33392092-7#39354678-7#92208573-7#01840733-7#78570541", "unix_time": 1620677750.0943367}
Warning: Permanently added '[10.110.241.199]:5000' (ECDSA) to the list of known hosts.
DEBUG:transfer.py:transfer successful!
INFO:circe.py:runtime_stat:{"task_name": "circe", "event": "new_input_file", "filename": "preagg8_lccdec8_2jobthscore8a7#62885722-7#45301703-7#08373892-7#12845189-7#12248933-7#62621810", "unix_time": 1620677826.8924043}
INFO:lccdec.py:lccdec8: file rcvd from preagg8 : preagg8_lccdec8_2jobthscore8a7#62885722-7#45301703-7#08373892-7#12845189-7#12248933-7#62621810
INFO:ccdag_utils.py:runtime_stat:{"task_name": "lccdec8", "event": "queue_start_process", "filename": "preagg8_lccdec8_2jobthscore8a7#62885722-7#45301703-7#08373892-7#12845189-7#12248933-7#62621810", "unix_time": 1620677826.8929908}
INFO:circe.py:runtime_stat:{"task_name": "circe", "event": "new_input_file", "filename": "preagg8_lccdec8_2jobthscore8b7#62885722-7#45301703-7#08373892-7#12845189-7#12248933-7#62621810", "unix_time": 1620677827.096652}
INFO:lccdec.py:lccdec8: file rcvd from preagg8 : preagg8_lccdec8_2jobthscore8b7#62885722-7#45301703-7#08373892-7#12845189-7#12248933-7#62621810
INFO:ccdag_utils.py:runtime_stat:{"task_name": "lccdec8", "event": "queue_start_process", "filename": "preagg8_lccdec8_2jobthscore8b7#62885722-7#45301703-7#08373892-7#12845189-7#12248933-7#62621810", "unix_time": 1620677827.0974715}
INFO:circe.py:runtime_stat:{"task_name": "circe", "event": "new_input_file", "filename": "preagg8_lccdec8_2jobthscore8c7#62885722-7#45301703-7#08373892-7#12845189-7#12248933-7#62621810", "unix_time": 1620677827.300462}
INFO:lccdec.py:lccdec8: file rcvd from preagg8 : preagg8_lccdec8_2jobthscore8c7#62885722-7#45301703-7#08373892-7#12845189-7#12248933-7#62621810
INFO:ccdag_utils.py:runtime_stat:{"task_name": "lccdec8", "event": "queue_start_process", "filename": "preagg8_lccdec8_2jobthscore8c7#62885722-7#45301703-7#08373892-7#12845189-7#12248933-7#62621810", "unix_time": 1620677827.300984}
INFO:circe.py:runtime_stat:{"task_name": "circe", "event": "new_output_file", "filename": "lccdec8_home_2jobth7#62885722-7#45301703-7#08373892-7#12845189-7#12248933-7#62621810", "unix_time": 1620677827.329171}
DEBUG:transfer.py:sshpass -p PASSWORD scp -P 5000 -o StrictHostKeyChecking=no /jupiter/circe_output/lccdec8_home_2jobth7#62885722-7#45301703-7#08373892-7#12845189-7#12248933-7#62621810 root@10.110.241.199:/jupiter/circe_input/
INFO:ccdag_utils.py:runtime_stat:{"task_name": "lccdec8", "event": "queue_end_process", "filename": "lccdec8_home_2jobth7#62885722-7#45301703-7#08373892-7#12845189-7#12248933-7#62621810", "unix_time": 1620677827.331159}
DEBUG:transfer.py:transfer successful!
INFO:circe.py:runtime_stat:{"task_name": "circe", "event": "new_input_file", "filename": "preagg8_lccdec8_3jobthscore8a7#74004617-7#83076727-7#29379685-7#30976788-7#30445493-7#48727824", "unix_time": 1620677883.1665905}
INFO:lccdec.py:lccdec8: file rcvd from preagg8 : preagg8_lccdec8_3jobthscore8a7#74004617-7#83076727-7#29379685-7#30976788-7#30445493-7#48727824
INFO:ccdag_utils.py:runtime_stat:{"task_name": "lccdec8", "event": "queue_start_process", "filename": "preagg8_lccdec8_3jobthscore8a7#74004617-7#83076727-7#29379685-7#30976788-7#30445493-7#48727824", "unix_time": 1620677883.1674347}
INFO:circe.py:runtime_stat:{"task_name": "circe", "event": "new_input_file", "filename": "preagg8_lccdec8_3jobthscore8b7#74004617-7#83076727-7#29379685-7#30976788-7#30445493-7#48727824", "unix_time": 1620677883.3849313}
INFO:lccdec.py:lccdec8: file rcvd from preagg8 : preagg8_lccdec8_3jobthscore8b7#74004617-7#83076727-7#29379685-7#30976788-7#30445493-7#48727824
INFO:ccdag_utils.py:runtime_stat:{"task_name": "lccdec8", "event": "queue_start_process", "filename": "preagg8_lccdec8_3jobthscore8b7#74004617-7#83076727-7#29379685-7#30976788-7#30445493-7#48727824", "unix_time": 1620677883.3854992}
INFO:circe.py:runtime_stat:{"task_name": "circe", "event": "new_input_file", "filename": "preagg8_lccdec8_3jobthscore8c7#74004617-7#83076727-7#29379685-7#30976788-7#30445493-7#48727824", "unix_time": 1620677883.6055021}
INFO:lccdec.py:lccdec8: file rcvd from preagg8 : preagg8_lccdec8_3jobthscore8c7#74004617-7#83076727-7#29379685-7#30976788-7#30445493-7#48727824
INFO:ccdag_utils.py:runtime_stat:{"task_name": "lccdec8", "event": "queue_start_process", "filename": "preagg8_lccdec8_3jobthscore8c7#74004617-7#83076727-7#29379685-7#30976788-7#30445493-7#48727824", "unix_time": 1620677883.6065533}
INFO:circe.py:runtime_stat:{"task_name": "circe", "event": "new_output_file", "filename": "lccdec8_home_3jobth7#74004617-7#83076727-7#29379685-7#30976788-7#30445493-7#48727824", "unix_time": 1620677883.6306882}
DEBUG:transfer.py:sshpass -p PASSWORD scp -P 5000 -o StrictHostKeyChecking=no /jupiter/circe_output/lccdec8_home_3jobth7#74004617-7#83076727-7#29379685-7#30976788-7#30445493-7#48727824 root@10.110.241.199:/jupiter/circe_input/
INFO:ccdag_utils.py:runtime_stat:{"task_name": "lccdec8", "event": "queue_end_process", "filename": "lccdec8_home_3jobth7#74004617-7#83076727-7#29379685-7#30976788-7#30445493-7#48727824", "unix_time": 1620677883.6314359}
DEBUG:transfer.py:transfer successful!
