 * Starting OpenBSD Secure Shell server sshd
   ...done.
INFO:circe.py:Using base script storeclass.py
DEBUG:circe.py:starting the input monitoring process
DEBUG:circe.py:starting the output monitoring process
INFO:circe.py:runtime_stat:{"task_name": "circe", "event": "new_input_file", "filename": "home_storeclass4_12136463imgtigerjobid27.JPEG", "unix_time": 1620677902.6430886}
INFO:circe.py:runtime_stat:{"task_name": "circe", "event": "new_input_file", "filename": "resnet0_storeclass4_47297085imgtigerjobid27.JPEG", "unix_time": 1620677902.9090846}
INFO:circe.py:runtime_stat:{"task_name": "circe", "event": "new_input_file", "filename": "resnet1_storeclass4_18642336imgtigerjobid27.JPEG", "unix_time": 1620677902.919181}
INFO:ccdag_utils.py:runtime_stat:{"task_name": "storeclass4", "event": "queue_start_process", "filename": "home_storeclass4_12136463imgtigerjobid27.JPEG", "unix_time": 1620677902.9398863}
INFO:ccdag_utils.py:runtime_stat:{"task_name": "storeclass4", "event": "queue_end_process", "filename": "storeclass4_lccenc4_12136463imgtigerjobid27.JPEG", "unix_time": 1620677902.9427586}
INFO:ccdag_utils.py:runtime_stat:{"task_name": "storeclass4", "event": "queue_start_process", "filename": "resnet0_storeclass4_47297085imgtigerjobid27.JPEG", "unix_time": 1620677902.944656}
INFO:circe.py:runtime_stat:{"task_name": "circe", "event": "new_output_file", "filename": "storeclass4_lccenc4_12136463imgtigerjobid27.JPEG", "unix_time": 1620677902.9435806}
DEBUG:transfer.py:sshpass -p PASSWORD scp -P 5000 -o StrictHostKeyChecking=no /jupiter/circe_output/storeclass4_lccenc4_12136463imgtigerjobid27.JPEG root@10.99.97.174:/jupiter/circe_input/
INFO:ccdag_utils.py:runtime_stat:{"task_name": "storeclass4", "event": "queue_end_process", "filename": "storeclass4_lccenc4_47297085imgtigerjobid27.JPEG", "unix_time": 1620677902.9533174}
INFO:ccdag_utils.py:runtime_stat:{"task_name": "storeclass4", "event": "queue_start_process", "filename": "resnet1_storeclass4_18642336imgtigerjobid27.JPEG", "unix_time": 1620677902.9540823}
INFO:ccdag_utils.py:runtime_stat:{"task_name": "storeclass4", "event": "queue_end_process", "filename": "storeclass4_lccenc4_18642336imgtigerjobid27.JPEG", "unix_time": 1620677902.956208}
Warning: Permanently added '[10.99.97.174]:5000' (ECDSA) to the list of known hosts.
DEBUG:transfer.py:transfer successful!
INFO:circe.py:runtime_stat:{"task_name": "circe", "event": "new_output_file", "filename": "storeclass4_lccenc4_47297085imgtigerjobid27.JPEG", "unix_time": 1620677903.2597873}
DEBUG:transfer.py:sshpass -p PASSWORD scp -P 5000 -o StrictHostKeyChecking=no /jupiter/circe_output/storeclass4_lccenc4_47297085imgtigerjobid27.JPEG root@10.99.97.174:/jupiter/circe_input/
DEBUG:transfer.py:transfer successful!
INFO:circe.py:runtime_stat:{"task_name": "circe", "event": "new_output_file", "filename": "storeclass4_lccenc4_18642336imgtigerjobid27.JPEG", "unix_time": 1620677903.4833648}
DEBUG:transfer.py:sshpass -p PASSWORD scp -P 5000 -o StrictHostKeyChecking=no /jupiter/circe_output/storeclass4_lccenc4_18642336imgtigerjobid27.JPEG root@10.99.97.174:/jupiter/circe_input/
DEBUG:transfer.py:transfer successful!
INFO:circe.py:runtime_stat:{"task_name": "circe", "event": "new_input_file", "filename": "resnet7_storeclass4_80877271imgtigerjobid28.JPEG", "unix_time": 1620677912.389775}
INFO:circe.py:runtime_stat:{"task_name": "circe", "event": "new_input_file", "filename": "resnet0_storeclass4_62163118imgtigerjobid28.JPEG", "unix_time": 1620677912.396868}
INFO:ccdag_utils.py:runtime_stat:{"task_name": "storeclass4", "event": "queue_start_process", "filename": "resnet7_storeclass4_80877271imgtigerjobid28.JPEG", "unix_time": 1620677912.9713488}
INFO:ccdag_utils.py:runtime_stat:{"task_name": "storeclass4", "event": "queue_end_process", "filename": "storeclass4_lccenc4_80877271imgtigerjobid28.JPEG", "unix_time": 1620677912.9782624}
INFO:ccdag_utils.py:runtime_stat:{"task_name": "storeclass4", "event": "queue_start_process", "filename": "resnet0_storeclass4_62163118imgtigerjobid28.JPEG", "unix_time": 1620677912.9785795}
INFO:circe.py:runtime_stat:{"task_name": "circe", "event": "new_output_file", "filename": "storeclass4_lccenc4_80877271imgtigerjobid28.JPEG", "unix_time": 1620677912.979409}
DEBUG:transfer.py:sshpass -p PASSWORD scp -P 5000 -o StrictHostKeyChecking=no /jupiter/circe_output/storeclass4_lccenc4_80877271imgtigerjobid28.JPEG root@10.99.97.174:/jupiter/circe_input/
INFO:ccdag_utils.py:runtime_stat:{"task_name": "storeclass4", "event": "queue_end_process", "filename": "storeclass4_lccenc4_62163118imgtigerjobid28.JPEG", "unix_time": 1620677912.9874182}
INFO:circe.py:runtime_stat:{"task_name": "circe", "event": "new_input_file", "filename": "resnet4_storeclass4_83289092imgtigerjobid28.JPEG", "unix_time": 1620677913.0988643}
DEBUG:transfer.py:transfer successful!
INFO:circe.py:runtime_stat:{"task_name": "circe", "event": "new_output_file", "filename": "storeclass4_lccenc4_62163118imgtigerjobid28.JPEG", "unix_time": 1620677913.197765}
DEBUG:transfer.py:sshpass -p PASSWORD scp -P 5000 -o StrictHostKeyChecking=no /jupiter/circe_output/storeclass4_lccenc4_62163118imgtigerjobid28.JPEG root@10.99.97.174:/jupiter/circe_input/
INFO:circe.py:runtime_stat:{"task_name": "circe", "event": "new_input_file", "filename": "resnet3_storeclass4_04125345imgtigerjobid28.JPEG", "unix_time": 1620677913.2528589}
DEBUG:transfer.py:transfer successful!
INFO:circe.py:runtime_stat:{"task_name": "circe", "event": "new_input_file", "filename": "home_storeclass4_66649492imgtigerjobid28.JPEG", "unix_time": 1620677913.6824539}
INFO:ccdag_utils.py:runtime_stat:{"task_name": "storeclass4", "event": "queue_start_process", "filename": "resnet4_storeclass4_83289092imgtigerjobid28.JPEG", "unix_time": 1620677913.9895504}
INFO:ccdag_utils.py:runtime_stat:{"task_name": "storeclass4", "event": "queue_end_process", "filename": "storeclass4_lccenc4_83289092imgtigerjobid28.JPEG", "unix_time": 1620677913.9921145}
INFO:ccdag_utils.py:runtime_stat:{"task_name": "storeclass4", "event": "queue_start_process", "filename": "resnet3_storeclass4_04125345imgtigerjobid28.JPEG", "unix_time": 1620677913.992442}
INFO:circe.py:runtime_stat:{"task_name": "circe", "event": "new_output_file", "filename": "storeclass4_lccenc4_83289092imgtigerjobid28.JPEG", "unix_time": 1620677913.9948173}
DEBUG:transfer.py:sshpass -p PASSWORD scp -P 5000 -o StrictHostKeyChecking=no /jupiter/circe_output/storeclass4_lccenc4_83289092imgtigerjobid28.JPEG root@10.99.97.174:/jupiter/circe_input/
INFO:ccdag_utils.py:runtime_stat:{"task_name": "storeclass4", "event": "queue_end_process", "filename": "storeclass4_lccenc4_04125345imgtigerjobid28.JPEG", "unix_time": 1620677913.9984403}
INFO:ccdag_utils.py:runtime_stat:{"task_name": "storeclass4", "event": "queue_start_process", "filename": "home_storeclass4_66649492imgtigerjobid28.JPEG", "unix_time": 1620677914.0000362}
INFO:ccdag_utils.py:runtime_stat:{"task_name": "storeclass4", "event": "queue_end_process", "filename": "storeclass4_lccenc4_66649492imgtigerjobid28.JPEG", "unix_time": 1620677914.001755}
DEBUG:transfer.py:transfer successful!
INFO:circe.py:runtime_stat:{"task_name": "circe", "event": "new_output_file", "filename": "storeclass4_lccenc4_66649492imgtigerjobid28.JPEG", "unix_time": 1620677914.2083611}
DEBUG:transfer.py:sshpass -p PASSWORD scp -P 5000 -o StrictHostKeyChecking=no /jupiter/circe_output/storeclass4_lccenc4_66649492imgtigerjobid28.JPEG root@10.99.97.174:/jupiter/circe_input/
DEBUG:transfer.py:transfer successful!
INFO:circe.py:runtime_stat:{"task_name": "circe", "event": "new_output_file", "filename": "storeclass4_lccenc4_04125345imgtigerjobid28.JPEG", "unix_time": 1620677914.4307687}
DEBUG:transfer.py:sshpass -p PASSWORD scp -P 5000 -o StrictHostKeyChecking=no /jupiter/circe_output/storeclass4_lccenc4_04125345imgtigerjobid28.JPEG root@10.99.97.174:/jupiter/circe_input/
DEBUG:transfer.py:transfer successful!
INFO:circe.py:runtime_stat:{"task_name": "circe", "event": "new_input_file", "filename": "resnet7_storeclass4_31741191imgtigerjobid29.JPEG", "unix_time": 1620677923.2250576}
INFO:ccdag_utils.py:runtime_stat:{"task_name": "storeclass4", "event": "queue_start_process", "filename": "resnet7_storeclass4_31741191imgtigerjobid29.JPEG", "unix_time": 1620677924.010543}
INFO:ccdag_utils.py:runtime_stat:{"task_name": "storeclass4", "event": "queue_end_process", "filename": "storeclass4_lccenc4_31741191imgtigerjobid29.JPEG", "unix_time": 1620677924.0225577}
INFO:circe.py:runtime_stat:{"task_name": "circe", "event": "new_output_file", "filename": "storeclass4_lccenc4_31741191imgtigerjobid29.JPEG", "unix_time": 1620677924.0348506}
DEBUG:transfer.py:sshpass -p PASSWORD scp -P 5000 -o StrictHostKeyChecking=no /jupiter/circe_output/storeclass4_lccenc4_31741191imgtigerjobid29.JPEG root@10.99.97.174:/jupiter/circe_input/
INFO:circe.py:runtime_stat:{"task_name": "circe", "event": "new_input_file", "filename": "resnet6_storeclass4_63861054imgtigerjobid29.JPEG", "unix_time": 1620677924.0567126}
DEBUG:transfer.py:transfer successful!
INFO:ccdag_utils.py:runtime_stat:{"task_name": "storeclass4", "event": "queue_start_process", "filename": "resnet6_storeclass4_63861054imgtigerjobid29.JPEG", "unix_time": 1620677925.0358834}
INFO:ccdag_utils.py:runtime_stat:{"task_name": "storeclass4", "event": "queue_end_process", "filename": "storeclass4_lccenc4_63861054imgtigerjobid29.JPEG", "unix_time": 1620677925.040924}
INFO:circe.py:runtime_stat:{"task_name": "circe", "event": "new_output_file", "filename": "storeclass4_lccenc4_63861054imgtigerjobid29.JPEG", "unix_time": 1620677925.0426323}
DEBUG:transfer.py:sshpass -p PASSWORD scp -P 5000 -o StrictHostKeyChecking=no /jupiter/circe_output/storeclass4_lccenc4_63861054imgtigerjobid29.JPEG root@10.99.97.174:/jupiter/circe_input/
DEBUG:transfer.py:transfer successful!
INFO:circe.py:runtime_stat:{"task_name": "circe", "event": "new_input_file", "filename": "resnet6_storeclass4_50575810imgtigerjobid30.JPEG", "unix_time": 1620677934.1114686}
INFO:circe.py:runtime_stat:{"task_name": "circe", "event": "new_input_file", "filename": "resnet2_storeclass4_79391533imgtigerjobid30.JPEG", "unix_time": 1620677934.4328003}
INFO:circe.py:runtime_stat:{"task_name": "circe", "event": "new_input_file", "filename": "resnet1_storeclass4_03885955imgtigerjobid30.JPEG", "unix_time": 1620677934.7230365}
INFO:circe.py:runtime_stat:{"task_name": "circe", "event": "new_input_file", "filename": "resnet5_storeclass4_60329948imgtigerjobid30.JPEG", "unix_time": 1620677934.9347947}
INFO:ccdag_utils.py:runtime_stat:{"task_name": "storeclass4", "event": "queue_start_process", "filename": "resnet6_storeclass4_50575810imgtigerjobid30.JPEG", "unix_time": 1620677935.0528765}
INFO:ccdag_utils.py:runtime_stat:{"task_name": "storeclass4", "event": "queue_end_process", "filename": "storeclass4_lccenc4_50575810imgtigerjobid30.JPEG", "unix_time": 1620677935.0589275}
INFO:circe.py:runtime_stat:{"task_name": "circe", "event": "new_output_file", "filename": "storeclass4_lccenc4_50575810imgtigerjobid30.JPEG", "unix_time": 1620677935.05993}
INFO:ccdag_utils.py:runtime_stat:{"task_name": "storeclass4", "event": "queue_start_process", "filename": "resnet2_storeclass4_79391533imgtigerjobid30.JPEG", "unix_time": 1620677935.0607042}
DEBUG:transfer.py:sshpass -p PASSWORD scp -P 5000 -o StrictHostKeyChecking=no /jupiter/circe_output/storeclass4_lccenc4_50575810imgtigerjobid30.JPEG root@10.99.97.174:/jupiter/circe_input/
INFO:ccdag_utils.py:runtime_stat:{"task_name": "storeclass4", "event": "queue_end_process", "filename": "storeclass4_lccenc4_79391533imgtigerjobid30.JPEG", "unix_time": 1620677935.0695376}
INFO:ccdag_utils.py:runtime_stat:{"task_name": "storeclass4", "event": "queue_start_process", "filename": "resnet1_storeclass4_03885955imgtigerjobid30.JPEG", "unix_time": 1620677935.07054}
INFO:ccdag_utils.py:runtime_stat:{"task_name": "storeclass4", "event": "queue_end_process", "filename": "storeclass4_lccenc4_03885955imgtigerjobid30.JPEG", "unix_time": 1620677935.0744746}
INFO:ccdag_utils.py:runtime_stat:{"task_name": "storeclass4", "event": "queue_start_process", "filename": "resnet5_storeclass4_60329948imgtigerjobid30.JPEG", "unix_time": 1620677935.0753584}
INFO:ccdag_utils.py:runtime_stat:{"task_name": "storeclass4", "event": "queue_end_process", "filename": "storeclass4_lccenc4_60329948imgtigerjobid30.JPEG", "unix_time": 1620677935.078801}
DEBUG:transfer.py:transfer successful!
INFO:circe.py:runtime_stat:{"task_name": "circe", "event": "new_output_file", "filename": "storeclass4_lccenc4_79391533imgtigerjobid30.JPEG", "unix_time": 1620677935.288955}
DEBUG:transfer.py:sshpass -p PASSWORD scp -P 5000 -o StrictHostKeyChecking=no /jupiter/circe_output/storeclass4_lccenc4_79391533imgtigerjobid30.JPEG root@10.99.97.174:/jupiter/circe_input/
DEBUG:transfer.py:transfer successful!
INFO:circe.py:runtime_stat:{"task_name": "circe", "event": "new_output_file", "filename": "storeclass4_lccenc4_03885955imgtigerjobid30.JPEG", "unix_time": 1620677935.5296543}
DEBUG:transfer.py:sshpass -p PASSWORD scp -P 5000 -o StrictHostKeyChecking=no /jupiter/circe_output/storeclass4_lccenc4_03885955imgtigerjobid30.JPEG root@10.99.97.174:/jupiter/circe_input/
DEBUG:transfer.py:transfer successful!
INFO:circe.py:runtime_stat:{"task_name": "circe", "event": "new_output_file", "filename": "storeclass4_lccenc4_60329948imgtigerjobid30.JPEG", "unix_time": 1620677935.7440445}
DEBUG:transfer.py:sshpass -p PASSWORD scp -P 5000 -o StrictHostKeyChecking=no /jupiter/circe_output/storeclass4_lccenc4_60329948imgtigerjobid30.JPEG root@10.99.97.174:/jupiter/circe_input/
DEBUG:transfer.py:transfer successful!
INFO:circe.py:runtime_stat:{"task_name": "circe", "event": "new_input_file", "filename": "resnet5_storeclass4_59428463imgtigerjobid31.JPEG", "unix_time": 1620677947.3222177}
INFO:circe.py:runtime_stat:{"task_name": "circe", "event": "new_input_file", "filename": "resnet0_storeclass4_46533181imgtigerjobid31.JPEG", "unix_time": 1620677948.0364065}
INFO:ccdag_utils.py:runtime_stat:{"task_name": "storeclass4", "event": "queue_start_process", "filename": "resnet5_storeclass4_59428463imgtigerjobid31.JPEG", "unix_time": 1620677948.095754}
INFO:ccdag_utils.py:runtime_stat:{"task_name": "storeclass4", "event": "queue_end_process", "filename": "storeclass4_lccenc4_59428463imgtigerjobid31.JPEG", "unix_time": 1620677948.097464}
INFO:ccdag_utils.py:runtime_stat:{"task_name": "storeclass4", "event": "queue_start_process", "filename": "resnet0_storeclass4_46533181imgtigerjobid31.JPEG", "unix_time": 1620677948.0996053}
INFO:ccdag_utils.py:runtime_stat:{"task_name": "storeclass4", "event": "queue_end_process", "filename": "storeclass4_lccenc4_46533181imgtigerjobid31.JPEG", "unix_time": 1620677948.1012971}
INFO:circe.py:runtime_stat:{"task_name": "circe", "event": "new_output_file", "filename": "storeclass4_lccenc4_59428463imgtigerjobid31.JPEG", "unix_time": 1620677948.0993207}
DEBUG:transfer.py:sshpass -p PASSWORD scp -P 5000 -o StrictHostKeyChecking=no /jupiter/circe_output/storeclass4_lccenc4_59428463imgtigerjobid31.JPEG root@10.99.97.174:/jupiter/circe_input/
INFO:circe.py:runtime_stat:{"task_name": "circe", "event": "new_input_file", "filename": "resnet1_storeclass4_86604569imgtigerjobid31.JPEG", "unix_time": 1620677948.3089843}
INFO:circe.py:runtime_stat:{"task_name": "circe", "event": "new_input_file", "filename": "resnet4_storeclass4_44072839imgtigerjobid31.JPEG", "unix_time": 1620677948.348152}
DEBUG:transfer.py:transfer successful!
INFO:circe.py:runtime_stat:{"task_name": "circe", "event": "new_output_file", "filename": "storeclass4_lccenc4_46533181imgtigerjobid31.JPEG", "unix_time": 1620677948.422562}
DEBUG:transfer.py:sshpass -p PASSWORD scp -P 5000 -o StrictHostKeyChecking=no /jupiter/circe_output/storeclass4_lccenc4_46533181imgtigerjobid31.JPEG root@10.99.97.174:/jupiter/circe_input/
DEBUG:transfer.py:transfer successful!
INFO:ccdag_utils.py:runtime_stat:{"task_name": "storeclass4", "event": "queue_start_process", "filename": "resnet1_storeclass4_86604569imgtigerjobid31.JPEG", "unix_time": 1620677949.113403}
INFO:ccdag_utils.py:runtime_stat:{"task_name": "storeclass4", "event": "queue_end_process", "filename": "storeclass4_lccenc4_86604569imgtigerjobid31.JPEG", "unix_time": 1620677949.115276}
INFO:ccdag_utils.py:runtime_stat:{"task_name": "storeclass4", "event": "queue_start_process", "filename": "resnet4_storeclass4_44072839imgtigerjobid31.JPEG", "unix_time": 1620677949.1158302}
INFO:circe.py:runtime_stat:{"task_name": "circe", "event": "new_output_file", "filename": "storeclass4_lccenc4_86604569imgtigerjobid31.JPEG", "unix_time": 1620677949.117926}
DEBUG:transfer.py:sshpass -p PASSWORD scp -P 5000 -o StrictHostKeyChecking=no /jupiter/circe_output/storeclass4_lccenc4_86604569imgtigerjobid31.JPEG root@10.99.97.174:/jupiter/circe_input/
INFO:ccdag_utils.py:runtime_stat:{"task_name": "storeclass4", "event": "queue_end_process", "filename": "storeclass4_lccenc4_44072839imgtigerjobid31.JPEG", "unix_time": 1620677949.124352}
DEBUG:transfer.py:transfer successful!
INFO:circe.py:runtime_stat:{"task_name": "circe", "event": "new_output_file", "filename": "storeclass4_lccenc4_44072839imgtigerjobid31.JPEG", "unix_time": 1620677949.3437576}
DEBUG:transfer.py:sshpass -p PASSWORD scp -P 5000 -o StrictHostKeyChecking=no /jupiter/circe_output/storeclass4_lccenc4_44072839imgtigerjobid31.JPEG root@10.99.97.174:/jupiter/circe_input/
DEBUG:transfer.py:transfer successful!
INFO:circe.py:runtime_stat:{"task_name": "circe", "event": "new_input_file", "filename": "home_storeclass4_19086123imgtigerjobid34.JPEG", "unix_time": 1620677981.5549057}
INFO:ccdag_utils.py:runtime_stat:{"task_name": "storeclass4", "event": "queue_start_process", "filename": "home_storeclass4_19086123imgtigerjobid34.JPEG", "unix_time": 1620677982.1757565}
INFO:ccdag_utils.py:runtime_stat:{"task_name": "storeclass4", "event": "queue_end_process", "filename": "storeclass4_lccenc4_19086123imgtigerjobid34.JPEG", "unix_time": 1620677982.1783352}
INFO:circe.py:runtime_stat:{"task_name": "circe", "event": "new_output_file", "filename": "storeclass4_lccenc4_19086123imgtigerjobid34.JPEG", "unix_time": 1620677982.1822546}
DEBUG:transfer.py:sshpass -p PASSWORD scp -P 5000 -o StrictHostKeyChecking=no /jupiter/circe_output/storeclass4_lccenc4_19086123imgtigerjobid34.JPEG root@10.99.97.174:/jupiter/circe_input/
DEBUG:transfer.py:transfer successful!
INFO:circe.py:runtime_stat:{"task_name": "circe", "event": "new_input_file", "filename": "resnet7_storeclass4_40614694imgtigerjobid35.JPEG", "unix_time": 1620677991.6511898}
INFO:ccdag_utils.py:runtime_stat:{"task_name": "storeclass4", "event": "queue_start_process", "filename": "resnet7_storeclass4_40614694imgtigerjobid35.JPEG", "unix_time": 1620677992.188875}
INFO:ccdag_utils.py:runtime_stat:{"task_name": "storeclass4", "event": "queue_end_process", "filename": "storeclass4_lccenc4_40614694imgtigerjobid35.JPEG", "unix_time": 1620677992.193151}
INFO:circe.py:runtime_stat:{"task_name": "circe", "event": "new_output_file", "filename": "storeclass4_lccenc4_40614694imgtigerjobid35.JPEG", "unix_time": 1620677992.1946456}
DEBUG:transfer.py:sshpass -p PASSWORD scp -P 5000 -o StrictHostKeyChecking=no /jupiter/circe_output/storeclass4_lccenc4_40614694imgtigerjobid35.JPEG root@10.99.97.174:/jupiter/circe_input/
DEBUG:transfer.py:transfer successful!
INFO:circe.py:runtime_stat:{"task_name": "circe", "event": "new_input_file", "filename": "resnet6_storeclass4_82690270imgtigerjobid36.JPEG", "unix_time": 1620678004.1301339}
INFO:ccdag_utils.py:runtime_stat:{"task_name": "storeclass4", "event": "queue_start_process", "filename": "resnet6_storeclass4_82690270imgtigerjobid36.JPEG", "unix_time": 1620678004.2070749}
INFO:ccdag_utils.py:runtime_stat:{"task_name": "storeclass4", "event": "queue_end_process", "filename": "storeclass4_lccenc4_82690270imgtigerjobid36.JPEG", "unix_time": 1620678004.2107396}
INFO:circe.py:runtime_stat:{"task_name": "circe", "event": "new_output_file", "filename": "storeclass4_lccenc4_82690270imgtigerjobid36.JPEG", "unix_time": 1620678004.2127593}
DEBUG:transfer.py:sshpass -p PASSWORD scp -P 5000 -o StrictHostKeyChecking=no /jupiter/circe_output/storeclass4_lccenc4_82690270imgtigerjobid36.JPEG root@10.99.97.174:/jupiter/circe_input/
DEBUG:transfer.py:transfer successful!
INFO:circe.py:runtime_stat:{"task_name": "circe", "event": "new_input_file", "filename": "resnet2_storeclass4_63959961imgtigerjobid36.JPEG", "unix_time": 1620678004.7695763}
INFO:ccdag_utils.py:runtime_stat:{"task_name": "storeclass4", "event": "queue_start_process", "filename": "resnet2_storeclass4_63959961imgtigerjobid36.JPEG", "unix_time": 1620678005.215774}
INFO:ccdag_utils.py:runtime_stat:{"task_name": "storeclass4", "event": "queue_end_process", "filename": "storeclass4_lccenc4_63959961imgtigerjobid36.JPEG", "unix_time": 1620678005.2178063}
INFO:circe.py:runtime_stat:{"task_name": "circe", "event": "new_output_file", "filename": "storeclass4_lccenc4_63959961imgtigerjobid36.JPEG", "unix_time": 1620678005.225165}
DEBUG:transfer.py:sshpass -p PASSWORD scp -P 5000 -o StrictHostKeyChecking=no /jupiter/circe_output/storeclass4_lccenc4_63959961imgtigerjobid36.JPEG root@10.99.97.174:/jupiter/circe_input/
DEBUG:transfer.py:transfer successful!
INFO:circe.py:runtime_stat:{"task_name": "circe", "event": "new_input_file", "filename": "resnet7_storeclass4_30902224imgtigerjobid37.JPEG", "unix_time": 1620678020.4169319}
INFO:circe.py:runtime_stat:{"task_name": "circe", "event": "new_input_file", "filename": "resnet5_storeclass4_05099013imgtigerjobid37.JPEG", "unix_time": 1620678020.7521749}
INFO:ccdag_utils.py:runtime_stat:{"task_name": "storeclass4", "event": "queue_start_process", "filename": "resnet7_storeclass4_30902224imgtigerjobid37.JPEG", "unix_time": 1620678021.2438145}
INFO:ccdag_utils.py:runtime_stat:{"task_name": "storeclass4", "event": "queue_end_process", "filename": "storeclass4_lccenc4_30902224imgtigerjobid37.JPEG", "unix_time": 1620678021.2457144}
INFO:ccdag_utils.py:runtime_stat:{"task_name": "storeclass4", "event": "queue_start_process", "filename": "resnet5_storeclass4_05099013imgtigerjobid37.JPEG", "unix_time": 1620678021.2479575}
INFO:circe.py:runtime_stat:{"task_name": "circe", "event": "new_output_file", "filename": "storeclass4_lccenc4_30902224imgtigerjobid37.JPEG", "unix_time": 1620678021.246888}
DEBUG:transfer.py:sshpass -p PASSWORD scp -P 5000 -o StrictHostKeyChecking=no /jupiter/circe_output/storeclass4_lccenc4_30902224imgtigerjobid37.JPEG root@10.99.97.174:/jupiter/circe_input/
INFO:ccdag_utils.py:runtime_stat:{"task_name": "storeclass4", "event": "queue_end_process", "filename": "storeclass4_lccenc4_05099013imgtigerjobid37.JPEG", "unix_time": 1620678021.2569351}
DEBUG:transfer.py:transfer successful!
INFO:circe.py:runtime_stat:{"task_name": "circe", "event": "new_output_file", "filename": "storeclass4_lccenc4_05099013imgtigerjobid37.JPEG", "unix_time": 1620678021.486621}
DEBUG:transfer.py:sshpass -p PASSWORD scp -P 5000 -o StrictHostKeyChecking=no /jupiter/circe_output/storeclass4_lccenc4_05099013imgtigerjobid37.JPEG root@10.99.97.174:/jupiter/circe_input/
DEBUG:transfer.py:transfer successful!
INFO:circe.py:runtime_stat:{"task_name": "circe", "event": "new_input_file", "filename": "resnet0_storeclass4_04438711imgtigerjobid38.JPEG", "unix_time": 1620678040.177542}
INFO:ccdag_utils.py:runtime_stat:{"task_name": "storeclass4", "event": "queue_start_process", "filename": "resnet0_storeclass4_04438711imgtigerjobid38.JPEG", "unix_time": 1620678040.2795868}
INFO:circe.py:runtime_stat:{"task_name": "circe", "event": "new_input_file", "filename": "resnet2_storeclass4_20146663imgtigerjobid38.JPEG", "unix_time": 1620678040.2836688}
INFO:circe.py:runtime_stat:{"task_name": "circe", "event": "new_output_file", "filename": "storeclass4_lccenc4_04438711imgtigerjobid38.JPEG", "unix_time": 1620678040.2876985}
DEBUG:transfer.py:sshpass -p PASSWORD scp -P 5000 -o StrictHostKeyChecking=no /jupiter/circe_output/storeclass4_lccenc4_04438711imgtigerjobid38.JPEG root@10.99.97.174:/jupiter/circe_input/
INFO:ccdag_utils.py:runtime_stat:{"task_name": "storeclass4", "event": "queue_end_process", "filename": "storeclass4_lccenc4_04438711imgtigerjobid38.JPEG", "unix_time": 1620678040.2883272}
INFO:ccdag_utils.py:runtime_stat:{"task_name": "storeclass4", "event": "queue_start_process", "filename": "resnet2_storeclass4_20146663imgtigerjobid38.JPEG", "unix_time": 1620678040.2928991}
INFO:ccdag_utils.py:runtime_stat:{"task_name": "storeclass4", "event": "queue_end_process", "filename": "storeclass4_lccenc4_20146663imgtigerjobid38.JPEG", "unix_time": 1620678040.29567}
DEBUG:transfer.py:transfer successful!
INFO:circe.py:runtime_stat:{"task_name": "circe", "event": "new_output_file", "filename": "storeclass4_lccenc4_20146663imgtigerjobid38.JPEG", "unix_time": 1620678040.504462}
DEBUG:transfer.py:sshpass -p PASSWORD scp -P 5000 -o StrictHostKeyChecking=no /jupiter/circe_output/storeclass4_lccenc4_20146663imgtigerjobid38.JPEG root@10.99.97.174:/jupiter/circe_input/
DEBUG:transfer.py:transfer successful!
INFO:circe.py:runtime_stat:{"task_name": "circe", "event": "new_input_file", "filename": "resnet4_storeclass4_37200469imgtigerjobid38.JPEG", "unix_time": 1620678040.9391131}
INFO:circe.py:runtime_stat:{"task_name": "circe", "event": "new_input_file", "filename": "resnet5_storeclass4_88257336imgtigerjobid38.JPEG", "unix_time": 1620678041.1845617}
INFO:ccdag_utils.py:runtime_stat:{"task_name": "storeclass4", "event": "queue_start_process", "filename": "resnet4_storeclass4_37200469imgtigerjobid38.JPEG", "unix_time": 1620678041.297649}
INFO:circe.py:runtime_stat:{"task_name": "circe", "event": "new_output_file", "filename": "storeclass4_lccenc4_37200469imgtigerjobid38.JPEG", "unix_time": 1620678041.306002}
DEBUG:transfer.py:sshpass -p PASSWORD scp -P 5000 -o StrictHostKeyChecking=no /jupiter/circe_output/storeclass4_lccenc4_37200469imgtigerjobid38.JPEG root@10.99.97.174:/jupiter/circe_input/
INFO:ccdag_utils.py:runtime_stat:{"task_name": "storeclass4", "event": "queue_end_process", "filename": "storeclass4_lccenc4_37200469imgtigerjobid38.JPEG", "unix_time": 1620678041.3067296}
INFO:ccdag_utils.py:runtime_stat:{"task_name": "storeclass4", "event": "queue_start_process", "filename": "resnet5_storeclass4_88257336imgtigerjobid38.JPEG", "unix_time": 1620678041.31136}
INFO:ccdag_utils.py:runtime_stat:{"task_name": "storeclass4", "event": "queue_end_process", "filename": "storeclass4_lccenc4_88257336imgtigerjobid38.JPEG", "unix_time": 1620678041.3192546}
DEBUG:transfer.py:transfer successful!
INFO:circe.py:runtime_stat:{"task_name": "circe", "event": "new_output_file", "filename": "storeclass4_lccenc4_88257336imgtigerjobid38.JPEG", "unix_time": 1620678041.5566185}
DEBUG:transfer.py:sshpass -p PASSWORD scp -P 5000 -o StrictHostKeyChecking=no /jupiter/circe_output/storeclass4_lccenc4_88257336imgtigerjobid38.JPEG root@10.99.97.174:/jupiter/circe_input/
DEBUG:transfer.py:transfer successful!
INFO:circe.py:runtime_stat:{"task_name": "circe", "event": "new_input_file", "filename": "resnet0_storeclass4_98059081imgtigerjobid39.JPEG", "unix_time": 1620678065.4498267}
INFO:circe.py:runtime_stat:{"task_name": "circe", "event": "new_input_file", "filename": "resnet2_storeclass4_53783239imgtigerjobid39.JPEG", "unix_time": 1620678065.546258}
INFO:circe.py:runtime_stat:{"task_name": "circe", "event": "new_input_file", "filename": "home_storeclass4_18509093imgtigerjobid39.JPEG", "unix_time": 1620678065.9796638}
INFO:circe.py:runtime_stat:{"task_name": "circe", "event": "new_input_file", "filename": "resnet4_storeclass4_41093773imgtigerjobid39.JPEG", "unix_time": 1620678066.2323728}
INFO:ccdag_utils.py:runtime_stat:{"task_name": "storeclass4", "event": "queue_start_process", "filename": "resnet0_storeclass4_98059081imgtigerjobid39.JPEG", "unix_time": 1620678066.3478456}
INFO:ccdag_utils.py:runtime_stat:{"task_name": "storeclass4", "event": "queue_end_process", "filename": "storeclass4_lccenc4_98059081imgtigerjobid39.JPEG", "unix_time": 1620678066.355879}
INFO:ccdag_utils.py:runtime_stat:{"task_name": "storeclass4", "event": "queue_start_process", "filename": "resnet2_storeclass4_53783239imgtigerjobid39.JPEG", "unix_time": 1620678066.3562381}
INFO:circe.py:runtime_stat:{"task_name": "circe", "event": "new_output_file", "filename": "storeclass4_lccenc4_98059081imgtigerjobid39.JPEG", "unix_time": 1620678066.3570957}
DEBUG:transfer.py:sshpass -p PASSWORD scp -P 5000 -o StrictHostKeyChecking=no /jupiter/circe_output/storeclass4_lccenc4_98059081imgtigerjobid39.JPEG root@10.99.97.174:/jupiter/circe_input/
INFO:ccdag_utils.py:runtime_stat:{"task_name": "storeclass4", "event": "queue_end_process", "filename": "storeclass4_lccenc4_53783239imgtigerjobid39.JPEG", "unix_time": 1620678066.3683991}
INFO:ccdag_utils.py:runtime_stat:{"task_name": "storeclass4", "event": "queue_start_process", "filename": "home_storeclass4_18509093imgtigerjobid39.JPEG", "unix_time": 1620678066.369042}
INFO:ccdag_utils.py:runtime_stat:{"task_name": "storeclass4", "event": "queue_end_process", "filename": "storeclass4_lccenc4_18509093imgtigerjobid39.JPEG", "unix_time": 1620678066.3723786}
INFO:ccdag_utils.py:runtime_stat:{"task_name": "storeclass4", "event": "queue_start_process", "filename": "resnet4_storeclass4_41093773imgtigerjobid39.JPEG", "unix_time": 1620678066.3727267}
INFO:ccdag_utils.py:runtime_stat:{"task_name": "storeclass4", "event": "queue_end_process", "filename": "storeclass4_lccenc4_41093773imgtigerjobid39.JPEG", "unix_time": 1620678066.3766956}
DEBUG:transfer.py:transfer successful!
INFO:circe.py:runtime_stat:{"task_name": "circe", "event": "new_output_file", "filename": "storeclass4_lccenc4_53783239imgtigerjobid39.JPEG", "unix_time": 1620678066.59826}
DEBUG:transfer.py:sshpass -p PASSWORD scp -P 5000 -o StrictHostKeyChecking=no /jupiter/circe_output/storeclass4_lccenc4_53783239imgtigerjobid39.JPEG root@10.99.97.174:/jupiter/circe_input/
DEBUG:transfer.py:transfer successful!
INFO:circe.py:runtime_stat:{"task_name": "circe", "event": "new_output_file", "filename": "storeclass4_lccenc4_18509093imgtigerjobid39.JPEG", "unix_time": 1620678066.8334732}
DEBUG:transfer.py:sshpass -p PASSWORD scp -P 5000 -o StrictHostKeyChecking=no /jupiter/circe_output/storeclass4_lccenc4_18509093imgtigerjobid39.JPEG root@10.99.97.174:/jupiter/circe_input/
DEBUG:transfer.py:transfer successful!
INFO:circe.py:runtime_stat:{"task_name": "circe", "event": "new_output_file", "filename": "storeclass4_lccenc4_41093773imgtigerjobid39.JPEG", "unix_time": 1620678067.0645525}
DEBUG:transfer.py:sshpass -p PASSWORD scp -P 5000 -o StrictHostKeyChecking=no /jupiter/circe_output/storeclass4_lccenc4_41093773imgtigerjobid39.JPEG root@10.99.97.174:/jupiter/circe_input/
DEBUG:transfer.py:transfer successful!
INFO:circe.py:runtime_stat:{"task_name": "circe", "event": "new_input_file", "filename": "resnet7_storeclass4_48090837imgtigerjobid40.JPEG", "unix_time": 1620678085.1111329}
INFO:ccdag_utils.py:runtime_stat:{"task_name": "storeclass4", "event": "queue_start_process", "filename": "resnet7_storeclass4_48090837imgtigerjobid40.JPEG", "unix_time": 1620678085.3997626}
INFO:ccdag_utils.py:runtime_stat:{"task_name": "storeclass4", "event": "queue_end_process", "filename": "storeclass4_lccenc4_48090837imgtigerjobid40.JPEG", "unix_time": 1620678085.4013958}
INFO:circe.py:runtime_stat:{"task_name": "circe", "event": "new_output_file", "filename": "storeclass4_lccenc4_48090837imgtigerjobid40.JPEG", "unix_time": 1620678085.409303}
DEBUG:transfer.py:sshpass -p PASSWORD scp -P 5000 -o StrictHostKeyChecking=no /jupiter/circe_output/storeclass4_lccenc4_48090837imgtigerjobid40.JPEG root@10.99.97.174:/jupiter/circe_input/
DEBUG:transfer.py:transfer successful!
INFO:circe.py:runtime_stat:{"task_name": "circe", "event": "new_input_file", "filename": "resnet3_storeclass4_16092600imgtigerjobid40.JPEG", "unix_time": 1620678085.8221767}
INFO:circe.py:runtime_stat:{"task_name": "circe", "event": "new_input_file", "filename": "resnet5_storeclass4_95988730imgtigerjobid40.JPEG", "unix_time": 1620678085.9844475}
INFO:circe.py:runtime_stat:{"task_name": "circe", "event": "new_input_file", "filename": "resnet1_storeclass4_47312410imgtigerjobid40.JPEG", "unix_time": 1620678086.092399}
INFO:ccdag_utils.py:runtime_stat:{"task_name": "storeclass4", "event": "queue_start_process", "filename": "resnet3_storeclass4_16092600imgtigerjobid40.JPEG", "unix_time": 1620678086.403833}
INFO:ccdag_utils.py:runtime_stat:{"task_name": "storeclass4", "event": "queue_end_process", "filename": "storeclass4_lccenc4_16092600imgtigerjobid40.JPEG", "unix_time": 1620678086.4051964}
INFO:ccdag_utils.py:runtime_stat:{"task_name": "storeclass4", "event": "queue_start_process", "filename": "resnet5_storeclass4_95988730imgtigerjobid40.JPEG", "unix_time": 1620678086.405567}
INFO:ccdag_utils.py:runtime_stat:{"task_name": "storeclass4", "event": "queue_end_process", "filename": "storeclass4_lccenc4_95988730imgtigerjobid40.JPEG", "unix_time": 1620678086.407195}
INFO:ccdag_utils.py:runtime_stat:{"task_name": "storeclass4", "event": "queue_start_process", "filename": "resnet1_storeclass4_47312410imgtigerjobid40.JPEG", "unix_time": 1620678086.4124908}
INFO:ccdag_utils.py:runtime_stat:{"task_name": "storeclass4", "event": "queue_end_process", "filename": "storeclass4_lccenc4_47312410imgtigerjobid40.JPEG", "unix_time": 1620678086.413941}
INFO:circe.py:runtime_stat:{"task_name": "circe", "event": "new_output_file", "filename": "storeclass4_lccenc4_16092600imgtigerjobid40.JPEG", "unix_time": 1620678086.4088473}
DEBUG:transfer.py:sshpass -p PASSWORD scp -P 5000 -o StrictHostKeyChecking=no /jupiter/circe_output/storeclass4_lccenc4_16092600imgtigerjobid40.JPEG root@10.99.97.174:/jupiter/circe_input/
DEBUG:transfer.py:transfer successful!
INFO:circe.py:runtime_stat:{"task_name": "circe", "event": "new_output_file", "filename": "storeclass4_lccenc4_95988730imgtigerjobid40.JPEG", "unix_time": 1620678086.6988268}
DEBUG:transfer.py:sshpass -p PASSWORD scp -P 5000 -o StrictHostKeyChecking=no /jupiter/circe_output/storeclass4_lccenc4_95988730imgtigerjobid40.JPEG root@10.99.97.174:/jupiter/circe_input/
DEBUG:transfer.py:transfer successful!
INFO:circe.py:runtime_stat:{"task_name": "circe", "event": "new_output_file", "filename": "storeclass4_lccenc4_47312410imgtigerjobid40.JPEG", "unix_time": 1620678086.9510002}
DEBUG:transfer.py:sshpass -p PASSWORD scp -P 5000 -o StrictHostKeyChecking=no /jupiter/circe_output/storeclass4_lccenc4_47312410imgtigerjobid40.JPEG root@10.99.97.174:/jupiter/circe_input/
DEBUG:transfer.py:transfer successful!
