 * Starting OpenBSD Secure Shell server sshd
   ...done.
INFO:circe.py:Using base script score.py
DEBUG:circe.py:starting the input monitoring process
DEBUG:circe.py:starting the output monitoring process
INFO:circe.py:runtime_stat:{"task_name": "circe", "event": "new_input_file", "filename": "lccenc4_score4a_3#12136463-3#47297085-3#18642336-3#80877271-3#62163118-3#83289092jobid1.csv", "unix_time": 1620677916.7594686}
INFO:ccdag_utils.py:runtime_stat:{"task_name": "score4a", "event": "queue_start_process", "filename": "lccenc4_score4a_3#12136463-3#47297085-3#18642336-3#80877271-3#62163118-3#83289092jobid1.csv", "unix_time": 1620677917.1797783}
['tiger21.JPEG', 'tiger22.JPEG', 'tiger23.JPEG', 'tiger24.JPEG', 'tiger25.JPEG', 'tiger26.JPEG', 'tiger27.JPEG', 'tiger28.JPEG', 'tiger29.JPEG', 'tiger30.JPEG']
INFO:circe.py:runtime_stat:{"task_name": "circe", "event": "new_output_file", "filename": "score4a_preagg4_1jobth3#12136463-3#47297085-3#18642336-3#80877271-3#62163118-3#83289092", "unix_time": 1620677928.9711702}
DEBUG:transfer.py:sshpass -p PASSWORD scp -P 5000 -o StrictHostKeyChecking=no /jupiter/circe_output/score4a_preagg4_1jobth3#12136463-3#47297085-3#18642336-3#80877271-3#62163118-3#83289092 root@10.101.67.163:/jupiter/circe_input/
INFO:ccdag_utils.py:runtime_stat:{"task_name": "score4a", "event": "queue_end_process", "filename": "score4a_preagg4_1jobth3#12136463-3#47297085-3#18642336-3#80877271-3#62163118-3#83289092", "unix_time": 1620677928.9772892}
Warning: Permanently added '[10.101.67.163]:5000' (ECDSA) to the list of known hosts.
DEBUG:transfer.py:transfer successful!
INFO:circe.py:runtime_stat:{"task_name": "circe", "event": "new_input_file", "filename": "lccenc4_score4a_3#66649492-3#04125345-3#31741191-3#63861054-3#50575810-3#79391533jobid2.csv", "unix_time": 1620677937.8921566}
INFO:ccdag_utils.py:runtime_stat:{"task_name": "score4a", "event": "queue_start_process", "filename": "lccenc4_score4a_3#66649492-3#04125345-3#31741191-3#63861054-3#50575810-3#79391533jobid2.csv", "unix_time": 1620677937.9882166}
['tiger21.JPEG', 'tiger22.JPEG', 'tiger23.JPEG', 'tiger24.JPEG', 'tiger25.JPEG', 'tiger26.JPEG', 'tiger27.JPEG', 'tiger28.JPEG', 'tiger29.JPEG', 'tiger30.JPEG']
INFO:circe.py:runtime_stat:{"task_name": "circe", "event": "new_output_file", "filename": "score4a_preagg4_2jobth3#66649492-3#04125345-3#31741191-3#63861054-3#50575810-3#79391533", "unix_time": 1620677949.9596486}
DEBUG:transfer.py:sshpass -p PASSWORD scp -P 5000 -o StrictHostKeyChecking=no /jupiter/circe_output/score4a_preagg4_2jobth3#66649492-3#04125345-3#31741191-3#63861054-3#50575810-3#79391533 root@10.101.67.163:/jupiter/circe_input/
INFO:ccdag_utils.py:runtime_stat:{"task_name": "score4a", "event": "queue_end_process", "filename": "score4a_preagg4_2jobth3#66649492-3#04125345-3#31741191-3#63861054-3#50575810-3#79391533", "unix_time": 1620677949.9674067}
DEBUG:transfer.py:transfer successful!
INFO:circe.py:runtime_stat:{"task_name": "circe", "event": "new_input_file", "filename": "lccenc4_score4a_3#03885955-3#60329948-3#59428463-3#46533181-3#86604569-3#44072839jobid3.csv", "unix_time": 1620677952.2387102}
INFO:ccdag_utils.py:runtime_stat:{"task_name": "score4a", "event": "queue_start_process", "filename": "lccenc4_score4a_3#03885955-3#60329948-3#59428463-3#46533181-3#86604569-3#44072839jobid3.csv", "unix_time": 1620677952.972945}
['tiger21.JPEG', 'tiger22.JPEG', 'tiger23.JPEG', 'tiger24.JPEG', 'tiger25.JPEG', 'tiger26.JPEG', 'tiger27.JPEG', 'tiger28.JPEG', 'tiger29.JPEG', 'tiger30.JPEG']
INFO:circe.py:runtime_stat:{"task_name": "circe", "event": "new_output_file", "filename": "score4a_preagg4_3jobth3#03885955-3#60329948-3#59428463-3#46533181-3#86604569-3#44072839", "unix_time": 1620677964.4317796}
DEBUG:transfer.py:sshpass -p PASSWORD scp -P 5000 -o StrictHostKeyChecking=no /jupiter/circe_output/score4a_preagg4_3jobth3#03885955-3#60329948-3#59428463-3#46533181-3#86604569-3#44072839 root@10.101.67.163:/jupiter/circe_input/
INFO:ccdag_utils.py:runtime_stat:{"task_name": "score4a", "event": "queue_end_process", "filename": "score4a_preagg4_3jobth3#03885955-3#60329948-3#59428463-3#46533181-3#86604569-3#44072839", "unix_time": 1620677964.4466763}
DEBUG:transfer.py:transfer successful!
INFO:circe.py:runtime_stat:{"task_name": "circe", "event": "new_input_file", "filename": "lccenc4_score4a_3#19086123-3#40614694-3#82690270-3#63959961-3#30902224-3#05099013jobid4.csv", "unix_time": 1620678023.6362622}
INFO:ccdag_utils.py:runtime_stat:{"task_name": "score4a", "event": "queue_start_process", "filename": "lccenc4_score4a_3#19086123-3#40614694-3#82690270-3#63959961-3#30902224-3#05099013jobid4.csv", "unix_time": 1620678024.5110936}
['tiger21.JPEG', 'tiger22.JPEG', 'tiger23.JPEG', 'tiger24.JPEG', 'tiger25.JPEG', 'tiger26.JPEG', 'tiger27.JPEG', 'tiger28.JPEG', 'tiger29.JPEG', 'tiger30.JPEG']
INFO:circe.py:runtime_stat:{"task_name": "circe", "event": "new_output_file", "filename": "score4a_preagg4_4jobth3#19086123-3#40614694-3#82690270-3#63959961-3#30902224-3#05099013", "unix_time": 1620678036.0705676}
DEBUG:transfer.py:sshpass -p PASSWORD scp -P 5000 -o StrictHostKeyChecking=no /jupiter/circe_output/score4a_preagg4_4jobth3#19086123-3#40614694-3#82690270-3#63959961-3#30902224-3#05099013 root@10.101.67.163:/jupiter/circe_input/
INFO:ccdag_utils.py:runtime_stat:{"task_name": "score4a", "event": "queue_end_process", "filename": "score4a_preagg4_4jobth3#19086123-3#40614694-3#82690270-3#63959961-3#30902224-3#05099013", "unix_time": 1620678036.076805}
DEBUG:transfer.py:transfer successful!
INFO:circe.py:runtime_stat:{"task_name": "circe", "event": "new_input_file", "filename": "lccenc4_score4a_3#04438711-3#20146663-3#37200469-3#88257336-3#98059081-3#53783239jobid5.csv", "unix_time": 1620678068.855281}
INFO:ccdag_utils.py:runtime_stat:{"task_name": "score4a", "event": "queue_start_process", "filename": "lccenc4_score4a_3#04438711-3#20146663-3#37200469-3#88257336-3#98059081-3#53783239jobid5.csv", "unix_time": 1620678069.1186728}
['tiger21.JPEG', 'tiger22.JPEG', 'tiger23.JPEG', 'tiger24.JPEG', 'tiger25.JPEG', 'tiger26.JPEG', 'tiger27.JPEG', 'tiger28.JPEG', 'tiger29.JPEG', 'tiger30.JPEG']
INFO:circe.py:runtime_stat:{"task_name": "circe", "event": "new_output_file", "filename": "score4a_preagg4_5jobth3#04438711-3#20146663-3#37200469-3#88257336-3#98059081-3#53783239", "unix_time": 1620678080.6257284}
DEBUG:transfer.py:sshpass -p PASSWORD scp -P 5000 -o StrictHostKeyChecking=no /jupiter/circe_output/score4a_preagg4_5jobth3#04438711-3#20146663-3#37200469-3#88257336-3#98059081-3#53783239 root@10.101.67.163:/jupiter/circe_input/
INFO:ccdag_utils.py:runtime_stat:{"task_name": "score4a", "event": "queue_end_process", "filename": "score4a_preagg4_5jobth3#04438711-3#20146663-3#37200469-3#88257336-3#98059081-3#53783239", "unix_time": 1620678080.6326046}
DEBUG:transfer.py:transfer successful!
INFO:circe.py:runtime_stat:{"task_name": "circe", "event": "new_input_file", "filename": "lccenc4_score4a_3#18509093-3#41093773-3#48090837-3#16092600-3#95988730-3#47312410jobid6.csv", "unix_time": 1620678089.1857}
INFO:ccdag_utils.py:runtime_stat:{"task_name": "score4a", "event": "queue_start_process", "filename": "lccenc4_score4a_3#18509093-3#41093773-3#48090837-3#16092600-3#95988730-3#47312410jobid6.csv", "unix_time": 1620678089.6462948}
['tiger21.JPEG', 'tiger22.JPEG', 'tiger23.JPEG', 'tiger24.JPEG', 'tiger25.JPEG', 'tiger26.JPEG', 'tiger27.JPEG', 'tiger28.JPEG', 'tiger29.JPEG', 'tiger30.JPEG']
INFO:circe.py:runtime_stat:{"task_name": "circe", "event": "new_output_file", "filename": "score4a_preagg4_6jobth3#18509093-3#41093773-3#48090837-3#16092600-3#95988730-3#47312410", "unix_time": 1620678101.3247175}
DEBUG:transfer.py:sshpass -p PASSWORD scp -P 5000 -o StrictHostKeyChecking=no /jupiter/circe_output/score4a_preagg4_6jobth3#18509093-3#41093773-3#48090837-3#16092600-3#95988730-3#47312410 root@10.101.67.163:/jupiter/circe_input/
INFO:ccdag_utils.py:runtime_stat:{"task_name": "score4a", "event": "queue_end_process", "filename": "score4a_preagg4_6jobth3#18509093-3#41093773-3#48090837-3#16092600-3#95988730-3#47312410", "unix_time": 1620678101.3395414}
DEBUG:transfer.py:transfer successful!
