 * Starting OpenBSD Secure Shell server sshd
   ...done.
INFO:circe.py:Using base script score.py
DEBUG:circe.py:starting the input monitoring process
DEBUG:circe.py:starting the output monitoring process
INFO:circe.py:runtime_stat:{"task_name": "circe", "event": "new_input_file", "filename": "lccenc6_score6a_5#64983573-5#96404736-5#01026372-5#03031094-5#03838381-5#97938030jobid1.csv", "unix_time": 1620677792.1413574}
INFO:ccdag_utils.py:runtime_stat:{"task_name": "score6a", "event": "queue_start_process", "filename": "lccenc6_score6a_5#64983573-5#96404736-5#01026372-5#03031094-5#03838381-5#97938030jobid1.csv", "unix_time": 1620677793.0489538}
['persiancat21.JPEG', 'persiancat22.JPEG', 'persiancat23.JPEG', 'persiancat24.JPEG', 'persiancat25.JPEG', 'persiancat26.JPEG', 'persiancat27.JPEG', 'persiancat28.JPEG', 'persiancat29.JPEG', 'persiancat30.JPEG']
INFO:circe.py:runtime_stat:{"task_name": "circe", "event": "new_input_file", "filename": "lccenc6_score6a_5#75135706-5#29704218-5#34544652-5#38480702-5#98220091-5#61046997jobid2.csv", "unix_time": 1620677803.5287855}
INFO:circe.py:runtime_stat:{"task_name": "circe", "event": "new_output_file", "filename": "score6a_preagg6_1jobth5#64983573-5#96404736-5#01026372-5#03031094-5#03838381-5#97938030", "unix_time": 1620677804.7698061}
DEBUG:transfer.py:sshpass -p PASSWORD scp -P 5000 -o StrictHostKeyChecking=no /jupiter/circe_output/score6a_preagg6_1jobth5#64983573-5#96404736-5#01026372-5#03031094-5#03838381-5#97938030 root@10.108.202.162:/jupiter/circe_input/
['persiancat21.JPEG', 'persiancat22.JPEG', 'persiancat23.JPEG', 'persiancat24.JPEG', 'persiancat25.JPEG', 'persiancat26.JPEG', 'persiancat27.JPEG', 'persiancat28.JPEG', 'persiancat29.JPEG', 'persiancat30.JPEG']
INFO:ccdag_utils.py:runtime_stat:{"task_name": "score6a", "event": "queue_end_process", "filename": "score6a_preagg6_1jobth5#64983573-5#96404736-5#01026372-5#03031094-5#03838381-5#97938030", "unix_time": 1620677804.7777784}
INFO:ccdag_utils.py:runtime_stat:{"task_name": "score6a", "event": "queue_start_process", "filename": "lccenc6_score6a_5#75135706-5#29704218-5#34544652-5#38480702-5#98220091-5#61046997jobid2.csv", "unix_time": 1620677804.7815092}
Warning: Permanently added '[10.108.202.162]:5000' (ECDSA) to the list of known hosts.
DEBUG:transfer.py:transfer successful!
INFO:circe.py:runtime_stat:{"task_name": "circe", "event": "new_output_file", "filename": "score6a_preagg6_2jobth5#75135706-5#29704218-5#34544652-5#38480702-5#98220091-5#61046997", "unix_time": 1620677816.316794}
DEBUG:transfer.py:sshpass -p PASSWORD scp -P 5000 -o StrictHostKeyChecking=no /jupiter/circe_output/score6a_preagg6_2jobth5#75135706-5#29704218-5#34544652-5#38480702-5#98220091-5#61046997 root@10.108.202.162:/jupiter/circe_input/
INFO:ccdag_utils.py:runtime_stat:{"task_name": "score6a", "event": "queue_end_process", "filename": "score6a_preagg6_2jobth5#75135706-5#29704218-5#34544652-5#38480702-5#98220091-5#61046997", "unix_time": 1620677816.3228052}
DEBUG:transfer.py:transfer successful!
INFO:circe.py:runtime_stat:{"task_name": "circe", "event": "new_input_file", "filename": "lccenc6_score6a_5#00854555-5#75539814-5#95724163-5#60577845-5#88926607-5#51020378jobid3.csv", "unix_time": 1620677825.7224095}
INFO:ccdag_utils.py:runtime_stat:{"task_name": "score6a", "event": "queue_start_process", "filename": "lccenc6_score6a_5#00854555-5#75539814-5#95724163-5#60577845-5#88926607-5#51020378jobid3.csv", "unix_time": 1620677826.3351128}
['persiancat21.JPEG', 'persiancat22.JPEG', 'persiancat23.JPEG', 'persiancat24.JPEG', 'persiancat25.JPEG', 'persiancat26.JPEG', 'persiancat27.JPEG', 'persiancat28.JPEG', 'persiancat29.JPEG', 'persiancat30.JPEG']
INFO:circe.py:runtime_stat:{"task_name": "circe", "event": "new_output_file", "filename": "score6a_preagg6_3jobth5#00854555-5#75539814-5#95724163-5#60577845-5#88926607-5#51020378", "unix_time": 1620677837.7900448}
DEBUG:transfer.py:sshpass -p PASSWORD scp -P 5000 -o StrictHostKeyChecking=no /jupiter/circe_output/score6a_preagg6_3jobth5#00854555-5#75539814-5#95724163-5#60577845-5#88926607-5#51020378 root@10.108.202.162:/jupiter/circe_input/
INFO:ccdag_utils.py:runtime_stat:{"task_name": "score6a", "event": "queue_end_process", "filename": "score6a_preagg6_3jobth5#00854555-5#75539814-5#95724163-5#60577845-5#88926607-5#51020378", "unix_time": 1620677837.7963903}
DEBUG:transfer.py:transfer successful!
INFO:circe.py:runtime_stat:{"task_name": "circe", "event": "new_input_file", "filename": "lccenc6_score6a_5#88228852-5#90387203-5#61509778-5#40547626-5#18643895-5#99465003jobid4.csv", "unix_time": 1620677872.133535}
INFO:ccdag_utils.py:runtime_stat:{"task_name": "score6a", "event": "queue_start_process", "filename": "lccenc6_score6a_5#88228852-5#90387203-5#61509778-5#40547626-5#18643895-5#99465003jobid4.csv", "unix_time": 1620677872.8360815}
['persiancat21.JPEG', 'persiancat22.JPEG', 'persiancat23.JPEG', 'persiancat24.JPEG', 'persiancat25.JPEG', 'persiancat26.JPEG', 'persiancat27.JPEG', 'persiancat28.JPEG', 'persiancat29.JPEG', 'persiancat30.JPEG']
INFO:circe.py:runtime_stat:{"task_name": "circe", "event": "new_output_file", "filename": "score6a_preagg6_4jobth5#88228852-5#90387203-5#61509778-5#40547626-5#18643895-5#99465003", "unix_time": 1620677884.3807547}
DEBUG:transfer.py:sshpass -p PASSWORD scp -P 5000 -o StrictHostKeyChecking=no /jupiter/circe_output/score6a_preagg6_4jobth5#88228852-5#90387203-5#61509778-5#40547626-5#18643895-5#99465003 root@10.108.202.162:/jupiter/circe_input/
INFO:ccdag_utils.py:runtime_stat:{"task_name": "score6a", "event": "queue_end_process", "filename": "score6a_preagg6_4jobth5#88228852-5#90387203-5#61509778-5#40547626-5#18643895-5#99465003", "unix_time": 1620677884.388484}
DEBUG:transfer.py:transfer successful!
INFO:circe.py:runtime_stat:{"task_name": "circe", "event": "new_input_file", "filename": "lccenc6_score6a_5#86216892-5#26378273-5#33130900-5#60667663-5#04214922-5#53919841jobid5.csv", "unix_time": 1620677905.4106617}
INFO:ccdag_utils.py:runtime_stat:{"task_name": "score6a", "event": "queue_start_process", "filename": "lccenc6_score6a_5#86216892-5#26378273-5#33130900-5#60667663-5#04214922-5#53919841jobid5.csv", "unix_time": 1620677905.4115262}
['persiancat21.JPEG', 'persiancat22.JPEG', 'persiancat23.JPEG', 'persiancat24.JPEG', 'persiancat25.JPEG', 'persiancat26.JPEG', 'persiancat27.JPEG', 'persiancat28.JPEG', 'persiancat29.JPEG', 'persiancat30.JPEG']
INFO:circe.py:runtime_stat:{"task_name": "circe", "event": "new_output_file", "filename": "score6a_preagg6_5jobth5#86216892-5#26378273-5#33130900-5#60667663-5#04214922-5#53919841", "unix_time": 1620677916.8947148}
DEBUG:transfer.py:sshpass -p PASSWORD scp -P 5000 -o StrictHostKeyChecking=no /jupiter/circe_output/score6a_preagg6_5jobth5#86216892-5#26378273-5#33130900-5#60667663-5#04214922-5#53919841 root@10.108.202.162:/jupiter/circe_input/
INFO:ccdag_utils.py:runtime_stat:{"task_name": "score6a", "event": "queue_end_process", "filename": "score6a_preagg6_5jobth5#86216892-5#26378273-5#33130900-5#60667663-5#04214922-5#53919841", "unix_time": 1620677916.9007313}
DEBUG:transfer.py:transfer successful!
INFO:circe.py:runtime_stat:{"task_name": "circe", "event": "new_input_file", "filename": "lccenc6_score6a_5#46810993-5#06746409-5#91012056-5#59868108-5#45787225-5#59969594jobid6.csv", "unix_time": 1620677926.6418936}
INFO:ccdag_utils.py:runtime_stat:{"task_name": "score6a", "event": "queue_start_process", "filename": "lccenc6_score6a_5#46810993-5#06746409-5#91012056-5#59868108-5#45787225-5#59969594jobid6.csv", "unix_time": 1620677926.9137976}
['persiancat21.JPEG', 'persiancat22.JPEG', 'persiancat23.JPEG', 'persiancat24.JPEG', 'persiancat25.JPEG', 'persiancat26.JPEG', 'persiancat27.JPEG', 'persiancat28.JPEG', 'persiancat29.JPEG', 'persiancat30.JPEG']
INFO:circe.py:runtime_stat:{"task_name": "circe", "event": "new_output_file", "filename": "score6a_preagg6_6jobth5#46810993-5#06746409-5#91012056-5#59868108-5#45787225-5#59969594", "unix_time": 1620677938.401366}
DEBUG:transfer.py:sshpass -p PASSWORD scp -P 5000 -o StrictHostKeyChecking=no /jupiter/circe_output/score6a_preagg6_6jobth5#46810993-5#06746409-5#91012056-5#59868108-5#45787225-5#59969594 root@10.108.202.162:/jupiter/circe_input/
INFO:ccdag_utils.py:runtime_stat:{"task_name": "score6a", "event": "queue_end_process", "filename": "score6a_preagg6_6jobth5#46810993-5#06746409-5#91012056-5#59868108-5#45787225-5#59969594", "unix_time": 1620677938.4092717}
DEBUG:transfer.py:transfer successful!
INFO:circe.py:runtime_stat:{"task_name": "circe", "event": "new_input_file", "filename": "lccenc6_score6a_5#20986488-5#91979684-5#01478269-5#56592484-5#42210500-5#31462961jobid7.csv", "unix_time": 1620677962.21247}
INFO:ccdag_utils.py:runtime_stat:{"task_name": "score6a", "event": "queue_start_process", "filename": "lccenc6_score6a_5#20986488-5#91979684-5#01478269-5#56592484-5#42210500-5#31462961jobid7.csv", "unix_time": 1620677962.436102}
['persiancat21.JPEG', 'persiancat22.JPEG', 'persiancat23.JPEG', 'persiancat24.JPEG', 'persiancat25.JPEG', 'persiancat26.JPEG', 'persiancat27.JPEG', 'persiancat28.JPEG', 'persiancat29.JPEG', 'persiancat30.JPEG']
INFO:circe.py:runtime_stat:{"task_name": "circe", "event": "new_output_file", "filename": "score6a_preagg6_7jobth5#20986488-5#91979684-5#01478269-5#56592484-5#42210500-5#31462961", "unix_time": 1620677973.9205263}
DEBUG:transfer.py:sshpass -p PASSWORD scp -P 5000 -o StrictHostKeyChecking=no /jupiter/circe_output/score6a_preagg6_7jobth5#20986488-5#91979684-5#01478269-5#56592484-5#42210500-5#31462961 root@10.108.202.162:/jupiter/circe_input/
INFO:ccdag_utils.py:runtime_stat:{"task_name": "score6a", "event": "queue_end_process", "filename": "score6a_preagg6_7jobth5#20986488-5#91979684-5#01478269-5#56592484-5#42210500-5#31462961", "unix_time": 1620677973.9288855}
DEBUG:transfer.py:transfer successful!
