 * Starting OpenBSD Secure Shell server sshd
   ...done.
INFO:circe.py:Using base script lccdec.py
DEBUG:circe.py:starting the input monitoring process
DEBUG:circe.py:starting the output monitoring process
INFO:circe.py:runtime_stat:{"task_name": "circe", "event": "new_input_file", "filename": "preagg4_lccdec4_1jobthscore4a3#12136463-3#47297085-3#18642336-3#80877271-3#62163118-3#83289092", "unix_time": 1620677930.3025222}
INFO:lccdec.py:lccdec4: file rcvd from preagg4 : preagg4_lccdec4_1jobthscore4a3#12136463-3#47297085-3#18642336-3#80877271-3#62163118-3#83289092
INFO:ccdag_utils.py:runtime_stat:{"task_name": "lccdec4", "event": "queue_start_process", "filename": "preagg4_lccdec4_1jobthscore4a3#12136463-3#47297085-3#18642336-3#80877271-3#62163118-3#83289092", "unix_time": 1620677930.3036268}
INFO:circe.py:runtime_stat:{"task_name": "circe", "event": "new_input_file", "filename": "preagg4_lccdec4_1jobthscore4b3#12136463-3#47297085-3#18642336-3#80877271-3#62163118-3#83289092", "unix_time": 1620677930.5197747}
INFO:lccdec.py:lccdec4: file rcvd from preagg4 : preagg4_lccdec4_1jobthscore4b3#12136463-3#47297085-3#18642336-3#80877271-3#62163118-3#83289092
INFO:ccdag_utils.py:runtime_stat:{"task_name": "lccdec4", "event": "queue_start_process", "filename": "preagg4_lccdec4_1jobthscore4b3#12136463-3#47297085-3#18642336-3#80877271-3#62163118-3#83289092", "unix_time": 1620677930.520364}
INFO:circe.py:runtime_stat:{"task_name": "circe", "event": "new_input_file", "filename": "preagg4_lccdec4_1jobthscore4c3#12136463-3#47297085-3#18642336-3#80877271-3#62163118-3#83289092", "unix_time": 1620677930.7283404}
INFO:lccdec.py:lccdec4: file rcvd from preagg4 : preagg4_lccdec4_1jobthscore4c3#12136463-3#47297085-3#18642336-3#80877271-3#62163118-3#83289092
INFO:ccdag_utils.py:runtime_stat:{"task_name": "lccdec4", "event": "queue_start_process", "filename": "preagg4_lccdec4_1jobthscore4c3#12136463-3#47297085-3#18642336-3#80877271-3#62163118-3#83289092", "unix_time": 1620677930.729609}
INFO:circe.py:runtime_stat:{"task_name": "circe", "event": "new_output_file", "filename": "lccdec4_home_1jobth3#12136463-3#47297085-3#18642336-3#80877271-3#62163118-3#83289092", "unix_time": 1620677930.7578611}
DEBUG:transfer.py:sshpass -p PASSWORD scp -P 5000 -o StrictHostKeyChecking=no /jupiter/circe_output/lccdec4_home_1jobth3#12136463-3#47297085-3#18642336-3#80877271-3#62163118-3#83289092 root@10.110.241.199:/jupiter/circe_input/
INFO:ccdag_utils.py:runtime_stat:{"task_name": "lccdec4", "event": "queue_end_process", "filename": "lccdec4_home_1jobth3#12136463-3#47297085-3#18642336-3#80877271-3#62163118-3#83289092", "unix_time": 1620677930.7630112}
Warning: Permanently added '[10.110.241.199]:5000' (ECDSA) to the list of known hosts.
DEBUG:transfer.py:transfer successful!
INFO:circe.py:runtime_stat:{"task_name": "circe", "event": "new_input_file", "filename": "preagg4_lccdec4_2jobthscore4a3#66649492-3#04125345-3#31741191-3#63861054-3#50575810-3#79391533", "unix_time": 1620677950.5113597}
INFO:lccdec.py:lccdec4: file rcvd from preagg4 : preagg4_lccdec4_2jobthscore4a3#66649492-3#04125345-3#31741191-3#63861054-3#50575810-3#79391533
INFO:ccdag_utils.py:runtime_stat:{"task_name": "lccdec4", "event": "queue_start_process", "filename": "preagg4_lccdec4_2jobthscore4a3#66649492-3#04125345-3#31741191-3#63861054-3#50575810-3#79391533", "unix_time": 1620677950.5120535}
INFO:circe.py:runtime_stat:{"task_name": "circe", "event": "new_input_file", "filename": "preagg4_lccdec4_2jobthscore4b3#66649492-3#04125345-3#31741191-3#63861054-3#50575810-3#79391533", "unix_time": 1620677951.8599715}
INFO:lccdec.py:lccdec4: file rcvd from preagg4 : preagg4_lccdec4_2jobthscore4b3#66649492-3#04125345-3#31741191-3#63861054-3#50575810-3#79391533
INFO:ccdag_utils.py:runtime_stat:{"task_name": "lccdec4", "event": "queue_start_process", "filename": "preagg4_lccdec4_2jobthscore4b3#66649492-3#04125345-3#31741191-3#63861054-3#50575810-3#79391533", "unix_time": 1620677951.860504}
INFO:circe.py:runtime_stat:{"task_name": "circe", "event": "new_input_file", "filename": "preagg4_lccdec4_2jobthscore4c3#66649492-3#04125345-3#31741191-3#63861054-3#50575810-3#79391533", "unix_time": 1620677952.0682068}
INFO:lccdec.py:lccdec4: file rcvd from preagg4 : preagg4_lccdec4_2jobthscore4c3#66649492-3#04125345-3#31741191-3#63861054-3#50575810-3#79391533
INFO:ccdag_utils.py:runtime_stat:{"task_name": "lccdec4", "event": "queue_start_process", "filename": "preagg4_lccdec4_2jobthscore4c3#66649492-3#04125345-3#31741191-3#63861054-3#50575810-3#79391533", "unix_time": 1620677952.0694199}
INFO:circe.py:runtime_stat:{"task_name": "circe", "event": "new_output_file", "filename": "lccdec4_home_2jobth3#66649492-3#04125345-3#31741191-3#63861054-3#50575810-3#79391533", "unix_time": 1620677952.0953488}
DEBUG:transfer.py:sshpass -p PASSWORD scp -P 5000 -o StrictHostKeyChecking=no /jupiter/circe_output/lccdec4_home_2jobth3#66649492-3#04125345-3#31741191-3#63861054-3#50575810-3#79391533 root@10.110.241.199:/jupiter/circe_input/
INFO:ccdag_utils.py:runtime_stat:{"task_name": "lccdec4", "event": "queue_end_process", "filename": "lccdec4_home_2jobth3#66649492-3#04125345-3#31741191-3#63861054-3#50575810-3#79391533", "unix_time": 1620677952.1006105}
DEBUG:transfer.py:transfer successful!
INFO:circe.py:runtime_stat:{"task_name": "circe", "event": "new_input_file", "filename": "preagg4_lccdec4_3jobthscore4a3#03885955-3#60329948-3#59428463-3#46533181-3#86604569-3#44072839", "unix_time": 1620677965.743594}
INFO:lccdec.py:lccdec4: file rcvd from preagg4 : preagg4_lccdec4_3jobthscore4a3#03885955-3#60329948-3#59428463-3#46533181-3#86604569-3#44072839
INFO:ccdag_utils.py:runtime_stat:{"task_name": "lccdec4", "event": "queue_start_process", "filename": "preagg4_lccdec4_3jobthscore4a3#03885955-3#60329948-3#59428463-3#46533181-3#86604569-3#44072839", "unix_time": 1620677965.7446856}
INFO:circe.py:runtime_stat:{"task_name": "circe", "event": "new_input_file", "filename": "preagg4_lccdec4_3jobthscore4b3#03885955-3#60329948-3#59428463-3#46533181-3#86604569-3#44072839", "unix_time": 1620677965.9566824}
INFO:lccdec.py:lccdec4: file rcvd from preagg4 : preagg4_lccdec4_3jobthscore4b3#03885955-3#60329948-3#59428463-3#46533181-3#86604569-3#44072839
INFO:ccdag_utils.py:runtime_stat:{"task_name": "lccdec4", "event": "queue_start_process", "filename": "preagg4_lccdec4_3jobthscore4b3#03885955-3#60329948-3#59428463-3#46533181-3#86604569-3#44072839", "unix_time": 1620677965.959047}
INFO:circe.py:runtime_stat:{"task_name": "circe", "event": "new_input_file", "filename": "preagg4_lccdec4_3jobthscore4c3#03885955-3#60329948-3#59428463-3#46533181-3#86604569-3#44072839", "unix_time": 1620677966.1877913}
INFO:lccdec.py:lccdec4: file rcvd from preagg4 : preagg4_lccdec4_3jobthscore4c3#03885955-3#60329948-3#59428463-3#46533181-3#86604569-3#44072839
INFO:ccdag_utils.py:runtime_stat:{"task_name": "lccdec4", "event": "queue_start_process", "filename": "preagg4_lccdec4_3jobthscore4c3#03885955-3#60329948-3#59428463-3#46533181-3#86604569-3#44072839", "unix_time": 1620677966.191196}
INFO:circe.py:runtime_stat:{"task_name": "circe", "event": "new_output_file", "filename": "lccdec4_home_3jobth3#03885955-3#60329948-3#59428463-3#46533181-3#86604569-3#44072839", "unix_time": 1620677966.21321}
DEBUG:transfer.py:sshpass -p PASSWORD scp -P 5000 -o StrictHostKeyChecking=no /jupiter/circe_output/lccdec4_home_3jobth3#03885955-3#60329948-3#59428463-3#46533181-3#86604569-3#44072839 root@10.110.241.199:/jupiter/circe_input/
INFO:ccdag_utils.py:runtime_stat:{"task_name": "lccdec4", "event": "queue_end_process", "filename": "lccdec4_home_3jobth3#03885955-3#60329948-3#59428463-3#46533181-3#86604569-3#44072839", "unix_time": 1620677966.2193725}
DEBUG:transfer.py:transfer successful!
INFO:circe.py:runtime_stat:{"task_name": "circe", "event": "new_input_file", "filename": "preagg4_lccdec4_4jobthscore4a3#19086123-3#40614694-3#82690270-3#63959961-3#30902224-3#05099013", "unix_time": 1620678037.0322483}
INFO:lccdec.py:lccdec4: file rcvd from preagg4 : preagg4_lccdec4_4jobthscore4a3#19086123-3#40614694-3#82690270-3#63959961-3#30902224-3#05099013
INFO:ccdag_utils.py:runtime_stat:{"task_name": "lccdec4", "event": "queue_start_process", "filename": "preagg4_lccdec4_4jobthscore4a3#19086123-3#40614694-3#82690270-3#63959961-3#30902224-3#05099013", "unix_time": 1620678037.0330918}
INFO:circe.py:runtime_stat:{"task_name": "circe", "event": "new_input_file", "filename": "preagg4_lccdec4_4jobthscore4b3#19086123-3#40614694-3#82690270-3#63959961-3#30902224-3#05099013", "unix_time": 1620678037.2553365}
INFO:lccdec.py:lccdec4: file rcvd from preagg4 : preagg4_lccdec4_4jobthscore4b3#19086123-3#40614694-3#82690270-3#63959961-3#30902224-3#05099013
INFO:ccdag_utils.py:runtime_stat:{"task_name": "lccdec4", "event": "queue_start_process", "filename": "preagg4_lccdec4_4jobthscore4b3#19086123-3#40614694-3#82690270-3#63959961-3#30902224-3#05099013", "unix_time": 1620678037.2559474}
INFO:circe.py:runtime_stat:{"task_name": "circe", "event": "new_input_file", "filename": "preagg4_lccdec4_4jobthscore4c3#19086123-3#40614694-3#82690270-3#63959961-3#30902224-3#05099013", "unix_time": 1620678037.4754813}
INFO:lccdec.py:lccdec4: file rcvd from preagg4 : preagg4_lccdec4_4jobthscore4c3#19086123-3#40614694-3#82690270-3#63959961-3#30902224-3#05099013
INFO:ccdag_utils.py:runtime_stat:{"task_name": "lccdec4", "event": "queue_start_process", "filename": "preagg4_lccdec4_4jobthscore4c3#19086123-3#40614694-3#82690270-3#63959961-3#30902224-3#05099013", "unix_time": 1620678037.476137}
INFO:circe.py:runtime_stat:{"task_name": "circe", "event": "new_output_file", "filename": "lccdec4_home_4jobth3#19086123-3#40614694-3#82690270-3#63959961-3#30902224-3#05099013", "unix_time": 1620678037.4977825}
DEBUG:transfer.py:sshpass -p PASSWORD scp -P 5000 -o StrictHostKeyChecking=no /jupiter/circe_output/lccdec4_home_4jobth3#19086123-3#40614694-3#82690270-3#63959961-3#30902224-3#05099013 root@10.110.241.199:/jupiter/circe_input/
INFO:ccdag_utils.py:runtime_stat:{"task_name": "lccdec4", "event": "queue_end_process", "filename": "lccdec4_home_4jobth3#19086123-3#40614694-3#82690270-3#63959961-3#30902224-3#05099013", "unix_time": 1620678037.5032382}
DEBUG:transfer.py:transfer successful!
INFO:circe.py:runtime_stat:{"task_name": "circe", "event": "new_input_file", "filename": "preagg4_lccdec4_5jobthscore4a3#04438711-3#20146663-3#37200469-3#88257336-3#98059081-3#53783239", "unix_time": 1620678081.276449}
INFO:lccdec.py:lccdec4: file rcvd from preagg4 : preagg4_lccdec4_5jobthscore4a3#04438711-3#20146663-3#37200469-3#88257336-3#98059081-3#53783239
INFO:ccdag_utils.py:runtime_stat:{"task_name": "lccdec4", "event": "queue_start_process", "filename": "preagg4_lccdec4_5jobthscore4a3#04438711-3#20146663-3#37200469-3#88257336-3#98059081-3#53783239", "unix_time": 1620678081.2781906}
INFO:circe.py:runtime_stat:{"task_name": "circe", "event": "new_input_file", "filename": "preagg4_lccdec4_5jobthscore4b3#04438711-3#20146663-3#37200469-3#88257336-3#98059081-3#53783239", "unix_time": 1620678081.5477476}
INFO:lccdec.py:lccdec4: file rcvd from preagg4 : preagg4_lccdec4_5jobthscore4b3#04438711-3#20146663-3#37200469-3#88257336-3#98059081-3#53783239
INFO:ccdag_utils.py:runtime_stat:{"task_name": "lccdec4", "event": "queue_start_process", "filename": "preagg4_lccdec4_5jobthscore4b3#04438711-3#20146663-3#37200469-3#88257336-3#98059081-3#53783239", "unix_time": 1620678081.5484157}
INFO:circe.py:runtime_stat:{"task_name": "circe", "event": "new_input_file", "filename": "preagg4_lccdec4_5jobthscore4c3#04438711-3#20146663-3#37200469-3#88257336-3#98059081-3#53783239", "unix_time": 1620678081.751509}
INFO:lccdec.py:lccdec4: file rcvd from preagg4 : preagg4_lccdec4_5jobthscore4c3#04438711-3#20146663-3#37200469-3#88257336-3#98059081-3#53783239
INFO:ccdag_utils.py:runtime_stat:{"task_name": "lccdec4", "event": "queue_start_process", "filename": "preagg4_lccdec4_5jobthscore4c3#04438711-3#20146663-3#37200469-3#88257336-3#98059081-3#53783239", "unix_time": 1620678081.7521513}
INFO:circe.py:runtime_stat:{"task_name": "circe", "event": "new_output_file", "filename": "lccdec4_home_5jobth3#04438711-3#20146663-3#37200469-3#88257336-3#98059081-3#53783239", "unix_time": 1620678081.7789488}
DEBUG:transfer.py:sshpass -p PASSWORD scp -P 5000 -o StrictHostKeyChecking=no /jupiter/circe_output/lccdec4_home_5jobth3#04438711-3#20146663-3#37200469-3#88257336-3#98059081-3#53783239 root@10.110.241.199:/jupiter/circe_input/
INFO:ccdag_utils.py:runtime_stat:{"task_name": "lccdec4", "event": "queue_end_process", "filename": "lccdec4_home_5jobth3#04438711-3#20146663-3#37200469-3#88257336-3#98059081-3#53783239", "unix_time": 1620678081.7835855}
DEBUG:transfer.py:transfer successful!
INFO:circe.py:runtime_stat:{"task_name": "circe", "event": "new_input_file", "filename": "preagg4_lccdec4_6jobthscore4a3#18509093-3#41093773-3#48090837-3#16092600-3#95988730-3#47312410", "unix_time": 1620678102.5148292}
INFO:lccdec.py:lccdec4: file rcvd from preagg4 : preagg4_lccdec4_6jobthscore4a3#18509093-3#41093773-3#48090837-3#16092600-3#95988730-3#47312410
INFO:ccdag_utils.py:runtime_stat:{"task_name": "lccdec4", "event": "queue_start_process", "filename": "preagg4_lccdec4_6jobthscore4a3#18509093-3#41093773-3#48090837-3#16092600-3#95988730-3#47312410", "unix_time": 1620678102.515857}
INFO:circe.py:runtime_stat:{"task_name": "circe", "event": "new_input_file", "filename": "preagg4_lccdec4_6jobthscore4b3#18509093-3#41093773-3#48090837-3#16092600-3#95988730-3#47312410", "unix_time": 1620678103.7158818}
INFO:lccdec.py:lccdec4: file rcvd from preagg4 : preagg4_lccdec4_6jobthscore4b3#18509093-3#41093773-3#48090837-3#16092600-3#95988730-3#47312410
INFO:ccdag_utils.py:runtime_stat:{"task_name": "lccdec4", "event": "queue_start_process", "filename": "preagg4_lccdec4_6jobthscore4b3#18509093-3#41093773-3#48090837-3#16092600-3#95988730-3#47312410", "unix_time": 1620678103.71656}
INFO:circe.py:runtime_stat:{"task_name": "circe", "event": "new_input_file", "filename": "preagg4_lccdec4_6jobthscore4c3#18509093-3#41093773-3#48090837-3#16092600-3#95988730-3#47312410", "unix_time": 1620678103.9233916}
INFO:lccdec.py:lccdec4: file rcvd from preagg4 : preagg4_lccdec4_6jobthscore4c3#18509093-3#41093773-3#48090837-3#16092600-3#95988730-3#47312410
INFO:ccdag_utils.py:runtime_stat:{"task_name": "lccdec4", "event": "queue_start_process", "filename": "preagg4_lccdec4_6jobthscore4c3#18509093-3#41093773-3#48090837-3#16092600-3#95988730-3#47312410", "unix_time": 1620678103.9246228}
INFO:circe.py:runtime_stat:{"task_name": "circe", "event": "new_output_file", "filename": "lccdec4_home_6jobth3#18509093-3#41093773-3#48090837-3#16092600-3#95988730-3#47312410", "unix_time": 1620678103.9470484}
DEBUG:transfer.py:sshpass -p PASSWORD scp -P 5000 -o StrictHostKeyChecking=no /jupiter/circe_output/lccdec4_home_6jobth3#18509093-3#41093773-3#48090837-3#16092600-3#95988730-3#47312410 root@10.110.241.199:/jupiter/circe_input/
INFO:ccdag_utils.py:runtime_stat:{"task_name": "lccdec4", "event": "queue_end_process", "filename": "lccdec4_home_6jobth3#18509093-3#41093773-3#48090837-3#16092600-3#95988730-3#47312410", "unix_time": 1620678103.9519427}
DEBUG:transfer.py:transfer successful!
