 * Starting OpenBSD Secure Shell server sshd
   ...done.
INFO:circe.py:Using base script score.py
DEBUG:circe.py:starting the input monitoring process
DEBUG:circe.py:starting the output monitoring process
INFO:circe.py:runtime_stat:{"task_name": "circe", "event": "new_input_file", "filename": "lccenc7_score7c_6#34305334-6#63314344-6#69484862-6#71168840-6#84819023-6#42067002jobid1.csv", "unix_time": 1620677669.5255752}
INFO:ccdag_utils.py:runtime_stat:{"task_name": "score7c", "event": "queue_start_process", "filename": "lccenc7_score7c_6#34305334-6#63314344-6#69484862-6#71168840-6#84819023-6#42067002jobid1.csv", "unix_time": 1620677669.9732401}
['leopard21.JPEG', 'leopard22.JPEG', 'leopard23.JPEG', 'leopard24.JPEG', 'leopard25.JPEG', 'leopard26.JPEG', 'leopard27.JPEG', 'leopard28.JPEG', 'leopard29.JPEG', 'leopard30.JPEG']
INFO:circe.py:runtime_stat:{"task_name": "circe", "event": "new_output_file", "filename": "score7c_preagg7_1jobth6#34305334-6#63314344-6#69484862-6#71168840-6#84819023-6#42067002", "unix_time": 1620677671.6450756}
DEBUG:transfer.py:sshpass -p PASSWORD scp -P 5000 -o StrictHostKeyChecking=no /jupiter/circe_output/score7c_preagg7_1jobth6#34305334-6#63314344-6#69484862-6#71168840-6#84819023-6#42067002 root@10.106.180.232:/jupiter/circe_input/
INFO:ccdag_utils.py:runtime_stat:{"task_name": "score7c", "event": "queue_end_process", "filename": "score7c_preagg7_1jobth6#34305334-6#63314344-6#69484862-6#71168840-6#84819023-6#42067002", "unix_time": 1620677671.659159}
Warning: Permanently added '[10.106.180.232]:5000' (ECDSA) to the list of known hosts.
DEBUG:transfer.py:transfer successful!
INFO:circe.py:runtime_stat:{"task_name": "circe", "event": "new_input_file", "filename": "lccenc7_score7c_6#29093358-6#00655202-6#35155561-6#05763614-6#47193080-6#97662848jobid2.csv", "unix_time": 1620677690.7368162}
INFO:ccdag_utils.py:runtime_stat:{"task_name": "score7c", "event": "queue_start_process", "filename": "lccenc7_score7c_6#29093358-6#00655202-6#35155561-6#05763614-6#47193080-6#97662848jobid2.csv", "unix_time": 1620677691.6821156}
['leopard21.JPEG', 'leopard22.JPEG', 'leopard23.JPEG', 'leopard24.JPEG', 'leopard25.JPEG', 'leopard26.JPEG', 'leopard27.JPEG', 'leopard28.JPEG', 'leopard29.JPEG', 'leopard30.JPEG']
INFO:circe.py:runtime_stat:{"task_name": "circe", "event": "new_output_file", "filename": "score7c_preagg7_2jobth6#29093358-6#00655202-6#35155561-6#05763614-6#47193080-6#97662848", "unix_time": 1620677693.1923246}
DEBUG:transfer.py:sshpass -p PASSWORD scp -P 5000 -o StrictHostKeyChecking=no /jupiter/circe_output/score7c_preagg7_2jobth6#29093358-6#00655202-6#35155561-6#05763614-6#47193080-6#97662848 root@10.106.180.232:/jupiter/circe_input/
INFO:ccdag_utils.py:runtime_stat:{"task_name": "score7c", "event": "queue_end_process", "filename": "score7c_preagg7_2jobth6#29093358-6#00655202-6#35155561-6#05763614-6#47193080-6#97662848", "unix_time": 1620677693.1984134}
DEBUG:transfer.py:transfer successful!
INFO:circe.py:runtime_stat:{"task_name": "circe", "event": "new_input_file", "filename": "lccenc7_score7c_6#19507327-6#04519060-6#29862005-6#58949129-6#76242213-6#56680912jobid3.csv", "unix_time": 1620677703.0385492}
INFO:ccdag_utils.py:runtime_stat:{"task_name": "score7c", "event": "queue_start_process", "filename": "lccenc7_score7c_6#19507327-6#04519060-6#29862005-6#58949129-6#76242213-6#56680912jobid3.csv", "unix_time": 1620677703.21142}
['leopard21.JPEG', 'leopard22.JPEG', 'leopard23.JPEG', 'leopard24.JPEG', 'leopard25.JPEG', 'leopard26.JPEG', 'leopard27.JPEG', 'leopard28.JPEG', 'leopard29.JPEG', 'leopard30.JPEG']
INFO:circe.py:runtime_stat:{"task_name": "circe", "event": "new_output_file", "filename": "score7c_preagg7_3jobth6#19507327-6#04519060-6#29862005-6#58949129-6#76242213-6#56680912", "unix_time": 1620677704.7252169}
DEBUG:transfer.py:sshpass -p PASSWORD scp -P 5000 -o StrictHostKeyChecking=no /jupiter/circe_output/score7c_preagg7_3jobth6#19507327-6#04519060-6#29862005-6#58949129-6#76242213-6#56680912 root@10.106.180.232:/jupiter/circe_input/
INFO:ccdag_utils.py:runtime_stat:{"task_name": "score7c", "event": "queue_end_process", "filename": "score7c_preagg7_3jobth6#19507327-6#04519060-6#29862005-6#58949129-6#76242213-6#56680912", "unix_time": 1620677704.7315683}
DEBUG:transfer.py:transfer successful!
INFO:circe.py:runtime_stat:{"task_name": "circe", "event": "new_input_file", "filename": "lccenc7_score7c_6#40971801-6#38279089-6#33786847-6#59958564-6#91891186-6#03234219jobid4.csv", "unix_time": 1620677760.3644865}
INFO:ccdag_utils.py:runtime_stat:{"task_name": "score7c", "event": "queue_start_process", "filename": "lccenc7_score7c_6#40971801-6#38279089-6#33786847-6#59958564-6#91891186-6#03234219jobid4.csv", "unix_time": 1620677760.7943122}
['leopard21.JPEG', 'leopard22.JPEG', 'leopard23.JPEG', 'leopard24.JPEG', 'leopard25.JPEG', 'leopard26.JPEG', 'leopard27.JPEG', 'leopard28.JPEG', 'leopard29.JPEG', 'leopard30.JPEG']
INFO:circe.py:runtime_stat:{"task_name": "circe", "event": "new_output_file", "filename": "score7c_preagg7_4jobth6#40971801-6#38279089-6#33786847-6#59958564-6#91891186-6#03234219", "unix_time": 1620677762.293547}
DEBUG:transfer.py:sshpass -p PASSWORD scp -P 5000 -o StrictHostKeyChecking=no /jupiter/circe_output/score7c_preagg7_4jobth6#40971801-6#38279089-6#33786847-6#59958564-6#91891186-6#03234219 root@10.106.180.232:/jupiter/circe_input/
INFO:ccdag_utils.py:runtime_stat:{"task_name": "score7c", "event": "queue_end_process", "filename": "score7c_preagg7_4jobth6#40971801-6#38279089-6#33786847-6#59958564-6#91891186-6#03234219", "unix_time": 1620677762.3003953}
DEBUG:transfer.py:transfer successful!
INFO:circe.py:runtime_stat:{"task_name": "circe", "event": "new_input_file", "filename": "lccenc7_score7c_6#31093489-6#57668537-6#31199338-6#67859555-6#31602483-6#77763153jobid5.csv", "unix_time": 1620677803.5615392}
INFO:ccdag_utils.py:runtime_stat:{"task_name": "score7c", "event": "queue_start_process", "filename": "lccenc7_score7c_6#31093489-6#57668537-6#31199338-6#67859555-6#31602483-6#77763153jobid5.csv", "unix_time": 1620677804.3451931}
['leopard21.JPEG', 'leopard22.JPEG', 'leopard23.JPEG', 'leopard24.JPEG', 'leopard25.JPEG', 'leopard26.JPEG', 'leopard27.JPEG', 'leopard28.JPEG', 'leopard29.JPEG', 'leopard30.JPEG']
INFO:ccdag_utils.py:runtime_stat:{"task_name": "score7c", "event": "queue_end_process", "filename": "score7c_preagg7_5jobth6#31093489-6#57668537-6#31199338-6#67859555-6#31602483-6#77763153", "unix_time": 1620677805.850933}
INFO:circe.py:runtime_stat:{"task_name": "circe", "event": "new_output_file", "filename": "score7c_preagg7_5jobth6#31093489-6#57668537-6#31199338-6#67859555-6#31602483-6#77763153", "unix_time": 1620677805.8559265}
DEBUG:transfer.py:sshpass -p PASSWORD scp -P 5000 -o StrictHostKeyChecking=no /jupiter/circe_output/score7c_preagg7_5jobth6#31093489-6#57668537-6#31199338-6#67859555-6#31602483-6#77763153 root@10.106.180.232:/jupiter/circe_input/
DEBUG:transfer.py:transfer successful!
INFO:circe.py:runtime_stat:{"task_name": "circe", "event": "new_input_file", "filename": "lccenc7_score7c_6#67994247-6#03984422-6#27110087-6#19808068-6#32413831-6#25249112jobid6.csv", "unix_time": 1620677828.2942991}
INFO:ccdag_utils.py:runtime_stat:{"task_name": "score7c", "event": "queue_start_process", "filename": "lccenc7_score7c_6#67994247-6#03984422-6#27110087-6#19808068-6#32413831-6#25249112jobid6.csv", "unix_time": 1620677828.8760893}
['leopard21.JPEG', 'leopard22.JPEG', 'leopard23.JPEG', 'leopard24.JPEG', 'leopard25.JPEG', 'leopard26.JPEG', 'leopard27.JPEG', 'leopard28.JPEG', 'leopard29.JPEG', 'leopard30.JPEG']
INFO:circe.py:runtime_stat:{"task_name": "circe", "event": "new_output_file", "filename": "score7c_preagg7_6jobth6#67994247-6#03984422-6#27110087-6#19808068-6#32413831-6#25249112", "unix_time": 1620677830.3438466}
DEBUG:transfer.py:sshpass -p PASSWORD scp -P 5000 -o StrictHostKeyChecking=no /jupiter/circe_output/score7c_preagg7_6jobth6#67994247-6#03984422-6#27110087-6#19808068-6#32413831-6#25249112 root@10.106.180.232:/jupiter/circe_input/
INFO:ccdag_utils.py:runtime_stat:{"task_name": "score7c", "event": "queue_end_process", "filename": "score7c_preagg7_6jobth6#67994247-6#03984422-6#27110087-6#19808068-6#32413831-6#25249112", "unix_time": 1620677830.3501012}
DEBUG:transfer.py:transfer successful!
