 * Starting OpenBSD Secure Shell server sshd
   ...done.
INFO:circe.py:Using base script storeclass.py
DEBUG:circe.py:starting the input monitoring process
DEBUG:circe.py:starting the output monitoring process
INFO:circe.py:runtime_stat:{"task_name": "circe", "event": "new_input_file", "filename": "resnet1_storeclass8_25569509imgmongoosejobid11.JPEG", "unix_time": 1620677721.9271767}
INFO:circe.py:runtime_stat:{"task_name": "circe", "event": "new_input_file", "filename": "resnet4_storeclass8_33392092imgmongoosejobid11.JPEG", "unix_time": 1620677722.1177614}
INFO:circe.py:runtime_stat:{"task_name": "circe", "event": "new_input_file", "filename": "resnet5_storeclass8_39354678imgmongoosejobid11.JPEG", "unix_time": 1620677722.3713639}
INFO:circe.py:runtime_stat:{"task_name": "circe", "event": "new_input_file", "filename": "resnet0_storeclass8_92208573imgmongoosejobid11.JPEG", "unix_time": 1620677722.4884443}
INFO:ccdag_utils.py:runtime_stat:{"task_name": "storeclass8", "event": "queue_start_process", "filename": "resnet1_storeclass8_25569509imgmongoosejobid11.JPEG", "unix_time": 1620677722.8877766}
INFO:ccdag_utils.py:runtime_stat:{"task_name": "storeclass8", "event": "queue_end_process", "filename": "storeclass8_lccenc8_25569509imgmongoosejobid11.JPEG", "unix_time": 1620677722.896709}
INFO:ccdag_utils.py:runtime_stat:{"task_name": "storeclass8", "event": "queue_start_process", "filename": "resnet4_storeclass8_33392092imgmongoosejobid11.JPEG", "unix_time": 1620677722.8970945}
INFO:circe.py:runtime_stat:{"task_name": "circe", "event": "new_output_file", "filename": "storeclass8_lccenc8_25569509imgmongoosejobid11.JPEG", "unix_time": 1620677722.8981743}
DEBUG:transfer.py:sshpass -p PASSWORD scp -P 5000 -o StrictHostKeyChecking=no /jupiter/circe_output/storeclass8_lccenc8_25569509imgmongoosejobid11.JPEG root@10.103.70.86:/jupiter/circe_input/
INFO:ccdag_utils.py:runtime_stat:{"task_name": "storeclass8", "event": "queue_end_process", "filename": "storeclass8_lccenc8_33392092imgmongoosejobid11.JPEG", "unix_time": 1620677722.9095356}
INFO:ccdag_utils.py:runtime_stat:{"task_name": "storeclass8", "event": "queue_start_process", "filename": "resnet5_storeclass8_39354678imgmongoosejobid11.JPEG", "unix_time": 1620677722.9106638}
INFO:ccdag_utils.py:runtime_stat:{"task_name": "storeclass8", "event": "queue_end_process", "filename": "storeclass8_lccenc8_39354678imgmongoosejobid11.JPEG", "unix_time": 1620677722.9147408}
INFO:ccdag_utils.py:runtime_stat:{"task_name": "storeclass8", "event": "queue_start_process", "filename": "resnet0_storeclass8_92208573imgmongoosejobid11.JPEG", "unix_time": 1620677722.9152727}
INFO:ccdag_utils.py:runtime_stat:{"task_name": "storeclass8", "event": "queue_end_process", "filename": "storeclass8_lccenc8_92208573imgmongoosejobid11.JPEG", "unix_time": 1620677722.9171185}
Warning: Permanently added '[10.103.70.86]:5000' (ECDSA) to the list of known hosts.
DEBUG:transfer.py:transfer successful!
INFO:circe.py:runtime_stat:{"task_name": "circe", "event": "new_output_file", "filename": "storeclass8_lccenc8_33392092imgmongoosejobid11.JPEG", "unix_time": 1620677723.168666}
DEBUG:transfer.py:sshpass -p PASSWORD scp -P 5000 -o StrictHostKeyChecking=no /jupiter/circe_output/storeclass8_lccenc8_33392092imgmongoosejobid11.JPEG root@10.103.70.86:/jupiter/circe_input/
DEBUG:transfer.py:transfer successful!
INFO:circe.py:runtime_stat:{"task_name": "circe", "event": "new_output_file", "filename": "storeclass8_lccenc8_39354678imgmongoosejobid11.JPEG", "unix_time": 1620677723.4235482}
DEBUG:transfer.py:sshpass -p PASSWORD scp -P 5000 -o StrictHostKeyChecking=no /jupiter/circe_output/storeclass8_lccenc8_39354678imgmongoosejobid11.JPEG root@10.103.70.86:/jupiter/circe_input/
DEBUG:transfer.py:transfer successful!
INFO:circe.py:runtime_stat:{"task_name": "circe", "event": "new_output_file", "filename": "storeclass8_lccenc8_92208573imgmongoosejobid11.JPEG", "unix_time": 1620677723.6520429}
DEBUG:transfer.py:sshpass -p PASSWORD scp -P 5000 -o StrictHostKeyChecking=no /jupiter/circe_output/storeclass8_lccenc8_92208573imgmongoosejobid11.JPEG root@10.103.70.86:/jupiter/circe_input/
DEBUG:transfer.py:transfer successful!
INFO:circe.py:runtime_stat:{"task_name": "circe", "event": "new_input_file", "filename": "resnet7_storeclass8_01840733imgmongoosejobid12.JPEG", "unix_time": 1620677732.059445}
INFO:circe.py:runtime_stat:{"task_name": "circe", "event": "new_input_file", "filename": "resnet3_storeclass8_78570541imgmongoosejobid12.JPEG", "unix_time": 1620677732.651163}
INFO:circe.py:runtime_stat:{"task_name": "circe", "event": "new_input_file", "filename": "resnet4_storeclass8_62885722imgmongoosejobid12.JPEG", "unix_time": 1620677732.7746155}
INFO:ccdag_utils.py:runtime_stat:{"task_name": "storeclass8", "event": "queue_start_process", "filename": "resnet7_storeclass8_01840733imgmongoosejobid12.JPEG", "unix_time": 1620677732.9289992}
INFO:circe.py:runtime_stat:{"task_name": "circe", "event": "new_output_file", "filename": "storeclass8_lccenc8_01840733imgmongoosejobid12.JPEG", "unix_time": 1620677732.9392865}
INFO:ccdag_utils.py:runtime_stat:{"task_name": "storeclass8", "event": "queue_end_process", "filename": "storeclass8_lccenc8_01840733imgmongoosejobid12.JPEG", "unix_time": 1620677732.9396954}
DEBUG:transfer.py:sshpass -p PASSWORD scp -P 5000 -o StrictHostKeyChecking=no /jupiter/circe_output/storeclass8_lccenc8_01840733imgmongoosejobid12.JPEG root@10.103.70.86:/jupiter/circe_input/
INFO:ccdag_utils.py:runtime_stat:{"task_name": "storeclass8", "event": "queue_start_process", "filename": "resnet3_storeclass8_78570541imgmongoosejobid12.JPEG", "unix_time": 1620677732.941261}
INFO:ccdag_utils.py:runtime_stat:{"task_name": "storeclass8", "event": "queue_end_process", "filename": "storeclass8_lccenc8_78570541imgmongoosejobid12.JPEG", "unix_time": 1620677732.9506927}
INFO:ccdag_utils.py:runtime_stat:{"task_name": "storeclass8", "event": "queue_start_process", "filename": "resnet4_storeclass8_62885722imgmongoosejobid12.JPEG", "unix_time": 1620677732.951968}
INFO:ccdag_utils.py:runtime_stat:{"task_name": "storeclass8", "event": "queue_end_process", "filename": "storeclass8_lccenc8_62885722imgmongoosejobid12.JPEG", "unix_time": 1620677732.9559333}
DEBUG:transfer.py:transfer successful!
INFO:circe.py:runtime_stat:{"task_name": "circe", "event": "new_output_file", "filename": "storeclass8_lccenc8_78570541imgmongoosejobid12.JPEG", "unix_time": 1620677733.1671813}
DEBUG:transfer.py:sshpass -p PASSWORD scp -P 5000 -o StrictHostKeyChecking=no /jupiter/circe_output/storeclass8_lccenc8_78570541imgmongoosejobid12.JPEG root@10.103.70.86:/jupiter/circe_input/
DEBUG:transfer.py:transfer successful!
INFO:circe.py:runtime_stat:{"task_name": "circe", "event": "new_output_file", "filename": "storeclass8_lccenc8_62885722imgmongoosejobid12.JPEG", "unix_time": 1620677733.4003942}
DEBUG:transfer.py:sshpass -p PASSWORD scp -P 5000 -o StrictHostKeyChecking=no /jupiter/circe_output/storeclass8_lccenc8_62885722imgmongoosejobid12.JPEG root@10.103.70.86:/jupiter/circe_input/
DEBUG:transfer.py:transfer successful!
INFO:circe.py:runtime_stat:{"task_name": "circe", "event": "new_input_file", "filename": "resnet7_storeclass8_45301703imgmongoosejobid13.JPEG", "unix_time": 1620677741.764026}
INFO:circe.py:runtime_stat:{"task_name": "circe", "event": "new_input_file", "filename": "resnet3_storeclass8_08373892imgmongoosejobid13.JPEG", "unix_time": 1620677741.7785854}
INFO:ccdag_utils.py:runtime_stat:{"task_name": "storeclass8", "event": "queue_start_process", "filename": "resnet7_storeclass8_45301703imgmongoosejobid13.JPEG", "unix_time": 1620677741.9652224}
INFO:ccdag_utils.py:runtime_stat:{"task_name": "storeclass8", "event": "queue_end_process", "filename": "storeclass8_lccenc8_45301703imgmongoosejobid13.JPEG", "unix_time": 1620677741.9697645}
INFO:ccdag_utils.py:runtime_stat:{"task_name": "storeclass8", "event": "queue_start_process", "filename": "resnet3_storeclass8_08373892imgmongoosejobid13.JPEG", "unix_time": 1620677741.9700546}
INFO:circe.py:runtime_stat:{"task_name": "circe", "event": "new_output_file", "filename": "storeclass8_lccenc8_45301703imgmongoosejobid13.JPEG", "unix_time": 1620677741.970522}
DEBUG:transfer.py:sshpass -p PASSWORD scp -P 5000 -o StrictHostKeyChecking=no /jupiter/circe_output/storeclass8_lccenc8_45301703imgmongoosejobid13.JPEG root@10.103.70.86:/jupiter/circe_input/
INFO:ccdag_utils.py:runtime_stat:{"task_name": "storeclass8", "event": "queue_end_process", "filename": "storeclass8_lccenc8_08373892imgmongoosejobid13.JPEG", "unix_time": 1620677741.976636}
INFO:circe.py:runtime_stat:{"task_name": "circe", "event": "new_input_file", "filename": "resnet2_storeclass8_12845189imgmongoosejobid13.JPEG", "unix_time": 1620677742.0086987}
INFO:circe.py:runtime_stat:{"task_name": "circe", "event": "new_input_file", "filename": "resnet6_storeclass8_12248933imgmongoosejobid13.JPEG", "unix_time": 1620677742.024757}
DEBUG:transfer.py:transfer successful!
INFO:circe.py:runtime_stat:{"task_name": "circe", "event": "new_output_file", "filename": "storeclass8_lccenc8_08373892imgmongoosejobid13.JPEG", "unix_time": 1620677742.2138915}
DEBUG:transfer.py:sshpass -p PASSWORD scp -P 5000 -o StrictHostKeyChecking=no /jupiter/circe_output/storeclass8_lccenc8_08373892imgmongoosejobid13.JPEG root@10.103.70.86:/jupiter/circe_input/
DEBUG:transfer.py:transfer successful!
INFO:ccdag_utils.py:runtime_stat:{"task_name": "storeclass8", "event": "queue_start_process", "filename": "resnet2_storeclass8_12845189imgmongoosejobid13.JPEG", "unix_time": 1620677742.9789255}
INFO:circe.py:runtime_stat:{"task_name": "circe", "event": "new_output_file", "filename": "storeclass8_lccenc8_12845189imgmongoosejobid13.JPEG", "unix_time": 1620677742.9864635}
INFO:ccdag_utils.py:runtime_stat:{"task_name": "storeclass8", "event": "queue_end_process", "filename": "storeclass8_lccenc8_12845189imgmongoosejobid13.JPEG", "unix_time": 1620677742.9867558}
DEBUG:transfer.py:sshpass -p PASSWORD scp -P 5000 -o StrictHostKeyChecking=no /jupiter/circe_output/storeclass8_lccenc8_12845189imgmongoosejobid13.JPEG root@10.103.70.86:/jupiter/circe_input/
INFO:ccdag_utils.py:runtime_stat:{"task_name": "storeclass8", "event": "queue_start_process", "filename": "resnet6_storeclass8_12248933imgmongoosejobid13.JPEG", "unix_time": 1620677742.9877646}
INFO:ccdag_utils.py:runtime_stat:{"task_name": "storeclass8", "event": "queue_end_process", "filename": "storeclass8_lccenc8_12248933imgmongoosejobid13.JPEG", "unix_time": 1620677742.9918387}
DEBUG:transfer.py:transfer successful!
INFO:circe.py:runtime_stat:{"task_name": "circe", "event": "new_output_file", "filename": "storeclass8_lccenc8_12248933imgmongoosejobid13.JPEG", "unix_time": 1620677743.2095497}
DEBUG:transfer.py:sshpass -p PASSWORD scp -P 5000 -o StrictHostKeyChecking=no /jupiter/circe_output/storeclass8_lccenc8_12248933imgmongoosejobid13.JPEG root@10.103.70.86:/jupiter/circe_input/
DEBUG:transfer.py:transfer successful!
INFO:circe.py:runtime_stat:{"task_name": "circe", "event": "new_input_file", "filename": "resnet3_storeclass8_62621810imgmongoosejobid19.JPEG", "unix_time": 1620677811.5700479}
INFO:ccdag_utils.py:runtime_stat:{"task_name": "storeclass8", "event": "queue_start_process", "filename": "resnet3_storeclass8_62621810imgmongoosejobid19.JPEG", "unix_time": 1620677812.0795143}
INFO:ccdag_utils.py:runtime_stat:{"task_name": "storeclass8", "event": "queue_end_process", "filename": "storeclass8_lccenc8_62621810imgmongoosejobid19.JPEG", "unix_time": 1620677812.086984}
INFO:circe.py:runtime_stat:{"task_name": "circe", "event": "new_output_file", "filename": "storeclass8_lccenc8_62621810imgmongoosejobid19.JPEG", "unix_time": 1620677812.087831}
DEBUG:transfer.py:sshpass -p PASSWORD scp -P 5000 -o StrictHostKeyChecking=no /jupiter/circe_output/storeclass8_lccenc8_62621810imgmongoosejobid19.JPEG root@10.103.70.86:/jupiter/circe_input/
DEBUG:transfer.py:transfer successful!
INFO:circe.py:runtime_stat:{"task_name": "circe", "event": "new_input_file", "filename": "resnet2_storeclass8_74004617imgmongoosejobid20.JPEG", "unix_time": 1620677822.9422393}
INFO:ccdag_utils.py:runtime_stat:{"task_name": "storeclass8", "event": "queue_start_process", "filename": "resnet2_storeclass8_74004617imgmongoosejobid20.JPEG", "unix_time": 1620677823.0973392}
INFO:ccdag_utils.py:runtime_stat:{"task_name": "storeclass8", "event": "queue_end_process", "filename": "storeclass8_lccenc8_74004617imgmongoosejobid20.JPEG", "unix_time": 1620677823.1028502}
INFO:circe.py:runtime_stat:{"task_name": "circe", "event": "new_output_file", "filename": "storeclass8_lccenc8_74004617imgmongoosejobid20.JPEG", "unix_time": 1620677823.103556}
DEBUG:transfer.py:sshpass -p PASSWORD scp -P 5000 -o StrictHostKeyChecking=no /jupiter/circe_output/storeclass8_lccenc8_74004617imgmongoosejobid20.JPEG root@10.103.70.86:/jupiter/circe_input/
DEBUG:transfer.py:transfer successful!
INFO:circe.py:runtime_stat:{"task_name": "circe", "event": "new_input_file", "filename": "resnet6_storeclass8_83076727imgmongoosejobid20.JPEG", "unix_time": 1620677823.716674}
INFO:ccdag_utils.py:runtime_stat:{"task_name": "storeclass8", "event": "queue_start_process", "filename": "resnet6_storeclass8_83076727imgmongoosejobid20.JPEG", "unix_time": 1620677824.106411}
INFO:ccdag_utils.py:runtime_stat:{"task_name": "storeclass8", "event": "queue_end_process", "filename": "storeclass8_lccenc8_83076727imgmongoosejobid20.JPEG", "unix_time": 1620677824.112277}
INFO:circe.py:runtime_stat:{"task_name": "circe", "event": "new_output_file", "filename": "storeclass8_lccenc8_83076727imgmongoosejobid20.JPEG", "unix_time": 1620677824.1130455}
DEBUG:transfer.py:sshpass -p PASSWORD scp -P 5000 -o StrictHostKeyChecking=no /jupiter/circe_output/storeclass8_lccenc8_83076727imgmongoosejobid20.JPEG root@10.103.70.86:/jupiter/circe_input/
DEBUG:transfer.py:transfer successful!
INFO:circe.py:runtime_stat:{"task_name": "circe", "event": "new_input_file", "filename": "resnet5_storeclass8_29379685imgmongoosejobid21.JPEG", "unix_time": 1620677833.6050634}
INFO:circe.py:runtime_stat:{"task_name": "circe", "event": "new_input_file", "filename": "resnet1_storeclass8_30976788imgmongoosejobid21.JPEG", "unix_time": 1620677833.7711773}
INFO:ccdag_utils.py:runtime_stat:{"task_name": "storeclass8", "event": "queue_start_process", "filename": "resnet5_storeclass8_29379685imgmongoosejobid21.JPEG", "unix_time": 1620677834.1340404}
INFO:ccdag_utils.py:runtime_stat:{"task_name": "storeclass8", "event": "queue_end_process", "filename": "storeclass8_lccenc8_29379685imgmongoosejobid21.JPEG", "unix_time": 1620677834.1389978}
INFO:ccdag_utils.py:runtime_stat:{"task_name": "storeclass8", "event": "queue_start_process", "filename": "resnet1_storeclass8_30976788imgmongoosejobid21.JPEG", "unix_time": 1620677834.139288}
INFO:circe.py:runtime_stat:{"task_name": "circe", "event": "new_output_file", "filename": "storeclass8_lccenc8_29379685imgmongoosejobid21.JPEG", "unix_time": 1620677834.1400297}
DEBUG:transfer.py:sshpass -p PASSWORD scp -P 5000 -o StrictHostKeyChecking=no /jupiter/circe_output/storeclass8_lccenc8_29379685imgmongoosejobid21.JPEG root@10.103.70.86:/jupiter/circe_input/
INFO:ccdag_utils.py:runtime_stat:{"task_name": "storeclass8", "event": "queue_end_process", "filename": "storeclass8_lccenc8_30976788imgmongoosejobid21.JPEG", "unix_time": 1620677834.144958}
DEBUG:transfer.py:transfer successful!
INFO:circe.py:runtime_stat:{"task_name": "circe", "event": "new_output_file", "filename": "storeclass8_lccenc8_30976788imgmongoosejobid21.JPEG", "unix_time": 1620677834.3635068}
DEBUG:transfer.py:sshpass -p PASSWORD scp -P 5000 -o StrictHostKeyChecking=no /jupiter/circe_output/storeclass8_lccenc8_30976788imgmongoosejobid21.JPEG root@10.103.70.86:/jupiter/circe_input/
DEBUG:transfer.py:transfer successful!
INFO:circe.py:runtime_stat:{"task_name": "circe", "event": "new_input_file", "filename": "resnet6_storeclass8_30445493imgmongoosejobid23.JPEG", "unix_time": 1620677857.410167}
INFO:ccdag_utils.py:runtime_stat:{"task_name": "storeclass8", "event": "queue_start_process", "filename": "resnet6_storeclass8_30445493imgmongoosejobid23.JPEG", "unix_time": 1620677858.1715415}
INFO:circe.py:runtime_stat:{"task_name": "circe", "event": "new_output_file", "filename": "storeclass8_lccenc8_30445493imgmongoosejobid23.JPEG", "unix_time": 1620677858.1776748}
DEBUG:transfer.py:sshpass -p PASSWORD scp -P 5000 -o StrictHostKeyChecking=no /jupiter/circe_output/storeclass8_lccenc8_30445493imgmongoosejobid23.JPEG root@10.103.70.86:/jupiter/circe_input/
INFO:ccdag_utils.py:runtime_stat:{"task_name": "storeclass8", "event": "queue_end_process", "filename": "storeclass8_lccenc8_30445493imgmongoosejobid23.JPEG", "unix_time": 1620677858.177924}
DEBUG:transfer.py:transfer successful!
INFO:circe.py:runtime_stat:{"task_name": "circe", "event": "new_input_file", "filename": "resnet1_storeclass8_48727824imgmongoosejobid24.JPEG", "unix_time": 1620677867.8235872}
INFO:ccdag_utils.py:runtime_stat:{"task_name": "storeclass8", "event": "queue_start_process", "filename": "resnet1_storeclass8_48727824imgmongoosejobid24.JPEG", "unix_time": 1620677868.1968956}
INFO:ccdag_utils.py:runtime_stat:{"task_name": "storeclass8", "event": "queue_end_process", "filename": "storeclass8_lccenc8_48727824imgmongoosejobid24.JPEG", "unix_time": 1620677868.2031705}
INFO:circe.py:runtime_stat:{"task_name": "circe", "event": "new_output_file", "filename": "storeclass8_lccenc8_48727824imgmongoosejobid24.JPEG", "unix_time": 1620677868.2041166}
DEBUG:transfer.py:sshpass -p PASSWORD scp -P 5000 -o StrictHostKeyChecking=no /jupiter/circe_output/storeclass8_lccenc8_48727824imgmongoosejobid24.JPEG root@10.103.70.86:/jupiter/circe_input/
DEBUG:transfer.py:transfer successful!
INFO:circe.py:runtime_stat:{"task_name": "circe", "event": "new_input_file", "filename": "resnet4_storeclass8_35980506imgmongoosejobid25.JPEG", "unix_time": 1620677877.7442155}
INFO:circe.py:runtime_stat:{"task_name": "circe", "event": "new_input_file", "filename": "resnet0_storeclass8_73435707imgmongoosejobid25.JPEG", "unix_time": 1620677878.0857618}
INFO:ccdag_utils.py:runtime_stat:{"task_name": "storeclass8", "event": "queue_start_process", "filename": "resnet4_storeclass8_35980506imgmongoosejobid25.JPEG", "unix_time": 1620677878.2137456}
INFO:ccdag_utils.py:runtime_stat:{"task_name": "storeclass8", "event": "queue_end_process", "filename": "storeclass8_lccenc8_35980506imgmongoosejobid25.JPEG", "unix_time": 1620677878.2152498}
INFO:ccdag_utils.py:runtime_stat:{"task_name": "storeclass8", "event": "queue_start_process", "filename": "resnet0_storeclass8_73435707imgmongoosejobid25.JPEG", "unix_time": 1620677878.2158082}
INFO:circe.py:runtime_stat:{"task_name": "circe", "event": "new_output_file", "filename": "storeclass8_lccenc8_35980506imgmongoosejobid25.JPEG", "unix_time": 1620677878.216815}
DEBUG:transfer.py:sshpass -p PASSWORD scp -P 5000 -o StrictHostKeyChecking=no /jupiter/circe_output/storeclass8_lccenc8_35980506imgmongoosejobid25.JPEG root@10.103.70.86:/jupiter/circe_input/
INFO:ccdag_utils.py:runtime_stat:{"task_name": "storeclass8", "event": "queue_end_process", "filename": "storeclass8_lccenc8_73435707imgmongoosejobid25.JPEG", "unix_time": 1620677878.2179615}
DEBUG:transfer.py:transfer successful!
INFO:circe.py:runtime_stat:{"task_name": "circe", "event": "new_output_file", "filename": "storeclass8_lccenc8_73435707imgmongoosejobid25.JPEG", "unix_time": 1620677878.4403794}
DEBUG:transfer.py:sshpass -p PASSWORD scp -P 5000 -o StrictHostKeyChecking=no /jupiter/circe_output/storeclass8_lccenc8_73435707imgmongoosejobid25.JPEG root@10.103.70.86:/jupiter/circe_input/
DEBUG:transfer.py:transfer successful!
INFO:circe.py:runtime_stat:{"task_name": "circe", "event": "new_input_file", "filename": "resnet3_storeclass8_90883486imgmongoosejobid26.JPEG", "unix_time": 1620677890.132287}
INFO:ccdag_utils.py:runtime_stat:{"task_name": "storeclass8", "event": "queue_start_process", "filename": "resnet3_storeclass8_90883486imgmongoosejobid26.JPEG", "unix_time": 1620677890.2396433}
INFO:ccdag_utils.py:runtime_stat:{"task_name": "storeclass8", "event": "queue_end_process", "filename": "storeclass8_lccenc8_90883486imgmongoosejobid26.JPEG", "unix_time": 1620677890.2428658}
INFO:circe.py:runtime_stat:{"task_name": "circe", "event": "new_output_file", "filename": "storeclass8_lccenc8_90883486imgmongoosejobid26.JPEG", "unix_time": 1620677890.2436693}
DEBUG:transfer.py:sshpass -p PASSWORD scp -P 5000 -o StrictHostKeyChecking=no /jupiter/circe_output/storeclass8_lccenc8_90883486imgmongoosejobid26.JPEG root@10.103.70.86:/jupiter/circe_input/
DEBUG:transfer.py:transfer successful!
