 * Starting OpenBSD Secure Shell server sshd
   ...done.
INFO:circe.py:Using base script preagg.py
DEBUG:circe.py:starting the input monitoring process
DEBUG:circe.py:starting the output monitoring process
7
INFO:circe.py:runtime_stat:{"task_name": "circe", "event": "new_input_file", "filename": "score7b_preagg7_1jobth6#34305334-6#63314344-6#69484862-6#71168840-6#84819023-6#42067002", "unix_time": 1620677671.11015}
INFO:ccdag_utils.py:runtime_stat:{"task_name": "preagg7", "event": "queue_start_process", "filename": "score7b_preagg7_1jobth6#34305334-6#63314344-6#69484862-6#71168840-6#84819023-6#42067002", "unix_time": 1620677671.3939495}
INFO:circe.py:runtime_stat:{"task_name": "circe", "event": "new_input_file", "filename": "score7c_preagg7_1jobth6#34305334-6#63314344-6#69484862-6#71168840-6#84819023-6#42067002", "unix_time": 1620677671.9206228}
INFO:ccdag_utils.py:runtime_stat:{"task_name": "preagg7", "event": "queue_start_process", "filename": "score7c_preagg7_1jobth6#34305334-6#63314344-6#69484862-6#71168840-6#84819023-6#42067002", "unix_time": 1620677672.463282}
INFO:circe.py:runtime_stat:{"task_name": "circe", "event": "new_input_file", "filename": "score7a_preagg7_1jobth6#34305334-6#63314344-6#69484862-6#71168840-6#84819023-6#42067002", "unix_time": 1620677680.0462263}
INFO:ccdag_utils.py:runtime_stat:{"task_name": "preagg7", "event": "queue_start_process", "filename": "score7a_preagg7_1jobth6#34305334-6#63314344-6#69484862-6#71168840-6#84819023-6#42067002", "unix_time": 1620677680.5311346}
preagg7_lccdec7_1jobthscore7a6#34305334-6#63314344-6#69484862-6#71168840-6#84819023-6#42067002
INFO:circe.py:runtime_stat:{"task_name": "circe", "event": "new_output_file", "filename": "preagg7_lccdec7_1jobthscore7a6#34305334-6#63314344-6#69484862-6#71168840-6#84819023-6#42067002", "unix_time": 1620677680.5979984}
DEBUG:transfer.py:sshpass -p PASSWORD scp -P 5000 -o StrictHostKeyChecking=no /jupiter/circe_output/preagg7_lccdec7_1jobthscore7a6#34305334-6#63314344-6#69484862-6#71168840-6#84819023-6#42067002 root@10.96.168.94:/jupiter/circe_input/
INFO:ccdag_utils.py:runtime_stat:{"task_name": "preagg7", "event": "queue_end_process", "filename": "preagg7_lccdec7_1jobthscore7a6#34305334-6#63314344-6#69484862-6#71168840-6#84819023-6#42067002", "unix_time": 1620677680.6032002}
preagg7_lccdec7_1jobthscore7b6#34305334-6#63314344-6#69484862-6#71168840-6#84819023-6#42067002
INFO:ccdag_utils.py:runtime_stat:{"task_name": "preagg7", "event": "queue_end_process", "filename": "preagg7_lccdec7_1jobthscore7b6#34305334-6#63314344-6#69484862-6#71168840-6#84819023-6#42067002", "unix_time": 1620677680.609669}
preagg7_lccdec7_1jobthscore7c6#34305334-6#63314344-6#69484862-6#71168840-6#84819023-6#42067002
INFO:ccdag_utils.py:runtime_stat:{"task_name": "preagg7", "event": "queue_end_process", "filename": "preagg7_lccdec7_1jobthscore7c6#34305334-6#63314344-6#69484862-6#71168840-6#84819023-6#42067002", "unix_time": 1620677680.6140068}
Warning: Permanently added '[10.96.168.94]:5000' (ECDSA) to the list of known hosts.
DEBUG:transfer.py:transfer successful!
INFO:circe.py:runtime_stat:{"task_name": "circe", "event": "new_output_file", "filename": "preagg7_lccdec7_1jobthscore7b6#34305334-6#63314344-6#69484862-6#71168840-6#84819023-6#42067002", "unix_time": 1620677680.8192616}
DEBUG:transfer.py:sshpass -p PASSWORD scp -P 5000 -o StrictHostKeyChecking=no /jupiter/circe_output/preagg7_lccdec7_1jobthscore7b6#34305334-6#63314344-6#69484862-6#71168840-6#84819023-6#42067002 root@10.96.168.94:/jupiter/circe_input/
DEBUG:transfer.py:transfer successful!
INFO:circe.py:runtime_stat:{"task_name": "circe", "event": "new_output_file", "filename": "preagg7_lccdec7_1jobthscore7c6#34305334-6#63314344-6#69484862-6#71168840-6#84819023-6#42067002", "unix_time": 1620677681.0358064}
DEBUG:transfer.py:sshpass -p PASSWORD scp -P 5000 -o StrictHostKeyChecking=no /jupiter/circe_output/preagg7_lccdec7_1jobthscore7c6#34305334-6#63314344-6#69484862-6#71168840-6#84819023-6#42067002 root@10.96.168.94:/jupiter/circe_input/
DEBUG:transfer.py:transfer successful!
INFO:circe.py:runtime_stat:{"task_name": "circe", "event": "new_input_file", "filename": "score7b_preagg7_2jobth6#29093358-6#00655202-6#35155561-6#05763614-6#47193080-6#97662848", "unix_time": 1620677691.6621583}
INFO:ccdag_utils.py:runtime_stat:{"task_name": "preagg7", "event": "queue_start_process", "filename": "score7b_preagg7_2jobth6#29093358-6#00655202-6#35155561-6#05763614-6#47193080-6#97662848", "unix_time": 1620677692.6267948}
INFO:circe.py:runtime_stat:{"task_name": "circe", "event": "new_input_file", "filename": "score7c_preagg7_2jobth6#29093358-6#00655202-6#35155561-6#05763614-6#47193080-6#97662848", "unix_time": 1620677693.4121535}
INFO:ccdag_utils.py:runtime_stat:{"task_name": "preagg7", "event": "queue_start_process", "filename": "score7c_preagg7_2jobth6#29093358-6#00655202-6#35155561-6#05763614-6#47193080-6#97662848", "unix_time": 1620677693.6923945}
INFO:circe.py:runtime_stat:{"task_name": "circe", "event": "new_input_file", "filename": "score7a_preagg7_2jobth6#29093358-6#00655202-6#35155561-6#05763614-6#47193080-6#97662848", "unix_time": 1620677701.6758616}
INFO:ccdag_utils.py:runtime_stat:{"task_name": "preagg7", "event": "queue_start_process", "filename": "score7a_preagg7_2jobth6#29093358-6#00655202-6#35155561-6#05763614-6#47193080-6#97662848", "unix_time": 1620677701.7617712}
preagg7_lccdec7_2jobthscore7a6#29093358-6#00655202-6#35155561-6#05763614-6#47193080-6#97662848
INFO:circe.py:runtime_stat:{"task_name": "circe", "event": "new_output_file", "filename": "preagg7_lccdec7_2jobthscore7a6#29093358-6#00655202-6#35155561-6#05763614-6#47193080-6#97662848", "unix_time": 1620677701.8300602}
DEBUG:transfer.py:sshpass -p PASSWORD scp -P 5000 -o StrictHostKeyChecking=no /jupiter/circe_output/preagg7_lccdec7_2jobthscore7a6#29093358-6#00655202-6#35155561-6#05763614-6#47193080-6#97662848 root@10.96.168.94:/jupiter/circe_input/
INFO:ccdag_utils.py:runtime_stat:{"task_name": "preagg7", "event": "queue_end_process", "filename": "preagg7_lccdec7_2jobthscore7a6#29093358-6#00655202-6#35155561-6#05763614-6#47193080-6#97662848", "unix_time": 1620677701.8361104}
preagg7_lccdec7_2jobthscore7b6#29093358-6#00655202-6#35155561-6#05763614-6#47193080-6#97662848
INFO:ccdag_utils.py:runtime_stat:{"task_name": "preagg7", "event": "queue_end_process", "filename": "preagg7_lccdec7_2jobthscore7b6#29093358-6#00655202-6#35155561-6#05763614-6#47193080-6#97662848", "unix_time": 1620677701.841861}
preagg7_lccdec7_2jobthscore7c6#29093358-6#00655202-6#35155561-6#05763614-6#47193080-6#97662848
INFO:ccdag_utils.py:runtime_stat:{"task_name": "preagg7", "event": "queue_end_process", "filename": "preagg7_lccdec7_2jobthscore7c6#29093358-6#00655202-6#35155561-6#05763614-6#47193080-6#97662848", "unix_time": 1620677701.8463347}
DEBUG:transfer.py:transfer successful!
INFO:circe.py:runtime_stat:{"task_name": "circe", "event": "new_output_file", "filename": "preagg7_lccdec7_2jobthscore7b6#29093358-6#00655202-6#35155561-6#05763614-6#47193080-6#97662848", "unix_time": 1620677702.0465748}
DEBUG:transfer.py:sshpass -p PASSWORD scp -P 5000 -o StrictHostKeyChecking=no /jupiter/circe_output/preagg7_lccdec7_2jobthscore7b6#29093358-6#00655202-6#35155561-6#05763614-6#47193080-6#97662848 root@10.96.168.94:/jupiter/circe_input/
DEBUG:transfer.py:transfer successful!
INFO:circe.py:runtime_stat:{"task_name": "circe", "event": "new_output_file", "filename": "preagg7_lccdec7_2jobthscore7c6#29093358-6#00655202-6#35155561-6#05763614-6#47193080-6#97662848", "unix_time": 1620677702.2594512}
DEBUG:transfer.py:sshpass -p PASSWORD scp -P 5000 -o StrictHostKeyChecking=no /jupiter/circe_output/preagg7_lccdec7_2jobthscore7c6#29093358-6#00655202-6#35155561-6#05763614-6#47193080-6#97662848 root@10.96.168.94:/jupiter/circe_input/
DEBUG:transfer.py:transfer successful!
INFO:circe.py:runtime_stat:{"task_name": "circe", "event": "new_input_file", "filename": "score7b_preagg7_3jobth6#19507327-6#04519060-6#29862005-6#58949129-6#76242213-6#56680912", "unix_time": 1620677704.143144}
INFO:ccdag_utils.py:runtime_stat:{"task_name": "preagg7", "event": "queue_start_process", "filename": "score7b_preagg7_3jobth6#19507327-6#04519060-6#29862005-6#58949129-6#76242213-6#56680912", "unix_time": 1620677704.8497689}
INFO:circe.py:runtime_stat:{"task_name": "circe", "event": "new_input_file", "filename": "score7c_preagg7_3jobth6#19507327-6#04519060-6#29862005-6#58949129-6#76242213-6#56680912", "unix_time": 1620677704.9337497}
INFO:ccdag_utils.py:runtime_stat:{"task_name": "preagg7", "event": "queue_start_process", "filename": "score7c_preagg7_3jobth6#19507327-6#04519060-6#29862005-6#58949129-6#76242213-6#56680912", "unix_time": 1620677705.9118667}
INFO:circe.py:runtime_stat:{"task_name": "circe", "event": "new_input_file", "filename": "score7a_preagg7_3jobth6#19507327-6#04519060-6#29862005-6#58949129-6#76242213-6#56680912", "unix_time": 1620677713.1255774}
INFO:ccdag_utils.py:runtime_stat:{"task_name": "preagg7", "event": "queue_start_process", "filename": "score7a_preagg7_3jobth6#19507327-6#04519060-6#29862005-6#58949129-6#76242213-6#56680912", "unix_time": 1620677713.9874003}
preagg7_lccdec7_3jobthscore7a6#19507327-6#04519060-6#29862005-6#58949129-6#76242213-6#56680912
INFO:circe.py:runtime_stat:{"task_name": "circe", "event": "new_output_file", "filename": "preagg7_lccdec7_3jobthscore7a6#19507327-6#04519060-6#29862005-6#58949129-6#76242213-6#56680912", "unix_time": 1620677714.050011}
DEBUG:transfer.py:sshpass -p PASSWORD scp -P 5000 -o StrictHostKeyChecking=no /jupiter/circe_output/preagg7_lccdec7_3jobthscore7a6#19507327-6#04519060-6#29862005-6#58949129-6#76242213-6#56680912 root@10.96.168.94:/jupiter/circe_input/
INFO:ccdag_utils.py:runtime_stat:{"task_name": "preagg7", "event": "queue_end_process", "filename": "preagg7_lccdec7_3jobthscore7a6#19507327-6#04519060-6#29862005-6#58949129-6#76242213-6#56680912", "unix_time": 1620677714.0515795}
preagg7_lccdec7_3jobthscore7b6#19507327-6#04519060-6#29862005-6#58949129-6#76242213-6#56680912
INFO:ccdag_utils.py:runtime_stat:{"task_name": "preagg7", "event": "queue_end_process", "filename": "preagg7_lccdec7_3jobthscore7b6#19507327-6#04519060-6#29862005-6#58949129-6#76242213-6#56680912", "unix_time": 1620677714.0611799}
preagg7_lccdec7_3jobthscore7c6#19507327-6#04519060-6#29862005-6#58949129-6#76242213-6#56680912
INFO:ccdag_utils.py:runtime_stat:{"task_name": "preagg7", "event": "queue_end_process", "filename": "preagg7_lccdec7_3jobthscore7c6#19507327-6#04519060-6#29862005-6#58949129-6#76242213-6#56680912", "unix_time": 1620677714.0652702}
DEBUG:transfer.py:transfer successful!
INFO:circe.py:runtime_stat:{"task_name": "circe", "event": "new_output_file", "filename": "preagg7_lccdec7_3jobthscore7b6#19507327-6#04519060-6#29862005-6#58949129-6#76242213-6#56680912", "unix_time": 1620677714.2730114}
DEBUG:transfer.py:sshpass -p PASSWORD scp -P 5000 -o StrictHostKeyChecking=no /jupiter/circe_output/preagg7_lccdec7_3jobthscore7b6#19507327-6#04519060-6#29862005-6#58949129-6#76242213-6#56680912 root@10.96.168.94:/jupiter/circe_input/
DEBUG:transfer.py:transfer successful!
INFO:circe.py:runtime_stat:{"task_name": "circe", "event": "new_output_file", "filename": "preagg7_lccdec7_3jobthscore7c6#19507327-6#04519060-6#29862005-6#58949129-6#76242213-6#56680912", "unix_time": 1620677714.4867811}
DEBUG:transfer.py:sshpass -p PASSWORD scp -P 5000 -o StrictHostKeyChecking=no /jupiter/circe_output/preagg7_lccdec7_3jobthscore7c6#19507327-6#04519060-6#29862005-6#58949129-6#76242213-6#56680912 root@10.96.168.94:/jupiter/circe_input/
DEBUG:transfer.py:transfer successful!
INFO:circe.py:runtime_stat:{"task_name": "circe", "event": "new_input_file", "filename": "score7b_preagg7_4jobth6#40971801-6#38279089-6#33786847-6#59958564-6#91891186-6#03234219", "unix_time": 1620677761.708503}
INFO:ccdag_utils.py:runtime_stat:{"task_name": "preagg7", "event": "queue_start_process", "filename": "score7b_preagg7_4jobth6#40971801-6#38279089-6#33786847-6#59958564-6#91891186-6#03234219", "unix_time": 1620677762.1139495}
INFO:circe.py:runtime_stat:{"task_name": "circe", "event": "new_input_file", "filename": "score7c_preagg7_4jobth6#40971801-6#38279089-6#33786847-6#59958564-6#91891186-6#03234219", "unix_time": 1620677762.51297}
INFO:ccdag_utils.py:runtime_stat:{"task_name": "preagg7", "event": "queue_start_process", "filename": "score7c_preagg7_4jobth6#40971801-6#38279089-6#33786847-6#59958564-6#91891186-6#03234219", "unix_time": 1620677763.1731708}
INFO:circe.py:runtime_stat:{"task_name": "circe", "event": "new_input_file", "filename": "score7a_preagg7_4jobth6#40971801-6#38279089-6#33786847-6#59958564-6#91891186-6#03234219", "unix_time": 1620677770.6831353}
INFO:ccdag_utils.py:runtime_stat:{"task_name": "preagg7", "event": "queue_start_process", "filename": "score7a_preagg7_4jobth6#40971801-6#38279089-6#33786847-6#59958564-6#91891186-6#03234219", "unix_time": 1620677771.2404814}
preagg7_lccdec7_4jobthscore7a6#40971801-6#38279089-6#33786847-6#59958564-6#91891186-6#03234219
INFO:circe.py:runtime_stat:{"task_name": "circe", "event": "new_output_file", "filename": "preagg7_lccdec7_4jobthscore7a6#40971801-6#38279089-6#33786847-6#59958564-6#91891186-6#03234219", "unix_time": 1620677771.304563}
DEBUG:transfer.py:sshpass -p PASSWORD scp -P 5000 -o StrictHostKeyChecking=no /jupiter/circe_output/preagg7_lccdec7_4jobthscore7a6#40971801-6#38279089-6#33786847-6#59958564-6#91891186-6#03234219 root@10.96.168.94:/jupiter/circe_input/
INFO:ccdag_utils.py:runtime_stat:{"task_name": "preagg7", "event": "queue_end_process", "filename": "preagg7_lccdec7_4jobthscore7a6#40971801-6#38279089-6#33786847-6#59958564-6#91891186-6#03234219", "unix_time": 1620677771.3089156}
preagg7_lccdec7_4jobthscore7b6#40971801-6#38279089-6#33786847-6#59958564-6#91891186-6#03234219
INFO:ccdag_utils.py:runtime_stat:{"task_name": "preagg7", "event": "queue_end_process", "filename": "preagg7_lccdec7_4jobthscore7b6#40971801-6#38279089-6#33786847-6#59958564-6#91891186-6#03234219", "unix_time": 1620677771.3153782}
preagg7_lccdec7_4jobthscore7c6#40971801-6#38279089-6#33786847-6#59958564-6#91891186-6#03234219
INFO:ccdag_utils.py:runtime_stat:{"task_name": "preagg7", "event": "queue_end_process", "filename": "preagg7_lccdec7_4jobthscore7c6#40971801-6#38279089-6#33786847-6#59958564-6#91891186-6#03234219", "unix_time": 1620677771.3237548}
DEBUG:transfer.py:transfer successful!
INFO:circe.py:runtime_stat:{"task_name": "circe", "event": "new_output_file", "filename": "preagg7_lccdec7_4jobthscore7b6#40971801-6#38279089-6#33786847-6#59958564-6#91891186-6#03234219", "unix_time": 1620677771.559714}
DEBUG:transfer.py:sshpass -p PASSWORD scp -P 5000 -o StrictHostKeyChecking=no /jupiter/circe_output/preagg7_lccdec7_4jobthscore7b6#40971801-6#38279089-6#33786847-6#59958564-6#91891186-6#03234219 root@10.96.168.94:/jupiter/circe_input/
DEBUG:transfer.py:transfer successful!
INFO:circe.py:runtime_stat:{"task_name": "circe", "event": "new_output_file", "filename": "preagg7_lccdec7_4jobthscore7c6#40971801-6#38279089-6#33786847-6#59958564-6#91891186-6#03234219", "unix_time": 1620677771.7790172}
DEBUG:transfer.py:sshpass -p PASSWORD scp -P 5000 -o StrictHostKeyChecking=no /jupiter/circe_output/preagg7_lccdec7_4jobthscore7c6#40971801-6#38279089-6#33786847-6#59958564-6#91891186-6#03234219 root@10.96.168.94:/jupiter/circe_input/
DEBUG:transfer.py:transfer successful!
INFO:circe.py:runtime_stat:{"task_name": "circe", "event": "new_input_file", "filename": "score7b_preagg7_5jobth6#31093489-6#57668537-6#31199338-6#67859555-6#31602483-6#77763153", "unix_time": 1620677805.2910194}
INFO:ccdag_utils.py:runtime_stat:{"task_name": "preagg7", "event": "queue_start_process", "filename": "score7b_preagg7_5jobth6#31093489-6#57668537-6#31199338-6#67859555-6#31602483-6#77763153", "unix_time": 1620677805.3609734}
INFO:circe.py:runtime_stat:{"task_name": "circe", "event": "new_input_file", "filename": "score7c_preagg7_5jobth6#31093489-6#57668537-6#31199338-6#67859555-6#31602483-6#77763153", "unix_time": 1620677806.0945134}
INFO:ccdag_utils.py:runtime_stat:{"task_name": "preagg7", "event": "queue_start_process", "filename": "score7c_preagg7_5jobth6#31093489-6#57668537-6#31199338-6#67859555-6#31602483-6#77763153", "unix_time": 1620677806.4251695}
INFO:circe.py:runtime_stat:{"task_name": "circe", "event": "new_input_file", "filename": "score7a_preagg7_5jobth6#31093489-6#57668537-6#31199338-6#67859555-6#31602483-6#77763153", "unix_time": 1620677814.2449243}
INFO:ccdag_utils.py:runtime_stat:{"task_name": "preagg7", "event": "queue_start_process", "filename": "score7a_preagg7_5jobth6#31093489-6#57668537-6#31199338-6#67859555-6#31602483-6#77763153", "unix_time": 1620677814.4982023}
preagg7_lccdec7_5jobthscore7a6#31093489-6#57668537-6#31199338-6#67859555-6#31602483-6#77763153
INFO:circe.py:runtime_stat:{"task_name": "circe", "event": "new_output_file", "filename": "preagg7_lccdec7_5jobthscore7a6#31093489-6#57668537-6#31199338-6#67859555-6#31602483-6#77763153", "unix_time": 1620677814.5572524}
DEBUG:transfer.py:sshpass -p PASSWORD scp -P 5000 -o StrictHostKeyChecking=no /jupiter/circe_output/preagg7_lccdec7_5jobthscore7a6#31093489-6#57668537-6#31199338-6#67859555-6#31602483-6#77763153 root@10.96.168.94:/jupiter/circe_input/
INFO:ccdag_utils.py:runtime_stat:{"task_name": "preagg7", "event": "queue_end_process", "filename": "preagg7_lccdec7_5jobthscore7a6#31093489-6#57668537-6#31199338-6#67859555-6#31602483-6#77763153", "unix_time": 1620677814.562663}
preagg7_lccdec7_5jobthscore7b6#31093489-6#57668537-6#31199338-6#67859555-6#31602483-6#77763153
INFO:ccdag_utils.py:runtime_stat:{"task_name": "preagg7", "event": "queue_end_process", "filename": "preagg7_lccdec7_5jobthscore7b6#31093489-6#57668537-6#31199338-6#67859555-6#31602483-6#77763153", "unix_time": 1620677814.5676541}
preagg7_lccdec7_5jobthscore7c6#31093489-6#57668537-6#31199338-6#67859555-6#31602483-6#77763153
INFO:ccdag_utils.py:runtime_stat:{"task_name": "preagg7", "event": "queue_end_process", "filename": "preagg7_lccdec7_5jobthscore7c6#31093489-6#57668537-6#31199338-6#67859555-6#31602483-6#77763153", "unix_time": 1620677814.57143}
DEBUG:transfer.py:transfer successful!
INFO:circe.py:runtime_stat:{"task_name": "circe", "event": "new_output_file", "filename": "preagg7_lccdec7_5jobthscore7b6#31093489-6#57668537-6#31199338-6#67859555-6#31602483-6#77763153", "unix_time": 1620677814.762288}
DEBUG:transfer.py:sshpass -p PASSWORD scp -P 5000 -o StrictHostKeyChecking=no /jupiter/circe_output/preagg7_lccdec7_5jobthscore7b6#31093489-6#57668537-6#31199338-6#67859555-6#31602483-6#77763153 root@10.96.168.94:/jupiter/circe_input/
DEBUG:transfer.py:transfer successful!
INFO:circe.py:runtime_stat:{"task_name": "circe", "event": "new_output_file", "filename": "preagg7_lccdec7_5jobthscore7c6#31093489-6#57668537-6#31199338-6#67859555-6#31602483-6#77763153", "unix_time": 1620677814.9652283}
DEBUG:transfer.py:sshpass -p PASSWORD scp -P 5000 -o StrictHostKeyChecking=no /jupiter/circe_output/preagg7_lccdec7_5jobthscore7c6#31093489-6#57668537-6#31199338-6#67859555-6#31602483-6#77763153 root@10.96.168.94:/jupiter/circe_input/
DEBUG:transfer.py:transfer successful!
INFO:circe.py:runtime_stat:{"task_name": "circe", "event": "new_input_file", "filename": "score7b_preagg7_6jobth6#67994247-6#03984422-6#27110087-6#19808068-6#32413831-6#25249112", "unix_time": 1620677829.8333294}
INFO:ccdag_utils.py:runtime_stat:{"task_name": "preagg7", "event": "queue_start_process", "filename": "score7b_preagg7_6jobth6#67994247-6#03984422-6#27110087-6#19808068-6#32413831-6#25249112", "unix_time": 1620677830.588759}
INFO:circe.py:runtime_stat:{"task_name": "circe", "event": "new_input_file", "filename": "score7c_preagg7_6jobth6#67994247-6#03984422-6#27110087-6#19808068-6#32413831-6#25249112", "unix_time": 1620677830.6111054}
INFO:ccdag_utils.py:runtime_stat:{"task_name": "preagg7", "event": "queue_start_process", "filename": "score7c_preagg7_6jobth6#67994247-6#03984422-6#27110087-6#19808068-6#32413831-6#25249112", "unix_time": 1620677830.6546402}
INFO:circe.py:runtime_stat:{"task_name": "circe", "event": "new_input_file", "filename": "score7a_preagg7_6jobth6#67994247-6#03984422-6#27110087-6#19808068-6#32413831-6#25249112", "unix_time": 1620677838.7561374}
INFO:ccdag_utils.py:runtime_stat:{"task_name": "preagg7", "event": "queue_start_process", "filename": "score7a_preagg7_6jobth6#67994247-6#03984422-6#27110087-6#19808068-6#32413831-6#25249112", "unix_time": 1620677839.7224672}
preagg7_lccdec7_6jobthscore7a6#67994247-6#03984422-6#27110087-6#19808068-6#32413831-6#25249112
INFO:circe.py:runtime_stat:{"task_name": "circe", "event": "new_output_file", "filename": "preagg7_lccdec7_6jobthscore7a6#67994247-6#03984422-6#27110087-6#19808068-6#32413831-6#25249112", "unix_time": 1620677839.7905157}
DEBUG:transfer.py:sshpass -p PASSWORD scp -P 5000 -o StrictHostKeyChecking=no /jupiter/circe_output/preagg7_lccdec7_6jobthscore7a6#67994247-6#03984422-6#27110087-6#19808068-6#32413831-6#25249112 root@10.96.168.94:/jupiter/circe_input/
INFO:ccdag_utils.py:runtime_stat:{"task_name": "preagg7", "event": "queue_end_process", "filename": "preagg7_lccdec7_6jobthscore7a6#67994247-6#03984422-6#27110087-6#19808068-6#32413831-6#25249112", "unix_time": 1620677839.7951782}
preagg7_lccdec7_6jobthscore7b6#67994247-6#03984422-6#27110087-6#19808068-6#32413831-6#25249112
INFO:ccdag_utils.py:runtime_stat:{"task_name": "preagg7", "event": "queue_end_process", "filename": "preagg7_lccdec7_6jobthscore7b6#67994247-6#03984422-6#27110087-6#19808068-6#32413831-6#25249112", "unix_time": 1620677839.8001726}
preagg7_lccdec7_6jobthscore7c6#67994247-6#03984422-6#27110087-6#19808068-6#32413831-6#25249112
INFO:ccdag_utils.py:runtime_stat:{"task_name": "preagg7", "event": "queue_end_process", "filename": "preagg7_lccdec7_6jobthscore7c6#67994247-6#03984422-6#27110087-6#19808068-6#32413831-6#25249112", "unix_time": 1620677839.8048542}
DEBUG:transfer.py:transfer successful!
INFO:circe.py:runtime_stat:{"task_name": "circe", "event": "new_output_file", "filename": "preagg7_lccdec7_6jobthscore7b6#67994247-6#03984422-6#27110087-6#19808068-6#32413831-6#25249112", "unix_time": 1620677840.0026948}
DEBUG:transfer.py:sshpass -p PASSWORD scp -P 5000 -o StrictHostKeyChecking=no /jupiter/circe_output/preagg7_lccdec7_6jobthscore7b6#67994247-6#03984422-6#27110087-6#19808068-6#32413831-6#25249112 root@10.96.168.94:/jupiter/circe_input/
DEBUG:transfer.py:transfer successful!
INFO:circe.py:runtime_stat:{"task_name": "circe", "event": "new_output_file", "filename": "preagg7_lccdec7_6jobthscore7c6#67994247-6#03984422-6#27110087-6#19808068-6#32413831-6#25249112", "unix_time": 1620677840.2044277}
DEBUG:transfer.py:sshpass -p PASSWORD scp -P 5000 -o StrictHostKeyChecking=no /jupiter/circe_output/preagg7_lccdec7_6jobthscore7c6#67994247-6#03984422-6#27110087-6#19808068-6#32413831-6#25249112 root@10.96.168.94:/jupiter/circe_input/
DEBUG:transfer.py:transfer successful!
