 * Starting OpenBSD Secure Shell server sshd
   ...done.
INFO:circe.py:Using base script lccdec.py
DEBUG:circe.py:starting the input monitoring process
DEBUG:circe.py:starting the output monitoring process
INFO:circe.py:runtime_stat:{"task_name": "circe", "event": "new_input_file", "filename": "preagg2_lccdec2_1jobthscore2a1#63771363-1#85565961-1#05735376-1#74082537-1#04445471-1#50029144", "unix_time": 1620677873.7144015}
INFO:lccdec.py:lccdec2: file rcvd from preagg2 : preagg2_lccdec2_1jobthscore2a1#63771363-1#85565961-1#05735376-1#74082537-1#04445471-1#50029144
INFO:ccdag_utils.py:runtime_stat:{"task_name": "lccdec2", "event": "queue_start_process", "filename": "preagg2_lccdec2_1jobthscore2a1#63771363-1#85565961-1#05735376-1#74082537-1#04445471-1#50029144", "unix_time": 1620677873.7155263}
INFO:circe.py:runtime_stat:{"task_name": "circe", "event": "new_input_file", "filename": "preagg2_lccdec2_1jobthscore2b1#63771363-1#85565961-1#05735376-1#74082537-1#04445471-1#50029144", "unix_time": 1620677873.942036}
INFO:lccdec.py:lccdec2: file rcvd from preagg2 : preagg2_lccdec2_1jobthscore2b1#63771363-1#85565961-1#05735376-1#74082537-1#04445471-1#50029144
INFO:ccdag_utils.py:runtime_stat:{"task_name": "lccdec2", "event": "queue_start_process", "filename": "preagg2_lccdec2_1jobthscore2b1#63771363-1#85565961-1#05735376-1#74082537-1#04445471-1#50029144", "unix_time": 1620677873.942747}
INFO:circe.py:runtime_stat:{"task_name": "circe", "event": "new_input_file", "filename": "preagg2_lccdec2_1jobthscore2c1#63771363-1#85565961-1#05735376-1#74082537-1#04445471-1#50029144", "unix_time": 1620677874.1591895}
INFO:lccdec.py:lccdec2: file rcvd from preagg2 : preagg2_lccdec2_1jobthscore2c1#63771363-1#85565961-1#05735376-1#74082537-1#04445471-1#50029144
INFO:ccdag_utils.py:runtime_stat:{"task_name": "lccdec2", "event": "queue_start_process", "filename": "preagg2_lccdec2_1jobthscore2c1#63771363-1#85565961-1#05735376-1#74082537-1#04445471-1#50029144", "unix_time": 1620677874.1596966}
INFO:circe.py:runtime_stat:{"task_name": "circe", "event": "new_output_file", "filename": "lccdec2_home_1jobth1#63771363-1#85565961-1#05735376-1#74082537-1#04445471-1#50029144", "unix_time": 1620677874.1915946}
DEBUG:transfer.py:sshpass -p PASSWORD scp -P 5000 -o StrictHostKeyChecking=no /jupiter/circe_output/lccdec2_home_1jobth1#63771363-1#85565961-1#05735376-1#74082537-1#04445471-1#50029144 root@10.110.241.199:/jupiter/circe_input/
INFO:ccdag_utils.py:runtime_stat:{"task_name": "lccdec2", "event": "queue_end_process", "filename": "lccdec2_home_1jobth1#63771363-1#85565961-1#05735376-1#74082537-1#04445471-1#50029144", "unix_time": 1620677874.196007}
Warning: Permanently added '[10.110.241.199]:5000' (ECDSA) to the list of known hosts.
DEBUG:transfer.py:transfer successful!
INFO:circe.py:runtime_stat:{"task_name": "circe", "event": "new_input_file", "filename": "preagg2_lccdec2_2jobthscore2a1#04247066-1#10056802-1#54183291-1#51733030-1#59111154-1#20605207", "unix_time": 1620677892.9833336}
INFO:lccdec.py:lccdec2: file rcvd from preagg2 : preagg2_lccdec2_2jobthscore2a1#04247066-1#10056802-1#54183291-1#51733030-1#59111154-1#20605207
INFO:ccdag_utils.py:runtime_stat:{"task_name": "lccdec2", "event": "queue_start_process", "filename": "preagg2_lccdec2_2jobthscore2a1#04247066-1#10056802-1#54183291-1#51733030-1#59111154-1#20605207", "unix_time": 1620677892.9841251}
INFO:circe.py:runtime_stat:{"task_name": "circe", "event": "new_input_file", "filename": "preagg2_lccdec2_2jobthscore2b1#04247066-1#10056802-1#54183291-1#51733030-1#59111154-1#20605207", "unix_time": 1620677893.209594}
INFO:lccdec.py:lccdec2: file rcvd from preagg2 : preagg2_lccdec2_2jobthscore2b1#04247066-1#10056802-1#54183291-1#51733030-1#59111154-1#20605207
INFO:ccdag_utils.py:runtime_stat:{"task_name": "lccdec2", "event": "queue_start_process", "filename": "preagg2_lccdec2_2jobthscore2b1#04247066-1#10056802-1#54183291-1#51733030-1#59111154-1#20605207", "unix_time": 1620677893.2102032}
INFO:circe.py:runtime_stat:{"task_name": "circe", "event": "new_input_file", "filename": "preagg2_lccdec2_2jobthscore2c1#04247066-1#10056802-1#54183291-1#51733030-1#59111154-1#20605207", "unix_time": 1620677893.471895}
INFO:lccdec.py:lccdec2: file rcvd from preagg2 : preagg2_lccdec2_2jobthscore2c1#04247066-1#10056802-1#54183291-1#51733030-1#59111154-1#20605207
INFO:ccdag_utils.py:runtime_stat:{"task_name": "lccdec2", "event": "queue_start_process", "filename": "preagg2_lccdec2_2jobthscore2c1#04247066-1#10056802-1#54183291-1#51733030-1#59111154-1#20605207", "unix_time": 1620677893.4738173}
INFO:circe.py:runtime_stat:{"task_name": "circe", "event": "new_output_file", "filename": "lccdec2_home_2jobth1#04247066-1#10056802-1#54183291-1#51733030-1#59111154-1#20605207", "unix_time": 1620677893.5054188}
DEBUG:transfer.py:sshpass -p PASSWORD scp -P 5000 -o StrictHostKeyChecking=no /jupiter/circe_output/lccdec2_home_2jobth1#04247066-1#10056802-1#54183291-1#51733030-1#59111154-1#20605207 root@10.110.241.199:/jupiter/circe_input/
INFO:ccdag_utils.py:runtime_stat:{"task_name": "lccdec2", "event": "queue_end_process", "filename": "lccdec2_home_2jobth1#04247066-1#10056802-1#54183291-1#51733030-1#59111154-1#20605207", "unix_time": 1620677893.5115962}
DEBUG:transfer.py:transfer successful!
INFO:circe.py:runtime_stat:{"task_name": "circe", "event": "new_input_file", "filename": "preagg2_lccdec2_3jobthscore2a1#57461598-1#74394321-1#40923044-1#10351554-1#46219395-1#70582224", "unix_time": 1620677950.2635705}
INFO:lccdec.py:lccdec2: file rcvd from preagg2 : preagg2_lccdec2_3jobthscore2a1#57461598-1#74394321-1#40923044-1#10351554-1#46219395-1#70582224
INFO:ccdag_utils.py:runtime_stat:{"task_name": "lccdec2", "event": "queue_start_process", "filename": "preagg2_lccdec2_3jobthscore2a1#57461598-1#74394321-1#40923044-1#10351554-1#46219395-1#70582224", "unix_time": 1620677950.2644389}
INFO:circe.py:runtime_stat:{"task_name": "circe", "event": "new_input_file", "filename": "preagg2_lccdec2_3jobthscore2b1#57461598-1#74394321-1#40923044-1#10351554-1#46219395-1#70582224", "unix_time": 1620677950.4837873}
INFO:lccdec.py:lccdec2: file rcvd from preagg2 : preagg2_lccdec2_3jobthscore2b1#57461598-1#74394321-1#40923044-1#10351554-1#46219395-1#70582224
INFO:ccdag_utils.py:runtime_stat:{"task_name": "lccdec2", "event": "queue_start_process", "filename": "preagg2_lccdec2_3jobthscore2b1#57461598-1#74394321-1#40923044-1#10351554-1#46219395-1#70582224", "unix_time": 1620677950.484701}
INFO:circe.py:runtime_stat:{"task_name": "circe", "event": "new_input_file", "filename": "preagg2_lccdec2_3jobthscore2c1#57461598-1#74394321-1#40923044-1#10351554-1#46219395-1#70582224", "unix_time": 1620677950.7008436}
INFO:lccdec.py:lccdec2: file rcvd from preagg2 : preagg2_lccdec2_3jobthscore2c1#57461598-1#74394321-1#40923044-1#10351554-1#46219395-1#70582224
INFO:ccdag_utils.py:runtime_stat:{"task_name": "lccdec2", "event": "queue_start_process", "filename": "preagg2_lccdec2_3jobthscore2c1#57461598-1#74394321-1#40923044-1#10351554-1#46219395-1#70582224", "unix_time": 1620677950.701925}
INFO:circe.py:runtime_stat:{"task_name": "circe", "event": "new_output_file", "filename": "lccdec2_home_3jobth1#57461598-1#74394321-1#40923044-1#10351554-1#46219395-1#70582224", "unix_time": 1620677950.7230806}
DEBUG:transfer.py:sshpass -p PASSWORD scp -P 5000 -o StrictHostKeyChecking=no /jupiter/circe_output/lccdec2_home_3jobth1#57461598-1#74394321-1#40923044-1#10351554-1#46219395-1#70582224 root@10.110.241.199:/jupiter/circe_input/
INFO:ccdag_utils.py:runtime_stat:{"task_name": "lccdec2", "event": "queue_end_process", "filename": "lccdec2_home_3jobth1#57461598-1#74394321-1#40923044-1#10351554-1#46219395-1#70582224", "unix_time": 1620677950.7291517}
DEBUG:transfer.py:transfer successful!
INFO:circe.py:runtime_stat:{"task_name": "circe", "event": "new_input_file", "filename": "preagg2_lccdec2_4jobthscore2a1#49197062-1#78854272-1#58457373-1#68918854-1#94952123-1#00719937", "unix_time": 1620677995.5116117}
INFO:lccdec.py:lccdec2: file rcvd from preagg2 : preagg2_lccdec2_4jobthscore2a1#49197062-1#78854272-1#58457373-1#68918854-1#94952123-1#00719937
INFO:ccdag_utils.py:runtime_stat:{"task_name": "lccdec2", "event": "queue_start_process", "filename": "preagg2_lccdec2_4jobthscore2a1#49197062-1#78854272-1#58457373-1#68918854-1#94952123-1#00719937", "unix_time": 1620677995.513075}
INFO:circe.py:runtime_stat:{"task_name": "circe", "event": "new_input_file", "filename": "preagg2_lccdec2_4jobthscore2b1#49197062-1#78854272-1#58457373-1#68918854-1#94952123-1#00719937", "unix_time": 1620677995.7229378}
INFO:lccdec.py:lccdec2: file rcvd from preagg2 : preagg2_lccdec2_4jobthscore2b1#49197062-1#78854272-1#58457373-1#68918854-1#94952123-1#00719937
INFO:ccdag_utils.py:runtime_stat:{"task_name": "lccdec2", "event": "queue_start_process", "filename": "preagg2_lccdec2_4jobthscore2b1#49197062-1#78854272-1#58457373-1#68918854-1#94952123-1#00719937", "unix_time": 1620677995.7238147}
INFO:circe.py:runtime_stat:{"task_name": "circe", "event": "new_input_file", "filename": "preagg2_lccdec2_4jobthscore2c1#49197062-1#78854272-1#58457373-1#68918854-1#94952123-1#00719937", "unix_time": 1620677995.9457526}
INFO:lccdec.py:lccdec2: file rcvd from preagg2 : preagg2_lccdec2_4jobthscore2c1#49197062-1#78854272-1#58457373-1#68918854-1#94952123-1#00719937
INFO:ccdag_utils.py:runtime_stat:{"task_name": "lccdec2", "event": "queue_start_process", "filename": "preagg2_lccdec2_4jobthscore2c1#49197062-1#78854272-1#58457373-1#68918854-1#94952123-1#00719937", "unix_time": 1620677995.946456}
INFO:circe.py:runtime_stat:{"task_name": "circe", "event": "new_output_file", "filename": "lccdec2_home_4jobth1#49197062-1#78854272-1#58457373-1#68918854-1#94952123-1#00719937", "unix_time": 1620677995.9710562}
DEBUG:transfer.py:sshpass -p PASSWORD scp -P 5000 -o StrictHostKeyChecking=no /jupiter/circe_output/lccdec2_home_4jobth1#49197062-1#78854272-1#58457373-1#68918854-1#94952123-1#00719937 root@10.110.241.199:/jupiter/circe_input/
INFO:ccdag_utils.py:runtime_stat:{"task_name": "lccdec2", "event": "queue_end_process", "filename": "lccdec2_home_4jobth1#49197062-1#78854272-1#58457373-1#68918854-1#94952123-1#00719937", "unix_time": 1620677995.9755125}
DEBUG:transfer.py:transfer successful!
INFO:circe.py:runtime_stat:{"task_name": "circe", "event": "new_input_file", "filename": "preagg2_lccdec2_5jobthscore2a1#59053837-1#82465381-1#16211780-1#48919687-1#23152098-1#13517727", "unix_time": 1620678036.76309}
INFO:lccdec.py:lccdec2: file rcvd from preagg2 : preagg2_lccdec2_5jobthscore2a1#59053837-1#82465381-1#16211780-1#48919687-1#23152098-1#13517727
INFO:ccdag_utils.py:runtime_stat:{"task_name": "lccdec2", "event": "queue_start_process", "filename": "preagg2_lccdec2_5jobthscore2a1#59053837-1#82465381-1#16211780-1#48919687-1#23152098-1#13517727", "unix_time": 1620678036.7636812}
INFO:circe.py:runtime_stat:{"task_name": "circe", "event": "new_input_file", "filename": "preagg2_lccdec2_5jobthscore2b1#59053837-1#82465381-1#16211780-1#48919687-1#23152098-1#13517727", "unix_time": 1620678036.9840107}
INFO:lccdec.py:lccdec2: file rcvd from preagg2 : preagg2_lccdec2_5jobthscore2b1#59053837-1#82465381-1#16211780-1#48919687-1#23152098-1#13517727
INFO:ccdag_utils.py:runtime_stat:{"task_name": "lccdec2", "event": "queue_start_process", "filename": "preagg2_lccdec2_5jobthscore2b1#59053837-1#82465381-1#16211780-1#48919687-1#23152098-1#13517727", "unix_time": 1620678036.9847844}
INFO:circe.py:runtime_stat:{"task_name": "circe", "event": "new_input_file", "filename": "preagg2_lccdec2_5jobthscore2c1#59053837-1#82465381-1#16211780-1#48919687-1#23152098-1#13517727", "unix_time": 1620678037.196711}
INFO:lccdec.py:lccdec2: file rcvd from preagg2 : preagg2_lccdec2_5jobthscore2c1#59053837-1#82465381-1#16211780-1#48919687-1#23152098-1#13517727
INFO:ccdag_utils.py:runtime_stat:{"task_name": "lccdec2", "event": "queue_start_process", "filename": "preagg2_lccdec2_5jobthscore2c1#59053837-1#82465381-1#16211780-1#48919687-1#23152098-1#13517727", "unix_time": 1620678037.1977413}
INFO:circe.py:runtime_stat:{"task_name": "circe", "event": "new_output_file", "filename": "lccdec2_home_5jobth1#59053837-1#82465381-1#16211780-1#48919687-1#23152098-1#13517727", "unix_time": 1620678037.221038}
DEBUG:transfer.py:sshpass -p PASSWORD scp -P 5000 -o StrictHostKeyChecking=no /jupiter/circe_output/lccdec2_home_5jobth1#59053837-1#82465381-1#16211780-1#48919687-1#23152098-1#13517727 root@10.110.241.199:/jupiter/circe_input/
INFO:ccdag_utils.py:runtime_stat:{"task_name": "lccdec2", "event": "queue_end_process", "filename": "lccdec2_home_5jobth1#59053837-1#82465381-1#16211780-1#48919687-1#23152098-1#13517727", "unix_time": 1620678037.225779}
DEBUG:transfer.py:transfer successful!
