 * Starting OpenBSD Secure Shell server sshd
   ...done.
INFO:circe.py:Using base script score.py
DEBUG:circe.py:starting the input monitoring process
DEBUG:circe.py:starting the output monitoring process
INFO:circe.py:runtime_stat:{"task_name": "circe", "event": "new_input_file", "filename": "lccenc8_score8c_7#25569509-7#33392092-7#39354678-7#92208573-7#01840733-7#78570541jobid1.csv", "unix_time": 1620677737.9354677}
INFO:ccdag_utils.py:runtime_stat:{"task_name": "score8c", "event": "queue_start_process", "filename": "lccenc8_score8c_7#25569509-7#33392092-7#39354678-7#92208573-7#01840733-7#78570541jobid1.csv", "unix_time": 1620677738.484329}
['mongoose21.JPEG', 'mongoose22.JPEG', 'mongoose23.JPEG', 'mongoose24.JPEG', 'mongoose25.JPEG', 'mongoose26.JPEG', 'mongoose27.JPEG', 'mongoose28.JPEG', 'mongoose29.JPEG', 'mongoose30.JPEG']
INFO:circe.py:runtime_stat:{"task_name": "circe", "event": "new_output_file", "filename": "score8c_preagg8_1jobth7#25569509-7#33392092-7#39354678-7#92208573-7#01840733-7#78570541", "unix_time": 1620677740.3419962}
DEBUG:transfer.py:sshpass -p PASSWORD scp -P 5000 -o StrictHostKeyChecking=no /jupiter/circe_output/score8c_preagg8_1jobth7#25569509-7#33392092-7#39354678-7#92208573-7#01840733-7#78570541 root@10.101.191.159:/jupiter/circe_input/
INFO:ccdag_utils.py:runtime_stat:{"task_name": "score8c", "event": "queue_end_process", "filename": "score8c_preagg8_1jobth7#25569509-7#33392092-7#39354678-7#92208573-7#01840733-7#78570541", "unix_time": 1620677740.3487222}
Warning: Permanently added '[10.101.191.159]:5000' (ECDSA) to the list of known hosts.
DEBUG:transfer.py:transfer successful!
INFO:circe.py:runtime_stat:{"task_name": "circe", "event": "new_input_file", "filename": "lccenc8_score8c_7#62885722-7#45301703-7#08373892-7#12845189-7#12248933-7#62621810jobid2.csv", "unix_time": 1620677816.1563542}
INFO:ccdag_utils.py:runtime_stat:{"task_name": "score8c", "event": "queue_start_process", "filename": "lccenc8_score8c_7#62885722-7#45301703-7#08373892-7#12845189-7#12248933-7#62621810jobid2.csv", "unix_time": 1620677816.4237883}
['mongoose21.JPEG', 'mongoose22.JPEG', 'mongoose23.JPEG', 'mongoose24.JPEG', 'mongoose25.JPEG', 'mongoose26.JPEG', 'mongoose27.JPEG', 'mongoose28.JPEG', 'mongoose29.JPEG', 'mongoose30.JPEG']
INFO:circe.py:runtime_stat:{"task_name": "circe", "event": "new_output_file", "filename": "score8c_preagg8_2jobth7#62885722-7#45301703-7#08373892-7#12845189-7#12248933-7#62621810", "unix_time": 1620677817.9373639}
DEBUG:transfer.py:sshpass -p PASSWORD scp -P 5000 -o StrictHostKeyChecking=no /jupiter/circe_output/score8c_preagg8_2jobth7#62885722-7#45301703-7#08373892-7#12845189-7#12248933-7#62621810 root@10.101.191.159:/jupiter/circe_input/
INFO:ccdag_utils.py:runtime_stat:{"task_name": "score8c", "event": "queue_end_process", "filename": "score8c_preagg8_2jobth7#62885722-7#45301703-7#08373892-7#12845189-7#12248933-7#62621810", "unix_time": 1620677817.9443715}
DEBUG:transfer.py:transfer successful!
INFO:circe.py:runtime_stat:{"task_name": "circe", "event": "new_input_file", "filename": "lccenc8_score8c_7#74004617-7#83076727-7#29379685-7#30976788-7#30445493-7#48727824jobid3.csv", "unix_time": 1620677872.3205898}
INFO:ccdag_utils.py:runtime_stat:{"task_name": "score8c", "event": "queue_start_process", "filename": "lccenc8_score8c_7#74004617-7#83076727-7#29379685-7#30976788-7#30445493-7#48727824jobid3.csv", "unix_time": 1620677873.0009367}
['mongoose21.JPEG', 'mongoose22.JPEG', 'mongoose23.JPEG', 'mongoose24.JPEG', 'mongoose25.JPEG', 'mongoose26.JPEG', 'mongoose27.JPEG', 'mongoose28.JPEG', 'mongoose29.JPEG', 'mongoose30.JPEG']
INFO:circe.py:runtime_stat:{"task_name": "circe", "event": "new_output_file", "filename": "score8c_preagg8_3jobth7#74004617-7#83076727-7#29379685-7#30976788-7#30445493-7#48727824", "unix_time": 1620677874.5559554}
DEBUG:transfer.py:sshpass -p PASSWORD scp -P 5000 -o StrictHostKeyChecking=no /jupiter/circe_output/score8c_preagg8_3jobth7#74004617-7#83076727-7#29379685-7#30976788-7#30445493-7#48727824 root@10.101.191.159:/jupiter/circe_input/
INFO:ccdag_utils.py:runtime_stat:{"task_name": "score8c", "event": "queue_end_process", "filename": "score8c_preagg8_3jobth7#74004617-7#83076727-7#29379685-7#30976788-7#30445493-7#48727824", "unix_time": 1620677874.562469}
DEBUG:transfer.py:transfer successful!
