 * Starting OpenBSD Secure Shell server sshd
   ...done.
INFO:circe.py:Using base script preagg.py
DEBUG:circe.py:starting the input monitoring process
DEBUG:circe.py:starting the output monitoring process
2
INFO:circe.py:runtime_stat:{"task_name": "circe", "event": "new_input_file", "filename": "score2b_preagg2_1jobth1#63771363-1#85565961-1#05735376-1#74082537-1#04445471-1#50029144", "unix_time": 1620677863.3081493}
INFO:circe.py:runtime_stat:{"task_name": "circe", "event": "new_input_file", "filename": "score2c_preagg2_1jobth1#63771363-1#85565961-1#05735376-1#74082537-1#04445471-1#50029144", "unix_time": 1620677863.3089118}
INFO:ccdag_utils.py:runtime_stat:{"task_name": "preagg2", "event": "queue_start_process", "filename": "score2b_preagg2_1jobth1#63771363-1#85565961-1#05735376-1#74082537-1#04445471-1#50029144", "unix_time": 1620677864.2864366}
INFO:ccdag_utils.py:runtime_stat:{"task_name": "preagg2", "event": "queue_start_process", "filename": "score2c_preagg2_1jobth1#63771363-1#85565961-1#05735376-1#74082537-1#04445471-1#50029144", "unix_time": 1620677864.3609633}
INFO:circe.py:runtime_stat:{"task_name": "circe", "event": "new_input_file", "filename": "score2a_preagg2_1jobth1#63771363-1#85565961-1#05735376-1#74082537-1#04445471-1#50029144", "unix_time": 1620677872.9855864}
INFO:ccdag_utils.py:runtime_stat:{"task_name": "preagg2", "event": "queue_start_process", "filename": "score2a_preagg2_1jobth1#63771363-1#85565961-1#05735376-1#74082537-1#04445471-1#50029144", "unix_time": 1620677873.4289887}
preagg2_lccdec2_1jobthscore2a1#63771363-1#85565961-1#05735376-1#74082537-1#04445471-1#50029144
INFO:circe.py:runtime_stat:{"task_name": "circe", "event": "new_output_file", "filename": "preagg2_lccdec2_1jobthscore2a1#63771363-1#85565961-1#05735376-1#74082537-1#04445471-1#50029144", "unix_time": 1620677873.4997442}
DEBUG:transfer.py:sshpass -p PASSWORD scp -P 5000 -o StrictHostKeyChecking=no /jupiter/circe_output/preagg2_lccdec2_1jobthscore2a1#63771363-1#85565961-1#05735376-1#74082537-1#04445471-1#50029144 root@10.109.128.128:/jupiter/circe_input/
INFO:ccdag_utils.py:runtime_stat:{"task_name": "preagg2", "event": "queue_end_process", "filename": "preagg2_lccdec2_1jobthscore2a1#63771363-1#85565961-1#05735376-1#74082537-1#04445471-1#50029144", "unix_time": 1620677873.5064695}
preagg2_lccdec2_1jobthscore2b1#63771363-1#85565961-1#05735376-1#74082537-1#04445471-1#50029144
INFO:ccdag_utils.py:runtime_stat:{"task_name": "preagg2", "event": "queue_end_process", "filename": "preagg2_lccdec2_1jobthscore2b1#63771363-1#85565961-1#05735376-1#74082537-1#04445471-1#50029144", "unix_time": 1620677873.5126169}
preagg2_lccdec2_1jobthscore2c1#63771363-1#85565961-1#05735376-1#74082537-1#04445471-1#50029144
INFO:ccdag_utils.py:runtime_stat:{"task_name": "preagg2", "event": "queue_end_process", "filename": "preagg2_lccdec2_1jobthscore2c1#63771363-1#85565961-1#05735376-1#74082537-1#04445471-1#50029144", "unix_time": 1620677873.5178587}
Warning: Permanently added '[10.109.128.128]:5000' (ECDSA) to the list of known hosts.
DEBUG:transfer.py:transfer successful!
INFO:circe.py:runtime_stat:{"task_name": "circe", "event": "new_output_file", "filename": "preagg2_lccdec2_1jobthscore2b1#63771363-1#85565961-1#05735376-1#74082537-1#04445471-1#50029144", "unix_time": 1620677873.7203746}
DEBUG:transfer.py:sshpass -p PASSWORD scp -P 5000 -o StrictHostKeyChecking=no /jupiter/circe_output/preagg2_lccdec2_1jobthscore2b1#63771363-1#85565961-1#05735376-1#74082537-1#04445471-1#50029144 root@10.109.128.128:/jupiter/circe_input/
DEBUG:transfer.py:transfer successful!
INFO:circe.py:runtime_stat:{"task_name": "circe", "event": "new_output_file", "filename": "preagg2_lccdec2_1jobthscore2c1#63771363-1#85565961-1#05735376-1#74082537-1#04445471-1#50029144", "unix_time": 1620677873.946614}
DEBUG:transfer.py:sshpass -p PASSWORD scp -P 5000 -o StrictHostKeyChecking=no /jupiter/circe_output/preagg2_lccdec2_1jobthscore2c1#63771363-1#85565961-1#05735376-1#74082537-1#04445471-1#50029144 root@10.109.128.128:/jupiter/circe_input/
DEBUG:transfer.py:transfer successful!
INFO:circe.py:runtime_stat:{"task_name": "circe", "event": "new_input_file", "filename": "score2b_preagg2_2jobth1#04247066-1#10056802-1#54183291-1#51733030-1#59111154-1#20605207", "unix_time": 1620677883.6025403}
INFO:ccdag_utils.py:runtime_stat:{"task_name": "preagg2", "event": "queue_start_process", "filename": "score2b_preagg2_2jobth1#04247066-1#10056802-1#54183291-1#51733030-1#59111154-1#20605207", "unix_time": 1620677884.53063}
INFO:circe.py:runtime_stat:{"task_name": "circe", "event": "new_input_file", "filename": "score2c_preagg2_2jobth1#04247066-1#10056802-1#54183291-1#51733030-1#59111154-1#20605207", "unix_time": 1620677884.7709763}
INFO:ccdag_utils.py:runtime_stat:{"task_name": "preagg2", "event": "queue_start_process", "filename": "score2c_preagg2_2jobth1#04247066-1#10056802-1#54183291-1#51733030-1#59111154-1#20605207", "unix_time": 1620677885.604418}
INFO:circe.py:runtime_stat:{"task_name": "circe", "event": "new_input_file", "filename": "score2a_preagg2_2jobth1#04247066-1#10056802-1#54183291-1#51733030-1#59111154-1#20605207", "unix_time": 1620677892.657287}
INFO:ccdag_utils.py:runtime_stat:{"task_name": "preagg2", "event": "queue_start_process", "filename": "score2a_preagg2_2jobth1#04247066-1#10056802-1#54183291-1#51733030-1#59111154-1#20605207", "unix_time": 1620677892.672535}
preagg2_lccdec2_2jobthscore2a1#04247066-1#10056802-1#54183291-1#51733030-1#59111154-1#20605207
INFO:ccdag_utils.py:runtime_stat:{"task_name": "preagg2", "event": "queue_end_process", "filename": "preagg2_lccdec2_2jobthscore2a1#04247066-1#10056802-1#54183291-1#51733030-1#59111154-1#20605207", "unix_time": 1620677892.7573829}
INFO:circe.py:runtime_stat:{"task_name": "circe", "event": "new_output_file", "filename": "preagg2_lccdec2_2jobthscore2a1#04247066-1#10056802-1#54183291-1#51733030-1#59111154-1#20605207", "unix_time": 1620677892.7604206}
DEBUG:transfer.py:sshpass -p PASSWORD scp -P 5000 -o StrictHostKeyChecking=no /jupiter/circe_output/preagg2_lccdec2_2jobthscore2a1#04247066-1#10056802-1#54183291-1#51733030-1#59111154-1#20605207 root@10.109.128.128:/jupiter/circe_input/
preagg2_lccdec2_2jobthscore2b1#04247066-1#10056802-1#54183291-1#51733030-1#59111154-1#20605207
INFO:ccdag_utils.py:runtime_stat:{"task_name": "preagg2", "event": "queue_end_process", "filename": "preagg2_lccdec2_2jobthscore2b1#04247066-1#10056802-1#54183291-1#51733030-1#59111154-1#20605207", "unix_time": 1620677892.7745938}
preagg2_lccdec2_2jobthscore2c1#04247066-1#10056802-1#54183291-1#51733030-1#59111154-1#20605207
INFO:ccdag_utils.py:runtime_stat:{"task_name": "preagg2", "event": "queue_end_process", "filename": "preagg2_lccdec2_2jobthscore2c1#04247066-1#10056802-1#54183291-1#51733030-1#59111154-1#20605207", "unix_time": 1620677892.7817645}
DEBUG:transfer.py:transfer successful!
INFO:circe.py:runtime_stat:{"task_name": "circe", "event": "new_output_file", "filename": "preagg2_lccdec2_2jobthscore2b1#04247066-1#10056802-1#54183291-1#51733030-1#59111154-1#20605207", "unix_time": 1620677892.9900317}
DEBUG:transfer.py:sshpass -p PASSWORD scp -P 5000 -o StrictHostKeyChecking=no /jupiter/circe_output/preagg2_lccdec2_2jobthscore2b1#04247066-1#10056802-1#54183291-1#51733030-1#59111154-1#20605207 root@10.109.128.128:/jupiter/circe_input/
DEBUG:transfer.py:transfer successful!
INFO:circe.py:runtime_stat:{"task_name": "circe", "event": "new_output_file", "filename": "preagg2_lccdec2_2jobthscore2c1#04247066-1#10056802-1#54183291-1#51733030-1#59111154-1#20605207", "unix_time": 1620677893.2154665}
DEBUG:transfer.py:sshpass -p PASSWORD scp -P 5000 -o StrictHostKeyChecking=no /jupiter/circe_output/preagg2_lccdec2_2jobthscore2c1#04247066-1#10056802-1#54183291-1#51733030-1#59111154-1#20605207 root@10.109.128.128:/jupiter/circe_input/
DEBUG:transfer.py:transfer successful!
INFO:circe.py:runtime_stat:{"task_name": "circe", "event": "new_input_file", "filename": "score2b_preagg2_3jobth1#57461598-1#74394321-1#40923044-1#10351554-1#46219395-1#70582224", "unix_time": 1620677940.1464596}
INFO:ccdag_utils.py:runtime_stat:{"task_name": "preagg2", "event": "queue_start_process", "filename": "score2b_preagg2_3jobth1#57461598-1#74394321-1#40923044-1#10351554-1#46219395-1#70582224", "unix_time": 1620677940.8335242}
INFO:circe.py:runtime_stat:{"task_name": "circe", "event": "new_input_file", "filename": "score2c_preagg2_3jobth1#57461598-1#74394321-1#40923044-1#10351554-1#46219395-1#70582224", "unix_time": 1620677941.3607185}
INFO:ccdag_utils.py:runtime_stat:{"task_name": "preagg2", "event": "queue_start_process", "filename": "score2c_preagg2_3jobth1#57461598-1#74394321-1#40923044-1#10351554-1#46219395-1#70582224", "unix_time": 1620677941.9050982}
INFO:circe.py:runtime_stat:{"task_name": "circe", "event": "new_input_file", "filename": "score2a_preagg2_3jobth1#57461598-1#74394321-1#40923044-1#10351554-1#46219395-1#70582224", "unix_time": 1620677949.1874635}
INFO:ccdag_utils.py:runtime_stat:{"task_name": "preagg2", "event": "queue_start_process", "filename": "score2a_preagg2_3jobth1#57461598-1#74394321-1#40923044-1#10351554-1#46219395-1#70582224", "unix_time": 1620677949.9754353}
preagg2_lccdec2_3jobthscore2a1#57461598-1#74394321-1#40923044-1#10351554-1#46219395-1#70582224
INFO:circe.py:runtime_stat:{"task_name": "circe", "event": "new_output_file", "filename": "preagg2_lccdec2_3jobthscore2a1#57461598-1#74394321-1#40923044-1#10351554-1#46219395-1#70582224", "unix_time": 1620677950.0441434}
DEBUG:transfer.py:sshpass -p PASSWORD scp -P 5000 -o StrictHostKeyChecking=no /jupiter/circe_output/preagg2_lccdec2_3jobthscore2a1#57461598-1#74394321-1#40923044-1#10351554-1#46219395-1#70582224 root@10.109.128.128:/jupiter/circe_input/
INFO:ccdag_utils.py:runtime_stat:{"task_name": "preagg2", "event": "queue_end_process", "filename": "preagg2_lccdec2_3jobthscore2a1#57461598-1#74394321-1#40923044-1#10351554-1#46219395-1#70582224", "unix_time": 1620677950.0488966}
preagg2_lccdec2_3jobthscore2b1#57461598-1#74394321-1#40923044-1#10351554-1#46219395-1#70582224
INFO:ccdag_utils.py:runtime_stat:{"task_name": "preagg2", "event": "queue_end_process", "filename": "preagg2_lccdec2_3jobthscore2b1#57461598-1#74394321-1#40923044-1#10351554-1#46219395-1#70582224", "unix_time": 1620677950.0553787}
preagg2_lccdec2_3jobthscore2c1#57461598-1#74394321-1#40923044-1#10351554-1#46219395-1#70582224
INFO:ccdag_utils.py:runtime_stat:{"task_name": "preagg2", "event": "queue_end_process", "filename": "preagg2_lccdec2_3jobthscore2c1#57461598-1#74394321-1#40923044-1#10351554-1#46219395-1#70582224", "unix_time": 1620677950.0598025}
DEBUG:transfer.py:transfer successful!
INFO:circe.py:runtime_stat:{"task_name": "circe", "event": "new_output_file", "filename": "preagg2_lccdec2_3jobthscore2b1#57461598-1#74394321-1#40923044-1#10351554-1#46219395-1#70582224", "unix_time": 1620677950.270041}
DEBUG:transfer.py:sshpass -p PASSWORD scp -P 5000 -o StrictHostKeyChecking=no /jupiter/circe_output/preagg2_lccdec2_3jobthscore2b1#57461598-1#74394321-1#40923044-1#10351554-1#46219395-1#70582224 root@10.109.128.128:/jupiter/circe_input/
DEBUG:transfer.py:transfer successful!
INFO:circe.py:runtime_stat:{"task_name": "circe", "event": "new_output_file", "filename": "preagg2_lccdec2_3jobthscore2c1#57461598-1#74394321-1#40923044-1#10351554-1#46219395-1#70582224", "unix_time": 1620677950.4889078}
DEBUG:transfer.py:sshpass -p PASSWORD scp -P 5000 -o StrictHostKeyChecking=no /jupiter/circe_output/preagg2_lccdec2_3jobthscore2c1#57461598-1#74394321-1#40923044-1#10351554-1#46219395-1#70582224 root@10.109.128.128:/jupiter/circe_input/
DEBUG:transfer.py:transfer successful!
INFO:circe.py:runtime_stat:{"task_name": "circe", "event": "new_input_file", "filename": "score2b_preagg2_4jobth1#49197062-1#78854272-1#58457373-1#68918854-1#94952123-1#00719937", "unix_time": 1620677985.6081526}
INFO:ccdag_utils.py:runtime_stat:{"task_name": "preagg2", "event": "queue_start_process", "filename": "score2b_preagg2_4jobth1#49197062-1#78854272-1#58457373-1#68918854-1#94952123-1#00719937", "unix_time": 1620677986.097529}
INFO:circe.py:runtime_stat:{"task_name": "circe", "event": "new_input_file", "filename": "score2c_preagg2_4jobth1#49197062-1#78854272-1#58457373-1#68918854-1#94952123-1#00719937", "unix_time": 1620677986.920508}
INFO:ccdag_utils.py:runtime_stat:{"task_name": "preagg2", "event": "queue_start_process", "filename": "score2c_preagg2_4jobth1#49197062-1#78854272-1#58457373-1#68918854-1#94952123-1#00719937", "unix_time": 1620677987.162222}
INFO:circe.py:runtime_stat:{"task_name": "circe", "event": "new_input_file", "filename": "score2a_preagg2_4jobth1#49197062-1#78854272-1#58457373-1#68918854-1#94952123-1#00719937", "unix_time": 1620677994.7712622}
INFO:ccdag_utils.py:runtime_stat:{"task_name": "preagg2", "event": "queue_start_process", "filename": "score2a_preagg2_4jobth1#49197062-1#78854272-1#58457373-1#68918854-1#94952123-1#00719937", "unix_time": 1620677995.2312696}
preagg2_lccdec2_4jobthscore2a1#49197062-1#78854272-1#58457373-1#68918854-1#94952123-1#00719937
INFO:circe.py:runtime_stat:{"task_name": "circe", "event": "new_output_file", "filename": "preagg2_lccdec2_4jobthscore2a1#49197062-1#78854272-1#58457373-1#68918854-1#94952123-1#00719937", "unix_time": 1620677995.2991254}
DEBUG:transfer.py:sshpass -p PASSWORD scp -P 5000 -o StrictHostKeyChecking=no /jupiter/circe_output/preagg2_lccdec2_4jobthscore2a1#49197062-1#78854272-1#58457373-1#68918854-1#94952123-1#00719937 root@10.109.128.128:/jupiter/circe_input/
INFO:ccdag_utils.py:runtime_stat:{"task_name": "preagg2", "event": "queue_end_process", "filename": "preagg2_lccdec2_4jobthscore2a1#49197062-1#78854272-1#58457373-1#68918854-1#94952123-1#00719937", "unix_time": 1620677995.3053997}
preagg2_lccdec2_4jobthscore2b1#49197062-1#78854272-1#58457373-1#68918854-1#94952123-1#00719937
INFO:ccdag_utils.py:runtime_stat:{"task_name": "preagg2", "event": "queue_end_process", "filename": "preagg2_lccdec2_4jobthscore2b1#49197062-1#78854272-1#58457373-1#68918854-1#94952123-1#00719937", "unix_time": 1620677995.3116508}
preagg2_lccdec2_4jobthscore2c1#49197062-1#78854272-1#58457373-1#68918854-1#94952123-1#00719937
INFO:ccdag_utils.py:runtime_stat:{"task_name": "preagg2", "event": "queue_end_process", "filename": "preagg2_lccdec2_4jobthscore2c1#49197062-1#78854272-1#58457373-1#68918854-1#94952123-1#00719937", "unix_time": 1620677995.316053}
DEBUG:transfer.py:transfer successful!
INFO:circe.py:runtime_stat:{"task_name": "circe", "event": "new_output_file", "filename": "preagg2_lccdec2_4jobthscore2b1#49197062-1#78854272-1#58457373-1#68918854-1#94952123-1#00719937", "unix_time": 1620677995.5178223}
DEBUG:transfer.py:sshpass -p PASSWORD scp -P 5000 -o StrictHostKeyChecking=no /jupiter/circe_output/preagg2_lccdec2_4jobthscore2b1#49197062-1#78854272-1#58457373-1#68918854-1#94952123-1#00719937 root@10.109.128.128:/jupiter/circe_input/
DEBUG:transfer.py:transfer successful!
INFO:circe.py:runtime_stat:{"task_name": "circe", "event": "new_output_file", "filename": "preagg2_lccdec2_4jobthscore2c1#49197062-1#78854272-1#58457373-1#68918854-1#94952123-1#00719937", "unix_time": 1620677995.7282994}
DEBUG:transfer.py:sshpass -p PASSWORD scp -P 5000 -o StrictHostKeyChecking=no /jupiter/circe_output/preagg2_lccdec2_4jobthscore2c1#49197062-1#78854272-1#58457373-1#68918854-1#94952123-1#00719937 root@10.109.128.128:/jupiter/circe_input/
DEBUG:transfer.py:transfer successful!
INFO:circe.py:runtime_stat:{"task_name": "circe", "event": "new_input_file", "filename": "score2b_preagg2_5jobth1#59053837-1#82465381-1#16211780-1#48919687-1#23152098-1#13517727", "unix_time": 1620678027.1735013}
INFO:ccdag_utils.py:runtime_stat:{"task_name": "preagg2", "event": "queue_start_process", "filename": "score2b_preagg2_5jobth1#59053837-1#82465381-1#16211780-1#48919687-1#23152098-1#13517727", "unix_time": 1620678027.3491964}
INFO:circe.py:runtime_stat:{"task_name": "circe", "event": "new_input_file", "filename": "score2c_preagg2_5jobth1#59053837-1#82465381-1#16211780-1#48919687-1#23152098-1#13517727", "unix_time": 1620678028.5029588}
INFO:ccdag_utils.py:runtime_stat:{"task_name": "preagg2", "event": "queue_start_process", "filename": "score2c_preagg2_5jobth1#59053837-1#82465381-1#16211780-1#48919687-1#23152098-1#13517727", "unix_time": 1620678029.411275}
INFO:circe.py:runtime_stat:{"task_name": "circe", "event": "new_input_file", "filename": "score2a_preagg2_5jobth1#59053837-1#82465381-1#16211780-1#48919687-1#23152098-1#13517727", "unix_time": 1620678036.2670054}
INFO:ccdag_utils.py:runtime_stat:{"task_name": "preagg2", "event": "queue_start_process", "filename": "score2a_preagg2_5jobth1#59053837-1#82465381-1#16211780-1#48919687-1#23152098-1#13517727", "unix_time": 1620678036.4809027}
preagg2_lccdec2_5jobthscore2a1#59053837-1#82465381-1#16211780-1#48919687-1#23152098-1#13517727
INFO:circe.py:runtime_stat:{"task_name": "circe", "event": "new_output_file", "filename": "preagg2_lccdec2_5jobthscore2a1#59053837-1#82465381-1#16211780-1#48919687-1#23152098-1#13517727", "unix_time": 1620678036.548293}
DEBUG:transfer.py:sshpass -p PASSWORD scp -P 5000 -o StrictHostKeyChecking=no /jupiter/circe_output/preagg2_lccdec2_5jobthscore2a1#59053837-1#82465381-1#16211780-1#48919687-1#23152098-1#13517727 root@10.109.128.128:/jupiter/circe_input/
INFO:ccdag_utils.py:runtime_stat:{"task_name": "preagg2", "event": "queue_end_process", "filename": "preagg2_lccdec2_5jobthscore2a1#59053837-1#82465381-1#16211780-1#48919687-1#23152098-1#13517727", "unix_time": 1620678036.5540192}
preagg2_lccdec2_5jobthscore2b1#59053837-1#82465381-1#16211780-1#48919687-1#23152098-1#13517727
INFO:ccdag_utils.py:runtime_stat:{"task_name": "preagg2", "event": "queue_end_process", "filename": "preagg2_lccdec2_5jobthscore2b1#59053837-1#82465381-1#16211780-1#48919687-1#23152098-1#13517727", "unix_time": 1620678036.560449}
preagg2_lccdec2_5jobthscore2c1#59053837-1#82465381-1#16211780-1#48919687-1#23152098-1#13517727
INFO:ccdag_utils.py:runtime_stat:{"task_name": "preagg2", "event": "queue_end_process", "filename": "preagg2_lccdec2_5jobthscore2c1#59053837-1#82465381-1#16211780-1#48919687-1#23152098-1#13517727", "unix_time": 1620678036.5654643}
DEBUG:transfer.py:transfer successful!
INFO:circe.py:runtime_stat:{"task_name": "circe", "event": "new_output_file", "filename": "preagg2_lccdec2_5jobthscore2b1#59053837-1#82465381-1#16211780-1#48919687-1#23152098-1#13517727", "unix_time": 1620678036.7686565}
DEBUG:transfer.py:sshpass -p PASSWORD scp -P 5000 -o StrictHostKeyChecking=no /jupiter/circe_output/preagg2_lccdec2_5jobthscore2b1#59053837-1#82465381-1#16211780-1#48919687-1#23152098-1#13517727 root@10.109.128.128:/jupiter/circe_input/
DEBUG:transfer.py:transfer successful!
INFO:circe.py:runtime_stat:{"task_name": "circe", "event": "new_output_file", "filename": "preagg2_lccdec2_5jobthscore2c1#59053837-1#82465381-1#16211780-1#48919687-1#23152098-1#13517727", "unix_time": 1620678036.9885256}
DEBUG:transfer.py:sshpass -p PASSWORD scp -P 5000 -o StrictHostKeyChecking=no /jupiter/circe_output/preagg2_lccdec2_5jobthscore2c1#59053837-1#82465381-1#16211780-1#48919687-1#23152098-1#13517727 root@10.109.128.128:/jupiter/circe_input/
DEBUG:transfer.py:transfer successful!
