 * Starting OpenBSD Secure Shell server sshd
   ...done.
INFO:circe.py:Using base script lccdec.py
DEBUG:circe.py:starting the input monitoring process
DEBUG:circe.py:starting the output monitoring process
INFO:circe.py:runtime_stat:{"task_name": "circe", "event": "new_input_file", "filename": "preagg1_lccdec1_1jobthscore1a0#85951598-0#81021957-0#31785444-0#02390893-0#50226900-0#83908276", "unix_time": 1620677589.1248684}
INFO:lccdec.py:lccdec1: file rcvd from preagg1 : preagg1_lccdec1_1jobthscore1a0#85951598-0#81021957-0#31785444-0#02390893-0#50226900-0#83908276
INFO:ccdag_utils.py:runtime_stat:{"task_name": "lccdec1", "event": "queue_start_process", "filename": "preagg1_lccdec1_1jobthscore1a0#85951598-0#81021957-0#31785444-0#02390893-0#50226900-0#83908276", "unix_time": 1620677589.126187}
INFO:circe.py:runtime_stat:{"task_name": "circe", "event": "new_input_file", "filename": "preagg1_lccdec1_1jobthscore1b0#85951598-0#81021957-0#31785444-0#02390893-0#50226900-0#83908276", "unix_time": 1620677589.3482895}
INFO:lccdec.py:lccdec1: file rcvd from preagg1 : preagg1_lccdec1_1jobthscore1b0#85951598-0#81021957-0#31785444-0#02390893-0#50226900-0#83908276
INFO:ccdag_utils.py:runtime_stat:{"task_name": "lccdec1", "event": "queue_start_process", "filename": "preagg1_lccdec1_1jobthscore1b0#85951598-0#81021957-0#31785444-0#02390893-0#50226900-0#83908276", "unix_time": 1620677589.3499107}
INFO:circe.py:runtime_stat:{"task_name": "circe", "event": "new_input_file", "filename": "preagg1_lccdec1_1jobthscore1c0#85951598-0#81021957-0#31785444-0#02390893-0#50226900-0#83908276", "unix_time": 1620677589.5663836}
INFO:lccdec.py:lccdec1: file rcvd from preagg1 : preagg1_lccdec1_1jobthscore1c0#85951598-0#81021957-0#31785444-0#02390893-0#50226900-0#83908276
INFO:ccdag_utils.py:runtime_stat:{"task_name": "lccdec1", "event": "queue_start_process", "filename": "preagg1_lccdec1_1jobthscore1c0#85951598-0#81021957-0#31785444-0#02390893-0#50226900-0#83908276", "unix_time": 1620677589.5675416}
INFO:circe.py:runtime_stat:{"task_name": "circe", "event": "new_output_file", "filename": "lccdec1_home_1jobth0#85951598-0#81021957-0#31785444-0#02390893-0#50226900-0#83908276", "unix_time": 1620677589.6001194}
DEBUG:transfer.py:sshpass -p PASSWORD scp -P 5000 -o StrictHostKeyChecking=no /jupiter/circe_output/lccdec1_home_1jobth0#85951598-0#81021957-0#31785444-0#02390893-0#50226900-0#83908276 root@10.110.241.199:/jupiter/circe_input/
INFO:ccdag_utils.py:runtime_stat:{"task_name": "lccdec1", "event": "queue_end_process", "filename": "lccdec1_home_1jobth0#85951598-0#81021957-0#31785444-0#02390893-0#50226900-0#83908276", "unix_time": 1620677589.6047487}
Warning: Permanently added '[10.110.241.199]:5000' (ECDSA) to the list of known hosts.
DEBUG:transfer.py:transfer successful!
INFO:circe.py:runtime_stat:{"task_name": "circe", "event": "new_input_file", "filename": "preagg1_lccdec1_2jobthscore1a0#64294879-0#30712932-0#78418993-0#04307526-0#11909638-0#37374571", "unix_time": 1620677657.4009492}
INFO:lccdec.py:lccdec1: file rcvd from preagg1 : preagg1_lccdec1_2jobthscore1a0#64294879-0#30712932-0#78418993-0#04307526-0#11909638-0#37374571
INFO:ccdag_utils.py:runtime_stat:{"task_name": "lccdec1", "event": "queue_start_process", "filename": "preagg1_lccdec1_2jobthscore1a0#64294879-0#30712932-0#78418993-0#04307526-0#11909638-0#37374571", "unix_time": 1620677657.4024181}
INFO:circe.py:runtime_stat:{"task_name": "circe", "event": "new_input_file", "filename": "preagg1_lccdec1_2jobthscore1b0#64294879-0#30712932-0#78418993-0#04307526-0#11909638-0#37374571", "unix_time": 1620677657.6141284}
INFO:lccdec.py:lccdec1: file rcvd from preagg1 : preagg1_lccdec1_2jobthscore1b0#64294879-0#30712932-0#78418993-0#04307526-0#11909638-0#37374571
INFO:ccdag_utils.py:runtime_stat:{"task_name": "lccdec1", "event": "queue_start_process", "filename": "preagg1_lccdec1_2jobthscore1b0#64294879-0#30712932-0#78418993-0#04307526-0#11909638-0#37374571", "unix_time": 1620677657.6147377}
INFO:circe.py:runtime_stat:{"task_name": "circe", "event": "new_input_file", "filename": "preagg1_lccdec1_2jobthscore1c0#64294879-0#30712932-0#78418993-0#04307526-0#11909638-0#37374571", "unix_time": 1620677657.8232267}
INFO:lccdec.py:lccdec1: file rcvd from preagg1 : preagg1_lccdec1_2jobthscore1c0#64294879-0#30712932-0#78418993-0#04307526-0#11909638-0#37374571
INFO:ccdag_utils.py:runtime_stat:{"task_name": "lccdec1", "event": "queue_start_process", "filename": "preagg1_lccdec1_2jobthscore1c0#64294879-0#30712932-0#78418993-0#04307526-0#11909638-0#37374571", "unix_time": 1620677657.8240864}
INFO:circe.py:runtime_stat:{"task_name": "circe", "event": "new_output_file", "filename": "lccdec1_home_2jobth0#64294879-0#30712932-0#78418993-0#04307526-0#11909638-0#37374571", "unix_time": 1620677657.847524}
DEBUG:transfer.py:sshpass -p PASSWORD scp -P 5000 -o StrictHostKeyChecking=no /jupiter/circe_output/lccdec1_home_2jobth0#64294879-0#30712932-0#78418993-0#04307526-0#11909638-0#37374571 root@10.110.241.199:/jupiter/circe_input/
INFO:ccdag_utils.py:runtime_stat:{"task_name": "lccdec1", "event": "queue_end_process", "filename": "lccdec1_home_2jobth0#64294879-0#30712932-0#78418993-0#04307526-0#11909638-0#37374571", "unix_time": 1620677657.8505027}
DEBUG:transfer.py:transfer successful!
INFO:circe.py:runtime_stat:{"task_name": "circe", "event": "new_input_file", "filename": "preagg1_lccdec1_3jobthscore1a0#09000391-0#22309388-0#57031237-0#23606614-0#24887998-0#51951277", "unix_time": 1620677713.668801}
INFO:lccdec.py:lccdec1: file rcvd from preagg1 : preagg1_lccdec1_3jobthscore1a0#09000391-0#22309388-0#57031237-0#23606614-0#24887998-0#51951277
INFO:ccdag_utils.py:runtime_stat:{"task_name": "lccdec1", "event": "queue_start_process", "filename": "preagg1_lccdec1_3jobthscore1a0#09000391-0#22309388-0#57031237-0#23606614-0#24887998-0#51951277", "unix_time": 1620677713.6697636}
INFO:circe.py:runtime_stat:{"task_name": "circe", "event": "new_input_file", "filename": "preagg1_lccdec1_3jobthscore1b0#09000391-0#22309388-0#57031237-0#23606614-0#24887998-0#51951277", "unix_time": 1620677713.8909748}
INFO:lccdec.py:lccdec1: file rcvd from preagg1 : preagg1_lccdec1_3jobthscore1b0#09000391-0#22309388-0#57031237-0#23606614-0#24887998-0#51951277
INFO:ccdag_utils.py:runtime_stat:{"task_name": "lccdec1", "event": "queue_start_process", "filename": "preagg1_lccdec1_3jobthscore1b0#09000391-0#22309388-0#57031237-0#23606614-0#24887998-0#51951277", "unix_time": 1620677713.89148}
INFO:circe.py:runtime_stat:{"task_name": "circe", "event": "new_input_file", "filename": "preagg1_lccdec1_3jobthscore1c0#09000391-0#22309388-0#57031237-0#23606614-0#24887998-0#51951277", "unix_time": 1620677714.1067939}
INFO:lccdec.py:lccdec1: file rcvd from preagg1 : preagg1_lccdec1_3jobthscore1c0#09000391-0#22309388-0#57031237-0#23606614-0#24887998-0#51951277
INFO:ccdag_utils.py:runtime_stat:{"task_name": "lccdec1", "event": "queue_start_process", "filename": "preagg1_lccdec1_3jobthscore1c0#09000391-0#22309388-0#57031237-0#23606614-0#24887998-0#51951277", "unix_time": 1620677714.1076436}
INFO:circe.py:runtime_stat:{"task_name": "circe", "event": "new_output_file", "filename": "lccdec1_home_3jobth0#09000391-0#22309388-0#57031237-0#23606614-0#24887998-0#51951277", "unix_time": 1620677714.132632}
DEBUG:transfer.py:sshpass -p PASSWORD scp -P 5000 -o StrictHostKeyChecking=no /jupiter/circe_output/lccdec1_home_3jobth0#09000391-0#22309388-0#57031237-0#23606614-0#24887998-0#51951277 root@10.110.241.199:/jupiter/circe_input/
INFO:ccdag_utils.py:runtime_stat:{"task_name": "lccdec1", "event": "queue_end_process", "filename": "lccdec1_home_3jobth0#09000391-0#22309388-0#57031237-0#23606614-0#24887998-0#51951277", "unix_time": 1620677714.137218}
DEBUG:transfer.py:transfer successful!
INFO:circe.py:runtime_stat:{"task_name": "circe", "event": "new_input_file", "filename": "preagg1_lccdec1_4jobthscore1a0#81393912-0#46962369-0#36854627-1#15383903-1#21452518-1#74814713", "unix_time": 1620677940.1263914}
INFO:lccdec.py:lccdec1: file rcvd from preagg1 : preagg1_lccdec1_4jobthscore1a0#81393912-0#46962369-0#36854627-1#15383903-1#21452518-1#74814713
INFO:ccdag_utils.py:runtime_stat:{"task_name": "lccdec1", "event": "queue_start_process", "filename": "preagg1_lccdec1_4jobthscore1a0#81393912-0#46962369-0#36854627-1#15383903-1#21452518-1#74814713", "unix_time": 1620677940.127334}
INFO:circe.py:runtime_stat:{"task_name": "circe", "event": "new_input_file", "filename": "preagg1_lccdec1_4jobthscore1b0#81393912-0#46962369-0#36854627-1#15383903-1#21452518-1#74814713", "unix_time": 1620677940.3530617}
INFO:lccdec.py:lccdec1: file rcvd from preagg1 : preagg1_lccdec1_4jobthscore1b0#81393912-0#46962369-0#36854627-1#15383903-1#21452518-1#74814713
INFO:ccdag_utils.py:runtime_stat:{"task_name": "lccdec1", "event": "queue_start_process", "filename": "preagg1_lccdec1_4jobthscore1b0#81393912-0#46962369-0#36854627-1#15383903-1#21452518-1#74814713", "unix_time": 1620677940.353678}
INFO:circe.py:runtime_stat:{"task_name": "circe", "event": "new_input_file", "filename": "preagg1_lccdec1_4jobthscore1c0#81393912-0#46962369-0#36854627-1#15383903-1#21452518-1#74814713", "unix_time": 1620677940.565111}
INFO:lccdec.py:lccdec1: file rcvd from preagg1 : preagg1_lccdec1_4jobthscore1c0#81393912-0#46962369-0#36854627-1#15383903-1#21452518-1#74814713
INFO:ccdag_utils.py:runtime_stat:{"task_name": "lccdec1", "event": "queue_start_process", "filename": "preagg1_lccdec1_4jobthscore1c0#81393912-0#46962369-0#36854627-1#15383903-1#21452518-1#74814713", "unix_time": 1620677940.5657995}
INFO:circe.py:runtime_stat:{"task_name": "circe", "event": "new_output_file", "filename": "lccdec1_home_4jobth0#81393912-0#46962369-0#36854627-1#15383903-1#21452518-1#74814713", "unix_time": 1620677940.5916193}
DEBUG:transfer.py:sshpass -p PASSWORD scp -P 5000 -o StrictHostKeyChecking=no /jupiter/circe_output/lccdec1_home_4jobth0#81393912-0#46962369-0#36854627-1#15383903-1#21452518-1#74814713 root@10.110.241.199:/jupiter/circe_input/
INFO:ccdag_utils.py:runtime_stat:{"task_name": "lccdec1", "event": "queue_end_process", "filename": "lccdec1_home_4jobth0#81393912-0#46962369-0#36854627-1#15383903-1#21452518-1#74814713", "unix_time": 1620677940.5959198}
DEBUG:transfer.py:transfer successful!
