 * Starting OpenBSD Secure Shell server sshd
   ...done.
INFO:circe.py:Using base script lccenc.py
DEBUG:circe.py:starting the input monitoring process
DEBUG:circe.py:starting the output monitoring process
5
INFO:circe.py:runtime_stat:{"task_name": "circe", "event": "new_input_file", "filename": "storeclass5_lccenc5_41371612imgkitfoxjobid2.JPEG", "unix_time": 1620677597.8342962}
INFO:circe.py:runtime_stat:{"task_name": "circe", "event": "new_input_file", "filename": "storeclass5_lccenc5_29796576imgkitfoxjobid3.JPEG", "unix_time": 1620677617.786037}
INFO:circe.py:runtime_stat:{"task_name": "circe", "event": "new_input_file", "filename": "storeclass5_lccenc5_92813013imgkitfoxjobid3.JPEG", "unix_time": 1620677618.7846084}
INFO:circe.py:runtime_stat:{"task_name": "circe", "event": "new_input_file", "filename": "storeclass5_lccenc5_93861239imgkitfoxjobid5.JPEG", "unix_time": 1620677647.8305042}
INFO:circe.py:runtime_stat:{"task_name": "circe", "event": "new_input_file", "filename": "storeclass5_lccenc5_77473639imgkitfoxjobid8.JPEG", "unix_time": 1620677686.8674269}
INFO:circe.py:runtime_stat:{"task_name": "circe", "event": "new_input_file", "filename": "storeclass5_lccenc5_18039647imgkitfoxjobid13.JPEG", "unix_time": 1620677742.9372418}
INFO:ccdag_utils.py:runtime_stat:{"task_name": "lccenc5", "event": "queue_start_process", "filename": "storeclass5_lccenc5_41371612imgkitfoxjobid2.JPEG", "unix_time": 1620677743.1541204}
INFO:ccdag_utils.py:runtime_stat:{"task_name": "lccenc5", "event": "queue_start_process", "filename": "storeclass5_lccenc5_29796576imgkitfoxjobid3.JPEG", "unix_time": 1620677743.1544683}
INFO:ccdag_utils.py:runtime_stat:{"task_name": "lccenc5", "event": "queue_start_process", "filename": "storeclass5_lccenc5_92813013imgkitfoxjobid3.JPEG", "unix_time": 1620677743.1546645}
INFO:ccdag_utils.py:runtime_stat:{"task_name": "lccenc5", "event": "queue_start_process", "filename": "storeclass5_lccenc5_93861239imgkitfoxjobid5.JPEG", "unix_time": 1620677743.154856}
INFO:ccdag_utils.py:runtime_stat:{"task_name": "lccenc5", "event": "queue_start_process", "filename": "storeclass5_lccenc5_77473639imgkitfoxjobid8.JPEG", "unix_time": 1620677743.1550267}
INFO:ccdag_utils.py:runtime_stat:{"task_name": "lccenc5", "event": "queue_start_process", "filename": "storeclass5_lccenc5_18039647imgkitfoxjobid13.JPEG", "unix_time": 1620677743.1553552}
INFO:circe.py:runtime_stat:{"task_name": "circe", "event": "new_input_file", "filename": "storeclass5_lccenc5_09309805imgkitfoxjobid13.JPEG", "unix_time": 1620677744.3680747}
INFO:ccdag_utils.py:runtime_stat:{"task_name": "lccenc5", "event": "queue_end_process", "filename": "lccenc5_score5a_4#41371612-4#29796576-4#92813013-4#93861239-4#77473639-4#18039647jobid1.csv", "unix_time": 1620677744.3810601}
INFO:circe.py:runtime_stat:{"task_name": "circe", "event": "new_output_file", "filename": "lccenc5_score5a_4#41371612-4#29796576-4#92813013-4#93861239-4#77473639-4#18039647jobid1.csv", "unix_time": 1620677744.3819284}
DEBUG:transfer.py:sshpass -p PASSWORD scp -P 5000 -o StrictHostKeyChecking=no /jupiter/circe_output/lccenc5_score5a_4#41371612-4#29796576-4#92813013-4#93861239-4#77473639-4#18039647jobid1.csv root@10.104.153.124:/jupiter/circe_input/
Warning: Permanently added '[10.104.153.124]:5000' (ECDSA) to the list of known hosts.
DEBUG:transfer.py:transfer successful!
INFO:ccdag_utils.py:runtime_stat:{"task_name": "lccenc5", "event": "queue_end_process", "filename": "lccenc5_score5b_4#41371612-4#29796576-4#92813013-4#93861239-4#77473639-4#18039647jobid1.csv", "unix_time": 1620677745.3685057}
INFO:circe.py:runtime_stat:{"task_name": "circe", "event": "new_output_file", "filename": "lccenc5_score5b_4#41371612-4#29796576-4#92813013-4#93861239-4#77473639-4#18039647jobid1.csv", "unix_time": 1620677745.3693748}
DEBUG:transfer.py:sshpass -p PASSWORD scp -P 5000 -o StrictHostKeyChecking=no /jupiter/circe_output/lccenc5_score5b_4#41371612-4#29796576-4#92813013-4#93861239-4#77473639-4#18039647jobid1.csv root@10.99.208.125:/jupiter/circe_input/
Warning: Permanently added '[10.99.208.125]:5000' (ECDSA) to the list of known hosts.
DEBUG:transfer.py:transfer successful!
INFO:ccdag_utils.py:runtime_stat:{"task_name": "lccenc5", "event": "queue_end_process", "filename": "lccenc5_score5c_4#41371612-4#29796576-4#92813013-4#93861239-4#77473639-4#18039647jobid1.csv", "unix_time": 1620677746.3824291}
INFO:circe.py:runtime_stat:{"task_name": "circe", "event": "new_output_file", "filename": "lccenc5_score5c_4#41371612-4#29796576-4#92813013-4#93861239-4#77473639-4#18039647jobid1.csv", "unix_time": 1620677746.3833706}
DEBUG:transfer.py:sshpass -p PASSWORD scp -P 5000 -o StrictHostKeyChecking=no /jupiter/circe_output/lccenc5_score5c_4#41371612-4#29796576-4#92813013-4#93861239-4#77473639-4#18039647jobid1.csv root@10.96.122.10:/jupiter/circe_input/
Warning: Permanently added '[10.96.122.10]:5000' (ECDSA) to the list of known hosts.
DEBUG:transfer.py:transfer successful!
INFO:circe.py:runtime_stat:{"task_name": "circe", "event": "new_input_file", "filename": "storeclass5_lccenc5_86388989imgkitfoxjobid17.JPEG", "unix_time": 1620677802.0137465}
