 * Starting OpenBSD Secure Shell server sshd
   ...done.
INFO:circe.py:Using base script storeclass.py
DEBUG:circe.py:starting the input monitoring process
DEBUG:circe.py:starting the output monitoring process
INFO:circe.py:runtime_stat:{"task_name": "circe", "event": "new_input_file", "filename": "resnet6_storeclass2_54138838imgschoolbusjobid23.JPEG", "unix_time": 1620681052.1936684}
INFO:ccdag_utils.py:runtime_stat:{"task_name": "storeclass2", "event": "queue_start_process", "filename": "resnet6_storeclass2_54138838imgschoolbusjobid23.JPEG", "unix_time": 1620681052.997597}
INFO:ccdag_utils.py:runtime_stat:{"task_name": "storeclass2", "event": "queue_end_process", "filename": "storeclass2_lccenc2_54138838imgschoolbusjobid23.JPEG", "unix_time": 1620681053.017982}
INFO:circe.py:runtime_stat:{"task_name": "circe", "event": "new_output_file", "filename": "storeclass2_lccenc2_54138838imgschoolbusjobid23.JPEG", "unix_time": 1620681053.0192657}
DEBUG:transfer.py:sshpass -p PASSWORD scp -P 5000 -o StrictHostKeyChecking=no /jupiter/circe_output/storeclass2_lccenc2_54138838imgschoolbusjobid23.JPEG root@10.100.2.253:/jupiter/circe_input/
Warning: Permanently added '[10.100.2.253]:5000' (ECDSA) to the list of known hosts.
DEBUG:transfer.py:transfer successful!
INFO:circe.py:runtime_stat:{"task_name": "circe", "event": "new_input_file", "filename": "resnet1_storeclass2_81138668imgschoolbusjobid23.JPEG", "unix_time": 1620681058.3082845}
INFO:ccdag_utils.py:runtime_stat:{"task_name": "storeclass2", "event": "queue_start_process", "filename": "resnet1_storeclass2_81138668imgschoolbusjobid23.JPEG", "unix_time": 1620681059.023725}
INFO:circe.py:runtime_stat:{"task_name": "circe", "event": "new_output_file", "filename": "storeclass2_lccenc2_81138668imgschoolbusjobid23.JPEG", "unix_time": 1620681059.0298777}
DEBUG:transfer.py:sshpass -p PASSWORD scp -P 5000 -o StrictHostKeyChecking=no /jupiter/circe_output/storeclass2_lccenc2_81138668imgschoolbusjobid23.JPEG root@10.100.2.253:/jupiter/circe_input/
INFO:ccdag_utils.py:runtime_stat:{"task_name": "storeclass2", "event": "queue_end_process", "filename": "storeclass2_lccenc2_81138668imgschoolbusjobid23.JPEG", "unix_time": 1620681059.030569}
DEBUG:transfer.py:transfer successful!
INFO:circe.py:runtime_stat:{"task_name": "circe", "event": "new_input_file", "filename": "resnet2_storeclass2_71548267imgschoolbusjobid23.JPEG", "unix_time": 1620681060.9660108}
INFO:ccdag_utils.py:runtime_stat:{"task_name": "storeclass2", "event": "queue_start_process", "filename": "resnet2_storeclass2_71548267imgschoolbusjobid23.JPEG", "unix_time": 1620681061.0370042}
INFO:circe.py:runtime_stat:{"task_name": "circe", "event": "new_output_file", "filename": "storeclass2_lccenc2_71548267imgschoolbusjobid23.JPEG", "unix_time": 1620681061.0418696}
INFO:ccdag_utils.py:runtime_stat:{"task_name": "storeclass2", "event": "queue_end_process", "filename": "storeclass2_lccenc2_71548267imgschoolbusjobid23.JPEG", "unix_time": 1620681061.042137}
DEBUG:transfer.py:sshpass -p PASSWORD scp -P 5000 -o StrictHostKeyChecking=no /jupiter/circe_output/storeclass2_lccenc2_71548267imgschoolbusjobid23.JPEG root@10.100.2.253:/jupiter/circe_input/
DEBUG:transfer.py:transfer successful!
INFO:circe.py:runtime_stat:{"task_name": "circe", "event": "new_input_file", "filename": "resnet5_storeclass2_22848275imgschoolbusjobid23.JPEG", "unix_time": 1620681062.3530545}
INFO:ccdag_utils.py:runtime_stat:{"task_name": "storeclass2", "event": "queue_start_process", "filename": "resnet5_storeclass2_22848275imgschoolbusjobid23.JPEG", "unix_time": 1620681063.044873}
INFO:ccdag_utils.py:runtime_stat:{"task_name": "storeclass2", "event": "queue_end_process", "filename": "storeclass2_lccenc2_22848275imgschoolbusjobid23.JPEG", "unix_time": 1620681063.0477118}
INFO:circe.py:runtime_stat:{"task_name": "circe", "event": "new_output_file", "filename": "storeclass2_lccenc2_22848275imgschoolbusjobid23.JPEG", "unix_time": 1620681063.0488203}
DEBUG:transfer.py:sshpass -p PASSWORD scp -P 5000 -o StrictHostKeyChecking=no /jupiter/circe_output/storeclass2_lccenc2_22848275imgschoolbusjobid23.JPEG root@10.100.2.253:/jupiter/circe_input/
DEBUG:transfer.py:transfer successful!
INFO:circe.py:runtime_stat:{"task_name": "circe", "event": "new_input_file", "filename": "resnet1_storeclass2_48499038imgschoolbusjobid24.JPEG", "unix_time": 1620681072.4755473}
INFO:ccdag_utils.py:runtime_stat:{"task_name": "storeclass2", "event": "queue_start_process", "filename": "resnet1_storeclass2_48499038imgschoolbusjobid24.JPEG", "unix_time": 1620681073.0573049}
INFO:ccdag_utils.py:runtime_stat:{"task_name": "storeclass2", "event": "queue_end_process", "filename": "storeclass2_lccenc2_48499038imgschoolbusjobid24.JPEG", "unix_time": 1620681073.0881047}
INFO:circe.py:runtime_stat:{"task_name": "circe", "event": "new_output_file", "filename": "storeclass2_lccenc2_48499038imgschoolbusjobid24.JPEG", "unix_time": 1620681073.0886045}
DEBUG:transfer.py:sshpass -p PASSWORD scp -P 5000 -o StrictHostKeyChecking=no /jupiter/circe_output/storeclass2_lccenc2_48499038imgschoolbusjobid24.JPEG root@10.100.2.253:/jupiter/circe_input/
DEBUG:transfer.py:transfer successful!
INFO:circe.py:runtime_stat:{"task_name": "circe", "event": "new_input_file", "filename": "resnet5_storeclass2_87569685imgschoolbusjobid24.JPEG", "unix_time": 1620681076.1790416}
INFO:circe.py:runtime_stat:{"task_name": "circe", "event": "new_input_file", "filename": "resnet0_storeclass2_07710851imgschoolbusjobid24.JPEG", "unix_time": 1620681076.3657537}
INFO:ccdag_utils.py:runtime_stat:{"task_name": "storeclass2", "event": "queue_start_process", "filename": "resnet5_storeclass2_87569685imgschoolbusjobid24.JPEG", "unix_time": 1620681077.0920112}
INFO:circe.py:runtime_stat:{"task_name": "circe", "event": "new_output_file", "filename": "storeclass2_lccenc2_87569685imgschoolbusjobid24.JPEG", "unix_time": 1620681077.0985005}
INFO:ccdag_utils.py:runtime_stat:{"task_name": "storeclass2", "event": "queue_end_process", "filename": "storeclass2_lccenc2_87569685imgschoolbusjobid24.JPEG", "unix_time": 1620681077.098709}
INFO:ccdag_utils.py:runtime_stat:{"task_name": "storeclass2", "event": "queue_start_process", "filename": "resnet0_storeclass2_07710851imgschoolbusjobid24.JPEG", "unix_time": 1620681077.0992763}
DEBUG:transfer.py:sshpass -p PASSWORD scp -P 5000 -o StrictHostKeyChecking=no /jupiter/circe_output/storeclass2_lccenc2_87569685imgschoolbusjobid24.JPEG root@10.100.2.253:/jupiter/circe_input/
INFO:ccdag_utils.py:runtime_stat:{"task_name": "storeclass2", "event": "queue_end_process", "filename": "storeclass2_lccenc2_07710851imgschoolbusjobid24.JPEG", "unix_time": 1620681077.1073215}
DEBUG:transfer.py:transfer successful!
INFO:circe.py:runtime_stat:{"task_name": "circe", "event": "new_output_file", "filename": "storeclass2_lccenc2_07710851imgschoolbusjobid24.JPEG", "unix_time": 1620681077.3488274}
DEBUG:transfer.py:sshpass -p PASSWORD scp -P 5000 -o StrictHostKeyChecking=no /jupiter/circe_output/storeclass2_lccenc2_07710851imgschoolbusjobid24.JPEG root@10.100.2.253:/jupiter/circe_input/
DEBUG:transfer.py:transfer successful!
INFO:circe.py:runtime_stat:{"task_name": "circe", "event": "new_input_file", "filename": "resnet3_storeclass2_65900738imgschoolbusjobid25.JPEG", "unix_time": 1620681089.726683}
INFO:ccdag_utils.py:runtime_stat:{"task_name": "storeclass2", "event": "queue_start_process", "filename": "resnet3_storeclass2_65900738imgschoolbusjobid25.JPEG", "unix_time": 1620681090.1277266}
INFO:circe.py:runtime_stat:{"task_name": "circe", "event": "new_output_file", "filename": "storeclass2_lccenc2_65900738imgschoolbusjobid25.JPEG", "unix_time": 1620681090.138026}
DEBUG:transfer.py:sshpass -p PASSWORD scp -P 5000 -o StrictHostKeyChecking=no /jupiter/circe_output/storeclass2_lccenc2_65900738imgschoolbusjobid25.JPEG root@10.100.2.253:/jupiter/circe_input/
INFO:ccdag_utils.py:runtime_stat:{"task_name": "storeclass2", "event": "queue_end_process", "filename": "storeclass2_lccenc2_65900738imgschoolbusjobid25.JPEG", "unix_time": 1620681090.139072}
DEBUG:transfer.py:transfer successful!
INFO:circe.py:runtime_stat:{"task_name": "circe", "event": "new_input_file", "filename": "resnet6_storeclass2_76280150imgschoolbusjobid26.JPEG", "unix_time": 1620681093.4895341}
INFO:ccdag_utils.py:runtime_stat:{"task_name": "storeclass2", "event": "queue_start_process", "filename": "resnet6_storeclass2_76280150imgschoolbusjobid26.JPEG", "unix_time": 1620681094.1486132}
INFO:circe.py:runtime_stat:{"task_name": "circe", "event": "new_output_file", "filename": "storeclass2_lccenc2_76280150imgschoolbusjobid26.JPEG", "unix_time": 1620681094.198425}
INFO:ccdag_utils.py:runtime_stat:{"task_name": "storeclass2", "event": "queue_end_process", "filename": "storeclass2_lccenc2_76280150imgschoolbusjobid26.JPEG", "unix_time": 1620681094.1986375}
DEBUG:transfer.py:sshpass -p PASSWORD scp -P 5000 -o StrictHostKeyChecking=no /jupiter/circe_output/storeclass2_lccenc2_76280150imgschoolbusjobid26.JPEG root@10.100.2.253:/jupiter/circe_input/
DEBUG:transfer.py:transfer successful!
INFO:circe.py:runtime_stat:{"task_name": "circe", "event": "new_input_file", "filename": "resnet6_storeclass2_31176095imgschoolbusjobid27.JPEG", "unix_time": 1620681107.0013864}
INFO:ccdag_utils.py:runtime_stat:{"task_name": "storeclass2", "event": "queue_start_process", "filename": "resnet6_storeclass2_31176095imgschoolbusjobid27.JPEG", "unix_time": 1620681107.2104478}
INFO:ccdag_utils.py:runtime_stat:{"task_name": "storeclass2", "event": "queue_end_process", "filename": "storeclass2_lccenc2_31176095imgschoolbusjobid27.JPEG", "unix_time": 1620681107.212112}
INFO:circe.py:runtime_stat:{"task_name": "circe", "event": "new_output_file", "filename": "storeclass2_lccenc2_31176095imgschoolbusjobid27.JPEG", "unix_time": 1620681107.2132041}
DEBUG:transfer.py:sshpass -p PASSWORD scp -P 5000 -o StrictHostKeyChecking=no /jupiter/circe_output/storeclass2_lccenc2_31176095imgschoolbusjobid27.JPEG root@10.100.2.253:/jupiter/circe_input/
DEBUG:transfer.py:transfer successful!
INFO:circe.py:runtime_stat:{"task_name": "circe", "event": "new_input_file", "filename": "resnet1_storeclass2_57163871imgschoolbusjobid27.JPEG", "unix_time": 1620681113.3030713}
INFO:ccdag_utils.py:runtime_stat:{"task_name": "storeclass2", "event": "queue_start_process", "filename": "resnet1_storeclass2_57163871imgschoolbusjobid27.JPEG", "unix_time": 1620681114.219542}
INFO:circe.py:runtime_stat:{"task_name": "circe", "event": "new_output_file", "filename": "storeclass2_lccenc2_57163871imgschoolbusjobid27.JPEG", "unix_time": 1620681114.2272303}
DEBUG:transfer.py:sshpass -p PASSWORD scp -P 5000 -o StrictHostKeyChecking=no /jupiter/circe_output/storeclass2_lccenc2_57163871imgschoolbusjobid27.JPEG root@10.100.2.253:/jupiter/circe_input/
INFO:ccdag_utils.py:runtime_stat:{"task_name": "storeclass2", "event": "queue_end_process", "filename": "storeclass2_lccenc2_57163871imgschoolbusjobid27.JPEG", "unix_time": 1620681114.2278175}
DEBUG:transfer.py:transfer successful!
INFO:circe.py:runtime_stat:{"task_name": "circe", "event": "new_input_file", "filename": "resnet2_storeclass2_58170979imgschoolbusjobid27.JPEG", "unix_time": 1620681116.2998397}
INFO:circe.py:runtime_stat:{"task_name": "circe", "event": "new_input_file", "filename": "resnet5_storeclass2_68461072imgschoolbusjobid27.JPEG", "unix_time": 1620681117.1520422}
INFO:ccdag_utils.py:runtime_stat:{"task_name": "storeclass2", "event": "queue_start_process", "filename": "resnet2_storeclass2_58170979imgschoolbusjobid27.JPEG", "unix_time": 1620681117.2349713}
INFO:circe.py:runtime_stat:{"task_name": "circe", "event": "new_output_file", "filename": "storeclass2_lccenc2_58170979imgschoolbusjobid27.JPEG", "unix_time": 1620681117.2428036}
INFO:ccdag_utils.py:runtime_stat:{"task_name": "storeclass2", "event": "queue_end_process", "filename": "storeclass2_lccenc2_58170979imgschoolbusjobid27.JPEG", "unix_time": 1620681117.2430863}
DEBUG:transfer.py:sshpass -p PASSWORD scp -P 5000 -o StrictHostKeyChecking=no /jupiter/circe_output/storeclass2_lccenc2_58170979imgschoolbusjobid27.JPEG root@10.100.2.253:/jupiter/circe_input/
INFO:ccdag_utils.py:runtime_stat:{"task_name": "storeclass2", "event": "queue_start_process", "filename": "resnet5_storeclass2_68461072imgschoolbusjobid27.JPEG", "unix_time": 1620681117.2441165}
INFO:ccdag_utils.py:runtime_stat:{"task_name": "storeclass2", "event": "queue_end_process", "filename": "storeclass2_lccenc2_68461072imgschoolbusjobid27.JPEG", "unix_time": 1620681117.252961}
DEBUG:transfer.py:transfer successful!
INFO:circe.py:runtime_stat:{"task_name": "circe", "event": "new_output_file", "filename": "storeclass2_lccenc2_68461072imgschoolbusjobid27.JPEG", "unix_time": 1620681117.4682636}
DEBUG:transfer.py:sshpass -p PASSWORD scp -P 5000 -o StrictHostKeyChecking=no /jupiter/circe_output/storeclass2_lccenc2_68461072imgschoolbusjobid27.JPEG root@10.100.2.253:/jupiter/circe_input/
DEBUG:transfer.py:transfer successful!
INFO:circe.py:runtime_stat:{"task_name": "circe", "event": "new_input_file", "filename": "resnet4_storeclass2_50767546imgschoolbusjobid24.JPEG", "unix_time": 1620681118.5337324}
INFO:ccdag_utils.py:runtime_stat:{"task_name": "storeclass2", "event": "queue_start_process", "filename": "resnet4_storeclass2_50767546imgschoolbusjobid24.JPEG", "unix_time": 1620681119.2557702}
INFO:ccdag_utils.py:runtime_stat:{"task_name": "storeclass2", "event": "queue_end_process", "filename": "storeclass2_lccenc2_50767546imgschoolbusjobid24.JPEG", "unix_time": 1620681119.2608016}
INFO:circe.py:runtime_stat:{"task_name": "circe", "event": "new_output_file", "filename": "storeclass2_lccenc2_50767546imgschoolbusjobid24.JPEG", "unix_time": 1620681119.2621963}
DEBUG:transfer.py:sshpass -p PASSWORD scp -P 5000 -o StrictHostKeyChecking=no /jupiter/circe_output/storeclass2_lccenc2_50767546imgschoolbusjobid24.JPEG root@10.100.2.253:/jupiter/circe_input/
DEBUG:transfer.py:transfer successful!
INFO:circe.py:runtime_stat:{"task_name": "circe", "event": "new_input_file", "filename": "resnet4_storeclass2_12556607imgschoolbusjobid25.JPEG", "unix_time": 1620681134.3493543}
INFO:ccdag_utils.py:runtime_stat:{"task_name": "storeclass2", "event": "queue_start_process", "filename": "resnet4_storeclass2_12556607imgschoolbusjobid25.JPEG", "unix_time": 1620681135.27986}
INFO:ccdag_utils.py:runtime_stat:{"task_name": "storeclass2", "event": "queue_end_process", "filename": "storeclass2_lccenc2_12556607imgschoolbusjobid25.JPEG", "unix_time": 1620681135.2821915}
INFO:circe.py:runtime_stat:{"task_name": "circe", "event": "new_output_file", "filename": "storeclass2_lccenc2_12556607imgschoolbusjobid25.JPEG", "unix_time": 1620681135.282937}
DEBUG:transfer.py:sshpass -p PASSWORD scp -P 5000 -o StrictHostKeyChecking=no /jupiter/circe_output/storeclass2_lccenc2_12556607imgschoolbusjobid25.JPEG root@10.100.2.253:/jupiter/circe_input/
DEBUG:transfer.py:transfer successful!
INFO:circe.py:runtime_stat:{"task_name": "circe", "event": "new_input_file", "filename": "resnet7_storeclass2_09435234imgschoolbusjobid26.JPEG", "unix_time": 1620681150.9225025}
INFO:ccdag_utils.py:runtime_stat:{"task_name": "storeclass2", "event": "queue_start_process", "filename": "resnet7_storeclass2_09435234imgschoolbusjobid26.JPEG", "unix_time": 1620681151.299105}
INFO:ccdag_utils.py:runtime_stat:{"task_name": "storeclass2", "event": "queue_end_process", "filename": "storeclass2_lccenc2_09435234imgschoolbusjobid26.JPEG", "unix_time": 1620681151.3091455}
INFO:circe.py:runtime_stat:{"task_name": "circe", "event": "new_output_file", "filename": "storeclass2_lccenc2_09435234imgschoolbusjobid26.JPEG", "unix_time": 1620681151.31089}
DEBUG:transfer.py:sshpass -p PASSWORD scp -P 5000 -o StrictHostKeyChecking=no /jupiter/circe_output/storeclass2_lccenc2_09435234imgschoolbusjobid26.JPEG root@10.100.2.253:/jupiter/circe_input/
DEBUG:transfer.py:transfer successful!
INFO:circe.py:runtime_stat:{"task_name": "circe", "event": "new_input_file", "filename": "resnet8_storeclass2_67110569imgschoolbusjobid31.JPEG", "unix_time": 1620681159.4199169}
INFO:ccdag_utils.py:runtime_stat:{"task_name": "storeclass2", "event": "queue_start_process", "filename": "resnet8_storeclass2_67110569imgschoolbusjobid31.JPEG", "unix_time": 1620681160.317814}
INFO:circe.py:runtime_stat:{"task_name": "circe", "event": "new_output_file", "filename": "storeclass2_lccenc2_67110569imgschoolbusjobid31.JPEG", "unix_time": 1620681160.3390024}
INFO:ccdag_utils.py:runtime_stat:{"task_name": "storeclass2", "event": "queue_end_process", "filename": "storeclass2_lccenc2_67110569imgschoolbusjobid31.JPEG", "unix_time": 1620681160.3392384}
DEBUG:transfer.py:sshpass -p PASSWORD scp -P 5000 -o StrictHostKeyChecking=no /jupiter/circe_output/storeclass2_lccenc2_67110569imgschoolbusjobid31.JPEG root@10.100.2.253:/jupiter/circe_input/
DEBUG:transfer.py:transfer successful!
INFO:circe.py:runtime_stat:{"task_name": "circe", "event": "new_input_file", "filename": "resnet0_storeclass2_28107718imgschoolbusjobid31.JPEG", "unix_time": 1620681173.3743384}
INFO:ccdag_utils.py:runtime_stat:{"task_name": "storeclass2", "event": "queue_start_process", "filename": "resnet0_storeclass2_28107718imgschoolbusjobid31.JPEG", "unix_time": 1620681174.3544474}
INFO:ccdag_utils.py:runtime_stat:{"task_name": "storeclass2", "event": "queue_end_process", "filename": "storeclass2_lccenc2_28107718imgschoolbusjobid31.JPEG", "unix_time": 1620681174.3558083}
INFO:circe.py:runtime_stat:{"task_name": "circe", "event": "new_output_file", "filename": "storeclass2_lccenc2_28107718imgschoolbusjobid31.JPEG", "unix_time": 1620681174.357546}
DEBUG:transfer.py:sshpass -p PASSWORD scp -P 5000 -o StrictHostKeyChecking=no /jupiter/circe_output/storeclass2_lccenc2_28107718imgschoolbusjobid31.JPEG root@10.100.2.253:/jupiter/circe_input/
DEBUG:transfer.py:transfer successful!
INFO:circe.py:runtime_stat:{"task_name": "circe", "event": "new_input_file", "filename": "resnet6_storeclass2_34880305imgschoolbusjobid32.JPEG", "unix_time": 1620681175.623987}
INFO:ccdag_utils.py:runtime_stat:{"task_name": "storeclass2", "event": "queue_start_process", "filename": "resnet6_storeclass2_34880305imgschoolbusjobid32.JPEG", "unix_time": 1620681176.3585365}
INFO:ccdag_utils.py:runtime_stat:{"task_name": "storeclass2", "event": "queue_end_process", "filename": "storeclass2_lccenc2_34880305imgschoolbusjobid32.JPEG", "unix_time": 1620681176.3856475}
INFO:circe.py:runtime_stat:{"task_name": "circe", "event": "new_output_file", "filename": "storeclass2_lccenc2_34880305imgschoolbusjobid32.JPEG", "unix_time": 1620681176.3860621}
DEBUG:transfer.py:sshpass -p PASSWORD scp -P 5000 -o StrictHostKeyChecking=no /jupiter/circe_output/storeclass2_lccenc2_34880305imgschoolbusjobid32.JPEG root@10.100.2.253:/jupiter/circe_input/
DEBUG:transfer.py:transfer successful!
INFO:circe.py:runtime_stat:{"task_name": "circe", "event": "new_input_file", "filename": "resnet2_storeclass2_87461323imgschoolbusjobid32.JPEG", "unix_time": 1620681184.8575695}
INFO:circe.py:runtime_stat:{"task_name": "circe", "event": "new_input_file", "filename": "resnet3_storeclass2_24313818imgschoolbusjobid32.JPEG", "unix_time": 1620681185.0002089}
INFO:ccdag_utils.py:runtime_stat:{"task_name": "storeclass2", "event": "queue_start_process", "filename": "resnet2_storeclass2_87461323imgschoolbusjobid32.JPEG", "unix_time": 1620681185.3951418}
INFO:ccdag_utils.py:runtime_stat:{"task_name": "storeclass2", "event": "queue_end_process", "filename": "storeclass2_lccenc2_87461323imgschoolbusjobid32.JPEG", "unix_time": 1620681185.3983202}
INFO:circe.py:runtime_stat:{"task_name": "circe", "event": "new_output_file", "filename": "storeclass2_lccenc2_87461323imgschoolbusjobid32.JPEG", "unix_time": 1620681185.4012613}
INFO:ccdag_utils.py:runtime_stat:{"task_name": "storeclass2", "event": "queue_start_process", "filename": "resnet3_storeclass2_24313818imgschoolbusjobid32.JPEG", "unix_time": 1620681185.401582}
DEBUG:transfer.py:sshpass -p PASSWORD scp -P 5000 -o StrictHostKeyChecking=no /jupiter/circe_output/storeclass2_lccenc2_87461323imgschoolbusjobid32.JPEG root@10.100.2.253:/jupiter/circe_input/
INFO:ccdag_utils.py:runtime_stat:{"task_name": "storeclass2", "event": "queue_end_process", "filename": "storeclass2_lccenc2_24313818imgschoolbusjobid32.JPEG", "unix_time": 1620681185.406938}
DEBUG:transfer.py:transfer successful!
INFO:circe.py:runtime_stat:{"task_name": "circe", "event": "new_output_file", "filename": "storeclass2_lccenc2_24313818imgschoolbusjobid32.JPEG", "unix_time": 1620681185.6142247}
DEBUG:transfer.py:sshpass -p PASSWORD scp -P 5000 -o StrictHostKeyChecking=no /jupiter/circe_output/storeclass2_lccenc2_24313818imgschoolbusjobid32.JPEG root@10.100.2.253:/jupiter/circe_input/
DEBUG:transfer.py:transfer successful!
INFO:circe.py:runtime_stat:{"task_name": "circe", "event": "new_input_file", "filename": "resnet1_storeclass2_32386067imgschoolbusjobid33.JPEG", "unix_time": 1620681195.6338143}
INFO:ccdag_utils.py:runtime_stat:{"task_name": "storeclass2", "event": "queue_start_process", "filename": "resnet1_storeclass2_32386067imgschoolbusjobid33.JPEG", "unix_time": 1620681196.4208546}
INFO:ccdag_utils.py:runtime_stat:{"task_name": "storeclass2", "event": "queue_end_process", "filename": "storeclass2_lccenc2_32386067imgschoolbusjobid33.JPEG", "unix_time": 1620681196.4255962}
INFO:circe.py:runtime_stat:{"task_name": "circe", "event": "new_output_file", "filename": "storeclass2_lccenc2_32386067imgschoolbusjobid33.JPEG", "unix_time": 1620681196.4266691}
DEBUG:transfer.py:sshpass -p PASSWORD scp -P 5000 -o StrictHostKeyChecking=no /jupiter/circe_output/storeclass2_lccenc2_32386067imgschoolbusjobid33.JPEG root@10.100.2.253:/jupiter/circe_input/
DEBUG:transfer.py:transfer successful!
INFO:circe.py:runtime_stat:{"task_name": "circe", "event": "new_input_file", "filename": "resnet2_storeclass2_14328504imgschoolbusjobid33.JPEG", "unix_time": 1620681198.417184}
INFO:ccdag_utils.py:runtime_stat:{"task_name": "storeclass2", "event": "queue_start_process", "filename": "resnet2_storeclass2_14328504imgschoolbusjobid33.JPEG", "unix_time": 1620681198.427816}
INFO:ccdag_utils.py:runtime_stat:{"task_name": "storeclass2", "event": "queue_end_process", "filename": "storeclass2_lccenc2_14328504imgschoolbusjobid33.JPEG", "unix_time": 1620681198.430309}
INFO:circe.py:runtime_stat:{"task_name": "circe", "event": "new_output_file", "filename": "storeclass2_lccenc2_14328504imgschoolbusjobid33.JPEG", "unix_time": 1620681198.4319487}
DEBUG:transfer.py:sshpass -p PASSWORD scp -P 5000 -o StrictHostKeyChecking=no /jupiter/circe_output/storeclass2_lccenc2_14328504imgschoolbusjobid33.JPEG root@10.100.2.253:/jupiter/circe_input/
DEBUG:transfer.py:transfer successful!
INFO:circe.py:runtime_stat:{"task_name": "circe", "event": "new_input_file", "filename": "resnet5_storeclass2_54451339imgschoolbusjobid34.JPEG", "unix_time": 1620681213.1480448}
INFO:ccdag_utils.py:runtime_stat:{"task_name": "storeclass2", "event": "queue_start_process", "filename": "resnet5_storeclass2_54451339imgschoolbusjobid34.JPEG", "unix_time": 1620681213.4511037}
INFO:ccdag_utils.py:runtime_stat:{"task_name": "storeclass2", "event": "queue_end_process", "filename": "storeclass2_lccenc2_54451339imgschoolbusjobid34.JPEG", "unix_time": 1620681213.4549482}
INFO:circe.py:runtime_stat:{"task_name": "circe", "event": "new_output_file", "filename": "storeclass2_lccenc2_54451339imgschoolbusjobid34.JPEG", "unix_time": 1620681213.4560928}
DEBUG:transfer.py:sshpass -p PASSWORD scp -P 5000 -o StrictHostKeyChecking=no /jupiter/circe_output/storeclass2_lccenc2_54451339imgschoolbusjobid34.JPEG root@10.100.2.253:/jupiter/circe_input/
DEBUG:transfer.py:transfer successful!
INFO:circe.py:runtime_stat:{"task_name": "circe", "event": "new_input_file", "filename": "resnet0_storeclass2_57739654imgschoolbusjobid34.JPEG", "unix_time": 1620681214.3412719}
INFO:ccdag_utils.py:runtime_stat:{"task_name": "storeclass2", "event": "queue_start_process", "filename": "resnet0_storeclass2_57739654imgschoolbusjobid34.JPEG", "unix_time": 1620681214.455844}
INFO:ccdag_utils.py:runtime_stat:{"task_name": "storeclass2", "event": "queue_end_process", "filename": "storeclass2_lccenc2_57739654imgschoolbusjobid34.JPEG", "unix_time": 1620681214.4575846}
INFO:circe.py:runtime_stat:{"task_name": "circe", "event": "new_output_file", "filename": "storeclass2_lccenc2_57739654imgschoolbusjobid34.JPEG", "unix_time": 1620681214.4588056}
DEBUG:transfer.py:sshpass -p PASSWORD scp -P 5000 -o StrictHostKeyChecking=no /jupiter/circe_output/storeclass2_lccenc2_57739654imgschoolbusjobid34.JPEG root@10.100.2.253:/jupiter/circe_input/
DEBUG:transfer.py:transfer successful!
INFO:circe.py:runtime_stat:{"task_name": "circe", "event": "new_input_file", "filename": "resnet3_storeclass2_70172475imgschoolbusjobid35.JPEG", "unix_time": 1620681226.6180983}
INFO:ccdag_utils.py:runtime_stat:{"task_name": "storeclass2", "event": "queue_start_process", "filename": "resnet3_storeclass2_70172475imgschoolbusjobid35.JPEG", "unix_time": 1620681227.4747813}
INFO:circe.py:runtime_stat:{"task_name": "circe", "event": "new_output_file", "filename": "storeclass2_lccenc2_70172475imgschoolbusjobid35.JPEG", "unix_time": 1620681227.4812708}
DEBUG:transfer.py:sshpass -p PASSWORD scp -P 5000 -o StrictHostKeyChecking=no /jupiter/circe_output/storeclass2_lccenc2_70172475imgschoolbusjobid35.JPEG root@10.100.2.253:/jupiter/circe_input/
INFO:ccdag_utils.py:runtime_stat:{"task_name": "storeclass2", "event": "queue_end_process", "filename": "storeclass2_lccenc2_70172475imgschoolbusjobid35.JPEG", "unix_time": 1620681227.4819071}
DEBUG:transfer.py:transfer successful!
INFO:circe.py:runtime_stat:{"task_name": "circe", "event": "new_input_file", "filename": "resnet4_storeclass2_63143571imgschoolbusjobid31.JPEG", "unix_time": 1620681229.342227}
INFO:circe.py:runtime_stat:{"task_name": "circe", "event": "new_input_file", "filename": "resnet0_storeclass2_96978883imgschoolbusjobid35.JPEG", "unix_time": 1620681229.3480904}
INFO:circe.py:runtime_stat:{"task_name": "circe", "event": "new_input_file", "filename": "resnet7_storeclass2_44687018imgschoolbusjobid31.JPEG", "unix_time": 1620681229.4345424}
INFO:ccdag_utils.py:runtime_stat:{"task_name": "storeclass2", "event": "queue_start_process", "filename": "resnet4_storeclass2_63143571imgschoolbusjobid31.JPEG", "unix_time": 1620681229.4877636}
INFO:ccdag_utils.py:runtime_stat:{"task_name": "storeclass2", "event": "queue_end_process", "filename": "storeclass2_lccenc2_63143571imgschoolbusjobid31.JPEG", "unix_time": 1620681229.4902167}
INFO:ccdag_utils.py:runtime_stat:{"task_name": "storeclass2", "event": "queue_start_process", "filename": "resnet0_storeclass2_96978883imgschoolbusjobid35.JPEG", "unix_time": 1620681229.4905677}
INFO:circe.py:runtime_stat:{"task_name": "circe", "event": "new_output_file", "filename": "storeclass2_lccenc2_63143571imgschoolbusjobid31.JPEG", "unix_time": 1620681229.4953344}
DEBUG:transfer.py:sshpass -p PASSWORD scp -P 5000 -o StrictHostKeyChecking=no /jupiter/circe_output/storeclass2_lccenc2_63143571imgschoolbusjobid31.JPEG root@10.100.2.253:/jupiter/circe_input/
INFO:ccdag_utils.py:runtime_stat:{"task_name": "storeclass2", "event": "queue_end_process", "filename": "storeclass2_lccenc2_96978883imgschoolbusjobid35.JPEG", "unix_time": 1620681229.5034978}
INFO:ccdag_utils.py:runtime_stat:{"task_name": "storeclass2", "event": "queue_start_process", "filename": "resnet7_storeclass2_44687018imgschoolbusjobid31.JPEG", "unix_time": 1620681229.5041184}
INFO:ccdag_utils.py:runtime_stat:{"task_name": "storeclass2", "event": "queue_end_process", "filename": "storeclass2_lccenc2_44687018imgschoolbusjobid31.JPEG", "unix_time": 1620681229.5063}
DEBUG:transfer.py:transfer successful!
INFO:circe.py:runtime_stat:{"task_name": "circe", "event": "new_output_file", "filename": "storeclass2_lccenc2_44687018imgschoolbusjobid31.JPEG", "unix_time": 1620681229.7441745}
DEBUG:transfer.py:sshpass -p PASSWORD scp -P 5000 -o StrictHostKeyChecking=no /jupiter/circe_output/storeclass2_lccenc2_44687018imgschoolbusjobid31.JPEG root@10.100.2.253:/jupiter/circe_input/
DEBUG:transfer.py:transfer successful!
INFO:circe.py:runtime_stat:{"task_name": "circe", "event": "new_output_file", "filename": "storeclass2_lccenc2_96978883imgschoolbusjobid35.JPEG", "unix_time": 1620681230.0129135}
DEBUG:transfer.py:sshpass -p PASSWORD scp -P 5000 -o StrictHostKeyChecking=no /jupiter/circe_output/storeclass2_lccenc2_96978883imgschoolbusjobid35.JPEG root@10.100.2.253:/jupiter/circe_input/
DEBUG:transfer.py:transfer successful!
INFO:circe.py:runtime_stat:{"task_name": "circe", "event": "new_input_file", "filename": "resnet2_storeclass2_03415352imgschoolbusjobid36.JPEG", "unix_time": 1620681239.7056792}
INFO:ccdag_utils.py:runtime_stat:{"task_name": "storeclass2", "event": "queue_start_process", "filename": "resnet2_storeclass2_03415352imgschoolbusjobid36.JPEG", "unix_time": 1620681240.5186033}
INFO:ccdag_utils.py:runtime_stat:{"task_name": "storeclass2", "event": "queue_end_process", "filename": "storeclass2_lccenc2_03415352imgschoolbusjobid36.JPEG", "unix_time": 1620681240.523906}
INFO:circe.py:runtime_stat:{"task_name": "circe", "event": "new_output_file", "filename": "storeclass2_lccenc2_03415352imgschoolbusjobid36.JPEG", "unix_time": 1620681240.5245605}
DEBUG:transfer.py:sshpass -p PASSWORD scp -P 5000 -o StrictHostKeyChecking=no /jupiter/circe_output/storeclass2_lccenc2_03415352imgschoolbusjobid36.JPEG root@10.100.2.253:/jupiter/circe_input/
DEBUG:transfer.py:transfer successful!
INFO:circe.py:runtime_stat:{"task_name": "circe", "event": "new_input_file", "filename": "resnet4_storeclass2_88643369imgschoolbusjobid35.JPEG", "unix_time": 1620681291.6351566}
INFO:circe.py:runtime_stat:{"task_name": "circe", "event": "new_input_file", "filename": "resnet7_storeclass2_99508548imgschoolbusjobid35.JPEG", "unix_time": 1620681291.6378407}
INFO:ccdag_utils.py:runtime_stat:{"task_name": "storeclass2", "event": "queue_start_process", "filename": "resnet4_storeclass2_88643369imgschoolbusjobid35.JPEG", "unix_time": 1620681292.588937}
INFO:circe.py:runtime_stat:{"task_name": "circe", "event": "new_output_file", "filename": "storeclass2_lccenc2_88643369imgschoolbusjobid35.JPEG", "unix_time": 1620681292.5973961}
DEBUG:transfer.py:sshpass -p PASSWORD scp -P 5000 -o StrictHostKeyChecking=no /jupiter/circe_output/storeclass2_lccenc2_88643369imgschoolbusjobid35.JPEG root@10.100.2.253:/jupiter/circe_input/
INFO:ccdag_utils.py:runtime_stat:{"task_name": "storeclass2", "event": "queue_end_process", "filename": "storeclass2_lccenc2_88643369imgschoolbusjobid35.JPEG", "unix_time": 1620681292.5983005}
INFO:ccdag_utils.py:runtime_stat:{"task_name": "storeclass2", "event": "queue_start_process", "filename": "resnet7_storeclass2_99508548imgschoolbusjobid35.JPEG", "unix_time": 1620681292.6050982}
INFO:ccdag_utils.py:runtime_stat:{"task_name": "storeclass2", "event": "queue_end_process", "filename": "storeclass2_lccenc2_99508548imgschoolbusjobid35.JPEG", "unix_time": 1620681292.6108034}
DEBUG:transfer.py:transfer successful!
INFO:circe.py:runtime_stat:{"task_name": "circe", "event": "new_output_file", "filename": "storeclass2_lccenc2_99508548imgschoolbusjobid35.JPEG", "unix_time": 1620681292.8265395}
DEBUG:transfer.py:sshpass -p PASSWORD scp -P 5000 -o StrictHostKeyChecking=no /jupiter/circe_output/storeclass2_lccenc2_99508548imgschoolbusjobid35.JPEG root@10.100.2.253:/jupiter/circe_input/
DEBUG:transfer.py:transfer successful!
