 * Starting OpenBSD Secure Shell server sshd
   ...done.
INFO:circe.py:Using base script lccdec.py
DEBUG:circe.py:starting the input monitoring process
DEBUG:circe.py:starting the output monitoring process
INFO:circe.py:runtime_stat:{"task_name": "circe", "event": "new_input_file", "filename": "preagg3_lccdec3_1jobthscore3a2#84088893-2#54280509-2#13348679-2#22085932-2#30303300-2#14107030", "unix_time": 1620681233.130561}
INFO:lccdec.py:lccdec3: file rcvd from preagg3 : preagg3_lccdec3_1jobthscore3a2#84088893-2#54280509-2#13348679-2#22085932-2#30303300-2#14107030
INFO:ccdag_utils.py:runtime_stat:{"task_name": "lccdec3", "event": "queue_start_process", "filename": "preagg3_lccdec3_1jobthscore3a2#84088893-2#54280509-2#13348679-2#22085932-2#30303300-2#14107030", "unix_time": 1620681233.1315684}
INFO:circe.py:runtime_stat:{"task_name": "circe", "event": "new_input_file", "filename": "preagg3_lccdec3_1jobthscore3b2#84088893-2#54280509-2#13348679-2#22085932-2#30303300-2#14107030", "unix_time": 1620681233.3481057}
INFO:lccdec.py:lccdec3: file rcvd from preagg3 : preagg3_lccdec3_1jobthscore3b2#84088893-2#54280509-2#13348679-2#22085932-2#30303300-2#14107030
INFO:ccdag_utils.py:runtime_stat:{"task_name": "lccdec3", "event": "queue_start_process", "filename": "preagg3_lccdec3_1jobthscore3b2#84088893-2#54280509-2#13348679-2#22085932-2#30303300-2#14107030", "unix_time": 1620681233.349383}
INFO:circe.py:runtime_stat:{"task_name": "circe", "event": "new_input_file", "filename": "preagg3_lccdec3_1jobthscore3c2#84088893-2#54280509-2#13348679-2#22085932-2#30303300-2#14107030", "unix_time": 1620681233.5623355}
INFO:lccdec.py:lccdec3: file rcvd from preagg3 : preagg3_lccdec3_1jobthscore3c2#84088893-2#54280509-2#13348679-2#22085932-2#30303300-2#14107030
INFO:ccdag_utils.py:runtime_stat:{"task_name": "lccdec3", "event": "queue_start_process", "filename": "preagg3_lccdec3_1jobthscore3c2#84088893-2#54280509-2#13348679-2#22085932-2#30303300-2#14107030", "unix_time": 1620681233.5630784}
INFO:circe.py:runtime_stat:{"task_name": "circe", "event": "new_output_file", "filename": "lccdec3_home_1jobth2#84088893-2#54280509-2#13348679-2#22085932-2#30303300-2#14107030", "unix_time": 1620681233.5934615}
DEBUG:transfer.py:sshpass -p PASSWORD scp -P 5000 -o StrictHostKeyChecking=no /jupiter/circe_output/lccdec3_home_1jobth2#84088893-2#54280509-2#13348679-2#22085932-2#30303300-2#14107030 root@10.99.151.59:/jupiter/circe_input/
INFO:ccdag_utils.py:runtime_stat:{"task_name": "lccdec3", "event": "queue_end_process", "filename": "lccdec3_home_1jobth2#84088893-2#54280509-2#13348679-2#22085932-2#30303300-2#14107030", "unix_time": 1620681233.597627}
Warning: Permanently added '[10.99.151.59]:5000' (ECDSA) to the list of known hosts.
DEBUG:transfer.py:transfer successful!
INFO:circe.py:runtime_stat:{"task_name": "circe", "event": "new_input_file", "filename": "preagg3_lccdec3_2jobthscore3a2#35268819-2#25384582-2#90759476-2#46907414-2#14958690-2#33360641", "unix_time": 1620681256.347094}
INFO:lccdec.py:lccdec3: file rcvd from preagg3 : preagg3_lccdec3_2jobthscore3a2#35268819-2#25384582-2#90759476-2#46907414-2#14958690-2#33360641
INFO:ccdag_utils.py:runtime_stat:{"task_name": "lccdec3", "event": "queue_start_process", "filename": "preagg3_lccdec3_2jobthscore3a2#35268819-2#25384582-2#90759476-2#46907414-2#14958690-2#33360641", "unix_time": 1620681256.3479097}
INFO:circe.py:runtime_stat:{"task_name": "circe", "event": "new_input_file", "filename": "preagg3_lccdec3_2jobthscore3b2#35268819-2#25384582-2#90759476-2#46907414-2#14958690-2#33360641", "unix_time": 1620681256.5652719}
INFO:lccdec.py:lccdec3: file rcvd from preagg3 : preagg3_lccdec3_2jobthscore3b2#35268819-2#25384582-2#90759476-2#46907414-2#14958690-2#33360641
INFO:ccdag_utils.py:runtime_stat:{"task_name": "lccdec3", "event": "queue_start_process", "filename": "preagg3_lccdec3_2jobthscore3b2#35268819-2#25384582-2#90759476-2#46907414-2#14958690-2#33360641", "unix_time": 1620681256.5661325}
INFO:circe.py:runtime_stat:{"task_name": "circe", "event": "new_input_file", "filename": "preagg3_lccdec3_2jobthscore3c2#35268819-2#25384582-2#90759476-2#46907414-2#14958690-2#33360641", "unix_time": 1620681256.8106499}
INFO:lccdec.py:lccdec3: file rcvd from preagg3 : preagg3_lccdec3_2jobthscore3c2#35268819-2#25384582-2#90759476-2#46907414-2#14958690-2#33360641
INFO:ccdag_utils.py:runtime_stat:{"task_name": "lccdec3", "event": "queue_start_process", "filename": "preagg3_lccdec3_2jobthscore3c2#35268819-2#25384582-2#90759476-2#46907414-2#14958690-2#33360641", "unix_time": 1620681256.8119104}
INFO:circe.py:runtime_stat:{"task_name": "circe", "event": "new_output_file", "filename": "lccdec3_home_2jobth2#35268819-2#25384582-2#90759476-2#46907414-2#14958690-2#33360641", "unix_time": 1620681256.8342836}
DEBUG:transfer.py:sshpass -p PASSWORD scp -P 5000 -o StrictHostKeyChecking=no /jupiter/circe_output/lccdec3_home_2jobth2#35268819-2#25384582-2#90759476-2#46907414-2#14958690-2#33360641 root@10.99.151.59:/jupiter/circe_input/
INFO:ccdag_utils.py:runtime_stat:{"task_name": "lccdec3", "event": "queue_end_process", "filename": "lccdec3_home_2jobth2#35268819-2#25384582-2#90759476-2#46907414-2#14958690-2#33360641", "unix_time": 1620681256.8398716}
DEBUG:transfer.py:transfer successful!
INFO:circe.py:runtime_stat:{"task_name": "circe", "event": "new_input_file", "filename": "preagg3_lccdec3_3jobthscore3a2#76257570-2#24296061-2#00830455-2#10063904-2#03945551-2#48422239", "unix_time": 1620681276.583145}
INFO:lccdec.py:lccdec3: file rcvd from preagg3 : preagg3_lccdec3_3jobthscore3a2#76257570-2#24296061-2#00830455-2#10063904-2#03945551-2#48422239
INFO:ccdag_utils.py:runtime_stat:{"task_name": "lccdec3", "event": "queue_start_process", "filename": "preagg3_lccdec3_3jobthscore3a2#76257570-2#24296061-2#00830455-2#10063904-2#03945551-2#48422239", "unix_time": 1620681276.583813}
INFO:circe.py:runtime_stat:{"task_name": "circe", "event": "new_input_file", "filename": "preagg3_lccdec3_3jobthscore3b2#76257570-2#24296061-2#00830455-2#10063904-2#03945551-2#48422239", "unix_time": 1620681276.793869}
INFO:lccdec.py:lccdec3: file rcvd from preagg3 : preagg3_lccdec3_3jobthscore3b2#76257570-2#24296061-2#00830455-2#10063904-2#03945551-2#48422239
INFO:ccdag_utils.py:runtime_stat:{"task_name": "lccdec3", "event": "queue_start_process", "filename": "preagg3_lccdec3_3jobthscore3b2#76257570-2#24296061-2#00830455-2#10063904-2#03945551-2#48422239", "unix_time": 1620681276.794682}
INFO:circe.py:runtime_stat:{"task_name": "circe", "event": "new_input_file", "filename": "preagg3_lccdec3_3jobthscore3c2#76257570-2#24296061-2#00830455-2#10063904-2#03945551-2#48422239", "unix_time": 1620681277.013566}
INFO:lccdec.py:lccdec3: file rcvd from preagg3 : preagg3_lccdec3_3jobthscore3c2#76257570-2#24296061-2#00830455-2#10063904-2#03945551-2#48422239
INFO:ccdag_utils.py:runtime_stat:{"task_name": "lccdec3", "event": "queue_start_process", "filename": "preagg3_lccdec3_3jobthscore3c2#76257570-2#24296061-2#00830455-2#10063904-2#03945551-2#48422239", "unix_time": 1620681277.0142996}
INFO:circe.py:runtime_stat:{"task_name": "circe", "event": "new_output_file", "filename": "lccdec3_home_3jobth2#76257570-2#24296061-2#00830455-2#10063904-2#03945551-2#48422239", "unix_time": 1620681277.0400372}
DEBUG:transfer.py:sshpass -p PASSWORD scp -P 5000 -o StrictHostKeyChecking=no /jupiter/circe_output/lccdec3_home_3jobth2#76257570-2#24296061-2#00830455-2#10063904-2#03945551-2#48422239 root@10.99.151.59:/jupiter/circe_input/
INFO:ccdag_utils.py:runtime_stat:{"task_name": "lccdec3", "event": "queue_end_process", "filename": "lccdec3_home_3jobth2#76257570-2#24296061-2#00830455-2#10063904-2#03945551-2#48422239", "unix_time": 1620681277.0440388}
DEBUG:transfer.py:transfer successful!
INFO:circe.py:runtime_stat:{"task_name": "circe", "event": "new_input_file", "filename": "preagg3_lccdec3_4jobthscore3a2#87776850-2#83444187-2#27706248-2#52515248-2#90832697-2#83597870", "unix_time": 1620681301.8033986}
INFO:lccdec.py:lccdec3: file rcvd from preagg3 : preagg3_lccdec3_4jobthscore3a2#87776850-2#83444187-2#27706248-2#52515248-2#90832697-2#83597870
INFO:ccdag_utils.py:runtime_stat:{"task_name": "lccdec3", "event": "queue_start_process", "filename": "preagg3_lccdec3_4jobthscore3a2#87776850-2#83444187-2#27706248-2#52515248-2#90832697-2#83597870", "unix_time": 1620681301.804245}
INFO:circe.py:runtime_stat:{"task_name": "circe", "event": "new_input_file", "filename": "preagg3_lccdec3_4jobthscore3b2#87776850-2#83444187-2#27706248-2#52515248-2#90832697-2#83597870", "unix_time": 1620681302.023669}
INFO:lccdec.py:lccdec3: file rcvd from preagg3 : preagg3_lccdec3_4jobthscore3b2#87776850-2#83444187-2#27706248-2#52515248-2#90832697-2#83597870
INFO:ccdag_utils.py:runtime_stat:{"task_name": "lccdec3", "event": "queue_start_process", "filename": "preagg3_lccdec3_4jobthscore3b2#87776850-2#83444187-2#27706248-2#52515248-2#90832697-2#83597870", "unix_time": 1620681302.0248308}
INFO:circe.py:runtime_stat:{"task_name": "circe", "event": "new_input_file", "filename": "preagg3_lccdec3_4jobthscore3c2#87776850-2#83444187-2#27706248-2#52515248-2#90832697-2#83597870", "unix_time": 1620681302.2470045}
INFO:lccdec.py:lccdec3: file rcvd from preagg3 : preagg3_lccdec3_4jobthscore3c2#87776850-2#83444187-2#27706248-2#52515248-2#90832697-2#83597870
INFO:ccdag_utils.py:runtime_stat:{"task_name": "lccdec3", "event": "queue_start_process", "filename": "preagg3_lccdec3_4jobthscore3c2#87776850-2#83444187-2#27706248-2#52515248-2#90832697-2#83597870", "unix_time": 1620681302.247804}
INFO:circe.py:runtime_stat:{"task_name": "circe", "event": "new_output_file", "filename": "lccdec3_home_4jobth2#87776850-2#83444187-2#27706248-2#52515248-2#90832697-2#83597870", "unix_time": 1620681302.2709508}
DEBUG:transfer.py:sshpass -p PASSWORD scp -P 5000 -o StrictHostKeyChecking=no /jupiter/circe_output/lccdec3_home_4jobth2#87776850-2#83444187-2#27706248-2#52515248-2#90832697-2#83597870 root@10.99.151.59:/jupiter/circe_input/
INFO:ccdag_utils.py:runtime_stat:{"task_name": "lccdec3", "event": "queue_end_process", "filename": "lccdec3_home_4jobth2#87776850-2#83444187-2#27706248-2#52515248-2#90832697-2#83597870", "unix_time": 1620681302.2761087}
DEBUG:transfer.py:transfer successful!
INFO:circe.py:runtime_stat:{"task_name": "circe", "event": "new_input_file", "filename": "preagg3_lccdec3_5jobthscore3a2#92320853-2#65628015-2#17562102-2#16323775-2#96637215-2#46778847", "unix_time": 1620681314.0786254}
INFO:lccdec.py:lccdec3: file rcvd from preagg3 : preagg3_lccdec3_5jobthscore3a2#92320853-2#65628015-2#17562102-2#16323775-2#96637215-2#46778847
INFO:ccdag_utils.py:runtime_stat:{"task_name": "lccdec3", "event": "queue_start_process", "filename": "preagg3_lccdec3_5jobthscore3a2#92320853-2#65628015-2#17562102-2#16323775-2#96637215-2#46778847", "unix_time": 1620681314.0795877}
INFO:circe.py:runtime_stat:{"task_name": "circe", "event": "new_input_file", "filename": "preagg3_lccdec3_5jobthscore3b2#92320853-2#65628015-2#17562102-2#16323775-2#96637215-2#46778847", "unix_time": 1620681314.2992246}
INFO:lccdec.py:lccdec3: file rcvd from preagg3 : preagg3_lccdec3_5jobthscore3b2#92320853-2#65628015-2#17562102-2#16323775-2#96637215-2#46778847
INFO:ccdag_utils.py:runtime_stat:{"task_name": "lccdec3", "event": "queue_start_process", "filename": "preagg3_lccdec3_5jobthscore3b2#92320853-2#65628015-2#17562102-2#16323775-2#96637215-2#46778847", "unix_time": 1620681314.2997565}
INFO:circe.py:runtime_stat:{"task_name": "circe", "event": "new_input_file", "filename": "preagg3_lccdec3_5jobthscore3c2#92320853-2#65628015-2#17562102-2#16323775-2#96637215-2#46778847", "unix_time": 1620681314.516425}
INFO:lccdec.py:lccdec3: file rcvd from preagg3 : preagg3_lccdec3_5jobthscore3c2#92320853-2#65628015-2#17562102-2#16323775-2#96637215-2#46778847
INFO:ccdag_utils.py:runtime_stat:{"task_name": "lccdec3", "event": "queue_start_process", "filename": "preagg3_lccdec3_5jobthscore3c2#92320853-2#65628015-2#17562102-2#16323775-2#96637215-2#46778847", "unix_time": 1620681314.5171824}
INFO:circe.py:runtime_stat:{"task_name": "circe", "event": "new_output_file", "filename": "lccdec3_home_5jobth2#92320853-2#65628015-2#17562102-2#16323775-2#96637215-2#46778847", "unix_time": 1620681314.5410266}
DEBUG:transfer.py:sshpass -p PASSWORD scp -P 5000 -o StrictHostKeyChecking=no /jupiter/circe_output/lccdec3_home_5jobth2#92320853-2#65628015-2#17562102-2#16323775-2#96637215-2#46778847 root@10.99.151.59:/jupiter/circe_input/
INFO:ccdag_utils.py:runtime_stat:{"task_name": "lccdec3", "event": "queue_end_process", "filename": "lccdec3_home_5jobth2#92320853-2#65628015-2#17562102-2#16323775-2#96637215-2#46778847", "unix_time": 1620681314.542455}
DEBUG:transfer.py:transfer successful!
INFO:circe.py:runtime_stat:{"task_name": "circe", "event": "new_input_file", "filename": "preagg3_lccdec3_6jobthscore3a2#80538014-2#10093067-2#26649368-2#79669479-2#38886135-2#00498530", "unix_time": 1620681327.3031669}
INFO:lccdec.py:lccdec3: file rcvd from preagg3 : preagg3_lccdec3_6jobthscore3a2#80538014-2#10093067-2#26649368-2#79669479-2#38886135-2#00498530
INFO:ccdag_utils.py:runtime_stat:{"task_name": "lccdec3", "event": "queue_start_process", "filename": "preagg3_lccdec3_6jobthscore3a2#80538014-2#10093067-2#26649368-2#79669479-2#38886135-2#00498530", "unix_time": 1620681327.3043742}
INFO:circe.py:runtime_stat:{"task_name": "circe", "event": "new_input_file", "filename": "preagg3_lccdec3_6jobthscore3b2#80538014-2#10093067-2#26649368-2#79669479-2#38886135-2#00498530", "unix_time": 1620681327.5238736}
INFO:lccdec.py:lccdec3: file rcvd from preagg3 : preagg3_lccdec3_6jobthscore3b2#80538014-2#10093067-2#26649368-2#79669479-2#38886135-2#00498530
INFO:ccdag_utils.py:runtime_stat:{"task_name": "lccdec3", "event": "queue_start_process", "filename": "preagg3_lccdec3_6jobthscore3b2#80538014-2#10093067-2#26649368-2#79669479-2#38886135-2#00498530", "unix_time": 1620681327.525013}
INFO:circe.py:runtime_stat:{"task_name": "circe", "event": "new_input_file", "filename": "preagg3_lccdec3_6jobthscore3c2#80538014-2#10093067-2#26649368-2#79669479-2#38886135-2#00498530", "unix_time": 1620681327.7326822}
INFO:lccdec.py:lccdec3: file rcvd from preagg3 : preagg3_lccdec3_6jobthscore3c2#80538014-2#10093067-2#26649368-2#79669479-2#38886135-2#00498530
INFO:ccdag_utils.py:runtime_stat:{"task_name": "lccdec3", "event": "queue_start_process", "filename": "preagg3_lccdec3_6jobthscore3c2#80538014-2#10093067-2#26649368-2#79669479-2#38886135-2#00498530", "unix_time": 1620681327.7333388}
INFO:circe.py:runtime_stat:{"task_name": "circe", "event": "new_output_file", "filename": "lccdec3_home_6jobth2#80538014-2#10093067-2#26649368-2#79669479-2#38886135-2#00498530", "unix_time": 1620681327.7553146}
DEBUG:transfer.py:sshpass -p PASSWORD scp -P 5000 -o StrictHostKeyChecking=no /jupiter/circe_output/lccdec3_home_6jobth2#80538014-2#10093067-2#26649368-2#79669479-2#38886135-2#00498530 root@10.99.151.59:/jupiter/circe_input/
INFO:ccdag_utils.py:runtime_stat:{"task_name": "lccdec3", "event": "queue_end_process", "filename": "lccdec3_home_6jobth2#80538014-2#10093067-2#26649368-2#79669479-2#38886135-2#00498530", "unix_time": 1620681327.7593966}
DEBUG:transfer.py:transfer successful!
INFO:circe.py:runtime_stat:{"task_name": "circe", "event": "new_input_file", "filename": "preagg3_lccdec3_7jobthscore3a2#42875287-2#15681179-2#87119467-2#50326341-2#89572488-2#96668184", "unix_time": 1620681403.5799377}
INFO:lccdec.py:lccdec3: file rcvd from preagg3 : preagg3_lccdec3_7jobthscore3a2#42875287-2#15681179-2#87119467-2#50326341-2#89572488-2#96668184
INFO:ccdag_utils.py:runtime_stat:{"task_name": "lccdec3", "event": "queue_start_process", "filename": "preagg3_lccdec3_7jobthscore3a2#42875287-2#15681179-2#87119467-2#50326341-2#89572488-2#96668184", "unix_time": 1620681403.5806632}
INFO:circe.py:runtime_stat:{"task_name": "circe", "event": "new_input_file", "filename": "preagg3_lccdec3_7jobthscore3b2#42875287-2#15681179-2#87119467-2#50326341-2#89572488-2#96668184", "unix_time": 1620681403.8060482}
INFO:lccdec.py:lccdec3: file rcvd from preagg3 : preagg3_lccdec3_7jobthscore3b2#42875287-2#15681179-2#87119467-2#50326341-2#89572488-2#96668184
INFO:ccdag_utils.py:runtime_stat:{"task_name": "lccdec3", "event": "queue_start_process", "filename": "preagg3_lccdec3_7jobthscore3b2#42875287-2#15681179-2#87119467-2#50326341-2#89572488-2#96668184", "unix_time": 1620681403.806881}
INFO:circe.py:runtime_stat:{"task_name": "circe", "event": "new_input_file", "filename": "preagg3_lccdec3_7jobthscore3c2#42875287-2#15681179-2#87119467-2#50326341-2#89572488-2#96668184", "unix_time": 1620681404.0192494}
INFO:lccdec.py:lccdec3: file rcvd from preagg3 : preagg3_lccdec3_7jobthscore3c2#42875287-2#15681179-2#87119467-2#50326341-2#89572488-2#96668184
INFO:ccdag_utils.py:runtime_stat:{"task_name": "lccdec3", "event": "queue_start_process", "filename": "preagg3_lccdec3_7jobthscore3c2#42875287-2#15681179-2#87119467-2#50326341-2#89572488-2#96668184", "unix_time": 1620681404.019915}
INFO:circe.py:runtime_stat:{"task_name": "circe", "event": "new_output_file", "filename": "lccdec3_home_7jobth2#42875287-2#15681179-2#87119467-2#50326341-2#89572488-2#96668184", "unix_time": 1620681404.04598}
DEBUG:transfer.py:sshpass -p PASSWORD scp -P 5000 -o StrictHostKeyChecking=no /jupiter/circe_output/lccdec3_home_7jobth2#42875287-2#15681179-2#87119467-2#50326341-2#89572488-2#96668184 root@10.99.151.59:/jupiter/circe_input/
INFO:ccdag_utils.py:runtime_stat:{"task_name": "lccdec3", "event": "queue_end_process", "filename": "lccdec3_home_7jobth2#42875287-2#15681179-2#87119467-2#50326341-2#89572488-2#96668184", "unix_time": 1620681404.0501149}
DEBUG:transfer.py:transfer successful!
