 * Starting OpenBSD Secure Shell server sshd
   ...done.
INFO:circe.py:Using base script score.py
DEBUG:circe.py:starting the input monitoring process
DEBUG:circe.py:starting the output monitoring process
INFO:circe.py:runtime_stat:{"task_name": "circe", "event": "new_input_file", "filename": "lccenc7_score7c_6#21478787-6#33822165-6#58688043-6#15241668-6#43795862-6#69153446jobid1.csv", "unix_time": 1620680849.1676576}
INFO:ccdag_utils.py:runtime_stat:{"task_name": "score7c", "event": "queue_start_process", "filename": "lccenc7_score7c_6#21478787-6#33822165-6#58688043-6#15241668-6#43795862-6#69153446jobid1.csv", "unix_time": 1620680849.442809}
['leopard21.JPEG', 'leopard22.JPEG', 'leopard23.JPEG', 'leopard24.JPEG', 'leopard25.JPEG', 'leopard26.JPEG', 'leopard27.JPEG', 'leopard28.JPEG', 'leopard29.JPEG', 'leopard30.JPEG']
INFO:circe.py:runtime_stat:{"task_name": "circe", "event": "new_output_file", "filename": "score7c_preagg7_1jobth6#21478787-6#33822165-6#58688043-6#15241668-6#43795862-6#69153446", "unix_time": 1620680851.1268973}
DEBUG:transfer.py:sshpass -p PASSWORD scp -P 5000 -o StrictHostKeyChecking=no /jupiter/circe_output/score7c_preagg7_1jobth6#21478787-6#33822165-6#58688043-6#15241668-6#43795862-6#69153446 root@10.105.125.249:/jupiter/circe_input/
INFO:ccdag_utils.py:runtime_stat:{"task_name": "score7c", "event": "queue_end_process", "filename": "score7c_preagg7_1jobth6#21478787-6#33822165-6#58688043-6#15241668-6#43795862-6#69153446", "unix_time": 1620680851.1346498}
Warning: Permanently added '[10.105.125.249]:5000' (ECDSA) to the list of known hosts.
DEBUG:transfer.py:transfer successful!
INFO:circe.py:runtime_stat:{"task_name": "circe", "event": "new_input_file", "filename": "lccenc7_score7c_6#23095905-6#84778996-6#05558747-6#84134096-6#30536295-6#08056356jobid2.csv", "unix_time": 1620680875.3424988}
INFO:ccdag_utils.py:runtime_stat:{"task_name": "score7c", "event": "queue_start_process", "filename": "lccenc7_score7c_6#23095905-6#84778996-6#05558747-6#84134096-6#30536295-6#08056356jobid2.csv", "unix_time": 1620680876.1633654}
['leopard21.JPEG', 'leopard22.JPEG', 'leopard23.JPEG', 'leopard24.JPEG', 'leopard25.JPEG', 'leopard26.JPEG', 'leopard27.JPEG', 'leopard28.JPEG', 'leopard29.JPEG', 'leopard30.JPEG']
INFO:circe.py:runtime_stat:{"task_name": "circe", "event": "new_output_file", "filename": "score7c_preagg7_2jobth6#23095905-6#84778996-6#05558747-6#84134096-6#30536295-6#08056356", "unix_time": 1620680877.6495285}
DEBUG:transfer.py:sshpass -p PASSWORD scp -P 5000 -o StrictHostKeyChecking=no /jupiter/circe_output/score7c_preagg7_2jobth6#23095905-6#84778996-6#05558747-6#84134096-6#30536295-6#08056356 root@10.105.125.249:/jupiter/circe_input/
INFO:ccdag_utils.py:runtime_stat:{"task_name": "score7c", "event": "queue_end_process", "filename": "score7c_preagg7_2jobth6#23095905-6#84778996-6#05558747-6#84134096-6#30536295-6#08056356", "unix_time": 1620680877.6557581}
DEBUG:transfer.py:transfer successful!
INFO:circe.py:runtime_stat:{"task_name": "circe", "event": "new_input_file", "filename": "lccenc7_score7c_6#59790593-6#92181973-6#92669951-6#09792602-6#71373079-6#01981080jobid3.csv", "unix_time": 1620680899.556574}
INFO:ccdag_utils.py:runtime_stat:{"task_name": "score7c", "event": "queue_start_process", "filename": "lccenc7_score7c_6#59790593-6#92181973-6#92669951-6#09792602-6#71373079-6#01981080jobid3.csv", "unix_time": 1620680899.681259}
['leopard21.JPEG', 'leopard22.JPEG', 'leopard23.JPEG', 'leopard24.JPEG', 'leopard25.JPEG', 'leopard26.JPEG', 'leopard27.JPEG', 'leopard28.JPEG', 'leopard29.JPEG', 'leopard30.JPEG']
INFO:circe.py:runtime_stat:{"task_name": "circe", "event": "new_output_file", "filename": "score7c_preagg7_3jobth6#59790593-6#92181973-6#92669951-6#09792602-6#71373079-6#01981080", "unix_time": 1620680901.17313}
INFO:ccdag_utils.py:runtime_stat:{"task_name": "score7c", "event": "queue_end_process", "filename": "score7c_preagg7_3jobth6#59790593-6#92181973-6#92669951-6#09792602-6#71373079-6#01981080", "unix_time": 1620680901.1734161}
DEBUG:transfer.py:sshpass -p PASSWORD scp -P 5000 -o StrictHostKeyChecking=no /jupiter/circe_output/score7c_preagg7_3jobth6#59790593-6#92181973-6#92669951-6#09792602-6#71373079-6#01981080 root@10.105.125.249:/jupiter/circe_input/
DEBUG:transfer.py:transfer successful!
INFO:circe.py:runtime_stat:{"task_name": "circe", "event": "new_input_file", "filename": "lccenc7_score7c_6#29956080-6#27707468-6#74551662-6#68909809-6#61197496-6#80265724jobid4.csv", "unix_time": 1620680958.0952969}
INFO:ccdag_utils.py:runtime_stat:{"task_name": "score7c", "event": "queue_start_process", "filename": "lccenc7_score7c_6#29956080-6#27707468-6#74551662-6#68909809-6#61197496-6#80265724jobid4.csv", "unix_time": 1620680958.23609}
['leopard21.JPEG', 'leopard22.JPEG', 'leopard23.JPEG', 'leopard24.JPEG', 'leopard25.JPEG', 'leopard26.JPEG', 'leopard27.JPEG', 'leopard28.JPEG', 'leopard29.JPEG', 'leopard30.JPEG']
INFO:circe.py:runtime_stat:{"task_name": "circe", "event": "new_output_file", "filename": "score7c_preagg7_4jobth6#29956080-6#27707468-6#74551662-6#68909809-6#61197496-6#80265724", "unix_time": 1620680959.7488494}
DEBUG:transfer.py:sshpass -p PASSWORD scp -P 5000 -o StrictHostKeyChecking=no /jupiter/circe_output/score7c_preagg7_4jobth6#29956080-6#27707468-6#74551662-6#68909809-6#61197496-6#80265724 root@10.105.125.249:/jupiter/circe_input/
INFO:ccdag_utils.py:runtime_stat:{"task_name": "score7c", "event": "queue_end_process", "filename": "score7c_preagg7_4jobth6#29956080-6#27707468-6#74551662-6#68909809-6#61197496-6#80265724", "unix_time": 1620680959.7548923}
DEBUG:transfer.py:transfer successful!
INFO:circe.py:runtime_stat:{"task_name": "circe", "event": "new_input_file", "filename": "lccenc7_score7c_6#15886581-6#48080900-6#88835843-6#08785826-6#11172731-6#21133647jobid5.csv", "unix_time": 1620680983.2368727}
INFO:ccdag_utils.py:runtime_stat:{"task_name": "score7c", "event": "queue_start_process", "filename": "lccenc7_score7c_6#15886581-6#48080900-6#88835843-6#08785826-6#11172731-6#21133647jobid5.csv", "unix_time": 1620680983.788895}
['leopard21.JPEG', 'leopard22.JPEG', 'leopard23.JPEG', 'leopard24.JPEG', 'leopard25.JPEG', 'leopard26.JPEG', 'leopard27.JPEG', 'leopard28.JPEG', 'leopard29.JPEG', 'leopard30.JPEG']
INFO:circe.py:runtime_stat:{"task_name": "circe", "event": "new_output_file", "filename": "score7c_preagg7_5jobth6#15886581-6#48080900-6#88835843-6#08785826-6#11172731-6#21133647", "unix_time": 1620680985.2772107}
DEBUG:transfer.py:sshpass -p PASSWORD scp -P 5000 -o StrictHostKeyChecking=no /jupiter/circe_output/score7c_preagg7_5jobth6#15886581-6#48080900-6#88835843-6#08785826-6#11172731-6#21133647 root@10.105.125.249:/jupiter/circe_input/
INFO:ccdag_utils.py:runtime_stat:{"task_name": "score7c", "event": "queue_end_process", "filename": "score7c_preagg7_5jobth6#15886581-6#48080900-6#88835843-6#08785826-6#11172731-6#21133647", "unix_time": 1620680985.2834582}
DEBUG:transfer.py:transfer successful!
INFO:circe.py:runtime_stat:{"task_name": "circe", "event": "new_input_file", "filename": "lccenc7_score7c_6#49458762-6#21395363-6#15253011-6#95109300-6#91040745-6#68981734jobid6.csv", "unix_time": 1620680999.5742567}
INFO:ccdag_utils.py:runtime_stat:{"task_name": "score7c", "event": "queue_start_process", "filename": "lccenc7_score7c_6#49458762-6#21395363-6#15253011-6#95109300-6#91040745-6#68981734jobid6.csv", "unix_time": 1620681000.3021424}
['leopard21.JPEG', 'leopard22.JPEG', 'leopard23.JPEG', 'leopard24.JPEG', 'leopard25.JPEG', 'leopard26.JPEG', 'leopard27.JPEG', 'leopard28.JPEG', 'leopard29.JPEG', 'leopard30.JPEG']
INFO:circe.py:runtime_stat:{"task_name": "circe", "event": "new_output_file", "filename": "score7c_preagg7_6jobth6#49458762-6#21395363-6#15253011-6#95109300-6#91040745-6#68981734", "unix_time": 1620681001.820138}
DEBUG:transfer.py:sshpass -p PASSWORD scp -P 5000 -o StrictHostKeyChecking=no /jupiter/circe_output/score7c_preagg7_6jobth6#49458762-6#21395363-6#15253011-6#95109300-6#91040745-6#68981734 root@10.105.125.249:/jupiter/circe_input/
INFO:ccdag_utils.py:runtime_stat:{"task_name": "score7c", "event": "queue_end_process", "filename": "score7c_preagg7_6jobth6#49458762-6#21395363-6#15253011-6#95109300-6#91040745-6#68981734", "unix_time": 1620681001.8320622}
DEBUG:transfer.py:transfer successful!
