 * Starting OpenBSD Secure Shell server sshd
   ...done.
INFO:circe.py:Using base script home.py
DEBUG:circe.py:starting the input monitoring process
DEBUG:circe.py:starting the output monitoring process
INFO:home.py:I am home
INFO:circe.py:runtime_stat:{"task_name": "circe", "event": "new_input_file", "filename": "lccdec1_home_1jobth0#11830056-0#28240947-0#64509942-0#66905017-0#89359135-0#46226264", "unix_time": 1620680759.7909584}
INFO:circe.py:runtime_stat:{"task_name": "circe", "event": "new_input_file", "filename": "lccdec1_home_2jobth0#88587295-0#15548885-0#84955091-0#77918713-0#49831129-0#37849107", "unix_time": 1620680830.0794618}
INFO:circe.py:runtime_stat:{"task_name": "circe", "event": "new_input_file", "filename": "lccdec1_home_3jobth0#56423391-0#23815479-0#23326384-0#99856177-0#21369023-0#94734559", "unix_time": 1620680860.3153017}
INFO:circe.py:runtime_stat:{"task_name": "circe", "event": "new_input_file", "filename": "lccdec7_home_1jobth6#21478787-6#33822165-6#58688043-6#15241668-6#43795862-6#69153446", "unix_time": 1620680861.5233212}
INFO:circe.py:runtime_stat:{"task_name": "circe", "event": "new_input_file", "filename": "lccdec7_home_2jobth6#23095905-6#84778996-6#05558747-6#84134096-6#30536295-6#08056356", "unix_time": 1620680886.7595205}
INFO:circe.py:runtime_stat:{"task_name": "circe", "event": "new_input_file", "filename": "lccdec7_home_3jobth6#59790593-6#92181973-6#92669951-6#09792602-6#71373079-6#01981080", "unix_time": 1620680912.0158072}
INFO:circe.py:runtime_stat:{"task_name": "circe", "event": "new_input_file", "filename": "lccdec8_home_1jobth7#66917458-7#15532517-7#36141654-7#09001365-7#14572617-7#35589445", "unix_time": 1620680945.1149023}
INFO:circe.py:runtime_stat:{"task_name": "circe", "event": "new_input_file", "filename": "lccdec7_home_4jobth6#29956080-6#27707468-6#74551662-6#68909809-6#61197496-6#80265724", "unix_time": 1620680969.3030534}
INFO:circe.py:runtime_stat:{"task_name": "circe", "event": "new_input_file", "filename": "lccdec8_home_2jobth7#27916558-7#99650728-7#58306748-7#67243610-7#18879126-7#32243877", "unix_time": 1620680980.3803174}
INFO:circe.py:runtime_stat:{"task_name": "circe", "event": "new_input_file", "filename": "lccdec7_home_5jobth6#15886581-6#48080900-6#88835843-6#08785826-6#11172731-6#21133647", "unix_time": 1620680994.5111496}
INFO:circe.py:runtime_stat:{"task_name": "circe", "event": "new_input_file", "filename": "lccdec7_home_6jobth6#49458762-6#21395363-6#15253011-6#95109300-6#91040745-6#68981734", "unix_time": 1620681010.7679765}
INFO:circe.py:runtime_stat:{"task_name": "circe", "event": "new_input_file", "filename": "lccdec6_home_1jobth5#54129899-5#88889135-5#23169993-5#08866470-5#91316771-5#35612371", "unix_time": 1620681014.076549}
INFO:circe.py:runtime_stat:{"task_name": "circe", "event": "new_input_file", "filename": "lccdec6_home_2jobth5#82350087-5#08337659-5#10264338-5#56536988-5#35185633-5#03408390", "unix_time": 1620681025.3123944}
INFO:circe.py:runtime_stat:{"task_name": "circe", "event": "new_input_file", "filename": "lccdec6_home_3jobth5#03082566-5#56722864-5#56172927-5#99476656-5#56363368-5#73301891", "unix_time": 1620681051.552509}
INFO:circe.py:runtime_stat:{"task_name": "circe", "event": "new_input_file", "filename": "lccdec8_home_3jobth7#34785419-7#80189460-7#87446144-7#16398199-7#96325361-7#92295463", "unix_time": 1620681051.6653798}
INFO:circe.py:runtime_stat:{"task_name": "circe", "event": "new_input_file", "filename": "lccdec6_home_4jobth5#90419097-5#67154544-5#85936649-5#24977150-5#83508782-5#88862200", "unix_time": 1620681088.828522}
INFO:circe.py:runtime_stat:{"task_name": "circe", "event": "new_input_file", "filename": "lccdec2_home_1jobth1#54138838-1#81138668-1#71548267-1#22848275-1#48499038-1#87569685", "unix_time": 1620681094.2228634}
INFO:circe.py:runtime_stat:{"task_name": "circe", "event": "new_input_file", "filename": "lccdec8_home_4jobth7#07601498-7#69480499-7#10362198-7#83543967-7#59797891-7#25573741", "unix_time": 1620681103.9317446}
INFO:circe.py:runtime_stat:{"task_name": "circe", "event": "new_input_file", "filename": "lccdec6_home_5jobth5#08168166-5#04272366-5#11211098-5#20294274-5#91801409-5#58673639", "unix_time": 1620681120.09241}
INFO:circe.py:runtime_stat:{"task_name": "circe", "event": "new_input_file", "filename": "lccdec2_home_2jobth1#07710851-1#65900738-1#76280150-1#31176095-1#57163871-1#58170979", "unix_time": 1620681133.4996688}
INFO:circe.py:runtime_stat:{"task_name": "circe", "event": "new_input_file", "filename": "lccdec6_home_6jobth5#37459433-5#21746856-5#40874720-5#50198796-5#28388232-5#14669657", "unix_time": 1620681146.2968493}
INFO:circe.py:runtime_stat:{"task_name": "circe", "event": "new_input_file", "filename": "lccdec4_home_1jobth3#24761479-3#98120825-3#74472102-3#99489468-3#00991194-3#55349430", "unix_time": 1620681162.6350648}
INFO:circe.py:runtime_stat:{"task_name": "circe", "event": "new_input_file", "filename": "lccdec6_home_7jobth5#81953676-5#44113315-5#66066974-5#42773436-5#02761819-5#30574425", "unix_time": 1620681167.5412307}
INFO:circe.py:runtime_stat:{"task_name": "circe", "event": "new_input_file", "filename": "lccdec1_home_4jobth0#00776572-0#18012890-1#54843961-1#45063545-1#59058880-1#75370577", "unix_time": 1620681188.879409}
INFO:circe.py:runtime_stat:{"task_name": "circe", "event": "new_input_file", "filename": "lccdec2_home_3jobth1#68461072-1#50767546-1#12556607-1#09435234-1#67110569-1#28107718", "unix_time": 1620681191.7636337}
INFO:circe.py:runtime_stat:{"task_name": "circe", "event": "new_input_file", "filename": "lccdec4_home_2jobth3#72952743-3#10623587-3#50848393-3#54357905-3#83970740-3#31761489", "unix_time": 1620681198.9022465}
INFO:circe.py:runtime_stat:{"task_name": "circe", "event": "new_input_file", "filename": "lccdec6_home_8jobth5#17472119-5#56575119-5#65715210-5#44191321-5#49936726-5#82548101", "unix_time": 1620681230.7965784}
INFO:circe.py:runtime_stat:{"task_name": "circe", "event": "new_input_file", "filename": "lccdec2_home_4jobth1#34880305-1#87461323-1#24313818-1#32386067-1#14328504-1#54451339", "unix_time": 1620681230.927753}
INFO:circe.py:runtime_stat:{"task_name": "circe", "event": "new_input_file", "filename": "lccdec4_home_3jobth3#94711462-3#75921535-3#87828852-3#47452060-3#55213043-3#07619465", "unix_time": 1620681231.179222}
INFO:circe.py:runtime_stat:{"task_name": "circe", "event": "new_input_file", "filename": "lccdec3_home_1jobth2#84088893-2#54280509-2#13348679-2#22085932-2#30303300-2#14107030", "unix_time": 1620681233.773755}
INFO:circe.py:runtime_stat:{"task_name": "circe", "event": "new_input_file", "filename": "lccdec3_home_2jobth2#35268819-2#25384582-2#90759476-2#46907414-2#14958690-2#33360641", "unix_time": 1620681257.0166454}
INFO:circe.py:runtime_stat:{"task_name": "circe", "event": "new_input_file", "filename": "lccdec2_home_5jobth1#57739654-1#70172475-1#63143571-1#44687018-1#96978883-1#03415352", "unix_time": 1620681257.2072191}
INFO:circe.py:runtime_stat:{"task_name": "circe", "event": "new_input_file", "filename": "lccdec4_home_4jobth3#96419862-3#62788509-3#45098559-3#57505375-3#54210778-3#96812607", "unix_time": 1620681274.415501}
INFO:circe.py:runtime_stat:{"task_name": "circe", "event": "new_input_file", "filename": "lccdec3_home_3jobth2#76257570-2#24296061-2#00830455-2#10063904-2#03945551-2#48422239", "unix_time": 1620681277.2249262}
INFO:circe.py:runtime_stat:{"task_name": "circe", "event": "new_input_file", "filename": "lccdec4_home_5jobth3#73830820-3#24491871-3#46031323-3#76468973-3#91257356-3#21656025", "unix_time": 1620681298.5703557}
INFO:circe.py:runtime_stat:{"task_name": "circe", "event": "new_input_file", "filename": "lccdec3_home_4jobth2#87776850-2#83444187-2#27706248-2#52515248-2#90832697-2#83597870", "unix_time": 1620681302.4496698}
INFO:circe.py:runtime_stat:{"task_name": "circe", "event": "new_input_file", "filename": "lccdec3_home_5jobth2#92320853-2#65628015-2#17562102-2#16323775-2#96637215-2#46778847", "unix_time": 1620681314.725356}
INFO:circe.py:runtime_stat:{"task_name": "circe", "event": "new_input_file", "filename": "lccdec3_home_6jobth2#80538014-2#10093067-2#26649368-2#79669479-2#38886135-2#00498530", "unix_time": 1620681327.933322}
INFO:circe.py:runtime_stat:{"task_name": "circe", "event": "new_input_file", "filename": "lccdec4_home_6jobth3#74553270-3#12137436-3#37359432-3#09643591-3#11917064-3#61782456", "unix_time": 1620681371.9025753}
INFO:circe.py:runtime_stat:{"task_name": "circe", "event": "new_input_file", "filename": "lccdec3_home_7jobth2#42875287-2#15681179-2#87119467-2#50326341-2#89572488-2#96668184", "unix_time": 1620681404.2248063}
