 * Starting OpenBSD Secure Shell server sshd
   ...done.
INFO:circe.py:Using base script score.py
DEBUG:circe.py:starting the input monitoring process
DEBUG:circe.py:starting the output monitoring process
INFO:circe.py:runtime_stat:{"task_name": "circe", "event": "new_input_file", "filename": "lccenc8_score8c_7#66917458-7#15532517-7#36141654-7#09001365-7#14572617-7#35589445jobid1.csv", "unix_time": 1620680933.5172935}
INFO:ccdag_utils.py:runtime_stat:{"task_name": "score8c", "event": "queue_start_process", "filename": "lccenc8_score8c_7#66917458-7#15532517-7#36141654-7#09001365-7#14572617-7#35589445jobid1.csv", "unix_time": 1620680934.3449008}
['mongoose21.JPEG', 'mongoose22.JPEG', 'mongoose23.JPEG', 'mongoose24.JPEG', 'mongoose25.JPEG', 'mongoose26.JPEG', 'mongoose27.JPEG', 'mongoose28.JPEG', 'mongoose29.JPEG', 'mongoose30.JPEG']
INFO:circe.py:runtime_stat:{"task_name": "circe", "event": "new_output_file", "filename": "score8c_preagg8_1jobth7#66917458-7#15532517-7#36141654-7#09001365-7#14572617-7#35589445", "unix_time": 1620680936.1837854}
DEBUG:transfer.py:sshpass -p PASSWORD scp -P 5000 -o StrictHostKeyChecking=no /jupiter/circe_output/score8c_preagg8_1jobth7#66917458-7#15532517-7#36141654-7#09001365-7#14572617-7#35589445 root@10.106.195.232:/jupiter/circe_input/
INFO:ccdag_utils.py:runtime_stat:{"task_name": "score8c", "event": "queue_end_process", "filename": "score8c_preagg8_1jobth7#66917458-7#15532517-7#36141654-7#09001365-7#14572617-7#35589445", "unix_time": 1620680936.1921284}
Warning: Permanently added '[10.106.195.232]:5000' (ECDSA) to the list of known hosts.
DEBUG:transfer.py:transfer successful!
INFO:circe.py:runtime_stat:{"task_name": "circe", "event": "new_input_file", "filename": "lccenc8_score8c_7#27916558-7#99650728-7#58306748-7#67243610-7#18879126-7#32243877jobid2.csv", "unix_time": 1620680968.7871184}
INFO:ccdag_utils.py:runtime_stat:{"task_name": "score8c", "event": "queue_start_process", "filename": "lccenc8_score8c_7#27916558-7#99650728-7#58306748-7#67243610-7#18879126-7#32243877jobid2.csv", "unix_time": 1620680969.227816}
['mongoose21.JPEG', 'mongoose22.JPEG', 'mongoose23.JPEG', 'mongoose24.JPEG', 'mongoose25.JPEG', 'mongoose26.JPEG', 'mongoose27.JPEG', 'mongoose28.JPEG', 'mongoose29.JPEG', 'mongoose30.JPEG']
INFO:circe.py:runtime_stat:{"task_name": "circe", "event": "new_output_file", "filename": "score8c_preagg8_2jobth7#27916558-7#99650728-7#58306748-7#67243610-7#18879126-7#32243877", "unix_time": 1620680970.721376}
DEBUG:transfer.py:sshpass -p PASSWORD scp -P 5000 -o StrictHostKeyChecking=no /jupiter/circe_output/score8c_preagg8_2jobth7#27916558-7#99650728-7#58306748-7#67243610-7#18879126-7#32243877 root@10.106.195.232:/jupiter/circe_input/
INFO:ccdag_utils.py:runtime_stat:{"task_name": "score8c", "event": "queue_end_process", "filename": "score8c_preagg8_2jobth7#27916558-7#99650728-7#58306748-7#67243610-7#18879126-7#32243877", "unix_time": 1620680970.7300725}
DEBUG:transfer.py:transfer successful!
INFO:circe.py:runtime_stat:{"task_name": "circe", "event": "new_input_file", "filename": "lccenc8_score8c_7#34785419-7#80189460-7#87446144-7#16398199-7#96325361-7#92295463jobid3.csv", "unix_time": 1620681039.0342102}
INFO:ccdag_utils.py:runtime_stat:{"task_name": "score8c", "event": "queue_start_process", "filename": "lccenc8_score8c_7#34785419-7#80189460-7#87446144-7#16398199-7#96325361-7#92295463jobid3.csv", "unix_time": 1620681039.8059702}
['mongoose21.JPEG', 'mongoose22.JPEG', 'mongoose23.JPEG', 'mongoose24.JPEG', 'mongoose25.JPEG', 'mongoose26.JPEG', 'mongoose27.JPEG', 'mongoose28.JPEG', 'mongoose29.JPEG', 'mongoose30.JPEG']
INFO:circe.py:runtime_stat:{"task_name": "circe", "event": "new_output_file", "filename": "score8c_preagg8_3jobth7#34785419-7#80189460-7#87446144-7#16398199-7#96325361-7#92295463", "unix_time": 1620681041.2894313}
DEBUG:transfer.py:sshpass -p PASSWORD scp -P 5000 -o StrictHostKeyChecking=no /jupiter/circe_output/score8c_preagg8_3jobth7#34785419-7#80189460-7#87446144-7#16398199-7#96325361-7#92295463 root@10.106.195.232:/jupiter/circe_input/
INFO:ccdag_utils.py:runtime_stat:{"task_name": "score8c", "event": "queue_end_process", "filename": "score8c_preagg8_3jobth7#34785419-7#80189460-7#87446144-7#16398199-7#96325361-7#92295463", "unix_time": 1620681041.296126}
DEBUG:transfer.py:transfer successful!
INFO:circe.py:runtime_stat:{"task_name": "circe", "event": "new_input_file", "filename": "lccenc8_score8c_7#07601498-7#69480499-7#10362198-7#83543967-7#59797891-7#25573741jobid4.csv", "unix_time": 1620681092.375656}
INFO:ccdag_utils.py:runtime_stat:{"task_name": "score8c", "event": "queue_start_process", "filename": "lccenc8_score8c_7#07601498-7#69480499-7#10362198-7#83543967-7#59797891-7#25573741jobid4.csv", "unix_time": 1620681093.353259}
['mongoose21.JPEG', 'mongoose22.JPEG', 'mongoose23.JPEG', 'mongoose24.JPEG', 'mongoose25.JPEG', 'mongoose26.JPEG', 'mongoose27.JPEG', 'mongoose28.JPEG', 'mongoose29.JPEG', 'mongoose30.JPEG']
INFO:circe.py:runtime_stat:{"task_name": "circe", "event": "new_output_file", "filename": "score8c_preagg8_4jobth7#07601498-7#69480499-7#10362198-7#83543967-7#59797891-7#25573741", "unix_time": 1620681094.9512568}
DEBUG:transfer.py:sshpass -p PASSWORD scp -P 5000 -o StrictHostKeyChecking=no /jupiter/circe_output/score8c_preagg8_4jobth7#07601498-7#69480499-7#10362198-7#83543967-7#59797891-7#25573741 root@10.106.195.232:/jupiter/circe_input/
INFO:ccdag_utils.py:runtime_stat:{"task_name": "score8c", "event": "queue_end_process", "filename": "score8c_preagg8_4jobth7#07601498-7#69480499-7#10362198-7#83543967-7#59797891-7#25573741", "unix_time": 1620681094.9724681}
DEBUG:transfer.py:transfer successful!
