 * Starting OpenBSD Secure Shell server sshd
   ...done.
INFO:circe.py:Using base script score.py
DEBUG:circe.py:starting the input monitoring process
DEBUG:circe.py:starting the output monitoring process
INFO:circe.py:runtime_stat:{"task_name": "circe", "event": "new_input_file", "filename": "lccenc6_score6c_5#54129899-5#88889135-5#23169993-5#08866470-5#91316771-5#35612371jobid1.csv", "unix_time": 1620681001.9189594}
['persiancat21.JPEG', 'persiancat22.JPEG', 'persiancat23.JPEG', 'persiancat24.JPEG', 'persiancat25.JPEG', 'persiancat26.JPEG', 'persiancat27.JPEG', 'persiancat28.JPEG', 'persiancat29.JPEG', 'persiancat30.JPEG']
INFO:ccdag_utils.py:runtime_stat:{"task_name": "score6c", "event": "queue_start_process", "filename": "lccenc6_score6c_5#54129899-5#88889135-5#23169993-5#08866470-5#91316771-5#35612371jobid1.csv", "unix_time": 1620681002.593523}
INFO:circe.py:runtime_stat:{"task_name": "circe", "event": "new_output_file", "filename": "score6c_preagg6_1jobth5#54129899-5#88889135-5#23169993-5#08866470-5#91316771-5#35612371", "unix_time": 1620681008.9372}
DEBUG:transfer.py:sshpass -p PASSWORD scp -P 5000 -o StrictHostKeyChecking=no /jupiter/circe_output/score6c_preagg6_1jobth5#54129899-5#88889135-5#23169993-5#08866470-5#91316771-5#35612371 root@10.109.150.164:/jupiter/circe_input/
INFO:ccdag_utils.py:runtime_stat:{"task_name": "score6c", "event": "queue_end_process", "filename": "score6c_preagg6_1jobth5#54129899-5#88889135-5#23169993-5#08866470-5#91316771-5#35612371", "unix_time": 1620681008.9449232}
Warning: Permanently added '[10.109.150.164]:5000' (ECDSA) to the list of known hosts.
DEBUG:transfer.py:transfer successful!
INFO:circe.py:runtime_stat:{"task_name": "circe", "event": "new_input_file", "filename": "lccenc6_score6c_5#82350087-5#08337659-5#10264338-5#56536988-5#35185633-5#03408390jobid2.csv", "unix_time": 1620681013.210312}
INFO:ccdag_utils.py:runtime_stat:{"task_name": "score6c", "event": "queue_start_process", "filename": "lccenc6_score6c_5#82350087-5#08337659-5#10264338-5#56536988-5#35185633-5#03408390jobid2.csv", "unix_time": 1620681013.9521034}
['persiancat21.JPEG', 'persiancat22.JPEG', 'persiancat23.JPEG', 'persiancat24.JPEG', 'persiancat25.JPEG', 'persiancat26.JPEG', 'persiancat27.JPEG', 'persiancat28.JPEG', 'persiancat29.JPEG', 'persiancat30.JPEG']
INFO:ccdag_utils.py:runtime_stat:{"task_name": "score6c", "event": "queue_end_process", "filename": "score6c_preagg6_2jobth5#82350087-5#08337659-5#10264338-5#56536988-5#35185633-5#03408390", "unix_time": 1620681015.4059823}
INFO:circe.py:runtime_stat:{"task_name": "circe", "event": "new_output_file", "filename": "score6c_preagg6_2jobth5#82350087-5#08337659-5#10264338-5#56536988-5#35185633-5#03408390", "unix_time": 1620681015.4078782}
DEBUG:transfer.py:sshpass -p PASSWORD scp -P 5000 -o StrictHostKeyChecking=no /jupiter/circe_output/score6c_preagg6_2jobth5#82350087-5#08337659-5#10264338-5#56536988-5#35185633-5#03408390 root@10.109.150.164:/jupiter/circe_input/
DEBUG:transfer.py:transfer successful!
INFO:circe.py:runtime_stat:{"task_name": "circe", "event": "new_input_file", "filename": "lccenc6_score6c_5#03082566-5#56722864-5#56172927-5#99476656-5#56363368-5#73301891jobid3.csv", "unix_time": 1620681040.5059154}
INFO:ccdag_utils.py:runtime_stat:{"task_name": "score6c", "event": "queue_start_process", "filename": "lccenc6_score6c_5#03082566-5#56722864-5#56172927-5#99476656-5#56363368-5#73301891jobid3.csv", "unix_time": 1620681041.4335978}
['persiancat21.JPEG', 'persiancat22.JPEG', 'persiancat23.JPEG', 'persiancat24.JPEG', 'persiancat25.JPEG', 'persiancat26.JPEG', 'persiancat27.JPEG', 'persiancat28.JPEG', 'persiancat29.JPEG', 'persiancat30.JPEG']
INFO:circe.py:runtime_stat:{"task_name": "circe", "event": "new_output_file", "filename": "score6c_preagg6_3jobth5#03082566-5#56722864-5#56172927-5#99476656-5#56363368-5#73301891", "unix_time": 1620681042.92533}
DEBUG:transfer.py:sshpass -p PASSWORD scp -P 5000 -o StrictHostKeyChecking=no /jupiter/circe_output/score6c_preagg6_3jobth5#03082566-5#56722864-5#56172927-5#99476656-5#56363368-5#73301891 root@10.109.150.164:/jupiter/circe_input/
INFO:ccdag_utils.py:runtime_stat:{"task_name": "score6c", "event": "queue_end_process", "filename": "score6c_preagg6_3jobth5#03082566-5#56722864-5#56172927-5#99476656-5#56363368-5#73301891", "unix_time": 1620681042.933459}
DEBUG:transfer.py:transfer successful!
INFO:circe.py:runtime_stat:{"task_name": "circe", "event": "new_input_file", "filename": "lccenc6_score6c_5#90419097-5#67154544-5#85936649-5#24977150-5#83508782-5#88862200jobid4.csv", "unix_time": 1620681076.6457236}
INFO:ccdag_utils.py:runtime_stat:{"task_name": "score6c", "event": "queue_start_process", "filename": "lccenc6_score6c_5#90419097-5#67154544-5#85936649-5#24977150-5#83508782-5#88862200jobid4.csv", "unix_time": 1620681076.9738972}
['persiancat21.JPEG', 'persiancat22.JPEG', 'persiancat23.JPEG', 'persiancat24.JPEG', 'persiancat25.JPEG', 'persiancat26.JPEG', 'persiancat27.JPEG', 'persiancat28.JPEG', 'persiancat29.JPEG', 'persiancat30.JPEG']
INFO:circe.py:runtime_stat:{"task_name": "circe", "event": "new_output_file", "filename": "score6c_preagg6_4jobth5#90419097-5#67154544-5#85936649-5#24977150-5#83508782-5#88862200", "unix_time": 1620681078.4345014}
DEBUG:transfer.py:sshpass -p PASSWORD scp -P 5000 -o StrictHostKeyChecking=no /jupiter/circe_output/score6c_preagg6_4jobth5#90419097-5#67154544-5#85936649-5#24977150-5#83508782-5#88862200 root@10.109.150.164:/jupiter/circe_input/
INFO:ccdag_utils.py:runtime_stat:{"task_name": "score6c", "event": "queue_end_process", "filename": "score6c_preagg6_4jobth5#90419097-5#67154544-5#85936649-5#24977150-5#83508782-5#88862200", "unix_time": 1620681078.4425871}
DEBUG:transfer.py:transfer successful!
INFO:circe.py:runtime_stat:{"task_name": "circe", "event": "new_input_file", "filename": "lccenc6_score6c_5#08168166-5#04272366-5#11211098-5#20294274-5#91801409-5#58673639jobid5.csv", "unix_time": 1620681108.90787}
INFO:ccdag_utils.py:runtime_stat:{"task_name": "score6c", "event": "queue_start_process", "filename": "lccenc6_score6c_5#08168166-5#04272366-5#11211098-5#20294274-5#91801409-5#58673639jobid5.csv", "unix_time": 1620681109.4765422}
['persiancat21.JPEG', 'persiancat22.JPEG', 'persiancat23.JPEG', 'persiancat24.JPEG', 'persiancat25.JPEG', 'persiancat26.JPEG', 'persiancat27.JPEG', 'persiancat28.JPEG', 'persiancat29.JPEG', 'persiancat30.JPEG']
INFO:circe.py:runtime_stat:{"task_name": "circe", "event": "new_output_file", "filename": "score6c_preagg6_5jobth5#08168166-5#04272366-5#11211098-5#20294274-5#91801409-5#58673639", "unix_time": 1620681110.9536939}
DEBUG:transfer.py:sshpass -p PASSWORD scp -P 5000 -o StrictHostKeyChecking=no /jupiter/circe_output/score6c_preagg6_5jobth5#08168166-5#04272366-5#11211098-5#20294274-5#91801409-5#58673639 root@10.109.150.164:/jupiter/circe_input/
INFO:ccdag_utils.py:runtime_stat:{"task_name": "score6c", "event": "queue_end_process", "filename": "score6c_preagg6_5jobth5#08168166-5#04272366-5#11211098-5#20294274-5#91801409-5#58673639", "unix_time": 1620681110.9600952}
DEBUG:transfer.py:transfer successful!
INFO:circe.py:runtime_stat:{"task_name": "circe", "event": "new_input_file", "filename": "lccenc6_score6c_5#37459433-5#21746856-5#40874720-5#50198796-5#28388232-5#14669657jobid6.csv", "unix_time": 1620681135.1429935}
INFO:ccdag_utils.py:runtime_stat:{"task_name": "score6c", "event": "queue_start_process", "filename": "lccenc6_score6c_5#37459433-5#21746856-5#40874720-5#50198796-5#28388232-5#14669657jobid6.csv", "unix_time": 1620681135.9862714}
['persiancat21.JPEG', 'persiancat22.JPEG', 'persiancat23.JPEG', 'persiancat24.JPEG', 'persiancat25.JPEG', 'persiancat26.JPEG', 'persiancat27.JPEG', 'persiancat28.JPEG', 'persiancat29.JPEG', 'persiancat30.JPEG']
INFO:circe.py:runtime_stat:{"task_name": "circe", "event": "new_output_file", "filename": "score6c_preagg6_6jobth5#37459433-5#21746856-5#40874720-5#50198796-5#28388232-5#14669657", "unix_time": 1620681137.492122}
DEBUG:transfer.py:sshpass -p PASSWORD scp -P 5000 -o StrictHostKeyChecking=no /jupiter/circe_output/score6c_preagg6_6jobth5#37459433-5#21746856-5#40874720-5#50198796-5#28388232-5#14669657 root@10.109.150.164:/jupiter/circe_input/
INFO:ccdag_utils.py:runtime_stat:{"task_name": "score6c", "event": "queue_end_process", "filename": "score6c_preagg6_6jobth5#37459433-5#21746856-5#40874720-5#50198796-5#28388232-5#14669657", "unix_time": 1620681137.5003972}
DEBUG:transfer.py:transfer successful!
INFO:circe.py:runtime_stat:{"task_name": "circe", "event": "new_input_file", "filename": "lccenc6_score6c_5#81953676-5#44113315-5#66066974-5#42773436-5#02761819-5#30574425jobid7.csv", "unix_time": 1620681155.3126912}
INFO:ccdag_utils.py:runtime_stat:{"task_name": "score6c", "event": "queue_start_process", "filename": "lccenc6_score6c_5#81953676-5#44113315-5#66066974-5#42773436-5#02761819-5#30574425jobid7.csv", "unix_time": 1620681155.5212553}
['persiancat21.JPEG', 'persiancat22.JPEG', 'persiancat23.JPEG', 'persiancat24.JPEG', 'persiancat25.JPEG', 'persiancat26.JPEG', 'persiancat27.JPEG', 'persiancat28.JPEG', 'persiancat29.JPEG', 'persiancat30.JPEG']
INFO:circe.py:runtime_stat:{"task_name": "circe", "event": "new_output_file", "filename": "score6c_preagg6_7jobth5#81953676-5#44113315-5#66066974-5#42773436-5#02761819-5#30574425", "unix_time": 1620681156.9644377}
DEBUG:transfer.py:sshpass -p PASSWORD scp -P 5000 -o StrictHostKeyChecking=no /jupiter/circe_output/score6c_preagg6_7jobth5#81953676-5#44113315-5#66066974-5#42773436-5#02761819-5#30574425 root@10.109.150.164:/jupiter/circe_input/
INFO:ccdag_utils.py:runtime_stat:{"task_name": "score6c", "event": "queue_end_process", "filename": "score6c_preagg6_7jobth5#81953676-5#44113315-5#66066974-5#42773436-5#02761819-5#30574425", "unix_time": 1620681156.9727116}
DEBUG:transfer.py:transfer successful!
INFO:circe.py:runtime_stat:{"task_name": "circe", "event": "new_input_file", "filename": "lccenc6_score6c_5#17472119-5#56575119-5#65715210-5#44191321-5#49936726-5#82548101jobid8.csv", "unix_time": 1620681218.6950378}
INFO:ccdag_utils.py:runtime_stat:{"task_name": "score6c", "event": "queue_start_process", "filename": "lccenc6_score6c_5#17472119-5#56575119-5#65715210-5#44191321-5#49936726-5#82548101jobid8.csv", "unix_time": 1620681219.0399337}
['persiancat21.JPEG', 'persiancat22.JPEG', 'persiancat23.JPEG', 'persiancat24.JPEG', 'persiancat25.JPEG', 'persiancat26.JPEG', 'persiancat27.JPEG', 'persiancat28.JPEG', 'persiancat29.JPEG', 'persiancat30.JPEG']
INFO:circe.py:runtime_stat:{"task_name": "circe", "event": "new_output_file", "filename": "score6c_preagg6_8jobth5#17472119-5#56575119-5#65715210-5#44191321-5#49936726-5#82548101", "unix_time": 1620681220.5591931}
DEBUG:transfer.py:sshpass -p PASSWORD scp -P 5000 -o StrictHostKeyChecking=no /jupiter/circe_output/score6c_preagg6_8jobth5#17472119-5#56575119-5#65715210-5#44191321-5#49936726-5#82548101 root@10.109.150.164:/jupiter/circe_input/
INFO:ccdag_utils.py:runtime_stat:{"task_name": "score6c", "event": "queue_end_process", "filename": "score6c_preagg6_8jobth5#17472119-5#56575119-5#65715210-5#44191321-5#49936726-5#82548101", "unix_time": 1620681220.5604813}
DEBUG:transfer.py:transfer successful!
