 * Starting OpenBSD Secure Shell server sshd
   ...done.
INFO:circe.py:Using base script lccenc.py
DEBUG:circe.py:starting the input monitoring process
DEBUG:circe.py:starting the output monitoring process
1
INFO:circe.py:runtime_stat:{"task_name": "circe", "event": "new_input_file", "filename": "storeclass1_lccenc1_11830056imgfireenginejobid0.JPEG", "unix_time": 1620680727.3343656}
INFO:circe.py:runtime_stat:{"task_name": "circe", "event": "new_input_file", "filename": "storeclass1_lccenc1_28240947imgfireenginejobid0.JPEG", "unix_time": 1620680728.2299001}
INFO:circe.py:runtime_stat:{"task_name": "circe", "event": "new_input_file", "filename": "storeclass1_lccenc1_64509942imgfireenginejobid0.JPEG", "unix_time": 1620680730.2468705}
INFO:circe.py:runtime_stat:{"task_name": "circe", "event": "new_input_file", "filename": "storeclass1_lccenc1_66905017imgfireenginejobid0.JPEG", "unix_time": 1620680730.463972}
INFO:circe.py:runtime_stat:{"task_name": "circe", "event": "new_input_file", "filename": "storeclass1_lccenc1_89359135imgfireenginejobid1.JPEG", "unix_time": 1620680743.2701895}
INFO:circe.py:runtime_stat:{"task_name": "circe", "event": "new_input_file", "filename": "storeclass1_lccenc1_46226264imgfireenginejobid1.JPEG", "unix_time": 1620680743.5227957}
INFO:ccdag_utils.py:runtime_stat:{"task_name": "lccenc1", "event": "queue_start_process", "filename": "storeclass1_lccenc1_11830056imgfireenginejobid0.JPEG", "unix_time": 1620680743.790735}
INFO:ccdag_utils.py:runtime_stat:{"task_name": "lccenc1", "event": "queue_start_process", "filename": "storeclass1_lccenc1_28240947imgfireenginejobid0.JPEG", "unix_time": 1620680743.7912698}
INFO:ccdag_utils.py:runtime_stat:{"task_name": "lccenc1", "event": "queue_start_process", "filename": "storeclass1_lccenc1_64509942imgfireenginejobid0.JPEG", "unix_time": 1620680743.7917547}
INFO:ccdag_utils.py:runtime_stat:{"task_name": "lccenc1", "event": "queue_start_process", "filename": "storeclass1_lccenc1_66905017imgfireenginejobid0.JPEG", "unix_time": 1620680743.7921069}
INFO:ccdag_utils.py:runtime_stat:{"task_name": "lccenc1", "event": "queue_start_process", "filename": "storeclass1_lccenc1_89359135imgfireenginejobid1.JPEG", "unix_time": 1620680743.7924376}
INFO:ccdag_utils.py:runtime_stat:{"task_name": "lccenc1", "event": "queue_start_process", "filename": "storeclass1_lccenc1_46226264imgfireenginejobid1.JPEG", "unix_time": 1620680743.7927673}
INFO:circe.py:runtime_stat:{"task_name": "circe", "event": "new_input_file", "filename": "storeclass1_lccenc1_88587295imgfireenginejobid1.JPEG", "unix_time": 1620680744.6333582}
INFO:ccdag_utils.py:runtime_stat:{"task_name": "lccenc1", "event": "queue_end_process", "filename": "lccenc1_score1a_0#11830056-0#28240947-0#64509942-0#66905017-0#89359135-0#46226264jobid1.csv", "unix_time": 1620680745.1217031}
INFO:circe.py:runtime_stat:{"task_name": "circe", "event": "new_output_file", "filename": "lccenc1_score1a_0#11830056-0#28240947-0#64509942-0#66905017-0#89359135-0#46226264jobid1.csv", "unix_time": 1620680745.1224747}
DEBUG:transfer.py:sshpass -p PASSWORD scp -P 5000 -o StrictHostKeyChecking=no /jupiter/circe_output/lccenc1_score1a_0#11830056-0#28240947-0#64509942-0#66905017-0#89359135-0#46226264jobid1.csv root@10.98.18.228:/jupiter/circe_input/
Warning: Permanently added '[10.98.18.228]:5000' (ECDSA) to the list of known hosts.
INFO:circe.py:runtime_stat:{"task_name": "circe", "event": "new_input_file", "filename": "storeclass1_lccenc1_15548885imgfireenginejobid1.JPEG", "unix_time": 1620680745.6174684}
DEBUG:transfer.py:transfer successful!
INFO:ccdag_utils.py:runtime_stat:{"task_name": "lccenc1", "event": "queue_end_process", "filename": "lccenc1_score1b_0#11830056-0#28240947-0#64509942-0#66905017-0#89359135-0#46226264jobid1.csv", "unix_time": 1620680746.1058543}
INFO:circe.py:runtime_stat:{"task_name": "circe", "event": "new_output_file", "filename": "lccenc1_score1b_0#11830056-0#28240947-0#64509942-0#66905017-0#89359135-0#46226264jobid1.csv", "unix_time": 1620680746.1067624}
DEBUG:transfer.py:sshpass -p PASSWORD scp -P 5000 -o StrictHostKeyChecking=no /jupiter/circe_output/lccenc1_score1b_0#11830056-0#28240947-0#64509942-0#66905017-0#89359135-0#46226264jobid1.csv root@10.96.52.111:/jupiter/circe_input/
Warning: Permanently added '[10.96.52.111]:5000' (ECDSA) to the list of known hosts.
DEBUG:transfer.py:transfer successful!
INFO:ccdag_utils.py:runtime_stat:{"task_name": "lccenc1", "event": "queue_end_process", "filename": "lccenc1_score1c_0#11830056-0#28240947-0#64509942-0#66905017-0#89359135-0#46226264jobid1.csv", "unix_time": 1620680747.115293}
INFO:circe.py:runtime_stat:{"task_name": "circe", "event": "new_output_file", "filename": "lccenc1_score1c_0#11830056-0#28240947-0#64509942-0#66905017-0#89359135-0#46226264jobid1.csv", "unix_time": 1620680747.1162546}
DEBUG:transfer.py:sshpass -p PASSWORD scp -P 5000 -o StrictHostKeyChecking=no /jupiter/circe_output/lccenc1_score1c_0#11830056-0#28240947-0#64509942-0#66905017-0#89359135-0#46226264jobid1.csv root@10.97.142.12:/jupiter/circe_input/
Warning: Permanently added '[10.97.142.12]:5000' (ECDSA) to the list of known hosts.
DEBUG:transfer.py:transfer successful!
INFO:circe.py:runtime_stat:{"task_name": "circe", "event": "new_input_file", "filename": "storeclass1_lccenc1_84955091imgfireenginejobid2.JPEG", "unix_time": 1620680768.3303137}
INFO:circe.py:runtime_stat:{"task_name": "circe", "event": "new_input_file", "filename": "storeclass1_lccenc1_77918713imgfireenginejobid2.JPEG", "unix_time": 1620680769.3416276}
INFO:circe.py:runtime_stat:{"task_name": "circe", "event": "new_input_file", "filename": "storeclass1_lccenc1_49831129imgfireenginejobid4.JPEG", "unix_time": 1620680807.4045193}
INFO:circe.py:runtime_stat:{"task_name": "circe", "event": "new_input_file", "filename": "storeclass1_lccenc1_37849107imgfireenginejobid5.JPEG", "unix_time": 1620680813.4090853}
INFO:ccdag_utils.py:runtime_stat:{"task_name": "lccenc1", "event": "queue_start_process", "filename": "storeclass1_lccenc1_88587295imgfireenginejobid1.JPEG", "unix_time": 1620680814.1860762}
INFO:ccdag_utils.py:runtime_stat:{"task_name": "lccenc1", "event": "queue_start_process", "filename": "storeclass1_lccenc1_15548885imgfireenginejobid1.JPEG", "unix_time": 1620680814.186604}
INFO:ccdag_utils.py:runtime_stat:{"task_name": "lccenc1", "event": "queue_start_process", "filename": "storeclass1_lccenc1_84955091imgfireenginejobid2.JPEG", "unix_time": 1620680814.186908}
INFO:ccdag_utils.py:runtime_stat:{"task_name": "lccenc1", "event": "queue_start_process", "filename": "storeclass1_lccenc1_77918713imgfireenginejobid2.JPEG", "unix_time": 1620680814.1871834}
INFO:ccdag_utils.py:runtime_stat:{"task_name": "lccenc1", "event": "queue_start_process", "filename": "storeclass1_lccenc1_49831129imgfireenginejobid4.JPEG", "unix_time": 1620680814.1874545}
INFO:ccdag_utils.py:runtime_stat:{"task_name": "lccenc1", "event": "queue_start_process", "filename": "storeclass1_lccenc1_37849107imgfireenginejobid5.JPEG", "unix_time": 1620680814.1877265}
INFO:ccdag_utils.py:runtime_stat:{"task_name": "lccenc1", "event": "queue_end_process", "filename": "lccenc1_score1a_0#88587295-0#15548885-0#84955091-0#77918713-0#49831129-0#37849107jobid2.csv", "unix_time": 1620680815.3781197}
INFO:circe.py:runtime_stat:{"task_name": "circe", "event": "new_output_file", "filename": "lccenc1_score1a_0#88587295-0#15548885-0#84955091-0#77918713-0#49831129-0#37849107jobid2.csv", "unix_time": 1620680815.3789685}
DEBUG:transfer.py:sshpass -p PASSWORD scp -P 5000 -o StrictHostKeyChecking=no /jupiter/circe_output/lccenc1_score1a_0#88587295-0#15548885-0#84955091-0#77918713-0#49831129-0#37849107jobid2.csv root@10.98.18.228:/jupiter/circe_input/
DEBUG:transfer.py:transfer successful!
INFO:ccdag_utils.py:runtime_stat:{"task_name": "lccenc1", "event": "queue_end_process", "filename": "lccenc1_score1b_0#88587295-0#15548885-0#84955091-0#77918713-0#49831129-0#37849107jobid2.csv", "unix_time": 1620680816.3653617}
INFO:circe.py:runtime_stat:{"task_name": "circe", "event": "new_output_file", "filename": "lccenc1_score1b_0#88587295-0#15548885-0#84955091-0#77918713-0#49831129-0#37849107jobid2.csv", "unix_time": 1620680816.3666224}
DEBUG:transfer.py:sshpass -p PASSWORD scp -P 5000 -o StrictHostKeyChecking=no /jupiter/circe_output/lccenc1_score1b_0#88587295-0#15548885-0#84955091-0#77918713-0#49831129-0#37849107jobid2.csv root@10.96.52.111:/jupiter/circe_input/
DEBUG:transfer.py:transfer successful!
INFO:circe.py:runtime_stat:{"task_name": "circe", "event": "new_input_file", "filename": "storeclass1_lccenc1_56423391imgfireenginejobid5.JPEG", "unix_time": 1620680816.8689709}
INFO:ccdag_utils.py:runtime_stat:{"task_name": "lccenc1", "event": "queue_end_process", "filename": "lccenc1_score1c_0#88587295-0#15548885-0#84955091-0#77918713-0#49831129-0#37849107jobid2.csv", "unix_time": 1620680817.3683467}
INFO:circe.py:runtime_stat:{"task_name": "circe", "event": "new_output_file", "filename": "lccenc1_score1c_0#88587295-0#15548885-0#84955091-0#77918713-0#49831129-0#37849107jobid2.csv", "unix_time": 1620680817.3692667}
DEBUG:transfer.py:sshpass -p PASSWORD scp -P 5000 -o StrictHostKeyChecking=no /jupiter/circe_output/lccenc1_score1c_0#88587295-0#15548885-0#84955091-0#77918713-0#49831129-0#37849107jobid2.csv root@10.97.142.12:/jupiter/circe_input/
DEBUG:transfer.py:transfer successful!
INFO:circe.py:runtime_stat:{"task_name": "circe", "event": "new_input_file", "filename": "storeclass1_lccenc1_23815479imgfireenginejobid6.JPEG", "unix_time": 1620680826.4498763}
INFO:circe.py:runtime_stat:{"task_name": "circe", "event": "new_input_file", "filename": "storeclass1_lccenc1_23326384imgfireenginejobid6.JPEG", "unix_time": 1620680830.4567645}
INFO:circe.py:runtime_stat:{"task_name": "circe", "event": "new_input_file", "filename": "storeclass1_lccenc1_99856177imgfireenginejobid6.JPEG", "unix_time": 1620680830.7023983}
INFO:circe.py:runtime_stat:{"task_name": "circe", "event": "new_input_file", "filename": "storeclass1_lccenc1_21369023imgfireenginejobid6.JPEG", "unix_time": 1620680830.9206145}
INFO:circe.py:runtime_stat:{"task_name": "circe", "event": "new_input_file", "filename": "storeclass1_lccenc1_94734559imgfireenginejobid7.JPEG", "unix_time": 1620680844.4923403}
INFO:ccdag_utils.py:runtime_stat:{"task_name": "lccenc1", "event": "queue_start_process", "filename": "storeclass1_lccenc1_56423391imgfireenginejobid5.JPEG", "unix_time": 1620680845.3993037}
INFO:ccdag_utils.py:runtime_stat:{"task_name": "lccenc1", "event": "queue_start_process", "filename": "storeclass1_lccenc1_23815479imgfireenginejobid6.JPEG", "unix_time": 1620680845.399798}
INFO:ccdag_utils.py:runtime_stat:{"task_name": "lccenc1", "event": "queue_start_process", "filename": "storeclass1_lccenc1_23326384imgfireenginejobid6.JPEG", "unix_time": 1620680845.400123}
INFO:ccdag_utils.py:runtime_stat:{"task_name": "lccenc1", "event": "queue_start_process", "filename": "storeclass1_lccenc1_99856177imgfireenginejobid6.JPEG", "unix_time": 1620680845.400414}
INFO:ccdag_utils.py:runtime_stat:{"task_name": "lccenc1", "event": "queue_start_process", "filename": "storeclass1_lccenc1_21369023imgfireenginejobid6.JPEG", "unix_time": 1620680845.4006948}
INFO:ccdag_utils.py:runtime_stat:{"task_name": "lccenc1", "event": "queue_start_process", "filename": "storeclass1_lccenc1_94734559imgfireenginejobid7.JPEG", "unix_time": 1620680845.400978}
INFO:ccdag_utils.py:runtime_stat:{"task_name": "lccenc1", "event": "queue_end_process", "filename": "lccenc1_score1a_0#56423391-0#23815479-0#23326384-0#99856177-0#21369023-0#94734559jobid3.csv", "unix_time": 1620680846.580454}
INFO:circe.py:runtime_stat:{"task_name": "circe", "event": "new_output_file", "filename": "lccenc1_score1a_0#56423391-0#23815479-0#23326384-0#99856177-0#21369023-0#94734559jobid3.csv", "unix_time": 1620680846.5811598}
DEBUG:transfer.py:sshpass -p PASSWORD scp -P 5000 -o StrictHostKeyChecking=no /jupiter/circe_output/lccenc1_score1a_0#56423391-0#23815479-0#23326384-0#99856177-0#21369023-0#94734559jobid3.csv root@10.98.18.228:/jupiter/circe_input/
DEBUG:transfer.py:transfer successful!
INFO:ccdag_utils.py:runtime_stat:{"task_name": "lccenc1", "event": "queue_end_process", "filename": "lccenc1_score1b_0#56423391-0#23815479-0#23326384-0#99856177-0#21369023-0#94734559jobid3.csv", "unix_time": 1620680847.56591}
INFO:circe.py:runtime_stat:{"task_name": "circe", "event": "new_output_file", "filename": "lccenc1_score1b_0#56423391-0#23815479-0#23326384-0#99856177-0#21369023-0#94734559jobid3.csv", "unix_time": 1620680847.5668187}
DEBUG:transfer.py:sshpass -p PASSWORD scp -P 5000 -o StrictHostKeyChecking=no /jupiter/circe_output/lccenc1_score1b_0#56423391-0#23815479-0#23326384-0#99856177-0#21369023-0#94734559jobid3.csv root@10.96.52.111:/jupiter/circe_input/
DEBUG:transfer.py:transfer successful!
INFO:ccdag_utils.py:runtime_stat:{"task_name": "lccenc1", "event": "queue_end_process", "filename": "lccenc1_score1c_0#56423391-0#23815479-0#23326384-0#99856177-0#21369023-0#94734559jobid3.csv", "unix_time": 1620680848.5667737}
INFO:circe.py:runtime_stat:{"task_name": "circe", "event": "new_output_file", "filename": "lccenc1_score1c_0#56423391-0#23815479-0#23326384-0#99856177-0#21369023-0#94734559jobid3.csv", "unix_time": 1620680848.567893}
DEBUG:transfer.py:sshpass -p PASSWORD scp -P 5000 -o StrictHostKeyChecking=no /jupiter/circe_output/lccenc1_score1c_0#56423391-0#23815479-0#23326384-0#99856177-0#21369023-0#94734559jobid3.csv root@10.97.142.12:/jupiter/circe_input/
DEBUG:transfer.py:transfer successful!
INFO:circe.py:runtime_stat:{"task_name": "circe", "event": "new_input_file", "filename": "storeclass1_lccenc1_00776572imgfireenginejobid8.JPEG", "unix_time": 1620680858.5131862}
INFO:circe.py:runtime_stat:{"task_name": "circe", "event": "new_input_file", "filename": "storeclass1_lccenc1_18012890imgfireenginejobid9.JPEG", "unix_time": 1620680868.5227497}
INFO:circe.py:runtime_stat:{"task_name": "circe", "event": "new_input_file", "filename": "storeclass1_lccenc1_54843961imgschoolbusjobid22.JPEG", "unix_time": 1620681039.762225}
INFO:circe.py:runtime_stat:{"task_name": "circe", "event": "new_input_file", "filename": "storeclass1_lccenc1_45063545imgschoolbusjobid22.JPEG", "unix_time": 1620681088.8114932}
INFO:circe.py:runtime_stat:{"task_name": "circe", "event": "new_input_file", "filename": "storeclass1_lccenc1_59058880imgschoolbusjobid30.JPEG", "unix_time": 1620681158.8948233}
INFO:circe.py:runtime_stat:{"task_name": "circe", "event": "new_input_file", "filename": "storeclass1_lccenc1_75370577imgschoolbusjobid31.JPEG", "unix_time": 1620681171.9388077}
INFO:ccdag_utils.py:runtime_stat:{"task_name": "lccenc1", "event": "queue_start_process", "filename": "storeclass1_lccenc1_00776572imgfireenginejobid8.JPEG", "unix_time": 1620681172.9078355}
INFO:ccdag_utils.py:runtime_stat:{"task_name": "lccenc1", "event": "queue_start_process", "filename": "storeclass1_lccenc1_18012890imgfireenginejobid9.JPEG", "unix_time": 1620681172.9081776}
INFO:ccdag_utils.py:runtime_stat:{"task_name": "lccenc1", "event": "queue_start_process", "filename": "storeclass1_lccenc1_54843961imgschoolbusjobid22.JPEG", "unix_time": 1620681172.9083846}
INFO:ccdag_utils.py:runtime_stat:{"task_name": "lccenc1", "event": "queue_start_process", "filename": "storeclass1_lccenc1_45063545imgschoolbusjobid22.JPEG", "unix_time": 1620681172.908563}
INFO:ccdag_utils.py:runtime_stat:{"task_name": "lccenc1", "event": "queue_start_process", "filename": "storeclass1_lccenc1_59058880imgschoolbusjobid30.JPEG", "unix_time": 1620681172.9087424}
INFO:ccdag_utils.py:runtime_stat:{"task_name": "lccenc1", "event": "queue_start_process", "filename": "storeclass1_lccenc1_75370577imgschoolbusjobid31.JPEG", "unix_time": 1620681172.908927}
INFO:ccdag_utils.py:runtime_stat:{"task_name": "lccenc1", "event": "queue_end_process", "filename": "lccenc1_score1a_0#00776572-0#18012890-1#54843961-1#45063545-1#59058880-1#75370577jobid4.csv", "unix_time": 1620681174.0795531}
INFO:circe.py:runtime_stat:{"task_name": "circe", "event": "new_output_file", "filename": "lccenc1_score1a_0#00776572-0#18012890-1#54843961-1#45063545-1#59058880-1#75370577jobid4.csv", "unix_time": 1620681174.0802758}
DEBUG:transfer.py:sshpass -p PASSWORD scp -P 5000 -o StrictHostKeyChecking=no /jupiter/circe_output/lccenc1_score1a_0#00776572-0#18012890-1#54843961-1#45063545-1#59058880-1#75370577jobid4.csv root@10.98.18.228:/jupiter/circe_input/
DEBUG:transfer.py:transfer successful!
INFO:ccdag_utils.py:runtime_stat:{"task_name": "lccenc1", "event": "queue_end_process", "filename": "lccenc1_score1b_0#00776572-0#18012890-1#54843961-1#45063545-1#59058880-1#75370577jobid4.csv", "unix_time": 1620681175.1082373}
INFO:circe.py:runtime_stat:{"task_name": "circe", "event": "new_output_file", "filename": "lccenc1_score1b_0#00776572-0#18012890-1#54843961-1#45063545-1#59058880-1#75370577jobid4.csv", "unix_time": 1620681175.1091511}
DEBUG:transfer.py:sshpass -p PASSWORD scp -P 5000 -o StrictHostKeyChecking=no /jupiter/circe_output/lccenc1_score1b_0#00776572-0#18012890-1#54843961-1#45063545-1#59058880-1#75370577jobid4.csv root@10.96.52.111:/jupiter/circe_input/
DEBUG:transfer.py:transfer successful!
INFO:ccdag_utils.py:runtime_stat:{"task_name": "lccenc1", "event": "queue_end_process", "filename": "lccenc1_score1c_0#00776572-0#18012890-1#54843961-1#45063545-1#59058880-1#75370577jobid4.csv", "unix_time": 1620681176.151165}
INFO:circe.py:runtime_stat:{"task_name": "circe", "event": "new_output_file", "filename": "lccenc1_score1c_0#00776572-0#18012890-1#54843961-1#45063545-1#59058880-1#75370577jobid4.csv", "unix_time": 1620681176.152147}
DEBUG:transfer.py:sshpass -p PASSWORD scp -P 5000 -o StrictHostKeyChecking=no /jupiter/circe_output/lccenc1_score1c_0#00776572-0#18012890-1#54843961-1#45063545-1#59058880-1#75370577jobid4.csv root@10.97.142.12:/jupiter/circe_input/
DEBUG:transfer.py:transfer successful!
