 * Starting OpenBSD Secure Shell server sshd
   ...done.
INFO:circe.py:Using base script lccdec.py
DEBUG:circe.py:starting the input monitoring process
DEBUG:circe.py:starting the output monitoring process
INFO:circe.py:runtime_stat:{"task_name": "circe", "event": "new_input_file", "filename": "preagg8_lccdec8_1jobthscore8a7#66917458-7#15532517-7#36141654-7#09001365-7#14572617-7#35589445", "unix_time": 1620680944.4758487}
INFO:lccdec.py:lccdec8: file rcvd from preagg8 : preagg8_lccdec8_1jobthscore8a7#66917458-7#15532517-7#36141654-7#09001365-7#14572617-7#35589445
INFO:ccdag_utils.py:runtime_stat:{"task_name": "lccdec8", "event": "queue_start_process", "filename": "preagg8_lccdec8_1jobthscore8a7#66917458-7#15532517-7#36141654-7#09001365-7#14572617-7#35589445", "unix_time": 1620680944.4766467}
INFO:circe.py:runtime_stat:{"task_name": "circe", "event": "new_input_file", "filename": "preagg8_lccdec8_1jobthscore8b7#66917458-7#15532517-7#36141654-7#09001365-7#14572617-7#35589445", "unix_time": 1620680944.6804757}
INFO:lccdec.py:lccdec8: file rcvd from preagg8 : preagg8_lccdec8_1jobthscore8b7#66917458-7#15532517-7#36141654-7#09001365-7#14572617-7#35589445
INFO:ccdag_utils.py:runtime_stat:{"task_name": "lccdec8", "event": "queue_start_process", "filename": "preagg8_lccdec8_1jobthscore8b7#66917458-7#15532517-7#36141654-7#09001365-7#14572617-7#35589445", "unix_time": 1620680944.68108}
INFO:circe.py:runtime_stat:{"task_name": "circe", "event": "new_input_file", "filename": "preagg8_lccdec8_1jobthscore8c7#66917458-7#15532517-7#36141654-7#09001365-7#14572617-7#35589445", "unix_time": 1620680944.8847063}
INFO:lccdec.py:lccdec8: file rcvd from preagg8 : preagg8_lccdec8_1jobthscore8c7#66917458-7#15532517-7#36141654-7#09001365-7#14572617-7#35589445
INFO:ccdag_utils.py:runtime_stat:{"task_name": "lccdec8", "event": "queue_start_process", "filename": "preagg8_lccdec8_1jobthscore8c7#66917458-7#15532517-7#36141654-7#09001365-7#14572617-7#35589445", "unix_time": 1620680944.8857174}
INFO:circe.py:runtime_stat:{"task_name": "circe", "event": "new_output_file", "filename": "lccdec8_home_1jobth7#66917458-7#15532517-7#36141654-7#09001365-7#14572617-7#35589445", "unix_time": 1620680944.9376256}
DEBUG:transfer.py:sshpass -p PASSWORD scp -P 5000 -o StrictHostKeyChecking=no /jupiter/circe_output/lccdec8_home_1jobth7#66917458-7#15532517-7#36141654-7#09001365-7#14572617-7#35589445 root@10.99.151.59:/jupiter/circe_input/
INFO:ccdag_utils.py:runtime_stat:{"task_name": "lccdec8", "event": "queue_end_process", "filename": "lccdec8_home_1jobth7#66917458-7#15532517-7#36141654-7#09001365-7#14572617-7#35589445", "unix_time": 1620680944.9424}
Warning: Permanently added '[10.99.151.59]:5000' (ECDSA) to the list of known hosts.
DEBUG:transfer.py:transfer successful!
INFO:circe.py:runtime_stat:{"task_name": "circe", "event": "new_input_file", "filename": "preagg8_lccdec8_2jobthscore8a7#27916558-7#99650728-7#58306748-7#67243610-7#18879126-7#32243877", "unix_time": 1620680979.719698}
INFO:lccdec.py:lccdec8: file rcvd from preagg8 : preagg8_lccdec8_2jobthscore8a7#27916558-7#99650728-7#58306748-7#67243610-7#18879126-7#32243877
INFO:ccdag_utils.py:runtime_stat:{"task_name": "lccdec8", "event": "queue_start_process", "filename": "preagg8_lccdec8_2jobthscore8a7#27916558-7#99650728-7#58306748-7#67243610-7#18879126-7#32243877", "unix_time": 1620680979.720855}
INFO:circe.py:runtime_stat:{"task_name": "circe", "event": "new_input_file", "filename": "preagg8_lccdec8_2jobthscore8b7#27916558-7#99650728-7#58306748-7#67243610-7#18879126-7#32243877", "unix_time": 1620680979.9342718}
INFO:lccdec.py:lccdec8: file rcvd from preagg8 : preagg8_lccdec8_2jobthscore8b7#27916558-7#99650728-7#58306748-7#67243610-7#18879126-7#32243877
INFO:ccdag_utils.py:runtime_stat:{"task_name": "lccdec8", "event": "queue_start_process", "filename": "preagg8_lccdec8_2jobthscore8b7#27916558-7#99650728-7#58306748-7#67243610-7#18879126-7#32243877", "unix_time": 1620680979.9355397}
INFO:circe.py:runtime_stat:{"task_name": "circe", "event": "new_input_file", "filename": "preagg8_lccdec8_2jobthscore8c7#27916558-7#99650728-7#58306748-7#67243610-7#18879126-7#32243877", "unix_time": 1620680980.1571658}
INFO:lccdec.py:lccdec8: file rcvd from preagg8 : preagg8_lccdec8_2jobthscore8c7#27916558-7#99650728-7#58306748-7#67243610-7#18879126-7#32243877
INFO:ccdag_utils.py:runtime_stat:{"task_name": "lccdec8", "event": "queue_start_process", "filename": "preagg8_lccdec8_2jobthscore8c7#27916558-7#99650728-7#58306748-7#67243610-7#18879126-7#32243877", "unix_time": 1620680980.1597872}
INFO:circe.py:runtime_stat:{"task_name": "circe", "event": "new_output_file", "filename": "lccdec8_home_2jobth7#27916558-7#99650728-7#58306748-7#67243610-7#18879126-7#32243877", "unix_time": 1620680980.1945896}
DEBUG:transfer.py:sshpass -p PASSWORD scp -P 5000 -o StrictHostKeyChecking=no /jupiter/circe_output/lccdec8_home_2jobth7#27916558-7#99650728-7#58306748-7#67243610-7#18879126-7#32243877 root@10.99.151.59:/jupiter/circe_input/
INFO:ccdag_utils.py:runtime_stat:{"task_name": "lccdec8", "event": "queue_end_process", "filename": "lccdec8_home_2jobth7#27916558-7#99650728-7#58306748-7#67243610-7#18879126-7#32243877", "unix_time": 1620680980.1986766}
DEBUG:transfer.py:transfer successful!
INFO:circe.py:runtime_stat:{"task_name": "circe", "event": "new_input_file", "filename": "preagg8_lccdec8_3jobthscore8a7#34785419-7#80189460-7#87446144-7#16398199-7#96325361-7#92295463", "unix_time": 1620681051.0207922}
INFO:lccdec.py:lccdec8: file rcvd from preagg8 : preagg8_lccdec8_3jobthscore8a7#34785419-7#80189460-7#87446144-7#16398199-7#96325361-7#92295463
INFO:ccdag_utils.py:runtime_stat:{"task_name": "lccdec8", "event": "queue_start_process", "filename": "preagg8_lccdec8_3jobthscore8a7#34785419-7#80189460-7#87446144-7#16398199-7#96325361-7#92295463", "unix_time": 1620681051.0216167}
INFO:circe.py:runtime_stat:{"task_name": "circe", "event": "new_input_file", "filename": "preagg8_lccdec8_3jobthscore8b7#34785419-7#80189460-7#87446144-7#16398199-7#96325361-7#92295463", "unix_time": 1620681051.2362118}
INFO:lccdec.py:lccdec8: file rcvd from preagg8 : preagg8_lccdec8_3jobthscore8b7#34785419-7#80189460-7#87446144-7#16398199-7#96325361-7#92295463
INFO:ccdag_utils.py:runtime_stat:{"task_name": "lccdec8", "event": "queue_start_process", "filename": "preagg8_lccdec8_3jobthscore8b7#34785419-7#80189460-7#87446144-7#16398199-7#96325361-7#92295463", "unix_time": 1620681051.237123}
INFO:circe.py:runtime_stat:{"task_name": "circe", "event": "new_input_file", "filename": "preagg8_lccdec8_3jobthscore8c7#34785419-7#80189460-7#87446144-7#16398199-7#96325361-7#92295463", "unix_time": 1620681051.448338}
INFO:lccdec.py:lccdec8: file rcvd from preagg8 : preagg8_lccdec8_3jobthscore8c7#34785419-7#80189460-7#87446144-7#16398199-7#96325361-7#92295463
INFO:ccdag_utils.py:runtime_stat:{"task_name": "lccdec8", "event": "queue_start_process", "filename": "preagg8_lccdec8_3jobthscore8c7#34785419-7#80189460-7#87446144-7#16398199-7#96325361-7#92295463", "unix_time": 1620681051.4491665}
INFO:circe.py:runtime_stat:{"task_name": "circe", "event": "new_output_file", "filename": "lccdec8_home_3jobth7#34785419-7#80189460-7#87446144-7#16398199-7#96325361-7#92295463", "unix_time": 1620681051.4728796}
DEBUG:transfer.py:sshpass -p PASSWORD scp -P 5000 -o StrictHostKeyChecking=no /jupiter/circe_output/lccdec8_home_3jobth7#34785419-7#80189460-7#87446144-7#16398199-7#96325361-7#92295463 root@10.99.151.59:/jupiter/circe_input/
INFO:ccdag_utils.py:runtime_stat:{"task_name": "lccdec8", "event": "queue_end_process", "filename": "lccdec8_home_3jobth7#34785419-7#80189460-7#87446144-7#16398199-7#96325361-7#92295463", "unix_time": 1620681051.4773707}
DEBUG:transfer.py:transfer successful!
INFO:circe.py:runtime_stat:{"task_name": "circe", "event": "new_input_file", "filename": "preagg8_lccdec8_4jobthscore8a7#07601498-7#69480499-7#10362198-7#83543967-7#59797891-7#25573741", "unix_time": 1620681103.286391}
INFO:lccdec.py:lccdec8: file rcvd from preagg8 : preagg8_lccdec8_4jobthscore8a7#07601498-7#69480499-7#10362198-7#83543967-7#59797891-7#25573741
INFO:ccdag_utils.py:runtime_stat:{"task_name": "lccdec8", "event": "queue_start_process", "filename": "preagg8_lccdec8_4jobthscore8a7#07601498-7#69480499-7#10362198-7#83543967-7#59797891-7#25573741", "unix_time": 1620681103.2870572}
INFO:circe.py:runtime_stat:{"task_name": "circe", "event": "new_input_file", "filename": "preagg8_lccdec8_4jobthscore8b7#07601498-7#69480499-7#10362198-7#83543967-7#59797891-7#25573741", "unix_time": 1620681103.4996722}
INFO:lccdec.py:lccdec8: file rcvd from preagg8 : preagg8_lccdec8_4jobthscore8b7#07601498-7#69480499-7#10362198-7#83543967-7#59797891-7#25573741
INFO:ccdag_utils.py:runtime_stat:{"task_name": "lccdec8", "event": "queue_start_process", "filename": "preagg8_lccdec8_4jobthscore8b7#07601498-7#69480499-7#10362198-7#83543967-7#59797891-7#25573741", "unix_time": 1620681103.500518}
INFO:circe.py:runtime_stat:{"task_name": "circe", "event": "new_input_file", "filename": "preagg8_lccdec8_4jobthscore8c7#07601498-7#69480499-7#10362198-7#83543967-7#59797891-7#25573741", "unix_time": 1620681103.721861}
INFO:lccdec.py:lccdec8: file rcvd from preagg8 : preagg8_lccdec8_4jobthscore8c7#07601498-7#69480499-7#10362198-7#83543967-7#59797891-7#25573741
INFO:ccdag_utils.py:runtime_stat:{"task_name": "lccdec8", "event": "queue_start_process", "filename": "preagg8_lccdec8_4jobthscore8c7#07601498-7#69480499-7#10362198-7#83543967-7#59797891-7#25573741", "unix_time": 1620681103.7228642}
INFO:circe.py:runtime_stat:{"task_name": "circe", "event": "new_output_file", "filename": "lccdec8_home_4jobth7#07601498-7#69480499-7#10362198-7#83543967-7#59797891-7#25573741", "unix_time": 1620681103.7449458}
DEBUG:transfer.py:sshpass -p PASSWORD scp -P 5000 -o StrictHostKeyChecking=no /jupiter/circe_output/lccdec8_home_4jobth7#07601498-7#69480499-7#10362198-7#83543967-7#59797891-7#25573741 root@10.99.151.59:/jupiter/circe_input/
INFO:ccdag_utils.py:runtime_stat:{"task_name": "lccdec8", "event": "queue_end_process", "filename": "lccdec8_home_4jobth7#07601498-7#69480499-7#10362198-7#83543967-7#59797891-7#25573741", "unix_time": 1620681103.749216}
DEBUG:transfer.py:transfer successful!
