 * Starting OpenBSD Secure Shell server sshd
   ...done.
INFO:circe.py:Using base script storeclass.py
DEBUG:circe.py:starting the input monitoring process
DEBUG:circe.py:starting the output monitoring process
INFO:circe.py:runtime_stat:{"task_name": "circe", "event": "new_input_file", "filename": "resnet8_storeclass6_54129899imgpersiancatjobid17.JPEG", "unix_time": 1620680967.4120452}
INFO:ccdag_utils.py:runtime_stat:{"task_name": "storeclass6", "event": "queue_start_process", "filename": "resnet8_storeclass6_54129899imgpersiancatjobid17.JPEG", "unix_time": 1620680967.6038141}
INFO:circe.py:runtime_stat:{"task_name": "circe", "event": "new_output_file", "filename": "storeclass6_lccenc6_54129899imgpersiancatjobid17.JPEG", "unix_time": 1620680967.6182272}
DEBUG:transfer.py:sshpass -p PASSWORD scp -P 5000 -o StrictHostKeyChecking=no /jupiter/circe_output/storeclass6_lccenc6_54129899imgpersiancatjobid17.JPEG root@10.100.153.171:/jupiter/circe_input/
INFO:ccdag_utils.py:runtime_stat:{"task_name": "storeclass6", "event": "queue_end_process", "filename": "storeclass6_lccenc6_54129899imgpersiancatjobid17.JPEG", "unix_time": 1620680967.625214}
Warning: Permanently added '[10.100.153.171]:5000' (ECDSA) to the list of known hosts.
DEBUG:transfer.py:transfer successful!
INFO:circe.py:runtime_stat:{"task_name": "circe", "event": "new_input_file", "filename": "resnet3_storeclass6_88889135imgpersiancatjobid17.JPEG", "unix_time": 1620680980.288776}
INFO:ccdag_utils.py:runtime_stat:{"task_name": "storeclass6", "event": "queue_start_process", "filename": "resnet3_storeclass6_88889135imgpersiancatjobid17.JPEG", "unix_time": 1620680980.6463463}
INFO:ccdag_utils.py:runtime_stat:{"task_name": "storeclass6", "event": "queue_end_process", "filename": "storeclass6_lccenc6_88889135imgpersiancatjobid17.JPEG", "unix_time": 1620680980.6497521}
INFO:circe.py:runtime_stat:{"task_name": "circe", "event": "new_output_file", "filename": "storeclass6_lccenc6_88889135imgpersiancatjobid17.JPEG", "unix_time": 1620680980.6506371}
DEBUG:transfer.py:sshpass -p PASSWORD scp -P 5000 -o StrictHostKeyChecking=no /jupiter/circe_output/storeclass6_lccenc6_88889135imgpersiancatjobid17.JPEG root@10.100.153.171:/jupiter/circe_input/
DEBUG:transfer.py:transfer successful!
INFO:circe.py:runtime_stat:{"task_name": "circe", "event": "new_input_file", "filename": "resnet6_storeclass6_23169993imgpersiancatjobid18.JPEG", "unix_time": 1620680983.784366}
INFO:ccdag_utils.py:runtime_stat:{"task_name": "storeclass6", "event": "queue_start_process", "filename": "resnet6_storeclass6_23169993imgpersiancatjobid18.JPEG", "unix_time": 1620680984.656858}
INFO:ccdag_utils.py:runtime_stat:{"task_name": "storeclass6", "event": "queue_end_process", "filename": "storeclass6_lccenc6_23169993imgpersiancatjobid18.JPEG", "unix_time": 1620680984.6630907}
INFO:circe.py:runtime_stat:{"task_name": "circe", "event": "new_output_file", "filename": "storeclass6_lccenc6_23169993imgpersiancatjobid18.JPEG", "unix_time": 1620680984.6638365}
DEBUG:transfer.py:sshpass -p PASSWORD scp -P 5000 -o StrictHostKeyChecking=no /jupiter/circe_output/storeclass6_lccenc6_23169993imgpersiancatjobid18.JPEG root@10.100.153.171:/jupiter/circe_input/
DEBUG:transfer.py:transfer successful!
INFO:circe.py:runtime_stat:{"task_name": "circe", "event": "new_input_file", "filename": "resnet2_storeclass6_08866470imgpersiancatjobid18.JPEG", "unix_time": 1620680991.9919255}
INFO:ccdag_utils.py:runtime_stat:{"task_name": "storeclass6", "event": "queue_start_process", "filename": "resnet2_storeclass6_08866470imgpersiancatjobid18.JPEG", "unix_time": 1620680992.6714716}
INFO:circe.py:runtime_stat:{"task_name": "circe", "event": "new_output_file", "filename": "storeclass6_lccenc6_08866470imgpersiancatjobid18.JPEG", "unix_time": 1620680992.6780174}
DEBUG:transfer.py:sshpass -p PASSWORD scp -P 5000 -o StrictHostKeyChecking=no /jupiter/circe_output/storeclass6_lccenc6_08866470imgpersiancatjobid18.JPEG root@10.100.153.171:/jupiter/circe_input/
INFO:ccdag_utils.py:runtime_stat:{"task_name": "storeclass6", "event": "queue_end_process", "filename": "storeclass6_lccenc6_08866470imgpersiancatjobid18.JPEG", "unix_time": 1620680992.684147}
DEBUG:transfer.py:transfer successful!
INFO:circe.py:runtime_stat:{"task_name": "circe", "event": "new_input_file", "filename": "resnet3_storeclass6_91316771imgpersiancatjobid18.JPEG", "unix_time": 1620680993.8010683}
INFO:ccdag_utils.py:runtime_stat:{"task_name": "storeclass6", "event": "queue_start_process", "filename": "resnet3_storeclass6_91316771imgpersiancatjobid18.JPEG", "unix_time": 1620680994.6878211}
INFO:circe.py:runtime_stat:{"task_name": "circe", "event": "new_output_file", "filename": "storeclass6_lccenc6_91316771imgpersiancatjobid18.JPEG", "unix_time": 1620680994.6918674}
DEBUG:transfer.py:sshpass -p PASSWORD scp -P 5000 -o StrictHostKeyChecking=no /jupiter/circe_output/storeclass6_lccenc6_91316771imgpersiancatjobid18.JPEG root@10.100.153.171:/jupiter/circe_input/
INFO:ccdag_utils.py:runtime_stat:{"task_name": "storeclass6", "event": "queue_end_process", "filename": "storeclass6_lccenc6_91316771imgpersiancatjobid18.JPEG", "unix_time": 1620680994.6929202}
DEBUG:transfer.py:transfer successful!
INFO:circe.py:runtime_stat:{"task_name": "circe", "event": "new_input_file", "filename": "resnet6_storeclass6_35612371imgpersiancatjobid19.JPEG", "unix_time": 1620680997.1445546}
INFO:ccdag_utils.py:runtime_stat:{"task_name": "storeclass6", "event": "queue_start_process", "filename": "resnet6_storeclass6_35612371imgpersiancatjobid19.JPEG", "unix_time": 1620680997.7077394}
INFO:ccdag_utils.py:runtime_stat:{"task_name": "storeclass6", "event": "queue_end_process", "filename": "storeclass6_lccenc6_35612371imgpersiancatjobid19.JPEG", "unix_time": 1620680997.7087579}
INFO:circe.py:runtime_stat:{"task_name": "circe", "event": "new_output_file", "filename": "storeclass6_lccenc6_35612371imgpersiancatjobid19.JPEG", "unix_time": 1620680997.7099707}
DEBUG:transfer.py:sshpass -p PASSWORD scp -P 5000 -o StrictHostKeyChecking=no /jupiter/circe_output/storeclass6_lccenc6_35612371imgpersiancatjobid19.JPEG root@10.100.153.171:/jupiter/circe_input/
DEBUG:transfer.py:transfer successful!
INFO:circe.py:runtime_stat:{"task_name": "circe", "event": "new_input_file", "filename": "resnet1_storeclass6_82350087imgpersiancatjobid19.JPEG", "unix_time": 1620681003.4643276}
INFO:ccdag_utils.py:runtime_stat:{"task_name": "storeclass6", "event": "queue_start_process", "filename": "resnet1_storeclass6_82350087imgpersiancatjobid19.JPEG", "unix_time": 1620681003.7152107}
INFO:circe.py:runtime_stat:{"task_name": "circe", "event": "new_output_file", "filename": "storeclass6_lccenc6_82350087imgpersiancatjobid19.JPEG", "unix_time": 1620681003.7235465}
DEBUG:transfer.py:sshpass -p PASSWORD scp -P 5000 -o StrictHostKeyChecking=no /jupiter/circe_output/storeclass6_lccenc6_82350087imgpersiancatjobid19.JPEG root@10.100.153.171:/jupiter/circe_input/
INFO:ccdag_utils.py:runtime_stat:{"task_name": "storeclass6", "event": "queue_end_process", "filename": "storeclass6_lccenc6_82350087imgpersiancatjobid19.JPEG", "unix_time": 1620681003.7244449}
DEBUG:transfer.py:transfer successful!
INFO:circe.py:runtime_stat:{"task_name": "circe", "event": "new_input_file", "filename": "resnet2_storeclass6_08337659imgpersiancatjobid19.JPEG", "unix_time": 1620681005.4393475}
INFO:ccdag_utils.py:runtime_stat:{"task_name": "storeclass6", "event": "queue_start_process", "filename": "resnet2_storeclass6_08337659imgpersiancatjobid19.JPEG", "unix_time": 1620681005.7310176}
INFO:ccdag_utils.py:runtime_stat:{"task_name": "storeclass6", "event": "queue_end_process", "filename": "storeclass6_lccenc6_08337659imgpersiancatjobid19.JPEG", "unix_time": 1620681005.7367523}
INFO:circe.py:runtime_stat:{"task_name": "circe", "event": "new_output_file", "filename": "storeclass6_lccenc6_08337659imgpersiancatjobid19.JPEG", "unix_time": 1620681005.7371562}
DEBUG:transfer.py:sshpass -p PASSWORD scp -P 5000 -o StrictHostKeyChecking=no /jupiter/circe_output/storeclass6_lccenc6_08337659imgpersiancatjobid19.JPEG root@10.100.153.171:/jupiter/circe_input/
DEBUG:transfer.py:transfer successful!
INFO:circe.py:runtime_stat:{"task_name": "circe", "event": "new_input_file", "filename": "resnet5_storeclass6_10264338imgpersiancatjobid19.JPEG", "unix_time": 1620681007.3523116}
INFO:ccdag_utils.py:runtime_stat:{"task_name": "storeclass6", "event": "queue_start_process", "filename": "resnet5_storeclass6_10264338imgpersiancatjobid19.JPEG", "unix_time": 1620681007.7397816}
INFO:ccdag_utils.py:runtime_stat:{"task_name": "storeclass6", "event": "queue_end_process", "filename": "storeclass6_lccenc6_10264338imgpersiancatjobid19.JPEG", "unix_time": 1620681007.7435763}
INFO:circe.py:runtime_stat:{"task_name": "circe", "event": "new_output_file", "filename": "storeclass6_lccenc6_10264338imgpersiancatjobid19.JPEG", "unix_time": 1620681007.7442}
DEBUG:transfer.py:sshpass -p PASSWORD scp -P 5000 -o StrictHostKeyChecking=no /jupiter/circe_output/storeclass6_lccenc6_10264338imgpersiancatjobid19.JPEG root@10.100.153.171:/jupiter/circe_input/
INFO:circe.py:runtime_stat:{"task_name": "circe", "event": "new_input_file", "filename": "resnet4_storeclass6_56536988imgpersiancatjobid17.JPEG", "unix_time": 1620681007.9464264}
DEBUG:transfer.py:transfer successful!
INFO:circe.py:runtime_stat:{"task_name": "circe", "event": "new_input_file", "filename": "resnet7_storeclass6_35185633imgpersiancatjobid17.JPEG", "unix_time": 1620681008.3855777}
INFO:circe.py:runtime_stat:{"task_name": "circe", "event": "new_input_file", "filename": "resnet8_storeclass6_03408390imgpersiancatjobid20.JPEG", "unix_time": 1620681008.6660283}
INFO:ccdag_utils.py:runtime_stat:{"task_name": "storeclass6", "event": "queue_start_process", "filename": "resnet4_storeclass6_56536988imgpersiancatjobid17.JPEG", "unix_time": 1620681008.7457228}
INFO:ccdag_utils.py:runtime_stat:{"task_name": "storeclass6", "event": "queue_end_process", "filename": "storeclass6_lccenc6_56536988imgpersiancatjobid17.JPEG", "unix_time": 1620681008.747142}
INFO:ccdag_utils.py:runtime_stat:{"task_name": "storeclass6", "event": "queue_start_process", "filename": "resnet7_storeclass6_35185633imgpersiancatjobid17.JPEG", "unix_time": 1620681008.748745}
INFO:circe.py:runtime_stat:{"task_name": "circe", "event": "new_output_file", "filename": "storeclass6_lccenc6_56536988imgpersiancatjobid17.JPEG", "unix_time": 1620681008.7484636}
DEBUG:transfer.py:sshpass -p PASSWORD scp -P 5000 -o StrictHostKeyChecking=no /jupiter/circe_output/storeclass6_lccenc6_56536988imgpersiancatjobid17.JPEG root@10.100.153.171:/jupiter/circe_input/
INFO:ccdag_utils.py:runtime_stat:{"task_name": "storeclass6", "event": "queue_end_process", "filename": "storeclass6_lccenc6_35185633imgpersiancatjobid17.JPEG", "unix_time": 1620681008.7501895}
INFO:ccdag_utils.py:runtime_stat:{"task_name": "storeclass6", "event": "queue_start_process", "filename": "resnet8_storeclass6_03408390imgpersiancatjobid20.JPEG", "unix_time": 1620681008.7551227}
INFO:ccdag_utils.py:runtime_stat:{"task_name": "storeclass6", "event": "queue_end_process", "filename": "storeclass6_lccenc6_03408390imgpersiancatjobid20.JPEG", "unix_time": 1620681008.7591364}
DEBUG:transfer.py:transfer successful!
INFO:circe.py:runtime_stat:{"task_name": "circe", "event": "new_output_file", "filename": "storeclass6_lccenc6_35185633imgpersiancatjobid17.JPEG", "unix_time": 1620681008.972644}
DEBUG:transfer.py:sshpass -p PASSWORD scp -P 5000 -o StrictHostKeyChecking=no /jupiter/circe_output/storeclass6_lccenc6_35185633imgpersiancatjobid17.JPEG root@10.100.153.171:/jupiter/circe_input/
DEBUG:transfer.py:transfer successful!
INFO:circe.py:runtime_stat:{"task_name": "circe", "event": "new_output_file", "filename": "storeclass6_lccenc6_03408390imgpersiancatjobid20.JPEG", "unix_time": 1620681009.2293646}
DEBUG:transfer.py:sshpass -p PASSWORD scp -P 5000 -o StrictHostKeyChecking=no /jupiter/circe_output/storeclass6_lccenc6_03408390imgpersiancatjobid20.JPEG root@10.100.153.171:/jupiter/circe_input/
DEBUG:transfer.py:transfer successful!
INFO:circe.py:runtime_stat:{"task_name": "circe", "event": "new_input_file", "filename": "resnet1_storeclass6_03082566imgpersiancatjobid20.JPEG", "unix_time": 1620681017.1721897}
INFO:ccdag_utils.py:runtime_stat:{"task_name": "storeclass6", "event": "queue_start_process", "filename": "resnet1_storeclass6_03082566imgpersiancatjobid20.JPEG", "unix_time": 1620681017.7815375}
INFO:ccdag_utils.py:runtime_stat:{"task_name": "storeclass6", "event": "queue_end_process", "filename": "storeclass6_lccenc6_03082566imgpersiancatjobid20.JPEG", "unix_time": 1620681017.7890446}
INFO:circe.py:runtime_stat:{"task_name": "circe", "event": "new_output_file", "filename": "storeclass6_lccenc6_03082566imgpersiancatjobid20.JPEG", "unix_time": 1620681017.7902782}
DEBUG:transfer.py:sshpass -p PASSWORD scp -P 5000 -o StrictHostKeyChecking=no /jupiter/circe_output/storeclass6_lccenc6_03082566imgpersiancatjobid20.JPEG root@10.100.153.171:/jupiter/circe_input/
DEBUG:transfer.py:transfer successful!
INFO:circe.py:runtime_stat:{"task_name": "circe", "event": "new_input_file", "filename": "resnet0_storeclass6_56722864imgpersiancatjobid20.JPEG", "unix_time": 1620681021.4460182}
INFO:circe.py:runtime_stat:{"task_name": "circe", "event": "new_input_file", "filename": "resnet5_storeclass6_56172927imgpersiancatjobid20.JPEG", "unix_time": 1620681021.622691}
INFO:ccdag_utils.py:runtime_stat:{"task_name": "storeclass6", "event": "queue_start_process", "filename": "resnet0_storeclass6_56722864imgpersiancatjobid20.JPEG", "unix_time": 1620681021.7929304}
INFO:ccdag_utils.py:runtime_stat:{"task_name": "storeclass6", "event": "queue_end_process", "filename": "storeclass6_lccenc6_56722864imgpersiancatjobid20.JPEG", "unix_time": 1620681021.8045678}
INFO:ccdag_utils.py:runtime_stat:{"task_name": "storeclass6", "event": "queue_start_process", "filename": "resnet5_storeclass6_56172927imgpersiancatjobid20.JPEG", "unix_time": 1620681021.8050535}
INFO:circe.py:runtime_stat:{"task_name": "circe", "event": "new_output_file", "filename": "storeclass6_lccenc6_56722864imgpersiancatjobid20.JPEG", "unix_time": 1620681021.8059554}
DEBUG:transfer.py:sshpass -p PASSWORD scp -P 5000 -o StrictHostKeyChecking=no /jupiter/circe_output/storeclass6_lccenc6_56722864imgpersiancatjobid20.JPEG root@10.100.153.171:/jupiter/circe_input/
INFO:ccdag_utils.py:runtime_stat:{"task_name": "storeclass6", "event": "queue_end_process", "filename": "storeclass6_lccenc6_56172927imgpersiancatjobid20.JPEG", "unix_time": 1620681021.8097184}
DEBUG:transfer.py:transfer successful!
INFO:circe.py:runtime_stat:{"task_name": "circe", "event": "new_output_file", "filename": "storeclass6_lccenc6_56172927imgpersiancatjobid20.JPEG", "unix_time": 1620681022.0281513}
DEBUG:transfer.py:sshpass -p PASSWORD scp -P 5000 -o StrictHostKeyChecking=no /jupiter/circe_output/storeclass6_lccenc6_56172927imgpersiancatjobid20.JPEG root@10.100.153.171:/jupiter/circe_input/
DEBUG:transfer.py:transfer successful!
INFO:circe.py:runtime_stat:{"task_name": "circe", "event": "new_input_file", "filename": "resnet8_storeclass6_99476656imgpersiancatjobid21.JPEG", "unix_time": 1620681023.1726272}
INFO:ccdag_utils.py:runtime_stat:{"task_name": "storeclass6", "event": "queue_start_process", "filename": "resnet8_storeclass6_99476656imgpersiancatjobid21.JPEG", "unix_time": 1620681023.8151298}
INFO:ccdag_utils.py:runtime_stat:{"task_name": "storeclass6", "event": "queue_end_process", "filename": "storeclass6_lccenc6_99476656imgpersiancatjobid21.JPEG", "unix_time": 1620681023.8167284}
INFO:circe.py:runtime_stat:{"task_name": "circe", "event": "new_output_file", "filename": "storeclass6_lccenc6_99476656imgpersiancatjobid21.JPEG", "unix_time": 1620681023.8182764}
DEBUG:transfer.py:sshpass -p PASSWORD scp -P 5000 -o StrictHostKeyChecking=no /jupiter/circe_output/storeclass6_lccenc6_99476656imgpersiancatjobid21.JPEG root@10.100.153.171:/jupiter/circe_input/
DEBUG:transfer.py:transfer successful!
INFO:circe.py:runtime_stat:{"task_name": "circe", "event": "new_input_file", "filename": "resnet7_storeclass6_56363368imgpersiancatjobid18.JPEG", "unix_time": 1620681024.7139418}
INFO:ccdag_utils.py:runtime_stat:{"task_name": "storeclass6", "event": "queue_start_process", "filename": "resnet7_storeclass6_56363368imgpersiancatjobid18.JPEG", "unix_time": 1620681024.8187413}
INFO:ccdag_utils.py:runtime_stat:{"task_name": "storeclass6", "event": "queue_end_process", "filename": "storeclass6_lccenc6_56363368imgpersiancatjobid18.JPEG", "unix_time": 1620681024.820989}
INFO:circe.py:runtime_stat:{"task_name": "circe", "event": "new_output_file", "filename": "storeclass6_lccenc6_56363368imgpersiancatjobid18.JPEG", "unix_time": 1620681024.8222532}
DEBUG:transfer.py:sshpass -p PASSWORD scp -P 5000 -o StrictHostKeyChecking=no /jupiter/circe_output/storeclass6_lccenc6_56363368imgpersiancatjobid18.JPEG root@10.100.153.171:/jupiter/circe_input/
DEBUG:transfer.py:transfer successful!
INFO:circe.py:runtime_stat:{"task_name": "circe", "event": "new_input_file", "filename": "resnet3_storeclass6_73301891imgpersiancatjobid21.JPEG", "unix_time": 1620681034.8479943}
INFO:circe.py:runtime_stat:{"task_name": "circe", "event": "new_input_file", "filename": "resnet0_storeclass6_90419097imgpersiancatjobid21.JPEG", "unix_time": 1620681035.4568474}
INFO:ccdag_utils.py:runtime_stat:{"task_name": "storeclass6", "event": "queue_start_process", "filename": "resnet3_storeclass6_73301891imgpersiancatjobid21.JPEG", "unix_time": 1620681035.8359141}
INFO:circe.py:runtime_stat:{"task_name": "circe", "event": "new_output_file", "filename": "storeclass6_lccenc6_73301891imgpersiancatjobid21.JPEG", "unix_time": 1620681035.8419845}
INFO:ccdag_utils.py:runtime_stat:{"task_name": "storeclass6", "event": "queue_end_process", "filename": "storeclass6_lccenc6_73301891imgpersiancatjobid21.JPEG", "unix_time": 1620681035.8423054}
DEBUG:transfer.py:sshpass -p PASSWORD scp -P 5000 -o StrictHostKeyChecking=no /jupiter/circe_output/storeclass6_lccenc6_73301891imgpersiancatjobid21.JPEG root@10.100.153.171:/jupiter/circe_input/
INFO:ccdag_utils.py:runtime_stat:{"task_name": "storeclass6", "event": "queue_start_process", "filename": "resnet0_storeclass6_90419097imgpersiancatjobid21.JPEG", "unix_time": 1620681035.8435967}
INFO:ccdag_utils.py:runtime_stat:{"task_name": "storeclass6", "event": "queue_end_process", "filename": "storeclass6_lccenc6_90419097imgpersiancatjobid21.JPEG", "unix_time": 1620681035.8512828}
DEBUG:transfer.py:transfer successful!
INFO:circe.py:runtime_stat:{"task_name": "circe", "event": "new_output_file", "filename": "storeclass6_lccenc6_90419097imgpersiancatjobid21.JPEG", "unix_time": 1620681036.0640135}
DEBUG:transfer.py:sshpass -p PASSWORD scp -P 5000 -o StrictHostKeyChecking=no /jupiter/circe_output/storeclass6_lccenc6_90419097imgpersiancatjobid21.JPEG root@10.100.153.171:/jupiter/circe_input/
DEBUG:transfer.py:transfer successful!
INFO:circe.py:runtime_stat:{"task_name": "circe", "event": "new_input_file", "filename": "resnet2_storeclass6_67154544imgpersiancatjobid22.JPEG", "unix_time": 1620681047.4777884}
INFO:ccdag_utils.py:runtime_stat:{"task_name": "storeclass6", "event": "queue_start_process", "filename": "resnet2_storeclass6_67154544imgpersiancatjobid22.JPEG", "unix_time": 1620681047.868121}
INFO:ccdag_utils.py:runtime_stat:{"task_name": "storeclass6", "event": "queue_end_process", "filename": "storeclass6_lccenc6_67154544imgpersiancatjobid22.JPEG", "unix_time": 1620681047.8744645}
INFO:circe.py:runtime_stat:{"task_name": "circe", "event": "new_output_file", "filename": "storeclass6_lccenc6_67154544imgpersiancatjobid22.JPEG", "unix_time": 1620681047.8760877}
DEBUG:transfer.py:sshpass -p PASSWORD scp -P 5000 -o StrictHostKeyChecking=no /jupiter/circe_output/storeclass6_lccenc6_67154544imgpersiancatjobid22.JPEG root@10.100.153.171:/jupiter/circe_input/
DEBUG:transfer.py:transfer successful!
INFO:circe.py:runtime_stat:{"task_name": "circe", "event": "new_input_file", "filename": "resnet3_storeclass6_85936649imgpersiancatjobid22.JPEG", "unix_time": 1620681048.8737628}
INFO:ccdag_utils.py:runtime_stat:{"task_name": "storeclass6", "event": "queue_start_process", "filename": "resnet3_storeclass6_85936649imgpersiancatjobid22.JPEG", "unix_time": 1620681048.875787}
INFO:circe.py:runtime_stat:{"task_name": "circe", "event": "new_output_file", "filename": "storeclass6_lccenc6_85936649imgpersiancatjobid22.JPEG", "unix_time": 1620681048.8790598}
DEBUG:transfer.py:sshpass -p PASSWORD scp -P 5000 -o StrictHostKeyChecking=no /jupiter/circe_output/storeclass6_lccenc6_85936649imgpersiancatjobid22.JPEG root@10.100.153.171:/jupiter/circe_input/
INFO:ccdag_utils.py:runtime_stat:{"task_name": "storeclass6", "event": "queue_end_process", "filename": "storeclass6_lccenc6_85936649imgpersiancatjobid22.JPEG", "unix_time": 1620681048.8826976}
DEBUG:transfer.py:transfer successful!
INFO:circe.py:runtime_stat:{"task_name": "circe", "event": "new_input_file", "filename": "resnet4_storeclass6_24977150imgpersiancatjobid20.JPEG", "unix_time": 1620681055.7953825}
INFO:ccdag_utils.py:runtime_stat:{"task_name": "storeclass6", "event": "queue_start_process", "filename": "resnet4_storeclass6_24977150imgpersiancatjobid20.JPEG", "unix_time": 1620681055.8951128}
INFO:ccdag_utils.py:runtime_stat:{"task_name": "storeclass6", "event": "queue_end_process", "filename": "storeclass6_lccenc6_24977150imgpersiancatjobid20.JPEG", "unix_time": 1620681055.8995988}
INFO:circe.py:runtime_stat:{"task_name": "circe", "event": "new_output_file", "filename": "storeclass6_lccenc6_24977150imgpersiancatjobid20.JPEG", "unix_time": 1620681055.9015417}
DEBUG:transfer.py:sshpass -p PASSWORD scp -P 5000 -o StrictHostKeyChecking=no /jupiter/circe_output/storeclass6_lccenc6_24977150imgpersiancatjobid20.JPEG root@10.100.153.171:/jupiter/circe_input/
DEBUG:transfer.py:transfer successful!
INFO:circe.py:runtime_stat:{"task_name": "circe", "event": "new_input_file", "filename": "resnet4_storeclass6_83508782imgpersiancatjobid21.JPEG", "unix_time": 1620681071.3933165}
INFO:circe.py:runtime_stat:{"task_name": "circe", "event": "new_input_file", "filename": "resnet7_storeclass6_88862200imgpersiancatjobid21.JPEG", "unix_time": 1620681071.4800446}
INFO:ccdag_utils.py:runtime_stat:{"task_name": "storeclass6", "event": "queue_start_process", "filename": "resnet4_storeclass6_83508782imgpersiancatjobid21.JPEG", "unix_time": 1620681071.9178562}
INFO:circe.py:runtime_stat:{"task_name": "circe", "event": "new_output_file", "filename": "storeclass6_lccenc6_83508782imgpersiancatjobid21.JPEG", "unix_time": 1620681071.923281}
DEBUG:transfer.py:sshpass -p PASSWORD scp -P 5000 -o StrictHostKeyChecking=no /jupiter/circe_output/storeclass6_lccenc6_83508782imgpersiancatjobid21.JPEG root@10.100.153.171:/jupiter/circe_input/
INFO:ccdag_utils.py:runtime_stat:{"task_name": "storeclass6", "event": "queue_end_process", "filename": "storeclass6_lccenc6_83508782imgpersiancatjobid21.JPEG", "unix_time": 1620681071.9239159}
INFO:ccdag_utils.py:runtime_stat:{"task_name": "storeclass6", "event": "queue_start_process", "filename": "resnet7_storeclass6_88862200imgpersiancatjobid21.JPEG", "unix_time": 1620681071.9282005}
INFO:ccdag_utils.py:runtime_stat:{"task_name": "storeclass6", "event": "queue_end_process", "filename": "storeclass6_lccenc6_88862200imgpersiancatjobid21.JPEG", "unix_time": 1620681071.9314675}
DEBUG:transfer.py:transfer successful!
INFO:circe.py:runtime_stat:{"task_name": "circe", "event": "new_output_file", "filename": "storeclass6_lccenc6_88862200imgpersiancatjobid21.JPEG", "unix_time": 1620681072.1415944}
DEBUG:transfer.py:sshpass -p PASSWORD scp -P 5000 -o StrictHostKeyChecking=no /jupiter/circe_output/storeclass6_lccenc6_88862200imgpersiancatjobid21.JPEG root@10.100.153.171:/jupiter/circe_input/
DEBUG:transfer.py:transfer successful!
INFO:circe.py:runtime_stat:{"task_name": "circe", "event": "new_input_file", "filename": "resnet6_storeclass6_08168166imgpersiancatjobid25.JPEG", "unix_time": 1620681079.7296665}
INFO:ccdag_utils.py:runtime_stat:{"task_name": "storeclass6", "event": "queue_start_process", "filename": "resnet6_storeclass6_08168166imgpersiancatjobid25.JPEG", "unix_time": 1620681079.947764}
INFO:ccdag_utils.py:runtime_stat:{"task_name": "storeclass6", "event": "queue_end_process", "filename": "storeclass6_lccenc6_08168166imgpersiancatjobid25.JPEG", "unix_time": 1620681079.9497628}
INFO:circe.py:runtime_stat:{"task_name": "circe", "event": "new_output_file", "filename": "storeclass6_lccenc6_08168166imgpersiancatjobid25.JPEG", "unix_time": 1620681079.9509451}
DEBUG:transfer.py:sshpass -p PASSWORD scp -P 5000 -o StrictHostKeyChecking=no /jupiter/circe_output/storeclass6_lccenc6_08168166imgpersiancatjobid25.JPEG root@10.100.153.171:/jupiter/circe_input/
DEBUG:transfer.py:transfer successful!
INFO:circe.py:runtime_stat:{"task_name": "circe", "event": "new_input_file", "filename": "resnet2_storeclass6_04272366imgpersiancatjobid25.JPEG", "unix_time": 1620681087.9753568}
INFO:ccdag_utils.py:runtime_stat:{"task_name": "storeclass6", "event": "queue_start_process", "filename": "resnet2_storeclass6_04272366imgpersiancatjobid25.JPEG", "unix_time": 1620681088.9635448}
INFO:ccdag_utils.py:runtime_stat:{"task_name": "storeclass6", "event": "queue_end_process", "filename": "storeclass6_lccenc6_04272366imgpersiancatjobid25.JPEG", "unix_time": 1620681088.968062}
INFO:circe.py:runtime_stat:{"task_name": "circe", "event": "new_output_file", "filename": "storeclass6_lccenc6_04272366imgpersiancatjobid25.JPEG", "unix_time": 1620681088.968622}
DEBUG:transfer.py:sshpass -p PASSWORD scp -P 5000 -o StrictHostKeyChecking=no /jupiter/circe_output/storeclass6_lccenc6_04272366imgpersiancatjobid25.JPEG root@10.100.153.171:/jupiter/circe_input/
DEBUG:transfer.py:transfer successful!
INFO:circe.py:runtime_stat:{"task_name": "circe", "event": "new_input_file", "filename": "resnet8_storeclass6_11211098imgpersiancatjobid26.JPEG", "unix_time": 1620681092.3905573}
INFO:ccdag_utils.py:runtime_stat:{"task_name": "storeclass6", "event": "queue_start_process", "filename": "resnet8_storeclass6_11211098imgpersiancatjobid26.JPEG", "unix_time": 1620681092.9728682}
INFO:ccdag_utils.py:runtime_stat:{"task_name": "storeclass6", "event": "queue_end_process", "filename": "storeclass6_lccenc6_11211098imgpersiancatjobid26.JPEG", "unix_time": 1620681092.973954}
INFO:circe.py:runtime_stat:{"task_name": "circe", "event": "new_output_file", "filename": "storeclass6_lccenc6_11211098imgpersiancatjobid26.JPEG", "unix_time": 1620681092.9751499}
DEBUG:transfer.py:sshpass -p PASSWORD scp -P 5000 -o StrictHostKeyChecking=no /jupiter/circe_output/storeclass6_lccenc6_11211098imgpersiancatjobid26.JPEG root@10.100.153.171:/jupiter/circe_input/
DEBUG:transfer.py:transfer successful!
INFO:circe.py:runtime_stat:{"task_name": "circe", "event": "new_input_file", "filename": "resnet1_storeclass6_20294274imgpersiancatjobid26.JPEG", "unix_time": 1620681099.8642504}
INFO:ccdag_utils.py:runtime_stat:{"task_name": "storeclass6", "event": "queue_start_process", "filename": "resnet1_storeclass6_20294274imgpersiancatjobid26.JPEG", "unix_time": 1620681099.9837856}
INFO:ccdag_utils.py:runtime_stat:{"task_name": "storeclass6", "event": "queue_end_process", "filename": "storeclass6_lccenc6_20294274imgpersiancatjobid26.JPEG", "unix_time": 1620681099.98793}
INFO:circe.py:runtime_stat:{"task_name": "circe", "event": "new_output_file", "filename": "storeclass6_lccenc6_20294274imgpersiancatjobid26.JPEG", "unix_time": 1620681099.989053}
DEBUG:transfer.py:sshpass -p PASSWORD scp -P 5000 -o StrictHostKeyChecking=no /jupiter/circe_output/storeclass6_lccenc6_20294274imgpersiancatjobid26.JPEG root@10.100.153.171:/jupiter/circe_input/
DEBUG:transfer.py:transfer successful!
INFO:circe.py:runtime_stat:{"task_name": "circe", "event": "new_input_file", "filename": "resnet5_storeclass6_91801409imgpersiancatjobid26.JPEG", "unix_time": 1620681103.6270204}
INFO:ccdag_utils.py:runtime_stat:{"task_name": "storeclass6", "event": "queue_start_process", "filename": "resnet5_storeclass6_91801409imgpersiancatjobid26.JPEG", "unix_time": 1620681103.991779}
INFO:ccdag_utils.py:runtime_stat:{"task_name": "storeclass6", "event": "queue_end_process", "filename": "storeclass6_lccenc6_91801409imgpersiancatjobid26.JPEG", "unix_time": 1620681103.9960687}
INFO:circe.py:runtime_stat:{"task_name": "circe", "event": "new_output_file", "filename": "storeclass6_lccenc6_91801409imgpersiancatjobid26.JPEG", "unix_time": 1620681103.996843}
DEBUG:transfer.py:sshpass -p PASSWORD scp -P 5000 -o StrictHostKeyChecking=no /jupiter/circe_output/storeclass6_lccenc6_91801409imgpersiancatjobid26.JPEG root@10.100.153.171:/jupiter/circe_input/
DEBUG:transfer.py:transfer successful!
INFO:circe.py:runtime_stat:{"task_name": "circe", "event": "new_input_file", "filename": "resnet0_storeclass6_58673639imgpersiancatjobid26.JPEG", "unix_time": 1620681104.5656629}
INFO:ccdag_utils.py:runtime_stat:{"task_name": "storeclass6", "event": "queue_start_process", "filename": "resnet0_storeclass6_58673639imgpersiancatjobid26.JPEG", "unix_time": 1620681104.9982605}
INFO:ccdag_utils.py:runtime_stat:{"task_name": "storeclass6", "event": "queue_end_process", "filename": "storeclass6_lccenc6_58673639imgpersiancatjobid26.JPEG", "unix_time": 1620681105.0014358}
INFO:circe.py:runtime_stat:{"task_name": "circe", "event": "new_output_file", "filename": "storeclass6_lccenc6_58673639imgpersiancatjobid26.JPEG", "unix_time": 1620681105.0026982}
DEBUG:transfer.py:sshpass -p PASSWORD scp -P 5000 -o StrictHostKeyChecking=no /jupiter/circe_output/storeclass6_lccenc6_58673639imgpersiancatjobid26.JPEG root@10.100.153.171:/jupiter/circe_input/
DEBUG:transfer.py:transfer successful!
INFO:circe.py:runtime_stat:{"task_name": "circe", "event": "new_input_file", "filename": "resnet8_storeclass6_37459433imgpersiancatjobid27.JPEG", "unix_time": 1620681105.3281493}
INFO:ccdag_utils.py:runtime_stat:{"task_name": "storeclass6", "event": "queue_start_process", "filename": "resnet8_storeclass6_37459433imgpersiancatjobid27.JPEG", "unix_time": 1620681106.0024607}
INFO:ccdag_utils.py:runtime_stat:{"task_name": "storeclass6", "event": "queue_end_process", "filename": "storeclass6_lccenc6_37459433imgpersiancatjobid27.JPEG", "unix_time": 1620681106.0039034}
INFO:circe.py:runtime_stat:{"task_name": "circe", "event": "new_output_file", "filename": "storeclass6_lccenc6_37459433imgpersiancatjobid27.JPEG", "unix_time": 1620681106.004964}
DEBUG:transfer.py:sshpass -p PASSWORD scp -P 5000 -o StrictHostKeyChecking=no /jupiter/circe_output/storeclass6_lccenc6_37459433imgpersiancatjobid27.JPEG root@10.100.153.171:/jupiter/circe_input/
DEBUG:transfer.py:transfer successful!
INFO:circe.py:runtime_stat:{"task_name": "circe", "event": "new_input_file", "filename": "resnet3_storeclass6_21746856imgpersiancatjobid27.JPEG", "unix_time": 1620681116.880449}
INFO:ccdag_utils.py:runtime_stat:{"task_name": "storeclass6", "event": "queue_start_process", "filename": "resnet3_storeclass6_21746856imgpersiancatjobid27.JPEG", "unix_time": 1620681117.015788}
INFO:ccdag_utils.py:runtime_stat:{"task_name": "storeclass6", "event": "queue_end_process", "filename": "storeclass6_lccenc6_21746856imgpersiancatjobid27.JPEG", "unix_time": 1620681117.020552}
INFO:circe.py:runtime_stat:{"task_name": "circe", "event": "new_output_file", "filename": "storeclass6_lccenc6_21746856imgpersiancatjobid27.JPEG", "unix_time": 1620681117.0215328}
DEBUG:transfer.py:sshpass -p PASSWORD scp -P 5000 -o StrictHostKeyChecking=no /jupiter/circe_output/storeclass6_lccenc6_21746856imgpersiancatjobid27.JPEG root@10.100.153.171:/jupiter/circe_input/
DEBUG:transfer.py:transfer successful!
INFO:circe.py:runtime_stat:{"task_name": "circe", "event": "new_input_file", "filename": "resnet0_storeclass6_40874720imgpersiancatjobid27.JPEG", "unix_time": 1620681118.045783}
INFO:ccdag_utils.py:runtime_stat:{"task_name": "storeclass6", "event": "queue_start_process", "filename": "resnet0_storeclass6_40874720imgpersiancatjobid27.JPEG", "unix_time": 1620681119.023254}
INFO:ccdag_utils.py:runtime_stat:{"task_name": "storeclass6", "event": "queue_end_process", "filename": "storeclass6_lccenc6_40874720imgpersiancatjobid27.JPEG", "unix_time": 1620681119.0281687}
INFO:circe.py:runtime_stat:{"task_name": "circe", "event": "new_output_file", "filename": "storeclass6_lccenc6_40874720imgpersiancatjobid27.JPEG", "unix_time": 1620681119.028823}
DEBUG:transfer.py:sshpass -p PASSWORD scp -P 5000 -o StrictHostKeyChecking=no /jupiter/circe_output/storeclass6_lccenc6_40874720imgpersiancatjobid27.JPEG root@10.100.153.171:/jupiter/circe_input/
DEBUG:transfer.py:transfer successful!
INFO:circe.py:runtime_stat:{"task_name": "circe", "event": "new_input_file", "filename": "resnet6_storeclass6_50198796imgpersiancatjobid28.JPEG", "unix_time": 1620681120.43645}
INFO:ccdag_utils.py:runtime_stat:{"task_name": "storeclass6", "event": "queue_start_process", "filename": "resnet6_storeclass6_50198796imgpersiancatjobid28.JPEG", "unix_time": 1620681121.0314872}
INFO:ccdag_utils.py:runtime_stat:{"task_name": "storeclass6", "event": "queue_end_process", "filename": "storeclass6_lccenc6_50198796imgpersiancatjobid28.JPEG", "unix_time": 1620681121.0409977}
INFO:circe.py:runtime_stat:{"task_name": "circe", "event": "new_output_file", "filename": "storeclass6_lccenc6_50198796imgpersiancatjobid28.JPEG", "unix_time": 1620681121.042896}
DEBUG:transfer.py:sshpass -p PASSWORD scp -P 5000 -o StrictHostKeyChecking=no /jupiter/circe_output/storeclass6_lccenc6_50198796imgpersiancatjobid28.JPEG root@10.100.153.171:/jupiter/circe_input/
DEBUG:transfer.py:transfer successful!
INFO:circe.py:runtime_stat:{"task_name": "circe", "event": "new_input_file", "filename": "resnet2_storeclass6_28388232imgpersiancatjobid28.JPEG", "unix_time": 1620681129.791128}
INFO:ccdag_utils.py:runtime_stat:{"task_name": "storeclass6", "event": "queue_start_process", "filename": "resnet2_storeclass6_28388232imgpersiancatjobid28.JPEG", "unix_time": 1620681130.0511956}
INFO:circe.py:runtime_stat:{"task_name": "circe", "event": "new_output_file", "filename": "storeclass6_lccenc6_28388232imgpersiancatjobid28.JPEG", "unix_time": 1620681130.056705}
INFO:ccdag_utils.py:runtime_stat:{"task_name": "storeclass6", "event": "queue_end_process", "filename": "storeclass6_lccenc6_28388232imgpersiancatjobid28.JPEG", "unix_time": 1620681130.0570638}
DEBUG:transfer.py:sshpass -p PASSWORD scp -P 5000 -o StrictHostKeyChecking=no /jupiter/circe_output/storeclass6_lccenc6_28388232imgpersiancatjobid28.JPEG root@10.100.153.171:/jupiter/circe_input/
DEBUG:transfer.py:transfer successful!
INFO:circe.py:runtime_stat:{"task_name": "circe", "event": "new_input_file", "filename": "resnet3_storeclass6_14669657imgpersiancatjobid28.JPEG", "unix_time": 1620681130.331918}
INFO:ccdag_utils.py:runtime_stat:{"task_name": "storeclass6", "event": "queue_start_process", "filename": "resnet3_storeclass6_14669657imgpersiancatjobid28.JPEG", "unix_time": 1620681131.0593417}
INFO:ccdag_utils.py:runtime_stat:{"task_name": "storeclass6", "event": "queue_end_process", "filename": "storeclass6_lccenc6_14669657imgpersiancatjobid28.JPEG", "unix_time": 1620681131.0632195}
INFO:circe.py:runtime_stat:{"task_name": "circe", "event": "new_output_file", "filename": "storeclass6_lccenc6_14669657imgpersiancatjobid28.JPEG", "unix_time": 1620681131.0649245}
DEBUG:transfer.py:sshpass -p PASSWORD scp -P 5000 -o StrictHostKeyChecking=no /jupiter/circe_output/storeclass6_lccenc6_14669657imgpersiancatjobid28.JPEG root@10.100.153.171:/jupiter/circe_input/
DEBUG:transfer.py:transfer successful!
INFO:circe.py:runtime_stat:{"task_name": "circe", "event": "new_input_file", "filename": "resnet6_storeclass6_81953676imgpersiancatjobid29.JPEG", "unix_time": 1620681134.3900542}
INFO:ccdag_utils.py:runtime_stat:{"task_name": "storeclass6", "event": "queue_start_process", "filename": "resnet6_storeclass6_81953676imgpersiancatjobid29.JPEG", "unix_time": 1620681135.0717652}
INFO:ccdag_utils.py:runtime_stat:{"task_name": "storeclass6", "event": "queue_end_process", "filename": "storeclass6_lccenc6_81953676imgpersiancatjobid29.JPEG", "unix_time": 1620681135.0729597}
INFO:circe.py:runtime_stat:{"task_name": "circe", "event": "new_output_file", "filename": "storeclass6_lccenc6_81953676imgpersiancatjobid29.JPEG", "unix_time": 1620681135.076785}
DEBUG:transfer.py:sshpass -p PASSWORD scp -P 5000 -o StrictHostKeyChecking=no /jupiter/circe_output/storeclass6_lccenc6_81953676imgpersiancatjobid29.JPEG root@10.100.153.171:/jupiter/circe_input/
DEBUG:transfer.py:transfer successful!
INFO:circe.py:runtime_stat:{"task_name": "circe", "event": "new_input_file", "filename": "resnet1_storeclass6_44113315imgpersiancatjobid29.JPEG", "unix_time": 1620681141.054604}
INFO:ccdag_utils.py:runtime_stat:{"task_name": "storeclass6", "event": "queue_start_process", "filename": "resnet1_storeclass6_44113315imgpersiancatjobid29.JPEG", "unix_time": 1620681141.0797536}
INFO:ccdag_utils.py:runtime_stat:{"task_name": "storeclass6", "event": "queue_end_process", "filename": "storeclass6_lccenc6_44113315imgpersiancatjobid29.JPEG", "unix_time": 1620681141.0821328}
INFO:circe.py:runtime_stat:{"task_name": "circe", "event": "new_output_file", "filename": "storeclass6_lccenc6_44113315imgpersiancatjobid29.JPEG", "unix_time": 1620681141.0827284}
DEBUG:transfer.py:sshpass -p PASSWORD scp -P 5000 -o StrictHostKeyChecking=no /jupiter/circe_output/storeclass6_lccenc6_44113315imgpersiancatjobid29.JPEG root@10.100.153.171:/jupiter/circe_input/
DEBUG:transfer.py:transfer successful!
INFO:circe.py:runtime_stat:{"task_name": "circe", "event": "new_input_file", "filename": "resnet2_storeclass6_66066974imgpersiancatjobid29.JPEG", "unix_time": 1620681143.362395}
INFO:ccdag_utils.py:runtime_stat:{"task_name": "storeclass6", "event": "queue_start_process", "filename": "resnet2_storeclass6_66066974imgpersiancatjobid29.JPEG", "unix_time": 1620681144.0871909}
INFO:ccdag_utils.py:runtime_stat:{"task_name": "storeclass6", "event": "queue_end_process", "filename": "storeclass6_lccenc6_66066974imgpersiancatjobid29.JPEG", "unix_time": 1620681144.091089}
INFO:circe.py:runtime_stat:{"task_name": "circe", "event": "new_output_file", "filename": "storeclass6_lccenc6_66066974imgpersiancatjobid29.JPEG", "unix_time": 1620681144.0925138}
DEBUG:transfer.py:sshpass -p PASSWORD scp -P 5000 -o StrictHostKeyChecking=no /jupiter/circe_output/storeclass6_lccenc6_66066974imgpersiancatjobid29.JPEG root@10.100.153.171:/jupiter/circe_input/
DEBUG:transfer.py:transfer successful!
INFO:circe.py:runtime_stat:{"task_name": "circe", "event": "new_input_file", "filename": "resnet5_storeclass6_42773436imgpersiancatjobid29.JPEG", "unix_time": 1620681144.6147408}
INFO:ccdag_utils.py:runtime_stat:{"task_name": "storeclass6", "event": "queue_start_process", "filename": "resnet5_storeclass6_42773436imgpersiancatjobid29.JPEG", "unix_time": 1620681145.0926068}
INFO:ccdag_utils.py:runtime_stat:{"task_name": "storeclass6", "event": "queue_end_process", "filename": "storeclass6_lccenc6_42773436imgpersiancatjobid29.JPEG", "unix_time": 1620681145.0954442}
INFO:circe.py:runtime_stat:{"task_name": "circe", "event": "new_output_file", "filename": "storeclass6_lccenc6_42773436imgpersiancatjobid29.JPEG", "unix_time": 1620681145.0965304}
DEBUG:transfer.py:sshpass -p PASSWORD scp -P 5000 -o StrictHostKeyChecking=no /jupiter/circe_output/storeclass6_lccenc6_42773436imgpersiancatjobid29.JPEG root@10.100.153.171:/jupiter/circe_input/
DEBUG:transfer.py:transfer successful!
INFO:circe.py:runtime_stat:{"task_name": "circe", "event": "new_input_file", "filename": "resnet8_storeclass6_02761819imgpersiancatjobid30.JPEG", "unix_time": 1620681146.1016257}
INFO:ccdag_utils.py:runtime_stat:{"task_name": "storeclass6", "event": "queue_start_process", "filename": "resnet8_storeclass6_02761819imgpersiancatjobid30.JPEG", "unix_time": 1620681147.098181}
INFO:ccdag_utils.py:runtime_stat:{"task_name": "storeclass6", "event": "queue_end_process", "filename": "storeclass6_lccenc6_02761819imgpersiancatjobid30.JPEG", "unix_time": 1620681147.1006987}
INFO:circe.py:runtime_stat:{"task_name": "circe", "event": "new_output_file", "filename": "storeclass6_lccenc6_02761819imgpersiancatjobid30.JPEG", "unix_time": 1620681147.102199}
DEBUG:transfer.py:sshpass -p PASSWORD scp -P 5000 -o StrictHostKeyChecking=no /jupiter/circe_output/storeclass6_lccenc6_02761819imgpersiancatjobid30.JPEG root@10.100.153.171:/jupiter/circe_input/
DEBUG:transfer.py:transfer successful!
INFO:circe.py:runtime_stat:{"task_name": "circe", "event": "new_input_file", "filename": "resnet4_storeclass6_30574425imgpersiancatjobid26.JPEG", "unix_time": 1620681150.8291025}
INFO:ccdag_utils.py:runtime_stat:{"task_name": "storeclass6", "event": "queue_start_process", "filename": "resnet4_storeclass6_30574425imgpersiancatjobid26.JPEG", "unix_time": 1620681151.1099825}
INFO:circe.py:runtime_stat:{"task_name": "circe", "event": "new_output_file", "filename": "storeclass6_lccenc6_30574425imgpersiancatjobid26.JPEG", "unix_time": 1620681151.1155996}
INFO:ccdag_utils.py:runtime_stat:{"task_name": "storeclass6", "event": "queue_end_process", "filename": "storeclass6_lccenc6_30574425imgpersiancatjobid26.JPEG", "unix_time": 1620681151.1158743}
DEBUG:transfer.py:sshpass -p PASSWORD scp -P 5000 -o StrictHostKeyChecking=no /jupiter/circe_output/storeclass6_lccenc6_30574425imgpersiancatjobid26.JPEG root@10.100.153.171:/jupiter/circe_input/
DEBUG:transfer.py:transfer successful!
INFO:circe.py:runtime_stat:{"task_name": "circe", "event": "new_input_file", "filename": "resnet1_storeclass6_17472119imgpersiancatjobid30.JPEG", "unix_time": 1620681154.884189}
INFO:ccdag_utils.py:runtime_stat:{"task_name": "storeclass6", "event": "queue_start_process", "filename": "resnet1_storeclass6_17472119imgpersiancatjobid30.JPEG", "unix_time": 1620681155.1214051}
INFO:ccdag_utils.py:runtime_stat:{"task_name": "storeclass6", "event": "queue_end_process", "filename": "storeclass6_lccenc6_17472119imgpersiancatjobid30.JPEG", "unix_time": 1620681155.1273685}
INFO:circe.py:runtime_stat:{"task_name": "circe", "event": "new_output_file", "filename": "storeclass6_lccenc6_17472119imgpersiancatjobid30.JPEG", "unix_time": 1620681155.129191}
DEBUG:transfer.py:sshpass -p PASSWORD scp -P 5000 -o StrictHostKeyChecking=no /jupiter/circe_output/storeclass6_lccenc6_17472119imgpersiancatjobid30.JPEG root@10.100.153.171:/jupiter/circe_input/
DEBUG:transfer.py:transfer successful!
INFO:circe.py:runtime_stat:{"task_name": "circe", "event": "new_input_file", "filename": "resnet0_storeclass6_56575119imgpersiancatjobid30.JPEG", "unix_time": 1620681159.9303112}
INFO:ccdag_utils.py:runtime_stat:{"task_name": "storeclass6", "event": "queue_start_process", "filename": "resnet0_storeclass6_56575119imgpersiancatjobid30.JPEG", "unix_time": 1620681160.134699}
INFO:ccdag_utils.py:runtime_stat:{"task_name": "storeclass6", "event": "queue_end_process", "filename": "storeclass6_lccenc6_56575119imgpersiancatjobid30.JPEG", "unix_time": 1620681160.1381226}
INFO:circe.py:runtime_stat:{"task_name": "circe", "event": "new_output_file", "filename": "storeclass6_lccenc6_56575119imgpersiancatjobid30.JPEG", "unix_time": 1620681160.1392224}
DEBUG:transfer.py:sshpass -p PASSWORD scp -P 5000 -o StrictHostKeyChecking=no /jupiter/circe_output/storeclass6_lccenc6_56575119imgpersiancatjobid30.JPEG root@10.100.153.171:/jupiter/circe_input/
DEBUG:transfer.py:transfer successful!
INFO:circe.py:runtime_stat:{"task_name": "circe", "event": "new_input_file", "filename": "resnet4_storeclass6_65715210imgpersiancatjobid27.JPEG", "unix_time": 1620681166.224275}
INFO:circe.py:runtime_stat:{"task_name": "circe", "event": "new_input_file", "filename": "resnet7_storeclass6_44191321imgpersiancatjobid27.JPEG", "unix_time": 1620681166.3026836}
INFO:ccdag_utils.py:runtime_stat:{"task_name": "storeclass6", "event": "queue_start_process", "filename": "resnet4_storeclass6_65715210imgpersiancatjobid27.JPEG", "unix_time": 1620681167.144892}
INFO:ccdag_utils.py:runtime_stat:{"task_name": "storeclass6", "event": "queue_end_process", "filename": "storeclass6_lccenc6_65715210imgpersiancatjobid27.JPEG", "unix_time": 1620681167.149464}
INFO:ccdag_utils.py:runtime_stat:{"task_name": "storeclass6", "event": "queue_start_process", "filename": "resnet7_storeclass6_44191321imgpersiancatjobid27.JPEG", "unix_time": 1620681167.1499133}
INFO:circe.py:runtime_stat:{"task_name": "circe", "event": "new_output_file", "filename": "storeclass6_lccenc6_65715210imgpersiancatjobid27.JPEG", "unix_time": 1620681167.1519067}
DEBUG:transfer.py:sshpass -p PASSWORD scp -P 5000 -o StrictHostKeyChecking=no /jupiter/circe_output/storeclass6_lccenc6_65715210imgpersiancatjobid27.JPEG root@10.100.153.171:/jupiter/circe_input/
INFO:ccdag_utils.py:runtime_stat:{"task_name": "storeclass6", "event": "queue_end_process", "filename": "storeclass6_lccenc6_44191321imgpersiancatjobid27.JPEG", "unix_time": 1620681167.161287}
DEBUG:transfer.py:transfer successful!
INFO:circe.py:runtime_stat:{"task_name": "circe", "event": "new_output_file", "filename": "storeclass6_lccenc6_44191321imgpersiancatjobid27.JPEG", "unix_time": 1620681167.3830905}
DEBUG:transfer.py:sshpass -p PASSWORD scp -P 5000 -o StrictHostKeyChecking=no /jupiter/circe_output/storeclass6_lccenc6_44191321imgpersiancatjobid27.JPEG root@10.100.153.171:/jupiter/circe_input/
DEBUG:transfer.py:transfer successful!
INFO:circe.py:runtime_stat:{"task_name": "circe", "event": "new_input_file", "filename": "resnet7_storeclass6_49936726imgpersiancatjobid28.JPEG", "unix_time": 1620681181.6388514}
INFO:ccdag_utils.py:runtime_stat:{"task_name": "storeclass6", "event": "queue_start_process", "filename": "resnet7_storeclass6_49936726imgpersiancatjobid28.JPEG", "unix_time": 1620681182.1779516}
INFO:circe.py:runtime_stat:{"task_name": "circe", "event": "new_output_file", "filename": "storeclass6_lccenc6_49936726imgpersiancatjobid28.JPEG", "unix_time": 1620681182.1816401}
DEBUG:transfer.py:sshpass -p PASSWORD scp -P 5000 -o StrictHostKeyChecking=no /jupiter/circe_output/storeclass6_lccenc6_49936726imgpersiancatjobid28.JPEG root@10.100.153.171:/jupiter/circe_input/
INFO:ccdag_utils.py:runtime_stat:{"task_name": "storeclass6", "event": "queue_end_process", "filename": "storeclass6_lccenc6_49936726imgpersiancatjobid28.JPEG", "unix_time": 1620681182.1822014}
DEBUG:transfer.py:transfer successful!
INFO:circe.py:runtime_stat:{"task_name": "circe", "event": "new_input_file", "filename": "resnet4_storeclass6_82548101imgpersiancatjobid30.JPEG", "unix_time": 1620681214.0450833}
INFO:ccdag_utils.py:runtime_stat:{"task_name": "storeclass6", "event": "queue_start_process", "filename": "resnet4_storeclass6_82548101imgpersiancatjobid30.JPEG", "unix_time": 1620681214.224011}
INFO:ccdag_utils.py:runtime_stat:{"task_name": "storeclass6", "event": "queue_end_process", "filename": "storeclass6_lccenc6_82548101imgpersiancatjobid30.JPEG", "unix_time": 1620681214.2285779}
INFO:circe.py:runtime_stat:{"task_name": "circe", "event": "new_output_file", "filename": "storeclass6_lccenc6_82548101imgpersiancatjobid30.JPEG", "unix_time": 1620681214.2301664}
DEBUG:transfer.py:sshpass -p PASSWORD scp -P 5000 -o StrictHostKeyChecking=no /jupiter/circe_output/storeclass6_lccenc6_82548101imgpersiancatjobid30.JPEG root@10.100.153.171:/jupiter/circe_input/
DEBUG:transfer.py:transfer successful!
