 * Starting OpenBSD Secure Shell server sshd
   ...done.
INFO:circe.py:Using base script score.py
DEBUG:circe.py:starting the input monitoring process
DEBUG:circe.py:starting the output monitoring process
INFO:circe.py:runtime_stat:{"task_name": "circe", "event": "new_input_file", "filename": "lccenc8_score8a_7#66917458-7#15532517-7#36141654-7#09001365-7#14572617-7#35589445jobid1.csv", "unix_time": 1620680931.6070867}
INFO:ccdag_utils.py:runtime_stat:{"task_name": "score8a", "event": "queue_start_process", "filename": "lccenc8_score8a_7#66917458-7#15532517-7#36141654-7#09001365-7#14572617-7#35589445jobid1.csv", "unix_time": 1620680931.7238483}
['mongoose21.JPEG', 'mongoose22.JPEG', 'mongoose23.JPEG', 'mongoose24.JPEG', 'mongoose25.JPEG', 'mongoose26.JPEG', 'mongoose27.JPEG', 'mongoose28.JPEG', 'mongoose29.JPEG', 'mongoose30.JPEG']
INFO:circe.py:runtime_stat:{"task_name": "circe", "event": "new_output_file", "filename": "score8a_preagg8_1jobth7#66917458-7#15532517-7#36141654-7#09001365-7#14572617-7#35589445", "unix_time": 1620680943.471371}
DEBUG:transfer.py:sshpass -p PASSWORD scp -P 5000 -o StrictHostKeyChecking=no /jupiter/circe_output/score8a_preagg8_1jobth7#66917458-7#15532517-7#36141654-7#09001365-7#14572617-7#35589445 root@10.106.195.232:/jupiter/circe_input/
INFO:ccdag_utils.py:runtime_stat:{"task_name": "score8a", "event": "queue_end_process", "filename": "score8a_preagg8_1jobth7#66917458-7#15532517-7#36141654-7#09001365-7#14572617-7#35589445", "unix_time": 1620680943.4791062}
Warning: Permanently added '[10.106.195.232]:5000' (ECDSA) to the list of known hosts.
DEBUG:transfer.py:transfer successful!
INFO:circe.py:runtime_stat:{"task_name": "circe", "event": "new_input_file", "filename": "lccenc8_score8a_7#27916558-7#99650728-7#58306748-7#67243610-7#18879126-7#32243877jobid2.csv", "unix_time": 1620680966.8235655}
INFO:ccdag_utils.py:runtime_stat:{"task_name": "score8a", "event": "queue_start_process", "filename": "lccenc8_score8a_7#27916558-7#99650728-7#58306748-7#67243610-7#18879126-7#32243877jobid2.csv", "unix_time": 1620680967.5062237}
['mongoose21.JPEG', 'mongoose22.JPEG', 'mongoose23.JPEG', 'mongoose24.JPEG', 'mongoose25.JPEG', 'mongoose26.JPEG', 'mongoose27.JPEG', 'mongoose28.JPEG', 'mongoose29.JPEG', 'mongoose30.JPEG']
INFO:circe.py:runtime_stat:{"task_name": "circe", "event": "new_output_file", "filename": "score8a_preagg8_2jobth7#27916558-7#99650728-7#58306748-7#67243610-7#18879126-7#32243877", "unix_time": 1620680979.016149}
DEBUG:transfer.py:sshpass -p PASSWORD scp -P 5000 -o StrictHostKeyChecking=no /jupiter/circe_output/score8a_preagg8_2jobth7#27916558-7#99650728-7#58306748-7#67243610-7#18879126-7#32243877 root@10.106.195.232:/jupiter/circe_input/
INFO:ccdag_utils.py:runtime_stat:{"task_name": "score8a", "event": "queue_end_process", "filename": "score8a_preagg8_2jobth7#27916558-7#99650728-7#58306748-7#67243610-7#18879126-7#32243877", "unix_time": 1620680979.0225654}
DEBUG:transfer.py:transfer successful!
INFO:circe.py:runtime_stat:{"task_name": "circe", "event": "new_input_file", "filename": "lccenc8_score8a_7#34785419-7#80189460-7#87446144-7#16398199-7#96325361-7#92295463jobid3.csv", "unix_time": 1620681037.5354855}
INFO:ccdag_utils.py:runtime_stat:{"task_name": "score8a", "event": "queue_start_process", "filename": "lccenc8_score8a_7#34785419-7#80189460-7#87446144-7#16398199-7#96325361-7#92295463jobid3.csv", "unix_time": 1620681038.0908477}
['mongoose21.JPEG', 'mongoose22.JPEG', 'mongoose23.JPEG', 'mongoose24.JPEG', 'mongoose25.JPEG', 'mongoose26.JPEG', 'mongoose27.JPEG', 'mongoose28.JPEG', 'mongoose29.JPEG', 'mongoose30.JPEG']
INFO:circe.py:runtime_stat:{"task_name": "circe", "event": "new_output_file", "filename": "score8a_preagg8_3jobth7#34785419-7#80189460-7#87446144-7#16398199-7#96325361-7#92295463", "unix_time": 1620681049.6496038}
DEBUG:transfer.py:sshpass -p PASSWORD scp -P 5000 -o StrictHostKeyChecking=no /jupiter/circe_output/score8a_preagg8_3jobth7#34785419-7#80189460-7#87446144-7#16398199-7#96325361-7#92295463 root@10.106.195.232:/jupiter/circe_input/
INFO:ccdag_utils.py:runtime_stat:{"task_name": "score8a", "event": "queue_end_process", "filename": "score8a_preagg8_3jobth7#34785419-7#80189460-7#87446144-7#16398199-7#96325361-7#92295463", "unix_time": 1620681049.6578116}
DEBUG:transfer.py:transfer successful!
INFO:circe.py:runtime_stat:{"task_name": "circe", "event": "new_input_file", "filename": "lccenc8_score8a_7#07601498-7#69480499-7#10362198-7#83543967-7#59797891-7#25573741jobid4.csv", "unix_time": 1620681090.3096888}
INFO:ccdag_utils.py:runtime_stat:{"task_name": "score8a", "event": "queue_start_process", "filename": "lccenc8_score8a_7#07601498-7#69480499-7#10362198-7#83543967-7#59797891-7#25573741jobid4.csv", "unix_time": 1620681090.703583}
['mongoose21.JPEG', 'mongoose22.JPEG', 'mongoose23.JPEG', 'mongoose24.JPEG', 'mongoose25.JPEG', 'mongoose26.JPEG', 'mongoose27.JPEG', 'mongoose28.JPEG', 'mongoose29.JPEG', 'mongoose30.JPEG']
INFO:circe.py:runtime_stat:{"task_name": "circe", "event": "new_output_file", "filename": "score8a_preagg8_4jobth7#07601498-7#69480499-7#10362198-7#83543967-7#59797891-7#25573741", "unix_time": 1620681102.2217593}
DEBUG:transfer.py:sshpass -p PASSWORD scp -P 5000 -o StrictHostKeyChecking=no /jupiter/circe_output/score8a_preagg8_4jobth7#07601498-7#69480499-7#10362198-7#83543967-7#59797891-7#25573741 root@10.106.195.232:/jupiter/circe_input/
INFO:ccdag_utils.py:runtime_stat:{"task_name": "score8a", "event": "queue_end_process", "filename": "score8a_preagg8_4jobth7#07601498-7#69480499-7#10362198-7#83543967-7#59797891-7#25573741", "unix_time": 1620681102.2277772}
DEBUG:transfer.py:transfer successful!
