 * Starting OpenBSD Secure Shell server sshd
   ...done.
INFO:circe.py:Using base script lccdec.py
DEBUG:circe.py:starting the input monitoring process
DEBUG:circe.py:starting the output monitoring process
INFO:circe.py:runtime_stat:{"task_name": "circe", "event": "new_input_file", "filename": "preagg7_lccdec7_1jobthscore7a6#21478787-6#33822165-6#58688043-6#15241668-6#43795862-6#69153446", "unix_time": 1620680860.876125}
INFO:lccdec.py:lccdec7: file rcvd from preagg7 : preagg7_lccdec7_1jobthscore7a6#21478787-6#33822165-6#58688043-6#15241668-6#43795862-6#69153446
INFO:ccdag_utils.py:runtime_stat:{"task_name": "lccdec7", "event": "queue_start_process", "filename": "preagg7_lccdec7_1jobthscore7a6#21478787-6#33822165-6#58688043-6#15241668-6#43795862-6#69153446", "unix_time": 1620680860.8771265}
INFO:circe.py:runtime_stat:{"task_name": "circe", "event": "new_input_file", "filename": "preagg7_lccdec7_1jobthscore7b6#21478787-6#33822165-6#58688043-6#15241668-6#43795862-6#69153446", "unix_time": 1620680861.0956838}
INFO:lccdec.py:lccdec7: file rcvd from preagg7 : preagg7_lccdec7_1jobthscore7b6#21478787-6#33822165-6#58688043-6#15241668-6#43795862-6#69153446
INFO:ccdag_utils.py:runtime_stat:{"task_name": "lccdec7", "event": "queue_start_process", "filename": "preagg7_lccdec7_1jobthscore7b6#21478787-6#33822165-6#58688043-6#15241668-6#43795862-6#69153446", "unix_time": 1620680861.0964518}
INFO:circe.py:runtime_stat:{"task_name": "circe", "event": "new_input_file", "filename": "preagg7_lccdec7_1jobthscore7c6#21478787-6#33822165-6#58688043-6#15241668-6#43795862-6#69153446", "unix_time": 1620680861.3044982}
INFO:lccdec.py:lccdec7: file rcvd from preagg7 : preagg7_lccdec7_1jobthscore7c6#21478787-6#33822165-6#58688043-6#15241668-6#43795862-6#69153446
INFO:ccdag_utils.py:runtime_stat:{"task_name": "lccdec7", "event": "queue_start_process", "filename": "preagg7_lccdec7_1jobthscore7c6#21478787-6#33822165-6#58688043-6#15241668-6#43795862-6#69153446", "unix_time": 1620680861.3050432}
INFO:circe.py:runtime_stat:{"task_name": "circe", "event": "new_output_file", "filename": "lccdec7_home_1jobth6#21478787-6#33822165-6#58688043-6#15241668-6#43795862-6#69153446", "unix_time": 1620680861.337295}
DEBUG:transfer.py:sshpass -p PASSWORD scp -P 5000 -o StrictHostKeyChecking=no /jupiter/circe_output/lccdec7_home_1jobth6#21478787-6#33822165-6#58688043-6#15241668-6#43795862-6#69153446 root@10.99.151.59:/jupiter/circe_input/
INFO:ccdag_utils.py:runtime_stat:{"task_name": "lccdec7", "event": "queue_end_process", "filename": "lccdec7_home_1jobth6#21478787-6#33822165-6#58688043-6#15241668-6#43795862-6#69153446", "unix_time": 1620680861.3422458}
Warning: Permanently added '[10.99.151.59]:5000' (ECDSA) to the list of known hosts.
DEBUG:transfer.py:transfer successful!
INFO:circe.py:runtime_stat:{"task_name": "circe", "event": "new_input_file", "filename": "preagg7_lccdec7_2jobthscore7a6#23095905-6#84778996-6#05558747-6#84134096-6#30536295-6#08056356", "unix_time": 1620680886.108069}
INFO:lccdec.py:lccdec7: file rcvd from preagg7 : preagg7_lccdec7_2jobthscore7a6#23095905-6#84778996-6#05558747-6#84134096-6#30536295-6#08056356
INFO:ccdag_utils.py:runtime_stat:{"task_name": "lccdec7", "event": "queue_start_process", "filename": "preagg7_lccdec7_2jobthscore7a6#23095905-6#84778996-6#05558747-6#84134096-6#30536295-6#08056356", "unix_time": 1620680886.1087673}
INFO:circe.py:runtime_stat:{"task_name": "circe", "event": "new_input_file", "filename": "preagg7_lccdec7_2jobthscore7b6#23095905-6#84778996-6#05558747-6#84134096-6#30536295-6#08056356", "unix_time": 1620680886.3280842}
INFO:lccdec.py:lccdec7: file rcvd from preagg7 : preagg7_lccdec7_2jobthscore7b6#23095905-6#84778996-6#05558747-6#84134096-6#30536295-6#08056356
INFO:ccdag_utils.py:runtime_stat:{"task_name": "lccdec7", "event": "queue_start_process", "filename": "preagg7_lccdec7_2jobthscore7b6#23095905-6#84778996-6#05558747-6#84134096-6#30536295-6#08056356", "unix_time": 1620680886.3290808}
INFO:circe.py:runtime_stat:{"task_name": "circe", "event": "new_input_file", "filename": "preagg7_lccdec7_2jobthscore7c6#23095905-6#84778996-6#05558747-6#84134096-6#30536295-6#08056356", "unix_time": 1620680886.5471616}
INFO:lccdec.py:lccdec7: file rcvd from preagg7 : preagg7_lccdec7_2jobthscore7c6#23095905-6#84778996-6#05558747-6#84134096-6#30536295-6#08056356
INFO:ccdag_utils.py:runtime_stat:{"task_name": "lccdec7", "event": "queue_start_process", "filename": "preagg7_lccdec7_2jobthscore7c6#23095905-6#84778996-6#05558747-6#84134096-6#30536295-6#08056356", "unix_time": 1620680886.5478091}
INFO:circe.py:runtime_stat:{"task_name": "circe", "event": "new_output_file", "filename": "lccdec7_home_2jobth6#23095905-6#84778996-6#05558747-6#84134096-6#30536295-6#08056356", "unix_time": 1620680886.5726948}
DEBUG:transfer.py:sshpass -p PASSWORD scp -P 5000 -o StrictHostKeyChecking=no /jupiter/circe_output/lccdec7_home_2jobth6#23095905-6#84778996-6#05558747-6#84134096-6#30536295-6#08056356 root@10.99.151.59:/jupiter/circe_input/
INFO:ccdag_utils.py:runtime_stat:{"task_name": "lccdec7", "event": "queue_end_process", "filename": "lccdec7_home_2jobth6#23095905-6#84778996-6#05558747-6#84134096-6#30536295-6#08056356", "unix_time": 1620680886.5767202}
DEBUG:transfer.py:transfer successful!
INFO:circe.py:runtime_stat:{"task_name": "circe", "event": "new_input_file", "filename": "preagg7_lccdec7_3jobthscore7a6#59790593-6#92181973-6#92669951-6#09792602-6#71373079-6#01981080", "unix_time": 1620680911.3682642}
INFO:lccdec.py:lccdec7: file rcvd from preagg7 : preagg7_lccdec7_3jobthscore7a6#59790593-6#92181973-6#92669951-6#09792602-6#71373079-6#01981080
INFO:ccdag_utils.py:runtime_stat:{"task_name": "lccdec7", "event": "queue_start_process", "filename": "preagg7_lccdec7_3jobthscore7a6#59790593-6#92181973-6#92669951-6#09792602-6#71373079-6#01981080", "unix_time": 1620680911.3699071}
INFO:circe.py:runtime_stat:{"task_name": "circe", "event": "new_input_file", "filename": "preagg7_lccdec7_3jobthscore7b6#59790593-6#92181973-6#92669951-6#09792602-6#71373079-6#01981080", "unix_time": 1620680911.5919676}
INFO:lccdec.py:lccdec7: file rcvd from preagg7 : preagg7_lccdec7_3jobthscore7b6#59790593-6#92181973-6#92669951-6#09792602-6#71373079-6#01981080
INFO:ccdag_utils.py:runtime_stat:{"task_name": "lccdec7", "event": "queue_start_process", "filename": "preagg7_lccdec7_3jobthscore7b6#59790593-6#92181973-6#92669951-6#09792602-6#71373079-6#01981080", "unix_time": 1620680911.593086}
INFO:circe.py:runtime_stat:{"task_name": "circe", "event": "new_input_file", "filename": "preagg7_lccdec7_3jobthscore7c6#59790593-6#92181973-6#92669951-6#09792602-6#71373079-6#01981080", "unix_time": 1620680911.8004792}
INFO:lccdec.py:lccdec7: file rcvd from preagg7 : preagg7_lccdec7_3jobthscore7c6#59790593-6#92181973-6#92669951-6#09792602-6#71373079-6#01981080
INFO:ccdag_utils.py:runtime_stat:{"task_name": "lccdec7", "event": "queue_start_process", "filename": "preagg7_lccdec7_3jobthscore7c6#59790593-6#92181973-6#92669951-6#09792602-6#71373079-6#01981080", "unix_time": 1620680911.8013036}
INFO:circe.py:runtime_stat:{"task_name": "circe", "event": "new_output_file", "filename": "lccdec7_home_3jobth6#59790593-6#92181973-6#92669951-6#09792602-6#71373079-6#01981080", "unix_time": 1620680911.8240864}
DEBUG:transfer.py:sshpass -p PASSWORD scp -P 5000 -o StrictHostKeyChecking=no /jupiter/circe_output/lccdec7_home_3jobth6#59790593-6#92181973-6#92669951-6#09792602-6#71373079-6#01981080 root@10.99.151.59:/jupiter/circe_input/
INFO:ccdag_utils.py:runtime_stat:{"task_name": "lccdec7", "event": "queue_end_process", "filename": "lccdec7_home_3jobth6#59790593-6#92181973-6#92669951-6#09792602-6#71373079-6#01981080", "unix_time": 1620680911.8297818}
DEBUG:transfer.py:transfer successful!
INFO:circe.py:runtime_stat:{"task_name": "circe", "event": "new_input_file", "filename": "preagg7_lccdec7_4jobthscore7a6#29956080-6#27707468-6#74551662-6#68909809-6#61197496-6#80265724", "unix_time": 1620680968.6218138}
INFO:lccdec.py:lccdec7: file rcvd from preagg7 : preagg7_lccdec7_4jobthscore7a6#29956080-6#27707468-6#74551662-6#68909809-6#61197496-6#80265724
INFO:ccdag_utils.py:runtime_stat:{"task_name": "lccdec7", "event": "queue_start_process", "filename": "preagg7_lccdec7_4jobthscore7a6#29956080-6#27707468-6#74551662-6#68909809-6#61197496-6#80265724", "unix_time": 1620680968.62249}
INFO:circe.py:runtime_stat:{"task_name": "circe", "event": "new_input_file", "filename": "preagg7_lccdec7_4jobthscore7b6#29956080-6#27707468-6#74551662-6#68909809-6#61197496-6#80265724", "unix_time": 1620680968.8833578}
INFO:lccdec.py:lccdec7: file rcvd from preagg7 : preagg7_lccdec7_4jobthscore7b6#29956080-6#27707468-6#74551662-6#68909809-6#61197496-6#80265724
INFO:ccdag_utils.py:runtime_stat:{"task_name": "lccdec7", "event": "queue_start_process", "filename": "preagg7_lccdec7_4jobthscore7b6#29956080-6#27707468-6#74551662-6#68909809-6#61197496-6#80265724", "unix_time": 1620680968.8843806}
INFO:circe.py:runtime_stat:{"task_name": "circe", "event": "new_input_file", "filename": "preagg7_lccdec7_4jobthscore7c6#29956080-6#27707468-6#74551662-6#68909809-6#61197496-6#80265724", "unix_time": 1620680969.1013405}
INFO:lccdec.py:lccdec7: file rcvd from preagg7 : preagg7_lccdec7_4jobthscore7c6#29956080-6#27707468-6#74551662-6#68909809-6#61197496-6#80265724
INFO:ccdag_utils.py:runtime_stat:{"task_name": "lccdec7", "event": "queue_start_process", "filename": "preagg7_lccdec7_4jobthscore7c6#29956080-6#27707468-6#74551662-6#68909809-6#61197496-6#80265724", "unix_time": 1620680969.1021109}
INFO:circe.py:runtime_stat:{"task_name": "circe", "event": "new_output_file", "filename": "lccdec7_home_4jobth6#29956080-6#27707468-6#74551662-6#68909809-6#61197496-6#80265724", "unix_time": 1620680969.1247206}
DEBUG:transfer.py:sshpass -p PASSWORD scp -P 5000 -o StrictHostKeyChecking=no /jupiter/circe_output/lccdec7_home_4jobth6#29956080-6#27707468-6#74551662-6#68909809-6#61197496-6#80265724 root@10.99.151.59:/jupiter/circe_input/
INFO:ccdag_utils.py:runtime_stat:{"task_name": "lccdec7", "event": "queue_end_process", "filename": "lccdec7_home_4jobth6#29956080-6#27707468-6#74551662-6#68909809-6#61197496-6#80265724", "unix_time": 1620680969.1294787}
DEBUG:transfer.py:transfer successful!
INFO:circe.py:runtime_stat:{"task_name": "circe", "event": "new_input_file", "filename": "preagg7_lccdec7_5jobthscore7a6#15886581-6#48080900-6#88835843-6#08785826-6#11172731-6#21133647", "unix_time": 1620680993.8621266}
INFO:lccdec.py:lccdec7: file rcvd from preagg7 : preagg7_lccdec7_5jobthscore7a6#15886581-6#48080900-6#88835843-6#08785826-6#11172731-6#21133647
INFO:ccdag_utils.py:runtime_stat:{"task_name": "lccdec7", "event": "queue_start_process", "filename": "preagg7_lccdec7_5jobthscore7a6#15886581-6#48080900-6#88835843-6#08785826-6#11172731-6#21133647", "unix_time": 1620680993.8630693}
INFO:circe.py:runtime_stat:{"task_name": "circe", "event": "new_input_file", "filename": "preagg7_lccdec7_5jobthscore7b6#15886581-6#48080900-6#88835843-6#08785826-6#11172731-6#21133647", "unix_time": 1620680994.0781918}
INFO:lccdec.py:lccdec7: file rcvd from preagg7 : preagg7_lccdec7_5jobthscore7b6#15886581-6#48080900-6#88835843-6#08785826-6#11172731-6#21133647
INFO:ccdag_utils.py:runtime_stat:{"task_name": "lccdec7", "event": "queue_start_process", "filename": "preagg7_lccdec7_5jobthscore7b6#15886581-6#48080900-6#88835843-6#08785826-6#11172731-6#21133647", "unix_time": 1620680994.0790408}
INFO:circe.py:runtime_stat:{"task_name": "circe", "event": "new_input_file", "filename": "preagg7_lccdec7_5jobthscore7c6#15886581-6#48080900-6#88835843-6#08785826-6#11172731-6#21133647", "unix_time": 1620680994.296788}
INFO:lccdec.py:lccdec7: file rcvd from preagg7 : preagg7_lccdec7_5jobthscore7c6#15886581-6#48080900-6#88835843-6#08785826-6#11172731-6#21133647
INFO:ccdag_utils.py:runtime_stat:{"task_name": "lccdec7", "event": "queue_start_process", "filename": "preagg7_lccdec7_5jobthscore7c6#15886581-6#48080900-6#88835843-6#08785826-6#11172731-6#21133647", "unix_time": 1620680994.2976165}
INFO:circe.py:runtime_stat:{"task_name": "circe", "event": "new_output_file", "filename": "lccdec7_home_5jobth6#15886581-6#48080900-6#88835843-6#08785826-6#11172731-6#21133647", "unix_time": 1620680994.3238926}
DEBUG:transfer.py:sshpass -p PASSWORD scp -P 5000 -o StrictHostKeyChecking=no /jupiter/circe_output/lccdec7_home_5jobth6#15886581-6#48080900-6#88835843-6#08785826-6#11172731-6#21133647 root@10.99.151.59:/jupiter/circe_input/
INFO:ccdag_utils.py:runtime_stat:{"task_name": "lccdec7", "event": "queue_end_process", "filename": "lccdec7_home_5jobth6#15886581-6#48080900-6#88835843-6#08785826-6#11172731-6#21133647", "unix_time": 1620680994.3289273}
DEBUG:transfer.py:transfer successful!
INFO:circe.py:runtime_stat:{"task_name": "circe", "event": "new_input_file", "filename": "preagg7_lccdec7_6jobthscore7a6#49458762-6#21395363-6#15253011-6#95109300-6#91040745-6#68981734", "unix_time": 1620681010.1328986}
INFO:lccdec.py:lccdec7: file rcvd from preagg7 : preagg7_lccdec7_6jobthscore7a6#49458762-6#21395363-6#15253011-6#95109300-6#91040745-6#68981734
INFO:ccdag_utils.py:runtime_stat:{"task_name": "lccdec7", "event": "queue_start_process", "filename": "preagg7_lccdec7_6jobthscore7a6#49458762-6#21395363-6#15253011-6#95109300-6#91040745-6#68981734", "unix_time": 1620681010.1339774}
INFO:circe.py:runtime_stat:{"task_name": "circe", "event": "new_input_file", "filename": "preagg7_lccdec7_6jobthscore7b6#49458762-6#21395363-6#15253011-6#95109300-6#91040745-6#68981734", "unix_time": 1620681010.3388355}
INFO:lccdec.py:lccdec7: file rcvd from preagg7 : preagg7_lccdec7_6jobthscore7b6#49458762-6#21395363-6#15253011-6#95109300-6#91040745-6#68981734
INFO:ccdag_utils.py:runtime_stat:{"task_name": "lccdec7", "event": "queue_start_process", "filename": "preagg7_lccdec7_6jobthscore7b6#49458762-6#21395363-6#15253011-6#95109300-6#91040745-6#68981734", "unix_time": 1620681010.3396027}
INFO:circe.py:runtime_stat:{"task_name": "circe", "event": "new_input_file", "filename": "preagg7_lccdec7_6jobthscore7c6#49458762-6#21395363-6#15253011-6#95109300-6#91040745-6#68981734", "unix_time": 1620681010.5506284}
INFO:lccdec.py:lccdec7: file rcvd from preagg7 : preagg7_lccdec7_6jobthscore7c6#49458762-6#21395363-6#15253011-6#95109300-6#91040745-6#68981734
INFO:ccdag_utils.py:runtime_stat:{"task_name": "lccdec7", "event": "queue_start_process", "filename": "preagg7_lccdec7_6jobthscore7c6#49458762-6#21395363-6#15253011-6#95109300-6#91040745-6#68981734", "unix_time": 1620681010.5521567}
INFO:circe.py:runtime_stat:{"task_name": "circe", "event": "new_output_file", "filename": "lccdec7_home_6jobth6#49458762-6#21395363-6#15253011-6#95109300-6#91040745-6#68981734", "unix_time": 1620681010.5805984}
DEBUG:transfer.py:sshpass -p PASSWORD scp -P 5000 -o StrictHostKeyChecking=no /jupiter/circe_output/lccdec7_home_6jobth6#49458762-6#21395363-6#15253011-6#95109300-6#91040745-6#68981734 root@10.99.151.59:/jupiter/circe_input/
INFO:ccdag_utils.py:runtime_stat:{"task_name": "lccdec7", "event": "queue_end_process", "filename": "lccdec7_home_6jobth6#49458762-6#21395363-6#15253011-6#95109300-6#91040745-6#68981734", "unix_time": 1620681010.5847375}
DEBUG:transfer.py:transfer successful!
