 * Starting OpenBSD Secure Shell server sshd
   ...done.
INFO:circe.py:Using base script storeclass.py
DEBUG:circe.py:starting the input monitoring process
DEBUG:circe.py:starting the output monitoring process
INFO:circe.py:runtime_stat:{"task_name": "circe", "event": "new_input_file", "filename": "resnet6_storeclass1_11830056imgfireenginejobid0.JPEG", "unix_time": 1620680726.9587412}
INFO:ccdag_utils.py:runtime_stat:{"task_name": "storeclass1", "event": "queue_start_process", "filename": "resnet6_storeclass1_11830056imgfireenginejobid0.JPEG", "unix_time": 1620680726.9878132}
INFO:circe.py:runtime_stat:{"task_name": "circe", "event": "new_output_file", "filename": "storeclass1_lccenc1_11830056imgfireenginejobid0.JPEG", "unix_time": 1620680726.9977236}
DEBUG:transfer.py:sshpass -p PASSWORD scp -P 5000 -o StrictHostKeyChecking=no /jupiter/circe_output/storeclass1_lccenc1_11830056imgfireenginejobid0.JPEG root@10.96.100.182:/jupiter/circe_input/
INFO:ccdag_utils.py:runtime_stat:{"task_name": "storeclass1", "event": "queue_end_process", "filename": "storeclass1_lccenc1_11830056imgfireenginejobid0.JPEG", "unix_time": 1620680727.0056021}
Warning: Permanently added '[10.96.100.182]:5000' (ECDSA) to the list of known hosts.
DEBUG:transfer.py:transfer successful!
INFO:circe.py:runtime_stat:{"task_name": "circe", "event": "new_input_file", "filename": "resnet5_storeclass1_28240947imgfireenginejobid0.JPEG", "unix_time": 1620680727.3609123}
INFO:ccdag_utils.py:runtime_stat:{"task_name": "storeclass1", "event": "queue_start_process", "filename": "resnet5_storeclass1_28240947imgfireenginejobid0.JPEG", "unix_time": 1620680728.0077705}
INFO:ccdag_utils.py:runtime_stat:{"task_name": "storeclass1", "event": "queue_end_process", "filename": "storeclass1_lccenc1_28240947imgfireenginejobid0.JPEG", "unix_time": 1620680728.0122898}
INFO:circe.py:runtime_stat:{"task_name": "circe", "event": "new_output_file", "filename": "storeclass1_lccenc1_28240947imgfireenginejobid0.JPEG", "unix_time": 1620680728.0134382}
DEBUG:transfer.py:sshpass -p PASSWORD scp -P 5000 -o StrictHostKeyChecking=no /jupiter/circe_output/storeclass1_lccenc1_28240947imgfireenginejobid0.JPEG root@10.96.100.182:/jupiter/circe_input/
DEBUG:transfer.py:transfer successful!
INFO:circe.py:runtime_stat:{"task_name": "circe", "event": "new_input_file", "filename": "resnet4_storeclass1_64509942imgfireenginejobid0.JPEG", "unix_time": 1620680729.367367}
INFO:circe.py:runtime_stat:{"task_name": "circe", "event": "new_input_file", "filename": "resnet7_storeclass1_66905017imgfireenginejobid0.JPEG", "unix_time": 1620680729.9305506}
INFO:ccdag_utils.py:runtime_stat:{"task_name": "storeclass1", "event": "queue_start_process", "filename": "resnet4_storeclass1_64509942imgfireenginejobid0.JPEG", "unix_time": 1620680730.015792}
INFO:ccdag_utils.py:runtime_stat:{"task_name": "storeclass1", "event": "queue_end_process", "filename": "storeclass1_lccenc1_64509942imgfireenginejobid0.JPEG", "unix_time": 1620680730.0228648}
INFO:ccdag_utils.py:runtime_stat:{"task_name": "storeclass1", "event": "queue_start_process", "filename": "resnet7_storeclass1_66905017imgfireenginejobid0.JPEG", "unix_time": 1620680730.0232525}
INFO:circe.py:runtime_stat:{"task_name": "circe", "event": "new_output_file", "filename": "storeclass1_lccenc1_64509942imgfireenginejobid0.JPEG", "unix_time": 1620680730.02424}
DEBUG:transfer.py:sshpass -p PASSWORD scp -P 5000 -o StrictHostKeyChecking=no /jupiter/circe_output/storeclass1_lccenc1_64509942imgfireenginejobid0.JPEG root@10.96.100.182:/jupiter/circe_input/
INFO:ccdag_utils.py:runtime_stat:{"task_name": "storeclass1", "event": "queue_end_process", "filename": "storeclass1_lccenc1_66905017imgfireenginejobid0.JPEG", "unix_time": 1620680730.0295248}
DEBUG:transfer.py:transfer successful!
INFO:circe.py:runtime_stat:{"task_name": "circe", "event": "new_output_file", "filename": "storeclass1_lccenc1_66905017imgfireenginejobid0.JPEG", "unix_time": 1620680730.2509537}
DEBUG:transfer.py:sshpass -p PASSWORD scp -P 5000 -o StrictHostKeyChecking=no /jupiter/circe_output/storeclass1_lccenc1_66905017imgfireenginejobid0.JPEG root@10.96.100.182:/jupiter/circe_input/
DEBUG:transfer.py:transfer successful!
INFO:circe.py:runtime_stat:{"task_name": "circe", "event": "new_input_file", "filename": "resnet1_storeclass1_89359135imgfireenginejobid1.JPEG", "unix_time": 1620680742.593209}
INFO:circe.py:runtime_stat:{"task_name": "circe", "event": "new_input_file", "filename": "resnet3_storeclass1_46226264imgfireenginejobid1.JPEG", "unix_time": 1620680742.6264021}
INFO:ccdag_utils.py:runtime_stat:{"task_name": "storeclass1", "event": "queue_start_process", "filename": "resnet1_storeclass1_89359135imgfireenginejobid1.JPEG", "unix_time": 1620680743.043764}
INFO:ccdag_utils.py:runtime_stat:{"task_name": "storeclass1", "event": "queue_end_process", "filename": "storeclass1_lccenc1_89359135imgfireenginejobid1.JPEG", "unix_time": 1620680743.0452194}
INFO:ccdag_utils.py:runtime_stat:{"task_name": "storeclass1", "event": "queue_start_process", "filename": "resnet3_storeclass1_46226264imgfireenginejobid1.JPEG", "unix_time": 1620680743.0455205}
INFO:circe.py:runtime_stat:{"task_name": "circe", "event": "new_output_file", "filename": "storeclass1_lccenc1_89359135imgfireenginejobid1.JPEG", "unix_time": 1620680743.0472262}
DEBUG:transfer.py:sshpass -p PASSWORD scp -P 5000 -o StrictHostKeyChecking=no /jupiter/circe_output/storeclass1_lccenc1_89359135imgfireenginejobid1.JPEG root@10.96.100.182:/jupiter/circe_input/
INFO:ccdag_utils.py:runtime_stat:{"task_name": "storeclass1", "event": "queue_end_process", "filename": "storeclass1_lccenc1_46226264imgfireenginejobid1.JPEG", "unix_time": 1620680743.05334}
DEBUG:transfer.py:transfer successful!
INFO:circe.py:runtime_stat:{"task_name": "circe", "event": "new_output_file", "filename": "storeclass1_lccenc1_46226264imgfireenginejobid1.JPEG", "unix_time": 1620680743.2744713}
DEBUG:transfer.py:sshpass -p PASSWORD scp -P 5000 -o StrictHostKeyChecking=no /jupiter/circe_output/storeclass1_lccenc1_46226264imgfireenginejobid1.JPEG root@10.96.100.182:/jupiter/circe_input/
INFO:circe.py:runtime_stat:{"task_name": "circe", "event": "new_input_file", "filename": "resnet2_storeclass1_88587295imgfireenginejobid1.JPEG", "unix_time": 1620680743.3919332}
DEBUG:transfer.py:transfer successful!
INFO:ccdag_utils.py:runtime_stat:{"task_name": "storeclass1", "event": "queue_start_process", "filename": "resnet2_storeclass1_88587295imgfireenginejobid1.JPEG", "unix_time": 1620680744.0552714}
INFO:ccdag_utils.py:runtime_stat:{"task_name": "storeclass1", "event": "queue_end_process", "filename": "storeclass1_lccenc1_88587295imgfireenginejobid1.JPEG", "unix_time": 1620680744.060919}
INFO:circe.py:runtime_stat:{"task_name": "circe", "event": "new_output_file", "filename": "storeclass1_lccenc1_88587295imgfireenginejobid1.JPEG", "unix_time": 1620680744.0617585}
DEBUG:transfer.py:sshpass -p PASSWORD scp -P 5000 -o StrictHostKeyChecking=no /jupiter/circe_output/storeclass1_lccenc1_88587295imgfireenginejobid1.JPEG root@10.96.100.182:/jupiter/circe_input/
DEBUG:transfer.py:transfer successful!
INFO:circe.py:runtime_stat:{"task_name": "circe", "event": "new_input_file", "filename": "resnet4_storeclass1_15548885imgfireenginejobid1.JPEG", "unix_time": 1620680744.7987413}
INFO:ccdag_utils.py:runtime_stat:{"task_name": "storeclass1", "event": "queue_start_process", "filename": "resnet4_storeclass1_15548885imgfireenginejobid1.JPEG", "unix_time": 1620680745.0624533}
INFO:circe.py:runtime_stat:{"task_name": "circe", "event": "new_output_file", "filename": "storeclass1_lccenc1_15548885imgfireenginejobid1.JPEG", "unix_time": 1620680745.068516}
INFO:ccdag_utils.py:runtime_stat:{"task_name": "storeclass1", "event": "queue_end_process", "filename": "storeclass1_lccenc1_15548885imgfireenginejobid1.JPEG", "unix_time": 1620680745.068754}
DEBUG:transfer.py:sshpass -p PASSWORD scp -P 5000 -o StrictHostKeyChecking=no /jupiter/circe_output/storeclass1_lccenc1_15548885imgfireenginejobid1.JPEG root@10.96.100.182:/jupiter/circe_input/
DEBUG:transfer.py:transfer successful!
INFO:circe.py:runtime_stat:{"task_name": "circe", "event": "new_input_file", "filename": "resnet2_storeclass1_84955091imgfireenginejobid2.JPEG", "unix_time": 1620680767.8760269}
INFO:ccdag_utils.py:runtime_stat:{"task_name": "storeclass1", "event": "queue_start_process", "filename": "resnet2_storeclass1_84955091imgfireenginejobid2.JPEG", "unix_time": 1620680768.0947995}
INFO:ccdag_utils.py:runtime_stat:{"task_name": "storeclass1", "event": "queue_end_process", "filename": "storeclass1_lccenc1_84955091imgfireenginejobid2.JPEG", "unix_time": 1620680768.103532}
INFO:circe.py:runtime_stat:{"task_name": "circe", "event": "new_output_file", "filename": "storeclass1_lccenc1_84955091imgfireenginejobid2.JPEG", "unix_time": 1620680768.1041229}
DEBUG:transfer.py:sshpass -p PASSWORD scp -P 5000 -o StrictHostKeyChecking=no /jupiter/circe_output/storeclass1_lccenc1_84955091imgfireenginejobid2.JPEG root@10.96.100.182:/jupiter/circe_input/
INFO:circe.py:runtime_stat:{"task_name": "circe", "event": "new_input_file", "filename": "resnet3_storeclass1_77918713imgfireenginejobid2.JPEG", "unix_time": 1620680768.1092029}
DEBUG:transfer.py:transfer successful!
INFO:ccdag_utils.py:runtime_stat:{"task_name": "storeclass1", "event": "queue_start_process", "filename": "resnet3_storeclass1_77918713imgfireenginejobid2.JPEG", "unix_time": 1620680769.1050224}
INFO:ccdag_utils.py:runtime_stat:{"task_name": "storeclass1", "event": "queue_end_process", "filename": "storeclass1_lccenc1_77918713imgfireenginejobid2.JPEG", "unix_time": 1620680769.1116068}
INFO:circe.py:runtime_stat:{"task_name": "circe", "event": "new_output_file", "filename": "storeclass1_lccenc1_77918713imgfireenginejobid2.JPEG", "unix_time": 1620680769.113233}
DEBUG:transfer.py:sshpass -p PASSWORD scp -P 5000 -o StrictHostKeyChecking=no /jupiter/circe_output/storeclass1_lccenc1_77918713imgfireenginejobid2.JPEG root@10.96.100.182:/jupiter/circe_input/
DEBUG:transfer.py:transfer successful!
INFO:circe.py:runtime_stat:{"task_name": "circe", "event": "new_input_file", "filename": "resnet7_storeclass1_49831129imgfireenginejobid4.JPEG", "unix_time": 1620680807.0838027}
INFO:ccdag_utils.py:runtime_stat:{"task_name": "storeclass1", "event": "queue_start_process", "filename": "resnet7_storeclass1_49831129imgfireenginejobid4.JPEG", "unix_time": 1620680807.159033}
INFO:ccdag_utils.py:runtime_stat:{"task_name": "storeclass1", "event": "queue_end_process", "filename": "storeclass1_lccenc1_49831129imgfireenginejobid4.JPEG", "unix_time": 1620680807.1677809}
INFO:circe.py:runtime_stat:{"task_name": "circe", "event": "new_output_file", "filename": "storeclass1_lccenc1_49831129imgfireenginejobid4.JPEG", "unix_time": 1620680807.1692908}
DEBUG:transfer.py:sshpass -p PASSWORD scp -P 5000 -o StrictHostKeyChecking=no /jupiter/circe_output/storeclass1_lccenc1_49831129imgfireenginejobid4.JPEG root@10.96.100.182:/jupiter/circe_input/
DEBUG:transfer.py:transfer successful!
INFO:circe.py:runtime_stat:{"task_name": "circe", "event": "new_input_file", "filename": "resnet2_storeclass1_37849107imgfireenginejobid5.JPEG", "unix_time": 1620680812.90237}
INFO:ccdag_utils.py:runtime_stat:{"task_name": "storeclass1", "event": "queue_start_process", "filename": "resnet2_storeclass1_37849107imgfireenginejobid5.JPEG", "unix_time": 1620680813.1745834}
INFO:circe.py:runtime_stat:{"task_name": "circe", "event": "new_output_file", "filename": "storeclass1_lccenc1_37849107imgfireenginejobid5.JPEG", "unix_time": 1620680813.185885}
DEBUG:transfer.py:sshpass -p PASSWORD scp -P 5000 -o StrictHostKeyChecking=no /jupiter/circe_output/storeclass1_lccenc1_37849107imgfireenginejobid5.JPEG root@10.96.100.182:/jupiter/circe_input/
INFO:ccdag_utils.py:runtime_stat:{"task_name": "storeclass1", "event": "queue_end_process", "filename": "storeclass1_lccenc1_37849107imgfireenginejobid5.JPEG", "unix_time": 1620680813.1866624}
DEBUG:transfer.py:transfer successful!
INFO:circe.py:runtime_stat:{"task_name": "circe", "event": "new_input_file", "filename": "resnet5_storeclass1_56423391imgfireenginejobid5.JPEG", "unix_time": 1620680815.9853067}
INFO:ccdag_utils.py:runtime_stat:{"task_name": "storeclass1", "event": "queue_start_process", "filename": "resnet5_storeclass1_56423391imgfireenginejobid5.JPEG", "unix_time": 1620680816.1942835}
INFO:ccdag_utils.py:runtime_stat:{"task_name": "storeclass1", "event": "queue_end_process", "filename": "storeclass1_lccenc1_56423391imgfireenginejobid5.JPEG", "unix_time": 1620680816.1995387}
INFO:circe.py:runtime_stat:{"task_name": "circe", "event": "new_output_file", "filename": "storeclass1_lccenc1_56423391imgfireenginejobid5.JPEG", "unix_time": 1620680816.2004473}
DEBUG:transfer.py:sshpass -p PASSWORD scp -P 5000 -o StrictHostKeyChecking=no /jupiter/circe_output/storeclass1_lccenc1_56423391imgfireenginejobid5.JPEG root@10.96.100.182:/jupiter/circe_input/
DEBUG:transfer.py:transfer successful!
INFO:circe.py:runtime_stat:{"task_name": "circe", "event": "new_input_file", "filename": "resnet1_storeclass1_23815479imgfireenginejobid6.JPEG", "unix_time": 1620680826.178041}
INFO:ccdag_utils.py:runtime_stat:{"task_name": "storeclass1", "event": "queue_start_process", "filename": "resnet1_storeclass1_23815479imgfireenginejobid6.JPEG", "unix_time": 1620680826.2104957}
INFO:circe.py:runtime_stat:{"task_name": "circe", "event": "new_output_file", "filename": "storeclass1_lccenc1_23815479imgfireenginejobid6.JPEG", "unix_time": 1620680826.220299}
DEBUG:transfer.py:sshpass -p PASSWORD scp -P 5000 -o StrictHostKeyChecking=no /jupiter/circe_output/storeclass1_lccenc1_23815479imgfireenginejobid6.JPEG root@10.96.100.182:/jupiter/circe_input/
INFO:ccdag_utils.py:runtime_stat:{"task_name": "storeclass1", "event": "queue_end_process", "filename": "storeclass1_lccenc1_23815479imgfireenginejobid6.JPEG", "unix_time": 1620680826.2215033}
DEBUG:transfer.py:transfer successful!
INFO:circe.py:runtime_stat:{"task_name": "circe", "event": "new_input_file", "filename": "resnet0_storeclass1_23326384imgfireenginejobid6.JPEG", "unix_time": 1620680829.3151777}
INFO:circe.py:runtime_stat:{"task_name": "circe", "event": "new_input_file", "filename": "resnet8_storeclass1_99856177imgfireenginejobid6.JPEG", "unix_time": 1620680829.4754975}
INFO:circe.py:runtime_stat:{"task_name": "circe", "event": "new_input_file", "filename": "resnet5_storeclass1_21369023imgfireenginejobid6.JPEG", "unix_time": 1620680829.5368042}
INFO:ccdag_utils.py:runtime_stat:{"task_name": "storeclass1", "event": "queue_start_process", "filename": "resnet0_storeclass1_23326384imgfireenginejobid6.JPEG", "unix_time": 1620680830.2300253}
INFO:ccdag_utils.py:runtime_stat:{"task_name": "storeclass1", "event": "queue_end_process", "filename": "storeclass1_lccenc1_23326384imgfireenginejobid6.JPEG", "unix_time": 1620680830.23157}
INFO:ccdag_utils.py:runtime_stat:{"task_name": "storeclass1", "event": "queue_start_process", "filename": "resnet8_storeclass1_99856177imgfireenginejobid6.JPEG", "unix_time": 1620680830.2330856}
INFO:circe.py:runtime_stat:{"task_name": "circe", "event": "new_output_file", "filename": "storeclass1_lccenc1_23326384imgfireenginejobid6.JPEG", "unix_time": 1620680830.2328298}
DEBUG:transfer.py:sshpass -p PASSWORD scp -P 5000 -o StrictHostKeyChecking=no /jupiter/circe_output/storeclass1_lccenc1_23326384imgfireenginejobid6.JPEG root@10.96.100.182:/jupiter/circe_input/
INFO:ccdag_utils.py:runtime_stat:{"task_name": "storeclass1", "event": "queue_end_process", "filename": "storeclass1_lccenc1_99856177imgfireenginejobid6.JPEG", "unix_time": 1620680830.2422128}
INFO:ccdag_utils.py:runtime_stat:{"task_name": "storeclass1", "event": "queue_start_process", "filename": "resnet5_storeclass1_21369023imgfireenginejobid6.JPEG", "unix_time": 1620680830.2435422}
INFO:ccdag_utils.py:runtime_stat:{"task_name": "storeclass1", "event": "queue_end_process", "filename": "storeclass1_lccenc1_21369023imgfireenginejobid6.JPEG", "unix_time": 1620680830.24496}
DEBUG:transfer.py:transfer successful!
INFO:circe.py:runtime_stat:{"task_name": "circe", "event": "new_output_file", "filename": "storeclass1_lccenc1_99856177imgfireenginejobid6.JPEG", "unix_time": 1620680830.4602852}
DEBUG:transfer.py:sshpass -p PASSWORD scp -P 5000 -o StrictHostKeyChecking=no /jupiter/circe_output/storeclass1_lccenc1_99856177imgfireenginejobid6.JPEG root@10.96.100.182:/jupiter/circe_input/
DEBUG:transfer.py:transfer successful!
INFO:circe.py:runtime_stat:{"task_name": "circe", "event": "new_output_file", "filename": "storeclass1_lccenc1_21369023imgfireenginejobid6.JPEG", "unix_time": 1620680830.7051835}
DEBUG:transfer.py:sshpass -p PASSWORD scp -P 5000 -o StrictHostKeyChecking=no /jupiter/circe_output/storeclass1_lccenc1_21369023imgfireenginejobid6.JPEG root@10.96.100.182:/jupiter/circe_input/
DEBUG:transfer.py:transfer successful!
INFO:circe.py:runtime_stat:{"task_name": "circe", "event": "new_input_file", "filename": "resnet3_storeclass1_94734559imgfireenginejobid7.JPEG", "unix_time": 1620680843.392335}
INFO:ccdag_utils.py:runtime_stat:{"task_name": "storeclass1", "event": "queue_start_process", "filename": "resnet3_storeclass1_94734559imgfireenginejobid7.JPEG", "unix_time": 1620680844.2630873}
INFO:ccdag_utils.py:runtime_stat:{"task_name": "storeclass1", "event": "queue_end_process", "filename": "storeclass1_lccenc1_94734559imgfireenginejobid7.JPEG", "unix_time": 1620680844.2645712}
INFO:circe.py:runtime_stat:{"task_name": "circe", "event": "new_output_file", "filename": "storeclass1_lccenc1_94734559imgfireenginejobid7.JPEG", "unix_time": 1620680844.265699}
DEBUG:transfer.py:sshpass -p PASSWORD scp -P 5000 -o StrictHostKeyChecking=no /jupiter/circe_output/storeclass1_lccenc1_94734559imgfireenginejobid7.JPEG root@10.96.100.182:/jupiter/circe_input/
DEBUG:transfer.py:transfer successful!
INFO:circe.py:runtime_stat:{"task_name": "circe", "event": "new_input_file", "filename": "resnet3_storeclass1_00776572imgfireenginejobid8.JPEG", "unix_time": 1620680857.391971}
INFO:ccdag_utils.py:runtime_stat:{"task_name": "storeclass1", "event": "queue_start_process", "filename": "resnet3_storeclass1_00776572imgfireenginejobid8.JPEG", "unix_time": 1620680858.2832863}
INFO:ccdag_utils.py:runtime_stat:{"task_name": "storeclass1", "event": "queue_end_process", "filename": "storeclass1_lccenc1_00776572imgfireenginejobid8.JPEG", "unix_time": 1620680858.288216}
INFO:circe.py:runtime_stat:{"task_name": "circe", "event": "new_output_file", "filename": "storeclass1_lccenc1_00776572imgfireenginejobid8.JPEG", "unix_time": 1620680858.2893834}
DEBUG:transfer.py:sshpass -p PASSWORD scp -P 5000 -o StrictHostKeyChecking=no /jupiter/circe_output/storeclass1_lccenc1_00776572imgfireenginejobid8.JPEG root@10.96.100.182:/jupiter/circe_input/
DEBUG:transfer.py:transfer successful!
INFO:circe.py:runtime_stat:{"task_name": "circe", "event": "new_input_file", "filename": "resnet1_storeclass1_18012890imgfireenginejobid9.JPEG", "unix_time": 1620680867.8072267}
INFO:ccdag_utils.py:runtime_stat:{"task_name": "storeclass1", "event": "queue_start_process", "filename": "resnet1_storeclass1_18012890imgfireenginejobid9.JPEG", "unix_time": 1620680868.3008533}
INFO:circe.py:runtime_stat:{"task_name": "circe", "event": "new_output_file", "filename": "storeclass1_lccenc1_18012890imgfireenginejobid9.JPEG", "unix_time": 1620680868.30802}
DEBUG:transfer.py:sshpass -p PASSWORD scp -P 5000 -o StrictHostKeyChecking=no /jupiter/circe_output/storeclass1_lccenc1_18012890imgfireenginejobid9.JPEG root@10.96.100.182:/jupiter/circe_input/
INFO:ccdag_utils.py:runtime_stat:{"task_name": "storeclass1", "event": "queue_end_process", "filename": "storeclass1_lccenc1_18012890imgfireenginejobid9.JPEG", "unix_time": 1620680868.3085406}
DEBUG:transfer.py:transfer successful!
INFO:circe.py:runtime_stat:{"task_name": "circe", "event": "new_input_file", "filename": "resnet6_storeclass1_54843961imgschoolbusjobid22.JPEG", "unix_time": 1620681038.7081707}
INFO:ccdag_utils.py:runtime_stat:{"task_name": "storeclass1", "event": "queue_start_process", "filename": "resnet6_storeclass1_54843961imgschoolbusjobid22.JPEG", "unix_time": 1620681039.5164464}
INFO:ccdag_utils.py:runtime_stat:{"task_name": "storeclass1", "event": "queue_end_process", "filename": "storeclass1_lccenc1_54843961imgschoolbusjobid22.JPEG", "unix_time": 1620681039.5223353}
INFO:circe.py:runtime_stat:{"task_name": "circe", "event": "new_output_file", "filename": "storeclass1_lccenc1_54843961imgschoolbusjobid22.JPEG", "unix_time": 1620681039.5234654}
DEBUG:transfer.py:sshpass -p PASSWORD scp -P 5000 -o StrictHostKeyChecking=no /jupiter/circe_output/storeclass1_lccenc1_54843961imgschoolbusjobid22.JPEG root@10.96.100.182:/jupiter/circe_input/
DEBUG:transfer.py:transfer successful!
INFO:circe.py:runtime_stat:{"task_name": "circe", "event": "new_input_file", "filename": "resnet7_storeclass1_45063545imgschoolbusjobid22.JPEG", "unix_time": 1620681087.8400416}
INFO:ccdag_utils.py:runtime_stat:{"task_name": "storeclass1", "event": "queue_start_process", "filename": "resnet7_storeclass1_45063545imgschoolbusjobid22.JPEG", "unix_time": 1620681088.5868506}
INFO:ccdag_utils.py:runtime_stat:{"task_name": "storeclass1", "event": "queue_end_process", "filename": "storeclass1_lccenc1_45063545imgschoolbusjobid22.JPEG", "unix_time": 1620681088.593133}
INFO:circe.py:runtime_stat:{"task_name": "circe", "event": "new_output_file", "filename": "storeclass1_lccenc1_45063545imgschoolbusjobid22.JPEG", "unix_time": 1620681088.5944762}
DEBUG:transfer.py:sshpass -p PASSWORD scp -P 5000 -o StrictHostKeyChecking=no /jupiter/circe_output/storeclass1_lccenc1_45063545imgschoolbusjobid22.JPEG root@10.96.100.182:/jupiter/circe_input/
DEBUG:transfer.py:transfer successful!
INFO:circe.py:runtime_stat:{"task_name": "circe", "event": "new_input_file", "filename": "resnet5_storeclass1_59058880imgschoolbusjobid30.JPEG", "unix_time": 1620681158.3555195}
INFO:ccdag_utils.py:runtime_stat:{"task_name": "storeclass1", "event": "queue_start_process", "filename": "resnet5_storeclass1_59058880imgschoolbusjobid30.JPEG", "unix_time": 1620681158.6784363}
INFO:ccdag_utils.py:runtime_stat:{"task_name": "storeclass1", "event": "queue_end_process", "filename": "storeclass1_lccenc1_59058880imgschoolbusjobid30.JPEG", "unix_time": 1620681158.6850767}
INFO:circe.py:runtime_stat:{"task_name": "circe", "event": "new_output_file", "filename": "storeclass1_lccenc1_59058880imgschoolbusjobid30.JPEG", "unix_time": 1620681158.6856687}
DEBUG:transfer.py:sshpass -p PASSWORD scp -P 5000 -o StrictHostKeyChecking=no /jupiter/circe_output/storeclass1_lccenc1_59058880imgschoolbusjobid30.JPEG root@10.96.100.182:/jupiter/circe_input/
DEBUG:transfer.py:transfer successful!
INFO:circe.py:runtime_stat:{"task_name": "circe", "event": "new_input_file", "filename": "resnet3_storeclass1_75370577imgschoolbusjobid31.JPEG", "unix_time": 1620681171.5242252}
INFO:ccdag_utils.py:runtime_stat:{"task_name": "storeclass1", "event": "queue_start_process", "filename": "resnet3_storeclass1_75370577imgschoolbusjobid31.JPEG", "unix_time": 1620681171.6997797}
INFO:ccdag_utils.py:runtime_stat:{"task_name": "storeclass1", "event": "queue_end_process", "filename": "storeclass1_lccenc1_75370577imgschoolbusjobid31.JPEG", "unix_time": 1620681171.7076714}
INFO:circe.py:runtime_stat:{"task_name": "circe", "event": "new_output_file", "filename": "storeclass1_lccenc1_75370577imgschoolbusjobid31.JPEG", "unix_time": 1620681171.7091212}
DEBUG:transfer.py:sshpass -p PASSWORD scp -P 5000 -o StrictHostKeyChecking=no /jupiter/circe_output/storeclass1_lccenc1_75370577imgschoolbusjobid31.JPEG root@10.96.100.182:/jupiter/circe_input/
DEBUG:transfer.py:transfer successful!
