 * Starting OpenBSD Secure Shell server sshd
   ...done.
INFO:circe.py:Using base script preagg.py
DEBUG:circe.py:starting the input monitoring process
DEBUG:circe.py:starting the output monitoring process
2
INFO:circe.py:runtime_stat:{"task_name": "circe", "event": "new_input_file", "filename": "score2b_preagg2_1jobth1#54138838-1#81138668-1#71548267-1#22848275-1#48499038-1#87569685", "unix_time": 1620681084.5286617}
INFO:ccdag_utils.py:runtime_stat:{"task_name": "preagg2", "event": "queue_start_process", "filename": "score2b_preagg2_1jobth1#54138838-1#81138668-1#71548267-1#22848275-1#48499038-1#87569685", "unix_time": 1620681085.1458595}
INFO:circe.py:runtime_stat:{"task_name": "circe", "event": "new_input_file", "filename": "score2c_preagg2_1jobth1#54138838-1#81138668-1#71548267-1#22848275-1#48499038-1#87569685", "unix_time": 1620681085.3436253}
INFO:ccdag_utils.py:runtime_stat:{"task_name": "preagg2", "event": "queue_start_process", "filename": "score2c_preagg2_1jobth1#54138838-1#81138668-1#71548267-1#22848275-1#48499038-1#87569685", "unix_time": 1620681086.2161782}
INFO:circe.py:runtime_stat:{"task_name": "circe", "event": "new_input_file", "filename": "score2a_preagg2_1jobth1#54138838-1#81138668-1#71548267-1#22848275-1#48499038-1#87569685", "unix_time": 1620681092.7790074}
INFO:ccdag_utils.py:runtime_stat:{"task_name": "preagg2", "event": "queue_start_process", "filename": "score2a_preagg2_1jobth1#54138838-1#81138668-1#71548267-1#22848275-1#48499038-1#87569685", "unix_time": 1620681093.283965}
preagg2_lccdec2_1jobthscore2a1#54138838-1#81138668-1#71548267-1#22848275-1#48499038-1#87569685
INFO:circe.py:runtime_stat:{"task_name": "circe", "event": "new_output_file", "filename": "preagg2_lccdec2_1jobthscore2a1#54138838-1#81138668-1#71548267-1#22848275-1#48499038-1#87569685", "unix_time": 1620681093.3468754}
DEBUG:transfer.py:sshpass -p PASSWORD scp -P 5000 -o StrictHostKeyChecking=no /jupiter/circe_output/preagg2_lccdec2_1jobthscore2a1#54138838-1#81138668-1#71548267-1#22848275-1#48499038-1#87569685 root@10.101.11.87:/jupiter/circe_input/
INFO:ccdag_utils.py:runtime_stat:{"task_name": "preagg2", "event": "queue_end_process", "filename": "preagg2_lccdec2_1jobthscore2a1#54138838-1#81138668-1#71548267-1#22848275-1#48499038-1#87569685", "unix_time": 1620681093.3482094}
preagg2_lccdec2_1jobthscore2b1#54138838-1#81138668-1#71548267-1#22848275-1#48499038-1#87569685
INFO:ccdag_utils.py:runtime_stat:{"task_name": "preagg2", "event": "queue_end_process", "filename": "preagg2_lccdec2_1jobthscore2b1#54138838-1#81138668-1#71548267-1#22848275-1#48499038-1#87569685", "unix_time": 1620681093.3591025}
preagg2_lccdec2_1jobthscore2c1#54138838-1#81138668-1#71548267-1#22848275-1#48499038-1#87569685
INFO:ccdag_utils.py:runtime_stat:{"task_name": "preagg2", "event": "queue_end_process", "filename": "preagg2_lccdec2_1jobthscore2c1#54138838-1#81138668-1#71548267-1#22848275-1#48499038-1#87569685", "unix_time": 1620681093.364058}
Warning: Permanently added '[10.101.11.87]:5000' (ECDSA) to the list of known hosts.
DEBUG:transfer.py:transfer successful!
INFO:circe.py:runtime_stat:{"task_name": "circe", "event": "new_output_file", "filename": "preagg2_lccdec2_1jobthscore2b1#54138838-1#81138668-1#71548267-1#22848275-1#48499038-1#87569685", "unix_time": 1620681093.5804474}
DEBUG:transfer.py:sshpass -p PASSWORD scp -P 5000 -o StrictHostKeyChecking=no /jupiter/circe_output/preagg2_lccdec2_1jobthscore2b1#54138838-1#81138668-1#71548267-1#22848275-1#48499038-1#87569685 root@10.101.11.87:/jupiter/circe_input/
DEBUG:transfer.py:transfer successful!
INFO:circe.py:runtime_stat:{"task_name": "circe", "event": "new_output_file", "filename": "preagg2_lccdec2_1jobthscore2c1#54138838-1#81138668-1#71548267-1#22848275-1#48499038-1#87569685", "unix_time": 1620681093.802121}
DEBUG:transfer.py:sshpass -p PASSWORD scp -P 5000 -o StrictHostKeyChecking=no /jupiter/circe_output/preagg2_lccdec2_1jobthscore2c1#54138838-1#81138668-1#71548267-1#22848275-1#48499038-1#87569685 root@10.101.11.87:/jupiter/circe_input/
DEBUG:transfer.py:transfer successful!
INFO:circe.py:runtime_stat:{"task_name": "circe", "event": "new_input_file", "filename": "score2b_preagg2_2jobth1#07710851-1#65900738-1#76280150-1#31176095-1#57163871-1#58170979", "unix_time": 1620681122.7529497}
INFO:ccdag_utils.py:runtime_stat:{"task_name": "preagg2", "event": "queue_start_process", "filename": "score2b_preagg2_2jobth1#07710851-1#65900738-1#76280150-1#31176095-1#57163871-1#58170979", "unix_time": 1620681123.3970013}
INFO:circe.py:runtime_stat:{"task_name": "circe", "event": "new_input_file", "filename": "score2c_preagg2_2jobth1#07710851-1#65900738-1#76280150-1#31176095-1#57163871-1#58170979", "unix_time": 1620681123.971335}
INFO:ccdag_utils.py:runtime_stat:{"task_name": "preagg2", "event": "queue_start_process", "filename": "score2c_preagg2_2jobth1#07710851-1#65900738-1#76280150-1#31176095-1#57163871-1#58170979", "unix_time": 1620681124.4655435}
INFO:circe.py:runtime_stat:{"task_name": "circe", "event": "new_input_file", "filename": "score2a_preagg2_2jobth1#07710851-1#65900738-1#76280150-1#31176095-1#57163871-1#58170979", "unix_time": 1620681132.2637606}
INFO:ccdag_utils.py:runtime_stat:{"task_name": "preagg2", "event": "queue_start_process", "filename": "score2a_preagg2_2jobth1#07710851-1#65900738-1#76280150-1#31176095-1#57163871-1#58170979", "unix_time": 1620681132.540364}
preagg2_lccdec2_2jobthscore2a1#07710851-1#65900738-1#76280150-1#31176095-1#57163871-1#58170979
INFO:circe.py:runtime_stat:{"task_name": "circe", "event": "new_output_file", "filename": "preagg2_lccdec2_2jobthscore2a1#07710851-1#65900738-1#76280150-1#31176095-1#57163871-1#58170979", "unix_time": 1620681132.6055384}
DEBUG:transfer.py:sshpass -p PASSWORD scp -P 5000 -o StrictHostKeyChecking=no /jupiter/circe_output/preagg2_lccdec2_2jobthscore2a1#07710851-1#65900738-1#76280150-1#31176095-1#57163871-1#58170979 root@10.101.11.87:/jupiter/circe_input/
INFO:ccdag_utils.py:runtime_stat:{"task_name": "preagg2", "event": "queue_end_process", "filename": "preagg2_lccdec2_2jobthscore2a1#07710851-1#65900738-1#76280150-1#31176095-1#57163871-1#58170979", "unix_time": 1620681132.6067657}
preagg2_lccdec2_2jobthscore2b1#07710851-1#65900738-1#76280150-1#31176095-1#57163871-1#58170979
INFO:ccdag_utils.py:runtime_stat:{"task_name": "preagg2", "event": "queue_end_process", "filename": "preagg2_lccdec2_2jobthscore2b1#07710851-1#65900738-1#76280150-1#31176095-1#57163871-1#58170979", "unix_time": 1620681132.6176655}
preagg2_lccdec2_2jobthscore2c1#07710851-1#65900738-1#76280150-1#31176095-1#57163871-1#58170979
INFO:ccdag_utils.py:runtime_stat:{"task_name": "preagg2", "event": "queue_end_process", "filename": "preagg2_lccdec2_2jobthscore2c1#07710851-1#65900738-1#76280150-1#31176095-1#57163871-1#58170979", "unix_time": 1620681132.6220222}
DEBUG:transfer.py:transfer successful!
INFO:circe.py:runtime_stat:{"task_name": "circe", "event": "new_output_file", "filename": "preagg2_lccdec2_2jobthscore2b1#07710851-1#65900738-1#76280150-1#31176095-1#57163871-1#58170979", "unix_time": 1620681132.8668485}
DEBUG:transfer.py:sshpass -p PASSWORD scp -P 5000 -o StrictHostKeyChecking=no /jupiter/circe_output/preagg2_lccdec2_2jobthscore2b1#07710851-1#65900738-1#76280150-1#31176095-1#57163871-1#58170979 root@10.101.11.87:/jupiter/circe_input/
DEBUG:transfer.py:transfer successful!
INFO:circe.py:runtime_stat:{"task_name": "circe", "event": "new_output_file", "filename": "preagg2_lccdec2_2jobthscore2c1#07710851-1#65900738-1#76280150-1#31176095-1#57163871-1#58170979", "unix_time": 1620681133.0842354}
DEBUG:transfer.py:sshpass -p PASSWORD scp -P 5000 -o StrictHostKeyChecking=no /jupiter/circe_output/preagg2_lccdec2_2jobthscore2c1#07710851-1#65900738-1#76280150-1#31176095-1#57163871-1#58170979 root@10.101.11.87:/jupiter/circe_input/
DEBUG:transfer.py:transfer successful!
INFO:circe.py:runtime_stat:{"task_name": "circe", "event": "new_input_file", "filename": "score2b_preagg2_3jobth1#68461072-1#50767546-1#12556607-1#09435234-1#67110569-1#28107718", "unix_time": 1620681180.2983835}
INFO:ccdag_utils.py:runtime_stat:{"task_name": "preagg2", "event": "queue_start_process", "filename": "score2b_preagg2_3jobth1#68461072-1#50767546-1#12556607-1#09435234-1#67110569-1#28107718", "unix_time": 1620681180.6722872}
INFO:circe.py:runtime_stat:{"task_name": "circe", "event": "new_input_file", "filename": "score2c_preagg2_3jobth1#68461072-1#50767546-1#12556607-1#09435234-1#67110569-1#28107718", "unix_time": 1620681181.528936}
INFO:ccdag_utils.py:runtime_stat:{"task_name": "preagg2", "event": "queue_start_process", "filename": "score2c_preagg2_3jobth1#68461072-1#50767546-1#12556607-1#09435234-1#67110569-1#28107718", "unix_time": 1620681181.743518}
INFO:circe.py:runtime_stat:{"task_name": "circe", "event": "new_input_file", "filename": "score2a_preagg2_3jobth1#68461072-1#50767546-1#12556607-1#09435234-1#67110569-1#28107718", "unix_time": 1620681189.8592224}
INFO:ccdag_utils.py:runtime_stat:{"task_name": "preagg2", "event": "queue_start_process", "filename": "score2a_preagg2_3jobth1#68461072-1#50767546-1#12556607-1#09435234-1#67110569-1#28107718", "unix_time": 1620681190.8164034}
preagg2_lccdec2_3jobthscore2a1#68461072-1#50767546-1#12556607-1#09435234-1#67110569-1#28107718
INFO:circe.py:runtime_stat:{"task_name": "circe", "event": "new_output_file", "filename": "preagg2_lccdec2_3jobthscore2a1#68461072-1#50767546-1#12556607-1#09435234-1#67110569-1#28107718", "unix_time": 1620681190.881997}
DEBUG:transfer.py:sshpass -p PASSWORD scp -P 5000 -o StrictHostKeyChecking=no /jupiter/circe_output/preagg2_lccdec2_3jobthscore2a1#68461072-1#50767546-1#12556607-1#09435234-1#67110569-1#28107718 root@10.101.11.87:/jupiter/circe_input/
INFO:ccdag_utils.py:runtime_stat:{"task_name": "preagg2", "event": "queue_end_process", "filename": "preagg2_lccdec2_3jobthscore2a1#68461072-1#50767546-1#12556607-1#09435234-1#67110569-1#28107718", "unix_time": 1620681190.8884392}
preagg2_lccdec2_3jobthscore2b1#68461072-1#50767546-1#12556607-1#09435234-1#67110569-1#28107718
INFO:ccdag_utils.py:runtime_stat:{"task_name": "preagg2", "event": "queue_end_process", "filename": "preagg2_lccdec2_3jobthscore2b1#68461072-1#50767546-1#12556607-1#09435234-1#67110569-1#28107718", "unix_time": 1620681190.8937848}
preagg2_lccdec2_3jobthscore2c1#68461072-1#50767546-1#12556607-1#09435234-1#67110569-1#28107718
INFO:ccdag_utils.py:runtime_stat:{"task_name": "preagg2", "event": "queue_end_process", "filename": "preagg2_lccdec2_3jobthscore2c1#68461072-1#50767546-1#12556607-1#09435234-1#67110569-1#28107718", "unix_time": 1620681190.8987384}
DEBUG:transfer.py:transfer successful!
INFO:circe.py:runtime_stat:{"task_name": "circe", "event": "new_output_file", "filename": "preagg2_lccdec2_3jobthscore2b1#68461072-1#50767546-1#12556607-1#09435234-1#67110569-1#28107718", "unix_time": 1620681191.095012}
DEBUG:transfer.py:sshpass -p PASSWORD scp -P 5000 -o StrictHostKeyChecking=no /jupiter/circe_output/preagg2_lccdec2_3jobthscore2b1#68461072-1#50767546-1#12556607-1#09435234-1#67110569-1#28107718 root@10.101.11.87:/jupiter/circe_input/
DEBUG:transfer.py:transfer successful!
INFO:circe.py:runtime_stat:{"task_name": "circe", "event": "new_output_file", "filename": "preagg2_lccdec2_3jobthscore2c1#68461072-1#50767546-1#12556607-1#09435234-1#67110569-1#28107718", "unix_time": 1620681191.3034697}
DEBUG:transfer.py:sshpass -p PASSWORD scp -P 5000 -o StrictHostKeyChecking=no /jupiter/circe_output/preagg2_lccdec2_3jobthscore2c1#68461072-1#50767546-1#12556607-1#09435234-1#67110569-1#28107718 root@10.101.11.87:/jupiter/circe_input/
DEBUG:transfer.py:transfer successful!
INFO:circe.py:runtime_stat:{"task_name": "circe", "event": "new_input_file", "filename": "score2b_preagg2_4jobth1#34880305-1#87461323-1#24313818-1#32386067-1#14328504-1#54451339", "unix_time": 1620681218.7804914}
INFO:ccdag_utils.py:runtime_stat:{"task_name": "preagg2", "event": "queue_start_process", "filename": "score2b_preagg2_4jobth1#34880305-1#87461323-1#24313818-1#32386067-1#14328504-1#54451339", "unix_time": 1620681218.9290698}
INFO:circe.py:runtime_stat:{"task_name": "circe", "event": "new_input_file", "filename": "score2c_preagg2_4jobth1#34880305-1#87461323-1#24313818-1#32386067-1#14328504-1#54451339", "unix_time": 1620681220.092381}
INFO:ccdag_utils.py:runtime_stat:{"task_name": "preagg2", "event": "queue_start_process", "filename": "score2c_preagg2_4jobth1#34880305-1#87461323-1#24313818-1#32386067-1#14328504-1#54451339", "unix_time": 1620681220.999396}
INFO:circe.py:runtime_stat:{"task_name": "circe", "event": "new_input_file", "filename": "score2a_preagg2_4jobth1#34880305-1#87461323-1#24313818-1#32386067-1#14328504-1#54451339", "unix_time": 1620681228.4070866}
INFO:ccdag_utils.py:runtime_stat:{"task_name": "preagg2", "event": "queue_start_process", "filename": "score2a_preagg2_4jobth1#34880305-1#87461323-1#24313818-1#32386067-1#14328504-1#54451339", "unix_time": 1620681229.0677176}
preagg2_lccdec2_4jobthscore2a1#34880305-1#87461323-1#24313818-1#32386067-1#14328504-1#54451339
INFO:circe.py:runtime_stat:{"task_name": "circe", "event": "new_output_file", "filename": "preagg2_lccdec2_4jobthscore2a1#34880305-1#87461323-1#24313818-1#32386067-1#14328504-1#54451339", "unix_time": 1620681229.129685}
DEBUG:transfer.py:sshpass -p PASSWORD scp -P 5000 -o StrictHostKeyChecking=no /jupiter/circe_output/preagg2_lccdec2_4jobthscore2a1#34880305-1#87461323-1#24313818-1#32386067-1#14328504-1#54451339 root@10.101.11.87:/jupiter/circe_input/
INFO:ccdag_utils.py:runtime_stat:{"task_name": "preagg2", "event": "queue_end_process", "filename": "preagg2_lccdec2_4jobthscore2a1#34880305-1#87461323-1#24313818-1#32386067-1#14328504-1#54451339", "unix_time": 1620681229.1341937}
preagg2_lccdec2_4jobthscore2b1#34880305-1#87461323-1#24313818-1#32386067-1#14328504-1#54451339
INFO:ccdag_utils.py:runtime_stat:{"task_name": "preagg2", "event": "queue_end_process", "filename": "preagg2_lccdec2_4jobthscore2b1#34880305-1#87461323-1#24313818-1#32386067-1#14328504-1#54451339", "unix_time": 1620681229.1402287}
preagg2_lccdec2_4jobthscore2c1#34880305-1#87461323-1#24313818-1#32386067-1#14328504-1#54451339
INFO:ccdag_utils.py:runtime_stat:{"task_name": "preagg2", "event": "queue_end_process", "filename": "preagg2_lccdec2_4jobthscore2c1#34880305-1#87461323-1#24313818-1#32386067-1#14328504-1#54451339", "unix_time": 1620681229.1441002}
DEBUG:transfer.py:transfer successful!
INFO:circe.py:runtime_stat:{"task_name": "circe", "event": "new_output_file", "filename": "preagg2_lccdec2_4jobthscore2b1#34880305-1#87461323-1#24313818-1#32386067-1#14328504-1#54451339", "unix_time": 1620681229.3406563}
DEBUG:transfer.py:sshpass -p PASSWORD scp -P 5000 -o StrictHostKeyChecking=no /jupiter/circe_output/preagg2_lccdec2_4jobthscore2b1#34880305-1#87461323-1#24313818-1#32386067-1#14328504-1#54451339 root@10.101.11.87:/jupiter/circe_input/
DEBUG:transfer.py:transfer successful!
INFO:circe.py:runtime_stat:{"task_name": "circe", "event": "new_output_file", "filename": "preagg2_lccdec2_4jobthscore2c1#34880305-1#87461323-1#24313818-1#32386067-1#14328504-1#54451339", "unix_time": 1620681229.5447252}
DEBUG:transfer.py:sshpass -p PASSWORD scp -P 5000 -o StrictHostKeyChecking=no /jupiter/circe_output/preagg2_lccdec2_4jobthscore2c1#34880305-1#87461323-1#24313818-1#32386067-1#14328504-1#54451339 root@10.101.11.87:/jupiter/circe_input/
DEBUG:transfer.py:transfer successful!
INFO:circe.py:runtime_stat:{"task_name": "circe", "event": "new_input_file", "filename": "score2b_preagg2_5jobth1#57739654-1#70172475-1#63143571-1#44687018-1#96978883-1#03415352", "unix_time": 1620681247.4108546}
INFO:circe.py:runtime_stat:{"task_name": "circe", "event": "new_input_file", "filename": "score2c_preagg2_5jobth1#57739654-1#70172475-1#63143571-1#44687018-1#96978883-1#03415352", "unix_time": 1620681247.674114}
INFO:ccdag_utils.py:runtime_stat:{"task_name": "preagg2", "event": "queue_start_process", "filename": "score2b_preagg2_5jobth1#57739654-1#70172475-1#63143571-1#44687018-1#96978883-1#03415352", "unix_time": 1620681248.1605206}
INFO:ccdag_utils.py:runtime_stat:{"task_name": "preagg2", "event": "queue_start_process", "filename": "score2c_preagg2_5jobth1#57739654-1#70172475-1#63143571-1#44687018-1#96978883-1#03415352", "unix_time": 1620681248.2234998}
INFO:circe.py:runtime_stat:{"task_name": "circe", "event": "new_input_file", "filename": "score2a_preagg2_5jobth1#57739654-1#70172475-1#63143571-1#44687018-1#96978883-1#03415352", "unix_time": 1620681255.8205626}
INFO:ccdag_utils.py:runtime_stat:{"task_name": "preagg2", "event": "queue_start_process", "filename": "score2a_preagg2_5jobth1#57739654-1#70172475-1#63143571-1#44687018-1#96978883-1#03415352", "unix_time": 1620681256.2912533}
preagg2_lccdec2_5jobthscore2a1#57739654-1#70172475-1#63143571-1#44687018-1#96978883-1#03415352
INFO:circe.py:runtime_stat:{"task_name": "circe", "event": "new_output_file", "filename": "preagg2_lccdec2_5jobthscore2a1#57739654-1#70172475-1#63143571-1#44687018-1#96978883-1#03415352", "unix_time": 1620681256.3575869}
DEBUG:transfer.py:sshpass -p PASSWORD scp -P 5000 -o StrictHostKeyChecking=no /jupiter/circe_output/preagg2_lccdec2_5jobthscore2a1#57739654-1#70172475-1#63143571-1#44687018-1#96978883-1#03415352 root@10.101.11.87:/jupiter/circe_input/
INFO:ccdag_utils.py:runtime_stat:{"task_name": "preagg2", "event": "queue_end_process", "filename": "preagg2_lccdec2_5jobthscore2a1#57739654-1#70172475-1#63143571-1#44687018-1#96978883-1#03415352", "unix_time": 1620681256.3626485}
preagg2_lccdec2_5jobthscore2b1#57739654-1#70172475-1#63143571-1#44687018-1#96978883-1#03415352
INFO:ccdag_utils.py:runtime_stat:{"task_name": "preagg2", "event": "queue_end_process", "filename": "preagg2_lccdec2_5jobthscore2b1#57739654-1#70172475-1#63143571-1#44687018-1#96978883-1#03415352", "unix_time": 1620681256.370141}
preagg2_lccdec2_5jobthscore2c1#57739654-1#70172475-1#63143571-1#44687018-1#96978883-1#03415352
INFO:ccdag_utils.py:runtime_stat:{"task_name": "preagg2", "event": "queue_end_process", "filename": "preagg2_lccdec2_5jobthscore2c1#57739654-1#70172475-1#63143571-1#44687018-1#96978883-1#03415352", "unix_time": 1620681256.3750846}
DEBUG:transfer.py:transfer successful!
INFO:circe.py:runtime_stat:{"task_name": "circe", "event": "new_output_file", "filename": "preagg2_lccdec2_5jobthscore2b1#57739654-1#70172475-1#63143571-1#44687018-1#96978883-1#03415352", "unix_time": 1620681256.5744812}
DEBUG:transfer.py:sshpass -p PASSWORD scp -P 5000 -o StrictHostKeyChecking=no /jupiter/circe_output/preagg2_lccdec2_5jobthscore2b1#57739654-1#70172475-1#63143571-1#44687018-1#96978883-1#03415352 root@10.101.11.87:/jupiter/circe_input/
DEBUG:transfer.py:transfer successful!
INFO:circe.py:runtime_stat:{"task_name": "circe", "event": "new_output_file", "filename": "preagg2_lccdec2_5jobthscore2c1#57739654-1#70172475-1#63143571-1#44687018-1#96978883-1#03415352", "unix_time": 1620681256.791161}
DEBUG:transfer.py:sshpass -p PASSWORD scp -P 5000 -o StrictHostKeyChecking=no /jupiter/circe_output/preagg2_lccdec2_5jobthscore2c1#57739654-1#70172475-1#63143571-1#44687018-1#96978883-1#03415352 root@10.101.11.87:/jupiter/circe_input/
DEBUG:transfer.py:transfer successful!
