 * Starting OpenBSD Secure Shell server sshd
   ...done.
INFO:circe.py:Using base script storeclass.py
DEBUG:circe.py:starting the input monitoring process
DEBUG:circe.py:starting the output monitoring process
INFO:circe.py:runtime_stat:{"task_name": "circe", "event": "new_input_file", "filename": "resnet8_storeclass5_45831299imgkitfoxjobid2.JPEG", "unix_time": 1620680768.4633157}
INFO:ccdag_utils.py:runtime_stat:{"task_name": "storeclass5", "event": "queue_start_process", "filename": "resnet8_storeclass5_45831299imgkitfoxjobid2.JPEG", "unix_time": 1620680769.233186}
INFO:circe.py:runtime_stat:{"task_name": "circe", "event": "new_output_file", "filename": "storeclass5_lccenc5_45831299imgkitfoxjobid2.JPEG", "unix_time": 1620680769.2442193}
DEBUG:transfer.py:sshpass -p PASSWORD scp -P 5000 -o StrictHostKeyChecking=no /jupiter/circe_output/storeclass5_lccenc5_45831299imgkitfoxjobid2.JPEG root@10.99.65.186:/jupiter/circe_input/
INFO:ccdag_utils.py:runtime_stat:{"task_name": "storeclass5", "event": "queue_end_process", "filename": "storeclass5_lccenc5_45831299imgkitfoxjobid2.JPEG", "unix_time": 1620680769.2455435}
Warning: Permanently added '[10.99.65.186]:5000' (ECDSA) to the list of known hosts.
DEBUG:transfer.py:transfer successful!
INFO:circe.py:runtime_stat:{"task_name": "circe", "event": "new_input_file", "filename": "resnet0_storeclass5_15940562imgkitfoxjobid3.JPEG", "unix_time": 1620680787.5330727}
INFO:ccdag_utils.py:runtime_stat:{"task_name": "storeclass5", "event": "queue_start_process", "filename": "resnet0_storeclass5_15940562imgkitfoxjobid3.JPEG", "unix_time": 1620680788.2757628}
INFO:circe.py:runtime_stat:{"task_name": "circe", "event": "new_output_file", "filename": "storeclass5_lccenc5_15940562imgkitfoxjobid3.JPEG", "unix_time": 1620680788.2834735}
DEBUG:transfer.py:sshpass -p PASSWORD scp -P 5000 -o StrictHostKeyChecking=no /jupiter/circe_output/storeclass5_lccenc5_15940562imgkitfoxjobid3.JPEG root@10.99.65.186:/jupiter/circe_input/
INFO:ccdag_utils.py:runtime_stat:{"task_name": "storeclass5", "event": "queue_end_process", "filename": "storeclass5_lccenc5_15940562imgkitfoxjobid3.JPEG", "unix_time": 1620680788.2870495}
DEBUG:transfer.py:transfer successful!
INFO:circe.py:runtime_stat:{"task_name": "circe", "event": "new_input_file", "filename": "resnet6_storeclass5_07391878imgkitfoxjobid9.JPEG", "unix_time": 1620680871.287297}
INFO:ccdag_utils.py:runtime_stat:{"task_name": "storeclass5", "event": "queue_start_process", "filename": "resnet6_storeclass5_07391878imgkitfoxjobid9.JPEG", "unix_time": 1620680871.3871229}
INFO:circe.py:runtime_stat:{"task_name": "circe", "event": "new_output_file", "filename": "storeclass5_lccenc5_07391878imgkitfoxjobid9.JPEG", "unix_time": 1620680871.3934348}
DEBUG:transfer.py:sshpass -p PASSWORD scp -P 5000 -o StrictHostKeyChecking=no /jupiter/circe_output/storeclass5_lccenc5_07391878imgkitfoxjobid9.JPEG root@10.99.65.186:/jupiter/circe_input/
INFO:ccdag_utils.py:runtime_stat:{"task_name": "storeclass5", "event": "queue_end_process", "filename": "storeclass5_lccenc5_07391878imgkitfoxjobid9.JPEG", "unix_time": 1620680871.3941574}
DEBUG:transfer.py:transfer successful!
INFO:circe.py:runtime_stat:{"task_name": "circe", "event": "new_input_file", "filename": "resnet4_storeclass5_62964722imgkitfoxjobid10.JPEG", "unix_time": 1620680900.9550955}
INFO:ccdag_utils.py:runtime_stat:{"task_name": "storeclass5", "event": "queue_start_process", "filename": "resnet4_storeclass5_62964722imgkitfoxjobid10.JPEG", "unix_time": 1620680901.4380648}
INFO:ccdag_utils.py:runtime_stat:{"task_name": "storeclass5", "event": "queue_end_process", "filename": "storeclass5_lccenc5_62964722imgkitfoxjobid10.JPEG", "unix_time": 1620680901.4407763}
INFO:circe.py:runtime_stat:{"task_name": "circe", "event": "new_output_file", "filename": "storeclass5_lccenc5_62964722imgkitfoxjobid10.JPEG", "unix_time": 1620680901.4415104}
DEBUG:transfer.py:sshpass -p PASSWORD scp -P 5000 -o StrictHostKeyChecking=no /jupiter/circe_output/storeclass5_lccenc5_62964722imgkitfoxjobid10.JPEG root@10.99.65.186:/jupiter/circe_input/
DEBUG:transfer.py:transfer successful!
