 * Starting OpenBSD Secure Shell server sshd
   ...done.
INFO:circe.py:Using base script preagg.py
DEBUG:circe.py:starting the input monitoring process
DEBUG:circe.py:starting the output monitoring process
8
INFO:circe.py:runtime_stat:{"task_name": "circe", "event": "new_input_file", "filename": "score8b_preagg8_1jobth7#66917458-7#15532517-7#36141654-7#09001365-7#14572617-7#35589445", "unix_time": 1620680934.556657}
INFO:ccdag_utils.py:runtime_stat:{"task_name": "preagg8", "event": "queue_start_process", "filename": "score8b_preagg8_1jobth7#66917458-7#15532517-7#36141654-7#09001365-7#14572617-7#35589445", "unix_time": 1620680935.0472124}
INFO:circe.py:runtime_stat:{"task_name": "circe", "event": "new_input_file", "filename": "score8c_preagg8_1jobth7#66917458-7#15532517-7#36141654-7#09001365-7#14572617-7#35589445", "unix_time": 1620680936.42959}
INFO:ccdag_utils.py:runtime_stat:{"task_name": "preagg8", "event": "queue_start_process", "filename": "score8c_preagg8_1jobth7#66917458-7#15532517-7#36141654-7#09001365-7#14572617-7#35589445", "unix_time": 1620680937.1223588}
INFO:circe.py:runtime_stat:{"task_name": "circe", "event": "new_input_file", "filename": "score8a_preagg8_1jobth7#66917458-7#15532517-7#36141654-7#09001365-7#14572617-7#35589445", "unix_time": 1620680943.7306213}
INFO:ccdag_utils.py:runtime_stat:{"task_name": "preagg8", "event": "queue_start_process", "filename": "score8a_preagg8_1jobth7#66917458-7#15532517-7#36141654-7#09001365-7#14572617-7#35589445", "unix_time": 1620680944.1989717}
preagg8_lccdec8_1jobthscore8a7#66917458-7#15532517-7#36141654-7#09001365-7#14572617-7#35589445
INFO:ccdag_utils.py:runtime_stat:{"task_name": "preagg8", "event": "queue_end_process", "filename": "preagg8_lccdec8_1jobthscore8a7#66917458-7#15532517-7#36141654-7#09001365-7#14572617-7#35589445", "unix_time": 1620680944.26467}
preagg8_lccdec8_1jobthscore8b7#66917458-7#15532517-7#36141654-7#09001365-7#14572617-7#35589445
INFO:circe.py:runtime_stat:{"task_name": "circe", "event": "new_output_file", "filename": "preagg8_lccdec8_1jobthscore8a7#66917458-7#15532517-7#36141654-7#09001365-7#14572617-7#35589445", "unix_time": 1620680944.2717104}
DEBUG:transfer.py:sshpass -p PASSWORD scp -P 5000 -o StrictHostKeyChecking=no /jupiter/circe_output/preagg8_lccdec8_1jobthscore8a7#66917458-7#15532517-7#36141654-7#09001365-7#14572617-7#35589445 root@10.101.93.145:/jupiter/circe_input/
INFO:ccdag_utils.py:runtime_stat:{"task_name": "preagg8", "event": "queue_end_process", "filename": "preagg8_lccdec8_1jobthscore8b7#66917458-7#15532517-7#36141654-7#09001365-7#14572617-7#35589445", "unix_time": 1620680944.2774472}
preagg8_lccdec8_1jobthscore8c7#66917458-7#15532517-7#36141654-7#09001365-7#14572617-7#35589445
INFO:ccdag_utils.py:runtime_stat:{"task_name": "preagg8", "event": "queue_end_process", "filename": "preagg8_lccdec8_1jobthscore8c7#66917458-7#15532517-7#36141654-7#09001365-7#14572617-7#35589445", "unix_time": 1620680944.2835643}
Warning: Permanently added '[10.101.93.145]:5000' (ECDSA) to the list of known hosts.
DEBUG:transfer.py:transfer successful!
INFO:circe.py:runtime_stat:{"task_name": "circe", "event": "new_output_file", "filename": "preagg8_lccdec8_1jobthscore8b7#66917458-7#15532517-7#36141654-7#09001365-7#14572617-7#35589445", "unix_time": 1620680944.4783587}
DEBUG:transfer.py:sshpass -p PASSWORD scp -P 5000 -o StrictHostKeyChecking=no /jupiter/circe_output/preagg8_lccdec8_1jobthscore8b7#66917458-7#15532517-7#36141654-7#09001365-7#14572617-7#35589445 root@10.101.93.145:/jupiter/circe_input/
DEBUG:transfer.py:transfer successful!
INFO:circe.py:runtime_stat:{"task_name": "circe", "event": "new_output_file", "filename": "preagg8_lccdec8_1jobthscore8c7#66917458-7#15532517-7#36141654-7#09001365-7#14572617-7#35589445", "unix_time": 1620680944.6846216}
DEBUG:transfer.py:sshpass -p PASSWORD scp -P 5000 -o StrictHostKeyChecking=no /jupiter/circe_output/preagg8_lccdec8_1jobthscore8c7#66917458-7#15532517-7#36141654-7#09001365-7#14572617-7#35589445 root@10.101.93.145:/jupiter/circe_input/
DEBUG:transfer.py:transfer successful!
INFO:circe.py:runtime_stat:{"task_name": "circe", "event": "new_input_file", "filename": "score8b_preagg8_2jobth7#27916558-7#99650728-7#58306748-7#67243610-7#18879126-7#32243877", "unix_time": 1620680969.985427}
INFO:ccdag_utils.py:runtime_stat:{"task_name": "preagg8", "event": "queue_start_process", "filename": "score8b_preagg8_2jobth7#27916558-7#99650728-7#58306748-7#67243610-7#18879126-7#32243877", "unix_time": 1620680970.313022}
INFO:circe.py:runtime_stat:{"task_name": "circe", "event": "new_input_file", "filename": "score8c_preagg8_2jobth7#27916558-7#99650728-7#58306748-7#67243610-7#18879126-7#32243877", "unix_time": 1620680970.9441028}
INFO:ccdag_utils.py:runtime_stat:{"task_name": "preagg8", "event": "queue_start_process", "filename": "score8c_preagg8_2jobth7#27916558-7#99650728-7#58306748-7#67243610-7#18879126-7#32243877", "unix_time": 1620680971.3795166}
INFO:circe.py:runtime_stat:{"task_name": "circe", "event": "new_input_file", "filename": "score8a_preagg8_2jobth7#27916558-7#99650728-7#58306748-7#67243610-7#18879126-7#32243877", "unix_time": 1620680979.2271898}
INFO:ccdag_utils.py:runtime_stat:{"task_name": "preagg8", "event": "queue_start_process", "filename": "score8a_preagg8_2jobth7#27916558-7#99650728-7#58306748-7#67243610-7#18879126-7#32243877", "unix_time": 1620680979.4456446}
preagg8_lccdec8_2jobthscore8a7#27916558-7#99650728-7#58306748-7#67243610-7#18879126-7#32243877
INFO:circe.py:runtime_stat:{"task_name": "circe", "event": "new_output_file", "filename": "preagg8_lccdec8_2jobthscore8a7#27916558-7#99650728-7#58306748-7#67243610-7#18879126-7#32243877", "unix_time": 1620680979.514971}
DEBUG:transfer.py:sshpass -p PASSWORD scp -P 5000 -o StrictHostKeyChecking=no /jupiter/circe_output/preagg8_lccdec8_2jobthscore8a7#27916558-7#99650728-7#58306748-7#67243610-7#18879126-7#32243877 root@10.101.93.145:/jupiter/circe_input/
INFO:ccdag_utils.py:runtime_stat:{"task_name": "preagg8", "event": "queue_end_process", "filename": "preagg8_lccdec8_2jobthscore8a7#27916558-7#99650728-7#58306748-7#67243610-7#18879126-7#32243877", "unix_time": 1620680979.520302}
preagg8_lccdec8_2jobthscore8b7#27916558-7#99650728-7#58306748-7#67243610-7#18879126-7#32243877
INFO:ccdag_utils.py:runtime_stat:{"task_name": "preagg8", "event": "queue_end_process", "filename": "preagg8_lccdec8_2jobthscore8b7#27916558-7#99650728-7#58306748-7#67243610-7#18879126-7#32243877", "unix_time": 1620680979.5276082}
preagg8_lccdec8_2jobthscore8c7#27916558-7#99650728-7#58306748-7#67243610-7#18879126-7#32243877
INFO:ccdag_utils.py:runtime_stat:{"task_name": "preagg8", "event": "queue_end_process", "filename": "preagg8_lccdec8_2jobthscore8c7#27916558-7#99650728-7#58306748-7#67243610-7#18879126-7#32243877", "unix_time": 1620680979.5324764}
DEBUG:transfer.py:transfer successful!
INFO:circe.py:runtime_stat:{"task_name": "circe", "event": "new_output_file", "filename": "preagg8_lccdec8_2jobthscore8b7#27916558-7#99650728-7#58306748-7#67243610-7#18879126-7#32243877", "unix_time": 1620680979.7268443}
DEBUG:transfer.py:sshpass -p PASSWORD scp -P 5000 -o StrictHostKeyChecking=no /jupiter/circe_output/preagg8_lccdec8_2jobthscore8b7#27916558-7#99650728-7#58306748-7#67243610-7#18879126-7#32243877 root@10.101.93.145:/jupiter/circe_input/
DEBUG:transfer.py:transfer successful!
INFO:circe.py:runtime_stat:{"task_name": "circe", "event": "new_output_file", "filename": "preagg8_lccdec8_2jobthscore8c7#27916558-7#99650728-7#58306748-7#67243610-7#18879126-7#32243877", "unix_time": 1620680979.9388075}
DEBUG:transfer.py:sshpass -p PASSWORD scp -P 5000 -o StrictHostKeyChecking=no /jupiter/circe_output/preagg8_lccdec8_2jobthscore8c7#27916558-7#99650728-7#58306748-7#67243610-7#18879126-7#32243877 root@10.101.93.145:/jupiter/circe_input/
DEBUG:transfer.py:transfer successful!
INFO:circe.py:runtime_stat:{"task_name": "circe", "event": "new_input_file", "filename": "score8b_preagg8_3jobth7#34785419-7#80189460-7#87446144-7#16398199-7#96325361-7#92295463", "unix_time": 1620681040.5795236}
INFO:ccdag_utils.py:runtime_stat:{"task_name": "preagg8", "event": "queue_start_process", "filename": "score8b_preagg8_3jobth7#34785419-7#80189460-7#87446144-7#16398199-7#96325361-7#92295463", "unix_time": 1620681040.5966423}
INFO:circe.py:runtime_stat:{"task_name": "circe", "event": "new_input_file", "filename": "score8c_preagg8_3jobth7#34785419-7#80189460-7#87446144-7#16398199-7#96325361-7#92295463", "unix_time": 1620681041.5111334}
INFO:ccdag_utils.py:runtime_stat:{"task_name": "preagg8", "event": "queue_start_process", "filename": "score8c_preagg8_3jobth7#34785419-7#80189460-7#87446144-7#16398199-7#96325361-7#92295463", "unix_time": 1620681041.6626952}
INFO:circe.py:runtime_stat:{"task_name": "circe", "event": "new_input_file", "filename": "score8a_preagg8_3jobth7#34785419-7#80189460-7#87446144-7#16398199-7#96325361-7#92295463", "unix_time": 1620681049.900559}
INFO:ccdag_utils.py:runtime_stat:{"task_name": "preagg8", "event": "queue_start_process", "filename": "score8a_preagg8_3jobth7#34785419-7#80189460-7#87446144-7#16398199-7#96325361-7#92295463", "unix_time": 1620681050.7325447}
preagg8_lccdec8_3jobthscore8a7#34785419-7#80189460-7#87446144-7#16398199-7#96325361-7#92295463
INFO:circe.py:runtime_stat:{"task_name": "circe", "event": "new_output_file", "filename": "preagg8_lccdec8_3jobthscore8a7#34785419-7#80189460-7#87446144-7#16398199-7#96325361-7#92295463", "unix_time": 1620681050.7996728}
DEBUG:transfer.py:sshpass -p PASSWORD scp -P 5000 -o StrictHostKeyChecking=no /jupiter/circe_output/preagg8_lccdec8_3jobthscore8a7#34785419-7#80189460-7#87446144-7#16398199-7#96325361-7#92295463 root@10.101.93.145:/jupiter/circe_input/
INFO:ccdag_utils.py:runtime_stat:{"task_name": "preagg8", "event": "queue_end_process", "filename": "preagg8_lccdec8_3jobthscore8a7#34785419-7#80189460-7#87446144-7#16398199-7#96325361-7#92295463", "unix_time": 1620681050.8057384}
preagg8_lccdec8_3jobthscore8b7#34785419-7#80189460-7#87446144-7#16398199-7#96325361-7#92295463
INFO:ccdag_utils.py:runtime_stat:{"task_name": "preagg8", "event": "queue_end_process", "filename": "preagg8_lccdec8_3jobthscore8b7#34785419-7#80189460-7#87446144-7#16398199-7#96325361-7#92295463", "unix_time": 1620681050.8117187}
preagg8_lccdec8_3jobthscore8c7#34785419-7#80189460-7#87446144-7#16398199-7#96325361-7#92295463
INFO:ccdag_utils.py:runtime_stat:{"task_name": "preagg8", "event": "queue_end_process", "filename": "preagg8_lccdec8_3jobthscore8c7#34785419-7#80189460-7#87446144-7#16398199-7#96325361-7#92295463", "unix_time": 1620681050.8163226}
DEBUG:transfer.py:transfer successful!
INFO:circe.py:runtime_stat:{"task_name": "circe", "event": "new_output_file", "filename": "preagg8_lccdec8_3jobthscore8b7#34785419-7#80189460-7#87446144-7#16398199-7#96325361-7#92295463", "unix_time": 1620681051.0266106}
DEBUG:transfer.py:sshpass -p PASSWORD scp -P 5000 -o StrictHostKeyChecking=no /jupiter/circe_output/preagg8_lccdec8_3jobthscore8b7#34785419-7#80189460-7#87446144-7#16398199-7#96325361-7#92295463 root@10.101.93.145:/jupiter/circe_input/
DEBUG:transfer.py:transfer successful!
INFO:circe.py:runtime_stat:{"task_name": "circe", "event": "new_output_file", "filename": "preagg8_lccdec8_3jobthscore8c7#34785419-7#80189460-7#87446144-7#16398199-7#96325361-7#92295463", "unix_time": 1620681051.2410014}
DEBUG:transfer.py:sshpass -p PASSWORD scp -P 5000 -o StrictHostKeyChecking=no /jupiter/circe_output/preagg8_lccdec8_3jobthscore8c7#34785419-7#80189460-7#87446144-7#16398199-7#96325361-7#92295463 root@10.101.93.145:/jupiter/circe_input/
DEBUG:transfer.py:transfer successful!
INFO:circe.py:runtime_stat:{"task_name": "circe", "event": "new_input_file", "filename": "score8b_preagg8_4jobth7#07601498-7#69480499-7#10362198-7#83543967-7#59797891-7#25573741", "unix_time": 1620681093.156886}
INFO:ccdag_utils.py:runtime_stat:{"task_name": "preagg8", "event": "queue_start_process", "filename": "score8b_preagg8_4jobth7#07601498-7#69480499-7#10362198-7#83543967-7#59797891-7#25573741", "unix_time": 1620681093.8667734}
INFO:circe.py:runtime_stat:{"task_name": "circe", "event": "new_input_file", "filename": "score8c_preagg8_4jobth7#07601498-7#69480499-7#10362198-7#83543967-7#59797891-7#25573741", "unix_time": 1620681095.1998053}
INFO:ccdag_utils.py:runtime_stat:{"task_name": "preagg8", "event": "queue_start_process", "filename": "score8c_preagg8_4jobth7#07601498-7#69480499-7#10362198-7#83543967-7#59797891-7#25573741", "unix_time": 1620681095.930381}
INFO:circe.py:runtime_stat:{"task_name": "circe", "event": "new_input_file", "filename": "score8a_preagg8_4jobth7#07601498-7#69480499-7#10362198-7#83543967-7#59797891-7#25573741", "unix_time": 1620681102.4242413}
INFO:ccdag_utils.py:runtime_stat:{"task_name": "preagg8", "event": "queue_start_process", "filename": "score8a_preagg8_4jobth7#07601498-7#69480499-7#10362198-7#83543967-7#59797891-7#25573741", "unix_time": 1620681103.0000348}
preagg8_lccdec8_4jobthscore8a7#07601498-7#69480499-7#10362198-7#83543967-7#59797891-7#25573741
INFO:circe.py:runtime_stat:{"task_name": "circe", "event": "new_output_file", "filename": "preagg8_lccdec8_4jobthscore8a7#07601498-7#69480499-7#10362198-7#83543967-7#59797891-7#25573741", "unix_time": 1620681103.0692835}
DEBUG:transfer.py:sshpass -p PASSWORD scp -P 5000 -o StrictHostKeyChecking=no /jupiter/circe_output/preagg8_lccdec8_4jobthscore8a7#07601498-7#69480499-7#10362198-7#83543967-7#59797891-7#25573741 root@10.101.93.145:/jupiter/circe_input/
INFO:ccdag_utils.py:runtime_stat:{"task_name": "preagg8", "event": "queue_end_process", "filename": "preagg8_lccdec8_4jobthscore8a7#07601498-7#69480499-7#10362198-7#83543967-7#59797891-7#25573741", "unix_time": 1620681103.074288}
preagg8_lccdec8_4jobthscore8b7#07601498-7#69480499-7#10362198-7#83543967-7#59797891-7#25573741
INFO:ccdag_utils.py:runtime_stat:{"task_name": "preagg8", "event": "queue_end_process", "filename": "preagg8_lccdec8_4jobthscore8b7#07601498-7#69480499-7#10362198-7#83543967-7#59797891-7#25573741", "unix_time": 1620681103.0812948}
preagg8_lccdec8_4jobthscore8c7#07601498-7#69480499-7#10362198-7#83543967-7#59797891-7#25573741
INFO:ccdag_utils.py:runtime_stat:{"task_name": "preagg8", "event": "queue_end_process", "filename": "preagg8_lccdec8_4jobthscore8c7#07601498-7#69480499-7#10362198-7#83543967-7#59797891-7#25573741", "unix_time": 1620681103.0858827}
DEBUG:transfer.py:transfer successful!
INFO:circe.py:runtime_stat:{"task_name": "circe", "event": "new_output_file", "filename": "preagg8_lccdec8_4jobthscore8b7#07601498-7#69480499-7#10362198-7#83543967-7#59797891-7#25573741", "unix_time": 1620681103.2931316}
DEBUG:transfer.py:sshpass -p PASSWORD scp -P 5000 -o StrictHostKeyChecking=no /jupiter/circe_output/preagg8_lccdec8_4jobthscore8b7#07601498-7#69480499-7#10362198-7#83543967-7#59797891-7#25573741 root@10.101.93.145:/jupiter/circe_input/
DEBUG:transfer.py:transfer successful!
INFO:circe.py:runtime_stat:{"task_name": "circe", "event": "new_output_file", "filename": "preagg8_lccdec8_4jobthscore8c7#07601498-7#69480499-7#10362198-7#83543967-7#59797891-7#25573741", "unix_time": 1620681103.5049999}
DEBUG:transfer.py:sshpass -p PASSWORD scp -P 5000 -o StrictHostKeyChecking=no /jupiter/circe_output/preagg8_lccdec8_4jobthscore8c7#07601498-7#69480499-7#10362198-7#83543967-7#59797891-7#25573741 root@10.101.93.145:/jupiter/circe_input/
DEBUG:transfer.py:transfer successful!
