 * Starting OpenBSD Secure Shell server sshd
   ...done.
INFO:circe.py:Using base script lccenc.py
DEBUG:circe.py:starting the input monitoring process
DEBUG:circe.py:starting the output monitoring process
7
INFO:circe.py:runtime_stat:{"task_name": "circe", "event": "new_input_file", "filename": "storeclass7_lccenc7_21478787imgleopardjobid6.JPEG", "unix_time": 1620680830.568007}
INFO:circe.py:runtime_stat:{"task_name": "circe", "event": "new_input_file", "filename": "storeclass7_lccenc7_33822165imgleopardjobid6.JPEG", "unix_time": 1620680838.5798519}
INFO:circe.py:runtime_stat:{"task_name": "circe", "event": "new_input_file", "filename": "storeclass7_lccenc7_58688043imgleopardjobid7.JPEG", "unix_time": 1620680840.606434}
INFO:circe.py:runtime_stat:{"task_name": "circe", "event": "new_input_file", "filename": "storeclass7_lccenc7_15241668imgleopardjobid7.JPEG", "unix_time": 1620680840.8395216}
INFO:circe.py:runtime_stat:{"task_name": "circe", "event": "new_input_file", "filename": "storeclass7_lccenc7_43795862imgleopardjobid7.JPEG", "unix_time": 1620680843.618857}
INFO:circe.py:runtime_stat:{"task_name": "circe", "event": "new_input_file", "filename": "storeclass7_lccenc7_69153446imgleopardjobid7.JPEG", "unix_time": 1620680844.6254456}
INFO:ccdag_utils.py:runtime_stat:{"task_name": "lccenc7", "event": "queue_start_process", "filename": "storeclass7_lccenc7_21478787imgleopardjobid6.JPEG", "unix_time": 1620680845.225812}
INFO:ccdag_utils.py:runtime_stat:{"task_name": "lccenc7", "event": "queue_start_process", "filename": "storeclass7_lccenc7_33822165imgleopardjobid6.JPEG", "unix_time": 1620680845.2318325}
INFO:ccdag_utils.py:runtime_stat:{"task_name": "lccenc7", "event": "queue_start_process", "filename": "storeclass7_lccenc7_58688043imgleopardjobid7.JPEG", "unix_time": 1620680845.2324147}
INFO:ccdag_utils.py:runtime_stat:{"task_name": "lccenc7", "event": "queue_start_process", "filename": "storeclass7_lccenc7_15241668imgleopardjobid7.JPEG", "unix_time": 1620680845.232885}
INFO:ccdag_utils.py:runtime_stat:{"task_name": "lccenc7", "event": "queue_start_process", "filename": "storeclass7_lccenc7_43795862imgleopardjobid7.JPEG", "unix_time": 1620680845.2333436}
INFO:ccdag_utils.py:runtime_stat:{"task_name": "lccenc7", "event": "queue_start_process", "filename": "storeclass7_lccenc7_69153446imgleopardjobid7.JPEG", "unix_time": 1620680845.2337315}
INFO:ccdag_utils.py:runtime_stat:{"task_name": "lccenc7", "event": "queue_end_process", "filename": "lccenc7_score7a_6#21478787-6#33822165-6#58688043-6#15241668-6#43795862-6#69153446jobid1.csv", "unix_time": 1620680846.6419919}
INFO:circe.py:runtime_stat:{"task_name": "circe", "event": "new_output_file", "filename": "lccenc7_score7a_6#21478787-6#33822165-6#58688043-6#15241668-6#43795862-6#69153446jobid1.csv", "unix_time": 1620680846.6430073}
DEBUG:transfer.py:sshpass -p PASSWORD scp -P 5000 -o StrictHostKeyChecking=no /jupiter/circe_output/lccenc7_score7a_6#21478787-6#33822165-6#58688043-6#15241668-6#43795862-6#69153446jobid1.csv root@10.97.86.235:/jupiter/circe_input/
Warning: Permanently added '[10.97.86.235]:5000' (ECDSA) to the list of known hosts.
DEBUG:transfer.py:transfer successful!
INFO:ccdag_utils.py:runtime_stat:{"task_name": "lccenc7", "event": "queue_end_process", "filename": "lccenc7_score7b_6#21478787-6#33822165-6#58688043-6#15241668-6#43795862-6#69153446jobid1.csv", "unix_time": 1620680847.6446867}
INFO:circe.py:runtime_stat:{"task_name": "circe", "event": "new_output_file", "filename": "lccenc7_score7b_6#21478787-6#33822165-6#58688043-6#15241668-6#43795862-6#69153446jobid1.csv", "unix_time": 1620680847.6455836}
DEBUG:transfer.py:sshpass -p PASSWORD scp -P 5000 -o StrictHostKeyChecking=no /jupiter/circe_output/lccenc7_score7b_6#21478787-6#33822165-6#58688043-6#15241668-6#43795862-6#69153446jobid1.csv root@10.99.114.95:/jupiter/circe_input/
Warning: Permanently added '[10.99.114.95]:5000' (ECDSA) to the list of known hosts.
DEBUG:transfer.py:transfer successful!
INFO:ccdag_utils.py:runtime_stat:{"task_name": "lccenc7", "event": "queue_end_process", "filename": "lccenc7_score7c_6#21478787-6#33822165-6#58688043-6#15241668-6#43795862-6#69153446jobid1.csv", "unix_time": 1620680848.6604347}
INFO:circe.py:runtime_stat:{"task_name": "circe", "event": "new_output_file", "filename": "lccenc7_score7c_6#21478787-6#33822165-6#58688043-6#15241668-6#43795862-6#69153446jobid1.csv", "unix_time": 1620680848.6615605}
DEBUG:transfer.py:sshpass -p PASSWORD scp -P 5000 -o StrictHostKeyChecking=no /jupiter/circe_output/lccenc7_score7c_6#21478787-6#33822165-6#58688043-6#15241668-6#43795862-6#69153446jobid1.csv root@10.103.66.144:/jupiter/circe_input/
Warning: Permanently added '[10.103.66.144]:5000' (ECDSA) to the list of known hosts.
DEBUG:transfer.py:transfer successful!
INFO:circe.py:runtime_stat:{"task_name": "circe", "event": "new_input_file", "filename": "storeclass7_lccenc7_23095905imgleopardjobid8.JPEG", "unix_time": 1620680854.6477773}
INFO:circe.py:runtime_stat:{"task_name": "circe", "event": "new_input_file", "filename": "storeclass7_lccenc7_84778996imgleopardjobid8.JPEG", "unix_time": 1620680857.6297662}
INFO:circe.py:runtime_stat:{"task_name": "circe", "event": "new_input_file", "filename": "storeclass7_lccenc7_05558747imgleopardjobid8.JPEG", "unix_time": 1620680857.8292894}
INFO:circe.py:runtime_stat:{"task_name": "circe", "event": "new_input_file", "filename": "storeclass7_lccenc7_84134096imgleopardjobid8.JPEG", "unix_time": 1620680858.6377425}
INFO:circe.py:runtime_stat:{"task_name": "circe", "event": "new_input_file", "filename": "storeclass7_lccenc7_30536295imgleopardjobid8.JPEG", "unix_time": 1620680870.6604958}
INFO:circe.py:runtime_stat:{"task_name": "circe", "event": "new_input_file", "filename": "storeclass7_lccenc7_08056356imgleopardjobid9.JPEG", "unix_time": 1620680870.870964}
INFO:circe.py:runtime_stat:{"task_name": "circe", "event": "new_input_file", "filename": "storeclass7_lccenc7_59790593imgleopardjobid9.JPEG", "unix_time": 1620680871.6816967}
INFO:ccdag_utils.py:runtime_stat:{"task_name": "lccenc7", "event": "queue_start_process", "filename": "storeclass7_lccenc7_23095905imgleopardjobid8.JPEG", "unix_time": 1620680871.6838245}
INFO:ccdag_utils.py:runtime_stat:{"task_name": "lccenc7", "event": "queue_start_process", "filename": "storeclass7_lccenc7_84778996imgleopardjobid8.JPEG", "unix_time": 1620680871.684447}
INFO:ccdag_utils.py:runtime_stat:{"task_name": "lccenc7", "event": "queue_start_process", "filename": "storeclass7_lccenc7_05558747imgleopardjobid8.JPEG", "unix_time": 1620680871.6849682}
INFO:ccdag_utils.py:runtime_stat:{"task_name": "lccenc7", "event": "queue_start_process", "filename": "storeclass7_lccenc7_84134096imgleopardjobid8.JPEG", "unix_time": 1620680871.685682}
INFO:ccdag_utils.py:runtime_stat:{"task_name": "lccenc7", "event": "queue_start_process", "filename": "storeclass7_lccenc7_30536295imgleopardjobid8.JPEG", "unix_time": 1620680871.6860604}
INFO:ccdag_utils.py:runtime_stat:{"task_name": "lccenc7", "event": "queue_start_process", "filename": "storeclass7_lccenc7_08056356imgleopardjobid9.JPEG", "unix_time": 1620680871.6863735}
INFO:circe.py:runtime_stat:{"task_name": "circe", "event": "new_input_file", "filename": "storeclass7_lccenc7_92181973imgleopardjobid9.JPEG", "unix_time": 1620680872.3844838}
INFO:ccdag_utils.py:runtime_stat:{"task_name": "lccenc7", "event": "queue_end_process", "filename": "lccenc7_score7a_6#23095905-6#84778996-6#05558747-6#84134096-6#30536295-6#08056356jobid2.csv", "unix_time": 1620680872.9036584}
INFO:circe.py:runtime_stat:{"task_name": "circe", "event": "new_output_file", "filename": "lccenc7_score7a_6#23095905-6#84778996-6#05558747-6#84134096-6#30536295-6#08056356jobid2.csv", "unix_time": 1620680872.939827}
DEBUG:transfer.py:sshpass -p PASSWORD scp -P 5000 -o StrictHostKeyChecking=no /jupiter/circe_output/lccenc7_score7a_6#23095905-6#84778996-6#05558747-6#84134096-6#30536295-6#08056356jobid2.csv root@10.97.86.235:/jupiter/circe_input/
DEBUG:transfer.py:transfer successful!
INFO:circe.py:runtime_stat:{"task_name": "circe", "event": "new_output_file", "filename": "lccenc7_score7b_6#23095905-6#84778996-6#05558747-6#84134096-6#30536295-6#08056356jobid2.csv", "unix_time": 1620680873.929287}
DEBUG:transfer.py:sshpass -p PASSWORD scp -P 5000 -o StrictHostKeyChecking=no /jupiter/circe_output/lccenc7_score7b_6#23095905-6#84778996-6#05558747-6#84134096-6#30536295-6#08056356jobid2.csv root@10.99.114.95:/jupiter/circe_input/
INFO:ccdag_utils.py:runtime_stat:{"task_name": "lccenc7", "event": "queue_end_process", "filename": "lccenc7_score7b_6#23095905-6#84778996-6#05558747-6#84134096-6#30536295-6#08056356jobid2.csv", "unix_time": 1620680873.933915}
DEBUG:transfer.py:transfer successful!
INFO:ccdag_utils.py:runtime_stat:{"task_name": "lccenc7", "event": "queue_end_process", "filename": "lccenc7_score7c_6#23095905-6#84778996-6#05558747-6#84134096-6#30536295-6#08056356jobid2.csv", "unix_time": 1620680874.964129}
INFO:circe.py:runtime_stat:{"task_name": "circe", "event": "new_output_file", "filename": "lccenc7_score7c_6#23095905-6#84778996-6#05558747-6#84134096-6#30536295-6#08056356jobid2.csv", "unix_time": 1620680874.9649644}
DEBUG:transfer.py:sshpass -p PASSWORD scp -P 5000 -o StrictHostKeyChecking=no /jupiter/circe_output/lccenc7_score7c_6#23095905-6#84778996-6#05558747-6#84134096-6#30536295-6#08056356jobid2.csv root@10.103.66.144:/jupiter/circe_input/
DEBUG:transfer.py:transfer successful!
INFO:circe.py:runtime_stat:{"task_name": "circe", "event": "new_input_file", "filename": "storeclass7_lccenc7_92669951imgleopardjobid10.JPEG", "unix_time": 1620680885.7020817}
INFO:circe.py:runtime_stat:{"task_name": "circe", "event": "new_input_file", "filename": "storeclass7_lccenc7_09792602imgleopardjobid9.JPEG", "unix_time": 1620680885.9142857}
INFO:circe.py:runtime_stat:{"task_name": "circe", "event": "new_input_file", "filename": "storeclass7_lccenc7_71373079imgleopardjobid9.JPEG", "unix_time": 1620680886.130443}
INFO:circe.py:runtime_stat:{"task_name": "circe", "event": "new_input_file", "filename": "storeclass7_lccenc7_01981080imgleopardjobid11.JPEG", "unix_time": 1620680895.7407932}
INFO:circe.py:runtime_stat:{"task_name": "circe", "event": "new_input_file", "filename": "storeclass7_lccenc7_29956080imgleopardjobid11.JPEG", "unix_time": 1620680895.9771318}
INFO:ccdag_utils.py:runtime_stat:{"task_name": "lccenc7", "event": "queue_start_process", "filename": "storeclass7_lccenc7_59790593imgleopardjobid9.JPEG", "unix_time": 1620680895.9878137}
INFO:ccdag_utils.py:runtime_stat:{"task_name": "lccenc7", "event": "queue_start_process", "filename": "storeclass7_lccenc7_92181973imgleopardjobid9.JPEG", "unix_time": 1620680895.9882302}
INFO:ccdag_utils.py:runtime_stat:{"task_name": "lccenc7", "event": "queue_start_process", "filename": "storeclass7_lccenc7_92669951imgleopardjobid10.JPEG", "unix_time": 1620680895.988511}
INFO:ccdag_utils.py:runtime_stat:{"task_name": "lccenc7", "event": "queue_start_process", "filename": "storeclass7_lccenc7_09792602imgleopardjobid9.JPEG", "unix_time": 1620680895.9887695}
INFO:ccdag_utils.py:runtime_stat:{"task_name": "lccenc7", "event": "queue_start_process", "filename": "storeclass7_lccenc7_71373079imgleopardjobid9.JPEG", "unix_time": 1620680895.9890115}
INFO:ccdag_utils.py:runtime_stat:{"task_name": "lccenc7", "event": "queue_start_process", "filename": "storeclass7_lccenc7_01981080imgleopardjobid11.JPEG", "unix_time": 1620680895.9892666}
INFO:ccdag_utils.py:runtime_stat:{"task_name": "lccenc7", "event": "queue_end_process", "filename": "lccenc7_score7a_6#59790593-6#92181973-6#92669951-6#09792602-6#71373079-6#01981080jobid3.csv", "unix_time": 1620680897.186296}
INFO:circe.py:runtime_stat:{"task_name": "circe", "event": "new_output_file", "filename": "lccenc7_score7a_6#59790593-6#92181973-6#92669951-6#09792602-6#71373079-6#01981080jobid3.csv", "unix_time": 1620680897.196911}
DEBUG:transfer.py:sshpass -p PASSWORD scp -P 5000 -o StrictHostKeyChecking=no /jupiter/circe_output/lccenc7_score7a_6#59790593-6#92181973-6#92669951-6#09792602-6#71373079-6#01981080jobid3.csv root@10.97.86.235:/jupiter/circe_input/
DEBUG:transfer.py:transfer successful!
INFO:ccdag_utils.py:runtime_stat:{"task_name": "lccenc7", "event": "queue_end_process", "filename": "lccenc7_score7b_6#59790593-6#92181973-6#92669951-6#09792602-6#71373079-6#01981080jobid3.csv", "unix_time": 1620680898.1860876}
INFO:circe.py:runtime_stat:{"task_name": "circe", "event": "new_output_file", "filename": "lccenc7_score7b_6#59790593-6#92181973-6#92669951-6#09792602-6#71373079-6#01981080jobid3.csv", "unix_time": 1620680898.187012}
DEBUG:transfer.py:sshpass -p PASSWORD scp -P 5000 -o StrictHostKeyChecking=no /jupiter/circe_output/lccenc7_score7b_6#59790593-6#92181973-6#92669951-6#09792602-6#71373079-6#01981080jobid3.csv root@10.99.114.95:/jupiter/circe_input/
DEBUG:transfer.py:transfer successful!
INFO:ccdag_utils.py:runtime_stat:{"task_name": "lccenc7", "event": "queue_end_process", "filename": "lccenc7_score7c_6#59790593-6#92181973-6#92669951-6#09792602-6#71373079-6#01981080jobid3.csv", "unix_time": 1620680899.184473}
INFO:circe.py:runtime_stat:{"task_name": "circe", "event": "new_output_file", "filename": "lccenc7_score7c_6#59790593-6#92181973-6#92669951-6#09792602-6#71373079-6#01981080jobid3.csv", "unix_time": 1620680899.185462}
DEBUG:transfer.py:sshpass -p PASSWORD scp -P 5000 -o StrictHostKeyChecking=no /jupiter/circe_output/lccenc7_score7c_6#59790593-6#92181973-6#92669951-6#09792602-6#71373079-6#01981080jobid3.csv root@10.103.66.144:/jupiter/circe_input/
DEBUG:transfer.py:transfer successful!
INFO:circe.py:runtime_stat:{"task_name": "circe", "event": "new_input_file", "filename": "storeclass7_lccenc7_27707468imgleopardjobid10.JPEG", "unix_time": 1620680901.7789292}
INFO:circe.py:runtime_stat:{"task_name": "circe", "event": "new_input_file", "filename": "storeclass7_lccenc7_74551662imgleopardjobid14.JPEG", "unix_time": 1620680939.803756}
INFO:circe.py:runtime_stat:{"task_name": "circe", "event": "new_input_file", "filename": "storeclass7_lccenc7_68909809imgleopardjobid15.JPEG", "unix_time": 1620680940.0555007}
INFO:circe.py:runtime_stat:{"task_name": "circe", "event": "new_input_file", "filename": "storeclass7_lccenc7_61197496imgleopardjobid15.JPEG", "unix_time": 1620680952.824694}
INFO:circe.py:runtime_stat:{"task_name": "circe", "event": "new_input_file", "filename": "storeclass7_lccenc7_80265724imgleopardjobid15.JPEG", "unix_time": 1620680953.8219535}
INFO:ccdag_utils.py:runtime_stat:{"task_name": "lccenc7", "event": "queue_start_process", "filename": "storeclass7_lccenc7_29956080imgleopardjobid11.JPEG", "unix_time": 1620680954.2456064}
INFO:ccdag_utils.py:runtime_stat:{"task_name": "lccenc7", "event": "queue_start_process", "filename": "storeclass7_lccenc7_27707468imgleopardjobid10.JPEG", "unix_time": 1620680954.2459664}
INFO:ccdag_utils.py:runtime_stat:{"task_name": "lccenc7", "event": "queue_start_process", "filename": "storeclass7_lccenc7_74551662imgleopardjobid14.JPEG", "unix_time": 1620680954.2461715}
INFO:ccdag_utils.py:runtime_stat:{"task_name": "lccenc7", "event": "queue_start_process", "filename": "storeclass7_lccenc7_68909809imgleopardjobid15.JPEG", "unix_time": 1620680954.246356}
INFO:ccdag_utils.py:runtime_stat:{"task_name": "lccenc7", "event": "queue_start_process", "filename": "storeclass7_lccenc7_61197496imgleopardjobid15.JPEG", "unix_time": 1620680954.2465181}
INFO:ccdag_utils.py:runtime_stat:{"task_name": "lccenc7", "event": "queue_start_process", "filename": "storeclass7_lccenc7_80265724imgleopardjobid15.JPEG", "unix_time": 1620680954.246679}
INFO:ccdag_utils.py:runtime_stat:{"task_name": "lccenc7", "event": "queue_end_process", "filename": "lccenc7_score7a_6#29956080-6#27707468-6#74551662-6#68909809-6#61197496-6#80265724jobid4.csv", "unix_time": 1620680955.4482567}
INFO:circe.py:runtime_stat:{"task_name": "circe", "event": "new_output_file", "filename": "lccenc7_score7a_6#29956080-6#27707468-6#74551662-6#68909809-6#61197496-6#80265724jobid4.csv", "unix_time": 1620680955.458923}
DEBUG:transfer.py:sshpass -p PASSWORD scp -P 5000 -o StrictHostKeyChecking=no /jupiter/circe_output/lccenc7_score7a_6#29956080-6#27707468-6#74551662-6#68909809-6#61197496-6#80265724jobid4.csv root@10.97.86.235:/jupiter/circe_input/
DEBUG:transfer.py:transfer successful!
INFO:ccdag_utils.py:runtime_stat:{"task_name": "lccenc7", "event": "queue_end_process", "filename": "lccenc7_score7b_6#29956080-6#27707468-6#74551662-6#68909809-6#61197496-6#80265724jobid4.csv", "unix_time": 1620680956.6672485}
INFO:circe.py:runtime_stat:{"task_name": "circe", "event": "new_output_file", "filename": "lccenc7_score7b_6#29956080-6#27707468-6#74551662-6#68909809-6#61197496-6#80265724jobid4.csv", "unix_time": 1620680956.6725237}
DEBUG:transfer.py:sshpass -p PASSWORD scp -P 5000 -o StrictHostKeyChecking=no /jupiter/circe_output/lccenc7_score7b_6#29956080-6#27707468-6#74551662-6#68909809-6#61197496-6#80265724jobid4.csv root@10.99.114.95:/jupiter/circe_input/
INFO:circe.py:runtime_stat:{"task_name": "circe", "event": "new_input_file", "filename": "storeclass7_lccenc7_15886581imgleopardjobid16.JPEG", "unix_time": 1620680957.2231803}
DEBUG:transfer.py:transfer successful!
INFO:ccdag_utils.py:runtime_stat:{"task_name": "lccenc7", "event": "queue_end_process", "filename": "lccenc7_score7c_6#29956080-6#27707468-6#74551662-6#68909809-6#61197496-6#80265724jobid4.csv", "unix_time": 1620680957.7261856}
INFO:circe.py:runtime_stat:{"task_name": "circe", "event": "new_output_file", "filename": "lccenc7_score7c_6#29956080-6#27707468-6#74551662-6#68909809-6#61197496-6#80265724jobid4.csv", "unix_time": 1620680957.7270865}
DEBUG:transfer.py:sshpass -p PASSWORD scp -P 5000 -o StrictHostKeyChecking=no /jupiter/circe_output/lccenc7_score7c_6#29956080-6#27707468-6#74551662-6#68909809-6#61197496-6#80265724jobid4.csv root@10.103.66.144:/jupiter/circe_input/
DEBUG:transfer.py:transfer successful!
INFO:circe.py:runtime_stat:{"task_name": "circe", "event": "new_input_file", "filename": "storeclass7_lccenc7_48080900imgleopardjobid16.JPEG", "unix_time": 1620680964.8858418}
INFO:circe.py:runtime_stat:{"task_name": "circe", "event": "new_input_file", "filename": "storeclass7_lccenc7_88835843imgleopardjobid16.JPEG", "unix_time": 1620680966.8858173}
INFO:circe.py:runtime_stat:{"task_name": "circe", "event": "new_input_file", "filename": "storeclass7_lccenc7_08785826imgleopardjobid17.JPEG", "unix_time": 1620680970.972753}
INFO:circe.py:runtime_stat:{"task_name": "circe", "event": "new_input_file", "filename": "storeclass7_lccenc7_11172731imgleopardjobid17.JPEG", "unix_time": 1620680976.8701727}
INFO:circe.py:runtime_stat:{"task_name": "circe", "event": "new_input_file", "filename": "storeclass7_lccenc7_21133647imgleopardjobid17.JPEG", "unix_time": 1620680978.8813698}
INFO:ccdag_utils.py:runtime_stat:{"task_name": "lccenc7", "event": "queue_start_process", "filename": "storeclass7_lccenc7_15886581imgleopardjobid16.JPEG", "unix_time": 1620680979.754011}
INFO:ccdag_utils.py:runtime_stat:{"task_name": "lccenc7", "event": "queue_start_process", "filename": "storeclass7_lccenc7_48080900imgleopardjobid16.JPEG", "unix_time": 1620680979.7543626}
INFO:ccdag_utils.py:runtime_stat:{"task_name": "lccenc7", "event": "queue_start_process", "filename": "storeclass7_lccenc7_88835843imgleopardjobid16.JPEG", "unix_time": 1620680979.754551}
INFO:ccdag_utils.py:runtime_stat:{"task_name": "lccenc7", "event": "queue_start_process", "filename": "storeclass7_lccenc7_08785826imgleopardjobid17.JPEG", "unix_time": 1620680979.7547238}
INFO:ccdag_utils.py:runtime_stat:{"task_name": "lccenc7", "event": "queue_start_process", "filename": "storeclass7_lccenc7_11172731imgleopardjobid17.JPEG", "unix_time": 1620680979.7548892}
INFO:ccdag_utils.py:runtime_stat:{"task_name": "lccenc7", "event": "queue_start_process", "filename": "storeclass7_lccenc7_21133647imgleopardjobid17.JPEG", "unix_time": 1620680979.7550566}
INFO:circe.py:runtime_stat:{"task_name": "circe", "event": "new_input_file", "filename": "storeclass7_lccenc7_49458762imgleopardjobid15.JPEG", "unix_time": 1620680979.8935769}
INFO:circe.py:runtime_stat:{"task_name": "circe", "event": "new_input_file", "filename": "storeclass7_lccenc7_21395363imgleopardjobid15.JPEG", "unix_time": 1620680980.4345827}
INFO:circe.py:runtime_stat:{"task_name": "circe", "event": "new_input_file", "filename": "storeclass7_lccenc7_15253011imgleopardjobid17.JPEG", "unix_time": 1620680980.9160213}
INFO:ccdag_utils.py:runtime_stat:{"task_name": "lccenc7", "event": "queue_end_process", "filename": "lccenc7_score7a_6#15886581-6#48080900-6#88835843-6#08785826-6#11172731-6#21133647jobid5.csv", "unix_time": 1620680980.9252477}
INFO:circe.py:runtime_stat:{"task_name": "circe", "event": "new_output_file", "filename": "lccenc7_score7a_6#15886581-6#48080900-6#88835843-6#08785826-6#11172731-6#21133647jobid5.csv", "unix_time": 1620680980.9261184}
DEBUG:transfer.py:sshpass -p PASSWORD scp -P 5000 -o StrictHostKeyChecking=no /jupiter/circe_output/lccenc7_score7a_6#15886581-6#48080900-6#88835843-6#08785826-6#11172731-6#21133647jobid5.csv root@10.97.86.235:/jupiter/circe_input/
DEBUG:transfer.py:transfer successful!
INFO:ccdag_utils.py:runtime_stat:{"task_name": "lccenc7", "event": "queue_end_process", "filename": "lccenc7_score7b_6#15886581-6#48080900-6#88835843-6#08785826-6#11172731-6#21133647jobid5.csv", "unix_time": 1620680981.9166057}
INFO:circe.py:runtime_stat:{"task_name": "circe", "event": "new_output_file", "filename": "lccenc7_score7b_6#15886581-6#48080900-6#88835843-6#08785826-6#11172731-6#21133647jobid5.csv", "unix_time": 1620680981.9175453}
DEBUG:transfer.py:sshpass -p PASSWORD scp -P 5000 -o StrictHostKeyChecking=no /jupiter/circe_output/lccenc7_score7b_6#15886581-6#48080900-6#88835843-6#08785826-6#11172731-6#21133647jobid5.csv root@10.99.114.95:/jupiter/circe_input/
DEBUG:transfer.py:transfer successful!
INFO:ccdag_utils.py:runtime_stat:{"task_name": "lccenc7", "event": "queue_end_process", "filename": "lccenc7_score7c_6#15886581-6#48080900-6#88835843-6#08785826-6#11172731-6#21133647jobid5.csv", "unix_time": 1620680982.897175}
INFO:circe.py:runtime_stat:{"task_name": "circe", "event": "new_output_file", "filename": "lccenc7_score7c_6#15886581-6#48080900-6#88835843-6#08785826-6#11172731-6#21133647jobid5.csv", "unix_time": 1620680982.898255}
DEBUG:transfer.py:sshpass -p PASSWORD scp -P 5000 -o StrictHostKeyChecking=no /jupiter/circe_output/lccenc7_score7c_6#15886581-6#48080900-6#88835843-6#08785826-6#11172731-6#21133647jobid5.csv root@10.103.66.144:/jupiter/circe_input/
DEBUG:transfer.py:transfer successful!
INFO:circe.py:runtime_stat:{"task_name": "circe", "event": "new_input_file", "filename": "storeclass7_lccenc7_95109300imgleopardjobid18.JPEG", "unix_time": 1620680994.9335217}
INFO:circe.py:runtime_stat:{"task_name": "circe", "event": "new_input_file", "filename": "storeclass7_lccenc7_91040745imgleopardjobid18.JPEG", "unix_time": 1620680995.1409552}
INFO:circe.py:runtime_stat:{"task_name": "circe", "event": "new_input_file", "filename": "storeclass7_lccenc7_68981734imgleopardjobid16.JPEG", "unix_time": 1620680995.3431842}
INFO:ccdag_utils.py:runtime_stat:{"task_name": "lccenc7", "event": "queue_start_process", "filename": "storeclass7_lccenc7_49458762imgleopardjobid15.JPEG", "unix_time": 1620680995.9111326}
INFO:ccdag_utils.py:runtime_stat:{"task_name": "lccenc7", "event": "queue_start_process", "filename": "storeclass7_lccenc7_21395363imgleopardjobid15.JPEG", "unix_time": 1620680995.9114966}
INFO:ccdag_utils.py:runtime_stat:{"task_name": "lccenc7", "event": "queue_start_process", "filename": "storeclass7_lccenc7_15253011imgleopardjobid17.JPEG", "unix_time": 1620680995.9117236}
INFO:ccdag_utils.py:runtime_stat:{"task_name": "lccenc7", "event": "queue_start_process", "filename": "storeclass7_lccenc7_95109300imgleopardjobid18.JPEG", "unix_time": 1620680995.911905}
INFO:ccdag_utils.py:runtime_stat:{"task_name": "lccenc7", "event": "queue_start_process", "filename": "storeclass7_lccenc7_91040745imgleopardjobid18.JPEG", "unix_time": 1620680995.912079}
INFO:ccdag_utils.py:runtime_stat:{"task_name": "lccenc7", "event": "queue_start_process", "filename": "storeclass7_lccenc7_68981734imgleopardjobid16.JPEG", "unix_time": 1620680995.9122524}
INFO:circe.py:runtime_stat:{"task_name": "circe", "event": "new_output_file", "filename": "lccenc7_score7a_6#49458762-6#21395363-6#15253011-6#95109300-6#91040745-6#68981734jobid6.csv", "unix_time": 1620680997.1571064}
DEBUG:transfer.py:sshpass -p PASSWORD scp -P 5000 -o StrictHostKeyChecking=no /jupiter/circe_output/lccenc7_score7a_6#49458762-6#21395363-6#15253011-6#95109300-6#91040745-6#68981734jobid6.csv root@10.97.86.235:/jupiter/circe_input/
INFO:ccdag_utils.py:runtime_stat:{"task_name": "lccenc7", "event": "queue_end_process", "filename": "lccenc7_score7a_6#49458762-6#21395363-6#15253011-6#95109300-6#91040745-6#68981734jobid6.csv", "unix_time": 1620680997.1615813}
DEBUG:transfer.py:transfer successful!
INFO:ccdag_utils.py:runtime_stat:{"task_name": "lccenc7", "event": "queue_end_process", "filename": "lccenc7_score7b_6#49458762-6#21395363-6#15253011-6#95109300-6#91040745-6#68981734jobid6.csv", "unix_time": 1620680998.1880887}
INFO:circe.py:runtime_stat:{"task_name": "circe", "event": "new_output_file", "filename": "lccenc7_score7b_6#49458762-6#21395363-6#15253011-6#95109300-6#91040745-6#68981734jobid6.csv", "unix_time": 1620680998.2283769}
DEBUG:transfer.py:sshpass -p PASSWORD scp -P 5000 -o StrictHostKeyChecking=no /jupiter/circe_output/lccenc7_score7b_6#49458762-6#21395363-6#15253011-6#95109300-6#91040745-6#68981734jobid6.csv root@10.99.114.95:/jupiter/circe_input/
DEBUG:transfer.py:transfer successful!
INFO:circe.py:runtime_stat:{"task_name": "circe", "event": "new_output_file", "filename": "lccenc7_score7c_6#49458762-6#21395363-6#15253011-6#95109300-6#91040745-6#68981734jobid6.csv", "unix_time": 1620680999.2135892}
DEBUG:transfer.py:sshpass -p PASSWORD scp -P 5000 -o StrictHostKeyChecking=no /jupiter/circe_output/lccenc7_score7c_6#49458762-6#21395363-6#15253011-6#95109300-6#91040745-6#68981734jobid6.csv root@10.103.66.144:/jupiter/circe_input/
INFO:ccdag_utils.py:runtime_stat:{"task_name": "lccenc7", "event": "queue_end_process", "filename": "lccenc7_score7c_6#49458762-6#21395363-6#15253011-6#95109300-6#91040745-6#68981734jobid6.csv", "unix_time": 1620680999.2186432}
DEBUG:transfer.py:transfer successful!
INFO:circe.py:runtime_stat:{"task_name": "circe", "event": "new_input_file", "filename": "storeclass7_lccenc7_73440810imgleopardjobid19.JPEG", "unix_time": 1620681007.992479}
INFO:circe.py:runtime_stat:{"task_name": "circe", "event": "new_input_file", "filename": "storeclass7_lccenc7_62486842imgleopardjobid19.JPEG", "unix_time": 1620681008.9841335}
INFO:circe.py:runtime_stat:{"task_name": "circe", "event": "new_input_file", "filename": "storeclass7_lccenc7_35449798imgleopardjobid18.JPEG", "unix_time": 1620681025.016709}
INFO:circe.py:runtime_stat:{"task_name": "circe", "event": "new_input_file", "filename": "storeclass7_lccenc7_03278779imgleopardjobid19.JPEG", "unix_time": 1620681041.0492883}
