 * Starting OpenBSD Secure Shell server sshd
   ...done.
INFO:circe.py:Using base script score.py
DEBUG:circe.py:starting the input monitoring process
DEBUG:circe.py:starting the output monitoring process
INFO:circe.py:runtime_stat:{"task_name": "circe", "event": "new_input_file", "filename": "lccenc3_score3c_2#84088893-2#54280509-2#13348679-2#22085932-2#30303300-2#14107030jobid1.csv", "unix_time": 1620681222.0474446}
INFO:ccdag_utils.py:runtime_stat:{"task_name": "score3c", "event": "queue_start_process", "filename": "lccenc3_score3c_2#84088893-2#54280509-2#13348679-2#22085932-2#30303300-2#14107030jobid1.csv", "unix_time": 1620681222.4637122}
['whitewolf21.JPEG', 'whitewolf22.JPEG', 'whitewolf23.JPEG', 'whitewolf24.JPEG', 'whitewolf25.JPEG', 'whitewolf26.JPEG', 'whitewolf27.JPEG', 'whitewolf28.JPEG', 'whitewolf29.JPEG', 'whitewolf30.JPEG']
INFO:circe.py:runtime_stat:{"task_name": "circe", "event": "new_output_file", "filename": "score3c_preagg3_1jobth2#84088893-2#54280509-2#13348679-2#22085932-2#30303300-2#14107030", "unix_time": 1620681224.1194983}
DEBUG:transfer.py:sshpass -p PASSWORD scp -P 5000 -o StrictHostKeyChecking=no /jupiter/circe_output/score3c_preagg3_1jobth2#84088893-2#54280509-2#13348679-2#22085932-2#30303300-2#14107030 root@10.96.76.136:/jupiter/circe_input/
INFO:ccdag_utils.py:runtime_stat:{"task_name": "score3c", "event": "queue_end_process", "filename": "score3c_preagg3_1jobth2#84088893-2#54280509-2#13348679-2#22085932-2#30303300-2#14107030", "unix_time": 1620681224.127086}
Warning: Permanently added '[10.96.76.136]:5000' (ECDSA) to the list of known hosts.
DEBUG:transfer.py:transfer successful!
INFO:circe.py:runtime_stat:{"task_name": "circe", "event": "new_input_file", "filename": "lccenc3_score3c_2#35268819-2#25384582-2#90759476-2#46907414-2#14958690-2#33360641jobid2.csv", "unix_time": 1620681246.3952491}
INFO:ccdag_utils.py:runtime_stat:{"task_name": "score3c", "event": "queue_start_process", "filename": "lccenc3_score3c_2#35268819-2#25384582-2#90759476-2#46907414-2#14958690-2#33360641jobid2.csv", "unix_time": 1620681247.1537375}
['whitewolf21.JPEG', 'whitewolf22.JPEG', 'whitewolf23.JPEG', 'whitewolf24.JPEG', 'whitewolf25.JPEG', 'whitewolf26.JPEG', 'whitewolf27.JPEG', 'whitewolf28.JPEG', 'whitewolf29.JPEG', 'whitewolf30.JPEG']
INFO:circe.py:runtime_stat:{"task_name": "circe", "event": "new_output_file", "filename": "score3c_preagg3_2jobth2#35268819-2#25384582-2#90759476-2#46907414-2#14958690-2#33360641", "unix_time": 1620681248.6654189}
INFO:ccdag_utils.py:runtime_stat:{"task_name": "score3c", "event": "queue_end_process", "filename": "score3c_preagg3_2jobth2#35268819-2#25384582-2#90759476-2#46907414-2#14958690-2#33360641", "unix_time": 1620681248.6664603}
DEBUG:transfer.py:sshpass -p PASSWORD scp -P 5000 -o StrictHostKeyChecking=no /jupiter/circe_output/score3c_preagg3_2jobth2#35268819-2#25384582-2#90759476-2#46907414-2#14958690-2#33360641 root@10.96.76.136:/jupiter/circe_input/
DEBUG:transfer.py:transfer successful!
INFO:circe.py:runtime_stat:{"task_name": "circe", "event": "new_input_file", "filename": "lccenc3_score3c_2#76257570-2#24296061-2#00830455-2#10063904-2#03945551-2#48422239jobid3.csv", "unix_time": 1620681265.6026602}
INFO:ccdag_utils.py:runtime_stat:{"task_name": "score3c", "event": "queue_start_process", "filename": "lccenc3_score3c_2#76257570-2#24296061-2#00830455-2#10063904-2#03945551-2#48422239jobid3.csv", "unix_time": 1620681265.6860063}
['whitewolf21.JPEG', 'whitewolf22.JPEG', 'whitewolf23.JPEG', 'whitewolf24.JPEG', 'whitewolf25.JPEG', 'whitewolf26.JPEG', 'whitewolf27.JPEG', 'whitewolf28.JPEG', 'whitewolf29.JPEG', 'whitewolf30.JPEG']
INFO:circe.py:runtime_stat:{"task_name": "circe", "event": "new_output_file", "filename": "score3c_preagg3_3jobth2#76257570-2#24296061-2#00830455-2#10063904-2#03945551-2#48422239", "unix_time": 1620681267.1541367}
DEBUG:transfer.py:sshpass -p PASSWORD scp -P 5000 -o StrictHostKeyChecking=no /jupiter/circe_output/score3c_preagg3_3jobth2#76257570-2#24296061-2#00830455-2#10063904-2#03945551-2#48422239 root@10.96.76.136:/jupiter/circe_input/
INFO:ccdag_utils.py:runtime_stat:{"task_name": "score3c", "event": "queue_end_process", "filename": "score3c_preagg3_3jobth2#76257570-2#24296061-2#00830455-2#10063904-2#03945551-2#48422239", "unix_time": 1620681267.159654}
DEBUG:transfer.py:transfer successful!
INFO:circe.py:runtime_stat:{"task_name": "circe", "event": "new_input_file", "filename": "lccenc3_score3c_2#87776850-2#83444187-2#27706248-2#52515248-2#90832697-2#83597870jobid4.csv", "unix_time": 1620681290.854901}
INFO:ccdag_utils.py:runtime_stat:{"task_name": "score3c", "event": "queue_start_process", "filename": "lccenc3_score3c_2#87776850-2#83444187-2#27706248-2#52515248-2#90832697-2#83597870jobid4.csv", "unix_time": 1620681291.1870768}
['whitewolf21.JPEG', 'whitewolf22.JPEG', 'whitewolf23.JPEG', 'whitewolf24.JPEG', 'whitewolf25.JPEG', 'whitewolf26.JPEG', 'whitewolf27.JPEG', 'whitewolf28.JPEG', 'whitewolf29.JPEG', 'whitewolf30.JPEG']
INFO:circe.py:runtime_stat:{"task_name": "circe", "event": "new_output_file", "filename": "score3c_preagg3_4jobth2#87776850-2#83444187-2#27706248-2#52515248-2#90832697-2#83597870", "unix_time": 1620681292.6422808}
DEBUG:transfer.py:sshpass -p PASSWORD scp -P 5000 -o StrictHostKeyChecking=no /jupiter/circe_output/score3c_preagg3_4jobth2#87776850-2#83444187-2#27706248-2#52515248-2#90832697-2#83597870 root@10.96.76.136:/jupiter/circe_input/
INFO:ccdag_utils.py:runtime_stat:{"task_name": "score3c", "event": "queue_end_process", "filename": "score3c_preagg3_4jobth2#87776850-2#83444187-2#27706248-2#52515248-2#90832697-2#83597870", "unix_time": 1620681292.6500747}
DEBUG:transfer.py:transfer successful!
INFO:circe.py:runtime_stat:{"task_name": "circe", "event": "new_input_file", "filename": "lccenc3_score3c_2#92320853-2#65628015-2#17562102-2#16323775-2#96637215-2#46778847jobid5.csv", "unix_time": 1620681303.1472785}
INFO:ccdag_utils.py:runtime_stat:{"task_name": "score3c", "event": "queue_start_process", "filename": "lccenc3_score3c_2#92320853-2#65628015-2#17562102-2#16323775-2#96637215-2#46778847jobid5.csv", "unix_time": 1620681303.6644576}
['whitewolf21.JPEG', 'whitewolf22.JPEG', 'whitewolf23.JPEG', 'whitewolf24.JPEG', 'whitewolf25.JPEG', 'whitewolf26.JPEG', 'whitewolf27.JPEG', 'whitewolf28.JPEG', 'whitewolf29.JPEG', 'whitewolf30.JPEG']
INFO:circe.py:runtime_stat:{"task_name": "circe", "event": "new_output_file", "filename": "score3c_preagg3_5jobth2#92320853-2#65628015-2#17562102-2#16323775-2#96637215-2#46778847", "unix_time": 1620681305.155715}
DEBUG:transfer.py:sshpass -p PASSWORD scp -P 5000 -o StrictHostKeyChecking=no /jupiter/circe_output/score3c_preagg3_5jobth2#92320853-2#65628015-2#17562102-2#16323775-2#96637215-2#46778847 root@10.96.76.136:/jupiter/circe_input/
INFO:ccdag_utils.py:runtime_stat:{"task_name": "score3c", "event": "queue_end_process", "filename": "score3c_preagg3_5jobth2#92320853-2#65628015-2#17562102-2#16323775-2#96637215-2#46778847", "unix_time": 1620681305.1568732}
DEBUG:transfer.py:transfer successful!
INFO:circe.py:runtime_stat:{"task_name": "circe", "event": "new_input_file", "filename": "lccenc3_score3c_2#80538014-2#10093067-2#26649368-2#79669479-2#38886135-2#00498530jobid6.csv", "unix_time": 1620681316.392886}
INFO:ccdag_utils.py:runtime_stat:{"task_name": "score3c", "event": "queue_start_process", "filename": "lccenc3_score3c_2#80538014-2#10093067-2#26649368-2#79669479-2#38886135-2#00498530jobid6.csv", "unix_time": 1620681317.1798413}
['whitewolf21.JPEG', 'whitewolf22.JPEG', 'whitewolf23.JPEG', 'whitewolf24.JPEG', 'whitewolf25.JPEG', 'whitewolf26.JPEG', 'whitewolf27.JPEG', 'whitewolf28.JPEG', 'whitewolf29.JPEG', 'whitewolf30.JPEG']
INFO:circe.py:runtime_stat:{"task_name": "circe", "event": "new_output_file", "filename": "score3c_preagg3_6jobth2#80538014-2#10093067-2#26649368-2#79669479-2#38886135-2#00498530", "unix_time": 1620681318.7386441}
DEBUG:transfer.py:sshpass -p PASSWORD scp -P 5000 -o StrictHostKeyChecking=no /jupiter/circe_output/score3c_preagg3_6jobth2#80538014-2#10093067-2#26649368-2#79669479-2#38886135-2#00498530 root@10.96.76.136:/jupiter/circe_input/
INFO:ccdag_utils.py:runtime_stat:{"task_name": "score3c", "event": "queue_end_process", "filename": "score3c_preagg3_6jobth2#80538014-2#10093067-2#26649368-2#79669479-2#38886135-2#00498530", "unix_time": 1620681318.7401602}
DEBUG:transfer.py:transfer successful!
INFO:circe.py:runtime_stat:{"task_name": "circe", "event": "new_input_file", "filename": "lccenc3_score3c_2#42875287-2#15681179-2#87119467-2#50326341-2#89572488-2#96668184jobid7.csv", "unix_time": 1620681391.9117618}
INFO:ccdag_utils.py:runtime_stat:{"task_name": "score3c", "event": "queue_start_process", "filename": "lccenc3_score3c_2#42875287-2#15681179-2#87119467-2#50326341-2#89572488-2#96668184jobid7.csv", "unix_time": 1620681392.8256516}
['whitewolf21.JPEG', 'whitewolf22.JPEG', 'whitewolf23.JPEG', 'whitewolf24.JPEG', 'whitewolf25.JPEG', 'whitewolf26.JPEG', 'whitewolf27.JPEG', 'whitewolf28.JPEG', 'whitewolf29.JPEG', 'whitewolf30.JPEG']
INFO:circe.py:runtime_stat:{"task_name": "circe", "event": "new_output_file", "filename": "score3c_preagg3_7jobth2#42875287-2#15681179-2#87119467-2#50326341-2#89572488-2#96668184", "unix_time": 1620681394.3397896}
DEBUG:transfer.py:sshpass -p PASSWORD scp -P 5000 -o StrictHostKeyChecking=no /jupiter/circe_output/score3c_preagg3_7jobth2#42875287-2#15681179-2#87119467-2#50326341-2#89572488-2#96668184 root@10.96.76.136:/jupiter/circe_input/
INFO:ccdag_utils.py:runtime_stat:{"task_name": "score3c", "event": "queue_end_process", "filename": "score3c_preagg3_7jobth2#42875287-2#15681179-2#87119467-2#50326341-2#89572488-2#96668184", "unix_time": 1620681394.3409727}
DEBUG:transfer.py:transfer successful!
