 * Starting OpenBSD Secure Shell server sshd
   ...done.
INFO:circe.py:Using base script score.py
DEBUG:circe.py:starting the input monitoring process
DEBUG:circe.py:starting the output monitoring process
INFO:circe.py:runtime_stat:{"task_name": "circe", "event": "new_input_file", "filename": "lccenc2_score2a_1#54138838-1#81138668-1#71548267-1#22848275-1#48499038-1#87569685jobid1.csv", "unix_time": 1620681080.2407513}
['schoolbus21.JPEG', 'schoolbus22.JPEG', 'schoolbus23.JPEG', 'schoolbus24.JPEG', 'schoolbus25.JPEG', 'schoolbus26.JPEG', 'schoolbus27.JPEG', 'schoolbus28.JPEG', 'schoolbus29.JPEG', 'schoolbus30.JPEG']
INFO:ccdag_utils.py:runtime_stat:{"task_name": "score2a", "event": "queue_start_process", "filename": "lccenc2_score2a_1#54138838-1#81138668-1#71548267-1#22848275-1#48499038-1#87569685jobid1.csv", "unix_time": 1620681080.8048997}
INFO:circe.py:runtime_stat:{"task_name": "circe", "event": "new_output_file", "filename": "score2a_preagg2_1jobth1#54138838-1#81138668-1#71548267-1#22848275-1#48499038-1#87569685", "unix_time": 1620681092.5142114}
DEBUG:transfer.py:sshpass -p PASSWORD scp -P 5000 -o StrictHostKeyChecking=no /jupiter/circe_output/score2a_preagg2_1jobth1#54138838-1#81138668-1#71548267-1#22848275-1#48499038-1#87569685 root@10.108.222.187:/jupiter/circe_input/
INFO:ccdag_utils.py:runtime_stat:{"task_name": "score2a", "event": "queue_end_process", "filename": "score2a_preagg2_1jobth1#54138838-1#81138668-1#71548267-1#22848275-1#48499038-1#87569685", "unix_time": 1620681092.522218}
Warning: Permanently added '[10.108.222.187]:5000' (ECDSA) to the list of known hosts.
DEBUG:transfer.py:transfer successful!
INFO:circe.py:runtime_stat:{"task_name": "circe", "event": "new_input_file", "filename": "lccenc2_score2a_1#07710851-1#65900738-1#76280150-1#31176095-1#57163871-1#58170979jobid2.csv", "unix_time": 1620681119.8222668}
INFO:ccdag_utils.py:runtime_stat:{"task_name": "score2a", "event": "queue_start_process", "filename": "lccenc2_score2a_1#07710851-1#65900738-1#76280150-1#31176095-1#57163871-1#58170979jobid2.csv", "unix_time": 1620681120.5553033}
['schoolbus21.JPEG', 'schoolbus22.JPEG', 'schoolbus23.JPEG', 'schoolbus24.JPEG', 'schoolbus25.JPEG', 'schoolbus26.JPEG', 'schoolbus27.JPEG', 'schoolbus28.JPEG', 'schoolbus29.JPEG', 'schoolbus30.JPEG']
INFO:circe.py:runtime_stat:{"task_name": "circe", "event": "new_output_file", "filename": "score2a_preagg2_2jobth1#07710851-1#65900738-1#76280150-1#31176095-1#57163871-1#58170979", "unix_time": 1620681132.00545}
DEBUG:transfer.py:sshpass -p PASSWORD scp -P 5000 -o StrictHostKeyChecking=no /jupiter/circe_output/score2a_preagg2_2jobth1#07710851-1#65900738-1#76280150-1#31176095-1#57163871-1#58170979 root@10.108.222.187:/jupiter/circe_input/
INFO:ccdag_utils.py:runtime_stat:{"task_name": "score2a", "event": "queue_end_process", "filename": "score2a_preagg2_2jobth1#07710851-1#65900738-1#76280150-1#31176095-1#57163871-1#58170979", "unix_time": 1620681132.0128095}
DEBUG:transfer.py:transfer successful!
INFO:circe.py:runtime_stat:{"task_name": "circe", "event": "new_input_file", "filename": "lccenc2_score2a_1#68461072-1#50767546-1#12556607-1#09435234-1#67110569-1#28107718jobid3.csv", "unix_time": 1620681177.1472273}
INFO:ccdag_utils.py:runtime_stat:{"task_name": "score2a", "event": "queue_start_process", "filename": "lccenc2_score2a_1#68461072-1#50767546-1#12556607-1#09435234-1#67110569-1#28107718jobid3.csv", "unix_time": 1620681178.0644703}
['schoolbus21.JPEG', 'schoolbus22.JPEG', 'schoolbus23.JPEG', 'schoolbus24.JPEG', 'schoolbus25.JPEG', 'schoolbus26.JPEG', 'schoolbus27.JPEG', 'schoolbus28.JPEG', 'schoolbus29.JPEG', 'schoolbus30.JPEG']
INFO:circe.py:runtime_stat:{"task_name": "circe", "event": "new_output_file", "filename": "score2a_preagg2_3jobth1#68461072-1#50767546-1#12556607-1#09435234-1#67110569-1#28107718", "unix_time": 1620681189.58671}
DEBUG:transfer.py:sshpass -p PASSWORD scp -P 5000 -o StrictHostKeyChecking=no /jupiter/circe_output/score2a_preagg2_3jobth1#68461072-1#50767546-1#12556607-1#09435234-1#67110569-1#28107718 root@10.108.222.187:/jupiter/circe_input/
INFO:ccdag_utils.py:runtime_stat:{"task_name": "score2a", "event": "queue_end_process", "filename": "score2a_preagg2_3jobth1#68461072-1#50767546-1#12556607-1#09435234-1#67110569-1#28107718", "unix_time": 1620681189.5982292}
DEBUG:transfer.py:transfer successful!
INFO:circe.py:runtime_stat:{"task_name": "circe", "event": "new_input_file", "filename": "lccenc2_score2a_1#34880305-1#87461323-1#24313818-1#32386067-1#14328504-1#54451339jobid4.csv", "unix_time": 1620681215.680363}
INFO:ccdag_utils.py:runtime_stat:{"task_name": "score2a", "event": "queue_start_process", "filename": "lccenc2_score2a_1#34880305-1#87461323-1#24313818-1#32386067-1#14328504-1#54451339jobid4.csv", "unix_time": 1620681216.6273403}
['schoolbus21.JPEG', 'schoolbus22.JPEG', 'schoolbus23.JPEG', 'schoolbus24.JPEG', 'schoolbus25.JPEG', 'schoolbus26.JPEG', 'schoolbus27.JPEG', 'schoolbus28.JPEG', 'schoolbus29.JPEG', 'schoolbus30.JPEG']
INFO:circe.py:runtime_stat:{"task_name": "circe", "event": "new_output_file", "filename": "score2a_preagg2_4jobth1#34880305-1#87461323-1#24313818-1#32386067-1#14328504-1#54451339", "unix_time": 1620681228.1599514}
DEBUG:transfer.py:sshpass -p PASSWORD scp -P 5000 -o StrictHostKeyChecking=no /jupiter/circe_output/score2a_preagg2_4jobth1#34880305-1#87461323-1#24313818-1#32386067-1#14328504-1#54451339 root@10.108.222.187:/jupiter/circe_input/
INFO:ccdag_utils.py:runtime_stat:{"task_name": "score2a", "event": "queue_end_process", "filename": "score2a_preagg2_4jobth1#34880305-1#87461323-1#24313818-1#32386067-1#14328504-1#54451339", "unix_time": 1620681228.1687353}
DEBUG:transfer.py:transfer successful!
INFO:circe.py:runtime_stat:{"task_name": "circe", "event": "new_input_file", "filename": "lccenc2_score2a_1#57739654-1#70172475-1#63143571-1#44687018-1#96978883-1#03415352jobid5.csv", "unix_time": 1620681244.182824}
['schoolbus21.JPEG', 'schoolbus22.JPEG', 'schoolbus23.JPEG', 'schoolbus24.JPEG', 'schoolbus25.JPEG', 'schoolbus26.JPEG', 'schoolbus27.JPEG', 'schoolbus28.JPEG', 'schoolbus29.JPEG', 'schoolbus30.JPEG']
INFO:ccdag_utils.py:runtime_stat:{"task_name": "score2a", "event": "queue_start_process", "filename": "lccenc2_score2a_1#57739654-1#70172475-1#63143571-1#44687018-1#96978883-1#03415352jobid5.csv", "unix_time": 1620681244.186386}
INFO:circe.py:runtime_stat:{"task_name": "circe", "event": "new_output_file", "filename": "score2a_preagg2_5jobth1#57739654-1#70172475-1#63143571-1#44687018-1#96978883-1#03415352", "unix_time": 1620681255.591284}
DEBUG:transfer.py:sshpass -p PASSWORD scp -P 5000 -o StrictHostKeyChecking=no /jupiter/circe_output/score2a_preagg2_5jobth1#57739654-1#70172475-1#63143571-1#44687018-1#96978883-1#03415352 root@10.108.222.187:/jupiter/circe_input/
INFO:ccdag_utils.py:runtime_stat:{"task_name": "score2a", "event": "queue_end_process", "filename": "score2a_preagg2_5jobth1#57739654-1#70172475-1#63143571-1#44687018-1#96978883-1#03415352", "unix_time": 1620681255.6007113}
DEBUG:transfer.py:transfer successful!
