 * Starting OpenBSD Secure Shell server sshd
   ...done.
INFO:circe.py:Using base script score.py
DEBUG:circe.py:starting the input monitoring process
DEBUG:circe.py:starting the output monitoring process
INFO:circe.py:runtime_stat:{"task_name": "circe", "event": "new_input_file", "filename": "lccenc1_score1c_0#11830056-0#28240947-0#64509942-0#66905017-0#89359135-0#46226264jobid1.csv", "unix_time": 1620680747.5558307}
INFO:ccdag_utils.py:runtime_stat:{"task_name": "score1c", "event": "queue_start_process", "filename": "lccenc1_score1c_0#11830056-0#28240947-0#64509942-0#66905017-0#89359135-0#46226264jobid1.csv", "unix_time": 1620680748.5290065}
['fireengine21.JPEG', 'fireengine22.JPEG', 'fireengine23.JPEG', 'fireengine24.JPEG', 'fireengine25.JPEG', 'fireengine26.JPEG', 'fireengine27.JPEG', 'fireengine28.JPEG', 'fireengine29.JPEG', 'fireengine30.JPEG']
INFO:circe.py:runtime_stat:{"task_name": "circe", "event": "new_output_file", "filename": "score1c_preagg1_1jobth0#11830056-0#28240947-0#64509942-0#66905017-0#89359135-0#46226264", "unix_time": 1620680750.4975314}
DEBUG:transfer.py:sshpass -p PASSWORD scp -P 5000 -o StrictHostKeyChecking=no /jupiter/circe_output/score1c_preagg1_1jobth0#11830056-0#28240947-0#64509942-0#66905017-0#89359135-0#46226264 root@10.103.60.93:/jupiter/circe_input/
INFO:ccdag_utils.py:runtime_stat:{"task_name": "score1c", "event": "queue_end_process", "filename": "score1c_preagg1_1jobth0#11830056-0#28240947-0#64509942-0#66905017-0#89359135-0#46226264", "unix_time": 1620680750.504927}
Warning: Permanently added '[10.103.60.93]:5000' (ECDSA) to the list of known hosts.
DEBUG:transfer.py:transfer successful!
INFO:circe.py:runtime_stat:{"task_name": "circe", "event": "new_input_file", "filename": "lccenc1_score1c_0#88587295-0#15548885-0#84955091-0#77918713-0#49831129-0#37849107jobid2.csv", "unix_time": 1620680818.451021}
INFO:ccdag_utils.py:runtime_stat:{"task_name": "score1c", "event": "queue_start_process", "filename": "lccenc1_score1c_0#88587295-0#15548885-0#84955091-0#77918713-0#49831129-0#37849107jobid2.csv", "unix_time": 1620680818.5762205}
['fireengine21.JPEG', 'fireengine22.JPEG', 'fireengine23.JPEG', 'fireengine24.JPEG', 'fireengine25.JPEG', 'fireengine26.JPEG', 'fireengine27.JPEG', 'fireengine28.JPEG', 'fireengine29.JPEG', 'fireengine30.JPEG']
INFO:circe.py:runtime_stat:{"task_name": "circe", "event": "new_output_file", "filename": "score1c_preagg1_2jobth0#88587295-0#15548885-0#84955091-0#77918713-0#49831129-0#37849107", "unix_time": 1620680820.3428886}
DEBUG:transfer.py:sshpass -p PASSWORD scp -P 5000 -o StrictHostKeyChecking=no /jupiter/circe_output/score1c_preagg1_2jobth0#88587295-0#15548885-0#84955091-0#77918713-0#49831129-0#37849107 root@10.103.60.93:/jupiter/circe_input/
INFO:ccdag_utils.py:runtime_stat:{"task_name": "score1c", "event": "queue_end_process", "filename": "score1c_preagg1_2jobth0#88587295-0#15548885-0#84955091-0#77918713-0#49831129-0#37849107", "unix_time": 1620680820.351539}
DEBUG:transfer.py:transfer successful!
INFO:circe.py:runtime_stat:{"task_name": "circe", "event": "new_input_file", "filename": "lccenc1_score1c_0#56423391-0#23815479-0#23326384-0#99856177-0#21369023-0#94734559jobid3.csv", "unix_time": 1620680848.981261}
INFO:ccdag_utils.py:runtime_stat:{"task_name": "score1c", "event": "queue_start_process", "filename": "lccenc1_score1c_0#56423391-0#23815479-0#23326384-0#99856177-0#21369023-0#94734559jobid3.csv", "unix_time": 1620680849.382655}
['fireengine21.JPEG', 'fireengine22.JPEG', 'fireengine23.JPEG', 'fireengine24.JPEG', 'fireengine25.JPEG', 'fireengine26.JPEG', 'fireengine27.JPEG', 'fireengine28.JPEG', 'fireengine29.JPEG', 'fireengine30.JPEG']
INFO:circe.py:runtime_stat:{"task_name": "circe", "event": "new_output_file", "filename": "score1c_preagg1_3jobth0#56423391-0#23815479-0#23326384-0#99856177-0#21369023-0#94734559", "unix_time": 1620680851.2372699}
DEBUG:transfer.py:sshpass -p PASSWORD scp -P 5000 -o StrictHostKeyChecking=no /jupiter/circe_output/score1c_preagg1_3jobth0#56423391-0#23815479-0#23326384-0#99856177-0#21369023-0#94734559 root@10.103.60.93:/jupiter/circe_input/
INFO:ccdag_utils.py:runtime_stat:{"task_name": "score1c", "event": "queue_end_process", "filename": "score1c_preagg1_3jobth0#56423391-0#23815479-0#23326384-0#99856177-0#21369023-0#94734559", "unix_time": 1620680851.3111718}
DEBUG:transfer.py:transfer successful!
INFO:circe.py:runtime_stat:{"task_name": "circe", "event": "new_input_file", "filename": "lccenc1_score1c_0#00776572-0#18012890-1#54843961-1#45063545-1#59058880-1#75370577jobid4.csv", "unix_time": 1620681176.5270205}
INFO:ccdag_utils.py:runtime_stat:{"task_name": "score1c", "event": "queue_start_process", "filename": "lccenc1_score1c_0#00776572-0#18012890-1#54843961-1#45063545-1#59058880-1#75370577jobid4.csv", "unix_time": 1620681176.6561494}
['fireengine21.JPEG', 'fireengine22.JPEG', 'fireengine23.JPEG', 'fireengine24.JPEG', 'fireengine25.JPEG', 'fireengine26.JPEG', 'fireengine27.JPEG', 'fireengine28.JPEG', 'fireengine29.JPEG', 'fireengine30.JPEG']
INFO:circe.py:runtime_stat:{"task_name": "circe", "event": "new_output_file", "filename": "score1c_preagg1_4jobth0#00776572-0#18012890-1#54843961-1#45063545-1#59058880-1#75370577", "unix_time": 1620681178.4166524}
DEBUG:transfer.py:sshpass -p PASSWORD scp -P 5000 -o StrictHostKeyChecking=no /jupiter/circe_output/score1c_preagg1_4jobth0#00776572-0#18012890-1#54843961-1#45063545-1#59058880-1#75370577 root@10.103.60.93:/jupiter/circe_input/
INFO:ccdag_utils.py:runtime_stat:{"task_name": "score1c", "event": "queue_end_process", "filename": "score1c_preagg1_4jobth0#00776572-0#18012890-1#54843961-1#45063545-1#59058880-1#75370577", "unix_time": 1620681178.4238644}
DEBUG:transfer.py:transfer successful!
