 * Starting OpenBSD Secure Shell server sshd
   ...done.
INFO:circe.py:Using base script lccdec.py
DEBUG:circe.py:starting the input monitoring process
DEBUG:circe.py:starting the output monitoring process
INFO:circe.py:runtime_stat:{"task_name": "circe", "event": "new_input_file", "filename": "preagg2_lccdec2_1jobthscore2a1#54138838-1#81138668-1#71548267-1#22848275-1#48499038-1#87569685", "unix_time": 1620681093.5734482}
INFO:lccdec.py:lccdec2: file rcvd from preagg2 : preagg2_lccdec2_1jobthscore2a1#54138838-1#81138668-1#71548267-1#22848275-1#48499038-1#87569685
INFO:ccdag_utils.py:runtime_stat:{"task_name": "lccdec2", "event": "queue_start_process", "filename": "preagg2_lccdec2_1jobthscore2a1#54138838-1#81138668-1#71548267-1#22848275-1#48499038-1#87569685", "unix_time": 1620681093.5745707}
INFO:circe.py:runtime_stat:{"task_name": "circe", "event": "new_input_file", "filename": "preagg2_lccdec2_1jobthscore2b1#54138838-1#81138668-1#71548267-1#22848275-1#48499038-1#87569685", "unix_time": 1620681093.797496}
INFO:lccdec.py:lccdec2: file rcvd from preagg2 : preagg2_lccdec2_1jobthscore2b1#54138838-1#81138668-1#71548267-1#22848275-1#48499038-1#87569685
INFO:ccdag_utils.py:runtime_stat:{"task_name": "lccdec2", "event": "queue_start_process", "filename": "preagg2_lccdec2_1jobthscore2b1#54138838-1#81138668-1#71548267-1#22848275-1#48499038-1#87569685", "unix_time": 1620681093.7981167}
INFO:circe.py:runtime_stat:{"task_name": "circe", "event": "new_input_file", "filename": "preagg2_lccdec2_1jobthscore2c1#54138838-1#81138668-1#71548267-1#22848275-1#48499038-1#87569685", "unix_time": 1620681094.0067554}
INFO:lccdec.py:lccdec2: file rcvd from preagg2 : preagg2_lccdec2_1jobthscore2c1#54138838-1#81138668-1#71548267-1#22848275-1#48499038-1#87569685
INFO:ccdag_utils.py:runtime_stat:{"task_name": "lccdec2", "event": "queue_start_process", "filename": "preagg2_lccdec2_1jobthscore2c1#54138838-1#81138668-1#71548267-1#22848275-1#48499038-1#87569685", "unix_time": 1620681094.0075352}
INFO:circe.py:runtime_stat:{"task_name": "circe", "event": "new_output_file", "filename": "lccdec2_home_1jobth1#54138838-1#81138668-1#71548267-1#22848275-1#48499038-1#87569685", "unix_time": 1620681094.0386493}
DEBUG:transfer.py:sshpass -p PASSWORD scp -P 5000 -o StrictHostKeyChecking=no /jupiter/circe_output/lccdec2_home_1jobth1#54138838-1#81138668-1#71548267-1#22848275-1#48499038-1#87569685 root@10.99.151.59:/jupiter/circe_input/
INFO:ccdag_utils.py:runtime_stat:{"task_name": "lccdec2", "event": "queue_end_process", "filename": "lccdec2_home_1jobth1#54138838-1#81138668-1#71548267-1#22848275-1#48499038-1#87569685", "unix_time": 1620681094.0432131}
Warning: Permanently added '[10.99.151.59]:5000' (ECDSA) to the list of known hosts.
DEBUG:transfer.py:transfer successful!
INFO:circe.py:runtime_stat:{"task_name": "circe", "event": "new_input_file", "filename": "preagg2_lccdec2_2jobthscore2a1#07710851-1#65900738-1#76280150-1#31176095-1#57163871-1#58170979", "unix_time": 1620681132.860569}
INFO:lccdec.py:lccdec2: file rcvd from preagg2 : preagg2_lccdec2_2jobthscore2a1#07710851-1#65900738-1#76280150-1#31176095-1#57163871-1#58170979
INFO:ccdag_utils.py:runtime_stat:{"task_name": "lccdec2", "event": "queue_start_process", "filename": "preagg2_lccdec2_2jobthscore2a1#07710851-1#65900738-1#76280150-1#31176095-1#57163871-1#58170979", "unix_time": 1620681132.8639476}
INFO:circe.py:runtime_stat:{"task_name": "circe", "event": "new_input_file", "filename": "preagg2_lccdec2_2jobthscore2b1#07710851-1#65900738-1#76280150-1#31176095-1#57163871-1#58170979", "unix_time": 1620681133.0800598}
INFO:lccdec.py:lccdec2: file rcvd from preagg2 : preagg2_lccdec2_2jobthscore2b1#07710851-1#65900738-1#76280150-1#31176095-1#57163871-1#58170979
INFO:ccdag_utils.py:runtime_stat:{"task_name": "lccdec2", "event": "queue_start_process", "filename": "preagg2_lccdec2_2jobthscore2b1#07710851-1#65900738-1#76280150-1#31176095-1#57163871-1#58170979", "unix_time": 1620681133.0811303}
INFO:circe.py:runtime_stat:{"task_name": "circe", "event": "new_input_file", "filename": "preagg2_lccdec2_2jobthscore2c1#07710851-1#65900738-1#76280150-1#31176095-1#57163871-1#58170979", "unix_time": 1620681133.2925968}
INFO:lccdec.py:lccdec2: file rcvd from preagg2 : preagg2_lccdec2_2jobthscore2c1#07710851-1#65900738-1#76280150-1#31176095-1#57163871-1#58170979
INFO:ccdag_utils.py:runtime_stat:{"task_name": "lccdec2", "event": "queue_start_process", "filename": "preagg2_lccdec2_2jobthscore2c1#07710851-1#65900738-1#76280150-1#31176095-1#57163871-1#58170979", "unix_time": 1620681133.2937908}
INFO:circe.py:runtime_stat:{"task_name": "circe", "event": "new_output_file", "filename": "lccdec2_home_2jobth1#07710851-1#65900738-1#76280150-1#31176095-1#57163871-1#58170979", "unix_time": 1620681133.3165953}
DEBUG:transfer.py:sshpass -p PASSWORD scp -P 5000 -o StrictHostKeyChecking=no /jupiter/circe_output/lccdec2_home_2jobth1#07710851-1#65900738-1#76280150-1#31176095-1#57163871-1#58170979 root@10.99.151.59:/jupiter/circe_input/
INFO:ccdag_utils.py:runtime_stat:{"task_name": "lccdec2", "event": "queue_end_process", "filename": "lccdec2_home_2jobth1#07710851-1#65900738-1#76280150-1#31176095-1#57163871-1#58170979", "unix_time": 1620681133.322728}
DEBUG:transfer.py:transfer successful!
INFO:circe.py:runtime_stat:{"task_name": "circe", "event": "new_input_file", "filename": "preagg2_lccdec2_3jobthscore2a1#68461072-1#50767546-1#12556607-1#09435234-1#67110569-1#28107718", "unix_time": 1620681191.088219}
INFO:lccdec.py:lccdec2: file rcvd from preagg2 : preagg2_lccdec2_3jobthscore2a1#68461072-1#50767546-1#12556607-1#09435234-1#67110569-1#28107718
INFO:ccdag_utils.py:runtime_stat:{"task_name": "lccdec2", "event": "queue_start_process", "filename": "preagg2_lccdec2_3jobthscore2a1#68461072-1#50767546-1#12556607-1#09435234-1#67110569-1#28107718", "unix_time": 1620681191.0893757}
INFO:circe.py:runtime_stat:{"task_name": "circe", "event": "new_input_file", "filename": "preagg2_lccdec2_3jobthscore2b1#68461072-1#50767546-1#12556607-1#09435234-1#67110569-1#28107718", "unix_time": 1620681191.299353}
INFO:lccdec.py:lccdec2: file rcvd from preagg2 : preagg2_lccdec2_3jobthscore2b1#68461072-1#50767546-1#12556607-1#09435234-1#67110569-1#28107718
INFO:ccdag_utils.py:runtime_stat:{"task_name": "lccdec2", "event": "queue_start_process", "filename": "preagg2_lccdec2_3jobthscore2b1#68461072-1#50767546-1#12556607-1#09435234-1#67110569-1#28107718", "unix_time": 1620681191.2999163}
INFO:circe.py:runtime_stat:{"task_name": "circe", "event": "new_input_file", "filename": "preagg2_lccdec2_3jobthscore2c1#68461072-1#50767546-1#12556607-1#09435234-1#67110569-1#28107718", "unix_time": 1620681191.549918}
INFO:lccdec.py:lccdec2: file rcvd from preagg2 : preagg2_lccdec2_3jobthscore2c1#68461072-1#50767546-1#12556607-1#09435234-1#67110569-1#28107718
INFO:ccdag_utils.py:runtime_stat:{"task_name": "lccdec2", "event": "queue_start_process", "filename": "preagg2_lccdec2_3jobthscore2c1#68461072-1#50767546-1#12556607-1#09435234-1#67110569-1#28107718", "unix_time": 1620681191.5506628}
INFO:circe.py:runtime_stat:{"task_name": "circe", "event": "new_output_file", "filename": "lccdec2_home_3jobth1#68461072-1#50767546-1#12556607-1#09435234-1#67110569-1#28107718", "unix_time": 1620681191.5752037}
DEBUG:transfer.py:sshpass -p PASSWORD scp -P 5000 -o StrictHostKeyChecking=no /jupiter/circe_output/lccdec2_home_3jobth1#68461072-1#50767546-1#12556607-1#09435234-1#67110569-1#28107718 root@10.99.151.59:/jupiter/circe_input/
INFO:ccdag_utils.py:runtime_stat:{"task_name": "lccdec2", "event": "queue_end_process", "filename": "lccdec2_home_3jobth1#68461072-1#50767546-1#12556607-1#09435234-1#67110569-1#28107718", "unix_time": 1620681191.5795321}
DEBUG:transfer.py:transfer successful!
INFO:circe.py:runtime_stat:{"task_name": "circe", "event": "new_input_file", "filename": "preagg2_lccdec2_4jobthscore2a1#34880305-1#87461323-1#24313818-1#32386067-1#14328504-1#54451339", "unix_time": 1620681229.3350446}
INFO:lccdec.py:lccdec2: file rcvd from preagg2 : preagg2_lccdec2_4jobthscore2a1#34880305-1#87461323-1#24313818-1#32386067-1#14328504-1#54451339
INFO:ccdag_utils.py:runtime_stat:{"task_name": "lccdec2", "event": "queue_start_process", "filename": "preagg2_lccdec2_4jobthscore2a1#34880305-1#87461323-1#24313818-1#32386067-1#14328504-1#54451339", "unix_time": 1620681229.3357449}
INFO:circe.py:runtime_stat:{"task_name": "circe", "event": "new_input_file", "filename": "preagg2_lccdec2_4jobthscore2b1#34880305-1#87461323-1#24313818-1#32386067-1#14328504-1#54451339", "unix_time": 1620681229.539561}
INFO:lccdec.py:lccdec2: file rcvd from preagg2 : preagg2_lccdec2_4jobthscore2b1#34880305-1#87461323-1#24313818-1#32386067-1#14328504-1#54451339
INFO:ccdag_utils.py:runtime_stat:{"task_name": "lccdec2", "event": "queue_start_process", "filename": "preagg2_lccdec2_4jobthscore2b1#34880305-1#87461323-1#24313818-1#32386067-1#14328504-1#54451339", "unix_time": 1620681229.5404818}
INFO:circe.py:runtime_stat:{"task_name": "circe", "event": "new_input_file", "filename": "preagg2_lccdec2_4jobthscore2c1#34880305-1#87461323-1#24313818-1#32386067-1#14328504-1#54451339", "unix_time": 1620681229.7473598}
INFO:lccdec.py:lccdec2: file rcvd from preagg2 : preagg2_lccdec2_4jobthscore2c1#34880305-1#87461323-1#24313818-1#32386067-1#14328504-1#54451339
INFO:ccdag_utils.py:runtime_stat:{"task_name": "lccdec2", "event": "queue_start_process", "filename": "preagg2_lccdec2_4jobthscore2c1#34880305-1#87461323-1#24313818-1#32386067-1#14328504-1#54451339", "unix_time": 1620681229.7488387}
INFO:circe.py:runtime_stat:{"task_name": "circe", "event": "new_output_file", "filename": "lccdec2_home_4jobth1#34880305-1#87461323-1#24313818-1#32386067-1#14328504-1#54451339", "unix_time": 1620681229.771915}
DEBUG:transfer.py:sshpass -p PASSWORD scp -P 5000 -o StrictHostKeyChecking=no /jupiter/circe_output/lccdec2_home_4jobth1#34880305-1#87461323-1#24313818-1#32386067-1#14328504-1#54451339 root@10.99.151.59:/jupiter/circe_input/
INFO:ccdag_utils.py:runtime_stat:{"task_name": "lccdec2", "event": "queue_end_process", "filename": "lccdec2_home_4jobth1#34880305-1#87461323-1#24313818-1#32386067-1#14328504-1#54451339", "unix_time": 1620681229.776604}
DEBUG:transfer.py:transfer successful!
INFO:circe.py:runtime_stat:{"task_name": "circe", "event": "new_input_file", "filename": "preagg2_lccdec2_5jobthscore2a1#57739654-1#70172475-1#63143571-1#44687018-1#96978883-1#03415352", "unix_time": 1620681256.567159}
INFO:lccdec.py:lccdec2: file rcvd from preagg2 : preagg2_lccdec2_5jobthscore2a1#57739654-1#70172475-1#63143571-1#44687018-1#96978883-1#03415352
INFO:ccdag_utils.py:runtime_stat:{"task_name": "lccdec2", "event": "queue_start_process", "filename": "preagg2_lccdec2_5jobthscore2a1#57739654-1#70172475-1#63143571-1#44687018-1#96978883-1#03415352", "unix_time": 1620681256.5682492}
INFO:circe.py:runtime_stat:{"task_name": "circe", "event": "new_input_file", "filename": "preagg2_lccdec2_5jobthscore2b1#57739654-1#70172475-1#63143571-1#44687018-1#96978883-1#03415352", "unix_time": 1620681256.7871747}
INFO:lccdec.py:lccdec2: file rcvd from preagg2 : preagg2_lccdec2_5jobthscore2b1#57739654-1#70172475-1#63143571-1#44687018-1#96978883-1#03415352
INFO:ccdag_utils.py:runtime_stat:{"task_name": "lccdec2", "event": "queue_start_process", "filename": "preagg2_lccdec2_5jobthscore2b1#57739654-1#70172475-1#63143571-1#44687018-1#96978883-1#03415352", "unix_time": 1620681256.7877765}
INFO:circe.py:runtime_stat:{"task_name": "circe", "event": "new_input_file", "filename": "preagg2_lccdec2_5jobthscore2c1#57739654-1#70172475-1#63143571-1#44687018-1#96978883-1#03415352", "unix_time": 1620681256.9948573}
INFO:lccdec.py:lccdec2: file rcvd from preagg2 : preagg2_lccdec2_5jobthscore2c1#57739654-1#70172475-1#63143571-1#44687018-1#96978883-1#03415352
INFO:ccdag_utils.py:runtime_stat:{"task_name": "lccdec2", "event": "queue_start_process", "filename": "preagg2_lccdec2_5jobthscore2c1#57739654-1#70172475-1#63143571-1#44687018-1#96978883-1#03415352", "unix_time": 1620681256.995806}
INFO:circe.py:runtime_stat:{"task_name": "circe", "event": "new_output_file", "filename": "lccdec2_home_5jobth1#57739654-1#70172475-1#63143571-1#44687018-1#96978883-1#03415352", "unix_time": 1620681257.0212631}
DEBUG:transfer.py:sshpass -p PASSWORD scp -P 5000 -o StrictHostKeyChecking=no /jupiter/circe_output/lccdec2_home_5jobth1#57739654-1#70172475-1#63143571-1#44687018-1#96978883-1#03415352 root@10.99.151.59:/jupiter/circe_input/
INFO:ccdag_utils.py:runtime_stat:{"task_name": "lccdec2", "event": "queue_end_process", "filename": "lccdec2_home_5jobth1#57739654-1#70172475-1#63143571-1#44687018-1#96978883-1#03415352", "unix_time": 1620681257.0258873}
DEBUG:transfer.py:transfer successful!
