 * Starting OpenBSD Secure Shell server sshd
   ...done.
INFO:circe.py:Using base script score.py
DEBUG:circe.py:starting the input monitoring process
DEBUG:circe.py:starting the output monitoring process
INFO:circe.py:runtime_stat:{"task_name": "circe", "event": "new_input_file", "filename": "lccenc4_score4a_3#24761479-3#98120825-3#74472102-3#99489468-3#00991194-3#55349430jobid1.csv", "unix_time": 1620681148.7191455}
INFO:ccdag_utils.py:runtime_stat:{"task_name": "score4a", "event": "queue_start_process", "filename": "lccenc4_score4a_3#24761479-3#98120825-3#74472102-3#99489468-3#00991194-3#55349430jobid1.csv", "unix_time": 1620681149.4050093}
['tiger21.JPEG', 'tiger22.JPEG', 'tiger23.JPEG', 'tiger24.JPEG', 'tiger25.JPEG', 'tiger26.JPEG', 'tiger27.JPEG', 'tiger28.JPEG', 'tiger29.JPEG', 'tiger30.JPEG']
INFO:circe.py:runtime_stat:{"task_name": "circe", "event": "new_output_file", "filename": "score4a_preagg4_1jobth3#24761479-3#98120825-3#74472102-3#99489468-3#00991194-3#55349430", "unix_time": 1620681161.2520545}
DEBUG:transfer.py:sshpass -p PASSWORD scp -P 5000 -o StrictHostKeyChecking=no /jupiter/circe_output/score4a_preagg4_1jobth3#24761479-3#98120825-3#74472102-3#99489468-3#00991194-3#55349430 root@10.101.197.206:/jupiter/circe_input/
INFO:ccdag_utils.py:runtime_stat:{"task_name": "score4a", "event": "queue_end_process", "filename": "score4a_preagg4_1jobth3#24761479-3#98120825-3#74472102-3#99489468-3#00991194-3#55349430", "unix_time": 1620681161.2599127}
Warning: Permanently added '[10.101.197.206]:5000' (ECDSA) to the list of known hosts.
DEBUG:transfer.py:transfer successful!
INFO:circe.py:runtime_stat:{"task_name": "circe", "event": "new_input_file", "filename": "lccenc4_score4a_3#72952743-3#10623587-3#50848393-3#54357905-3#83970740-3#31761489jobid2.csv", "unix_time": 1620681184.8034236}
['tiger21.JPEG', 'tiger22.JPEG', 'tiger23.JPEG', 'tiger24.JPEG', 'tiger25.JPEG', 'tiger26.JPEG', 'tiger27.JPEG', 'tiger28.JPEG', 'tiger29.JPEG', 'tiger30.JPEG']
INFO:ccdag_utils.py:runtime_stat:{"task_name": "score4a", "event": "queue_start_process", "filename": "lccenc4_score4a_3#72952743-3#10623587-3#50848393-3#54357905-3#83970740-3#31761489jobid2.csv", "unix_time": 1620681185.2854645}
INFO:circe.py:runtime_stat:{"task_name": "circe", "event": "new_output_file", "filename": "score4a_preagg4_2jobth3#72952743-3#10623587-3#50848393-3#54357905-3#83970740-3#31761489", "unix_time": 1620681196.8215666}
DEBUG:transfer.py:sshpass -p PASSWORD scp -P 5000 -o StrictHostKeyChecking=no /jupiter/circe_output/score4a_preagg4_2jobth3#72952743-3#10623587-3#50848393-3#54357905-3#83970740-3#31761489 root@10.101.197.206:/jupiter/circe_input/
INFO:ccdag_utils.py:runtime_stat:{"task_name": "score4a", "event": "queue_end_process", "filename": "score4a_preagg4_2jobth3#72952743-3#10623587-3#50848393-3#54357905-3#83970740-3#31761489", "unix_time": 1620681196.82831}
DEBUG:transfer.py:transfer successful!
INFO:circe.py:runtime_stat:{"task_name": "circe", "event": "new_input_file", "filename": "lccenc4_score4a_3#94711462-3#75921535-3#87828852-3#47452060-3#55213043-3#07619465jobid3.csv", "unix_time": 1620681217.1309204}
INFO:ccdag_utils.py:runtime_stat:{"task_name": "score4a", "event": "queue_start_process", "filename": "lccenc4_score4a_3#94711462-3#75921535-3#87828852-3#47452060-3#55213043-3#07619465jobid3.csv", "unix_time": 1620681217.852974}
['tiger21.JPEG', 'tiger22.JPEG', 'tiger23.JPEG', 'tiger24.JPEG', 'tiger25.JPEG', 'tiger26.JPEG', 'tiger27.JPEG', 'tiger28.JPEG', 'tiger29.JPEG', 'tiger30.JPEG']
INFO:circe.py:runtime_stat:{"task_name": "circe", "event": "new_output_file", "filename": "score4a_preagg4_3jobth3#94711462-3#75921535-3#87828852-3#47452060-3#55213043-3#07619465", "unix_time": 1620681229.3616824}
DEBUG:transfer.py:sshpass -p PASSWORD scp -P 5000 -o StrictHostKeyChecking=no /jupiter/circe_output/score4a_preagg4_3jobth3#94711462-3#75921535-3#87828852-3#47452060-3#55213043-3#07619465 root@10.101.197.206:/jupiter/circe_input/
INFO:ccdag_utils.py:runtime_stat:{"task_name": "score4a", "event": "queue_end_process", "filename": "score4a_preagg4_3jobth3#94711462-3#75921535-3#87828852-3#47452060-3#55213043-3#07619465", "unix_time": 1620681229.3699079}
DEBUG:transfer.py:transfer successful!
INFO:circe.py:runtime_stat:{"task_name": "circe", "event": "new_input_file", "filename": "lccenc4_score4a_3#96419862-3#62788509-3#45098559-3#57505375-3#54210778-3#96812607jobid4.csv", "unix_time": 1620681260.8430977}
INFO:ccdag_utils.py:runtime_stat:{"task_name": "score4a", "event": "queue_start_process", "filename": "lccenc4_score4a_3#96419862-3#62788509-3#45098559-3#57505375-3#54210778-3#96812607jobid4.csv", "unix_time": 1620681261.4050248}
['tiger21.JPEG', 'tiger22.JPEG', 'tiger23.JPEG', 'tiger24.JPEG', 'tiger25.JPEG', 'tiger26.JPEG', 'tiger27.JPEG', 'tiger28.JPEG', 'tiger29.JPEG', 'tiger30.JPEG']
INFO:ccdag_utils.py:runtime_stat:{"task_name": "score4a", "event": "queue_end_process", "filename": "score4a_preagg4_4jobth3#96419862-3#62788509-3#45098559-3#57505375-3#54210778-3#96812607", "unix_time": 1620681272.9795969}
INFO:circe.py:runtime_stat:{"task_name": "circe", "event": "new_output_file", "filename": "score4a_preagg4_4jobth3#96419862-3#62788509-3#45098559-3#57505375-3#54210778-3#96812607", "unix_time": 1620681272.983231}
DEBUG:transfer.py:sshpass -p PASSWORD scp -P 5000 -o StrictHostKeyChecking=no /jupiter/circe_output/score4a_preagg4_4jobth3#96419862-3#62788509-3#45098559-3#57505375-3#54210778-3#96812607 root@10.101.197.206:/jupiter/circe_input/
DEBUG:transfer.py:transfer successful!
INFO:circe.py:runtime_stat:{"task_name": "circe", "event": "new_input_file", "filename": "lccenc4_score4a_3#73830820-3#24491871-3#46031323-3#76468973-3#91257356-3#21656025jobid5.csv", "unix_time": 1620681284.7003407}
INFO:ccdag_utils.py:runtime_stat:{"task_name": "score4a", "event": "queue_start_process", "filename": "lccenc4_score4a_3#73830820-3#24491871-3#46031323-3#76468973-3#91257356-3#21656025jobid5.csv", "unix_time": 1620681284.9934282}
['tiger21.JPEG', 'tiger22.JPEG', 'tiger23.JPEG', 'tiger24.JPEG', 'tiger25.JPEG', 'tiger26.JPEG', 'tiger27.JPEG', 'tiger28.JPEG', 'tiger29.JPEG', 'tiger30.JPEG']
INFO:circe.py:runtime_stat:{"task_name": "circe", "event": "new_output_file", "filename": "score4a_preagg4_5jobth3#73830820-3#24491871-3#46031323-3#76468973-3#91257356-3#21656025", "unix_time": 1620681296.504217}
DEBUG:transfer.py:sshpass -p PASSWORD scp -P 5000 -o StrictHostKeyChecking=no /jupiter/circe_output/score4a_preagg4_5jobth3#73830820-3#24491871-3#46031323-3#76468973-3#91257356-3#21656025 root@10.101.197.206:/jupiter/circe_input/
INFO:ccdag_utils.py:runtime_stat:{"task_name": "score4a", "event": "queue_end_process", "filename": "score4a_preagg4_5jobth3#73830820-3#24491871-3#46031323-3#76468973-3#91257356-3#21656025", "unix_time": 1620681296.5122578}
DEBUG:transfer.py:transfer successful!
INFO:circe.py:runtime_stat:{"task_name": "circe", "event": "new_input_file", "filename": "lccenc4_score4a_3#74553270-3#12137436-3#37359432-3#09643591-3#11917064-3#61782456jobid6.csv", "unix_time": 1620681358.445954}
INFO:ccdag_utils.py:runtime_stat:{"task_name": "score4a", "event": "queue_start_process", "filename": "lccenc4_score4a_3#74553270-3#12137436-3#37359432-3#09643591-3#11917064-3#61782456jobid6.csv", "unix_time": 1620681358.5789454}
['tiger21.JPEG', 'tiger22.JPEG', 'tiger23.JPEG', 'tiger24.JPEG', 'tiger25.JPEG', 'tiger26.JPEG', 'tiger27.JPEG', 'tiger28.JPEG', 'tiger29.JPEG', 'tiger30.JPEG']
INFO:circe.py:runtime_stat:{"task_name": "circe", "event": "new_output_file", "filename": "score4a_preagg4_6jobth3#74553270-3#12137436-3#37359432-3#09643591-3#11917064-3#61782456", "unix_time": 1620681370.073161}
DEBUG:transfer.py:sshpass -p PASSWORD scp -P 5000 -o StrictHostKeyChecking=no /jupiter/circe_output/score4a_preagg4_6jobth3#74553270-3#12137436-3#37359432-3#09643591-3#11917064-3#61782456 root@10.101.197.206:/jupiter/circe_input/
INFO:ccdag_utils.py:runtime_stat:{"task_name": "score4a", "event": "queue_end_process", "filename": "score4a_preagg4_6jobth3#74553270-3#12137436-3#37359432-3#09643591-3#11917064-3#61782456", "unix_time": 1620681370.0794423}
DEBUG:transfer.py:transfer successful!
