 * Starting OpenBSD Secure Shell server sshd
   ...done.
INFO:circe.py:Using base script storeclass.py
DEBUG:circe.py:starting the input monitoring process
DEBUG:circe.py:starting the output monitoring process
INFO:circe.py:runtime_stat:{"task_name": "circe", "event": "new_input_file", "filename": "resnet8_storeclass3_84088893imgwhitewolfjobid33.JPEG", "unix_time": 1620681185.305739}
INFO:ccdag_utils.py:runtime_stat:{"task_name": "storeclass3", "event": "queue_start_process", "filename": "resnet8_storeclass3_84088893imgwhitewolfjobid33.JPEG", "unix_time": 1620681185.697092}
INFO:ccdag_utils.py:runtime_stat:{"task_name": "storeclass3", "event": "queue_end_process", "filename": "storeclass3_lccenc3_84088893imgwhitewolfjobid33.JPEG", "unix_time": 1620681185.6987128}
INFO:circe.py:runtime_stat:{"task_name": "circe", "event": "new_output_file", "filename": "storeclass3_lccenc3_84088893imgwhitewolfjobid33.JPEG", "unix_time": 1620681185.700702}
DEBUG:transfer.py:sshpass -p PASSWORD scp -P 5000 -o StrictHostKeyChecking=no /jupiter/circe_output/storeclass3_lccenc3_84088893imgwhitewolfjobid33.JPEG root@10.105.106.145:/jupiter/circe_input/
Warning: Permanently added '[10.105.106.145]:5000' (ECDSA) to the list of known hosts.
DEBUG:transfer.py:transfer successful!
INFO:circe.py:runtime_stat:{"task_name": "circe", "event": "new_input_file", "filename": "resnet3_storeclass3_54280509imgwhitewolfjobid33.JPEG", "unix_time": 1620681198.5078862}
INFO:ccdag_utils.py:runtime_stat:{"task_name": "storeclass3", "event": "queue_start_process", "filename": "resnet3_storeclass3_54280509imgwhitewolfjobid33.JPEG", "unix_time": 1620681198.7119894}
INFO:ccdag_utils.py:runtime_stat:{"task_name": "storeclass3", "event": "queue_end_process", "filename": "storeclass3_lccenc3_54280509imgwhitewolfjobid33.JPEG", "unix_time": 1620681198.7155087}
INFO:circe.py:runtime_stat:{"task_name": "circe", "event": "new_output_file", "filename": "storeclass3_lccenc3_54280509imgwhitewolfjobid33.JPEG", "unix_time": 1620681198.7163274}
DEBUG:transfer.py:sshpass -p PASSWORD scp -P 5000 -o StrictHostKeyChecking=no /jupiter/circe_output/storeclass3_lccenc3_54280509imgwhitewolfjobid33.JPEG root@10.105.106.145:/jupiter/circe_input/
DEBUG:transfer.py:transfer successful!
INFO:circe.py:runtime_stat:{"task_name": "circe", "event": "new_input_file", "filename": "resnet6_storeclass3_13348679imgwhitewolfjobid34.JPEG", "unix_time": 1620681203.335954}
INFO:ccdag_utils.py:runtime_stat:{"task_name": "storeclass3", "event": "queue_start_process", "filename": "resnet6_storeclass3_13348679imgwhitewolfjobid34.JPEG", "unix_time": 1620681203.7305012}
INFO:ccdag_utils.py:runtime_stat:{"task_name": "storeclass3", "event": "queue_end_process", "filename": "storeclass3_lccenc3_13348679imgwhitewolfjobid34.JPEG", "unix_time": 1620681203.734553}
INFO:circe.py:runtime_stat:{"task_name": "circe", "event": "new_output_file", "filename": "storeclass3_lccenc3_13348679imgwhitewolfjobid34.JPEG", "unix_time": 1620681203.735487}
DEBUG:transfer.py:sshpass -p PASSWORD scp -P 5000 -o StrictHostKeyChecking=no /jupiter/circe_output/storeclass3_lccenc3_13348679imgwhitewolfjobid34.JPEG root@10.105.106.145:/jupiter/circe_input/
DEBUG:transfer.py:transfer successful!
INFO:circe.py:runtime_stat:{"task_name": "circe", "event": "new_input_file", "filename": "resnet2_storeclass3_22085932imgwhitewolfjobid34.JPEG", "unix_time": 1620681212.2723932}
INFO:ccdag_utils.py:runtime_stat:{"task_name": "storeclass3", "event": "queue_start_process", "filename": "resnet2_storeclass3_22085932imgwhitewolfjobid34.JPEG", "unix_time": 1620681212.7437725}
INFO:ccdag_utils.py:runtime_stat:{"task_name": "storeclass3", "event": "queue_end_process", "filename": "storeclass3_lccenc3_22085932imgwhitewolfjobid34.JPEG", "unix_time": 1620681212.7452722}
INFO:circe.py:runtime_stat:{"task_name": "circe", "event": "new_output_file", "filename": "storeclass3_lccenc3_22085932imgwhitewolfjobid34.JPEG", "unix_time": 1620681212.7466373}
DEBUG:transfer.py:sshpass -p PASSWORD scp -P 5000 -o StrictHostKeyChecking=no /jupiter/circe_output/storeclass3_lccenc3_22085932imgwhitewolfjobid34.JPEG root@10.105.106.145:/jupiter/circe_input/
DEBUG:transfer.py:transfer successful!
INFO:circe.py:runtime_stat:{"task_name": "circe", "event": "new_input_file", "filename": "resnet3_storeclass3_30303300imgwhitewolfjobid34.JPEG", "unix_time": 1620681213.0067937}
INFO:ccdag_utils.py:runtime_stat:{"task_name": "storeclass3", "event": "queue_start_process", "filename": "resnet3_storeclass3_30303300imgwhitewolfjobid34.JPEG", "unix_time": 1620681213.746888}
INFO:ccdag_utils.py:runtime_stat:{"task_name": "storeclass3", "event": "queue_end_process", "filename": "storeclass3_lccenc3_30303300imgwhitewolfjobid34.JPEG", "unix_time": 1620681213.7516925}
INFO:circe.py:runtime_stat:{"task_name": "circe", "event": "new_output_file", "filename": "storeclass3_lccenc3_30303300imgwhitewolfjobid34.JPEG", "unix_time": 1620681213.7529666}
DEBUG:transfer.py:sshpass -p PASSWORD scp -P 5000 -o StrictHostKeyChecking=no /jupiter/circe_output/storeclass3_lccenc3_30303300imgwhitewolfjobid34.JPEG root@10.105.106.145:/jupiter/circe_input/
DEBUG:transfer.py:transfer successful!
INFO:circe.py:runtime_stat:{"task_name": "circe", "event": "new_input_file", "filename": "resnet6_storeclass3_14107030imgwhitewolfjobid35.JPEG", "unix_time": 1620681217.190688}
INFO:ccdag_utils.py:runtime_stat:{"task_name": "storeclass3", "event": "queue_start_process", "filename": "resnet6_storeclass3_14107030imgwhitewolfjobid35.JPEG", "unix_time": 1620681217.7616885}
INFO:ccdag_utils.py:runtime_stat:{"task_name": "storeclass3", "event": "queue_end_process", "filename": "storeclass3_lccenc3_14107030imgwhitewolfjobid35.JPEG", "unix_time": 1620681217.7646139}
INFO:circe.py:runtime_stat:{"task_name": "circe", "event": "new_output_file", "filename": "storeclass3_lccenc3_14107030imgwhitewolfjobid35.JPEG", "unix_time": 1620681217.7658548}
DEBUG:transfer.py:sshpass -p PASSWORD scp -P 5000 -o StrictHostKeyChecking=no /jupiter/circe_output/storeclass3_lccenc3_14107030imgwhitewolfjobid35.JPEG root@10.105.106.145:/jupiter/circe_input/
DEBUG:transfer.py:transfer successful!
INFO:circe.py:runtime_stat:{"task_name": "circe", "event": "new_input_file", "filename": "resnet1_storeclass3_35268819imgwhitewolfjobid35.JPEG", "unix_time": 1620681222.8895326}
INFO:ccdag_utils.py:runtime_stat:{"task_name": "storeclass3", "event": "queue_start_process", "filename": "resnet1_storeclass3_35268819imgwhitewolfjobid35.JPEG", "unix_time": 1620681223.7711375}
INFO:ccdag_utils.py:runtime_stat:{"task_name": "storeclass3", "event": "queue_end_process", "filename": "storeclass3_lccenc3_35268819imgwhitewolfjobid35.JPEG", "unix_time": 1620681223.7856827}
INFO:circe.py:runtime_stat:{"task_name": "circe", "event": "new_output_file", "filename": "storeclass3_lccenc3_35268819imgwhitewolfjobid35.JPEG", "unix_time": 1620681223.787099}
DEBUG:transfer.py:sshpass -p PASSWORD scp -P 5000 -o StrictHostKeyChecking=no /jupiter/circe_output/storeclass3_lccenc3_35268819imgwhitewolfjobid35.JPEG root@10.105.106.145:/jupiter/circe_input/
DEBUG:transfer.py:transfer successful!
INFO:circe.py:runtime_stat:{"task_name": "circe", "event": "new_input_file", "filename": "resnet2_storeclass3_25384582imgwhitewolfjobid35.JPEG", "unix_time": 1620681226.2215235}
INFO:circe.py:runtime_stat:{"task_name": "circe", "event": "new_input_file", "filename": "resnet5_storeclass3_90759476imgwhitewolfjobid35.JPEG", "unix_time": 1620681226.611931}
INFO:ccdag_utils.py:runtime_stat:{"task_name": "storeclass3", "event": "queue_start_process", "filename": "resnet2_storeclass3_25384582imgwhitewolfjobid35.JPEG", "unix_time": 1620681226.7885208}
INFO:circe.py:runtime_stat:{"task_name": "circe", "event": "new_output_file", "filename": "storeclass3_lccenc3_25384582imgwhitewolfjobid35.JPEG", "unix_time": 1620681226.8022041}
DEBUG:transfer.py:sshpass -p PASSWORD scp -P 5000 -o StrictHostKeyChecking=no /jupiter/circe_output/storeclass3_lccenc3_25384582imgwhitewolfjobid35.JPEG root@10.105.106.145:/jupiter/circe_input/
INFO:ccdag_utils.py:runtime_stat:{"task_name": "storeclass3", "event": "queue_end_process", "filename": "storeclass3_lccenc3_25384582imgwhitewolfjobid35.JPEG", "unix_time": 1620681226.802855}
INFO:ccdag_utils.py:runtime_stat:{"task_name": "storeclass3", "event": "queue_start_process", "filename": "resnet5_storeclass3_90759476imgwhitewolfjobid35.JPEG", "unix_time": 1620681226.807258}
INFO:ccdag_utils.py:runtime_stat:{"task_name": "storeclass3", "event": "queue_end_process", "filename": "storeclass3_lccenc3_90759476imgwhitewolfjobid35.JPEG", "unix_time": 1620681226.8115008}
DEBUG:transfer.py:transfer successful!
INFO:circe.py:runtime_stat:{"task_name": "circe", "event": "new_output_file", "filename": "storeclass3_lccenc3_90759476imgwhitewolfjobid35.JPEG", "unix_time": 1620681227.0221562}
DEBUG:transfer.py:sshpass -p PASSWORD scp -P 5000 -o StrictHostKeyChecking=no /jupiter/circe_output/storeclass3_lccenc3_90759476imgwhitewolfjobid35.JPEG root@10.105.106.145:/jupiter/circe_input/
DEBUG:transfer.py:transfer successful!
INFO:circe.py:runtime_stat:{"task_name": "circe", "event": "new_input_file", "filename": "resnet8_storeclass3_46907414imgwhitewolfjobid36.JPEG", "unix_time": 1620681227.5145576}
INFO:ccdag_utils.py:runtime_stat:{"task_name": "storeclass3", "event": "queue_start_process", "filename": "resnet8_storeclass3_46907414imgwhitewolfjobid36.JPEG", "unix_time": 1620681227.813419}
INFO:ccdag_utils.py:runtime_stat:{"task_name": "storeclass3", "event": "queue_end_process", "filename": "storeclass3_lccenc3_46907414imgwhitewolfjobid36.JPEG", "unix_time": 1620681227.8167124}
INFO:circe.py:runtime_stat:{"task_name": "circe", "event": "new_output_file", "filename": "storeclass3_lccenc3_46907414imgwhitewolfjobid36.JPEG", "unix_time": 1620681227.8174949}
DEBUG:transfer.py:sshpass -p PASSWORD scp -P 5000 -o StrictHostKeyChecking=no /jupiter/circe_output/storeclass3_lccenc3_46907414imgwhitewolfjobid36.JPEG root@10.105.106.145:/jupiter/circe_input/
DEBUG:transfer.py:transfer successful!
INFO:circe.py:runtime_stat:{"task_name": "circe", "event": "new_input_file", "filename": "resnet1_storeclass3_14958690imgwhitewolfjobid36.JPEG", "unix_time": 1620681236.4025924}
INFO:ccdag_utils.py:runtime_stat:{"task_name": "storeclass3", "event": "queue_start_process", "filename": "resnet1_storeclass3_14958690imgwhitewolfjobid36.JPEG", "unix_time": 1620681236.8270798}
INFO:ccdag_utils.py:runtime_stat:{"task_name": "storeclass3", "event": "queue_end_process", "filename": "storeclass3_lccenc3_14958690imgwhitewolfjobid36.JPEG", "unix_time": 1620681236.8336773}
INFO:circe.py:runtime_stat:{"task_name": "circe", "event": "new_output_file", "filename": "storeclass3_lccenc3_14958690imgwhitewolfjobid36.JPEG", "unix_time": 1620681236.8342836}
DEBUG:transfer.py:sshpass -p PASSWORD scp -P 5000 -o StrictHostKeyChecking=no /jupiter/circe_output/storeclass3_lccenc3_14958690imgwhitewolfjobid36.JPEG root@10.105.106.145:/jupiter/circe_input/
DEBUG:transfer.py:transfer successful!
INFO:circe.py:runtime_stat:{"task_name": "circe", "event": "new_input_file", "filename": "resnet5_storeclass3_33360641imgwhitewolfjobid36.JPEG", "unix_time": 1620681240.1033788}
INFO:circe.py:runtime_stat:{"task_name": "circe", "event": "new_input_file", "filename": "resnet8_storeclass3_76257570imgwhitewolfjobid37.JPEG", "unix_time": 1620681240.7579718}
INFO:ccdag_utils.py:runtime_stat:{"task_name": "storeclass3", "event": "queue_start_process", "filename": "resnet5_storeclass3_33360641imgwhitewolfjobid36.JPEG", "unix_time": 1620681240.8397493}
INFO:ccdag_utils.py:runtime_stat:{"task_name": "storeclass3", "event": "queue_end_process", "filename": "storeclass3_lccenc3_33360641imgwhitewolfjobid36.JPEG", "unix_time": 1620681240.8437588}
INFO:ccdag_utils.py:runtime_stat:{"task_name": "storeclass3", "event": "queue_start_process", "filename": "resnet8_storeclass3_76257570imgwhitewolfjobid37.JPEG", "unix_time": 1620681240.8445601}
INFO:circe.py:runtime_stat:{"task_name": "circe", "event": "new_output_file", "filename": "storeclass3_lccenc3_33360641imgwhitewolfjobid36.JPEG", "unix_time": 1620681240.8452768}
DEBUG:transfer.py:sshpass -p PASSWORD scp -P 5000 -o StrictHostKeyChecking=no /jupiter/circe_output/storeclass3_lccenc3_33360641imgwhitewolfjobid36.JPEG root@10.105.106.145:/jupiter/circe_input/
INFO:ccdag_utils.py:runtime_stat:{"task_name": "storeclass3", "event": "queue_end_process", "filename": "storeclass3_lccenc3_76257570imgwhitewolfjobid37.JPEG", "unix_time": 1620681240.8538015}
DEBUG:transfer.py:transfer successful!
INFO:circe.py:runtime_stat:{"task_name": "circe", "event": "new_output_file", "filename": "storeclass3_lccenc3_76257570imgwhitewolfjobid37.JPEG", "unix_time": 1620681241.0683389}
DEBUG:transfer.py:sshpass -p PASSWORD scp -P 5000 -o StrictHostKeyChecking=no /jupiter/circe_output/storeclass3_lccenc3_76257570imgwhitewolfjobid37.JPEG root@10.105.106.145:/jupiter/circe_input/
DEBUG:transfer.py:transfer successful!
INFO:circe.py:runtime_stat:{"task_name": "circe", "event": "new_input_file", "filename": "resnet0_storeclass3_24296061imgwhitewolfjobid36.JPEG", "unix_time": 1620681242.8322263}
INFO:ccdag_utils.py:runtime_stat:{"task_name": "storeclass3", "event": "queue_start_process", "filename": "resnet0_storeclass3_24296061imgwhitewolfjobid36.JPEG", "unix_time": 1620681242.859798}
INFO:ccdag_utils.py:runtime_stat:{"task_name": "storeclass3", "event": "queue_end_process", "filename": "storeclass3_lccenc3_24296061imgwhitewolfjobid36.JPEG", "unix_time": 1620681242.8611488}
INFO:circe.py:runtime_stat:{"task_name": "circe", "event": "new_output_file", "filename": "storeclass3_lccenc3_24296061imgwhitewolfjobid36.JPEG", "unix_time": 1620681242.8686388}
DEBUG:transfer.py:sshpass -p PASSWORD scp -P 5000 -o StrictHostKeyChecking=no /jupiter/circe_output/storeclass3_lccenc3_24296061imgwhitewolfjobid36.JPEG root@10.105.106.145:/jupiter/circe_input/
DEBUG:transfer.py:transfer successful!
INFO:circe.py:runtime_stat:{"task_name": "circe", "event": "new_input_file", "filename": "resnet3_storeclass3_00830455imgwhitewolfjobid37.JPEG", "unix_time": 1620681253.4946384}
INFO:ccdag_utils.py:runtime_stat:{"task_name": "storeclass3", "event": "queue_start_process", "filename": "resnet3_storeclass3_00830455imgwhitewolfjobid37.JPEG", "unix_time": 1620681253.8790665}
INFO:circe.py:runtime_stat:{"task_name": "circe", "event": "new_output_file", "filename": "storeclass3_lccenc3_00830455imgwhitewolfjobid37.JPEG", "unix_time": 1620681253.8911529}
DEBUG:transfer.py:sshpass -p PASSWORD scp -P 5000 -o StrictHostKeyChecking=no /jupiter/circe_output/storeclass3_lccenc3_00830455imgwhitewolfjobid37.JPEG root@10.105.106.145:/jupiter/circe_input/
INFO:ccdag_utils.py:runtime_stat:{"task_name": "storeclass3", "event": "queue_end_process", "filename": "storeclass3_lccenc3_00830455imgwhitewolfjobid37.JPEG", "unix_time": 1620681253.8963847}
DEBUG:transfer.py:transfer successful!
INFO:circe.py:runtime_stat:{"task_name": "circe", "event": "new_input_file", "filename": "resnet0_storeclass3_10063904imgwhitewolfjobid37.JPEG", "unix_time": 1620681256.2733037}
INFO:ccdag_utils.py:runtime_stat:{"task_name": "storeclass3", "event": "queue_start_process", "filename": "resnet0_storeclass3_10063904imgwhitewolfjobid37.JPEG", "unix_time": 1620681256.9017653}
INFO:ccdag_utils.py:runtime_stat:{"task_name": "storeclass3", "event": "queue_end_process", "filename": "storeclass3_lccenc3_10063904imgwhitewolfjobid37.JPEG", "unix_time": 1620681256.9028318}
INFO:circe.py:runtime_stat:{"task_name": "circe", "event": "new_output_file", "filename": "storeclass3_lccenc3_10063904imgwhitewolfjobid37.JPEG", "unix_time": 1620681256.9042025}
DEBUG:transfer.py:sshpass -p PASSWORD scp -P 5000 -o StrictHostKeyChecking=no /jupiter/circe_output/storeclass3_lccenc3_10063904imgwhitewolfjobid37.JPEG root@10.105.106.145:/jupiter/circe_input/
DEBUG:transfer.py:transfer successful!
INFO:circe.py:runtime_stat:{"task_name": "circe", "event": "new_input_file", "filename": "resnet4_storeclass3_03945551imgwhitewolfjobid33.JPEG", "unix_time": 1620681260.5935118}
INFO:circe.py:runtime_stat:{"task_name": "circe", "event": "new_input_file", "filename": "resnet7_storeclass3_48422239imgwhitewolfjobid33.JPEG", "unix_time": 1620681260.657049}
INFO:ccdag_utils.py:runtime_stat:{"task_name": "storeclass3", "event": "queue_start_process", "filename": "resnet4_storeclass3_03945551imgwhitewolfjobid33.JPEG", "unix_time": 1620681260.9089375}
INFO:ccdag_utils.py:runtime_stat:{"task_name": "storeclass3", "event": "queue_end_process", "filename": "storeclass3_lccenc3_03945551imgwhitewolfjobid33.JPEG", "unix_time": 1620681260.9217086}
INFO:ccdag_utils.py:runtime_stat:{"task_name": "storeclass3", "event": "queue_start_process", "filename": "resnet7_storeclass3_48422239imgwhitewolfjobid33.JPEG", "unix_time": 1620681260.9226117}
INFO:circe.py:runtime_stat:{"task_name": "circe", "event": "new_output_file", "filename": "storeclass3_lccenc3_03945551imgwhitewolfjobid33.JPEG", "unix_time": 1620681260.923805}
DEBUG:transfer.py:sshpass -p PASSWORD scp -P 5000 -o StrictHostKeyChecking=no /jupiter/circe_output/storeclass3_lccenc3_03945551imgwhitewolfjobid33.JPEG root@10.105.106.145:/jupiter/circe_input/
INFO:ccdag_utils.py:runtime_stat:{"task_name": "storeclass3", "event": "queue_end_process", "filename": "storeclass3_lccenc3_48422239imgwhitewolfjobid33.JPEG", "unix_time": 1620681260.932818}
DEBUG:transfer.py:transfer successful!
INFO:circe.py:runtime_stat:{"task_name": "circe", "event": "new_output_file", "filename": "storeclass3_lccenc3_48422239imgwhitewolfjobid33.JPEG", "unix_time": 1620681261.1680086}
DEBUG:transfer.py:sshpass -p PASSWORD scp -P 5000 -o StrictHostKeyChecking=no /jupiter/circe_output/storeclass3_lccenc3_48422239imgwhitewolfjobid33.JPEG root@10.105.106.145:/jupiter/circe_input/
DEBUG:transfer.py:transfer successful!
INFO:circe.py:runtime_stat:{"task_name": "circe", "event": "new_input_file", "filename": "resnet2_storeclass3_87776850imgwhitewolfjobid38.JPEG", "unix_time": 1620681266.8887403}
INFO:ccdag_utils.py:runtime_stat:{"task_name": "storeclass3", "event": "queue_start_process", "filename": "resnet2_storeclass3_87776850imgwhitewolfjobid38.JPEG", "unix_time": 1620681266.941407}
INFO:ccdag_utils.py:runtime_stat:{"task_name": "storeclass3", "event": "queue_end_process", "filename": "storeclass3_lccenc3_87776850imgwhitewolfjobid38.JPEG", "unix_time": 1620681266.9460099}
INFO:circe.py:runtime_stat:{"task_name": "circe", "event": "new_output_file", "filename": "storeclass3_lccenc3_87776850imgwhitewolfjobid38.JPEG", "unix_time": 1620681266.9466429}
DEBUG:transfer.py:sshpass -p PASSWORD scp -P 5000 -o StrictHostKeyChecking=no /jupiter/circe_output/storeclass3_lccenc3_87776850imgwhitewolfjobid38.JPEG root@10.105.106.145:/jupiter/circe_input/
DEBUG:transfer.py:transfer successful!
INFO:circe.py:runtime_stat:{"task_name": "circe", "event": "new_input_file", "filename": "resnet3_storeclass3_83444187imgwhitewolfjobid38.JPEG", "unix_time": 1620681267.6817665}
INFO:ccdag_utils.py:runtime_stat:{"task_name": "storeclass3", "event": "queue_start_process", "filename": "resnet3_storeclass3_83444187imgwhitewolfjobid38.JPEG", "unix_time": 1620681267.9474583}
INFO:ccdag_utils.py:runtime_stat:{"task_name": "storeclass3", "event": "queue_end_process", "filename": "storeclass3_lccenc3_83444187imgwhitewolfjobid38.JPEG", "unix_time": 1620681267.950221}
INFO:circe.py:runtime_stat:{"task_name": "circe", "event": "new_output_file", "filename": "storeclass3_lccenc3_83444187imgwhitewolfjobid38.JPEG", "unix_time": 1620681267.9514277}
DEBUG:transfer.py:sshpass -p PASSWORD scp -P 5000 -o StrictHostKeyChecking=no /jupiter/circe_output/storeclass3_lccenc3_83444187imgwhitewolfjobid38.JPEG root@10.105.106.145:/jupiter/circe_input/
DEBUG:transfer.py:transfer successful!
INFO:circe.py:runtime_stat:{"task_name": "circe", "event": "new_input_file", "filename": "resnet8_storeclass3_27706248imgwhitewolfjobid39.JPEG", "unix_time": 1620681270.1163926}
INFO:ccdag_utils.py:runtime_stat:{"task_name": "storeclass3", "event": "queue_start_process", "filename": "resnet8_storeclass3_27706248imgwhitewolfjobid39.JPEG", "unix_time": 1620681270.952933}
INFO:ccdag_utils.py:runtime_stat:{"task_name": "storeclass3", "event": "queue_end_process", "filename": "storeclass3_lccenc3_27706248imgwhitewolfjobid39.JPEG", "unix_time": 1620681270.9598155}
INFO:circe.py:runtime_stat:{"task_name": "circe", "event": "new_output_file", "filename": "storeclass3_lccenc3_27706248imgwhitewolfjobid39.JPEG", "unix_time": 1620681270.9609406}
DEBUG:transfer.py:sshpass -p PASSWORD scp -P 5000 -o StrictHostKeyChecking=no /jupiter/circe_output/storeclass3_lccenc3_27706248imgwhitewolfjobid39.JPEG root@10.105.106.145:/jupiter/circe_input/
DEBUG:transfer.py:transfer successful!
INFO:circe.py:runtime_stat:{"task_name": "circe", "event": "new_input_file", "filename": "resnet7_storeclass3_52515248imgwhitewolfjobid34.JPEG", "unix_time": 1620681276.48793}
INFO:ccdag_utils.py:runtime_stat:{"task_name": "storeclass3", "event": "queue_start_process", "filename": "resnet7_storeclass3_52515248imgwhitewolfjobid34.JPEG", "unix_time": 1620681276.9693482}
INFO:circe.py:runtime_stat:{"task_name": "circe", "event": "new_output_file", "filename": "storeclass3_lccenc3_52515248imgwhitewolfjobid34.JPEG", "unix_time": 1620681276.9750347}
DEBUG:transfer.py:sshpass -p PASSWORD scp -P 5000 -o StrictHostKeyChecking=no /jupiter/circe_output/storeclass3_lccenc3_52515248imgwhitewolfjobid34.JPEG root@10.105.106.145:/jupiter/circe_input/
INFO:ccdag_utils.py:runtime_stat:{"task_name": "storeclass3", "event": "queue_end_process", "filename": "storeclass3_lccenc3_52515248imgwhitewolfjobid34.JPEG", "unix_time": 1620681276.976075}
DEBUG:transfer.py:transfer successful!
INFO:circe.py:runtime_stat:{"task_name": "circe", "event": "new_input_file", "filename": "resnet8_storeclass3_90832697imgwhitewolfjobid40.JPEG", "unix_time": 1620681283.6180341}
INFO:ccdag_utils.py:runtime_stat:{"task_name": "storeclass3", "event": "queue_start_process", "filename": "resnet8_storeclass3_90832697imgwhitewolfjobid40.JPEG", "unix_time": 1620681283.986652}
INFO:ccdag_utils.py:runtime_stat:{"task_name": "storeclass3", "event": "queue_end_process", "filename": "storeclass3_lccenc3_90832697imgwhitewolfjobid40.JPEG", "unix_time": 1620681283.9901776}
INFO:circe.py:runtime_stat:{"task_name": "circe", "event": "new_output_file", "filename": "storeclass3_lccenc3_90832697imgwhitewolfjobid40.JPEG", "unix_time": 1620681283.9909432}
DEBUG:transfer.py:sshpass -p PASSWORD scp -P 5000 -o StrictHostKeyChecking=no /jupiter/circe_output/storeclass3_lccenc3_90832697imgwhitewolfjobid40.JPEG root@10.105.106.145:/jupiter/circe_input/
DEBUG:transfer.py:transfer successful!
INFO:circe.py:runtime_stat:{"task_name": "circe", "event": "new_input_file", "filename": "resnet6_storeclass3_83597870imgwhitewolfjobid40.JPEG", "unix_time": 1620681285.0702574}
INFO:ccdag_utils.py:runtime_stat:{"task_name": "storeclass3", "event": "queue_start_process", "filename": "resnet6_storeclass3_83597870imgwhitewolfjobid40.JPEG", "unix_time": 1620681285.9996855}
INFO:ccdag_utils.py:runtime_stat:{"task_name": "storeclass3", "event": "queue_end_process", "filename": "storeclass3_lccenc3_83597870imgwhitewolfjobid40.JPEG", "unix_time": 1620681286.0010269}
INFO:circe.py:runtime_stat:{"task_name": "circe", "event": "new_output_file", "filename": "storeclass3_lccenc3_83597870imgwhitewolfjobid40.JPEG", "unix_time": 1620681286.0020761}
DEBUG:transfer.py:sshpass -p PASSWORD scp -P 5000 -o StrictHostKeyChecking=no /jupiter/circe_output/storeclass3_lccenc3_83597870imgwhitewolfjobid40.JPEG root@10.105.106.145:/jupiter/circe_input/
DEBUG:transfer.py:transfer successful!
INFO:circe.py:runtime_stat:{"task_name": "circe", "event": "new_input_file", "filename": "resnet1_storeclass3_92320853imgwhitewolfjobid40.JPEG", "unix_time": 1620681291.077895}
INFO:ccdag_utils.py:runtime_stat:{"task_name": "storeclass3", "event": "queue_start_process", "filename": "resnet1_storeclass3_92320853imgwhitewolfjobid40.JPEG", "unix_time": 1620681292.007824}
INFO:ccdag_utils.py:runtime_stat:{"task_name": "storeclass3", "event": "queue_end_process", "filename": "storeclass3_lccenc3_92320853imgwhitewolfjobid40.JPEG", "unix_time": 1620681292.0155883}
INFO:circe.py:runtime_stat:{"task_name": "circe", "event": "new_output_file", "filename": "storeclass3_lccenc3_92320853imgwhitewolfjobid40.JPEG", "unix_time": 1620681292.016563}
DEBUG:transfer.py:sshpass -p PASSWORD scp -P 5000 -o StrictHostKeyChecking=no /jupiter/circe_output/storeclass3_lccenc3_92320853imgwhitewolfjobid40.JPEG root@10.105.106.145:/jupiter/circe_input/
DEBUG:transfer.py:transfer successful!
INFO:circe.py:runtime_stat:{"task_name": "circe", "event": "new_input_file", "filename": "resnet5_storeclass3_65628015imgwhitewolfjobid40.JPEG", "unix_time": 1620681294.7052312}
INFO:circe.py:runtime_stat:{"task_name": "circe", "event": "new_input_file", "filename": "resnet2_storeclass3_17562102imgwhitewolfjobid40.JPEG", "unix_time": 1620681294.7348027}
INFO:circe.py:runtime_stat:{"task_name": "circe", "event": "new_input_file", "filename": "resnet3_storeclass3_16323775imgwhitewolfjobid40.JPEG", "unix_time": 1620681294.8688052}
INFO:ccdag_utils.py:runtime_stat:{"task_name": "storeclass3", "event": "queue_start_process", "filename": "resnet5_storeclass3_65628015imgwhitewolfjobid40.JPEG", "unix_time": 1620681295.019472}
INFO:circe.py:runtime_stat:{"task_name": "circe", "event": "new_output_file", "filename": "storeclass3_lccenc3_65628015imgwhitewolfjobid40.JPEG", "unix_time": 1620681295.0259507}
DEBUG:transfer.py:sshpass -p PASSWORD scp -P 5000 -o StrictHostKeyChecking=no /jupiter/circe_output/storeclass3_lccenc3_65628015imgwhitewolfjobid40.JPEG root@10.105.106.145:/jupiter/circe_input/
INFO:ccdag_utils.py:runtime_stat:{"task_name": "storeclass3", "event": "queue_end_process", "filename": "storeclass3_lccenc3_65628015imgwhitewolfjobid40.JPEG", "unix_time": 1620681295.0326543}
INFO:ccdag_utils.py:runtime_stat:{"task_name": "storeclass3", "event": "queue_start_process", "filename": "resnet2_storeclass3_17562102imgwhitewolfjobid40.JPEG", "unix_time": 1620681295.0341012}
INFO:ccdag_utils.py:runtime_stat:{"task_name": "storeclass3", "event": "queue_end_process", "filename": "storeclass3_lccenc3_17562102imgwhitewolfjobid40.JPEG", "unix_time": 1620681295.0367432}
INFO:ccdag_utils.py:runtime_stat:{"task_name": "storeclass3", "event": "queue_start_process", "filename": "resnet3_storeclass3_16323775imgwhitewolfjobid40.JPEG", "unix_time": 1620681295.0371137}
INFO:ccdag_utils.py:runtime_stat:{"task_name": "storeclass3", "event": "queue_end_process", "filename": "storeclass3_lccenc3_16323775imgwhitewolfjobid40.JPEG", "unix_time": 1620681295.0383995}
DEBUG:transfer.py:transfer successful!
INFO:circe.py:runtime_stat:{"task_name": "circe", "event": "new_output_file", "filename": "storeclass3_lccenc3_17562102imgwhitewolfjobid40.JPEG", "unix_time": 1620681295.2452672}
DEBUG:transfer.py:sshpass -p PASSWORD scp -P 5000 -o StrictHostKeyChecking=no /jupiter/circe_output/storeclass3_lccenc3_17562102imgwhitewolfjobid40.JPEG root@10.105.106.145:/jupiter/circe_input/
DEBUG:transfer.py:transfer successful!
INFO:circe.py:runtime_stat:{"task_name": "circe", "event": "new_output_file", "filename": "storeclass3_lccenc3_16323775imgwhitewolfjobid40.JPEG", "unix_time": 1620681295.4687462}
DEBUG:transfer.py:sshpass -p PASSWORD scp -P 5000 -o StrictHostKeyChecking=no /jupiter/circe_output/storeclass3_lccenc3_16323775imgwhitewolfjobid40.JPEG root@10.105.106.145:/jupiter/circe_input/
DEBUG:transfer.py:transfer successful!
INFO:circe.py:runtime_stat:{"task_name": "circe", "event": "new_input_file", "filename": "resnet8_storeclass3_96637215imgwhitewolfjobid41.JPEG", "unix_time": 1620681296.672448}
INFO:ccdag_utils.py:runtime_stat:{"task_name": "storeclass3", "event": "queue_start_process", "filename": "resnet8_storeclass3_96637215imgwhitewolfjobid41.JPEG", "unix_time": 1620681297.040937}
INFO:ccdag_utils.py:runtime_stat:{"task_name": "storeclass3", "event": "queue_end_process", "filename": "storeclass3_lccenc3_96637215imgwhitewolfjobid41.JPEG", "unix_time": 1620681297.0471413}
INFO:circe.py:runtime_stat:{"task_name": "circe", "event": "new_output_file", "filename": "storeclass3_lccenc3_96637215imgwhitewolfjobid41.JPEG", "unix_time": 1620681297.0475802}
DEBUG:transfer.py:sshpass -p PASSWORD scp -P 5000 -o StrictHostKeyChecking=no /jupiter/circe_output/storeclass3_lccenc3_96637215imgwhitewolfjobid41.JPEG root@10.105.106.145:/jupiter/circe_input/
DEBUG:transfer.py:transfer successful!
INFO:circe.py:runtime_stat:{"task_name": "circe", "event": "new_input_file", "filename": "resnet6_storeclass3_46778847imgwhitewolfjobid41.JPEG", "unix_time": 1620681298.529558}
INFO:ccdag_utils.py:runtime_stat:{"task_name": "storeclass3", "event": "queue_start_process", "filename": "resnet6_storeclass3_46778847imgwhitewolfjobid41.JPEG", "unix_time": 1620681299.0502498}
INFO:ccdag_utils.py:runtime_stat:{"task_name": "storeclass3", "event": "queue_end_process", "filename": "storeclass3_lccenc3_46778847imgwhitewolfjobid41.JPEG", "unix_time": 1620681299.053518}
INFO:circe.py:runtime_stat:{"task_name": "circe", "event": "new_output_file", "filename": "storeclass3_lccenc3_46778847imgwhitewolfjobid41.JPEG", "unix_time": 1620681299.0541933}
DEBUG:transfer.py:sshpass -p PASSWORD scp -P 5000 -o StrictHostKeyChecking=no /jupiter/circe_output/storeclass3_lccenc3_46778847imgwhitewolfjobid41.JPEG root@10.105.106.145:/jupiter/circe_input/
DEBUG:transfer.py:transfer successful!
INFO:circe.py:runtime_stat:{"task_name": "circe", "event": "new_input_file", "filename": "resnet1_storeclass3_80538014imgwhitewolfjobid41.JPEG", "unix_time": 1620681304.6641488}
INFO:ccdag_utils.py:runtime_stat:{"task_name": "storeclass3", "event": "queue_start_process", "filename": "resnet1_storeclass3_80538014imgwhitewolfjobid41.JPEG", "unix_time": 1620681305.0608876}
INFO:circe.py:runtime_stat:{"task_name": "circe", "event": "new_output_file", "filename": "storeclass3_lccenc3_80538014imgwhitewolfjobid41.JPEG", "unix_time": 1620681305.0692887}
DEBUG:transfer.py:sshpass -p PASSWORD scp -P 5000 -o StrictHostKeyChecking=no /jupiter/circe_output/storeclass3_lccenc3_80538014imgwhitewolfjobid41.JPEG root@10.105.106.145:/jupiter/circe_input/
INFO:ccdag_utils.py:runtime_stat:{"task_name": "storeclass3", "event": "queue_end_process", "filename": "storeclass3_lccenc3_80538014imgwhitewolfjobid41.JPEG", "unix_time": 1620681305.0698068}
DEBUG:transfer.py:transfer successful!
INFO:circe.py:runtime_stat:{"task_name": "circe", "event": "new_input_file", "filename": "resnet4_storeclass3_10093067imgwhitewolfjobid36.JPEG", "unix_time": 1620681306.9400098}
INFO:ccdag_utils.py:runtime_stat:{"task_name": "storeclass3", "event": "queue_start_process", "filename": "resnet4_storeclass3_10093067imgwhitewolfjobid36.JPEG", "unix_time": 1620681307.0759692}
INFO:circe.py:runtime_stat:{"task_name": "circe", "event": "new_output_file", "filename": "storeclass3_lccenc3_10093067imgwhitewolfjobid36.JPEG", "unix_time": 1620681307.0817876}
DEBUG:transfer.py:sshpass -p PASSWORD scp -P 5000 -o StrictHostKeyChecking=no /jupiter/circe_output/storeclass3_lccenc3_10093067imgwhitewolfjobid36.JPEG root@10.105.106.145:/jupiter/circe_input/
INFO:ccdag_utils.py:runtime_stat:{"task_name": "storeclass3", "event": "queue_end_process", "filename": "storeclass3_lccenc3_10093067imgwhitewolfjobid36.JPEG", "unix_time": 1620681307.0823522}
DEBUG:transfer.py:transfer successful!
INFO:circe.py:runtime_stat:{"task_name": "circe", "event": "new_input_file", "filename": "resnet5_storeclass3_26649368imgwhitewolfjobid41.JPEG", "unix_time": 1620681308.1098282}
INFO:circe.py:runtime_stat:{"task_name": "circe", "event": "new_input_file", "filename": "resnet2_storeclass3_79669479imgwhitewolfjobid41.JPEG", "unix_time": 1620681308.3464081}
INFO:circe.py:runtime_stat:{"task_name": "circe", "event": "new_input_file", "filename": "resnet3_storeclass3_38886135imgwhitewolfjobid41.JPEG", "unix_time": 1620681308.3897395}
INFO:ccdag_utils.py:runtime_stat:{"task_name": "storeclass3", "event": "queue_start_process", "filename": "resnet5_storeclass3_26649368imgwhitewolfjobid41.JPEG", "unix_time": 1620681309.0888548}
INFO:ccdag_utils.py:runtime_stat:{"task_name": "storeclass3", "event": "queue_end_process", "filename": "storeclass3_lccenc3_26649368imgwhitewolfjobid41.JPEG", "unix_time": 1620681309.0945792}
INFO:ccdag_utils.py:runtime_stat:{"task_name": "storeclass3", "event": "queue_start_process", "filename": "resnet2_storeclass3_79669479imgwhitewolfjobid41.JPEG", "unix_time": 1620681309.0949771}
INFO:circe.py:runtime_stat:{"task_name": "circe", "event": "new_output_file", "filename": "storeclass3_lccenc3_26649368imgwhitewolfjobid41.JPEG", "unix_time": 1620681309.0971174}
DEBUG:transfer.py:sshpass -p PASSWORD scp -P 5000 -o StrictHostKeyChecking=no /jupiter/circe_output/storeclass3_lccenc3_26649368imgwhitewolfjobid41.JPEG root@10.105.106.145:/jupiter/circe_input/
INFO:ccdag_utils.py:runtime_stat:{"task_name": "storeclass3", "event": "queue_end_process", "filename": "storeclass3_lccenc3_79669479imgwhitewolfjobid41.JPEG", "unix_time": 1620681309.1101422}
INFO:ccdag_utils.py:runtime_stat:{"task_name": "storeclass3", "event": "queue_start_process", "filename": "resnet3_storeclass3_38886135imgwhitewolfjobid41.JPEG", "unix_time": 1620681309.1108367}
INFO:ccdag_utils.py:runtime_stat:{"task_name": "storeclass3", "event": "queue_end_process", "filename": "storeclass3_lccenc3_38886135imgwhitewolfjobid41.JPEG", "unix_time": 1620681309.114161}
DEBUG:transfer.py:transfer successful!
INFO:circe.py:runtime_stat:{"task_name": "circe", "event": "new_output_file", "filename": "storeclass3_lccenc3_79669479imgwhitewolfjobid41.JPEG", "unix_time": 1620681309.3583543}
DEBUG:transfer.py:sshpass -p PASSWORD scp -P 5000 -o StrictHostKeyChecking=no /jupiter/circe_output/storeclass3_lccenc3_79669479imgwhitewolfjobid41.JPEG root@10.105.106.145:/jupiter/circe_input/
DEBUG:transfer.py:transfer successful!
INFO:circe.py:runtime_stat:{"task_name": "circe", "event": "new_output_file", "filename": "storeclass3_lccenc3_38886135imgwhitewolfjobid41.JPEG", "unix_time": 1620681309.575556}
DEBUG:transfer.py:sshpass -p PASSWORD scp -P 5000 -o StrictHostKeyChecking=no /jupiter/circe_output/storeclass3_lccenc3_38886135imgwhitewolfjobid41.JPEG root@10.105.106.145:/jupiter/circe_input/
DEBUG:transfer.py:transfer successful!
INFO:circe.py:runtime_stat:{"task_name": "circe", "event": "new_input_file", "filename": "resnet0_storeclass3_00498530imgwhitewolfjobid41.JPEG", "unix_time": 1620681311.7381158}
INFO:ccdag_utils.py:runtime_stat:{"task_name": "storeclass3", "event": "queue_start_process", "filename": "resnet0_storeclass3_00498530imgwhitewolfjobid41.JPEG", "unix_time": 1620681312.1170743}
INFO:ccdag_utils.py:runtime_stat:{"task_name": "storeclass3", "event": "queue_end_process", "filename": "storeclass3_lccenc3_00498530imgwhitewolfjobid41.JPEG", "unix_time": 1620681312.1217337}
INFO:circe.py:runtime_stat:{"task_name": "circe", "event": "new_output_file", "filename": "storeclass3_lccenc3_00498530imgwhitewolfjobid41.JPEG", "unix_time": 1620681312.1229272}
DEBUG:transfer.py:sshpass -p PASSWORD scp -P 5000 -o StrictHostKeyChecking=no /jupiter/circe_output/storeclass3_lccenc3_00498530imgwhitewolfjobid41.JPEG root@10.105.106.145:/jupiter/circe_input/
DEBUG:transfer.py:transfer successful!
INFO:circe.py:runtime_stat:{"task_name": "circe", "event": "new_input_file", "filename": "resnet4_storeclass3_42875287imgwhitewolfjobid37.JPEG", "unix_time": 1620681323.288576}
INFO:circe.py:runtime_stat:{"task_name": "circe", "event": "new_input_file", "filename": "resnet7_storeclass3_15681179imgwhitewolfjobid37.JPEG", "unix_time": 1620681323.325343}
INFO:ccdag_utils.py:runtime_stat:{"task_name": "storeclass3", "event": "queue_start_process", "filename": "resnet4_storeclass3_42875287imgwhitewolfjobid37.JPEG", "unix_time": 1620681324.1379392}
INFO:circe.py:runtime_stat:{"task_name": "circe", "event": "new_output_file", "filename": "storeclass3_lccenc3_42875287imgwhitewolfjobid37.JPEG", "unix_time": 1620681324.146356}
INFO:ccdag_utils.py:runtime_stat:{"task_name": "storeclass3", "event": "queue_end_process", "filename": "storeclass3_lccenc3_42875287imgwhitewolfjobid37.JPEG", "unix_time": 1620681324.1466134}
INFO:ccdag_utils.py:runtime_stat:{"task_name": "storeclass3", "event": "queue_start_process", "filename": "resnet7_storeclass3_15681179imgwhitewolfjobid37.JPEG", "unix_time": 1620681324.1476767}
DEBUG:transfer.py:sshpass -p PASSWORD scp -P 5000 -o StrictHostKeyChecking=no /jupiter/circe_output/storeclass3_lccenc3_42875287imgwhitewolfjobid37.JPEG root@10.105.106.145:/jupiter/circe_input/
INFO:ccdag_utils.py:runtime_stat:{"task_name": "storeclass3", "event": "queue_end_process", "filename": "storeclass3_lccenc3_15681179imgwhitewolfjobid37.JPEG", "unix_time": 1620681324.1523547}
DEBUG:transfer.py:transfer successful!
INFO:circe.py:runtime_stat:{"task_name": "circe", "event": "new_output_file", "filename": "storeclass3_lccenc3_15681179imgwhitewolfjobid37.JPEG", "unix_time": 1620681324.3787282}
DEBUG:transfer.py:sshpass -p PASSWORD scp -P 5000 -o StrictHostKeyChecking=no /jupiter/circe_output/storeclass3_lccenc3_15681179imgwhitewolfjobid37.JPEG root@10.105.106.145:/jupiter/circe_input/
DEBUG:transfer.py:transfer successful!
INFO:circe.py:runtime_stat:{"task_name": "circe", "event": "new_input_file", "filename": "resnet7_storeclass3_87119467imgwhitewolfjobid40.JPEG", "unix_time": 1620681369.9118423}
INFO:circe.py:runtime_stat:{"task_name": "circe", "event": "new_input_file", "filename": "resnet4_storeclass3_50326341imgwhitewolfjobid40.JPEG", "unix_time": 1620681369.9457097}
INFO:ccdag_utils.py:runtime_stat:{"task_name": "storeclass3", "event": "queue_start_process", "filename": "resnet7_storeclass3_87119467imgwhitewolfjobid40.JPEG", "unix_time": 1620681370.2014627}
INFO:ccdag_utils.py:runtime_stat:{"task_name": "storeclass3", "event": "queue_end_process", "filename": "storeclass3_lccenc3_87119467imgwhitewolfjobid40.JPEG", "unix_time": 1620681370.2111177}
INFO:ccdag_utils.py:runtime_stat:{"task_name": "storeclass3", "event": "queue_start_process", "filename": "resnet4_storeclass3_50326341imgwhitewolfjobid40.JPEG", "unix_time": 1620681370.2114534}
INFO:circe.py:runtime_stat:{"task_name": "circe", "event": "new_output_file", "filename": "storeclass3_lccenc3_87119467imgwhitewolfjobid40.JPEG", "unix_time": 1620681370.2123494}
DEBUG:transfer.py:sshpass -p PASSWORD scp -P 5000 -o StrictHostKeyChecking=no /jupiter/circe_output/storeclass3_lccenc3_87119467imgwhitewolfjobid40.JPEG root@10.105.106.145:/jupiter/circe_input/
INFO:ccdag_utils.py:runtime_stat:{"task_name": "storeclass3", "event": "queue_end_process", "filename": "storeclass3_lccenc3_50326341imgwhitewolfjobid40.JPEG", "unix_time": 1620681370.2221625}
DEBUG:transfer.py:transfer successful!
INFO:circe.py:runtime_stat:{"task_name": "circe", "event": "new_output_file", "filename": "storeclass3_lccenc3_50326341imgwhitewolfjobid40.JPEG", "unix_time": 1620681370.4338932}
DEBUG:transfer.py:sshpass -p PASSWORD scp -P 5000 -o StrictHostKeyChecking=no /jupiter/circe_output/storeclass3_lccenc3_50326341imgwhitewolfjobid40.JPEG root@10.105.106.145:/jupiter/circe_input/
DEBUG:transfer.py:transfer successful!
INFO:circe.py:runtime_stat:{"task_name": "circe", "event": "new_input_file", "filename": "resnet4_storeclass3_89572488imgwhitewolfjobid41.JPEG", "unix_time": 1620681386.3130672}
INFO:circe.py:runtime_stat:{"task_name": "circe", "event": "new_input_file", "filename": "resnet7_storeclass3_96668184imgwhitewolfjobid41.JPEG", "unix_time": 1620681386.4148595}
INFO:ccdag_utils.py:runtime_stat:{"task_name": "storeclass3", "event": "queue_start_process", "filename": "resnet4_storeclass3_89572488imgwhitewolfjobid41.JPEG", "unix_time": 1620681387.2390354}
INFO:circe.py:runtime_stat:{"task_name": "circe", "event": "new_output_file", "filename": "storeclass3_lccenc3_89572488imgwhitewolfjobid41.JPEG", "unix_time": 1620681387.2474043}
INFO:ccdag_utils.py:runtime_stat:{"task_name": "storeclass3", "event": "queue_end_process", "filename": "storeclass3_lccenc3_89572488imgwhitewolfjobid41.JPEG", "unix_time": 1620681387.247895}
DEBUG:transfer.py:sshpass -p PASSWORD scp -P 5000 -o StrictHostKeyChecking=no /jupiter/circe_output/storeclass3_lccenc3_89572488imgwhitewolfjobid41.JPEG root@10.105.106.145:/jupiter/circe_input/
INFO:ccdag_utils.py:runtime_stat:{"task_name": "storeclass3", "event": "queue_start_process", "filename": "resnet7_storeclass3_96668184imgwhitewolfjobid41.JPEG", "unix_time": 1620681387.2497203}
INFO:ccdag_utils.py:runtime_stat:{"task_name": "storeclass3", "event": "queue_end_process", "filename": "storeclass3_lccenc3_96668184imgwhitewolfjobid41.JPEG", "unix_time": 1620681387.2580574}
DEBUG:transfer.py:transfer successful!
INFO:circe.py:runtime_stat:{"task_name": "circe", "event": "new_output_file", "filename": "storeclass3_lccenc3_96668184imgwhitewolfjobid41.JPEG", "unix_time": 1620681387.485557}
DEBUG:transfer.py:sshpass -p PASSWORD scp -P 5000 -o StrictHostKeyChecking=no /jupiter/circe_output/storeclass3_lccenc3_96668184imgwhitewolfjobid41.JPEG root@10.105.106.145:/jupiter/circe_input/
DEBUG:transfer.py:transfer successful!
