 * Starting OpenBSD Secure Shell server sshd
   ...done.
INFO:circe.py:Using base script storeclass.py
DEBUG:circe.py:starting the input monitoring process
DEBUG:circe.py:starting the output monitoring process
INFO:circe.py:runtime_stat:{"task_name": "circe", "event": "new_input_file", "filename": "resnet1_storeclass8_66917458imgmongoosejobid12.JPEG", "unix_time": 1620680908.2887056}
INFO:ccdag_utils.py:runtime_stat:{"task_name": "storeclass8", "event": "queue_start_process", "filename": "resnet1_storeclass8_66917458imgmongoosejobid12.JPEG", "unix_time": 1620680908.4449682}
INFO:ccdag_utils.py:runtime_stat:{"task_name": "storeclass8", "event": "queue_end_process", "filename": "storeclass8_lccenc8_66917458imgmongoosejobid12.JPEG", "unix_time": 1620680908.450708}
INFO:circe.py:runtime_stat:{"task_name": "circe", "event": "new_output_file", "filename": "storeclass8_lccenc8_66917458imgmongoosejobid12.JPEG", "unix_time": 1620680908.4519403}
DEBUG:transfer.py:sshpass -p PASSWORD scp -P 5000 -o StrictHostKeyChecking=no /jupiter/circe_output/storeclass8_lccenc8_66917458imgmongoosejobid12.JPEG root@10.97.170.53:/jupiter/circe_input/
Warning: Permanently added '[10.97.170.53]:5000' (ECDSA) to the list of known hosts.
DEBUG:transfer.py:transfer successful!
INFO:circe.py:runtime_stat:{"task_name": "circe", "event": "new_input_file", "filename": "resnet5_storeclass8_15532517imgmongoosejobid12.JPEG", "unix_time": 1620680911.8647351}
INFO:circe.py:runtime_stat:{"task_name": "circe", "event": "new_input_file", "filename": "resnet0_storeclass8_36141654imgmongoosejobid12.JPEG", "unix_time": 1620680912.2521641}
INFO:ccdag_utils.py:runtime_stat:{"task_name": "storeclass8", "event": "queue_start_process", "filename": "resnet5_storeclass8_15532517imgmongoosejobid12.JPEG", "unix_time": 1620680912.4557621}
INFO:ccdag_utils.py:runtime_stat:{"task_name": "storeclass8", "event": "queue_end_process", "filename": "storeclass8_lccenc8_15532517imgmongoosejobid12.JPEG", "unix_time": 1620680912.4575825}
INFO:ccdag_utils.py:runtime_stat:{"task_name": "storeclass8", "event": "queue_start_process", "filename": "resnet0_storeclass8_36141654imgmongoosejobid12.JPEG", "unix_time": 1620680912.45831}
INFO:circe.py:runtime_stat:{"task_name": "circe", "event": "new_output_file", "filename": "storeclass8_lccenc8_15532517imgmongoosejobid12.JPEG", "unix_time": 1620680912.459403}
DEBUG:transfer.py:sshpass -p PASSWORD scp -P 5000 -o StrictHostKeyChecking=no /jupiter/circe_output/storeclass8_lccenc8_15532517imgmongoosejobid12.JPEG root@10.97.170.53:/jupiter/circe_input/
INFO:ccdag_utils.py:runtime_stat:{"task_name": "storeclass8", "event": "queue_end_process", "filename": "storeclass8_lccenc8_36141654imgmongoosejobid12.JPEG", "unix_time": 1620680912.4664483}
DEBUG:transfer.py:transfer successful!
INFO:circe.py:runtime_stat:{"task_name": "circe", "event": "new_output_file", "filename": "storeclass8_lccenc8_36141654imgmongoosejobid12.JPEG", "unix_time": 1620680912.6834984}
DEBUG:transfer.py:sshpass -p PASSWORD scp -P 5000 -o StrictHostKeyChecking=no /jupiter/circe_output/storeclass8_lccenc8_36141654imgmongoosejobid12.JPEG root@10.97.170.53:/jupiter/circe_input/
DEBUG:transfer.py:transfer successful!
INFO:circe.py:runtime_stat:{"task_name": "circe", "event": "new_input_file", "filename": "resnet8_storeclass8_09001365imgmongoosejobid13.JPEG", "unix_time": 1620680913.7569277}
INFO:ccdag_utils.py:runtime_stat:{"task_name": "storeclass8", "event": "queue_start_process", "filename": "resnet8_storeclass8_09001365imgmongoosejobid13.JPEG", "unix_time": 1620680914.4689655}
INFO:ccdag_utils.py:runtime_stat:{"task_name": "storeclass8", "event": "queue_end_process", "filename": "storeclass8_lccenc8_09001365imgmongoosejobid13.JPEG", "unix_time": 1620680914.4743235}
INFO:circe.py:runtime_stat:{"task_name": "circe", "event": "new_output_file", "filename": "storeclass8_lccenc8_09001365imgmongoosejobid13.JPEG", "unix_time": 1620680914.4751582}
DEBUG:transfer.py:sshpass -p PASSWORD scp -P 5000 -o StrictHostKeyChecking=no /jupiter/circe_output/storeclass8_lccenc8_09001365imgmongoosejobid13.JPEG root@10.97.170.53:/jupiter/circe_input/
DEBUG:transfer.py:transfer successful!
INFO:circe.py:runtime_stat:{"task_name": "circe", "event": "new_input_file", "filename": "resnet3_storeclass8_14572617imgmongoosejobid13.JPEG", "unix_time": 1620680925.1769757}
INFO:ccdag_utils.py:runtime_stat:{"task_name": "storeclass8", "event": "queue_start_process", "filename": "resnet3_storeclass8_14572617imgmongoosejobid13.JPEG", "unix_time": 1620680925.4859746}
INFO:circe.py:runtime_stat:{"task_name": "circe", "event": "new_output_file", "filename": "storeclass8_lccenc8_14572617imgmongoosejobid13.JPEG", "unix_time": 1620680925.492621}
DEBUG:transfer.py:sshpass -p PASSWORD scp -P 5000 -o StrictHostKeyChecking=no /jupiter/circe_output/storeclass8_lccenc8_14572617imgmongoosejobid13.JPEG root@10.97.170.53:/jupiter/circe_input/
INFO:ccdag_utils.py:runtime_stat:{"task_name": "storeclass8", "event": "queue_end_process", "filename": "storeclass8_lccenc8_14572617imgmongoosejobid13.JPEG", "unix_time": 1620680925.4931815}
DEBUG:transfer.py:transfer successful!
INFO:circe.py:runtime_stat:{"task_name": "circe", "event": "new_input_file", "filename": "resnet6_storeclass8_35589445imgmongoosejobid14.JPEG", "unix_time": 1620680929.1319501}
INFO:ccdag_utils.py:runtime_stat:{"task_name": "storeclass8", "event": "queue_start_process", "filename": "resnet6_storeclass8_35589445imgmongoosejobid14.JPEG", "unix_time": 1620680929.500895}
INFO:circe.py:runtime_stat:{"task_name": "circe", "event": "new_output_file", "filename": "storeclass8_lccenc8_35589445imgmongoosejobid14.JPEG", "unix_time": 1620680929.5073633}
DEBUG:transfer.py:sshpass -p PASSWORD scp -P 5000 -o StrictHostKeyChecking=no /jupiter/circe_output/storeclass8_lccenc8_35589445imgmongoosejobid14.JPEG root@10.97.170.53:/jupiter/circe_input/
INFO:ccdag_utils.py:runtime_stat:{"task_name": "storeclass8", "event": "queue_end_process", "filename": "storeclass8_lccenc8_35589445imgmongoosejobid14.JPEG", "unix_time": 1620680929.5084999}
DEBUG:transfer.py:transfer successful!
INFO:circe.py:runtime_stat:{"task_name": "circe", "event": "new_input_file", "filename": "resnet4_storeclass8_27916558imgmongoosejobid12.JPEG", "unix_time": 1620680932.130532}
INFO:ccdag_utils.py:runtime_stat:{"task_name": "storeclass8", "event": "queue_start_process", "filename": "resnet4_storeclass8_27916558imgmongoosejobid12.JPEG", "unix_time": 1620680932.5173178}
INFO:circe.py:runtime_stat:{"task_name": "circe", "event": "new_output_file", "filename": "storeclass8_lccenc8_27916558imgmongoosejobid12.JPEG", "unix_time": 1620680932.5322547}
DEBUG:transfer.py:sshpass -p PASSWORD scp -P 5000 -o StrictHostKeyChecking=no /jupiter/circe_output/storeclass8_lccenc8_27916558imgmongoosejobid12.JPEG root@10.97.170.53:/jupiter/circe_input/
INFO:ccdag_utils.py:runtime_stat:{"task_name": "storeclass8", "event": "queue_end_process", "filename": "storeclass8_lccenc8_27916558imgmongoosejobid12.JPEG", "unix_time": 1620680932.5329547}
DEBUG:transfer.py:transfer successful!
INFO:circe.py:runtime_stat:{"task_name": "circe", "event": "new_input_file", "filename": "resnet2_storeclass8_99650728imgmongoosejobid14.JPEG", "unix_time": 1620680936.9066896}
INFO:ccdag_utils.py:runtime_stat:{"task_name": "storeclass8", "event": "queue_start_process", "filename": "resnet2_storeclass8_99650728imgmongoosejobid14.JPEG", "unix_time": 1620680937.5426075}
INFO:circe.py:runtime_stat:{"task_name": "circe", "event": "new_output_file", "filename": "storeclass8_lccenc8_99650728imgmongoosejobid14.JPEG", "unix_time": 1620680937.5546567}
DEBUG:transfer.py:sshpass -p PASSWORD scp -P 5000 -o StrictHostKeyChecking=no /jupiter/circe_output/storeclass8_lccenc8_99650728imgmongoosejobid14.JPEG root@10.97.170.53:/jupiter/circe_input/
INFO:ccdag_utils.py:runtime_stat:{"task_name": "storeclass8", "event": "queue_end_process", "filename": "storeclass8_lccenc8_99650728imgmongoosejobid14.JPEG", "unix_time": 1620680937.5553427}
DEBUG:transfer.py:transfer successful!
INFO:circe.py:runtime_stat:{"task_name": "circe", "event": "new_input_file", "filename": "resnet3_storeclass8_58306748imgmongoosejobid14.JPEG", "unix_time": 1620680938.6653302}
INFO:ccdag_utils.py:runtime_stat:{"task_name": "storeclass8", "event": "queue_start_process", "filename": "resnet3_storeclass8_58306748imgmongoosejobid14.JPEG", "unix_time": 1620680939.562046}
INFO:ccdag_utils.py:runtime_stat:{"task_name": "storeclass8", "event": "queue_end_process", "filename": "storeclass8_lccenc8_58306748imgmongoosejobid14.JPEG", "unix_time": 1620680939.565819}
INFO:circe.py:runtime_stat:{"task_name": "circe", "event": "new_output_file", "filename": "storeclass8_lccenc8_58306748imgmongoosejobid14.JPEG", "unix_time": 1620680939.5666778}
DEBUG:transfer.py:sshpass -p PASSWORD scp -P 5000 -o StrictHostKeyChecking=no /jupiter/circe_output/storeclass8_lccenc8_58306748imgmongoosejobid14.JPEG root@10.97.170.53:/jupiter/circe_input/
DEBUG:transfer.py:transfer successful!
INFO:circe.py:runtime_stat:{"task_name": "circe", "event": "new_input_file", "filename": "resnet7_storeclass8_67243610imgmongoosejobid13.JPEG", "unix_time": 1620680947.3911774}
INFO:circe.py:runtime_stat:{"task_name": "circe", "event": "new_input_file", "filename": "resnet4_storeclass8_18879126imgmongoosejobid13.JPEG", "unix_time": 1620680947.5057242}
INFO:ccdag_utils.py:runtime_stat:{"task_name": "storeclass8", "event": "queue_start_process", "filename": "resnet7_storeclass8_67243610imgmongoosejobid13.JPEG", "unix_time": 1620680947.5740907}
INFO:circe.py:runtime_stat:{"task_name": "circe", "event": "new_output_file", "filename": "storeclass8_lccenc8_67243610imgmongoosejobid13.JPEG", "unix_time": 1620680947.5815198}
INFO:ccdag_utils.py:runtime_stat:{"task_name": "storeclass8", "event": "queue_end_process", "filename": "storeclass8_lccenc8_67243610imgmongoosejobid13.JPEG", "unix_time": 1620680947.5819423}
INFO:ccdag_utils.py:runtime_stat:{"task_name": "storeclass8", "event": "queue_start_process", "filename": "resnet4_storeclass8_18879126imgmongoosejobid13.JPEG", "unix_time": 1620680947.5829806}
DEBUG:transfer.py:sshpass -p PASSWORD scp -P 5000 -o StrictHostKeyChecking=no /jupiter/circe_output/storeclass8_lccenc8_67243610imgmongoosejobid13.JPEG root@10.97.170.53:/jupiter/circe_input/
INFO:ccdag_utils.py:runtime_stat:{"task_name": "storeclass8", "event": "queue_end_process", "filename": "storeclass8_lccenc8_18879126imgmongoosejobid13.JPEG", "unix_time": 1620680947.5886846}
DEBUG:transfer.py:transfer successful!
INFO:circe.py:runtime_stat:{"task_name": "circe", "event": "new_output_file", "filename": "storeclass8_lccenc8_18879126imgmongoosejobid13.JPEG", "unix_time": 1620680947.8080113}
DEBUG:transfer.py:sshpass -p PASSWORD scp -P 5000 -o StrictHostKeyChecking=no /jupiter/circe_output/storeclass8_lccenc8_18879126imgmongoosejobid13.JPEG root@10.97.170.53:/jupiter/circe_input/
DEBUG:transfer.py:transfer successful!
INFO:circe.py:runtime_stat:{"task_name": "circe", "event": "new_input_file", "filename": "resnet7_storeclass8_32243877imgmongoosejobid14.JPEG", "unix_time": 1620680963.6237228}
INFO:ccdag_utils.py:runtime_stat:{"task_name": "storeclass8", "event": "queue_start_process", "filename": "resnet7_storeclass8_32243877imgmongoosejobid14.JPEG", "unix_time": 1620680964.6147993}
INFO:ccdag_utils.py:runtime_stat:{"task_name": "storeclass8", "event": "queue_end_process", "filename": "storeclass8_lccenc8_32243877imgmongoosejobid14.JPEG", "unix_time": 1620680964.6184611}
INFO:circe.py:runtime_stat:{"task_name": "circe", "event": "new_output_file", "filename": "storeclass8_lccenc8_32243877imgmongoosejobid14.JPEG", "unix_time": 1620680964.6191013}
DEBUG:transfer.py:sshpass -p PASSWORD scp -P 5000 -o StrictHostKeyChecking=no /jupiter/circe_output/storeclass8_lccenc8_32243877imgmongoosejobid14.JPEG root@10.97.170.53:/jupiter/circe_input/
DEBUG:transfer.py:transfer successful!
INFO:circe.py:runtime_stat:{"task_name": "circe", "event": "new_input_file", "filename": "resnet8_storeclass8_34785419imgmongoosejobid19.JPEG", "unix_time": 1620680994.1074293}
INFO:ccdag_utils.py:runtime_stat:{"task_name": "storeclass8", "event": "queue_start_process", "filename": "resnet8_storeclass8_34785419imgmongoosejobid19.JPEG", "unix_time": 1620680994.6564617}
INFO:ccdag_utils.py:runtime_stat:{"task_name": "storeclass8", "event": "queue_end_process", "filename": "storeclass8_lccenc8_34785419imgmongoosejobid19.JPEG", "unix_time": 1620680994.6618404}
INFO:circe.py:runtime_stat:{"task_name": "circe", "event": "new_output_file", "filename": "storeclass8_lccenc8_34785419imgmongoosejobid19.JPEG", "unix_time": 1620680994.6624477}
DEBUG:transfer.py:sshpass -p PASSWORD scp -P 5000 -o StrictHostKeyChecking=no /jupiter/circe_output/storeclass8_lccenc8_34785419imgmongoosejobid19.JPEG root@10.97.170.53:/jupiter/circe_input/
DEBUG:transfer.py:transfer successful!
INFO:circe.py:runtime_stat:{"task_name": "circe", "event": "new_input_file", "filename": "resnet6_storeclass8_80189460imgmongoosejobid20.JPEG", "unix_time": 1620681010.668898}
INFO:ccdag_utils.py:runtime_stat:{"task_name": "storeclass8", "event": "queue_start_process", "filename": "resnet6_storeclass8_80189460imgmongoosejobid20.JPEG", "unix_time": 1620681010.6878333}
INFO:ccdag_utils.py:runtime_stat:{"task_name": "storeclass8", "event": "queue_end_process", "filename": "storeclass8_lccenc8_80189460imgmongoosejobid20.JPEG", "unix_time": 1620681010.7003326}
INFO:circe.py:runtime_stat:{"task_name": "circe", "event": "new_output_file", "filename": "storeclass8_lccenc8_80189460imgmongoosejobid20.JPEG", "unix_time": 1620681010.7024724}
DEBUG:transfer.py:sshpass -p PASSWORD scp -P 5000 -o StrictHostKeyChecking=no /jupiter/circe_output/storeclass8_lccenc8_80189460imgmongoosejobid20.JPEG root@10.97.170.53:/jupiter/circe_input/
DEBUG:transfer.py:transfer successful!
INFO:circe.py:runtime_stat:{"task_name": "circe", "event": "new_input_file", "filename": "resnet3_storeclass8_87446144imgmongoosejobid20.JPEG", "unix_time": 1620681020.7960868}
INFO:ccdag_utils.py:runtime_stat:{"task_name": "storeclass8", "event": "queue_start_process", "filename": "resnet3_storeclass8_87446144imgmongoosejobid20.JPEG", "unix_time": 1620681021.717998}
INFO:circe.py:runtime_stat:{"task_name": "circe", "event": "new_output_file", "filename": "storeclass8_lccenc8_87446144imgmongoosejobid20.JPEG", "unix_time": 1620681021.7272272}
DEBUG:transfer.py:sshpass -p PASSWORD scp -P 5000 -o StrictHostKeyChecking=no /jupiter/circe_output/storeclass8_lccenc8_87446144imgmongoosejobid20.JPEG root@10.97.170.53:/jupiter/circe_input/
INFO:ccdag_utils.py:runtime_stat:{"task_name": "storeclass8", "event": "queue_end_process", "filename": "storeclass8_lccenc8_87446144imgmongoosejobid20.JPEG", "unix_time": 1620681021.7306361}
DEBUG:transfer.py:transfer successful!
INFO:circe.py:runtime_stat:{"task_name": "circe", "event": "new_input_file", "filename": "resnet6_storeclass8_16398199imgmongoosejobid21.JPEG", "unix_time": 1620681025.0293913}
INFO:ccdag_utils.py:runtime_stat:{"task_name": "storeclass8", "event": "queue_start_process", "filename": "resnet6_storeclass8_16398199imgmongoosejobid21.JPEG", "unix_time": 1620681025.7379646}
INFO:ccdag_utils.py:runtime_stat:{"task_name": "storeclass8", "event": "queue_end_process", "filename": "storeclass8_lccenc8_16398199imgmongoosejobid21.JPEG", "unix_time": 1620681025.744427}
INFO:circe.py:runtime_stat:{"task_name": "circe", "event": "new_output_file", "filename": "storeclass8_lccenc8_16398199imgmongoosejobid21.JPEG", "unix_time": 1620681025.7450957}
DEBUG:transfer.py:sshpass -p PASSWORD scp -P 5000 -o StrictHostKeyChecking=no /jupiter/circe_output/storeclass8_lccenc8_16398199imgmongoosejobid21.JPEG root@10.97.170.53:/jupiter/circe_input/
DEBUG:transfer.py:transfer successful!
INFO:circe.py:runtime_stat:{"task_name": "circe", "event": "new_input_file", "filename": "resnet1_storeclass8_96325361imgmongoosejobid21.JPEG", "unix_time": 1620681031.0430152}
INFO:ccdag_utils.py:runtime_stat:{"task_name": "storeclass8", "event": "queue_start_process", "filename": "resnet1_storeclass8_96325361imgmongoosejobid21.JPEG", "unix_time": 1620681031.7517707}
INFO:circe.py:runtime_stat:{"task_name": "circe", "event": "new_output_file", "filename": "storeclass8_lccenc8_96325361imgmongoosejobid21.JPEG", "unix_time": 1620681031.7617226}
DEBUG:transfer.py:sshpass -p PASSWORD scp -P 5000 -o StrictHostKeyChecking=no /jupiter/circe_output/storeclass8_lccenc8_96325361imgmongoosejobid21.JPEG root@10.97.170.53:/jupiter/circe_input/
INFO:ccdag_utils.py:runtime_stat:{"task_name": "storeclass8", "event": "queue_end_process", "filename": "storeclass8_lccenc8_96325361imgmongoosejobid21.JPEG", "unix_time": 1620681031.766731}
DEBUG:transfer.py:transfer successful!
INFO:circe.py:runtime_stat:{"task_name": "circe", "event": "new_input_file", "filename": "resnet2_storeclass8_92295463imgmongoosejobid21.JPEG", "unix_time": 1620681033.7828162}
INFO:ccdag_utils.py:runtime_stat:{"task_name": "storeclass8", "event": "queue_start_process", "filename": "resnet2_storeclass8_92295463imgmongoosejobid21.JPEG", "unix_time": 1620681034.7705302}
INFO:ccdag_utils.py:runtime_stat:{"task_name": "storeclass8", "event": "queue_end_process", "filename": "storeclass8_lccenc8_92295463imgmongoosejobid21.JPEG", "unix_time": 1620681034.7761955}
INFO:circe.py:runtime_stat:{"task_name": "circe", "event": "new_output_file", "filename": "storeclass8_lccenc8_92295463imgmongoosejobid21.JPEG", "unix_time": 1620681034.7768161}
DEBUG:transfer.py:sshpass -p PASSWORD scp -P 5000 -o StrictHostKeyChecking=no /jupiter/circe_output/storeclass8_lccenc8_92295463imgmongoosejobid21.JPEG root@10.97.170.53:/jupiter/circe_input/
DEBUG:transfer.py:transfer successful!
INFO:circe.py:runtime_stat:{"task_name": "circe", "event": "new_input_file", "filename": "resnet8_storeclass8_07601498imgmongoosejobid22.JPEG", "unix_time": 1620681037.1221952}
INFO:ccdag_utils.py:runtime_stat:{"task_name": "storeclass8", "event": "queue_start_process", "filename": "resnet8_storeclass8_07601498imgmongoosejobid22.JPEG", "unix_time": 1620681037.7799344}
INFO:ccdag_utils.py:runtime_stat:{"task_name": "storeclass8", "event": "queue_end_process", "filename": "storeclass8_lccenc8_07601498imgmongoosejobid22.JPEG", "unix_time": 1620681037.7849357}
INFO:circe.py:runtime_stat:{"task_name": "circe", "event": "new_output_file", "filename": "storeclass8_lccenc8_07601498imgmongoosejobid22.JPEG", "unix_time": 1620681037.7861307}
DEBUG:transfer.py:sshpass -p PASSWORD scp -P 5000 -o StrictHostKeyChecking=no /jupiter/circe_output/storeclass8_lccenc8_07601498imgmongoosejobid22.JPEG root@10.97.170.53:/jupiter/circe_input/
DEBUG:transfer.py:transfer successful!
INFO:circe.py:runtime_stat:{"task_name": "circe", "event": "new_input_file", "filename": "resnet1_storeclass8_69480499imgmongoosejobid22.JPEG", "unix_time": 1620681044.823063}
INFO:ccdag_utils.py:runtime_stat:{"task_name": "storeclass8", "event": "queue_start_process", "filename": "resnet1_storeclass8_69480499imgmongoosejobid22.JPEG", "unix_time": 1620681045.7929242}
INFO:circe.py:runtime_stat:{"task_name": "circe", "event": "new_output_file", "filename": "storeclass8_lccenc8_69480499imgmongoosejobid22.JPEG", "unix_time": 1620681045.8029723}
DEBUG:transfer.py:sshpass -p PASSWORD scp -P 5000 -o StrictHostKeyChecking=no /jupiter/circe_output/storeclass8_lccenc8_69480499imgmongoosejobid22.JPEG root@10.97.170.53:/jupiter/circe_input/
INFO:ccdag_utils.py:runtime_stat:{"task_name": "storeclass8", "event": "queue_end_process", "filename": "storeclass8_lccenc8_69480499imgmongoosejobid22.JPEG", "unix_time": 1620681045.8037937}
DEBUG:transfer.py:transfer successful!
INFO:circe.py:runtime_stat:{"task_name": "circe", "event": "new_input_file", "filename": "resnet5_storeclass8_10362198imgmongoosejobid22.JPEG", "unix_time": 1620681048.9009154}
INFO:circe.py:runtime_stat:{"task_name": "circe", "event": "new_input_file", "filename": "resnet0_storeclass8_83543967imgmongoosejobid22.JPEG", "unix_time": 1620681049.2351503}
INFO:ccdag_utils.py:runtime_stat:{"task_name": "storeclass8", "event": "queue_start_process", "filename": "resnet5_storeclass8_10362198imgmongoosejobid22.JPEG", "unix_time": 1620681049.8117642}
INFO:ccdag_utils.py:runtime_stat:{"task_name": "storeclass8", "event": "queue_end_process", "filename": "storeclass8_lccenc8_10362198imgmongoosejobid22.JPEG", "unix_time": 1620681049.8174934}
INFO:ccdag_utils.py:runtime_stat:{"task_name": "storeclass8", "event": "queue_start_process", "filename": "resnet0_storeclass8_83543967imgmongoosejobid22.JPEG", "unix_time": 1620681049.8179414}
INFO:circe.py:runtime_stat:{"task_name": "circe", "event": "new_output_file", "filename": "storeclass8_lccenc8_10362198imgmongoosejobid22.JPEG", "unix_time": 1620681049.8202171}
DEBUG:transfer.py:sshpass -p PASSWORD scp -P 5000 -o StrictHostKeyChecking=no /jupiter/circe_output/storeclass8_lccenc8_10362198imgmongoosejobid22.JPEG root@10.97.170.53:/jupiter/circe_input/
INFO:ccdag_utils.py:runtime_stat:{"task_name": "storeclass8", "event": "queue_end_process", "filename": "storeclass8_lccenc8_83543967imgmongoosejobid22.JPEG", "unix_time": 1620681049.8283913}
DEBUG:transfer.py:transfer successful!
INFO:circe.py:runtime_stat:{"task_name": "circe", "event": "new_output_file", "filename": "storeclass8_lccenc8_83543967imgmongoosejobid22.JPEG", "unix_time": 1620681050.0987077}
DEBUG:transfer.py:sshpass -p PASSWORD scp -P 5000 -o StrictHostKeyChecking=no /jupiter/circe_output/storeclass8_lccenc8_83543967imgmongoosejobid22.JPEG root@10.97.170.53:/jupiter/circe_input/
DEBUG:transfer.py:transfer successful!
INFO:circe.py:runtime_stat:{"task_name": "circe", "event": "new_input_file", "filename": "resnet3_storeclass8_59797891imgmongoosejobid23.JPEG", "unix_time": 1620681062.3002548}
INFO:ccdag_utils.py:runtime_stat:{"task_name": "storeclass8", "event": "queue_start_process", "filename": "resnet3_storeclass8_59797891imgmongoosejobid23.JPEG", "unix_time": 1620681062.8423755}
INFO:ccdag_utils.py:runtime_stat:{"task_name": "storeclass8", "event": "queue_end_process", "filename": "storeclass8_lccenc8_59797891imgmongoosejobid23.JPEG", "unix_time": 1620681062.8468826}
INFO:circe.py:runtime_stat:{"task_name": "circe", "event": "new_output_file", "filename": "storeclass8_lccenc8_59797891imgmongoosejobid23.JPEG", "unix_time": 1620681062.8479197}
DEBUG:transfer.py:sshpass -p PASSWORD scp -P 5000 -o StrictHostKeyChecking=no /jupiter/circe_output/storeclass8_lccenc8_59797891imgmongoosejobid23.JPEG root@10.97.170.53:/jupiter/circe_input/
DEBUG:transfer.py:transfer successful!
INFO:circe.py:runtime_stat:{"task_name": "circe", "event": "new_input_file", "filename": "resnet4_storeclass8_25573741imgmongoosejobid22.JPEG", "unix_time": 1620681087.6150255}
INFO:ccdag_utils.py:runtime_stat:{"task_name": "storeclass8", "event": "queue_start_process", "filename": "resnet4_storeclass8_25573741imgmongoosejobid22.JPEG", "unix_time": 1620681087.8808908}
INFO:ccdag_utils.py:runtime_stat:{"task_name": "storeclass8", "event": "queue_end_process", "filename": "storeclass8_lccenc8_25573741imgmongoosejobid22.JPEG", "unix_time": 1620681087.8825843}
INFO:circe.py:runtime_stat:{"task_name": "circe", "event": "new_output_file", "filename": "storeclass8_lccenc8_25573741imgmongoosejobid22.JPEG", "unix_time": 1620681087.8839211}
DEBUG:transfer.py:sshpass -p PASSWORD scp -P 5000 -o StrictHostKeyChecking=no /jupiter/circe_output/storeclass8_lccenc8_25573741imgmongoosejobid22.JPEG root@10.97.170.53:/jupiter/circe_input/
DEBUG:transfer.py:transfer successful!
