 * Starting OpenBSD Secure Shell server sshd
   ...done.
INFO:circe.py:Using base script storeclass.py
DEBUG:circe.py:starting the input monitoring process
DEBUG:circe.py:starting the output monitoring process
INFO:circe.py:runtime_stat:{"task_name": "circe", "event": "new_input_file", "filename": "resnet8_storeclass4_24761479imgtigerjobid28.JPEG", "unix_time": 1620681118.9890025}
INFO:ccdag_utils.py:runtime_stat:{"task_name": "storeclass4", "event": "queue_start_process", "filename": "resnet8_storeclass4_24761479imgtigerjobid28.JPEG", "unix_time": 1620681119.5035694}
INFO:ccdag_utils.py:runtime_stat:{"task_name": "storeclass4", "event": "queue_end_process", "filename": "storeclass4_lccenc4_24761479imgtigerjobid28.JPEG", "unix_time": 1620681119.5105538}
INFO:circe.py:runtime_stat:{"task_name": "circe", "event": "new_output_file", "filename": "storeclass4_lccenc4_24761479imgtigerjobid28.JPEG", "unix_time": 1620681119.511422}
DEBUG:transfer.py:sshpass -p PASSWORD scp -P 5000 -o StrictHostKeyChecking=no /jupiter/circe_output/storeclass4_lccenc4_24761479imgtigerjobid28.JPEG root@10.97.30.229:/jupiter/circe_input/
Warning: Permanently added '[10.97.30.229]:5000' (ECDSA) to the list of known hosts.
DEBUG:transfer.py:transfer successful!
INFO:circe.py:runtime_stat:{"task_name": "circe", "event": "new_input_file", "filename": "resnet1_storeclass4_98120825imgtigerjobid28.JPEG", "unix_time": 1620681126.8129182}
INFO:ccdag_utils.py:runtime_stat:{"task_name": "storeclass4", "event": "queue_start_process", "filename": "resnet1_storeclass4_98120825imgtigerjobid28.JPEG", "unix_time": 1620681127.522336}
INFO:ccdag_utils.py:runtime_stat:{"task_name": "storeclass4", "event": "queue_end_process", "filename": "storeclass4_lccenc4_98120825imgtigerjobid28.JPEG", "unix_time": 1620681127.5373926}
INFO:circe.py:runtime_stat:{"task_name": "circe", "event": "new_output_file", "filename": "storeclass4_lccenc4_98120825imgtigerjobid28.JPEG", "unix_time": 1620681127.5383816}
DEBUG:transfer.py:sshpass -p PASSWORD scp -P 5000 -o StrictHostKeyChecking=no /jupiter/circe_output/storeclass4_lccenc4_98120825imgtigerjobid28.JPEG root@10.97.30.229:/jupiter/circe_input/
DEBUG:transfer.py:transfer successful!
INFO:circe.py:runtime_stat:{"task_name": "circe", "event": "new_input_file", "filename": "resnet0_storeclass4_74472102imgtigerjobid28.JPEG", "unix_time": 1620681131.6062355}
INFO:circe.py:runtime_stat:{"task_name": "circe", "event": "new_input_file", "filename": "resnet8_storeclass4_99489468imgtigerjobid29.JPEG", "unix_time": 1620681132.4441664}
INFO:ccdag_utils.py:runtime_stat:{"task_name": "storeclass4", "event": "queue_start_process", "filename": "resnet0_storeclass4_74472102imgtigerjobid28.JPEG", "unix_time": 1620681132.542852}
INFO:circe.py:runtime_stat:{"task_name": "circe", "event": "new_output_file", "filename": "storeclass4_lccenc4_74472102imgtigerjobid28.JPEG", "unix_time": 1620681132.5518928}
INFO:ccdag_utils.py:runtime_stat:{"task_name": "storeclass4", "event": "queue_end_process", "filename": "storeclass4_lccenc4_74472102imgtigerjobid28.JPEG", "unix_time": 1620681132.5523038}
DEBUG:transfer.py:sshpass -p PASSWORD scp -P 5000 -o StrictHostKeyChecking=no /jupiter/circe_output/storeclass4_lccenc4_74472102imgtigerjobid28.JPEG root@10.97.30.229:/jupiter/circe_input/
INFO:ccdag_utils.py:runtime_stat:{"task_name": "storeclass4", "event": "queue_start_process", "filename": "resnet8_storeclass4_99489468imgtigerjobid29.JPEG", "unix_time": 1620681132.5533803}
INFO:ccdag_utils.py:runtime_stat:{"task_name": "storeclass4", "event": "queue_end_process", "filename": "storeclass4_lccenc4_99489468imgtigerjobid29.JPEG", "unix_time": 1620681132.5578864}
DEBUG:transfer.py:transfer successful!
INFO:circe.py:runtime_stat:{"task_name": "circe", "event": "new_output_file", "filename": "storeclass4_lccenc4_99489468imgtigerjobid29.JPEG", "unix_time": 1620681132.7905812}
DEBUG:transfer.py:sshpass -p PASSWORD scp -P 5000 -o StrictHostKeyChecking=no /jupiter/circe_output/storeclass4_lccenc4_99489468imgtigerjobid29.JPEG root@10.97.30.229:/jupiter/circe_input/
DEBUG:transfer.py:transfer successful!
INFO:circe.py:runtime_stat:{"task_name": "circe", "event": "new_input_file", "filename": "resnet3_storeclass4_00991194imgtigerjobid29.JPEG", "unix_time": 1620681144.0798786}
INFO:ccdag_utils.py:runtime_stat:{"task_name": "storeclass4", "event": "queue_start_process", "filename": "resnet3_storeclass4_00991194imgtigerjobid29.JPEG", "unix_time": 1620681144.5742376}
INFO:ccdag_utils.py:runtime_stat:{"task_name": "storeclass4", "event": "queue_end_process", "filename": "storeclass4_lccenc4_00991194imgtigerjobid29.JPEG", "unix_time": 1620681144.5760632}
INFO:circe.py:runtime_stat:{"task_name": "circe", "event": "new_output_file", "filename": "storeclass4_lccenc4_00991194imgtigerjobid29.JPEG", "unix_time": 1620681144.5773187}
DEBUG:transfer.py:sshpass -p PASSWORD scp -P 5000 -o StrictHostKeyChecking=no /jupiter/circe_output/storeclass4_lccenc4_00991194imgtigerjobid29.JPEG root@10.97.30.229:/jupiter/circe_input/
DEBUG:transfer.py:transfer successful!
INFO:circe.py:runtime_stat:{"task_name": "circe", "event": "new_input_file", "filename": "resnet0_storeclass4_55349430imgtigerjobid29.JPEG", "unix_time": 1620681146.2044406}
INFO:ccdag_utils.py:runtime_stat:{"task_name": "storeclass4", "event": "queue_start_process", "filename": "resnet0_storeclass4_55349430imgtigerjobid29.JPEG", "unix_time": 1620681146.5785196}
INFO:circe.py:runtime_stat:{"task_name": "circe", "event": "new_output_file", "filename": "storeclass4_lccenc4_55349430imgtigerjobid29.JPEG", "unix_time": 1620681146.5848582}
DEBUG:transfer.py:sshpass -p PASSWORD scp -P 5000 -o StrictHostKeyChecking=no /jupiter/circe_output/storeclass4_lccenc4_55349430imgtigerjobid29.JPEG root@10.97.30.229:/jupiter/circe_input/
INFO:ccdag_utils.py:runtime_stat:{"task_name": "storeclass4", "event": "queue_end_process", "filename": "storeclass4_lccenc4_55349430imgtigerjobid29.JPEG", "unix_time": 1620681146.585394}
DEBUG:transfer.py:transfer successful!
INFO:circe.py:runtime_stat:{"task_name": "circe", "event": "new_input_file", "filename": "resnet6_storeclass4_72952743imgtigerjobid30.JPEG", "unix_time": 1620681148.1925588}
INFO:ccdag_utils.py:runtime_stat:{"task_name": "storeclass4", "event": "queue_start_process", "filename": "resnet6_storeclass4_72952743imgtigerjobid30.JPEG", "unix_time": 1620681148.5957308}
INFO:ccdag_utils.py:runtime_stat:{"task_name": "storeclass4", "event": "queue_end_process", "filename": "storeclass4_lccenc4_72952743imgtigerjobid30.JPEG", "unix_time": 1620681148.5974143}
INFO:circe.py:runtime_stat:{"task_name": "circe", "event": "new_output_file", "filename": "storeclass4_lccenc4_72952743imgtigerjobid30.JPEG", "unix_time": 1620681148.6006038}
DEBUG:transfer.py:sshpass -p PASSWORD scp -P 5000 -o StrictHostKeyChecking=no /jupiter/circe_output/storeclass4_lccenc4_72952743imgtigerjobid30.JPEG root@10.97.30.229:/jupiter/circe_input/
DEBUG:transfer.py:transfer successful!
INFO:circe.py:runtime_stat:{"task_name": "circe", "event": "new_input_file", "filename": "resnet6_storeclass4_10623587imgtigerjobid31.JPEG", "unix_time": 1620681161.9058454}
INFO:ccdag_utils.py:runtime_stat:{"task_name": "storeclass4", "event": "queue_start_process", "filename": "resnet6_storeclass4_10623587imgtigerjobid31.JPEG", "unix_time": 1620681162.6129217}
INFO:circe.py:runtime_stat:{"task_name": "circe", "event": "new_output_file", "filename": "storeclass4_lccenc4_10623587imgtigerjobid31.JPEG", "unix_time": 1620681162.6178648}
DEBUG:transfer.py:sshpass -p PASSWORD scp -P 5000 -o StrictHostKeyChecking=no /jupiter/circe_output/storeclass4_lccenc4_10623587imgtigerjobid31.JPEG root@10.97.30.229:/jupiter/circe_input/
INFO:ccdag_utils.py:runtime_stat:{"task_name": "storeclass4", "event": "queue_end_process", "filename": "storeclass4_lccenc4_10623587imgtigerjobid31.JPEG", "unix_time": 1620681162.618444}
DEBUG:transfer.py:transfer successful!
INFO:circe.py:runtime_stat:{"task_name": "circe", "event": "new_input_file", "filename": "resnet1_storeclass4_50848393imgtigerjobid31.JPEG", "unix_time": 1620681168.3599699}
INFO:ccdag_utils.py:runtime_stat:{"task_name": "storeclass4", "event": "queue_start_process", "filename": "resnet1_storeclass4_50848393imgtigerjobid31.JPEG", "unix_time": 1620681168.6282084}
INFO:ccdag_utils.py:runtime_stat:{"task_name": "storeclass4", "event": "queue_end_process", "filename": "storeclass4_lccenc4_50848393imgtigerjobid31.JPEG", "unix_time": 1620681168.634786}
INFO:circe.py:runtime_stat:{"task_name": "circe", "event": "new_output_file", "filename": "storeclass4_lccenc4_50848393imgtigerjobid31.JPEG", "unix_time": 1620681168.6357858}
DEBUG:transfer.py:sshpass -p PASSWORD scp -P 5000 -o StrictHostKeyChecking=no /jupiter/circe_output/storeclass4_lccenc4_50848393imgtigerjobid31.JPEG root@10.97.30.229:/jupiter/circe_input/
DEBUG:transfer.py:transfer successful!
INFO:circe.py:runtime_stat:{"task_name": "circe", "event": "new_input_file", "filename": "resnet2_storeclass4_54357905imgtigerjobid31.JPEG", "unix_time": 1620681171.2621038}
INFO:ccdag_utils.py:runtime_stat:{"task_name": "storeclass4", "event": "queue_start_process", "filename": "resnet2_storeclass4_54357905imgtigerjobid31.JPEG", "unix_time": 1620681171.638447}
INFO:ccdag_utils.py:runtime_stat:{"task_name": "storeclass4", "event": "queue_end_process", "filename": "storeclass4_lccenc4_54357905imgtigerjobid31.JPEG", "unix_time": 1620681171.6493752}
INFO:circe.py:runtime_stat:{"task_name": "circe", "event": "new_output_file", "filename": "storeclass4_lccenc4_54357905imgtigerjobid31.JPEG", "unix_time": 1620681171.6501083}
DEBUG:transfer.py:sshpass -p PASSWORD scp -P 5000 -o StrictHostKeyChecking=no /jupiter/circe_output/storeclass4_lccenc4_54357905imgtigerjobid31.JPEG root@10.97.30.229:/jupiter/circe_input/
INFO:circe.py:runtime_stat:{"task_name": "circe", "event": "new_input_file", "filename": "resnet5_storeclass4_83970740imgtigerjobid31.JPEG", "unix_time": 1620681171.6594908}
DEBUG:transfer.py:transfer successful!
INFO:ccdag_utils.py:runtime_stat:{"task_name": "storeclass4", "event": "queue_start_process", "filename": "resnet5_storeclass4_83970740imgtigerjobid31.JPEG", "unix_time": 1620681172.6507475}
INFO:ccdag_utils.py:runtime_stat:{"task_name": "storeclass4", "event": "queue_end_process", "filename": "storeclass4_lccenc4_83970740imgtigerjobid31.JPEG", "unix_time": 1620681172.652109}
INFO:circe.py:runtime_stat:{"task_name": "circe", "event": "new_output_file", "filename": "storeclass4_lccenc4_83970740imgtigerjobid31.JPEG", "unix_time": 1620681172.653737}
DEBUG:transfer.py:sshpass -p PASSWORD scp -P 5000 -o StrictHostKeyChecking=no /jupiter/circe_output/storeclass4_lccenc4_83970740imgtigerjobid31.JPEG root@10.97.30.229:/jupiter/circe_input/
DEBUG:transfer.py:transfer successful!
INFO:circe.py:runtime_stat:{"task_name": "circe", "event": "new_input_file", "filename": "resnet1_storeclass4_31761489imgtigerjobid32.JPEG", "unix_time": 1620681181.8222358}
INFO:ccdag_utils.py:runtime_stat:{"task_name": "storeclass4", "event": "queue_start_process", "filename": "resnet1_storeclass4_31761489imgtigerjobid32.JPEG", "unix_time": 1620681182.663533}
INFO:ccdag_utils.py:runtime_stat:{"task_name": "storeclass4", "event": "queue_end_process", "filename": "storeclass4_lccenc4_31761489imgtigerjobid32.JPEG", "unix_time": 1620681182.66593}
INFO:circe.py:runtime_stat:{"task_name": "circe", "event": "new_output_file", "filename": "storeclass4_lccenc4_31761489imgtigerjobid32.JPEG", "unix_time": 1620681182.666684}
DEBUG:transfer.py:sshpass -p PASSWORD scp -P 5000 -o StrictHostKeyChecking=no /jupiter/circe_output/storeclass4_lccenc4_31761489imgtigerjobid32.JPEG root@10.97.30.229:/jupiter/circe_input/
DEBUG:transfer.py:transfer successful!
INFO:circe.py:runtime_stat:{"task_name": "circe", "event": "new_input_file", "filename": "resnet5_storeclass4_94711462imgtigerjobid32.JPEG", "unix_time": 1620681185.2209423}
INFO:ccdag_utils.py:runtime_stat:{"task_name": "storeclass4", "event": "queue_start_process", "filename": "resnet5_storeclass4_94711462imgtigerjobid32.JPEG", "unix_time": 1620681185.670715}
INFO:circe.py:runtime_stat:{"task_name": "circe", "event": "new_output_file", "filename": "storeclass4_lccenc4_94711462imgtigerjobid32.JPEG", "unix_time": 1620681185.676084}
INFO:ccdag_utils.py:runtime_stat:{"task_name": "storeclass4", "event": "queue_end_process", "filename": "storeclass4_lccenc4_94711462imgtigerjobid32.JPEG", "unix_time": 1620681185.6763678}
DEBUG:transfer.py:sshpass -p PASSWORD scp -P 5000 -o StrictHostKeyChecking=no /jupiter/circe_output/storeclass4_lccenc4_94711462imgtigerjobid32.JPEG root@10.97.30.229:/jupiter/circe_input/
DEBUG:transfer.py:transfer successful!
INFO:circe.py:runtime_stat:{"task_name": "circe", "event": "new_input_file", "filename": "resnet0_storeclass4_75921535imgtigerjobid32.JPEG", "unix_time": 1620681186.8324442}
INFO:ccdag_utils.py:runtime_stat:{"task_name": "storeclass4", "event": "queue_start_process", "filename": "resnet0_storeclass4_75921535imgtigerjobid32.JPEG", "unix_time": 1620681187.67991}
INFO:ccdag_utils.py:runtime_stat:{"task_name": "storeclass4", "event": "queue_end_process", "filename": "storeclass4_lccenc4_75921535imgtigerjobid32.JPEG", "unix_time": 1620681187.6807528}
INFO:circe.py:runtime_stat:{"task_name": "circe", "event": "new_output_file", "filename": "storeclass4_lccenc4_75921535imgtigerjobid32.JPEG", "unix_time": 1620681187.6818771}
DEBUG:transfer.py:sshpass -p PASSWORD scp -P 5000 -o StrictHostKeyChecking=no /jupiter/circe_output/storeclass4_lccenc4_75921535imgtigerjobid32.JPEG root@10.97.30.229:/jupiter/circe_input/
DEBUG:transfer.py:transfer successful!
INFO:circe.py:runtime_stat:{"task_name": "circe", "event": "new_input_file", "filename": "resnet4_storeclass4_87828852imgtigerjobid29.JPEG", "unix_time": 1620681197.3574905}
INFO:circe.py:runtime_stat:{"task_name": "circe", "event": "new_input_file", "filename": "resnet7_storeclass4_47452060imgtigerjobid29.JPEG", "unix_time": 1620681197.5487967}
INFO:ccdag_utils.py:runtime_stat:{"task_name": "storeclass4", "event": "queue_start_process", "filename": "resnet4_storeclass4_87828852imgtigerjobid29.JPEG", "unix_time": 1620681197.6922507}
INFO:ccdag_utils.py:runtime_stat:{"task_name": "storeclass4", "event": "queue_end_process", "filename": "storeclass4_lccenc4_87828852imgtigerjobid29.JPEG", "unix_time": 1620681197.7008574}
INFO:ccdag_utils.py:runtime_stat:{"task_name": "storeclass4", "event": "queue_start_process", "filename": "resnet7_storeclass4_47452060imgtigerjobid29.JPEG", "unix_time": 1620681197.7012172}
INFO:circe.py:runtime_stat:{"task_name": "circe", "event": "new_output_file", "filename": "storeclass4_lccenc4_87828852imgtigerjobid29.JPEG", "unix_time": 1620681197.7030635}
DEBUG:transfer.py:sshpass -p PASSWORD scp -P 5000 -o StrictHostKeyChecking=no /jupiter/circe_output/storeclass4_lccenc4_87828852imgtigerjobid29.JPEG root@10.97.30.229:/jupiter/circe_input/
INFO:ccdag_utils.py:runtime_stat:{"task_name": "storeclass4", "event": "queue_end_process", "filename": "storeclass4_lccenc4_47452060imgtigerjobid29.JPEG", "unix_time": 1620681197.7134974}
DEBUG:transfer.py:transfer successful!
INFO:circe.py:runtime_stat:{"task_name": "circe", "event": "new_output_file", "filename": "storeclass4_lccenc4_47452060imgtigerjobid29.JPEG", "unix_time": 1620681197.9221506}
DEBUG:transfer.py:sshpass -p PASSWORD scp -P 5000 -o StrictHostKeyChecking=no /jupiter/circe_output/storeclass4_lccenc4_47452060imgtigerjobid29.JPEG root@10.97.30.229:/jupiter/circe_input/
DEBUG:transfer.py:transfer successful!
INFO:circe.py:runtime_stat:{"task_name": "circe", "event": "new_input_file", "filename": "resnet8_storeclass4_55213043imgtigerjobid35.JPEG", "unix_time": 1620681212.4924245}
INFO:ccdag_utils.py:runtime_stat:{"task_name": "storeclass4", "event": "queue_start_process", "filename": "resnet8_storeclass4_55213043imgtigerjobid35.JPEG", "unix_time": 1620681212.7401261}
INFO:ccdag_utils.py:runtime_stat:{"task_name": "storeclass4", "event": "queue_end_process", "filename": "storeclass4_lccenc4_55213043imgtigerjobid35.JPEG", "unix_time": 1620681212.7469952}
INFO:circe.py:runtime_stat:{"task_name": "circe", "event": "new_output_file", "filename": "storeclass4_lccenc4_55213043imgtigerjobid35.JPEG", "unix_time": 1620681212.7479897}
DEBUG:transfer.py:sshpass -p PASSWORD scp -P 5000 -o StrictHostKeyChecking=no /jupiter/circe_output/storeclass4_lccenc4_55213043imgtigerjobid35.JPEG root@10.97.30.229:/jupiter/circe_input/
DEBUG:transfer.py:transfer successful!
INFO:circe.py:runtime_stat:{"task_name": "circe", "event": "new_input_file", "filename": "resnet7_storeclass4_07619465imgtigerjobid30.JPEG", "unix_time": 1620681214.3561728}
INFO:ccdag_utils.py:runtime_stat:{"task_name": "storeclass4", "event": "queue_start_process", "filename": "resnet7_storeclass4_07619465imgtigerjobid30.JPEG", "unix_time": 1620681214.7517314}
INFO:ccdag_utils.py:runtime_stat:{"task_name": "storeclass4", "event": "queue_end_process", "filename": "storeclass4_lccenc4_07619465imgtigerjobid30.JPEG", "unix_time": 1620681214.7533815}
INFO:circe.py:runtime_stat:{"task_name": "circe", "event": "new_output_file", "filename": "storeclass4_lccenc4_07619465imgtigerjobid30.JPEG", "unix_time": 1620681214.7546787}
DEBUG:transfer.py:sshpass -p PASSWORD scp -P 5000 -o StrictHostKeyChecking=no /jupiter/circe_output/storeclass4_lccenc4_07619465imgtigerjobid30.JPEG root@10.97.30.229:/jupiter/circe_input/
DEBUG:transfer.py:transfer successful!
INFO:circe.py:runtime_stat:{"task_name": "circe", "event": "new_input_file", "filename": "resnet6_storeclass4_96419862imgtigerjobid36.JPEG", "unix_time": 1620681230.5656767}
INFO:ccdag_utils.py:runtime_stat:{"task_name": "storeclass4", "event": "queue_start_process", "filename": "resnet6_storeclass4_96419862imgtigerjobid36.JPEG", "unix_time": 1620681230.7722208}
INFO:circe.py:runtime_stat:{"task_name": "circe", "event": "new_output_file", "filename": "storeclass4_lccenc4_96419862imgtigerjobid36.JPEG", "unix_time": 1620681230.7867103}
DEBUG:transfer.py:sshpass -p PASSWORD scp -P 5000 -o StrictHostKeyChecking=no /jupiter/circe_output/storeclass4_lccenc4_96419862imgtigerjobid36.JPEG root@10.97.30.229:/jupiter/circe_input/
INFO:ccdag_utils.py:runtime_stat:{"task_name": "storeclass4", "event": "queue_end_process", "filename": "storeclass4_lccenc4_96419862imgtigerjobid36.JPEG", "unix_time": 1620681230.7875376}
DEBUG:transfer.py:transfer successful!
INFO:circe.py:runtime_stat:{"task_name": "circe", "event": "new_input_file", "filename": "resnet6_storeclass4_62788509imgtigerjobid37.JPEG", "unix_time": 1620681244.1856332}
INFO:circe.py:runtime_stat:{"task_name": "circe", "event": "new_input_file", "filename": "resnet4_storeclass4_45098559imgtigerjobid32.JPEG", "unix_time": 1620681244.814088}
INFO:ccdag_utils.py:runtime_stat:{"task_name": "storeclass4", "event": "queue_start_process", "filename": "resnet6_storeclass4_62788509imgtigerjobid37.JPEG", "unix_time": 1620681244.823753}
INFO:ccdag_utils.py:runtime_stat:{"task_name": "storeclass4", "event": "queue_end_process", "filename": "storeclass4_lccenc4_62788509imgtigerjobid37.JPEG", "unix_time": 1620681244.825271}
INFO:ccdag_utils.py:runtime_stat:{"task_name": "storeclass4", "event": "queue_start_process", "filename": "resnet4_storeclass4_45098559imgtigerjobid32.JPEG", "unix_time": 1620681244.8255591}
INFO:ccdag_utils.py:runtime_stat:{"task_name": "storeclass4", "event": "queue_end_process", "filename": "storeclass4_lccenc4_45098559imgtigerjobid32.JPEG", "unix_time": 1620681244.8266761}
INFO:circe.py:runtime_stat:{"task_name": "circe", "event": "new_output_file", "filename": "storeclass4_lccenc4_62788509imgtigerjobid37.JPEG", "unix_time": 1620681244.8281062}
DEBUG:transfer.py:sshpass -p PASSWORD scp -P 5000 -o StrictHostKeyChecking=no /jupiter/circe_output/storeclass4_lccenc4_62788509imgtigerjobid37.JPEG root@10.97.30.229:/jupiter/circe_input/
DEBUG:transfer.py:transfer successful!
INFO:circe.py:runtime_stat:{"task_name": "circe", "event": "new_output_file", "filename": "storeclass4_lccenc4_45098559imgtigerjobid32.JPEG", "unix_time": 1620681245.1732244}
DEBUG:transfer.py:sshpass -p PASSWORD scp -P 5000 -o StrictHostKeyChecking=no /jupiter/circe_output/storeclass4_lccenc4_45098559imgtigerjobid32.JPEG root@10.97.30.229:/jupiter/circe_input/
DEBUG:transfer.py:transfer successful!
INFO:circe.py:runtime_stat:{"task_name": "circe", "event": "new_input_file", "filename": "resnet2_storeclass4_57505375imgtigerjobid37.JPEG", "unix_time": 1620681253.3189652}
INFO:ccdag_utils.py:runtime_stat:{"task_name": "storeclass4", "event": "queue_start_process", "filename": "resnet2_storeclass4_57505375imgtigerjobid37.JPEG", "unix_time": 1620681253.8362417}
INFO:ccdag_utils.py:runtime_stat:{"task_name": "storeclass4", "event": "queue_end_process", "filename": "storeclass4_lccenc4_57505375imgtigerjobid37.JPEG", "unix_time": 1620681253.8431408}
INFO:circe.py:runtime_stat:{"task_name": "circe", "event": "new_output_file", "filename": "storeclass4_lccenc4_57505375imgtigerjobid37.JPEG", "unix_time": 1620681253.8435495}
DEBUG:transfer.py:sshpass -p PASSWORD scp -P 5000 -o StrictHostKeyChecking=no /jupiter/circe_output/storeclass4_lccenc4_57505375imgtigerjobid37.JPEG root@10.97.30.229:/jupiter/circe_input/
INFO:circe.py:runtime_stat:{"task_name": "circe", "event": "new_input_file", "filename": "resnet5_storeclass4_54210778imgtigerjobid37.JPEG", "unix_time": 1620681253.8658159}
DEBUG:transfer.py:transfer successful!
INFO:ccdag_utils.py:runtime_stat:{"task_name": "storeclass4", "event": "queue_start_process", "filename": "resnet5_storeclass4_54210778imgtigerjobid37.JPEG", "unix_time": 1620681254.8450847}
INFO:circe.py:runtime_stat:{"task_name": "circe", "event": "new_output_file", "filename": "storeclass4_lccenc4_54210778imgtigerjobid37.JPEG", "unix_time": 1620681254.8522177}
DEBUG:transfer.py:sshpass -p PASSWORD scp -P 5000 -o StrictHostKeyChecking=no /jupiter/circe_output/storeclass4_lccenc4_54210778imgtigerjobid37.JPEG root@10.97.30.229:/jupiter/circe_input/
INFO:ccdag_utils.py:runtime_stat:{"task_name": "storeclass4", "event": "queue_end_process", "filename": "storeclass4_lccenc4_54210778imgtigerjobid37.JPEG", "unix_time": 1620681254.8528817}
DEBUG:transfer.py:transfer successful!
INFO:circe.py:runtime_stat:{"task_name": "circe", "event": "new_input_file", "filename": "resnet8_storeclass4_96812607imgtigerjobid38.JPEG", "unix_time": 1620681256.3494318}
INFO:ccdag_utils.py:runtime_stat:{"task_name": "storeclass4", "event": "queue_start_process", "filename": "resnet8_storeclass4_96812607imgtigerjobid38.JPEG", "unix_time": 1620681256.8606238}
INFO:ccdag_utils.py:runtime_stat:{"task_name": "storeclass4", "event": "queue_end_process", "filename": "storeclass4_lccenc4_96812607imgtigerjobid38.JPEG", "unix_time": 1620681256.8666108}
INFO:circe.py:runtime_stat:{"task_name": "circe", "event": "new_output_file", "filename": "storeclass4_lccenc4_96812607imgtigerjobid38.JPEG", "unix_time": 1620681256.8675363}
DEBUG:transfer.py:sshpass -p PASSWORD scp -P 5000 -o StrictHostKeyChecking=no /jupiter/circe_output/storeclass4_lccenc4_96812607imgtigerjobid38.JPEG root@10.97.30.229:/jupiter/circe_input/
DEBUG:transfer.py:transfer successful!
INFO:circe.py:runtime_stat:{"task_name": "circe", "event": "new_input_file", "filename": "resnet5_storeclass4_73830820imgtigerjobid38.JPEG", "unix_time": 1620681267.8139086}
INFO:ccdag_utils.py:runtime_stat:{"task_name": "storeclass4", "event": "queue_start_process", "filename": "resnet5_storeclass4_73830820imgtigerjobid38.JPEG", "unix_time": 1620681267.8772056}
INFO:ccdag_utils.py:runtime_stat:{"task_name": "storeclass4", "event": "queue_end_process", "filename": "storeclass4_lccenc4_73830820imgtigerjobid38.JPEG", "unix_time": 1620681267.878687}
INFO:circe.py:runtime_stat:{"task_name": "circe", "event": "new_output_file", "filename": "storeclass4_lccenc4_73830820imgtigerjobid38.JPEG", "unix_time": 1620681267.8798919}
DEBUG:transfer.py:sshpass -p PASSWORD scp -P 5000 -o StrictHostKeyChecking=no /jupiter/circe_output/storeclass4_lccenc4_73830820imgtigerjobid38.JPEG root@10.97.30.229:/jupiter/circe_input/
DEBUG:transfer.py:transfer successful!
INFO:circe.py:runtime_stat:{"task_name": "circe", "event": "new_input_file", "filename": "resnet0_storeclass4_24491871imgtigerjobid38.JPEG", "unix_time": 1620681270.684323}
INFO:ccdag_utils.py:runtime_stat:{"task_name": "storeclass4", "event": "queue_start_process", "filename": "resnet0_storeclass4_24491871imgtigerjobid38.JPEG", "unix_time": 1620681270.8820121}
INFO:ccdag_utils.py:runtime_stat:{"task_name": "storeclass4", "event": "queue_end_process", "filename": "storeclass4_lccenc4_24491871imgtigerjobid38.JPEG", "unix_time": 1620681270.8884103}
INFO:circe.py:runtime_stat:{"task_name": "circe", "event": "new_output_file", "filename": "storeclass4_lccenc4_24491871imgtigerjobid38.JPEG", "unix_time": 1620681270.8890526}
DEBUG:transfer.py:sshpass -p PASSWORD scp -P 5000 -o StrictHostKeyChecking=no /jupiter/circe_output/storeclass4_lccenc4_24491871imgtigerjobid38.JPEG root@10.97.30.229:/jupiter/circe_input/
DEBUG:transfer.py:transfer successful!
INFO:circe.py:runtime_stat:{"task_name": "circe", "event": "new_input_file", "filename": "resnet1_storeclass4_46031323imgtigerjobid39.JPEG", "unix_time": 1620681277.612348}
INFO:ccdag_utils.py:runtime_stat:{"task_name": "storeclass4", "event": "queue_start_process", "filename": "resnet1_storeclass4_46031323imgtigerjobid39.JPEG", "unix_time": 1620681277.896907}
INFO:ccdag_utils.py:runtime_stat:{"task_name": "storeclass4", "event": "queue_end_process", "filename": "storeclass4_lccenc4_46031323imgtigerjobid39.JPEG", "unix_time": 1620681277.9041572}
INFO:circe.py:runtime_stat:{"task_name": "circe", "event": "new_output_file", "filename": "storeclass4_lccenc4_46031323imgtigerjobid39.JPEG", "unix_time": 1620681277.9049335}
DEBUG:transfer.py:sshpass -p PASSWORD scp -P 5000 -o StrictHostKeyChecking=no /jupiter/circe_output/storeclass4_lccenc4_46031323imgtigerjobid39.JPEG root@10.97.30.229:/jupiter/circe_input/
DEBUG:transfer.py:transfer successful!
INFO:circe.py:runtime_stat:{"task_name": "circe", "event": "new_input_file", "filename": "resnet2_storeclass4_76468973imgtigerjobid39.JPEG", "unix_time": 1620681280.9560757}
INFO:circe.py:runtime_stat:{"task_name": "circe", "event": "new_input_file", "filename": "resnet5_storeclass4_91257356imgtigerjobid39.JPEG", "unix_time": 1620681281.2492585}
INFO:circe.py:runtime_stat:{"task_name": "circe", "event": "new_input_file", "filename": "resnet3_storeclass4_21656025imgtigerjobid39.JPEG", "unix_time": 1620681281.384483}
INFO:ccdag_utils.py:runtime_stat:{"task_name": "storeclass4", "event": "queue_start_process", "filename": "resnet2_storeclass4_76468973imgtigerjobid39.JPEG", "unix_time": 1620681281.9089699}
INFO:ccdag_utils.py:runtime_stat:{"task_name": "storeclass4", "event": "queue_end_process", "filename": "storeclass4_lccenc4_76468973imgtigerjobid39.JPEG", "unix_time": 1620681281.9105554}
INFO:circe.py:runtime_stat:{"task_name": "circe", "event": "new_output_file", "filename": "storeclass4_lccenc4_76468973imgtigerjobid39.JPEG", "unix_time": 1620681281.9114563}
DEBUG:transfer.py:sshpass -p PASSWORD scp -P 5000 -o StrictHostKeyChecking=no /jupiter/circe_output/storeclass4_lccenc4_76468973imgtigerjobid39.JPEG root@10.97.30.229:/jupiter/circe_input/
INFO:ccdag_utils.py:runtime_stat:{"task_name": "storeclass4", "event": "queue_start_process", "filename": "resnet5_storeclass4_91257356imgtigerjobid39.JPEG", "unix_time": 1620681281.9118185}
INFO:ccdag_utils.py:runtime_stat:{"task_name": "storeclass4", "event": "queue_end_process", "filename": "storeclass4_lccenc4_91257356imgtigerjobid39.JPEG", "unix_time": 1620681281.9167106}
INFO:ccdag_utils.py:runtime_stat:{"task_name": "storeclass4", "event": "queue_start_process", "filename": "resnet3_storeclass4_21656025imgtigerjobid39.JPEG", "unix_time": 1620681281.917682}
INFO:ccdag_utils.py:runtime_stat:{"task_name": "storeclass4", "event": "queue_end_process", "filename": "storeclass4_lccenc4_21656025imgtigerjobid39.JPEG", "unix_time": 1620681281.921684}
DEBUG:transfer.py:transfer successful!
INFO:circe.py:runtime_stat:{"task_name": "circe", "event": "new_output_file", "filename": "storeclass4_lccenc4_91257356imgtigerjobid39.JPEG", "unix_time": 1620681282.1182866}
DEBUG:transfer.py:sshpass -p PASSWORD scp -P 5000 -o StrictHostKeyChecking=no /jupiter/circe_output/storeclass4_lccenc4_91257356imgtigerjobid39.JPEG root@10.97.30.229:/jupiter/circe_input/
DEBUG:transfer.py:transfer successful!
INFO:circe.py:runtime_stat:{"task_name": "circe", "event": "new_output_file", "filename": "storeclass4_lccenc4_21656025imgtigerjobid39.JPEG", "unix_time": 1620681282.3253584}
DEBUG:transfer.py:sshpass -p PASSWORD scp -P 5000 -o StrictHostKeyChecking=no /jupiter/circe_output/storeclass4_lccenc4_21656025imgtigerjobid39.JPEG root@10.97.30.229:/jupiter/circe_input/
DEBUG:transfer.py:transfer successful!
INFO:circe.py:runtime_stat:{"task_name": "circe", "event": "new_input_file", "filename": "resnet0_storeclass4_74553270imgtigerjobid39.JPEG", "unix_time": 1620681284.4352295}
INFO:ccdag_utils.py:runtime_stat:{"task_name": "storeclass4", "event": "queue_start_process", "filename": "resnet0_storeclass4_74553270imgtigerjobid39.JPEG", "unix_time": 1620681284.9248586}
INFO:ccdag_utils.py:runtime_stat:{"task_name": "storeclass4", "event": "queue_end_process", "filename": "storeclass4_lccenc4_74553270imgtigerjobid39.JPEG", "unix_time": 1620681284.928221}
INFO:circe.py:runtime_stat:{"task_name": "circe", "event": "new_output_file", "filename": "storeclass4_lccenc4_74553270imgtigerjobid39.JPEG", "unix_time": 1620681284.9297538}
DEBUG:transfer.py:sshpass -p PASSWORD scp -P 5000 -o StrictHostKeyChecking=no /jupiter/circe_output/storeclass4_lccenc4_74553270imgtigerjobid39.JPEG root@10.97.30.229:/jupiter/circe_input/
DEBUG:transfer.py:transfer successful!
INFO:circe.py:runtime_stat:{"task_name": "circe", "event": "new_input_file", "filename": "resnet7_storeclass4_12137436imgtigerjobid36.JPEG", "unix_time": 1620681306.951787}
INFO:ccdag_utils.py:runtime_stat:{"task_name": "storeclass4", "event": "queue_start_process", "filename": "resnet7_storeclass4_12137436imgtigerjobid36.JPEG", "unix_time": 1620681306.953299}
INFO:circe.py:runtime_stat:{"task_name": "circe", "event": "new_output_file", "filename": "storeclass4_lccenc4_12137436imgtigerjobid36.JPEG", "unix_time": 1620681306.9594393}
DEBUG:transfer.py:sshpass -p PASSWORD scp -P 5000 -o StrictHostKeyChecking=no /jupiter/circe_output/storeclass4_lccenc4_12137436imgtigerjobid36.JPEG root@10.97.30.229:/jupiter/circe_input/
INFO:ccdag_utils.py:runtime_stat:{"task_name": "storeclass4", "event": "queue_end_process", "filename": "storeclass4_lccenc4_12137436imgtigerjobid36.JPEG", "unix_time": 1620681306.960147}
DEBUG:transfer.py:transfer successful!
INFO:circe.py:runtime_stat:{"task_name": "circe", "event": "new_input_file", "filename": "resnet7_storeclass4_37359432imgtigerjobid38.JPEG", "unix_time": 1620681339.0461178}
INFO:circe.py:runtime_stat:{"task_name": "circe", "event": "new_input_file", "filename": "resnet4_storeclass4_09643591imgtigerjobid38.JPEG", "unix_time": 1620681339.0680945}
INFO:ccdag_utils.py:runtime_stat:{"task_name": "storeclass4", "event": "queue_start_process", "filename": "resnet7_storeclass4_37359432imgtigerjobid38.JPEG", "unix_time": 1620681339.9995255}
INFO:circe.py:runtime_stat:{"task_name": "circe", "event": "new_output_file", "filename": "storeclass4_lccenc4_37359432imgtigerjobid38.JPEG", "unix_time": 1620681340.006396}
DEBUG:transfer.py:sshpass -p PASSWORD scp -P 5000 -o StrictHostKeyChecking=no /jupiter/circe_output/storeclass4_lccenc4_37359432imgtigerjobid38.JPEG root@10.97.30.229:/jupiter/circe_input/
INFO:ccdag_utils.py:runtime_stat:{"task_name": "storeclass4", "event": "queue_end_process", "filename": "storeclass4_lccenc4_37359432imgtigerjobid38.JPEG", "unix_time": 1620681340.0069492}
INFO:ccdag_utils.py:runtime_stat:{"task_name": "storeclass4", "event": "queue_start_process", "filename": "resnet4_storeclass4_09643591imgtigerjobid38.JPEG", "unix_time": 1620681340.0108893}
INFO:ccdag_utils.py:runtime_stat:{"task_name": "storeclass4", "event": "queue_end_process", "filename": "storeclass4_lccenc4_09643591imgtigerjobid38.JPEG", "unix_time": 1620681340.0189764}
DEBUG:transfer.py:transfer successful!
INFO:circe.py:runtime_stat:{"task_name": "circe", "event": "new_output_file", "filename": "storeclass4_lccenc4_09643591imgtigerjobid38.JPEG", "unix_time": 1620681340.4044943}
DEBUG:transfer.py:sshpass -p PASSWORD scp -P 5000 -o StrictHostKeyChecking=no /jupiter/circe_output/storeclass4_lccenc4_09643591imgtigerjobid38.JPEG root@10.97.30.229:/jupiter/circe_input/
DEBUG:transfer.py:transfer successful!
INFO:circe.py:runtime_stat:{"task_name": "circe", "event": "new_input_file", "filename": "resnet7_storeclass4_11917064imgtigerjobid39.JPEG", "unix_time": 1620681354.3987072}
INFO:circe.py:runtime_stat:{"task_name": "circe", "event": "new_input_file", "filename": "resnet4_storeclass4_61782456imgtigerjobid39.JPEG", "unix_time": 1620681354.4471736}
INFO:ccdag_utils.py:runtime_stat:{"task_name": "storeclass4", "event": "queue_start_process", "filename": "resnet7_storeclass4_11917064imgtigerjobid39.JPEG", "unix_time": 1620681355.034316}
INFO:ccdag_utils.py:runtime_stat:{"task_name": "storeclass4", "event": "queue_end_process", "filename": "storeclass4_lccenc4_11917064imgtigerjobid39.JPEG", "unix_time": 1620681355.040104}
INFO:ccdag_utils.py:runtime_stat:{"task_name": "storeclass4", "event": "queue_start_process", "filename": "resnet4_storeclass4_61782456imgtigerjobid39.JPEG", "unix_time": 1620681355.040403}
INFO:circe.py:runtime_stat:{"task_name": "circe", "event": "new_output_file", "filename": "storeclass4_lccenc4_11917064imgtigerjobid39.JPEG", "unix_time": 1620681355.0410624}
DEBUG:transfer.py:sshpass -p PASSWORD scp -P 5000 -o StrictHostKeyChecking=no /jupiter/circe_output/storeclass4_lccenc4_11917064imgtigerjobid39.JPEG root@10.97.30.229:/jupiter/circe_input/
INFO:ccdag_utils.py:runtime_stat:{"task_name": "storeclass4", "event": "queue_end_process", "filename": "storeclass4_lccenc4_61782456imgtigerjobid39.JPEG", "unix_time": 1620681355.0491621}
DEBUG:transfer.py:transfer successful!
INFO:circe.py:runtime_stat:{"task_name": "circe", "event": "new_output_file", "filename": "storeclass4_lccenc4_61782456imgtigerjobid39.JPEG", "unix_time": 1620681355.26393}
DEBUG:transfer.py:sshpass -p PASSWORD scp -P 5000 -o StrictHostKeyChecking=no /jupiter/circe_output/storeclass4_lccenc4_61782456imgtigerjobid39.JPEG root@10.97.30.229:/jupiter/circe_input/
DEBUG:transfer.py:transfer successful!
