 * Starting OpenBSD Secure Shell server sshd
   ...done.
-------------------------------------
Automatically generating HEFT input
-------------------------------------
Perform HEFT scheduling
read_input_heft.py:194: SyntaxWarning: name 'MONGO_SVC_PORT' is assigned to before global declaration
  global profiler_ip,exec_home_ip,num_nodes,MONGO_SVC_PORT,network_map,node_list, home_profiler_ip
('tasks: ', {'simpledetector2': ['fusioncenter2'], 'simpledetector1': ['fusioncenter1'], 'simpledetector0': ['fusioncenter0'], 'globalfusion': [], 'aggregate1': ['simpledetector1', 'astutedetector1'], 'aggregate0': ['simpledetector0', 'astutedetector0'], 'aggregate2': ['simpledetector2', 'astutedetector2'], 'localpro': ['aggregate0', 'aggregate1', 'aggregate2'], 'astutedetector1': ['fusioncenter1'], 'astutedetector0': ['fusioncenter0'], 'astutedetector2': ['fusioncenter2'], 'fusioncenter0': ['globalfusion'], 'fusioncenter1': ['globalfusion'], 'fusioncenter2': ['globalfusion']})
('task order', ['localpro', 'aggregate0', 'aggregate1', 'aggregate2', 'simpledetector0', 'simpledetector1', 'simpledetector2', 'astutedetector0', 'astutedetector1', 'astutedetector2', 'fusioncenter0', 'fusioncenter1', 'fusioncenter2', 'globalfusion'])
('super tasks', [])
('non tasks', [])
No input TGFF file found!
---------------------------------------------

 Read task list from DAG file, Non-DAG info and global information 

tasks:  {'simpledetector1': ['fusioncenter1'], 'astutedetector0': ['fusioncenter0'], 'fusioncenter0': ['globalfusion'], 'aggregate2': ['simpledetector2', 'astutedetector2'], 'simpledetector0': ['fusioncenter0'], 'fusioncenter2': ['globalfusion'], 'aggregate1': ['simpledetector1', 'astutedetector1'], 'astutedetector1': ['fusioncenter1'], 'simpledetector2': ['fusioncenter2'], 'aggregate0': ['simpledetector0', 'astutedetector0'], 'fusioncenter1': ['globalfusion'], 'globalfusion': [], 'localpro': ['aggregate0', 'aggregate1', 'aggregate2'], 'astutedetector2': ['fusioncenter2']}
task order ['localpro', 'aggregate0', 'aggregate1', 'aggregate2', 'simpledetector0', 'simpledetector1', 'simpledetector2', 'astutedetector0', 'astutedetector1', 'astutedetector2', 'fusioncenter0', 'fusioncenter1', 'fusioncenter2', 'globalfusion']
super tasks []
---------------------------------------------

 Create input HEFT file 

No available profiling information
---------------------------------------------

 Step 1: Read task list from DAG file and global information 

5
[['node2', '10.110.22.125'], ['node3', '10.100.135.138'], ['node4', '10.105.17.239'], ['node5', '10.108.202.177'], ['node6', '10.101.235.45']]
10.105.80.122
Num nodes :5
{'10.101.235.45': 'node6', '10.100.135.138': 'node3', '10.105.17.239': 'node4', '10.110.22.125': 'node2', '10.108.202.177': 'node5'}
['node2', 'node3', 'node4', 'node5', 'node6']
------------------------------------------------------------

 Step 2: Read network profiler information : 

------------------------------------------------------------

 Step 3: Read execution Profiler Information : 

[['node2', '10.110.22.125'], ['node3', '10.100.135.138'], ['node4', '10.105.17.239'], ['node5', '10.108.202.177'], ['node6', '10.101.235.45']]
Check Network Profiler IP: node2-10.110.22.125
Database(MongoClient(host=['10.105.80.122:6200'], document_class=dict, tz_aware=False, connect=True), 'execution_profiler')
--- Number of neighbors: 5
Current number of updated execution profilers:
6
--- Check execution profiler ID : home
--- Check execution profiler ID : node3
Check Network Profiler IP: node3-10.100.135.138
--- Check execution profiler ID : node5
--- Check execution profiler ID : node2
--- Check execution profiler ID : node4
--- Check execution profiler ID : node6
Execution information has already been provided
--- Number of neighbors: 5
Check Network Profiler IP: node4-10.105.17.239
--- Number of neighbors: 5
Check Network Profiler IP: node5-10.108.202.177
--- Number of neighbors: 5
Check Network Profiler IP: node6-10.101.235.45
--- Number of neighbors: 5
Network information has already been provided
['home', 'localpro', '15', '986.736']
['home', 'aggregate0', '15', '701.92']
['home', 'aggregate1', '15', '127.048']
['home', 'aggregate2', '15', '157.768']
['home', 'simpledetector0', '15', '7.616']
['home', 'simpledetector1', '15', '7.616']
['home', 'simpledetector2', '15', '7.168']
['home', 'astutedetector0', '15', '4.152']
['home', 'astutedetector1', '15', '3.48']
['home', 'astutedetector2', '15', '4.728']
['home', 'fusioncenter0', '10', '0.984']
['home', 'fusioncenter1', '10', '0.44']
['home', 'fusioncenter2', '10', '0.792']
['home', 'globalfusion', '10', '1.336']
['localpro', 'aggregate0', 'aggregate1', 'aggregate2', 'simpledetector0', 'simpledetector1', 'simpledetector2', 'astutedetector0', 'astutedetector1', 'astutedetector2', 'fusioncenter0', 'fusioncenter1', 'fusioncenter2', 'globalfusion']
{'simpledetector1': 't0_5', 'astutedetector0': 't0_7', 'fusioncenter0': 't0_10', 'aggregate2': 't0_3', 'simpledetector0': 't0_4', 'fusioncenter2': 't0_12', 'aggregate1': 't0_2', 'astutedetector1': 't0_8', 'simpledetector2': 't0_6', 'aggregate0': 't0_1', 'fusioncenter1': 't0_11', 'globalfusion': 't0_13', 'localpro': 't0_0', 'astutedetector2': 't0_9'}
{'simpledetector1': 5, 'astutedetector0': 7, 'fusioncenter0': 10, 'aggregate2': 3, 'simpledetector0': 4, 'fusioncenter2': 12, 'aggregate1': 2, 'astutedetector1': 8, 'simpledetector2': 6, 'aggregate0': 1, 'fusioncenter1': 11, 'globalfusion': 13, 'localpro': 0, 'astutedetector2': 9}
{'simpledetector1': '7.616', 'astutedetector0': '4.152', 'fusioncenter0': '0.984', 'aggregate2': '157.768', 'simpledetector0': '7.616', 'fusioncenter2': '0.768', 'aggregate1': '127.048', 'astutedetector1': '3.48', 'simpledetector2': '7.168', 'aggregate0': '701.92', 'fusioncenter1': '0.44', 'globalfusion': '1.312', 'localpro': '986.736', 'astutedetector2': '4.704'}
[[150, 150, 150, 150, 150], [150, 150, 150, 150, 150], [150, 150, 150, 150, 150], [150, 150, 150, 150, 150], [150, 150, 150, 150, 150], [150, 150, 150, 150, 150], [150, 150, 150, 150, 150], [150, 150, 150, 150, 150], [150, 150, 150, 150, 150], [150, 150, 150, 150, 150], [100, 100, 100, 100, 100], [100, 100, 100, 100, 100], [100, 100, 100, 100, 100], [100, 100, 100, 100, 100]]
	TASK localpro	TYPE 0 

	TASK aggregate0	TYPE 1 

	TASK aggregate1	TYPE 2 

	TASK aggregate2	TYPE 3 

	TASK simpledetector0	TYPE 4 

	TASK simpledetector1	TYPE 5 

	TASK simpledetector2	TYPE 6 

	TASK astutedetector0	TYPE 7 

	TASK astutedetector1	TYPE 8 

	TASK astutedetector2	TYPE 9 

	TASK fusioncenter0	TYPE 10 

	TASK fusioncenter1	TYPE 11 

	TASK fusioncenter2	TYPE 12 

	TASK globalfusion	TYPE 13 

task_names: ['localpro', 'aggregate0', 'aggregate1', 'aggregate2', 'simpledetector0', 'simpledetector1', 'simpledetector2', 'astutedetector0', 'astutedetector1', 'astutedetector2', 'fusioncenter0', 'fusioncenter1', 'fusioncenter2', 'globalfusion']
==================
Checking the written information
14
[<map object at 0x7fe5a8515710>, <map object at 0x7fe5a8515908>, <map object at 0x7fe5a8515a90>, <map object at 0x7fe5a8515c18>, <map object at 0x7fe5a8515da0>, <map object at 0x7fe5a8515f28>, <map object at 0x7fe5a85180f0>, <map object at 0x7fe5a8518278>, <map object at 0x7fe5a8518400>, <map object at 0x7fe5a8518588>, <map object at 0x7fe5a8518748>, <map object at 0x7fe5a8518908>, <map object at 0x7fe5a8518ac8>, <map object at 0x7fe5a8518c88>]
[[0, 1, 1, 1, 1], [1, 0, 1, 1, 1], [1, 1, 0, 1, 1], [1, 1, 1, 0, 1], [1, 1, 1, 1, 0]]
[[-1, 986, 986, 986, -1, -1, -1, -1, -1, -1, -1, -1, -1, -1], [-1, -1, -1, -1, 701, -1, -1, 701, -1, -1, -1, -1, -1, -1], [-1, -1, -1, -1, -1, 127, -1, -1, 127, -1, -1, -1, -1, -1], [-1, -1, -1, -1, -1, -1, 157, -1, -1, 157, -1, -1, -1, -1], [-1, -1, -1, -1, -1, -1, -1, -1, -1, -1, 7, -1, -1, -1], [-1, -1, -1, -1, -1, -1, -1, -1, -1, -1, -1, 7, -1, -1], [-1, -1, -1, -1, -1, -1, -1, -1, -1, -1, -1, -1, 7, -1], [-1, -1, -1, -1, -1, -1, -1, -1, -1, -1, 4, -1, -1, -1], [-1, -1, -1, -1, -1, -1, -1, -1, -1, -1, -1, 3, -1, -1], [-1, -1, -1, -1, -1, -1, -1, -1, -1, -1, -1, -1, 4, -1], [-1, -1, -1, -1, -1, -1, -1, -1, -1, -1, -1, -1, -1, 0], [-1, -1, -1, -1, -1, -1, -1, -1, -1, -1, -1, -1, -1, 0], [-1, -1, -1, -1, -1, -1, -1, -1, -1, -1, -1, -1, -1, 0], [-1, -1, -1, -1, -1, -1, -1, -1, -1, -1, -1, -1, -1, -1]]
[[(0, 0, 0), (-9.871085211878488e-07, 0.11395777125776928, 2332.6234104752393), (-1.027035565979174e-06, 0.12731362525724246, 2667.398038248604), (-7.557489160687116e-07, 0.09108800141532764, 2250.384179120368), (-5.691068987932055e-07, 0.06036625918040452, 1364.5625594752353)], [(-9.77521651247618e-07, 0.1106658192718772, 2308.783724885839), (0, 0, 0), (-7.77486096776781e-06, 0.6487352557096701, 2323.03977921705), (-5.575530994668784e-08, 0.006718959638303534, 294.2552593401512), (-6.38284987405246e-07, 0.06394569050663775, 1549.736073801383)], [(-1.062482760793585e-06, 0.12256643599856543, 2779.0364017528764), (-9.111096604417383e-07, 0.10839309865948121, 2592.9262597013744), (0, 0, 0), (-7.993608197194471e-07, 0.09721509163623397, 2545.399001706618), (-1.4734691317659705e-06, 0.17237133753110404, 3689.011832385789)], [(-7.558571676510441e-07, 0.09400497662564043, 2214.8720614057615), (-3.2160633897891104e-06, 0.25954227283756187, 274.92386764535433), (-7.175829299187063e-07, 0.09112217430797313, 2522.0085131473065), (0, 0, 0), (-1.988636363636346e-07, 0.033208333333333215, 1498.060606060605)], [(-3.982912152307833e-07, 0.04938611620385262, 1455.1221496366795), (-6.322376205164923e-07, 0.06267237897715468, 1554.1570746372229), (-1.819872239322723e-06, 0.20449474324941141, 3722.8911123527096), (-3.4210743670632696e-06, 0.28564290386387103, 1279.4438837203215), (0, 0, 0)]]
	TASK localpro	TYPE 0 

	TASK aggregate0	TYPE 1 

	TASK aggregate1	TYPE 2 

	TASK aggregate2	TYPE 3 

	TASK simpledetector0	TYPE 4 

	TASK simpledetector1	TYPE 5 

	TASK simpledetector2	TYPE 6 

	TASK astutedetector0	TYPE 7 

	TASK astutedetector1	TYPE 8 

	TASK astutedetector2	TYPE 9 

	TASK fusioncenter0	TYPE 10 

	TASK fusioncenter1	TYPE 11 

	TASK fusioncenter2	TYPE 12 

	TASK globalfusion	TYPE 13 

('task_names:', ['localpro', 'aggregate0', 'aggregate1', 'aggregate2', 'simpledetector0', 'simpledetector1', 'simpledetector2', 'astutedetector0', 'astutedetector1', 'astutedetector2', 'fusioncenter0', 'fusioncenter1', 'fusioncenter2', 'globalfusion'])
==================
 * Running on http://0.0.0.0:8888/ (Press CTRL+C to quit)
(0, 1)
(1, 1)
(2, 1)
(3, 1)
(4, 1)
(0, 3)
(1, 3)
(2, 3)
(3, 3)
(4, 3)
(0, 2)
(1, 2)
(2, 2)
(3, 2)
(4, 2)
(0, 4)
(1, 4)
(2, 4)
(3, 4)
(4, 4)
(0, 5)
(1, 5)
(2, 5)
(3, 5)
(4, 5)
(0, 6)
(1, 6)
(2, 6)
(3, 6)
(4, 6)
(0, 7)
(1, 7)
(2, 7)
(3, 7)
(4, 7)
(0, 9)
(1, 9)
(2, 9)
(3, 9)
(4, 9)
(0, 8)
(1, 8)
(2, 8)
(3, 8)
(4, 8)
(0, 10)
(1, 10)
(2, 10)
(3, 10)
(4, 10)
(0, 11)
(1, 11)
(2, 11)
(3, 11)
(4, 11)
(0, 12)
(1, 12)
(2, 12)
(3, 12)
(4, 12)
(0, 13)
(1, 13)
(2, 13)
(3, 13)
(4, 13)
Assign random master and slaves
task 0 : up_rank = 9129.112958, down_rank = 0.000000
task 1 : up_rank = 6781.343386, down_rank = 2347.769572
task 3 : up_rank = 6705.748527, down_rank = 2347.769572
task 2 : up_rank = 6701.555419, down_rank = 2347.769572
task 4 : up_rank = 4472.844704, down_rank = 4656.268254
task 5 : up_rank = 4472.844704, down_rank = 4576.480287
task 6 : up_rank = 4472.844704, down_rank = 4580.673394
task 7 : up_rank = 4472.424239, down_rank = 4656.268254
task 9 : up_rank = 4472.424239, down_rank = 4580.673394
task 8 : up_rank = 4472.284078, down_rank = 4576.480287
task 10 : up_rank = 2260.931789, down_rank = 6868.181168
task 11 : up_rank = 2260.931789, down_rank = 6788.393201
task 12 : up_rank = 2260.931789, down_rank = 6792.586309
task 13 : up_rank = 100.000000, down_rank = 9029.112958
node2:
task 1 : ast = 0, aft = 150
task 2 : ast = 150, aft = 300
task 4 : ast = 300, aft = 450
task 3 : ast = 450, aft = 600
task 5 : ast = 600, aft = 750
task 6 : ast = 750, aft = 900
task 7 : ast = 900, aft = 1050
task 8 : ast = 1050, aft = 1200
task 10 : ast = 1200, aft = 1350
task 9 : ast = 1350, aft = 1500
task 11 : ast = 1500, aft = 1600
task 12 : ast = 1600, aft = 1700
task 13 : ast = 1700, aft = 1800
task 14 : ast = 1800, aft = 1900
node3:
node4:
node5:
node6:
makespan = 1900
{'simpledetector2': 'node2', 'simpledetector1': 'node2', 'simpledetector0': 'node2', 'globalfusion': 'node2', 'aggregate1': 'node2', 'aggregate0': 'node2', 'aggregate2': 'node2', 'localpro': 'node2', 'astutedetector1': 'node2', 'astutedetector0': 'node2', 'astutedetector2': 'node2', 'fusioncenter0': 'node2', 'fusioncenter1': 'node2', 'fusioncenter2': 'node2'}
 * Serving Flask app "master" (lazy loading)
 * Environment: production
   WARNING: Do not use the development server in a production environment.
   Use a production WSGI server instead.
 * Debug mode: off
10.244.0.0 - - [15/Nov/2018 07:32:58] "GET / HTTP/1.1" 200 -
('Recieved request for current mapping. Current mappings done:', 14)
{'simpledetector2': 'node2', 'simpledetector1': 'node2', 'simpledetector0': 'node2', 'globalfusion': 'node2', 'aggregate1': 'node2', 'aggregate0': 'node2', 'aggregate2': 'node2', 'localpro': 'node2', 'astutedetector1': 'node2', 'astutedetector0': 'node2', 'astutedetector2': 'node2', 'fusioncenter0': 'node2', 'fusioncenter1': 'node2', 'fusioncenter2': 'node2'}
