 * Starting OpenBSD Secure Shell server sshd
   ...done.
-------------------------------------
Automatically generating HEFT input
-------------------------------------
Perform HEFT scheduling
read_input_heft.py:194: SyntaxWarning: name 'MONGO_SVC_PORT' is assigned to before global declaration
  global profiler_ip,exec_home_ip,num_nodes,MONGO_SVC_PORT,network_map,node_list, home_profiler_ip
('tasks: ', {'simpledetector2': ['fusioncenter2'], 'simpledetector1': ['fusioncenter1'], 'simpledetector0': ['fusioncenter0'], 'globalfusion': [], 'aggregate1': ['simpledetector1', 'astutedetector1'], 'aggregate0': ['simpledetector0', 'astutedetector0'], 'aggregate2': ['simpledetector2', 'astutedetector2'], 'localpro': ['aggregate0', 'aggregate1', 'aggregate2'], 'astutedetector1': ['fusioncenter1'], 'astutedetector0': ['fusioncenter0'], 'astutedetector2': ['fusioncenter2'], 'fusioncenter0': ['globalfusion'], 'fusioncenter1': ['globalfusion'], 'fusioncenter2': ['globalfusion']})
('task order', ['localpro', 'aggregate0', 'aggregate1', 'aggregate2', 'simpledetector0', 'simpledetector1', 'simpledetector2', 'astutedetector0', 'astutedetector1', 'astutedetector2', 'fusioncenter0', 'fusioncenter1', 'fusioncenter2', 'globalfusion'])
('super tasks', [])
('non tasks', [])
No input TGFF file found!
---------------------------------------------

 Read task list from DAG file, Non-DAG info and global information 

tasks:  {'astutedetector0': ['fusioncenter0'], 'simpledetector1': ['fusioncenter1'], 'aggregate2': ['simpledetector2', 'astutedetector2'], 'fusioncenter0': ['globalfusion'], 'astutedetector1': ['fusioncenter1'], 'aggregate1': ['simpledetector1', 'astutedetector1'], 'fusioncenter1': ['globalfusion'], 'astutedetector2': ['fusioncenter2'], 'localpro': ['aggregate0', 'aggregate1', 'aggregate2'], 'aggregate0': ['simpledetector0', 'astutedetector0'], 'fusioncenter2': ['globalfusion'], 'simpledetector0': ['fusioncenter0'], 'simpledetector2': ['fusioncenter2'], 'globalfusion': []}
task order ['localpro', 'aggregate0', 'aggregate1', 'aggregate2', 'simpledetector0', 'simpledetector1', 'simpledetector2', 'astutedetector0', 'astutedetector1', 'astutedetector2', 'fusioncenter0', 'fusioncenter1', 'fusioncenter2', 'globalfusion']
super tasks []
---------------------------------------------

 Create input HEFT file 

No available profiling information
---------------------------------------------

 Step 1: Read task list from DAG file and global information 

5
[['node2', '10.110.22.125'], ['node3', '10.100.135.138'], ['node4', '10.105.17.239'], ['node5', '10.108.202.177'], ['node6', '10.101.235.45']]
10.105.80.122
Num nodes :5
{'10.110.22.125': 'node2', '10.100.135.138': 'node3', '10.108.202.177': 'node5', '10.105.17.239': 'node4', '10.101.235.45': 'node6'}
['node2', 'node3', 'node4', 'node5', 'node6']
------------------------------------------------------------

 Step 2: Read network profiler information : 

------------------------------------------------------------

 Step 3: Read execution Profiler Information : 

[['node2', '10.110.22.125'], ['node3', '10.100.135.138'], ['node4', '10.105.17.239'], ['node5', '10.108.202.177'], ['node6', '10.101.235.45']]
Check Network Profiler IP: node2-10.110.22.125
Database(MongoClient(host=['10.105.80.122:6200'], document_class=dict, tz_aware=False, connect=True), 'execution_profiler')
--- Number of neighbors: 5
Current number of updated execution profilers:
6
--- Check execution profiler ID : home
--- Check execution profiler ID : node3
Check Network Profiler IP: node3-10.100.135.138
--- Check execution profiler ID : node5
--- Check execution profiler ID : node2
--- Check execution profiler ID : node4
--- Check execution profiler ID : node6
Execution information has already been provided
--- Number of neighbors: 5
Check Network Profiler IP: node4-10.105.17.239
--- Number of neighbors: 5
Check Network Profiler IP: node5-10.108.202.177
--- Number of neighbors: 5
Check Network Profiler IP: node6-10.101.235.45
--- Number of neighbors: 5
Network information has already been provided
['home', 'localpro', '15', '986.736']
['home', 'aggregate0', '15', '701.92']
['home', 'aggregate1', '15', '127.048']
['home', 'aggregate2', '15', '157.768']
['home', 'simpledetector0', '15', '7.616']
['home', 'simpledetector1', '15', '7.616']
['home', 'simpledetector2', '15', '7.168']
['home', 'astutedetector0', '15', '4.152']
['home', 'astutedetector1', '15', '3.48']
['home', 'astutedetector2', '15', '4.728']
['home', 'fusioncenter0', '10', '0.984']
['home', 'fusioncenter1', '10', '0.44']
['home', 'fusioncenter2', '10', '0.792']
['home', 'globalfusion', '10', '1.336']
['localpro', 'aggregate0', 'aggregate1', 'aggregate2', 'simpledetector0', 'simpledetector1', 'simpledetector2', 'astutedetector0', 'astutedetector1', 'astutedetector2', 'fusioncenter0', 'fusioncenter1', 'fusioncenter2', 'globalfusion']
{'astutedetector0': 't0_7', 'simpledetector1': 't0_5', 'aggregate2': 't0_3', 'fusioncenter0': 't0_10', 'astutedetector1': 't0_8', 'aggregate1': 't0_2', 'fusioncenter1': 't0_11', 'astutedetector2': 't0_9', 'localpro': 't0_0', 'aggregate0': 't0_1', 'fusioncenter2': 't0_12', 'simpledetector0': 't0_4', 'simpledetector2': 't0_6', 'globalfusion': 't0_13'}
{'astutedetector0': 7, 'simpledetector1': 5, 'aggregate2': 3, 'fusioncenter0': 10, 'astutedetector1': 8, 'aggregate1': 2, 'fusioncenter1': 11, 'astutedetector2': 9, 'localpro': 0, 'aggregate0': 1, 'fusioncenter2': 12, 'simpledetector0': 4, 'simpledetector2': 6, 'globalfusion': 13}
{'astutedetector0': '4.152', 'simpledetector1': '7.616', 'aggregate2': '157.768', 'fusioncenter0': '0.984', 'astutedetector1': '3.48', 'aggregate1': '127.048', 'fusioncenter1': '0.44', 'astutedetector2': '4.704', 'localpro': '986.736', 'aggregate0': '701.92', 'fusioncenter2': '0.768', 'simpledetector0': '7.616', 'simpledetector2': '7.168', 'globalfusion': '1.312'}
[[150, 150, 150, 150, 150], [150, 150, 150, 150, 150], [150, 150, 150, 150, 150], [150, 150, 150, 150, 150], [150, 150, 150, 150, 150], [150, 150, 150, 150, 150], [150, 150, 150, 150, 150], [150, 150, 150, 150, 150], [150, 150, 150, 150, 150], [150, 150, 150, 150, 150], [100, 100, 100, 100, 100], [100, 100, 100, 100, 100], [100, 100, 100, 100, 100], [100, 100, 100, 100, 100]]
	TASK localpro	TYPE 0 

	TASK aggregate0	TYPE 1 

	TASK aggregate1	TYPE 2 

	TASK aggregate2	TYPE 3 

	TASK simpledetector0	TYPE 4 

	TASK simpledetector1	TYPE 5 

	TASK simpledetector2	TYPE 6 

	TASK astutedetector0	TYPE 7 

	TASK astutedetector1	TYPE 8 

	TASK astutedetector2	TYPE 9 

	TASK fusioncenter0	TYPE 10 

	TASK fusioncenter1	TYPE 11 

	TASK fusioncenter2	TYPE 12 

	TASK globalfusion	TYPE 13 

task_names: ['localpro', 'aggregate0', 'aggregate1', 'aggregate2', 'simpledetector0', 'simpledetector1', 'simpledetector2', 'astutedetector0', 'astutedetector1', 'astutedetector2', 'fusioncenter0', 'fusioncenter1', 'fusioncenter2', 'globalfusion']
==================
Checking the written information
14
[<map object at 0x7ffae068d780>, <map object at 0x7ffae068d978>, <map object at 0x7ffae068db00>, <map object at 0x7ffae068dc88>, <map object at 0x7ffae068de10>, <map object at 0x7ffae068df98>, <map object at 0x7ffae068f160>, <map object at 0x7ffae068f2e8>, <map object at 0x7ffae068f470>, <map object at 0x7ffae068f5f8>, <map object at 0x7ffae068f7b8>, <map object at 0x7ffae068f978>, <map object at 0x7ffae068fb38>, <map object at 0x7ffae068fcf8>]
[[0, 1, 1, 1, 1], [1, 0, 1, 1, 1], [1, 1, 0, 1, 1], [1, 1, 1, 0, 1], [1, 1, 1, 1, 0]]
[[-1, 986, 986, 986, -1, -1, -1, -1, -1, -1, -1, -1, -1, -1], [-1, -1, -1, -1, 701, -1, -1, 701, -1, -1, -1, -1, -1, -1], [-1, -1, -1, -1, -1, 127, -1, -1, 127, -1, -1, -1, -1, -1], [-1, -1, -1, -1, -1, -1, 157, -1, -1, 157, -1, -1, -1, -1], [-1, -1, -1, -1, -1, -1, -1, -1, -1, -1, 7, -1, -1, -1], [-1, -1, -1, -1, -1, -1, -1, -1, -1, -1, -1, 7, -1, -1], [-1, -1, -1, -1, -1, -1, -1, -1, -1, -1, -1, -1, 7, -1], [-1, -1, -1, -1, -1, -1, -1, -1, -1, -1, 4, -1, -1, -1], [-1, -1, -1, -1, -1, -1, -1, -1, -1, -1, -1, 3, -1, -1], [-1, -1, -1, -1, -1, -1, -1, -1, -1, -1, -1, -1, 4, -1], [-1, -1, -1, -1, -1, -1, -1, -1, -1, -1, -1, -1, -1, 0], [-1, -1, -1, -1, -1, -1, -1, -1, -1, -1, -1, -1, -1, 0], [-1, -1, -1, -1, -1, -1, -1, -1, -1, -1, -1, -1, -1, 0], [-1, -1, -1, -1, -1, -1, -1, -1, -1, -1, -1, -1, -1, -1]]
[[(0, 0, 0), (-1.2249320329690557e-06, 0.11827454665383075, 2284.842082987655), (-1.1090235366031833e-06, 0.12202100953962994, 2645.822251131272), (-5.5567417354034496e-05, 0.5491837194999193, 2103.250298574048), (-7.144172353498429e-07, 0.06744862984824875, 1384.153907744964)], [(-1.2667368024082864e-06, 0.12785118268859336, 2233.6880729388104), (0, 0, 0), (-1.038412579796156e-06, 0.10985841048793922, 2557.3451786031533), (-4.7437051762926476e-08, 0.006612428298476333, 286.5807014253797), (-7.048691857276756e-07, 0.07085291173903407, 1478.758380449477)], [(-1.0651572379983446e-06, 0.12384814645963058, 2659.604856183121), (-6.679328446234578e-05, 0.6552416998176326, 2347.86395462888), (0, 0, 0), (-6.868510114373288e-06, 0.5857610146494195, 2255.0837433319825), (4.56246501849031e-06, 0.30796301437926654, 3908.4636921188517)], [(-6.4881475553699565e-06, 0.5400532853846386, 2088.2148835378184), (-7.572472512143298e-08, 0.008043959818786533, 273.0976942247844), (-9.63416517158529e-07, 0.11165597398942109, 2385.150880415266), (0, 0, 0), (-5.644320559052816e-07, 0.06481272812744927, 1326.0891227424627)], [(-4.1380193670647757e-05, 0.3892587176335113, 1314.7668364665556), (-6.934887821675256e-07, 0.06730804854918315, 1521.3640325324686), (-1.442088994854812e-06, 0.174941141354967, 3647.210407043253), (-6.406964957699726e-07, 0.06357106072301938, 1362.4033531485723), (0, 0, 0)]]
	TASK localpro	TYPE 0 

	TASK aggregate0	TYPE 1 

	TASK aggregate1	TYPE 2 

	TASK aggregate2	TYPE 3 

	TASK simpledetector0	TYPE 4 

	TASK simpledetector1	TYPE 5 

	TASK simpledetector2	TYPE 6 

	TASK astutedetector0	TYPE 7 

	TASK astutedetector1	TYPE 8 

	TASK astutedetector2	TYPE 9 

	TASK fusioncenter0	TYPE 10 

	TASK fusioncenter1	TYPE 11 

	TASK fusioncenter2	TYPE 12 

	TASK globalfusion	TYPE 13 

('task_names:', ['localpro', 'aggregate0', 'aggregate1', 'aggregate2', 'simpledetector0', 'simpledetector1', 'simpledetector2', 'astutedetector0', 'astutedetector1', 'astutedetector2', 'fusioncenter0', 'fusioncenter1', 'fusioncenter2', 'globalfusion'])
==================
(0, 1)
(1, 1)
(2, 1)
(3, 1)
(4, 1)
(0, 3)
(1, 3)
(2, 3)
(3, 3)
(4, 3)
(0, 2)
(1, 2)
(2, 2)
(3, 2)
(4, 2)
(0, 4)
(1, 4)
(2, 4)
(3, 4)
(4, 4)
(0, 5)
(1, 5)
(2, 5)
(3, 5)
(4, 5)
(0, 6)
(1, 6)
(2, 6)
(3, 6)
(4, 6)
(0, 7)
(1, 7)
(2, 7)
(3, 7)
(4, 7)
(0, 9)
(1, 9)
(2, 9)
(3, 9)
(4, 9)
(0, 8)
(1, 8)
(2, 8)
(3, 8)
(4, 8)
(0, 10)
(1, 10)
(2, 10)
(3, 10)
(4, 10)
(0, 11)
(1, 11)
(2, 11)
(3, 11)
(4, 11)
(0, 12)
(1, 12)
(2, 12)
(3, 12)
(4, 12)
(0, 13)
(1, 13)
(2, 13)
(3, 13)
(4, 13)
Assign random master and slaves
task 0 : up_rank = 9010.487405, down_rank = 0.000000
task 1 : up_rank = 6656.005180, down_rank = 2354.482225
task 3 : up_rank = 6544.305227, down_rank = 2354.482225
task 2 : up_rank = 6537.986805, down_rank = 2354.482225
task 4 : up_rank = 4357.867579, down_rank = 4652.619826
task 5 : up_rank = 4357.867579, down_rank = 4534.601452
task 6 : up_rank = 4357.867579, down_rank = 4540.919874
task 7 : up_rank = 4357.228198, down_rank = 4652.619826
task 9 : up_rank = 4357.228198, down_rank = 4540.919874
task 8 : up_rank = 4357.015034, down_rank = 4534.601452
task 10 : up_rank = 2203.187717, down_rank = 6807.299688
task 11 : up_rank = 2203.187717, down_rank = 6689.281314
task 12 : up_rank = 2203.187717, down_rank = 6695.599736
task 13 : up_rank = 100.000000, down_rank = 8910.487405
node2:
task 1 : ast = 0, aft = 150
task 2 : ast = 150, aft = 300
task 4 : ast = 300, aft = 450
task 3 : ast = 450, aft = 600
task 5 : ast = 600, aft = 750
task 6 : ast = 750, aft = 900
task 7 : ast = 900, aft = 1050
task 8 : ast = 1050, aft = 1200
task 10 : ast = 1200, aft = 1350
task 9 : ast = 1350, aft = 1500
task 11 : ast = 1500, aft = 1600
task 12 : ast = 1600, aft = 1700
task 13 : ast = 1700, aft = 1800
task 14 : ast = 1800, aft = 1900
node3:
node4:
node5:
node6:
makespan = 1900
{'simpledetector2': 'node2', 'simpledetector1': 'node2', 'simpledetector0': 'node2', 'globalfusion': 'node2', 'aggregate1': 'node2', 'aggregate0': 'node2', 'aggregate2': 'node2', 'localpro': 'node2', 'astutedetector1': 'node2', 'astutedetector0': 'node2', 'astutedetector2': 'node2', 'fusioncenter0': 'node2', 'fusioncenter1': 'node2', 'fusioncenter2': 'node2'}
 * Serving Flask app "master" (lazy loading)
 * Environment: production
   WARNING: Do not use the development server in a production environment.
   Use a production WSGI server instead.
 * Debug mode: off
 * Running on http://0.0.0.0:8888/ (Press CTRL+C to quit)
('Recieved request for current mapping. Current mappings done:', 14)
{'simpledetector2': 'node2', 'simpledetector1': 'node2', 'simpledetector0': 'node2', 'globalfusion': 'node2', 'aggregate1': 'node2', 'aggregate0': 'node2', 'aggregate2': 'node2', 'localpro': 'node2', 'astutedetector1': 'node2', 'astutedetector0': 'node2', 'astutedetector2': 'node2', 'fusioncenter0': 'node2', 'fusioncenter1': 'node2', 'fusioncenter2': 'node2'}
10.244.0.0 - - [14/Nov/2018 00:27:47] "GET / HTTP/1.1" 200 -
