 * Starting OpenBSD Secure Shell server sshd
   ...done.
Installing and starting mongodb
Start MongoDB.
about to fork child process, waiting until server is ready for connections.
forked process: 33
child process started successfully, parent exiting
Starting the scheduler
TASK1:  localpro
DAG:  {'simpledetector0': ['1', 'true', 'fusioncenter0'], 'simpledetector2': ['1', 'true', 'fusioncenter2'], 'fusioncenter0': ['2', 'true', 'globalfusion'], 'localpro': ['1', 'false', 'aggregate0', 'aggregate1', 'aggregate2'], 'astutedetector2': ['1', 'true', 'fusioncenter2'], 'aggregate0': ['1', 'true', 'simpledetector0', 'astutedetector0'], 'fusioncenter1': ['2', 'true', 'globalfusion'], 'globalfusion': ['3', 'true', 'home'], 'astutedetector0': ['1', 'true', 'fusioncenter0'], 'simpledetector1': ['1', 'true', 'fusioncenter1'], 'aggregate1': ['1', 'true', 'simpledetector1', 'astutedetector1'], 'astutedetector1': ['1', 'true', 'fusioncenter1'], 'aggregate2': ['1', 'true', 'simpledetector2', 'astutedetector2'], 'fusioncenter2': ['2', 'true', 'globalfusion']}
HOSTS:  {'home': ['home', 'ubuntu-2gb-nyc2-01-fra1', 'root', 'PASSWORD']}
Starting the output monitoring system:
Flask server started
 * Serving Flask app "scheduler" (lazy loading)
 * Environment: production
   WARNING: Do not use the development server in a production environment.
   Use a production WSGI server instead.
 * Debug mode: off
 * Running on http://0.0.0.0:8888/ (Press CTRL+C to quit)
Recieved request for number of output files. Current done: 0
10.244.0.0 - - [12/Dec/2018 23:19:44] "GET / HTTP/1.1" 200 -
Start copying sample files for evaluation
---- Generate random input files
---- Generate random input files
Received file as input - /input/1botnet.ipsum.
start time is:  [1544656786.8336072]
Transfer to IP: 10.101.182.110 , username: root , password: PASSWORD, source path: /input/1botnet.ipsum , destination path: /centralized_scheduler/input/1botnet.ipsum
10.101.182.110
Warning: Permanently added '[10.101.182.110]:5000' (ECDSA) to the list of known hosts.
data transfer complete

Received flask message: localpro rt_enter 1botnet 1544656787.5555413
10.244.4.70 - - [12/Dec/2018 23:19:47] "GET /recv_runtime_profile?work_node=localpro&msg=rt_enter+1botnet+1544656787.5555413 HTTP/1.1" 200 -
Received flask message: localpro rt_exec 1botnet 1544656787.5688682
10.244.4.70 - - [12/Dec/2018 23:19:47] "GET /recv_runtime_profile?work_node=localpro&msg=rt_exec+1botnet+1544656787.5688682 HTTP/1.1" 200 -
Received flask message: localpro rt_finish 1botnet 1544656802.602855
----------------------------
Worker node: localpro
Input file : 1botnet
Total duration time:15.047313690185547
Waiting time:0.013326883316040039
localpro execution time:15.033986806869507
----------------------------
********************************************
Runtime profiling info:
Task_name  local_input_file Enter_time Execute_time Finish_time Elapse_time Duration_time Waiting_time 

localpro   1botnet    1544656787.5555413 1544656787.5688682 1544656802.602855 15.047313690185547 15.033986806869507 0.013326883316040039

********************************************
10.244.4.70 - - [12/Dec/2018 23:20:02] "GET /recv_runtime_profile?work_node=localpro&msg=rt_finish+1botnet+1544656802.602855 HTTP/1.1" 200 -
Received flask message: aggregate0 rt_enter 1split 1544656803.7810948
10.244.19.97 - - [12/Dec/2018 23:20:03] "GET /recv_runtime_profile?msg=rt_enter+1split+1544656803.7810948&work_node=aggregate0 HTTP/1.1" 200 -
Received flask message: aggregate0 rt_exec 1split 1544656803.7907646
10.244.19.97 - - [12/Dec/2018 23:20:03] "GET /recv_runtime_profile?msg=rt_exec+1split+1544656803.7907646&work_node=aggregate0 HTTP/1.1" 200 -
Received flask message: aggregate1 rt_enter 1split 1544656803.9318786
10.244.11.90 - - [12/Dec/2018 23:20:03] "GET /recv_runtime_profile?work_node=aggregate1&msg=rt_enter+1split+1544656803.9318786 HTTP/1.1" 200 -
Received flask message: aggregate1 rt_exec 1split 1544656803.9438324
10.244.11.90 - - [12/Dec/2018 23:20:03] "GET /recv_runtime_profile?work_node=aggregate1&msg=rt_exec+1split+1544656803.9438324 HTTP/1.1" 200 -
Received flask message: aggregate2 rt_enter 1split 1544656804.1120734
10.244.19.96 - - [12/Dec/2018 23:20:04] "GET /recv_runtime_profile?work_node=aggregate2&msg=rt_enter+1split+1544656804.1120734 HTTP/1.1" 200 -
Received flask message: aggregate2 rt_exec 1split 1544656804.1223776
10.244.19.96 - - [12/Dec/2018 23:20:04] "GET /recv_runtime_profile?work_node=aggregate2&msg=rt_exec+1split+1544656804.1223776 HTTP/1.1" 200 -
Received flask message: aggregate0 rt_finish 1split 1544656818.8136191
----------------------------
Worker node: aggregate0
Input file : 1split
Total duration time:15.032524347305298
Waiting time:0.009669780731201172
aggregate0 execution time:15.022854566574097
----------------------------
********************************************
Runtime profiling info:
Task_name  local_input_file Enter_time Execute_time Finish_time Elapse_time Duration_time Waiting_time 

aggregate0 1split     1544656803.7810948 1544656803.7907646 1544656818.8136191 15.032524347305298 15.022854566574097 0.009669780731201172

localpro   1botnet    1544656787.5555413 1544656787.5688682 1544656802.602855 15.047313690185547 15.033986806869507 0.013326883316040039

********************************************
10.244.19.97 - - [12/Dec/2018 23:20:18] "GET /recv_runtime_profile?msg=rt_finish+1split+1544656818.8136191&work_node=aggregate0 HTTP/1.1" 200 -
10.244.11.90 - - [12/Dec/2018 23:20:18] "GET /recv_runtime_profile?work_node=aggregate1&msg=rt_finish+1split+1544656818.9679112 HTTP/1.1" 200 -
Received flask message: aggregate1 rt_finish 1split 1544656818.9679112
----------------------------
Worker node: aggregate1
Input file : 1split
Total duration time:15.036032676696777
Waiting time:0.01195383071899414
aggregate1 execution time:15.024078845977783
----------------------------
********************************************
Runtime profiling info:
Task_name  local_input_file Enter_time Execute_time Finish_time Elapse_time Duration_time Waiting_time 

aggregate0 1split     1544656803.7810948 1544656803.7907646 1544656818.8136191 15.032524347305298 15.022854566574097 0.009669780731201172

localpro   1botnet    1544656787.5555413 1544656787.5688682 1544656802.602855 15.047313690185547 15.033986806869507 0.013326883316040039

aggregate1 1split     1544656803.9318786 1544656803.9438324 1544656818.9679112 15.036032676696777 15.024078845977783 0.01195383071899414

********************************************
10.244.19.96 - - [12/Dec/2018 23:20:19] "GET /recv_runtime_profile?work_node=aggregate2&msg=rt_finish+1split+1544656819.1453083 HTTP/1.1" 200 -
Received flask message: aggregate2 rt_finish 1split 1544656819.1453083
----------------------------
Worker node: aggregate2
Input file : 1split
Total duration time:15.03323483467102
Waiting time:0.01030421257019043
aggregate2 execution time:15.02293062210083
----------------------------
********************************************
Runtime profiling info:
Task_name  local_input_file Enter_time Execute_time Finish_time Elapse_time Duration_time Waiting_time 

aggregate0 1split     1544656803.7810948 1544656803.7907646 1544656818.8136191 15.032524347305298 15.022854566574097 0.009669780731201172

localpro   1botnet    1544656787.5555413 1544656787.5688682 1544656802.602855 15.047313690185547 15.033986806869507 0.013326883316040039

aggregate2 1split     1544656804.1120734 1544656804.1223776 1544656819.1453083 15.03323483467102 15.02293062210083 0.01030421257019043

aggregate1 1split     1544656803.9318786 1544656803.9438324 1544656818.9679112 15.036032676696777 15.024078845977783 0.01195383071899414

********************************************
Received flask message: simpledetector0 rt_enter 1merged 1544656820.0456343
10.244.13.60 - - [12/Dec/2018 23:20:20] "GET /recv_runtime_profile?work_node=simpledetector0&msg=rt_enter+1merged+1544656820.0456343 HTTP/1.1" 200 -
Received flask message: simpledetector0 rt_exec 1merged 1544656820.0705082
10.244.13.60 - - [12/Dec/2018 23:20:20] "GET /recv_runtime_profile?work_node=simpledetector0&msg=rt_exec+1merged+1544656820.0705082 HTTP/1.1" 200 -
Received flask message: simpledetector1 rt_enter 1merged 1544656820.1162145
10.244.19.98 - - [12/Dec/2018 23:20:20] "GET /recv_runtime_profile?msg=rt_enter+1merged+1544656820.1162145&work_node=simpledetector1 HTTP/1.1" 200 -
Received flask message: simpledetector1 rt_exec 1merged 1544656820.125547
10.244.19.98 - - [12/Dec/2018 23:20:20] "GET /recv_runtime_profile?msg=rt_exec+1merged+1544656820.125547&work_node=simpledetector1 HTTP/1.1" 200 -
Received flask message: astutedetector0 rt_enter 1merged 1544656820.2300336
10.244.18.89 - - [12/Dec/2018 23:20:20] "GET /recv_runtime_profile?msg=rt_enter+1merged+1544656820.2300336&work_node=astutedetector0 HTTP/1.1" 200 -
Received flask message: astutedetector0 rt_exec 1merged 1544656820.2409027
10.244.18.89 - - [12/Dec/2018 23:20:20] "GET /recv_runtime_profile?msg=rt_exec+1merged+1544656820.2409027&work_node=astutedetector0 HTTP/1.1" 200 -
Received flask message: astutedetector1 rt_enter 1merged 1544656820.2679522
10.244.18.90 - - [12/Dec/2018 23:20:20] "GET /recv_runtime_profile?work_node=astutedetector1&msg=rt_enter+1merged+1544656820.2679522 HTTP/1.1" 200 -
Received flask message: astutedetector1 rt_exec 1merged 1544656820.2795484
10.244.18.90 - - [12/Dec/2018 23:20:20] "GET /recv_runtime_profile?work_node=astutedetector1&msg=rt_exec+1merged+1544656820.2795484 HTTP/1.1" 200 -
Received flask message: simpledetector2 rt_enter 1merged 1544656820.2914126
10.244.11.91 - - [12/Dec/2018 23:20:20] "GET /recv_runtime_profile?work_node=simpledetector2&msg=rt_enter+1merged+1544656820.2914126 HTTP/1.1" 200 -
Received flask message: simpledetector2 rt_exec 1merged 1544656820.3004162
10.244.11.91 - - [12/Dec/2018 23:20:20] "GET /recv_runtime_profile?work_node=simpledetector2&msg=rt_exec+1merged+1544656820.3004162 HTTP/1.1" 200 -
Received flask message: astutedetector2 rt_enter 1merged 1544656820.4453876
10.244.4.68 - - [12/Dec/2018 23:20:20] "GET /recv_runtime_profile?msg=rt_enter+1merged+1544656820.4453876&work_node=astutedetector2 HTTP/1.1" 200 -
Received flask message: astutedetector2 rt_exec 1merged 1544656820.4575129
10.244.4.68 - - [12/Dec/2018 23:20:20] "GET /recv_runtime_profile?msg=rt_exec+1merged+1544656820.4575129&work_node=astutedetector2 HTTP/1.1" 200 -
Received flask message: simpledetector0 rt_finish 1merged 1544656835.1173909
----------------------------
Worker node: simpledetector0
Input file : 1merged
Total duration time:15.071756601333618
Waiting time:0.024873971939086914
simpledetector0 execution time:15.046882629394531
----------------------------
********************************************
Runtime profiling info:
Task_name  local_input_file Enter_time Execute_time Finish_time Elapse_time Duration_time Waiting_time 

aggregate0 1split     1544656803.7810948 1544656803.7907646 1544656818.8136191 15.032524347305298 15.022854566574097 0.009669780731201172

simpledetector0 1merged    1544656820.0456343 1544656820.0705082 1544656835.1173909 15.071756601333618 15.046882629394531 0.024873971939086914

localpro   1botnet    1544656787.5555413 1544656787.5688682 1544656802.602855 15.047313690185547 15.033986806869507 0.013326883316040039

aggregate2 1split     1544656804.1120734 1544656804.1223776 1544656819.1453083 15.03323483467102 15.02293062210083 0.01030421257019043

aggregate1 1split     1544656803.9318786 1544656803.9438324 1544656818.9679112 15.036032676696777 15.024078845977783 0.01195383071899414

********************************************
10.244.13.60 - - [12/Dec/2018 23:20:35] "GET /recv_runtime_profile?work_node=simpledetector0&msg=rt_finish+1merged+1544656835.1173909 HTTP/1.1" 200 -
10.244.19.98 - - [12/Dec/2018 23:20:35] "GET /recv_runtime_profile?msg=rt_finish+1merged+1544656835.153308&work_node=simpledetector1 HTTP/1.1" 200 -
Received flask message: simpledetector1 rt_finish 1merged 1544656835.153308
----------------------------
Worker node: simpledetector1
Input file : 1merged
Total duration time:15.0370934009552
Waiting time:0.009332418441772461
simpledetector1 execution time:15.027760982513428
----------------------------
********************************************
Runtime profiling info:
Task_name  local_input_file Enter_time Execute_time Finish_time Elapse_time Duration_time Waiting_time 

aggregate0 1split     1544656803.7810948 1544656803.7907646 1544656818.8136191 15.032524347305298 15.022854566574097 0.009669780731201172

simpledetector1 1merged    1544656820.1162145 1544656820.125547 1544656835.153308 15.0370934009552 15.027760982513428 0.009332418441772461

simpledetector0 1merged    1544656820.0456343 1544656820.0705082 1544656835.1173909 15.071756601333618 15.046882629394531 0.024873971939086914

localpro   1botnet    1544656787.5555413 1544656787.5688682 1544656802.602855 15.047313690185547 15.033986806869507 0.013326883316040039

aggregate2 1split     1544656804.1120734 1544656804.1223776 1544656819.1453083 15.03323483467102 15.02293062210083 0.01030421257019043

aggregate1 1split     1544656803.9318786 1544656803.9438324 1544656818.9679112 15.036032676696777 15.024078845977783 0.01195383071899414

********************************************
Received flask message: simpledetector2 rt_finish 1merged 1544656835.327076
----------------------------
Worker node: simpledetector2
Input file : 1merged
Total duration time:15.035663366317749
Waiting time:0.009003639221191406
simpledetector2 execution time:15.026659727096558
----------------------------
********************************************
Runtime profiling info:
Task_name  local_input_file Enter_time Execute_time Finish_time Elapse_time Duration_time Waiting_time 

aggregate0 1split     1544656803.7810948 1544656803.7907646 1544656818.8136191 15.032524347305298 15.022854566574097 0.009669780731201172

simpledetector1 1merged    1544656820.1162145 1544656820.125547 1544656835.153308 15.0370934009552 15.027760982513428 0.009332418441772461

simpledetector0 1merged    1544656820.0456343 1544656820.0705082 1544656835.1173909 15.071756601333618 15.046882629394531 0.024873971939086914

simpledetector2 1merged    1544656820.2914126 1544656820.3004162 1544656835.327076 15.035663366317749 15.026659727096558 0.009003639221191406

localpro   1botnet    1544656787.5555413 1544656787.5688682 1544656802.602855 15.047313690185547 15.033986806869507 0.013326883316040039

aggregate2 1split     1544656804.1120734 1544656804.1223776 1544656819.1453083 15.03323483467102 15.02293062210083 0.01030421257019043

aggregate1 1split     1544656803.9318786 1544656803.9438324 1544656818.9679112 15.036032676696777 15.024078845977783 0.01195383071899414

********************************************
10.244.11.91 - - [12/Dec/2018 23:20:35] "GET /recv_runtime_profile?work_node=simpledetector2&msg=rt_finish+1merged+1544656835.327076 HTTP/1.1" 200 -
Received flask message: astutedetector0 rt_finish 1merged 1544656835.3759205
----------------------------
Worker node: astutedetector0
Input file : 1merged
Total duration time:15.145886898040771
Waiting time:0.010869026184082031
astutedetector0 execution time:15.13501787185669
----------------------------
********************************************
Runtime profiling info:
Task_name  local_input_file Enter_time Execute_time Finish_time Elapse_time Duration_time Waiting_time 

aggregate0 1split     1544656803.7810948 1544656803.7907646 1544656818.8136191 15.032524347305298 15.022854566574097 0.009669780731201172

simpledetector1 1merged    1544656820.1162145 1544656820.125547 1544656835.153308 15.0370934009552 15.027760982513428 0.009332418441772461

simpledetector0 1merged    1544656820.0456343 1544656820.0705082 1544656835.1173909 15.071756601333618 15.046882629394531 0.024873971939086914

astutedetector0 1merged    1544656820.2300336 1544656820.2409027 1544656835.3759205 15.145886898040771 15.13501787185669 0.010869026184082031

simpledetector2 1merged    1544656820.2914126 1544656820.3004162 1544656835.327076 15.035663366317749 15.026659727096558 0.009003639221191406

localpro   1botnet    1544656787.5555413 1544656787.5688682 1544656802.602855 15.047313690185547 15.033986806869507 0.013326883316040039

aggregate2 1split     1544656804.1120734 1544656804.1223776 1544656819.1453083 15.03323483467102 15.02293062210083 0.01030421257019043

aggregate1 1split     1544656803.9318786 1544656803.9438324 1544656818.9679112 15.036032676696777 15.024078845977783 0.01195383071899414

********************************************
10.244.18.89 - - [12/Dec/2018 23:20:35] "GET /recv_runtime_profile?msg=rt_finish+1merged+1544656835.3759205&work_node=astutedetector0 HTTP/1.1" 200 -
Received flask message: astutedetector1 rt_finish 1merged 1544656835.3797288
----------------------------
Worker node: astutedetector1
Input file : 1merged
Total duration time:15.11177659034729
Waiting time:0.011596202850341797
astutedetector1 execution time:15.100180387496948
----------------------------
********************************************
Runtime profiling info:
Task_name  local_input_file Enter_time Execute_time Finish_time Elapse_time Duration_time Waiting_time 

aggregate0 1split     1544656803.7810948 1544656803.7907646 1544656818.8136191 15.032524347305298 15.022854566574097 0.009669780731201172

simpledetector1 1merged    1544656820.1162145 1544656820.125547 1544656835.153308 15.0370934009552 15.027760982513428 0.009332418441772461

simpledetector0 1merged    1544656820.0456343 1544656820.0705082 1544656835.1173909 15.071756601333618 15.046882629394531 0.024873971939086914

astutedetector0 1merged    1544656820.2300336 1544656820.2409027 1544656835.3759205 15.145886898040771 15.13501787185669 0.010869026184082031

simpledetector2 1merged    1544656820.2914126 1544656820.3004162 1544656835.327076 15.035663366317749 15.026659727096558 0.009003639221191406

localpro   1botnet    1544656787.5555413 1544656787.5688682 1544656802.602855 15.047313690185547 15.033986806869507 0.013326883316040039

aggregate2 1split     1544656804.1120734 1544656804.1223776 1544656819.1453083 15.03323483467102 15.02293062210083 0.01030421257019043

aggregate1 1split     1544656803.9318786 1544656803.9438324 1544656818.9679112 15.036032676696777 15.024078845977783 0.01195383071899414

astutedetector1 1merged    1544656820.2679522 1544656820.2795484 1544656835.3797288 15.11177659034729 15.100180387496948 0.011596202850341797

********************************************
10.244.18.90 - - [12/Dec/2018 23:20:35] "GET /recv_runtime_profile?work_node=astutedetector1&msg=rt_finish+1merged+1544656835.3797288 HTTP/1.1" 200 -
Received flask message: astutedetector2 rt_finish 1merged 1544656835.6174138
----------------------------
Worker node: astutedetector2
Input file : 1merged
Total duration time:15.17202615737915
Waiting time:0.012125253677368164
astutedetector2 execution time:15.159900903701782
----------------------------
********************************************
Runtime profiling info:
Task_name  local_input_file Enter_time Execute_time Finish_time Elapse_time Duration_time Waiting_time 

aggregate0 1split     1544656803.7810948 1544656803.7907646 1544656818.8136191 15.032524347305298 15.022854566574097 0.009669780731201172

astutedetector2 1merged    1544656820.4453876 1544656820.4575129 1544656835.6174138 15.17202615737915 15.159900903701782 0.012125253677368164

simpledetector1 1merged    1544656820.1162145 1544656820.125547 1544656835.153308 15.0370934009552 15.027760982513428 0.009332418441772461

simpledetector0 1merged    1544656820.0456343 1544656820.0705082 1544656835.1173909 15.071756601333618 15.046882629394531 0.024873971939086914

astutedetector0 1merged    1544656820.2300336 1544656820.2409027 1544656835.3759205 15.145886898040771 15.13501787185669 0.010869026184082031

simpledetector2 1merged    1544656820.2914126 1544656820.3004162 1544656835.327076 15.035663366317749 15.026659727096558 0.009003639221191406

localpro   1botnet    1544656787.5555413 1544656787.5688682 1544656802.602855 15.047313690185547 15.033986806869507 0.013326883316040039

aggregate2 1split     1544656804.1120734 1544656804.1223776 1544656819.1453083 15.03323483467102 15.02293062210083 0.01030421257019043

aggregate1 1split     1544656803.9318786 1544656803.9438324 1544656818.9679112 15.036032676696777 15.024078845977783 0.01195383071899414

astutedetector1 1merged    1544656820.2679522 1544656820.2795484 1544656835.3797288 15.11177659034729 15.100180387496948 0.011596202850341797

********************************************
10.244.4.68 - - [12/Dec/2018 23:20:35] "GET /recv_runtime_profile?msg=rt_finish+1merged+1544656835.6174138&work_node=astutedetector2 HTTP/1.1" 200 -
Received flask message: fusioncenter0 rt_enter 1anomalies 1544656836.2559187
10.244.21.56 - - [12/Dec/2018 23:20:36] "GET /recv_runtime_profile?work_node=fusioncenter0&msg=rt_enter+1anomalies+1544656836.2559187 HTTP/1.1" 200 -
Received flask message: fusioncenter1 rt_enter 1anomalies 1544656836.3926365
10.244.21.57 - - [12/Dec/2018 23:20:36] "GET /recv_runtime_profile?work_node=fusioncenter1&msg=rt_enter+1anomalies+1544656836.3926365 HTTP/1.1" 200 -
Received flask message: fusioncenter2 rt_enter 1anomalies 1544656836.5214775
10.244.4.69 - - [12/Dec/2018 23:20:36] "GET /recv_runtime_profile?msg=rt_enter+1anomalies+1544656836.5214775&work_node=fusioncenter2 HTTP/1.1" 200 -
Received flask message: fusioncenter1 rt_exec 1anomalies 1544656836.62442
10.244.21.57 - - [12/Dec/2018 23:20:36] "GET /recv_runtime_profile?work_node=fusioncenter1&msg=rt_exec+1anomalies+1544656836.62442 HTTP/1.1" 200 -
Received flask message: fusioncenter0 rt_exec 1anomalies 1544656836.670292
10.244.21.56 - - [12/Dec/2018 23:20:36] "GET /recv_runtime_profile?work_node=fusioncenter0&msg=rt_exec+1anomalies+1544656836.670292 HTTP/1.1" 200 -
Received flask message: fusioncenter2 rt_exec 1anomalies 1544656836.7684112
10.244.4.69 - - [12/Dec/2018 23:20:36] "GET /recv_runtime_profile?msg=rt_exec+1anomalies+1544656836.7684112&work_node=fusioncenter2 HTTP/1.1" 200 -
Recieved request for number of output files. Current done: 0
10.244.0.0 - - [12/Dec/2018 23:20:44] "GET / HTTP/1.1" 200 -
Received flask message: fusioncenter1 rt_finish 1anomalies 1544656846.6534803
----------------------------
Worker node: fusioncenter1
Input file : 1anomalies
Total duration time:10.260843753814697
Waiting time:0.23178339004516602
fusioncenter1 execution time:10.029060363769531
----------------------------
********************************************
Runtime profiling info:
Task_name  local_input_file Enter_time Execute_time Finish_time Elapse_time Duration_time Waiting_time 

fusioncenter1 1anomalies 1544656836.3926365 1544656836.62442 1544656846.6534803 10.260843753814697 10.029060363769531 0.23178339004516602

simpledetector1 1merged    1544656820.1162145 1544656820.125547 1544656835.153308 15.0370934009552 15.027760982513428 0.009332418441772461

simpledetector0 1merged    1544656820.0456343 1544656820.0705082 1544656835.1173909 15.071756601333618 15.046882629394531 0.024873971939086914

simpledetector2 1merged    1544656820.2914126 1544656820.3004162 1544656835.327076 15.035663366317749 15.026659727096558 0.009003639221191406

aggregate2 1split     1544656804.1120734 1544656804.1223776 1544656819.1453083 15.03323483467102 15.02293062210083 0.01030421257019043

aggregate1 1split     1544656803.9318786 1544656803.9438324 1544656818.9679112 15.036032676696777 15.024078845977783 0.01195383071899414

aggregate0 1split     1544656803.7810948 1544656803.7907646 1544656818.8136191 15.032524347305298 15.022854566574097 0.009669780731201172

astutedetector2 1merged    1544656820.4453876 1544656820.4575129 1544656835.6174138 15.17202615737915 15.159900903701782 0.012125253677368164

astutedetector0 1merged    1544656820.2300336 1544656820.2409027 1544656835.3759205 15.145886898040771 15.13501787185669 0.010869026184082031

localpro   1botnet    1544656787.5555413 1544656787.5688682 1544656802.602855 15.047313690185547 15.033986806869507 0.013326883316040039

astutedetector1 1merged    1544656820.2679522 1544656820.2795484 1544656835.3797288 15.11177659034729 15.100180387496948 0.011596202850341797

********************************************
10.244.21.57 - - [12/Dec/2018 23:20:46] "GET /recv_runtime_profile?work_node=fusioncenter1&msg=rt_finish+1anomalies+1544656846.6534803 HTTP/1.1" 200 -
Received flask message: fusioncenter0 rt_finish 1anomalies 1544656846.7145839
----------------------------
Worker node: fusioncenter0
Input file : 1anomalies
Total duration time:10.458665132522583
Waiting time:0.41437315940856934
fusioncenter0 execution time:10.044291973114014
----------------------------
********************************************
Runtime profiling info:
Task_name  local_input_file Enter_time Execute_time Finish_time Elapse_time Duration_time Waiting_time 

fusioncenter1 1anomalies 1544656836.3926365 1544656836.62442 1544656846.6534803 10.260843753814697 10.029060363769531 0.23178339004516602

simpledetector1 1merged    1544656820.1162145 1544656820.125547 1544656835.153308 15.0370934009552 15.027760982513428 0.009332418441772461

simpledetector0 1merged    1544656820.0456343 1544656820.0705082 1544656835.1173909 15.071756601333618 15.046882629394531 0.024873971939086914

simpledetector2 1merged    1544656820.2914126 1544656820.3004162 1544656835.327076 15.035663366317749 15.026659727096558 0.009003639221191406

aggregate2 1split     1544656804.1120734 1544656804.1223776 1544656819.1453083 15.03323483467102 15.02293062210083 0.01030421257019043

aggregate1 1split     1544656803.9318786 1544656803.9438324 1544656818.9679112 15.036032676696777 15.024078845977783 0.01195383071899414

aggregate0 1split     1544656803.7810948 1544656803.7907646 1544656818.8136191 15.032524347305298 15.022854566574097 0.009669780731201172

astutedetector2 1merged    1544656820.4453876 1544656820.4575129 1544656835.6174138 15.17202615737915 15.159900903701782 0.012125253677368164

astutedetector0 1merged    1544656820.2300336 1544656820.2409027 1544656835.3759205 15.145886898040771 15.13501787185669 0.010869026184082031

localpro   1botnet    1544656787.5555413 1544656787.5688682 1544656802.602855 15.047313690185547 15.033986806869507 0.013326883316040039

fusioncenter0 1anomalies 1544656836.2559187 1544656836.670292 1544656846.7145839 10.458665132522583 10.044291973114014 0.41437315940856934

astutedetector1 1merged    1544656820.2679522 1544656820.2795484 1544656835.3797288 15.11177659034729 15.100180387496948 0.011596202850341797

********************************************
10.244.21.56 - - [12/Dec/2018 23:20:46] "GET /recv_runtime_profile?work_node=fusioncenter0&msg=rt_finish+1anomalies+1544656846.7145839 HTTP/1.1" 200 -
Received flask message: fusioncenter2 rt_finish 1anomalies 1544656846.7978375
----------------------------
Worker node: fusioncenter2
Input file : 1anomalies
Total duration time:10.276360034942627
Waiting time:0.2469336986541748
fusioncenter2 execution time:10.029426336288452
----------------------------
********************************************
Runtime profiling info:
Task_name  local_input_file Enter_time Execute_time Finish_time Elapse_time Duration_time Waiting_time 

fusioncenter2 1anomalies 1544656836.5214775 1544656836.7684112 1544656846.7978375 10.276360034942627 10.029426336288452 0.2469336986541748

fusioncenter1 1anomalies 1544656836.3926365 1544656836.62442 1544656846.6534803 10.260843753814697 10.029060363769531 0.23178339004516602

simpledetector1 1merged    1544656820.1162145 1544656820.125547 1544656835.153308 15.0370934009552 15.027760982513428 0.009332418441772461

simpledetector0 1merged    1544656820.0456343 1544656820.0705082 1544656835.1173909 15.071756601333618 15.046882629394531 0.024873971939086914

simpledetector2 1merged    1544656820.2914126 1544656820.3004162 1544656835.327076 15.035663366317749 15.026659727096558 0.009003639221191406

aggregate2 1split     1544656804.1120734 1544656804.1223776 1544656819.1453083 15.03323483467102 15.02293062210083 0.01030421257019043

aggregate1 1split     1544656803.9318786 1544656803.9438324 1544656818.9679112 15.036032676696777 15.024078845977783 0.01195383071899414

aggregate0 1split     1544656803.7810948 1544656803.7907646 1544656818.8136191 15.032524347305298 15.022854566574097 0.009669780731201172

astutedetector2 1merged    1544656820.4453876 1544656820.4575129 1544656835.6174138 15.17202615737915 15.159900903701782 0.012125253677368164

astutedetector0 1merged    1544656820.2300336 1544656820.2409027 1544656835.3759205 15.145886898040771 15.13501787185669 0.010869026184082031

localpro   1botnet    1544656787.5555413 1544656787.5688682 1544656802.602855 15.047313690185547 15.033986806869507 0.013326883316040039

fusioncenter0 1anomalies 1544656836.2559187 1544656836.670292 1544656846.7145839 10.458665132522583 10.044291973114014 0.41437315940856934

astutedetector1 1merged    1544656820.2679522 1544656820.2795484 1544656835.3797288 15.11177659034729 15.100180387496948 0.011596202850341797

********************************************
10.244.4.69 - - [12/Dec/2018 23:20:46] "GET /recv_runtime_profile?msg=rt_finish+1anomalies+1544656846.7978375&work_node=fusioncenter2 HTTP/1.1" 200 -
Received flask message: globalfusion rt_enter 1fusion 1544656847.7911468
10.244.13.61 - - [12/Dec/2018 23:20:47] "GET /recv_runtime_profile?msg=rt_enter+1fusion+1544656847.7911468&work_node=globalfusion HTTP/1.1" 200 -
Received flask message: globalfusion rt_exec 1fusion 1544656848.0945423
10.244.13.61 - - [12/Dec/2018 23:20:48] "GET /recv_runtime_profile?msg=rt_exec+1fusion+1544656848.0945423&work_node=globalfusion HTTP/1.1" 200 -
Received flask message: globalfusion rt_finish 1fusion 1544656858.1358159
----------------------------
Worker node: globalfusion
Input file : 1fusion
Total duration time:10.344669103622437
Waiting time:0.30339550971984863
globalfusion execution time:10.041273593902588
----------------------------
********************************************
Runtime profiling info:
Task_name  local_input_file Enter_time Execute_time Finish_time Elapse_time Duration_time Waiting_time 

fusioncenter2 1anomalies 1544656836.5214775 1544656836.7684112 1544656846.7978375 10.276360034942627 10.029426336288452 0.2469336986541748

fusioncenter1 1anomalies 1544656836.3926365 1544656836.62442 1544656846.6534803 10.260843753814697 10.029060363769531 0.23178339004516602

simpledetector1 1merged    1544656820.1162145 1544656820.125547 1544656835.153308 15.0370934009552 15.027760982513428 0.009332418441772461

simpledetector0 1merged    1544656820.0456343 1544656820.0705082 1544656835.1173909 15.071756601333618 15.046882629394531 0.024873971939086914

simpledetector2 1merged    1544656820.2914126 1544656820.3004162 1544656835.327076 15.035663366317749 15.026659727096558 0.009003639221191406

aggregate2 1split     1544656804.1120734 1544656804.1223776 1544656819.1453083 15.03323483467102 15.02293062210083 0.01030421257019043

aggregate1 1split     1544656803.9318786 1544656803.9438324 1544656818.9679112 15.036032676696777 15.024078845977783 0.01195383071899414

aggregate0 1split     1544656803.7810948 1544656803.7907646 1544656818.8136191 15.032524347305298 15.022854566574097 0.009669780731201172

astutedetector2 1merged    1544656820.4453876 1544656820.4575129 1544656835.6174138 15.17202615737915 15.159900903701782 0.012125253677368164

astutedetector0 1merged    1544656820.2300336 1544656820.2409027 1544656835.3759205 15.145886898040771 15.13501787185669 0.010869026184082031

localpro   1botnet    1544656787.5555413 1544656787.5688682 1544656802.602855 15.047313690185547 15.033986806869507 0.013326883316040039

globalfusion 1fusion    1544656847.7911468 1544656848.0945423 1544656858.1358159 10.344669103622437 10.041273593902588 0.30339550971984863

fusioncenter0 1anomalies 1544656836.2559187 1544656836.670292 1544656846.7145839 10.458665132522583 10.044291973114014 0.41437315940856934

astutedetector1 1merged    1544656820.2679522 1544656820.2795484 1544656835.3797288 15.11177659034729 15.100180387496948 0.011596202850341797

********************************************
10.244.13.61 - - [12/Dec/2018 23:20:58] "GET /recv_runtime_profile?msg=rt_finish+1fusion+1544656858.1358159&work_node=globalfusion HTTP/1.1" 200 -
/output/1global_anomalies.log created
ending time is:  [1544656859.398636]
execution time is:  [72.56502890586853]
---- Generate random input files
Received file as input - /input/2botnet.ipsum.
start time is:  [1544656786.8336072, 1544656891.9073973]
Transfer to IP: 10.101.182.110 , username: root , password: PASSWORD, source path: /input/2botnet.ipsum , destination path: /centralized_scheduler/input/2botnet.ipsum
10.101.182.110
data transfer complete

Received flask message: localpro rt_enter 2botnet 1544656892.5857837
10.244.4.70 - - [12/Dec/2018 23:21:32] "GET /recv_runtime_profile?work_node=localpro&msg=rt_enter+2botnet+1544656892.5857837 HTTP/1.1" 200 -
10.244.4.70 - - [12/Dec/2018 23:21:32] "GET /recv_runtime_profile?work_node=localpro&msg=rt_exec+2botnet+1544656892.5899181 HTTP/1.1" 200 -
Received flask message: localpro rt_exec 2botnet 1544656892.5899181
Recieved request for number of output files. Current done: 1
10.244.0.0 - - [12/Dec/2018 23:21:45] "GET / HTTP/1.1" 200 -
Received flask message: localpro rt_finish 2botnet 1544656907.6232064
----------------------------
Worker node: localpro
Input file : 2botnet
Total duration time:15.03742265701294
Waiting time:0.004134416580200195
localpro execution time:15.03328824043274
----------------------------
********************************************
Runtime profiling info:
Task_name  local_input_file Enter_time Execute_time Finish_time Elapse_time Duration_time Waiting_time 

fusioncenter2 1anomalies 1544656836.5214775 1544656836.7684112 1544656846.7978375 10.276360034942627 10.029426336288452 0.2469336986541748

fusioncenter1 1anomalies 1544656836.3926365 1544656836.62442 1544656846.6534803 10.260843753814697 10.029060363769531 0.23178339004516602

simpledetector1 1merged    1544656820.1162145 1544656820.125547 1544656835.153308 15.0370934009552 15.027760982513428 0.009332418441772461

simpledetector0 1merged    1544656820.0456343 1544656820.0705082 1544656835.1173909 15.071756601333618 15.046882629394531 0.024873971939086914

simpledetector2 1merged    1544656820.2914126 1544656820.3004162 1544656835.327076 15.035663366317749 15.026659727096558 0.009003639221191406

aggregate2 1split     1544656804.1120734 1544656804.1223776 1544656819.1453083 15.03323483467102 15.02293062210083 0.01030421257019043

aggregate1 1split     1544656803.9318786 1544656803.9438324 1544656818.9679112 15.036032676696777 15.024078845977783 0.01195383071899414

localpro   2botnet    1544656892.5857837 1544656892.5899181 1544656907.6232064 15.03742265701294 15.03328824043274 0.004134416580200195

aggregate0 1split     1544656803.7810948 1544656803.7907646 1544656818.8136191 15.032524347305298 15.022854566574097 0.009669780731201172

astutedetector2 1merged    1544656820.4453876 1544656820.4575129 1544656835.6174138 15.17202615737915 15.159900903701782 0.012125253677368164

astutedetector0 1merged    1544656820.2300336 1544656820.2409027 1544656835.3759205 15.145886898040771 15.13501787185669 0.010869026184082031

localpro   1botnet    1544656787.5555413 1544656787.5688682 1544656802.602855 15.047313690185547 15.033986806869507 0.013326883316040039

globalfusion 1fusion    1544656847.7911468 1544656848.0945423 1544656858.1358159 10.344669103622437 10.041273593902588 0.30339550971984863

fusioncenter0 1anomalies 1544656836.2559187 1544656836.670292 1544656846.7145839 10.458665132522583 10.044291973114014 0.41437315940856934

astutedetector1 1merged    1544656820.2679522 1544656820.2795484 1544656835.3797288 15.11177659034729 15.100180387496948 0.011596202850341797

********************************************
10.244.4.70 - - [12/Dec/2018 23:21:47] "GET /recv_runtime_profile?work_node=localpro&msg=rt_finish+2botnet+1544656907.6232064 HTTP/1.1" 200 -
Received flask message: aggregate0 rt_enter 2split 1544656908.7636194
10.244.19.97 - - [12/Dec/2018 23:21:48] "GET /recv_runtime_profile?msg=rt_enter+2split+1544656908.7636194&work_node=aggregate0 HTTP/1.1" 200 -
Received flask message: aggregate0 rt_exec 2split 1544656908.7708156
10.244.19.97 - - [12/Dec/2018 23:21:48] "GET /recv_runtime_profile?msg=rt_exec+2split+1544656908.7708156&work_node=aggregate0 HTTP/1.1" 200 -
Received flask message: aggregate1 rt_enter 2split 1544656908.9448478
10.244.11.90 - - [12/Dec/2018 23:21:48] "GET /recv_runtime_profile?work_node=aggregate1&msg=rt_enter+2split+1544656908.9448478 HTTP/1.1" 200 -
Received flask message: aggregate1 rt_exec 2split 1544656908.9487343
10.244.11.90 - - [12/Dec/2018 23:21:48] "GET /recv_runtime_profile?work_node=aggregate1&msg=rt_exec+2split+1544656908.9487343 HTTP/1.1" 200 -
Received flask message: aggregate2 rt_enter 2split 1544656909.1191676
10.244.19.96 - - [12/Dec/2018 23:21:49] "GET /recv_runtime_profile?work_node=aggregate2&msg=rt_enter+2split+1544656909.1191676 HTTP/1.1" 200 -
Received flask message: aggregate2 rt_exec 2split 1544656909.122815
10.244.19.96 - - [12/Dec/2018 23:21:49] "GET /recv_runtime_profile?work_node=aggregate2&msg=rt_exec+2split+1544656909.122815 HTTP/1.1" 200 -
Received flask message: aggregate0 rt_finish 2split 1544656923.7976696
----------------------------
Worker node: aggregate0
Input file : 2split
Total duration time:15.034050226211548
Waiting time:0.007196187973022461
aggregate0 execution time:15.026854038238525
----------------------------
********************************************
Runtime profiling info:
Task_name  local_input_file Enter_time Execute_time Finish_time Elapse_time Duration_time Waiting_time 

aggregate0 2split     1544656908.7636194 1544656908.7708156 1544656923.7976696 15.034050226211548 15.026854038238525 0.007196187973022461

fusioncenter2 1anomalies 1544656836.5214775 1544656836.7684112 1544656846.7978375 10.276360034942627 10.029426336288452 0.2469336986541748

fusioncenter1 1anomalies 1544656836.3926365 1544656836.62442 1544656846.6534803 10.260843753814697 10.029060363769531 0.23178339004516602

simpledetector1 1merged    1544656820.1162145 1544656820.125547 1544656835.153308 15.0370934009552 15.027760982513428 0.009332418441772461

simpledetector0 1merged    1544656820.0456343 1544656820.0705082 1544656835.1173909 15.071756601333618 15.046882629394531 0.024873971939086914

simpledetector2 1merged    1544656820.2914126 1544656820.3004162 1544656835.327076 15.035663366317749 15.026659727096558 0.009003639221191406

aggregate2 1split     1544656804.1120734 1544656804.1223776 1544656819.1453083 15.03323483467102 15.02293062210083 0.01030421257019043

aggregate1 1split     1544656803.9318786 1544656803.9438324 1544656818.9679112 15.036032676696777 15.024078845977783 0.01195383071899414

localpro   2botnet    1544656892.5857837 1544656892.5899181 1544656907.6232064 15.03742265701294 15.03328824043274 0.004134416580200195

aggregate0 1split     1544656803.7810948 1544656803.7907646 1544656818.8136191 15.032524347305298 15.022854566574097 0.009669780731201172

astutedetector2 1merged    1544656820.4453876 1544656820.4575129 1544656835.6174138 15.17202615737915 15.159900903701782 0.012125253677368164

astutedetector0 1merged    1544656820.2300336 1544656820.2409027 1544656835.3759205 15.145886898040771 15.13501787185669 0.010869026184082031

localpro   1botnet    1544656787.5555413 1544656787.5688682 1544656802.602855 15.047313690185547 15.033986806869507 0.013326883316040039

globalfusion 1fusion    1544656847.7911468 1544656848.0945423 1544656858.1358159 10.344669103622437 10.041273593902588 0.30339550971984863

fusioncenter0 1anomalies 1544656836.2559187 1544656836.670292 1544656846.7145839 10.458665132522583 10.044291973114014 0.41437315940856934

astutedetector1 1merged    1544656820.2679522 1544656820.2795484 1544656835.3797288 15.11177659034729 15.100180387496948 0.011596202850341797

********************************************
10.244.19.97 - - [12/Dec/2018 23:22:03] "GET /recv_runtime_profile?msg=rt_finish+2split+1544656923.7976696&work_node=aggregate0 HTTP/1.1" 200 -
Received flask message: aggregate1 rt_finish 2split 1544656923.9723005
----------------------------
Worker node: aggregate1
Input file : 2split
Total duration time:15.02745270729065
Waiting time:0.0038864612579345703
aggregate1 execution time:15.023566246032715
----------------------------
********************************************
Runtime profiling info:
Task_name  local_input_file Enter_time Execute_time Finish_time Elapse_time Duration_time Waiting_time 

aggregate0 2split     1544656908.7636194 1544656908.7708156 1544656923.7976696 15.034050226211548 15.026854038238525 0.007196187973022461

fusioncenter2 1anomalies 1544656836.5214775 1544656836.7684112 1544656846.7978375 10.276360034942627 10.029426336288452 0.2469336986541748

fusioncenter1 1anomalies 1544656836.3926365 1544656836.62442 1544656846.6534803 10.260843753814697 10.029060363769531 0.23178339004516602

simpledetector1 1merged    1544656820.1162145 1544656820.125547 1544656835.153308 15.0370934009552 15.027760982513428 0.009332418441772461

simpledetector0 1merged    1544656820.0456343 1544656820.0705082 1544656835.1173909 15.071756601333618 15.046882629394531 0.024873971939086914

simpledetector2 1merged    1544656820.2914126 1544656820.3004162 1544656835.327076 15.035663366317749 15.026659727096558 0.009003639221191406

aggregate2 1split     1544656804.1120734 1544656804.1223776 1544656819.1453083 15.03323483467102 15.02293062210083 0.01030421257019043

aggregate1 1split     1544656803.9318786 1544656803.9438324 1544656818.9679112 15.036032676696777 15.024078845977783 0.01195383071899414

localpro   2botnet    1544656892.5857837 1544656892.5899181 1544656907.6232064 15.03742265701294 15.03328824043274 0.004134416580200195

aggregate0 1split     1544656803.7810948 1544656803.7907646 1544656818.8136191 15.032524347305298 15.022854566574097 0.009669780731201172

astutedetector2 1merged    1544656820.4453876 1544656820.4575129 1544656835.6174138 15.17202615737915 15.159900903701782 0.012125253677368164

aggregate1 2split     1544656908.9448478 1544656908.9487343 1544656923.9723005 15.02745270729065 15.023566246032715 0.0038864612579345703

astutedetector0 1merged    1544656820.2300336 1544656820.2409027 1544656835.3759205 15.145886898040771 15.13501787185669 0.010869026184082031

localpro   1botnet    1544656787.5555413 1544656787.5688682 1544656802.602855 15.047313690185547 15.033986806869507 0.013326883316040039

globalfusion 1fusion    1544656847.7911468 1544656848.0945423 1544656858.1358159 10.344669103622437 10.041273593902588 0.30339550971984863

fusioncenter0 1anomalies 1544656836.2559187 1544656836.670292 1544656846.7145839 10.458665132522583 10.044291973114014 0.41437315940856934

astutedetector1 1merged    1544656820.2679522 1544656820.2795484 1544656835.3797288 15.11177659034729 15.100180387496948 0.011596202850341797

********************************************
10.244.11.90 - - [12/Dec/2018 23:22:03] "GET /recv_runtime_profile?work_node=aggregate1&msg=rt_finish+2split+1544656923.9723005 HTTP/1.1" 200 -
Received flask message: aggregate2 rt_finish 2split 1544656924.1419518
----------------------------
Worker node: aggregate2
Input file : 2split
Total duration time:15.022784233093262
Waiting time:0.003647327423095703
aggregate2 execution time:15.019136905670166
----------------------------
********************************************
Runtime profiling info:
Task_name  local_input_file Enter_time Execute_time Finish_time Elapse_time Duration_time Waiting_time 

aggregate0 2split     1544656908.7636194 1544656908.7708156 1544656923.7976696 15.034050226211548 15.026854038238525 0.007196187973022461

fusioncenter2 1anomalies 1544656836.5214775 1544656836.7684112 1544656846.7978375 10.276360034942627 10.029426336288452 0.2469336986541748

fusioncenter1 1anomalies 1544656836.3926365 1544656836.62442 1544656846.6534803 10.260843753814697 10.029060363769531 0.23178339004516602

simpledetector1 1merged    1544656820.1162145 1544656820.125547 1544656835.153308 15.0370934009552 15.027760982513428 0.009332418441772461

simpledetector0 1merged    1544656820.0456343 1544656820.0705082 1544656835.1173909 15.071756601333618 15.046882629394531 0.024873971939086914

simpledetector2 1merged    1544656820.2914126 1544656820.3004162 1544656835.327076 15.035663366317749 15.026659727096558 0.009003639221191406

aggregate2 1split     1544656804.1120734 1544656804.1223776 1544656819.1453083 15.03323483467102 15.02293062210083 0.01030421257019043

aggregate2 2split     1544656909.1191676 1544656909.122815 1544656924.1419518 15.022784233093262 15.019136905670166 0.003647327423095703

aggregate1 1split     1544656803.9318786 1544656803.9438324 1544656818.9679112 15.036032676696777 15.024078845977783 0.01195383071899414

localpro   2botnet    1544656892.5857837 1544656892.5899181 1544656907.6232064 15.03742265701294 15.03328824043274 0.004134416580200195

aggregate0 1split     1544656803.7810948 1544656803.7907646 1544656818.8136191 15.032524347305298 15.022854566574097 0.009669780731201172

astutedetector2 1merged    1544656820.4453876 1544656820.4575129 1544656835.6174138 15.17202615737915 15.159900903701782 0.012125253677368164

aggregate1 2split     1544656908.9448478 1544656908.9487343 1544656923.9723005 15.02745270729065 15.023566246032715 0.0038864612579345703

astutedetector0 1merged    1544656820.2300336 1544656820.2409027 1544656835.3759205 15.145886898040771 15.13501787185669 0.010869026184082031

localpro   1botnet    1544656787.5555413 1544656787.5688682 1544656802.602855 15.047313690185547 15.033986806869507 0.013326883316040039

globalfusion 1fusion    1544656847.7911468 1544656848.0945423 1544656858.1358159 10.344669103622437 10.041273593902588 0.30339550971984863

fusioncenter0 1anomalies 1544656836.2559187 1544656836.670292 1544656846.7145839 10.458665132522583 10.044291973114014 0.41437315940856934

astutedetector1 1merged    1544656820.2679522 1544656820.2795484 1544656835.3797288 15.11177659034729 15.100180387496948 0.011596202850341797

********************************************
10.244.19.96 - - [12/Dec/2018 23:22:04] "GET /recv_runtime_profile?work_node=aggregate2&msg=rt_finish+2split+1544656924.1419518 HTTP/1.1" 200 -
Received flask message: simpledetector0 rt_enter 2merged 1544656925.0337646
10.244.13.60 - - [12/Dec/2018 23:22:05] "GET /recv_runtime_profile?work_node=simpledetector0&msg=rt_enter+2merged+1544656925.0337646 HTTP/1.1" 200 -
Received flask message: simpledetector0 rt_exec 2merged 1544656925.0635912
10.244.13.60 - - [12/Dec/2018 23:22:05] "GET /recv_runtime_profile?work_node=simpledetector0&msg=rt_exec+2merged+1544656925.0635912 HTTP/1.1" 200 -
Received flask message: simpledetector1 rt_enter 2merged 1544656925.1634393
10.244.19.98 - - [12/Dec/2018 23:22:05] "GET /recv_runtime_profile?msg=rt_enter+2merged+1544656925.1634393&work_node=simpledetector1 HTTP/1.1" 200 -
Received flask message: simpledetector1 rt_exec 2merged 1544656925.1675026
10.244.19.98 - - [12/Dec/2018 23:22:05] "GET /recv_runtime_profile?msg=rt_exec+2merged+1544656925.1675026&work_node=simpledetector1 HTTP/1.1" 200 -
Received flask message: astutedetector0 rt_enter 2merged 1544656925.250159
10.244.18.89 - - [12/Dec/2018 23:22:05] "GET /recv_runtime_profile?msg=rt_enter+2merged+1544656925.250159&work_node=astutedetector0 HTTP/1.1" 200 -
Received flask message: astutedetector0 rt_exec 2merged 1544656925.254698
10.244.18.89 - - [12/Dec/2018 23:22:05] "GET /recv_runtime_profile?msg=rt_exec+2merged+1544656925.254698&work_node=astutedetector0 HTTP/1.1" 200 -
Received flask message: simpledetector2 rt_enter 2merged 1544656925.2857587
10.244.11.91 - - [12/Dec/2018 23:22:05] "GET /recv_runtime_profile?work_node=simpledetector2&msg=rt_enter+2merged+1544656925.2857587 HTTP/1.1" 200 -
Received flask message: simpledetector2 rt_exec 2merged 1544656925.2895675
10.244.11.91 - - [12/Dec/2018 23:22:05] "GET /recv_runtime_profile?work_node=simpledetector2&msg=rt_exec+2merged+1544656925.2895675 HTTP/1.1" 200 -
Received flask message: astutedetector1 rt_enter 2merged 1544656925.3201728
10.244.18.90 - - [12/Dec/2018 23:22:05] "GET /recv_runtime_profile?work_node=astutedetector1&msg=rt_enter+2merged+1544656925.3201728 HTTP/1.1" 200 -
Received flask message: astutedetector1 rt_exec 2merged 1544656925.3246572
10.244.18.90 - - [12/Dec/2018 23:22:05] "GET /recv_runtime_profile?work_node=astutedetector1&msg=rt_exec+2merged+1544656925.3246572 HTTP/1.1" 200 -
Received flask message: astutedetector2 rt_enter 2merged 1544656925.4484565
10.244.4.68 - - [12/Dec/2018 23:22:05] "GET /recv_runtime_profile?msg=rt_enter+2merged+1544656925.4484565&work_node=astutedetector2 HTTP/1.1" 200 -
Received flask message: astutedetector2 rt_exec 2merged 1544656925.453911
10.244.4.68 - - [12/Dec/2018 23:22:05] "GET /recv_runtime_profile?msg=rt_exec+2merged+1544656925.453911&work_node=astutedetector2 HTTP/1.1" 200 -
Received flask message: simpledetector0 rt_finish 2merged 1544656940.1252437
----------------------------
Worker node: simpledetector0
Input file : 2merged
Total duration time:15.091479063034058
Waiting time:0.029826641082763672
simpledetector0 execution time:15.061652421951294
----------------------------
********************************************
Runtime profiling info:
Task_name  local_input_file Enter_time Execute_time Finish_time Elapse_time Duration_time Waiting_time 

simpledetector1 1merged    1544656820.1162145 1544656820.125547 1544656835.153308 15.0370934009552 15.027760982513428 0.009332418441772461

simpledetector0 1merged    1544656820.0456343 1544656820.0705082 1544656835.1173909 15.071756601333618 15.046882629394531 0.024873971939086914

simpledetector2 1merged    1544656820.2914126 1544656820.3004162 1544656835.327076 15.035663366317749 15.026659727096558 0.009003639221191406

aggregate1 1split     1544656803.9318786 1544656803.9438324 1544656818.9679112 15.036032676696777 15.024078845977783 0.01195383071899414

localpro   2botnet    1544656892.5857837 1544656892.5899181 1544656907.6232064 15.03742265701294 15.03328824043274 0.004134416580200195

fusioncenter2 1anomalies 1544656836.5214775 1544656836.7684112 1544656846.7978375 10.276360034942627 10.029426336288452 0.2469336986541748

astutedetector0 1merged    1544656820.2300336 1544656820.2409027 1544656835.3759205 15.145886898040771 15.13501787185669 0.010869026184082031

fusioncenter0 1anomalies 1544656836.2559187 1544656836.670292 1544656846.7145839 10.458665132522583 10.044291973114014 0.41437315940856934

aggregate2 2split     1544656909.1191676 1544656909.122815 1544656924.1419518 15.022784233093262 15.019136905670166 0.003647327423095703

astutedetector1 1merged    1544656820.2679522 1544656820.2795484 1544656835.3797288 15.11177659034729 15.100180387496948 0.011596202850341797

aggregate0 2split     1544656908.7636194 1544656908.7708156 1544656923.7976696 15.034050226211548 15.026854038238525 0.007196187973022461

fusioncenter1 1anomalies 1544656836.3926365 1544656836.62442 1544656846.6534803 10.260843753814697 10.029060363769531 0.23178339004516602

aggregate2 1split     1544656804.1120734 1544656804.1223776 1544656819.1453083 15.03323483467102 15.02293062210083 0.01030421257019043

aggregate0 1split     1544656803.7810948 1544656803.7907646 1544656818.8136191 15.032524347305298 15.022854566574097 0.009669780731201172

simpledetector0 2merged    1544656925.0337646 1544656925.0635912 1544656940.1252437 15.091479063034058 15.061652421951294 0.029826641082763672

astutedetector2 1merged    1544656820.4453876 1544656820.4575129 1544656835.6174138 15.17202615737915 15.159900903701782 0.012125253677368164

localpro   1botnet    1544656787.5555413 1544656787.5688682 1544656802.602855 15.047313690185547 15.033986806869507 0.013326883316040039

globalfusion 1fusion    1544656847.7911468 1544656848.0945423 1544656858.1358159 10.344669103622437 10.041273593902588 0.30339550971984863

aggregate1 2split     1544656908.9448478 1544656908.9487343 1544656923.9723005 15.02745270729065 15.023566246032715 0.0038864612579345703

********************************************
10.244.13.60 - - [12/Dec/2018 23:22:20] "GET /recv_runtime_profile?work_node=simpledetector0&msg=rt_finish+2merged+1544656940.1252437 HTTP/1.1" 200 -
Received flask message: simpledetector1 rt_finish 2merged 1544656940.1957254
----------------------------
Worker node: simpledetector1
Input file : 2merged
Total duration time:15.032286167144775
Waiting time:0.00406336784362793
simpledetector1 execution time:15.028222799301147
----------------------------
********************************************
Runtime profiling info:
Task_name  local_input_file Enter_time Execute_time Finish_time Elapse_time Duration_time Waiting_time 

simpledetector1 1merged    1544656820.1162145 1544656820.125547 1544656835.153308 15.0370934009552 15.027760982513428 0.009332418441772461

simpledetector0 1merged    1544656820.0456343 1544656820.0705082 1544656835.1173909 15.071756601333618 15.046882629394531 0.024873971939086914

simpledetector2 1merged    1544656820.2914126 1544656820.3004162 1544656835.327076 15.035663366317749 15.026659727096558 0.009003639221191406

aggregate1 1split     1544656803.9318786 1544656803.9438324 1544656818.9679112 15.036032676696777 15.024078845977783 0.01195383071899414

localpro   2botnet    1544656892.5857837 1544656892.5899181 1544656907.6232064 15.03742265701294 15.03328824043274 0.004134416580200195

fusioncenter2 1anomalies 1544656836.5214775 1544656836.7684112 1544656846.7978375 10.276360034942627 10.029426336288452 0.2469336986541748

astutedetector0 1merged    1544656820.2300336 1544656820.2409027 1544656835.3759205 15.145886898040771 15.13501787185669 0.010869026184082031

fusioncenter0 1anomalies 1544656836.2559187 1544656836.670292 1544656846.7145839 10.458665132522583 10.044291973114014 0.41437315940856934

aggregate2 2split     1544656909.1191676 1544656909.122815 1544656924.1419518 15.022784233093262 15.019136905670166 0.003647327423095703

astutedetector1 1merged    1544656820.2679522 1544656820.2795484 1544656835.3797288 15.11177659034729 15.100180387496948 0.011596202850341797

aggregate0 2split     1544656908.7636194 1544656908.7708156 1544656923.7976696 15.034050226211548 15.026854038238525 0.007196187973022461

fusioncenter1 1anomalies 1544656836.3926365 1544656836.62442 1544656846.6534803 10.260843753814697 10.029060363769531 0.23178339004516602

aggregate2 1split     1544656804.1120734 1544656804.1223776 1544656819.1453083 15.03323483467102 15.02293062210083 0.01030421257019043

aggregate0 1split     1544656803.7810948 1544656803.7907646 1544656818.8136191 15.032524347305298 15.022854566574097 0.009669780731201172

simpledetector0 2merged    1544656925.0337646 1544656925.0635912 1544656940.1252437 15.091479063034058 15.061652421951294 0.029826641082763672

astutedetector2 1merged    1544656820.4453876 1544656820.4575129 1544656835.6174138 15.17202615737915 15.159900903701782 0.012125253677368164

simpledetector1 2merged    1544656925.1634393 1544656925.1675026 1544656940.1957254 15.032286167144775 15.028222799301147 0.00406336784362793

localpro   1botnet    1544656787.5555413 1544656787.5688682 1544656802.602855 15.047313690185547 15.033986806869507 0.013326883316040039

globalfusion 1fusion    1544656847.7911468 1544656848.0945423 1544656858.1358159 10.344669103622437 10.041273593902588 0.30339550971984863

aggregate1 2split     1544656908.9448478 1544656908.9487343 1544656923.9723005 15.02745270729065 15.023566246032715 0.0038864612579345703

********************************************
10.244.19.98 - - [12/Dec/2018 23:22:20] "GET /recv_runtime_profile?msg=rt_finish+2merged+1544656940.1957254&work_node=simpledetector1 HTTP/1.1" 200 -
Received flask message: simpledetector2 rt_finish 2merged 1544656940.3170488
----------------------------
Worker node: simpledetector2
Input file : 2merged
Total duration time:15.031290054321289
Waiting time:0.003808736801147461
simpledetector2 execution time:15.027481317520142
----------------------------
********************************************
Runtime profiling info:
Task_name  local_input_file Enter_time Execute_time Finish_time Elapse_time Duration_time Waiting_time 

simpledetector1 1merged    1544656820.1162145 1544656820.125547 1544656835.153308 15.0370934009552 15.027760982513428 0.009332418441772461

simpledetector0 1merged    1544656820.0456343 1544656820.0705082 1544656835.1173909 15.071756601333618 15.046882629394531 0.024873971939086914

simpledetector2 1merged    1544656820.2914126 1544656820.3004162 1544656835.327076 15.035663366317749 15.026659727096558 0.009003639221191406

aggregate1 1split     1544656803.9318786 1544656803.9438324 1544656818.9679112 15.036032676696777 15.024078845977783 0.01195383071899414

localpro   2botnet    1544656892.5857837 1544656892.5899181 1544656907.6232064 15.03742265701294 15.03328824043274 0.004134416580200195

fusioncenter2 1anomalies 1544656836.5214775 1544656836.7684112 1544656846.7978375 10.276360034942627 10.029426336288452 0.2469336986541748

astutedetector0 1merged    1544656820.2300336 1544656820.2409027 1544656835.3759205 15.145886898040771 15.13501787185669 0.010869026184082031

fusioncenter0 1anomalies 1544656836.2559187 1544656836.670292 1544656846.7145839 10.458665132522583 10.044291973114014 0.41437315940856934

aggregate2 2split     1544656909.1191676 1544656909.122815 1544656924.1419518 15.022784233093262 15.019136905670166 0.003647327423095703

astutedetector1 1merged    1544656820.2679522 1544656820.2795484 1544656835.3797288 15.11177659034729 15.100180387496948 0.011596202850341797

aggregate0 2split     1544656908.7636194 1544656908.7708156 1544656923.7976696 15.034050226211548 15.026854038238525 0.007196187973022461

fusioncenter1 1anomalies 1544656836.3926365 1544656836.62442 1544656846.6534803 10.260843753814697 10.029060363769531 0.23178339004516602

aggregate2 1split     1544656804.1120734 1544656804.1223776 1544656819.1453083 15.03323483467102 15.02293062210083 0.01030421257019043

aggregate0 1split     1544656803.7810948 1544656803.7907646 1544656818.8136191 15.032524347305298 15.022854566574097 0.009669780731201172

simpledetector0 2merged    1544656925.0337646 1544656925.0635912 1544656940.1252437 15.091479063034058 15.061652421951294 0.029826641082763672

astutedetector2 1merged    1544656820.4453876 1544656820.4575129 1544656835.6174138 15.17202615737915 15.159900903701782 0.012125253677368164

simpledetector1 2merged    1544656925.1634393 1544656925.1675026 1544656940.1957254 15.032286167144775 15.028222799301147 0.00406336784362793

localpro   1botnet    1544656787.5555413 1544656787.5688682 1544656802.602855 15.047313690185547 15.033986806869507 0.013326883316040039

globalfusion 1fusion    1544656847.7911468 1544656848.0945423 1544656858.1358159 10.344669103622437 10.041273593902588 0.30339550971984863

aggregate1 2split     1544656908.9448478 1544656908.9487343 1544656923.9723005 15.02745270729065 15.023566246032715 0.0038864612579345703

simpledetector2 2merged    1544656925.2857587 1544656925.2895675 1544656940.3170488 15.031290054321289 15.027481317520142 0.003808736801147461

********************************************
10.244.11.91 - - [12/Dec/2018 23:22:20] "GET /recv_runtime_profile?work_node=simpledetector2&msg=rt_finish+2merged+1544656940.3170488 HTTP/1.1" 200 -
Received flask message: astutedetector0 rt_finish 2merged 1544656940.3826237
----------------------------
Worker node: astutedetector0
Input file : 2merged
Total duration time:15.13246464729309
Waiting time:0.004539012908935547
astutedetector0 execution time:15.127925634384155
----------------------------
********************************************
Runtime profiling info:
Task_name  local_input_file Enter_time Execute_time Finish_time Elapse_time Duration_time Waiting_time 

simpledetector1 1merged    1544656820.1162145 1544656820.125547 1544656835.153308 15.0370934009552 15.027760982513428 0.009332418441772461

simpledetector0 1merged    1544656820.0456343 1544656820.0705082 1544656835.1173909 15.071756601333618 15.046882629394531 0.024873971939086914

simpledetector2 1merged    1544656820.2914126 1544656820.3004162 1544656835.327076 15.035663366317749 15.026659727096558 0.009003639221191406

aggregate1 1split     1544656803.9318786 1544656803.9438324 1544656818.9679112 15.036032676696777 15.024078845977783 0.01195383071899414

localpro   2botnet    1544656892.5857837 1544656892.5899181 1544656907.6232064 15.03742265701294 15.03328824043274 0.004134416580200195

fusioncenter2 1anomalies 1544656836.5214775 1544656836.7684112 1544656846.7978375 10.276360034942627 10.029426336288452 0.2469336986541748

astutedetector0 1merged    1544656820.2300336 1544656820.2409027 1544656835.3759205 15.145886898040771 15.13501787185669 0.010869026184082031

fusioncenter0 1anomalies 1544656836.2559187 1544656836.670292 1544656846.7145839 10.458665132522583 10.044291973114014 0.41437315940856934

aggregate2 2split     1544656909.1191676 1544656909.122815 1544656924.1419518 15.022784233093262 15.019136905670166 0.003647327423095703

astutedetector1 1merged    1544656820.2679522 1544656820.2795484 1544656835.3797288 15.11177659034729 15.100180387496948 0.011596202850341797

aggregate0 2split     1544656908.7636194 1544656908.7708156 1544656923.7976696 15.034050226211548 15.026854038238525 0.007196187973022461

astutedetector0 2merged    1544656925.250159 1544656925.254698 1544656940.3826237 15.13246464729309 15.127925634384155 0.004539012908935547

fusioncenter1 1anomalies 1544656836.3926365 1544656836.62442 1544656846.6534803 10.260843753814697 10.029060363769531 0.23178339004516602

aggregate2 1split     1544656804.1120734 1544656804.1223776 1544656819.1453083 15.03323483467102 15.02293062210083 0.01030421257019043

aggregate0 1split     1544656803.7810948 1544656803.7907646 1544656818.8136191 15.032524347305298 15.022854566574097 0.009669780731201172

simpledetector0 2merged    1544656925.0337646 1544656925.0635912 1544656940.1252437 15.091479063034058 15.061652421951294 0.029826641082763672

astutedetector2 1merged    1544656820.4453876 1544656820.4575129 1544656835.6174138 15.17202615737915 15.159900903701782 0.012125253677368164

simpledetector1 2merged    1544656925.1634393 1544656925.1675026 1544656940.1957254 15.032286167144775 15.028222799301147 0.00406336784362793

localpro   1botnet    1544656787.5555413 1544656787.5688682 1544656802.602855 15.047313690185547 15.033986806869507 0.013326883316040039

globalfusion 1fusion    1544656847.7911468 1544656848.0945423 1544656858.1358159 10.344669103622437 10.041273593902588 0.30339550971984863

aggregate1 2split     1544656908.9448478 1544656908.9487343 1544656923.9723005 15.02745270729065 15.023566246032715 0.0038864612579345703

simpledetector2 2merged    1544656925.2857587 1544656925.2895675 1544656940.3170488 15.031290054321289 15.027481317520142 0.003808736801147461

********************************************
10.244.18.89 - - [12/Dec/2018 23:22:20] "GET /recv_runtime_profile?msg=rt_finish+2merged+1544656940.3826237&work_node=astutedetector0 HTTP/1.1" 200 -
Received flask message: astutedetector1 rt_finish 2merged 1544656940.4364285
----------------------------
Worker node: astutedetector1
Input file : 2merged
Total duration time:15.116255760192871
Waiting time:0.004484415054321289
astutedetector1 execution time:15.11177134513855
----------------------------
********************************************
Runtime profiling info:
Task_name  local_input_file Enter_time Execute_time Finish_time Elapse_time Duration_time Waiting_time 

simpledetector1 1merged    1544656820.1162145 1544656820.125547 1544656835.153308 15.0370934009552 15.027760982513428 0.009332418441772461

simpledetector0 1merged    1544656820.0456343 1544656820.0705082 1544656835.1173909 15.071756601333618 15.046882629394531 0.024873971939086914

simpledetector2 1merged    1544656820.2914126 1544656820.3004162 1544656835.327076 15.035663366317749 15.026659727096558 0.009003639221191406

aggregate1 1split     1544656803.9318786 1544656803.9438324 1544656818.9679112 15.036032676696777 15.024078845977783 0.01195383071899414

localpro   2botnet    1544656892.5857837 1544656892.5899181 1544656907.6232064 15.03742265701294 15.03328824043274 0.004134416580200195

fusioncenter2 1anomalies 1544656836.5214775 1544656836.7684112 1544656846.7978375 10.276360034942627 10.029426336288452 0.2469336986541748

astutedetector0 1merged    1544656820.2300336 1544656820.2409027 1544656835.3759205 15.145886898040771 15.13501787185669 0.010869026184082031

fusioncenter0 1anomalies 1544656836.2559187 1544656836.670292 1544656846.7145839 10.458665132522583 10.044291973114014 0.41437315940856934

aggregate2 2split     1544656909.1191676 1544656909.122815 1544656924.1419518 15.022784233093262 15.019136905670166 0.003647327423095703

astutedetector1 2merged    1544656925.3201728 1544656925.3246572 1544656940.4364285 15.116255760192871 15.11177134513855 0.004484415054321289

astutedetector1 1merged    1544656820.2679522 1544656820.2795484 1544656835.3797288 15.11177659034729 15.100180387496948 0.011596202850341797

aggregate0 2split     1544656908.7636194 1544656908.7708156 1544656923.7976696 15.034050226211548 15.026854038238525 0.007196187973022461

astutedetector0 2merged    1544656925.250159 1544656925.254698 1544656940.3826237 15.13246464729309 15.127925634384155 0.004539012908935547

fusioncenter1 1anomalies 1544656836.3926365 1544656836.62442 1544656846.6534803 10.260843753814697 10.029060363769531 0.23178339004516602

aggregate2 1split     1544656804.1120734 1544656804.1223776 1544656819.1453083 15.03323483467102 15.02293062210083 0.01030421257019043

aggregate0 1split     1544656803.7810948 1544656803.7907646 1544656818.8136191 15.032524347305298 15.022854566574097 0.009669780731201172

simpledetector0 2merged    1544656925.0337646 1544656925.0635912 1544656940.1252437 15.091479063034058 15.061652421951294 0.029826641082763672

astutedetector2 1merged    1544656820.4453876 1544656820.4575129 1544656835.6174138 15.17202615737915 15.159900903701782 0.012125253677368164

simpledetector1 2merged    1544656925.1634393 1544656925.1675026 1544656940.1957254 15.032286167144775 15.028222799301147 0.00406336784362793

localpro   1botnet    1544656787.5555413 1544656787.5688682 1544656802.602855 15.047313690185547 15.033986806869507 0.013326883316040039

globalfusion 1fusion    1544656847.7911468 1544656848.0945423 1544656858.1358159 10.344669103622437 10.041273593902588 0.30339550971984863

aggregate1 2split     1544656908.9448478 1544656908.9487343 1544656923.9723005 15.02745270729065 15.023566246032715 0.0038864612579345703

simpledetector2 2merged    1544656925.2857587 1544656925.2895675 1544656940.3170488 15.031290054321289 15.027481317520142 0.003808736801147461

********************************************
10.244.18.90 - - [12/Dec/2018 23:22:20] "GET /recv_runtime_profile?work_node=astutedetector1&msg=rt_finish+2merged+1544656940.4364285 HTTP/1.1" 200 -
Received flask message: astutedetector2 rt_finish 2merged 1544656940.577981
----------------------------
Worker node: astutedetector2
Input file : 2merged
Total duration time:15.12952446937561
Waiting time:0.005454540252685547
astutedetector2 execution time:15.124069929122925
----------------------------
********************************************
Runtime profiling info:
Task_name  local_input_file Enter_time Execute_time Finish_time Elapse_time Duration_time Waiting_time 

astutedetector2 2merged    1544656925.4484565 1544656925.453911 1544656940.577981 15.12952446937561 15.124069929122925 0.005454540252685547

simpledetector1 1merged    1544656820.1162145 1544656820.125547 1544656835.153308 15.0370934009552 15.027760982513428 0.009332418441772461

simpledetector0 1merged    1544656820.0456343 1544656820.0705082 1544656835.1173909 15.071756601333618 15.046882629394531 0.024873971939086914

simpledetector2 1merged    1544656820.2914126 1544656820.3004162 1544656835.327076 15.035663366317749 15.026659727096558 0.009003639221191406

aggregate1 1split     1544656803.9318786 1544656803.9438324 1544656818.9679112 15.036032676696777 15.024078845977783 0.01195383071899414

localpro   2botnet    1544656892.5857837 1544656892.5899181 1544656907.6232064 15.03742265701294 15.03328824043274 0.004134416580200195

fusioncenter2 1anomalies 1544656836.5214775 1544656836.7684112 1544656846.7978375 10.276360034942627 10.029426336288452 0.2469336986541748

astutedetector0 1merged    1544656820.2300336 1544656820.2409027 1544656835.3759205 15.145886898040771 15.13501787185669 0.010869026184082031

fusioncenter0 1anomalies 1544656836.2559187 1544656836.670292 1544656846.7145839 10.458665132522583 10.044291973114014 0.41437315940856934

aggregate2 2split     1544656909.1191676 1544656909.122815 1544656924.1419518 15.022784233093262 15.019136905670166 0.003647327423095703

astutedetector1 2merged    1544656925.3201728 1544656925.3246572 1544656940.4364285 15.116255760192871 15.11177134513855 0.004484415054321289

astutedetector1 1merged    1544656820.2679522 1544656820.2795484 1544656835.3797288 15.11177659034729 15.100180387496948 0.011596202850341797

aggregate0 2split     1544656908.7636194 1544656908.7708156 1544656923.7976696 15.034050226211548 15.026854038238525 0.007196187973022461

astutedetector0 2merged    1544656925.250159 1544656925.254698 1544656940.3826237 15.13246464729309 15.127925634384155 0.004539012908935547

fusioncenter1 1anomalies 1544656836.3926365 1544656836.62442 1544656846.6534803 10.260843753814697 10.029060363769531 0.23178339004516602

aggregate2 1split     1544656804.1120734 1544656804.1223776 1544656819.1453083 15.03323483467102 15.02293062210083 0.01030421257019043

aggregate0 1split     1544656803.7810948 1544656803.7907646 1544656818.8136191 15.032524347305298 15.022854566574097 0.009669780731201172

simpledetector0 2merged    1544656925.0337646 1544656925.0635912 1544656940.1252437 15.091479063034058 15.061652421951294 0.029826641082763672

astutedetector2 1merged    1544656820.4453876 1544656820.4575129 1544656835.6174138 15.17202615737915 15.159900903701782 0.012125253677368164

simpledetector1 2merged    1544656925.1634393 1544656925.1675026 1544656940.1957254 15.032286167144775 15.028222799301147 0.00406336784362793

localpro   1botnet    1544656787.5555413 1544656787.5688682 1544656802.602855 15.047313690185547 15.033986806869507 0.013326883316040039

globalfusion 1fusion    1544656847.7911468 1544656848.0945423 1544656858.1358159 10.344669103622437 10.041273593902588 0.30339550971984863

aggregate1 2split     1544656908.9448478 1544656908.9487343 1544656923.9723005 15.02745270729065 15.023566246032715 0.0038864612579345703

simpledetector2 2merged    1544656925.2857587 1544656925.2895675 1544656940.3170488 15.031290054321289 15.027481317520142 0.003808736801147461

********************************************
10.244.4.68 - - [12/Dec/2018 23:22:20] "GET /recv_runtime_profile?msg=rt_finish+2merged+1544656940.577981&work_node=astutedetector2 HTTP/1.1" 200 -
Received flask message: fusioncenter0 rt_enter 2anomalies 1544656941.3029943
10.244.21.56 - - [12/Dec/2018 23:22:21] "GET /recv_runtime_profile?work_node=fusioncenter0&msg=rt_enter+2anomalies+1544656941.3029943 HTTP/1.1" 200 -
Received flask message: fusioncenter1 rt_enter 2anomalies 1544656941.4331539
10.244.21.57 - - [12/Dec/2018 23:22:21] "GET /recv_runtime_profile?work_node=fusioncenter1&msg=rt_enter+2anomalies+1544656941.4331539 HTTP/1.1" 200 -
Received flask message: fusioncenter2 rt_enter 2anomalies 1544656941.5027356
10.244.4.69 - - [12/Dec/2018 23:22:21] "GET /recv_runtime_profile?msg=rt_enter+2anomalies+1544656941.5027356&work_node=fusioncenter2 HTTP/1.1" 200 -
Received flask message: fusioncenter1 rt_exec 2anomalies 1544656941.6831272
10.244.21.57 - - [12/Dec/2018 23:22:21] "GET /recv_runtime_profile?work_node=fusioncenter1&msg=rt_exec+2anomalies+1544656941.6831272 HTTP/1.1" 200 -
10.244.21.56 - - [12/Dec/2018 23:22:21] "GET /recv_runtime_profile?work_node=fusioncenter0&msg=rt_exec+2anomalies+1544656941.6904514 HTTP/1.1" 200 -
Received flask message: fusioncenter0 rt_exec 2anomalies 1544656941.6904514
Received flask message: fusioncenter2 rt_exec 2anomalies 1544656941.7495737
10.244.4.69 - - [12/Dec/2018 23:22:21] "GET /recv_runtime_profile?msg=rt_exec+2anomalies+1544656941.7495737&work_node=fusioncenter2 HTTP/1.1" 200 -
Received flask message: fusioncenter0 rt_finish 2anomalies 1544656951.7268548
----------------------------
Worker node: fusioncenter0
Input file : 2anomalies
Total duration time:10.423860549926758
Waiting time:0.38745713233947754
fusioncenter0 execution time:10.03640341758728
----------------------------
********************************************
Runtime profiling info:
Task_name  local_input_file Enter_time Execute_time Finish_time Elapse_time Duration_time Waiting_time 

astutedetector2 2merged    1544656925.4484565 1544656925.453911 1544656940.577981 15.12952446937561 15.124069929122925 0.005454540252685547

simpledetector1 1merged    1544656820.1162145 1544656820.125547 1544656835.153308 15.0370934009552 15.027760982513428 0.009332418441772461

simpledetector0 1merged    1544656820.0456343 1544656820.0705082 1544656835.1173909 15.071756601333618 15.046882629394531 0.024873971939086914

simpledetector2 1merged    1544656820.2914126 1544656820.3004162 1544656835.327076 15.035663366317749 15.026659727096558 0.009003639221191406

aggregate1 1split     1544656803.9318786 1544656803.9438324 1544656818.9679112 15.036032676696777 15.024078845977783 0.01195383071899414

localpro   2botnet    1544656892.5857837 1544656892.5899181 1544656907.6232064 15.03742265701294 15.03328824043274 0.004134416580200195

fusioncenter2 1anomalies 1544656836.5214775 1544656836.7684112 1544656846.7978375 10.276360034942627 10.029426336288452 0.2469336986541748

fusioncenter0 2anomalies 1544656941.3029943 1544656941.6904514 1544656951.7268548 10.423860549926758 10.03640341758728 0.38745713233947754

astutedetector0 1merged    1544656820.2300336 1544656820.2409027 1544656835.3759205 15.145886898040771 15.13501787185669 0.010869026184082031

fusioncenter0 1anomalies 1544656836.2559187 1544656836.670292 1544656846.7145839 10.458665132522583 10.044291973114014 0.41437315940856934

aggregate2 2split     1544656909.1191676 1544656909.122815 1544656924.1419518 15.022784233093262 15.019136905670166 0.003647327423095703

astutedetector1 2merged    1544656925.3201728 1544656925.3246572 1544656940.4364285 15.116255760192871 15.11177134513855 0.004484415054321289

astutedetector1 1merged    1544656820.2679522 1544656820.2795484 1544656835.3797288 15.11177659034729 15.100180387496948 0.011596202850341797

aggregate0 2split     1544656908.7636194 1544656908.7708156 1544656923.7976696 15.034050226211548 15.026854038238525 0.007196187973022461

astutedetector0 2merged    1544656925.250159 1544656925.254698 1544656940.3826237 15.13246464729309 15.127925634384155 0.004539012908935547

fusioncenter1 1anomalies 1544656836.3926365 1544656836.62442 1544656846.6534803 10.260843753814697 10.029060363769531 0.23178339004516602

aggregate2 1split     1544656804.1120734 1544656804.1223776 1544656819.1453083 15.03323483467102 15.02293062210083 0.01030421257019043

aggregate0 1split     1544656803.7810948 1544656803.7907646 1544656818.8136191 15.032524347305298 15.022854566574097 0.009669780731201172

simpledetector0 2merged    1544656925.0337646 1544656925.0635912 1544656940.1252437 15.091479063034058 15.061652421951294 0.029826641082763672

astutedetector2 1merged    1544656820.4453876 1544656820.4575129 1544656835.6174138 15.17202615737915 15.159900903701782 0.012125253677368164

simpledetector1 2merged    1544656925.1634393 1544656925.1675026 1544656940.1957254 15.032286167144775 15.028222799301147 0.00406336784362793

localpro   1botnet    1544656787.5555413 1544656787.5688682 1544656802.602855 15.047313690185547 15.033986806869507 0.013326883316040039

globalfusion 1fusion    1544656847.7911468 1544656848.0945423 1544656858.1358159 10.344669103622437 10.041273593902588 0.30339550971984863

aggregate1 2split     1544656908.9448478 1544656908.9487343 1544656923.9723005 15.02745270729065 15.023566246032715 0.0038864612579345703

simpledetector2 2merged    1544656925.2857587 1544656925.2895675 1544656940.3170488 15.031290054321289 15.027481317520142 0.003808736801147461

********************************************
10.244.21.56 - - [12/Dec/2018 23:22:31] "GET /recv_runtime_profile?work_node=fusioncenter0&msg=rt_finish+2anomalies+1544656951.7268548 HTTP/1.1" 200 -
Received flask message: fusioncenter1 rt_finish 2anomalies 1544656951.7255964
----------------------------
Worker node: fusioncenter1
Input file : 2anomalies
Total duration time:10.292442560195923
Waiting time:0.24997329711914062
fusioncenter1 execution time:10.042469263076782
----------------------------
********************************************
Runtime profiling info:
Task_name  local_input_file Enter_time Execute_time Finish_time Elapse_time Duration_time Waiting_time 

astutedetector2 2merged    1544656925.4484565 1544656925.453911 1544656940.577981 15.12952446937561 15.124069929122925 0.005454540252685547

simpledetector1 1merged    1544656820.1162145 1544656820.125547 1544656835.153308 15.0370934009552 15.027760982513428 0.009332418441772461

simpledetector0 1merged    1544656820.0456343 1544656820.0705082 1544656835.1173909 15.071756601333618 15.046882629394531 0.024873971939086914

simpledetector2 1merged    1544656820.2914126 1544656820.3004162 1544656835.327076 15.035663366317749 15.026659727096558 0.009003639221191406

aggregate1 1split     1544656803.9318786 1544656803.9438324 1544656818.9679112 15.036032676696777 15.024078845977783 0.01195383071899414

localpro   2botnet    1544656892.5857837 1544656892.5899181 1544656907.6232064 15.03742265701294 15.03328824043274 0.004134416580200195

fusioncenter2 1anomalies 1544656836.5214775 1544656836.7684112 1544656846.7978375 10.276360034942627 10.029426336288452 0.2469336986541748

fusioncenter0 2anomalies 1544656941.3029943 1544656941.6904514 1544656951.7268548 10.423860549926758 10.03640341758728 0.38745713233947754

astutedetector0 1merged    1544656820.2300336 1544656820.2409027 1544656835.3759205 15.145886898040771 15.13501787185669 0.010869026184082031

fusioncenter0 1anomalies 1544656836.2559187 1544656836.670292 1544656846.7145839 10.458665132522583 10.044291973114014 0.41437315940856934

aggregate2 2split     1544656909.1191676 1544656909.122815 1544656924.1419518 15.022784233093262 15.019136905670166 0.003647327423095703

astutedetector1 2merged    1544656925.3201728 1544656925.3246572 1544656940.4364285 15.116255760192871 15.11177134513855 0.004484415054321289

astutedetector1 1merged    1544656820.2679522 1544656820.2795484 1544656835.3797288 15.11177659034729 15.100180387496948 0.011596202850341797

aggregate0 2split     1544656908.7636194 1544656908.7708156 1544656923.7976696 15.034050226211548 15.026854038238525 0.007196187973022461

astutedetector0 2merged    1544656925.250159 1544656925.254698 1544656940.3826237 15.13246464729309 15.127925634384155 0.004539012908935547

fusioncenter1 2anomalies 1544656941.4331539 1544656941.6831272 1544656951.7255964 10.292442560195923 10.042469263076782 0.24997329711914062

fusioncenter1 1anomalies 1544656836.3926365 1544656836.62442 1544656846.6534803 10.260843753814697 10.029060363769531 0.23178339004516602

aggregate2 1split     1544656804.1120734 1544656804.1223776 1544656819.1453083 15.03323483467102 15.02293062210083 0.01030421257019043

aggregate0 1split     1544656803.7810948 1544656803.7907646 1544656818.8136191 15.032524347305298 15.022854566574097 0.009669780731201172

simpledetector0 2merged    1544656925.0337646 1544656925.0635912 1544656940.1252437 15.091479063034058 15.061652421951294 0.029826641082763672

astutedetector2 1merged    1544656820.4453876 1544656820.4575129 1544656835.6174138 15.17202615737915 15.159900903701782 0.012125253677368164

simpledetector1 2merged    1544656925.1634393 1544656925.1675026 1544656940.1957254 15.032286167144775 15.028222799301147 0.00406336784362793

localpro   1botnet    1544656787.5555413 1544656787.5688682 1544656802.602855 15.047313690185547 15.033986806869507 0.013326883316040039

globalfusion 1fusion    1544656847.7911468 1544656848.0945423 1544656858.1358159 10.344669103622437 10.041273593902588 0.30339550971984863

aggregate1 2split     1544656908.9448478 1544656908.9487343 1544656923.9723005 15.02745270729065 15.023566246032715 0.0038864612579345703

simpledetector2 2merged    1544656925.2857587 1544656925.2895675 1544656940.3170488 15.031290054321289 15.027481317520142 0.003808736801147461

********************************************
10.244.21.57 - - [12/Dec/2018 23:22:31] "GET /recv_runtime_profile?work_node=fusioncenter1&msg=rt_finish+2anomalies+1544656951.7255964 HTTP/1.1" 200 -
Received flask message: fusioncenter2 rt_finish 2anomalies 1544656951.7711208
----------------------------
Worker node: fusioncenter2
Input file : 2anomalies
Total duration time:10.268385171890259
Waiting time:0.24683809280395508
fusioncenter2 execution time:10.021547079086304
----------------------------
********************************************
Runtime profiling info:
Task_name  local_input_file Enter_time Execute_time Finish_time Elapse_time Duration_time Waiting_time 

astutedetector2 2merged    1544656925.4484565 1544656925.453911 1544656940.577981 15.12952446937561 15.124069929122925 0.005454540252685547

simpledetector1 1merged    1544656820.1162145 1544656820.125547 1544656835.153308 15.0370934009552 15.027760982513428 0.009332418441772461

simpledetector0 1merged    1544656820.0456343 1544656820.0705082 1544656835.1173909 15.071756601333618 15.046882629394531 0.024873971939086914

simpledetector2 1merged    1544656820.2914126 1544656820.3004162 1544656835.327076 15.035663366317749 15.026659727096558 0.009003639221191406

aggregate1 1split     1544656803.9318786 1544656803.9438324 1544656818.9679112 15.036032676696777 15.024078845977783 0.01195383071899414

localpro   2botnet    1544656892.5857837 1544656892.5899181 1544656907.6232064 15.03742265701294 15.03328824043274 0.004134416580200195

fusioncenter2 1anomalies 1544656836.5214775 1544656836.7684112 1544656846.7978375 10.276360034942627 10.029426336288452 0.2469336986541748

fusioncenter0 2anomalies 1544656941.3029943 1544656941.6904514 1544656951.7268548 10.423860549926758 10.03640341758728 0.38745713233947754

astutedetector0 1merged    1544656820.2300336 1544656820.2409027 1544656835.3759205 15.145886898040771 15.13501787185669 0.010869026184082031

fusioncenter0 1anomalies 1544656836.2559187 1544656836.670292 1544656846.7145839 10.458665132522583 10.044291973114014 0.41437315940856934

aggregate2 2split     1544656909.1191676 1544656909.122815 1544656924.1419518 15.022784233093262 15.019136905670166 0.003647327423095703

astutedetector1 2merged    1544656925.3201728 1544656925.3246572 1544656940.4364285 15.116255760192871 15.11177134513855 0.004484415054321289

astutedetector1 1merged    1544656820.2679522 1544656820.2795484 1544656835.3797288 15.11177659034729 15.100180387496948 0.011596202850341797

aggregate0 2split     1544656908.7636194 1544656908.7708156 1544656923.7976696 15.034050226211548 15.026854038238525 0.007196187973022461

astutedetector0 2merged    1544656925.250159 1544656925.254698 1544656940.3826237 15.13246464729309 15.127925634384155 0.004539012908935547

fusioncenter1 2anomalies 1544656941.4331539 1544656941.6831272 1544656951.7255964 10.292442560195923 10.042469263076782 0.24997329711914062

fusioncenter1 1anomalies 1544656836.3926365 1544656836.62442 1544656846.6534803 10.260843753814697 10.029060363769531 0.23178339004516602

aggregate2 1split     1544656804.1120734 1544656804.1223776 1544656819.1453083 15.03323483467102 15.02293062210083 0.01030421257019043

fusioncenter2 2anomalies 1544656941.5027356 1544656941.7495737 1544656951.7711208 10.268385171890259 10.021547079086304 0.24683809280395508

aggregate0 1split     1544656803.7810948 1544656803.7907646 1544656818.8136191 15.032524347305298 15.022854566574097 0.009669780731201172

simpledetector0 2merged    1544656925.0337646 1544656925.0635912 1544656940.1252437 15.091479063034058 15.061652421951294 0.029826641082763672

astutedetector2 1merged    1544656820.4453876 1544656820.4575129 1544656835.6174138 15.17202615737915 15.159900903701782 0.012125253677368164

simpledetector1 2merged    1544656925.1634393 1544656925.1675026 1544656940.1957254 15.032286167144775 15.028222799301147 0.00406336784362793

localpro   1botnet    1544656787.5555413 1544656787.5688682 1544656802.602855 15.047313690185547 15.033986806869507 0.013326883316040039

globalfusion 1fusion    1544656847.7911468 1544656848.0945423 1544656858.1358159 10.344669103622437 10.041273593902588 0.30339550971984863

aggregate1 2split     1544656908.9448478 1544656908.9487343 1544656923.9723005 15.02745270729065 15.023566246032715 0.0038864612579345703

simpledetector2 2merged    1544656925.2857587 1544656925.2895675 1544656940.3170488 15.031290054321289 15.027481317520142 0.003808736801147461

********************************************
10.244.4.69 - - [12/Dec/2018 23:22:31] "GET /recv_runtime_profile?msg=rt_finish+2anomalies+1544656951.7711208&work_node=fusioncenter2 HTTP/1.1" 200 -
Received flask message: globalfusion rt_enter 2fusion 1544656952.897955
10.244.13.61 - - [12/Dec/2018 23:22:32] "GET /recv_runtime_profile?msg=rt_enter+2fusion+1544656952.897955&work_node=globalfusion HTTP/1.1" 200 -
Received flask message: globalfusion rt_exec 2fusion 1544656953.0686743
10.244.13.61 - - [12/Dec/2018 23:22:33] "GET /recv_runtime_profile?msg=rt_exec+2fusion+1544656953.0686743&work_node=globalfusion HTTP/1.1" 200 -
Received flask message: globalfusion rt_finish 2fusion 1544656963.0990205
----------------------------
Worker node: globalfusion
10.244.13.61 - - [12/Dec/2018 23:22:43] "GET /recv_runtime_profile?msg=rt_finish+2fusion+1544656963.0990205&work_node=globalfusion HTTP/1.1" 200 -
Input file : 2fusion
Total duration time:10.20106554031372
Waiting time:0.17071938514709473
globalfusion execution time:10.030346155166626
----------------------------
********************************************
Runtime profiling info:
Task_name  local_input_file Enter_time Execute_time Finish_time Elapse_time Duration_time Waiting_time 

astutedetector2 2merged    1544656925.4484565 1544656925.453911 1544656940.577981 15.12952446937561 15.124069929122925 0.005454540252685547

simpledetector1 1merged    1544656820.1162145 1544656820.125547 1544656835.153308 15.0370934009552 15.027760982513428 0.009332418441772461

simpledetector0 1merged    1544656820.0456343 1544656820.0705082 1544656835.1173909 15.071756601333618 15.046882629394531 0.024873971939086914

simpledetector2 1merged    1544656820.2914126 1544656820.3004162 1544656835.327076 15.035663366317749 15.026659727096558 0.009003639221191406

aggregate1 1split     1544656803.9318786 1544656803.9438324 1544656818.9679112 15.036032676696777 15.024078845977783 0.01195383071899414

localpro   2botnet    1544656892.5857837 1544656892.5899181 1544656907.6232064 15.03742265701294 15.03328824043274 0.004134416580200195

fusioncenter2 1anomalies 1544656836.5214775 1544656836.7684112 1544656846.7978375 10.276360034942627 10.029426336288452 0.2469336986541748

fusioncenter0 2anomalies 1544656941.3029943 1544656941.6904514 1544656951.7268548 10.423860549926758 10.03640341758728 0.38745713233947754

astutedetector0 1merged    1544656820.2300336 1544656820.2409027 1544656835.3759205 15.145886898040771 15.13501787185669 0.010869026184082031

fusioncenter0 1anomalies 1544656836.2559187 1544656836.670292 1544656846.7145839 10.458665132522583 10.044291973114014 0.41437315940856934

aggregate2 2split     1544656909.1191676 1544656909.122815 1544656924.1419518 15.022784233093262 15.019136905670166 0.003647327423095703

astutedetector1 2merged    1544656925.3201728 1544656925.3246572 1544656940.4364285 15.116255760192871 15.11177134513855 0.004484415054321289

astutedetector1 1merged    1544656820.2679522 1544656820.2795484 1544656835.3797288 15.11177659034729 15.100180387496948 0.011596202850341797

aggregate0 2split     1544656908.7636194 1544656908.7708156 1544656923.7976696 15.034050226211548 15.026854038238525 0.007196187973022461

astutedetector0 2merged    1544656925.250159 1544656925.254698 1544656940.3826237 15.13246464729309 15.127925634384155 0.004539012908935547

fusioncenter1 2anomalies 1544656941.4331539 1544656941.6831272 1544656951.7255964 10.292442560195923 10.042469263076782 0.24997329711914062

fusioncenter1 1anomalies 1544656836.3926365 1544656836.62442 1544656846.6534803 10.260843753814697 10.029060363769531 0.23178339004516602

aggregate2 1split     1544656804.1120734 1544656804.1223776 1544656819.1453083 15.03323483467102 15.02293062210083 0.01030421257019043

fusioncenter2 2anomalies 1544656941.5027356 1544656941.7495737 1544656951.7711208 10.268385171890259 10.021547079086304 0.24683809280395508

aggregate0 1split     1544656803.7810948 1544656803.7907646 1544656818.8136191 15.032524347305298 15.022854566574097 0.009669780731201172

simpledetector0 2merged    1544656925.0337646 1544656925.0635912 1544656940.1252437 15.091479063034058 15.061652421951294 0.029826641082763672

astutedetector2 1merged    1544656820.4453876 1544656820.4575129 1544656835.6174138 15.17202615737915 15.159900903701782 0.012125253677368164

globalfusion 2fusion    1544656952.897955 1544656953.0686743 1544656963.0990205 10.20106554031372 10.030346155166626 0.17071938514709473

simpledetector1 2merged    1544656925.1634393 1544656925.1675026 1544656940.1957254 15.032286167144775 15.028222799301147 0.00406336784362793

localpro   1botnet    1544656787.5555413 1544656787.5688682 1544656802.602855 15.047313690185547 15.033986806869507 0.013326883316040039

globalfusion 1fusion    1544656847.7911468 1544656848.0945423 1544656858.1358159 10.344669103622437 10.041273593902588 0.30339550971984863

aggregate1 2split     1544656908.9448478 1544656908.9487343 1544656923.9723005 15.02745270729065 15.023566246032715 0.0038864612579345703

simpledetector2 2merged    1544656925.2857587 1544656925.2895675 1544656940.3170488 15.031290054321289 15.027481317520142 0.003808736801147461

********************************************
/output/2global_anomalies.log created
ending time is:  [1544656859.398636, 1544656964.3301847]
execution time is:  [72.56502890586853, 72.42278742790222]
Recieved request for number of output files. Current done: 2
10.244.0.0 - - [12/Dec/2018 23:22:45] "GET / HTTP/1.1" 200 -
