 * Starting OpenBSD Secure Shell server sshd
   ...done.
-------------------------------------
Automatically generating HEFT input
-------------------------------------
Perform HEFT scheduling
read_input_heft.py:194: SyntaxWarning: name 'MONGO_SVC_PORT' is assigned to before global declaration
  global profiler_ip,exec_home_ip,num_nodes,MONGO_SVC_PORT,network_map,node_list, home_profiler_ip
('tasks: ', {'simpledetector2': ['fusioncenter2'], 'simpledetector1': ['fusioncenter1'], 'simpledetector0': ['fusioncenter0'], 'globalfusion': [], 'aggregate1': ['simpledetector1', 'astutedetector1'], 'aggregate0': ['simpledetector0', 'astutedetector0'], 'aggregate2': ['simpledetector2', 'astutedetector2'], 'localpro': ['aggregate0', 'aggregate1', 'aggregate2'], 'astutedetector1': ['fusioncenter1'], 'astutedetector0': ['fusioncenter0'], 'astutedetector2': ['fusioncenter2'], 'fusioncenter0': ['globalfusion'], 'fusioncenter1': ['globalfusion'], 'fusioncenter2': ['globalfusion']})
('task order', ['localpro', 'aggregate0', 'aggregate1', 'aggregate2', 'simpledetector0', 'simpledetector1', 'simpledetector2', 'astutedetector0', 'astutedetector1', 'astutedetector2', 'fusioncenter0', 'fusioncenter1', 'fusioncenter2', 'globalfusion'])
('super tasks', [])
('non tasks', [])
No input TGFF file found!
---------------------------------------------

 Read task list from DAG file, Non-DAG info and global information 

tasks:  {'astutedetector1': ['fusioncenter1'], 'simpledetector0': ['fusioncenter0'], 'astutedetector0': ['fusioncenter0'], 'aggregate2': ['simpledetector2', 'astutedetector2'], 'fusioncenter2': ['globalfusion'], 'aggregate1': ['simpledetector1', 'astutedetector1'], 'fusioncenter1': ['globalfusion'], 'globalfusion': [], 'fusioncenter0': ['globalfusion'], 'aggregate0': ['simpledetector0', 'astutedetector0'], 'localpro': ['aggregate0', 'aggregate1', 'aggregate2'], 'simpledetector2': ['fusioncenter2'], 'simpledetector1': ['fusioncenter1'], 'astutedetector2': ['fusioncenter2']}
task order ['localpro', 'aggregate0', 'aggregate1', 'aggregate2', 'simpledetector0', 'simpledetector1', 'simpledetector2', 'astutedetector0', 'astutedetector1', 'astutedetector2', 'fusioncenter0', 'fusioncenter1', 'fusioncenter2', 'globalfusion']
super tasks []
---------------------------------------------

 Create input HEFT file 

No available profiling information
---------------------------------------------

 Step 1: Read task list from DAG file and global information 

5
[['node2', '10.110.22.125'], ['node3', '10.100.135.138'], ['node4', '10.105.17.239'], ['node5', '10.108.202.177'], ['node6', '10.101.235.45']]
10.105.80.122
Num nodes :5
{'10.101.235.45': 'node6', '10.105.17.239': 'node4', '10.100.135.138': 'node3', '10.108.202.177': 'node5', '10.110.22.125': 'node2'}
['node2', 'node3', 'node4', 'node5', 'node6']
------------------------------------------------------------

 Step 2: Read network profiler information : 

------------------------------------------------------------

 Step 3: Read execution Profiler Information : 

[['node2', '10.110.22.125'], ['node3', '10.100.135.138'], ['node4', '10.105.17.239'], ['node5', '10.108.202.177'], ['node6', '10.101.235.45']]
Check Network Profiler IP: node2-10.110.22.125
Database(MongoClient(host=['10.105.80.122:6200'], document_class=dict, tz_aware=False, connect=True), 'execution_profiler')
--- Number of neighbors: 5
Current number of updated execution profilers:
6
--- Check execution profiler ID : home
--- Check execution profiler ID : node3
Check Network Profiler IP: node3-10.100.135.138
--- Check execution profiler ID : node5
--- Check execution profiler ID : node2
--- Check execution profiler ID : node4
--- Check execution profiler ID : node6
Execution information has already been provided
--- Number of neighbors: 5
Check Network Profiler IP: node4-10.105.17.239
--- Number of neighbors: 5
Check Network Profiler IP: node5-10.108.202.177
--- Number of neighbors: 5
Check Network Profiler IP: node6-10.101.235.45
--- Number of neighbors: 5
Network information has already been provided
['home', 'localpro', '15', '986.736']
['home', 'aggregate0', '15', '701.92']
['home', 'aggregate1', '15', '127.048']
['home', 'aggregate2', '15', '157.768']
['home', 'simpledetector0', '15', '7.616']
['home', 'simpledetector1', '15', '7.616']
['home', 'simpledetector2', '15', '7.168']
['home', 'astutedetector0', '15', '4.152']
['home', 'astutedetector1', '15', '3.48']
['home', 'astutedetector2', '15', '4.728']
['home', 'fusioncenter0', '10', '0.984']
['home', 'fusioncenter1', '10', '0.44']
['home', 'fusioncenter2', '10', '0.792']
['home', 'globalfusion', '10', '1.336']
['localpro', 'aggregate0', 'aggregate1', 'aggregate2', 'simpledetector0', 'simpledetector1', 'simpledetector2', 'astutedetector0', 'astutedetector1', 'astutedetector2', 'fusioncenter0', 'fusioncenter1', 'fusioncenter2', 'globalfusion']
{'astutedetector1': 't0_8', 'simpledetector0': 't0_4', 'astutedetector0': 't0_7', 'aggregate2': 't0_3', 'fusioncenter2': 't0_12', 'aggregate1': 't0_2', 'fusioncenter1': 't0_11', 'globalfusion': 't0_13', 'fusioncenter0': 't0_10', 'aggregate0': 't0_1', 'localpro': 't0_0', 'simpledetector2': 't0_6', 'simpledetector1': 't0_5', 'astutedetector2': 't0_9'}
{'astutedetector1': 8, 'simpledetector0': 4, 'astutedetector0': 7, 'aggregate2': 3, 'fusioncenter2': 12, 'aggregate1': 2, 'fusioncenter1': 11, 'globalfusion': 13, 'fusioncenter0': 10, 'aggregate0': 1, 'localpro': 0, 'simpledetector2': 6, 'simpledetector1': 5, 'astutedetector2': 9}
{'astutedetector1': '3.48', 'simpledetector0': '7.616', 'astutedetector0': '4.152', 'aggregate2': '157.768', 'fusioncenter2': '0.768', 'aggregate1': '127.048', 'fusioncenter1': '0.44', 'globalfusion': '1.312', 'fusioncenter0': '0.984', 'aggregate0': '701.92', 'localpro': '986.736', 'simpledetector2': '7.168', 'simpledetector1': '7.616', 'astutedetector2': '4.704'}
[[150, 150, 150, 150, 150], [150, 150, 150, 150, 150], [150, 150, 150, 150, 150], [150, 150, 150, 150, 150], [150, 150, 150, 150, 150], [150, 150, 150, 150, 150], [150, 150, 150, 150, 150], [150, 150, 150, 150, 150], [150, 150, 150, 150, 150], [150, 150, 150, 150, 150], [100, 100, 100, 100, 100], [100, 100, 100, 100, 100], [100, 100, 100, 100, 100], [100, 100, 100, 100, 100]]
	TASK localpro	TYPE 0 

	TASK aggregate0	TYPE 1 

	TASK aggregate1	TYPE 2 

	TASK aggregate2	TYPE 3 

	TASK simpledetector0	TYPE 4 

	TASK simpledetector1	TYPE 5 

	TASK simpledetector2	TYPE 6 

	TASK astutedetector0	TYPE 7 

	TASK astutedetector1	TYPE 8 

	TASK astutedetector2	TYPE 9 

	TASK fusioncenter0	TYPE 10 

	TASK fusioncenter1	TYPE 11 

	TASK fusioncenter2	TYPE 12 

	TASK globalfusion	TYPE 13 

task_names: ['localpro', 'aggregate0', 'aggregate1', 'aggregate2', 'simpledetector0', 'simpledetector1', 'simpledetector2', 'astutedetector0', 'astutedetector1', 'astutedetector2', 'fusioncenter0', 'fusioncenter1', 'fusioncenter2', 'globalfusion']
==================
Checking the written information
14
[<map object at 0x7fe27c65c748>, <map object at 0x7fe27c65c978>, <map object at 0x7fe27c65cb00>, <map object at 0x7fe27c65cc88>, <map object at 0x7fe27c65ce10>, <map object at 0x7fe27c65cf98>, <map object at 0x7fe27c65e160>, <map object at 0x7fe27c65e2e8>, <map object at 0x7fe27c65e470>, <map object at 0x7fe27c65e5f8>, <map object at 0x7fe27c65e7b8>, <map object at 0x7fe27c65e978>, <map object at 0x7fe27c65eb38>, <map object at 0x7fe27c65ecf8>]
[[0, 1, 1, 1, 1], [1, 0, 1, 1, 1], [1, 1, 0, 1, 1], [1, 1, 1, 0, 1], [1, 1, 1, 1, 0]]
[[-1, 986, 986, 986, -1, -1, -1, -1, -1, -1, -1, -1, -1, -1], [-1, -1, -1, -1, 701, -1, -1, 701, -1, -1, -1, -1, -1, -1], [-1, -1, -1, -1, -1, 127, -1, -1, 127, -1, -1, -1, -1, -1], [-1, -1, -1, -1, -1, -1, 157, -1, -1, 157, -1, -1, -1, -1], [-1, -1, -1, -1, -1, -1, -1, -1, -1, -1, 7, -1, -1, -1], [-1, -1, -1, -1, -1, -1, -1, -1, -1, -1, -1, 7, -1, -1], [-1, -1, -1, -1, -1, -1, -1, -1, -1, -1, -1, -1, 7, -1], [-1, -1, -1, -1, -1, -1, -1, -1, -1, -1, 4, -1, -1, -1], [-1, -1, -1, -1, -1, -1, -1, -1, -1, -1, -1, 3, -1, -1], [-1, -1, -1, -1, -1, -1, -1, -1, -1, -1, -1, -1, 4, -1], [-1, -1, -1, -1, -1, -1, -1, -1, -1, -1, -1, -1, -1, 0], [-1, -1, -1, -1, -1, -1, -1, -1, -1, -1, -1, -1, -1, 0], [-1, -1, -1, -1, -1, -1, -1, -1, -1, -1, -1, -1, -1, 0], [-1, -1, -1, -1, -1, -1, -1, -1, -1, -1, -1, -1, -1, -1]]
[[(0, 0, 0), (-1.0286249967202027e-06, 0.10037662122544848, 2434.712412993666), (-6.1400803790082035e-06, 0.5366278053555443, 2646.288243499532), (-1.0699631665250428e-06, 0.10514636733359392, 2176.559813986472), (-5.534065606139427e-07, 0.05490011504421718, 1425.1762197047533)], [(-9.343385205802967e-07, 0.09818793537159233, 2426.1027026287215), (0, 0, 0), (-1.0127665356338944e-06, 0.11798455119660597, 2464.509929636172), (-1.4248857516282122e-07, 0.013425126247649985, 295.90455938311624), (-5.762617962643795e-07, 0.05672487732496704, 1624.4208820750343)], [(-6.298847298672739e-06, 0.5468097632802569, 2616.841888616721), (-1.075401403183356e-06, 0.12232872953096119, 2398.9640962869075), (0, 0, 0), (-5.136767309030693e-06, 0.4468080642391055, 2274.6191422997904), (-8.87929693671208e-06, 0.8608753307841048, 3546.2929944825255)], [(-5.898601674064629e-05, 0.5781741695399091, 2076.7117150820854), (-0.0003431303778525988, 0.3079732510288054, 263.5581743359521), (-1.217851861994736e-06, 0.1278100384180366, 2701.8527038979423), (0, 0, 0), (-4.4500746111928817e-07, 0.04539137705159927, 1450.4558159659828)], [(-3.764491752233047e-06, 0.31563241785420776, 1293.1538899866712), (-7.032030364080492e-07, 0.06875214432906995, 1493.9316387539857), (-1.4642646718216517e-05, 1.2806983737101698, 3494.636438169289), (-6.318171990017051e-07, 0.06123688474475364, 1347.3927019278065), (0, 0, 0)]]
	TASK localpro	TYPE 0 

	TASK aggregate0	TYPE 1 

	TASK aggregate1	TYPE 2 

	TASK aggregate2	TYPE 3 

	TASK simpledetector0	TYPE 4 

	TASK simpledetector1	TYPE 5 

	TASK simpledetector2	TYPE 6 

	TASK astutedetector0	TYPE 7 

	TASK astutedetector1	TYPE 8 

	TASK astutedetector2	TYPE 9 

	TASK fusioncenter0	TYPE 10 

	TASK fusioncenter1	TYPE 11 

	TASK fusioncenter2	TYPE 12 

	TASK globalfusion	TYPE 13 

('task_names:', ['localpro', 'aggregate0', 'aggregate1', 'aggregate2', 'simpledetector0', 'simpledetector1', 'simpledetector2', 'astutedetector0', 'astutedetector1', 'astutedetector2', 'fusioncenter0', 'fusioncenter1', 'fusioncenter2', 'globalfusion'])
==================
(0, 1)
(1, 1)
(2, 1)
(3, 1)
(4, 1)
(0, 3)
(1, 3)
(2, 3)
(3, 3)
(4, 3)
(0, 2)
(1, 2)
(2, 2)
(3, 2)
(4, 2)
(0, 4)
(1, 4)
(2, 4)
(3, 4)
(4, 4)
(0, 5)
(1, 5)
(2, 5)
(3, 5)
(4, 5)
(0, 6)
(1, 6)
(2, 6)
(3, 6)
(4, 6)
(0, 7)
(1, 7)
(2, 7)
(3, 7)
(4, 7)
(0, 9)
(1, 9)
(2, 9)
(3, 9)
(4, 9)
(0, 8)
(1, 8)
(2, 8)
(3, 8)
(4, 8)
(0, 10)
(1, 10)
(2, 10)
(3, 10)
(4, 10)
(0, 11)
(1, 11)
(2, 11)
(3, 11)
(4, 11)
(0, 12)
(1, 12)
(2, 12)
(3, 12)
(4, 12)
(0, 13)
(1, 13)
(2, 13)
(3, 13)
(4, 13)
Assign random master and slaves
task 0 : up_rank = 9202.163688, down_rank = 0.000000
task 1 : up_rank = 6763.542335, down_rank = 2438.621353
task 3 : up_rank = 6615.185408, down_rank = 2438.621353
task 2 : up_rank = 6606.611026, down_rank = 2438.621353
task 4 : up_rank = 4397.253531, down_rank = 4804.910157
task 5 : up_rank = 4397.253531, down_rank = 4647.978848
task 6 : up_rank = 4397.253531, down_rank = 4656.553230
task 7 : up_rank = 4396.377404, down_rank = 4804.910157
task 9 : up_rank = 4396.377404, down_rank = 4656.553230
task 8 : up_rank = 4396.085271, down_rank = 4647.978848
task 10 : up_rank = 2222.604298, down_rank = 6979.559389
task 11 : up_rank = 2222.604298, down_rank = 6822.628080
task 12 : up_rank = 2222.604298, down_rank = 6831.202463
task 13 : up_rank = 100.000000, down_rank = 9102.163688
node2:
task 1 : ast = 0, aft = 150
task 2 : ast = 150, aft = 300
task 4 : ast = 300, aft = 450
task 3 : ast = 450, aft = 600
task 5 : ast = 600, aft = 750
task 6 : ast = 750, aft = 900
task 7 : ast = 900, aft = 1050
task 8 : ast = 1050, aft = 1200
task 10 : ast = 1200, aft = 1350
task 9 : ast = 1350, aft = 1500
task 11 : ast = 1500, aft = 1600
task 12 : ast = 1600, aft = 1700
task 13 : ast = 1700, aft = 1800
task 14 : ast = 1800, aft = 1900
node3:
node4:
node5:
node6:
makespan = 1900
{'simpledetector2': 'node2', 'simpledetector1': 'node2', 'simpledetector0': 'node2', 'globalfusion': 'node2', 'aggregate1': 'node2', 'aggregate0': 'node2', 'aggregate2': 'node2', 'localpro': 'node2', 'astutedetector1': 'node2', 'astutedetector0': 'node2', 'astutedetector2': 'node2', 'fusioncenter0': 'node2', 'fusioncenter1': 'node2', 'fusioncenter2': 'node2'}
 * Serving Flask app "master" (lazy loading)
 * Environment: production
   WARNING: Do not use the development server in a production environment.
   Use a production WSGI server instead.
 * Debug mode: off
 * Running on http://0.0.0.0:8888/ (Press CTRL+C to quit)
10.244.0.0 - - [12/Nov/2018 23:14:28] "GET / HTTP/1.1" 200 -
('Recieved request for current mapping. Current mappings done:', 14)
{'simpledetector2': 'node2', 'simpledetector1': 'node2', 'simpledetector0': 'node2', 'globalfusion': 'node2', 'aggregate1': 'node2', 'aggregate0': 'node2', 'aggregate2': 'node2', 'localpro': 'node2', 'astutedetector1': 'node2', 'astutedetector0': 'node2', 'astutedetector2': 'node2', 'fusioncenter0': 'node2', 'fusioncenter1': 'node2', 'fusioncenter2': 'node2'}
