 * Starting OpenBSD Secure Shell server sshd
   ...done.
-------------------------------------
Automatically generating HEFT input
-------------------------------------
Perform HEFT scheduling
read_input_heft.py:194: SyntaxWarning: name 'MONGO_SVC_PORT' is assigned to before global declaration
  global profiler_ip,exec_home_ip,num_nodes,MONGO_SVC_PORT,network_map,node_list, home_profiler_ip
('tasks: ', {'simpledetector2': ['fusioncenter2'], 'simpledetector1': ['fusioncenter1'], 'simpledetector0': ['fusioncenter0'], 'globalfusion': [], 'aggregate1': ['simpledetector1', 'astutedetector1'], 'aggregate0': ['simpledetector0', 'astutedetector0'], 'aggregate2': ['simpledetector2', 'astutedetector2'], 'localpro': ['aggregate0', 'aggregate1', 'aggregate2'], 'astutedetector1': ['fusioncenter1'], 'astutedetector0': ['fusioncenter0'], 'astutedetector2': ['fusioncenter2'], 'fusioncenter0': ['globalfusion'], 'fusioncenter1': ['globalfusion'], 'fusioncenter2': ['globalfusion']})
('task order', ['localpro', 'aggregate0', 'aggregate1', 'aggregate2', 'simpledetector0', 'simpledetector1', 'simpledetector2', 'astutedetector0', 'astutedetector1', 'astutedetector2', 'fusioncenter0', 'fusioncenter1', 'fusioncenter2', 'globalfusion'])
('super tasks', [])
('non tasks', [])
No input TGFF file found!
---------------------------------------------

 Read task list from DAG file, Non-DAG info and global information 

tasks:  {'localpro': ['aggregate0', 'aggregate1', 'aggregate2'], 'aggregate1': ['simpledetector1', 'astutedetector1'], 'aggregate2': ['simpledetector2', 'astutedetector2'], 'fusioncenter2': ['globalfusion'], 'aggregate0': ['simpledetector0', 'astutedetector0'], 'simpledetector1': ['fusioncenter1'], 'astutedetector0': ['fusioncenter0'], 'fusioncenter1': ['globalfusion'], 'fusioncenter0': ['globalfusion'], 'astutedetector1': ['fusioncenter1'], 'simpledetector0': ['fusioncenter0'], 'simpledetector2': ['fusioncenter2'], 'astutedetector2': ['fusioncenter2'], 'globalfusion': []}
task order ['localpro', 'aggregate0', 'aggregate1', 'aggregate2', 'simpledetector0', 'simpledetector1', 'simpledetector2', 'astutedetector0', 'astutedetector1', 'astutedetector2', 'fusioncenter0', 'fusioncenter1', 'fusioncenter2', 'globalfusion']
super tasks []
---------------------------------------------

 Create input HEFT file 

No available profiling information
---------------------------------------------

 Step 1: Read task list from DAG file and global information 

5
[['node2', '10.110.22.125'], ['node3', '10.100.135.138'], ['node4', '10.105.17.239'], ['node5', '10.108.202.177'], ['node6', '10.101.235.45']]
10.105.80.122
Num nodes :5
{'10.110.22.125': 'node2', '10.105.17.239': 'node4', '10.101.235.45': 'node6', '10.100.135.138': 'node3', '10.108.202.177': 'node5'}
['node2', 'node3', 'node4', 'node5', 'node6']
------------------------------------------------------------

 Step 2: Read network profiler information : 

------------------------------------------------------------

 Step 3: Read execution Profiler Information : 

[['node2', '10.110.22.125'], ['node3', '10.100.135.138'], ['node4', '10.105.17.239'], ['node5', '10.108.202.177'], ['node6', '10.101.235.45']]
Check Network Profiler IP: node2-10.110.22.125
Database(MongoClient(host=['10.105.80.122:6200'], document_class=dict, tz_aware=False, connect=True), 'execution_profiler')
--- Number of neighbors: 5
Current number of updated execution profilers:
6
--- Check execution profiler ID : home
--- Check execution profiler ID : node3
Check Network Profiler IP: node3-10.100.135.138
--- Check execution profiler ID : node5
--- Check execution profiler ID : node2
--- Check execution profiler ID : node4
--- Check execution profiler ID : node6
Execution information has already been provided
--- Number of neighbors: 5
Check Network Profiler IP: node4-10.105.17.239
--- Number of neighbors: 5
Check Network Profiler IP: node5-10.108.202.177
--- Number of neighbors: 5
Check Network Profiler IP: node6-10.101.235.45
--- Number of neighbors: 5
Network information has already been provided
['home', 'localpro', '15', '986.736']
['home', 'aggregate0', '15', '701.92']
['home', 'aggregate1', '15', '127.048']
['home', 'aggregate2', '15', '157.768']
['home', 'simpledetector0', '15', '7.616']
['home', 'simpledetector1', '15', '7.616']
['home', 'simpledetector2', '15', '7.168']
['home', 'astutedetector0', '15', '4.152']
['home', 'astutedetector1', '15', '3.48']
['home', 'astutedetector2', '15', '4.728']
['home', 'fusioncenter0', '10', '0.984']
['home', 'fusioncenter1', '10', '0.44']
['home', 'fusioncenter2', '10', '0.792']
['home', 'globalfusion', '10', '1.336']
['localpro', 'aggregate0', 'aggregate1', 'aggregate2', 'simpledetector0', 'simpledetector1', 'simpledetector2', 'astutedetector0', 'astutedetector1', 'astutedetector2', 'fusioncenter0', 'fusioncenter1', 'fusioncenter2', 'globalfusion']
{'localpro': 't0_0', 'aggregate1': 't0_2', 'aggregate2': 't0_3', 'fusioncenter2': 't0_12', 'aggregate0': 't0_1', 'simpledetector1': 't0_5', 'astutedetector0': 't0_7', 'fusioncenter1': 't0_11', 'fusioncenter0': 't0_10', 'astutedetector1': 't0_8', 'simpledetector0': 't0_4', 'simpledetector2': 't0_6', 'astutedetector2': 't0_9', 'globalfusion': 't0_13'}
{'localpro': 0, 'aggregate1': 2, 'aggregate2': 3, 'fusioncenter2': 12, 'aggregate0': 1, 'simpledetector1': 5, 'astutedetector0': 7, 'fusioncenter1': 11, 'fusioncenter0': 10, 'astutedetector1': 8, 'simpledetector0': 4, 'simpledetector2': 6, 'astutedetector2': 9, 'globalfusion': 13}
{'localpro': '986.736', 'aggregate1': '127.048', 'aggregate2': '157.768', 'fusioncenter2': '0.768', 'aggregate0': '701.92', 'simpledetector1': '7.616', 'astutedetector0': '4.152', 'fusioncenter1': '0.44', 'fusioncenter0': '0.984', 'astutedetector1': '3.48', 'simpledetector0': '7.616', 'simpledetector2': '7.168', 'astutedetector2': '4.704', 'globalfusion': '1.312'}
[[150, 150, 150, 150, 150], [150, 150, 150, 150, 150], [150, 150, 150, 150, 150], [150, 150, 150, 150, 150], [150, 150, 150, 150, 150], [150, 150, 150, 150, 150], [150, 150, 150, 150, 150], [150, 150, 150, 150, 150], [150, 150, 150, 150, 150], [150, 150, 150, 150, 150], [100, 100, 100, 100, 100], [100, 100, 100, 100, 100], [100, 100, 100, 100, 100], [100, 100, 100, 100, 100]]
	TASK localpro	TYPE 0 

	TASK aggregate0	TYPE 1 

	TASK aggregate1	TYPE 2 

	TASK aggregate2	TYPE 3 

	TASK simpledetector0	TYPE 4 

	TASK simpledetector1	TYPE 5 

	TASK simpledetector2	TYPE 6 

	TASK astutedetector0	TYPE 7 

	TASK astutedetector1	TYPE 8 

	TASK astutedetector2	TYPE 9 

	TASK fusioncenter0	TYPE 10 

	TASK fusioncenter1	TYPE 11 

	TASK fusioncenter2	TYPE 12 

	TASK globalfusion	TYPE 13 

task_names: ['localpro', 'aggregate0', 'aggregate1', 'aggregate2', 'simpledetector0', 'simpledetector1', 'simpledetector2', 'astutedetector0', 'astutedetector1', 'astutedetector2', 'fusioncenter0', 'fusioncenter1', 'fusioncenter2', 'globalfusion']
==================
Checking the written information
14
[<map object at 0x7f0de1a9e7f0>, <map object at 0x7f0de1a9e978>, <map object at 0x7f0de1a9eb00>, <map object at 0x7f0de1a9ec88>, <map object at 0x7f0de1a9ee10>, <map object at 0x7f0de1a9ef98>, <map object at 0x7f0de1a9f160>, <map object at 0x7f0de1a9f2e8>, <map object at 0x7f0de1a9f470>, <map object at 0x7f0de1a9f5f8>, <map object at 0x7f0de1a9f7b8>, <map object at 0x7f0de1a9f978>, <map object at 0x7f0de1a9fb38>, <map object at 0x7f0de1a9fcf8>]
[[0, 1, 1, 1, 1], [1, 0, 1, 1, 1], [1, 1, 0, 1, 1], [1, 1, 1, 0, 1], [1, 1, 1, 1, 0]]
[[-1, 986, 986, 986, -1, -1, -1, -1, -1, -1, -1, -1, -1, -1], [-1, -1, -1, -1, 701, -1, -1, 701, -1, -1, -1, -1, -1, -1], [-1, -1, -1, -1, -1, 127, -1, -1, 127, -1, -1, -1, -1, -1], [-1, -1, -1, -1, -1, -1, 157, -1, -1, 157, -1, -1, -1, -1], [-1, -1, -1, -1, -1, -1, -1, -1, -1, -1, 7, -1, -1, -1], [-1, -1, -1, -1, -1, -1, -1, -1, -1, -1, -1, 7, -1, -1], [-1, -1, -1, -1, -1, -1, -1, -1, -1, -1, -1, -1, 7, -1], [-1, -1, -1, -1, -1, -1, -1, -1, -1, -1, 4, -1, -1, -1], [-1, -1, -1, -1, -1, -1, -1, -1, -1, -1, -1, 3, -1, -1], [-1, -1, -1, -1, -1, -1, -1, -1, -1, -1, -1, -1, 4, -1], [-1, -1, -1, -1, -1, -1, -1, -1, -1, -1, -1, -1, -1, 0], [-1, -1, -1, -1, -1, -1, -1, -1, -1, -1, -1, -1, -1, 0], [-1, -1, -1, -1, -1, -1, -1, -1, -1, -1, -1, -1, -1, 0], [-1, -1, -1, -1, -1, -1, -1, -1, -1, -1, -1, -1, -1, -1]]
[[(0, 0, 0), (-1.2153308681724597e-06, 0.1178474160671874, 2308.016155592951), (-9.259162894236886e-05, 0.8631430344035963, 2646.87703644569), (-1.0406182716280223e-06, 0.1015799466685695, 2205.068781506078), (-7.250722503239617e-07, 0.07025561476021845, 1323.0134137146538)], [(-9.380930033528144e-07, 0.0992939614793749, 2444.79303923345), (0, 0, 0), (-6.133214856829496e-07, 0.08257643212720629, 2677.037599870709), (-1.4872752142872108e-07, 0.01468804150604193, 286.8064763564614), (-7.125337580970465e-07, 0.06951487928912158, 1554.2423273114698)], [(-1.4474620866929276e-06, 0.16208442563330389, 2724.76186545891), (-9.362661092341182e-07, 0.11041933127865605, 2462.4104058418047), (0, 0, 0), (-7.779965063185507e-07, 0.09634340236930147, 2479.046823196347), (-1.282299213779079e-06, 0.15459962999762075, 3849.3759368015953)], [(-1.0825925497653146e-06, 0.10539774923404506, 2174.7032100146157), (-7.8322809662345e-08, 0.008550105582994207, 267.8584556774007), (8.462782000857734e-07, -0.04836158250797738, 3596.5079028985037), (0, 0, 0), (-4.243261493324391e-06, 0.3519089787516982, 1273.15552767604)], [(-6.865094257804726e-07, 0.07006760104776787, 1357.9853037440698), (-4.116365805672858e-05, 0.4006190641204215, 1447.8668437848241), (-1.8686526089711123e-06, 0.20412150357679545, 3604.1946782766463), (-5.47841846124006e-07, 0.05454679794323487, 1361.677653905181), (0, 0, 0)]]
	TASK localpro	TYPE 0 

	TASK aggregate0	TYPE 1 

	TASK aggregate1	TYPE 2 

	TASK aggregate2	TYPE 3 

	TASK simpledetector0	TYPE 4 

	TASK simpledetector1	TYPE 5 

	TASK simpledetector2	TYPE 6 

	TASK astutedetector0	TYPE 7 

	TASK astutedetector1	TYPE 8 

	TASK astutedetector2	TYPE 9 

	TASK fusioncenter0	TYPE 10 

	TASK fusioncenter1	TYPE 11 

	TASK fusioncenter2	TYPE 12 

	TASK globalfusion	TYPE 13 

('task_names:', ['localpro', 'aggregate0', 'aggregate1', 'aggregate2', 'simpledetector0', 'simpledetector1', 'simpledetector2', 'astutedetector0', 'astutedetector1', 'astutedetector2', 'fusioncenter0', 'fusioncenter1', 'fusioncenter2', 'globalfusion'])
==================
(0, 1)
(1, 1)
(2, 1)
(3, 1)
(4, 1)
(0, 3)
(1, 3)
(2, 3)
(3, 3)
(4, 3)
(0, 2)
(1, 2)
(2, 2)
(3, 2)
(4, 2)
(0, 4)
(1, 4)
(2, 4)
(3, 4)
(4, 4)
(0, 5)
(1, 5)
(2, 5)
(3, 5)
(4, 5)
(0, 6)
(1, 6)
(2, 6)
(3, 6)
(4, 6)
(0, 7)
(1, 7)
(2, 7)
(3, 7)
(4, 7)
(0, 9)
(1, 9)
(2, 9)
(3, 9)
(4, 9)
(0, 8)
(1, 8)
(2, 8)
(3, 8)
(4, 8)
(0, 10)
(1, 10)
(2, 10)
(3, 10)
(4, 10)
(0, 11)
(1, 11)
(2, 11)
(3, 11)
(4, 11)
(0, 12)
(1, 12)
(2, 12)
(3, 12)
(4, 12)
(0, 13)
(1, 13)
(2, 13)
(3, 13)
(4, 13)
Assign random master and slaves
task 0 : up_rank = 9309.665708, down_rank = 0.000000
task 1 : up_rank = 6912.450779, down_rank = 2397.214929
task 3 : up_rank = 6831.954542, down_rank = 2397.214929
task 2 : up_rank = 6827.385182, down_rank = 2397.214929
task 4 : up_rank = 4555.620792, down_rank = 4754.044916
task 5 : up_rank = 4555.620792, down_rank = 4668.979319
task 6 : up_rank = 4555.620792, down_rank = 4673.548679
task 7 : up_rank = 4555.157662, down_rank = 4754.044916
task 9 : up_rank = 4555.157662, down_rank = 4673.548679
task 8 : up_rank = 4555.003255, down_rank = 4668.979319
task 10 : up_rank = 2302.269972, down_rank = 7007.395736
task 11 : up_rank = 2302.269972, down_rank = 6922.330139
task 12 : up_rank = 2302.269972, down_rank = 6926.899499
task 13 : up_rank = 100.000000, down_rank = 9209.665708
node2:
task 1 : ast = 0, aft = 150
task 2 : ast = 150, aft = 300
task 4 : ast = 300, aft = 450
task 3 : ast = 450, aft = 600
task 5 : ast = 600, aft = 750
task 6 : ast = 750, aft = 900
task 7 : ast = 900, aft = 1050
task 8 : ast = 1050, aft = 1200
task 10 : ast = 1200, aft = 1350
task 9 : ast = 1350, aft = 1500
task 11 : ast = 1500, aft = 1600
task 12 : ast = 1600, aft = 1700
task 13 : ast = 1700, aft = 1800
task 14 : ast = 1800, aft = 1900
node3:
node4:
node5:
node6:
makespan = 1900
{'simpledetector2': 'node2', 'simpledetector1': 'node2', 'simpledetector0': 'node2', 'globalfusion': 'node2', 'aggregate1': 'node2', 'aggregate0': 'node2', 'aggregate2': 'node2', 'localpro': 'node2', 'astutedetector1': 'node2', 'astutedetector0': 'node2', 'astutedetector2': 'node2', 'fusioncenter0': 'node2', 'fusioncenter1': 'node2', 'fusioncenter2': 'node2'}
 * Serving Flask app "master" (lazy loading)
 * Environment: production
   WARNING: Do not use the development server in a production environment.
   Use a production WSGI server instead.
 * Debug mode: off
 * Running on http://0.0.0.0:8888/ (Press CTRL+C to quit)
10.244.0.0 - - [13/Nov/2018 00:15:39] "GET / HTTP/1.1" 200 -
('Recieved request for current mapping. Current mappings done:', 14)
{'simpledetector2': 'node2', 'simpledetector1': 'node2', 'simpledetector0': 'node2', 'globalfusion': 'node2', 'aggregate1': 'node2', 'aggregate0': 'node2', 'aggregate2': 'node2', 'localpro': 'node2', 'astutedetector1': 'node2', 'astutedetector0': 'node2', 'astutedetector2': 'node2', 'fusioncenter0': 'node2', 'fusioncenter1': 'node2', 'fusioncenter2': 'node2'}
