 * Starting OpenBSD Secure Shell server sshd
   ...done.
-------------------------------------
Automatically generating HEFT input
-------------------------------------
Perform HEFT scheduling
read_input_heft.py:194: SyntaxWarning: name 'MONGO_SVC_PORT' is assigned to before global declaration
  global profiler_ip,exec_home_ip,num_nodes,MONGO_SVC_PORT,network_map,node_list, home_profiler_ip
('tasks: ', {'simpledetector2': ['fusioncenter2'], 'simpledetector1': ['fusioncenter1'], 'simpledetector0': ['fusioncenter0'], 'globalfusion': [], 'aggregate1': ['simpledetector1', 'astutedetector1'], 'aggregate0': ['simpledetector0', 'astutedetector0'], 'aggregate2': ['simpledetector2', 'astutedetector2'], 'localpro': ['aggregate0', 'aggregate1', 'aggregate2'], 'astutedetector1': ['fusioncenter1'], 'astutedetector0': ['fusioncenter0'], 'astutedetector2': ['fusioncenter2'], 'fusioncenter0': ['globalfusion'], 'fusioncenter1': ['globalfusion'], 'fusioncenter2': ['globalfusion']})
('task order', ['localpro', 'aggregate0', 'aggregate1', 'aggregate2', 'simpledetector0', 'simpledetector1', 'simpledetector2', 'astutedetector0', 'astutedetector1', 'astutedetector2', 'fusioncenter0', 'fusioncenter1', 'fusioncenter2', 'globalfusion'])
('super tasks', [])
('non tasks', [])
No input TGFF file found!
---------------------------------------------

 Read task list from DAG file, Non-DAG info and global information 

tasks:  {'simpledetector2': ['fusioncenter2'], 'simpledetector1': ['fusioncenter1'], 'fusioncenter1': ['globalfusion'], 'astutedetector0': ['fusioncenter0'], 'aggregate2': ['simpledetector2', 'astutedetector2'], 'globalfusion': [], 'fusioncenter0': ['globalfusion'], 'aggregate0': ['simpledetector0', 'astutedetector0'], 'astutedetector2': ['fusioncenter2'], 'simpledetector0': ['fusioncenter0'], 'aggregate1': ['simpledetector1', 'astutedetector1'], 'fusioncenter2': ['globalfusion'], 'astutedetector1': ['fusioncenter1'], 'localpro': ['aggregate0', 'aggregate1', 'aggregate2']}
task order ['localpro', 'aggregate0', 'aggregate1', 'aggregate2', 'simpledetector0', 'simpledetector1', 'simpledetector2', 'astutedetector0', 'astutedetector1', 'astutedetector2', 'fusioncenter0', 'fusioncenter1', 'fusioncenter2', 'globalfusion']
super tasks []
---------------------------------------------

 Create input HEFT file 

No available profiling information
---------------------------------------------

 Step 1: Read task list from DAG file and global information 

5
[['node2', '10.110.22.125'], ['node3', '10.100.135.138'], ['node4', '10.105.17.239'], ['node5', '10.108.202.177'], ['node6', '10.101.235.45']]
10.105.80.122
Num nodes :5
{'10.101.235.45': 'node6', '10.110.22.125': 'node2', '10.100.135.138': 'node3', '10.108.202.177': 'node5', '10.105.17.239': 'node4'}
['node2', 'node3', 'node4', 'node5', 'node6']
------------------------------------------------------------

 Step 2: Read network profiler information : 

------------------------------------------------------------

 Step 3: Read execution Profiler Information : 

[['node2', '10.110.22.125'], ['node3', '10.100.135.138'], ['node4', '10.105.17.239'], ['node5', '10.108.202.177'], ['node6', '10.101.235.45']]
Check Network Profiler IP: node2-10.110.22.125
Database(MongoClient(host=['10.105.80.122:6200'], document_class=dict, tz_aware=False, connect=True), 'execution_profiler')
Current number of updated execution profilers:
6
--- Check execution profiler ID : home
--- Check execution profiler ID : node3
--- Check execution profiler ID : node5
--- Check execution profiler ID : node2
--- Check execution profiler ID : node4
--- Check execution profiler ID : node6
Execution information has already been provided
No available profiling information
No input TGFF file found!
No available profiling information
--- Number of neighbors: 5
Check Network Profiler IP: node3-10.100.135.138
--- Number of neighbors: 5
Check Network Profiler IP: node4-10.105.17.239
--- Number of neighbors: 5
Check Network Profiler IP: node5-10.108.202.177
--- Number of neighbors: 5
Check Network Profiler IP: node6-10.101.235.45
--- Number of neighbors: 5
Network information has already been provided
No input TGFF file found!
['home', 'localpro', '15', '986.736']
['home', 'aggregate0', '15', '701.92']
['home', 'aggregate1', '15', '127.048']
['home', 'aggregate2', '15', '157.768']
['home', 'simpledetector0', '15', '7.616']
['home', 'simpledetector1', '15', '7.616']
['home', 'simpledetector2', '15', '7.168']
['home', 'astutedetector0', '15', '4.152']
['home', 'astutedetector1', '15', '3.48']
['home', 'astutedetector2', '15', '4.728']
['home', 'fusioncenter0', '10', '0.984']
['home', 'fusioncenter1', '10', '0.44']
['home', 'fusioncenter2', '10', '0.792']
['home', 'globalfusion', '10', '1.336']
['localpro', 'aggregate0', 'aggregate1', 'aggregate2', 'simpledetector0', 'simpledetector1', 'simpledetector2', 'astutedetector0', 'astutedetector1', 'astutedetector2', 'fusioncenter0', 'fusioncenter1', 'fusioncenter2', 'globalfusion']
{'simpledetector2': 't0_6', 'simpledetector1': 't0_5', 'fusioncenter1': 't0_11', 'astutedetector0': 't0_7', 'aggregate2': 't0_3', 'globalfusion': 't0_13', 'fusioncenter0': 't0_10', 'aggregate0': 't0_1', 'astutedetector2': 't0_9', 'simpledetector0': 't0_4', 'aggregate1': 't0_2', 'fusioncenter2': 't0_12', 'astutedetector1': 't0_8', 'localpro': 't0_0'}
{'simpledetector2': 6, 'simpledetector1': 5, 'fusioncenter1': 11, 'astutedetector0': 7, 'aggregate2': 3, 'globalfusion': 13, 'fusioncenter0': 10, 'aggregate0': 1, 'astutedetector2': 9, 'simpledetector0': 4, 'aggregate1': 2, 'fusioncenter2': 12, 'astutedetector1': 8, 'localpro': 0}
{'simpledetector2': '7.168', 'simpledetector1': '7.616', 'fusioncenter1': '0.44', 'astutedetector0': '4.152', 'aggregate2': '157.768', 'globalfusion': '1.312', 'fusioncenter0': '0.984', 'aggregate0': '701.92', 'astutedetector2': '4.704', 'simpledetector0': '7.616', 'aggregate1': '127.048', 'fusioncenter2': '0.768', 'astutedetector1': '3.48', 'localpro': '986.736'}
[[150, 150, 150, 150, 150], [150, 150, 150, 150, 150], [150, 150, 150, 150, 150], [150, 150, 150, 150, 150], [150, 150, 150, 150, 150], [150, 150, 150, 150, 150], [150, 150, 150, 150, 150], [150, 150, 150, 150, 150], [150, 150, 150, 150, 150], [150, 150, 150, 150, 150], [100, 100, 100, 100, 100], [100, 100, 100, 100, 100], [100, 100, 100, 100, 100], [100, 100, 100, 100, 100]]
	TASK localpro	TYPE 0 

	TASK aggregate0	TYPE 1 

	TASK aggregate1	TYPE 2 

	TASK aggregate2	TYPE 3 

	TASK simpledetector0	TYPE 4 

	TASK simpledetector1	TYPE 5 

	TASK simpledetector2	TYPE 6 

	TASK astutedetector0	TYPE 7 

	TASK astutedetector1	TYPE 8 

	TASK astutedetector2	TYPE 9 

	TASK fusioncenter0	TYPE 10 

	TASK fusioncenter1	TYPE 11 

	TASK fusioncenter2	TYPE 12 

	TASK globalfusion	TYPE 13 

task_names: ['localpro', 'aggregate0', 'aggregate1', 'aggregate2', 'simpledetector0', 'simpledetector1', 'simpledetector2', 'astutedetector0', 'astutedetector1', 'astutedetector2', 'fusioncenter0', 'fusioncenter1', 'fusioncenter2', 'globalfusion']
==================
Checking the written information
14
[<map object at 0x7fc400293780>, <map object at 0x7fc400293908>, <map object at 0x7fc400293a90>, <map object at 0x7fc400293c18>, <map object at 0x7fc400293da0>, <map object at 0x7fc400293f28>, <map object at 0x7fc4002960f0>, <map object at 0x7fc400296278>, <map object at 0x7fc400296400>, <map object at 0x7fc400296588>, <map object at 0x7fc400296748>, <map object at 0x7fc400296908>, <map object at 0x7fc400296ac8>, <map object at 0x7fc400296c88>]
[[0, 1, 1, 1, 1], [1, 0, 1, 1, 1], [1, 1, 0, 1, 1], [1, 1, 1, 0, 1], [1, 1, 1, 1, 0]]
[[-1, 986, 986, 986, -1, -1, -1, -1, -1, -1, -1, -1, -1, -1], [-1, -1, -1, -1, 701, -1, -1, 701, -1, -1, -1, -1, -1, -1], [-1, -1, -1, -1, -1, 127, -1, -1, 127, -1, -1, -1, -1, -1], [-1, -1, -1, -1, -1, -1, 157, -1, -1, 157, -1, -1, -1, -1], [-1, -1, -1, -1, -1, -1, -1, -1, -1, -1, 7, -1, -1, -1], [-1, -1, -1, -1, -1, -1, -1, -1, -1, -1, -1, 7, -1, -1], [-1, -1, -1, -1, -1, -1, -1, -1, -1, -1, -1, -1, 7, -1], [-1, -1, -1, -1, -1, -1, -1, -1, -1, -1, 4, -1, -1, -1], [-1, -1, -1, -1, -1, -1, -1, -1, -1, -1, -1, 3, -1, -1], [-1, -1, -1, -1, -1, -1, -1, -1, -1, -1, -1, -1, 4, -1], [-1, -1, -1, -1, -1, -1, -1, -1, -1, -1, -1, -1, -1, 0], [-1, -1, -1, -1, -1, -1, -1, -1, -1, -1, -1, -1, -1, 0], [-1, -1, -1, -1, -1, -1, -1, -1, -1, -1, -1, -1, -1, 0], [-1, -1, -1, -1, -1, -1, -1, -1, -1, -1, -1, -1, -1, -1]]
[[(0, 0, 0), (-1.0426399289219187e-06, 0.10255194425117851, 2419.3016722360726), (-7.351432559818395e-07, 0.08839229854113274, 2924.811777021219), (-1.0427787148676526e-06, 0.1010940428588114, 2227.8294212812093), (-6.318113324656253e-07, 0.061949498018100575, 1391.3067951832736)], [(-8.595897992380728e-07, 0.09285269382135404, 2496.3256221410456), (0, 0, 0), (-1.0161023350860274e-06, 0.10620262687187558, 2593.6283693034575), (-2.6979515059897295e-08, 0.0043738265485514845, 296.25794093388), (-7.823171613902368e-07, 0.07671090048317612, 1477.2281797966234)], [(-1.0248891453398892e-06, 0.12056996427686921, 2681.2139439936527), (-1.0314181443898744e-06, 0.12013273012397589, 2409.1661501113645), (0, 0, 0), (-9.85320707629378e-07, 0.11335547298389352, 2368.1096020939945), (-1.3959775343691286e-06, 0.17100049228009417, 3695.40709204016)], [(-1.0703956618412183e-06, 0.10412850480987955, 2185.158030507351), (-4.7316443991849387e-08, 0.006710215600374144, 272.99927857377503), (-6.48475033002809e-05, 0.6362901156095901, 2254.606158122052), (0, 0, 0), (-4.5841031468142807e-07, 0.055770276224298566, 1367.5939352299094)], [(-5.521596057750062e-07, 0.058766756770776585, 1362.4408741644202), (-6.91701010034208e-07, 0.06697820853479532, 1534.3515466329532), (-1.4666304342635273e-06, 0.17393265683738304, 3746.6294392006157), (-3.421667268852247e-06, 0.2852317586083991, 1294.929816806043), (0, 0, 0)]]
	TASK localpro	TYPE 0 

	TASK aggregate0	TYPE 1 

	TASK aggregate1	TYPE 2 

	TASK aggregate2	TYPE 3 

	TASK simpledetector0	TYPE 4 

	TASK simpledetector1	TYPE 5 

	TASK simpledetector2	TYPE 6 

	TASK astutedetector0	TYPE 7 

	TASK astutedetector1	TYPE 8 

	TASK astutedetector2	TYPE 9 

	TASK fusioncenter0	TYPE 10 

	TASK fusioncenter1	TYPE 11 

	TASK fusioncenter2	TYPE 12 

	TASK globalfusion	TYPE 13 

('task_names:', ['localpro', 'aggregate0', 'aggregate1', 'aggregate2', 'simpledetector0', 'simpledetector1', 'simpledetector2', 'astutedetector0', 'astutedetector1', 'astutedetector2', 'fusioncenter0', 'fusioncenter1', 'fusioncenter2', 'globalfusion'])
==================
(0, 1)
(1, 1)
(2, 1)
(3, 1)
(4, 1)
(0, 3)
(1, 3)
(2, 3)
(3, 3)
(4, 3)
(0, 2)
(1, 2)
(2, 2)
(3, 2)
(4, 2)
(0, 4)
(1, 4)
(2, 4)
(3, 4)
(4, 4)
(0, 5)
(1, 5)
(2, 5)
(3, 5)
(4, 5)
(0, 6)
(1, 6)
(2, 6)
(3, 6)
(4, 6)
(0, 7)
(1, 7)
(2, 7)
(3, 7)
(4, 7)
(0, 9)
(1, 9)
(2, 9)
(3, 9)
(4, 9)
(0, 8)
(1, 8)
(2, 8)
(3, 8)
(4, 8)
(0, 10)
(1, 10)
(2, 10)
(3, 10)
(4, 10)
(0, 11)
(1, 11)
(2, 11)
(3, 11)
(4, 11)
(0, 12)
(1, 12)
(2, 12)
(3, 12)
(4, 12)
(0, 13)
(1, 13)
(2, 13)
(3, 13)
(4, 13)
Assign random master and slaves
task 0 : up_rank = 9059.505905, down_rank = 0.000000
task 1 : up_rank = 6738.015239, down_rank = 2321.490666
task 3 : up_rank = 6670.677048, down_rank = 2321.490666
task 2 : up_rank = 6666.891969, down_rank = 2321.490666
task 4 : up_rank = 4450.820809, down_rank = 4608.685096
task 5 : up_rank = 4450.820809, down_rank = 4537.561825
task 6 : up_rank = 4450.820809, down_rank = 4541.346904
task 7 : up_rank = 4450.438897, down_rank = 4608.685096
task 9 : up_rank = 4450.438897, down_rank = 4541.346904
task 8 : up_rank = 4450.311576, down_rank = 4537.561825
task 10 : up_rank = 2249.964782, down_rank = 6809.541122
task 11 : up_rank = 2249.964782, down_rank = 6738.417852
task 12 : up_rank = 2249.964782, down_rank = 6742.202931
task 13 : up_rank = 100.000000, down_rank = 8959.505905
node2:
task 1 : ast = 0, aft = 150
task 2 : ast = 150, aft = 300
task 4 : ast = 300, aft = 450
task 3 : ast = 450, aft = 600
task 5 : ast = 600, aft = 750
task 6 : ast = 750, aft = 900
task 7 : ast = 900, aft = 1050
task 8 : ast = 1050, aft = 1200
task 10 : ast = 1200, aft = 1350
task 9 : ast = 1350, aft = 1500
task 11 : ast = 1500, aft = 1600
task 12 : ast = 1600, aft = 1700
task 13 : ast = 1700, aft = 1800
task 14 : ast = 1800, aft = 1900
node3:
node4:
node5:
node6:
makespan = 1900
{'simpledetector2': 'node2', 'simpledetector1': 'node2', 'simpledetector0': 'node2', 'globalfusion': 'node2', 'aggregate1': 'node2', 'aggregate0': 'node2', 'aggregate2': 'node2', 'localpro': 'node2', 'astutedetector1': 'node2', 'astutedetector0': 'node2', 'astutedetector2': 'node2', 'fusioncenter0': 'node2', 'fusioncenter1': 'node2', 'fusioncenter2': 'node2'}
 * Serving Flask app "master" (lazy loading)
 * Environment: production
   WARNING: Do not use the development server in a production environment.
   Use a production WSGI server instead.
 * Debug mode: off
 * Running on http://0.0.0.0:8888/ (Press CTRL+C to quit)
('Recieved request for current mapping. Current mappings done:', 14)
{'simpledetector2': 'node2', 'simpledetector1': 'node2', 'simpledetector0': 'node2', 'globalfusion': 'node2', 'aggregate1': 'node2', 'aggregate0': 'node2', 'aggregate2': 'node2', 'localpro': 'node2', 'astutedetector1': 'node2', 'astutedetector0': 'node2', 'astutedetector2': 'node2', 'fusioncenter0': 'node2', 'fusioncenter1': 'node2', 'fusioncenter2': 'node2'}
10.244.0.0 - - [14/Nov/2018 00:38:21] "GET / HTTP/1.1" 200 -
