 * Starting OpenBSD Secure Shell server sshd
   ...done.
-------------------------------------
Automatically generating HEFT input
-------------------------------------
Perform HEFT scheduling
read_input_heft.py:194: SyntaxWarning: name 'MONGO_SVC_PORT' is assigned to before global declaration
  global profiler_ip,exec_home_ip,num_nodes,MONGO_SVC_PORT,network_map,node_list, home_profiler_ip
('tasks: ', {'simpledetector2': ['fusioncenter2'], 'simpledetector1': ['fusioncenter1'], 'simpledetector0': ['fusioncenter0'], 'globalfusion': [], 'aggregate1': ['simpledetector1', 'astutedetector1'], 'aggregate0': ['simpledetector0', 'astutedetector0'], 'aggregate2': ['simpledetector2', 'astutedetector2'], 'localpro': ['aggregate0', 'aggregate1', 'aggregate2'], 'astutedetector1': ['fusioncenter1'], 'astutedetector0': ['fusioncenter0'], 'astutedetector2': ['fusioncenter2'], 'fusioncenter0': ['globalfusion'], 'fusioncenter1': ['globalfusion'], 'fusioncenter2': ['globalfusion']})
('task order', ['localpro', 'aggregate0', 'aggregate1', 'aggregate2', 'simpledetector0', 'simpledetector1', 'simpledetector2', 'astutedetector0', 'astutedetector1', 'astutedetector2', 'fusioncenter0', 'fusioncenter1', 'fusioncenter2', 'globalfusion'])
('super tasks', [])
('non tasks', [])
No input TGFF file found!
---------------------------------------------

 Read task list from DAG file, Non-DAG info and global information 

tasks:  {'aggregate0': ['simpledetector0', 'astutedetector0'], 'fusioncenter1': ['globalfusion'], 'simpledetector1': ['fusioncenter1'], 'simpledetector2': ['fusioncenter2'], 'aggregate1': ['simpledetector1', 'astutedetector1'], 'astutedetector2': ['fusioncenter2'], 'aggregate2': ['simpledetector2', 'astutedetector2'], 'globalfusion': [], 'fusioncenter2': ['globalfusion'], 'astutedetector0': ['fusioncenter0'], 'simpledetector0': ['fusioncenter0'], 'fusioncenter0': ['globalfusion'], 'localpro': ['aggregate0', 'aggregate1', 'aggregate2'], 'astutedetector1': ['fusioncenter1']}
---------------------------------------------
task order ['localpro', 'aggregate0', 'aggregate1', 'aggregate2', 'simpledetector0', 'simpledetector1', 'simpledetector2', 'astutedetector0', 'astutedetector1', 'astutedetector2', 'fusioncenter0', 'fusioncenter1', 'fusioncenter2', 'globalfusion']
super tasks []
---------------------------------------------

 Step 1: Read task list from DAG file and global information 

 Create input HEFT file 


5
[['home2', '10.100.170.186'], ['node3', '10.97.24.109'], ['node4', '10.109.100.50'], ['node5', '10.96.92.120'], ['node6', '10.111.51.217']]
No available profiling information
10.108.72.47
Num nodes :5
{'10.111.51.217': 'node6', '10.100.170.186': 'home2', '10.96.92.120': 'node5', '10.97.24.109': 'node3', '10.109.100.50': 'node4'}
['home2', 'node3', 'node4', 'node5', 'node6']
------------------------------------------------------------

 Step 2: Read network profiler information : 

------------------------------------------------------------

 Step 3: Read execution Profiler Information : 

[['home2', '10.100.170.186'], ['node3', '10.97.24.109'], ['node4', '10.109.100.50'], ['node5', '10.96.92.120'], ['node6', '10.111.51.217']]
Check Network Profiler IP: home2-10.100.170.186
Database(MongoClient(host=['10.108.72.47:6200'], document_class=dict, tz_aware=False, connect=True), 'execution_profiler')
--- Number of neighbors: 5
Check Network Profiler IP: node3-10.97.24.109
Current number of updated execution profilers:
6
--- Check execution profiler ID : home
--- Number of neighbors: 5
--- Check execution profiler ID : home2
--- Check execution profiler ID : node3
Check Network Profiler IP: node4-10.109.100.50
--- Check execution profiler ID : node4
--- Check execution profiler ID : node6
--- Check execution profiler ID : node5
Execution information has already been provided
--- Number of neighbors: 5
Check Network Profiler IP: node5-10.96.92.120
--- Number of neighbors: 5
Check Network Profiler IP: node6-10.111.51.217
--- Number of neighbors: 5
Network information has already been provided
['home', 'localpro', '15', '986.736']
['home', 'aggregate0', '15', '701.92']
['home', 'aggregate1', '15', '127.048']
['home', 'aggregate2', '15', '157.768']
['home', 'simpledetector0', '15', '7.616']
['home', 'simpledetector1', '15', '7.616']
['home', 'simpledetector2', '15', '7.168']
['home', 'astutedetector0', '15', '4.152']
['home', 'astutedetector1', '15', '3.48']
['home', 'astutedetector2', '15', '4.704']
['home', 'fusioncenter0', '10', '0.984']
['home', 'fusioncenter1', '10', '0.44']
['home', 'fusioncenter2', '10', '0.768']
['home', 'globalfusion', '10', '1.312']
['localpro', 'aggregate0', 'aggregate1', 'aggregate2', 'simpledetector0', 'simpledetector1', 'simpledetector2', 'astutedetector0', 'astutedetector1', 'astutedetector2', 'fusioncenter0', 'fusioncenter1', 'fusioncenter2', 'globalfusion']
{'aggregate0': 't0_1', 'fusioncenter1': 't0_11', 'simpledetector1': 't0_5', 'simpledetector2': 't0_6', 'aggregate1': 't0_2', 'astutedetector2': 't0_9', 'aggregate2': 't0_3', 'globalfusion': 't0_13', 'fusioncenter2': 't0_12', 'astutedetector0': 't0_7', 'simpledetector0': 't0_4', 'fusioncenter0': 't0_10', 'localpro': 't0_0', 'astutedetector1': 't0_8'}
{'aggregate0': 1, 'fusioncenter1': 11, 'simpledetector1': 5, 'simpledetector2': 6, 'aggregate1': 2, 'astutedetector2': 9, 'aggregate2': 3, 'globalfusion': 13, 'fusioncenter2': 12, 'astutedetector0': 7, 'simpledetector0': 4, 'fusioncenter0': 10, 'localpro': 0, 'astutedetector1': 8}
{'aggregate0': '701.92', 'fusioncenter1': '0.44', 'simpledetector1': '7.616', 'simpledetector2': '7.168', 'aggregate1': '127.048', 'astutedetector2': '4.728', 'aggregate2': '157.768', 'globalfusion': '1.336', 'fusioncenter2': '0.792', 'astutedetector0': '4.152', 'simpledetector0': '7.616', 'fusioncenter0': '0.984', 'localpro': '986.736', 'astutedetector1': '3.48'}
[[150, 150, 150, 150, 150], [150, 150, 150, 150, 150], [150, 150, 150, 150, 150], [150, 150, 150, 150, 150], [150, 150, 150, 150, 150], [150, 150, 150, 150, 150], [150, 150, 150, 150, 150], [150, 150, 150, 150, 150], [150, 150, 150, 150, 150], [150, 150, 150, 150, 150], [100, 100, 100, 100, 100], [100, 100, 100, 100, 100], [100, 100, 100, 100, 100], [100, 100, 100, 100, 100]]
	TASK localpro	TYPE 0 

	TASK aggregate0	TYPE 1 

	TASK aggregate1	TYPE 2 

	TASK aggregate2	TYPE 3 

	TASK simpledetector0	TYPE 4 

	TASK simpledetector1	TYPE 5 

	TASK simpledetector2	TYPE 6 

	TASK astutedetector0	TYPE 7 

	TASK astutedetector1	TYPE 8 

	TASK astutedetector2	TYPE 9 

	TASK fusioncenter0	TYPE 10 

	TASK fusioncenter1	TYPE 11 

	TASK fusioncenter2	TYPE 12 

	TASK globalfusion	TYPE 13 

task_names: ['localpro', 'aggregate0', 'aggregate1', 'aggregate2', 'simpledetector0', 'simpledetector1', 'simpledetector2', 'astutedetector0', 'astutedetector1', 'astutedetector2', 'fusioncenter0', 'fusioncenter1', 'fusioncenter2', 'globalfusion']
==================
Checking the written information
14
[<map object at 0x7fbb95066780>, <map object at 0x7fbb95066978>, <map object at 0x7fbb95066b00>, <map object at 0x7fbb95066c88>, <map object at 0x7fbb95066e10>, <map object at 0x7fbb95066f98>, <map object at 0x7fbb95069160>, <map object at 0x7fbb950692e8>, <map object at 0x7fbb95069470>, <map object at 0x7fbb950695f8>, <map object at 0x7fbb950697b8>, <map object at 0x7fbb95069978>, <map object at 0x7fbb95069b38>, <map object at 0x7fbb95069cf8>]
[[0, 1, 1, 1, 1], [1, 0, 1, 1, 1], [1, 1, 0, 1, 1], [1, 1, 1, 0, 1], [1, 1, 1, 1, 0]]
[[-1, 986, 986, 986, -1, -1, -1, -1, -1, -1, -1, -1, -1, -1], [-1, -1, -1, -1, 701, -1, -1, 701, -1, -1, -1, -1, -1, -1], [-1, -1, -1, -1, -1, 127, -1, -1, 127, -1, -1, -1, -1, -1], [-1, -1, -1, -1, -1, -1, 157, -1, -1, 157, -1, -1, -1, -1], [-1, -1, -1, -1, -1, -1, -1, -1, -1, -1, 7, -1, -1, -1], [-1, -1, -1, -1, -1, -1, -1, -1, -1, -1, -1, 7, -1, -1], [-1, -1, -1, -1, -1, -1, -1, -1, -1, -1, -1, -1, 7, -1], [-1, -1, -1, -1, -1, -1, -1, -1, -1, -1, 4, -1, -1, -1], [-1, -1, -1, -1, -1, -1, -1, -1, -1, -1, -1, 3, -1, -1], [-1, -1, -1, -1, -1, -1, -1, -1, -1, -1, -1, -1, 4, -1], [-1, -1, -1, -1, -1, -1, -1, -1, -1, -1, -1, -1, -1, 0], [-1, -1, -1, -1, -1, -1, -1, -1, -1, -1, -1, -1, -1, 0], [-1, -1, -1, -1, -1, -1, -1, -1, -1, -1, -1, -1, -1, 0], [-1, -1, -1, -1, -1, -1, -1, -1, -1, -1, -1, -1, -1, -1]]
[[(0, 0, 0), (-3.919717525935478e-06, 0.32511057892200207, 1263.345888584138), (-1.5112468491531453e-06, 0.15098257411929045, 4202.970326566447), (-3.157590619492385e-06, 0.26257957319053093, 1122.2140407795182), (-8.49731409547697e-08, 0.009515225158016744, 362.6106707904716)], [(-5.693696014733171e-07, 0.05662485695556144, 1347.76103085797), (0, 0, 0), (-1.155123870324254e-06, 0.11304017324333578, 2519.899462639038), (-2.2813123642707173e-06, 0.024575374880278878, 281.3956239473254), (-4.010493628689722e-05, 0.38884386039490976, 1454.006351985228)], [(1.9559118763771364e-06, 0.1503074379124022, 3868.865271681309), (-1.3452309539081201e-06, 0.12912509234776362, 2349.469466952719), (0, 0, 0), (-1.2783198870559359e-06, 0.12329848985120731, 2263.3697178566053), (-1.8648450262899732e-06, 0.1780611946678418, 3692.1368264694775)], [(-5.289668601266483e-07, 0.0513538051213786, 1181.6849197926565), (-5.442131633917509e-08, 0.006483520282291847, 286.28146865403926), (-1.2937375985277685e-06, 0.12445459347025366, 2264.887394094214), (0, 0, 0), (-6.170672167401014e-07, 0.059934142537272576, 1373.8455452645296)], [(-5.116700659846643e-07, 0.043779672225123925, 351.31455123327237), (-7.258130511708731e-07, 0.07188893703006734, 1499.906896645107), (-2.1153636104502315e-06, 0.2027661571561734, 3743.4652987733803), (-5.329433977244538e-07, 0.0531968188296108, 1367.0259725720796), (0, 0, 0)]]
	TASK localpro	TYPE 0 

	TASK aggregate0	TYPE 1 

	TASK aggregate1	TYPE 2 

	TASK aggregate2	TYPE 3 

	TASK simpledetector0	TYPE 4 

	TASK simpledetector1	TYPE 5 

	TASK simpledetector2	TYPE 6 

	TASK astutedetector0	TYPE 7 

	TASK astutedetector1	TYPE 8 

	TASK astutedetector2	TYPE 9 

	TASK fusioncenter0	TYPE 10 

	TASK fusioncenter1	TYPE 11 

	TASK fusioncenter2	TYPE 12 

	TASK globalfusion	TYPE 13 

('task_names:', ['localpro', 'aggregate0', 'aggregate1', 'aggregate2', 'simpledetector0', 'simpledetector1', 'simpledetector2', 'astutedetector0', 'astutedetector1', 'astutedetector2', 'fusioncenter0', 'fusioncenter1', 'fusioncenter2', 'globalfusion'])
==================
(0, 1)
(1, 1)
(2, 1)
(3, 1)
(4, 1)
(0, 3)
(1, 3)
(2, 3)
(3, 3)
(4, 3)
(0, 2)
(1, 2)
(2, 2)
(3, 2)
(4, 2)
(0, 4)
(1, 4)
(2, 4)
(3, 4)
(4, 4)
(0, 5)
(1, 5)
(2, 5)
(3, 5)
(4, 5)
(0, 6)
(1, 6)
(2, 6)
(3, 6)
(4, 6)
(0, 7)
(1, 7)
(2, 7)
(3, 7)
(4, 7)
(0, 9)
(1, 9)
(2, 9)
(3, 9)
(4, 9)
(0, 8)
(1, 8)
(2, 8)
(3, 8)
(4, 8)
(0, 10)
(1, 10)
(2, 10)
(3, 10)
(4, 10)
(0, 11)
(1, 11)
(2, 11)
(3, 11)
(4, 11)
(0, 12)
(1, 12)
(2, 12)
(3, 12)
(4, 12)
(0, 13)
(1, 13)
(2, 13)
(3, 13)
(4, 13)
task 3 dup on node5
Assign random master and slaves
task 0 : up_rank = 8218.721836, down_rank = 0.000000
task 1 : up_rank = 6107.370107, down_rank = 2111.351729
task 3 : up_rank = 6040.104881, down_rank = 2111.351729
task 2 : up_rank = 6036.342280, down_rank = 2111.351729
task 4 : up_rank = 4030.529594, down_rank = 4188.192242
task 5 : up_rank = 4030.529594, down_rank = 4117.164415
task 6 : up_rank = 4030.529594, down_rank = 4120.927015
task 7 : up_rank = 4030.150808, down_rank = 4188.192242
task 9 : up_rank = 4030.150808, down_rank = 4120.927015
task 8 : up_rank = 4030.024533, down_rank = 4117.164415
task 10 : up_rank = 2039.822836, down_rank = 6178.899000
task 11 : up_rank = 2039.822836, down_rank = 6107.871173
task 12 : up_rank = 2039.822836, down_rank = 6111.633773
task 13 : up_rank = 100.000000, down_rank = 8118.721836
home2:
task 1 : ast = 0, aft = 150
task 2 : ast = 150, aft = 300
task 4 : ast = 300, aft = 450
task 3 : ast = 450, aft = 600
task 5 : ast = 600, aft = 750
task 6 : ast = 750, aft = 900
task 8 : ast = 900, aft = 1050
task 9 : ast = 1050, aft = 1200
task 11 : ast = 1200, aft = 1300
task 12 : ast = 1300, aft = 1400
task 14 : ast = 1423, aft = 1523
node3:
node4:
node5:
node6:
task 7 : ast = 671, aft = 821
task 10 : ast = 821, aft = 971
task 13 : ast = 971, aft = 1071
redundant task 4 on node6
makespan = 1523
{'globalfusion': 'home2', 'simpledetector1': 'home2', 'simpledetector0': 'home2', 'simpledetector2': 'node6', 'aggregate1': 'home2', 'aggregate0': 'home2', 'aggregate2': 'home2', 'localpro': 'home2', 'astutedetector1': 'home2', 'astutedetector0': 'home2', 'astutedetector2': 'node6', 'fusioncenter0': 'home2', 'fusioncenter1': 'home2', 'fusioncenter2': 'node6'}
 * Serving Flask app "master" (lazy loading)
 * Environment: production
   WARNING: Do not use the development server in a production environment.
   Use a production WSGI server instead.
 * Debug mode: off
 * Running on http://0.0.0.0:8888/ (Press CTRL+C to quit)
('Recieved request for current mapping. Current mappings done:', 14)
10.244.0.0 - - [23/Nov/2018 08:00:49] "GET / HTTP/1.1" 200 -
{'globalfusion': 'home2', 'simpledetector1': 'home2', 'simpledetector0': 'home2', 'simpledetector2': 'node6', 'aggregate1': 'home2', 'aggregate0': 'home2', 'aggregate2': 'home2', 'localpro': 'home2', 'astutedetector1': 'home2', 'astutedetector0': 'home2', 'astutedetector2': 'node6', 'fusioncenter0': 'home2', 'fusioncenter1': 'home2', 'fusioncenter2': 'node6'}
