 * Starting OpenBSD Secure Shell server sshd
   ...done.
Installing and starting mongodb
Start MongoDB.
about to fork child process, waiting until server is ready for connections.
forked process: 32
child process started successfully, parent exiting
Starting the scheduler
TASK1:  localpro
DAG:  {'astutedetector2': ['1', 'true', 'fusioncenter2'], 'fusioncenter1': ['2', 'true', 'globalfusion'], 'astutedetector1': ['1', 'true', 'fusioncenter1'], 'aggregate0': ['1', 'true', 'simpledetector0', 'astutedetector0'], 'fusioncenter0': ['2', 'true', 'globalfusion'], 'simpledetector0': ['1', 'true', 'fusioncenter0'], 'astutedetector0': ['1', 'true', 'fusioncenter0'], 'aggregate1': ['1', 'true', 'simpledetector1', 'astutedetector1'], 'simpledetector2': ['1', 'true', 'fusioncenter2'], 'aggregate2': ['1', 'true', 'simpledetector2', 'astutedetector2'], 'localpro': ['1', 'false', 'aggregate0', 'aggregate1', 'aggregate2'], 'simpledetector1': ['1', 'true', 'fusioncenter1'], 'fusioncenter2': ['2', 'true', 'globalfusion'], 'globalfusion': ['3', 'true', 'home']}
HOSTS:  {'home': ['home', 'ubuntu-2gb-nyc2-01-fra1', 'root', 'PASSWORD']}
Starting the output monitoring system:
Flask server started
 * Serving Flask app "scheduler" (lazy loading)
 * Environment: production
   WARNING: Do not use the development server in a production environment.
   Use a production WSGI server instead.
 * Debug mode: off
 * Running on http://0.0.0.0:8888/ (Press CTRL+C to quit)
Recieved request for number of output files. Current done: 0
10.244.0.0 - - [12/Dec/2018 22:59:11] "GET / HTTP/1.1" 200 -
Start copying sample files for evaluation
---- Generate random input files
---- Generate random input files
Received file as input - /input/1botnet.ipsum.
start time is:  [1544655553.6478949]
Transfer to IP: 10.97.112.117 , username: root , password: PASSWORD, source path: /input/1botnet.ipsum , destination path: /centralized_scheduler/input/1botnet.ipsum
10.97.112.117
Warning: Permanently added '[10.97.112.117]:5000' (ECDSA) to the list of known hosts.
data transfer complete

Received flask message: localpro rt_enter 1botnet 1544655554.3185058
10.244.4.64 - - [12/Dec/2018 22:59:14] "GET /recv_runtime_profile?work_node=localpro&msg=rt_enter+1botnet+1544655554.3185058 HTTP/1.1" 200 -
Received flask message: localpro rt_exec 1botnet 1544655554.3315558
10.244.4.64 - - [12/Dec/2018 22:59:14] "GET /recv_runtime_profile?work_node=localpro&msg=rt_exec+1botnet+1544655554.3315558 HTTP/1.1" 200 -
Received flask message: localpro rt_finish 1botnet 1544655569.3708751
----------------------------
Worker node: localpro
Input file : 1botnet
Total duration time:15.052369356155396
Waiting time:0.013050079345703125
localpro execution time:15.039319276809692
----------------------------
********************************************
Runtime profiling info:
Task_name  local_input_file Enter_time Execute_time Finish_time Elapse_time Duration_time Waiting_time 

localpro   1botnet    1544655554.3185058 1544655554.3315558 1544655569.3708751 15.052369356155396 15.039319276809692 0.013050079345703125

********************************************
10.244.4.64 - - [12/Dec/2018 22:59:29] "GET /recv_runtime_profile?work_node=localpro&msg=rt_finish+1botnet+1544655569.3708751 HTTP/1.1" 200 -
Received flask message: aggregate0 rt_enter 1split 1544655570.5167124
10.244.11.86 - - [12/Dec/2018 22:59:30] "GET /recv_runtime_profile?work_node=aggregate0&msg=rt_enter+1split+1544655570.5167124 HTTP/1.1" 200 -
Received flask message: aggregate0 rt_exec 1split 1544655570.5300953
10.244.11.86 - - [12/Dec/2018 22:59:30] "GET /recv_runtime_profile?work_node=aggregate0&msg=rt_exec+1split+1544655570.5300953 HTTP/1.1" 200 -
Received flask message: aggregate1 rt_enter 1split 1544655570.668514
10.244.19.93 - - [12/Dec/2018 22:59:30] "GET /recv_runtime_profile?msg=rt_enter+1split+1544655570.668514&work_node=aggregate1 HTTP/1.1" 200 -
10.244.19.93 - - [12/Dec/2018 22:59:30] "GET /recv_runtime_profile?msg=rt_exec+1split+1544655570.680642&work_node=aggregate1 HTTP/1.1" 200 -
Received flask message: aggregate1 rt_exec 1split 1544655570.680642
Received flask message: aggregate2 rt_enter 1split 1544655570.8422117
10.244.11.87 - - [12/Dec/2018 22:59:30] "GET /recv_runtime_profile?work_node=aggregate2&msg=rt_enter+1split+1544655570.8422117 HTTP/1.1" 200 -
Received flask message: aggregate2 rt_exec 1split 1544655570.8581984
10.244.11.87 - - [12/Dec/2018 22:59:30] "GET /recv_runtime_profile?work_node=aggregate2&msg=rt_exec+1split+1544655570.8581984 HTTP/1.1" 200 -
Received flask message: aggregate0 rt_finish 1split 1544655585.5534291
----------------------------
Worker node: aggregate0
Input file : 1split
Total duration time:15.03671669960022
Waiting time:0.013382911682128906
aggregate0 execution time:15.02333378791809
----------------------------
10.244.11.86 - - [12/Dec/2018 22:59:45] "GET /recv_runtime_profile?work_node=aggregate0&msg=rt_finish+1split+1544655585.5534291 HTTP/1.1" 200 -
********************************************
Runtime profiling info:
Task_name  local_input_file Enter_time Execute_time Finish_time Elapse_time Duration_time Waiting_time 

localpro   1botnet    1544655554.3185058 1544655554.3315558 1544655569.3708751 15.052369356155396 15.039319276809692 0.013050079345703125

aggregate0 1split     1544655570.5167124 1544655570.5300953 1544655585.5534291 15.03671669960022 15.02333378791809 0.013382911682128906

********************************************
Received flask message: aggregate1 rt_finish 1split 1544655585.703059
----------------------------
Worker node: aggregate1
Input file : 1split
Total duration time:15.034544944763184
Waiting time:0.012127876281738281
aggregate1 execution time:15.022417068481445
----------------------------
********************************************
Runtime profiling info:
Task_name  local_input_file Enter_time Execute_time Finish_time Elapse_time Duration_time Waiting_time 

localpro   1botnet    1544655554.3185058 1544655554.3315558 1544655569.3708751 15.052369356155396 15.039319276809692 0.013050079345703125

aggregate1 1split     1544655570.668514 1544655570.680642 1544655585.703059 15.034544944763184 15.022417068481445 0.012127876281738281

aggregate0 1split     1544655570.5167124 1544655570.5300953 1544655585.5534291 15.03671669960022 15.02333378791809 0.013382911682128906

********************************************
10.244.19.93 - - [12/Dec/2018 22:59:45] "GET /recv_runtime_profile?msg=rt_finish+1split+1544655585.703059&work_node=aggregate1 HTTP/1.1" 200 -
Received flask message: aggregate2 rt_finish 1split 1544655585.8859508
----------------------------
Worker node: aggregate2
Input file : 1split
Total duration time:15.043739080429077
Waiting time:0.01598668098449707
aggregate2 execution time:15.02775239944458
----------------------------
********************************************
Runtime profiling info:
Task_name  local_input_file Enter_time Execute_time Finish_time Elapse_time Duration_time Waiting_time 

localpro   1botnet    1544655554.3185058 1544655554.3315558 1544655569.3708751 15.052369356155396 15.039319276809692 0.013050079345703125

aggregate2 1split     1544655570.8422117 1544655570.8581984 1544655585.8859508 15.043739080429077 15.02775239944458 0.01598668098449707

aggregate1 1split     1544655570.668514 1544655570.680642 1544655585.703059 15.034544944763184 15.022417068481445 0.012127876281738281

aggregate0 1split     1544655570.5167124 1544655570.5300953 1544655585.5534291 15.03671669960022 15.02333378791809 0.013382911682128906

********************************************
10.244.11.87 - - [12/Dec/2018 22:59:45] "GET /recv_runtime_profile?work_node=aggregate2&msg=rt_finish+1split+1544655585.8859508 HTTP/1.1" 200 -
Received flask message: simpledetector0 rt_enter 1merged 1544655586.693993
10.244.4.66 - - [12/Dec/2018 22:59:46] "GET /recv_runtime_profile?msg=rt_enter+1merged+1544655586.693993&work_node=simpledetector0 HTTP/1.1" 200 -
Received flask message: simpledetector0 rt_exec 1merged 1544655586.7084258
10.244.4.66 - - [12/Dec/2018 22:59:46] "GET /recv_runtime_profile?msg=rt_exec+1merged+1544655586.7084258&work_node=simpledetector0 HTTP/1.1" 200 -
10.244.18.87 - - [12/Dec/2018 22:59:46] "GET /recv_runtime_profile?msg=rt_enter+1merged+1544655586.8463237&work_node=simpledetector1 HTTP/1.1" 200 -
10.244.18.87 - - [12/Dec/2018 22:59:46] "GET /recv_runtime_profile?msg=rt_exec+1merged+1544655586.858213&work_node=simpledetector1 HTTP/1.1" 200 -
Received flask message: simpledetector1 rt_enter 1merged 1544655586.8463237
Received flask message: simpledetector1 rt_exec 1merged 1544655586.858213
Received flask message: astutedetector1 rt_enter 1merged 1544655586.9865794
10.244.11.85 - - [12/Dec/2018 22:59:46] "GET /recv_runtime_profile?msg=rt_enter+1merged+1544655586.9865794&work_node=astutedetector1 HTTP/1.1" 200 -
10.244.11.85 - - [12/Dec/2018 22:59:46] "GET /recv_runtime_profile?msg=rt_exec+1merged+1544655586.995498&work_node=astutedetector1 HTTP/1.1" 200 -
10.244.21.54 - - [12/Dec/2018 22:59:46] "GET /recv_runtime_profile?msg=rt_enter+1merged+1544655586.963488&work_node=astutedetector0 HTTP/1.1" 200 -
Received flask message: astutedetector1 rt_exec 1merged 1544655586.995498
Received flask message: astutedetector0 rt_enter 1merged 1544655586.963488
Received flask message: astutedetector0 rt_exec 1merged 1544655587.004103
10.244.21.54 - - [12/Dec/2018 22:59:47] "GET /recv_runtime_profile?msg=rt_exec+1merged+1544655587.004103&work_node=astutedetector0 HTTP/1.1" 200 -
Received flask message: simpledetector2 rt_enter 1merged 1544655587.0258908
10.244.19.94 - - [12/Dec/2018 22:59:47] "GET /recv_runtime_profile?work_node=simpledetector2&msg=rt_enter+1merged+1544655587.0258908 HTTP/1.1" 200 -
Received flask message: simpledetector2 rt_exec 1merged 1544655587.036064
10.244.19.94 - - [12/Dec/2018 22:59:47] "GET /recv_runtime_profile?work_node=simpledetector2&msg=rt_exec+1merged+1544655587.036064 HTTP/1.1" 200 -
Received flask message: astutedetector2 rt_enter 1merged 1544655587.2028015
10.244.18.86 - - [12/Dec/2018 22:59:47] "GET /recv_runtime_profile?work_node=astutedetector2&msg=rt_enter+1merged+1544655587.2028015 HTTP/1.1" 200 -
Received flask message: astutedetector2 rt_exec 1merged 1544655587.2166774
10.244.18.86 - - [12/Dec/2018 22:59:47] "GET /recv_runtime_profile?work_node=astutedetector2&msg=rt_exec+1merged+1544655587.2166774 HTTP/1.1" 200 -
10.244.4.66 - - [12/Dec/2018 23:00:01] "GET /recv_runtime_profile?msg=rt_finish+1merged+1544655601.760492&work_node=simpledetector0 HTTP/1.1" 200 -
Received flask message: simpledetector0 rt_finish 1merged 1544655601.760492
----------------------------
Worker node: simpledetector0
Input file : 1merged
Total duration time:15.06649899482727
Waiting time:0.014432668685913086
simpledetector0 execution time:15.052066326141357
----------------------------
********************************************
Runtime profiling info:
Task_name  local_input_file Enter_time Execute_time Finish_time Elapse_time Duration_time Waiting_time 

aggregate2 1split     1544655570.8422117 1544655570.8581984 1544655585.8859508 15.043739080429077 15.02775239944458 0.01598668098449707

aggregate1 1split     1544655570.668514 1544655570.680642 1544655585.703059 15.034544944763184 15.022417068481445 0.012127876281738281

localpro   1botnet    1544655554.3185058 1544655554.3315558 1544655569.3708751 15.052369356155396 15.039319276809692 0.013050079345703125

simpledetector0 1merged    1544655586.693993 1544655586.7084258 1544655601.760492 15.06649899482727 15.052066326141357 0.014432668685913086

aggregate0 1split     1544655570.5167124 1544655570.5300953 1544655585.5534291 15.03671669960022 15.02333378791809 0.013382911682128906

********************************************
Received flask message: simpledetector1 rt_finish 1merged 1544655601.8767378
----------------------------
Worker node: simpledetector1
Input file : 1merged
Total duration time:15.03041410446167
Waiting time:0.011889219284057617
simpledetector1 execution time:15.018524885177612
----------------------------
********************************************
10.244.18.87 - - [12/Dec/2018 23:00:01] "GET /recv_runtime_profile?msg=rt_finish+1merged+1544655601.8767378&work_node=simpledetector1 HTTP/1.1" 200 -
Runtime profiling info:
Task_name  local_input_file Enter_time Execute_time Finish_time Elapse_time Duration_time Waiting_time 

aggregate2 1split     1544655570.8422117 1544655570.8581984 1544655585.8859508 15.043739080429077 15.02775239944458 0.01598668098449707

simpledetector1 1merged    1544655586.8463237 1544655586.858213 1544655601.8767378 15.03041410446167 15.018524885177612 0.011889219284057617

aggregate1 1split     1544655570.668514 1544655570.680642 1544655585.703059 15.034544944763184 15.022417068481445 0.012127876281738281

localpro   1botnet    1544655554.3185058 1544655554.3315558 1544655569.3708751 15.052369356155396 15.039319276809692 0.013050079345703125

simpledetector0 1merged    1544655586.693993 1544655586.7084258 1544655601.760492 15.06649899482727 15.052066326141357 0.014432668685913086

aggregate0 1split     1544655570.5167124 1544655570.5300953 1544655585.5534291 15.03671669960022 15.02333378791809 0.013382911682128906

********************************************
Received flask message: simpledetector2 rt_finish 1merged 1544655602.0575895
----------------------------
Worker node: simpledetector2
Input file : 1merged
Total duration time:15.03169870376587
Waiting time:0.01017308235168457
simpledetector2 execution time:15.021525621414185
10.244.19.94 - - [12/Dec/2018 23:00:02] "GET /recv_runtime_profile?work_node=simpledetector2&msg=rt_finish+1merged+1544655602.0575895 HTTP/1.1" 200 -
----------------------------
********************************************
Runtime profiling info:
Task_name  local_input_file Enter_time Execute_time Finish_time Elapse_time Duration_time Waiting_time 

aggregate2 1split     1544655570.8422117 1544655570.8581984 1544655585.8859508 15.043739080429077 15.02775239944458 0.01598668098449707

simpledetector1 1merged    1544655586.8463237 1544655586.858213 1544655601.8767378 15.03041410446167 15.018524885177612 0.011889219284057617

aggregate1 1split     1544655570.668514 1544655570.680642 1544655585.703059 15.034544944763184 15.022417068481445 0.012127876281738281

localpro   1botnet    1544655554.3185058 1544655554.3315558 1544655569.3708751 15.052369356155396 15.039319276809692 0.013050079345703125

simpledetector2 1merged    1544655587.0258908 1544655587.036064 1544655602.0575895 15.03169870376587 15.021525621414185 0.01017308235168457

simpledetector0 1merged    1544655586.693993 1544655586.7084258 1544655601.760492 15.06649899482727 15.052066326141357 0.014432668685913086

aggregate0 1split     1544655570.5167124 1544655570.5300953 1544655585.5534291 15.03671669960022 15.02333378791809 0.013382911682128906

********************************************
Received flask message: astutedetector1 rt_finish 1merged 1544655602.1297638
----------------------------
Worker node: astutedetector1
Input file : 1merged
Total duration time:15.143184423446655
Waiting time:0.008918523788452148
astutedetector1 execution time:15.134265899658203
----------------------------
********************************************
Runtime profiling info:
Task_name  local_input_file Enter_time Execute_time Finish_time Elapse_time Duration_time Waiting_time 

aggregate2 1split     1544655570.8422117 1544655570.8581984 1544655585.8859508 15.043739080429077 15.02775239944458 0.01598668098449707

simpledetector1 1merged    1544655586.8463237 1544655586.858213 1544655601.8767378 15.03041410446167 15.018524885177612 0.011889219284057617

aggregate1 1split     1544655570.668514 1544655570.680642 1544655585.703059 15.034544944763184 15.022417068481445 0.012127876281738281

localpro   1botnet    1544655554.3185058 1544655554.3315558 1544655569.3708751 15.052369356155396 15.039319276809692 0.013050079345703125

simpledetector2 1merged    1544655587.0258908 1544655587.036064 1544655602.0575895 15.03169870376587 15.021525621414185 0.01017308235168457

simpledetector0 1merged    1544655586.693993 1544655586.7084258 1544655601.760492 15.06649899482727 15.052066326141357 0.014432668685913086

astutedetector1 1merged    1544655586.9865794 1544655586.995498 1544655602.1297638 15.143184423446655 15.134265899658203 0.008918523788452148

aggregate0 1split     1544655570.5167124 1544655570.5300953 1544655585.5534291 15.03671669960022 15.02333378791809 0.013382911682128906

********************************************
10.244.11.85 - - [12/Dec/2018 23:00:02] "GET /recv_runtime_profile?msg=rt_finish+1merged+1544655602.1297638&work_node=astutedetector1 HTTP/1.1" 200 -
10.244.21.54 - - [12/Dec/2018 23:00:02] "GET /recv_runtime_profile?msg=rt_finish+1merged+1544655602.2030513&work_node=astutedetector0 HTTP/1.1" 200 -
Received flask message: astutedetector0 rt_finish 1merged 1544655602.2030513
----------------------------
Worker node: astutedetector0
Input file : 1merged
Total duration time:15.239563226699829
Waiting time:0.04061484336853027
astutedetector0 execution time:15.198948383331299
----------------------------
********************************************
Runtime profiling info:
Task_name  local_input_file Enter_time Execute_time Finish_time Elapse_time Duration_time Waiting_time 

aggregate2 1split     1544655570.8422117 1544655570.8581984 1544655585.8859508 15.043739080429077 15.02775239944458 0.01598668098449707

simpledetector1 1merged    1544655586.8463237 1544655586.858213 1544655601.8767378 15.03041410446167 15.018524885177612 0.011889219284057617

aggregate1 1split     1544655570.668514 1544655570.680642 1544655585.703059 15.034544944763184 15.022417068481445 0.012127876281738281

localpro   1botnet    1544655554.3185058 1544655554.3315558 1544655569.3708751 15.052369356155396 15.039319276809692 0.013050079345703125

astutedetector0 1merged    1544655586.963488 1544655587.004103 1544655602.2030513 15.239563226699829 15.198948383331299 0.04061484336853027

simpledetector2 1merged    1544655587.0258908 1544655587.036064 1544655602.0575895 15.03169870376587 15.021525621414185 0.01017308235168457

simpledetector0 1merged    1544655586.693993 1544655586.7084258 1544655601.760492 15.06649899482727 15.052066326141357 0.014432668685913086

astutedetector1 1merged    1544655586.9865794 1544655586.995498 1544655602.1297638 15.143184423446655 15.134265899658203 0.008918523788452148

aggregate0 1split     1544655570.5167124 1544655570.5300953 1544655585.5534291 15.03671669960022 15.02333378791809 0.013382911682128906

********************************************
Received flask message: astutedetector2 rt_finish 1merged 1544655602.3481402
----------------------------
Worker node: astutedetector2
Input file : 1merged
Total duration time:15.145338773727417
Waiting time:0.013875961303710938
astutedetector2 execution time:15.131462812423706
----------------------------
********************************************
Runtime profiling info:
Task_name  local_input_file Enter_time Execute_time Finish_time Elapse_time Duration_time Waiting_time 

aggregate2 1split     1544655570.8422117 1544655570.8581984 1544655585.8859508 15.043739080429077 15.02775239944458 0.01598668098449707

simpledetector1 1merged    1544655586.8463237 1544655586.858213 1544655601.8767378 15.03041410446167 15.018524885177612 0.011889219284057617

aggregate1 1split     1544655570.668514 1544655570.680642 1544655585.703059 15.034544944763184 15.022417068481445 0.012127876281738281

astutedetector2 1merged    1544655587.2028015 1544655587.2166774 1544655602.3481402 15.145338773727417 15.131462812423706 0.013875961303710938

localpro   1botnet    1544655554.3185058 1544655554.3315558 1544655569.3708751 15.052369356155396 15.039319276809692 0.013050079345703125

astutedetector0 1merged    1544655586.963488 1544655587.004103 1544655602.2030513 15.239563226699829 15.198948383331299 0.04061484336853027

simpledetector2 1merged    1544655587.0258908 1544655587.036064 1544655602.0575895 15.03169870376587 15.021525621414185 0.01017308235168457

simpledetector0 1merged    1544655586.693993 1544655586.7084258 1544655601.760492 15.06649899482727 15.052066326141357 0.014432668685913086

astutedetector1 1merged    1544655586.9865794 1544655586.995498 1544655602.1297638 15.143184423446655 15.134265899658203 0.008918523788452148

aggregate0 1split     1544655570.5167124 1544655570.5300953 1544655585.5534291 15.03671669960022 15.02333378791809 0.013382911682128906

********************************************
10.244.18.86 - - [12/Dec/2018 23:00:02] "GET /recv_runtime_profile?work_node=astutedetector2&msg=rt_finish+1merged+1544655602.3481402 HTTP/1.1" 200 -
Received flask message: fusioncenter0 rt_enter 1anomalies 1544655602.9701443
10.244.18.85 - - [12/Dec/2018 23:00:02] "GET /recv_runtime_profile?msg=rt_enter+1anomalies+1544655602.9701443&work_node=fusioncenter0 HTTP/1.1" 200 -
Received flask message: fusioncenter1 rt_enter 1anomalies 1544655603.0679874
10.244.19.92 - - [12/Dec/2018 23:00:03] "GET /recv_runtime_profile?work_node=fusioncenter1&msg=rt_enter+1anomalies+1544655603.0679874 HTTP/1.1" 200 -
Received flask message: fusioncenter2 rt_enter 1anomalies 1544655603.2155485
10.244.4.65 - - [12/Dec/2018 23:00:03] "GET /recv_runtime_profile?work_node=fusioncenter2&msg=rt_enter+1anomalies+1544655603.2155485 HTTP/1.1" 200 -
Received flask message: fusioncenter1 rt_exec 1anomalies 1544655603.297395
10.244.19.92 - - [12/Dec/2018 23:00:03] "GET /recv_runtime_profile?work_node=fusioncenter1&msg=rt_exec+1anomalies+1544655603.297395 HTTP/1.1" 200 -
Received flask message: fusioncenter0 rt_exec 1anomalies 1544655603.4550273
10.244.18.85 - - [12/Dec/2018 23:00:03] "GET /recv_runtime_profile?msg=rt_exec+1anomalies+1544655603.4550273&work_node=fusioncenter0 HTTP/1.1" 200 -
Received flask message: fusioncenter2 rt_exec 1anomalies 1544655603.5354838
10.244.4.65 - - [12/Dec/2018 23:00:03] "GET /recv_runtime_profile?work_node=fusioncenter2&msg=rt_exec+1anomalies+1544655603.5354838 HTTP/1.1" 200 -
Recieved request for number of output files. Current done: 0
10.244.0.0 - - [12/Dec/2018 23:00:11] "GET / HTTP/1.1" 200 -
Received flask message: fusioncenter1 rt_finish 1anomalies 1544655613.3111677
----------------------------
Worker node: fusioncenter1
Input file : 1anomalies
Total duration time:10.243180274963379
Waiting time:0.22940754890441895
fusioncenter1 execution time:10.01377272605896
----------------------------
********************************************
Runtime profiling info:
Task_name  local_input_file Enter_time Execute_time Finish_time Elapse_time Duration_time Waiting_time 

simpledetector2 1merged    1544655587.0258908 1544655587.036064 1544655602.0575895 15.03169870376587 15.021525621414185 0.01017308235168457

astutedetector2 1merged    1544655587.2028015 1544655587.2166774 1544655602.3481402 15.145338773727417 15.131462812423706 0.013875961303710938

simpledetector0 1merged    1544655586.693993 1544655586.7084258 1544655601.760492 15.06649899482727 15.052066326141357 0.014432668685913086

aggregate2 1split     1544655570.8422117 1544655570.8581984 1544655585.8859508 15.043739080429077 15.02775239944458 0.01598668098449707

simpledetector1 1merged    1544655586.8463237 1544655586.858213 1544655601.8767378 15.03041410446167 15.018524885177612 0.011889219284057617

aggregate1 1split     1544655570.668514 1544655570.680642 1544655585.703059 15.034544944763184 15.022417068481445 0.012127876281738281

localpro   1botnet    1544655554.3185058 1544655554.3315558 1544655569.3708751 15.052369356155396 15.039319276809692 0.013050079345703125

fusioncenter1 1anomalies 1544655603.0679874 1544655603.297395 1544655613.3111677 10.243180274963379 10.01377272605896 0.22940754890441895

aggregate0 1split     1544655570.5167124 1544655570.5300953 1544655585.5534291 15.03671669960022 15.02333378791809 0.013382911682128906

astutedetector0 1merged    1544655586.963488 1544655587.004103 1544655602.2030513 15.239563226699829 15.198948383331299 0.04061484336853027

astutedetector1 1merged    1544655586.9865794 1544655586.995498 1544655602.1297638 15.143184423446655 15.134265899658203 0.008918523788452148

********************************************
10.244.19.92 - - [12/Dec/2018 23:00:13] "GET /recv_runtime_profile?work_node=fusioncenter1&msg=rt_finish+1anomalies+1544655613.3111677 HTTP/1.1" 200 -
Received flask message: fusioncenter0 rt_finish 1anomalies 1544655613.4741096
----------------------------
Worker node: fusioncenter0
Input file : 1anomalies
Total duration time:10.503965377807617
Waiting time:0.48488306999206543
fusioncenter0 execution time:10.019082307815552
----------------------------
********************************************
Runtime profiling info:
Task_name  local_input_file Enter_time Execute_time Finish_time Elapse_time Duration_time Waiting_time 

simpledetector2 1merged    1544655587.0258908 1544655587.036064 1544655602.0575895 15.03169870376587 15.021525621414185 0.01017308235168457

astutedetector2 1merged    1544655587.2028015 1544655587.2166774 1544655602.3481402 15.145338773727417 15.131462812423706 0.013875961303710938

simpledetector0 1merged    1544655586.693993 1544655586.7084258 1544655601.760492 15.06649899482727 15.052066326141357 0.014432668685913086

aggregate2 1split     1544655570.8422117 1544655570.8581984 1544655585.8859508 15.043739080429077 15.02775239944458 0.01598668098449707

simpledetector1 1merged    1544655586.8463237 1544655586.858213 1544655601.8767378 15.03041410446167 15.018524885177612 0.011889219284057617

fusioncenter0 1anomalies 1544655602.9701443 1544655603.4550273 1544655613.4741096 10.503965377807617 10.019082307815552 0.48488306999206543

aggregate1 1split     1544655570.668514 1544655570.680642 1544655585.703059 15.034544944763184 15.022417068481445 0.012127876281738281

localpro   1botnet    1544655554.3185058 1544655554.3315558 1544655569.3708751 15.052369356155396 15.039319276809692 0.013050079345703125

fusioncenter1 1anomalies 1544655603.0679874 1544655603.297395 1544655613.3111677 10.243180274963379 10.01377272605896 0.22940754890441895

aggregate0 1split     1544655570.5167124 1544655570.5300953 1544655585.5534291 15.03671669960022 15.02333378791809 0.013382911682128906

astutedetector0 1merged    1544655586.963488 1544655587.004103 1544655602.2030513 15.239563226699829 15.198948383331299 0.04061484336853027

astutedetector1 1merged    1544655586.9865794 1544655586.995498 1544655602.1297638 15.143184423446655 15.134265899658203 0.008918523788452148

********************************************
10.244.18.85 - - [12/Dec/2018 23:00:13] "GET /recv_runtime_profile?msg=rt_finish+1anomalies+1544655613.4741096&work_node=fusioncenter0 HTTP/1.1" 200 -
Received flask message: fusioncenter2 rt_finish 1anomalies 1544655613.5550873
----------------------------
Worker node: fusioncenter2
Input file : 1anomalies
Total duration time:10.339538812637329
Waiting time:0.31993532180786133
fusioncenter2 execution time:10.019603490829468
----------------------------
********************************************
Runtime profiling info:
Task_name  local_input_file Enter_time Execute_time Finish_time Elapse_time Duration_time Waiting_time 

simpledetector2 1merged    1544655587.0258908 1544655587.036064 1544655602.0575895 15.03169870376587 15.021525621414185 0.01017308235168457

astutedetector2 1merged    1544655587.2028015 1544655587.2166774 1544655602.3481402 15.145338773727417 15.131462812423706 0.013875961303710938

simpledetector0 1merged    1544655586.693993 1544655586.7084258 1544655601.760492 15.06649899482727 15.052066326141357 0.014432668685913086

aggregate2 1split     1544655570.8422117 1544655570.8581984 1544655585.8859508 15.043739080429077 15.02775239944458 0.01598668098449707

simpledetector1 1merged    1544655586.8463237 1544655586.858213 1544655601.8767378 15.03041410446167 15.018524885177612 0.011889219284057617

fusioncenter0 1anomalies 1544655602.9701443 1544655603.4550273 1544655613.4741096 10.503965377807617 10.019082307815552 0.48488306999206543

fusioncenter2 1anomalies 1544655603.2155485 1544655603.5354838 1544655613.5550873 10.339538812637329 10.019603490829468 0.31993532180786133

aggregate1 1split     1544655570.668514 1544655570.680642 1544655585.703059 15.034544944763184 15.022417068481445 0.012127876281738281

localpro   1botnet    1544655554.3185058 1544655554.3315558 1544655569.3708751 15.052369356155396 15.039319276809692 0.013050079345703125

fusioncenter1 1anomalies 1544655603.0679874 1544655603.297395 1544655613.3111677 10.243180274963379 10.01377272605896 0.22940754890441895

aggregate0 1split     1544655570.5167124 1544655570.5300953 1544655585.5534291 15.03671669960022 15.02333378791809 0.013382911682128906

astutedetector0 1merged    1544655586.963488 1544655587.004103 1544655602.2030513 15.239563226699829 15.198948383331299 0.04061484336853027

astutedetector1 1merged    1544655586.9865794 1544655586.995498 1544655602.1297638 15.143184423446655 15.134265899658203 0.008918523788452148

********************************************
10.244.4.65 - - [12/Dec/2018 23:00:13] "GET /recv_runtime_profile?work_node=fusioncenter2&msg=rt_finish+1anomalies+1544655613.5550873 HTTP/1.1" 200 -
Received flask message: globalfusion rt_enter 1fusion 1544655614.4508905
10.244.11.88 - - [12/Dec/2018 23:00:14] "GET /recv_runtime_profile?work_node=globalfusion&msg=rt_enter+1fusion+1544655614.4508905 HTTP/1.1" 200 -
Received flask message: globalfusion rt_exec 1fusion 1544655614.7022052
10.244.11.88 - - [12/Dec/2018 23:00:14] "GET /recv_runtime_profile?work_node=globalfusion&msg=rt_exec+1fusion+1544655614.7022052 HTTP/1.1" 200 -
Received flask message: globalfusion rt_finish 1fusion 1544655624.7241452
----------------------------
Worker node: globalfusion
Input file : 1fusion
Total duration time:10.273254632949829
Waiting time:0.251314640045166
globalfusion execution time:10.021939992904663
----------------------------
********************************************
Runtime profiling info:
Task_name  local_input_file Enter_time Execute_time Finish_time Elapse_time Duration_time Waiting_time 

simpledetector2 1merged    1544655587.0258908 1544655587.036064 1544655602.0575895 15.03169870376587 15.021525621414185 0.01017308235168457

astutedetector2 1merged    1544655587.2028015 1544655587.2166774 1544655602.3481402 15.145338773727417 15.131462812423706 0.013875961303710938

globalfusion 1fusion    1544655614.4508905 1544655614.7022052 1544655624.7241452 10.273254632949829 10.021939992904663 0.251314640045166

simpledetector0 1merged    1544655586.693993 1544655586.7084258 1544655601.760492 15.06649899482727 15.052066326141357 0.014432668685913086

aggregate2 1split     1544655570.8422117 1544655570.8581984 1544655585.8859508 15.043739080429077 15.02775239944458 0.01598668098449707

simpledetector1 1merged    1544655586.8463237 1544655586.858213 1544655601.8767378 15.03041410446167 15.018524885177612 0.011889219284057617

fusioncenter0 1anomalies 1544655602.9701443 1544655603.4550273 1544655613.4741096 10.503965377807617 10.019082307815552 0.48488306999206543

fusioncenter2 1anomalies 1544655603.2155485 1544655603.5354838 1544655613.5550873 10.339538812637329 10.019603490829468 0.31993532180786133

aggregate1 1split     1544655570.668514 1544655570.680642 1544655585.703059 15.034544944763184 15.022417068481445 0.012127876281738281

localpro   1botnet    1544655554.3185058 1544655554.3315558 1544655569.3708751 15.052369356155396 15.039319276809692 0.013050079345703125

fusioncenter1 1anomalies 1544655603.0679874 1544655603.297395 1544655613.3111677 10.243180274963379 10.01377272605896 0.22940754890441895

aggregate0 1split     1544655570.5167124 1544655570.5300953 1544655585.5534291 15.03671669960022 15.02333378791809 0.013382911682128906

astutedetector0 1merged    1544655586.963488 1544655587.004103 1544655602.2030513 15.239563226699829 15.198948383331299 0.04061484336853027

astutedetector1 1merged    1544655586.9865794 1544655586.995498 1544655602.1297638 15.143184423446655 15.134265899658203 0.008918523788452148

********************************************
10.244.11.88 - - [12/Dec/2018 23:00:24] "GET /recv_runtime_profile?work_node=globalfusion&msg=rt_finish+1fusion+1544655624.7241452 HTTP/1.1" 200 -
/output/1global_anomalies.log created
ending time is:  [1544655625.8757777]
execution time is:  [72.22788286209106]
---- Generate random input files
Received file as input - /input/2botnet.ipsum.
start time is:  [1544655553.6478949, 1544655658.7268074]
Transfer to IP: 10.97.112.117 , username: root , password: PASSWORD, source path: /input/2botnet.ipsum , destination path: /centralized_scheduler/input/2botnet.ipsum
10.97.112.117
data transfer complete

Received flask message: localpro rt_enter 2botnet 1544655659.4242082
10.244.4.64 - - [12/Dec/2018 23:00:59] "GET /recv_runtime_profile?work_node=localpro&msg=rt_enter+2botnet+1544655659.4242082 HTTP/1.1" 200 -
10.244.4.64 - - [12/Dec/2018 23:00:59] "GET /recv_runtime_profile?work_node=localpro&msg=rt_exec+2botnet+1544655659.428357 HTTP/1.1" 200 -
Received flask message: localpro rt_exec 2botnet 1544655659.428357
Recieved request for number of output files. Current done: 1
10.244.0.0 - - [12/Dec/2018 23:01:12] "GET / HTTP/1.1" 200 -
Received flask message: localpro rt_finish 2botnet 1544655674.4617236
----------------------------
Worker node: localpro
Input file : 2botnet
Total duration time:15.03751540184021
Waiting time:0.004148721694946289
localpro execution time:15.033366680145264
----------------------------
********************************************
Runtime profiling info:
Task_name  local_input_file Enter_time Execute_time Finish_time Elapse_time Duration_time Waiting_time 

simpledetector2 1merged    1544655587.0258908 1544655587.036064 1544655602.0575895 15.03169870376587 15.021525621414185 0.01017308235168457

astutedetector2 1merged    1544655587.2028015 1544655587.2166774 1544655602.3481402 15.145338773727417 15.131462812423706 0.013875961303710938

globalfusion 1fusion    1544655614.4508905 1544655614.7022052 1544655624.7241452 10.273254632949829 10.021939992904663 0.251314640045166

simpledetector0 1merged    1544655586.693993 1544655586.7084258 1544655601.760492 15.06649899482727 15.052066326141357 0.014432668685913086

localpro   2botnet    1544655659.4242082 1544655659.428357 1544655674.4617236 15.03751540184021 15.033366680145264 0.004148721694946289

aggregate2 1split     1544655570.8422117 1544655570.8581984 1544655585.8859508 15.043739080429077 15.02775239944458 0.01598668098449707

simpledetector1 1merged    1544655586.8463237 1544655586.858213 1544655601.8767378 15.03041410446167 15.018524885177612 0.011889219284057617

fusioncenter0 1anomalies 1544655602.9701443 1544655603.4550273 1544655613.4741096 10.503965377807617 10.019082307815552 0.48488306999206543

fusioncenter2 1anomalies 1544655603.2155485 1544655603.5354838 1544655613.5550873 10.339538812637329 10.019603490829468 0.31993532180786133

aggregate1 1split     1544655570.668514 1544655570.680642 1544655585.703059 15.034544944763184 15.022417068481445 0.012127876281738281

localpro   1botnet    1544655554.3185058 1544655554.3315558 1544655569.3708751 15.052369356155396 15.039319276809692 0.013050079345703125

fusioncenter1 1anomalies 1544655603.0679874 1544655603.297395 1544655613.3111677 10.243180274963379 10.01377272605896 0.22940754890441895

aggregate0 1split     1544655570.5167124 1544655570.5300953 1544655585.5534291 15.03671669960022 15.02333378791809 0.013382911682128906

astutedetector0 1merged    1544655586.963488 1544655587.004103 1544655602.2030513 15.239563226699829 15.198948383331299 0.04061484336853027

astutedetector1 1merged    1544655586.9865794 1544655586.995498 1544655602.1297638 15.143184423446655 15.134265899658203 0.008918523788452148

********************************************
10.244.4.64 - - [12/Dec/2018 23:01:14] "GET /recv_runtime_profile?work_node=localpro&msg=rt_finish+2botnet+1544655674.4617236 HTTP/1.1" 200 -
Received flask message: aggregate0 rt_enter 2split 1544655675.6401837
10.244.11.86 - - [12/Dec/2018 23:01:15] "GET /recv_runtime_profile?work_node=aggregate0&msg=rt_enter+2split+1544655675.6401837 HTTP/1.1" 200 -
10.244.11.86 - - [12/Dec/2018 23:01:15] "GET /recv_runtime_profile?work_node=aggregate0&msg=rt_exec+2split+1544655675.646155 HTTP/1.1" 200 -
Received flask message: aggregate0 rt_exec 2split 1544655675.646155
Received flask message: aggregate1 rt_enter 2split 1544655675.8196385
10.244.19.93 - - [12/Dec/2018 23:01:15] "GET /recv_runtime_profile?msg=rt_enter+2split+1544655675.8196385&work_node=aggregate1 HTTP/1.1" 200 -
Received flask message: aggregate1 rt_exec 2split 1544655675.824461
10.244.19.93 - - [12/Dec/2018 23:01:15] "GET /recv_runtime_profile?msg=rt_exec+2split+1544655675.824461&work_node=aggregate1 HTTP/1.1" 200 -
Received flask message: aggregate2 rt_enter 2split 1544655675.960838
10.244.11.87 - - [12/Dec/2018 23:01:15] "GET /recv_runtime_profile?work_node=aggregate2&msg=rt_enter+2split+1544655675.960838 HTTP/1.1" 200 -
Received flask message: aggregate2 rt_exec 2split 1544655675.9652822
10.244.11.87 - - [12/Dec/2018 23:01:15] "GET /recv_runtime_profile?work_node=aggregate2&msg=rt_exec+2split+1544655675.9652822 HTTP/1.1" 200 -
Received flask message: aggregate0 rt_finish 2split 1544655690.6711104
----------------------------
Worker node: aggregate0
Input file : 2split
Total duration time:15.030926704406738
Waiting time:0.005971431732177734
aggregate0 execution time:15.02495527267456
----------------------------
********************************************
Runtime profiling info:
Task_name  local_input_file Enter_time Execute_time Finish_time Elapse_time Duration_time Waiting_time 

simpledetector2 1merged    1544655587.0258908 1544655587.036064 1544655602.0575895 15.03169870376587 15.021525621414185 0.01017308235168457

astutedetector2 1merged    1544655587.2028015 1544655587.2166774 1544655602.3481402 15.145338773727417 15.131462812423706 0.013875961303710938

globalfusion 1fusion    1544655614.4508905 1544655614.7022052 1544655624.7241452 10.273254632949829 10.021939992904663 0.251314640045166

simpledetector0 1merged    1544655586.693993 1544655586.7084258 1544655601.760492 15.06649899482727 15.052066326141357 0.014432668685913086

localpro   2botnet    1544655659.4242082 1544655659.428357 1544655674.4617236 15.03751540184021 15.033366680145264 0.004148721694946289

aggregate2 1split     1544655570.8422117 1544655570.8581984 1544655585.8859508 15.043739080429077 15.02775239944458 0.01598668098449707

simpledetector1 1merged    1544655586.8463237 1544655586.858213 1544655601.8767378 15.03041410446167 15.018524885177612 0.011889219284057617

fusioncenter0 1anomalies 1544655602.9701443 1544655603.4550273 1544655613.4741096 10.503965377807617 10.019082307815552 0.48488306999206543

fusioncenter2 1anomalies 1544655603.2155485 1544655603.5354838 1544655613.5550873 10.339538812637329 10.019603490829468 0.31993532180786133

aggregate1 1split     1544655570.668514 1544655570.680642 1544655585.703059 15.034544944763184 15.022417068481445 0.012127876281738281

aggregate0 2split     1544655675.6401837 1544655675.646155 1544655690.6711104 15.030926704406738 15.02495527267456 0.005971431732177734

localpro   1botnet    1544655554.3185058 1544655554.3315558 1544655569.3708751 15.052369356155396 15.039319276809692 0.013050079345703125

fusioncenter1 1anomalies 1544655603.0679874 1544655603.297395 1544655613.3111677 10.243180274963379 10.01377272605896 0.22940754890441895

aggregate0 1split     1544655570.5167124 1544655570.5300953 1544655585.5534291 15.03671669960022 15.02333378791809 0.013382911682128906

astutedetector0 1merged    1544655586.963488 1544655587.004103 1544655602.2030513 15.239563226699829 15.198948383331299 0.04061484336853027

astutedetector1 1merged    1544655586.9865794 1544655586.995498 1544655602.1297638 15.143184423446655 15.134265899658203 0.008918523788452148

********************************************
10.244.11.86 - - [12/Dec/2018 23:01:30] "GET /recv_runtime_profile?work_node=aggregate0&msg=rt_finish+2split+1544655690.6711104 HTTP/1.1" 200 -
Received flask message: aggregate1 rt_finish 2split 1544655690.8345044
----------------------------
10.244.19.93 - - [12/Dec/2018 23:01:30] "GET /recv_runtime_profile?msg=rt_finish+2split+1544655690.8345044&work_node=aggregate1 HTTP/1.1" 200 -
Worker node: aggregate1
Input file : 2split
Total duration time:15.01486587524414
Waiting time:0.004822492599487305
aggregate1 execution time:15.010043382644653
----------------------------
********************************************
Runtime profiling info:
Task_name  local_input_file Enter_time Execute_time Finish_time Elapse_time Duration_time Waiting_time 

simpledetector2 1merged    1544655587.0258908 1544655587.036064 1544655602.0575895 15.03169870376587 15.021525621414185 0.01017308235168457

astutedetector2 1merged    1544655587.2028015 1544655587.2166774 1544655602.3481402 15.145338773727417 15.131462812423706 0.013875961303710938

globalfusion 1fusion    1544655614.4508905 1544655614.7022052 1544655624.7241452 10.273254632949829 10.021939992904663 0.251314640045166

simpledetector0 1merged    1544655586.693993 1544655586.7084258 1544655601.760492 15.06649899482727 15.052066326141357 0.014432668685913086

localpro   2botnet    1544655659.4242082 1544655659.428357 1544655674.4617236 15.03751540184021 15.033366680145264 0.004148721694946289

aggregate2 1split     1544655570.8422117 1544655570.8581984 1544655585.8859508 15.043739080429077 15.02775239944458 0.01598668098449707

aggregate1 2split     1544655675.8196385 1544655675.824461 1544655690.8345044 15.01486587524414 15.010043382644653 0.004822492599487305

simpledetector1 1merged    1544655586.8463237 1544655586.858213 1544655601.8767378 15.03041410446167 15.018524885177612 0.011889219284057617

fusioncenter0 1anomalies 1544655602.9701443 1544655603.4550273 1544655613.4741096 10.503965377807617 10.019082307815552 0.48488306999206543

fusioncenter2 1anomalies 1544655603.2155485 1544655603.5354838 1544655613.5550873 10.339538812637329 10.019603490829468 0.31993532180786133

aggregate1 1split     1544655570.668514 1544655570.680642 1544655585.703059 15.034544944763184 15.022417068481445 0.012127876281738281

aggregate0 2split     1544655675.6401837 1544655675.646155 1544655690.6711104 15.030926704406738 15.02495527267456 0.005971431732177734

localpro   1botnet    1544655554.3185058 1544655554.3315558 1544655569.3708751 15.052369356155396 15.039319276809692 0.013050079345703125

fusioncenter1 1anomalies 1544655603.0679874 1544655603.297395 1544655613.3111677 10.243180274963379 10.01377272605896 0.22940754890441895

aggregate0 1split     1544655570.5167124 1544655570.5300953 1544655585.5534291 15.03671669960022 15.02333378791809 0.013382911682128906

astutedetector0 1merged    1544655586.963488 1544655587.004103 1544655602.2030513 15.239563226699829 15.198948383331299 0.04061484336853027

astutedetector1 1merged    1544655586.9865794 1544655586.995498 1544655602.1297638 15.143184423446655 15.134265899658203 0.008918523788452148

********************************************
10.244.11.87 - - [12/Dec/2018 23:01:30] "GET /recv_runtime_profile?work_node=aggregate2&msg=rt_finish+2split+1544655690.9844568 HTTP/1.1" 200 -
Received flask message: aggregate2 rt_finish 2split 1544655690.9844568
----------------------------
Worker node: aggregate2
Input file : 2split
Total duration time:15.023618698120117
Waiting time:0.004444122314453125
aggregate2 execution time:15.019174575805664
----------------------------
********************************************
Runtime profiling info:
Task_name  local_input_file Enter_time Execute_time Finish_time Elapse_time Duration_time Waiting_time 

simpledetector2 1merged    1544655587.0258908 1544655587.036064 1544655602.0575895 15.03169870376587 15.021525621414185 0.01017308235168457

astutedetector2 1merged    1544655587.2028015 1544655587.2166774 1544655602.3481402 15.145338773727417 15.131462812423706 0.013875961303710938

globalfusion 1fusion    1544655614.4508905 1544655614.7022052 1544655624.7241452 10.273254632949829 10.021939992904663 0.251314640045166

simpledetector0 1merged    1544655586.693993 1544655586.7084258 1544655601.760492 15.06649899482727 15.052066326141357 0.014432668685913086

localpro   2botnet    1544655659.4242082 1544655659.428357 1544655674.4617236 15.03751540184021 15.033366680145264 0.004148721694946289

aggregate2 2split     1544655675.960838 1544655675.9652822 1544655690.9844568 15.023618698120117 15.019174575805664 0.004444122314453125

aggregate2 1split     1544655570.8422117 1544655570.8581984 1544655585.8859508 15.043739080429077 15.02775239944458 0.01598668098449707

aggregate1 2split     1544655675.8196385 1544655675.824461 1544655690.8345044 15.01486587524414 15.010043382644653 0.004822492599487305

simpledetector1 1merged    1544655586.8463237 1544655586.858213 1544655601.8767378 15.03041410446167 15.018524885177612 0.011889219284057617

fusioncenter0 1anomalies 1544655602.9701443 1544655603.4550273 1544655613.4741096 10.503965377807617 10.019082307815552 0.48488306999206543

fusioncenter2 1anomalies 1544655603.2155485 1544655603.5354838 1544655613.5550873 10.339538812637329 10.019603490829468 0.31993532180786133

aggregate1 1split     1544655570.668514 1544655570.680642 1544655585.703059 15.034544944763184 15.022417068481445 0.012127876281738281

aggregate0 2split     1544655675.6401837 1544655675.646155 1544655690.6711104 15.030926704406738 15.02495527267456 0.005971431732177734

localpro   1botnet    1544655554.3185058 1544655554.3315558 1544655569.3708751 15.052369356155396 15.039319276809692 0.013050079345703125

fusioncenter1 1anomalies 1544655603.0679874 1544655603.297395 1544655613.3111677 10.243180274963379 10.01377272605896 0.22940754890441895

aggregate0 1split     1544655570.5167124 1544655570.5300953 1544655585.5534291 15.03671669960022 15.02333378791809 0.013382911682128906

astutedetector0 1merged    1544655586.963488 1544655587.004103 1544655602.2030513 15.239563226699829 15.198948383331299 0.04061484336853027

astutedetector1 1merged    1544655586.9865794 1544655586.995498 1544655602.1297638 15.143184423446655 15.134265899658203 0.008918523788452148

********************************************
Received flask message: simpledetector0 rt_enter 2merged 1544655691.8444586
10.244.4.66 - - [12/Dec/2018 23:01:31] "GET /recv_runtime_profile?msg=rt_enter+2merged+1544655691.8444586&work_node=simpledetector0 HTTP/1.1" 200 -
Received flask message: simpledetector0 rt_exec 2merged 1544655691.8500724
10.244.4.66 - - [12/Dec/2018 23:01:31] "GET /recv_runtime_profile?msg=rt_exec+2merged+1544655691.8500724&work_node=simpledetector0 HTTP/1.1" 200 -
Received flask message: simpledetector1 rt_enter 2merged 1544655691.969704
10.244.18.87 - - [12/Dec/2018 23:01:31] "GET /recv_runtime_profile?msg=rt_enter+2merged+1544655691.969704&work_node=simpledetector1 HTTP/1.1" 200 -
Received flask message: simpledetector1 rt_exec 2merged 1544655691.975384
10.244.18.87 - - [12/Dec/2018 23:01:31] "GET /recv_runtime_profile?msg=rt_exec+2merged+1544655691.975384&work_node=simpledetector1 HTTP/1.1" 200 -
Received flask message: astutedetector1 rt_enter 2merged 1544655692.1104114
10.244.11.85 - - [12/Dec/2018 23:01:32] "GET /recv_runtime_profile?msg=rt_enter+2merged+1544655692.1104114&work_node=astutedetector1 HTTP/1.1" 200 -
Received flask message: astutedetector0 rt_enter 2merged 1544655692.0872974
10.244.21.54 - - [12/Dec/2018 23:01:32] "GET /recv_runtime_profile?msg=rt_enter+2merged+1544655692.0872974&work_node=astutedetector0 HTTP/1.1" 200 -
Received flask message: astutedetector1 rt_exec 2merged 1544655692.1149662
10.244.11.85 - - [12/Dec/2018 23:01:32] "GET /recv_runtime_profile?msg=rt_exec+2merged+1544655692.1149662&work_node=astutedetector1 HTTP/1.1" 200 -
Received flask message: astutedetector0 rt_exec 2merged 1544655692.1235735
10.244.21.54 - - [12/Dec/2018 23:01:32] "GET /recv_runtime_profile?msg=rt_exec+2merged+1544655692.1235735&work_node=astutedetector0 HTTP/1.1" 200 -
Received flask message: simpledetector2 rt_enter 2merged 1544655692.1534147
10.244.19.94 - - [12/Dec/2018 23:01:32] "GET /recv_runtime_profile?work_node=simpledetector2&msg=rt_enter+2merged+1544655692.1534147 HTTP/1.1" 200 -
Received flask message: simpledetector2 rt_exec 2merged 1544655692.158149
10.244.19.94 - - [12/Dec/2018 23:01:32] "GET /recv_runtime_profile?work_node=simpledetector2&msg=rt_exec+2merged+1544655692.158149 HTTP/1.1" 200 -
Received flask message: astutedetector2 rt_enter 2merged 1544655692.3375437
10.244.18.86 - - [12/Dec/2018 23:01:32] "GET /recv_runtime_profile?work_node=astutedetector2&msg=rt_enter+2merged+1544655692.3375437 HTTP/1.1" 200 -
Received flask message: astutedetector2 rt_exec 2merged 1544655692.3429039
10.244.18.86 - - [12/Dec/2018 23:01:32] "GET /recv_runtime_profile?work_node=astutedetector2&msg=rt_exec+2merged+1544655692.3429039 HTTP/1.1" 200 -
Received flask message: simpledetector0 rt_finish 2merged 1544655706.8857288
----------------------------
Worker node: simpledetector0
Input file : 2merged
Total duration time:15.04127025604248
Waiting time:0.005613803863525391
simpledetector0 execution time:15.035656452178955
----------------------------
********************************************
Runtime profiling info:
Task_name  local_input_file Enter_time Execute_time Finish_time Elapse_time Duration_time Waiting_time 

simpledetector0 2merged    1544655691.8444586 1544655691.8500724 1544655706.8857288 15.04127025604248 15.035656452178955 0.005613803863525391

simpledetector2 1merged    1544655587.0258908 1544655587.036064 1544655602.0575895 15.03169870376587 15.021525621414185 0.01017308235168457

astutedetector2 1merged    1544655587.2028015 1544655587.2166774 1544655602.3481402 15.145338773727417 15.131462812423706 0.013875961303710938

globalfusion 1fusion    1544655614.4508905 1544655614.7022052 1544655624.7241452 10.273254632949829 10.021939992904663 0.251314640045166

fusioncenter2 1anomalies 1544655603.2155485 1544655603.5354838 1544655613.5550873 10.339538812637329 10.019603490829468 0.31993532180786133

aggregate0 2split     1544655675.6401837 1544655675.646155 1544655690.6711104 15.030926704406738 15.02495527267456 0.005971431732177734

localpro   1botnet    1544655554.3185058 1544655554.3315558 1544655569.3708751 15.052369356155396 15.039319276809692 0.013050079345703125

fusioncenter1 1anomalies 1544655603.0679874 1544655603.297395 1544655613.3111677 10.243180274963379 10.01377272605896 0.22940754890441895

simpledetector0 1merged    1544655586.693993 1544655586.7084258 1544655601.760492 15.06649899482727 15.052066326141357 0.014432668685913086

aggregate0 1split     1544655570.5167124 1544655570.5300953 1544655585.5534291 15.03671669960022 15.02333378791809 0.013382911682128906

aggregate2 1split     1544655570.8422117 1544655570.8581984 1544655585.8859508 15.043739080429077 15.02775239944458 0.01598668098449707

localpro   2botnet    1544655659.4242082 1544655659.428357 1544655674.4617236 15.03751540184021 15.033366680145264 0.004148721694946289

aggregate2 2split     1544655675.960838 1544655675.9652822 1544655690.9844568 15.023618698120117 15.019174575805664 0.004444122314453125

astutedetector1 1merged    1544655586.9865794 1544655586.995498 1544655602.1297638 15.143184423446655 15.134265899658203 0.008918523788452148

simpledetector1 1merged    1544655586.8463237 1544655586.858213 1544655601.8767378 15.03041410446167 15.018524885177612 0.011889219284057617

fusioncenter0 1anomalies 1544655602.9701443 1544655603.4550273 1544655613.4741096 10.503965377807617 10.019082307815552 0.48488306999206543

aggregate1 1split     1544655570.668514 1544655570.680642 1544655585.703059 15.034544944763184 15.022417068481445 0.012127876281738281

aggregate1 2split     1544655675.8196385 1544655675.824461 1544655690.8345044 15.01486587524414 15.010043382644653 0.004822492599487305

astutedetector0 1merged    1544655586.963488 1544655587.004103 1544655602.2030513 15.239563226699829 15.198948383331299 0.04061484336853027

********************************************
10.244.4.66 - - [12/Dec/2018 23:01:46] "GET /recv_runtime_profile?msg=rt_finish+2merged+1544655706.8857288&work_node=simpledetector0 HTTP/1.1" 200 -
Received flask message: simpledetector1 rt_finish 2merged 1544655706.9984
----------------------------
Worker node: simpledetector1
Input file : 2merged
Total duration time:15.028696060180664
Waiting time:0.005680084228515625
simpledetector1 execution time:15.023015975952148
----------------------------
********************************************
Runtime profiling info:
Task_name  local_input_file Enter_time Execute_time Finish_time Elapse_time Duration_time Waiting_time 

simpledetector0 2merged    1544655691.8444586 1544655691.8500724 1544655706.8857288 15.04127025604248 15.035656452178955 0.005613803863525391

simpledetector2 1merged    1544655587.0258908 1544655587.036064 1544655602.0575895 15.03169870376587 15.021525621414185 0.01017308235168457

astutedetector2 1merged    1544655587.2028015 1544655587.2166774 1544655602.3481402 15.145338773727417 15.131462812423706 0.013875961303710938

globalfusion 1fusion    1544655614.4508905 1544655614.7022052 1544655624.7241452 10.273254632949829 10.021939992904663 0.251314640045166

fusioncenter2 1anomalies 1544655603.2155485 1544655603.5354838 1544655613.5550873 10.339538812637329 10.019603490829468 0.31993532180786133

aggregate0 2split     1544655675.6401837 1544655675.646155 1544655690.6711104 15.030926704406738 15.02495527267456 0.005971431732177734

localpro   1botnet    1544655554.3185058 1544655554.3315558 1544655569.3708751 15.052369356155396 15.039319276809692 0.013050079345703125

fusioncenter1 1anomalies 1544655603.0679874 1544655603.297395 1544655613.3111677 10.243180274963379 10.01377272605896 0.22940754890441895

simpledetector0 1merged    1544655586.693993 1544655586.7084258 1544655601.760492 15.06649899482727 15.052066326141357 0.014432668685913086

aggregate0 1split     1544655570.5167124 1544655570.5300953 1544655585.5534291 15.03671669960022 15.02333378791809 0.013382911682128906

aggregate2 1split     1544655570.8422117 1544655570.8581984 1544655585.8859508 15.043739080429077 15.02775239944458 0.01598668098449707

simpledetector1 2merged    1544655691.969704 1544655691.975384 1544655706.9984 15.028696060180664 15.023015975952148 0.005680084228515625

localpro   2botnet    1544655659.4242082 1544655659.428357 1544655674.4617236 15.03751540184021 15.033366680145264 0.004148721694946289

aggregate2 2split     1544655675.960838 1544655675.9652822 1544655690.9844568 15.023618698120117 15.019174575805664 0.004444122314453125

astutedetector1 1merged    1544655586.9865794 1544655586.995498 1544655602.1297638 15.143184423446655 15.134265899658203 0.008918523788452148

simpledetector1 1merged    1544655586.8463237 1544655586.858213 1544655601.8767378 15.03041410446167 15.018524885177612 0.011889219284057617

fusioncenter0 1anomalies 1544655602.9701443 1544655603.4550273 1544655613.4741096 10.503965377807617 10.019082307815552 0.48488306999206543

aggregate1 1split     1544655570.668514 1544655570.680642 1544655585.703059 15.034544944763184 15.022417068481445 0.012127876281738281

aggregate1 2split     1544655675.8196385 1544655675.824461 1544655690.8345044 15.01486587524414 15.010043382644653 0.004822492599487305

astutedetector0 1merged    1544655586.963488 1544655587.004103 1544655602.2030513 15.239563226699829 15.198948383331299 0.04061484336853027

********************************************
10.244.18.87 - - [12/Dec/2018 23:01:47] "GET /recv_runtime_profile?msg=rt_finish+2merged+1544655706.9984&work_node=simpledetector1 HTTP/1.1" 200 -
Received flask message: simpledetector2 rt_finish 2merged 1544655707.1861763
----------------------------
Worker node: simpledetector2
Input file : 2merged
Total duration time:15.032761573791504
Waiting time:0.0047342777252197266
simpledetector2 execution time:15.028027296066284
----------------------------
********************************************
Runtime profiling info:
Task_name  local_input_file Enter_time Execute_time Finish_time Elapse_time Duration_time Waiting_time 

simpledetector0 2merged    1544655691.8444586 1544655691.8500724 1544655706.8857288 15.04127025604248 15.035656452178955 0.005613803863525391

simpledetector2 2merged    1544655692.1534147 1544655692.158149 1544655707.1861763 15.032761573791504 15.028027296066284 0.0047342777252197266

simpledetector2 1merged    1544655587.0258908 1544655587.036064 1544655602.0575895 15.03169870376587 15.021525621414185 0.01017308235168457

astutedetector2 1merged    1544655587.2028015 1544655587.2166774 1544655602.3481402 15.145338773727417 15.131462812423706 0.013875961303710938

globalfusion 1fusion    1544655614.4508905 1544655614.7022052 1544655624.7241452 10.273254632949829 10.021939992904663 0.251314640045166

fusioncenter2 1anomalies 1544655603.2155485 1544655603.5354838 1544655613.5550873 10.339538812637329 10.019603490829468 0.31993532180786133

aggregate0 2split     1544655675.6401837 1544655675.646155 1544655690.6711104 15.030926704406738 15.02495527267456 0.005971431732177734

localpro   1botnet    1544655554.3185058 1544655554.3315558 1544655569.3708751 15.052369356155396 15.039319276809692 0.013050079345703125

fusioncenter1 1anomalies 1544655603.0679874 1544655603.297395 1544655613.3111677 10.243180274963379 10.01377272605896 0.22940754890441895

simpledetector0 1merged    1544655586.693993 1544655586.7084258 1544655601.760492 15.06649899482727 15.052066326141357 0.014432668685913086

aggregate0 1split     1544655570.5167124 1544655570.5300953 1544655585.5534291 15.03671669960022 15.02333378791809 0.013382911682128906

aggregate2 1split     1544655570.8422117 1544655570.8581984 1544655585.8859508 15.043739080429077 15.02775239944458 0.01598668098449707

simpledetector1 2merged    1544655691.969704 1544655691.975384 1544655706.9984 15.028696060180664 15.023015975952148 0.005680084228515625

localpro   2botnet    1544655659.4242082 1544655659.428357 1544655674.4617236 15.03751540184021 15.033366680145264 0.004148721694946289

aggregate2 2split     1544655675.960838 1544655675.9652822 1544655690.9844568 15.023618698120117 15.019174575805664 0.004444122314453125

astutedetector1 1merged    1544655586.9865794 1544655586.995498 1544655602.1297638 15.143184423446655 15.134265899658203 0.008918523788452148

simpledetector1 1merged    1544655586.8463237 1544655586.858213 1544655601.8767378 15.03041410446167 15.018524885177612 0.011889219284057617

fusioncenter0 1anomalies 1544655602.9701443 1544655603.4550273 1544655613.4741096 10.503965377807617 10.019082307815552 0.48488306999206543

aggregate1 1split     1544655570.668514 1544655570.680642 1544655585.703059 15.034544944763184 15.022417068481445 0.012127876281738281

aggregate1 2split     1544655675.8196385 1544655675.824461 1544655690.8345044 15.01486587524414 15.010043382644653 0.004822492599487305

astutedetector0 1merged    1544655586.963488 1544655587.004103 1544655602.2030513 15.239563226699829 15.198948383331299 0.04061484336853027

********************************************
10.244.19.94 - - [12/Dec/2018 23:01:47] "GET /recv_runtime_profile?work_node=simpledetector2&msg=rt_finish+2merged+1544655707.1861763 HTTP/1.1" 200 -
Received flask message: astutedetector1 rt_finish 2merged 1544655707.2163541
----------------------------
Worker node: astutedetector1
Input file : 2merged
Total duration time:15.105942726135254
Waiting time:0.00455474853515625
astutedetector1 execution time:15.101387977600098
----------------------------
********************************************
Runtime profiling info:
Task_name  local_input_file Enter_time Execute_time Finish_time Elapse_time Duration_time Waiting_time 

simpledetector0 2merged    1544655691.8444586 1544655691.8500724 1544655706.8857288 15.04127025604248 15.035656452178955 0.005613803863525391

simpledetector2 2merged    1544655692.1534147 1544655692.158149 1544655707.1861763 15.032761573791504 15.028027296066284 0.0047342777252197266

simpledetector2 1merged    1544655587.0258908 1544655587.036064 1544655602.0575895 15.03169870376587 15.021525621414185 0.01017308235168457

astutedetector2 1merged    1544655587.2028015 1544655587.2166774 1544655602.3481402 15.145338773727417 15.131462812423706 0.013875961303710938

globalfusion 1fusion    1544655614.4508905 1544655614.7022052 1544655624.7241452 10.273254632949829 10.021939992904663 0.251314640045166

fusioncenter2 1anomalies 1544655603.2155485 1544655603.5354838 1544655613.5550873 10.339538812637329 10.019603490829468 0.31993532180786133

aggregate0 2split     1544655675.6401837 1544655675.646155 1544655690.6711104 15.030926704406738 15.02495527267456 0.005971431732177734

localpro   1botnet    1544655554.3185058 1544655554.3315558 1544655569.3708751 15.052369356155396 15.039319276809692 0.013050079345703125

fusioncenter1 1anomalies 1544655603.0679874 1544655603.297395 1544655613.3111677 10.243180274963379 10.01377272605896 0.22940754890441895

simpledetector0 1merged    1544655586.693993 1544655586.7084258 1544655601.760492 15.06649899482727 15.052066326141357 0.014432668685913086

aggregate0 1split     1544655570.5167124 1544655570.5300953 1544655585.5534291 15.03671669960022 15.02333378791809 0.013382911682128906

aggregate2 1split     1544655570.8422117 1544655570.8581984 1544655585.8859508 15.043739080429077 15.02775239944458 0.01598668098449707

simpledetector1 2merged    1544655691.969704 1544655691.975384 1544655706.9984 15.028696060180664 15.023015975952148 0.005680084228515625

localpro   2botnet    1544655659.4242082 1544655659.428357 1544655674.4617236 15.03751540184021 15.033366680145264 0.004148721694946289

aggregate2 2split     1544655675.960838 1544655675.9652822 1544655690.9844568 15.023618698120117 15.019174575805664 0.004444122314453125

astutedetector1 1merged    1544655586.9865794 1544655586.995498 1544655602.1297638 15.143184423446655 15.134265899658203 0.008918523788452148

astutedetector1 2merged    1544655692.1104114 1544655692.1149662 1544655707.2163541 15.105942726135254 15.101387977600098 0.00455474853515625

simpledetector1 1merged    1544655586.8463237 1544655586.858213 1544655601.8767378 15.03041410446167 15.018524885177612 0.011889219284057617

fusioncenter0 1anomalies 1544655602.9701443 1544655603.4550273 1544655613.4741096 10.503965377807617 10.019082307815552 0.48488306999206543

aggregate1 1split     1544655570.668514 1544655570.680642 1544655585.703059 15.034544944763184 15.022417068481445 0.012127876281738281

aggregate1 2split     1544655675.8196385 1544655675.824461 1544655690.8345044 15.01486587524414 15.010043382644653 0.004822492599487305

astutedetector0 1merged    1544655586.963488 1544655587.004103 1544655602.2030513 15.239563226699829 15.198948383331299 0.04061484336853027

********************************************
10.244.11.85 - - [12/Dec/2018 23:01:47] "GET /recv_runtime_profile?msg=rt_finish+2merged+1544655707.2163541&work_node=astutedetector1 HTTP/1.1" 200 -
Received flask message: astutedetector0 rt_finish 2merged 1544655707.304974
----------------------------
Worker node: astutedetector0
Input file : 2merged
Total duration time:15.217676639556885
Waiting time:0.03627610206604004
astutedetector0 execution time:15.181400537490845
----------------------------
********************************************
Runtime profiling info:
Task_name  local_input_file Enter_time Execute_time Finish_time Elapse_time Duration_time Waiting_time 

simpledetector0 2merged    1544655691.8444586 1544655691.8500724 1544655706.8857288 15.04127025604248 15.035656452178955 0.005613803863525391

simpledetector2 2merged    1544655692.1534147 1544655692.158149 1544655707.1861763 15.032761573791504 15.028027296066284 0.0047342777252197266

simpledetector2 1merged    1544655587.0258908 1544655587.036064 1544655602.0575895 15.03169870376587 15.021525621414185 0.01017308235168457

astutedetector2 1merged    1544655587.2028015 1544655587.2166774 1544655602.3481402 15.145338773727417 15.131462812423706 0.013875961303710938

astutedetector0 2merged    1544655692.0872974 1544655692.1235735 1544655707.304974 15.217676639556885 15.181400537490845 0.03627610206604004

globalfusion 1fusion    1544655614.4508905 1544655614.7022052 1544655624.7241452 10.273254632949829 10.021939992904663 0.251314640045166

fusioncenter2 1anomalies 1544655603.2155485 1544655603.5354838 1544655613.5550873 10.339538812637329 10.019603490829468 0.31993532180786133

aggregate0 2split     1544655675.6401837 1544655675.646155 1544655690.6711104 15.030926704406738 15.02495527267456 0.005971431732177734

localpro   1botnet    1544655554.3185058 1544655554.3315558 1544655569.3708751 15.052369356155396 15.039319276809692 0.013050079345703125

fusioncenter1 1anomalies 1544655603.0679874 1544655603.297395 1544655613.3111677 10.243180274963379 10.01377272605896 0.22940754890441895

simpledetector0 1merged    1544655586.693993 1544655586.7084258 1544655601.760492 15.06649899482727 15.052066326141357 0.014432668685913086

aggregate0 1split     1544655570.5167124 1544655570.5300953 1544655585.5534291 15.03671669960022 15.02333378791809 0.013382911682128906

aggregate2 1split     1544655570.8422117 1544655570.8581984 1544655585.8859508 15.043739080429077 15.02775239944458 0.01598668098449707

simpledetector1 2merged    1544655691.969704 1544655691.975384 1544655706.9984 15.028696060180664 15.023015975952148 0.005680084228515625

localpro   2botnet    1544655659.4242082 1544655659.428357 1544655674.4617236 15.03751540184021 15.033366680145264 0.004148721694946289

aggregate2 2split     1544655675.960838 1544655675.9652822 1544655690.9844568 15.023618698120117 15.019174575805664 0.004444122314453125

astutedetector1 1merged    1544655586.9865794 1544655586.995498 1544655602.1297638 15.143184423446655 15.134265899658203 0.008918523788452148

astutedetector1 2merged    1544655692.1104114 1544655692.1149662 1544655707.2163541 15.105942726135254 15.101387977600098 0.00455474853515625

simpledetector1 1merged    1544655586.8463237 1544655586.858213 1544655601.8767378 15.03041410446167 15.018524885177612 0.011889219284057617

fusioncenter0 1anomalies 1544655602.9701443 1544655603.4550273 1544655613.4741096 10.503965377807617 10.019082307815552 0.48488306999206543

aggregate1 1split     1544655570.668514 1544655570.680642 1544655585.703059 15.034544944763184 15.022417068481445 0.012127876281738281

aggregate1 2split     1544655675.8196385 1544655675.824461 1544655690.8345044 15.01486587524414 15.010043382644653 0.004822492599487305

astutedetector0 1merged    1544655586.963488 1544655587.004103 1544655602.2030513 15.239563226699829 15.198948383331299 0.04061484336853027

********************************************
10.244.21.54 - - [12/Dec/2018 23:01:47] "GET /recv_runtime_profile?msg=rt_finish+2merged+1544655707.304974&work_node=astutedetector0 HTTP/1.1" 200 -
Received flask message: astutedetector2 rt_finish 2merged 1544655707.441992
----------------------------
Worker node: astutedetector2
Input file : 2merged
Total duration time:15.104448318481445
Waiting time:0.005360126495361328
astutedetector2 execution time:15.099088191986084
----------------------------
********************************************
Runtime profiling info:
Task_name  local_input_file Enter_time Execute_time Finish_time Elapse_time Duration_time Waiting_time 

simpledetector0 2merged    1544655691.8444586 1544655691.8500724 1544655706.8857288 15.04127025604248 15.035656452178955 0.005613803863525391

simpledetector2 2merged    1544655692.1534147 1544655692.158149 1544655707.1861763 15.032761573791504 15.028027296066284 0.0047342777252197266

simpledetector2 1merged    1544655587.0258908 1544655587.036064 1544655602.0575895 15.03169870376587 15.021525621414185 0.01017308235168457

astutedetector2 1merged    1544655587.2028015 1544655587.2166774 1544655602.3481402 15.145338773727417 15.131462812423706 0.013875961303710938

astutedetector0 2merged    1544655692.0872974 1544655692.1235735 1544655707.304974 15.217676639556885 15.181400537490845 0.03627610206604004

globalfusion 1fusion    1544655614.4508905 1544655614.7022052 1544655624.7241452 10.273254632949829 10.021939992904663 0.251314640045166

fusioncenter2 1anomalies 1544655603.2155485 1544655603.5354838 1544655613.5550873 10.339538812637329 10.019603490829468 0.31993532180786133

aggregate0 2split     1544655675.6401837 1544655675.646155 1544655690.6711104 15.030926704406738 15.02495527267456 0.005971431732177734

localpro   1botnet    1544655554.3185058 1544655554.3315558 1544655569.3708751 15.052369356155396 15.039319276809692 0.013050079345703125

fusioncenter1 1anomalies 1544655603.0679874 1544655603.297395 1544655613.3111677 10.243180274963379 10.01377272605896 0.22940754890441895

simpledetector0 1merged    1544655586.693993 1544655586.7084258 1544655601.760492 15.06649899482727 15.052066326141357 0.014432668685913086

aggregate0 1split     1544655570.5167124 1544655570.5300953 1544655585.5534291 15.03671669960022 15.02333378791809 0.013382911682128906

aggregate2 1split     1544655570.8422117 1544655570.8581984 1544655585.8859508 15.043739080429077 15.02775239944458 0.01598668098449707

simpledetector1 2merged    1544655691.969704 1544655691.975384 1544655706.9984 15.028696060180664 15.023015975952148 0.005680084228515625

localpro   2botnet    1544655659.4242082 1544655659.428357 1544655674.4617236 15.03751540184021 15.033366680145264 0.004148721694946289

aggregate2 2split     1544655675.960838 1544655675.9652822 1544655690.9844568 15.023618698120117 15.019174575805664 0.004444122314453125

astutedetector1 1merged    1544655586.9865794 1544655586.995498 1544655602.1297638 15.143184423446655 15.134265899658203 0.008918523788452148

astutedetector1 2merged    1544655692.1104114 1544655692.1149662 1544655707.2163541 15.105942726135254 15.101387977600098 0.00455474853515625

simpledetector1 1merged    1544655586.8463237 1544655586.858213 1544655601.8767378 15.03041410446167 15.018524885177612 0.011889219284057617

fusioncenter0 1anomalies 1544655602.9701443 1544655603.4550273 1544655613.4741096 10.503965377807617 10.019082307815552 0.48488306999206543

aggregate1 1split     1544655570.668514 1544655570.680642 1544655585.703059 15.034544944763184 15.022417068481445 0.012127876281738281

astutedetector2 2merged    1544655692.3375437 1544655692.3429039 1544655707.441992 15.104448318481445 15.099088191986084 0.005360126495361328

aggregate1 2split     1544655675.8196385 1544655675.824461 1544655690.8345044 15.01486587524414 15.010043382644653 0.004822492599487305

astutedetector0 1merged    1544655586.963488 1544655587.004103 1544655602.2030513 15.239563226699829 15.198948383331299 0.04061484336853027

********************************************
10.244.18.86 - - [12/Dec/2018 23:01:47] "GET /recv_runtime_profile?work_node=astutedetector2&msg=rt_finish+2merged+1544655707.441992 HTTP/1.1" 200 -
Received flask message: fusioncenter0 rt_enter 2anomalies 1544655708.0812159
10.244.18.85 - - [12/Dec/2018 23:01:48] "GET /recv_runtime_profile?msg=rt_enter+2anomalies+1544655708.0812159&work_node=fusioncenter0 HTTP/1.1" 200 -
Received flask message: fusioncenter1 rt_enter 2anomalies 1544655708.1707122
10.244.19.92 - - [12/Dec/2018 23:01:48] "GET /recv_runtime_profile?work_node=fusioncenter1&msg=rt_enter+2anomalies+1544655708.1707122 HTTP/1.1" 200 -
Received flask message: fusioncenter2 rt_enter 2anomalies 1544655708.323966
10.244.4.65 - - [12/Dec/2018 23:01:48] "GET /recv_runtime_profile?work_node=fusioncenter2&msg=rt_enter+2anomalies+1544655708.323966 HTTP/1.1" 200 -
10.244.19.92 - - [12/Dec/2018 23:01:48] "GET /recv_runtime_profile?work_node=fusioncenter1&msg=rt_exec+2anomalies+1544655708.3831503 HTTP/1.1" 200 -
Received flask message: fusioncenter1 rt_exec 2anomalies 1544655708.3831503
Received flask message: fusioncenter0 rt_exec 2anomalies 1544655708.5429752
10.244.18.85 - - [12/Dec/2018 23:01:48] "GET /recv_runtime_profile?msg=rt_exec+2anomalies+1544655708.5429752&work_node=fusioncenter0 HTTP/1.1" 200 -
Received flask message: fusioncenter2 rt_exec 2anomalies 1544655708.5776348
10.244.4.65 - - [12/Dec/2018 23:01:48] "GET /recv_runtime_profile?work_node=fusioncenter2&msg=rt_exec+2anomalies+1544655708.5776348 HTTP/1.1" 200 -
Received flask message: fusioncenter1 rt_finish 2anomalies 1544655718.400978
----------------------------
Worker node: fusioncenter1
Input file : 2anomalies
Total duration time:10.230265855789185
Waiting time:0.21243810653686523
fusioncenter1 execution time:10.01782774925232
----------------------------
********************************************
Runtime profiling info:
Task_name  local_input_file Enter_time Execute_time Finish_time Elapse_time Duration_time Waiting_time 

simpledetector0 2merged    1544655691.8444586 1544655691.8500724 1544655706.8857288 15.04127025604248 15.035656452178955 0.005613803863525391

simpledetector2 2merged    1544655692.1534147 1544655692.158149 1544655707.1861763 15.032761573791504 15.028027296066284 0.0047342777252197266

simpledetector2 1merged    1544655587.0258908 1544655587.036064 1544655602.0575895 15.03169870376587 15.021525621414185 0.01017308235168457

astutedetector2 1merged    1544655587.2028015 1544655587.2166774 1544655602.3481402 15.145338773727417 15.131462812423706 0.013875961303710938

astutedetector0 2merged    1544655692.0872974 1544655692.1235735 1544655707.304974 15.217676639556885 15.181400537490845 0.03627610206604004

globalfusion 1fusion    1544655614.4508905 1544655614.7022052 1544655624.7241452 10.273254632949829 10.021939992904663 0.251314640045166

fusioncenter2 1anomalies 1544655603.2155485 1544655603.5354838 1544655613.5550873 10.339538812637329 10.019603490829468 0.31993532180786133

aggregate0 2split     1544655675.6401837 1544655675.646155 1544655690.6711104 15.030926704406738 15.02495527267456 0.005971431732177734

localpro   1botnet    1544655554.3185058 1544655554.3315558 1544655569.3708751 15.052369356155396 15.039319276809692 0.013050079345703125

fusioncenter1 1anomalies 1544655603.0679874 1544655603.297395 1544655613.3111677 10.243180274963379 10.01377272605896 0.22940754890441895

simpledetector0 1merged    1544655586.693993 1544655586.7084258 1544655601.760492 15.06649899482727 15.052066326141357 0.014432668685913086

aggregate0 1split     1544655570.5167124 1544655570.5300953 1544655585.5534291 15.03671669960022 15.02333378791809 0.013382911682128906

aggregate2 1split     1544655570.8422117 1544655570.8581984 1544655585.8859508 15.043739080429077 15.02775239944458 0.01598668098449707

simpledetector1 2merged    1544655691.969704 1544655691.975384 1544655706.9984 15.028696060180664 15.023015975952148 0.005680084228515625

fusioncenter1 2anomalies 1544655708.1707122 1544655708.3831503 1544655718.400978 10.230265855789185 10.01782774925232 0.21243810653686523

localpro   2botnet    1544655659.4242082 1544655659.428357 1544655674.4617236 15.03751540184021 15.033366680145264 0.004148721694946289

aggregate2 2split     1544655675.960838 1544655675.9652822 1544655690.9844568 15.023618698120117 15.019174575805664 0.004444122314453125

astutedetector1 1merged    1544655586.9865794 1544655586.995498 1544655602.1297638 15.143184423446655 15.134265899658203 0.008918523788452148

astutedetector1 2merged    1544655692.1104114 1544655692.1149662 1544655707.2163541 15.105942726135254 15.101387977600098 0.00455474853515625

simpledetector1 1merged    1544655586.8463237 1544655586.858213 1544655601.8767378 15.03041410446167 15.018524885177612 0.011889219284057617

fusioncenter0 1anomalies 1544655602.9701443 1544655603.4550273 1544655613.4741096 10.503965377807617 10.019082307815552 0.48488306999206543

aggregate1 1split     1544655570.668514 1544655570.680642 1544655585.703059 15.034544944763184 15.022417068481445 0.012127876281738281

astutedetector2 2merged    1544655692.3375437 1544655692.3429039 1544655707.441992 15.104448318481445 15.099088191986084 0.005360126495361328

aggregate1 2split     1544655675.8196385 1544655675.824461 1544655690.8345044 15.01486587524414 15.010043382644653 0.004822492599487305

astutedetector0 1merged    1544655586.963488 1544655587.004103 1544655602.2030513 15.239563226699829 15.198948383331299 0.04061484336853027

********************************************
10.244.19.92 - - [12/Dec/2018 23:01:58] "GET /recv_runtime_profile?work_node=fusioncenter1&msg=rt_finish+2anomalies+1544655718.400978 HTTP/1.1" 200 -
Received flask message: fusioncenter0 rt_finish 2anomalies 1544655718.5627534
----------------------------
Worker node: fusioncenter0
Input file : 2anomalies
Total duration time:10.481537580490112
Waiting time:0.4617593288421631
fusioncenter0 execution time:10.01977825164795
----------------------------
********************************************
Runtime profiling info:
Task_name  local_input_file Enter_time Execute_time Finish_time Elapse_time Duration_time Waiting_time 

simpledetector0 2merged    1544655691.8444586 1544655691.8500724 1544655706.8857288 15.04127025604248 15.035656452178955 0.005613803863525391

simpledetector2 2merged    1544655692.1534147 1544655692.158149 1544655707.1861763 15.032761573791504 15.028027296066284 0.0047342777252197266

simpledetector2 1merged    1544655587.0258908 1544655587.036064 1544655602.0575895 15.03169870376587 15.021525621414185 0.01017308235168457

astutedetector2 1merged    1544655587.2028015 1544655587.2166774 1544655602.3481402 15.145338773727417 15.131462812423706 0.013875961303710938

astutedetector0 2merged    1544655692.0872974 1544655692.1235735 1544655707.304974 15.217676639556885 15.181400537490845 0.03627610206604004

globalfusion 1fusion    1544655614.4508905 1544655614.7022052 1544655624.7241452 10.273254632949829 10.021939992904663 0.251314640045166

fusioncenter2 1anomalies 1544655603.2155485 1544655603.5354838 1544655613.5550873 10.339538812637329 10.019603490829468 0.31993532180786133

aggregate0 2split     1544655675.6401837 1544655675.646155 1544655690.6711104 15.030926704406738 15.02495527267456 0.005971431732177734

localpro   1botnet    1544655554.3185058 1544655554.3315558 1544655569.3708751 15.052369356155396 15.039319276809692 0.013050079345703125

fusioncenter1 1anomalies 1544655603.0679874 1544655603.297395 1544655613.3111677 10.243180274963379 10.01377272605896 0.22940754890441895

simpledetector0 1merged    1544655586.693993 1544655586.7084258 1544655601.760492 15.06649899482727 15.052066326141357 0.014432668685913086

aggregate0 1split     1544655570.5167124 1544655570.5300953 1544655585.5534291 15.03671669960022 15.02333378791809 0.013382911682128906

aggregate2 1split     1544655570.8422117 1544655570.8581984 1544655585.8859508 15.043739080429077 15.02775239944458 0.01598668098449707

simpledetector1 2merged    1544655691.969704 1544655691.975384 1544655706.9984 15.028696060180664 15.023015975952148 0.005680084228515625

fusioncenter1 2anomalies 1544655708.1707122 1544655708.3831503 1544655718.400978 10.230265855789185 10.01782774925232 0.21243810653686523

fusioncenter0 2anomalies 1544655708.0812159 1544655708.5429752 1544655718.5627534 10.481537580490112 10.01977825164795 0.4617593288421631

localpro   2botnet    1544655659.4242082 1544655659.428357 1544655674.4617236 15.03751540184021 15.033366680145264 0.004148721694946289

aggregate2 2split     1544655675.960838 1544655675.9652822 1544655690.9844568 15.023618698120117 15.019174575805664 0.004444122314453125

astutedetector1 1merged    1544655586.9865794 1544655586.995498 1544655602.1297638 15.143184423446655 15.134265899658203 0.008918523788452148

astutedetector1 2merged    1544655692.1104114 1544655692.1149662 1544655707.2163541 15.105942726135254 15.101387977600098 0.00455474853515625

simpledetector1 1merged    1544655586.8463237 1544655586.858213 1544655601.8767378 15.03041410446167 15.018524885177612 0.011889219284057617

fusioncenter0 1anomalies 1544655602.9701443 1544655603.4550273 1544655613.4741096 10.503965377807617 10.019082307815552 0.48488306999206543

aggregate1 1split     1544655570.668514 1544655570.680642 1544655585.703059 15.034544944763184 15.022417068481445 0.012127876281738281

astutedetector2 2merged    1544655692.3375437 1544655692.3429039 1544655707.441992 15.104448318481445 15.099088191986084 0.005360126495361328

aggregate1 2split     1544655675.8196385 1544655675.824461 1544655690.8345044 15.01486587524414 15.010043382644653 0.004822492599487305

astutedetector0 1merged    1544655586.963488 1544655587.004103 1544655602.2030513 15.239563226699829 15.198948383331299 0.04061484336853027

********************************************
10.244.18.85 - - [12/Dec/2018 23:01:58] "GET /recv_runtime_profile?msg=rt_finish+2anomalies+1544655718.5627534&work_node=fusioncenter0 HTTP/1.1" 200 -
Received flask message: fusioncenter2 rt_finish 2anomalies 1544655718.5979483
----------------------------
Worker node: fusioncenter2
Input file : 2anomalies
Total duration time:10.273982286453247
Waiting time:0.25366878509521484
fusioncenter2 execution time:10.020313501358032
----------------------------
********************************************
Runtime profiling info:
Task_name  local_input_file Enter_time Execute_time Finish_time Elapse_time Duration_time Waiting_time 

simpledetector0 2merged    1544655691.8444586 1544655691.8500724 1544655706.8857288 15.04127025604248 15.035656452178955 0.005613803863525391

simpledetector2 2merged    1544655692.1534147 1544655692.158149 1544655707.1861763 15.032761573791504 15.028027296066284 0.0047342777252197266

simpledetector2 1merged    1544655587.0258908 1544655587.036064 1544655602.0575895 15.03169870376587 15.021525621414185 0.01017308235168457

astutedetector2 1merged    1544655587.2028015 1544655587.2166774 1544655602.3481402 15.145338773727417 15.131462812423706 0.013875961303710938

astutedetector0 2merged    1544655692.0872974 1544655692.1235735 1544655707.304974 15.217676639556885 15.181400537490845 0.03627610206604004

globalfusion 1fusion    1544655614.4508905 1544655614.7022052 1544655624.7241452 10.273254632949829 10.021939992904663 0.251314640045166

fusioncenter2 1anomalies 1544655603.2155485 1544655603.5354838 1544655613.5550873 10.339538812637329 10.019603490829468 0.31993532180786133

aggregate0 2split     1544655675.6401837 1544655675.646155 1544655690.6711104 15.030926704406738 15.02495527267456 0.005971431732177734

localpro   1botnet    1544655554.3185058 1544655554.3315558 1544655569.3708751 15.052369356155396 15.039319276809692 0.013050079345703125

fusioncenter1 1anomalies 1544655603.0679874 1544655603.297395 1544655613.3111677 10.243180274963379 10.01377272605896 0.22940754890441895

simpledetector0 1merged    1544655586.693993 1544655586.7084258 1544655601.760492 15.06649899482727 15.052066326141357 0.014432668685913086

aggregate0 1split     1544655570.5167124 1544655570.5300953 1544655585.5534291 15.03671669960022 15.02333378791809 0.013382911682128906

aggregate2 1split     1544655570.8422117 1544655570.8581984 1544655585.8859508 15.043739080429077 15.02775239944458 0.01598668098449707

simpledetector1 2merged    1544655691.969704 1544655691.975384 1544655706.9984 15.028696060180664 15.023015975952148 0.005680084228515625

fusioncenter1 2anomalies 1544655708.1707122 1544655708.3831503 1544655718.400978 10.230265855789185 10.01782774925232 0.21243810653686523

fusioncenter0 2anomalies 1544655708.0812159 1544655708.5429752 1544655718.5627534 10.481537580490112 10.01977825164795 0.4617593288421631

localpro   2botnet    1544655659.4242082 1544655659.428357 1544655674.4617236 15.03751540184021 15.033366680145264 0.004148721694946289

aggregate2 2split     1544655675.960838 1544655675.9652822 1544655690.9844568 15.023618698120117 15.019174575805664 0.004444122314453125

astutedetector1 1merged    1544655586.9865794 1544655586.995498 1544655602.1297638 15.143184423446655 15.134265899658203 0.008918523788452148

astutedetector1 2merged    1544655692.1104114 1544655692.1149662 1544655707.2163541 15.105942726135254 15.101387977600098 0.00455474853515625

simpledetector1 1merged    1544655586.8463237 1544655586.858213 1544655601.8767378 15.03041410446167 15.018524885177612 0.011889219284057617

fusioncenter0 1anomalies 1544655602.9701443 1544655603.4550273 1544655613.4741096 10.503965377807617 10.019082307815552 0.48488306999206543

aggregate1 1split     1544655570.668514 1544655570.680642 1544655585.703059 15.034544944763184 15.022417068481445 0.012127876281738281

astutedetector2 2merged    1544655692.3375437 1544655692.3429039 1544655707.441992 15.104448318481445 15.099088191986084 0.005360126495361328

aggregate1 2split     1544655675.8196385 1544655675.824461 1544655690.8345044 15.01486587524414 15.010043382644653 0.004822492599487305

fusioncenter2 2anomalies 1544655708.323966 1544655708.5776348 1544655718.5979483 10.273982286453247 10.020313501358032 0.25366878509521484

astutedetector0 1merged    1544655586.963488 1544655587.004103 1544655602.2030513 15.239563226699829 15.198948383331299 0.04061484336853027

********************************************
10.244.4.65 - - [12/Dec/2018 23:01:58] "GET /recv_runtime_profile?work_node=fusioncenter2&msg=rt_finish+2anomalies+1544655718.5979483 HTTP/1.1" 200 -
Received flask message: globalfusion rt_enter 2fusion 1544655719.5386007
10.244.11.88 - - [12/Dec/2018 23:01:59] "GET /recv_runtime_profile?work_node=globalfusion&msg=rt_enter+2fusion+1544655719.5386007 HTTP/1.1" 200 -
Received flask message: globalfusion rt_exec 2fusion 1544655719.7799766
10.244.11.88 - - [12/Dec/2018 23:01:59] "GET /recv_runtime_profile?work_node=globalfusion&msg=rt_exec+2fusion+1544655719.7799766 HTTP/1.1" 200 -
Received flask message: globalfusion rt_finish 2fusion 1544655729.7974648
----------------------------
Worker node: globalfusion
Input file : 2fusion
Total duration time:10.258864164352417
Waiting time:0.24137592315673828
globalfusion execution time:10.017488241195679
----------------------------
********************************************
Runtime profiling info:
Task_name  local_input_file Enter_time Execute_time Finish_time Elapse_time Duration_time Waiting_time 

simpledetector0 2merged    1544655691.8444586 1544655691.8500724 1544655706.8857288 15.04127025604248 15.035656452178955 0.005613803863525391

simpledetector2 2merged    1544655692.1534147 1544655692.158149 1544655707.1861763 15.032761573791504 15.028027296066284 0.0047342777252197266

simpledetector2 1merged    1544655587.0258908 1544655587.036064 1544655602.0575895 15.03169870376587 15.021525621414185 0.01017308235168457

astutedetector2 1merged    1544655587.2028015 1544655587.2166774 1544655602.3481402 15.145338773727417 15.131462812423706 0.013875961303710938

astutedetector0 2merged    1544655692.0872974 1544655692.1235735 1544655707.304974 15.217676639556885 15.181400537490845 0.03627610206604004

globalfusion 1fusion    1544655614.4508905 1544655614.7022052 1544655624.7241452 10.273254632949829 10.021939992904663 0.251314640045166

globalfusion 2fusion    1544655719.5386007 1544655719.7799766 1544655729.7974648 10.258864164352417 10.017488241195679 0.24137592315673828

fusioncenter2 1anomalies 1544655603.2155485 1544655603.5354838 1544655613.5550873 10.339538812637329 10.019603490829468 0.31993532180786133

aggregate0 2split     1544655675.6401837 1544655675.646155 1544655690.6711104 15.030926704406738 15.02495527267456 0.005971431732177734

localpro   1botnet    1544655554.3185058 1544655554.3315558 1544655569.3708751 15.052369356155396 15.039319276809692 0.013050079345703125

fusioncenter1 1anomalies 1544655603.0679874 1544655603.297395 1544655613.3111677 10.243180274963379 10.01377272605896 0.22940754890441895

simpledetector0 1merged    1544655586.693993 1544655586.7084258 1544655601.760492 15.06649899482727 15.052066326141357 0.014432668685913086

aggregate0 1split     1544655570.5167124 1544655570.5300953 1544655585.5534291 15.03671669960022 15.02333378791809 0.013382911682128906

aggregate2 1split     1544655570.8422117 1544655570.8581984 1544655585.8859508 15.043739080429077 15.02775239944458 0.01598668098449707

simpledetector1 2merged    1544655691.969704 1544655691.975384 1544655706.9984 15.028696060180664 15.023015975952148 0.005680084228515625

fusioncenter1 2anomalies 1544655708.1707122 1544655708.3831503 1544655718.400978 10.230265855789185 10.01782774925232 0.21243810653686523

fusioncenter0 2anomalies 1544655708.0812159 1544655708.5429752 1544655718.5627534 10.481537580490112 10.01977825164795 0.4617593288421631

localpro   2botnet    1544655659.4242082 1544655659.428357 1544655674.4617236 15.03751540184021 15.033366680145264 0.004148721694946289

aggregate2 2split     1544655675.960838 1544655675.9652822 1544655690.9844568 15.023618698120117 15.019174575805664 0.004444122314453125

astutedetector1 1merged    1544655586.9865794 1544655586.995498 1544655602.1297638 15.143184423446655 15.134265899658203 0.008918523788452148

astutedetector1 2merged    1544655692.1104114 1544655692.1149662 1544655707.2163541 15.105942726135254 15.101387977600098 0.00455474853515625

simpledetector1 1merged    1544655586.8463237 1544655586.858213 1544655601.8767378 15.03041410446167 15.018524885177612 0.011889219284057617

fusioncenter0 1anomalies 1544655602.9701443 1544655603.4550273 1544655613.4741096 10.503965377807617 10.019082307815552 0.48488306999206543

aggregate1 1split     1544655570.668514 1544655570.680642 1544655585.703059 15.034544944763184 15.022417068481445 0.012127876281738281

astutedetector2 2merged    1544655692.3375437 1544655692.3429039 1544655707.441992 15.104448318481445 15.099088191986084 0.005360126495361328

aggregate1 2split     1544655675.8196385 1544655675.824461 1544655690.8345044 15.01486587524414 15.010043382644653 0.004822492599487305

fusioncenter2 2anomalies 1544655708.323966 1544655708.5776348 1544655718.5979483 10.273982286453247 10.020313501358032 0.25366878509521484

astutedetector0 1merged    1544655586.963488 1544655587.004103 1544655602.2030513 15.239563226699829 15.198948383331299 0.04061484336853027

********************************************
10.244.11.88 - - [12/Dec/2018 23:02:09] "GET /recv_runtime_profile?work_node=globalfusion&msg=rt_finish+2fusion+1544655729.7974648 HTTP/1.1" 200 -
/output/2global_anomalies.log created
ending time is:  [1544655625.8757777, 1544655730.9471962]
execution time is:  [72.22788286209106, 72.22038888931274]
Recieved request for number of output files. Current done: 2
10.244.0.0 - - [12/Dec/2018 23:02:12] "GET / HTTP/1.1" 200 -
