 * Starting OpenBSD Secure Shell server sshd
   ...done.
-------------------------------------
Automatically generating HEFT input
-------------------------------------
Perform HEFT scheduling
read_input_heft.py:194: SyntaxWarning: name 'MONGO_SVC_PORT' is assigned to before global declaration
  global profiler_ip,exec_home_ip,num_nodes,MONGO_SVC_PORT,network_map,node_list, home_profiler_ip
('tasks: ', {'simpledetector2': ['fusioncenter2'], 'simpledetector1': ['fusioncenter1'], 'simpledetector0': ['fusioncenter0'], 'globalfusion': [], 'aggregate1': ['simpledetector1', 'astutedetector1'], 'aggregate0': ['simpledetector0', 'astutedetector0'], 'aggregate2': ['simpledetector2', 'astutedetector2'], 'localpro': ['aggregate0', 'aggregate1', 'aggregate2'], 'astutedetector1': ['fusioncenter1'], 'astutedetector0': ['fusioncenter0'], 'astutedetector2': ['fusioncenter2'], 'fusioncenter0': ['globalfusion'], 'fusioncenter1': ['globalfusion'], 'fusioncenter2': ['globalfusion']})
('task order', ['localpro', 'aggregate0', 'aggregate1', 'aggregate2', 'simpledetector0', 'simpledetector1', 'simpledetector2', 'astutedetector0', 'astutedetector1', 'astutedetector2', 'fusioncenter0', 'fusioncenter1', 'fusioncenter2', 'globalfusion'])
('super tasks', [])
('non tasks', [])
No input TGFF file found!
---------------------------------------------

 Read task list from DAG file, Non-DAG info and global information 

tasks:  {'simpledetector2': ['fusioncenter2'], 'localpro': ['aggregate0', 'aggregate1', 'aggregate2'], 'aggregate0': ['simpledetector0', 'astutedetector0'], 'astutedetector0': ['fusioncenter0'], 'aggregate1': ['simpledetector1', 'astutedetector1'], 'astutedetector2': ['fusioncenter2'], 'aggregate2': ['simpledetector2', 'astutedetector2'], 'astutedetector1': ['fusioncenter1'], 'fusioncenter2': ['globalfusion'], 'simpledetector0': ['fusioncenter0'], 'fusioncenter1': ['globalfusion'], 'fusioncenter0': ['globalfusion'], 'globalfusion': [], 'simpledetector1': ['fusioncenter1']}
task order ['localpro', 'aggregate0', 'aggregate1', 'aggregate2', 'simpledetector0', 'simpledetector1', 'simpledetector2', 'astutedetector0', 'astutedetector1', 'astutedetector2', 'fusioncenter0', 'fusioncenter1', 'fusioncenter2', 'globalfusion']
super tasks []
---------------------------------------------

 Create input HEFT file 

No available profiling information
---------------------------------------------

 Step 1: Read task list from DAG file and global information 

5
[['home2', '10.100.170.186'], ['node3', '10.97.24.109'], ['node4', '10.109.100.50'], ['node5', '10.96.92.120'], ['node6', '10.111.51.217']]
10.108.72.47
Num nodes :5
{'10.111.51.217': 'node6', '10.109.100.50': 'node4', '10.100.170.186': 'home2', '10.96.92.120': 'node5', '10.97.24.109': 'node3'}
['home2', 'node3', 'node4', 'node5', 'node6']
------------------------------------------------------------

 Step 2: Read network profiler information : 

------------------------------------------------------------

 Step 3: Read execution Profiler Information : 

[['home2', '10.100.170.186'], ['node3', '10.97.24.109'], ['node4', '10.109.100.50'], ['node5', '10.96.92.120'], ['node6', '10.111.51.217']]
Check Network Profiler IP: home2-10.100.170.186
Database(MongoClient(host=['10.108.72.47:6200'], document_class=dict, tz_aware=False, connect=True), 'execution_profiler')
--- Number of neighbors: 5
Check Network Profiler IP: node3-10.97.24.109
Current number of updated execution profilers:
6
--- Check execution profiler ID : home
--- Number of neighbors: 5
--- Check execution profiler ID : home2
--- Check execution profiler ID : node3
Check Network Profiler IP: node4-10.109.100.50
--- Check execution profiler ID : node4
--- Check execution profiler ID : node6
--- Check execution profiler ID : node5
Execution information has already been provided
--- Number of neighbors: 5
Check Network Profiler IP: node5-10.96.92.120
--- Number of neighbors: 5
Check Network Profiler IP: node6-10.111.51.217
--- Number of neighbors: 5
Network information has already been provided
['home', 'localpro', '15', '986.736']
['home', 'aggregate0', '15', '701.92']
['home', 'aggregate1', '15', '127.048']
['home', 'aggregate2', '15', '157.768']
['home', 'simpledetector0', '15', '7.616']
['home', 'simpledetector1', '15', '7.616']
['home', 'simpledetector2', '15', '7.168']
['home', 'astutedetector0', '15', '4.152']
['home', 'astutedetector1', '15', '3.48']
['home', 'astutedetector2', '15', '4.704']
['home', 'fusioncenter0', '10', '0.984']
['home', 'fusioncenter1', '10', '0.44']
['home', 'fusioncenter2', '10', '0.768']
['home', 'globalfusion', '10', '1.312']
['localpro', 'aggregate0', 'aggregate1', 'aggregate2', 'simpledetector0', 'simpledetector1', 'simpledetector2', 'astutedetector0', 'astutedetector1', 'astutedetector2', 'fusioncenter0', 'fusioncenter1', 'fusioncenter2', 'globalfusion']
{'simpledetector2': 't0_6', 'localpro': 't0_0', 'aggregate0': 't0_1', 'astutedetector0': 't0_7', 'aggregate1': 't0_2', 'astutedetector2': 't0_9', 'aggregate2': 't0_3', 'astutedetector1': 't0_8', 'fusioncenter2': 't0_12', 'simpledetector0': 't0_4', 'fusioncenter1': 't0_11', 'fusioncenter0': 't0_10', 'globalfusion': 't0_13', 'simpledetector1': 't0_5'}
{'simpledetector2': 6, 'localpro': 0, 'aggregate0': 1, 'astutedetector0': 7, 'aggregate1': 2, 'astutedetector2': 9, 'aggregate2': 3, 'astutedetector1': 8, 'fusioncenter2': 12, 'simpledetector0': 4, 'fusioncenter1': 11, 'fusioncenter0': 10, 'globalfusion': 13, 'simpledetector1': 5}
{'simpledetector2': '7.168', 'localpro': '986.736', 'aggregate0': '701.92', 'astutedetector0': '4.152', 'aggregate1': '127.048', 'astutedetector2': '4.728', 'aggregate2': '157.768', 'astutedetector1': '3.48', 'fusioncenter2': '0.792', 'simpledetector0': '7.616', 'fusioncenter1': '0.44', 'fusioncenter0': '0.984', 'globalfusion': '1.336', 'simpledetector1': '7.616'}
[[150, 150, 150, 150, 150], [150, 150, 150, 150, 150], [150, 150, 150, 150, 150], [150, 150, 150, 150, 150], [150, 150, 150, 150, 150], [150, 150, 150, 150, 150], [150, 150, 150, 150, 150], [150, 150, 150, 150, 150], [150, 150, 150, 150, 150], [150, 150, 150, 150, 150], [100, 100, 100, 100, 100], [100, 100, 100, 100, 100], [100, 100, 100, 100, 100], [100, 100, 100, 100, 100]]
	TASK localpro	TYPE 0 

	TASK aggregate0	TYPE 1 

	TASK aggregate1	TYPE 2 

	TASK aggregate2	TYPE 3 

	TASK simpledetector0	TYPE 4 

	TASK simpledetector1	TYPE 5 

	TASK simpledetector2	TYPE 6 

	TASK astutedetector0	TYPE 7 

	TASK astutedetector1	TYPE 8 

	TASK astutedetector2	TYPE 9 

	TASK fusioncenter0	TYPE 10 

	TASK fusioncenter1	TYPE 11 

	TASK fusioncenter2	TYPE 12 

	TASK globalfusion	TYPE 13 

task_names: ['localpro', 'aggregate0', 'aggregate1', 'aggregate2', 'simpledetector0', 'simpledetector1', 'simpledetector2', 'astutedetector0', 'astutedetector1', 'astutedetector2', 'fusioncenter0', 'fusioncenter1', 'fusioncenter2', 'globalfusion']
==================
Checking the written information
14
[<map object at 0x7fe23efa6518>, <map object at 0x7fe23efa6748>, <map object at 0x7fe23efa68d0>, <map object at 0x7fe23efa6a58>, <map object at 0x7fe23efa6be0>, <map object at 0x7fe23efa6d68>, <map object at 0x7fe23efa6ef0>, <map object at 0x7fe23ef280b8>, <map object at 0x7fe23ef28240>, <map object at 0x7fe23ef283c8>, <map object at 0x7fe23ef28588>, <map object at 0x7fe23ef28748>, <map object at 0x7fe23ef28908>, <map object at 0x7fe23ef28ac8>]
[[0, 1, 1, 1, 1], [1, 0, 1, 1, 1], [1, 1, 0, 1, 1], [1, 1, 1, 0, 1], [1, 1, 1, 1, 0]]
[[-1, 986, 986, 986, -1, -1, -1, -1, -1, -1, -1, -1, -1, -1], [-1, -1, -1, -1, 701, -1, -1, 701, -1, -1, -1, -1, -1, -1], [-1, -1, -1, -1, -1, 127, -1, -1, 127, -1, -1, -1, -1, -1], [-1, -1, -1, -1, -1, -1, 157, -1, -1, 157, -1, -1, -1, -1], [-1, -1, -1, -1, -1, -1, -1, -1, -1, -1, 7, -1, -1, -1], [-1, -1, -1, -1, -1, -1, -1, -1, -1, -1, -1, 7, -1, -1], [-1, -1, -1, -1, -1, -1, -1, -1, -1, -1, -1, -1, 7, -1], [-1, -1, -1, -1, -1, -1, -1, -1, -1, -1, 4, -1, -1, -1], [-1, -1, -1, -1, -1, -1, -1, -1, -1, -1, -1, 3, -1, -1], [-1, -1, -1, -1, -1, -1, -1, -1, -1, -1, -1, -1, 4, -1], [-1, -1, -1, -1, -1, -1, -1, -1, -1, -1, -1, -1, -1, 0], [-1, -1, -1, -1, -1, -1, -1, -1, -1, -1, -1, -1, -1, 0], [-1, -1, -1, -1, -1, -1, -1, -1, -1, -1, -1, -1, -1, 0], [-1, -1, -1, -1, -1, -1, -1, -1, -1, -1, -1, -1, -1, -1]]
[[(0, 0, 0), (-5.86460830768734e-07, 0.05716128696526914, 1348.2205452917885), (-9.812063994557675e-06, 0.8408701940039359, 3881.3437157098865), (-3.878324963396751e-07, 0.03973625985479025, 1256.1610194716368), (-1.0675925664015575e-07, 0.011161386323959206, 368.0958395634586)], [(-5.736499490720804e-07, 0.05588789551134427, 1378.6552577839245), (0, 0, 0), (-1.133442200665479e-06, 0.11032081560678338, 2550.189113551892), (-9.163310283655708e-08, 0.010282941198045575, 284.15125151145065), (-6.85853541254471e-07, 0.06648756295284426, 1585.252663344463)], [(-1.7343023641353607e-06, 0.20537517827702267, 3755.0207355792954), (-7.380887002642099e-06, 0.6130337288070501, 2374.311903795565), (0, 0, 0), (-9.520071577557259e-07, 0.11094530971380799, 2377.7257498413305), (-1.425078609947894e-06, 0.16919705063783005, 3740.310180811834)], [(-5.741799790928481e-07, 0.058131982514282546, 1123.6932571378125), (3.665389025523296e-08, 0.003032579719973676, 301.78699410773123), (-1.265888181085441e-06, 0.1222065844572809, 2323.0621457360053), (0, 0, 0), (-3.811877196242245e-06, 0.3252720045398042, 1267.2538697407772)], [(-1.149441353877653e-06, 0.09500855824648373, 347.40667176494094), (-5.640039986588772e-07, 0.05591317373622854, 1613.4307922819755), (-1.9359245980293116e-06, 0.2073427653424039, 3727.5836680085813), (-5.891398114939594e-07, 0.057964263342800054, 1421.280783368043), (0, 0, 0)]]
	TASK localpro	TYPE 0 

	TASK aggregate0	TYPE 1 

	TASK aggregate1	TYPE 2 

	TASK aggregate2	TYPE 3 

	TASK simpledetector0	TYPE 4 

	TASK simpledetector1	TYPE 5 

	TASK simpledetector2	TYPE 6 

	TASK astutedetector0	TYPE 7 

	TASK astutedetector1	TYPE 8 

	TASK astutedetector2	TYPE 9 

	TASK fusioncenter0	TYPE 10 

	TASK fusioncenter1	TYPE 11 

	TASK fusioncenter2	TYPE 12 

	TASK globalfusion	TYPE 13 

('task_names:', ['localpro', 'aggregate0', 'aggregate1', 'aggregate2', 'simpledetector0', 'simpledetector1', 'simpledetector2', 'astutedetector0', 'astutedetector1', 'astutedetector2', 'fusioncenter0', 'fusioncenter1', 'fusioncenter2', 'globalfusion'])
==================
(0, 1)
(1, 1)
(2, 1)
(3, 1)
(4, 1)
(0, 3)
(1, 3)
(2, 3)
(3, 3)
(4, 3)
(0, 2)
(1, 2)
(2, 2)
(3, 2)
(4, 2)
(0, 4)
(1, 4)
(2, 4)
(3, 4)
(4, 4)
(0, 5)
(1, 5)
(2, 5)
(3, 5)
(4, 5)
(0, 6)
(1, 6)
(2, 6)
(3, 6)
(4, 6)
(0, 7)
(1, 7)
(2, 7)
(3, 7)
(4, 7)
(0, 9)
(1, 9)
(2, 9)
(3, 9)
(4, 9)
(0, 8)
(1, 8)
(2, 8)
(3, 8)
(4, 8)
(0, 10)
(1, 10)
(2, 10)
(3, 10)
(4, 10)
(0, 11)
(1, 11)
(2, 11)
(3, 11)
(4, 11)
(0, 12)
(1, 12)
(2, 12)
(3, 12)
(4, 12)
(0, 13)
(1, 13)
(2, 13)
(3, 13)
(4, 13)
task 3 dup on node5
Assign random master and slaves
task 0 : up_rank = 8324.784646, down_rank = 0.000000
task 1 : up_rank = 6166.709910, down_rank = 2158.074736
task 3 : up_rank = 6080.063262, down_rank = 2158.074736
task 2 : up_rank = 6075.255057, down_rank = 2158.074736
task 4 : up_rank = 4053.618897, down_rank = 4271.165749
task 5 : up_rank = 4053.618897, down_rank = 4179.710896
task 6 : up_rank = 4053.618897, down_rank = 4184.519101
task 7 : up_rank = 4053.136654, down_rank = 4271.165749
task 9 : up_rank = 4053.136654, down_rank = 4184.519101
task 8 : up_rank = 4052.975900, down_rank = 4179.710896
task 10 : up_rank = 2051.246808, down_rank = 6273.537838
task 11 : up_rank = 2051.246808, down_rank = 6182.082985
task 12 : up_rank = 2051.246808, down_rank = 6186.891190
task 13 : up_rank = 100.000000, down_rank = 8224.784646
home2:
task 1 : ast = 0, aft = 150
task 2 : ast = 150, aft = 300
task 4 : ast = 300, aft = 450
task 3 : ast = 450, aft = 600
task 5 : ast = 600, aft = 750
task 6 : ast = 750, aft = 900
task 8 : ast = 900, aft = 1050
task 9 : ast = 1050, aft = 1200
task 11 : ast = 1200, aft = 1300
task 12 : ast = 1300, aft = 1400
task 14 : ast = 1426, aft = 1526
node3:
node4:
node5:
node6:
task 7 : ast = 678, aft = 828
task 10 : ast = 828, aft = 978
task 13 : ast = 978, aft = 1078
redundant task 4 on node6
makespan = 1526
{'globalfusion': 'home2', 'simpledetector1': 'home2', 'simpledetector0': 'home2', 'simpledetector2': 'node6', 'aggregate1': 'home2', 'aggregate0': 'home2', 'aggregate2': 'home2', 'localpro': 'home2', 'astutedetector1': 'home2', 'astutedetector0': 'home2', 'astutedetector2': 'node6', 'fusioncenter0': 'home2', 'fusioncenter1': 'home2', 'fusioncenter2': 'node6'}
 * Serving Flask app "master" (lazy loading)
 * Environment: production
   WARNING: Do not use the development server in a production environment.
   Use a production WSGI server instead.
 * Debug mode: off
 * Running on http://0.0.0.0:8888/ (Press CTRL+C to quit)
10.244.0.0 - - [24/Nov/2018 07:54:04] "GET / HTTP/1.1" 200 -
('Recieved request for current mapping. Current mappings done:', 14)
{'globalfusion': 'home2', 'simpledetector1': 'home2', 'simpledetector0': 'home2', 'simpledetector2': 'node6', 'aggregate1': 'home2', 'aggregate0': 'home2', 'aggregate2': 'home2', 'localpro': 'home2', 'astutedetector1': 'home2', 'astutedetector0': 'home2', 'astutedetector2': 'node6', 'fusioncenter0': 'home2', 'fusioncenter1': 'home2', 'fusioncenter2': 'node6'}
