 * Starting OpenBSD Secure Shell server sshd
   ...done.
-------------------------------------
Automatically generating HEFT input
-------------------------------------
Perform HEFT scheduling
read_input_heft.py:194: SyntaxWarning: name 'MONGO_SVC_PORT' is assigned to before global declaration
  global profiler_ip,exec_home_ip,num_nodes,MONGO_SVC_PORT,network_map,node_list, home_profiler_ip
('tasks: ', {'simpledetector2': ['fusioncenter2'], 'simpledetector1': ['fusioncenter1'], 'simpledetector0': ['fusioncenter0'], 'globalfusion': [], 'aggregate1': ['simpledetector1', 'astutedetector1'], 'aggregate0': ['simpledetector0', 'astutedetector0'], 'aggregate2': ['simpledetector2', 'astutedetector2'], 'localpro': ['aggregate0', 'aggregate1', 'aggregate2'], 'astutedetector1': ['fusioncenter1'], 'astutedetector0': ['fusioncenter0'], 'astutedetector2': ['fusioncenter2'], 'fusioncenter0': ['globalfusion'], 'fusioncenter1': ['globalfusion'], 'fusioncenter2': ['globalfusion']})
('task order', ['localpro', 'aggregate0', 'aggregate1', 'aggregate2', 'simpledetector0', 'simpledetector1', 'simpledetector2', 'astutedetector0', 'astutedetector1', 'astutedetector2', 'fusioncenter0', 'fusioncenter1', 'fusioncenter2', 'globalfusion'])
('super tasks', [])
('non tasks', [])
No input TGFF file found!
---------------------------------------------

 Read task list from DAG file, Non-DAG info and global information 

tasks:  {'astutedetector0': ['fusioncenter0'], 'simpledetector2': ['fusioncenter2'], 'astutedetector2': ['fusioncenter2'], 'aggregate0': ['simpledetector0', 'astutedetector0'], 'aggregate2': ['simpledetector2', 'astutedetector2'], 'simpledetector0': ['fusioncenter0'], 'fusioncenter2': ['globalfusion'], 'astutedetector1': ['fusioncenter1'], 'aggregate1': ['simpledetector1', 'astutedetector1'], 'globalfusion': [], 'fusioncenter1': ['globalfusion'], 'localpro': ['aggregate0', 'aggregate1', 'aggregate2'], 'fusioncenter0': ['globalfusion'], 'simpledetector1': ['fusioncenter1']}
task order ['localpro', 'aggregate0', 'aggregate1', 'aggregate2', 'simpledetector0', 'simpledetector1', 'simpledetector2', 'astutedetector0', 'astutedetector1', 'astutedetector2', 'fusioncenter0', 'fusioncenter1', 'fusioncenter2', 'globalfusion']
super tasks []
---------------------------------------------

 Create input HEFT file 

No available profiling information
---------------------------------------------

 Step 1: Read task list from DAG file and global information 

4
[['node2', '10.111.179.217'], ['node3', '10.97.238.165'], ['node4', '10.105.212.45'], ['node5', '10.111.61.191']]
10.101.209.206
Num nodes :4
{'10.111.61.191': 'node5', '10.111.179.217': 'node2', '10.105.212.45': 'node4', '10.97.238.165': 'node3'}
['node2', 'node3', 'node4', 'node5']
------------------------------------------------------------

 Step 2: Read network profiler information : 

------------------------------------------------------------

 Step 3: Read execution Profiler Information : 

[['node2', '10.111.179.217'], ['node3', '10.97.238.165'], ['node4', '10.105.212.45'], ['node5', '10.111.61.191']]
Check Network Profiler IP: node2-10.111.179.217
Database(MongoClient(host=['10.101.209.206:6200'], document_class=dict, tz_aware=False, connect=True), 'execution_profiler')
Current number of updated execution profilers:
5
--- Check execution profiler ID : home
--- Check execution profiler ID : node3
--- Check execution profiler ID : node4
--- Check execution profiler ID : node5
--- Number of neighbors: 4
--- Check execution profiler ID : node2
Execution information has already been provided
Check Network Profiler IP: node3-10.97.238.165
--- Number of neighbors: 4
Check Network Profiler IP: node4-10.105.212.45
--- Number of neighbors: 4
Check Network Profiler IP: node5-10.111.61.191
--- Number of neighbors: 4
Network information has already been provided
['home', 'localpro', '15', '986.736']
['home', 'aggregate0', '15', '701.92']
['home', 'aggregate1', '15', '127.048']
['home', 'aggregate2', '15', '157.768']
['home', 'simpledetector0', '15', '7.616']
['home', 'simpledetector1', '15', '7.616']
['home', 'simpledetector2', '15', '7.168']
['home', 'astutedetector0', '15', '4.152']
['home', 'astutedetector1', '15', '3.48']
['home', 'astutedetector2', '15', '4.728']
['home', 'fusioncenter0', '10', '0.984']
['home', 'fusioncenter1', '10', '0.44']
['home', 'fusioncenter2', '10', '0.792']
['home', 'globalfusion', '10', '1.336']
['localpro', 'aggregate0', 'aggregate1', 'aggregate2', 'simpledetector0', 'simpledetector1', 'simpledetector2', 'astutedetector0', 'astutedetector1', 'astutedetector2', 'fusioncenter0', 'fusioncenter1', 'fusioncenter2', 'globalfusion']
{'astutedetector0': 't0_7', 'simpledetector2': 't0_6', 'astutedetector2': 't0_9', 'aggregate0': 't0_1', 'aggregate2': 't0_3', 'simpledetector0': 't0_4', 'fusioncenter2': 't0_12', 'astutedetector1': 't0_8', 'aggregate1': 't0_2', 'globalfusion': 't0_13', 'fusioncenter1': 't0_11', 'localpro': 't0_0', 'fusioncenter0': 't0_10', 'simpledetector1': 't0_5'}
{'astutedetector0': 7, 'simpledetector2': 6, 'astutedetector2': 9, 'aggregate0': 1, 'aggregate2': 3, 'simpledetector0': 4, 'fusioncenter2': 12, 'astutedetector1': 8, 'aggregate1': 2, 'globalfusion': 13, 'fusioncenter1': 11, 'localpro': 0, 'fusioncenter0': 10, 'simpledetector1': 5}
{'astutedetector0': '4.152', 'simpledetector2': '7.168', 'astutedetector2': '4.728', 'aggregate0': '701.92', 'aggregate2': '157.768', 'simpledetector0': '7.616', 'fusioncenter2': '0.792', 'astutedetector1': '3.48', 'aggregate1': '127.048', 'globalfusion': '1.336', 'fusioncenter1': '0.44', 'localpro': '986.736', 'fusioncenter0': '0.984', 'simpledetector1': '7.616'}
[[150, 150, 150, 150], [150, 150, 150, 150], [150, 150, 150, 150], [150, 150, 150, 150], [150, 150, 150, 150], [150, 150, 150, 150], [150, 150, 150, 150], [150, 150, 150, 150], [150, 150, 150, 150], [150, 150, 150, 150], [100, 100, 100, 100], [100, 100, 100, 100], [100, 100, 100, 100], [100, 100, 100, 100]]
	TASK localpro	TYPE 0 

	TASK aggregate0	TYPE 1 

	TASK aggregate1	TYPE 2 

	TASK aggregate2	TYPE 3 

	TASK simpledetector0	TYPE 4 

	TASK simpledetector1	TYPE 5 

	TASK simpledetector2	TYPE 6 

	TASK astutedetector0	TYPE 7 

	TASK astutedetector1	TYPE 8 

	TASK astutedetector2	TYPE 9 

	TASK fusioncenter0	TYPE 10 

	TASK fusioncenter1	TYPE 11 

	TASK fusioncenter2	TYPE 12 

	TASK globalfusion	TYPE 13 

task_names: ['localpro', 'aggregate0', 'aggregate1', 'aggregate2', 'simpledetector0', 'simpledetector1', 'simpledetector2', 'astutedetector0', 'astutedetector1', 'astutedetector2', 'fusioncenter0', 'fusioncenter1', 'fusioncenter2', 'globalfusion']
==================
Checking the written information
14
[<map object at 0x7fb5a76559e8>, <map object at 0x7fb5a7655b00>, <map object at 0x7fb5a7655c50>, <map object at 0x7fb5a7655da0>, <map object at 0x7fb5a7655ef0>, <map object at 0x7fb5a7659080>, <map object at 0x7fb5a76591d0>, <map object at 0x7fb5a7659320>, <map object at 0x7fb5a7659470>, <map object at 0x7fb5a76595c0>, <map object at 0x7fb5a7659748>, <map object at 0x7fb5a76598d0>, <map object at 0x7fb5a7659a58>, <map object at 0x7fb5a7659be0>]
[[0, 1, 1, 1], [1, 0, 1, 1], [1, 1, 0, 1], [1, 1, 1, 0]]
[[-1, 986, 986, 986, -1, -1, -1, -1, -1, -1, -1, -1, -1, -1], [-1, -1, -1, -1, 701, -1, -1, 701, -1, -1, -1, -1, -1, -1], [-1, -1, -1, -1, -1, 127, -1, -1, 127, -1, -1, -1, -1, -1], [-1, -1, -1, -1, -1, -1, 157, -1, -1, 157, -1, -1, -1, -1], [-1, -1, -1, -1, -1, -1, -1, -1, -1, -1, 7, -1, -1, -1], [-1, -1, -1, -1, -1, -1, -1, -1, -1, -1, -1, 7, -1, -1], [-1, -1, -1, -1, -1, -1, -1, -1, -1, -1, -1, -1, 7, -1], [-1, -1, -1, -1, -1, -1, -1, -1, -1, -1, 4, -1, -1, -1], [-1, -1, -1, -1, -1, -1, -1, -1, -1, -1, -1, 3, -1, -1], [-1, -1, -1, -1, -1, -1, -1, -1, -1, -1, -1, -1, 4, -1], [-1, -1, -1, -1, -1, -1, -1, -1, -1, -1, -1, -1, -1, 0], [-1, -1, -1, -1, -1, -1, -1, -1, -1, -1, -1, -1, -1, 0], [-1, -1, -1, -1, -1, -1, -1, -1, -1, -1, -1, -1, -1, 0], [-1, -1, -1, -1, -1, -1, -1, -1, -1, -1, -1, -1, -1, -1]]
[[(0, 0, 0), (9.394326620429396e-10, 0.0008836855077417896, 141.29065444874308), (-1.6784242238037627e-08, 0.002461735539169536, 133.98030718987818), (1.3492778343066652e-08, -0.0001899470642377598, 151.8418725690352)], [(-3.150720164609061e-08, 0.003943930041152272, 146.46502057613145), (0, 0, 0), (1.2420967345032572e-08, 0.0002556340002707992, 148.06447768448135), (2.530551001273448e-08, -0.000702016269380669, 156.21208375191543)], [(9.205674743939745e-09, 0.00045091083720358045, 149.00088516463873), (-9.278315307648707e-10, 0.0011204541379934848, 145.28748358836654), (0, 0, 0), (1.2991646597059126e-08, -0.00014753322754738627, 143.65598205824074)], [(-4.482149854399681e-08, 0.004661679255881798, 139.42326164998966), (-7.501847683444932e-08, 0.0027309559280463192, 134.20272895008497), (3.7776585010066214e-07, 0.0007565239321338557, 141.76974249875227), (0, 0, 0)]]
	TASK localpro	TYPE 0 

	TASK aggregate0	TYPE 1 

	TASK aggregate1	TYPE 2 

	TASK aggregate2	TYPE 3 

	TASK simpledetector0	TYPE 4 

	TASK simpledetector1	TYPE 5 

	TASK simpledetector2	TYPE 6 

	TASK astutedetector0	TYPE 7 

	TASK astutedetector1	TYPE 8 

	TASK astutedetector2	TYPE 9 

	TASK fusioncenter0	TYPE 10 

	TASK fusioncenter1	TYPE 11 

	TASK fusioncenter2	TYPE 12 

	TASK globalfusion	TYPE 13 

('task_names:', ['localpro', 'aggregate0', 'aggregate1', 'aggregate2', 'simpledetector0', 'simpledetector1', 'simpledetector2', 'astutedetector0', 'astutedetector1', 'astutedetector2', 'fusioncenter0', 'fusioncenter1', 'fusioncenter2', 'globalfusion'])
==================
(0, 1)
(1, 1)
(2, 1)
(3, 1)
(0, 3)
(1, 3)
(2, 3)
(3, 3)
(0, 2)
(1, 2)
(2, 2)
(3, 2)
(0, 4)
(1, 4)
(2, 4)
(3, 4)
(0, 5)
(1, 5)
(2, 5)
(3, 5)
(0, 6)
(1, 6)
(2, 6)
(3, 6)
(0, 7)
(1, 7)
(2, 7)
(3, 7)
(0, 9)
(1, 9)
(2, 9)
(3, 9)
(0, 8)
(1, 8)
(2, 8)
(3, 8)
(0, 10)
(1, 10)
(2, 10)
(3, 10)
(0, 11)
(1, 11)
(2, 11)
(3, 11)
(0, 12)
(1, 12)
(2, 12)
(3, 12)
(0, 13)
(1, 13)
(2, 13)
(3, 13)
task 0 dup on node3
task 0 dup on node2
task 3 dup on node4
task 12 dup on node3
Assign random master and slaves
task 0 : up_rank = 1229.389931, down_rank = 0.000000
task 1 : up_rank = 933.767552, down_rank = 295.622378
task 3 : up_rank = 933.020963, down_rank = 295.622378
task 2 : up_rank = 932.980197, down_rank = 295.622378
task 4 : up_rank = 638.541883, down_rank = 590.848048
task 5 : up_rank = 638.541883, down_rank = 590.060693
task 6 : up_rank = 638.541883, down_rank = 590.101459
task 7 : up_rank = 638.537826, down_rank = 590.848048
task 9 : up_rank = 638.537826, down_rank = 590.101459
task 8 : up_rank = 638.536473, down_rank = 590.060693
task 10 : up_rank = 344.266208, down_rank = 885.123722
task 11 : up_rank = 344.266208, down_rank = 884.336367
task 12 : up_rank = 344.266208, down_rank = 884.377133
task 13 : up_rank = 100.000000, down_rank = 1129.389931
node2:
task 1 : ast = 0, aft = 150
task 2 : ast = 150, aft = 300
task 5 : ast = 300, aft = 450
task 8 : ast = 450, aft = 600
task 11 : ast = 600, aft = 700
node3:
task 3 : ast = 150, aft = 300
task 6 : ast = 300, aft = 450
node4:
task 4 : ast = 150, aft = 300
task 7 : ast = 300, aft = 450
task 9 : ast = 450, aft = 600
task 12 : ast = 600, aft = 700
task 14 : ast = 971, aft = 1071
node5:
task 10 : ast = 300, aft = 450
task 13 : ast = 593, aft = 693
redundant task 1 on node4
redundant task 1 on node3
redundant task 4 on node5
redundant task 13 on node4
makespan = 1071
{'simpledetector2': 'node4', 'simpledetector1': 'node3', 'simpledetector0': 'node2', 'globalfusion': 'node4', 'aggregate1': 'node3', 'aggregate0': 'node2', 'aggregate2': 'node4', 'localpro': 'node2', 'astutedetector1': 'node4', 'astutedetector0': 'node2', 'astutedetector2': 'node5', 'fusioncenter0': 'node2', 'fusioncenter1': 'node4', 'fusioncenter2': 'node5'}
 * Serving Flask app "master" (lazy loading)
 * Environment: production
   WARNING: Do not use the development server in a production environment.
   Use a production WSGI server instead.
 * Debug mode: off
 * Running on http://0.0.0.0:8888/ (Press CTRL+C to quit)
('Recieved request for current mapping. Current mappings done:', 14)
{'simpledetector2': 'node4', 'simpledetector1': 'node3', 'simpledetector0': 'node2', 'globalfusion': 'node4', 'aggregate1': 'node3', 'aggregate0': 'node2', 'aggregate2': 'node4', 'localpro': 'node2', 'astutedetector1': 'node4', 'astutedetector0': 'node2', 'astutedetector2': 'node5', 'fusioncenter0': 'node2', 'fusioncenter1': 'node4', 'fusioncenter2': 'node5'}
10.244.0.0 - - [30/Oct/2018 15:58:11] "GET / HTTP/1.1" 200 -
