 * Starting OpenBSD Secure Shell server sshd
   ...done.
-------------------------------------
Automatically generating HEFT input
-------------------------------------
Perform HEFT scheduling
read_input_heft.py:194: SyntaxWarning: name 'MONGO_SVC_PORT' is assigned to before global declaration
  global profiler_ip,exec_home_ip,num_nodes,MONGO_SVC_PORT,network_map,node_list, home_profiler_ip
('tasks: ', {'simpledetector2': ['fusioncenter2'], 'simpledetector1': ['fusioncenter1'], 'simpledetector0': ['fusioncenter0'], 'globalfusion': [], 'aggregate1': ['simpledetector1', 'astutedetector1'], 'aggregate0': ['simpledetector0', 'astutedetector0'], 'aggregate2': ['simpledetector2', 'astutedetector2'], 'localpro': ['aggregate0', 'aggregate1', 'aggregate2'], 'astutedetector1': ['fusioncenter1'], 'astutedetector0': ['fusioncenter0'], 'astutedetector2': ['fusioncenter2'], 'fusioncenter0': ['globalfusion'], 'fusioncenter1': ['globalfusion'], 'fusioncenter2': ['globalfusion']})
('task order', ['localpro', 'aggregate0', 'aggregate1', 'aggregate2', 'simpledetector0', 'simpledetector1', 'simpledetector2', 'astutedetector0', 'astutedetector1', 'astutedetector2', 'fusioncenter0', 'fusioncenter1', 'fusioncenter2', 'globalfusion'])
('super tasks', [])
('non tasks', [])
No input TGFF file found!
---------------------------------------------

 Read task list from DAG file, Non-DAG info and global information 

tasks:  {'aggregate2': ['simpledetector2', 'astutedetector2'], 'aggregate0': ['simpledetector0', 'astutedetector0'], 'astutedetector1': ['fusioncenter1'], 'simpledetector1': ['fusioncenter1'], 'simpledetector0': ['fusioncenter0'], 'fusioncenter1': ['globalfusion'], 'astutedetector2': ['fusioncenter2'], 'aggregate1': ['simpledetector1', 'astutedetector1'], 'fusioncenter2': ['globalfusion'], 'simpledetector2': ['fusioncenter2'], 'astutedetector0': ['fusioncenter0'], 'globalfusion': [], 'fusioncenter0': ['globalfusion'], 'localpro': ['aggregate0', 'aggregate1', 'aggregate2']}
task order ['localpro', 'aggregate0', 'aggregate1', 'aggregate2', 'simpledetector0', 'simpledetector1', 'simpledetector2', 'astutedetector0', 'astutedetector1', 'astutedetector2', 'fusioncenter0', 'fusioncenter1', 'fusioncenter2', 'globalfusion']
super tasks []
---------------------------------------------

 Create input HEFT file 

No available profiling information
---------------------------------------------

 Step 1: Read task list from DAG file and global information 

5
[['node2', '10.110.22.125'], ['node3', '10.100.135.138'], ['node4', '10.105.17.239'], ['node5', '10.108.202.177'], ['node6', '10.101.235.45']]
10.105.80.122
Num nodes :5
{'10.105.17.239': 'node4', '10.101.235.45': 'node6', '10.110.22.125': 'node2', '10.100.135.138': 'node3', '10.108.202.177': 'node5'}
['node2', 'node3', 'node4', 'node5', 'node6']
------------------------------------------------------------

 Step 2: Read network profiler information : 

------------------------------------------------------------

 Step 3: Read execution Profiler Information : 

[['node2', '10.110.22.125'], ['node3', '10.100.135.138'], ['node4', '10.105.17.239'], ['node5', '10.108.202.177'], ['node6', '10.101.235.45']]
Check Network Profiler IP: node2-10.110.22.125
Database(MongoClient(host=['10.105.80.122:6200'], document_class=dict, tz_aware=False, connect=True), 'execution_profiler')
--- Number of neighbors: 5
Current number of updated execution profilers:
6
--- Check execution profiler ID : home
--- Check execution profiler ID : node3
Check Network Profiler IP: node3-10.100.135.138
--- Check execution profiler ID : node5
--- Check execution profiler ID : node2
--- Check execution profiler ID : node4
--- Check execution profiler ID : node6
Execution information has already been provided
--- Number of neighbors: 5
Check Network Profiler IP: node4-10.105.17.239
--- Number of neighbors: 5
Check Network Profiler IP: node5-10.108.202.177
--- Number of neighbors: 5
Check Network Profiler IP: node6-10.101.235.45
--- Number of neighbors: 5
Network information has already been provided
['home', 'localpro', '15', '986.736']
['home', 'aggregate0', '15', '701.92']
['home', 'aggregate1', '15', '127.048']
['home', 'aggregate2', '15', '157.768']
['home', 'simpledetector0', '15', '7.616']
['home', 'simpledetector1', '15', '7.616']
['home', 'simpledetector2', '15', '7.168']
['home', 'astutedetector0', '15', '4.152']
['home', 'astutedetector1', '15', '3.48']
['home', 'astutedetector2', '15', '4.728']
['home', 'fusioncenter0', '10', '0.984']
['home', 'fusioncenter1', '10', '0.44']
['home', 'fusioncenter2', '10', '0.792']
['home', 'globalfusion', '10', '1.336']
['localpro', 'aggregate0', 'aggregate1', 'aggregate2', 'simpledetector0', 'simpledetector1', 'simpledetector2', 'astutedetector0', 'astutedetector1', 'astutedetector2', 'fusioncenter0', 'fusioncenter1', 'fusioncenter2', 'globalfusion']
{'aggregate2': 't0_3', 'aggregate0': 't0_1', 'astutedetector1': 't0_8', 'simpledetector1': 't0_5', 'simpledetector0': 't0_4', 'fusioncenter1': 't0_11', 'astutedetector2': 't0_9', 'aggregate1': 't0_2', 'fusioncenter2': 't0_12', 'simpledetector2': 't0_6', 'astutedetector0': 't0_7', 'globalfusion': 't0_13', 'fusioncenter0': 't0_10', 'localpro': 't0_0'}
{'aggregate2': 3, 'aggregate0': 1, 'astutedetector1': 8, 'simpledetector1': 5, 'simpledetector0': 4, 'fusioncenter1': 11, 'astutedetector2': 9, 'aggregate1': 2, 'fusioncenter2': 12, 'simpledetector2': 6, 'astutedetector0': 7, 'globalfusion': 13, 'fusioncenter0': 10, 'localpro': 0}
{'aggregate2': '157.768', 'aggregate0': '701.92', 'astutedetector1': '3.48', 'simpledetector1': '7.616', 'simpledetector0': '7.616', 'fusioncenter1': '0.44', 'astutedetector2': '4.704', 'aggregate1': '127.048', 'fusioncenter2': '0.768', 'simpledetector2': '7.168', 'astutedetector0': '4.152', 'globalfusion': '1.312', 'fusioncenter0': '0.984', 'localpro': '986.736'}
[[150, 150, 150, 150, 150], [150, 150, 150, 150, 150], [150, 150, 150, 150, 150], [150, 150, 150, 150, 150], [150, 150, 150, 150, 150], [150, 150, 150, 150, 150], [150, 150, 150, 150, 150], [150, 150, 150, 150, 150], [150, 150, 150, 150, 150], [150, 150, 150, 150, 150], [100, 100, 100, 100, 100], [100, 100, 100, 100, 100], [100, 100, 100, 100, 100], [100, 100, 100, 100, 100]]
	TASK localpro	TYPE 0 

	TASK aggregate0	TYPE 1 

	TASK aggregate1	TYPE 2 

	TASK aggregate2	TYPE 3 

	TASK simpledetector0	TYPE 4 

	TASK simpledetector1	TYPE 5 

	TASK simpledetector2	TYPE 6 

	TASK astutedetector0	TYPE 7 

	TASK astutedetector1	TYPE 8 

	TASK astutedetector2	TYPE 9 

	TASK fusioncenter0	TYPE 10 

	TASK fusioncenter1	TYPE 11 

	TASK fusioncenter2	TYPE 12 

	TASK globalfusion	TYPE 13 

task_names: ['localpro', 'aggregate0', 'aggregate1', 'aggregate2', 'simpledetector0', 'simpledetector1', 'simpledetector2', 'astutedetector0', 'astutedetector1', 'astutedetector2', 'fusioncenter0', 'fusioncenter1', 'fusioncenter2', 'globalfusion']
==================
Checking the written information
14
[<map object at 0x7fb4423886a0>, <map object at 0x7fb442388978>, <map object at 0x7fb442388b00>, <map object at 0x7fb442388c88>, <map object at 0x7fb442388e10>, <map object at 0x7fb442388f98>, <map object at 0x7fb44238b160>, <map object at 0x7fb44238b2e8>, <map object at 0x7fb44238b470>, <map object at 0x7fb44238b5f8>, <map object at 0x7fb44238b7b8>, <map object at 0x7fb44238b978>, <map object at 0x7fb44238bb38>, <map object at 0x7fb44238bcf8>]
[[0, 1, 1, 1, 1], [1, 0, 1, 1, 1], [1, 1, 0, 1, 1], [1, 1, 1, 0, 1], [1, 1, 1, 1, 0]]
[[-1, 986, 986, 986, -1, -1, -1, -1, -1, -1, -1, -1, -1, -1], [-1, -1, -1, -1, 701, -1, -1, 701, -1, -1, -1, -1, -1, -1], [-1, -1, -1, -1, -1, 127, -1, -1, 127, -1, -1, -1, -1, -1], [-1, -1, -1, -1, -1, -1, 157, -1, -1, 157, -1, -1, -1, -1], [-1, -1, -1, -1, -1, -1, -1, -1, -1, -1, 7, -1, -1, -1], [-1, -1, -1, -1, -1, -1, -1, -1, -1, -1, -1, 7, -1, -1], [-1, -1, -1, -1, -1, -1, -1, -1, -1, -1, -1, -1, 7, -1], [-1, -1, -1, -1, -1, -1, -1, -1, -1, -1, 4, -1, -1, -1], [-1, -1, -1, -1, -1, -1, -1, -1, -1, -1, -1, 3, -1, -1], [-1, -1, -1, -1, -1, -1, -1, -1, -1, -1, -1, -1, 4, -1], [-1, -1, -1, -1, -1, -1, -1, -1, -1, -1, -1, -1, -1, 0], [-1, -1, -1, -1, -1, -1, -1, -1, -1, -1, -1, -1, -1, 0], [-1, -1, -1, -1, -1, -1, -1, -1, -1, -1, -1, -1, -1, 0], [-1, -1, -1, -1, -1, -1, -1, -1, -1, -1, -1, -1, -1, -1]]
[[(0, 0, 0), (2.8295657080070635e-06, -0.12472091806321522, 10194.194423905565), (-9.86539202394069e-07, 0.10577913613568297, 2811.1370916266997), (7.330103803310755e-06, -0.3933321754974729, 3122.161768288473), (5.499158692380007e-06, -0.42995774349377525, 7020.757663941694)], [(-1.2117442422868829e-05, 1.0391443068076331, 3610.0798529151075), (0, 0, 0), (-1.2661326937977906e-06, 0.1308983218987945, 2523.088435697651), (-9.838195219229236e-08, 0.012705755243630741, 275.89836025449756), (-6.879897542072935e-07, 0.06912232884314551, 1526.692993118977)], [(-1.0392797678298805e-06, 0.13010878394832343, 2611.38633644304), (-1.2137563111861755e-06, 0.1304675536200028, 2535.9548291997894), (0, 0, 0), (-1.1666156719685868e-06, 0.13128792232571385, 2745.458501093997), (-1.6681416164403565e-06, 0.1738688176718963, 3705.1325034402394)], [(4.6188601681099704e-05, -3.6280245288328805, 5159.318952461554), (-3.1968289284356315e-09, 0.002245345680398711, 283.83212863719734), (-1.0122154650602028e-06, 0.11227063592116943, 2861.6652974112267), (0, 0, 0), (-6.782750881187779e-07, 0.07376382540227776, 1281.8539873724972)], [(8.702910612632752e-07, -0.015870335613390397, 1891.7640569862788), (-5.52983933787826e-07, 0.054915088787511154, 1622.7067611296359), (-1.7983441445579296e-06, 0.19069409953591263, 3577.874562297738), (-5.70082882133097e-07, 0.057621019022010736, 1330.8489689406586), (0, 0, 0)]]
	TASK localpro	TYPE 0 

	TASK aggregate0	TYPE 1 

	TASK aggregate1	TYPE 2 

	TASK aggregate2	TYPE 3 

	TASK simpledetector0	TYPE 4 

	TASK simpledetector1	TYPE 5 

	TASK simpledetector2	TYPE 6 

	TASK astutedetector0	TYPE 7 

	TASK astutedetector1	TYPE 8 

	TASK astutedetector2	TYPE 9 

	TASK fusioncenter0	TYPE 10 

	TASK fusioncenter1	TYPE 11 

	TASK fusioncenter2	TYPE 12 

	TASK globalfusion	TYPE 13 

('task_names:', ['localpro', 'aggregate0', 'aggregate1', 'aggregate2', 'simpledetector0', 'simpledetector1', 'simpledetector2', 'astutedetector0', 'astutedetector1', 'astutedetector2', 'fusioncenter0', 'fusioncenter1', 'fusioncenter2', 'globalfusion'])
==================
(0, 2)
(1, 2)
(2, 2)
(3, 2)
(4, 2)
(0, 3)
(1, 3)
(2, 3)
(3, 3)
(4, 3)
(0, 1)
(1, 1)
(2, 1)
(3, 1)
(4, 1)
(0, 8)
(1, 8)
(2, 8)
(3, 8)
(4, 8)
(0, 7)
(1, 7)
(2, 7)
(3, 7)
(4, 7)
(0, 9)
(1, 9)
(2, 9)
(3, 9)
(4, 9)
(0, 4)
(1, 4)
(2, 4)
(3, 4)
(4, 4)
(0, 5)
(1, 5)
(2, 5)
(3, 5)
(4, 5)
(0, 6)
(1, 6)
(2, 6)
(3, 6)
(4, 6)
(0, 10)
(1, 10)
(2, 10)
(3, 10)
(4, 10)
(0, 11)
(1, 11)
(2, 11)
(3, 11)
(4, 11)
(0, 12)
(1, 12)
(2, 12)
(3, 12)
(4, 12)
(0, 13)
(1, 13)
(2, 13)
(3, 13)
(4, 13)
Assign random master and slaves
task 0 : up_rank = 12668.755017, down_rank = 0.000000
task 2 : up_rank = 9589.651086, down_rank = 3079.103931
task 3 : up_rank = 9586.292857, down_rank = 3079.103931
task 1 : up_rank = 9527.961633, down_rank = 3079.103931
task 8 : up_rank = 6418.854213, down_rank = 6249.900805
task 7 : up_rank = 6418.745375, down_rank = 6188.320189
task 9 : up_rank = 6418.745375, down_rank = 6246.651413
task 4 : up_rank = 6418.418886, down_rank = 6188.320189
task 5 : up_rank = 6418.418886, down_rank = 6249.900805
task 6 : up_rank = 6418.418886, down_rank = 6246.651413
task 10 : up_rank = 3234.590374, down_rank = 9372.475191
task 11 : up_rank = 3234.590374, down_rank = 9434.164644
task 12 : up_rank = 3234.590374, down_rank = 9430.806415
task 13 : up_rank = 100.000000, down_rank = 12568.755017
node2:
task 1 : ast = 0, aft = 150
task 3 : ast = 150, aft = 300
task 4 : ast = 300, aft = 450
task 2 : ast = 450, aft = 600
task 9 : ast = 600, aft = 750
task 8 : ast = 750, aft = 900
task 10 : ast = 900, aft = 1050
task 5 : ast = 1050, aft = 1200
task 6 : ast = 1200, aft = 1350
task 7 : ast = 1350, aft = 1500
task 11 : ast = 1500, aft = 1600
task 12 : ast = 1600, aft = 1700
task 13 : ast = 1700, aft = 1800
task 14 : ast = 1800, aft = 1900
node3:
node4:
node5:
node6:
makespan = 1900
{'simpledetector2': 'node2', 'simpledetector1': 'node2', 'simpledetector0': 'node2', 'globalfusion': 'node2', 'aggregate1': 'node2', 'aggregate0': 'node2', 'aggregate2': 'node2', 'localpro': 'node2', 'astutedetector1': 'node2', 'astutedetector0': 'node2', 'astutedetector2': 'node2', 'fusioncenter0': 'node2', 'fusioncenter1': 'node2', 'fusioncenter2': 'node2'}
 * Serving Flask app "master" (lazy loading)
 * Environment: production
   WARNING: Do not use the development server in a production environment.
   Use a production WSGI server instead.
 * Debug mode: off
 * Running on http://0.0.0.0:8888/ (Press CTRL+C to quit)
('Recieved request for current mapping. Current mappings done:', 14)
{'simpledetector2': 'node2', 'simpledetector1': 'node2', 'simpledetector0': 'node2', 'globalfusion': 'node2', 'aggregate1': 'node2', 'aggregate0': 'node2', 'aggregate2': 'node2', 'localpro': 'node2', 'astutedetector1': 'node2', 'astutedetector0': 'node2', 'astutedetector2': 'node2', 'fusioncenter0': 'node2', 'fusioncenter1': 'node2', 'fusioncenter2': 'node2'}
10.244.0.0 - - [14/Nov/2018 19:07:45] "GET / HTTP/1.1" 200 -
