 * Starting OpenBSD Secure Shell server sshd
   ...done.
-------------------------------------
Automatically generating HEFT input
-------------------------------------
Perform HEFT scheduling
read_input_heft.py:194: SyntaxWarning: name 'MONGO_SVC_PORT' is assigned to before global declaration
  global profiler_ip,exec_home_ip,num_nodes,MONGO_SVC_PORT,network_map,node_list, home_profiler_ip
('tasks: ', {'simpledetector2': ['fusioncenter2'], 'simpledetector1': ['fusioncenter1'], 'simpledetector0': ['fusioncenter0'], 'globalfusion': [], 'aggregate1': ['simpledetector1', 'astutedetector1'], 'aggregate0': ['simpledetector0', 'astutedetector0'], 'aggregate2': ['simpledetector2', 'astutedetector2'], 'localpro': ['aggregate0', 'aggregate1', 'aggregate2'], 'astutedetector1': ['fusioncenter1'], 'astutedetector0': ['fusioncenter0'], 'astutedetector2': ['fusioncenter2'], 'fusioncenter0': ['globalfusion'], 'fusioncenter1': ['globalfusion'], 'fusioncenter2': ['globalfusion']})
('task order', ['localpro', 'aggregate0', 'aggregate1', 'aggregate2', 'simpledetector0', 'simpledetector1', 'simpledetector2', 'astutedetector0', 'astutedetector1', 'astutedetector2', 'fusioncenter0', 'fusioncenter1', 'fusioncenter2', 'globalfusion'])
('super tasks', [])
('non tasks', [])
No input TGFF file found!
---------------------------------------------

 Read task list from DAG file, Non-DAG info and global information 

tasks:  {'aggregate2': ['simpledetector2', 'astutedetector2'], 'localpro': ['aggregate0', 'aggregate1', 'aggregate2'], 'simpledetector0': ['fusioncenter0'], 'aggregate0': ['simpledetector0', 'astutedetector0'], 'fusioncenter0': ['globalfusion'], 'astutedetector2': ['fusioncenter2'], 'astutedetector0': ['fusioncenter0'], 'simpledetector1': ['fusioncenter1'], 'fusioncenter1': ['globalfusion'], 'astutedetector1': ['fusioncenter1'], 'aggregate1': ['simpledetector1', 'astutedetector1'], 'simpledetector2': ['fusioncenter2'], 'fusioncenter2': ['globalfusion'], 'globalfusion': []}
task order ['localpro', 'aggregate0', 'aggregate1', 'aggregate2', 'simpledetector0', 'simpledetector1', 'simpledetector2', 'astutedetector0', 'astutedetector1', 'astutedetector2', 'fusioncenter0', 'fusioncenter1', 'fusioncenter2', 'globalfusion']
super tasks []
---------------------------------------------

 Create input HEFT file 

No available profiling information
---------------------------------------------

 Step 1: Read task list from DAG file and global information 

5
[['node2', '10.110.22.125'], ['node3', '10.100.135.138'], ['node4', '10.105.17.239'], ['node5', '10.108.202.177'], ['node6', '10.101.235.45']]
10.105.80.122
Num nodes :5
{'10.108.202.177': 'node5', '10.105.17.239': 'node4', '10.101.235.45': 'node6', '10.110.22.125': 'node2', '10.100.135.138': 'node3'}
['node2', 'node3', 'node4', 'node5', 'node6']
------------------------------------------------------------

 Step 2: Read network profiler information : 

------------------------------------------------------------

 Step 3: Read execution Profiler Information : 

[['node2', '10.110.22.125'], ['node3', '10.100.135.138'], ['node4', '10.105.17.239'], ['node5', '10.108.202.177'], ['node6', '10.101.235.45']]
Check Network Profiler IP: node2-10.110.22.125
Database(MongoClient(host=['10.105.80.122:6200'], document_class=dict, tz_aware=False, connect=True), 'execution_profiler')
--- Number of neighbors: 5
Current number of updated execution profilers:
6
--- Check execution profiler ID : home
--- Check execution profiler ID : node3
Check Network Profiler IP: node3-10.100.135.138
--- Check execution profiler ID : node5
--- Check execution profiler ID : node2
--- Check execution profiler ID : node4
--- Check execution profiler ID : node6
Execution information has already been provided
--- Number of neighbors: 5
Check Network Profiler IP: node4-10.105.17.239
--- Number of neighbors: 5
Check Network Profiler IP: node5-10.108.202.177
--- Number of neighbors: 5
Check Network Profiler IP: node6-10.101.235.45
--- Number of neighbors: 5
Network information has already been provided
['home', 'localpro', '15', '986.736']
['home', 'aggregate0', '15', '701.92']
['home', 'aggregate1', '15', '127.048']
['home', 'aggregate2', '15', '157.768']
['home', 'simpledetector0', '15', '7.616']
['home', 'simpledetector1', '15', '7.616']
['home', 'simpledetector2', '15', '7.168']
['home', 'astutedetector0', '15', '4.152']
['home', 'astutedetector1', '15', '3.48']
['home', 'astutedetector2', '15', '4.728']
['home', 'fusioncenter0', '10', '0.984']
['home', 'fusioncenter1', '10', '0.44']
['home', 'fusioncenter2', '10', '0.792']
['home', 'globalfusion', '10', '1.336']
['localpro', 'aggregate0', 'aggregate1', 'aggregate2', 'simpledetector0', 'simpledetector1', 'simpledetector2', 'astutedetector0', 'astutedetector1', 'astutedetector2', 'fusioncenter0', 'fusioncenter1', 'fusioncenter2', 'globalfusion']
{'aggregate2': 't0_3', 'localpro': 't0_0', 'simpledetector0': 't0_4', 'aggregate0': 't0_1', 'fusioncenter0': 't0_10', 'astutedetector2': 't0_9', 'astutedetector0': 't0_7', 'simpledetector1': 't0_5', 'fusioncenter1': 't0_11', 'astutedetector1': 't0_8', 'aggregate1': 't0_2', 'simpledetector2': 't0_6', 'fusioncenter2': 't0_12', 'globalfusion': 't0_13'}
{'aggregate2': 3, 'localpro': 0, 'simpledetector0': 4, 'aggregate0': 1, 'fusioncenter0': 10, 'astutedetector2': 9, 'astutedetector0': 7, 'simpledetector1': 5, 'fusioncenter1': 11, 'astutedetector1': 8, 'aggregate1': 2, 'simpledetector2': 6, 'fusioncenter2': 12, 'globalfusion': 13}
{'aggregate2': '157.768', 'localpro': '986.736', 'simpledetector0': '7.616', 'aggregate0': '701.92', 'fusioncenter0': '0.984', 'astutedetector2': '4.704', 'astutedetector0': '4.152', 'simpledetector1': '7.616', 'fusioncenter1': '0.44', 'astutedetector1': '3.48', 'aggregate1': '127.048', 'simpledetector2': '7.168', 'fusioncenter2': '0.768', 'globalfusion': '1.312'}
[[150, 150, 150, 150, 150], [150, 150, 150, 150, 150], [150, 150, 150, 150, 150], [150, 150, 150, 150, 150], [150, 150, 150, 150, 150], [150, 150, 150, 150, 150], [150, 150, 150, 150, 150], [150, 150, 150, 150, 150], [150, 150, 150, 150, 150], [150, 150, 150, 150, 150], [100, 100, 100, 100, 100], [100, 100, 100, 100, 100], [100, 100, 100, 100, 100], [100, 100, 100, 100, 100]]
	TASK localpro	TYPE 0 

	TASK aggregate0	TYPE 1 

	TASK aggregate1	TYPE 2 

	TASK aggregate2	TYPE 3 

	TASK simpledetector0	TYPE 4 

	TASK simpledetector1	TYPE 5 

	TASK simpledetector2	TYPE 6 

	TASK astutedetector0	TYPE 7 

	TASK astutedetector1	TYPE 8 

	TASK astutedetector2	TYPE 9 

	TASK fusioncenter0	TYPE 10 

	TASK fusioncenter1	TYPE 11 

	TASK fusioncenter2	TYPE 12 

	TASK globalfusion	TYPE 13 

task_names: ['localpro', 'aggregate0', 'aggregate1', 'aggregate2', 'simpledetector0', 'simpledetector1', 'simpledetector2', 'astutedetector0', 'astutedetector1', 'astutedetector2', 'fusioncenter0', 'fusioncenter1', 'fusioncenter2', 'globalfusion']
==================
Checking the written information
14
[<map object at 0x7f5d649376d8>, <map object at 0x7f5d64937908>, <map object at 0x7f5d64937a90>, <map object at 0x7f5d64937c18>, <map object at 0x7f5d64937da0>, <map object at 0x7f5d64937f28>, <map object at 0x7f5d6493a0f0>, <map object at 0x7f5d6493a278>, <map object at 0x7f5d6493a400>, <map object at 0x7f5d6493a588>, <map object at 0x7f5d6493a748>, <map object at 0x7f5d6493a908>, <map object at 0x7f5d6493aac8>, <map object at 0x7f5d6493ac88>]
[[0, 1, 1, 1, 1], [1, 0, 1, 1, 1], [1, 1, 0, 1, 1], [1, 1, 1, 0, 1], [1, 1, 1, 1, 0]]
[[-1, 986, 986, 986, -1, -1, -1, -1, -1, -1, -1, -1, -1, -1], [-1, -1, -1, -1, 701, -1, -1, 701, -1, -1, -1, -1, -1, -1], [-1, -1, -1, -1, -1, 127, -1, -1, 127, -1, -1, -1, -1, -1], [-1, -1, -1, -1, -1, -1, 157, -1, -1, 157, -1, -1, -1, -1], [-1, -1, -1, -1, -1, -1, -1, -1, -1, -1, 7, -1, -1, -1], [-1, -1, -1, -1, -1, -1, -1, -1, -1, -1, -1, 7, -1, -1], [-1, -1, -1, -1, -1, -1, -1, -1, -1, -1, -1, -1, 7, -1], [-1, -1, -1, -1, -1, -1, -1, -1, -1, -1, 4, -1, -1, -1], [-1, -1, -1, -1, -1, -1, -1, -1, -1, -1, -1, 3, -1, -1], [-1, -1, -1, -1, -1, -1, -1, -1, -1, -1, -1, -1, 4, -1], [-1, -1, -1, -1, -1, -1, -1, -1, -1, -1, -1, -1, -1, 0], [-1, -1, -1, -1, -1, -1, -1, -1, -1, -1, -1, -1, -1, 0], [-1, -1, -1, -1, -1, -1, -1, -1, -1, -1, -1, -1, -1, 0], [-1, -1, -1, -1, -1, -1, -1, -1, -1, -1, -1, -1, -1, -1]]
[[(0, 0, 0), (-1.179005508896381e-06, 0.11285208349190477, 2391.8319912537863), (-1.1426558704575698e-06, 0.12215614418601202, 2841.1285336664055), (-9.684038168851206e-07, 0.09593442719348738, 2277.9005398549525), (-6.017457604051409e-07, 0.060692257058350664, 1378.106134191096)], [(-6.91199512014963e-05, 0.6764586756817041, 2195.070515918837), (0, 0, 0), (-1.1559509153430606e-06, 0.1206290580300542, 2705.2489395958933), (-5.371444806121274e-08, 0.0061144399709234035, 320.52669655872313), (-5.427378423715973e-07, 0.05509321932685437, 1600.7279458907904)], [(-5.669123391081485e-05, 0.6076542889616002, 2598.3685078567282), (-1.2196256482844485e-06, 0.13195399593427745, 2654.949703788648), (0, 0, 0), (-1.0050223273180993e-06, 0.11949988700512845, 2784.8659120813736), (-1.3189430321810148e-06, 0.1584861027921916, 3965.862149986185)], [(-1.1049200888918959e-06, 0.10753863133730966, 2185.9525247116994), (-3.933395641928489e-08, 0.005331476605293063, 288.7032386921453), (-9.922929396633588e-07, 0.11800218256585755, 2790.1867354848378), (0, 0, 0), (-3.1578153055542797e-06, 0.27228989944144216, 1281.825892099828)], [(-5.774351852836226e-07, 0.06069245592363666, 1386.0434216791145), (-4.361836584227054e-06, 0.36215064837548044, 1439.7023465020413), (-1.036346727633345e-05, 0.8864728034662479, 3544.866485309877), (-6.682924395458086e-07, 0.06489780111083092, 1296.497748382297), (0, 0, 0)]]
	TASK localpro	TYPE 0 

	TASK aggregate0	TYPE 1 

	TASK aggregate1	TYPE 2 

	TASK aggregate2	TYPE 3 

	TASK simpledetector0	TYPE 4 

	TASK simpledetector1	TYPE 5 

	TASK simpledetector2	TYPE 6 

	TASK astutedetector0	TYPE 7 

	TASK astutedetector1	TYPE 8 

	TASK astutedetector2	TYPE 9 

	TASK fusioncenter0	TYPE 10 

	TASK fusioncenter1	TYPE 11 

	TASK fusioncenter2	TYPE 12 

	TASK globalfusion	TYPE 13 

('task_names:', ['localpro', 'aggregate0', 'aggregate1', 'aggregate2', 'simpledetector0', 'simpledetector1', 'simpledetector2', 'astutedetector0', 'astutedetector1', 'astutedetector2', 'fusioncenter0', 'fusioncenter1', 'fusioncenter2', 'globalfusion'])
==================
 * Running on http://0.0.0.0:8888/ (Press CTRL+C to quit)
(0, 1)
(1, 1)
(2, 1)
(3, 1)
(4, 1)
(0, 3)
(1, 3)
(2, 3)
(3, 3)
(4, 3)
(0, 2)
(1, 2)
(2, 2)
(3, 2)
(4, 2)
(0, 4)
(1, 4)
(2, 4)
(3, 4)
(4, 4)
(0, 5)
(1, 5)
(2, 5)
(3, 5)
(4, 5)
(0, 6)
(1, 6)
(2, 6)
(3, 6)
(4, 6)
(0, 7)
(1, 7)
(2, 7)
(3, 7)
(4, 7)
(0, 9)
(1, 9)
(2, 9)
(3, 9)
(4, 9)
(0, 8)
(1, 8)
(2, 8)
(3, 8)
(4, 8)
(0, 10)
(1, 10)
(2, 10)
(3, 10)
(4, 10)
(0, 11)
(1, 11)
(2, 11)
(3, 11)
(4, 11)
(0, 12)
(1, 12)
(2, 12)
(3, 12)
(4, 12)
(0, 13)
(1, 13)
(2, 13)
(3, 13)
(4, 13)
Assign random master and slaves
task 0 : up_rank = 9375.310476, down_rank = 0.000000
task 1 : up_rank = 6932.144565, down_rank = 2443.165911
task 3 : up_rank = 6823.050108, down_rank = 2443.165911
task 2 : up_rank = 6816.899325, down_rank = 2443.165911
task 4 : up_rank = 4544.286929, down_rank = 4831.023548
task 5 : up_rank = 4544.286929, down_rank = 4715.778308
task 6 : up_rank = 4544.286929, down_rank = 4721.929090
task 7 : up_rank = 4543.665451, down_rank = 4831.023548
task 9 : up_rank = 4543.665451, down_rank = 4721.929090
task 8 : up_rank = 4543.458261, down_rank = 4715.778308
task 10 : up_rank = 2296.418298, down_rank = 7078.892178
task 11 : up_rank = 2296.418298, down_rank = 6963.646939
task 12 : up_rank = 2296.418298, down_rank = 6969.797721
task 13 : up_rank = 100.000000, down_rank = 9275.310476
node2:
task 1 : ast = 0, aft = 150
task 2 : ast = 150, aft = 300
task 4 : ast = 300, aft = 450
task 3 : ast = 450, aft = 600
task 5 : ast = 600, aft = 750
task 6 : ast = 750, aft = 900
task 7 : ast = 900, aft = 1050
task 8 : ast = 1050, aft = 1200
task 10 : ast = 1200, aft = 1350
task 9 : ast = 1350, aft = 1500
task 11 : ast = 1500, aft = 1600
task 12 : ast = 1600, aft = 1700
task 13 : ast = 1700, aft = 1800
task 14 : ast = 1800, aft = 1900
node3:
node4:
node5:
node6:
makespan = 1900
{'simpledetector2': 'node2', 'simpledetector1': 'node2', 'simpledetector0': 'node2', 'globalfusion': 'node2', 'aggregate1': 'node2', 'aggregate0': 'node2', 'aggregate2': 'node2', 'localpro': 'node2', 'astutedetector1': 'node2', 'astutedetector0': 'node2', 'astutedetector2': 'node2', 'fusioncenter0': 'node2', 'fusioncenter1': 'node2', 'fusioncenter2': 'node2'}
 * Serving Flask app "master" (lazy loading)
 * Environment: production
   WARNING: Do not use the development server in a production environment.
   Use a production WSGI server instead.
 * Debug mode: off
10.244.0.0 - - [13/Nov/2018 17:43:08] "GET / HTTP/1.1" 200 -
('Recieved request for current mapping. Current mappings done:', 14)
{'simpledetector2': 'node2', 'simpledetector1': 'node2', 'simpledetector0': 'node2', 'globalfusion': 'node2', 'aggregate1': 'node2', 'aggregate0': 'node2', 'aggregate2': 'node2', 'localpro': 'node2', 'astutedetector1': 'node2', 'astutedetector0': 'node2', 'astutedetector2': 'node2', 'fusioncenter0': 'node2', 'fusioncenter1': 'node2', 'fusioncenter2': 'node2'}
