 * Starting OpenBSD Secure Shell server sshd
   ...done.
-------------------------------------
Automatically generating HEFT input
-------------------------------------
Perform HEFT scheduling
read_input_heft.py:194: SyntaxWarning: name 'MONGO_SVC_PORT' is assigned to before global declaration
  global profiler_ip,exec_home_ip,num_nodes,MONGO_SVC_PORT,network_map,node_list, home_profiler_ip
('tasks: ', {'simpledetector2': ['fusioncenter2'], 'simpledetector1': ['fusioncenter1'], 'simpledetector0': ['fusioncenter0'], 'globalfusion': [], 'aggregate1': ['simpledetector1', 'astutedetector1'], 'aggregate0': ['simpledetector0', 'astutedetector0'], 'aggregate2': ['simpledetector2', 'astutedetector2'], 'localpro': ['aggregate0', 'aggregate1', 'aggregate2'], 'astutedetector1': ['fusioncenter1'], 'astutedetector0': ['fusioncenter0'], 'astutedetector2': ['fusioncenter2'], 'fusioncenter0': ['globalfusion'], 'fusioncenter1': ['globalfusion'], 'fusioncenter2': ['globalfusion']})
('task order', ['localpro', 'aggregate0', 'aggregate1', 'aggregate2', 'simpledetector0', 'simpledetector1', 'simpledetector2', 'astutedetector0', 'astutedetector1', 'astutedetector2', 'fusioncenter0', 'fusioncenter1', 'fusioncenter2', 'globalfusion'])
('super tasks', [])
('non tasks', [])
No input TGFF file found!
---------------------------------------------

 Read task list from DAG file, Non-DAG info and global information 

---------------------------------------------
tasks:  {'fusioncenter2': ['globalfusion'], 'astutedetector1': ['fusioncenter1'], 'aggregate1': ['simpledetector1', 'astutedetector1'], 'simpledetector1': ['fusioncenter1'], 'fusioncenter0': ['globalfusion'], 'globalfusion': [], 'astutedetector2': ['fusioncenter2'], 'aggregate0': ['simpledetector0', 'astutedetector0'], 'aggregate2': ['simpledetector2', 'astutedetector2'], 'localpro': ['aggregate0', 'aggregate1', 'aggregate2'], 'astutedetector0': ['fusioncenter0'], 'fusioncenter1': ['globalfusion'], 'simpledetector2': ['fusioncenter2'], 'simpledetector0': ['fusioncenter0']}
task order ['localpro', 'aggregate0', 'aggregate1', 'aggregate2', 'simpledetector0', 'simpledetector1', 'simpledetector2', 'astutedetector0', 'astutedetector1', 'astutedetector2', 'fusioncenter0', 'fusioncenter1', 'fusioncenter2', 'globalfusion']
super tasks []
---------------------------------------------

 Create input HEFT file 

No available profiling information

 Step 1: Read task list from DAG file and global information 

5
[['node2', '10.110.22.125'], ['node3', '10.100.135.138'], ['node4', '10.105.17.239'], ['node5', '10.108.202.177'], ['node6', '10.101.235.45']]
10.105.80.122
Num nodes :5
{'10.105.17.239': 'node4', '10.108.202.177': 'node5', '10.101.235.45': 'node6', '10.100.135.138': 'node3', '10.110.22.125': 'node2'}
['node2', 'node3', 'node4', 'node5', 'node6']
------------------------------------------------------------

 Step 2: Read network profiler information : 

------------------------------------------------------------

 Step 3: Read execution Profiler Information : 

[['node2', '10.110.22.125'], ['node3', '10.100.135.138'], ['node4', '10.105.17.239'], ['node5', '10.108.202.177'], ['node6', '10.101.235.45']]
Check Network Profiler IP: node2-10.110.22.125
Database(MongoClient(host=['10.105.80.122:6200'], document_class=dict, tz_aware=False, connect=True), 'execution_profiler')
--- Number of neighbors: 5
Current number of updated execution profilers:
6
--- Check execution profiler ID : home
--- Check execution profiler ID : node3
Check Network Profiler IP: node3-10.100.135.138
--- Check execution profiler ID : node5
--- Check execution profiler ID : node2
--- Check execution profiler ID : node4
--- Check execution profiler ID : node6
Execution information has already been provided
--- Number of neighbors: 5
Check Network Profiler IP: node4-10.105.17.239
--- Number of neighbors: 5
Check Network Profiler IP: node5-10.108.202.177
--- Number of neighbors: 5
Check Network Profiler IP: node6-10.101.235.45
--- Number of neighbors: 5
Network information has already been provided
['home', 'localpro', '15', '986.736']
['home', 'aggregate0', '15', '701.92']
['home', 'aggregate1', '15', '127.048']
['home', 'aggregate2', '15', '157.768']
['home', 'simpledetector0', '15', '7.616']
['home', 'simpledetector1', '15', '7.616']
['home', 'simpledetector2', '15', '7.168']
['home', 'astutedetector0', '15', '4.152']
['home', 'astutedetector1', '15', '3.48']
['home', 'astutedetector2', '15', '4.728']
['home', 'fusioncenter0', '10', '0.984']
['home', 'fusioncenter1', '10', '0.44']
['home', 'fusioncenter2', '10', '0.792']
['home', 'globalfusion', '10', '1.336']
['localpro', 'aggregate0', 'aggregate1', 'aggregate2', 'simpledetector0', 'simpledetector1', 'simpledetector2', 'astutedetector0', 'astutedetector1', 'astutedetector2', 'fusioncenter0', 'fusioncenter1', 'fusioncenter2', 'globalfusion']
{'fusioncenter2': 't0_12', 'astutedetector1': 't0_8', 'aggregate1': 't0_2', 'simpledetector1': 't0_5', 'fusioncenter0': 't0_10', 'globalfusion': 't0_13', 'astutedetector2': 't0_9', 'aggregate0': 't0_1', 'aggregate2': 't0_3', 'localpro': 't0_0', 'astutedetector0': 't0_7', 'fusioncenter1': 't0_11', 'simpledetector2': 't0_6', 'simpledetector0': 't0_4'}
{'fusioncenter2': 12, 'astutedetector1': 8, 'aggregate1': 2, 'simpledetector1': 5, 'fusioncenter0': 10, 'globalfusion': 13, 'astutedetector2': 9, 'aggregate0': 1, 'aggregate2': 3, 'localpro': 0, 'astutedetector0': 7, 'fusioncenter1': 11, 'simpledetector2': 6, 'simpledetector0': 4}
{'fusioncenter2': '0.768', 'astutedetector1': '3.48', 'aggregate1': '127.048', 'simpledetector1': '7.616', 'fusioncenter0': '0.984', 'globalfusion': '1.312', 'astutedetector2': '4.704', 'aggregate0': '701.92', 'aggregate2': '157.768', 'localpro': '986.736', 'astutedetector0': '4.152', 'fusioncenter1': '0.44', 'simpledetector2': '7.168', 'simpledetector0': '7.616'}
[[150, 150, 150, 150, 150], [150, 150, 150, 150, 150], [150, 150, 150, 150, 150], [150, 150, 150, 150, 150], [150, 150, 150, 150, 150], [150, 150, 150, 150, 150], [150, 150, 150, 150, 150], [150, 150, 150, 150, 150], [150, 150, 150, 150, 150], [150, 150, 150, 150, 150], [100, 100, 100, 100, 100], [100, 100, 100, 100, 100], [100, 100, 100, 100, 100], [100, 100, 100, 100, 100]]
	TASK localpro	TYPE 0 

	TASK aggregate0	TYPE 1 

	TASK aggregate1	TYPE 2 

	TASK aggregate2	TYPE 3 

	TASK simpledetector0	TYPE 4 

	TASK simpledetector1	TYPE 5 

	TASK simpledetector2	TYPE 6 

	TASK astutedetector0	TYPE 7 

	TASK astutedetector1	TYPE 8 

	TASK astutedetector2	TYPE 9 

	TASK fusioncenter0	TYPE 10 

	TASK fusioncenter1	TYPE 11 

	TASK fusioncenter2	TYPE 12 

	TASK globalfusion	TYPE 13 

task_names: ['localpro', 'aggregate0', 'aggregate1', 'aggregate2', 'simpledetector0', 'simpledetector1', 'simpledetector2', 'astutedetector0', 'astutedetector1', 'astutedetector2', 'fusioncenter0', 'fusioncenter1', 'fusioncenter2', 'globalfusion']
==================
Checking the written information
14
[<map object at 0x7fba9daef780>, <map object at 0x7fba9daef908>, <map object at 0x7fba9daefa90>, <map object at 0x7fba9daefc18>, <map object at 0x7fba9daefda0>, <map object at 0x7fba9daeff28>, <map object at 0x7fba9daf10f0>, <map object at 0x7fba9daf1278>, <map object at 0x7fba9daf1400>, <map object at 0x7fba9daf1588>, <map object at 0x7fba9daf1748>, <map object at 0x7fba9daf1908>, <map object at 0x7fba9daf1ac8>, <map object at 0x7fba9daf1c88>]
[[0, 1, 1, 1, 1], [1, 0, 1, 1, 1], [1, 1, 0, 1, 1], [1, 1, 1, 0, 1], [1, 1, 1, 1, 0]]
[[-1, 986, 986, 986, -1, -1, -1, -1, -1, -1, -1, -1, -1, -1], [-1, -1, -1, -1, 701, -1, -1, 701, -1, -1, -1, -1, -1, -1], [-1, -1, -1, -1, -1, 127, -1, -1, 127, -1, -1, -1, -1, -1], [-1, -1, -1, -1, -1, -1, 157, -1, -1, 157, -1, -1, -1, -1], [-1, -1, -1, -1, -1, -1, -1, -1, -1, -1, 7, -1, -1, -1], [-1, -1, -1, -1, -1, -1, -1, -1, -1, -1, -1, 7, -1, -1], [-1, -1, -1, -1, -1, -1, -1, -1, -1, -1, -1, -1, 7, -1], [-1, -1, -1, -1, -1, -1, -1, -1, -1, -1, 4, -1, -1, -1], [-1, -1, -1, -1, -1, -1, -1, -1, -1, -1, -1, 3, -1, -1], [-1, -1, -1, -1, -1, -1, -1, -1, -1, -1, -1, -1, 4, -1], [-1, -1, -1, -1, -1, -1, -1, -1, -1, -1, -1, -1, -1, 0], [-1, -1, -1, -1, -1, -1, -1, -1, -1, -1, -1, -1, -1, 0], [-1, -1, -1, -1, -1, -1, -1, -1, -1, -1, -1, -1, -1, 0], [-1, -1, -1, -1, -1, -1, -1, -1, -1, -1, -1, -1, -1, -1]]
[[(0, 0, 0), (-1.0011450280470632e-06, 0.09872206594531692, 2401.885626891009), (-7.485167409921051e-07, 0.09504188217071122, 2978.404507231695), (-1.0757035535855028e-06, 0.10439812503064809, 2178.209771720945), (-3.583060326234594e-06, 0.2983496581981392, 1313.613432050277)], [(-9.777161020130063e-07, 0.10212502257176898, 2392.6195721668346), (0, 0, 0), (-7.529648001562267e-05, 0.7229139980768419, 2318.192750763229), (-1.1403822777710874e-07, 0.011611295670102497, 287.9182412617508), (-7.248713195542669e-07, 0.06989976165141763, 1509.8762553436811)], [(-1.293238103848666e-06, 0.14318033838425617, 2612.1269144418434), (-9.663004157386033e-07, 0.11452501459651528, 2442.698607397746), (0, 0, 0), (-9.948429148131267e-07, 0.11521405464232878, 2329.4437403926195), (-1.5916333215310316e-06, 0.18418053884743105, 3540.016151054774)], [(-1.1345380446495771e-06, 0.10891125202730913, 2161.659622151752), (-2.6801195967017396e-08, 0.0043273905528703185, 293.58086993913236), (-1.061854564757854e-06, 0.12015516848216003, 2322.3095745519267), (0, 0, 0), (-3.201416725221055e-06, 0.26788676089655, 1286.6262168159235)], [(-4.633499220767475e-07, 0.04952910376374225, 1439.8276532305847), (-7.209616625009117e-07, 0.07041156548778214, 1496.5135296085691), (-2.3132224727675256e-07, 0.052633497185977846, 4525.082190612839), (-1.0622621321194749e-06, 0.09731570128987731, 1286.2215423744565), (0, 0, 0)]]
	TASK localpro	TYPE 0 

	TASK aggregate0	TYPE 1 

	TASK aggregate1	TYPE 2 

	TASK aggregate2	TYPE 3 

	TASK simpledetector0	TYPE 4 

	TASK simpledetector1	TYPE 5 

	TASK simpledetector2	TYPE 6 

	TASK astutedetector0	TYPE 7 

	TASK astutedetector1	TYPE 8 

	TASK astutedetector2	TYPE 9 

	TASK fusioncenter0	TYPE 10 

	TASK fusioncenter1	TYPE 11 

	TASK fusioncenter2	TYPE 12 

	TASK globalfusion	TYPE 13 

('task_names:', ['localpro', 'aggregate0', 'aggregate1', 'aggregate2', 'simpledetector0', 'simpledetector1', 'simpledetector2', 'astutedetector0', 'astutedetector1', 'astutedetector2', 'fusioncenter0', 'fusioncenter1', 'fusioncenter2', 'globalfusion'])
==================
 * Running on http://0.0.0.0:8888/ (Press CTRL+C to quit)
(0, 1)
(1, 1)
(2, 1)
(3, 1)
(4, 1)
(0, 3)
(1, 3)
(2, 3)
(3, 3)
(4, 3)
(0, 2)
(1, 2)
(2, 2)
(3, 2)
(4, 2)
(0, 4)
(1, 4)
(2, 4)
(3, 4)
(4, 4)
(0, 5)
(1, 5)
(2, 5)
(3, 5)
(4, 5)
(0, 6)
(1, 6)
(2, 6)
(3, 6)
(4, 6)
(0, 7)
(1, 7)
(2, 7)
(3, 7)
(4, 7)
(0, 9)
(1, 9)
(2, 9)
(3, 9)
(4, 9)
(0, 8)
(1, 8)
(2, 8)
(3, 8)
(4, 8)
(0, 10)
(1, 10)
(2, 10)
(3, 10)
(4, 10)
(0, 11)
(1, 11)
(2, 11)
(3, 11)
(4, 11)
(0, 12)
(1, 12)
(2, 12)
(3, 12)
(4, 12)
(0, 13)
(1, 13)
(2, 13)
(3, 13)
(4, 13)
Assign random master and slaves
task 0 : up_rank = 9106.133927, down_rank = 0.000000
task 1 : up_rank = 6765.387579, down_rank = 2340.746348
task 3 : up_rank = 6690.622056, down_rank = 2340.746348
task 2 : up_rank = 6686.416068, down_rank = 2340.746348
task 4 : up_rank = 4462.673407, down_rank = 4643.460520
task 5 : up_rank = 4462.673407, down_rank = 4564.489009
task 6 : up_rank = 4462.673407, down_rank = 4568.694996
task 7 : up_rank = 4462.248866, down_rank = 4643.460520
task 9 : up_rank = 4462.248866, down_rank = 4568.694996
task 8 : up_rank = 4462.107334, down_rank = 4564.489009
task 10 : up_rank = 2255.841339, down_rank = 6850.292589
task 11 : up_rank = 2255.841339, down_rank = 6771.321078
task 12 : up_rank = 2255.841339, down_rank = 6775.527065
task 13 : up_rank = 100.000000, down_rank = 9006.133927
node2:
task 1 : ast = 0, aft = 150
task 2 : ast = 150, aft = 300
task 4 : ast = 300, aft = 450
task 3 : ast = 450, aft = 600
task 5 : ast = 600, aft = 750
task 6 : ast = 750, aft = 900
task 7 : ast = 900, aft = 1050
task 8 : ast = 1050, aft = 1200
task 10 : ast = 1200, aft = 1350
task 9 : ast = 1350, aft = 1500
task 11 : ast = 1500, aft = 1600
task 12 : ast = 1600, aft = 1700
task 13 : ast = 1700, aft = 1800
task 14 : ast = 1800, aft = 1900
node3:
node4:
node5:
node6:
makespan = 1900
{'simpledetector2': 'node2', 'simpledetector1': 'node2', 'simpledetector0': 'node2', 'globalfusion': 'node2', 'aggregate1': 'node2', 'aggregate0': 'node2', 'aggregate2': 'node2', 'localpro': 'node2', 'astutedetector1': 'node2', 'astutedetector0': 'node2', 'astutedetector2': 'node2', 'fusioncenter0': 'node2', 'fusioncenter1': 'node2', 'fusioncenter2': 'node2'}
 * Serving Flask app "master" (lazy loading)
 * Environment: production
   WARNING: Do not use the development server in a production environment.
   Use a production WSGI server instead.
 * Debug mode: off
10.244.0.0 - - [12/Nov/2018 21:50:36] "GET / HTTP/1.1" 200 -
('Recieved request for current mapping. Current mappings done:', 14)
{'simpledetector2': 'node2', 'simpledetector1': 'node2', 'simpledetector0': 'node2', 'globalfusion': 'node2', 'aggregate1': 'node2', 'aggregate0': 'node2', 'aggregate2': 'node2', 'localpro': 'node2', 'astutedetector1': 'node2', 'astutedetector0': 'node2', 'astutedetector2': 'node2', 'fusioncenter0': 'node2', 'fusioncenter1': 'node2', 'fusioncenter2': 'node2'}
