 * Starting OpenBSD Secure Shell server sshd
   ...done.
-------------------------------------
Automatically generating HEFT input
-------------------------------------
Perform HEFT scheduling
read_input_heft.py:194: SyntaxWarning: name 'MONGO_SVC_PORT' is assigned to before global declaration
  global profiler_ip,exec_home_ip,num_nodes,MONGO_SVC_PORT,network_map,node_list, home_profiler_ip
('tasks: ', {'simpledetector2': ['fusioncenter2'], 'simpledetector1': ['fusioncenter1'], 'simpledetector0': ['fusioncenter0'], 'globalfusion': [], 'aggregate1': ['simpledetector1', 'astutedetector1'], 'aggregate0': ['simpledetector0', 'astutedetector0'], 'aggregate2': ['simpledetector2', 'astutedetector2'], 'localpro': ['aggregate0', 'aggregate1', 'aggregate2'], 'astutedetector1': ['fusioncenter1'], 'astutedetector0': ['fusioncenter0'], 'astutedetector2': ['fusioncenter2'], 'fusioncenter0': ['globalfusion'], 'fusioncenter1': ['globalfusion'], 'fusioncenter2': ['globalfusion']})
('task order', ['localpro', 'aggregate0', 'aggregate1', 'aggregate2', 'simpledetector0', 'simpledetector1', 'simpledetector2', 'astutedetector0', 'astutedetector1', 'astutedetector2', 'fusioncenter0', 'fusioncenter1', 'fusioncenter2', 'globalfusion'])
('super tasks', [])
('non tasks', [])
No input TGFF file found!
---------------------------------------------

 Read task list from DAG file, Non-DAG info and global information 

tasks:  {'globalfusion': [], 'simpledetector2': ['fusioncenter2'], 'astutedetector2': ['fusioncenter2'], 'fusioncenter0': ['globalfusion'], 'aggregate2': ['simpledetector2', 'astutedetector2'], 'aggregate1': ['simpledetector1', 'astutedetector1'], 'fusioncenter1': ['globalfusion'], 'fusioncenter2': ['globalfusion'], 'simpledetector0': ['fusioncenter0'], 'astutedetector0': ['fusioncenter0'], 'localpro': ['aggregate0', 'aggregate1', 'aggregate2'], 'astutedetector1': ['fusioncenter1'], 'aggregate0': ['simpledetector0', 'astutedetector0'], 'simpledetector1': ['fusioncenter1']}
task order ['localpro', 'aggregate0', 'aggregate1', 'aggregate2', 'simpledetector0', 'simpledetector1', 'simpledetector2', 'astutedetector0', 'astutedetector1', 'astutedetector2', 'fusioncenter0', 'fusioncenter1', 'fusioncenter2', 'globalfusion']
super tasks []
---------------------------------------------

 Create input HEFT file 

No available profiling information
---------------------------------------------

 Step 1: Read task list from DAG file and global information 

5
[['node2', '10.110.22.125'], ['node3', '10.100.135.138'], ['node4', '10.105.17.239'], ['node5', '10.108.202.177'], ['node6', '10.101.235.45']]
10.105.80.122
Num nodes :5
{'10.105.17.239': 'node4', '10.100.135.138': 'node3', '10.108.202.177': 'node5', '10.110.22.125': 'node2', '10.101.235.45': 'node6'}
['node2', 'node3', 'node4', 'node5', 'node6']
------------------------------------------------------------

 Step 2: Read network profiler information : 

------------------------------------------------------------

 Step 3: Read execution Profiler Information : 

[['node2', '10.110.22.125'], ['node3', '10.100.135.138'], ['node4', '10.105.17.239'], ['node5', '10.108.202.177'], ['node6', '10.101.235.45']]
Check Network Profiler IP: node2-10.110.22.125
Database(MongoClient(host=['10.105.80.122:6200'], document_class=dict, tz_aware=False, connect=True), 'execution_profiler')
--- Number of neighbors: 5
Current number of updated execution profilers:
6
--- Check execution profiler ID : home
--- Check execution profiler ID : node3
Check Network Profiler IP: node3-10.100.135.138
--- Check execution profiler ID : node5
--- Check execution profiler ID : node2
--- Check execution profiler ID : node4
--- Check execution profiler ID : node6
Execution information has already been provided
--- Number of neighbors: 5
Check Network Profiler IP: node4-10.105.17.239
--- Number of neighbors: 5
Check Network Profiler IP: node5-10.108.202.177
--- Number of neighbors: 5
Check Network Profiler IP: node6-10.101.235.45
--- Number of neighbors: 5
Network information has already been provided
['home', 'localpro', '15', '986.736']
['home', 'aggregate0', '15', '701.92']
['home', 'aggregate1', '15', '127.048']
['home', 'aggregate2', '15', '157.768']
['home', 'simpledetector0', '15', '7.616']
['home', 'simpledetector1', '15', '7.616']
['home', 'simpledetector2', '15', '7.168']
['home', 'astutedetector0', '15', '4.152']
['home', 'astutedetector1', '15', '3.48']
['home', 'astutedetector2', '15', '4.728']
['home', 'fusioncenter0', '10', '0.984']
['home', 'fusioncenter1', '10', '0.44']
['home', 'fusioncenter2', '10', '0.792']
['home', 'globalfusion', '10', '1.336']
['localpro', 'aggregate0', 'aggregate1', 'aggregate2', 'simpledetector0', 'simpledetector1', 'simpledetector2', 'astutedetector0', 'astutedetector1', 'astutedetector2', 'fusioncenter0', 'fusioncenter1', 'fusioncenter2', 'globalfusion']
{'globalfusion': 't0_13', 'simpledetector2': 't0_6', 'astutedetector2': 't0_9', 'fusioncenter0': 't0_10', 'aggregate2': 't0_3', 'aggregate1': 't0_2', 'fusioncenter1': 't0_11', 'fusioncenter2': 't0_12', 'simpledetector0': 't0_4', 'astutedetector0': 't0_7', 'localpro': 't0_0', 'astutedetector1': 't0_8', 'aggregate0': 't0_1', 'simpledetector1': 't0_5'}
{'globalfusion': 13, 'simpledetector2': 6, 'astutedetector2': 9, 'fusioncenter0': 10, 'aggregate2': 3, 'aggregate1': 2, 'fusioncenter1': 11, 'fusioncenter2': 12, 'simpledetector0': 4, 'astutedetector0': 7, 'localpro': 0, 'astutedetector1': 8, 'aggregate0': 1, 'simpledetector1': 5}
{'globalfusion': '1.312', 'simpledetector2': '7.168', 'astutedetector2': '4.704', 'fusioncenter0': '0.984', 'aggregate2': '157.768', 'aggregate1': '127.048', 'fusioncenter1': '0.44', 'fusioncenter2': '0.768', 'simpledetector0': '7.616', 'astutedetector0': '4.152', 'localpro': '986.736', 'astutedetector1': '3.48', 'aggregate0': '701.92', 'simpledetector1': '7.616'}
[[150, 150, 150, 150, 150], [150, 150, 150, 150, 150], [150, 150, 150, 150, 150], [150, 150, 150, 150, 150], [150, 150, 150, 150, 150], [150, 150, 150, 150, 150], [150, 150, 150, 150, 150], [150, 150, 150, 150, 150], [150, 150, 150, 150, 150], [150, 150, 150, 150, 150], [100, 100, 100, 100, 100], [100, 100, 100, 100, 100], [100, 100, 100, 100, 100], [100, 100, 100, 100, 100]]
	TASK localpro	TYPE 0 

	TASK aggregate0	TYPE 1 

	TASK aggregate1	TYPE 2 

	TASK aggregate2	TYPE 3 

	TASK simpledetector0	TYPE 4 

	TASK simpledetector1	TYPE 5 

	TASK simpledetector2	TYPE 6 

	TASK astutedetector0	TYPE 7 

	TASK astutedetector1	TYPE 8 

	TASK astutedetector2	TYPE 9 

	TASK fusioncenter0	TYPE 10 

	TASK fusioncenter1	TYPE 11 

	TASK fusioncenter2	TYPE 12 

	TASK globalfusion	TYPE 13 

task_names: ['localpro', 'aggregate0', 'aggregate1', 'aggregate2', 'simpledetector0', 'simpledetector1', 'simpledetector2', 'astutedetector0', 'astutedetector1', 'astutedetector2', 'fusioncenter0', 'fusioncenter1', 'fusioncenter2', 'globalfusion']
==================
Checking the written information
14
[<map object at 0x7f629d7316d8>, <map object at 0x7f629d731908>, <map object at 0x7f629d731a90>, <map object at 0x7f629d731c18>, <map object at 0x7f629d731da0>, <map object at 0x7f629d731f28>, <map object at 0x7f629d7330f0>, <map object at 0x7f629d733278>, <map object at 0x7f629d733400>, <map object at 0x7f629d733588>, <map object at 0x7f629d733748>, <map object at 0x7f629d733908>, <map object at 0x7f629d733ac8>, <map object at 0x7f629d733c88>]
[[0, 1, 1, 1, 1], [1, 0, 1, 1, 1], [1, 1, 0, 1, 1], [1, 1, 1, 0, 1], [1, 1, 1, 1, 0]]
[[-1, 986, 986, 986, -1, -1, -1, -1, -1, -1, -1, -1, -1, -1], [-1, -1, -1, -1, 701, -1, -1, 701, -1, -1, -1, -1, -1, -1], [-1, -1, -1, -1, -1, 127, -1, -1, 127, -1, -1, -1, -1, -1], [-1, -1, -1, -1, -1, -1, 157, -1, -1, 157, -1, -1, -1, -1], [-1, -1, -1, -1, -1, -1, -1, -1, -1, -1, 7, -1, -1, -1], [-1, -1, -1, -1, -1, -1, -1, -1, -1, -1, -1, 7, -1, -1], [-1, -1, -1, -1, -1, -1, -1, -1, -1, -1, -1, -1, 7, -1], [-1, -1, -1, -1, -1, -1, -1, -1, -1, -1, 4, -1, -1, -1], [-1, -1, -1, -1, -1, -1, -1, -1, -1, -1, -1, 3, -1, -1], [-1, -1, -1, -1, -1, -1, -1, -1, -1, -1, -1, -1, 4, -1], [-1, -1, -1, -1, -1, -1, -1, -1, -1, -1, -1, -1, -1, 0], [-1, -1, -1, -1, -1, -1, -1, -1, -1, -1, -1, -1, -1, 0], [-1, -1, -1, -1, -1, -1, -1, -1, -1, -1, -1, -1, -1, 0], [-1, -1, -1, -1, -1, -1, -1, -1, -1, -1, -1, -1, -1, -1]]
[[(0, 0, 0), (-1.2677584700412e-06, 0.12207663425251451, 2250.5234680625217), (-9.696400305661157e-07, 0.10868666828144309, 2789.9238812263116), (-1.2216007462802504e-06, 0.11646793395163317, 2192.249604792726), (-6.248682015940664e-07, 0.06108840271970861, 1400.8479198047792)], [(-1.2269136536824635e-06, 0.12439053004387883, 2239.0042800799274), (0, 0, 0), (-6.829899749850769e-05, 0.6741651994509971, 2509.337517828229), (-9.461182830791977e-08, 0.010059902937871464, 283.72705096203805), (-6.479513222739256e-07, 0.06500194033610596, 1568.5376648488752)], [(-9.23281118942833e-07, 0.11503954845738212, 2717.3410812244697), (-6.907296080366262e-06, 0.5860067268593296, 2537.157117415339), (0, 0, 0), (-4.599020608318437e-06, 0.5225491731230436, 2579.7981562030186), (-1.7408194002864252e-06, 0.19147256095492737, 3907.2381615896466)], [(-1.1369408135132293e-06, 0.11041896966583026, 2113.9038045098973), (-2.8672369097924105e-08, 0.004712029514355946, 289.1980689979252), (-2.5195644489945727e-06, 0.24235785890296732, 2640.0386020983483), (0, 0, 0), (-5.730926492503767e-07, 0.06449233627240476, 1323.3591531432883)], [(-6.528321399317653e-07, 0.06574230863667228, 1362.6155315370338), (-6.414852321145974e-07, 0.06360559909786077, 1539.6870003340107), (1.1967287805406556e-05, -1.0353708770027752, 14337.287887655892), (-6.708693547994363e-07, 0.06519558391973088, 1314.4162602488284), (0, 0, 0)]]
	TASK localpro	TYPE 0 

	TASK aggregate0	TYPE 1 

	TASK aggregate1	TYPE 2 

	TASK aggregate2	TYPE 3 

	TASK simpledetector0	TYPE 4 

	TASK simpledetector1	TYPE 5 

	TASK simpledetector2	TYPE 6 

	TASK astutedetector0	TYPE 7 

	TASK astutedetector1	TYPE 8 

	TASK astutedetector2	TYPE 9 

	TASK fusioncenter0	TYPE 10 

	TASK fusioncenter1	TYPE 11 

	TASK fusioncenter2	TYPE 12 

	TASK globalfusion	TYPE 13 

('task_names:', ['localpro', 'aggregate0', 'aggregate1', 'aggregate2', 'simpledetector0', 'simpledetector1', 'simpledetector2', 'astutedetector0', 'astutedetector1', 'astutedetector2', 'fusioncenter0', 'fusioncenter1', 'fusioncenter2', 'globalfusion'])
==================
 * Running on http://0.0.0.0:8888/ (Press CTRL+C to quit)
(0, 1)
(1, 1)
(2, 1)
(3, 1)
(4, 1)
(0, 3)
(1, 3)
(2, 3)
(3, 3)
(4, 3)
(0, 2)
(1, 2)
(2, 2)
(3, 2)
(4, 2)
(0, 4)
(1, 4)
(2, 4)
(3, 4)
(4, 4)
(0, 5)
(1, 5)
(2, 5)
(3, 5)
(4, 5)
(0, 6)
(1, 6)
(2, 6)
(3, 6)
(4, 6)
(0, 7)
(1, 7)
(2, 7)
(3, 7)
(4, 7)
(0, 9)
(1, 9)
(2, 9)
(3, 9)
(4, 9)
(0, 8)
(1, 8)
(2, 8)
(3, 8)
(4, 8)
(0, 10)
(1, 10)
(2, 10)
(3, 10)
(4, 10)
(0, 11)
(1, 11)
(2, 11)
(3, 11)
(4, 11)
(0, 12)
(1, 12)
(2, 12)
(3, 12)
(4, 12)
(0, 13)
(1, 13)
(2, 13)
(3, 13)
(4, 13)
Assign random master and slaves
task 0 : up_rank = 11216.140560, down_rank = 0.000000
task 1 : up_rank = 8363.041576, down_rank = 2853.098984
task 3 : up_rank = 8303.007512, down_rank = 2853.098984
task 2 : up_rank = 8299.625538, down_rank = 2853.098984
task 4 : up_rank = 5540.416374, down_rank = 5675.724186
task 5 : up_rank = 5540.416374, down_rank = 5612.308147
task 6 : up_rank = 5540.416374, down_rank = 5615.690122
task 7 : up_rank = 5540.074787, down_rank = 5675.724186
task 9 : up_rank = 5540.074787, down_rank = 5615.690122
task 8 : up_rank = 5539.960908, down_rank = 5612.308147
task 10 : up_rank = 2794.809611, down_rank = 8421.330949
task 11 : up_rank = 2794.809611, down_rank = 8357.914911
task 12 : up_rank = 2794.809611, down_rank = 8361.296885
task 13 : up_rank = 100.000000, down_rank = 11116.140560
node2:
task 1 : ast = 0, aft = 150
task 2 : ast = 150, aft = 300
task 4 : ast = 300, aft = 450
task 3 : ast = 450, aft = 600
task 5 : ast = 600, aft = 750
task 6 : ast = 750, aft = 900
task 7 : ast = 900, aft = 1050
task 8 : ast = 1050, aft = 1200
task 10 : ast = 1200, aft = 1350
task 9 : ast = 1350, aft = 1500
task 11 : ast = 1500, aft = 1600
task 12 : ast = 1600, aft = 1700
task 13 : ast = 1700, aft = 1800
task 14 : ast = 1800, aft = 1900
node3:
node4:
node5:
node6:
makespan = 1900
{'simpledetector2': 'node2', 'simpledetector1': 'node2', 'simpledetector0': 'node2', 'globalfusion': 'node2', 'aggregate1': 'node2', 'aggregate0': 'node2', 'aggregate2': 'node2', 'localpro': 'node2', 'astutedetector1': 'node2', 'astutedetector0': 'node2', 'astutedetector2': 'node2', 'fusioncenter0': 'node2', 'fusioncenter1': 'node2', 'fusioncenter2': 'node2'}
 * Serving Flask app "master" (lazy loading)
 * Environment: production
   WARNING: Do not use the development server in a production environment.
   Use a production WSGI server instead.
 * Debug mode: off
10.244.0.0 - - [13/Nov/2018 18:12:36] "GET / HTTP/1.1" 200 -
('Recieved request for current mapping. Current mappings done:', 14)
{'simpledetector2': 'node2', 'simpledetector1': 'node2', 'simpledetector0': 'node2', 'globalfusion': 'node2', 'aggregate1': 'node2', 'aggregate0': 'node2', 'aggregate2': 'node2', 'localpro': 'node2', 'astutedetector1': 'node2', 'astutedetector0': 'node2', 'astutedetector2': 'node2', 'fusioncenter0': 'node2', 'fusioncenter1': 'node2', 'fusioncenter2': 'node2'}
