 * Starting OpenBSD Secure Shell server sshd
   ...done.
Installing and starting mongodb
Start MongoDB.
about to fork child process, waiting until server is ready for connections.
forked process: 32
child process started successfully, parent exiting
Starting the scheduler
TASK1:  localpro
DAG:  {'simpledetector1': ['1', 'true', 'fusioncenter1'], 'astutedetector0': ['1', 'true', 'fusioncenter0'], 'aggregate2': ['1', 'true', 'simpledetector2', 'astutedetector2'], 'fusioncenter1': ['2', 'true', 'globalfusion'], 'astutedetector1': ['1', 'true', 'fusioncenter1'], 'localpro': ['1', 'false', 'aggregate0', 'aggregate1', 'aggregate2'], 'simpledetector0': ['1', 'true', 'fusioncenter0'], 'aggregate1': ['1', 'true', 'simpledetector1', 'astutedetector1'], 'simpledetector2': ['1', 'true', 'fusioncenter2'], 'fusioncenter0': ['2', 'true', 'globalfusion'], 'globalfusion': ['3', 'true', 'home'], 'aggregate0': ['1', 'true', 'simpledetector0', 'astutedetector0'], 'astutedetector2': ['1', 'true', 'fusioncenter2'], 'fusioncenter2': ['2', 'true', 'globalfusion']}
HOSTS:  {'home': ['home', 'ubuntu-2gb-nyc2-01-fra1', 'root', 'PASSWORD']}
Starting the output monitoring system:
Flask server started
 * Serving Flask app "scheduler" (lazy loading)
 * Environment: production
   WARNING: Do not use the development server in a production environment.
   Use a production WSGI server instead.
 * Debug mode: off
 * Running on http://0.0.0.0:8888/ (Press CTRL+C to quit)
10.244.0.0 - - [17/Dec/2018 19:06:40] "GET / HTTP/1.1" 200 -
Recieved request for number of output files. Current done: 0
Start copying sample files for evaluation
---- Generate random input files
---- Generate random input files
Received file as input - /input/1botnet.ipsum.
start time is:  [1545073624.0511565]
Transfer to IP: 10.100.12.13 , username: root , password: PASSWORD, source path: /input/1botnet.ipsum , destination path: /centralized_scheduler/input/1botnet.ipsum
10.100.12.13
Warning: Permanently added '[10.100.12.13]:5000' (ECDSA) to the list of known hosts.
data transfer complete

Received flask message: localpro rt_enter 1botnet 1545073624.7532806
10.244.4.73 - - [17/Dec/2018 19:07:04] "GET /recv_runtime_profile?work_node=localpro&msg=rt_enter+1botnet+1545073624.7532806 HTTP/1.1" 200 -
Received flask message: localpro rt_exec 1botnet 1545073624.7693248
10.244.4.73 - - [17/Dec/2018 19:07:04] "GET /recv_runtime_profile?work_node=localpro&msg=rt_exec+1botnet+1545073624.7693248 HTTP/1.1" 200 -
Received flask message: localpro rt_finish 1botnet 1545073639.803796
----------------------------
Worker node: localpro
Input file : 1botnet
Total duration time:15.050515413284302
Waiting time:0.016044139862060547
localpro execution time:15.034471273422241
----------------------------
********************************************
Runtime profiling info:
Task_name  local_input_file Enter_time Execute_time Finish_time Elapse_time Duration_time Waiting_time 

localpro   1botnet    1545073624.7532806 1545073624.7693248 1545073639.803796 15.050515413284302 15.034471273422241 0.016044139862060547

********************************************
10.244.4.73 - - [17/Dec/2018 19:07:19] "GET /recv_runtime_profile?work_node=localpro&msg=rt_finish+1botnet+1545073639.803796 HTTP/1.1" 200 -
Received flask message: aggregate0 rt_enter 1split 1545073642.746673
10.244.2.29 - - [17/Dec/2018 19:07:22] "GET /recv_runtime_profile?msg=rt_enter+1split+1545073642.746673&work_node=aggregate0 HTTP/1.1" 200 -
Received flask message: aggregate0 rt_exec 1split 1545073643.0752864
10.244.2.29 - - [17/Dec/2018 19:07:23] "GET /recv_runtime_profile?msg=rt_exec+1split+1545073643.0752864&work_node=aggregate0 HTTP/1.1" 200 -
Received flask message: aggregate1 rt_enter 1split 1545073644.5796826
10.244.3.16 - - [17/Dec/2018 19:07:24] "GET /recv_runtime_profile?msg=rt_enter+1split+1545073644.5796826&work_node=aggregate1 HTTP/1.1" 200 -
10.244.3.16 - - [17/Dec/2018 19:07:24] "GET /recv_runtime_profile?msg=rt_exec+1split+1545073644.757956&work_node=aggregate1 HTTP/1.1" 200 -
Received flask message: aggregate1 rt_exec 1split 1545073644.757956
Received flask message: aggregate2 rt_enter 1split 1545073645.1500685
10.244.6.126 - - [17/Dec/2018 19:07:25] "GET /recv_runtime_profile?msg=rt_enter+1split+1545073645.1500685&work_node=aggregate2 HTTP/1.1" 200 -
Received flask message: aggregate2 rt_exec 1split 1545073645.1829689
10.244.6.126 - - [17/Dec/2018 19:07:25] "GET /recv_runtime_profile?msg=rt_exec+1split+1545073645.1829689&work_node=aggregate2 HTTP/1.1" 200 -
Received flask message: aggregate0 rt_finish 1split 1545073658.3787074
----------------------------
Worker node: aggregate0
Input file : 1split
Total duration time:15.632034301757812
Waiting time:0.32861328125
aggregate0 execution time:15.303421020507812
----------------------------
********************************************
Runtime profiling info:
Task_name  local_input_file Enter_time Execute_time Finish_time Elapse_time Duration_time Waiting_time 

localpro   1botnet    1545073624.7532806 1545073624.7693248 1545073639.803796 15.050515413284302 15.034471273422241 0.016044139862060547

aggregate0 1split     1545073642.746673 1545073643.0752864 1545073658.3787074 15.632034301757812 15.303421020507812 0.32861328125

********************************************
10.244.2.29 - - [17/Dec/2018 19:07:38] "GET /recv_runtime_profile?msg=rt_finish+1split+1545073658.3787074&work_node=aggregate0 HTTP/1.1" 200 -
Received flask message: aggregate1 rt_finish 1split 1545073659.9454653
----------------------------
Worker node: aggregate1
Input file : 1split
Total duration time:15.365782737731934
Waiting time:0.17827343940734863
aggregate1 execution time:15.187509298324585
----------------------------
********************************************
Runtime profiling info:
Task_name  local_input_file Enter_time Execute_time Finish_time Elapse_time Duration_time Waiting_time 

aggregate1 1split     1545073644.5796826 1545073644.757956 1545073659.9454653 15.365782737731934 15.187509298324585 0.17827343940734863
10.244.3.16 - - [17/Dec/2018 19:07:40] "GET /recv_runtime_profile?msg=rt_finish+1split+1545073659.9454653&work_node=aggregate1 HTTP/1.1" 200 -

localpro   1botnet    1545073624.7532806 1545073624.7693248 1545073639.803796 15.050515413284302 15.034471273422241 0.016044139862060547

aggregate0 1split     1545073642.746673 1545073643.0752864 1545073658.3787074 15.632034301757812 15.303421020507812 0.32861328125

********************************************
Received flask message: aggregate2 rt_finish 1split 1545073660.2219408
----------------------------
Worker node: aggregate2
Input file : 1split
Total duration time:15.071872234344482
Waiting time:0.032900333404541016
aggregate2 execution time:15.038971900939941
----------------------------
********************************************
Runtime profiling info:
Task_name  local_input_file Enter_time Execute_time Finish_time Elapse_time Duration_time Waiting_time 

aggregate1 1split     1545073644.5796826 1545073644.757956 1545073659.9454653 15.365782737731934 15.187509298324585 0.17827343940734863

localpro   1botnet    1545073624.7532806 1545073624.7693248 1545073639.803796 15.050515413284302 15.034471273422241 0.016044139862060547

aggregate0 1split     1545073642.746673 1545073643.0752864 1545073658.3787074 15.632034301757812 15.303421020507812 0.32861328125

aggregate2 1split     1545073645.1500685 1545073645.1829689 1545073660.2219408 15.071872234344482 15.038971900939941 0.032900333404541016

********************************************
10.244.6.126 - - [17/Dec/2018 19:07:40] "GET /recv_runtime_profile?msg=rt_finish+1split+1545073660.2219408&work_node=aggregate2 HTTP/1.1" 200 -
Received flask message: simpledetector0 rt_enter 1merged 1545073660.033254
10.244.5.19 - - [17/Dec/2018 19:07:40] "GET /recv_runtime_profile?work_node=simpledetector0&msg=rt_enter+1merged+1545073660.033254 HTTP/1.1" 200 -
Recieved request for number of output files. Current done: 0
10.244.0.0 - - [17/Dec/2018 19:07:40] "GET / HTTP/1.1" 200 -
10.244.5.19 - - [17/Dec/2018 19:07:40] "GET /recv_runtime_profile?work_node=simpledetector0&msg=rt_exec+1merged+1545073660.3591964 HTTP/1.1" 200 -
Received flask message: simpledetector0 rt_exec 1merged 1545073660.3591964
Received flask message: simpledetector2 rt_enter 1merged 1545073661.485302
10.244.4.76 - - [17/Dec/2018 19:07:41] "GET /recv_runtime_profile?work_node=simpledetector2&msg=rt_enter+1merged+1545073661.485302 HTTP/1.1" 200 -
10.244.4.76 - - [17/Dec/2018 19:07:41] "GET /recv_runtime_profile?work_node=simpledetector2&msg=rt_exec+1merged+1545073661.4967742 HTTP/1.1" 200 -
Received flask message: simpledetector2 rt_exec 1merged 1545073661.4967742
Received flask message: astutedetector2 rt_enter 1merged 1545073661.7772174
10.244.4.72 - - [17/Dec/2018 19:07:41] "GET /recv_runtime_profile?work_node=astutedetector2&msg=rt_enter+1merged+1545073661.7772174 HTTP/1.1" 200 -
Received flask message: astutedetector2 rt_exec 1merged 1545073661.7904034
10.244.4.72 - - [17/Dec/2018 19:07:41] "GET /recv_runtime_profile?work_node=astutedetector2&msg=rt_exec+1merged+1545073661.7904034 HTTP/1.1" 200 -
Received flask message: simpledetector1 rt_enter 1merged 1545073662.1087313
10.244.4.74 - - [17/Dec/2018 19:07:42] "GET /recv_runtime_profile?work_node=simpledetector1&msg=rt_enter+1merged+1545073662.1087313 HTTP/1.1" 200 -
Received flask message: simpledetector1 rt_exec 1merged 1545073662.119761
10.244.4.74 - - [17/Dec/2018 19:07:42] "GET /recv_runtime_profile?work_node=simpledetector1&msg=rt_exec+1merged+1545073662.119761 HTTP/1.1" 200 -
Received flask message: astutedetector0 rt_enter 1merged 1545073662.122127
10.244.4.71 - - [17/Dec/2018 19:07:42] "GET /recv_runtime_profile?work_node=astutedetector0&msg=rt_enter+1merged+1545073662.122127 HTTP/1.1" 200 -
Received flask message: astutedetector0 rt_exec 1merged 1545073662.144612
10.244.4.71 - - [17/Dec/2018 19:07:42] "GET /recv_runtime_profile?work_node=astutedetector0&msg=rt_exec+1merged+1545073662.144612 HTTP/1.1" 200 -
10.244.4.75 - - [17/Dec/2018 19:07:43] "GET /recv_runtime_profile?msg=rt_enter+1merged+1545073663.548045&work_node=astutedetector1 HTTP/1.1" 200 -
Received flask message: astutedetector1 rt_enter 1merged 1545073663.548045
Received flask message: astutedetector1 rt_exec 1merged 1545073663.559262
10.244.4.75 - - [17/Dec/2018 19:07:43] "GET /recv_runtime_profile?msg=rt_exec+1merged+1545073663.559262&work_node=astutedetector1 HTTP/1.1" 200 -
Received flask message: simpledetector0 rt_finish 1merged 1545073675.695186
----------------------------
Worker node: simpledetector0
Input file : 1merged
Total duration time:15.661931991577148
Waiting time:0.3259425163269043
simpledetector0 execution time:15.335989475250244
----------------------------
********************************************
Runtime profiling info:
Task_name  local_input_file Enter_time Execute_time Finish_time Elapse_time Duration_time Waiting_time 

aggregate0 1split     1545073642.746673 1545073643.0752864 1545073658.3787074 15.632034301757812 15.303421020507812 0.32861328125

aggregate1 1split     1545073644.5796826 1545073644.757956 1545073659.9454653 15.365782737731934 15.187509298324585 0.17827343940734863

simpledetector0 1merged    1545073660.033254 1545073660.3591964 1545073675.695186 15.661931991577148 15.335989475250244 0.3259425163269043

localpro   1botnet    1545073624.7532806 1545073624.7693248 1545073639.803796 15.050515413284302 15.034471273422241 0.016044139862060547

aggregate2 1split     1545073645.1500685 1545073645.1829689 1545073660.2219408 15.071872234344482 15.038971900939941 0.032900333404541016

********************************************
10.244.5.19 - - [17/Dec/2018 19:07:55] "GET /recv_runtime_profile?work_node=simpledetector0&msg=rt_finish+1merged+1545073675.695186 HTTP/1.1" 200 -
Received flask message: simpledetector2 rt_finish 1merged 1545073676.5239866
----------------------------
Worker node: simpledetector2
Input file : 1merged
Total duration time:15.038684606552124
Waiting time:0.011472225189208984
simpledetector2 execution time:15.027212381362915
----------------------------
********************************************
Runtime profiling info:
Task_name  local_input_file Enter_time Execute_time Finish_time Elapse_time Duration_time Waiting_time 

simpledetector2 1merged    1545073661.485302 1545073661.4967742 1545073676.5239866 15.038684606552124 15.027212381362915 0.011472225189208984

aggregate0 1split     1545073642.746673 1545073643.0752864 1545073658.3787074 15.632034301757812 15.303421020507812 0.32861328125

aggregate1 1split     1545073644.5796826 1545073644.757956 1545073659.9454653 15.365782737731934 15.187509298324585 0.17827343940734863

simpledetector0 1merged    1545073660.033254 1545073660.3591964 1545073675.695186 15.661931991577148 15.335989475250244 0.3259425163269043

localpro   1botnet    1545073624.7532806 1545073624.7693248 1545073639.803796 15.050515413284302 15.034471273422241 0.016044139862060547

aggregate2 1split     1545073645.1500685 1545073645.1829689 1545073660.2219408 15.071872234344482 15.038971900939941 0.032900333404541016

********************************************
10.244.4.76 - - [17/Dec/2018 19:07:56] "GET /recv_runtime_profile?work_node=simpledetector2&msg=rt_finish+1merged+1545073676.5239866 HTTP/1.1" 200 -
Received flask message: astutedetector2 rt_finish 1merged 1545073676.8984866
----------------------------
Worker node: astutedetector2
Input file : 1merged
Total duration time:15.121269226074219
Waiting time:0.013185977935791016
astutedetector2 execution time:15.108083248138428
----------------------------
********************************************
Runtime profiling info:
Task_name  local_input_file Enter_time Execute_time Finish_time Elapse_time Duration_time Waiting_time 

simpledetector2 1merged    1545073661.485302 1545073661.4967742 1545073676.5239866 15.038684606552124 15.027212381362915 0.011472225189208984

aggregate0 1split     1545073642.746673 1545073643.0752864 1545073658.3787074 15.632034301757812 15.303421020507812 0.32861328125

aggregate1 1split     1545073644.5796826 1545073644.757956 1545073659.9454653 15.365782737731934 15.187509298324585 0.17827343940734863

simpledetector0 1merged    1545073660.033254 1545073660.3591964 1545073675.695186 15.661931991577148 15.335989475250244 0.3259425163269043

localpro   1botnet    1545073624.7532806 1545073624.7693248 1545073639.803796 15.050515413284302 15.034471273422241 0.016044139862060547

astutedetector2 1merged    1545073661.7772174 1545073661.7904034 1545073676.8984866 15.121269226074219 15.108083248138428 0.013185977935791016

aggregate2 1split     1545073645.1500685 1545073645.1829689 1545073660.2219408 15.071872234344482 15.038971900939941 0.032900333404541016

********************************************
10.244.4.72 - - [17/Dec/2018 19:07:56] "GET /recv_runtime_profile?work_node=astutedetector2&msg=rt_finish+1merged+1545073676.8984866 HTTP/1.1" 200 -
Received flask message: simpledetector1 rt_finish 1merged 1545073677.1492538
----------------------------
Worker node: simpledetector1
Input file : 1merged
Total duration time:15.040522575378418
Waiting time:0.011029720306396484
simpledetector1 execution time:15.029492855072021
----------------------------
********************************************
Runtime profiling info:
Task_name  local_input_file Enter_time Execute_time Finish_time Elapse_time Duration_time Waiting_time 

simpledetector2 1merged    1545073661.485302 1545073661.4967742 1545073676.5239866 15.038684606552124 15.027212381362915 0.011472225189208984

aggregate0 1split     1545073642.746673 1545073643.0752864 1545073658.3787074 15.632034301757812 15.303421020507812 0.32861328125

aggregate1 1split     1545073644.5796826 1545073644.757956 1545073659.9454653 15.365782737731934 15.187509298324585 0.17827343940734863

simpledetector1 1merged    1545073662.1087313 1545073662.119761 1545073677.1492538 15.040522575378418 15.029492855072021 0.011029720306396484

simpledetector0 1merged    1545073660.033254 1545073660.3591964 1545073675.695186 15.661931991577148 15.335989475250244 0.3259425163269043

localpro   1botnet    1545073624.7532806 1545073624.7693248 1545073639.803796 15.050515413284302 15.034471273422241 0.016044139862060547

astutedetector2 1merged    1545073661.7772174 1545073661.7904034 1545073676.8984866 15.121269226074219 15.108083248138428 0.013185977935791016

aggregate2 1split     1545073645.1500685 1545073645.1829689 1545073660.2219408 15.071872234344482 15.038971900939941 0.032900333404541016

********************************************
10.244.4.74 - - [17/Dec/2018 19:07:57] "GET /recv_runtime_profile?work_node=simpledetector1&msg=rt_finish+1merged+1545073677.1492538 HTTP/1.1" 200 -
Received flask message: astutedetector0 rt_finish 1merged 1545073677.289872
----------------------------
Worker node: astutedetector0
Input file : 1merged
10.244.4.71 - - [17/Dec/2018 19:07:57] "GET /recv_runtime_profile?work_node=astutedetector0&msg=rt_finish+1merged+1545073677.289872 HTTP/1.1" 200 -
Total duration time:15.167744874954224
Waiting time:0.022485017776489258
astutedetector0 execution time:15.145259857177734
----------------------------
********************************************
Runtime profiling info:
Task_name  local_input_file Enter_time Execute_time Finish_time Elapse_time Duration_time Waiting_time 

astutedetector0 1merged    1545073662.122127 1545073662.144612 1545073677.289872 15.167744874954224 15.145259857177734 0.022485017776489258

simpledetector2 1merged    1545073661.485302 1545073661.4967742 1545073676.5239866 15.038684606552124 15.027212381362915 0.011472225189208984

aggregate0 1split     1545073642.746673 1545073643.0752864 1545073658.3787074 15.632034301757812 15.303421020507812 0.32861328125

aggregate1 1split     1545073644.5796826 1545073644.757956 1545073659.9454653 15.365782737731934 15.187509298324585 0.17827343940734863

simpledetector1 1merged    1545073662.1087313 1545073662.119761 1545073677.1492538 15.040522575378418 15.029492855072021 0.011029720306396484

simpledetector0 1merged    1545073660.033254 1545073660.3591964 1545073675.695186 15.661931991577148 15.335989475250244 0.3259425163269043

localpro   1botnet    1545073624.7532806 1545073624.7693248 1545073639.803796 15.050515413284302 15.034471273422241 0.016044139862060547

astutedetector2 1merged    1545073661.7772174 1545073661.7904034 1545073676.8984866 15.121269226074219 15.108083248138428 0.013185977935791016

aggregate2 1split     1545073645.1500685 1545073645.1829689 1545073660.2219408 15.071872234344482 15.038971900939941 0.032900333404541016

********************************************
Received flask message: fusioncenter0 rt_enter 1anomalies 1545073677.3155875
10.244.2.28 - - [17/Dec/2018 19:07:57] "GET /recv_runtime_profile?work_node=fusioncenter0&msg=rt_enter+1anomalies+1545073677.3155875 HTTP/1.1" 200 -
Received flask message: fusioncenter1 rt_enter 1anomalies 1545073678.3965356
10.244.6.125 - - [17/Dec/2018 19:07:58] "GET /recv_runtime_profile?msg=rt_enter+1anomalies+1545073678.3965356&work_node=fusioncenter1 HTTP/1.1" 200 -
Received flask message: astutedetector1 rt_finish 1merged 1545073678.6708472
----------------------------
Worker node: astutedetector1
Input file : 1merged
Total duration time:15.122802257537842
Waiting time:0.011217117309570312
astutedetector1 execution time:15.111585140228271
----------------------------
********************************************
Runtime profiling info:
Task_name  local_input_file Enter_time Execute_time Finish_time Elapse_time Duration_time Waiting_time 

astutedetector1 1merged    1545073663.548045 1545073663.559262 1545073678.6708472 15.122802257537842 15.111585140228271 0.011217117309570312

astutedetector0 1merged    1545073662.122127 1545073662.144612 1545073677.289872 15.167744874954224 15.145259857177734 0.022485017776489258

aggregate0 1split     1545073642.746673 1545073643.0752864 1545073658.3787074 15.632034301757812 15.303421020507812 0.32861328125

simpledetector0 1merged    1545073660.033254 1545073660.3591964 1545073675.695186 15.661931991577148 15.335989475250244 0.3259425163269043

aggregate1 1split     1545073644.5796826 1545073644.757956 1545073659.9454653 15.365782737731934 15.187509298324585 0.17827343940734863

localpro   1botnet    1545073624.7532806 1545073624.7693248 1545073639.803796 15.050515413284302 15.034471273422241 0.016044139862060547

astutedetector2 1merged    1545073661.7772174 1545073661.7904034 1545073676.8984866 15.121269226074219 15.108083248138428 0.013185977935791016

simpledetector2 1merged    1545073661.485302 1545073661.4967742 1545073676.5239866 15.038684606552124 15.027212381362915 0.011472225189208984

simpledetector1 1merged    1545073662.1087313 1545073662.119761 1545073677.1492538 15.040522575378418 15.029492855072021 0.011029720306396484

aggregate2 1split     1545073645.1500685 1545073645.1829689 1545073660.2219408 15.071872234344482 15.038971900939941 0.032900333404541016

********************************************
10.244.4.75 - - [17/Dec/2018 19:07:58] "GET /recv_runtime_profile?msg=rt_finish+1merged+1545073678.6708472&work_node=astutedetector1 HTTP/1.1" 200 -
Received flask message: fusioncenter2 rt_enter 1anomalies 1545073679.528472
10.244.5.18 - - [17/Dec/2018 19:07:59] "GET /recv_runtime_profile?msg=rt_enter+1anomalies+1545073679.528472&work_node=fusioncenter2 HTTP/1.1" 200 -
Received flask message: fusioncenter1 rt_exec 1anomalies 1545073679.9186182
10.244.6.125 - - [17/Dec/2018 19:07:59] "GET /recv_runtime_profile?msg=rt_exec+1anomalies+1545073679.9186182&work_node=fusioncenter1 HTTP/1.1" 200 -
Received flask message: fusioncenter2 rt_exec 1anomalies 1545073679.896733
10.244.5.18 - - [17/Dec/2018 19:08:00] "GET /recv_runtime_profile?msg=rt_exec+1anomalies+1545073679.896733&work_node=fusioncenter2 HTTP/1.1" 200 -
Received flask message: fusioncenter0 rt_exec 1anomalies 1545073680.1513877
10.244.2.28 - - [17/Dec/2018 19:08:00] "GET /recv_runtime_profile?work_node=fusioncenter0&msg=rt_exec+1anomalies+1545073680.1513877 HTTP/1.1" 200 -
Received flask message: fusioncenter1 rt_finish 1anomalies 1545073689.9511235
----------------------------
Worker node: fusioncenter1
Input file : 1anomalies
Total duration time:11.554587841033936
Waiting time:1.5220825672149658
fusioncenter1 execution time:10.03250527381897
----------------------------
********************************************
Runtime profiling info:
Task_name  local_input_file Enter_time Execute_time Finish_time Elapse_time Duration_time Waiting_time 

astutedetector1 1merged    1545073663.548045 1545073663.559262 1545073678.6708472 15.122802257537842 15.111585140228271 0.011217117309570312

astutedetector0 1merged    1545073662.122127 1545073662.144612 1545073677.289872 15.167744874954224 15.145259857177734 0.022485017776489258

aggregate0 1split     1545073642.746673 1545073643.0752864 1545073658.3787074 15.632034301757812 15.303421020507812 0.32861328125

simpledetector0 1merged    1545073660.033254 1545073660.3591964 1545073675.695186 15.661931991577148 15.335989475250244 0.3259425163269043

aggregate1 1split     1545073644.5796826 1545073644.757956 1545073659.9454653 15.365782737731934 15.187509298324585 0.17827343940734863

localpro   1botnet    1545073624.7532806 1545073624.7693248 1545073639.803796 15.050515413284302 15.034471273422241 0.016044139862060547

astutedetector2 1merged    1545073661.7772174 1545073661.7904034 1545073676.8984866 15.121269226074219 15.108083248138428 0.013185977935791016

fusioncenter1 1anomalies 1545073678.3965356 1545073679.9186182 1545073689.9511235 11.554587841033936 10.03250527381897 1.5220825672149658

simpledetector2 1merged    1545073661.485302 1545073661.4967742 1545073676.5239866 15.038684606552124 15.027212381362915 0.011472225189208984

simpledetector1 1merged    1545073662.1087313 1545073662.119761 1545073677.1492538 15.040522575378418 15.029492855072021 0.011029720306396484

aggregate2 1split     1545073645.1500685 1545073645.1829689 1545073660.2219408 15.071872234344482 15.038971900939941 0.032900333404541016

********************************************
10.244.6.125 - - [17/Dec/2018 19:08:09] "GET /recv_runtime_profile?msg=rt_finish+1anomalies+1545073689.9511235&work_node=fusioncenter1 HTTP/1.1" 200 -
Received flask message: fusioncenter2 rt_finish 1anomalies 1545073690.2255406
----------------------------
Worker node: fusioncenter2
Input file : 1anomalies
Total duration time:10.697068691253662
Waiting time:0.36826109886169434
fusioncenter2 execution time:10.328807592391968
----------------------------
********************************************
Runtime profiling info:
Task_name  local_input_file Enter_time Execute_time Finish_time Elapse_time Duration_time Waiting_time 

astutedetector1 1merged    1545073663.548045 1545073663.559262 1545073678.6708472 15.122802257537842 15.111585140228271 0.011217117309570312

fusioncenter2 1anomalies 1545073679.528472 1545073679.896733 1545073690.2255406 10.697068691253662 10.328807592391968 0.36826109886169434

astutedetector0 1merged    1545073662.122127 1545073662.144612 1545073677.289872 15.167744874954224 15.145259857177734 0.022485017776489258

aggregate0 1split     1545073642.746673 1545073643.0752864 1545073658.3787074 15.632034301757812 15.303421020507812 0.32861328125

simpledetector0 1merged    1545073660.033254 1545073660.3591964 1545073675.695186 15.661931991577148 15.335989475250244 0.3259425163269043

aggregate1 1split     1545073644.5796826 1545073644.757956 1545073659.9454653 15.365782737731934 15.187509298324585 0.17827343940734863

localpro   1botnet    1545073624.7532806 1545073624.7693248 1545073639.803796 15.050515413284302 15.034471273422241 0.016044139862060547

astutedetector2 1merged    1545073661.7772174 1545073661.7904034 1545073676.8984866 15.121269226074219 15.108083248138428 0.013185977935791016

fusioncenter1 1anomalies 1545073678.3965356 1545073679.9186182 1545073689.9511235 11.554587841033936 10.03250527381897 1.5220825672149658

simpledetector2 1merged    1545073661.485302 1545073661.4967742 1545073676.5239866 15.038684606552124 15.027212381362915 0.011472225189208984

simpledetector1 1merged    1545073662.1087313 1545073662.119761 1545073677.1492538 15.040522575378418 15.029492855072021 0.011029720306396484

aggregate2 1split     1545073645.1500685 1545073645.1829689 1545073660.2219408 15.071872234344482 15.038971900939941 0.032900333404541016

********************************************
10.244.5.18 - - [17/Dec/2018 19:08:10] "GET /recv_runtime_profile?msg=rt_finish+1anomalies+1545073690.2255406&work_node=fusioncenter2 HTTP/1.1" 200 -
Received flask message: fusioncenter0 rt_finish 1anomalies 1545073690.4566903
----------------------------
Worker node: fusioncenter0
Input file : 1anomalies
Total duration time:13.14110279083252
Waiting time:2.8358001708984375
fusioncenter0 execution time:10.305302619934082
----------------------------
********************************************
Runtime profiling info:
Task_name  local_input_file Enter_time Execute_time Finish_time Elapse_time Duration_time Waiting_time 

astutedetector1 1merged    1545073663.548045 1545073663.559262 1545073678.6708472 15.122802257537842 15.111585140228271 0.011217117309570312

fusioncenter2 1anomalies 1545073679.528472 1545073679.896733 1545073690.2255406 10.697068691253662 10.328807592391968 0.36826109886169434

astutedetector0 1merged    1545073662.122127 1545073662.144612 1545073677.289872 15.167744874954224 15.145259857177734 0.022485017776489258

aggregate0 1split     1545073642.746673 1545073643.0752864 1545073658.3787074 15.632034301757812 15.303421020507812 0.32861328125

simpledetector0 1merged    1545073660.033254 1545073660.3591964 1545073675.695186 15.661931991577148 15.335989475250244 0.3259425163269043

aggregate1 1split     1545073644.5796826 1545073644.757956 1545073659.9454653 15.365782737731934 15.187509298324585 0.17827343940734863

localpro   1botnet    1545073624.7532806 1545073624.7693248 1545073639.803796 15.050515413284302 15.034471273422241 0.016044139862060547

astutedetector2 1merged    1545073661.7772174 1545073661.7904034 1545073676.8984866 15.121269226074219 15.108083248138428 0.013185977935791016

fusioncenter1 1anomalies 1545073678.3965356 1545073679.9186182 1545073689.9511235 11.554587841033936 10.03250527381897 1.5220825672149658

fusioncenter0 1anomalies 1545073677.3155875 1545073680.1513877 1545073690.4566903 13.14110279083252 10.305302619934082 2.8358001708984375

simpledetector2 1merged    1545073661.485302 1545073661.4967742 1545073676.5239866 15.038684606552124 15.027212381362915 0.011472225189208984

simpledetector1 1merged    1545073662.1087313 1545073662.119761 1545073677.1492538 15.040522575378418 15.029492855072021 0.011029720306396484

aggregate2 1split     1545073645.1500685 1545073645.1829689 1545073660.2219408 15.071872234344482 15.038971900939941 0.032900333404541016

********************************************
10.244.2.28 - - [17/Dec/2018 19:08:10] "GET /recv_runtime_profile?work_node=fusioncenter0&msg=rt_finish+1anomalies+1545073690.4566903 HTTP/1.1" 200 -
Received flask message: globalfusion rt_enter 1fusion 1545073691.1322956
10.244.6.124 - - [17/Dec/2018 19:08:11] "GET /recv_runtime_profile?work_node=globalfusion&msg=rt_enter+1fusion+1545073691.1322956 HTTP/1.1" 200 -
Received flask message: globalfusion rt_exec 1fusion 1545073693.3105855
10.244.6.124 - - [17/Dec/2018 19:08:13] "GET /recv_runtime_profile?work_node=globalfusion&msg=rt_exec+1fusion+1545073693.3105855 HTTP/1.1" 200 -
10.244.6.124 - - [17/Dec/2018 19:08:23] "GET /recv_runtime_profile?work_node=globalfusion&msg=rt_finish+1fusion+1545073703.3449142 HTTP/1.1" 200 -
Received flask message: globalfusion rt_finish 1fusion 1545073703.3449142
----------------------------
Worker node: globalfusion
Input file : 1fusion
Total duration time:12.212618589401245
Waiting time:2.1782898902893066
globalfusion execution time:10.034328699111938
----------------------------
********************************************
Runtime profiling info:
Task_name  local_input_file Enter_time Execute_time Finish_time Elapse_time Duration_time Waiting_time 

astutedetector1 1merged    1545073663.548045 1545073663.559262 1545073678.6708472 15.122802257537842 15.111585140228271 0.011217117309570312

fusioncenter2 1anomalies 1545073679.528472 1545073679.896733 1545073690.2255406 10.697068691253662 10.328807592391968 0.36826109886169434

astutedetector0 1merged    1545073662.122127 1545073662.144612 1545073677.289872 15.167744874954224 15.145259857177734 0.022485017776489258

aggregate0 1split     1545073642.746673 1545073643.0752864 1545073658.3787074 15.632034301757812 15.303421020507812 0.32861328125

simpledetector0 1merged    1545073660.033254 1545073660.3591964 1545073675.695186 15.661931991577148 15.335989475250244 0.3259425163269043

aggregate1 1split     1545073644.5796826 1545073644.757956 1545073659.9454653 15.365782737731934 15.187509298324585 0.17827343940734863

localpro   1botnet    1545073624.7532806 1545073624.7693248 1545073639.803796 15.050515413284302 15.034471273422241 0.016044139862060547

astutedetector2 1merged    1545073661.7772174 1545073661.7904034 1545073676.8984866 15.121269226074219 15.108083248138428 0.013185977935791016

fusioncenter1 1anomalies 1545073678.3965356 1545073679.9186182 1545073689.9511235 11.554587841033936 10.03250527381897 1.5220825672149658

globalfusion 1fusion    1545073691.1322956 1545073693.3105855 1545073703.3449142 12.212618589401245 10.034328699111938 2.1782898902893066

fusioncenter0 1anomalies 1545073677.3155875 1545073680.1513877 1545073690.4566903 13.14110279083252 10.305302619934082 2.8358001708984375

simpledetector2 1merged    1545073661.485302 1545073661.4967742 1545073676.5239866 15.038684606552124 15.027212381362915 0.011472225189208984

simpledetector1 1merged    1545073662.1087313 1545073662.119761 1545073677.1492538 15.040522575378418 15.029492855072021 0.011029720306396484

aggregate2 1split     1545073645.1500685 1545073645.1829689 1545073660.2219408 15.071872234344482 15.038971900939941 0.032900333404541016

********************************************
/output/1global_anomalies.log created
ending time is:  [1545073704.587602]
execution time is:  [80.5364453792572]
Recieved request for number of output files. Current done: 1
10.244.0.0 - - [17/Dec/2018 19:08:40] "GET / HTTP/1.1" 200 -
---- Generate random input files
Received file as input - /input/2botnet.ipsum.
start time is:  [1545073624.0511565, 1545073739.1485202]
Transfer to IP: 10.100.12.13 , username: root , password: PASSWORD, source path: /input/2botnet.ipsum , destination path: /centralized_scheduler/input/2botnet.ipsum
10.100.12.13
data transfer complete

Received flask message: localpro rt_enter 2botnet 1545073739.824055
10.244.4.73 - - [17/Dec/2018 19:08:59] "GET /recv_runtime_profile?work_node=localpro&msg=rt_enter+2botnet+1545073739.824055 HTTP/1.1" 200 -
10.244.4.73 - - [17/Dec/2018 19:08:59] "GET /recv_runtime_profile?work_node=localpro&msg=rt_exec+2botnet+1545073739.8282044 HTTP/1.1" 200 -
Received flask message: localpro rt_exec 2botnet 1545073739.8282044
Received flask message: localpro rt_finish 2botnet 1545073754.8564758
----------------------------
Worker node: localpro
Input file : 2botnet
Total duration time:15.032420873641968
Waiting time:0.004149436950683594
localpro execution time:15.028271436691284
----------------------------
********************************************
Runtime profiling info:
Task_name  local_input_file Enter_time Execute_time Finish_time Elapse_time Duration_time Waiting_time 

astutedetector1 1merged    1545073663.548045 1545073663.559262 1545073678.6708472 15.122802257537842 15.111585140228271 0.011217117309570312

fusioncenter2 1anomalies 1545073679.528472 1545073679.896733 1545073690.2255406 10.697068691253662 10.328807592391968 0.36826109886169434

astutedetector0 1merged    1545073662.122127 1545073662.144612 1545073677.289872 15.167744874954224 15.145259857177734 0.022485017776489258

aggregate0 1split     1545073642.746673 1545073643.0752864 1545073658.3787074 15.632034301757812 15.303421020507812 0.32861328125

simpledetector0 1merged    1545073660.033254 1545073660.3591964 1545073675.695186 15.661931991577148 15.335989475250244 0.3259425163269043

aggregate1 1split     1545073644.5796826 1545073644.757956 1545073659.9454653 15.365782737731934 15.187509298324585 0.17827343940734863

localpro   1botnet    1545073624.7532806 1545073624.7693248 1545073639.803796 15.050515413284302 15.034471273422241 0.016044139862060547

astutedetector2 1merged    1545073661.7772174 1545073661.7904034 1545073676.8984866 15.121269226074219 15.108083248138428 0.013185977935791016

fusioncenter1 1anomalies 1545073678.3965356 1545073679.9186182 1545073689.9511235 11.554587841033936 10.03250527381897 1.5220825672149658

globalfusion 1fusion    1545073691.1322956 1545073693.3105855 1545073703.3449142 12.212618589401245 10.034328699111938 2.1782898902893066

fusioncenter0 1anomalies 1545073677.3155875 1545073680.1513877 1545073690.4566903 13.14110279083252 10.305302619934082 2.8358001708984375

simpledetector2 1merged    1545073661.485302 1545073661.4967742 1545073676.5239866 15.038684606552124 15.027212381362915 0.011472225189208984

simpledetector1 1merged    1545073662.1087313 1545073662.119761 1545073677.1492538 15.040522575378418 15.029492855072021 0.011029720306396484

localpro   2botnet    1545073739.824055 1545073739.8282044 1545073754.8564758 15.032420873641968 15.028271436691284 0.004149436950683594

aggregate2 1split     1545073645.1500685 1545073645.1829689 1545073660.2219408 15.071872234344482 15.038971900939941 0.032900333404541016

********************************************
10.244.4.73 - - [17/Dec/2018 19:09:14] "GET /recv_runtime_profile?work_node=localpro&msg=rt_finish+2botnet+1545073754.8564758 HTTP/1.1" 200 -
Received flask message: aggregate0 rt_enter 2split 1545073757.6595304
10.244.2.29 - - [17/Dec/2018 19:09:17] "GET /recv_runtime_profile?msg=rt_enter+2split+1545073757.6595304&work_node=aggregate0 HTTP/1.1" 200 -
Received flask message: aggregate0 rt_exec 2split 1545073757.993466
10.244.2.29 - - [17/Dec/2018 19:09:18] "GET /recv_runtime_profile?msg=rt_exec+2split+1545073757.993466&work_node=aggregate0 HTTP/1.1" 200 -
10.244.3.16 - - [17/Dec/2018 19:09:19] "GET /recv_runtime_profile?msg=rt_enter+2split+1545073759.4273515&work_node=aggregate1 HTTP/1.1" 200 -
Received flask message: aggregate1 rt_enter 2split 1545073759.4273515
Received flask message: aggregate1 rt_exec 2split 1545073759.5988948
10.244.3.16 - - [17/Dec/2018 19:09:19] "GET /recv_runtime_profile?msg=rt_exec+2split+1545073759.5988948&work_node=aggregate1 HTTP/1.1" 200 -
Received flask message: aggregate2 rt_enter 2split 1545073759.983238
10.244.6.126 - - [17/Dec/2018 19:09:19] "GET /recv_runtime_profile?msg=rt_enter+2split+1545073759.983238&work_node=aggregate2 HTTP/1.1" 200 -
Received flask message: aggregate2 rt_exec 2split 1545073760.0002897
10.244.6.126 - - [17/Dec/2018 19:09:20] "GET /recv_runtime_profile?msg=rt_exec+2split+1545073760.0002897&work_node=aggregate2 HTTP/1.1" 200 -
Received flask message: aggregate0 rt_finish 2split 1545073773.317478
----------------------------
Worker node: aggregate0
Input file : 2split
Total duration time:15.657947540283203
Waiting time:0.3339354991912842
aggregate0 execution time:15.324012041091919
----------------------------
********************************************
Runtime profiling info:
Task_name  local_input_file Enter_time Execute_time Finish_time Elapse_time Duration_time Waiting_time 

astutedetector1 1merged    1545073663.548045 1545073663.559262 1545073678.6708472 15.122802257537842 15.111585140228271 0.011217117309570312

fusioncenter2 1anomalies 1545073679.528472 1545073679.896733 1545073690.2255406 10.697068691253662 10.328807592391968 0.36826109886169434

astutedetector0 1merged    1545073662.122127 1545073662.144612 1545073677.289872 15.167744874954224 15.145259857177734 0.022485017776489258

aggregate0 1split     1545073642.746673 1545073643.0752864 1545073658.3787074 15.632034301757812 15.303421020507812 0.32861328125

aggregate0 2split     1545073757.6595304 1545073757.993466 1545073773.317478 15.657947540283203 15.324012041091919 0.3339354991912842

simpledetector0 1merged    1545073660.033254 1545073660.3591964 1545073675.695186 15.661931991577148 15.335989475250244 0.3259425163269043

aggregate1 1split     1545073644.5796826 1545073644.757956 1545073659.9454653 15.365782737731934 15.187509298324585 0.17827343940734863

localpro   1botnet    1545073624.7532806 1545073624.7693248 1545073639.803796 15.050515413284302 15.034471273422241 0.016044139862060547

astutedetector2 1merged    1545073661.7772174 1545073661.7904034 1545073676.8984866 15.121269226074219 15.108083248138428 0.013185977935791016

fusioncenter1 1anomalies 1545073678.3965356 1545073679.9186182 1545073689.9511235 11.554587841033936 10.03250527381897 1.5220825672149658

globalfusion 1fusion    1545073691.1322956 1545073693.3105855 1545073703.3449142 12.212618589401245 10.034328699111938 2.1782898902893066

fusioncenter0 1anomalies 1545073677.3155875 1545073680.1513877 1545073690.4566903 13.14110279083252 10.305302619934082 2.8358001708984375

simpledetector2 1merged    1545073661.485302 1545073661.4967742 1545073676.5239866 15.038684606552124 15.027212381362915 0.011472225189208984

simpledetector1 1merged    1545073662.1087313 1545073662.119761 1545073677.1492538 15.040522575378418 15.029492855072021 0.011029720306396484

localpro   2botnet    1545073739.824055 1545073739.8282044 1545073754.8564758 15.032420873641968 15.028271436691284 0.004149436950683594

aggregate2 1split     1545073645.1500685 1545073645.1829689 1545073660.2219408 15.071872234344482 15.038971900939941 0.032900333404541016

********************************************
10.244.2.29 - - [17/Dec/2018 19:09:33] "GET /recv_runtime_profile?msg=rt_finish+2split+1545073773.317478&work_node=aggregate0 HTTP/1.1" 200 -
Received flask message: aggregate1 rt_finish 2split 1545073774.7851589
----------------------------
Worker node: aggregate1
Input file : 2split
Total duration time:15.357807397842407
Waiting time:0.17154335975646973
aggregate1 execution time:15.186264038085938
----------------------------
********************************************
Runtime profiling info:
Task_name  local_input_file Enter_time Execute_time Finish_time Elapse_time Duration_time Waiting_time 

astutedetector1 1merged    1545073663.548045 1545073663.559262 1545073678.6708472 15.122802257537842 15.111585140228271 0.011217117309570312

fusioncenter2 1anomalies 1545073679.528472 1545073679.896733 1545073690.2255406 10.697068691253662 10.328807592391968 0.36826109886169434

astutedetector0 1merged    1545073662.122127 1545073662.144612 1545073677.289872 15.167744874954224 15.145259857177734 0.022485017776489258

aggregate0 1split     1545073642.746673 1545073643.0752864 1545073658.3787074 15.632034301757812 15.303421020507812 0.32861328125

aggregate0 2split     1545073757.6595304 1545073757.993466 1545073773.317478 15.657947540283203 15.324012041091919 0.3339354991912842

simpledetector0 1merged    1545073660.033254 1545073660.3591964 1545073675.695186 15.661931991577148 15.335989475250244 0.3259425163269043

aggregate1 1split     1545073644.5796826 1545073644.757956 1545073659.9454653 15.365782737731934 15.187509298324585 0.17827343940734863

localpro   1botnet    1545073624.7532806 1545073624.7693248 1545073639.803796 15.050515413284302 15.034471273422241 0.016044139862060547

astutedetector2 1merged    1545073661.7772174 1545073661.7904034 1545073676.8984866 15.121269226074219 15.108083248138428 0.013185977935791016

fusioncenter1 1anomalies 1545073678.3965356 1545073679.9186182 1545073689.9511235 11.554587841033936 10.03250527381897 1.5220825672149658

globalfusion 1fusion    1545073691.1322956 1545073693.3105855 1545073703.3449142 12.212618589401245 10.034328699111938 2.1782898902893066

fusioncenter0 1anomalies 1545073677.3155875 1545073680.1513877 1545073690.4566903 13.14110279083252 10.305302619934082 2.8358001708984375

simpledetector2 1merged    1545073661.485302 1545073661.4967742 1545073676.5239866 15.038684606552124 15.027212381362915 0.011472225189208984

aggregate1 2split     1545073759.4273515 1545073759.5988948 1545073774.7851589 15.357807397842407 15.186264038085938 0.17154335975646973

simpledetector1 1merged    1545073662.1087313 1545073662.119761 1545073677.1492538 15.040522575378418 15.029492855072021 0.011029720306396484

localpro   2botnet    1545073739.824055 1545073739.8282044 1545073754.8564758 15.032420873641968 15.028271436691284 0.004149436950683594

aggregate2 1split     1545073645.1500685 1545073645.1829689 1545073660.2219408 15.071872234344482 15.038971900939941 0.032900333404541016

********************************************
10.244.3.16 - - [17/Dec/2018 19:09:34] "GET /recv_runtime_profile?msg=rt_finish+2split+1545073774.7851589&work_node=aggregate1 HTTP/1.1" 200 -
10.244.6.126 - - [17/Dec/2018 19:09:35] "GET /recv_runtime_profile?msg=rt_finish+2split+1545073775.0385919&work_node=aggregate2 HTTP/1.1" 200 -
Received flask message: aggregate2 rt_finish 2split 1545073775.0385919
----------------------------
Worker node: aggregate2
Input file : 2split
Total duration time:15.055353879928589
Waiting time:0.01705169677734375
aggregate2 execution time:15.038302183151245
----------------------------
********************************************
Runtime profiling info:
Task_name  local_input_file Enter_time Execute_time Finish_time Elapse_time Duration_time Waiting_time 

astutedetector1 1merged    1545073663.548045 1545073663.559262 1545073678.6708472 15.122802257537842 15.111585140228271 0.011217117309570312

fusioncenter2 1anomalies 1545073679.528472 1545073679.896733 1545073690.2255406 10.697068691253662 10.328807592391968 0.36826109886169434

astutedetector0 1merged    1545073662.122127 1545073662.144612 1545073677.289872 15.167744874954224 15.145259857177734 0.022485017776489258

aggregate2 2split     1545073759.983238 1545073760.0002897 1545073775.0385919 15.055353879928589 15.038302183151245 0.01705169677734375

aggregate0 1split     1545073642.746673 1545073643.0752864 1545073658.3787074 15.632034301757812 15.303421020507812 0.32861328125

aggregate0 2split     1545073757.6595304 1545073757.993466 1545073773.317478 15.657947540283203 15.324012041091919 0.3339354991912842

simpledetector0 1merged    1545073660.033254 1545073660.3591964 1545073675.695186 15.661931991577148 15.335989475250244 0.3259425163269043

aggregate1 1split     1545073644.5796826 1545073644.757956 1545073659.9454653 15.365782737731934 15.187509298324585 0.17827343940734863

localpro   1botnet    1545073624.7532806 1545073624.7693248 1545073639.803796 15.050515413284302 15.034471273422241 0.016044139862060547

astutedetector2 1merged    1545073661.7772174 1545073661.7904034 1545073676.8984866 15.121269226074219 15.108083248138428 0.013185977935791016

fusioncenter1 1anomalies 1545073678.3965356 1545073679.9186182 1545073689.9511235 11.554587841033936 10.03250527381897 1.5220825672149658

globalfusion 1fusion    1545073691.1322956 1545073693.3105855 1545073703.3449142 12.212618589401245 10.034328699111938 2.1782898902893066

fusioncenter0 1anomalies 1545073677.3155875 1545073680.1513877 1545073690.4566903 13.14110279083252 10.305302619934082 2.8358001708984375

simpledetector2 1merged    1545073661.485302 1545073661.4967742 1545073676.5239866 15.038684606552124 15.027212381362915 0.011472225189208984

aggregate1 2split     1545073759.4273515 1545073759.5988948 1545073774.7851589 15.357807397842407 15.186264038085938 0.17154335975646973

simpledetector1 1merged    1545073662.1087313 1545073662.119761 1545073677.1492538 15.040522575378418 15.029492855072021 0.011029720306396484

localpro   2botnet    1545073739.824055 1545073739.8282044 1545073754.8564758 15.032420873641968 15.028271436691284 0.004149436950683594

aggregate2 1split     1545073645.1500685 1545073645.1829689 1545073660.2219408 15.071872234344482 15.038971900939941 0.032900333404541016

********************************************
Received flask message: simpledetector0 rt_enter 2merged 1545073774.9603922
10.244.5.19 - - [17/Dec/2018 19:09:35] "GET /recv_runtime_profile?work_node=simpledetector0&msg=rt_enter+2merged+1545073774.9603922 HTTP/1.1" 200 -
Received flask message: simpledetector0 rt_exec 2merged 1545073775.2780516
10.244.5.19 - - [17/Dec/2018 19:09:35] "GET /recv_runtime_profile?work_node=simpledetector0&msg=rt_exec+2merged+1545073775.2780516 HTTP/1.1" 200 -
Received flask message: simpledetector2 rt_enter 2merged 1545073776.279851
10.244.4.76 - - [17/Dec/2018 19:09:36] "GET /recv_runtime_profile?work_node=simpledetector2&msg=rt_enter+2merged+1545073776.279851 HTTP/1.1" 200 -
Received flask message: simpledetector2 rt_exec 2merged 1545073776.2861638
10.244.4.76 - - [17/Dec/2018 19:09:36] "GET /recv_runtime_profile?work_node=simpledetector2&msg=rt_exec+2merged+1545073776.2861638 HTTP/1.1" 200 -
Received flask message: astutedetector2 rt_enter 2merged 1545073776.5616095
10.244.4.72 - - [17/Dec/2018 19:09:36] "GET /recv_runtime_profile?work_node=astutedetector2&msg=rt_enter+2merged+1545073776.5616095 HTTP/1.1" 200 -
Received flask message: astutedetector2 rt_exec 2merged 1545073776.5664346
10.244.4.72 - - [17/Dec/2018 19:09:36] "GET /recv_runtime_profile?work_node=astutedetector2&msg=rt_exec+2merged+1545073776.5664346 HTTP/1.1" 200 -
10.244.4.71 - - [17/Dec/2018 19:09:36] "GET /recv_runtime_profile?work_node=astutedetector0&msg=rt_enter+2merged+1545073776.9079683 HTTP/1.1" 200 -
Received flask message: astutedetector0 rt_enter 2merged 1545073776.9079683
Received flask message: astutedetector0 rt_exec 2merged 1545073776.912616
10.244.4.71 - - [17/Dec/2018 19:09:36] "GET /recv_runtime_profile?work_node=astutedetector0&msg=rt_exec+2merged+1545073776.912616 HTTP/1.1" 200 -
Received flask message: simpledetector1 rt_enter 2merged 1545073776.9234357
10.244.4.74 - - [17/Dec/2018 19:09:36] "GET /recv_runtime_profile?work_node=simpledetector1&msg=rt_enter+2merged+1545073776.9234357 HTTP/1.1" 200 -
Received flask message: simpledetector1 rt_exec 2merged 1545073776.928288
10.244.4.74 - - [17/Dec/2018 19:09:36] "GET /recv_runtime_profile?work_node=simpledetector1&msg=rt_exec+2merged+1545073776.928288 HTTP/1.1" 200 -
Received flask message: astutedetector1 rt_enter 2merged 1545073778.3543231
10.244.4.75 - - [17/Dec/2018 19:09:38] "GET /recv_runtime_profile?msg=rt_enter+2merged+1545073778.3543231&work_node=astutedetector1 HTTP/1.1" 200 -
Received flask message: astutedetector1 rt_exec 2merged 1545073778.3598537
10.244.4.75 - - [17/Dec/2018 19:09:38] "GET /recv_runtime_profile?msg=rt_exec+2merged+1545073778.3598537&work_node=astutedetector1 HTTP/1.1" 200 -
Recieved request for number of output files. Current done: 1
10.244.0.0 - - [17/Dec/2018 19:09:41] "GET / HTTP/1.1" 200 -
Received flask message: simpledetector0 rt_finish 2merged 1545073790.6289914
----------------------------
Worker node: simpledetector0
Input file : 2merged
Total duration time:15.668599128723145
Waiting time:0.3176593780517578
simpledetector0 execution time:15.350939750671387
----------------------------
********************************************
Runtime profiling info:
Task_name  local_input_file Enter_time Execute_time Finish_time Elapse_time Duration_time Waiting_time 

fusioncenter2 1anomalies 1545073679.528472 1545073679.896733 1545073690.2255406 10.697068691253662 10.328807592391968 0.36826109886169434

aggregate0 1split     1545073642.746673 1545073643.0752864 1545073658.3787074 15.632034301757812 15.303421020507812 0.32861328125

astutedetector2 1merged    1545073661.7772174 1545073661.7904034 1545073676.8984866 15.121269226074219 15.108083248138428 0.013185977935791016

aggregate1 1split     1545073644.5796826 1545073644.757956 1545073659.9454653 15.365782737731934 15.187509298324585 0.17827343940734863

localpro   1botnet    1545073624.7532806 1545073624.7693248 1545073639.803796 15.050515413284302 15.034471273422241 0.016044139862060547

fusioncenter1 1anomalies 1545073678.3965356 1545073679.9186182 1545073689.9511235 11.554587841033936 10.03250527381897 1.5220825672149658

aggregate2 2split     1545073759.983238 1545073760.0002897 1545073775.0385919 15.055353879928589 15.038302183151245 0.01705169677734375

fusioncenter0 1anomalies 1545073677.3155875 1545073680.1513877 1545073690.4566903 13.14110279083252 10.305302619934082 2.8358001708984375

localpro   2botnet    1545073739.824055 1545073739.8282044 1545073754.8564758 15.032420873641968 15.028271436691284 0.004149436950683594

astutedetector1 1merged    1545073663.548045 1545073663.559262 1545073678.6708472 15.122802257537842 15.111585140228271 0.011217117309570312

astutedetector0 1merged    1545073662.122127 1545073662.144612 1545073677.289872 15.167744874954224 15.145259857177734 0.022485017776489258

simpledetector0 1merged    1545073660.033254 1545073660.3591964 1545073675.695186 15.661931991577148 15.335989475250244 0.3259425163269043

simpledetector0 2merged    1545073774.9603922 1545073775.2780516 1545073790.6289914 15.668599128723145 15.350939750671387 0.3176593780517578

aggregate0 2split     1545073757.6595304 1545073757.993466 1545073773.317478 15.657947540283203 15.324012041091919 0.3339354991912842

globalfusion 1fusion    1545073691.1322956 1545073693.3105855 1545073703.3449142 12.212618589401245 10.034328699111938 2.1782898902893066

simpledetector2 1merged    1545073661.485302 1545073661.4967742 1545073676.5239866 15.038684606552124 15.027212381362915 0.011472225189208984

aggregate1 2split     1545073759.4273515 1545073759.5988948 1545073774.7851589 15.357807397842407 15.186264038085938 0.17154335975646973

simpledetector1 1merged    1545073662.1087313 1545073662.119761 1545073677.1492538 15.040522575378418 15.029492855072021 0.011029720306396484

aggregate2 1split     1545073645.1500685 1545073645.1829689 1545073660.2219408 15.071872234344482 15.038971900939941 0.032900333404541016

********************************************
10.244.5.19 - - [17/Dec/2018 19:09:50] "GET /recv_runtime_profile?work_node=simpledetector0&msg=rt_finish+2merged+1545073790.6289914 HTTP/1.1" 200 -
Received flask message: simpledetector2 rt_finish 2merged 1545073791.321585
----------------------------
Worker node: simpledetector2
Input file : 2merged
Total duration time:15.041733980178833
Waiting time:0.006312847137451172
simpledetector2 execution time:15.035421133041382
----------------------------
********************************************
Runtime profiling info:
Task_name  local_input_file Enter_time Execute_time Finish_time Elapse_time Duration_time Waiting_time 

fusioncenter2 1anomalies 1545073679.528472 1545073679.896733 1545073690.2255406 10.697068691253662 10.328807592391968 0.36826109886169434

simpledetector2 2merged    1545073776.279851 1545073776.2861638 1545073791.321585 15.041733980178833 15.035421133041382 0.006312847137451172

aggregate0 1split     1545073642.746673 1545073643.0752864 1545073658.3787074 15.632034301757812 15.303421020507812 0.32861328125

astutedetector2 1merged    1545073661.7772174 1545073661.7904034 1545073676.8984866 15.121269226074219 15.108083248138428 0.013185977935791016

aggregate1 1split     1545073644.5796826 1545073644.757956 1545073659.9454653 15.365782737731934 15.187509298324585 0.17827343940734863

localpro   1botnet    1545073624.7532806 1545073624.7693248 1545073639.803796 15.050515413284302 15.034471273422241 0.016044139862060547

fusioncenter1 1anomalies 1545073678.3965356 1545073679.9186182 1545073689.9511235 11.554587841033936 10.03250527381897 1.5220825672149658

aggregate2 2split     1545073759.983238 1545073760.0002897 1545073775.0385919 15.055353879928589 15.038302183151245 0.01705169677734375

fusioncenter0 1anomalies 1545073677.3155875 1545073680.1513877 1545073690.4566903 13.14110279083252 10.305302619934082 2.8358001708984375

localpro   2botnet    1545073739.824055 1545073739.8282044 1545073754.8564758 15.032420873641968 15.028271436691284 0.004149436950683594

astutedetector1 1merged    1545073663.548045 1545073663.559262 1545073678.6708472 15.122802257537842 15.111585140228271 0.011217117309570312

astutedetector0 1merged    1545073662.122127 1545073662.144612 1545073677.289872 15.167744874954224 15.145259857177734 0.022485017776489258

simpledetector0 1merged    1545073660.033254 1545073660.3591964 1545073675.695186 15.661931991577148 15.335989475250244 0.3259425163269043

simpledetector0 2merged    1545073774.9603922 1545073775.2780516 1545073790.6289914 15.668599128723145 15.350939750671387 0.3176593780517578

aggregate0 2split     1545073757.6595304 1545073757.993466 1545073773.317478 15.657947540283203 15.324012041091919 0.3339354991912842

globalfusion 1fusion    1545073691.1322956 1545073693.3105855 1545073703.3449142 12.212618589401245 10.034328699111938 2.1782898902893066

simpledetector2 1merged    1545073661.485302 1545073661.4967742 1545073676.5239866 15.038684606552124 15.027212381362915 0.011472225189208984

aggregate1 2split     1545073759.4273515 1545073759.5988948 1545073774.7851589 15.357807397842407 15.186264038085938 0.17154335975646973

simpledetector1 1merged    1545073662.1087313 1545073662.119761 1545073677.1492538 15.040522575378418 15.029492855072021 0.011029720306396484

aggregate2 1split     1545073645.1500685 1545073645.1829689 1545073660.2219408 15.071872234344482 15.038971900939941 0.032900333404541016

********************************************
10.244.4.76 - - [17/Dec/2018 19:09:51] "GET /recv_runtime_profile?work_node=simpledetector2&msg=rt_finish+2merged+1545073791.321585 HTTP/1.1" 200 -
Received flask message: astutedetector2 rt_finish 2merged 1545073791.7003067
----------------------------
Worker node: astutedetector2
Input file : 2merged
Total duration time:15.138697147369385
Waiting time:0.004825115203857422
astutedetector2 execution time:15.133872032165527
----------------------------
********************************************
Runtime profiling info:
Task_name  local_input_file Enter_time Execute_time Finish_time Elapse_time Duration_time Waiting_time 

fusioncenter2 1anomalies 1545073679.528472 1545073679.896733 1545073690.2255406 10.697068691253662 10.328807592391968 0.36826109886169434

simpledetector2 2merged    1545073776.279851 1545073776.2861638 1545073791.321585 15.041733980178833 15.035421133041382 0.006312847137451172

aggregate0 1split     1545073642.746673 1545073643.0752864 1545073658.3787074 15.632034301757812 15.303421020507812 0.32861328125

astutedetector2 1merged    1545073661.7772174 1545073661.7904034 1545073676.8984866 15.121269226074219 15.108083248138428 0.013185977935791016

aggregate1 1split     1545073644.5796826 1545073644.757956 1545073659.9454653 15.365782737731934 15.187509298324585 0.17827343940734863

localpro   1botnet    1545073624.7532806 1545073624.7693248 1545073639.803796 15.050515413284302 15.034471273422241 0.016044139862060547

astutedetector2 2merged    1545073776.5616095 1545073776.5664346 1545073791.7003067 15.138697147369385 15.133872032165527 0.004825115203857422

fusioncenter1 1anomalies 1545073678.3965356 1545073679.9186182 1545073689.9511235 11.554587841033936 10.03250527381897 1.5220825672149658

aggregate2 2split     1545073759.983238 1545073760.0002897 1545073775.0385919 15.055353879928589 15.038302183151245 0.01705169677734375

fusioncenter0 1anomalies 1545073677.3155875 1545073680.1513877 1545073690.4566903 13.14110279083252 10.305302619934082 2.8358001708984375

localpro   2botnet    1545073739.824055 1545073739.8282044 1545073754.8564758 15.032420873641968 15.028271436691284 0.004149436950683594

astutedetector1 1merged    1545073663.548045 1545073663.559262 1545073678.6708472 15.122802257537842 15.111585140228271 0.011217117309570312

astutedetector0 1merged    1545073662.122127 1545073662.144612 1545073677.289872 15.167744874954224 15.145259857177734 0.022485017776489258

simpledetector0 1merged    1545073660.033254 1545073660.3591964 1545073675.695186 15.661931991577148 15.335989475250244 0.3259425163269043

simpledetector0 2merged    1545073774.9603922 1545073775.2780516 1545073790.6289914 15.668599128723145 15.350939750671387 0.3176593780517578

aggregate0 2split     1545073757.6595304 1545073757.993466 1545073773.317478 15.657947540283203 15.324012041091919 0.3339354991912842

globalfusion 1fusion    1545073691.1322956 1545073693.3105855 1545073703.3449142 12.212618589401245 10.034328699111938 2.1782898902893066

simpledetector2 1merged    1545073661.485302 1545073661.4967742 1545073676.5239866 15.038684606552124 15.027212381362915 0.011472225189208984

aggregate1 2split     1545073759.4273515 1545073759.5988948 1545073774.7851589 15.357807397842407 15.186264038085938 0.17154335975646973

simpledetector1 1merged    1545073662.1087313 1545073662.119761 1545073677.1492538 15.040522575378418 15.029492855072021 0.011029720306396484

aggregate2 1split     1545073645.1500685 1545073645.1829689 1545073660.2219408 15.071872234344482 15.038971900939941 0.032900333404541016

********************************************
10.244.4.72 - - [17/Dec/2018 19:09:51] "GET /recv_runtime_profile?work_node=astutedetector2&msg=rt_finish+2merged+1545073791.7003067 HTTP/1.1" 200 -
Received flask message: simpledetector1 rt_finish 2merged 1545073791.9605215
----------------------------
Worker node: simpledetector1
Input file : 2merged
Total duration time:15.037085771560669
Waiting time:0.004852294921875
simpledetector1 execution time:15.032233476638794
----------------------------
********************************************
Runtime profiling info:
Task_name  local_input_file Enter_time Execute_time Finish_time Elapse_time Duration_time Waiting_time 

fusioncenter2 1anomalies 1545073679.528472 1545073679.896733 1545073690.2255406 10.697068691253662 10.328807592391968 0.36826109886169434

simpledetector2 2merged    1545073776.279851 1545073776.2861638 1545073791.321585 15.041733980178833 15.035421133041382 0.006312847137451172

aggregate0 1split     1545073642.746673 1545073643.0752864 1545073658.3787074 15.632034301757812 15.303421020507812 0.32861328125

astutedetector2 1merged    1545073661.7772174 1545073661.7904034 1545073676.8984866 15.121269226074219 15.108083248138428 0.013185977935791016

aggregate1 1split     1545073644.5796826 1545073644.757956 1545073659.9454653 15.365782737731934 15.187509298324585 0.17827343940734863

localpro   1botnet    1545073624.7532806 1545073624.7693248 1545073639.803796 15.050515413284302 15.034471273422241 0.016044139862060547

astutedetector2 2merged    1545073776.5616095 1545073776.5664346 1545073791.7003067 15.138697147369385 15.133872032165527 0.004825115203857422

fusioncenter1 1anomalies 1545073678.3965356 1545073679.9186182 1545073689.9511235 11.554587841033936 10.03250527381897 1.5220825672149658

aggregate2 2split     1545073759.983238 1545073760.0002897 1545073775.0385919 15.055353879928589 15.038302183151245 0.01705169677734375

fusioncenter0 1anomalies 1545073677.3155875 1545073680.1513877 1545073690.4566903 13.14110279083252 10.305302619934082 2.8358001708984375

localpro   2botnet    1545073739.824055 1545073739.8282044 1545073754.8564758 15.032420873641968 15.028271436691284 0.004149436950683594

astutedetector1 1merged    1545073663.548045 1545073663.559262 1545073678.6708472 15.122802257537842 15.111585140228271 0.011217117309570312

astutedetector0 1merged    1545073662.122127 1545073662.144612 1545073677.289872 15.167744874954224 15.145259857177734 0.022485017776489258

simpledetector0 1merged    1545073660.033254 1545073660.3591964 1545073675.695186 15.661931991577148 15.335989475250244 0.3259425163269043

simpledetector0 2merged    1545073774.9603922 1545073775.2780516 1545073790.6289914 15.668599128723145 15.350939750671387 0.3176593780517578

aggregate0 2split     1545073757.6595304 1545073757.993466 1545073773.317478 15.657947540283203 15.324012041091919 0.3339354991912842

globalfusion 1fusion    1545073691.1322956 1545073693.3105855 1545073703.3449142 12.212618589401245 10.034328699111938 2.1782898902893066

simpledetector2 1merged    1545073661.485302 1545073661.4967742 1545073676.5239866 15.038684606552124 15.027212381362915 0.011472225189208984

aggregate1 2split     1545073759.4273515 1545073759.5988948 1545073774.7851589 15.357807397842407 15.186264038085938 0.17154335975646973

simpledetector1 2merged    1545073776.9234357 1545073776.928288 1545073791.9605215 15.037085771560669 15.032233476638794 0.004852294921875

simpledetector1 1merged    1545073662.1087313 1545073662.119761 1545073677.1492538 15.040522575378418 15.029492855072021 0.011029720306396484

aggregate2 1split     1545073645.1500685 1545073645.1829689 1545073660.2219408 15.071872234344482 15.038971900939941 0.032900333404541016

********************************************
10.244.4.74 - - [17/Dec/2018 19:09:51] "GET /recv_runtime_profile?work_node=simpledetector1&msg=rt_finish+2merged+1545073791.9605215 HTTP/1.1" 200 -
Received flask message: astutedetector0 rt_finish 2merged 1545073792.0776725
----------------------------
Worker node: astutedetector0
Input file : 2merged
Total duration time:15.16970419883728
Waiting time:0.004647731781005859
astutedetector0 execution time:15.165056467056274
----------------------------
********************************************
Runtime profiling info:
Task_name  local_input_file Enter_time Execute_time Finish_time Elapse_time Duration_time Waiting_time 

fusioncenter2 1anomalies 1545073679.528472 1545073679.896733 1545073690.2255406 10.697068691253662 10.328807592391968 0.36826109886169434

simpledetector2 2merged    1545073776.279851 1545073776.2861638 1545073791.321585 15.041733980178833 15.035421133041382 0.006312847137451172

aggregate0 1split     1545073642.746673 1545073643.0752864 1545073658.3787074 15.632034301757812 15.303421020507812 0.32861328125

astutedetector2 1merged    1545073661.7772174 1545073661.7904034 1545073676.8984866 15.121269226074219 15.108083248138428 0.013185977935791016

aggregate1 1split     1545073644.5796826 1545073644.757956 1545073659.9454653 15.365782737731934 15.187509298324585 0.17827343940734863

localpro   1botnet    1545073624.7532806 1545073624.7693248 1545073639.803796 15.050515413284302 15.034471273422241 0.016044139862060547

astutedetector2 2merged    1545073776.5616095 1545073776.5664346 1545073791.7003067 15.138697147369385 15.133872032165527 0.004825115203857422

fusioncenter1 1anomalies 1545073678.3965356 1545073679.9186182 1545073689.9511235 11.554587841033936 10.03250527381897 1.5220825672149658

aggregate2 2split     1545073759.983238 1545073760.0002897 1545073775.0385919 15.055353879928589 15.038302183151245 0.01705169677734375

fusioncenter0 1anomalies 1545073677.3155875 1545073680.1513877 1545073690.4566903 13.14110279083252 10.305302619934082 2.8358001708984375

astutedetector0 2merged    1545073776.9079683 1545073776.912616 1545073792.0776725 15.16970419883728 15.165056467056274 0.004647731781005859

localpro   2botnet    1545073739.824055 1545073739.8282044 1545073754.8564758 15.032420873641968 15.028271436691284 0.004149436950683594

astutedetector1 1merged    1545073663.548045 1545073663.559262 1545073678.6708472 15.122802257537842 15.111585140228271 0.011217117309570312

astutedetector0 1merged    1545073662.122127 1545073662.144612 1545073677.289872 15.167744874954224 15.145259857177734 0.022485017776489258

simpledetector0 1merged    1545073660.033254 1545073660.3591964 1545073675.695186 15.661931991577148 15.335989475250244 0.3259425163269043

simpledetector0 2merged    1545073774.9603922 1545073775.2780516 1545073790.6289914 15.668599128723145 15.350939750671387 0.3176593780517578

aggregate0 2split     1545073757.6595304 1545073757.993466 1545073773.317478 15.657947540283203 15.324012041091919 0.3339354991912842

globalfusion 1fusion    1545073691.1322956 1545073693.3105855 1545073703.3449142 12.212618589401245 10.034328699111938 2.1782898902893066

simpledetector2 1merged    1545073661.485302 1545073661.4967742 1545073676.5239866 15.038684606552124 15.027212381362915 0.011472225189208984

aggregate1 2split     1545073759.4273515 1545073759.5988948 1545073774.7851589 15.357807397842407 15.186264038085938 0.17154335975646973

simpledetector1 2merged    1545073776.9234357 1545073776.928288 1545073791.9605215 15.037085771560669 15.032233476638794 0.004852294921875

simpledetector1 1merged    1545073662.1087313 1545073662.119761 1545073677.1492538 15.040522575378418 15.029492855072021 0.011029720306396484

aggregate2 1split     1545073645.1500685 1545073645.1829689 1545073660.2219408 15.071872234344482 15.038971900939941 0.032900333404541016

********************************************
10.244.4.71 - - [17/Dec/2018 19:09:52] "GET /recv_runtime_profile?work_node=astutedetector0&msg=rt_finish+2merged+1545073792.0776725 HTTP/1.1" 200 -
Received flask message: fusioncenter0 rt_enter 2anomalies 1545073792.235701
10.244.2.28 - - [17/Dec/2018 19:09:52] "GET /recv_runtime_profile?work_node=fusioncenter0&msg=rt_enter+2anomalies+1545073792.235701 HTTP/1.1" 200 -
Received flask message: fusioncenter1 rt_enter 2anomalies 1545073793.2158117
10.244.6.125 - - [17/Dec/2018 19:09:53] "GET /recv_runtime_profile?msg=rt_enter+2anomalies+1545073793.2158117&work_node=fusioncenter1 HTTP/1.1" 200 -
Received flask message: astutedetector1 rt_finish 2merged 1545073793.476089
----------------------------
Worker node: astutedetector1
Input file : 2merged
Total duration time:15.121765851974487
Waiting time:0.005530595779418945
astutedetector1 execution time:15.116235256195068
----------------------------
********************************************
Runtime profiling info:
Task_name  local_input_file Enter_time Execute_time Finish_time Elapse_time Duration_time Waiting_time 

fusioncenter2 1anomalies 1545073679.528472 1545073679.896733 1545073690.2255406 10.697068691253662 10.328807592391968 0.36826109886169434

simpledetector2 2merged    1545073776.279851 1545073776.2861638 1545073791.321585 15.041733980178833 15.035421133041382 0.006312847137451172

aggregate0 1split     1545073642.746673 1545073643.0752864 1545073658.3787074 15.632034301757812 15.303421020507812 0.32861328125

astutedetector2 1merged    1545073661.7772174 1545073661.7904034 1545073676.8984866 15.121269226074219 15.108083248138428 0.013185977935791016

aggregate1 1split     1545073644.5796826 1545073644.757956 1545073659.9454653 15.365782737731934 15.187509298324585 0.17827343940734863

localpro   1botnet    1545073624.7532806 1545073624.7693248 1545073639.803796 15.050515413284302 15.034471273422241 0.016044139862060547

astutedetector2 2merged    1545073776.5616095 1545073776.5664346 1545073791.7003067 15.138697147369385 15.133872032165527 0.004825115203857422

fusioncenter1 1anomalies 1545073678.3965356 1545073679.9186182 1545073689.9511235 11.554587841033936 10.03250527381897 1.5220825672149658

aggregate2 2split     1545073759.983238 1545073760.0002897 1545073775.0385919 15.055353879928589 15.038302183151245 0.01705169677734375

fusioncenter0 1anomalies 1545073677.3155875 1545073680.1513877 1545073690.4566903 13.14110279083252 10.305302619934082 2.8358001708984375

astutedetector0 2merged    1545073776.9079683 1545073776.912616 1545073792.0776725 15.16970419883728 15.165056467056274 0.004647731781005859

localpro   2botnet    1545073739.824055 1545073739.8282044 1545073754.8564758 15.032420873641968 15.028271436691284 0.004149436950683594

astutedetector1 1merged    1545073663.548045 1545073663.559262 1545073678.6708472 15.122802257537842 15.111585140228271 0.011217117309570312

astutedetector0 1merged    1545073662.122127 1545073662.144612 1545073677.289872 15.167744874954224 15.145259857177734 0.022485017776489258

simpledetector0 1merged    1545073660.033254 1545073660.3591964 1545073675.695186 15.661931991577148 15.335989475250244 0.3259425163269043

astutedetector1 2merged    1545073778.3543231 1545073778.3598537 1545073793.476089 15.121765851974487 15.116235256195068 0.005530595779418945

simpledetector0 2merged    1545073774.9603922 1545073775.2780516 1545073790.6289914 15.668599128723145 15.350939750671387 0.3176593780517578

aggregate0 2split     1545073757.6595304 1545073757.993466 1545073773.317478 15.657947540283203 15.324012041091919 0.3339354991912842

globalfusion 1fusion    1545073691.1322956 1545073693.3105855 1545073703.3449142 12.212618589401245 10.034328699111938 2.1782898902893066

simpledetector2 1merged    1545073661.485302 1545073661.4967742 1545073676.5239866 15.038684606552124 15.027212381362915 0.011472225189208984

aggregate1 2split     1545073759.4273515 1545073759.5988948 1545073774.7851589 15.357807397842407 15.186264038085938 0.17154335975646973

simpledetector1 2merged    1545073776.9234357 1545073776.928288 1545073791.9605215 15.037085771560669 15.032233476638794 0.004852294921875

simpledetector1 1merged    1545073662.1087313 1545073662.119761 1545073677.1492538 15.040522575378418 15.029492855072021 0.011029720306396484

aggregate2 1split     1545073645.1500685 1545073645.1829689 1545073660.2219408 15.071872234344482 15.038971900939941 0.032900333404541016

********************************************
10.244.4.75 - - [17/Dec/2018 19:09:53] "GET /recv_runtime_profile?msg=rt_finish+2merged+1545073793.476089&work_node=astutedetector1 HTTP/1.1" 200 -
Received flask message: fusioncenter2 rt_enter 2anomalies 1545073794.3206418
10.244.5.18 - - [17/Dec/2018 19:09:54] "GET /recv_runtime_profile?msg=rt_enter+2anomalies+1545073794.3206418&work_node=fusioncenter2 HTTP/1.1" 200 -
Received flask message: fusioncenter1 rt_exec 2anomalies 1545073794.7237206
10.244.6.125 - - [17/Dec/2018 19:09:54] "GET /recv_runtime_profile?msg=rt_exec+2anomalies+1545073794.7237206&work_node=fusioncenter1 HTTP/1.1" 200 -
Received flask message: fusioncenter2 rt_exec 2anomalies 1545073794.704025
10.244.5.18 - - [17/Dec/2018 19:09:54] "GET /recv_runtime_profile?msg=rt_exec+2anomalies+1545073794.704025&work_node=fusioncenter2 HTTP/1.1" 200 -
Received flask message: fusioncenter0 rt_exec 2anomalies 1545073794.9712498
10.244.2.28 - - [17/Dec/2018 19:09:55] "GET /recv_runtime_profile?work_node=fusioncenter0&msg=rt_exec+2anomalies+1545073794.9712498 HTTP/1.1" 200 -
Received flask message: fusioncenter1 rt_finish 2anomalies 1545073804.7618318
----------------------------
Worker node: fusioncenter1
Input file : 2anomalies
Total duration time:11.546020030975342
Waiting time:1.507908821105957
fusioncenter1 execution time:10.038111209869385
----------------------------
********************************************
Runtime profiling info:
Task_name  local_input_file Enter_time Execute_time Finish_time Elapse_time Duration_time Waiting_time 

fusioncenter2 1anomalies 1545073679.528472 1545073679.896733 1545073690.2255406 10.697068691253662 10.328807592391968 0.36826109886169434

simpledetector2 2merged    1545073776.279851 1545073776.2861638 1545073791.321585 15.041733980178833 15.035421133041382 0.006312847137451172

aggregate0 1split     1545073642.746673 1545073643.0752864 1545073658.3787074 15.632034301757812 15.303421020507812 0.32861328125

astutedetector2 1merged    1545073661.7772174 1545073661.7904034 1545073676.8984866 15.121269226074219 15.108083248138428 0.013185977935791016

aggregate1 1split     1545073644.5796826 1545073644.757956 1545073659.9454653 15.365782737731934 15.187509298324585 0.17827343940734863

localpro   1botnet    1545073624.7532806 1545073624.7693248 1545073639.803796 15.050515413284302 15.034471273422241 0.016044139862060547

astutedetector2 2merged    1545073776.5616095 1545073776.5664346 1545073791.7003067 15.138697147369385 15.133872032165527 0.004825115203857422

fusioncenter1 1anomalies 1545073678.3965356 1545073679.9186182 1545073689.9511235 11.554587841033936 10.03250527381897 1.5220825672149658

aggregate2 2split     1545073759.983238 1545073760.0002897 1545073775.0385919 15.055353879928589 15.038302183151245 0.01705169677734375

fusioncenter0 1anomalies 1545073677.3155875 1545073680.1513877 1545073690.4566903 13.14110279083252 10.305302619934082 2.8358001708984375

astutedetector0 2merged    1545073776.9079683 1545073776.912616 1545073792.0776725 15.16970419883728 15.165056467056274 0.004647731781005859

fusioncenter1 2anomalies 1545073793.2158117 1545073794.7237206 1545073804.7618318 11.546020030975342 10.038111209869385 1.507908821105957

localpro   2botnet    1545073739.824055 1545073739.8282044 1545073754.8564758 15.032420873641968 15.028271436691284 0.004149436950683594

astutedetector1 1merged    1545073663.548045 1545073663.559262 1545073678.6708472 15.122802257537842 15.111585140228271 0.011217117309570312

astutedetector0 1merged    1545073662.122127 1545073662.144612 1545073677.289872 15.167744874954224 15.145259857177734 0.022485017776489258

simpledetector0 1merged    1545073660.033254 1545073660.3591964 1545073675.695186 15.661931991577148 15.335989475250244 0.3259425163269043

astutedetector1 2merged    1545073778.3543231 1545073778.3598537 1545073793.476089 15.121765851974487 15.116235256195068 0.005530595779418945

simpledetector0 2merged    1545073774.9603922 1545073775.2780516 1545073790.6289914 15.668599128723145 15.350939750671387 0.3176593780517578

aggregate0 2split     1545073757.6595304 1545073757.993466 1545073773.317478 15.657947540283203 15.324012041091919 0.3339354991912842

globalfusion 1fusion    1545073691.1322956 1545073693.3105855 1545073703.3449142 12.212618589401245 10.034328699111938 2.1782898902893066

simpledetector2 1merged    1545073661.485302 1545073661.4967742 1545073676.5239866 15.038684606552124 15.027212381362915 0.011472225189208984

aggregate1 2split     1545073759.4273515 1545073759.5988948 1545073774.7851589 15.357807397842407 15.186264038085938 0.17154335975646973

simpledetector1 2merged    1545073776.9234357 1545073776.928288 1545073791.9605215 15.037085771560669 15.032233476638794 0.004852294921875

simpledetector1 1merged    1545073662.1087313 1545073662.119761 1545073677.1492538 15.040522575378418 15.029492855072021 0.011029720306396484

aggregate2 1split     1545073645.1500685 1545073645.1829689 1545073660.2219408 15.071872234344482 15.038971900939941 0.032900333404541016

********************************************
10.244.6.125 - - [17/Dec/2018 19:10:04] "GET /recv_runtime_profile?msg=rt_finish+2anomalies+1545073804.7618318&work_node=fusioncenter1 HTTP/1.1" 200 -
Received flask message: fusioncenter2 rt_finish 2anomalies 1545073805.0387847
----------------------------
Worker node: fusioncenter2
Input file : 2anomalies
Total duration time:10.718142986297607
Waiting time:0.38338327407836914
fusioncenter2 execution time:10.334759712219238
----------------------------
********************************************
Runtime profiling info:
Task_name  local_input_file Enter_time Execute_time Finish_time Elapse_time Duration_time Waiting_time 

fusioncenter2 1anomalies 1545073679.528472 1545073679.896733 1545073690.2255406 10.697068691253662 10.328807592391968 0.36826109886169434

simpledetector2 2merged    1545073776.279851 1545073776.2861638 1545073791.321585 15.041733980178833 15.035421133041382 0.006312847137451172

aggregate0 1split     1545073642.746673 1545073643.0752864 1545073658.3787074 15.632034301757812 15.303421020507812 0.32861328125

astutedetector2 1merged    1545073661.7772174 1545073661.7904034 1545073676.8984866 15.121269226074219 15.108083248138428 0.013185977935791016

aggregate1 1split     1545073644.5796826 1545073644.757956 1545073659.9454653 15.365782737731934 15.187509298324585 0.17827343940734863

localpro   1botnet    1545073624.7532806 1545073624.7693248 1545073639.803796 15.050515413284302 15.034471273422241 0.016044139862060547

astutedetector2 2merged    1545073776.5616095 1545073776.5664346 1545073791.7003067 15.138697147369385 15.133872032165527 0.004825115203857422

fusioncenter1 1anomalies 1545073678.3965356 1545073679.9186182 1545073689.9511235 11.554587841033936 10.03250527381897 1.5220825672149658

aggregate2 2split     1545073759.983238 1545073760.0002897 1545073775.0385919 15.055353879928589 15.038302183151245 0.01705169677734375

fusioncenter0 1anomalies 1545073677.3155875 1545073680.1513877 1545073690.4566903 13.14110279083252 10.305302619934082 2.8358001708984375

astutedetector0 2merged    1545073776.9079683 1545073776.912616 1545073792.0776725 15.16970419883728 15.165056467056274 0.004647731781005859

fusioncenter1 2anomalies 1545073793.2158117 1545073794.7237206 1545073804.7618318 11.546020030975342 10.038111209869385 1.507908821105957

fusioncenter2 2anomalies 1545073794.3206418 1545073794.704025 1545073805.0387847 10.718142986297607 10.334759712219238 0.38338327407836914

localpro   2botnet    1545073739.824055 1545073739.8282044 1545073754.8564758 15.032420873641968 15.028271436691284 0.004149436950683594

astutedetector1 1merged    1545073663.548045 1545073663.559262 1545073678.6708472 15.122802257537842 15.111585140228271 0.011217117309570312

astutedetector0 1merged    1545073662.122127 1545073662.144612 1545073677.289872 15.167744874954224 15.145259857177734 0.022485017776489258

simpledetector0 1merged    1545073660.033254 1545073660.3591964 1545073675.695186 15.661931991577148 15.335989475250244 0.3259425163269043

astutedetector1 2merged    1545073778.3543231 1545073778.3598537 1545073793.476089 15.121765851974487 15.116235256195068 0.005530595779418945

simpledetector0 2merged    1545073774.9603922 1545073775.2780516 1545073790.6289914 15.668599128723145 15.350939750671387 0.3176593780517578

aggregate0 2split     1545073757.6595304 1545073757.993466 1545073773.317478 15.657947540283203 15.324012041091919 0.3339354991912842

globalfusion 1fusion    1545073691.1322956 1545073693.3105855 1545073703.3449142 12.212618589401245 10.034328699111938 2.1782898902893066

simpledetector2 1merged    1545073661.485302 1545073661.4967742 1545073676.5239866 15.038684606552124 15.027212381362915 0.011472225189208984

aggregate1 2split     1545073759.4273515 1545073759.5988948 1545073774.7851589 15.357807397842407 15.186264038085938 0.17154335975646973

simpledetector1 2merged    1545073776.9234357 1545073776.928288 1545073791.9605215 15.037085771560669 15.032233476638794 0.004852294921875

simpledetector1 1merged    1545073662.1087313 1545073662.119761 1545073677.1492538 15.040522575378418 15.029492855072021 0.011029720306396484

aggregate2 1split     1545073645.1500685 1545073645.1829689 1545073660.2219408 15.071872234344482 15.038971900939941 0.032900333404541016

********************************************
10.244.5.18 - - [17/Dec/2018 19:10:05] "GET /recv_runtime_profile?msg=rt_finish+2anomalies+1545073805.0387847&work_node=fusioncenter2 HTTP/1.1" 200 -
Received flask message: fusioncenter0 rt_finish 2anomalies 1545073805.2970936
----------------------------
Worker node: fusioncenter0
Input file : 2anomalies
Total duration time:13.061392545700073
Waiting time:2.735548734664917
fusioncenter0 execution time:10.325843811035156
----------------------------
********************************************
Runtime profiling info:
Task_name  local_input_file Enter_time Execute_time Finish_time Elapse_time Duration_time Waiting_time 

fusioncenter2 1anomalies 1545073679.528472 1545073679.896733 1545073690.2255406 10.697068691253662 10.328807592391968 0.36826109886169434

simpledetector2 2merged    1545073776.279851 1545073776.2861638 1545073791.321585 15.041733980178833 15.035421133041382 0.006312847137451172

aggregate0 1split     1545073642.746673 1545073643.0752864 1545073658.3787074 15.632034301757812 15.303421020507812 0.32861328125

fusioncenter0 2anomalies 1545073792.235701 1545073794.9712498 1545073805.2970936 13.061392545700073 10.325843811035156 2.735548734664917

astutedetector2 1merged    1545073661.7772174 1545073661.7904034 1545073676.8984866 15.121269226074219 15.108083248138428 0.013185977935791016

aggregate1 1split     1545073644.5796826 1545073644.757956 1545073659.9454653 15.365782737731934 15.187509298324585 0.17827343940734863

localpro   1botnet    1545073624.7532806 1545073624.7693248 1545073639.803796 15.050515413284302 15.034471273422241 0.016044139862060547

astutedetector2 2merged    1545073776.5616095 1545073776.5664346 1545073791.7003067 15.138697147369385 15.133872032165527 0.004825115203857422

fusioncenter1 1anomalies 1545073678.3965356 1545073679.9186182 1545073689.9511235 11.554587841033936 10.03250527381897 1.5220825672149658

aggregate2 2split     1545073759.983238 1545073760.0002897 1545073775.0385919 15.055353879928589 15.038302183151245 0.01705169677734375

fusioncenter0 1anomalies 1545073677.3155875 1545073680.1513877 1545073690.4566903 13.14110279083252 10.305302619934082 2.8358001708984375

astutedetector0 2merged    1545073776.9079683 1545073776.912616 1545073792.0776725 15.16970419883728 15.165056467056274 0.004647731781005859

fusioncenter1 2anomalies 1545073793.2158117 1545073794.7237206 1545073804.7618318 11.546020030975342 10.038111209869385 1.507908821105957

fusioncenter2 2anomalies 1545073794.3206418 1545073794.704025 1545073805.0387847 10.718142986297607 10.334759712219238 0.38338327407836914

localpro   2botnet    1545073739.824055 1545073739.8282044 1545073754.8564758 15.032420873641968 15.028271436691284 0.004149436950683594

astutedetector1 1merged    1545073663.548045 1545073663.559262 1545073678.6708472 15.122802257537842 15.111585140228271 0.011217117309570312

astutedetector0 1merged    1545073662.122127 1545073662.144612 1545073677.289872 15.167744874954224 15.145259857177734 0.022485017776489258

simpledetector0 1merged    1545073660.033254 1545073660.3591964 1545073675.695186 15.661931991577148 15.335989475250244 0.3259425163269043

astutedetector1 2merged    1545073778.3543231 1545073778.3598537 1545073793.476089 15.121765851974487 15.116235256195068 0.005530595779418945

simpledetector0 2merged    1545073774.9603922 1545073775.2780516 1545073790.6289914 15.668599128723145 15.350939750671387 0.3176593780517578

aggregate0 2split     1545073757.6595304 1545073757.993466 1545073773.317478 15.657947540283203 15.324012041091919 0.3339354991912842

globalfusion 1fusion    1545073691.1322956 1545073693.3105855 1545073703.3449142 12.212618589401245 10.034328699111938 2.1782898902893066

simpledetector2 1merged    1545073661.485302 1545073661.4967742 1545073676.5239866 15.038684606552124 15.027212381362915 0.011472225189208984

aggregate1 2split     1545073759.4273515 1545073759.5988948 1545073774.7851589 15.357807397842407 15.186264038085938 0.17154335975646973

simpledetector1 2merged    1545073776.9234357 1545073776.928288 1545073791.9605215 15.037085771560669 15.032233476638794 0.004852294921875

simpledetector1 1merged    1545073662.1087313 1545073662.119761 1545073677.1492538 15.040522575378418 15.029492855072021 0.011029720306396484

aggregate2 1split     1545073645.1500685 1545073645.1829689 1545073660.2219408 15.071872234344482 15.038971900939941 0.032900333404541016

********************************************
10.244.2.28 - - [17/Dec/2018 19:10:05] "GET /recv_runtime_profile?work_node=fusioncenter0&msg=rt_finish+2anomalies+1545073805.2970936 HTTP/1.1" 200 -
Received flask message: globalfusion rt_enter 2fusion 1545073805.9024053
10.244.6.124 - - [17/Dec/2018 19:10:05] "GET /recv_runtime_profile?work_node=globalfusion&msg=rt_enter+2fusion+1545073805.9024053 HTTP/1.1" 200 -
Received flask message: globalfusion rt_exec 2fusion 1545073808.2209804
10.244.6.124 - - [17/Dec/2018 19:10:08] "GET /recv_runtime_profile?work_node=globalfusion&msg=rt_exec+2fusion+1545073808.2209804 HTTP/1.1" 200 -
Received flask message: globalfusion rt_finish 2fusion 1545073818.2540967
----------------------------
Worker node: globalfusion
Input file : 2fusion
Total duration time:12.351691484451294
Waiting time:2.318575143814087
globalfusion execution time:10.033116340637207
----------------------------
********************************************
Runtime profiling info:
Task_name  local_input_file Enter_time Execute_time Finish_time Elapse_time Duration_time Waiting_time 

fusioncenter2 1anomalies 1545073679.528472 1545073679.896733 1545073690.2255406 10.697068691253662 10.328807592391968 0.36826109886169434

simpledetector2 2merged    1545073776.279851 1545073776.2861638 1545073791.321585 15.041733980178833 15.035421133041382 0.006312847137451172

aggregate0 1split     1545073642.746673 1545073643.0752864 1545073658.3787074 15.632034301757812 15.303421020507812 0.32861328125

fusioncenter0 2anomalies 1545073792.235701 1545073794.9712498 1545073805.2970936 13.061392545700073 10.325843811035156 2.735548734664917

astutedetector2 1merged    1545073661.7772174 1545073661.7904034 1545073676.8984866 15.121269226074219 15.108083248138428 0.013185977935791016

aggregate1 1split     1545073644.5796826 1545073644.757956 1545073659.9454653 15.365782737731934 15.187509298324585 0.17827343940734863

localpro   1botnet    1545073624.7532806 1545073624.7693248 1545073639.803796 15.050515413284302 15.034471273422241 0.016044139862060547

astutedetector2 2merged    1545073776.5616095 1545073776.5664346 1545073791.7003067 15.138697147369385 15.133872032165527 0.004825115203857422

fusioncenter1 1anomalies 1545073678.3965356 1545073679.9186182 1545073689.9511235 11.554587841033936 10.03250527381897 1.5220825672149658

aggregate2 2split     1545073759.983238 1545073760.0002897 1545073775.0385919 15.055353879928589 15.038302183151245 0.01705169677734375

fusioncenter0 1anomalies 1545073677.3155875 1545073680.1513877 1545073690.4566903 13.14110279083252 10.305302619934082 2.8358001708984375

astutedetector0 2merged    1545073776.9079683 1545073776.912616 1545073792.0776725 15.16970419883728 15.165056467056274 0.004647731781005859

fusioncenter1 2anomalies 1545073793.2158117 1545073794.7237206 1545073804.7618318 11.546020030975342 10.038111209869385 1.507908821105957

fusioncenter2 2anomalies 1545073794.3206418 1545073794.704025 1545073805.0387847 10.718142986297607 10.334759712219238 0.38338327407836914

localpro   2botnet    1545073739.824055 1545073739.8282044 1545073754.8564758 15.032420873641968 15.028271436691284 0.004149436950683594

astutedetector1 1merged    1545073663.548045 1545073663.559262 1545073678.6708472 15.122802257537842 15.111585140228271 0.011217117309570312

astutedetector0 1merged    1545073662.122127 1545073662.144612 1545073677.289872 15.167744874954224 15.145259857177734 0.022485017776489258

globalfusion 2fusion    1545073805.9024053 1545073808.2209804 1545073818.2540967 12.351691484451294 10.033116340637207 2.318575143814087

simpledetector0 1merged    1545073660.033254 1545073660.3591964 1545073675.695186 15.661931991577148 15.335989475250244 0.3259425163269043

astutedetector1 2merged    1545073778.3543231 1545073778.3598537 1545073793.476089 15.121765851974487 15.116235256195068 0.005530595779418945

simpledetector0 2merged    1545073774.9603922 1545073775.2780516 1545073790.6289914 15.668599128723145 15.350939750671387 0.3176593780517578

aggregate0 2split     1545073757.6595304 1545073757.993466 1545073773.317478 15.657947540283203 15.324012041091919 0.3339354991912842

globalfusion 1fusion    1545073691.1322956 1545073693.3105855 1545073703.3449142 12.212618589401245 10.034328699111938 2.1782898902893066

simpledetector2 1merged    1545073661.485302 1545073661.4967742 1545073676.5239866 15.038684606552124 15.027212381362915 0.011472225189208984

aggregate1 2split     1545073759.4273515 1545073759.5988948 1545073774.7851589 15.357807397842407 15.186264038085938 0.17154335975646973

simpledetector1 2merged    1545073776.9234357 1545073776.928288 1545073791.9605215 15.037085771560669 15.032233476638794 0.004852294921875

simpledetector1 1merged    1545073662.1087313 1545073662.119761 1545073677.1492538 15.040522575378418 15.029492855072021 0.011029720306396484

aggregate2 1split     1545073645.1500685 1545073645.1829689 1545073660.2219408 15.071872234344482 15.038971900939941 0.032900333404541016

********************************************
10.244.6.124 - - [17/Dec/2018 19:10:18] "GET /recv_runtime_profile?work_node=globalfusion&msg=rt_finish+2fusion+1545073818.2540967 HTTP/1.1" 200 -
/output/2global_anomalies.log created
ending time is:  [1545073704.587602, 1545073819.4837823]
execution time is:  [80.5364453792572, 80.3352620601654]
Recieved request for number of output files. Current done: 2
10.244.0.0 - - [17/Dec/2018 19:10:41] "GET / HTTP/1.1" 200 -
