 * Starting OpenBSD Secure Shell server sshd
   ...done.
Installing and starting mongodb
Start MongoDB.
about to fork child process, waiting until server is ready for connections.
forked process: 32
child process started successfully, parent exiting
Starting the scheduler
TASK1:  task1
DAG:  {'task1': ['1', 'true', 'task2', 'task3'], 'task2': ['1', 'true', 'task4'], 'task3': ['1', 'true', 'task4'], 'task4': ['2', 'true', 'home']}
HOSTS:  {'home': ['home', 'ubuntu2gbams203-2018-05-10-s-2vcpu-4gb-nyc1-01', 'root', 'PASSWORD']}
Starting the output monitoring system:
Flask server started
 * Serving Flask app "scheduler" (lazy loading)
 * Environment: production
   WARNING: Do not use the development server in a production environment.
   Use a production WSGI server instead.
 * Debug mode: off
 * Running on http://0.0.0.0:8888/ (Press CTRL+C to quit)
Recieved request for number of output files. Current done: 0
10.244.0.0 - - [30/Oct/2018 04:59:04] "GET / HTTP/1.1" 200 -
Start copying sample files for evaluation
---- Generate random input files
Received file as input - /input/1botnet.ipsum.
start time is:  [1540875546.1831827]
Transfer to IP: 10.103.164.48 , username: root , password: PASSWORD, source path: /input/1botnet.ipsum , destination path: /centralized_scheduler/input/1botnet.ipsum
10.103.164.48
Warning: Permanently added '[10.103.164.48]:5000' (ECDSA) to the list of known hosts.
data transfer complete

Received flask message: task1 rt_enter 1botnet 1540875546.828975
10.244.2.120 - - [30/Oct/2018 04:59:06] "GET /recv_runtime_profile?work_node=task1&msg=rt_enter+1botnet+1540875546.828975 HTTP/1.1" 200 -
Received flask message: task1 rt_exec 1botnet 1540875546.83942
10.244.2.120 - - [30/Oct/2018 04:59:06] "GET /recv_runtime_profile?work_node=task1&msg=rt_exec+1botnet+1540875546.83942 HTTP/1.1" 200 -
Received flask message: task1 rt_finish 1botnet 1540875546.8491843
----------------------------
Worker node: task1
Input file : 1botnet
Total duration time:0.020209312438964844
Waiting time:0.010445117950439453
task1 execution time:0.00976419448852539
----------------------------
********************************************
Runtime profiling info:
Task_name  local_input_file Enter_time Execute_time Finish_time Elapse_time Duration_time Waiting_time 

task1      1botnet    1540875546.828975 1540875546.83942 1540875546.8491843 0.020209312438964844 0.00976419448852539 0.010445117950439453

********************************************
10.244.2.120 - - [30/Oct/2018 04:59:06] "GET /recv_runtime_profile?work_node=task1&msg=rt_finish+1botnet+1540875546.8491843 HTTP/1.1" 200 -
Received flask message: task2 rt_enter 1botnet 1540875547.9875717
10.244.2.119 - - [30/Oct/2018 04:59:07] "GET /recv_runtime_profile?work_node=task2&msg=rt_enter+1botnet+1540875547.9875717 HTTP/1.1" 200 -
Received flask message: task2 rt_exec 1botnet 1540875547.9976397
10.244.2.119 - - [30/Oct/2018 04:59:07] "GET /recv_runtime_profile?work_node=task2&msg=rt_exec+1botnet+1540875547.9976397 HTTP/1.1" 200 -
Received flask message: task2 rt_finish 1botnet 1540875548.0052269
----------------------------
Worker node: task2
Input file : 1botnet
Total duration time:0.017655134201049805
Waiting time:0.010067939758300781
task2 execution time:0.0075871944427490234
----------------------------
********************************************
Runtime profiling info:
Task_name  local_input_file Enter_time Execute_time Finish_time Elapse_time Duration_time Waiting_time 

task1      1botnet    1540875546.828975 1540875546.83942 1540875546.8491843 0.020209312438964844 0.00976419448852539 0.010445117950439453

task2      1botnet    1540875547.9875717 1540875547.9976397 1540875548.0052269 0.017655134201049805 0.0075871944427490234 0.010067939758300781

********************************************
10.244.2.119 - - [30/Oct/2018 04:59:08] "GET /recv_runtime_profile?work_node=task2&msg=rt_finish+1botnet+1540875548.0052269 HTTP/1.1" 200 -
Received flask message: task3 rt_enter 1botnet 1540875548.1270854
10.244.2.121 - - [30/Oct/2018 04:59:08] "GET /recv_runtime_profile?work_node=task3&msg=rt_enter+1botnet+1540875548.1270854 HTTP/1.1" 200 -
Received flask message: task3 rt_exec 1botnet 1540875548.1355124
10.244.2.121 - - [30/Oct/2018 04:59:08] "GET /recv_runtime_profile?work_node=task3&msg=rt_exec+1botnet+1540875548.1355124 HTTP/1.1" 200 -
Received flask message: task3 rt_finish 1botnet 1540875548.1428614
----------------------------
Worker node: task3
Input file : 1botnet
Total duration time:0.01577591896057129
Waiting time:0.008426904678344727
task3 execution time:0.0073490142822265625
----------------------------
********************************************
Runtime profiling info:
Task_name  local_input_file Enter_time Execute_time Finish_time Elapse_time Duration_time Waiting_time 

task1      1botnet    1540875546.828975 1540875546.83942 1540875546.8491843 0.020209312438964844 0.00976419448852539 0.010445117950439453

task2      1botnet    1540875547.9875717 1540875547.9976397 1540875548.0052269 0.017655134201049805 0.0075871944427490234 0.010067939758300781

task3      1botnet    1540875548.1270854 1540875548.1355124 1540875548.1428614 0.01577591896057129 0.0073490142822265625 0.008426904678344727

********************************************
10.244.2.121 - - [30/Oct/2018 04:59:08] "GET /recv_runtime_profile?work_node=task3&msg=rt_finish+1botnet+1540875548.1428614 HTTP/1.1" 200 -
Received flask message: task4 rt_enter 1botnet 1540875549.139226
10.244.2.122 - - [30/Oct/2018 04:59:09] "GET /recv_runtime_profile?msg=rt_enter+1botnet+1540875549.139226&work_node=task4 HTTP/1.1" 200 -
Received flask message: task4 rt_exec 1botnet 1540875549.27765
10.244.2.122 - - [30/Oct/2018 04:59:09] "GET /recv_runtime_profile?msg=rt_exec+1botnet+1540875549.27765&work_node=task4 HTTP/1.1" 200 -
Received flask message: task4 rt_finish 1botnet 1540875549.2858868
----------------------------
Worker node: task4
Input file : 1botnet
Total duration time:0.14666080474853516
Waiting time:0.13842415809631348
task4 execution time:0.00823664665222168
----------------------------
********************************************
Runtime profiling info:
Task_name  local_input_file Enter_time Execute_time Finish_time Elapse_time Duration_time Waiting_time 

task4      1botnet    1540875549.139226 1540875549.27765 1540875549.2858868 0.14666080474853516 0.00823664665222168 0.13842415809631348

task1      1botnet    1540875546.828975 1540875546.83942 1540875546.8491843 0.020209312438964844 0.00976419448852539 0.010445117950439453

task2      1botnet    1540875547.9875717 1540875547.9976397 1540875548.0052269 0.017655134201049805 0.0075871944427490234 0.010067939758300781

task3      1botnet    1540875548.1270854 1540875548.1355124 1540875548.1428614 0.01577591896057129 0.0073490142822265625 0.008426904678344727

********************************************
10.244.2.122 - - [30/Oct/2018 04:59:09] "GET /recv_runtime_profile?msg=rt_finish+1botnet+1540875549.2858868&work_node=task4 HTTP/1.1" 200 -
/output/1botnet_task4.txt created
ending time is:  [1540875550.4486227]
execution time is:  [4.265439987182617]
---- Generate random input files
Received file as input - /input/2botnet.ipsum.
start time is:  [1540875546.1831827, 1540875581.1936011]
Transfer to IP: 10.103.164.48 , username: root , password: PASSWORD, source path: /input/2botnet.ipsum , destination path: /centralized_scheduler/input/2botnet.ipsum
10.103.164.48
data transfer complete

10.244.2.120 - - [30/Oct/2018 04:59:41] "GET /recv_runtime_profile?work_node=task1&msg=rt_enter+2botnet+1540875581.830483 HTTP/1.1" 200 -
Received flask message: task1 rt_enter 2botnet 1540875581.830483
Received flask message: task1 rt_exec 2botnet 1540875581.8340473
10.244.2.120 - - [30/Oct/2018 04:59:41] "GET /recv_runtime_profile?work_node=task1&msg=rt_exec+2botnet+1540875581.8340473 HTTP/1.1" 200 -
Received flask message: task1 rt_finish 2botnet 1540875581.8438127
----------------------------
Worker node: task1
Input file : 2botnet
Total duration time:0.013329744338989258
Waiting time:0.0035643577575683594
task1 execution time:0.009765386581420898
----------------------------
********************************************
Runtime profiling info:
Task_name  local_input_file Enter_time Execute_time Finish_time Elapse_time Duration_time Waiting_time 

task1      2botnet    1540875581.830483 1540875581.8340473 1540875581.8438127 0.013329744338989258 0.009765386581420898 0.0035643577575683594

task4      1botnet    1540875549.139226 1540875549.27765 1540875549.2858868 0.14666080474853516 0.00823664665222168 0.13842415809631348

task1      1botnet    1540875546.828975 1540875546.83942 1540875546.8491843 0.020209312438964844 0.00976419448852539 0.010445117950439453

task2      1botnet    1540875547.9875717 1540875547.9976397 1540875548.0052269 0.017655134201049805 0.0075871944427490234 0.010067939758300781

task3      1botnet    1540875548.1270854 1540875548.1355124 1540875548.1428614 0.01577591896057129 0.0073490142822265625 0.008426904678344727

********************************************
10.244.2.120 - - [30/Oct/2018 04:59:41] "GET /recv_runtime_profile?work_node=task1&msg=rt_finish+2botnet+1540875581.8438127 HTTP/1.1" 200 -
Received flask message: task2 rt_enter 2botnet 1540875582.9785585
10.244.2.119 - - [30/Oct/2018 04:59:42] "GET /recv_runtime_profile?work_node=task2&msg=rt_enter+2botnet+1540875582.9785585 HTTP/1.1" 200 -
Received flask message: task2 rt_exec 2botnet 1540875582.982944
10.244.2.119 - - [30/Oct/2018 04:59:42] "GET /recv_runtime_profile?work_node=task2&msg=rt_exec+2botnet+1540875582.982944 HTTP/1.1" 200 -
Received flask message: task2 rt_finish 2botnet 1540875582.9963212
----------------------------
Worker node: task2
Input file : 2botnet
Total duration time:0.01776266098022461
Waiting time:0.004385471343994141
task2 execution time:0.013377189636230469
----------------------------
********************************************
Runtime profiling info:
Task_name  local_input_file Enter_time Execute_time Finish_time Elapse_time Duration_time Waiting_time 

task1      1botnet    1540875546.828975 1540875546.83942 1540875546.8491843 0.020209312438964844 0.00976419448852539 0.010445117950439453

task2      2botnet    1540875582.9785585 1540875582.982944 1540875582.9963212 0.01776266098022461 0.013377189636230469 0.004385471343994141

task3      1botnet    1540875548.1270854 1540875548.1355124 1540875548.1428614 0.01577591896057129 0.0073490142822265625 0.008426904678344727

task1      2botnet    1540875581.830483 1540875581.8340473 1540875581.8438127 0.013329744338989258 0.009765386581420898 0.0035643577575683594

task4      1botnet    1540875549.139226 1540875549.27765 1540875549.2858868 0.14666080474853516 0.00823664665222168 0.13842415809631348

task2      1botnet    1540875547.9875717 1540875547.9976397 1540875548.0052269 0.017655134201049805 0.0075871944427490234 0.010067939758300781

********************************************
10.244.2.119 - - [30/Oct/2018 04:59:43] "GET /recv_runtime_profile?work_node=task2&msg=rt_finish+2botnet+1540875582.9963212 HTTP/1.1" 200 -
10.244.2.121 - - [30/Oct/2018 04:59:43] "GET /recv_runtime_profile?work_node=task3&msg=rt_enter+2botnet+1540875583.1104212 HTTP/1.1" 200 -
Received flask message: task3 rt_enter 2botnet 1540875583.1104212
Received flask message: task3 rt_exec 2botnet 1540875583.114161
10.244.2.121 - - [30/Oct/2018 04:59:43] "GET /recv_runtime_profile?work_node=task3&msg=rt_exec+2botnet+1540875583.114161 HTTP/1.1" 200 -
Received flask message: task3 rt_finish 2botnet 1540875583.1224172
----------------------------
Worker node: task3
Input file : 2botnet
Total duration time:0.011996030807495117
Waiting time:0.0037398338317871094
task3 execution time:0.008256196975708008
----------------------------
********************************************
Runtime profiling info:
Task_name  local_input_file Enter_time Execute_time Finish_time Elapse_time Duration_time Waiting_time 

task1      1botnet    1540875546.828975 1540875546.83942 1540875546.8491843 0.020209312438964844 0.00976419448852539 0.010445117950439453

task2      2botnet    1540875582.9785585 1540875582.982944 1540875582.9963212 0.01776266098022461 0.013377189636230469 0.004385471343994141
10.244.2.121 - - [30/Oct/2018 04:59:43] "GET /recv_runtime_profile?work_node=task3&msg=rt_finish+2botnet+1540875583.1224172 HTTP/1.1" 200 -

task3      1botnet    1540875548.1270854 1540875548.1355124 1540875548.1428614 0.01577591896057129 0.0073490142822265625 0.008426904678344727

task1      2botnet    1540875581.830483 1540875581.8340473 1540875581.8438127 0.013329744338989258 0.009765386581420898 0.0035643577575683594

task4      1botnet    1540875549.139226 1540875549.27765 1540875549.2858868 0.14666080474853516 0.00823664665222168 0.13842415809631348

task3      2botnet    1540875583.1104212 1540875583.114161 1540875583.1224172 0.011996030807495117 0.008256196975708008 0.0037398338317871094

task2      1botnet    1540875547.9875717 1540875547.9976397 1540875548.0052269 0.017655134201049805 0.0075871944427490234 0.010067939758300781

********************************************
Received flask message: task4 rt_enter 2botnet 1540875584.130366
10.244.2.122 - - [30/Oct/2018 04:59:44] "GET /recv_runtime_profile?msg=rt_enter+2botnet+1540875584.130366&work_node=task4 HTTP/1.1" 200 -
Received flask message: task4 rt_exec 2botnet 1540875584.2590234
10.244.2.122 - - [30/Oct/2018 04:59:44] "GET /recv_runtime_profile?msg=rt_exec+2botnet+1540875584.2590234&work_node=task4 HTTP/1.1" 200 -
Received flask message: task4 rt_finish 2botnet 1540875584.2676828
----------------------------
Worker node: task4
Input file : 2botnet
Total duration time:0.13731670379638672
Waiting time:0.12865734100341797
task4 execution time:0.00865936279296875
----------------------------
********************************************
Runtime profiling info:
Task_name  local_input_file Enter_time Execute_time Finish_time Elapse_time Duration_time Waiting_time 

task1      1botnet    1540875546.828975 1540875546.83942 1540875546.8491843 0.020209312438964844 0.00976419448852539 0.010445117950439453

task2      2botnet    1540875582.9785585 1540875582.982944 1540875582.9963212 0.01776266098022461 0.013377189636230469 0.004385471343994141

task3      1botnet    1540875548.1270854 1540875548.1355124 1540875548.1428614 0.01577591896057129 0.0073490142822265625 0.008426904678344727

task1      2botnet    1540875581.830483 1540875581.8340473 1540875581.8438127 0.013329744338989258 0.009765386581420898 0.0035643577575683594

task4      1botnet    1540875549.139226 1540875549.27765 1540875549.2858868 0.14666080474853516 0.00823664665222168 0.13842415809631348

task3      2botnet    1540875583.1104212 1540875583.114161 1540875583.1224172 0.011996030807495117 0.008256196975708008 0.0037398338317871094

task2      1botnet    1540875547.9875717 1540875547.9976397 1540875548.0052269 0.017655134201049805 0.0075871944427490234 0.010067939758300781

task4      2botnet    1540875584.130366 1540875584.2590234 1540875584.2676828 0.13731670379638672 0.00865936279296875 0.12865734100341797

********************************************
10.244.2.122 - - [30/Oct/2018 04:59:44] "GET /recv_runtime_profile?msg=rt_finish+2botnet+1540875584.2676828&work_node=task4 HTTP/1.1" 200 -
/output/2botnet_task4.txt created
ending time is:  [1540875550.4486227, 1540875585.4026616]
execution time is:  [4.265439987182617, 4.209060430526733]
Recieved request for number of output files. Current done: 2
10.244.0.0 - - [30/Oct/2018 05:00:05] "GET / HTTP/1.1" 200 -
