 * Starting OpenBSD Secure Shell server sshd
   ...done.
-------------------------------------
Automatically generating HEFT input
-------------------------------------
Perform HEFT scheduling
read_input_heft.py:194: SyntaxWarning: name 'MONGO_SVC_PORT' is assigned to before global declaration
  global profiler_ip,exec_home_ip,num_nodes,MONGO_SVC_PORT,network_map,node_list, home_profiler_ip
('tasks: ', {'simpledetector2': ['fusioncenter2'], 'simpledetector1': ['fusioncenter1'], 'simpledetector0': ['fusioncenter0'], 'globalfusion': [], 'aggregate1': ['simpledetector1', 'astutedetector1'], 'aggregate0': ['simpledetector0', 'astutedetector0'], 'aggregate2': ['simpledetector2', 'astutedetector2'], 'localpro': ['aggregate0', 'aggregate1', 'aggregate2'], 'astutedetector1': ['fusioncenter1'], 'astutedetector0': ['fusioncenter0'], 'astutedetector2': ['fusioncenter2'], 'fusioncenter0': ['globalfusion'], 'fusioncenter1': ['globalfusion'], 'fusioncenter2': ['globalfusion']})
('task order', ['localpro', 'aggregate0', 'aggregate1', 'aggregate2', 'simpledetector0', 'simpledetector1', 'simpledetector2', 'astutedetector0', 'astutedetector1', 'astutedetector2', 'fusioncenter0', 'fusioncenter1', 'fusioncenter2', 'globalfusion'])
('super tasks', [])
('non tasks', [])
No input TGFF file found!
---------------------------------------------

 Read task list from DAG file, Non-DAG info and global information 

tasks:  {'fusioncenter2': ['globalfusion'], 'aggregate1': ['simpledetector1', 'astutedetector1'], 'aggregate2': ['simpledetector2', 'astutedetector2'], 'simpledetector1': ['fusioncenter1'], 'localpro': ['aggregate0', 'aggregate1', 'aggregate2'], 'simpledetector0': ['fusioncenter0'], 'astutedetector0': ['fusioncenter0'], 'aggregate0': ['simpledetector0', 'astutedetector0'], 'simpledetector2': ['fusioncenter2'], 'astutedetector1': ['fusioncenter1'], 'globalfusion': [], 'astutedetector2': ['fusioncenter2'], 'fusioncenter1': ['globalfusion'], 'fusioncenter0': ['globalfusion']}
task order ['localpro', 'aggregate0', 'aggregate1', 'aggregate2', 'simpledetector0', 'simpledetector1', 'simpledetector2', 'astutedetector0', 'astutedetector1', 'astutedetector2', 'fusioncenter0', 'fusioncenter1', 'fusioncenter2', 'globalfusion']
super tasks []
---------------------------------------------

 Create input HEFT file 

No available profiling information
---------------------------------------------

 Step 1: Read task list from DAG file and global information 

5
[['node2', '10.110.22.125'], ['node3', '10.100.135.138'], ['node4', '10.105.17.239'], ['node5', '10.108.202.177'], ['node6', '10.101.235.45']]
10.105.80.122
Num nodes :5
{'10.100.135.138': 'node3', '10.105.17.239': 'node4', '10.108.202.177': 'node5', '10.110.22.125': 'node2', '10.101.235.45': 'node6'}
['node2', 'node3', 'node4', 'node5', 'node6']
------------------------------------------------------------

 Step 2: Read network profiler information : 

------------------------------------------------------------

 Step 3: Read execution Profiler Information : 

[['node2', '10.110.22.125'], ['node3', '10.100.135.138'], ['node4', '10.105.17.239'], ['node5', '10.108.202.177'], ['node6', '10.101.235.45']]
Check Network Profiler IP: node2-10.110.22.125
Database(MongoClient(host=['10.105.80.122:6200'], document_class=dict, tz_aware=False, connect=True), 'execution_profiler')
--- Number of neighbors: 5
Current number of updated execution profilers:
6
--- Check execution profiler ID : home
--- Check execution profiler ID : node3
Check Network Profiler IP: node3-10.100.135.138
--- Check execution profiler ID : node5
--- Check execution profiler ID : node2
--- Check execution profiler ID : node4
--- Check execution profiler ID : node6
Execution information has already been provided
--- Number of neighbors: 5
Check Network Profiler IP: node4-10.105.17.239
--- Number of neighbors: 5
Check Network Profiler IP: node5-10.108.202.177
--- Number of neighbors: 5
Check Network Profiler IP: node6-10.101.235.45
--- Number of neighbors: 5
Network information has already been provided
['home', 'localpro', '15', '986.736']
['home', 'aggregate0', '15', '701.92']
['home', 'aggregate1', '15', '127.048']
['home', 'aggregate2', '15', '157.768']
['home', 'simpledetector0', '15', '7.616']
['home', 'simpledetector1', '15', '7.616']
['home', 'simpledetector2', '15', '7.168']
['home', 'astutedetector0', '15', '4.152']
['home', 'astutedetector1', '15', '3.48']
['home', 'astutedetector2', '15', '4.728']
['home', 'fusioncenter0', '10', '0.984']
['home', 'fusioncenter1', '10', '0.44']
['home', 'fusioncenter2', '10', '0.792']
['home', 'globalfusion', '10', '1.336']
['localpro', 'aggregate0', 'aggregate1', 'aggregate2', 'simpledetector0', 'simpledetector1', 'simpledetector2', 'astutedetector0', 'astutedetector1', 'astutedetector2', 'fusioncenter0', 'fusioncenter1', 'fusioncenter2', 'globalfusion']
{'fusioncenter2': 't0_12', 'aggregate1': 't0_2', 'aggregate2': 't0_3', 'simpledetector1': 't0_5', 'localpro': 't0_0', 'simpledetector0': 't0_4', 'astutedetector0': 't0_7', 'aggregate0': 't0_1', 'simpledetector2': 't0_6', 'astutedetector1': 't0_8', 'globalfusion': 't0_13', 'astutedetector2': 't0_9', 'fusioncenter1': 't0_11', 'fusioncenter0': 't0_10'}
{'fusioncenter2': 12, 'aggregate1': 2, 'aggregate2': 3, 'simpledetector1': 5, 'localpro': 0, 'simpledetector0': 4, 'astutedetector0': 7, 'aggregate0': 1, 'simpledetector2': 6, 'astutedetector1': 8, 'globalfusion': 13, 'astutedetector2': 9, 'fusioncenter1': 11, 'fusioncenter0': 10}
{'fusioncenter2': '0.768', 'aggregate1': '127.048', 'aggregate2': '157.768', 'simpledetector1': '7.616', 'localpro': '986.736', 'simpledetector0': '7.616', 'astutedetector0': '4.152', 'aggregate0': '701.92', 'simpledetector2': '7.168', 'astutedetector1': '3.48', 'globalfusion': '1.312', 'astutedetector2': '4.704', 'fusioncenter1': '0.44', 'fusioncenter0': '0.984'}
[[150, 150, 150, 150, 150], [150, 150, 150, 150, 150], [150, 150, 150, 150, 150], [150, 150, 150, 150, 150], [150, 150, 150, 150, 150], [150, 150, 150, 150, 150], [150, 150, 150, 150, 150], [150, 150, 150, 150, 150], [150, 150, 150, 150, 150], [150, 150, 150, 150, 150], [100, 100, 100, 100, 100], [100, 100, 100, 100, 100], [100, 100, 100, 100, 100], [100, 100, 100, 100, 100]]
	TASK localpro	TYPE 0 

	TASK aggregate0	TYPE 1 

	TASK aggregate1	TYPE 2 

	TASK aggregate2	TYPE 3 

	TASK simpledetector0	TYPE 4 

	TASK simpledetector1	TYPE 5 

	TASK simpledetector2	TYPE 6 

	TASK astutedetector0	TYPE 7 

	TASK astutedetector1	TYPE 8 

	TASK astutedetector2	TYPE 9 

	TASK fusioncenter0	TYPE 10 

	TASK fusioncenter1	TYPE 11 

	TASK fusioncenter2	TYPE 12 

	TASK globalfusion	TYPE 13 

task_names: ['localpro', 'aggregate0', 'aggregate1', 'aggregate2', 'simpledetector0', 'simpledetector1', 'simpledetector2', 'astutedetector0', 'astutedetector1', 'astutedetector2', 'fusioncenter0', 'fusioncenter1', 'fusioncenter2', 'globalfusion']
==================
Checking the written information
14
[<map object at 0x7f833cd127b8>, <map object at 0x7f833cd12908>, <map object at 0x7f833cd12a90>, <map object at 0x7f833cd12c18>, <map object at 0x7f833cd12da0>, <map object at 0x7f833cd12f28>, <map object at 0x7f833cd150f0>, <map object at 0x7f833cd15278>, <map object at 0x7f833cd15400>, <map object at 0x7f833cd15588>, <map object at 0x7f833cd15748>, <map object at 0x7f833cd15908>, <map object at 0x7f833cd15ac8>, <map object at 0x7f833cd15c88>]
[[0, 1, 1, 1, 1], [1, 0, 1, 1, 1], [1, 1, 0, 1, 1], [1, 1, 1, 0, 1], [1, 1, 1, 1, 0]]
[[-1, 986, 986, 986, -1, -1, -1, -1, -1, -1, -1, -1, -1, -1], [-1, -1, -1, -1, 701, -1, -1, 701, -1, -1, -1, -1, -1, -1], [-1, -1, -1, -1, -1, 127, -1, -1, 127, -1, -1, -1, -1, -1], [-1, -1, -1, -1, -1, -1, 157, -1, -1, 157, -1, -1, -1, -1], [-1, -1, -1, -1, -1, -1, -1, -1, -1, -1, 7, -1, -1, -1], [-1, -1, -1, -1, -1, -1, -1, -1, -1, -1, -1, 7, -1, -1], [-1, -1, -1, -1, -1, -1, -1, -1, -1, -1, -1, -1, 7, -1], [-1, -1, -1, -1, -1, -1, -1, -1, -1, -1, 4, -1, -1, -1], [-1, -1, -1, -1, -1, -1, -1, -1, -1, -1, -1, 3, -1, -1], [-1, -1, -1, -1, -1, -1, -1, -1, -1, -1, -1, -1, 4, -1], [-1, -1, -1, -1, -1, -1, -1, -1, -1, -1, -1, -1, -1, 0], [-1, -1, -1, -1, -1, -1, -1, -1, -1, -1, -1, -1, -1, 0], [-1, -1, -1, -1, -1, -1, -1, -1, -1, -1, -1, -1, -1, 0], [-1, -1, -1, -1, -1, -1, -1, -1, -1, -1, -1, -1, -1, -1]]
[[(0, 0, 0), (-6.932606673452193e-05, 0.6753374274134917, 2195.685309915239), (-1.1625879062879603e-06, 0.1147648644815609, 2874.1003409024597), (-1.1770481948619242e-06, 0.1131618722244056, 2197.7283906272683), (-4.164149418779028e-06, 0.3457940811181538, 1288.3631240668255)], [(-8.342029579243146e-07, 0.08364317894389672, 2544.176752336122), (0, 0, 0), (-1.0188784973319756e-06, 0.10128208816998668, 2559.412227670928), (-2.401670758618162e-07, 0.021776626519120327, 274.2725246663437), (-4.420895178071242e-06, 0.36699464301004375, 1450.7577251825544)], [(-1.5574002489089735e-06, 0.14388905460747928, 2880.802616871332), (-1.149153215431392e-06, 0.11194091484249576, 2508.168313612512), (0, 0, 0), (-1.1646156501217973e-06, 0.11320893340724283, 2352.189355104935), (-1.6674411601608549e-06, 0.1669610908034513, 3791.275691248935)], [(-1.2030351092848628e-06, 0.1158330187330555, 2086.7849873063337), (-3.864975882601973e-08, 0.005061280776488197, 274.95639452335604), (-7.032126823793453e-05, 0.6820216049382685, 2228.388327721663), (0, 0, 0), (-5.598398638237397e-07, 0.05531968709349342, 1425.1490189705312)], [(-6.859600877509691e-07, 0.06686211873556945, 1320.171750779499), (-7.240926853866022e-07, 0.0706413596467487, 1490.1545680297213), (-1.7954539879271083e-06, 0.17788087367378405, 3869.0540725674077), (-5.460521058943464e-07, 0.05512131821766541, 1363.797238116095), (0, 0, 0)]]
	TASK localpro	TYPE 0 

	TASK aggregate0	TYPE 1 

	TASK aggregate1	TYPE 2 

	TASK aggregate2	TYPE 3 

	TASK simpledetector0	TYPE 4 

	TASK simpledetector1	TYPE 5 

	TASK simpledetector2	TYPE 6 

	TASK astutedetector0	TYPE 7 

	TASK astutedetector1	TYPE 8 

	TASK astutedetector2	TYPE 9 

	TASK fusioncenter0	TYPE 10 

	TASK fusioncenter1	TYPE 11 

	TASK fusioncenter2	TYPE 12 

	TASK globalfusion	TYPE 13 

('task_names:', ['localpro', 'aggregate0', 'aggregate1', 'aggregate2', 'simpledetector0', 'simpledetector1', 'simpledetector2', 'astutedetector0', 'astutedetector1', 'astutedetector2', 'fusioncenter0', 'fusioncenter1', 'fusioncenter2', 'globalfusion'])
==================
(0, 1)
(1, 1)
(2, 1)
(3, 1)
(4, 1)
(0, 3)
(1, 3)
(2, 3)
(3, 3)
(4, 3)
(0, 2)
(1, 2)
(2, 2)
(3, 2)
(4, 2)
(0, 4)
(1, 4)
(2, 4)
(3, 4)
(4, 4)
(0, 5)
(1, 5)
(2, 5)
(3, 5)
(4, 5)
(0, 6)
(1, 6)
(2, 6)
(3, 6)
(4, 6)
(0, 7)
(1, 7)
(2, 7)
(3, 7)
(4, 7)
(0, 9)
(1, 9)
(2, 9)
(3, 9)
(4, 9)
(0, 8)
(1, 8)
(2, 8)
(3, 8)
(4, 8)
(0, 10)
(1, 10)
(2, 10)
(3, 10)
(4, 10)
(0, 11)
(1, 11)
(2, 11)
(3, 11)
(4, 11)
(0, 12)
(1, 12)
(2, 12)
(3, 12)
(4, 12)
(0, 13)
(1, 13)
(2, 13)
(3, 13)
(4, 13)
Assign random master and slaves
task 0 : up_rank = 9136.954550, down_rank = 0.000000
task 1 : up_rank = 6769.281751, down_rank = 2367.672798
task 3 : up_rank = 6675.523554, down_rank = 2367.672798
task 2 : up_rank = 6670.212070, down_rank = 2367.672798
task 4 : up_rank = 4448.794095, down_rank = 4688.160454
task 5 : up_rank = 4448.794095, down_rank = 4589.090773
task 6 : up_rank = 4448.794095, down_rank = 4594.402256
task 7 : up_rank = 4448.256241, down_rank = 4688.160454
task 9 : up_rank = 4448.256241, down_rank = 4594.402256
task 8 : up_rank = 4448.076924, down_rank = 4589.090773
task 10 : up_rank = 2248.769437, down_rank = 6888.185113
task 11 : up_rank = 2248.769437, down_rank = 6789.115432
task 12 : up_rank = 2248.769437, down_rank = 6794.426915
task 13 : up_rank = 100.000000, down_rank = 9036.954550
node2:
task 1 : ast = 0, aft = 150
task 2 : ast = 150, aft = 300
task 4 : ast = 300, aft = 450
task 3 : ast = 450, aft = 600
task 5 : ast = 600, aft = 750
task 6 : ast = 750, aft = 900
task 7 : ast = 900, aft = 1050
task 8 : ast = 1050, aft = 1200
task 10 : ast = 1200, aft = 1350
task 9 : ast = 1350, aft = 1500
task 11 : ast = 1500, aft = 1600
task 12 : ast = 1600, aft = 1700
task 13 : ast = 1700, aft = 1800
task 14 : ast = 1800, aft = 1900
node3:
node4:
node5:
node6:
makespan = 1900
{'simpledetector2': 'node2', 'simpledetector1': 'node2', 'simpledetector0': 'node2', 'globalfusion': 'node2', 'aggregate1': 'node2', 'aggregate0': 'node2', 'aggregate2': 'node2', 'localpro': 'node2', 'astutedetector1': 'node2', 'astutedetector0': 'node2', 'astutedetector2': 'node2', 'fusioncenter0': 'node2', 'fusioncenter1': 'node2', 'fusioncenter2': 'node2'}
 * Serving Flask app "master" (lazy loading)
 * Environment: production
   WARNING: Do not use the development server in a production environment.
   Use a production WSGI server instead.
 * Debug mode: off
 * Running on http://0.0.0.0:8888/ (Press CTRL+C to quit)
10.244.0.0 - - [09/Nov/2018 22:36:27] "GET / HTTP/1.1" 200 -
('Recieved request for current mapping. Current mappings done:', 14)
{'simpledetector2': 'node2', 'simpledetector1': 'node2', 'simpledetector0': 'node2', 'globalfusion': 'node2', 'aggregate1': 'node2', 'aggregate0': 'node2', 'aggregate2': 'node2', 'localpro': 'node2', 'astutedetector1': 'node2', 'astutedetector0': 'node2', 'astutedetector2': 'node2', 'fusioncenter0': 'node2', 'fusioncenter1': 'node2', 'fusioncenter2': 'node2'}
