 * Starting OpenBSD Secure Shell server sshd
   ...done.
Installing and starting mongodb
Start MongoDB.
about to fork child process, waiting until server is ready for connections.
forked process: 31
child process started successfully, parent exiting
Starting the scheduler
TASK1:  localpro
DAG:  {'localpro': ['1', 'false', 'aggregate0', 'aggregate1', 'aggregate2'], 'astutedetector1': ['1', 'true', 'fusioncenter1'], 'fusioncenter0': ['2', 'true', 'globalfusion'], 'simpledetector2': ['1', 'true', 'fusioncenter2'], 'simpledetector0': ['1', 'true', 'fusioncenter0'], 'aggregate2': ['1', 'true', 'simpledetector2', 'astutedetector2'], 'fusioncenter2': ['2', 'true', 'globalfusion'], 'simpledetector1': ['1', 'true', 'fusioncenter1'], 'fusioncenter1': ['2', 'true', 'globalfusion'], 'aggregate1': ['1', 'true', 'simpledetector1', 'astutedetector1'], 'aggregate0': ['1', 'true', 'simpledetector0', 'astutedetector0'], 'globalfusion': ['3', 'true', 'home'], 'astutedetector2': ['1', 'true', 'fusioncenter2'], 'astutedetector0': ['1', 'true', 'fusioncenter0']}
HOSTS:  {'home': ['home', 'ubuntu-2gb-nyc2-01-fra1', 'root', 'PASSWORD']}
Starting the output monitoring system:
Flask server started
 * Serving Flask app "scheduler" (lazy loading)
 * Environment: production
   WARNING: Do not use the development server in a production environment.
   Use a production WSGI server instead.
 * Debug mode: off
 * Running on http://0.0.0.0:8888/ (Press CTRL+C to quit)
10.244.0.0 - - [10/Dec/2018 04:33:18] "GET / HTTP/1.1" 200 -
Recieved request for number of output files. Current done: 0
Start copying sample files for evaluation
---- Generate random input files
---- Generate random input files
Received file as input - /input/1botnet.ipsum.
start time is:  [1544416400.5104737]
Transfer to IP: 10.106.214.235 , username: root , password: PASSWORD, source path: /input/1botnet.ipsum , destination path: /centralized_scheduler/input/1botnet.ipsum
10.106.214.235
Warning: Permanently added '[10.106.214.235]:5000' (ECDSA) to the list of known hosts.
data transfer complete

Received flask message: localpro rt_enter 1botnet 1544416402.1546485
10.244.4.116 - - [10/Dec/2018 04:33:22] "GET /recv_runtime_profile?work_node=localpro&msg=rt_enter+1botnet+1544416402.1546485 HTTP/1.1" 200 -
Received flask message: localpro rt_exec 1botnet 1544416402.335543
10.244.4.116 - - [10/Dec/2018 04:33:22] "GET /recv_runtime_profile?work_node=localpro&msg=rt_exec+1botnet+1544416402.335543 HTTP/1.1" 200 -
Received flask message: localpro rt_finish 1botnet 1544416417.536446
----------------------------
Worker node: localpro
Input file : 1botnet
Total duration time:15.381797552108765
Waiting time:0.1808943748474121
localpro execution time:15.200903177261353
----------------------------
********************************************
Runtime profiling info:
Task_name  local_input_file Enter_time Execute_time Finish_time Elapse_time Duration_time Waiting_time 

localpro   1botnet    1544416402.1546485 1544416402.335543 1544416417.536446 15.381797552108765 15.200903177261353 0.1808943748474121

********************************************
10.244.4.116 - - [10/Dec/2018 04:33:37] "GET /recv_runtime_profile?work_node=localpro&msg=rt_finish+1botnet+1544416417.536446 HTTP/1.1" 200 -
Received flask message: aggregate0 rt_enter 1split 1544416418.8555915
10.244.6.103 - - [10/Dec/2018 04:33:39] "GET /recv_runtime_profile?work_node=aggregate0&msg=rt_enter+1split+1544416418.8555915 HTTP/1.1" 200 -
Received flask message: aggregate0 rt_exec 1split 1544416419.0419328
10.244.6.103 - - [10/Dec/2018 04:33:39] "GET /recv_runtime_profile?work_node=aggregate0&msg=rt_exec+1split+1544416419.0419328 HTTP/1.1" 200 -
Received flask message: aggregate1 rt_enter 1split 1544416420.0621893
10.244.3.76 - - [10/Dec/2018 04:33:40] "GET /recv_runtime_profile?msg=rt_enter+1split+1544416420.0621893&work_node=aggregate1 HTTP/1.1" 200 -
Received flask message: aggregate1 rt_exec 1split 1544416420.0861986
10.244.3.76 - - [10/Dec/2018 04:33:40] "GET /recv_runtime_profile?msg=rt_exec+1split+1544416420.0861986&work_node=aggregate1 HTTP/1.1" 200 -
Received flask message: aggregate2 rt_enter 1split 1544416421.505535
10.244.3.78 - - [10/Dec/2018 04:33:41] "GET /recv_runtime_profile?msg=rt_enter+1split+1544416421.505535&work_node=aggregate2 HTTP/1.1" 200 -
Received flask message: aggregate2 rt_exec 1split 1544416421.5189435
10.244.3.78 - - [10/Dec/2018 04:33:41] "GET /recv_runtime_profile?msg=rt_exec+1split+1544416421.5189435&work_node=aggregate2 HTTP/1.1" 200 -
Received flask message: aggregate0 rt_finish 1split 1544416434.2290287
----------------------------
Worker node: aggregate0
Input file : 1split
Total duration time:15.37343716621399
Waiting time:0.1863412857055664
aggregate0 execution time:15.187095880508423
----------------------------
********************************************
Runtime profiling info:
Task_name  local_input_file Enter_time Execute_time Finish_time Elapse_time Duration_time Waiting_time 

localpro   1botnet    1544416402.1546485 1544416402.335543 1544416417.536446 15.381797552108765 15.200903177261353 0.1808943748474121

aggregate0 1split     1544416418.8555915 1544416419.0419328 1544416434.2290287 15.37343716621399 15.187095880508423 0.1863412857055664

********************************************
10.244.6.103 - - [10/Dec/2018 04:33:54] "GET /recv_runtime_profile?work_node=aggregate0&msg=rt_finish+1split+1544416434.2290287 HTTP/1.1" 200 -
Received flask message: aggregate1 rt_finish 1split 1544416435.0987287
----------------------------
Worker node: aggregate1
Input file : 1split
Total duration time:15.036539316177368
Waiting time:0.024009227752685547
aggregate1 execution time:15.012530088424683
----------------------------
********************************************
Runtime profiling info:
Task_name  local_input_file Enter_time Execute_time Finish_time Elapse_time Duration_time Waiting_time 

localpro   1botnet    1544416402.1546485 1544416402.335543 1544416417.536446 15.381797552108765 15.200903177261353 0.1808943748474121

aggregate0 1split     1544416418.8555915 1544416419.0419328 1544416434.2290287 15.37343716621399 15.187095880508423 0.1863412857055664

aggregate1 1split     1544416420.0621893 1544416420.0861986 1544416435.0987287 15.036539316177368 15.012530088424683 0.024009227752685547

********************************************
10.244.3.76 - - [10/Dec/2018 04:33:55] "GET /recv_runtime_profile?msg=rt_finish+1split+1544416435.0987287&work_node=aggregate1 HTTP/1.1" 200 -
10.244.3.77 - - [10/Dec/2018 04:33:56] "GET /recv_runtime_profile?work_node=simpledetector0&msg=rt_enter+1merged+1544416436.3136823 HTTP/1.1" 200 -
Received flask message: simpledetector0 rt_enter 1merged 1544416436.3136823
10.244.3.77 - - [10/Dec/2018 04:33:56] "GET /recv_runtime_profile?work_node=simpledetector0&msg=rt_exec+1merged+1544416436.325963 HTTP/1.1" 200 -
Received flask message: simpledetector0 rt_exec 1merged 1544416436.325963
10.244.3.78 - - [10/Dec/2018 04:33:56] "GET /recv_runtime_profile?msg=rt_finish+1split+1544416436.5435789&work_node=aggregate2 HTTP/1.1" 200 -
Received flask message: aggregate2 rt_finish 1split 1544416436.5435789
----------------------------
Worker node: aggregate2
Input file : 1split
Total duration time:15.038043975830078
Waiting time:0.013408660888671875
aggregate2 execution time:15.024635314941406
----------------------------
********************************************
Runtime profiling info:
Task_name  local_input_file Enter_time Execute_time Finish_time Elapse_time Duration_time Waiting_time 

localpro   1botnet    1544416402.1546485 1544416402.335543 1544416417.536446 15.381797552108765 15.200903177261353 0.1808943748474121

aggregate0 1split     1544416418.8555915 1544416419.0419328 1544416434.2290287 15.37343716621399 15.187095880508423 0.1863412857055664

aggregate2 1split     1544416421.505535 1544416421.5189435 1544416436.5435789 15.038043975830078 15.024635314941406 0.013408660888671875

aggregate1 1split     1544416420.0621893 1544416420.0861986 1544416435.0987287 15.036539316177368 15.012530088424683 0.024009227752685547

********************************************
10.244.4.118 - - [10/Dec/2018 04:33:57] "GET /recv_runtime_profile?work_node=astutedetector0&msg=rt_enter+1merged+1544416436.9224439 HTTP/1.1" 200 -
Received flask message: astutedetector0 rt_enter 1merged 1544416436.9224439
10.244.4.118 - - [10/Dec/2018 04:33:57] "GET /recv_runtime_profile?work_node=astutedetector0&msg=rt_exec+1merged+1544416437.1039927 HTTP/1.1" 200 -
Received flask message: astutedetector0 rt_exec 1merged 1544416437.1039927
Received flask message: simpledetector2 rt_enter 1merged 1544416438.6810207
10.244.4.119 - - [10/Dec/2018 04:33:58] "GET /recv_runtime_profile?msg=rt_enter+1merged+1544416438.6810207&work_node=simpledetector2 HTTP/1.1" 200 -
10.244.4.119 - - [10/Dec/2018 04:33:58] "GET /recv_runtime_profile?msg=rt_exec+1merged+1544416438.8609843&work_node=simpledetector2 HTTP/1.1" 200 -
Received flask message: simpledetector2 rt_exec 1merged 1544416438.8609843
Received flask message: simpledetector1 rt_enter 1merged 1544416438.827438
10.244.2.23 - - [10/Dec/2018 04:33:59] "GET /recv_runtime_profile?msg=rt_enter+1merged+1544416438.827438&work_node=simpledetector1 HTTP/1.1" 200 -
Received flask message: simpledetector1 rt_exec 1merged 1544416439.2685626
10.244.2.23 - - [10/Dec/2018 04:33:59] "GET /recv_runtime_profile?msg=rt_exec+1merged+1544416439.2685626&work_node=simpledetector1 HTTP/1.1" 200 -
Received flask message: astutedetector2 rt_enter 1merged 1544416440.1082227
10.244.4.117 - - [10/Dec/2018 04:34:00] "GET /recv_runtime_profile?work_node=astutedetector2&msg=rt_enter+1merged+1544416440.1082227 HTTP/1.1" 200 -
Received flask message: astutedetector2 rt_exec 1merged 1544416440.2884264
10.244.4.117 - - [10/Dec/2018 04:34:00] "GET /recv_runtime_profile?work_node=astutedetector2&msg=rt_exec+1merged+1544416440.2884264 HTTP/1.1" 200 -
Received flask message: astutedetector1 rt_enter 1merged 1544416440.6982234
10.244.6.104 - - [10/Dec/2018 04:34:00] "GET /recv_runtime_profile?msg=rt_enter+1merged+1544416440.6982234&work_node=astutedetector1 HTTP/1.1" 200 -
Received flask message: astutedetector1 rt_exec 1merged 1544416440.8695354
10.244.6.104 - - [10/Dec/2018 04:34:00] "GET /recv_runtime_profile?msg=rt_exec+1merged+1544416440.8695354&work_node=astutedetector1 HTTP/1.1" 200 -
Received flask message: simpledetector0 rt_finish 1merged 1544416451.3651843
----------------------------
Worker node: simpledetector0
Input file : 1merged
Total duration time:15.051501989364624
Waiting time:0.012280702590942383
simpledetector0 execution time:15.039221286773682
----------------------------
********************************************
Runtime profiling info:
Task_name  local_input_file Enter_time Execute_time Finish_time Elapse_time Duration_time Waiting_time 

aggregate2 1split     1544416421.505535 1544416421.5189435 1544416436.5435789 15.038043975830078 15.024635314941406 0.013408660888671875

aggregate1 1split     1544416420.0621893 1544416420.0861986 1544416435.0987287 15.036539316177368 15.012530088424683 0.024009227752685547

simpledetector0 1merged    1544416436.3136823 1544416436.325963 1544416451.3651843 15.051501989364624 15.039221286773682 0.012280702590942383

localpro   1botnet    1544416402.1546485 1544416402.335543 1544416417.536446 15.381797552108765 15.200903177261353 0.1808943748474121

aggregate0 1split     1544416418.8555915 1544416419.0419328 1544416434.2290287 15.37343716621399 15.187095880508423 0.1863412857055664

********************************************
10.244.3.77 - - [10/Dec/2018 04:34:11] "GET /recv_runtime_profile?work_node=simpledetector0&msg=rt_finish+1merged+1544416451.3651843 HTTP/1.1" 200 -
Received flask message: astutedetector0 rt_finish 1merged 1544416452.4396737
----------------------------
Worker node: astutedetector0
Input file : 1merged
Total duration time:15.517229795455933
Waiting time:0.1815488338470459
astutedetector0 execution time:15.335680961608887
----------------------------
********************************************
Runtime profiling info:
Task_name  local_input_file Enter_time Execute_time Finish_time Elapse_time Duration_time Waiting_time 

aggregate2 1split     1544416421.505535 1544416421.5189435 1544416436.5435789 15.038043975830078 15.024635314941406 0.013408660888671875

aggregate1 1split     1544416420.0621893 1544416420.0861986 1544416435.0987287 15.036539316177368 15.012530088424683 0.024009227752685547

simpledetector0 1merged    1544416436.3136823 1544416436.325963 1544416451.3651843 15.051501989364624 15.039221286773682 0.012280702590942383

localpro   1botnet    1544416402.1546485 1544416402.335543 1544416417.536446 15.381797552108765 15.200903177261353 0.1808943748474121

aggregate0 1split     1544416418.8555915 1544416419.0419328 1544416434.2290287 15.37343716621399 15.187095880508423 0.1863412857055664

astutedetector0 1merged    1544416436.9224439 1544416437.1039927 1544416452.4396737 15.517229795455933 15.335680961608887 0.1815488338470459

********************************************
10.244.4.118 - - [10/Dec/2018 04:34:12] "GET /recv_runtime_profile?work_node=astutedetector0&msg=rt_finish+1merged+1544416452.4396737 HTTP/1.1" 200 -
Received flask message: simpledetector2 rt_finish 1merged 1544416454.060977
----------------------------
Worker node: simpledetector2
Input file : 1merged
Total duration time:15.379956245422363
Waiting time:0.1799635887145996
simpledetector2 execution time:15.199992656707764
----------------------------
********************************************
Runtime profiling info:
10.244.4.119 - - [10/Dec/2018 04:34:14] "GET /recv_runtime_profile?msg=rt_finish+1merged+1544416454.060977&work_node=simpledetector2 HTTP/1.1" 200 -
Task_name  local_input_file Enter_time Execute_time Finish_time Elapse_time Duration_time Waiting_time 

aggregate2 1split     1544416421.505535 1544416421.5189435 1544416436.5435789 15.038043975830078 15.024635314941406 0.013408660888671875

aggregate1 1split     1544416420.0621893 1544416420.0861986 1544416435.0987287 15.036539316177368 15.012530088424683 0.024009227752685547

simpledetector0 1merged    1544416436.3136823 1544416436.325963 1544416451.3651843 15.051501989364624 15.039221286773682 0.012280702590942383

localpro   1botnet    1544416402.1546485 1544416402.335543 1544416417.536446 15.381797552108765 15.200903177261353 0.1808943748474121

simpledetector2 1merged    1544416438.6810207 1544416438.8609843 1544416454.060977 15.379956245422363 15.199992656707764 0.1799635887145996

aggregate0 1split     1544416418.8555915 1544416419.0419328 1544416434.2290287 15.37343716621399 15.187095880508423 0.1863412857055664

astutedetector0 1merged    1544416436.9224439 1544416437.1039927 1544416452.4396737 15.517229795455933 15.335680961608887 0.1815488338470459

********************************************
Received flask message: simpledetector1 rt_finish 1merged 1544416454.7310703
----------------------------
Worker node: simpledetector1
Input file : 1merged
Total duration time:15.903632164001465
Waiting time:0.44112443923950195
simpledetector1 execution time:15.462507724761963
----------------------------
********************************************
Runtime profiling info:
10.244.2.23 - - [10/Dec/2018 04:34:15] "GET /recv_runtime_profile?msg=rt_finish+1merged+1544416454.7310703&work_node=simpledetector1 HTTP/1.1" 200 -
Task_name  local_input_file Enter_time Execute_time Finish_time Elapse_time Duration_time Waiting_time 

aggregate2 1split     1544416421.505535 1544416421.5189435 1544416436.5435789 15.038043975830078 15.024635314941406 0.013408660888671875

aggregate1 1split     1544416420.0621893 1544416420.0861986 1544416435.0987287 15.036539316177368 15.012530088424683 0.024009227752685547

simpledetector0 1merged    1544416436.3136823 1544416436.325963 1544416451.3651843 15.051501989364624 15.039221286773682 0.012280702590942383

localpro   1botnet    1544416402.1546485 1544416402.335543 1544416417.536446 15.381797552108765 15.200903177261353 0.1808943748474121

simpledetector2 1merged    1544416438.6810207 1544416438.8609843 1544416454.060977 15.379956245422363 15.199992656707764 0.1799635887145996

simpledetector1 1merged    1544416438.827438 1544416439.2685626 1544416454.7310703 15.903632164001465 15.462507724761963 0.44112443923950195

aggregate0 1split     1544416418.8555915 1544416419.0419328 1544416434.2290287 15.37343716621399 15.187095880508423 0.1863412857055664

astutedetector0 1merged    1544416436.9224439 1544416437.1039927 1544416452.4396737 15.517229795455933 15.335680961608887 0.1815488338470459

********************************************
Received flask message: astutedetector2 rt_finish 1merged 1544416455.5595918
----------------------------
Worker node: astutedetector2
Input file : 1merged
Total duration time:15.451369047164917
Waiting time:0.18020367622375488
astutedetector2 execution time:15.271165370941162
----------------------------
********************************************
Runtime profiling info:
Task_name  local_input_file Enter_time Execute_time Finish_time Elapse_time Duration_time Waiting_time 

astutedetector2 1merged    1544416440.1082227 1544416440.2884264 1544416455.5595918 15.451369047164917 15.271165370941162 0.18020367622375488

aggregate2 1split     1544416421.505535 1544416421.5189435 1544416436.5435789 15.038043975830078 15.024635314941406 0.013408660888671875

aggregate1 1split     1544416420.0621893 1544416420.0861986 1544416435.0987287 15.036539316177368 15.012530088424683 0.024009227752685547

simpledetector0 1merged    1544416436.3136823 1544416436.325963 1544416451.3651843 15.051501989364624 15.039221286773682 0.012280702590942383

localpro   1botnet    1544416402.1546485 1544416402.335543 1544416417.536446 15.381797552108765 15.200903177261353 0.1808943748474121

simpledetector2 1merged    1544416438.6810207 1544416438.8609843 1544416454.060977 15.379956245422363 15.199992656707764 0.1799635887145996

simpledetector1 1merged    1544416438.827438 1544416439.2685626 1544416454.7310703 15.903632164001465 15.462507724761963 0.44112443923950195

aggregate0 1split     1544416418.8555915 1544416419.0419328 1544416434.2290287 15.37343716621399 15.187095880508423 0.1863412857055664

astutedetector0 1merged    1544416436.9224439 1544416437.1039927 1544416452.4396737 15.517229795455933 15.335680961608887 0.1815488338470459

********************************************
10.244.4.117 - - [10/Dec/2018 04:34:15] "GET /recv_runtime_profile?work_node=astutedetector2&msg=rt_finish+1merged+1544416455.5595918 HTTP/1.1" 200 -
Received flask message: fusioncenter0 rt_enter 1anomalies 1544416455.4626713
10.244.5.79 - - [10/Dec/2018 04:34:15] "GET /recv_runtime_profile?msg=rt_enter+1anomalies+1544416455.4626713&work_node=fusioncenter0 HTTP/1.1" 200 -
Received flask message: astutedetector1 rt_finish 1merged 1544416456.1673923
----------------------------
10.244.6.104 - - [10/Dec/2018 04:34:16] "GET /recv_runtime_profile?msg=rt_finish+1merged+1544416456.1673923&work_node=astutedetector1 HTTP/1.1" 200 -
Worker node: astutedetector1
Input file : 1merged
Total duration time:15.469168901443481
Waiting time:0.1713120937347412
astutedetector1 execution time:15.29785680770874
----------------------------
********************************************
Runtime profiling info:
Task_name  local_input_file Enter_time Execute_time Finish_time Elapse_time Duration_time Waiting_time 

astutedetector2 1merged    1544416440.1082227 1544416440.2884264 1544416455.5595918 15.451369047164917 15.271165370941162 0.18020367622375488

aggregate2 1split     1544416421.505535 1544416421.5189435 1544416436.5435789 15.038043975830078 15.024635314941406 0.013408660888671875

aggregate1 1split     1544416420.0621893 1544416420.0861986 1544416435.0987287 15.036539316177368 15.012530088424683 0.024009227752685547

simpledetector0 1merged    1544416436.3136823 1544416436.325963 1544416451.3651843 15.051501989364624 15.039221286773682 0.012280702590942383

localpro   1botnet    1544416402.1546485 1544416402.335543 1544416417.536446 15.381797552108765 15.200903177261353 0.1808943748474121

simpledetector2 1merged    1544416438.6810207 1544416438.8609843 1544416454.060977 15.379956245422363 15.199992656707764 0.1799635887145996

simpledetector1 1merged    1544416438.827438 1544416439.2685626 1544416454.7310703 15.903632164001465 15.462507724761963 0.44112443923950195

aggregate0 1split     1544416418.8555915 1544416419.0419328 1544416434.2290287 15.37343716621399 15.187095880508423 0.1863412857055664

astutedetector0 1merged    1544416436.9224439 1544416437.1039927 1544416452.4396737 15.517229795455933 15.335680961608887 0.1815488338470459

astutedetector1 1merged    1544416440.6982234 1544416440.8695354 1544416456.1673923 15.469168901443481 15.29785680770874 0.1713120937347412

********************************************
Received flask message: fusioncenter0 rt_exec 1anomalies 1544416455.9884543
10.244.5.79 - - [10/Dec/2018 04:34:16] "GET /recv_runtime_profile?msg=rt_exec+1anomalies+1544416455.9884543&work_node=fusioncenter0 HTTP/1.1" 200 -
Received flask message: fusioncenter1 rt_enter 1anomalies 1544416456.4375193
10.244.5.80 - - [10/Dec/2018 04:34:16] "GET /recv_runtime_profile?work_node=fusioncenter1&msg=rt_enter+1anomalies+1544416456.4375193 HTTP/1.1" 200 -
10.244.2.24 - - [10/Dec/2018 04:34:17] "GET /recv_runtime_profile?work_node=fusioncenter2&msg=rt_enter+1anomalies+1544416456.8551588 HTTP/1.1" 200 -
Received flask message: fusioncenter2 rt_enter 1anomalies 1544416456.8551588
Received flask message: fusioncenter2 rt_exec 1anomalies 1544416458.421646
10.244.2.24 - - [10/Dec/2018 04:34:18] "GET /recv_runtime_profile?work_node=fusioncenter2&msg=rt_exec+1anomalies+1544416458.421646 HTTP/1.1" 200 -
Recieved request for number of output files. Current done: 0
10.244.0.0 - - [10/Dec/2018 04:34:19] "GET / HTTP/1.1" 200 -
Received flask message: fusioncenter1 rt_exec 1anomalies 1544416459.158799
10.244.5.80 - - [10/Dec/2018 04:34:19] "GET /recv_runtime_profile?work_node=fusioncenter1&msg=rt_exec+1anomalies+1544416459.158799 HTTP/1.1" 200 -
Received flask message: fusioncenter0 rt_finish 1anomalies 1544416466.5384722
----------------------------
Worker node: fusioncenter0
Input file : 1anomalies
Total duration time:11.075800895690918
Waiting time:0.5257830619812012
fusioncenter0 execution time:10.550017833709717
----------------------------
********************************************
Runtime profiling info:
Task_name  local_input_file Enter_time Execute_time Finish_time Elapse_time Duration_time Waiting_time 

astutedetector2 1merged    1544416440.1082227 1544416440.2884264 1544416455.5595918 15.451369047164917 15.271165370941162 0.18020367622375488

simpledetector0 1merged    1544416436.3136823 1544416436.325963 1544416451.3651843 15.051501989364624 15.039221286773682 0.012280702590942383

aggregate1 1split     1544416420.0621893 1544416420.0861986 1544416435.0987287 15.036539316177368 15.012530088424683 0.024009227752685547

simpledetector2 1merged    1544416438.6810207 1544416438.8609843 1544416454.060977 15.379956245422363 15.199992656707764 0.1799635887145996

astutedetector1 1merged    1544416440.6982234 1544416440.8695354 1544416456.1673923 15.469168901443481 15.29785680770874 0.1713120937347412

astutedetector0 1merged    1544416436.9224439 1544416437.1039927 1544416452.4396737 15.517229795455933 15.335680961608887 0.1815488338470459

fusioncenter0 1anomalies 1544416455.4626713 1544416455.9884543 1544416466.5384722 11.075800895690918 10.550017833709717 0.5257830619812012

aggregate2 1split     1544416421.505535 1544416421.5189435 1544416436.5435789 15.038043975830078 15.024635314941406 0.013408660888671875

simpledetector1 1merged    1544416438.827438 1544416439.2685626 1544416454.7310703 15.903632164001465 15.462507724761963 0.44112443923950195

localpro   1botnet    1544416402.1546485 1544416402.335543 1544416417.536446 15.381797552108765 15.200903177261353 0.1808943748474121

aggregate0 1split     1544416418.8555915 1544416419.0419328 1544416434.2290287 15.37343716621399 15.187095880508423 0.1863412857055664

********************************************
10.244.5.79 - - [10/Dec/2018 04:34:26] "GET /recv_runtime_profile?msg=rt_finish+1anomalies+1544416466.5384722&work_node=fusioncenter0 HTTP/1.1" 200 -
Received flask message: globalfusion rt_enter 1fusion 1544416468.1202621
10.244.2.25 - - [10/Dec/2018 04:34:28] "GET /recv_runtime_profile?work_node=globalfusion&msg=rt_enter+1fusion+1544416468.1202621 HTTP/1.1" 200 -
Received flask message: fusioncenter2 rt_finish 1anomalies 1544416468.8993902
----------------------------
Worker node: fusioncenter2
Input file : 1anomalies
Total duration time:12.044231414794922
Waiting time:1.5664873123168945
fusioncenter2 execution time:10.477744102478027
----------------------------
********************************************
Runtime profiling info:
Task_name  local_input_file Enter_time Execute_time Finish_time Elapse_time Duration_time Waiting_time 

astutedetector2 1merged    1544416440.1082227 1544416440.2884264 1544416455.5595918 15.451369047164917 15.271165370941162 0.18020367622375488

simpledetector0 1merged    1544416436.3136823 1544416436.325963 1544416451.3651843 15.051501989364624 15.039221286773682 0.012280702590942383

aggregate1 1split     1544416420.0621893 1544416420.0861986 1544416435.0987287 15.036539316177368 15.012530088424683 0.024009227752685547

simpledetector2 1merged    1544416438.6810207 1544416438.8609843 1544416454.060977 15.379956245422363 15.199992656707764 0.1799635887145996

astutedetector1 1merged    1544416440.6982234 1544416440.8695354 1544416456.1673923 15.469168901443481 15.29785680770874 0.1713120937347412

astutedetector0 1merged    1544416436.9224439 1544416437.1039927 1544416452.4396737 15.517229795455933 15.335680961608887 0.1815488338470459

fusioncenter0 1anomalies 1544416455.4626713 1544416455.9884543 1544416466.5384722 11.075800895690918 10.550017833709717 0.5257830619812012

aggregate2 1split     1544416421.505535 1544416421.5189435 1544416436.5435789 15.038043975830078 15.024635314941406 0.013408660888671875

simpledetector1 1merged    1544416438.827438 1544416439.2685626 1544416454.7310703 15.903632164001465 15.462507724761963 0.44112443923950195

localpro   1botnet    1544416402.1546485 1544416402.335543 1544416417.536446 15.381797552108765 15.200903177261353 0.1808943748474121

aggregate0 1split     1544416418.8555915 1544416419.0419328 1544416434.2290287 15.37343716621399 15.187095880508423 0.1863412857055664

fusioncenter2 1anomalies 1544416456.8551588 1544416458.421646 1544416468.8993902 12.044231414794922 10.477744102478027 1.5664873123168945

********************************************
10.244.2.24 - - [10/Dec/2018 04:34:29] "GET /recv_runtime_profile?work_node=fusioncenter2&msg=rt_finish+1anomalies+1544416468.8993902 HTTP/1.1" 200 -
Received flask message: fusioncenter1 rt_finish 1anomalies 1544416469.6919014
----------------------------
Worker node: fusioncenter1
Input file : 1anomalies
Total duration time:13.254382133483887
Waiting time:2.7212796211242676
fusioncenter1 execution time:10.53310251235962
----------------------------
********************************************
Runtime profiling info:
Task_name  local_input_file Enter_time Execute_time Finish_time Elapse_time Duration_time Waiting_time 

astutedetector2 1merged    1544416440.1082227 1544416440.2884264 1544416455.5595918 15.451369047164917 15.271165370941162 0.18020367622375488

simpledetector0 1merged    1544416436.3136823 1544416436.325963 1544416451.3651843 15.051501989364624 15.039221286773682 0.012280702590942383

aggregate1 1split     1544416420.0621893 1544416420.0861986 1544416435.0987287 15.036539316177368 15.012530088424683 0.024009227752685547

simpledetector2 1merged    1544416438.6810207 1544416438.8609843 1544416454.060977 15.379956245422363 15.199992656707764 0.1799635887145996

astutedetector1 1merged    1544416440.6982234 1544416440.8695354 1544416456.1673923 15.469168901443481 15.29785680770874 0.1713120937347412

astutedetector0 1merged    1544416436.9224439 1544416437.1039927 1544416452.4396737 15.517229795455933 15.335680961608887 0.1815488338470459

fusioncenter0 1anomalies 1544416455.4626713 1544416455.9884543 1544416466.5384722 11.075800895690918 10.550017833709717 0.5257830619812012

fusioncenter1 1anomalies 1544416456.4375193 1544416459.158799 1544416469.6919014 13.254382133483887 10.53310251235962 2.7212796211242676

aggregate2 1split     1544416421.505535 1544416421.5189435 1544416436.5435789 15.038043975830078 15.024635314941406 0.013408660888671875

simpledetector1 1merged    1544416438.827438 1544416439.2685626 1544416454.7310703 15.903632164001465 15.462507724761963 0.44112443923950195

localpro   1botnet    1544416402.1546485 1544416402.335543 1544416417.536446 15.381797552108765 15.200903177261353 0.1808943748474121

aggregate0 1split     1544416418.8555915 1544416419.0419328 1544416434.2290287 15.37343716621399 15.187095880508423 0.1863412857055664

fusioncenter2 1anomalies 1544416456.8551588 1544416458.421646 1544416468.8993902 12.044231414794922 10.477744102478027 1.5664873123168945

********************************************
10.244.5.80 - - [10/Dec/2018 04:34:30] "GET /recv_runtime_profile?work_node=fusioncenter1&msg=rt_finish+1anomalies+1544416469.6919014 HTTP/1.1" 200 -
Received flask message: globalfusion rt_exec 1fusion 1544416471.2662108
10.244.2.25 - - [10/Dec/2018 04:34:31] "GET /recv_runtime_profile?work_node=globalfusion&msg=rt_exec+1fusion+1544416471.2662108 HTTP/1.1" 200 -
Received flask message: globalfusion rt_finish 1fusion 1544416481.6969328
----------------------------
Worker node: globalfusion
Input file : 1fusion
Total duration time:13.57667064666748
Waiting time:3.145948648452759
globalfusion execution time:10.430721998214722
----------------------------
********************************************
Runtime profiling info:
Task_name  local_input_file Enter_time Execute_time Finish_time Elapse_time Duration_time Waiting_time 

globalfusion 1fusion    1544416468.1202621 1544416471.2662108 1544416481.6969328 13.57667064666748 10.430721998214722 3.145948648452759

astutedetector2 1merged    1544416440.1082227 1544416440.2884264 1544416455.5595918 15.451369047164917 15.271165370941162 0.18020367622375488

simpledetector0 1merged    1544416436.3136823 1544416436.325963 1544416451.3651843 15.051501989364624 15.039221286773682 0.012280702590942383

aggregate1 1split     1544416420.0621893 1544416420.0861986 1544416435.0987287 15.036539316177368 15.012530088424683 0.024009227752685547

simpledetector2 1merged    1544416438.6810207 1544416438.8609843 1544416454.060977 15.379956245422363 15.199992656707764 0.1799635887145996

astutedetector1 1merged    1544416440.6982234 1544416440.8695354 1544416456.1673923 15.469168901443481 15.29785680770874 0.1713120937347412

astutedetector0 1merged    1544416436.9224439 1544416437.1039927 1544416452.4396737 15.517229795455933 15.335680961608887 0.1815488338470459

fusioncenter0 1anomalies 1544416455.4626713 1544416455.9884543 1544416466.5384722 11.075800895690918 10.550017833709717 0.5257830619812012

fusioncenter1 1anomalies 1544416456.4375193 1544416459.158799 1544416469.6919014 13.254382133483887 10.53310251235962 2.7212796211242676

aggregate2 1split     1544416421.505535 1544416421.5189435 1544416436.5435789 15.038043975830078 15.024635314941406 0.013408660888671875

simpledetector1 1merged    1544416438.827438 1544416439.2685626 1544416454.7310703 15.903632164001465 15.462507724761963 0.44112443923950195

localpro   1botnet    1544416402.1546485 1544416402.335543 1544416417.536446 15.381797552108765 15.200903177261353 0.1808943748474121

aggregate0 1split     1544416418.8555915 1544416419.0419328 1544416434.2290287 15.37343716621399 15.187095880508423 0.1863412857055664

fusioncenter2 1anomalies 1544416456.8551588 1544416458.421646 1544416468.8993902 12.044231414794922 10.477744102478027 1.5664873123168945

********************************************
10.244.2.25 - - [10/Dec/2018 04:34:42] "GET /recv_runtime_profile?work_node=globalfusion&msg=rt_finish+1fusion+1544416481.6969328 HTTP/1.1" 200 -
/output/1global_anomalies.log created
ending time is:  [1544416485.504272]
execution time is:  [84.99379825592041]
---- Generate random input files
Received file as input - /input/2botnet.ipsum.
start time is:  [1544416400.5104737, 1544416515.6119905]
Transfer to IP: 10.106.214.235 , username: root , password: PASSWORD, source path: /input/2botnet.ipsum , destination path: /centralized_scheduler/input/2botnet.ipsum
10.106.214.235
data transfer complete

Received flask message: localpro rt_enter 2botnet 1544416517.244973
10.244.4.116 - - [10/Dec/2018 04:35:17] "GET /recv_runtime_profile?work_node=localpro&msg=rt_enter+2botnet+1544416517.244973 HTTP/1.1" 200 -
10.244.4.116 - - [10/Dec/2018 04:35:17] "GET /recv_runtime_profile?work_node=localpro&msg=rt_exec+2botnet+1544416517.4179354 HTTP/1.1" 200 -
Received flask message: localpro rt_exec 2botnet 1544416517.4179354
Recieved request for number of output files. Current done: 1
10.244.0.0 - - [10/Dec/2018 04:35:19] "GET / HTTP/1.1" 200 -
Received flask message: localpro rt_finish 2botnet 1544416532.6145356
----------------------------
Worker node: localpro
Input file : 2botnet
Total duration time:15.36956262588501
Waiting time:0.17296242713928223
localpro execution time:15.196600198745728
----------------------------
********************************************
Runtime profiling info:
Task_name  local_input_file Enter_time Execute_time Finish_time Elapse_time Duration_time Waiting_time 

globalfusion 1fusion    1544416468.1202621 1544416471.2662108 1544416481.6969328 13.57667064666748 10.430721998214722 3.145948648452759

astutedetector2 1merged    1544416440.1082227 1544416440.2884264 1544416455.5595918 15.451369047164917 15.271165370941162 0.18020367622375488

simpledetector0 1merged    1544416436.3136823 1544416436.325963 1544416451.3651843 15.051501989364624 15.039221286773682 0.012280702590942383

aggregate1 1split     1544416420.0621893 1544416420.0861986 1544416435.0987287 15.036539316177368 15.012530088424683 0.024009227752685547

simpledetector2 1merged    1544416438.6810207 1544416438.8609843 1544416454.060977 15.379956245422363 15.199992656707764 0.1799635887145996

astutedetector1 1merged    1544416440.6982234 1544416440.8695354 1544416456.1673923 15.469168901443481 15.29785680770874 0.1713120937347412

astutedetector0 1merged    1544416436.9224439 1544416437.1039927 1544416452.4396737 15.517229795455933 15.335680961608887 0.1815488338470459

localpro   2botnet    1544416517.244973 1544416517.4179354 1544416532.6145356 15.36956262588501 15.196600198745728 0.17296242713928223

fusioncenter0 1anomalies 1544416455.4626713 1544416455.9884543 1544416466.5384722 11.075800895690918 10.550017833709717 0.5257830619812012

fusioncenter1 1anomalies 1544416456.4375193 1544416459.158799 1544416469.6919014 13.254382133483887 10.53310251235962 2.7212796211242676

aggregate2 1split     1544416421.505535 1544416421.5189435 1544416436.5435789 15.038043975830078 15.024635314941406 0.013408660888671875

simpledetector1 1merged    1544416438.827438 1544416439.2685626 1544416454.7310703 15.903632164001465 15.462507724761963 0.44112443923950195

localpro   1botnet    1544416402.1546485 1544416402.335543 1544416417.536446 15.381797552108765 15.200903177261353 0.1808943748474121

aggregate0 1split     1544416418.8555915 1544416419.0419328 1544416434.2290287 15.37343716621399 15.187095880508423 0.1863412857055664

fusioncenter2 1anomalies 1544416456.8551588 1544416458.421646 1544416468.8993902 12.044231414794922 10.477744102478027 1.5664873123168945

********************************************
10.244.4.116 - - [10/Dec/2018 04:35:32] "GET /recv_runtime_profile?work_node=localpro&msg=rt_finish+2botnet+1544416532.6145356 HTTP/1.1" 200 -
Received flask message: aggregate0 rt_enter 2split 1544416533.9134667
10.244.6.103 - - [10/Dec/2018 04:35:34] "GET /recv_runtime_profile?work_node=aggregate0&msg=rt_enter+2split+1544416533.9134667 HTTP/1.1" 200 -
Received flask message: aggregate0 rt_exec 2split 1544416534.0788684
10.244.6.103 - - [10/Dec/2018 04:35:34] "GET /recv_runtime_profile?work_node=aggregate0&msg=rt_exec+2split+1544416534.0788684 HTTP/1.1" 200 -
Received flask message: aggregate1 rt_enter 2split 1544416535.1035993
10.244.3.76 - - [10/Dec/2018 04:35:35] "GET /recv_runtime_profile?msg=rt_enter+2split+1544416535.1035993&work_node=aggregate1 HTTP/1.1" 200 -
Received flask message: aggregate1 rt_exec 2split 1544416535.1111245
10.244.3.76 - - [10/Dec/2018 04:35:35] "GET /recv_runtime_profile?msg=rt_exec+2split+1544416535.1111245&work_node=aggregate1 HTTP/1.1" 200 -
Received flask message: aggregate2 rt_enter 2split 1544416536.5235004
10.244.3.78 - - [10/Dec/2018 04:35:36] "GET /recv_runtime_profile?msg=rt_enter+2split+1544416536.5235004&work_node=aggregate2 HTTP/1.1" 200 -
Received flask message: aggregate2 rt_exec 2split 1544416536.5286038
10.244.3.78 - - [10/Dec/2018 04:35:36] "GET /recv_runtime_profile?msg=rt_exec+2split+1544416536.5286038&work_node=aggregate2 HTTP/1.1" 200 -
Received flask message: aggregate0 rt_finish 2split 1544416549.264626
----------------------------
Worker node: aggregate0
Input file : 2split
Total duration time:15.35115933418274
Waiting time:0.16540169715881348
aggregate0 execution time:15.185757637023926
----------------------------
********************************************
Runtime profiling info:
Task_name  local_input_file Enter_time Execute_time Finish_time Elapse_time Duration_time Waiting_time 

aggregate0 2split     1544416533.9134667 1544416534.0788684 1544416549.264626 15.35115933418274 15.185757637023926 0.16540169715881348

globalfusion 1fusion    1544416468.1202621 1544416471.2662108 1544416481.6969328 13.57667064666748 10.430721998214722 3.145948648452759

astutedetector2 1merged    1544416440.1082227 1544416440.2884264 1544416455.5595918 15.451369047164917 15.271165370941162 0.18020367622375488

simpledetector0 1merged    1544416436.3136823 1544416436.325963 1544416451.3651843 15.051501989364624 15.039221286773682 0.012280702590942383

aggregate1 1split     1544416420.0621893 1544416420.0861986 1544416435.0987287 15.036539316177368 15.012530088424683 0.024009227752685547

simpledetector2 1merged    1544416438.6810207 1544416438.8609843 1544416454.060977 15.379956245422363 15.199992656707764 0.1799635887145996

astutedetector1 1merged    1544416440.6982234 1544416440.8695354 1544416456.1673923 15.469168901443481 15.29785680770874 0.1713120937347412

astutedetector0 1merged    1544416436.9224439 1544416437.1039927 1544416452.4396737 15.517229795455933 15.335680961608887 0.1815488338470459

localpro   2botnet    1544416517.244973 1544416517.4179354 1544416532.6145356 15.36956262588501 15.196600198745728 0.17296242713928223

fusioncenter0 1anomalies 1544416455.4626713 1544416455.9884543 1544416466.5384722 11.075800895690918 10.550017833709717 0.5257830619812012

fusioncenter1 1anomalies 1544416456.4375193 1544416459.158799 1544416469.6919014 13.254382133483887 10.53310251235962 2.7212796211242676

aggregate2 1split     1544416421.505535 1544416421.5189435 1544416436.5435789 15.038043975830078 15.024635314941406 0.013408660888671875

simpledetector1 1merged    1544416438.827438 1544416439.2685626 1544416454.7310703 15.903632164001465 15.462507724761963 0.44112443923950195

localpro   1botnet    1544416402.1546485 1544416402.335543 1544416417.536446 15.381797552108765 15.200903177261353 0.1808943748474121

aggregate0 1split     1544416418.8555915 1544416419.0419328 1544416434.2290287 15.37343716621399 15.187095880508423 0.1863412857055664

fusioncenter2 1anomalies 1544416456.8551588 1544416458.421646 1544416468.8993902 12.044231414794922 10.477744102478027 1.5664873123168945

********************************************
10.244.6.103 - - [10/Dec/2018 04:35:49] "GET /recv_runtime_profile?work_node=aggregate0&msg=rt_finish+2split+1544416549.264626 HTTP/1.1" 200 -
Received flask message: aggregate1 rt_finish 2split 1544416550.134213
----------------------------
Worker node: aggregate1
Input file : 2split
Total duration time:15.030613660812378
Waiting time:0.007525205612182617
aggregate1 execution time:15.023088455200195
----------------------------
********************************************
Runtime profiling info:
Task_name  local_input_file Enter_time Execute_time Finish_time Elapse_time Duration_time Waiting_time 

aggregate0 2split     1544416533.9134667 1544416534.0788684 1544416549.264626 15.35115933418274 15.185757637023926 0.16540169715881348

globalfusion 1fusion    1544416468.1202621 1544416471.2662108 1544416481.6969328 13.57667064666748 10.430721998214722 3.145948648452759

astutedetector2 1merged    1544416440.1082227 1544416440.2884264 1544416455.5595918 15.451369047164917 15.271165370941162 0.18020367622375488

simpledetector0 1merged    1544416436.3136823 1544416436.325963 1544416451.3651843 15.051501989364624 15.039221286773682 0.012280702590942383

aggregate1 1split     1544416420.0621893 1544416420.0861986 1544416435.0987287 15.036539316177368 15.012530088424683 0.024009227752685547

simpledetector2 1merged    1544416438.6810207 1544416438.8609843 1544416454.060977 15.379956245422363 15.199992656707764 0.1799635887145996

astutedetector1 1merged    1544416440.6982234 1544416440.8695354 1544416456.1673923 15.469168901443481 15.29785680770874 0.1713120937347412

astutedetector0 1merged    1544416436.9224439 1544416437.1039927 1544416452.4396737 15.517229795455933 15.335680961608887 0.1815488338470459

localpro   2botnet    1544416517.244973 1544416517.4179354 1544416532.6145356 15.36956262588501 15.196600198745728 0.17296242713928223

fusioncenter0 1anomalies 1544416455.4626713 1544416455.9884543 1544416466.5384722 11.075800895690918 10.550017833709717 0.5257830619812012

fusioncenter1 1anomalies 1544416456.4375193 1544416459.158799 1544416469.6919014 13.254382133483887 10.53310251235962 2.7212796211242676

aggregate1 2split     1544416535.1035993 1544416535.1111245 1544416550.134213 15.030613660812378 15.023088455200195 0.007525205612182617

aggregate2 1split     1544416421.505535 1544416421.5189435 1544416436.5435789 15.038043975830078 15.024635314941406 0.013408660888671875

simpledetector1 1merged    1544416438.827438 1544416439.2685626 1544416454.7310703 15.903632164001465 15.462507724761963 0.44112443923950195

localpro   1botnet    1544416402.1546485 1544416402.335543 1544416417.536446 15.381797552108765 15.200903177261353 0.1808943748474121

aggregate0 1split     1544416418.8555915 1544416419.0419328 1544416434.2290287 15.37343716621399 15.187095880508423 0.1863412857055664

fusioncenter2 1anomalies 1544416456.8551588 1544416458.421646 1544416468.8993902 12.044231414794922 10.477744102478027 1.5664873123168945

********************************************
10.244.3.76 - - [10/Dec/2018 04:35:50] "GET /recv_runtime_profile?msg=rt_finish+2split+1544416550.134213&work_node=aggregate1 HTTP/1.1" 200 -
Received flask message: simpledetector0 rt_enter 2merged 1544416551.3440952
10.244.3.77 - - [10/Dec/2018 04:35:51] "GET /recv_runtime_profile?work_node=simpledetector0&msg=rt_enter+2merged+1544416551.3440952 HTTP/1.1" 200 -
Received flask message: simpledetector0 rt_exec 2merged 1544416551.3500626
10.244.3.77 - - [10/Dec/2018 04:35:51] "GET /recv_runtime_profile?work_node=simpledetector0&msg=rt_exec+2merged+1544416551.3500626 HTTP/1.1" 200 -
Received flask message: aggregate2 rt_finish 2split 1544416551.5509908
----------------------------
Worker node: aggregate2
Input file : 2split
Total duration time:15.027490377426147
Waiting time:0.005103349685668945
aggregate2 execution time:15.022387027740479
----------------------------
********************************************
Runtime profiling info:
Task_name  local_input_file Enter_time Execute_time Finish_time Elapse_time Duration_time Waiting_time 

aggregate0 2split     1544416533.9134667 1544416534.0788684 1544416549.264626 15.35115933418274 15.185757637023926 0.16540169715881348

globalfusion 1fusion    1544416468.1202621 1544416471.2662108 1544416481.6969328 13.57667064666748 10.430721998214722 3.145948648452759

astutedetector2 1merged    1544416440.1082227 1544416440.2884264 1544416455.5595918 15.451369047164917 15.271165370941162 0.18020367622375488

aggregate2 2split     1544416536.5235004 1544416536.5286038 1544416551.5509908 15.027490377426147 15.022387027740479 0.005103349685668945

simpledetector0 1merged    1544416436.3136823 1544416436.325963 1544416451.3651843 15.051501989364624 15.039221286773682 0.012280702590942383

aggregate1 1split     1544416420.0621893 1544416420.0861986 1544416435.0987287 15.036539316177368 15.012530088424683 0.024009227752685547

simpledetector2 1merged    1544416438.6810207 1544416438.8609843 1544416454.060977 15.379956245422363 15.199992656707764 0.1799635887145996

astutedetector1 1merged    1544416440.6982234 1544416440.8695354 1544416456.1673923 15.469168901443481 15.29785680770874 0.1713120937347412

astutedetector0 1merged    1544416436.9224439 1544416437.1039927 1544416452.4396737 15.517229795455933 15.335680961608887 0.1815488338470459

localpro   2botnet    1544416517.244973 1544416517.4179354 1544416532.6145356 15.36956262588501 15.196600198745728 0.17296242713928223

fusioncenter0 1anomalies 1544416455.4626713 1544416455.9884543 1544416466.5384722 11.075800895690918 10.550017833709717 0.5257830619812012

fusioncenter1 1anomalies 1544416456.4375193 1544416459.158799 1544416469.6919014 13.254382133483887 10.53310251235962 2.7212796211242676

aggregate1 2split     1544416535.1035993 1544416535.1111245 1544416550.134213 15.030613660812378 15.023088455200195 0.007525205612182617

aggregate2 1split     1544416421.505535 1544416421.5189435 1544416436.5435789 15.038043975830078 15.024635314941406 0.013408660888671875

simpledetector1 1merged    1544416438.827438 1544416439.2685626 1544416454.7310703 15.903632164001465 15.462507724761963 0.44112443923950195

localpro   1botnet    1544416402.1546485 1544416402.335543 1544416417.536446 15.381797552108765 15.200903177261353 0.1808943748474121

aggregate0 1split     1544416418.8555915 1544416419.0419328 1544416434.2290287 15.37343716621399 15.187095880508423 0.1863412857055664

fusioncenter2 1anomalies 1544416456.8551588 1544416458.421646 1544416468.8993902 12.044231414794922 10.477744102478027 1.5664873123168945

********************************************
10.244.3.78 - - [10/Dec/2018 04:35:51] "GET /recv_runtime_profile?msg=rt_finish+2split+1544416551.5509908&work_node=aggregate2 HTTP/1.1" 200 -
Received flask message: astutedetector0 rt_enter 2merged 1544416552.0148826
10.244.4.118 - - [10/Dec/2018 04:35:52] "GET /recv_runtime_profile?work_node=astutedetector0&msg=rt_enter+2merged+1544416552.0148826 HTTP/1.1" 200 -
10.244.4.118 - - [10/Dec/2018 04:35:52] "GET /recv_runtime_profile?work_node=astutedetector0&msg=rt_exec+2merged+1544416552.1914098 HTTP/1.1" 200 -
Received flask message: astutedetector0 rt_exec 2merged 1544416552.1914098
Received flask message: simpledetector2 rt_enter 2merged 1544416553.6790166
10.244.4.119 - - [10/Dec/2018 04:35:53] "GET /recv_runtime_profile?msg=rt_enter+2merged+1544416553.6790166&work_node=simpledetector2 HTTP/1.1" 200 -
Received flask message: simpledetector2 rt_exec 2merged 1544416553.852149
10.244.4.119 - - [10/Dec/2018 04:35:53] "GET /recv_runtime_profile?msg=rt_exec+2merged+1544416553.852149&work_node=simpledetector2 HTTP/1.1" 200 -
Received flask message: simpledetector1 rt_enter 2merged 1544416553.7831724
10.244.2.23 - - [10/Dec/2018 04:35:54] "GET /recv_runtime_profile?msg=rt_enter+2merged+1544416553.7831724&work_node=simpledetector1 HTTP/1.1" 200 -
Received flask message: simpledetector1 rt_exec 2merged 1544416554.2372725
10.244.2.23 - - [10/Dec/2018 04:35:54] "GET /recv_runtime_profile?msg=rt_exec+2merged+1544416554.2372725&work_node=simpledetector1 HTTP/1.1" 200 -
Received flask message: astutedetector2 rt_enter 2merged 1544416555.1033602
10.244.4.117 - - [10/Dec/2018 04:35:55] "GET /recv_runtime_profile?work_node=astutedetector2&msg=rt_enter+2merged+1544416555.1033602 HTTP/1.1" 200 -
Received flask message: astutedetector2 rt_exec 2merged 1544416555.2755017
10.244.4.117 - - [10/Dec/2018 04:35:55] "GET /recv_runtime_profile?work_node=astutedetector2&msg=rt_exec+2merged+1544416555.2755017 HTTP/1.1" 200 -
Received flask message: astutedetector1 rt_enter 2merged 1544416555.6409292
10.244.6.104 - - [10/Dec/2018 04:35:55] "GET /recv_runtime_profile?msg=rt_enter+2merged+1544416555.6409292&work_node=astutedetector1 HTTP/1.1" 200 -
Received flask message: astutedetector1 rt_exec 2merged 1544416555.804082
10.244.6.104 - - [10/Dec/2018 04:35:55] "GET /recv_runtime_profile?msg=rt_exec+2merged+1544416555.804082&work_node=astutedetector1 HTTP/1.1" 200 -
Received flask message: simpledetector0 rt_finish 2merged 1544416566.3874316
----------------------------
Worker node: simpledetector0
Input file : 2merged
Total duration time:15.043336391448975
Waiting time:0.005967378616333008
simpledetector0 execution time:15.037369012832642
----------------------------
********************************************
Runtime profiling info:
Task_name  local_input_file Enter_time Execute_time Finish_time Elapse_time Duration_time Waiting_time 

aggregate0 2split     1544416533.9134667 1544416534.0788684 1544416549.264626 15.35115933418274 15.185757637023926 0.16540169715881348

globalfusion 1fusion    1544416468.1202621 1544416471.2662108 1544416481.6969328 13.57667064666748 10.430721998214722 3.145948648452759

astutedetector2 1merged    1544416440.1082227 1544416440.2884264 1544416455.5595918 15.451369047164917 15.271165370941162 0.18020367622375488

aggregate2 2split     1544416536.5235004 1544416536.5286038 1544416551.5509908 15.027490377426147 15.022387027740479 0.005103349685668945

aggregate1 1split     1544416420.0621893 1544416420.0861986 1544416435.0987287 15.036539316177368 15.012530088424683 0.024009227752685547

simpledetector1 1merged    1544416438.827438 1544416439.2685626 1544416454.7310703 15.903632164001465 15.462507724761963 0.44112443923950195

fusioncenter0 1anomalies 1544416455.4626713 1544416455.9884543 1544416466.5384722 11.075800895690918 10.550017833709717 0.5257830619812012

fusioncenter1 1anomalies 1544416456.4375193 1544416459.158799 1544416469.6919014 13.254382133483887 10.53310251235962 2.7212796211242676

aggregate2 1split     1544416421.505535 1544416421.5189435 1544416436.5435789 15.038043975830078 15.024635314941406 0.013408660888671875

aggregate0 1split     1544416418.8555915 1544416419.0419328 1544416434.2290287 15.37343716621399 15.187095880508423 0.1863412857055664

simpledetector0 2merged    1544416551.3440952 1544416551.3500626 1544416566.3874316 15.043336391448975 15.037369012832642 0.005967378616333008

simpledetector0 1merged    1544416436.3136823 1544416436.325963 1544416451.3651843 15.051501989364624 15.039221286773682 0.012280702590942383

simpledetector2 1merged    1544416438.6810207 1544416438.8609843 1544416454.060977 15.379956245422363 15.199992656707764 0.1799635887145996

astutedetector0 1merged    1544416436.9224439 1544416437.1039927 1544416452.4396737 15.517229795455933 15.335680961608887 0.1815488338470459

localpro   2botnet    1544416517.244973 1544416517.4179354 1544416532.6145356 15.36956262588501 15.196600198745728 0.17296242713928223

aggregate1 2split     1544416535.1035993 1544416535.1111245 1544416550.134213 15.030613660812378 15.023088455200195 0.007525205612182617

astutedetector1 1merged    1544416440.6982234 1544416440.8695354 1544416456.1673923 15.469168901443481 15.29785680770874 0.1713120937347412

localpro   1botnet    1544416402.1546485 1544416402.335543 1544416417.536446 15.381797552108765 15.200903177261353 0.1808943748474121

fusioncenter2 1anomalies 1544416456.8551588 1544416458.421646 1544416468.8993902 12.044231414794922 10.477744102478027 1.5664873123168945

********************************************
10.244.3.77 - - [10/Dec/2018 04:36:06] "GET /recv_runtime_profile?work_node=simpledetector0&msg=rt_finish+2merged+1544416566.3874316 HTTP/1.1" 200 -
Received flask message: astutedetector0 rt_finish 2merged 1544416567.5126357
----------------------------
Worker node: astutedetector0
Input file : 2merged
Total duration time:15.497753143310547
Waiting time:0.1765272617340088
astutedetector0 execution time:15.321225881576538
----------------------------
********************************************
Runtime profiling info:
Task_name  local_input_file Enter_time Execute_time Finish_time Elapse_time Duration_time Waiting_time 

aggregate0 2split     1544416533.9134667 1544416534.0788684 1544416549.264626 15.35115933418274 15.185757637023926 0.16540169715881348

globalfusion 1fusion    1544416468.1202621 1544416471.2662108 1544416481.6969328 13.57667064666748 10.430721998214722 3.145948648452759

astutedetector2 1merged    1544416440.1082227 1544416440.2884264 1544416455.5595918 15.451369047164917 15.271165370941162 0.18020367622375488

aggregate2 2split     1544416536.5235004 1544416536.5286038 1544416551.5509908 15.027490377426147 15.022387027740479 0.005103349685668945

aggregate1 1split     1544416420.0621893 1544416420.0861986 1544416435.0987287 15.036539316177368 15.012530088424683 0.024009227752685547

simpledetector1 1merged    1544416438.827438 1544416439.2685626 1544416454.7310703 15.903632164001465 15.462507724761963 0.44112443923950195

fusioncenter0 1anomalies 1544416455.4626713 1544416455.9884543 1544416466.5384722 11.075800895690918 10.550017833709717 0.5257830619812012

fusioncenter1 1anomalies 1544416456.4375193 1544416459.158799 1544416469.6919014 13.254382133483887 10.53310251235962 2.7212796211242676

astutedetector0 2merged    1544416552.0148826 1544416552.1914098 1544416567.5126357 15.497753143310547 15.321225881576538 0.1765272617340088

aggregate2 1split     1544416421.505535 1544416421.5189435 1544416436.5435789 15.038043975830078 15.024635314941406 0.013408660888671875

aggregate0 1split     1544416418.8555915 1544416419.0419328 1544416434.2290287 15.37343716621399 15.187095880508423 0.1863412857055664

simpledetector0 2merged    1544416551.3440952 1544416551.3500626 1544416566.3874316 15.043336391448975 15.037369012832642 0.005967378616333008

simpledetector0 1merged    1544416436.3136823 1544416436.325963 1544416451.3651843 15.051501989364624 15.039221286773682 0.012280702590942383

simpledetector2 1merged    1544416438.6810207 1544416438.8609843 1544416454.060977 15.379956245422363 15.199992656707764 0.1799635887145996

astutedetector0 1merged    1544416436.9224439 1544416437.1039927 1544416452.4396737 15.517229795455933 15.335680961608887 0.1815488338470459

localpro   2botnet    1544416517.244973 1544416517.4179354 1544416532.6145356 15.36956262588501 15.196600198745728 0.17296242713928223

aggregate1 2split     1544416535.1035993 1544416535.1111245 1544416550.134213 15.030613660812378 15.023088455200195 0.007525205612182617

astutedetector1 1merged    1544416440.6982234 1544416440.8695354 1544416456.1673923 15.469168901443481 15.29785680770874 0.1713120937347412

localpro   1botnet    1544416402.1546485 1544416402.335543 1544416417.536446 15.381797552108765 15.200903177261353 0.1808943748474121

fusioncenter2 1anomalies 1544416456.8551588 1544416458.421646 1544416468.8993902 12.044231414794922 10.477744102478027 1.5664873123168945

********************************************
10.244.4.118 - - [10/Dec/2018 04:36:07] "GET /recv_runtime_profile?work_node=astutedetector0&msg=rt_finish+2merged+1544416567.5126357 HTTP/1.1" 200 -
Received flask message: simpledetector2 rt_finish 2merged 1544416569.0476148
----------------------------
Worker node: simpledetector2
Input file : 2merged
Total duration time:15.368598222732544
Waiting time:0.17313241958618164
simpledetector2 execution time:15.195465803146362
----------------------------
********************************************
Runtime profiling info:
Task_name  local_input_file Enter_time Execute_time Finish_time Elapse_time Duration_time Waiting_time 

aggregate0 2split     1544416533.9134667 1544416534.0788684 1544416549.264626 15.35115933418274 15.185757637023926 0.16540169715881348

globalfusion 1fusion    1544416468.1202621 1544416471.2662108 1544416481.6969328 13.57667064666748 10.430721998214722 3.145948648452759

astutedetector2 1merged    1544416440.1082227 1544416440.2884264 1544416455.5595918 15.451369047164917 15.271165370941162 0.18020367622375488

aggregate2 2split     1544416536.5235004 1544416536.5286038 1544416551.5509908 15.027490377426147 15.022387027740479 0.005103349685668945

aggregate1 1split     1544416420.0621893 1544416420.0861986 1544416435.0987287 15.036539316177368 15.012530088424683 0.024009227752685547

simpledetector1 1merged    1544416438.827438 1544416439.2685626 1544416454.7310703 15.903632164001465 15.462507724761963 0.44112443923950195

fusioncenter0 1anomalies 1544416455.4626713 1544416455.9884543 1544416466.5384722 11.075800895690918 10.550017833709717 0.5257830619812012

simpledetector2 2merged    1544416553.6790166 1544416553.852149 1544416569.0476148 15.368598222732544 15.195465803146362 0.17313241958618164

fusioncenter1 1anomalies 1544416456.4375193 1544416459.158799 1544416469.6919014 13.254382133483887 10.53310251235962 2.7212796211242676

astutedetector0 2merged    1544416552.0148826 1544416552.1914098 1544416567.5126357 15.497753143310547 15.321225881576538 0.1765272617340088

aggregate2 1split     1544416421.505535 1544416421.5189435 1544416436.5435789 15.038043975830078 15.024635314941406 0.013408660888671875

aggregate0 1split     1544416418.8555915 1544416419.0419328 1544416434.2290287 15.37343716621399 15.187095880508423 0.1863412857055664

simpledetector0 2merged    1544416551.3440952 1544416551.3500626 1544416566.3874316 15.043336391448975 15.037369012832642 0.005967378616333008

simpledetector0 1merged    1544416436.3136823 1544416436.325963 1544416451.3651843 15.051501989364624 15.039221286773682 0.012280702590942383

simpledetector2 1merged    1544416438.6810207 1544416438.8609843 1544416454.060977 15.379956245422363 15.199992656707764 0.1799635887145996

astutedetector0 1merged    1544416436.9224439 1544416437.1039927 1544416452.4396737 15.517229795455933 15.335680961608887 0.1815488338470459

localpro   2botnet    1544416517.244973 1544416517.4179354 1544416532.6145356 15.36956262588501 15.196600198745728 0.17296242713928223

aggregate1 2split     1544416535.1035993 1544416535.1111245 1544416550.134213 15.030613660812378 15.023088455200195 0.007525205612182617

astutedetector1 1merged    1544416440.6982234 1544416440.8695354 1544416456.1673923 15.469168901443481 15.29785680770874 0.1713120937347412

localpro   1botnet    1544416402.1546485 1544416402.335543 1544416417.536446 15.381797552108765 15.200903177261353 0.1808943748474121

fusioncenter2 1anomalies 1544416456.8551588 1544416458.421646 1544416468.8993902 12.044231414794922 10.477744102478027 1.5664873123168945

********************************************
10.244.4.119 - - [10/Dec/2018 04:36:09] "GET /recv_runtime_profile?msg=rt_finish+2merged+1544416569.0476148&work_node=simpledetector2 HTTP/1.1" 200 -
Received flask message: simpledetector1 rt_finish 2merged 1544416569.7091746
----------------------------
Worker node: simpledetector1
Input file : 2merged
Total duration time:15.926002264022827
Waiting time:0.4541001319885254
simpledetector1 execution time:15.471902132034302
----------------------------
********************************************
Runtime profiling info:
Task_name  local_input_file Enter_time Execute_time Finish_time Elapse_time Duration_time Waiting_time 

aggregate0 2split     1544416533.9134667 1544416534.0788684 1544416549.264626 15.35115933418274 15.185757637023926 0.16540169715881348

globalfusion 1fusion    1544416468.1202621 1544416471.2662108 1544416481.6969328 13.57667064666748 10.430721998214722 3.145948648452759

astutedetector2 1merged    1544416440.1082227 1544416440.2884264 1544416455.5595918 15.451369047164917 15.271165370941162 0.18020367622375488

aggregate2 2split     1544416536.5235004 1544416536.5286038 1544416551.5509908 15.027490377426147 15.022387027740479 0.005103349685668945

aggregate1 1split     1544416420.0621893 1544416420.0861986 1544416435.0987287 15.036539316177368 15.012530088424683 0.024009227752685547

simpledetector1 1merged    1544416438.827438 1544416439.2685626 1544416454.7310703 15.903632164001465 15.462507724761963 0.44112443923950195

fusioncenter0 1anomalies 1544416455.4626713 1544416455.9884543 1544416466.5384722 11.075800895690918 10.550017833709717 0.5257830619812012

simpledetector2 2merged    1544416553.6790166 1544416553.852149 1544416569.0476148 15.368598222732544 15.195465803146362 0.17313241958618164

fusioncenter1 1anomalies 1544416456.4375193 1544416459.158799 1544416469.6919014 13.254382133483887 10.53310251235962 2.7212796211242676

astutedetector0 2merged    1544416552.0148826 1544416552.1914098 1544416567.5126357 15.497753143310547 15.321225881576538 0.1765272617340088

aggregate2 1split     1544416421.505535 1544416421.5189435 1544416436.5435789 15.038043975830078 15.024635314941406 0.013408660888671875

aggregate0 1split     1544416418.8555915 1544416419.0419328 1544416434.2290287 15.37343716621399 15.187095880508423 0.1863412857055664

simpledetector0 2merged    1544416551.3440952 1544416551.3500626 1544416566.3874316 15.043336391448975 15.037369012832642 0.005967378616333008

simpledetector0 1merged    1544416436.3136823 1544416436.325963 1544416451.3651843 15.051501989364624 15.039221286773682 0.012280702590942383

simpledetector2 1merged    1544416438.6810207 1544416438.8609843 1544416454.060977 15.379956245422363 15.199992656707764 0.1799635887145996

astutedetector0 1merged    1544416436.9224439 1544416437.1039927 1544416452.4396737 15.517229795455933 15.335680961608887 0.1815488338470459

localpro   2botnet    1544416517.244973 1544416517.4179354 1544416532.6145356 15.36956262588501 15.196600198745728 0.17296242713928223

aggregate1 2split     1544416535.1035993 1544416535.1111245 1544416550.134213 15.030613660812378 15.023088455200195 0.007525205612182617

astutedetector1 1merged    1544416440.6982234 1544416440.8695354 1544416456.1673923 15.469168901443481 15.29785680770874 0.1713120937347412

localpro   1botnet    1544416402.1546485 1544416402.335543 1544416417.536446 15.381797552108765 15.200903177261353 0.1808943748474121

fusioncenter2 1anomalies 1544416456.8551588 1544416458.421646 1544416468.8993902 12.044231414794922 10.477744102478027 1.5664873123168945

simpledetector1 2merged    1544416553.7831724 1544416554.2372725 1544416569.7091746 15.926002264022827 15.471902132034302 0.4541001319885254

********************************************
10.244.2.23 - - [10/Dec/2018 04:36:10] "GET /recv_runtime_profile?msg=rt_finish+2merged+1544416569.7091746&work_node=simpledetector1 HTTP/1.1" 200 -
Received flask message: astutedetector2 rt_finish 2merged 1544416570.5611799
----------------------------
Worker node: astutedetector2
Input file : 2merged
Total duration time:15.457819700241089
Waiting time:0.17214155197143555
astutedetector2 execution time:15.285678148269653
----------------------------
********************************************
Runtime profiling info:
Task_name  local_input_file Enter_time Execute_time Finish_time Elapse_time Duration_time Waiting_time 

aggregate0 2split     1544416533.9134667 1544416534.0788684 1544416549.264626 15.35115933418274 15.185757637023926 0.16540169715881348

globalfusion 1fusion    1544416468.1202621 1544416471.2662108 1544416481.6969328 13.57667064666748 10.430721998214722 3.145948648452759

astutedetector2 1merged    1544416440.1082227 1544416440.2884264 1544416455.5595918 15.451369047164917 15.271165370941162 0.18020367622375488

aggregate2 2split     1544416536.5235004 1544416536.5286038 1544416551.5509908 15.027490377426147 15.022387027740479 0.005103349685668945

aggregate1 1split     1544416420.0621893 1544416420.0861986 1544416435.0987287 15.036539316177368 15.012530088424683 0.024009227752685547

simpledetector1 1merged    1544416438.827438 1544416439.2685626 1544416454.7310703 15.903632164001465 15.462507724761963 0.44112443923950195

fusioncenter0 1anomalies 1544416455.4626713 1544416455.9884543 1544416466.5384722 11.075800895690918 10.550017833709717 0.5257830619812012

simpledetector2 2merged    1544416553.6790166 1544416553.852149 1544416569.0476148 15.368598222732544 15.195465803146362 0.17313241958618164

fusioncenter1 1anomalies 1544416456.4375193 1544416459.158799 1544416469.6919014 13.254382133483887 10.53310251235962 2.7212796211242676

astutedetector0 2merged    1544416552.0148826 1544416552.1914098 1544416567.5126357 15.497753143310547 15.321225881576538 0.1765272617340088

aggregate2 1split     1544416421.505535 1544416421.5189435 1544416436.5435789 15.038043975830078 15.024635314941406 0.013408660888671875

aggregate0 1split     1544416418.8555915 1544416419.0419328 1544416434.2290287 15.37343716621399 15.187095880508423 0.1863412857055664

astutedetector2 2merged    1544416555.1033602 1544416555.2755017 1544416570.5611799 15.457819700241089 15.285678148269653 0.17214155197143555

simpledetector0 2merged    1544416551.3440952 1544416551.3500626 1544416566.3874316 15.043336391448975 15.037369012832642 0.005967378616333008

simpledetector0 1merged    1544416436.3136823 1544416436.325963 1544416451.3651843 15.051501989364624 15.039221286773682 0.012280702590942383

simpledetector2 1merged    1544416438.6810207 1544416438.8609843 1544416454.060977 15.379956245422363 15.199992656707764 0.1799635887145996

astutedetector0 1merged    1544416436.9224439 1544416437.1039927 1544416452.4396737 15.517229795455933 15.335680961608887 0.1815488338470459

localpro   2botnet    1544416517.244973 1544416517.4179354 1544416532.6145356 15.36956262588501 15.196600198745728 0.17296242713928223

aggregate1 2split     1544416535.1035993 1544416535.1111245 1544416550.134213 15.030613660812378 15.023088455200195 0.007525205612182617

astutedetector1 1merged    1544416440.6982234 1544416440.8695354 1544416456.1673923 15.469168901443481 15.29785680770874 0.1713120937347412

localpro   1botnet    1544416402.1546485 1544416402.335543 1544416417.536446 15.381797552108765 15.200903177261353 0.1808943748474121

fusioncenter2 1anomalies 1544416456.8551588 1544416458.421646 1544416468.8993902 12.044231414794922 10.477744102478027 1.5664873123168945

simpledetector1 2merged    1544416553.7831724 1544416554.2372725 1544416569.7091746 15.926002264022827 15.471902132034302 0.4541001319885254

********************************************
10.244.4.117 - - [10/Dec/2018 04:36:10] "GET /recv_runtime_profile?work_node=astutedetector2&msg=rt_finish+2merged+1544416570.5611799 HTTP/1.1" 200 -
Received flask message: fusioncenter0 rt_enter 2anomalies 1544416570.5139441
10.244.5.79 - - [10/Dec/2018 04:36:10] "GET /recv_runtime_profile?msg=rt_enter+2anomalies+1544416570.5139441&work_node=fusioncenter0 HTTP/1.1" 200 -
Received flask message: astutedetector1 rt_finish 2merged 1544416571.1359823
----------------------------
10.244.6.104 - - [10/Dec/2018 04:36:11] "GET /recv_runtime_profile?msg=rt_finish+2merged+1544416571.1359823&work_node=astutedetector1 HTTP/1.1" 200 -
Worker node: astutedetector1
Input file : 2merged
Total duration time:15.495053052902222
Waiting time:0.16315269470214844
astutedetector1 execution time:15.331900358200073
----------------------------
********************************************
Runtime profiling info:
Task_name  local_input_file Enter_time Execute_time Finish_time Elapse_time Duration_time Waiting_time 

aggregate0 2split     1544416533.9134667 1544416534.0788684 1544416549.264626 15.35115933418274 15.185757637023926 0.16540169715881348

globalfusion 1fusion    1544416468.1202621 1544416471.2662108 1544416481.6969328 13.57667064666748 10.430721998214722 3.145948648452759

astutedetector2 1merged    1544416440.1082227 1544416440.2884264 1544416455.5595918 15.451369047164917 15.271165370941162 0.18020367622375488

aggregate2 2split     1544416536.5235004 1544416536.5286038 1544416551.5509908 15.027490377426147 15.022387027740479 0.005103349685668945

aggregate1 1split     1544416420.0621893 1544416420.0861986 1544416435.0987287 15.036539316177368 15.012530088424683 0.024009227752685547

simpledetector1 1merged    1544416438.827438 1544416439.2685626 1544416454.7310703 15.903632164001465 15.462507724761963 0.44112443923950195

fusioncenter0 1anomalies 1544416455.4626713 1544416455.9884543 1544416466.5384722 11.075800895690918 10.550017833709717 0.5257830619812012

simpledetector2 2merged    1544416553.6790166 1544416553.852149 1544416569.0476148 15.368598222732544 15.195465803146362 0.17313241958618164

fusioncenter1 1anomalies 1544416456.4375193 1544416459.158799 1544416469.6919014 13.254382133483887 10.53310251235962 2.7212796211242676

astutedetector0 2merged    1544416552.0148826 1544416552.1914098 1544416567.5126357 15.497753143310547 15.321225881576538 0.1765272617340088

aggregate2 1split     1544416421.505535 1544416421.5189435 1544416436.5435789 15.038043975830078 15.024635314941406 0.013408660888671875

aggregate0 1split     1544416418.8555915 1544416419.0419328 1544416434.2290287 15.37343716621399 15.187095880508423 0.1863412857055664

astutedetector2 2merged    1544416555.1033602 1544416555.2755017 1544416570.5611799 15.457819700241089 15.285678148269653 0.17214155197143555

simpledetector0 2merged    1544416551.3440952 1544416551.3500626 1544416566.3874316 15.043336391448975 15.037369012832642 0.005967378616333008

astutedetector1 2merged    1544416555.6409292 1544416555.804082 1544416571.1359823 15.495053052902222 15.331900358200073 0.16315269470214844

simpledetector0 1merged    1544416436.3136823 1544416436.325963 1544416451.3651843 15.051501989364624 15.039221286773682 0.012280702590942383

simpledetector2 1merged    1544416438.6810207 1544416438.8609843 1544416454.060977 15.379956245422363 15.199992656707764 0.1799635887145996

astutedetector0 1merged    1544416436.9224439 1544416437.1039927 1544416452.4396737 15.517229795455933 15.335680961608887 0.1815488338470459

localpro   2botnet    1544416517.244973 1544416517.4179354 1544416532.6145356 15.36956262588501 15.196600198745728 0.17296242713928223

aggregate1 2split     1544416535.1035993 1544416535.1111245 1544416550.134213 15.030613660812378 15.023088455200195 0.007525205612182617

astutedetector1 1merged    1544416440.6982234 1544416440.8695354 1544416456.1673923 15.469168901443481 15.29785680770874 0.1713120937347412

localpro   1botnet    1544416402.1546485 1544416402.335543 1544416417.536446 15.381797552108765 15.200903177261353 0.1808943748474121

fusioncenter2 1anomalies 1544416456.8551588 1544416458.421646 1544416468.8993902 12.044231414794922 10.477744102478027 1.5664873123168945

simpledetector1 2merged    1544416553.7831724 1544416554.2372725 1544416569.7091746 15.926002264022827 15.471902132034302 0.4541001319885254

********************************************
Received flask message: fusioncenter0 rt_exec 2anomalies 1544416571.081418
10.244.5.79 - - [10/Dec/2018 04:36:11] "GET /recv_runtime_profile?msg=rt_exec+2anomalies+1544416571.081418&work_node=fusioncenter0 HTTP/1.1" 200 -
Received flask message: fusioncenter1 rt_enter 2anomalies 1544416571.387018
10.244.5.80 - - [10/Dec/2018 04:36:11] "GET /recv_runtime_profile?work_node=fusioncenter1&msg=rt_enter+2anomalies+1544416571.387018 HTTP/1.1" 200 -
10.244.2.24 - - [10/Dec/2018 04:36:12] "GET /recv_runtime_profile?work_node=fusioncenter2&msg=rt_enter+2anomalies+1544416571.751851 HTTP/1.1" 200 -
Received flask message: fusioncenter2 rt_enter 2anomalies 1544416571.751851
Received flask message: fusioncenter2 rt_exec 2anomalies 1544416573.3820155
10.244.2.24 - - [10/Dec/2018 04:36:13] "GET /recv_runtime_profile?work_node=fusioncenter2&msg=rt_exec+2anomalies+1544416573.3820155 HTTP/1.1" 200 -
Received flask message: fusioncenter1 rt_exec 2anomalies 1544416574.1732955
10.244.5.80 - - [10/Dec/2018 04:36:14] "GET /recv_runtime_profile?work_node=fusioncenter1&msg=rt_exec+2anomalies+1544416574.1732955 HTTP/1.1" 200 -
Recieved request for number of output files. Current done: 1
10.244.0.0 - - [10/Dec/2018 04:36:20] "GET / HTTP/1.1" 200 -
Received flask message: fusioncenter0 rt_finish 2anomalies 1544416581.638019
----------------------------
Worker node: fusioncenter0
Input file : 2anomalies
Total duration time:11.124074935913086
Waiting time:0.5674738883972168
fusioncenter0 execution time:10.55660104751587
----------------------------
********************************************
Runtime profiling info:
Task_name  local_input_file Enter_time Execute_time Finish_time Elapse_time Duration_time Waiting_time 

aggregate0 2split     1544416533.9134667 1544416534.0788684 1544416549.264626 15.35115933418274 15.185757637023926 0.16540169715881348

globalfusion 1fusion    1544416468.1202621 1544416471.2662108 1544416481.6969328 13.57667064666748 10.430721998214722 3.145948648452759

astutedetector2 1merged    1544416440.1082227 1544416440.2884264 1544416455.5595918 15.451369047164917 15.271165370941162 0.18020367622375488

aggregate2 2split     1544416536.5235004 1544416536.5286038 1544416551.5509908 15.027490377426147 15.022387027740479 0.005103349685668945

fusioncenter0 2anomalies 1544416570.5139441 1544416571.081418 1544416581.638019 11.124074935913086 10.55660104751587 0.5674738883972168

aggregate1 1split     1544416420.0621893 1544416420.0861986 1544416435.0987287 15.036539316177368 15.012530088424683 0.024009227752685547

simpledetector1 1merged    1544416438.827438 1544416439.2685626 1544416454.7310703 15.903632164001465 15.462507724761963 0.44112443923950195

fusioncenter0 1anomalies 1544416455.4626713 1544416455.9884543 1544416466.5384722 11.075800895690918 10.550017833709717 0.5257830619812012

simpledetector2 2merged    1544416553.6790166 1544416553.852149 1544416569.0476148 15.368598222732544 15.195465803146362 0.17313241958618164

fusioncenter1 1anomalies 1544416456.4375193 1544416459.158799 1544416469.6919014 13.254382133483887 10.53310251235962 2.7212796211242676

astutedetector0 2merged    1544416552.0148826 1544416552.1914098 1544416567.5126357 15.497753143310547 15.321225881576538 0.1765272617340088

aggregate2 1split     1544416421.505535 1544416421.5189435 1544416436.5435789 15.038043975830078 15.024635314941406 0.013408660888671875

aggregate0 1split     1544416418.8555915 1544416419.0419328 1544416434.2290287 15.37343716621399 15.187095880508423 0.1863412857055664

astutedetector2 2merged    1544416555.1033602 1544416555.2755017 1544416570.5611799 15.457819700241089 15.285678148269653 0.17214155197143555

simpledetector0 2merged    1544416551.3440952 1544416551.3500626 1544416566.3874316 15.043336391448975 15.037369012832642 0.005967378616333008

astutedetector1 2merged    1544416555.6409292 1544416555.804082 1544416571.1359823 15.495053052902222 15.331900358200073 0.16315269470214844

simpledetector0 1merged    1544416436.3136823 1544416436.325963 1544416451.3651843 15.051501989364624 15.039221286773682 0.012280702590942383

simpledetector2 1merged    1544416438.6810207 1544416438.8609843 1544416454.060977 15.379956245422363 15.199992656707764 0.1799635887145996

astutedetector0 1merged    1544416436.9224439 1544416437.1039927 1544416452.4396737 15.517229795455933 15.335680961608887 0.1815488338470459

localpro   2botnet    1544416517.244973 1544416517.4179354 1544416532.6145356 15.36956262588501 15.196600198745728 0.17296242713928223

aggregate1 2split     1544416535.1035993 1544416535.1111245 1544416550.134213 15.030613660812378 15.023088455200195 0.007525205612182617

astutedetector1 1merged    1544416440.6982234 1544416440.8695354 1544416456.1673923 15.469168901443481 15.29785680770874 0.1713120937347412

localpro   1botnet    1544416402.1546485 1544416402.335543 1544416417.536446 15.381797552108765 15.200903177261353 0.1808943748474121

fusioncenter2 1anomalies 1544416456.8551588 1544416458.421646 1544416468.8993902 12.044231414794922 10.477744102478027 1.5664873123168945

simpledetector1 2merged    1544416553.7831724 1544416554.2372725 1544416569.7091746 15.926002264022827 15.471902132034302 0.4541001319885254

********************************************
10.244.5.79 - - [10/Dec/2018 04:36:21] "GET /recv_runtime_profile?msg=rt_finish+2anomalies+1544416581.638019&work_node=fusioncenter0 HTTP/1.1" 200 -
Received flask message: globalfusion rt_enter 2fusion 1544416583.2058349
10.244.2.25 - - [10/Dec/2018 04:36:23] "GET /recv_runtime_profile?work_node=globalfusion&msg=rt_enter+2fusion+1544416583.2058349 HTTP/1.1" 200 -
Received flask message: fusioncenter2 rt_finish 2anomalies 1544416583.8676546
----------------------------
Worker node: fusioncenter2
Input file : 2anomalies
Total duration time:12.115803480148315
Waiting time:1.630164384841919
fusioncenter2 execution time:10.485639095306396
----------------------------
********************************************
Runtime profiling info:
Task_name  local_input_file Enter_time Execute_time Finish_time Elapse_time Duration_time Waiting_time 

aggregate0 2split     1544416533.9134667 1544416534.0788684 1544416549.264626 15.35115933418274 15.185757637023926 0.16540169715881348

globalfusion 1fusion    1544416468.1202621 1544416471.2662108 1544416481.6969328 13.57667064666748 10.430721998214722 3.145948648452759

astutedetector2 1merged    1544416440.1082227 1544416440.2884264 1544416455.5595918 15.451369047164917 15.271165370941162 0.18020367622375488

aggregate2 2split     1544416536.5235004 1544416536.5286038 1544416551.5509908 15.027490377426147 15.022387027740479 0.005103349685668945

fusioncenter0 2anomalies 1544416570.5139441 1544416571.081418 1544416581.638019 11.124074935913086 10.55660104751587 0.5674738883972168

aggregate1 1split     1544416420.0621893 1544416420.0861986 1544416435.0987287 15.036539316177368 15.012530088424683 0.024009227752685547

simpledetector1 1merged    1544416438.827438 1544416439.2685626 1544416454.7310703 15.903632164001465 15.462507724761963 0.44112443923950195

fusioncenter0 1anomalies 1544416455.4626713 1544416455.9884543 1544416466.5384722 11.075800895690918 10.550017833709717 0.5257830619812012

fusioncenter2 2anomalies 1544416571.751851 1544416573.3820155 1544416583.8676546 12.115803480148315 10.485639095306396 1.630164384841919

simpledetector2 2merged    1544416553.6790166 1544416553.852149 1544416569.0476148 15.368598222732544 15.195465803146362 0.17313241958618164

fusioncenter1 1anomalies 1544416456.4375193 1544416459.158799 1544416469.6919014 13.254382133483887 10.53310251235962 2.7212796211242676

astutedetector0 2merged    1544416552.0148826 1544416552.1914098 1544416567.5126357 15.497753143310547 15.321225881576538 0.1765272617340088

aggregate2 1split     1544416421.505535 1544416421.5189435 1544416436.5435789 15.038043975830078 15.024635314941406 0.013408660888671875

aggregate0 1split     1544416418.8555915 1544416419.0419328 1544416434.2290287 15.37343716621399 15.187095880508423 0.1863412857055664

astutedetector2 2merged    1544416555.1033602 1544416555.2755017 1544416570.5611799 15.457819700241089 15.285678148269653 0.17214155197143555

simpledetector0 2merged    1544416551.3440952 1544416551.3500626 1544416566.3874316 15.043336391448975 15.037369012832642 0.005967378616333008

astutedetector1 2merged    1544416555.6409292 1544416555.804082 1544416571.1359823 15.495053052902222 15.331900358200073 0.16315269470214844

simpledetector0 1merged    1544416436.3136823 1544416436.325963 1544416451.3651843 15.051501989364624 15.039221286773682 0.012280702590942383

simpledetector2 1merged    1544416438.6810207 1544416438.8609843 1544416454.060977 15.379956245422363 15.199992656707764 0.1799635887145996

astutedetector0 1merged    1544416436.9224439 1544416437.1039927 1544416452.4396737 15.517229795455933 15.335680961608887 0.1815488338470459

localpro   2botnet    1544416517.244973 1544416517.4179354 1544416532.6145356 15.36956262588501 15.196600198745728 0.17296242713928223

aggregate1 2split     1544416535.1035993 1544416535.1111245 1544416550.134213 15.030613660812378 15.023088455200195 0.007525205612182617

astutedetector1 1merged    1544416440.6982234 1544416440.8695354 1544416456.1673923 15.469168901443481 15.29785680770874 0.1713120937347412

localpro   1botnet    1544416402.1546485 1544416402.335543 1544416417.536446 15.381797552108765 15.200903177261353 0.1808943748474121

fusioncenter2 1anomalies 1544416456.8551588 1544416458.421646 1544416468.8993902 12.044231414794922 10.477744102478027 1.5664873123168945

simpledetector1 2merged    1544416553.7831724 1544416554.2372725 1544416569.7091746 15.926002264022827 15.471902132034302 0.4541001319885254

********************************************
10.244.2.24 - - [10/Dec/2018 04:36:24] "GET /recv_runtime_profile?work_node=fusioncenter2&msg=rt_finish+2anomalies+1544416583.8676546 HTTP/1.1" 200 -
Received flask message: fusioncenter1 rt_finish 2anomalies 1544416584.6939857
----------------------------
Worker node: fusioncenter1
Input file : 2anomalies
Total duration time:13.306967735290527
Waiting time:2.7862775325775146
fusioncenter1 execution time:10.520690202713013
----------------------------
********************************************
Runtime profiling info:
Task_name  local_input_file Enter_time Execute_time Finish_time Elapse_time Duration_time Waiting_time 

aggregate0 2split     1544416533.9134667 1544416534.0788684 1544416549.264626 15.35115933418274 15.185757637023926 0.16540169715881348

globalfusion 1fusion    1544416468.1202621 1544416471.2662108 1544416481.6969328 13.57667064666748 10.430721998214722 3.145948648452759

astutedetector2 1merged    1544416440.1082227 1544416440.2884264 1544416455.5595918 15.451369047164917 15.271165370941162 0.18020367622375488

aggregate2 2split     1544416536.5235004 1544416536.5286038 1544416551.5509908 15.027490377426147 15.022387027740479 0.005103349685668945

fusioncenter0 2anomalies 1544416570.5139441 1544416571.081418 1544416581.638019 11.124074935913086 10.55660104751587 0.5674738883972168

aggregate1 1split     1544416420.0621893 1544416420.0861986 1544416435.0987287 15.036539316177368 15.012530088424683 0.024009227752685547

simpledetector1 1merged    1544416438.827438 1544416439.2685626 1544416454.7310703 15.903632164001465 15.462507724761963 0.44112443923950195

fusioncenter0 1anomalies 1544416455.4626713 1544416455.9884543 1544416466.5384722 11.075800895690918 10.550017833709717 0.5257830619812012

fusioncenter2 2anomalies 1544416571.751851 1544416573.3820155 1544416583.8676546 12.115803480148315 10.485639095306396 1.630164384841919

simpledetector2 2merged    1544416553.6790166 1544416553.852149 1544416569.0476148 15.368598222732544 15.195465803146362 0.17313241958618164

fusioncenter1 1anomalies 1544416456.4375193 1544416459.158799 1544416469.6919014 13.254382133483887 10.53310251235962 2.7212796211242676

astutedetector0 2merged    1544416552.0148826 1544416552.1914098 1544416567.5126357 15.497753143310547 15.321225881576538 0.1765272617340088

aggregate2 1split     1544416421.505535 1544416421.5189435 1544416436.5435789 15.038043975830078 15.024635314941406 0.013408660888671875

aggregate0 1split     1544416418.8555915 1544416419.0419328 1544416434.2290287 15.37343716621399 15.187095880508423 0.1863412857055664

astutedetector2 2merged    1544416555.1033602 1544416555.2755017 1544416570.5611799 15.457819700241089 15.285678148269653 0.17214155197143555

simpledetector0 2merged    1544416551.3440952 1544416551.3500626 1544416566.3874316 15.043336391448975 15.037369012832642 0.005967378616333008

astutedetector1 2merged    1544416555.6409292 1544416555.804082 1544416571.1359823 15.495053052902222 15.331900358200073 0.16315269470214844

fusioncenter1 2anomalies 1544416571.387018 1544416574.1732955 1544416584.6939857 13.306967735290527 10.520690202713013 2.7862775325775146

simpledetector0 1merged    1544416436.3136823 1544416436.325963 1544416451.3651843 15.051501989364624 15.039221286773682 0.012280702590942383

simpledetector2 1merged    1544416438.6810207 1544416438.8609843 1544416454.060977 15.379956245422363 15.199992656707764 0.1799635887145996

astutedetector0 1merged    1544416436.9224439 1544416437.1039927 1544416452.4396737 15.517229795455933 15.335680961608887 0.1815488338470459

localpro   2botnet    1544416517.244973 1544416517.4179354 1544416532.6145356 15.36956262588501 15.196600198745728 0.17296242713928223

aggregate1 2split     1544416535.1035993 1544416535.1111245 1544416550.134213 15.030613660812378 15.023088455200195 0.007525205612182617

astutedetector1 1merged    1544416440.6982234 1544416440.8695354 1544416456.1673923 15.469168901443481 15.29785680770874 0.1713120937347412

localpro   1botnet    1544416402.1546485 1544416402.335543 1544416417.536446 15.381797552108765 15.200903177261353 0.1808943748474121

fusioncenter2 1anomalies 1544416456.8551588 1544416458.421646 1544416468.8993902 12.044231414794922 10.477744102478027 1.5664873123168945

simpledetector1 2merged    1544416553.7831724 1544416554.2372725 1544416569.7091746 15.926002264022827 15.471902132034302 0.4541001319885254

********************************************
10.244.5.80 - - [10/Dec/2018 04:36:25] "GET /recv_runtime_profile?work_node=fusioncenter1&msg=rt_finish+2anomalies+1544416584.6939857 HTTP/1.1" 200 -
Received flask message: globalfusion rt_exec 2fusion 1544416586.2572749
10.244.2.25 - - [10/Dec/2018 04:36:26] "GET /recv_runtime_profile?work_node=globalfusion&msg=rt_exec+2fusion+1544416586.2572749 HTTP/1.1" 200 -
Received flask message: globalfusion rt_finish 2fusion 1544416596.7230325
----------------------------
Worker node: globalfusion
Input file : 2fusion
Total duration time:13.517197608947754
Waiting time:3.0514400005340576
globalfusion execution time:10.465757608413696
----------------------------
********************************************
Runtime profiling info:
Task_name  local_input_file Enter_time Execute_time Finish_time Elapse_time Duration_time Waiting_time 

aggregate0 2split     1544416533.9134667 1544416534.0788684 1544416549.264626 15.35115933418274 15.185757637023926 0.16540169715881348

globalfusion 1fusion    1544416468.1202621 1544416471.2662108 1544416481.6969328 13.57667064666748 10.430721998214722 3.145948648452759

astutedetector2 1merged    1544416440.1082227 1544416440.2884264 1544416455.5595918 15.451369047164917 15.271165370941162 0.18020367622375488

aggregate2 2split     1544416536.5235004 1544416536.5286038 1544416551.5509908 15.027490377426147 15.022387027740479 0.005103349685668945

fusioncenter0 2anomalies 1544416570.5139441 1544416571.081418 1544416581.638019 11.124074935913086 10.55660104751587 0.5674738883972168

aggregate1 1split     1544416420.0621893 1544416420.0861986 1544416435.0987287 15.036539316177368 15.012530088424683 0.024009227752685547

simpledetector1 1merged    1544416438.827438 1544416439.2685626 1544416454.7310703 15.903632164001465 15.462507724761963 0.44112443923950195

fusioncenter0 1anomalies 1544416455.4626713 1544416455.9884543 1544416466.5384722 11.075800895690918 10.550017833709717 0.5257830619812012

fusioncenter2 2anomalies 1544416571.751851 1544416573.3820155 1544416583.8676546 12.115803480148315 10.485639095306396 1.630164384841919

simpledetector2 2merged    1544416553.6790166 1544416553.852149 1544416569.0476148 15.368598222732544 15.195465803146362 0.17313241958618164

fusioncenter1 1anomalies 1544416456.4375193 1544416459.158799 1544416469.6919014 13.254382133483887 10.53310251235962 2.7212796211242676

astutedetector0 2merged    1544416552.0148826 1544416552.1914098 1544416567.5126357 15.497753143310547 15.321225881576538 0.1765272617340088

aggregate2 1split     1544416421.505535 1544416421.5189435 1544416436.5435789 15.038043975830078 15.024635314941406 0.013408660888671875

aggregate0 1split     1544416418.8555915 1544416419.0419328 1544416434.2290287 15.37343716621399 15.187095880508423 0.1863412857055664

astutedetector2 2merged    1544416555.1033602 1544416555.2755017 1544416570.5611799 15.457819700241089 15.285678148269653 0.17214155197143555

simpledetector0 2merged    1544416551.3440952 1544416551.3500626 1544416566.3874316 15.043336391448975 15.037369012832642 0.005967378616333008

astutedetector1 2merged    1544416555.6409292 1544416555.804082 1544416571.1359823 15.495053052902222 15.331900358200073 0.16315269470214844

fusioncenter1 2anomalies 1544416571.387018 1544416574.1732955 1544416584.6939857 13.306967735290527 10.520690202713013 2.7862775325775146

simpledetector0 1merged    1544416436.3136823 1544416436.325963 1544416451.3651843 15.051501989364624 15.039221286773682 0.012280702590942383

simpledetector2 1merged    1544416438.6810207 1544416438.8609843 1544416454.060977 15.379956245422363 15.199992656707764 0.1799635887145996

globalfusion 2fusion    1544416583.2058349 1544416586.2572749 1544416596.7230325 13.517197608947754 10.465757608413696 3.0514400005340576

astutedetector0 1merged    1544416436.9224439 1544416437.1039927 1544416452.4396737 15.517229795455933 15.335680961608887 0.1815488338470459

localpro   2botnet    1544416517.244973 1544416517.4179354 1544416532.6145356 15.36956262588501 15.196600198745728 0.17296242713928223

aggregate1 2split     1544416535.1035993 1544416535.1111245 1544416550.134213 15.030613660812378 15.023088455200195 0.007525205612182617

astutedetector1 1merged    1544416440.6982234 1544416440.8695354 1544416456.1673923 15.469168901443481 15.29785680770874 0.1713120937347412

localpro   1botnet    1544416402.1546485 1544416402.335543 1544416417.536446 15.381797552108765 15.200903177261353 0.1808943748474121

fusioncenter2 1anomalies 1544416456.8551588 1544416458.421646 1544416468.8993902 12.044231414794922 10.477744102478027 1.5664873123168945

simpledetector1 2merged    1544416553.7831724 1544416554.2372725 1544416569.7091746 15.926002264022827 15.471902132034302 0.4541001319885254

********************************************
10.244.2.25 - - [10/Dec/2018 04:36:37] "GET /recv_runtime_profile?work_node=globalfusion&msg=rt_finish+2fusion+1544416596.7230325 HTTP/1.1" 200 -
/output/2global_anomalies.log created
ending time is:  [1544416485.504272, 1544416600.5391386]
execution time is:  [84.99379825592041, 84.92714810371399]
---- Finish generating sequential input files
Recieved request for number of output files. Current done: 2
10.244.0.0 - - [10/Dec/2018 04:37:20] "GET / HTTP/1.1" 200 -
