 * Starting OpenBSD Secure Shell server sshd
   ...done.
-------------------------------------
Automatically generating HEFT input
-------------------------------------
Perform HEFT scheduling
read_input_heft.py:194: SyntaxWarning: name 'MONGO_SVC_PORT' is assigned to before global declaration
  global profiler_ip,exec_home_ip,num_nodes,MONGO_SVC_PORT,network_map,node_list, home_profiler_ip
('tasks: ', {'simpledetector2': ['fusioncenter2'], 'simpledetector1': ['fusioncenter1'], 'simpledetector0': ['fusioncenter0'], 'globalfusion': [], 'aggregate1': ['simpledetector1', 'astutedetector1'], 'aggregate0': ['simpledetector0', 'astutedetector0'], 'aggregate2': ['simpledetector2', 'astutedetector2'], 'localpro': ['aggregate0', 'aggregate1', 'aggregate2'], 'astutedetector1': ['fusioncenter1'], 'astutedetector0': ['fusioncenter0'], 'astutedetector2': ['fusioncenter2'], 'fusioncenter0': ['globalfusion'], 'fusioncenter1': ['globalfusion'], 'fusioncenter2': ['globalfusion']})
('task order', ['localpro', 'aggregate0', 'aggregate1', 'aggregate2', 'simpledetector0', 'simpledetector1', 'simpledetector2', 'astutedetector0', 'astutedetector1', 'astutedetector2', 'fusioncenter0', 'fusioncenter1', 'fusioncenter2', 'globalfusion'])
('super tasks', [])
('non tasks', [])
No input TGFF file found!
---------------------------------------------

 Read task list from DAG file, Non-DAG info and global information 

tasks:  {'astutedetector2': ['fusioncenter2'], 'localpro': ['aggregate0', 'aggregate1', 'aggregate2'], 'simpledetector1': ['fusioncenter1'], 'aggregate2': ['simpledetector2', 'astutedetector2'], 'globalfusion': [], 'astutedetector1': ['fusioncenter1'], 'simpledetector2': ['fusioncenter2'], 'astutedetector0': ['fusioncenter0'], 'fusioncenter0': ['globalfusion'], 'aggregate1': ['simpledetector1', 'astutedetector1'], 'fusioncenter2': ['globalfusion'], 'aggregate0': ['simpledetector0', 'astutedetector0'], 'fusioncenter1': ['globalfusion'], 'simpledetector0': ['fusioncenter0']}
task order ['localpro', 'aggregate0', 'aggregate1', 'aggregate2', 'simpledetector0', 'simpledetector1', 'simpledetector2', 'astutedetector0', 'astutedetector1', 'astutedetector2', 'fusioncenter0', 'fusioncenter1', 'fusioncenter2', 'globalfusion']
super tasks []
---------------------------------------------

 Create input HEFT file 

No available profiling information
---------------------------------------------

 Step 1: Read task list from DAG file and global information 

5
[['node2', '10.110.22.125'], ['node3', '10.100.135.138'], ['node4', '10.105.17.239'], ['node5', '10.108.202.177'], ['node6', '10.101.235.45']]
10.105.80.122
Num nodes :5
{'10.110.22.125': 'node2', '10.100.135.138': 'node3', '10.101.235.45': 'node6', '10.108.202.177': 'node5', '10.105.17.239': 'node4'}
['node2', 'node3', 'node4', 'node5', 'node6']
------------------------------------------------------------

 Step 2: Read network profiler information : 

------------------------------------------------------------

 Step 3: Read execution Profiler Information : 

[['node2', '10.110.22.125'], ['node3', '10.100.135.138'], ['node4', '10.105.17.239'], ['node5', '10.108.202.177'], ['node6', '10.101.235.45']]
Check Network Profiler IP: node2-10.110.22.125
Database(MongoClient(host=['10.105.80.122:6200'], document_class=dict, tz_aware=False, connect=True), 'execution_profiler')
--- Number of neighbors: 5
Current number of updated execution profilers:
6
--- Check execution profiler ID : home
--- Check execution profiler ID : node3
Check Network Profiler IP: node3-10.100.135.138
--- Check execution profiler ID : node5
--- Check execution profiler ID : node2
--- Check execution profiler ID : node4
--- Check execution profiler ID : node6
Execution information has already been provided
--- Number of neighbors: 5
Check Network Profiler IP: node4-10.105.17.239
--- Number of neighbors: 5
Check Network Profiler IP: node5-10.108.202.177
--- Number of neighbors: 5
Check Network Profiler IP: node6-10.101.235.45
--- Number of neighbors: 5
Network information has already been provided
['home', 'localpro', '15', '986.736']
['home', 'aggregate0', '15', '701.92']
['home', 'aggregate1', '15', '127.048']
['home', 'aggregate2', '15', '157.768']
['home', 'simpledetector0', '15', '7.616']
['home', 'simpledetector1', '15', '7.616']
['home', 'simpledetector2', '15', '7.168']
['home', 'astutedetector0', '15', '4.152']
['home', 'astutedetector1', '15', '3.48']
['home', 'astutedetector2', '15', '4.728']
['home', 'fusioncenter0', '10', '0.984']
['home', 'fusioncenter1', '10', '0.44']
['home', 'fusioncenter2', '10', '0.792']
['home', 'globalfusion', '10', '1.336']
['localpro', 'aggregate0', 'aggregate1', 'aggregate2', 'simpledetector0', 'simpledetector1', 'simpledetector2', 'astutedetector0', 'astutedetector1', 'astutedetector2', 'fusioncenter0', 'fusioncenter1', 'fusioncenter2', 'globalfusion']
{'astutedetector2': 't0_9', 'localpro': 't0_0', 'simpledetector1': 't0_5', 'aggregate2': 't0_3', 'globalfusion': 't0_13', 'astutedetector1': 't0_8', 'simpledetector2': 't0_6', 'astutedetector0': 't0_7', 'fusioncenter0': 't0_10', 'aggregate1': 't0_2', 'fusioncenter2': 't0_12', 'aggregate0': 't0_1', 'fusioncenter1': 't0_11', 'simpledetector0': 't0_4'}
{'astutedetector2': 9, 'localpro': 0, 'simpledetector1': 5, 'aggregate2': 3, 'globalfusion': 13, 'astutedetector1': 8, 'simpledetector2': 6, 'astutedetector0': 7, 'fusioncenter0': 10, 'aggregate1': 2, 'fusioncenter2': 12, 'aggregate0': 1, 'fusioncenter1': 11, 'simpledetector0': 4}
{'astutedetector2': '4.704', 'localpro': '986.736', 'simpledetector1': '7.616', 'aggregate2': '157.768', 'globalfusion': '1.312', 'astutedetector1': '3.48', 'simpledetector2': '7.168', 'astutedetector0': '4.152', 'fusioncenter0': '0.984', 'aggregate1': '127.048', 'fusioncenter2': '0.768', 'aggregate0': '701.92', 'fusioncenter1': '0.44', 'simpledetector0': '7.616'}
[[150, 150, 150, 150, 150], [150, 150, 150, 150, 150], [150, 150, 150, 150, 150], [150, 150, 150, 150, 150], [150, 150, 150, 150, 150], [150, 150, 150, 150, 150], [150, 150, 150, 150, 150], [150, 150, 150, 150, 150], [150, 150, 150, 150, 150], [150, 150, 150, 150, 150], [100, 100, 100, 100, 100], [100, 100, 100, 100, 100], [100, 100, 100, 100, 100], [100, 100, 100, 100, 100]]
	TASK localpro	TYPE 0 

	TASK aggregate0	TYPE 1 

	TASK aggregate1	TYPE 2 

	TASK aggregate2	TYPE 3 

	TASK simpledetector0	TYPE 4 

	TASK simpledetector1	TYPE 5 

	TASK simpledetector2	TYPE 6 

	TASK astutedetector0	TYPE 7 

	TASK astutedetector1	TYPE 8 

	TASK astutedetector2	TYPE 9 

	TASK fusioncenter0	TYPE 10 

	TASK fusioncenter1	TYPE 11 

	TASK fusioncenter2	TYPE 12 

	TASK globalfusion	TYPE 13 

task_names: ['localpro', 'aggregate0', 'aggregate1', 'aggregate2', 'simpledetector0', 'simpledetector1', 'simpledetector2', 'astutedetector0', 'astutedetector1', 'astutedetector2', 'fusioncenter0', 'fusioncenter1', 'fusioncenter2', 'globalfusion']
==================
Checking the written information
14
[<map object at 0x7fbcc049f668>, <map object at 0x7fbcc049f908>, <map object at 0x7fbcc049fa90>, <map object at 0x7fbcc049fc18>, <map object at 0x7fbcc049fda0>, <map object at 0x7fbcc049ff28>, <map object at 0x7fbcc04a20f0>, <map object at 0x7fbcc04a2278>, <map object at 0x7fbcc04a2400>, <map object at 0x7fbcc04a2588>, <map object at 0x7fbcc04a2748>, <map object at 0x7fbcc04a2908>, <map object at 0x7fbcc04a2ac8>, <map object at 0x7fbcc04a2c88>]
[[0, 1, 1, 1, 1], [1, 0, 1, 1, 1], [1, 1, 0, 1, 1], [1, 1, 1, 0, 1], [1, 1, 1, 1, 0]]
[[-1, 986, 986, 986, -1, -1, -1, -1, -1, -1, -1, -1, -1, -1], [-1, -1, -1, -1, 701, -1, -1, 701, -1, -1, -1, -1, -1, -1], [-1, -1, -1, -1, -1, 127, -1, -1, 127, -1, -1, -1, -1, -1], [-1, -1, -1, -1, -1, -1, 157, -1, -1, 157, -1, -1, -1, -1], [-1, -1, -1, -1, -1, -1, -1, -1, -1, -1, 7, -1, -1, -1], [-1, -1, -1, -1, -1, -1, -1, -1, -1, -1, -1, 7, -1, -1], [-1, -1, -1, -1, -1, -1, -1, -1, -1, -1, -1, -1, 7, -1], [-1, -1, -1, -1, -1, -1, -1, -1, -1, -1, 4, -1, -1, -1], [-1, -1, -1, -1, -1, -1, -1, -1, -1, -1, -1, 3, -1, -1], [-1, -1, -1, -1, -1, -1, -1, -1, -1, -1, -1, -1, 4, -1], [-1, -1, -1, -1, -1, -1, -1, -1, -1, -1, -1, -1, -1, 0], [-1, -1, -1, -1, -1, -1, -1, -1, -1, -1, -1, -1, -1, 0], [-1, -1, -1, -1, -1, -1, -1, -1, -1, -1, -1, -1, -1, 0], [-1, -1, -1, -1, -1, -1, -1, -1, -1, -1, -1, -1, -1, -1]]
[[(0, 0, 0), (-9.48974230709719e-07, 0.10989025761175605, 2342.480928693454), (-1.3319846797274824e-06, 0.14451926628468553, 2601.8499080189663), (-6.3018024233844856e-06, 0.538001364388012, 2078.426466156609), (-6.169802437561351e-07, 0.06450504134108401, 1330.1966097237666)], [(-1.0333044219605626e-06, 0.11539536324892363, 2280.3799418242666), (0, 0, 0), (-1.132005507122409e-06, 0.11509520162685057, 2508.7285720010113), (-9.45416165323573e-08, 0.010275680773365964, 275.1785506044762), (-6.58362795931872e-07, 0.06514899768274417, 1569.7515642593846)], [(-1.11016762594941e-06, 0.12906205349246194, 2737.2258633121623), (-6.356039434641755e-05, 0.6285818718688639, 2355.2316351086974), (0, 0, 0), (-1.0465184390548017e-06, 0.11850531897465294, 2351.7693043399586), (-1.9673882118864413e-06, 0.21078429064687076, 3843.0215608978465)], [(-1.0038876215485025e-06, 0.11357850565757507, 2072.6006243855923), (-3.312537749040924e-08, 0.005001527619798581, 276.3788644672753), (-9.544054749271308e-07, 0.1108872988352481, 2389.9665358087786), (0, 0, 0), (-5.435989510494001e-07, 0.061945156368863614, 1301.689234543674)], [(-5.496252380745156e-07, 0.06275631317327961, 1336.956471596411), (-7.413911426495191e-07, 0.07199216659257898, 1482.3708917275324), (-1.495758211346644e-06, 0.1760223062342029, 3771.226813464686), (-7.311690190234486e-07, 0.07078333682507286, 1314.7234563160807), (0, 0, 0)]]
	TASK localpro	TYPE 0 

	TASK aggregate0	TYPE 1 

	TASK aggregate1	TYPE 2 

	TASK aggregate2	TYPE 3 

	TASK simpledetector0	TYPE 4 

	TASK simpledetector1	TYPE 5 

	TASK simpledetector2	TYPE 6 

	TASK astutedetector0	TYPE 7 

	TASK astutedetector1	TYPE 8 

	TASK astutedetector2	TYPE 9 

	TASK fusioncenter0	TYPE 10 

	TASK fusioncenter1	TYPE 11 

	TASK fusioncenter2	TYPE 12 

	TASK globalfusion	TYPE 13 

('task_names:', ['localpro', 'aggregate0', 'aggregate1', 'aggregate2', 'simpledetector0', 'simpledetector1', 'simpledetector2', 'astutedetector0', 'astutedetector1', 'astutedetector2', 'fusioncenter0', 'fusioncenter1', 'fusioncenter2', 'globalfusion'])
==================
 * Running on http://0.0.0.0:8888/ (Press CTRL+C to quit)
(0, 1)
(1, 1)
(2, 1)
(3, 1)
(4, 1)
(0, 3)
(1, 3)
(2, 3)
(3, 3)
(4, 3)
(0, 2)
(1, 2)
(2, 2)
(3, 2)
(4, 2)
(0, 4)
(1, 4)
(2, 4)
(3, 4)
(4, 4)
(0, 5)
(1, 5)
(2, 5)
(3, 5)
(4, 5)
(0, 6)
(1, 6)
(2, 6)
(3, 6)
(4, 6)
(0, 7)
(1, 7)
(2, 7)
(3, 7)
(4, 7)
(0, 9)
(1, 9)
(2, 9)
(3, 9)
(4, 9)
(0, 8)
(1, 8)
(2, 8)
(3, 8)
(4, 8)
(0, 10)
(1, 10)
(2, 10)
(3, 10)
(4, 10)
(0, 11)
(1, 11)
(2, 11)
(3, 11)
(4, 11)
(0, 12)
(1, 12)
(2, 12)
(3, 12)
(4, 12)
(0, 13)
(1, 13)
(2, 13)
(3, 13)
(4, 13)
Assign random master and slaves
task 0 : up_rank = 8935.303008, down_rank = 0.000000
task 1 : up_rank = 6634.378077, down_rank = 2300.924931
task 3 : up_rank = 6556.883444, down_rank = 2300.924931
task 2 : up_rank = 6552.535921, down_rank = 2300.924931
task 4 : up_rank = 4373.038125, down_rank = 4562.264882
task 5 : up_rank = 4373.038125, down_rank = 4480.422726
task 6 : up_rank = 4373.038125, down_rank = 4484.770249
task 7 : up_rank = 4372.599857, down_rank = 4562.264882
task 9 : up_rank = 4372.599857, down_rank = 4484.770249
task 8 : up_rank = 4372.453751, down_rank = 4480.422726
task 10 : up_rank = 2211.007690, down_rank = 6724.295318
task 11 : up_rank = 2211.007690, down_rank = 6642.453162
task 12 : up_rank = 2211.007690, down_rank = 6646.800685
task 13 : up_rank = 100.000000, down_rank = 8835.303008
node2:
task 1 : ast = 0, aft = 150
task 2 : ast = 150, aft = 300
task 4 : ast = 300, aft = 450
task 3 : ast = 450, aft = 600
task 5 : ast = 600, aft = 750
task 6 : ast = 750, aft = 900
task 7 : ast = 900, aft = 1050
task 8 : ast = 1050, aft = 1200
task 10 : ast = 1200, aft = 1350
task 9 : ast = 1350, aft = 1500
task 11 : ast = 1500, aft = 1600
task 12 : ast = 1600, aft = 1700
task 13 : ast = 1700, aft = 1800
task 14 : ast = 1800, aft = 1900
node3:
node4:
node5:
node6:
makespan = 1900
{'simpledetector2': 'node2', 'simpledetector1': 'node2', 'simpledetector0': 'node2', 'globalfusion': 'node2', 'aggregate1': 'node2', 'aggregate0': 'node2', 'aggregate2': 'node2', 'localpro': 'node2', 'astutedetector1': 'node2', 'astutedetector0': 'node2', 'astutedetector2': 'node2', 'fusioncenter0': 'node2', 'fusioncenter1': 'node2', 'fusioncenter2': 'node2'}
 * Serving Flask app "master" (lazy loading)
 * Environment: production
   WARNING: Do not use the development server in a production environment.
   Use a production WSGI server instead.
 * Debug mode: off
10.244.0.0 - - [15/Nov/2018 09:36:13] "GET / HTTP/1.1" 200 -
('Recieved request for current mapping. Current mappings done:', 14)
{'simpledetector2': 'node2', 'simpledetector1': 'node2', 'simpledetector0': 'node2', 'globalfusion': 'node2', 'aggregate1': 'node2', 'aggregate0': 'node2', 'aggregate2': 'node2', 'localpro': 'node2', 'astutedetector1': 'node2', 'astutedetector0': 'node2', 'astutedetector2': 'node2', 'fusioncenter0': 'node2', 'fusioncenter1': 'node2', 'fusioncenter2': 'node2'}
