 * Starting OpenBSD Secure Shell server sshd
   ...done.
-------------------------------------
Automatically generating HEFT input
-------------------------------------
Perform HEFT scheduling
read_input_heft.py:194: SyntaxWarning: name 'MONGO_SVC_PORT' is assigned to before global declaration
  global profiler_ip,exec_home_ip,num_nodes,MONGO_SVC_PORT,network_map,node_list, home_profiler_ip
('tasks: ', {'simpledetector2': ['fusioncenter2'], 'simpledetector1': ['fusioncenter1'], 'simpledetector0': ['fusioncenter0'], 'globalfusion': [], 'aggregate1': ['simpledetector1', 'astutedetector1'], 'aggregate0': ['simpledetector0', 'astutedetector0'], 'aggregate2': ['simpledetector2', 'astutedetector2'], 'localpro': ['aggregate0', 'aggregate1', 'aggregate2'], 'astutedetector1': ['fusioncenter1'], 'astutedetector0': ['fusioncenter0'], 'astutedetector2': ['fusioncenter2'], 'fusioncenter0': ['globalfusion'], 'fusioncenter1': ['globalfusion'], 'fusioncenter2': ['globalfusion']})
('task order', ['localpro', 'aggregate0', 'aggregate1', 'aggregate2', 'simpledetector0', 'simpledetector1', 'simpledetector2', 'astutedetector0', 'astutedetector1', 'astutedetector2', 'fusioncenter0', 'fusioncenter1', 'fusioncenter2', 'globalfusion'])
('super tasks', [])
('non tasks', [])
No input TGFF file found!
---------------------------------------------

 Read task list from DAG file, Non-DAG info and global information 

tasks:  {'simpledetector2': ['fusioncenter2'], 'globalfusion': [], 'aggregate2': ['simpledetector2', 'astutedetector2'], 'astutedetector0': ['fusioncenter0'], 'astutedetector2': ['fusioncenter2'], 'localpro': ['aggregate0', 'aggregate1', 'aggregate2'], 'fusioncenter0': ['globalfusion'], 'fusioncenter2': ['globalfusion'], 'simpledetector0': ['fusioncenter0'], 'simpledetector1': ['fusioncenter1'], 'aggregate1': ['simpledetector1', 'astutedetector1'], 'aggregate0': ['simpledetector0', 'astutedetector0'], 'astutedetector1': ['fusioncenter1'], 'fusioncenter1': ['globalfusion']}
task order ['localpro', 'aggregate0', 'aggregate1', 'aggregate2', 'simpledetector0', 'simpledetector1', 'simpledetector2', 'astutedetector0', 'astutedetector1', 'astutedetector2', 'fusioncenter0', 'fusioncenter1', 'fusioncenter2', 'globalfusion']
super tasks []
---------------------------------------------

 Create input HEFT file 

No available profiling information
---------------------------------------------

 Step 1: Read task list from DAG file and global information 

4
[['node2', '10.111.179.217'], ['node3', '10.97.238.165'], ['node4', '10.105.212.45'], ['node5', '10.111.61.191']]
10.101.209.206
Num nodes :4
{'10.111.61.191': 'node5', '10.105.212.45': 'node4', '10.97.238.165': 'node3', '10.111.179.217': 'node2'}
['node2', 'node3', 'node4', 'node5']
------------------------------------------------------------

 Step 2: Read network profiler information : 

------------------------------------------------------------

 Step 3: Read execution Profiler Information : 

[['node2', '10.111.179.217'], ['node3', '10.97.238.165'], ['node4', '10.105.212.45'], ['node5', '10.111.61.191']]
Check Network Profiler IP: node2-10.111.179.217
Database(MongoClient(host=['10.101.209.206:6200'], document_class=dict, tz_aware=False, connect=True), 'execution_profiler')
Current number of updated execution profilers:
5
--- Check execution profiler ID : home
--- Check execution profiler ID : node3
--- Check execution profiler ID : node4
--- Number of neighbors: 4
--- Check execution profiler ID : node5
Check Network Profiler IP: node3-10.97.238.165
--- Check execution profiler ID : node2
Execution information has already been provided
--- Number of neighbors: 4
Check Network Profiler IP: node4-10.105.212.45
--- Number of neighbors: 4
Check Network Profiler IP: node5-10.111.61.191
--- Number of neighbors: 4
Network information has already been provided
['home', 'localpro', '15', '986.736']
['home', 'aggregate0', '15', '701.92']
['home', 'aggregate1', '15', '127.048']
['home', 'aggregate2', '15', '157.768']
['home', 'simpledetector0', '15', '7.616']
['home', 'simpledetector1', '15', '7.616']
['home', 'simpledetector2', '15', '7.168']
['home', 'astutedetector0', '15', '4.152']
['home', 'astutedetector1', '15', '3.48']
['home', 'astutedetector2', '15', '4.728']
['home', 'fusioncenter0', '10', '0.984']
['home', 'fusioncenter1', '10', '0.44']
['home', 'fusioncenter2', '10', '0.792']
['home', 'globalfusion', '10', '1.336']
['localpro', 'aggregate0', 'aggregate1', 'aggregate2', 'simpledetector0', 'simpledetector1', 'simpledetector2', 'astutedetector0', 'astutedetector1', 'astutedetector2', 'fusioncenter0', 'fusioncenter1', 'fusioncenter2', 'globalfusion']
{'simpledetector2': 't0_6', 'globalfusion': 't0_13', 'aggregate2': 't0_3', 'astutedetector0': 't0_7', 'astutedetector2': 't0_9', 'localpro': 't0_0', 'fusioncenter0': 't0_10', 'fusioncenter2': 't0_12', 'simpledetector0': 't0_4', 'simpledetector1': 't0_5', 'aggregate1': 't0_2', 'aggregate0': 't0_1', 'astutedetector1': 't0_8', 'fusioncenter1': 't0_11'}
{'simpledetector2': 6, 'globalfusion': 13, 'aggregate2': 3, 'astutedetector0': 7, 'astutedetector2': 9, 'localpro': 0, 'fusioncenter0': 10, 'fusioncenter2': 12, 'simpledetector0': 4, 'simpledetector1': 5, 'aggregate1': 2, 'aggregate0': 1, 'astutedetector1': 8, 'fusioncenter1': 11}
{'simpledetector2': '7.168', 'globalfusion': '1.336', 'aggregate2': '157.768', 'astutedetector0': '4.152', 'astutedetector2': '4.728', 'localpro': '986.736', 'fusioncenter0': '0.984', 'fusioncenter2': '0.792', 'simpledetector0': '7.616', 'simpledetector1': '7.616', 'aggregate1': '127.048', 'aggregate0': '701.92', 'astutedetector1': '3.48', 'fusioncenter1': '0.44'}
[[150, 150, 150, 150], [150, 150, 150, 150], [150, 150, 150, 150], [150, 150, 150, 150], [150, 150, 150, 150], [150, 150, 150, 150], [150, 150, 150, 150], [150, 150, 150, 150], [150, 150, 150, 150], [150, 150, 150, 150], [100, 100, 100, 100], [100, 100, 100, 100], [100, 100, 100, 100], [100, 100, 100, 100]]
	TASK localpro	TYPE 0 

	TASK aggregate0	TYPE 1 

	TASK aggregate1	TYPE 2 

	TASK aggregate2	TYPE 3 

	TASK simpledetector0	TYPE 4 

	TASK simpledetector1	TYPE 5 

	TASK simpledetector2	TYPE 6 

	TASK astutedetector0	TYPE 7 

	TASK astutedetector1	TYPE 8 

	TASK astutedetector2	TYPE 9 

	TASK fusioncenter0	TYPE 10 

	TASK fusioncenter1	TYPE 11 

	TASK fusioncenter2	TYPE 12 

	TASK globalfusion	TYPE 13 

task_names: ['localpro', 'aggregate0', 'aggregate1', 'aggregate2', 'simpledetector0', 'simpledetector1', 'simpledetector2', 'astutedetector0', 'astutedetector1', 'astutedetector2', 'fusioncenter0', 'fusioncenter1', 'fusioncenter2', 'globalfusion']
==================
Checking the written information
14
[<map object at 0x7fbe2d96c940>, <map object at 0x7fbe2d96cb00>, <map object at 0x7fbe2d96cc50>, <map object at 0x7fbe2d96cda0>, <map object at 0x7fbe2d96cef0>, <map object at 0x7fbe2d970080>, <map object at 0x7fbe2d9701d0>, <map object at 0x7fbe2d970320>, <map object at 0x7fbe2d970470>, <map object at 0x7fbe2d9705c0>, <map object at 0x7fbe2d970748>, <map object at 0x7fbe2d9708d0>, <map object at 0x7fbe2d970a58>, <map object at 0x7fbe2d970be0>]
[[0, 1, 1, 1], [1, 0, 1, 1], [1, 1, 0, 1], [1, 1, 1, 0]]
[[-1, 986, 986, 986, -1, -1, -1, -1, -1, -1, -1, -1, -1, -1], [-1, -1, -1, -1, 701, -1, -1, 701, -1, -1, -1, -1, -1, -1], [-1, -1, -1, -1, -1, 127, -1, -1, 127, -1, -1, -1, -1, -1], [-1, -1, -1, -1, -1, -1, 157, -1, -1, 157, -1, -1, -1, -1], [-1, -1, -1, -1, -1, -1, -1, -1, -1, -1, 7, -1, -1, -1], [-1, -1, -1, -1, -1, -1, -1, -1, -1, -1, -1, 7, -1, -1], [-1, -1, -1, -1, -1, -1, -1, -1, -1, -1, -1, -1, 7, -1], [-1, -1, -1, -1, -1, -1, -1, -1, -1, -1, 4, -1, -1, -1], [-1, -1, -1, -1, -1, -1, -1, -1, -1, -1, -1, 3, -1, -1], [-1, -1, -1, -1, -1, -1, -1, -1, -1, -1, -1, -1, 4, -1], [-1, -1, -1, -1, -1, -1, -1, -1, -1, -1, -1, -1, -1, 0], [-1, -1, -1, -1, -1, -1, -1, -1, -1, -1, -1, -1, -1, 0], [-1, -1, -1, -1, -1, -1, -1, -1, -1, -1, -1, -1, -1, 0], [-1, -1, -1, -1, -1, -1, -1, -1, -1, -1, -1, -1, -1, -1]]
[[(0, 0, 0), (1.4546186058327698e-08, -0.00034153014713764494, 153.256509304141), (6.839225589225481e-09, 0.00043981481481482446, 145.043771043771), (1.6489864295835883e-07, -0.002865637089219047, 151.38086765818727)], [(-1.6973398127444217e-08, 0.0025586641395008054, 140.92809279279493), (0, 0, 0), (-3.8501169386465915e-08, 0.004334173605121508, 142.6756529233807), (1.2133267812775149e-08, 0.0005907335843224128, 157.09920010348657)], [(-4.3208042120252696e-09, 0.001474961724531144, 141.15459779340117), (-1.3800619232786104e-08, 0.00242572769758605, 139.5890401515682), (0, 0, 0), (-1.6133307335455552e-08, 0.00268363895088632, 149.56207760697288)], [(3.3761942813152565e-07, -0.026159603238173377, 176.00386137874452), (-3.985562697683783e-07, 0.03346597285991125, 142.4822977247223), (-2.8967669964756924e-08, 0.003855845769518243, 155.42799248953762), (0, 0, 0)]]
	TASK localpro	TYPE 0 

	TASK aggregate0	TYPE 1 

	TASK aggregate1	TYPE 2 

	TASK aggregate2	TYPE 3 

	TASK simpledetector0	TYPE 4 

	TASK simpledetector1	TYPE 5 

	TASK simpledetector2	TYPE 6 

	TASK astutedetector0	TYPE 7 

	TASK astutedetector1	TYPE 8 

	TASK astutedetector2	TYPE 9 

	TASK fusioncenter0	TYPE 10 

	TASK fusioncenter1	TYPE 11 

	TASK fusioncenter2	TYPE 12 

	TASK globalfusion	TYPE 13 

('task_names:', ['localpro', 'aggregate0', 'aggregate1', 'aggregate2', 'simpledetector0', 'simpledetector1', 'simpledetector2', 'astutedetector0', 'astutedetector1', 'astutedetector2', 'fusioncenter0', 'fusioncenter1', 'fusioncenter2', 'globalfusion'])
==================
(0, 1)
(1, 1)
(2, 1)
(3, 1)
(0, 3)
(1, 3)
(2, 3)
(3, 3)
(0, 2)
(1, 2)
(2, 2)
(3, 2)
(0, 4)
(1, 4)
(2, 4)
(3, 4)
(0, 5)
(1, 5)
(2, 5)
(3, 5)
(0, 6)
(1, 6)
(2, 6)
(3, 6)
(0, 7)
(1, 7)
(2, 7)
(3, 7)
(0, 9)
(1, 9)
(2, 9)
(3, 9)
(0, 8)
(1, 8)
(2, 8)
(3, 8)
(0, 10)
(1, 10)
(2, 10)
(3, 10)
(0, 11)
(1, 11)
(2, 11)
(3, 11)
(0, 12)
(1, 12)
(2, 12)
(3, 12)
(0, 13)
(1, 13)
(2, 13)
(3, 13)
task 0 dup on node3
task 0 dup on node4
task 3 dup on node2
Assign random master and slaves
task 0 : up_rank = 1251.374605, down_rank = 0.000000
task 1 : up_rank = 949.977063, down_rank = 301.397542
task 3 : up_rank = 948.958020, down_rank = 301.397542
task 2 : up_rank = 948.901850, down_rank = 301.397542
task 4 : up_rank = 649.113764, down_rank = 602.260841
task 5 : up_rank = 649.113764, down_rank = 601.185628
task 6 : up_rank = 649.113764, down_rank = 601.241799
task 7 : up_rank = 649.108148, down_rank = 602.260841
task 9 : up_rank = 649.108148, down_rank = 601.241799
task 8 : up_rank = 649.106276, down_rank = 601.185628
task 10 : up_rank = 349.550330, down_rank = 901.824275
task 11 : up_rank = 349.550330, down_rank = 900.749062
task 12 : up_rank = 349.550330, down_rank = 900.805232
task 13 : up_rank = 100.000000, down_rank = 1151.374605
node2:
task 1 : ast = 0, aft = 150
task 2 : ast = 150, aft = 300
task 5 : ast = 300, aft = 450
task 8 : ast = 450, aft = 600
task 11 : ast = 600, aft = 700
node3:
task 10 : ast = 300, aft = 450
task 13 : ast = 589, aft = 689
task 14 : ast = 853, aft = 953
node4:
task 4 : ast = 150, aft = 300
task 7 : ast = 300, aft = 450
node5:
task 3 : ast = 150, aft = 300
task 6 : ast = 300, aft = 450
task 9 : ast = 450, aft = 600
task 12 : ast = 600, aft = 700
redundant task 1 on node4
redundant task 1 on node5
redundant task 4 on node3
makespan = 953
{'globalfusion': 'node3', 'simpledetector1': 'node5', 'simpledetector0': 'node2', 'simpledetector2': 'node4', 'aggregate1': 'node5', 'aggregate0': 'node2', 'aggregate2': 'node4', 'localpro': 'node2', 'astutedetector1': 'node5', 'astutedetector0': 'node2', 'astutedetector2': 'node3', 'fusioncenter0': 'node2', 'fusioncenter1': 'node5', 'fusioncenter2': 'node3'}
 * Serving Flask app "master" (lazy loading)
 * Environment: production
   WARNING: Do not use the development server in a production environment.
   Use a production WSGI server instead.
 * Debug mode: off
 * Running on http://0.0.0.0:8888/ (Press CTRL+C to quit)
10.244.0.0 - - [30/Oct/2018 20:23:09] "GET / HTTP/1.1" 200 -
('Recieved request for current mapping. Current mappings done:', 14)
{'globalfusion': 'node3', 'simpledetector1': 'node5', 'simpledetector0': 'node2', 'simpledetector2': 'node4', 'aggregate1': 'node5', 'aggregate0': 'node2', 'aggregate2': 'node4', 'localpro': 'node2', 'astutedetector1': 'node5', 'astutedetector0': 'node2', 'astutedetector2': 'node3', 'fusioncenter0': 'node2', 'fusioncenter1': 'node5', 'fusioncenter2': 'node3'}
