 * Starting OpenBSD Secure Shell server sshd
   ...done.
-------------------------------------
Automatically generating HEFT input
-------------------------------------
Perform HEFT scheduling
read_input_heft.py:194: SyntaxWarning: name 'MONGO_SVC_PORT' is assigned to before global declaration
  global profiler_ip,exec_home_ip,num_nodes,MONGO_SVC_PORT,network_map,node_list, home_profiler_ip
('tasks: ', {'simpledetector2': ['fusioncenter2'], 'simpledetector1': ['fusioncenter1'], 'simpledetector0': ['fusioncenter0'], 'globalfusion': [], 'aggregate1': ['simpledetector1', 'astutedetector1'], 'aggregate0': ['simpledetector0', 'astutedetector0'], 'aggregate2': ['simpledetector2', 'astutedetector2'], 'localpro': ['aggregate0', 'aggregate1', 'aggregate2'], 'astutedetector1': ['fusioncenter1'], 'astutedetector0': ['fusioncenter0'], 'astutedetector2': ['fusioncenter2'], 'fusioncenter0': ['globalfusion'], 'fusioncenter1': ['globalfusion'], 'fusioncenter2': ['globalfusion']})
('task order', ['localpro', 'aggregate0', 'aggregate1', 'aggregate2', 'simpledetector0', 'simpledetector1', 'simpledetector2', 'astutedetector0', 'astutedetector1', 'astutedetector2', 'fusioncenter0', 'fusioncenter1', 'fusioncenter2', 'globalfusion'])
('super tasks', [])
('non tasks', [])
No input TGFF file found!
---------------------------------------------

 Read task list from DAG file, Non-DAG info and global information 

tasks:  {'globalfusion': [], 'fusioncenter1': ['globalfusion'], 'aggregate1': ['simpledetector1', 'astutedetector1'], 'fusioncenter2': ['globalfusion'], 'localpro': ['aggregate0', 'aggregate1', 'aggregate2'], 'astutedetector1': ['fusioncenter1'], 'simpledetector1': ['fusioncenter1'], 'aggregate2': ['simpledetector2', 'astutedetector2'], 'fusioncenter0': ['globalfusion'], 'simpledetector0': ['fusioncenter0'], 'aggregate0': ['simpledetector0', 'astutedetector0'], 'simpledetector2': ['fusioncenter2'], 'astutedetector2': ['fusioncenter2'], 'astutedetector0': ['fusioncenter0']}
task order ['localpro', 'aggregate0', 'aggregate1', 'aggregate2', 'simpledetector0', 'simpledetector1', 'simpledetector2', 'astutedetector0', 'astutedetector1', 'astutedetector2', 'fusioncenter0', 'fusioncenter1', 'fusioncenter2', 'globalfusion']
super tasks []
---------------------------------------------

 Create input HEFT file 

No available profiling information
---------------------------------------------

 Step 1: Read task list from DAG file and global information 

5
[['node2', '10.110.22.125'], ['node3', '10.100.135.138'], ['node4', '10.105.17.239'], ['node5', '10.108.202.177'], ['node6', '10.101.235.45']]
10.105.80.122
Num nodes :5
{'10.110.22.125': 'node2', '10.108.202.177': 'node5', '10.105.17.239': 'node4', '10.101.235.45': 'node6', '10.100.135.138': 'node3'}
['node2', 'node3', 'node4', 'node5', 'node6']
------------------------------------------------------------

 Step 2: Read network profiler information : 

------------------------------------------------------------

 Step 3: Read execution Profiler Information : 

[['node2', '10.110.22.125'], ['node3', '10.100.135.138'], ['node4', '10.105.17.239'], ['node5', '10.108.202.177'], ['node6', '10.101.235.45']]
Check Network Profiler IP: node2-10.110.22.125
Database(MongoClient(host=['10.105.80.122:6200'], document_class=dict, tz_aware=False, connect=True), 'execution_profiler')
Current number of updated execution profilers:
6
--- Check execution profiler ID : home
--- Check execution profiler ID : node3
--- Check execution profiler ID : node5
--- Check execution profiler ID : node2
--- Check execution profiler ID : node4
--- Check execution profiler ID : node6
Execution information has already been provided
--- Number of neighbors: 5
Check Network Profiler IP: node3-10.100.135.138
--- Number of neighbors: 5
Check Network Profiler IP: node4-10.105.17.239
--- Number of neighbors: 5
Check Network Profiler IP: node5-10.108.202.177
--- Number of neighbors: 5
Check Network Profiler IP: node6-10.101.235.45
--- Number of neighbors: 5
Network information has already been provided
['home', 'localpro', '15', '986.736']
['home', 'aggregate0', '15', '701.92']
['home', 'aggregate1', '15', '127.048']
['home', 'aggregate2', '15', '157.768']
['home', 'simpledetector0', '15', '7.616']
['home', 'simpledetector1', '15', '7.616']
['home', 'simpledetector2', '15', '7.168']
['home', 'astutedetector0', '15', '4.152']
['home', 'astutedetector1', '15', '3.48']
['home', 'astutedetector2', '15', '4.728']
['home', 'fusioncenter0', '10', '0.984']
['home', 'fusioncenter1', '10', '0.44']
['home', 'fusioncenter2', '10', '0.792']
['home', 'globalfusion', '10', '1.336']
['localpro', 'aggregate0', 'aggregate1', 'aggregate2', 'simpledetector0', 'simpledetector1', 'simpledetector2', 'astutedetector0', 'astutedetector1', 'astutedetector2', 'fusioncenter0', 'fusioncenter1', 'fusioncenter2', 'globalfusion']
{'globalfusion': 't0_13', 'fusioncenter1': 't0_11', 'aggregate1': 't0_2', 'fusioncenter2': 't0_12', 'localpro': 't0_0', 'astutedetector1': 't0_8', 'simpledetector1': 't0_5', 'aggregate2': 't0_3', 'fusioncenter0': 't0_10', 'simpledetector0': 't0_4', 'aggregate0': 't0_1', 'simpledetector2': 't0_6', 'astutedetector2': 't0_9', 'astutedetector0': 't0_7'}
{'globalfusion': 13, 'fusioncenter1': 11, 'aggregate1': 2, 'fusioncenter2': 12, 'localpro': 0, 'astutedetector1': 8, 'simpledetector1': 5, 'aggregate2': 3, 'fusioncenter0': 10, 'simpledetector0': 4, 'aggregate0': 1, 'simpledetector2': 6, 'astutedetector2': 9, 'astutedetector0': 7}
{'globalfusion': '1.312', 'fusioncenter1': '0.44', 'aggregate1': '127.048', 'fusioncenter2': '0.768', 'localpro': '986.736', 'astutedetector1': '3.48', 'simpledetector1': '7.616', 'aggregate2': '157.768', 'fusioncenter0': '0.984', 'simpledetector0': '7.616', 'aggregate0': '701.92', 'simpledetector2': '7.168', 'astutedetector2': '4.704', 'astutedetector0': '4.152'}
[[150, 150, 150, 150, 150], [150, 150, 150, 150, 150], [150, 150, 150, 150, 150], [150, 150, 150, 150, 150], [150, 150, 150, 150, 150], [150, 150, 150, 150, 150], [150, 150, 150, 150, 150], [150, 150, 150, 150, 150], [150, 150, 150, 150, 150], [150, 150, 150, 150, 150], [100, 100, 100, 100, 100], [100, 100, 100, 100, 100], [100, 100, 100, 100, 100], [100, 100, 100, 100, 100]]
	TASK localpro	TYPE 0 

	TASK aggregate0	TYPE 1 

	TASK aggregate1	TYPE 2 

	TASK aggregate2	TYPE 3 

	TASK simpledetector0	TYPE 4 

	TASK simpledetector1	TYPE 5 

	TASK simpledetector2	TYPE 6 

	TASK astutedetector0	TYPE 7 

	TASK astutedetector1	TYPE 8 

	TASK astutedetector2	TYPE 9 

	TASK fusioncenter0	TYPE 10 

	TASK fusioncenter1	TYPE 11 

	TASK fusioncenter2	TYPE 12 

	TASK globalfusion	TYPE 13 

task_names: ['localpro', 'aggregate0', 'aggregate1', 'aggregate2', 'simpledetector0', 'simpledetector1', 'simpledetector2', 'astutedetector0', 'astutedetector1', 'astutedetector2', 'fusioncenter0', 'fusioncenter1', 'fusioncenter2', 'globalfusion']
==================
Checking the written information
14
[<map object at 0x7f79262c6710>, <map object at 0x7f79262c6908>, <map object at 0x7f79262c6a90>, <map object at 0x7f79262c6c18>, <map object at 0x7f79262c6da0>, <map object at 0x7f79262c6f28>, <map object at 0x7f79262c80f0>, <map object at 0x7f79262c8278>, <map object at 0x7f79262c8400>, <map object at 0x7f79262c8588>, <map object at 0x7f79262c8748>, <map object at 0x7f79262c8908>, <map object at 0x7f79262c8ac8>, <map object at 0x7f79262c8c88>]
[[0, 1, 1, 1, 1], [1, 0, 1, 1, 1], [1, 1, 0, 1, 1], [1, 1, 1, 0, 1], [1, 1, 1, 1, 0]]
[[-1, 986, 986, 986, -1, -1, -1, -1, -1, -1, -1, -1, -1, -1], [-1, -1, -1, -1, 701, -1, -1, 701, -1, -1, -1, -1, -1, -1], [-1, -1, -1, -1, -1, 127, -1, -1, 127, -1, -1, -1, -1, -1], [-1, -1, -1, -1, -1, -1, 157, -1, -1, 157, -1, -1, -1, -1], [-1, -1, -1, -1, -1, -1, -1, -1, -1, -1, 7, -1, -1, -1], [-1, -1, -1, -1, -1, -1, -1, -1, -1, -1, -1, 7, -1, -1], [-1, -1, -1, -1, -1, -1, -1, -1, -1, -1, -1, -1, 7, -1], [-1, -1, -1, -1, -1, -1, -1, -1, -1, -1, 4, -1, -1, -1], [-1, -1, -1, -1, -1, -1, -1, -1, -1, -1, -1, 3, -1, -1], [-1, -1, -1, -1, -1, -1, -1, -1, -1, -1, -1, -1, 4, -1], [-1, -1, -1, -1, -1, -1, -1, -1, -1, -1, -1, -1, -1, 0], [-1, -1, -1, -1, -1, -1, -1, -1, -1, -1, -1, -1, -1, 0], [-1, -1, -1, -1, -1, -1, -1, -1, -1, -1, -1, -1, -1, 0], [-1, -1, -1, -1, -1, -1, -1, -1, -1, -1, -1, -1, -1, -1]]
[[(0, 0, 0), (-1.2257071713265954e-06, 0.11946300550112295, 2240.4904225859177), (-1.1204225227550338e-06, 0.12579137678068805, 2668.9524877132503), (-9.783477797582493e-07, 0.09614992392858265, 2293.9654484148155), (-3.942492050130908e-05, 0.380411522633742, 1327.569397680509)], [(-9.193475018238042e-07, 0.09833406023940626, 2434.91304589775), (0, 0, 0), (-1.3099791723285308e-06, 0.13025780842264598, 2505.9248238754553), (-9.131143483643524e-08, 0.009351440143830044, 293.25396546166235), (-7.999384654391944e-07, 0.07818381029269857, 1449.4029525577675)], [(-8.169994334260378e-07, 0.10245743114797407, 2802.4551108014016), (-9.088277042993605e-07, 0.1084817268939532, 2537.349909389277), (0, 0, 0), (-1.0245792303045847e-06, 0.11726931473237913, 2325.6200033896303), (0.00027549200066576194, -1.9288988151840614, 5628.444458264245)], [(-7.610783635464726e-07, 0.07666264507572862, 2375.3749107265726), (-6.622326449213509e-08, 0.008197274045942322, 263.0454246748273), (-1.0448691232329538e-06, 0.11844775317861454, 2367.5970847132), (0, 0, 0), (-6.222980122932451e-07, 0.0685361395782709, 1339.6706334334647)], [(-5.925914150348004e-07, 0.06184317169401806, 1384.3306835632552), (-6.160518409286416e-07, 0.06128522158783914, 1578.2150046244878), (-6.80439313781153e-05, 1.6877697751355853, 4561.337989218395), (-5.860967526461896e-07, 0.06013564577134017, 1324.417610295508), (0, 0, 0)]]
	TASK localpro	TYPE 0 

	TASK aggregate0	TYPE 1 

	TASK aggregate1	TYPE 2 

	TASK aggregate2	TYPE 3 

	TASK simpledetector0	TYPE 4 

	TASK simpledetector1	TYPE 5 

	TASK simpledetector2	TYPE 6 

	TASK astutedetector0	TYPE 7 

	TASK astutedetector1	TYPE 8 

	TASK astutedetector2	TYPE 9 

	TASK fusioncenter0	TYPE 10 

	TASK fusioncenter1	TYPE 11 

	TASK fusioncenter2	TYPE 12 

	TASK globalfusion	TYPE 13 

('task_names:', ['localpro', 'aggregate0', 'aggregate1', 'aggregate2', 'simpledetector0', 'simpledetector1', 'simpledetector2', 'astutedetector0', 'astutedetector1', 'astutedetector2', 'fusioncenter0', 'fusioncenter1', 'fusioncenter2', 'globalfusion'])
==================
(0, 1)
(1, 1)
(2, 1)
(3, 1)
(4, 1)
(0, 3)
(1, 3)
(2, 3)
(3, 3)
(4, 3)
(0, 2)
(1, 2)
(2, 2)
(3, 2)
(4, 2)
(0, 4)
(1, 4)
(2, 4)
(3, 4)
(4, 4)
(0, 5)
(1, 5)
(2, 5)
(3, 5)
(4, 5)
(0, 6)
(1, 6)
(2, 6)
(3, 6)
(4, 6)
(0, 7)
(1, 7)
(2, 7)
(3, 7)
(4, 7)
(0, 9)
(1, 9)
(2, 9)
(3, 9)
(4, 9)
(0, 8)
(1, 8)
(2, 8)
(3, 8)
(4, 8)
(0, 10)
(1, 10)
(2, 10)
(3, 10)
(4, 10)
(0, 11)
(1, 11)
(2, 11)
(3, 11)
(4, 11)
(0, 12)
(1, 12)
(2, 12)
(3, 12)
(4, 12)
(0, 13)
(1, 13)
(2, 13)
(3, 13)
(4, 13)
Assign random master and slaves
task 0 : up_rank = 9535.612785, down_rank = 0.000000
task 1 : up_rank = 7115.083712, down_rank = 2420.529073
task 3 : up_rank = 7068.497613, down_rank = 2420.529073
task 2 : up_rank = 7066.061584, down_rank = 2420.529073
task 4 : up_rank = 4720.786561, down_rank = 4814.826225
task 5 : up_rank = 4720.786561, down_rank = 4765.804096
task 6 : up_rank = 4720.786561, down_rank = 4768.240125
task 7 : up_rank = 4720.549286, down_rank = 4814.826225
task 9 : up_rank = 4720.549286, down_rank = 4768.240125
task 8 : up_rank = 4720.470226, down_rank = 4765.804096
task 10 : up_rank = 2385.116568, down_rank = 7150.496217
task 11 : up_rank = 2385.116568, down_rank = 7101.474089
task 12 : up_rank = 2385.116568, down_rank = 7103.910118
task 13 : up_rank = 100.000000, down_rank = 9435.612785
node2:
task 1 : ast = 0, aft = 150
task 2 : ast = 150, aft = 300
task 4 : ast = 300, aft = 450
task 3 : ast = 450, aft = 600
task 5 : ast = 600, aft = 750
task 6 : ast = 750, aft = 900
task 7 : ast = 900, aft = 1050
task 8 : ast = 1050, aft = 1200
task 10 : ast = 1200, aft = 1350
task 9 : ast = 1350, aft = 1500
task 11 : ast = 1500, aft = 1600
task 12 : ast = 1600, aft = 1700
task 13 : ast = 1700, aft = 1800
task 14 : ast = 1800, aft = 1900
node3:
node4:
node5:
node6:
makespan = 1900
{'simpledetector2': 'node2', 'simpledetector1': 'node2', 'simpledetector0': 'node2', 'globalfusion': 'node2', 'aggregate1': 'node2', 'aggregate0': 'node2', 'aggregate2': 'node2', 'localpro': 'node2', 'astutedetector1': 'node2', 'astutedetector0': 'node2', 'astutedetector2': 'node2', 'fusioncenter0': 'node2', 'fusioncenter1': 'node2', 'fusioncenter2': 'node2'}
 * Serving Flask app "master" (lazy loading)
 * Environment: production
   WARNING: Do not use the development server in a production environment.
   Use a production WSGI server instead.
 * Debug mode: off
 * Running on http://0.0.0.0:8888/ (Press CTRL+C to quit)
('Recieved request for current mapping. Current mappings done:', 14)
{'simpledetector2': 'node2', 'simpledetector1': 'node2', 'simpledetector0': 'node2', 'globalfusion': 'node2', 'aggregate1': 'node2', 'aggregate0': 'node2', 'aggregate2': 'node2', 'localpro': 'node2', 'astutedetector1': 'node2', 'astutedetector0': 'node2', 'astutedetector2': 'node2', 'fusioncenter0': 'node2', 'fusioncenter1': 'node2', 'fusioncenter2': 'node2'}
10.244.0.0 - - [14/Nov/2018 00:10:33] "GET / HTTP/1.1" 200 -
