 * Starting OpenBSD Secure Shell server sshd
   ...done.
-------------------------------------
Automatically generating HEFT input
-------------------------------------
Perform HEFT scheduling
read_input_heft.py:194: SyntaxWarning: name 'MONGO_SVC_PORT' is assigned to before global declaration
  global profiler_ip,exec_home_ip,num_nodes,MONGO_SVC_PORT,network_map,node_list, home_profiler_ip
('tasks: ', {'simpledetector2': ['fusioncenter2'], 'simpledetector1': ['fusioncenter1'], 'simpledetector0': ['fusioncenter0'], 'globalfusion': [], 'aggregate1': ['simpledetector1', 'astutedetector1'], 'aggregate0': ['simpledetector0', 'astutedetector0'], 'aggregate2': ['simpledetector2', 'astutedetector2'], 'localpro': ['aggregate0', 'aggregate1', 'aggregate2'], 'astutedetector1': ['fusioncenter1'], 'astutedetector0': ['fusioncenter0'], 'astutedetector2': ['fusioncenter2'], 'fusioncenter0': ['globalfusion'], 'fusioncenter1': ['globalfusion'], 'fusioncenter2': ['globalfusion']})
('task order', ['localpro', 'aggregate0', 'aggregate1', 'aggregate2', 'simpledetector0', 'simpledetector1', 'simpledetector2', 'astutedetector0', 'astutedetector1', 'astutedetector2', 'fusioncenter0', 'fusioncenter1', 'fusioncenter2', 'globalfusion'])
('super tasks', [])
('non tasks', [])
No input TGFF file found!
---------------------------------------------

 Step 1: Read task list from DAG file and global information 

4
[['node2', '10.111.179.217'], ['node3', '10.97.238.165'], ['node4', '10.105.212.45'], ['node5', '10.111.61.191']]
10.101.209.206
Num nodes :4
{'10.111.179.217': 'node2', '10.105.212.45': 'node4', '10.111.61.191': 'node5', '10.97.238.165': 'node3'}
['node2', 'node3', 'node4', 'node5']
------------------------------------------------------------

 Step 2: Read network profiler information : 

------------------------------------------------------------

 Step 3: Read execution Profiler Information : 

[['node2', '10.111.179.217'], ['node3', '10.97.238.165'], ['node4', '10.105.212.45'], ['node5', '10.111.61.191']]
Check Network Profiler IP: node2-10.111.179.217
Database(MongoClient(host=['10.101.209.206:6200'], document_class=dict, tz_aware=False, connect=True), 'execution_profiler')
---------------------------------------------

 Read task list from DAG file, Non-DAG info and global information 

Current number of updated execution profilers:
tasks:  {'fusioncenter0': ['globalfusion'], 'simpledetector0': ['fusioncenter0'], 'simpledetector2': ['fusioncenter2'], 'fusioncenter2': ['globalfusion'], 'localpro': ['aggregate0', 'aggregate1', 'aggregate2'], 'astutedetector2': ['fusioncenter2'], 'aggregate0': ['simpledetector0', 'astutedetector0'], 'aggregate1': ['simpledetector1', 'astutedetector1'], 'simpledetector1': ['fusioncenter1'], 'fusioncenter1': ['globalfusion'], 'astutedetector1': ['fusioncenter1'], 'globalfusion': [], 'astutedetector0': ['fusioncenter0'], 'aggregate2': ['simpledetector2', 'astutedetector2']}
5
--- Check execution profiler ID : home
task order ['localpro', 'aggregate0', 'aggregate1', 'aggregate2', 'simpledetector0', 'simpledetector1', 'simpledetector2', 'astutedetector0', 'astutedetector1', 'astutedetector2', 'fusioncenter0', 'fusioncenter1', 'fusioncenter2', 'globalfusion']
super tasks []
---------------------------------------------

 Create input HEFT file 

No available profiling information
--- Number of neighbors: 4
--- Check execution profiler ID : node3
--- Check execution profiler ID : node4
Check Network Profiler IP: node3-10.97.238.165
--- Check execution profiler ID : node5
--- Check execution profiler ID : node2
Execution information has already been provided
--- Number of neighbors: 4
Check Network Profiler IP: node4-10.105.212.45
--- Number of neighbors: 4
Check Network Profiler IP: node5-10.111.61.191
--- Number of neighbors: 4
Network information has already been provided
['home', 'localpro', '15', '986.736']
['home', 'aggregate0', '15', '701.92']
['home', 'aggregate1', '15', '127.048']
['home', 'aggregate2', '15', '157.768']
['home', 'simpledetector0', '15', '7.616']
['home', 'simpledetector1', '15', '7.616']
['home', 'simpledetector2', '15', '7.168']
['home', 'astutedetector0', '15', '4.152']
['home', 'astutedetector1', '15', '3.48']
['home', 'astutedetector2', '15', '4.728']
['home', 'fusioncenter0', '10', '0.984']
['home', 'fusioncenter1', '10', '0.44']
['home', 'fusioncenter2', '10', '0.792']
['home', 'globalfusion', '10', '1.336']
['localpro', 'aggregate0', 'aggregate1', 'aggregate2', 'simpledetector0', 'simpledetector1', 'simpledetector2', 'astutedetector0', 'astutedetector1', 'astutedetector2', 'fusioncenter0', 'fusioncenter1', 'fusioncenter2', 'globalfusion']
{'fusioncenter0': 't0_10', 'simpledetector0': 't0_4', 'simpledetector2': 't0_6', 'fusioncenter2': 't0_12', 'localpro': 't0_0', 'astutedetector2': 't0_9', 'aggregate0': 't0_1', 'aggregate1': 't0_2', 'simpledetector1': 't0_5', 'fusioncenter1': 't0_11', 'astutedetector1': 't0_8', 'globalfusion': 't0_13', 'astutedetector0': 't0_7', 'aggregate2': 't0_3'}
{'fusioncenter0': 10, 'simpledetector0': 4, 'simpledetector2': 6, 'fusioncenter2': 12, 'localpro': 0, 'astutedetector2': 9, 'aggregate0': 1, 'aggregate1': 2, 'simpledetector1': 5, 'fusioncenter1': 11, 'astutedetector1': 8, 'globalfusion': 13, 'astutedetector0': 7, 'aggregate2': 3}
{'fusioncenter0': '0.984', 'simpledetector0': '7.616', 'simpledetector2': '7.168', 'fusioncenter2': '0.792', 'localpro': '986.736', 'astutedetector2': '4.728', 'aggregate0': '701.92', 'aggregate1': '127.048', 'simpledetector1': '7.616', 'fusioncenter1': '0.44', 'astutedetector1': '3.48', 'globalfusion': '1.336', 'astutedetector0': '4.152', 'aggregate2': '157.768'}
[[150, 150, 150, 150], [150, 150, 150, 150], [150, 150, 150, 150], [150, 150, 150, 150], [150, 150, 150, 150], [150, 150, 150, 150], [150, 150, 150, 150], [150, 150, 150, 150], [150, 150, 150, 150], [150, 150, 150, 150], [100, 100, 100, 100], [100, 100, 100, 100], [100, 100, 100, 100], [100, 100, 100, 100]]
	TASK localpro	TYPE 0 

	TASK aggregate0	TYPE 1 

	TASK aggregate1	TYPE 2 

	TASK aggregate2	TYPE 3 

	TASK simpledetector0	TYPE 4 

	TASK simpledetector1	TYPE 5 

	TASK simpledetector2	TYPE 6 

	TASK astutedetector0	TYPE 7 

	TASK astutedetector1	TYPE 8 

	TASK astutedetector2	TYPE 9 

	TASK fusioncenter0	TYPE 10 

	TASK fusioncenter1	TYPE 11 

	TASK fusioncenter2	TYPE 12 

	TASK globalfusion	TYPE 13 

task_names: ['localpro', 'aggregate0', 'aggregate1', 'aggregate2', 'simpledetector0', 'simpledetector1', 'simpledetector2', 'astutedetector0', 'astutedetector1', 'astutedetector2', 'fusioncenter0', 'fusioncenter1', 'fusioncenter2', 'globalfusion']
==================
Checking the written information
14
[<map object at 0x7f4bec6f18d0>, <map object at 0x7f4bec6f1b00>, <map object at 0x7f4bec6f1c50>, <map object at 0x7f4bec6f1da0>, <map object at 0x7f4bec6f1ef0>, <map object at 0x7f4bec6f4080>, <map object at 0x7f4bec6f41d0>, <map object at 0x7f4bec6f4320>, <map object at 0x7f4bec6f4470>, <map object at 0x7f4bec6f45c0>, <map object at 0x7f4bec6f4748>, <map object at 0x7f4bec6f48d0>, <map object at 0x7f4bec6f4a58>, <map object at 0x7f4bec6f4be0>]
[[0, 1, 1, 1], [1, 0, 1, 1], [1, 1, 0, 1], [1, 1, 1, 0]]
[[-1, 986, 986, 986, -1, -1, -1, -1, -1, -1, -1, -1, -1, -1], [-1, -1, -1, -1, 701, -1, -1, 701, -1, -1, -1, -1, -1, -1], [-1, -1, -1, -1, -1, 127, -1, -1, 127, -1, -1, -1, -1, -1], [-1, -1, -1, -1, -1, -1, 157, -1, -1, 157, -1, -1, -1, -1], [-1, -1, -1, -1, -1, -1, -1, -1, -1, -1, 7, -1, -1, -1], [-1, -1, -1, -1, -1, -1, -1, -1, -1, -1, -1, 7, -1, -1], [-1, -1, -1, -1, -1, -1, -1, -1, -1, -1, -1, -1, 7, -1], [-1, -1, -1, -1, -1, -1, -1, -1, -1, -1, 4, -1, -1, -1], [-1, -1, -1, -1, -1, -1, -1, -1, -1, -1, -1, 3, -1, -1], [-1, -1, -1, -1, -1, -1, -1, -1, -1, -1, -1, -1, 4, -1], [-1, -1, -1, -1, -1, -1, -1, -1, -1, -1, -1, -1, -1, 0], [-1, -1, -1, -1, -1, -1, -1, -1, -1, -1, -1, -1, -1, 0], [-1, -1, -1, -1, -1, -1, -1, -1, -1, -1, -1, -1, -1, 0], [-1, -1, -1, -1, -1, -1, -1, -1, -1, -1, -1, -1, -1, -1]]
[[(0, 0, 0), (8.581054216545707e-09, 0.0003563379443462832, 142.59235404054465), (-9.522550994505765e-09, 0.0018359417584177223, 143.06700653062455), (-1.6349405132817317e-08, 0.002660778533665397, 143.77351275782937)], [(2.0913469231792863e-08, -0.0005035337317387064, 152.4387008872792), (0, 0, 0), (5.202985929783352e-09, 0.0008154093792426696, 145.46839723372065), (3.586229798850496e-09, 0.0012215309422343834, 143.29320748146336)], [(-1.65807371527945e-08, 0.0023850307953718415, 139.9809208148041), (-2.1131140108484976e-08, 0.0031260927470443977, 135.65223822160834), (0, 0, 0), (3.351454463211224e-09, 0.0005449166015324043, 152.9561751524458)], [(-9.182756363724211e-09, 0.0019816936711188403, 142.73414703832762), (-2.669634064060309e-07, 0.022934264038974302, 133.82467777072353), (-6.142307667004131e-08, 0.006298563187022607, 147.4728084071578), (0, 0, 0)]]
	TASK localpro	TYPE 0 

	TASK aggregate0	TYPE 1 

	TASK aggregate1	TYPE 2 

	TASK aggregate2	TYPE 3 

	TASK simpledetector0	TYPE 4 

	TASK simpledetector1	TYPE 5 

	TASK simpledetector2	TYPE 6 

	TASK astutedetector0	TYPE 7 

	TASK astutedetector1	TYPE 8 

	TASK astutedetector2	TYPE 9 

	TASK fusioncenter0	TYPE 10 

	TASK fusioncenter1	TYPE 11 

	TASK fusioncenter2	TYPE 12 

	TASK globalfusion	TYPE 13 

('task_names:', ['localpro', 'aggregate0', 'aggregate1', 'aggregate2', 'simpledetector0', 'simpledetector1', 'simpledetector2', 'astutedetector0', 'astutedetector1', 'astutedetector2', 'fusioncenter0', 'fusioncenter1', 'fusioncenter2', 'globalfusion'])
==================
(0, 1)
(1, 1)
(2, 1)
(3, 1)
(0, 3)
(1, 3)
(2, 3)
(3, 3)
(0, 2)
(1, 2)
(2, 2)
(3, 2)
(0, 4)
(1, 4)
(2, 4)
(3, 4)
(0, 5)
(1, 5)
(2, 5)
(3, 5)
(0, 6)
(1, 6)
(2, 6)
(3, 6)
(0, 7)
(1, 7)
(2, 7)
(3, 7)
(0, 9)
(1, 9)
(2, 9)
(3, 9)
(0, 8)
(1, 8)
(2, 8)
(3, 8)
(0, 10)
(1, 10)
(2, 10)
(3, 10)
(0, 11)
(1, 11)
(2, 11)
(3, 11)
(0, 12)
(1, 12)
(2, 12)
(3, 12)
(0, 13)
(1, 13)
(2, 13)
(3, 13)
task 0 dup on node2
task 0 dup on node3
Assign random master and slaves
task 0 : up_rank = 1230.537115, down_rank = 0.000000
task 1 : up_rank = 933.374577, down_rank = 297.162538
task 3 : up_rank = 931.409443, down_rank = 297.162538
task 2 : up_rank = 931.300555, down_rank = 297.162538
task 4 : up_rank = 637.234490, down_rank = 593.302626
task 5 : up_rank = 637.234490, down_rank = 591.228603
task 6 : up_rank = 637.234490, down_rank = 591.337491
task 7 : up_rank = 637.223576, down_rank = 593.302626
task 9 : up_rank = 637.223576, down_rank = 591.337491
task 8 : up_rank = 637.219938, down_rank = 591.228603
task 10 : up_rank = 343.604512, down_rank = 886.932603
task 11 : up_rank = 343.604512, down_rank = 884.858581
task 12 : up_rank = 343.604512, down_rank = 884.967468
task 13 : up_rank = 100.000000, down_rank = 1130.537115
node2:
task 1 : ast = 0, aft = 150
task 2 : ast = 150, aft = 300
task 5 : ast = 300, aft = 450
task 9 : ast = 450, aft = 600
task 12 : ast = 600, aft = 700
node3:
task 4 : ast = 150, aft = 300
task 7 : ast = 300, aft = 450
task 10 : ast = 450, aft = 600
task 13 : ast = 600, aft = 700
task 14 : ast = 842, aft = 942
node4:
task 3 : ast = 150, aft = 300
task 6 : ast = 300, aft = 450
node5:
task 8 : ast = 445, aft = 595
task 11 : ast = 595, aft = 695
redundant task 1 on node3
redundant task 1 on node4
makespan = 942
{'simpledetector2': 'node3', 'simpledetector1': 'node4', 'simpledetector0': 'node2', 'globalfusion': 'node3', 'aggregate1': 'node4', 'aggregate0': 'node2', 'aggregate2': 'node3', 'localpro': 'node2', 'astutedetector1': 'node2', 'astutedetector0': 'node5', 'astutedetector2': 'node3', 'fusioncenter0': 'node5', 'fusioncenter1': 'node2', 'fusioncenter2': 'node3'}
 * Serving Flask app "master" (lazy loading)
 * Environment: production
   WARNING: Do not use the development server in a production environment.
   Use a production WSGI server instead.
 * Debug mode: off
 * Running on http://0.0.0.0:8888/ (Press CTRL+C to quit)
('Recieved request for current mapping. Current mappings done:', 14)
{'simpledetector2': 'node3', 'simpledetector1': 'node4', 'simpledetector0': 'node2', 'globalfusion': 'node3', 'aggregate1': 'node4', 'aggregate0': 'node2', 'aggregate2': 'node3', 'localpro': 'node2', 'astutedetector1': 'node2', 'astutedetector0': 'node5', 'astutedetector2': 'node3', 'fusioncenter0': 'node5', 'fusioncenter1': 'node2', 'fusioncenter2': 'node3'}
10.244.0.0 - - [30/Oct/2018 21:08:55] "GET / HTTP/1.1" 200 -
