 * Starting OpenBSD Secure Shell server sshd
   ...done.
-------------------------------------
Automatically generating HEFT input
-------------------------------------
Perform HEFT scheduling
read_input_heft.py:194: SyntaxWarning: name 'MONGO_SVC_PORT' is assigned to before global declaration
  global profiler_ip,exec_home_ip,num_nodes,MONGO_SVC_PORT,network_map,node_list, home_profiler_ip
('tasks: ', {'simpledetector2': ['fusioncenter2'], 'simpledetector1': ['fusioncenter1'], 'simpledetector0': ['fusioncenter0'], 'globalfusion': [], 'aggregate1': ['simpledetector1', 'astutedetector1'], 'aggregate0': ['simpledetector0', 'astutedetector0'], 'aggregate2': ['simpledetector2', 'astutedetector2'], 'localpro': ['aggregate0', 'aggregate1', 'aggregate2'], 'astutedetector1': ['fusioncenter1'], 'astutedetector0': ['fusioncenter0'], 'astutedetector2': ['fusioncenter2'], 'fusioncenter0': ['globalfusion'], 'fusioncenter1': ['globalfusion'], 'fusioncenter2': ['globalfusion']})
('task order', ['localpro', 'aggregate0', 'aggregate1', 'aggregate2', 'simpledetector0', 'simpledetector1', 'simpledetector2', 'astutedetector0', 'astutedetector1', 'astutedetector2', 'fusioncenter0', 'fusioncenter1', 'fusioncenter2', 'globalfusion'])
('super tasks', [])
('non tasks', [])
No input TGFF file found!
---------------------------------------------

 Read task list from DAG file, Non-DAG info and global information 

tasks:  {'simpledetector0': ['fusioncenter0'], 'aggregate0': ['simpledetector0', 'astutedetector0'], 'localpro': ['aggregate0', 'aggregate1', 'aggregate2'], 'astutedetector1': ['fusioncenter1'], 'fusioncenter0': ['globalfusion'], 'globalfusion': [], 'aggregate2': ['simpledetector2', 'astutedetector2'], 'astutedetector0': ['fusioncenter0'], 'aggregate1': ['simpledetector1', 'astutedetector1'], 'simpledetector2': ['fusioncenter2'], 'fusioncenter1': ['globalfusion'], 'astutedetector2': ['fusioncenter2'], 'simpledetector1': ['fusioncenter1'], 'fusioncenter2': ['globalfusion']}
task order ['localpro', 'aggregate0', 'aggregate1', 'aggregate2', 'simpledetector0', 'simpledetector1', 'simpledetector2', 'astutedetector0', 'astutedetector1', 'astutedetector2', 'fusioncenter0', 'fusioncenter1', 'fusioncenter2', 'globalfusion']
super tasks []
---------------------------------------------

 Create input HEFT file 

No available profiling information
---------------------------------------------

 Step 1: Read task list from DAG file and global information 

5
[['node2', '10.110.22.125'], ['node3', '10.100.135.138'], ['node4', '10.105.17.239'], ['node5', '10.108.202.177'], ['node6', '10.101.235.45']]
10.105.80.122
Num nodes :5
{'10.105.17.239': 'node4', '10.100.135.138': 'node3', '10.101.235.45': 'node6', '10.110.22.125': 'node2', '10.108.202.177': 'node5'}
['node2', 'node3', 'node4', 'node5', 'node6']
------------------------------------------------------------

 Step 2: Read network profiler information : 

------------------------------------------------------------

 Step 3: Read execution Profiler Information : 

[['node2', '10.110.22.125'], ['node3', '10.100.135.138'], ['node4', '10.105.17.239'], ['node5', '10.108.202.177'], ['node6', '10.101.235.45']]
Check Network Profiler IP: node2-10.110.22.125
Database(MongoClient(host=['10.105.80.122:6200'], document_class=dict, tz_aware=False, connect=True), 'execution_profiler')
--- Number of neighbors: 5
Current number of updated execution profilers:
6
--- Check execution profiler ID : home
--- Check execution profiler ID : node3
Check Network Profiler IP: node3-10.100.135.138
--- Check execution profiler ID : node5
--- Check execution profiler ID : node2
--- Check execution profiler ID : node4
--- Check execution profiler ID : node6
Execution information has already been provided
--- Number of neighbors: 5
Check Network Profiler IP: node4-10.105.17.239
--- Number of neighbors: 5
Check Network Profiler IP: node5-10.108.202.177
--- Number of neighbors: 5
Check Network Profiler IP: node6-10.101.235.45
--- Number of neighbors: 5
Network information has already been provided
['home', 'localpro', '15', '986.736']
['home', 'aggregate0', '15', '701.92']
['home', 'aggregate1', '15', '127.048']
['home', 'aggregate2', '15', '157.768']
['home', 'simpledetector0', '15', '7.616']
['home', 'simpledetector1', '15', '7.616']
['home', 'simpledetector2', '15', '7.168']
['home', 'astutedetector0', '15', '4.152']
['home', 'astutedetector1', '15', '3.48']
['home', 'astutedetector2', '15', '4.728']
['home', 'fusioncenter0', '10', '0.984']
['home', 'fusioncenter1', '10', '0.44']
['home', 'fusioncenter2', '10', '0.792']
['home', 'globalfusion', '10', '1.336']
['localpro', 'aggregate0', 'aggregate1', 'aggregate2', 'simpledetector0', 'simpledetector1', 'simpledetector2', 'astutedetector0', 'astutedetector1', 'astutedetector2', 'fusioncenter0', 'fusioncenter1', 'fusioncenter2', 'globalfusion']
{'simpledetector0': 't0_4', 'aggregate0': 't0_1', 'localpro': 't0_0', 'astutedetector1': 't0_8', 'fusioncenter0': 't0_10', 'globalfusion': 't0_13', 'aggregate2': 't0_3', 'astutedetector0': 't0_7', 'aggregate1': 't0_2', 'simpledetector2': 't0_6', 'fusioncenter1': 't0_11', 'astutedetector2': 't0_9', 'simpledetector1': 't0_5', 'fusioncenter2': 't0_12'}
{'simpledetector0': 4, 'aggregate0': 1, 'localpro': 0, 'astutedetector1': 8, 'fusioncenter0': 10, 'globalfusion': 13, 'aggregate2': 3, 'astutedetector0': 7, 'aggregate1': 2, 'simpledetector2': 6, 'fusioncenter1': 11, 'astutedetector2': 9, 'simpledetector1': 5, 'fusioncenter2': 12}
{'simpledetector0': '7.616', 'aggregate0': '701.92', 'localpro': '986.736', 'astutedetector1': '3.48', 'fusioncenter0': '0.984', 'globalfusion': '1.312', 'aggregate2': '157.768', 'astutedetector0': '4.152', 'aggregate1': '127.048', 'simpledetector2': '7.168', 'fusioncenter1': '0.44', 'astutedetector2': '4.704', 'simpledetector1': '7.616', 'fusioncenter2': '0.768'}
[[150, 150, 150, 150, 150], [150, 150, 150, 150, 150], [150, 150, 150, 150, 150], [150, 150, 150, 150, 150], [150, 150, 150, 150, 150], [150, 150, 150, 150, 150], [150, 150, 150, 150, 150], [150, 150, 150, 150, 150], [150, 150, 150, 150, 150], [150, 150, 150, 150, 150], [100, 100, 100, 100, 100], [100, 100, 100, 100, 100], [100, 100, 100, 100, 100], [100, 100, 100, 100, 100]]
	TASK localpro	TYPE 0 

	TASK aggregate0	TYPE 1 

	TASK aggregate1	TYPE 2 

	TASK aggregate2	TYPE 3 

	TASK simpledetector0	TYPE 4 

	TASK simpledetector1	TYPE 5 

	TASK simpledetector2	TYPE 6 

	TASK astutedetector0	TYPE 7 

	TASK astutedetector1	TYPE 8 

	TASK astutedetector2	TYPE 9 

	TASK fusioncenter0	TYPE 10 

	TASK fusioncenter1	TYPE 11 

	TASK fusioncenter2	TYPE 12 

	TASK globalfusion	TYPE 13 

task_names: ['localpro', 'aggregate0', 'aggregate1', 'aggregate2', 'simpledetector0', 'simpledetector1', 'simpledetector2', 'astutedetector0', 'astutedetector1', 'astutedetector2', 'fusioncenter0', 'fusioncenter1', 'fusioncenter2', 'globalfusion']
==================
Checking the written information
14
[<map object at 0x7fe6c95e86a0>, <map object at 0x7fe6c95e8908>, <map object at 0x7fe6c95e8a90>, <map object at 0x7fe6c95e8c18>, <map object at 0x7fe6c95e8da0>, <map object at 0x7fe6c95e8f28>, <map object at 0x7fe6c95e90f0>, <map object at 0x7fe6c95e9278>, <map object at 0x7fe6c95e9400>, <map object at 0x7fe6c95e9588>, <map object at 0x7fe6c95e9748>, <map object at 0x7fe6c95e9908>, <map object at 0x7fe6c95e9ac8>, <map object at 0x7fe6c95e9c88>]
[[0, 1, 1, 1, 1], [1, 0, 1, 1, 1], [1, 1, 0, 1, 1], [1, 1, 1, 0, 1], [1, 1, 1, 1, 0]]
[[-1, 986, 986, 986, -1, -1, -1, -1, -1, -1, -1, -1, -1, -1], [-1, -1, -1, -1, 701, -1, -1, 701, -1, -1, -1, -1, -1, -1], [-1, -1, -1, -1, -1, 127, -1, -1, 127, -1, -1, -1, -1, -1], [-1, -1, -1, -1, -1, -1, 157, -1, -1, 157, -1, -1, -1, -1], [-1, -1, -1, -1, -1, -1, -1, -1, -1, -1, 7, -1, -1, -1], [-1, -1, -1, -1, -1, -1, -1, -1, -1, -1, -1, 7, -1, -1], [-1, -1, -1, -1, -1, -1, -1, -1, -1, -1, -1, -1, 7, -1], [-1, -1, -1, -1, -1, -1, -1, -1, -1, -1, 4, -1, -1, -1], [-1, -1, -1, -1, -1, -1, -1, -1, -1, -1, -1, 3, -1, -1], [-1, -1, -1, -1, -1, -1, -1, -1, -1, -1, -1, -1, 4, -1], [-1, -1, -1, -1, -1, -1, -1, -1, -1, -1, -1, -1, -1, 0], [-1, -1, -1, -1, -1, -1, -1, -1, -1, -1, -1, -1, -1, 0], [-1, -1, -1, -1, -1, -1, -1, -1, -1, -1, -1, -1, -1, 0], [-1, -1, -1, -1, -1, -1, -1, -1, -1, -1, -1, -1, -1, -1]]
[[(0, 0, 0), (-1.204310130661958e-06, 0.11645962271798536, 2353.590749182724), (-1.7052310453993134e-06, 0.1697453065173822, 2625.5774624440705), (-9.017972602573079e-07, 0.08897508802047127, 2316.2501563008495), (-3.710689627812786e-05, 0.365201789877834, 1307.2425573869152)], [(-1.1674959775958777e-06, 0.11840490453091962, 2303.272208495622), (0, 0, 0), (-1.280540669644522e-06, 0.1309647175057398, 2610.89700311388), (5.991629875986193e-08, -0.0015361809888917066, 326.4398497095252), (-6.195226511244618e-07, 0.06249113518837929, 1565.3030910924838)], [(-1.0726847871952372e-06, 0.13222057590465308, 2562.0449054171345), (-1.251647776781664e-06, 0.13417520743744035, 2629.7112541528595), (0, 0, 0), (-1.1479796556158237e-06, 0.12889875390580502, 2570.0540111385512), (-2.029914606871755e-05, 1.6862043468029755, 3317.9218760646486)], [(-6.127243349405232e-05, 0.5978571618751929, 2089.1075621198243), (-1.1118125701458827e-06, 0.014867283950617113, 278.81773288439956), (-1.365573064863855e-06, 0.14779994110882771, 2558.2650152196584), (0, 0, 0), (-3.846119168815115e-06, 0.3269138816382005, 1289.3856178229958)], [(-5.19683681162781e-07, 0.05510431488702952, 1399.4924601212933), (-5.171771743711449e-06, 0.4267082182334, 1428.0151172120595), (-1.4715790306995842e-06, 0.1702039382790823, 3806.8453294591027), (-5.593950609521526e-07, 0.05514036856733345, 1376.825499716462), (0, 0, 0)]]
	TASK localpro	TYPE 0 

	TASK aggregate0	TYPE 1 

	TASK aggregate1	TYPE 2 

	TASK aggregate2	TYPE 3 

	TASK simpledetector0	TYPE 4 

	TASK simpledetector1	TYPE 5 

	TASK simpledetector2	TYPE 6 

	TASK astutedetector0	TYPE 7 

	TASK astutedetector1	TYPE 8 

	TASK astutedetector2	TYPE 9 

	TASK fusioncenter0	TYPE 10 

	TASK fusioncenter1	TYPE 11 

	TASK fusioncenter2	TYPE 12 

	TASK globalfusion	TYPE 13 

('task_names:', ['localpro', 'aggregate0', 'aggregate1', 'aggregate2', 'simpledetector0', 'simpledetector1', 'simpledetector2', 'astutedetector0', 'astutedetector1', 'astutedetector2', 'fusioncenter0', 'fusioncenter1', 'fusioncenter2', 'globalfusion'])
==================
(0, 1)
(1, 1)
(2, 1)
(3, 1)
(4, 1)
(0, 3)
(1, 3)
(2, 3)
(3, 3)
(4, 3)
(0, 2)
(1, 2)
(2, 2)
(3, 2)
(4, 2)
(0, 4)
(1, 4)
(2, 4)
(3, 4)
(4, 4)
(0, 5)
(1, 5)
(2, 5)
(3, 5)
(4, 5)
(0, 6)
(1, 6)
(2, 6)
(3, 6)
(4, 6)
(0, 7)
(1, 7)
(2, 7)
(3, 7)
(4, 7)
(0, 9)
(1, 9)
(2, 9)
(3, 9)
(4, 9)
(0, 8)
(1, 8)
(2, 8)
(3, 8)
(4, 8)
(0, 10)
(1, 10)
(2, 10)
(3, 10)
(4, 10)
(0, 11)
(1, 11)
(2, 11)
(3, 11)
(4, 11)
(0, 12)
(1, 12)
(2, 12)
(3, 12)
(4, 12)
(0, 13)
(1, 13)
(2, 13)
(3, 13)
(4, 13)
 * Running on http://0.0.0.0:8888/ (Press CTRL+C to quit)
Assign random master and slaves
task 0 : up_rank = 9199.845666, down_rank = 0.000000
task 1 : up_rank = 6778.153399, down_rank = 2421.692267
task 3 : up_rank = 6647.482072, down_rank = 2421.692267
task 2 : up_rank = 6640.152796, down_rank = 2421.692267
task 4 : up_rank = 4423.229976, down_rank = 4776.615690
task 5 : up_rank = 4423.229976, down_rank = 4638.615087
task 6 : up_rank = 4423.229976, down_rank = 4645.944363
task 7 : up_rank = 4422.491192, down_rank = 4776.615690
task 9 : up_rank = 4422.491192, down_rank = 4645.944363
task 8 : up_rank = 4422.244902, down_rank = 4638.615087
task 10 : up_rank = 2235.752973, down_rank = 6964.092693
task 11 : up_rank = 2235.752973, down_rank = 6826.092090
task 12 : up_rank = 2235.752973, down_rank = 6833.421366
task 13 : up_rank = 100.000000, down_rank = 9099.845666
node2:
task 1 : ast = 0, aft = 150
task 2 : ast = 150, aft = 300
task 4 : ast = 300, aft = 450
task 3 : ast = 450, aft = 600
task 5 : ast = 600, aft = 750
task 6 : ast = 750, aft = 900
task 7 : ast = 900, aft = 1050
task 8 : ast = 1050, aft = 1200
task 10 : ast = 1200, aft = 1350
task 9 : ast = 1350, aft = 1500
task 11 : ast = 1500, aft = 1600
task 12 : ast = 1600, aft = 1700
task 13 : ast = 1700, aft = 1800
task 14 : ast = 1800, aft = 1900
node3:
node4:
node5:
node6:
makespan = 1900
{'simpledetector2': 'node2', 'simpledetector1': 'node2', 'simpledetector0': 'node2', 'globalfusion': 'node2', 'aggregate1': 'node2', 'aggregate0': 'node2', 'aggregate2': 'node2', 'localpro': 'node2', 'astutedetector1': 'node2', 'astutedetector0': 'node2', 'astutedetector2': 'node2', 'fusioncenter0': 'node2', 'fusioncenter1': 'node2', 'fusioncenter2': 'node2'}
 * Serving Flask app "master" (lazy loading)
 * Environment: production
   WARNING: Do not use the development server in a production environment.
   Use a production WSGI server instead.
 * Debug mode: off
10.244.0.0 - - [13/Nov/2018 18:02:48] "GET / HTTP/1.1" 200 -
('Recieved request for current mapping. Current mappings done:', 14)
{'simpledetector2': 'node2', 'simpledetector1': 'node2', 'simpledetector0': 'node2', 'globalfusion': 'node2', 'aggregate1': 'node2', 'aggregate0': 'node2', 'aggregate2': 'node2', 'localpro': 'node2', 'astutedetector1': 'node2', 'astutedetector0': 'node2', 'astutedetector2': 'node2', 'fusioncenter0': 'node2', 'fusioncenter1': 'node2', 'fusioncenter2': 'node2'}
