 * Starting OpenBSD Secure Shell server sshd
   ...done.
-------------------------------------
Automatically generating HEFT input
-------------------------------------
Perform HEFT scheduling
read_input_heft.py:194: SyntaxWarning: name 'MONGO_SVC_PORT' is assigned to before global declaration
  global profiler_ip,exec_home_ip,num_nodes,MONGO_SVC_PORT,network_map,node_list, home_profiler_ip
('tasks: ', {'simpledetector2': ['fusioncenter2'], 'simpledetector1': ['fusioncenter1'], 'simpledetector0': ['fusioncenter0'], 'globalfusion': [], 'aggregate1': ['simpledetector1', 'astutedetector1'], 'aggregate0': ['simpledetector0', 'astutedetector0'], 'aggregate2': ['simpledetector2', 'astutedetector2'], 'localpro': ['aggregate0', 'aggregate1', 'aggregate2'], 'astutedetector1': ['fusioncenter1'], 'astutedetector0': ['fusioncenter0'], 'astutedetector2': ['fusioncenter2'], 'fusioncenter0': ['globalfusion'], 'fusioncenter1': ['globalfusion'], 'fusioncenter2': ['globalfusion']})
('task order', ['localpro', 'aggregate0', 'aggregate1', 'aggregate2', 'simpledetector0', 'simpledetector1', 'simpledetector2', 'astutedetector0', 'astutedetector1', 'astutedetector2', 'fusioncenter0', 'fusioncenter1', 'fusioncenter2', 'globalfusion'])
('super tasks', [])
('non tasks', [])
No input TGFF file found!
---------------------------------------------

 Read task list from DAG file, Non-DAG info and global information 

tasks:  {'fusioncenter0': ['globalfusion'], 'simpledetector2': ['fusioncenter2'], 'simpledetector0': ['fusioncenter0'], 'aggregate1': ['simpledetector1', 'astutedetector1'], 'astutedetector1': ['fusioncenter1'], 'fusioncenter1': ['globalfusion'], 'simpledetector1': ['fusioncenter1'], 'astutedetector0': ['fusioncenter0'], 'aggregate0': ['simpledetector0', 'astutedetector0'], 'aggregate2': ['simpledetector2', 'astutedetector2'], 'globalfusion': [], 'localpro': ['aggregate0', 'aggregate1', 'aggregate2'], 'astutedetector2': ['fusioncenter2'], 'fusioncenter2': ['globalfusion']}
task order ['localpro', 'aggregate0', 'aggregate1', 'aggregate2', 'simpledetector0', 'simpledetector1', 'simpledetector2', 'astutedetector0', 'astutedetector1', 'astutedetector2', 'fusioncenter0', 'fusioncenter1', 'fusioncenter2', 'globalfusion']
super tasks []
---------------------------------------------

 Create input HEFT file 

No available profiling information
---------------------------------------------

 Step 1: Read task list from DAG file and global information 

5
[['node2', '10.110.22.125'], ['node3', '10.100.135.138'], ['node4', '10.105.17.239'], ['node5', '10.108.202.177'], ['node6', '10.101.235.45']]
10.105.80.122
Num nodes :5
{'10.108.202.177': 'node5', '10.101.235.45': 'node6', '10.105.17.239': 'node4', '10.110.22.125': 'node2', '10.100.135.138': 'node3'}
['node2', 'node3', 'node4', 'node5', 'node6']
------------------------------------------------------------

 Step 2: Read network profiler information : 

------------------------------------------------------------

 Step 3: Read execution Profiler Information : 

[['node2', '10.110.22.125'], ['node3', '10.100.135.138'], ['node4', '10.105.17.239'], ['node5', '10.108.202.177'], ['node6', '10.101.235.45']]
Check Network Profiler IP: node2-10.110.22.125
Database(MongoClient(host=['10.105.80.122:6200'], document_class=dict, tz_aware=False, connect=True), 'execution_profiler')
--- Number of neighbors: 5
Current number of updated execution profilers:
6
--- Check execution profiler ID : home
--- Check execution profiler ID : node3
Check Network Profiler IP: node3-10.100.135.138
--- Check execution profiler ID : node5
--- Check execution profiler ID : node2
--- Check execution profiler ID : node4
--- Check execution profiler ID : node6
Execution information has already been provided
--- Number of neighbors: 5
Check Network Profiler IP: node4-10.105.17.239
--- Number of neighbors: 5
Check Network Profiler IP: node5-10.108.202.177
--- Number of neighbors: 5
Check Network Profiler IP: node6-10.101.235.45
--- Number of neighbors: 5
Network information has already been provided
['home', 'localpro', '15', '986.736']
['home', 'aggregate0', '15', '701.92']
['home', 'aggregate1', '15', '127.048']
['home', 'aggregate2', '15', '157.768']
['home', 'simpledetector0', '15', '7.616']
['home', 'simpledetector1', '15', '7.616']
['home', 'simpledetector2', '15', '7.168']
['home', 'astutedetector0', '15', '4.152']
['home', 'astutedetector1', '15', '3.48']
['home', 'astutedetector2', '15', '4.728']
['home', 'fusioncenter0', '10', '0.984']
['home', 'fusioncenter1', '10', '0.44']
['home', 'fusioncenter2', '10', '0.792']
['home', 'globalfusion', '10', '1.336']
['localpro', 'aggregate0', 'aggregate1', 'aggregate2', 'simpledetector0', 'simpledetector1', 'simpledetector2', 'astutedetector0', 'astutedetector1', 'astutedetector2', 'fusioncenter0', 'fusioncenter1', 'fusioncenter2', 'globalfusion']
{'fusioncenter0': 't0_10', 'simpledetector2': 't0_6', 'simpledetector0': 't0_4', 'aggregate1': 't0_2', 'astutedetector1': 't0_8', 'fusioncenter1': 't0_11', 'simpledetector1': 't0_5', 'astutedetector0': 't0_7', 'aggregate0': 't0_1', 'aggregate2': 't0_3', 'globalfusion': 't0_13', 'localpro': 't0_0', 'astutedetector2': 't0_9', 'fusioncenter2': 't0_12'}
{'fusioncenter0': 10, 'simpledetector2': 6, 'simpledetector0': 4, 'aggregate1': 2, 'astutedetector1': 8, 'fusioncenter1': 11, 'simpledetector1': 5, 'astutedetector0': 7, 'aggregate0': 1, 'aggregate2': 3, 'globalfusion': 13, 'localpro': 0, 'astutedetector2': 9, 'fusioncenter2': 12}
{'fusioncenter0': '0.984', 'simpledetector2': '7.168', 'simpledetector0': '7.616', 'aggregate1': '127.048', 'astutedetector1': '3.48', 'fusioncenter1': '0.44', 'simpledetector1': '7.616', 'astutedetector0': '4.152', 'aggregate0': '701.92', 'aggregate2': '157.768', 'globalfusion': '1.312', 'localpro': '986.736', 'astutedetector2': '4.704', 'fusioncenter2': '0.768'}
[[150, 150, 150, 150, 150], [150, 150, 150, 150, 150], [150, 150, 150, 150, 150], [150, 150, 150, 150, 150], [150, 150, 150, 150, 150], [150, 150, 150, 150, 150], [150, 150, 150, 150, 150], [150, 150, 150, 150, 150], [150, 150, 150, 150, 150], [150, 150, 150, 150, 150], [100, 100, 100, 100, 100], [100, 100, 100, 100, 100], [100, 100, 100, 100, 100], [100, 100, 100, 100, 100]]
	TASK localpro	TYPE 0 

	TASK aggregate0	TYPE 1 

	TASK aggregate1	TYPE 2 

	TASK aggregate2	TYPE 3 

	TASK simpledetector0	TYPE 4 

	TASK simpledetector1	TYPE 5 

	TASK simpledetector2	TYPE 6 

	TASK astutedetector0	TYPE 7 

	TASK astutedetector1	TYPE 8 

	TASK astutedetector2	TYPE 9 

	TASK fusioncenter0	TYPE 10 

	TASK fusioncenter1	TYPE 11 

	TASK fusioncenter2	TYPE 12 

	TASK globalfusion	TYPE 13 

task_names: ['localpro', 'aggregate0', 'aggregate1', 'aggregate2', 'simpledetector0', 'simpledetector1', 'simpledetector2', 'astutedetector0', 'astutedetector1', 'astutedetector2', 'fusioncenter0', 'fusioncenter1', 'fusioncenter2', 'globalfusion']
==================
Checking the written information
14
[<map object at 0x7f76d3533780>, <map object at 0x7f76d3533978>, <map object at 0x7f76d3533b00>, <map object at 0x7f76d3533c88>, <map object at 0x7f76d3533e10>, <map object at 0x7f76d3533f98>, <map object at 0x7f76d3535160>, <map object at 0x7f76d35352e8>, <map object at 0x7f76d3535470>, <map object at 0x7f76d35355f8>, <map object at 0x7f76d35357b8>, <map object at 0x7f76d3535978>, <map object at 0x7f76d3535b38>, <map object at 0x7f76d3535cf8>]
[[0, 1, 1, 1, 1], [1, 0, 1, 1, 1], [1, 1, 0, 1, 1], [1, 1, 1, 0, 1], [1, 1, 1, 1, 0]]
[[-1, 986, 986, 986, -1, -1, -1, -1, -1, -1, -1, -1, -1, -1], [-1, -1, -1, -1, 701, -1, -1, 701, -1, -1, -1, -1, -1, -1], [-1, -1, -1, -1, -1, 127, -1, -1, 127, -1, -1, -1, -1, -1], [-1, -1, -1, -1, -1, -1, 157, -1, -1, 157, -1, -1, -1, -1], [-1, -1, -1, -1, -1, -1, -1, -1, -1, -1, 7, -1, -1, -1], [-1, -1, -1, -1, -1, -1, -1, -1, -1, -1, -1, 7, -1, -1], [-1, -1, -1, -1, -1, -1, -1, -1, -1, -1, -1, -1, 7, -1], [-1, -1, -1, -1, -1, -1, -1, -1, -1, -1, 4, -1, -1, -1], [-1, -1, -1, -1, -1, -1, -1, -1, -1, -1, -1, 3, -1, -1], [-1, -1, -1, -1, -1, -1, -1, -1, -1, -1, -1, -1, 4, -1], [-1, -1, -1, -1, -1, -1, -1, -1, -1, -1, -1, -1, -1, 0], [-1, -1, -1, -1, -1, -1, -1, -1, -1, -1, -1, -1, -1, 0], [-1, -1, -1, -1, -1, -1, -1, -1, -1, -1, -1, -1, -1, 0], [-1, -1, -1, -1, -1, -1, -1, -1, -1, -1, -1, -1, -1, -1]]
[[(0, 0, 0), (-6.734372422585157e-06, 0.5742169066098785, 2210.6316273331763), (-1.0353446631542546e-06, 0.11884139625751534, 2727.1644816997036), (-8.28487823678474e-07, 0.0980788236448393, 2187.9627780642736), (-6.463697046313746e-07, 0.06619446926954238, 1358.5735767164101)], [(-6.681209192600653e-05, 0.6497619086371551, 2200.1416964093264), (0, 0, 0), (-1.2313592614717903e-06, 0.12502135363538858, 2366.3263608248417), (-4.311345176570461e-08, 0.005812166748675124, 281.2888561422161), (-6.874088131214122e-07, 0.06848109660196908, 1496.3524283024867)], [(-8.668941240081627e-07, 0.10625749786188744, 2818.2466565533437), (-7.221945593061284e-06, 0.6152555391247773, 2374.0088013723666), (0, 0, 0), (-9.654731996942415e-07, 0.11216566896170042, 2349.208366574227), (-1.3273856620325967e-06, 0.16570244258443895, 3778.5684553735323)], [(-9.516522526101137e-07, 0.10845009175464124, 2129.3043537827934), (-3.52904461700758e-05, 0.29384630000370726, 260.3181548551917), (-6.69091669371081e-06, 0.5712555145966698, 2271.759126497618), (0, 0, 0), (-5.773223529642296e-07, 0.06439826873744704, 1307.837585013783)], [(-4.804769333014492e-07, 0.0567148672413175, 1378.2330903376308), (-4.322301213639181e-06, 0.35864214800858796, 1437.356030358133), (-1.1455399182718316e-06, 0.14325871773095167, 3938.958099984676), (-6.12923593277659e-07, 0.05909199411681674, 1399.9232757078994), (0, 0, 0)]]
	TASK localpro	TYPE 0 

	TASK aggregate0	TYPE 1 

	TASK aggregate1	TYPE 2 

	TASK aggregate2	TYPE 3 

	TASK simpledetector0	TYPE 4 

	TASK simpledetector1	TYPE 5 

	TASK simpledetector2	TYPE 6 

	TASK astutedetector0	TYPE 7 

	TASK astutedetector1	TYPE 8 

	TASK astutedetector2	TYPE 9 

	TASK fusioncenter0	TYPE 10 

	TASK fusioncenter1	TYPE 11 

	TASK fusioncenter2	TYPE 12 

	TASK globalfusion	TYPE 13 

('task_names:', ['localpro', 'aggregate0', 'aggregate1', 'aggregate2', 'simpledetector0', 'simpledetector1', 'simpledetector2', 'astutedetector0', 'astutedetector1', 'astutedetector2', 'fusioncenter0', 'fusioncenter1', 'fusioncenter2', 'globalfusion'])
==================
(0, 1)
(1, 1)
(2, 1)
(3, 1)
(4, 1)
(0, 3)
(1, 3)
(2, 3)
(3, 3)
(4, 3)
(0, 2)
(1, 2)
(2, 2)
(3, 2)
(4, 2)
(0, 4)
(1, 4)
(2, 4)
(3, 4)
(4, 4)
(0, 5)
(1, 5)
(2, 5)
(3, 5)
(4, 5)
(0, 6)
(1, 6)
(2, 6)
(3, 6)
(4, 6)
(0, 7)
(1, 7)
(2, 7)
(3, 7)
(4, 7)
(0, 9)
(1, 9)
(2, 9)
(3, 9)
(4, 9)
(0, 8)
(1, 8)
(2, 8)
(3, 8)
(4, 8)
(0, 10)
(1, 10)
(2, 10)
(3, 10)
(4, 10)
(0, 11)
(1, 11)
(2, 11)
(3, 11)
(4, 11)
(0, 12)
(1, 12)
(2, 12)
(3, 12)
(4, 12)
(0, 13)
(1, 13)
(2, 13)
(3, 13)
(4, 13)
Assign random master and slaves
task 0 : up_rank = 9063.713649, down_rank = 0.000000
task 1 : up_rank = 6691.817201, down_rank = 2371.896448
task 3 : up_rank = 6576.417438, down_rank = 2371.896448
task 2 : up_rank = 6569.934256, down_rank = 2371.896448
task 4 : up_rank = 4378.742547, down_rank = 4684.971102
task 5 : up_rank = 4378.742547, down_rank = 4563.088157
task 6 : up_rank = 4378.742547, down_rank = 4569.571339
task 7 : up_rank = 4378.088559, down_rank = 4684.971102
task 9 : up_rank = 4378.088559, down_rank = 4569.571339
task 8 : up_rank = 4377.870535, down_rank = 4563.088157
task 10 : up_rank = 2213.608190, down_rank = 6850.105459
task 11 : up_rank = 2213.608190, down_rank = 6728.222514
task 12 : up_rank = 2213.608190, down_rank = 6734.705696
task 13 : up_rank = 100.000000, down_rank = 8963.713649
node2:
task 1 : ast = 0, aft = 150
task 2 : ast = 150, aft = 300
task 4 : ast = 300, aft = 450
task 3 : ast = 450, aft = 600
task 5 : ast = 600, aft = 750
task 6 : ast = 750, aft = 900
task 7 : ast = 900, aft = 1050
task 8 : ast = 1050, aft = 1200
task 10 : ast = 1200, aft = 1350
task 9 : ast = 1350, aft = 1500
task 11 : ast = 1500, aft = 1600
task 12 : ast = 1600, aft = 1700
task 13 : ast = 1700, aft = 1800
task 14 : ast = 1800, aft = 1900
node3:
node4:
node5:
node6:
makespan = 1900
{'simpledetector2': 'node2', 'simpledetector1': 'node2', 'simpledetector0': 'node2', 'globalfusion': 'node2', 'aggregate1': 'node2', 'aggregate0': 'node2', 'aggregate2': 'node2', 'localpro': 'node2', 'astutedetector1': 'node2', 'astutedetector0': 'node2', 'astutedetector2': 'node2', 'fusioncenter0': 'node2', 'fusioncenter1': 'node2', 'fusioncenter2': 'node2'}
 * Serving Flask app "master" (lazy loading)
 * Environment: production
   WARNING: Do not use the development server in a production environment.
   Use a production WSGI server instead.
 * Debug mode: off
 * Running on http://0.0.0.0:8888/ (Press CTRL+C to quit)
('Recieved request for current mapping. Current mappings done:', 14)
10.244.0.0 - - [15/Nov/2018 08:53:21] "GET / HTTP/1.1" 200 -
{'simpledetector2': 'node2', 'simpledetector1': 'node2', 'simpledetector0': 'node2', 'globalfusion': 'node2', 'aggregate1': 'node2', 'aggregate0': 'node2', 'aggregate2': 'node2', 'localpro': 'node2', 'astutedetector1': 'node2', 'astutedetector0': 'node2', 'astutedetector2': 'node2', 'fusioncenter0': 'node2', 'fusioncenter1': 'node2', 'fusioncenter2': 'node2'}
