 * Starting OpenBSD Secure Shell server sshd
   ...done.
-------------------------------------
Automatically generating HEFT input
-------------------------------------
Perform HEFT scheduling
read_input_heft.py:194: SyntaxWarning: name 'MONGO_SVC_PORT' is assigned to before global declaration
  global profiler_ip,exec_home_ip,num_nodes,MONGO_SVC_PORT,network_map,node_list, home_profiler_ip
('tasks: ', {'simpledetector2': ['fusioncenter2'], 'simpledetector1': ['fusioncenter1'], 'simpledetector0': ['fusioncenter0'], 'globalfusion': [], 'aggregate1': ['simpledetector1', 'astutedetector1'], 'aggregate0': ['simpledetector0', 'astutedetector0'], 'aggregate2': ['simpledetector2', 'astutedetector2'], 'localpro': ['aggregate0', 'aggregate1', 'aggregate2'], 'astutedetector1': ['fusioncenter1'], 'astutedetector0': ['fusioncenter0'], 'astutedetector2': ['fusioncenter2'], 'fusioncenter0': ['globalfusion'], 'fusioncenter1': ['globalfusion'], 'fusioncenter2': ['globalfusion']})
('task order', ['localpro', 'aggregate0', 'aggregate1', 'aggregate2', 'simpledetector0', 'simpledetector1', 'simpledetector2', 'astutedetector0', 'astutedetector1', 'astutedetector2', 'fusioncenter0', 'fusioncenter1', 'fusioncenter2', 'globalfusion'])
('super tasks', [])
('non tasks', [])
No input TGFF file found!
---------------------------------------------

 Read task list from DAG file, Non-DAG info and global information 

tasks:  {'aggregate0': ['simpledetector0', 'astutedetector0'], 'simpledetector0': ['fusioncenter0'], 'aggregate2': ['simpledetector2', 'astutedetector2'], 'astutedetector2': ['fusioncenter2'], 'fusioncenter0': ['globalfusion'], 'globalfusion': [], 'simpledetector2': ['fusioncenter2'], 'astutedetector0': ['fusioncenter0'], 'astutedetector1': ['fusioncenter1'], 'aggregate1': ['simpledetector1', 'astutedetector1'], 'fusioncenter2': ['globalfusion'], 'fusioncenter1': ['globalfusion'], 'simpledetector1': ['fusioncenter1'], 'localpro': ['aggregate0', 'aggregate1', 'aggregate2']}
task order ['localpro', 'aggregate0', 'aggregate1', 'aggregate2', 'simpledetector0', 'simpledetector1', 'simpledetector2', 'astutedetector0', 'astutedetector1', 'astutedetector2', 'fusioncenter0', 'fusioncenter1', 'fusioncenter2', 'globalfusion']
super tasks []
---------------------------------------------

 Create input HEFT file 

No available profiling information
---------------------------------------------

 Step 1: Read task list from DAG file and global information 

5
[['node2', '10.110.22.125'], ['node3', '10.100.135.138'], ['node4', '10.105.17.239'], ['node5', '10.108.202.177'], ['node6', '10.101.235.45']]
10.105.80.122
Num nodes :5
{'10.110.22.125': 'node2', '10.101.235.45': 'node6', '10.108.202.177': 'node5', '10.100.135.138': 'node3', '10.105.17.239': 'node4'}
['node2', 'node3', 'node4', 'node5', 'node6']
------------------------------------------------------------

 Step 2: Read network profiler information : 

------------------------------------------------------------

 Step 3: Read execution Profiler Information : 

[['node2', '10.110.22.125'], ['node3', '10.100.135.138'], ['node4', '10.105.17.239'], ['node5', '10.108.202.177'], ['node6', '10.101.235.45']]
Check Network Profiler IP: node2-10.110.22.125
Database(MongoClient(host=['10.105.80.122:6200'], document_class=dict, tz_aware=False, connect=True), 'execution_profiler')
--- Number of neighbors: 5
Current number of updated execution profilers:
6
--- Check execution profiler ID : home
--- Check execution profiler ID : node3
Check Network Profiler IP: node3-10.100.135.138
--- Check execution profiler ID : node5
--- Check execution profiler ID : node2
--- Check execution profiler ID : node4
--- Check execution profiler ID : node6
Execution information has already been provided
--- Number of neighbors: 5
Check Network Profiler IP: node4-10.105.17.239
--- Number of neighbors: 5
Check Network Profiler IP: node5-10.108.202.177
--- Number of neighbors: 5
Check Network Profiler IP: node6-10.101.235.45
--- Number of neighbors: 5
Network information has already been provided
['home', 'localpro', '15', '986.736']
['home', 'aggregate0', '15', '701.92']
['home', 'aggregate1', '15', '127.048']
['home', 'aggregate2', '15', '157.768']
['home', 'simpledetector0', '15', '7.616']
['home', 'simpledetector1', '15', '7.616']
['home', 'simpledetector2', '15', '7.168']
['home', 'astutedetector0', '15', '4.152']
['home', 'astutedetector1', '15', '3.48']
['home', 'astutedetector2', '15', '4.728']
['home', 'fusioncenter0', '10', '0.984']
['home', 'fusioncenter1', '10', '0.44']
['home', 'fusioncenter2', '10', '0.792']
['home', 'globalfusion', '10', '1.336']
['localpro', 'aggregate0', 'aggregate1', 'aggregate2', 'simpledetector0', 'simpledetector1', 'simpledetector2', 'astutedetector0', 'astutedetector1', 'astutedetector2', 'fusioncenter0', 'fusioncenter1', 'fusioncenter2', 'globalfusion']
{'aggregate0': 't0_1', 'simpledetector0': 't0_4', 'aggregate2': 't0_3', 'astutedetector2': 't0_9', 'fusioncenter0': 't0_10', 'globalfusion': 't0_13', 'simpledetector2': 't0_6', 'astutedetector0': 't0_7', 'astutedetector1': 't0_8', 'aggregate1': 't0_2', 'fusioncenter2': 't0_12', 'fusioncenter1': 't0_11', 'simpledetector1': 't0_5', 'localpro': 't0_0'}
{'aggregate0': 1, 'simpledetector0': 4, 'aggregate2': 3, 'astutedetector2': 9, 'fusioncenter0': 10, 'globalfusion': 13, 'simpledetector2': 6, 'astutedetector0': 7, 'astutedetector1': 8, 'aggregate1': 2, 'fusioncenter2': 12, 'fusioncenter1': 11, 'simpledetector1': 5, 'localpro': 0}
{'aggregate0': '701.92', 'simpledetector0': '7.616', 'aggregate2': '157.768', 'astutedetector2': '4.704', 'fusioncenter0': '0.984', 'globalfusion': '1.312', 'simpledetector2': '7.168', 'astutedetector0': '4.152', 'astutedetector1': '3.48', 'aggregate1': '127.048', 'fusioncenter2': '0.768', 'fusioncenter1': '0.44', 'simpledetector1': '7.616', 'localpro': '986.736'}
[[150, 150, 150, 150, 150], [150, 150, 150, 150, 150], [150, 150, 150, 150, 150], [150, 150, 150, 150, 150], [150, 150, 150, 150, 150], [150, 150, 150, 150, 150], [150, 150, 150, 150, 150], [150, 150, 150, 150, 150], [150, 150, 150, 150, 150], [150, 150, 150, 150, 150], [100, 100, 100, 100, 100], [100, 100, 100, 100, 100], [100, 100, 100, 100, 100], [100, 100, 100, 100, 100]]
	TASK localpro	TYPE 0 

	TASK aggregate0	TYPE 1 

	TASK aggregate1	TYPE 2 

	TASK aggregate2	TYPE 3 

	TASK simpledetector0	TYPE 4 

	TASK simpledetector1	TYPE 5 

	TASK simpledetector2	TYPE 6 

	TASK astutedetector0	TYPE 7 

	TASK astutedetector1	TYPE 8 

	TASK astutedetector2	TYPE 9 

	TASK fusioncenter0	TYPE 10 

	TASK fusioncenter1	TYPE 11 

	TASK fusioncenter2	TYPE 12 

	TASK globalfusion	TYPE 13 

task_names: ['localpro', 'aggregate0', 'aggregate1', 'aggregate2', 'simpledetector0', 'simpledetector1', 'simpledetector2', 'astutedetector0', 'astutedetector1', 'astutedetector2', 'fusioncenter0', 'fusioncenter1', 'fusioncenter2', 'globalfusion']
==================
Checking the written information
14
[<map object at 0x7f86daad06a0>, <map object at 0x7f86daad0908>, <map object at 0x7f86daad0a90>, <map object at 0x7f86daad0c18>, <map object at 0x7f86daad0da0>, <map object at 0x7f86daad0f28>, <map object at 0x7f86daad20f0>, <map object at 0x7f86daad2278>, <map object at 0x7f86daad2400>, <map object at 0x7f86daad2588>, <map object at 0x7f86daad2748>, <map object at 0x7f86daad2908>, <map object at 0x7f86daad2ac8>, <map object at 0x7f86daad2c88>]
[[0, 1, 1, 1, 1], [1, 0, 1, 1, 1], [1, 1, 0, 1, 1], [1, 1, 1, 0, 1], [1, 1, 1, 1, 0]]
[[-1, 986, 986, 986, -1, -1, -1, -1, -1, -1, -1, -1, -1, -1], [-1, -1, -1, -1, 701, -1, -1, 701, -1, -1, -1, -1, -1, -1], [-1, -1, -1, -1, -1, 127, -1, -1, 127, -1, -1, -1, -1, -1], [-1, -1, -1, -1, -1, -1, 157, -1, -1, 157, -1, -1, -1, -1], [-1, -1, -1, -1, -1, -1, -1, -1, -1, -1, 7, -1, -1, -1], [-1, -1, -1, -1, -1, -1, -1, -1, -1, -1, -1, 7, -1, -1], [-1, -1, -1, -1, -1, -1, -1, -1, -1, -1, -1, -1, 7, -1], [-1, -1, -1, -1, -1, -1, -1, -1, -1, -1, 4, -1, -1, -1], [-1, -1, -1, -1, -1, -1, -1, -1, -1, -1, -1, 3, -1, -1], [-1, -1, -1, -1, -1, -1, -1, -1, -1, -1, -1, -1, 4, -1], [-1, -1, -1, -1, -1, -1, -1, -1, -1, -1, -1, -1, -1, 0], [-1, -1, -1, -1, -1, -1, -1, -1, -1, -1, -1, -1, -1, 0], [-1, -1, -1, -1, -1, -1, -1, -1, -1, -1, -1, -1, -1, 0], [-1, -1, -1, -1, -1, -1, -1, -1, -1, -1, -1, -1, -1, -1]]
[[(0, 0, 0), (-9.290946901567319e-07, 0.10806694580295419, 2354.6278183112067), (-1.348375105099516e-06, 0.14818591075605453, 2651.579944990337), (-8.277526986192321e-07, 0.0970352209561324, 2242.5382776714614), (-5.3731305850686e-07, 0.05747819086613259, 1387.376891223319)], [(-1.0568037401208208e-06, 0.11685421665527414, 2317.952023878739), (0, 0, 0), (-1.0072377235072186e-06, 0.10383560948739225, 2552.6799028091878), (-4.0495522767627374e-07, 0.034955213500510826, 275.2962431792821), (-7.384060972922687e-07, 0.07188489892166268, 1514.7076800144619)], [(-6.079253967739274e-07, 0.08819676676810616, 2941.5200540952223), (-1.0821585140879788e-06, 0.1229589358788929, 2455.0254047552885), (0, 0, 0), (-9.794925582456997e-07, 0.11353065745320774, 2338.1591960508877), (-0.00011424829460372463, 1.1185395499952206, 3481.606181083808)], [(-8.794194788687774e-07, 0.10224972341646983, 2182.6012402628867), (-1.506261003349405e-08, 0.003945096757978258, 294.75626200052994), (-1.074053422908508e-06, 0.12192116091628118, 2281.250220551411), (0, 0, 0), (-4.3601805526376865e-07, 0.052375447447028815, 1384.8628164694235)], [(-3.9249747379295296e-06, 0.3342912353343311, 1292.5396884231977), (-6.398345042803194e-07, 0.06271644344219522, 1570.9374260485529), (-1.0654266260149738e-05, 0.911488358125203, 3531.7353878551244), (-5.319718501345804e-07, 0.05347617997616402, 1409.2448566002986), (0, 0, 0)]]
	TASK localpro	TYPE 0 

	TASK aggregate0	TYPE 1 

	TASK aggregate1	TYPE 2 

	TASK aggregate2	TYPE 3 

	TASK simpledetector0	TYPE 4 

	TASK simpledetector1	TYPE 5 

	TASK simpledetector2	TYPE 6 

	TASK astutedetector0	TYPE 7 

	TASK astutedetector1	TYPE 8 

	TASK astutedetector2	TYPE 9 

	TASK fusioncenter0	TYPE 10 

	TASK fusioncenter1	TYPE 11 

	TASK fusioncenter2	TYPE 12 

	TASK globalfusion	TYPE 13 

('task_names:', ['localpro', 'aggregate0', 'aggregate1', 'aggregate2', 'simpledetector0', 'simpledetector1', 'simpledetector2', 'astutedetector0', 'astutedetector1', 'astutedetector2', 'fusioncenter0', 'fusioncenter1', 'fusioncenter2', 'globalfusion'])
==================
(0, 1)
(1, 1)
(2, 1)
(3, 1)
(4, 1)
(0, 3)
(1, 3)
(2, 3)
(3, 3)
(4, 3)
(0, 2)
(1, 2)
(2, 2)
(3, 2)
(4, 2)
(0, 4)
(1, 4)
(2, 4)
(3, 4)
(4, 4)
(0, 5)
(1, 5)
(2, 5)
(3, 5)
(4, 5)
(0, 6)
(1, 6)
(2, 6)
(3, 6)
(4, 6)
(0, 7)
(1, 7)
(2, 7)
(3, 7)
(4, 7)
(0, 9)
(1, 9)
(2, 9)
(3, 9)
(4, 9)
(0, 8)
(1, 8)
(2, 8)
(3, 8)
(4, 8)
(0, 10)
(1, 10)
(2, 10)
(3, 10)
(4, 10)
(0, 11)
(1, 11)
(2, 11)
(3, 11)
(4, 11)
(0, 12)
(1, 12)
(2, 12)
(3, 12)
(4, 12)
(0, 13)
(1, 13)
(2, 13)
(3, 13)
(4, 13)
Assign random master and slaves
task 0 : up_rank = 9055.704816, down_rank = 0.000000
task 1 : up_rank = 6701.031310, down_rank = 2354.673505
task 3 : up_rank = 6600.331049, down_rank = 2354.673505
task 2 : up_rank = 6594.655530, down_rank = 2354.673505
task 4 : up_rank = 4397.437799, down_rank = 4658.267017
task 5 : up_rank = 4397.437799, down_rank = 4551.891237
task 6 : up_rank = 4397.437799, down_rank = 4557.566756
task 7 : up_rank = 4396.864435, down_rank = 4658.267017
task 9 : up_rank = 4396.864435, down_rank = 4557.566756
task 8 : up_rank = 4396.673286, down_rank = 4551.891237
task 10 : up_rank = 2223.049876, down_rank = 6832.654940
task 11 : up_rank = 2223.049876, down_rank = 6726.279160
task 12 : up_rank = 2223.049876, down_rank = 6731.954679
task 13 : up_rank = 100.000000, down_rank = 8955.704816
node2:
task 1 : ast = 0, aft = 150
task 2 : ast = 150, aft = 300
task 4 : ast = 300, aft = 450
task 3 : ast = 450, aft = 600
task 5 : ast = 600, aft = 750
task 6 : ast = 750, aft = 900
task 7 : ast = 900, aft = 1050
task 8 : ast = 1050, aft = 1200
task 10 : ast = 1200, aft = 1350
task 9 : ast = 1350, aft = 1500
task 11 : ast = 1500, aft = 1600
task 12 : ast = 1600, aft = 1700
task 13 : ast = 1700, aft = 1800
task 14 : ast = 1800, aft = 1900
node3:
node4:
node5:
node6:
makespan = 1900
{'simpledetector2': 'node2', 'simpledetector1': 'node2', 'simpledetector0': 'node2', 'globalfusion': 'node2', 'aggregate1': 'node2', 'aggregate0': 'node2', 'aggregate2': 'node2', 'localpro': 'node2', 'astutedetector1': 'node2', 'astutedetector0': 'node2', 'astutedetector2': 'node2', 'fusioncenter0': 'node2', 'fusioncenter1': 'node2', 'fusioncenter2': 'node2'}
 * Serving Flask app "master" (lazy loading)
 * Environment: production
   WARNING: Do not use the development server in a production environment.
   Use a production WSGI server instead.
 * Debug mode: off
 * Running on http://0.0.0.0:8888/ (Press CTRL+C to quit)
10.244.0.0 - - [15/Nov/2018 08:08:19] "GET / HTTP/1.1" 200 -
('Recieved request for current mapping. Current mappings done:', 14)
{'simpledetector2': 'node2', 'simpledetector1': 'node2', 'simpledetector0': 'node2', 'globalfusion': 'node2', 'aggregate1': 'node2', 'aggregate0': 'node2', 'aggregate2': 'node2', 'localpro': 'node2', 'astutedetector1': 'node2', 'astutedetector0': 'node2', 'astutedetector2': 'node2', 'fusioncenter0': 'node2', 'fusioncenter1': 'node2', 'fusioncenter2': 'node2'}
