 * Starting OpenBSD Secure Shell server sshd
   ...done.
-------------------------------------
Automatically generating HEFT input
-------------------------------------
Perform HEFT scheduling
read_input_heft.py:194: SyntaxWarning: name 'MONGO_SVC_PORT' is assigned to before global declaration
  global profiler_ip,exec_home_ip,num_nodes,MONGO_SVC_PORT,network_map,node_list, home_profiler_ip
('tasks: ', {'simpledetector2': ['fusioncenter2'], 'simpledetector1': ['fusioncenter1'], 'simpledetector0': ['fusioncenter0'], 'globalfusion': [], 'aggregate1': ['simpledetector1', 'astutedetector1'], 'aggregate0': ['simpledetector0', 'astutedetector0'], 'aggregate2': ['simpledetector2', 'astutedetector2'], 'localpro': ['aggregate0', 'aggregate1', 'aggregate2'], 'astutedetector1': ['fusioncenter1'], 'astutedetector0': ['fusioncenter0'], 'astutedetector2': ['fusioncenter2'], 'fusioncenter0': ['globalfusion'], 'fusioncenter1': ['globalfusion'], 'fusioncenter2': ['globalfusion']})
('task order', ['localpro', 'aggregate0', 'aggregate1', 'aggregate2', 'simpledetector0', 'simpledetector1', 'simpledetector2', 'astutedetector0', 'astutedetector1', 'astutedetector2', 'fusioncenter0', 'fusioncenter1', 'fusioncenter2', 'globalfusion'])
('super tasks', [])
('non tasks', [])
No input TGFF file found!
---------------------------------------------

 Read task list from DAG file, Non-DAG info and global information 

tasks:  {'simpledetector0': ['fusioncenter0'], 'fusioncenter0': ['globalfusion'], 'localpro': ['aggregate0', 'aggregate1', 'aggregate2'], 'aggregate0': ['simpledetector0', 'astutedetector0'], 'aggregate1': ['simpledetector1', 'astutedetector1'], 'astutedetector2': ['fusioncenter2'], 'fusioncenter1': ['globalfusion'], 'fusioncenter2': ['globalfusion'], 'simpledetector2': ['fusioncenter2'], 'globalfusion': [], 'aggregate2': ['simpledetector2', 'astutedetector2'], 'astutedetector1': ['fusioncenter1'], 'simpledetector1': ['fusioncenter1'], 'astutedetector0': ['fusioncenter0']}
task order ['localpro', 'aggregate0', 'aggregate1', 'aggregate2', 'simpledetector0', 'simpledetector1', 'simpledetector2', 'astutedetector0', 'astutedetector1', 'astutedetector2', 'fusioncenter0', 'fusioncenter1', 'fusioncenter2', 'globalfusion']
super tasks []
---------------------------------------------

 Create input HEFT file 

No available profiling information
---------------------------------------------

 Step 1: Read task list from DAG file and global information 

5
[['node2', '10.110.22.125'], ['node3', '10.100.135.138'], ['node4', '10.105.17.239'], ['node5', '10.108.202.177'], ['node6', '10.101.235.45']]
10.105.80.122
Num nodes :5
{'10.100.135.138': 'node3', '10.101.235.45': 'node6', '10.105.17.239': 'node4', '10.108.202.177': 'node5', '10.110.22.125': 'node2'}
['node2', 'node3', 'node4', 'node5', 'node6']
------------------------------------------------------------

 Step 2: Read network profiler information : 

------------------------------------------------------------

 Step 3: Read execution Profiler Information : 

[['node2', '10.110.22.125'], ['node3', '10.100.135.138'], ['node4', '10.105.17.239'], ['node5', '10.108.202.177'], ['node6', '10.101.235.45']]
Check Network Profiler IP: node2-10.110.22.125
Database(MongoClient(host=['10.105.80.122:6200'], document_class=dict, tz_aware=False, connect=True), 'execution_profiler')
--- Number of neighbors: 5
Current number of updated execution profilers:
6
--- Check execution profiler ID : home
--- Check execution profiler ID : node3
Check Network Profiler IP: node3-10.100.135.138
--- Check execution profiler ID : node5
--- Check execution profiler ID : node2
--- Check execution profiler ID : node4
--- Check execution profiler ID : node6
Execution information has already been provided
--- Number of neighbors: 5
Check Network Profiler IP: node4-10.105.17.239
--- Number of neighbors: 5
Check Network Profiler IP: node5-10.108.202.177
--- Number of neighbors: 5
Check Network Profiler IP: node6-10.101.235.45
--- Number of neighbors: 5
Network information has already been provided
['home', 'localpro', '15', '986.736']
['home', 'aggregate0', '15', '701.92']
['home', 'aggregate1', '15', '127.048']
['home', 'aggregate2', '15', '157.768']
['home', 'simpledetector0', '15', '7.616']
['home', 'simpledetector1', '15', '7.616']
['home', 'simpledetector2', '15', '7.168']
['home', 'astutedetector0', '15', '4.152']
['home', 'astutedetector1', '15', '3.48']
['home', 'astutedetector2', '15', '4.728']
['home', 'fusioncenter0', '10', '0.984']
['home', 'fusioncenter1', '10', '0.44']
['home', 'fusioncenter2', '10', '0.792']
['home', 'globalfusion', '10', '1.336']
['localpro', 'aggregate0', 'aggregate1', 'aggregate2', 'simpledetector0', 'simpledetector1', 'simpledetector2', 'astutedetector0', 'astutedetector1', 'astutedetector2', 'fusioncenter0', 'fusioncenter1', 'fusioncenter2', 'globalfusion']
{'simpledetector0': 't0_4', 'fusioncenter0': 't0_10', 'localpro': 't0_0', 'aggregate0': 't0_1', 'aggregate1': 't0_2', 'astutedetector2': 't0_9', 'fusioncenter1': 't0_11', 'fusioncenter2': 't0_12', 'simpledetector2': 't0_6', 'globalfusion': 't0_13', 'aggregate2': 't0_3', 'astutedetector1': 't0_8', 'simpledetector1': 't0_5', 'astutedetector0': 't0_7'}
{'simpledetector0': 4, 'fusioncenter0': 10, 'localpro': 0, 'aggregate0': 1, 'aggregate1': 2, 'astutedetector2': 9, 'fusioncenter1': 11, 'fusioncenter2': 12, 'simpledetector2': 6, 'globalfusion': 13, 'aggregate2': 3, 'astutedetector1': 8, 'simpledetector1': 5, 'astutedetector0': 7}
{'simpledetector0': '7.616', 'fusioncenter0': '0.984', 'localpro': '986.736', 'aggregate0': '701.92', 'aggregate1': '127.048', 'astutedetector2': '4.704', 'fusioncenter1': '0.44', 'fusioncenter2': '0.768', 'simpledetector2': '7.168', 'globalfusion': '1.312', 'aggregate2': '157.768', 'astutedetector1': '3.48', 'simpledetector1': '7.616', 'astutedetector0': '4.152'}
[[150, 150, 150, 150, 150], [150, 150, 150, 150, 150], [150, 150, 150, 150, 150], [150, 150, 150, 150, 150], [150, 150, 150, 150, 150], [150, 150, 150, 150, 150], [150, 150, 150, 150, 150], [150, 150, 150, 150, 150], [150, 150, 150, 150, 150], [150, 150, 150, 150, 150], [100, 100, 100, 100, 100], [100, 100, 100, 100, 100], [100, 100, 100, 100, 100], [100, 100, 100, 100, 100]]
	TASK localpro	TYPE 0 

	TASK aggregate0	TYPE 1 

	TASK aggregate1	TYPE 2 

	TASK aggregate2	TYPE 3 

	TASK simpledetector0	TYPE 4 

	TASK simpledetector1	TYPE 5 

	TASK simpledetector2	TYPE 6 

	TASK astutedetector0	TYPE 7 

	TASK astutedetector1	TYPE 8 

	TASK astutedetector2	TYPE 9 

	TASK fusioncenter0	TYPE 10 

	TASK fusioncenter1	TYPE 11 

	TASK fusioncenter2	TYPE 12 

	TASK globalfusion	TYPE 13 

task_names: ['localpro', 'aggregate0', 'aggregate1', 'aggregate2', 'simpledetector0', 'simpledetector1', 'simpledetector2', 'astutedetector0', 'astutedetector1', 'astutedetector2', 'fusioncenter0', 'fusioncenter1', 'fusioncenter2', 'globalfusion']
==================
Checking the written information
14
[<map object at 0x7fe963772748>, <map object at 0x7fe963772908>, <map object at 0x7fe963772a90>, <map object at 0x7fe963772c18>, <map object at 0x7fe963772da0>, <map object at 0x7fe963772f28>, <map object at 0x7fe9637730f0>, <map object at 0x7fe963773278>, <map object at 0x7fe963773400>, <map object at 0x7fe963773588>, <map object at 0x7fe963773748>, <map object at 0x7fe963773908>, <map object at 0x7fe963773ac8>, <map object at 0x7fe963773c88>]
[[0, 1, 1, 1, 1], [1, 0, 1, 1, 1], [1, 1, 0, 1, 1], [1, 1, 1, 0, 1], [1, 1, 1, 1, 0]]
[[-1, 986, 986, 986, -1, -1, -1, -1, -1, -1, -1, -1, -1, -1], [-1, -1, -1, -1, 701, -1, -1, 701, -1, -1, -1, -1, -1, -1], [-1, -1, -1, -1, -1, 127, -1, -1, 127, -1, -1, -1, -1, -1], [-1, -1, -1, -1, -1, -1, 157, -1, -1, 157, -1, -1, -1, -1], [-1, -1, -1, -1, -1, -1, -1, -1, -1, -1, 7, -1, -1, -1], [-1, -1, -1, -1, -1, -1, -1, -1, -1, -1, -1, 7, -1, -1], [-1, -1, -1, -1, -1, -1, -1, -1, -1, -1, -1, -1, 7, -1], [-1, -1, -1, -1, -1, -1, -1, -1, -1, -1, 4, -1, -1, -1], [-1, -1, -1, -1, -1, -1, -1, -1, -1, -1, -1, 3, -1, -1], [-1, -1, -1, -1, -1, -1, -1, -1, -1, -1, -1, -1, 4, -1], [-1, -1, -1, -1, -1, -1, -1, -1, -1, -1, -1, -1, -1, 0], [-1, -1, -1, -1, -1, -1, -1, -1, -1, -1, -1, -1, -1, 0], [-1, -1, -1, -1, -1, -1, -1, -1, -1, -1, -1, -1, -1, 0], [-1, -1, -1, -1, -1, -1, -1, -1, -1, -1, -1, -1, -1, -1]]
[[(0, 0, 0), (-4.027451239557494e-06, 0.3901546648627842, 7593.468811690055), (-1.2133036359451618e-06, 0.12594340393767314, 2641.6681631443635), (-2.74715921632711e-05, 2.396385064897354, 4889.80737098417), (3.790215630627098e-06, -0.22973383879401454, 3832.542546078047)], [(-1.94536992521178e-05, 1.644827052693111, 2231.6814984527573), (0, 0, 0), (-1.058425120625524e-06, 0.11282714554778307, 2592.3087845323175), (-6.55690619637456e-08, 0.007976491626151078, 278.5124172955774), (-5.050181734111981e-07, 0.052488193913377744, 1625.6939606218539)], [(-1.0521204517111867e-06, 0.12118927785345465, 2874.515587083418), (-9.631093189976912e-07, 0.10785652489810099, 2670.3366599826186), (0, 0, 0), (-3.047889460175982e-07, 0.10379499131648734, 3032.0821883410504), (-1.8372798200836087e-06, 0.18693351229027738, 3696.0436903647765)], [(5.8502133984658095e-05, -0.0802455355960301, 3306.996992206008), (-5.03915477686506e-08, 0.00649887691074373, 271.84615795257895), (-1.2597412487605203e-06, 0.1345613443587288, 2654.276159013049), (0, 0, 0), (-5.021259529462567e-07, 0.0588925054323576, 1334.6248147916176)], [(-0.0003978602168617814, 3.2167515450309456, 1528.8784608996511), (-7.566704001190185e-07, 0.07344016939744462, 1474.3935272596989), (-1.5437378080980522e-06, 0.1668168525991641, 3834.7566017904664), (-6.262047605235109e-07, 0.06090530045799961, 1380.6107131165643), (0, 0, 0)]]
 * Running on http://0.0.0.0:8888/ (Press CTRL+C to quit)
	TASK localpro	TYPE 0 

	TASK aggregate0	TYPE 1 

	TASK aggregate1	TYPE 2 

	TASK aggregate2	TYPE 3 

	TASK simpledetector0	TYPE 4 

	TASK simpledetector1	TYPE 5 

	TASK simpledetector2	TYPE 6 

	TASK astutedetector0	TYPE 7 

	TASK astutedetector1	TYPE 8 

	TASK astutedetector2	TYPE 9 

	TASK fusioncenter0	TYPE 10 

	TASK fusioncenter1	TYPE 11 

	TASK fusioncenter2	TYPE 12 

	TASK globalfusion	TYPE 13 

('task_names:', ['localpro', 'aggregate0', 'aggregate1', 'aggregate2', 'simpledetector0', 'simpledetector1', 'simpledetector2', 'astutedetector0', 'astutedetector1', 'astutedetector2', 'fusioncenter0', 'fusioncenter1', 'fusioncenter2', 'globalfusion'])
==================
(0, 1)
(1, 1)
(2, 1)
(3, 1)
(4, 1)
(0, 3)
(1, 3)
(2, 3)
(3, 3)
(4, 3)
(0, 2)
(1, 2)
(2, 2)
(3, 2)
(4, 2)
(0, 4)
(1, 4)
(2, 4)
(3, 4)
(4, 4)
(0, 5)
(1, 5)
(2, 5)
(3, 5)
(4, 5)
(0, 6)
(1, 6)
(2, 6)
(3, 6)
(4, 6)
(0, 7)
(1, 7)
(2, 7)
(3, 7)
(4, 7)
(0, 9)
(1, 9)
(2, 9)
(3, 9)
(4, 9)
(0, 8)
(1, 8)
(2, 8)
(3, 8)
(4, 8)
(0, 10)
(1, 10)
(2, 10)
(3, 10)
(4, 10)
(0, 11)
(1, 11)
(2, 11)
(3, 11)
(4, 11)
(0, 12)
(1, 12)
(2, 12)
(3, 12)
(4, 12)
(0, 13)
(1, 13)
(2, 13)
(3, 13)
(4, 13)
Assign random master and slaves
task 0 : up_rank = 12103.218427, down_rank = 0.000000
task 1 : up_rank = 8858.473074, down_rank = 3244.745353
task 3 : up_rank = 8632.262717, down_rank = 3244.745353
task 2 : up_rank = 8619.444980, down_rank = 3244.745353
task 4 : up_rank = 5727.533927, down_rank = 6375.684500
task 5 : up_rank = 5727.533927, down_rank = 6136.656406
task 6 : up_rank = 5727.533927, down_rank = 6149.474143
task 7 : up_rank = 5726.235845, down_rank = 6375.684500
task 9 : up_rank = 5726.235845, down_rank = 6149.474143
task 8 : up_rank = 5725.803071, down_rank = 6136.656406
task 10 : up_rank = 2887.252255, down_rank = 9215.966171
task 11 : up_rank = 2887.252255, down_rank = 8976.938077
task 12 : up_rank = 2887.252255, down_rank = 8989.755814
task 13 : up_rank = 100.000000, down_rank = 12003.218427
node2:
task 1 : ast = 0, aft = 150
task 2 : ast = 150, aft = 300
task 4 : ast = 300, aft = 450
task 3 : ast = 450, aft = 600
task 5 : ast = 600, aft = 750
task 6 : ast = 750, aft = 900
task 7 : ast = 900, aft = 1050
task 8 : ast = 1050, aft = 1200
task 10 : ast = 1200, aft = 1350
task 9 : ast = 1350, aft = 1500
task 11 : ast = 1500, aft = 1600
task 12 : ast = 1600, aft = 1700
task 13 : ast = 1700, aft = 1800
task 14 : ast = 1800, aft = 1900
node3:
node4:
node5:
node6:
makespan = 1900
{'simpledetector2': 'node2', 'simpledetector1': 'node2', 'simpledetector0': 'node2', 'globalfusion': 'node2', 'aggregate1': 'node2', 'aggregate0': 'node2', 'aggregate2': 'node2', 'localpro': 'node2', 'astutedetector1': 'node2', 'astutedetector0': 'node2', 'astutedetector2': 'node2', 'fusioncenter0': 'node2', 'fusioncenter1': 'node2', 'fusioncenter2': 'node2'}
 * Serving Flask app "master" (lazy loading)
 * Environment: production
   WARNING: Do not use the development server in a production environment.
   Use a production WSGI server instead.
 * Debug mode: off
10.244.0.0 - - [14/Nov/2018 19:23:54] "GET / HTTP/1.1" 200 -
('Recieved request for current mapping. Current mappings done:', 14)
{'simpledetector2': 'node2', 'simpledetector1': 'node2', 'simpledetector0': 'node2', 'globalfusion': 'node2', 'aggregate1': 'node2', 'aggregate0': 'node2', 'aggregate2': 'node2', 'localpro': 'node2', 'astutedetector1': 'node2', 'astutedetector0': 'node2', 'astutedetector2': 'node2', 'fusioncenter0': 'node2', 'fusioncenter1': 'node2', 'fusioncenter2': 'node2'}
