 * Starting OpenBSD Secure Shell server sshd
   ...done.
-------------------------------------
Automatically generating HEFT input
-------------------------------------
Perform HEFT scheduling
read_input_heft.py:194: SyntaxWarning: name 'MONGO_SVC_PORT' is assigned to before global declaration
  global profiler_ip,exec_home_ip,num_nodes,MONGO_SVC_PORT,network_map,node_list, home_profiler_ip
('tasks: ', {'simpledetector2': ['fusioncenter2'], 'simpledetector1': ['fusioncenter1'], 'simpledetector0': ['fusioncenter0'], 'globalfusion': [], 'aggregate1': ['simpledetector1', 'astutedetector1'], 'aggregate0': ['simpledetector0', 'astutedetector0'], 'aggregate2': ['simpledetector2', 'astutedetector2'], 'localpro': ['aggregate0', 'aggregate1', 'aggregate2'], 'astutedetector1': ['fusioncenter1'], 'astutedetector0': ['fusioncenter0'], 'astutedetector2': ['fusioncenter2'], 'fusioncenter0': ['globalfusion'], 'fusioncenter1': ['globalfusion'], 'fusioncenter2': ['globalfusion']})
('task order', ['localpro', 'aggregate0', 'aggregate1', 'aggregate2', 'simpledetector0', 'simpledetector1', 'simpledetector2', 'astutedetector0', 'astutedetector1', 'astutedetector2', 'fusioncenter0', 'fusioncenter1', 'fusioncenter2', 'globalfusion'])
('super tasks', [])
('non tasks', [])
No input TGFF file found!
---------------------------------------------

 Step 1: Read task list from DAG file and global information 

4
[['node2', '10.111.179.217'], ['node3', '10.97.238.165'], ['node4', '10.105.212.45'], ['node5', '10.111.61.191']]
10.101.209.206
Num nodes :4
{'10.111.179.217': 'node2', '10.111.61.191': 'node5', '10.97.238.165': 'node3', '10.105.212.45': 'node4'}
['node2', 'node3', 'node4', 'node5']
------------------------------------------------------------

 Step 2: Read network profiler information : 

------------------------------------------------------------

 Step 3: Read execution Profiler Information : 

[['node2', '10.111.179.217'], ['node3', '10.97.238.165'], ['node4', '10.105.212.45'], ['node5', '10.111.61.191']]
Check Network Profiler IP: node2-10.111.179.217
Database(MongoClient(host=['10.101.209.206:6200'], document_class=dict, tz_aware=False, connect=True), 'execution_profiler')
---------------------------------------------

 Read task list from DAG file, Non-DAG info and global information 

tasks:  {'astutedetector2': ['fusioncenter2'], 'localpro': ['aggregate0', 'aggregate1', 'aggregate2'], 'aggregate0': ['simpledetector0', 'astutedetector0'], 'globalfusion': [], 'fusioncenter1': ['globalfusion'], 'astutedetector1': ['fusioncenter1'], 'simpledetector1': ['fusioncenter1'], 'simpledetector2': ['fusioncenter2'], 'aggregate1': ['simpledetector1', 'astutedetector1'], 'aggregate2': ['simpledetector2', 'astutedetector2'], 'astutedetector0': ['fusioncenter0'], 'simpledetector0': ['fusioncenter0'], 'fusioncenter2': ['globalfusion'], 'fusioncenter0': ['globalfusion']}
task order ['localpro', 'aggregate0', 'aggregate1', 'aggregate2', 'simpledetector0', 'simpledetector1', 'simpledetector2', 'astutedetector0', 'astutedetector1', 'astutedetector2', 'fusioncenter0', 'fusioncenter1', 'fusioncenter2', 'globalfusion']
super tasks []
---------------------------------------------

 Create input HEFT file 

No available profiling information
Current number of updated execution profilers:
5
--- Check execution profiler ID : home
--- Check execution profiler ID : node3
--- Check execution profiler ID : node4
--- Check execution profiler ID : node5
--- Number of neighbors: 4
--- Check execution profiler ID : node2
Execution information has already been provided
Check Network Profiler IP: node3-10.97.238.165
--- Number of neighbors: 4
Check Network Profiler IP: node4-10.105.212.45
--- Number of neighbors: 4
Check Network Profiler IP: node5-10.111.61.191
--- Number of neighbors: 4
Network information has already been provided
['home', 'localpro', '15', '986.736']
['home', 'aggregate0', '15', '701.92']
['home', 'aggregate1', '15', '127.048']
['home', 'aggregate2', '15', '157.768']
['home', 'simpledetector0', '15', '7.616']
['home', 'simpledetector1', '15', '7.616']
['home', 'simpledetector2', '15', '7.168']
['home', 'astutedetector0', '15', '4.152']
['home', 'astutedetector1', '15', '3.48']
['home', 'astutedetector2', '15', '4.728']
['home', 'fusioncenter0', '10', '0.984']
['home', 'fusioncenter1', '10', '0.44']
['home', 'fusioncenter2', '10', '0.792']
['home', 'globalfusion', '10', '1.336']
['localpro', 'aggregate0', 'aggregate1', 'aggregate2', 'simpledetector0', 'simpledetector1', 'simpledetector2', 'astutedetector0', 'astutedetector1', 'astutedetector2', 'fusioncenter0', 'fusioncenter1', 'fusioncenter2', 'globalfusion']
{'astutedetector2': 't0_9', 'localpro': 't0_0', 'aggregate0': 't0_1', 'globalfusion': 't0_13', 'fusioncenter1': 't0_11', 'astutedetector1': 't0_8', 'simpledetector1': 't0_5', 'simpledetector2': 't0_6', 'aggregate1': 't0_2', 'aggregate2': 't0_3', 'astutedetector0': 't0_7', 'simpledetector0': 't0_4', 'fusioncenter2': 't0_12', 'fusioncenter0': 't0_10'}
{'astutedetector2': 9, 'localpro': 0, 'aggregate0': 1, 'globalfusion': 13, 'fusioncenter1': 11, 'astutedetector1': 8, 'simpledetector1': 5, 'simpledetector2': 6, 'aggregate1': 2, 'aggregate2': 3, 'astutedetector0': 7, 'simpledetector0': 4, 'fusioncenter2': 12, 'fusioncenter0': 10}
{'astutedetector2': '4.728', 'localpro': '986.736', 'aggregate0': '701.92', 'globalfusion': '1.336', 'fusioncenter1': '0.44', 'astutedetector1': '3.48', 'simpledetector1': '7.616', 'simpledetector2': '7.168', 'aggregate1': '127.048', 'aggregate2': '157.768', 'astutedetector0': '4.152', 'simpledetector0': '7.616', 'fusioncenter2': '0.792', 'fusioncenter0': '0.984'}
[[150, 150, 150, 150], [150, 150, 150, 150], [150, 150, 150, 150], [150, 150, 150, 150], [150, 150, 150, 150], [150, 150, 150, 150], [150, 150, 150, 150], [150, 150, 150, 150], [150, 150, 150, 150], [150, 150, 150, 150], [100, 100, 100, 100], [100, 100, 100, 100], [100, 100, 100, 100], [100, 100, 100, 100]]
	TASK localpro	TYPE 0 

	TASK aggregate0	TYPE 1 

	TASK aggregate1	TYPE 2 

	TASK aggregate2	TYPE 3 

	TASK simpledetector0	TYPE 4 

	TASK simpledetector1	TYPE 5 

	TASK simpledetector2	TYPE 6 

	TASK astutedetector0	TYPE 7 

	TASK astutedetector1	TYPE 8 

	TASK astutedetector2	TYPE 9 

	TASK fusioncenter0	TYPE 10 

	TASK fusioncenter1	TYPE 11 

	TASK fusioncenter2	TYPE 12 

	TASK globalfusion	TYPE 13 

task_names: ['localpro', 'aggregate0', 'aggregate1', 'aggregate2', 'simpledetector0', 'simpledetector1', 'simpledetector2', 'astutedetector0', 'astutedetector1', 'astutedetector2', 'fusioncenter0', 'fusioncenter1', 'fusioncenter2', 'globalfusion']
==================
Checking the written information
14
[<map object at 0x7fd0f7578a58>, <map object at 0x7fd0f7578b70>, <map object at 0x7fd0f7578cc0>, <map object at 0x7fd0f7578e10>, <map object at 0x7fd0f7578f60>, <map object at 0x7fd0f757b0f0>, <map object at 0x7fd0f757b240>, <map object at 0x7fd0f757b390>, <map object at 0x7fd0f757b4e0>, <map object at 0x7fd0f757b630>, <map object at 0x7fd0f757b7b8>, <map object at 0x7fd0f757b940>, <map object at 0x7fd0f757bac8>, <map object at 0x7fd0f757bc50>]
[[0, 1, 1, 1], [1, 0, 1, 1], [1, 1, 0, 1], [1, 1, 1, 0]]
[[-1, 986, 986, 986, -1, -1, -1, -1, -1, -1, -1, -1, -1, -1], [-1, -1, -1, -1, 701, -1, -1, 701, -1, -1, -1, -1, -1, -1], [-1, -1, -1, -1, -1, 127, -1, -1, 127, -1, -1, -1, -1, -1], [-1, -1, -1, -1, -1, -1, 157, -1, -1, 157, -1, -1, -1, -1], [-1, -1, -1, -1, -1, -1, -1, -1, -1, -1, 7, -1, -1, -1], [-1, -1, -1, -1, -1, -1, -1, -1, -1, -1, -1, 7, -1, -1], [-1, -1, -1, -1, -1, -1, -1, -1, -1, -1, -1, -1, 7, -1], [-1, -1, -1, -1, -1, -1, -1, -1, -1, -1, 4, -1, -1, -1], [-1, -1, -1, -1, -1, -1, -1, -1, -1, -1, -1, 3, -1, -1], [-1, -1, -1, -1, -1, -1, -1, -1, -1, -1, -1, -1, 4, -1], [-1, -1, -1, -1, -1, -1, -1, -1, -1, -1, -1, -1, -1, 0], [-1, -1, -1, -1, -1, -1, -1, -1, -1, -1, -1, -1, -1, 0], [-1, -1, -1, -1, -1, -1, -1, -1, -1, -1, -1, -1, -1, 0], [-1, -1, -1, -1, -1, -1, -1, -1, -1, -1, -1, -1, -1, -1]]
[[(0, 0, 0), (-4.026265153296277e-09, 0.0012816502348092758, 137.73968576438762), (-8.95750150123682e-09, 0.0017296912793924434, 140.9507883099055), (3.0113118077623685e-09, 0.0007406390930765045, 140.1415582532972)], [(2.506479246935434e-09, 0.0010895268685951576, 154.79135113058283), (0, 0, 0), (2.244559922892563e-07, -0.016778660892240137, 154.77474412755538), (3.8622196345231256e-08, -0.0016776785602727867, 161.013348830615)], [(-1.67174377198411e-08, 0.0025988699602143726, 139.08017148913723), (-3.0749459949239407e-06, 0.0264648109865999, 133.41184799243823), (0, 0, 0), (-1.0697372255365974e-08, 0.0017979204195783462, 138.63261522387626)], [(-6.863634656367628e-09, 0.00180052042203269, 139.88317314239137), (-1.2087514301790897e-08, 0.00223613440845734, 139.79391539135787), (4.049609310995291e-09, 0.000766981562988704, 139.72341845782515), (0, 0, 0)]]
	TASK localpro	TYPE 0 

	TASK aggregate0	TYPE 1 

	TASK aggregate1	TYPE 2 

	TASK aggregate2	TYPE 3 

	TASK simpledetector0	TYPE 4 

	TASK simpledetector1	TYPE 5 

	TASK simpledetector2	TYPE 6 

	TASK astutedetector0	TYPE 7 

	TASK astutedetector1	TYPE 8 

	TASK astutedetector2	TYPE 9 

	TASK fusioncenter0	TYPE 10 

	TASK fusioncenter1	TYPE 11 

	TASK fusioncenter2	TYPE 12 

	TASK globalfusion	TYPE 13 

('task_names:', ['localpro', 'aggregate0', 'aggregate1', 'aggregate2', 'simpledetector0', 'simpledetector1', 'simpledetector2', 'astutedetector0', 'astutedetector1', 'astutedetector2', 'fusioncenter0', 'fusioncenter1', 'fusioncenter2', 'globalfusion'])
==================
(0, 1)
(1, 1)
(2, 1)
(3, 1)
(0, 3)
(1, 3)
(2, 3)
(3, 3)
(0, 2)
(1, 2)
(2, 2)
(3, 2)
(0, 4)
(1, 4)
(2, 4)
(3, 4)
(0, 5)
(1, 5)
(2, 5)
(3, 5)
(0, 6)
(1, 6)
(2, 6)
(3, 6)
(0, 7)
(1, 7)
(2, 7)
(3, 7)
(0, 9)
(1, 9)
(2, 9)
(3, 9)
(0, 8)
(1, 8)
(2, 8)
(3, 8)
(0, 10)
(1, 10)
(2, 10)
(3, 10)
(0, 11)
(1, 11)
(2, 11)
(3, 11)
(0, 12)
(1, 12)
(2, 12)
(3, 12)
(0, 13)
(1, 13)
(2, 13)
(3, 13)
task 0 dup on node2
task 0 dup on node4
Assign random master and slaves
task 0 : up_rank = 1226.075951, down_rank = 0.000000
task 1 : up_rank = 931.167932, down_rank = 294.908019
task 3 : up_rank = 930.279620, down_rank = 294.908019
task 2 : up_rank = 930.226526, down_rank = 294.908019
task 4 : up_rank = 636.668954, down_rank = 589.406997
task 5 : up_rank = 636.668954, down_rank = 588.465591
task 6 : up_rank = 636.668954, down_rank = 588.518686
task 7 : up_rank = 636.663449, down_rank = 589.406997
task 9 : up_rank = 636.663449, down_rank = 588.518686
task 8 : up_rank = 636.661613, down_rank = 588.465591
task 10 : up_rank = 343.328052, down_rank = 882.747900
task 11 : up_rank = 343.328052, down_rank = 881.806494
task 12 : up_rank = 343.328052, down_rank = 881.859588
task 13 : up_rank = 100.000000, down_rank = 1126.075951
node2:
task 1 : ast = 0, aft = 150
task 2 : ast = 150, aft = 300
task 5 : ast = 300, aft = 450
task 9 : ast = 450, aft = 600
task 12 : ast = 600, aft = 700
node3:
task 4 : ast = 150, aft = 300
task 7 : ast = 300, aft = 450
task 10 : ast = 450, aft = 600
task 13 : ast = 600, aft = 700
task 14 : ast = 837, aft = 937
node4:
task 8 : ast = 442, aft = 592
task 11 : ast = 592, aft = 692
node5:
task 3 : ast = 150, aft = 300
task 6 : ast = 300, aft = 450
redundant task 1 on node3
redundant task 1 on node5
makespan = 937
{'simpledetector2': 'node3', 'simpledetector1': 'node5', 'simpledetector0': 'node2', 'globalfusion': 'node3', 'aggregate1': 'node5', 'aggregate0': 'node2', 'aggregate2': 'node3', 'localpro': 'node2', 'astutedetector1': 'node2', 'astutedetector0': 'node4', 'astutedetector2': 'node3', 'fusioncenter0': 'node4', 'fusioncenter1': 'node2', 'fusioncenter2': 'node3'}
 * Serving Flask app "master" (lazy loading)
 * Environment: production
   WARNING: Do not use the development server in a production environment.
   Use a production WSGI server instead.
 * Debug mode: off
 * Running on http://0.0.0.0:8888/ (Press CTRL+C to quit)
('Recieved request for current mapping. Current mappings done:', 14)
{'simpledetector2': 'node3', 'simpledetector1': 'node5', 'simpledetector0': 'node2', 'globalfusion': 'node3', 'aggregate1': 'node5', 'aggregate0': 'node2', 'aggregate2': 'node3', 'localpro': 'node2', 'astutedetector1': 'node2', 'astutedetector0': 'node4', 'astutedetector2': 'node3', 'fusioncenter0': 'node4', 'fusioncenter1': 'node2', 'fusioncenter2': 'node3'}
10.244.0.0 - - [30/Oct/2018 15:00:03] "GET / HTTP/1.1" 200 -
