 * Starting OpenBSD Secure Shell server sshd
   ...done.
Installing and starting mongodb
Start MongoDB.
about to fork child process, waiting until server is ready for connections.
forked process: 33
child process started successfully, parent exiting
Starting the evaluation
Starting the scheduler
TASK:  task1
DAG:  {'task4': ['2', 'true', 'home'], 'task2': ['1', 'true', 'task4'], 'task1': ['1', 'true', 'task2', 'task3'], 'task3': ['1', 'true', 'task4']}
HOSTS:  {'home': ['home', 'ubuntu2gbams203-2018-05-10-s-2vcpu-4gb-nyc1-01', 'root', 'PASSWORD']}
Starting the output monitoring system:
Flask server started
 * Serving Flask app "scheduler" (lazy loading)
 * Environment: production
   WARNING: Do not use the development server in a production environment.
   Use a production WSGI server instead.
 * Debug mode: off
 * Running on http://0.0.0.0:8888/ (Press CTRL+C to quit)
------ Received matching info
{'task4': 'node2'}
10.244.2.83 - - [29/Oct/2018 23:26:03] "GET /update_controller_map?controller_id_map=task4%3Anode2 HTTP/1.1" 200 -
------ Received matching info
{'task1': 'node2', 'task4': 'node2'}
10.244.2.84 - - [29/Oct/2018 23:26:04] "GET /update_controller_map?controller_id_map=task1%3Anode2 HTTP/1.1" 200 -
------ Received matching info
{'task1': 'node2', 'task4': 'node2', 'task2': 'node2'}
10.244.2.85 - - [29/Oct/2018 23:26:04] "GET /update_controller_map?controller_id_map=task2%3Anode2 HTTP/1.1" 200 -
------ Received matching info
{'task3': 'node2', 'task1': 'node2', 'task4': 'node2', 'task2': 'node2'}
10.244.2.86 - - [29/Oct/2018 23:26:04] "GET /update_controller_map?controller_id_map=task3%3Anode2 HTTP/1.1" 200 -
Recieved request for number of output files. Current done: 0
10.244.0.0 - - [29/Oct/2018 23:26:04] "GET / HTTP/1.1" 200 -
-----------Received assignment info
10.244.2.83 - - [29/Oct/2018 23:26:33] "GET /receive_assignment_info?assignment_info=task4%23node2 HTTP/1.1" 200 -
-----------Received assignment info
10.244.2.84 - - [29/Oct/2018 23:26:34] "GET /receive_assignment_info?assignment_info=task1%23node2 HTTP/1.1" 200 -
-----------Received assignment info
10.244.2.85 - - [29/Oct/2018 23:26:34] "GET /receive_assignment_info?assignment_info=task2%23node2 HTTP/1.1" 200 -
-----------Received assignment info
10.244.2.86 - - [29/Oct/2018 23:26:34] "GET /receive_assignment_info?assignment_info=task3%23node2 HTTP/1.1" 200 -
Recieved request for number of output files. Current done: 0
10.244.0.0 - - [29/Oct/2018 23:27:05] "GET / HTTP/1.1" 200 -
------ Received matching info
{'task3': 'node2', 'task1': 'node2', 'task4': 'node2', 'task2': 'node2'}
10.244.2.83 - - [29/Oct/2018 23:27:33] "GET /update_controller_map?controller_id_map=task4%3Anode2 HTTP/1.1" 200 -
------ Received matching info
{'task3': 'node2', 'task1': 'node2', 'task4': 'node2', 'task2': 'node2'}
10.244.2.84 - - [29/Oct/2018 23:27:34] "GET /update_controller_map?controller_id_map=task1%3Anode2 HTTP/1.1" 200 -
------ Received matching info
{'task3': 'node2', 'task1': 'node2', 'task4': 'node2', 'task2': 'node2'}
10.244.2.85 - - [29/Oct/2018 23:27:34] "GET /update_controller_map?controller_id_map=task2%3Anode2 HTTP/1.1" 200 -
------ Received matching info
{'task3': 'node2', 'task1': 'node2', 'task4': 'node2', 'task2': 'node2'}
10.244.2.86 - - [29/Oct/2018 23:27:34] "GET /update_controller_map?controller_id_map=task3%3Anode2 HTTP/1.1" 200 -
Start copying sample files for evaluation
---- Generate random input files
Received file as input - /input/1botnet.ipsum.
start time is:  [1540855661.3364484]
task1
{'task3': 'node2', 'task1': 'node2', 'task4': 'node2', 'task2': 'node2'}
{'node3': '10.103.117.90', 'node4': '10.101.69.85', 'node5': '10.97.163.208', 'node2': '10.104.68.91'}
1botnet.ipsum
1botnet.ipsum#task1#true
Transfer to IP: 10.104.68.91 , username: root , password: PASSWORD, source path: /input/1botnet.ipsum , destination path: /centralized_scheduler/input/1botnet.ipsum#task1#true
Warning: Permanently added '[10.104.68.91]:5000' (ECDSA) to the list of known hosts.
data transfer complete

Received flask message: node2 rt_enter 1botnet 1540855661.9747853 task1
10.244.2.82 - - [29/Oct/2018 23:27:41] "GET /recv_runtime_profile_computingnode?work_node=node2&msg=rt_enter+1botnet+1540855661.9747853&task_name=task1 HTTP/1.1" 200 -
10.244.2.82 - - [29/Oct/2018 23:27:41] "GET /recv_runtime_profile_computingnode?work_node=node2&msg=rt_exec+1botnet+1540855661.984605&task_name=task1 HTTP/1.1" 200 -
Received flask message: node2 rt_exec 1botnet 1540855661.984605 task1
10.244.2.82 - - [29/Oct/2018 23:27:42] "GET /recv_runtime_profile_computingnode?work_node=node2&msg=rt_finish+1botnet+1540855662.4970682&task_name=task1 HTTP/1.1" 200 -
Received flask message: node2 rt_finish 1botnet 1540855662.4970682 task1
----------------------------
Runtime info at each computing node
Worker node: node2
Input file : 1botnet
Task name: task1
Total duration time:0.5222828388214111
Waiting time:0.009819746017456055
node2 execution time:0.5124630928039551
----------------------------
********************************************
Runtime profiling computing node info:
Worker_node Task_name  local_input_file Enter_time Execute_time Finish_time Elapse_time Duration_time Waiting_time 

node2      task1      1botnet    1540855661.9747853 1540855661.984605 1540855662.4970682 0.5222828388214111 0.5124630928039551 0.009819746017456055

********************************************
Received flask message: node2 rt_enter 1botnet 1540855663.011415 task2
10.244.2.82 - - [29/Oct/2018 23:27:43] "GET /recv_runtime_profile_computingnode?work_node=node2&msg=rt_enter+1botnet+1540855663.011415&task_name=task2 HTTP/1.1" 200 -
Received flask message: node2 rt_exec 1botnet 1540855663.016893 task2
10.244.2.82 - - [29/Oct/2018 23:27:43] "GET /recv_runtime_profile_computingnode?work_node=node2&msg=rt_exec+1botnet+1540855663.016893&task_name=task2 HTTP/1.1" 200 -
Received flask message: node2 rt_enter 1botnet 1540855663.036911 task3
10.244.2.82 - - [29/Oct/2018 23:27:43] "GET /recv_runtime_profile_computingnode?work_node=node2&msg=rt_enter+1botnet+1540855663.036911&task_name=task3 HTTP/1.1" 200 -
Received flask message: node2 rt_exec 1botnet 1540855663.0410688 task3
10.244.2.82 - - [29/Oct/2018 23:27:43] "GET /recv_runtime_profile_computingnode?work_node=node2&msg=rt_exec+1botnet+1540855663.0410688&task_name=task3 HTTP/1.1" 200 -
Received flask message: node2 rt_finish 1botnet 1540855663.5325985 task2
----------------------------
Runtime info at each computing node
Worker node: node2
Input file : 1botnet
Task name: task2
Total duration time:0.5211834907531738
Waiting time:0.0054779052734375
node2 execution time:0.5157055854797363
----------------------------
********************************************
Runtime profiling computing node info:
Worker_node Task_name  local_input_file Enter_time Execute_time Finish_time Elapse_time Duration_time Waiting_time 

node2      task1      1botnet    1540855661.9747853 1540855661.984605 1540855662.4970682 0.5222828388214111 0.5124630928039551 0.009819746017456055

node2      task2      1botnet    1540855663.011415 1540855663.016893 1540855663.5325985 0.5211834907531738 0.5157055854797363 0.0054779052734375

********************************************
10.244.2.82 - - [29/Oct/2018 23:27:43] "GET /recv_runtime_profile_computingnode?work_node=node2&msg=rt_finish+1botnet+1540855663.5325985&task_name=task2 HTTP/1.1" 200 -
10.244.2.82 - - [29/Oct/2018 23:27:43] "GET /recv_runtime_profile_computingnode?work_node=node2&msg=rt_finish+1botnet+1540855663.5513105&task_name=task3 HTTP/1.1" 200 -
Received flask message: node2 rt_finish 1botnet 1540855663.5513105 task3
----------------------------
Runtime info at each computing node
Worker node: node2
Input file : 1botnet
Task name: task3
Total duration time:0.514399528503418
Waiting time:0.0041577816009521484
node2 execution time:0.5102417469024658
----------------------------
********************************************
Runtime profiling computing node info:
Worker_node Task_name  local_input_file Enter_time Execute_time Finish_time Elapse_time Duration_time Waiting_time 

node2      task3      1botnet    1540855663.036911 1540855663.0410688 1540855663.5513105 0.514399528503418 0.5102417469024658 0.0041577816009521484

node2      task1      1botnet    1540855661.9747853 1540855661.984605 1540855662.4970682 0.5222828388214111 0.5124630928039551 0.009819746017456055

node2      task2      1botnet    1540855663.011415 1540855663.016893 1540855663.5325985 0.5211834907531738 0.5157055854797363 0.0054779052734375

********************************************
Received flask message: node2 rt_enter 1botnet 1540855664.0434446 task4
10.244.2.82 - - [29/Oct/2018 23:27:44] "GET /recv_runtime_profile_computingnode?work_node=node2&msg=rt_enter+1botnet+1540855664.0434446&task_name=task4 HTTP/1.1" 200 -
Received flask message: node2 rt_enter 1botnet 1540855664.0638442 task4
10.244.2.82 - - [29/Oct/2018 23:27:44] "GET /recv_runtime_profile_computingnode?work_node=node2&msg=rt_enter+1botnet+1540855664.0638442&task_name=task4 HTTP/1.1" 200 -
Received flask message: node2 rt_exec 1botnet 1540855664.0694506 task4
10.244.2.82 - - [29/Oct/2018 23:27:44] "GET /recv_runtime_profile_computingnode?work_node=node2&msg=rt_exec+1botnet+1540855664.0694506&task_name=task4 HTTP/1.1" 200 -
Received flask message: node2 rt_finish 1botnet 1540855664.583016 task4
----------------------------
Runtime info at each computing node
Worker node: node2
Input file : 1botnet
Task name: task4
Total duration time:0.5191717147827148
Waiting time:0.005606412887573242
node2 execution time:0.5135653018951416
----------------------------
********************************************
Runtime profiling computing node info:
Worker_node Task_name  local_input_file Enter_time Execute_time Finish_time Elapse_time Duration_time Waiting_time 

node2      task3      1botnet    1540855663.036911 1540855663.0410688 1540855663.5513105 0.514399528503418 0.5102417469024658 0.0041577816009521484

node2      task1      1botnet    1540855661.9747853 1540855661.984605 1540855662.4970682 0.5222828388214111 0.5124630928039551 0.009819746017456055

node2      task2      1botnet    1540855663.011415 1540855663.016893 1540855663.5325985 0.5211834907531738 0.5157055854797363 0.0054779052734375

node2      task4      1botnet    1540855664.0638442 1540855664.0694506 1540855664.583016 0.5191717147827148 0.5135653018951416 0.005606412887573242

********************************************
10.244.2.82 - - [29/Oct/2018 23:27:44] "GET /recv_runtime_profile_computingnode?work_node=node2&msg=rt_finish+1botnet+1540855664.583016&task_name=task4 HTTP/1.1" 200 -
ending time is:  [1540855665.24162]
starting time is:  [1540855661.3364484]
execution time is:  [3.9051716327667236]
Recieved request for number of output files. Current done: 1
10.244.0.0 - - [29/Oct/2018 23:28:05] "GET / HTTP/1.1" 200 -
---- Generate random input files
Received file as input - /input/2botnet.ipsum.
start time is:  [1540855661.3364484, 1540855696.356514]
task1
{'task3': 'node2', 'task1': 'node2', 'task4': 'node2', 'task2': 'node2'}
{'node3': '10.103.117.90', 'node4': '10.101.69.85', 'node5': '10.97.163.208', 'node2': '10.104.68.91'}
2botnet.ipsum
2botnet.ipsum#task1#true
Transfer to IP: 10.104.68.91 , username: root , password: PASSWORD, source path: /input/2botnet.ipsum , destination path: /centralized_scheduler/input/2botnet.ipsum#task1#true
data transfer complete

Received flask message: node2 rt_enter 2botnet 1540855697.0310378 task1
10.244.2.82 - - [29/Oct/2018 23:28:17] "GET /recv_runtime_profile_computingnode?work_node=node2&msg=rt_enter+2botnet+1540855697.0310378&task_name=task1 HTTP/1.1" 200 -
10.244.2.82 - - [29/Oct/2018 23:28:17] "GET /recv_runtime_profile_computingnode?work_node=node2&msg=rt_exec+2botnet+1540855697.0368252&task_name=task1 HTTP/1.1" 200 -
Received flask message: node2 rt_exec 2botnet 1540855697.0368252 task1
10.244.2.82 - - [29/Oct/2018 23:28:17] "GET /recv_runtime_profile_computingnode?work_node=node2&msg=rt_finish+2botnet+1540855697.5512197&task_name=task1 HTTP/1.1" 200 -
Received flask message: node2 rt_finish 2botnet 1540855697.5512197 task1
----------------------------
Runtime info at each computing node
Worker node: node2
Input file : 2botnet
Task name: task1
Total duration time:0.5201818943023682
Waiting time:0.005787372589111328
node2 execution time:0.5143945217132568
----------------------------
********************************************
Runtime profiling computing node info:
Worker_node Task_name  local_input_file Enter_time Execute_time Finish_time Elapse_time Duration_time Waiting_time 

node2      task1      2botnet    1540855697.0310378 1540855697.0368252 1540855697.5512197 0.5201818943023682 0.5143945217132568 0.005787372589111328

node2      task3      1botnet    1540855663.036911 1540855663.0410688 1540855663.5513105 0.514399528503418 0.5102417469024658 0.0041577816009521484

node2      task1      1botnet    1540855661.9747853 1540855661.984605 1540855662.4970682 0.5222828388214111 0.5124630928039551 0.009819746017456055

node2      task2      1botnet    1540855663.011415 1540855663.016893 1540855663.5325985 0.5211834907531738 0.5157055854797363 0.0054779052734375

node2      task4      1botnet    1540855664.0638442 1540855664.0694506 1540855664.583016 0.5191717147827148 0.5135653018951416 0.005606412887573242

********************************************
Received flask message: node2 rt_enter 2botnet 1540855698.0635965 task2
10.244.2.82 - - [29/Oct/2018 23:28:18] "GET /recv_runtime_profile_computingnode?work_node=node2&msg=rt_enter+2botnet+1540855698.0635965&task_name=task2 HTTP/1.1" 200 -
Received flask message: node2 rt_exec 2botnet 1540855698.0689652 task2
10.244.2.82 - - [29/Oct/2018 23:28:18] "GET /recv_runtime_profile_computingnode?work_node=node2&msg=rt_exec+2botnet+1540855698.0689652&task_name=task2 HTTP/1.1" 200 -
Received flask message: node2 rt_enter 2botnet 1540855698.0914664 task3
10.244.2.82 - - [29/Oct/2018 23:28:18] "GET /recv_runtime_profile_computingnode?work_node=node2&msg=rt_enter+2botnet+1540855698.0914664&task_name=task3 HTTP/1.1" 200 -
Received flask message: node2 rt_exec 2botnet 1540855698.0955136 task3
10.244.2.82 - - [29/Oct/2018 23:28:18] "GET /recv_runtime_profile_computingnode?work_node=node2&msg=rt_exec+2botnet+1540855698.0955136&task_name=task3 HTTP/1.1" 200 -
10.244.2.82 - - [29/Oct/2018 23:28:18] "GET /recv_runtime_profile_computingnode?work_node=node2&msg=rt_finish+2botnet+1540855698.586872&task_name=task2 HTTP/1.1" 200 -
Received flask message: node2 rt_finish 2botnet 1540855698.586872 task2
----------------------------
Runtime info at each computing node
Worker node: node2
Input file : 2botnet
Task name: task2
Total duration time:0.52327561378479
Waiting time:0.005368709564208984
node2 execution time:0.517906904220581
----------------------------
********************************************
Runtime profiling computing node info:
Worker_node Task_name  local_input_file Enter_time Execute_time Finish_time Elapse_time Duration_time Waiting_time 

node2      task1      2botnet    1540855697.0310378 1540855697.0368252 1540855697.5512197 0.5201818943023682 0.5143945217132568 0.005787372589111328

node2      task1      1botnet    1540855661.9747853 1540855661.984605 1540855662.4970682 0.5222828388214111 0.5124630928039551 0.009819746017456055

node2      task3      1botnet    1540855663.036911 1540855663.0410688 1540855663.5513105 0.514399528503418 0.5102417469024658 0.0041577816009521484

node2      task2      1botnet    1540855663.011415 1540855663.016893 1540855663.5325985 0.5211834907531738 0.5157055854797363 0.0054779052734375

node2      task4      1botnet    1540855664.0638442 1540855664.0694506 1540855664.583016 0.5191717147827148 0.5135653018951416 0.005606412887573242

node2      task2      2botnet    1540855698.0635965 1540855698.0689652 1540855698.586872 0.52327561378479 0.517906904220581 0.005368709564208984

********************************************
10.244.2.82 - - [29/Oct/2018 23:28:18] "GET /recv_runtime_profile_computingnode?work_node=node2&msg=rt_finish+2botnet+1540855698.6055033&task_name=task3 HTTP/1.1" 200 -
Received flask message: node2 rt_finish 2botnet 1540855698.6055033 task3
----------------------------
Runtime info at each computing node
Worker node: node2
Input file : 2botnet
Task name: task3
Total duration time:0.5140368938446045
Waiting time:0.0040471553802490234
node2 execution time:0.5099897384643555
----------------------------
********************************************
Runtime profiling computing node info:
Worker_node Task_name  local_input_file Enter_time Execute_time Finish_time Elapse_time Duration_time Waiting_time 

node2      task1      2botnet    1540855697.0310378 1540855697.0368252 1540855697.5512197 0.5201818943023682 0.5143945217132568 0.005787372589111328

node2      task1      1botnet    1540855661.9747853 1540855661.984605 1540855662.4970682 0.5222828388214111 0.5124630928039551 0.009819746017456055

node2      task3      1botnet    1540855663.036911 1540855663.0410688 1540855663.5513105 0.514399528503418 0.5102417469024658 0.0041577816009521484

node2      task2      1botnet    1540855663.011415 1540855663.016893 1540855663.5325985 0.5211834907531738 0.5157055854797363 0.0054779052734375

node2      task3      2botnet    1540855698.0914664 1540855698.0955136 1540855698.6055033 0.5140368938446045 0.5099897384643555 0.0040471553802490234

node2      task4      1botnet    1540855664.0638442 1540855664.0694506 1540855664.583016 0.5191717147827148 0.5135653018951416 0.005606412887573242

node2      task2      2botnet    1540855698.0635965 1540855698.0689652 1540855698.586872 0.52327561378479 0.517906904220581 0.005368709564208984

********************************************
Received flask message: node2 rt_enter 2botnet 1540855699.099085 task4
10.244.2.82 - - [29/Oct/2018 23:28:19] "GET /recv_runtime_profile_computingnode?work_node=node2&msg=rt_enter+2botnet+1540855699.099085&task_name=task4 HTTP/1.1" 200 -
Received flask message: node2 rt_enter 2botnet 1540855699.115219 task4
10.244.2.82 - - [29/Oct/2018 23:28:19] "GET /recv_runtime_profile_computingnode?work_node=node2&msg=rt_enter+2botnet+1540855699.115219&task_name=task4 HTTP/1.1" 200 -
10.244.2.82 - - [29/Oct/2018 23:28:19] "GET /recv_runtime_profile_computingnode?work_node=node2&msg=rt_exec+2botnet+1540855699.1201565&task_name=task4 HTTP/1.1" 200 -
Received flask message: node2 rt_exec 2botnet 1540855699.1201565 task4
Received flask message: node2 rt_finish 2botnet 1540855699.6328075 task4
----------------------------
Runtime info at each computing node
Worker node: node2
Input file : 2botnet
Task name: task4
Total duration time:0.5175883769989014
Waiting time:0.004937410354614258
node2 execution time:0.5126509666442871
----------------------------
********************************************
Runtime profiling computing node info:
Worker_node Task_name  local_input_file Enter_time Execute_time Finish_time Elapse_time Duration_time Waiting_time 

node2      task1      2botnet    1540855697.0310378 1540855697.0368252 1540855697.5512197 0.5201818943023682 0.5143945217132568 0.005787372589111328

node2      task1      1botnet    1540855661.9747853 1540855661.984605 1540855662.4970682 0.5222828388214111 0.5124630928039551 0.009819746017456055

node2      task3      1botnet    1540855663.036911 1540855663.0410688 1540855663.5513105 0.514399528503418 0.5102417469024658 0.0041577816009521484

node2      task4      2botnet    1540855699.115219 1540855699.1201565 1540855699.6328075 0.5175883769989014 0.5126509666442871 0.004937410354614258

node2      task2      1botnet    1540855663.011415 1540855663.016893 1540855663.5325985 0.5211834907531738 0.5157055854797363 0.0054779052734375

node2      task3      2botnet    1540855698.0914664 1540855698.0955136 1540855698.6055033 0.5140368938446045 0.5099897384643555 0.0040471553802490234

node2      task4      1botnet    1540855664.0638442 1540855664.0694506 1540855664.583016 0.5191717147827148 0.5135653018951416 0.005606412887573242

node2      task2      2botnet    1540855698.0635965 1540855698.0689652 1540855698.586872 0.52327561378479 0.517906904220581 0.005368709564208984

********************************************
10.244.2.82 - - [29/Oct/2018 23:28:19] "GET /recv_runtime_profile_computingnode?work_node=node2&msg=rt_finish+2botnet+1540855699.6328075&task_name=task4 HTTP/1.1" 200 -
ending time is:  [1540855665.24162, 1540855700.296646]
starting time is:  [1540855661.3364484, 1540855696.356514]
execution time is:  [3.9051716327667236, 3.9401321411132812]
---- Finish generating sequential input files
Recieved request for number of output files. Current done: 2
10.244.0.0 - - [29/Oct/2018 23:29:05] "GET / HTTP/1.1" 200 -
