 * Starting OpenBSD Secure Shell server sshd
   ...done.
-------------------------------------
Automatically generating HEFT input
-------------------------------------
Perform HEFT scheduling
read_input_heft.py:194: SyntaxWarning: name 'MONGO_SVC_PORT' is assigned to before global declaration
  global profiler_ip,exec_home_ip,num_nodes,MONGO_SVC_PORT,network_map,node_list, home_profiler_ip
('tasks: ', {'simpledetector2': ['fusioncenter2'], 'simpledetector1': ['fusioncenter1'], 'simpledetector0': ['fusioncenter0'], 'globalfusion': [], 'aggregate1': ['simpledetector1', 'astutedetector1'], 'aggregate0': ['simpledetector0', 'astutedetector0'], 'aggregate2': ['simpledetector2', 'astutedetector2'], 'localpro': ['aggregate0', 'aggregate1', 'aggregate2'], 'astutedetector1': ['fusioncenter1'], 'astutedetector0': ['fusioncenter0'], 'astutedetector2': ['fusioncenter2'], 'fusioncenter0': ['globalfusion'], 'fusioncenter1': ['globalfusion'], 'fusioncenter2': ['globalfusion']})
('task order', ['localpro', 'aggregate0', 'aggregate1', 'aggregate2', 'simpledetector0', 'simpledetector1', 'simpledetector2', 'astutedetector0', 'astutedetector1', 'astutedetector2', 'fusioncenter0', 'fusioncenter1', 'fusioncenter2', 'globalfusion'])
('super tasks', [])
('non tasks', [])
No input TGFF file found!
---------------------------------------------

 Read task list from DAG file, Non-DAG info and global information 

tasks:  {'simpledetector0': ['fusioncenter0'], 'fusioncenter1': ['globalfusion'], 'simpledetector1': ['fusioncenter1'], 'astutedetector2': ['fusioncenter2'], 'aggregate0': ['simpledetector0', 'astutedetector0'], 'aggregate1': ['simpledetector1', 'astutedetector1'], 'astutedetector0': ['fusioncenter0'], 'simpledetector2': ['fusioncenter2'], 'fusioncenter2': ['globalfusion'], 'localpro': ['aggregate0', 'aggregate1', 'aggregate2'], 'fusioncenter0': ['globalfusion'], 'globalfusion': [], 'astutedetector1': ['fusioncenter1'], 'aggregate2': ['simpledetector2', 'astutedetector2']}
task order ['localpro', 'aggregate0', 'aggregate1', 'aggregate2', 'simpledetector0', 'simpledetector1', 'simpledetector2', 'astutedetector0', 'astutedetector1', 'astutedetector2', 'fusioncenter0', 'fusioncenter1', 'fusioncenter2', 'globalfusion']
super tasks []
---------------------------------------------

 Create input HEFT file 

No available profiling information
---------------------------------------------

 Step 1: Read task list from DAG file and global information 

5
[['node2', '10.110.22.125'], ['node3', '10.100.135.138'], ['node4', '10.105.17.239'], ['node5', '10.108.202.177'], ['node6', '10.101.235.45']]
10.105.80.122
Num nodes :5
{'10.110.22.125': 'node2', '10.108.202.177': 'node5', '10.105.17.239': 'node4', '10.101.235.45': 'node6', '10.100.135.138': 'node3'}
['node2', 'node3', 'node4', 'node5', 'node6']
------------------------------------------------------------

 Step 2: Read network profiler information : 

------------------------------------------------------------

 Step 3: Read execution Profiler Information : 

[['node2', '10.110.22.125'], ['node3', '10.100.135.138'], ['node4', '10.105.17.239'], ['node5', '10.108.202.177'], ['node6', '10.101.235.45']]
Check Network Profiler IP: node2-10.110.22.125
Database(MongoClient(host=['10.105.80.122:6200'], document_class=dict, tz_aware=False, connect=True), 'execution_profiler')
--- Number of neighbors: 5
Current number of updated execution profilers:
6
--- Check execution profiler ID : home
--- Check execution profiler ID : node3
Check Network Profiler IP: node3-10.100.135.138
--- Check execution profiler ID : node5
--- Check execution profiler ID : node2
--- Check execution profiler ID : node4
--- Check execution profiler ID : node6
Execution information has already been provided
--- Number of neighbors: 5
Check Network Profiler IP: node4-10.105.17.239
--- Number of neighbors: 5
Check Network Profiler IP: node5-10.108.202.177
--- Number of neighbors: 5
Check Network Profiler IP: node6-10.101.235.45
--- Number of neighbors: 5
Network information has already been provided
['home', 'localpro', '15', '986.736']
['home', 'aggregate0', '15', '701.92']
['home', 'aggregate1', '15', '127.048']
['home', 'aggregate2', '15', '157.768']
['home', 'simpledetector0', '15', '7.616']
['home', 'simpledetector1', '15', '7.616']
['home', 'simpledetector2', '15', '7.168']
['home', 'astutedetector0', '15', '4.152']
['home', 'astutedetector1', '15', '3.48']
['home', 'astutedetector2', '15', '4.728']
['home', 'fusioncenter0', '10', '0.984']
['home', 'fusioncenter1', '10', '0.44']
['home', 'fusioncenter2', '10', '0.792']
['home', 'globalfusion', '10', '1.336']
['localpro', 'aggregate0', 'aggregate1', 'aggregate2', 'simpledetector0', 'simpledetector1', 'simpledetector2', 'astutedetector0', 'astutedetector1', 'astutedetector2', 'fusioncenter0', 'fusioncenter1', 'fusioncenter2', 'globalfusion']
{'simpledetector0': 't0_4', 'fusioncenter1': 't0_11', 'simpledetector1': 't0_5', 'astutedetector2': 't0_9', 'aggregate0': 't0_1', 'aggregate1': 't0_2', 'astutedetector0': 't0_7', 'simpledetector2': 't0_6', 'fusioncenter2': 't0_12', 'localpro': 't0_0', 'fusioncenter0': 't0_10', 'globalfusion': 't0_13', 'astutedetector1': 't0_8', 'aggregate2': 't0_3'}
{'simpledetector0': 4, 'fusioncenter1': 11, 'simpledetector1': 5, 'astutedetector2': 9, 'aggregate0': 1, 'aggregate1': 2, 'astutedetector0': 7, 'simpledetector2': 6, 'fusioncenter2': 12, 'localpro': 0, 'fusioncenter0': 10, 'globalfusion': 13, 'astutedetector1': 8, 'aggregate2': 3}
{'simpledetector0': '7.616', 'fusioncenter1': '0.44', 'simpledetector1': '7.616', 'astutedetector2': '4.704', 'aggregate0': '701.92', 'aggregate1': '127.048', 'astutedetector0': '4.152', 'simpledetector2': '7.168', 'fusioncenter2': '0.768', 'localpro': '986.736', 'fusioncenter0': '0.984', 'globalfusion': '1.312', 'astutedetector1': '3.48', 'aggregate2': '157.768'}
[[150, 150, 150, 150, 150], [150, 150, 150, 150, 150], [150, 150, 150, 150, 150], [150, 150, 150, 150, 150], [150, 150, 150, 150, 150], [150, 150, 150, 150, 150], [150, 150, 150, 150, 150], [150, 150, 150, 150, 150], [150, 150, 150, 150, 150], [150, 150, 150, 150, 150], [100, 100, 100, 100, 100], [100, 100, 100, 100, 100], [100, 100, 100, 100, 100], [100, 100, 100, 100, 100]]
	TASK localpro	TYPE 0 

	TASK aggregate0	TYPE 1 

	TASK aggregate1	TYPE 2 

	TASK aggregate2	TYPE 3 

	TASK simpledetector0	TYPE 4 

	TASK simpledetector1	TYPE 5 

	TASK simpledetector2	TYPE 6 

	TASK astutedetector0	TYPE 7 

	TASK astutedetector1	TYPE 8 

	TASK astutedetector2	TYPE 9 

	TASK fusioncenter0	TYPE 10 

	TASK fusioncenter1	TYPE 11 

	TASK fusioncenter2	TYPE 12 

	TASK globalfusion	TYPE 13 

task_names: ['localpro', 'aggregate0', 'aggregate1', 'aggregate2', 'simpledetector0', 'simpledetector1', 'simpledetector2', 'astutedetector0', 'astutedetector1', 'astutedetector2', 'fusioncenter0', 'fusioncenter1', 'fusioncenter2', 'globalfusion']
==================
Checking the written information
14
[<map object at 0x7fbefd36c780>, <map object at 0x7fbefd36c908>, <map object at 0x7fbefd36ca90>, <map object at 0x7fbefd36cc18>, <map object at 0x7fbefd36cda0>, <map object at 0x7fbefd36cf28>, <map object at 0x7fbefd36f0f0>, <map object at 0x7fbefd36f278>, <map object at 0x7fbefd36f400>, <map object at 0x7fbefd36f588>, <map object at 0x7fbefd36f748>, <map object at 0x7fbefd36f908>, <map object at 0x7fbefd36fac8>, <map object at 0x7fbefd36fc88>]
[[0, 1, 1, 1, 1], [1, 0, 1, 1, 1], [1, 1, 0, 1, 1], [1, 1, 1, 0, 1], [1, 1, 1, 1, 0]]
[[-1, 986, 986, 986, -1, -1, -1, -1, -1, -1, -1, -1, -1, -1], [-1, -1, -1, -1, 701, -1, -1, 701, -1, -1, -1, -1, -1, -1], [-1, -1, -1, -1, -1, 127, -1, -1, 127, -1, -1, -1, -1, -1], [-1, -1, -1, -1, -1, -1, 157, -1, -1, 157, -1, -1, -1, -1], [-1, -1, -1, -1, -1, -1, -1, -1, -1, -1, 7, -1, -1, -1], [-1, -1, -1, -1, -1, -1, -1, -1, -1, -1, -1, 7, -1, -1], [-1, -1, -1, -1, -1, -1, -1, -1, -1, -1, -1, -1, 7, -1], [-1, -1, -1, -1, -1, -1, -1, -1, -1, -1, 4, -1, -1, -1], [-1, -1, -1, -1, -1, -1, -1, -1, -1, -1, -1, 3, -1, -1], [-1, -1, -1, -1, -1, -1, -1, -1, -1, -1, -1, -1, 4, -1], [-1, -1, -1, -1, -1, -1, -1, -1, -1, -1, -1, -1, -1, 0], [-1, -1, -1, -1, -1, -1, -1, -1, -1, -1, -1, -1, -1, 0], [-1, -1, -1, -1, -1, -1, -1, -1, -1, -1, -1, -1, -1, 0], [-1, -1, -1, -1, -1, -1, -1, -1, -1, -1, -1, -1, -1, -1]]
[[(0, 0, 0), (-1.1241843421617593e-06, 0.10954515715138095, 2334.6948001616056), (-1.1249253040885411e-06, 0.12935774365363548, 2602.5967491823294), (-1.1820311579192689e-06, 0.11453950340865397, 2081.339125222722), (-5.687128432379171e-07, 0.05610548827183017, 1393.1774052236656)], [(-1.1269448439905393e-06, 0.1155622925558233, 2278.167792061413), (0, 0, 0), (-7.485332078977936e-06, 0.6379423332887161, 2340.7387803463694), (-1.0212787217281489e-07, 0.011530844395939512, 284.1296282357853), (-7.099804525744039e-07, 0.06866282888590255, 1520.6942176468242)], [(-4.803529414054128e-07, 0.07595261946229773, 2975.2426890547354), (-7.465948230596065e-07, 0.09261557131424962, 2702.492692687468), (0, 0, 0), (-9.210280272588827e-07, 0.10830326753882002, 2374.504495522437), (-1.7105687023604658e-06, 0.19312842082697057, 3719.5928686737752)], [(-8.236498589156856e-07, 0.08239570101386659, 2317.570798350318), (-3.619278097896818e-06, 0.04072588135885195, 267.83227384678906), (-1.0992138924204074e-06, 0.1241132342410294, 2260.4105020413745), (0, 0, 0), (-5.950484425761748e-07, 0.05903133277990861, 1332.7646671583213)], [(-5.87263007524389e-07, 0.060747482985453315, 1353.65282138214), (-6.249530513877436e-07, 0.061814808372917404, 1556.2030369372105), (-1.6928528945613371e-07, 0.17464503550922028, 3555.161337316731), (-5.753567708252428e-07, 0.05725727283420779, 1347.0645742531046), (0, 0, 0)]]
	TASK localpro	TYPE 0 

	TASK aggregate0	TYPE 1 

	TASK aggregate1	TYPE 2 

	TASK aggregate2	TYPE 3 

	TASK simpledetector0	TYPE 4 

	TASK simpledetector1	TYPE 5 

	TASK simpledetector2	TYPE 6 

	TASK astutedetector0	TYPE 7 

	TASK astutedetector1	TYPE 8 

	TASK astutedetector2	TYPE 9 

	TASK fusioncenter0	TYPE 10 

	TASK fusioncenter1	TYPE 11 

	TASK fusioncenter2	TYPE 12 

	TASK globalfusion	TYPE 13 

('task_names:', ['localpro', 'aggregate0', 'aggregate1', 'aggregate2', 'simpledetector0', 'simpledetector1', 'simpledetector2', 'astutedetector0', 'astutedetector1', 'astutedetector2', 'fusioncenter0', 'fusioncenter1', 'fusioncenter2', 'globalfusion'])
==================
(0, 1)
(1, 1)
(2, 1)
(3, 1)
(4, 1)
(0, 3)
(1, 3)
(2, 3)
(3, 3)
(4, 3)
(0, 2)
(1, 2)
(2, 2)
(3, 2)
(4, 2)
(0, 4)
(1, 4)
(2, 4)
(3, 4)
(4, 4)
(0, 5)
(1, 5)
(2, 5)
(3, 5)
(4, 5)
(0, 6)
(1, 6)
(2, 6)
(3, 6)
(4, 6)
(0, 7)
(1, 7)
(2, 7)
(3, 7)
(4, 7)
(0, 9)
(1, 9)
(2, 9)
(3, 9)
(4, 9)
(0, 8)
(1, 8)
(2, 8)
(3, 8)
(4, 8)
(0, 10)
(1, 10)
(2, 10)
(3, 10)
(4, 10)
(0, 11)
(1, 11)
(2, 11)
(3, 11)
(4, 11)
(0, 12)
(1, 12)
(2, 12)
(3, 12)
(4, 12)
(0, 13)
(1, 13)
(2, 13)
(3, 13)
(4, 13)
Assign random master and slaves
task 0 : up_rank = 8968.824953, down_rank = 0.000000
task 1 : up_rank = 6673.119896, down_rank = 2295.705057
task 3 : up_rank = 6609.139960, down_rank = 2295.705057
task 2 : up_rank = 6605.589806, down_rank = 2295.705057
task 4 : up_rank = 4410.633955, down_rank = 4558.190998
task 5 : up_rank = 4410.633955, down_rank = 4490.660908
task 6 : up_rank = 4410.633955, down_rank = 4494.211062
task 7 : up_rank = 4410.277901, down_rank = 4558.190998
task 9 : up_rank = 4410.277901, down_rank = 4494.211062
task 8 : up_rank = 4410.159211, down_rank = 4490.660908
task 10 : up_rank = 2229.901563, down_rank = 6738.923390
task 11 : up_rank = 2229.901563, down_rank = 6671.393300
task 12 : up_rank = 2229.901563, down_rank = 6674.943455
task 13 : up_rank = 100.000000, down_rank = 8868.824953
node2:
task 1 : ast = 0, aft = 150
task 2 : ast = 150, aft = 300
task 4 : ast = 300, aft = 450
task 3 : ast = 450, aft = 600
task 5 : ast = 600, aft = 750
task 6 : ast = 750, aft = 900
task 7 : ast = 900, aft = 1050
task 8 : ast = 1050, aft = 1200
task 10 : ast = 1200, aft = 1350
task 9 : ast = 1350, aft = 1500
task 11 : ast = 1500, aft = 1600
task 12 : ast = 1600, aft = 1700
task 13 : ast = 1700, aft = 1800
task 14 : ast = 1800, aft = 1900
node3:
node4:
node5:
node6:
makespan = 1900
{'simpledetector2': 'node2', 'simpledetector1': 'node2', 'simpledetector0': 'node2', 'globalfusion': 'node2', 'aggregate1': 'node2', 'aggregate0': 'node2', 'aggregate2': 'node2', 'localpro': 'node2', 'astutedetector1': 'node2', 'astutedetector0': 'node2', 'astutedetector2': 'node2', 'fusioncenter0': 'node2', 'fusioncenter1': 'node2', 'fusioncenter2': 'node2'}
 * Serving Flask app "master" (lazy loading)
 * Environment: production
   WARNING: Do not use the development server in a production environment.
   Use a production WSGI server instead.
 * Debug mode: off
 * Running on http://0.0.0.0:8888/ (Press CTRL+C to quit)
10.244.0.0 - - [12/Nov/2018 22:02:50] "GET / HTTP/1.1" 200 -
('Recieved request for current mapping. Current mappings done:', 14)
{'simpledetector2': 'node2', 'simpledetector1': 'node2', 'simpledetector0': 'node2', 'globalfusion': 'node2', 'aggregate1': 'node2', 'aggregate0': 'node2', 'aggregate2': 'node2', 'localpro': 'node2', 'astutedetector1': 'node2', 'astutedetector0': 'node2', 'astutedetector2': 'node2', 'fusioncenter0': 'node2', 'fusioncenter1': 'node2', 'fusioncenter2': 'node2'}
