 * Starting OpenBSD Secure Shell server sshd
   ...done.
-------------------------------------
Automatically generating HEFT input
-------------------------------------
Perform HEFT scheduling
read_input_heft.py:194: SyntaxWarning: name 'MONGO_SVC_PORT' is assigned to before global declaration
  global profiler_ip,exec_home_ip,num_nodes,MONGO_SVC_PORT,network_map,node_list, home_profiler_ip
('tasks: ', {'simpledetector2': ['fusioncenter2'], 'simpledetector1': ['fusioncenter1'], 'simpledetector0': ['fusioncenter0'], 'globalfusion': [], 'aggregate1': ['simpledetector1', 'astutedetector1'], 'aggregate0': ['simpledetector0', 'astutedetector0'], 'aggregate2': ['simpledetector2', 'astutedetector2'], 'localpro': ['aggregate0', 'aggregate1', 'aggregate2'], 'astutedetector1': ['fusioncenter1'], 'astutedetector0': ['fusioncenter0'], 'astutedetector2': ['fusioncenter2'], 'fusioncenter0': ['globalfusion'], 'fusioncenter1': ['globalfusion'], 'fusioncenter2': ['globalfusion']})
('task order', ['localpro', 'aggregate0', 'aggregate1', 'aggregate2', 'simpledetector0', 'simpledetector1', 'simpledetector2', 'astutedetector0', 'astutedetector1', 'astutedetector2', 'fusioncenter0', 'fusioncenter1', 'fusioncenter2', 'globalfusion'])
('super tasks', [])
('non tasks', [])
No input TGFF file found!
---------------------------------------------

 Read task list from DAG file, Non-DAG info and global information 

tasks:  {'aggregate0': ['simpledetector0', 'astutedetector0'], 'astutedetector1': ['fusioncenter1'], 'aggregate2': ['simpledetector2', 'astutedetector2'], 'simpledetector1': ['fusioncenter1'], 'fusioncenter1': ['globalfusion'], 'simpledetector0': ['fusioncenter0'], 'aggregate1': ['simpledetector1', 'astutedetector1'], 'fusioncenter0': ['globalfusion'], 'localpro': ['aggregate0', 'aggregate1', 'aggregate2'], 'simpledetector2': ['fusioncenter2'], 'globalfusion': [], 'fusioncenter2': ['globalfusion'], 'astutedetector0': ['fusioncenter0'], 'astutedetector2': ['fusioncenter2']}
task order ['localpro', 'aggregate0', 'aggregate1', 'aggregate2', 'simpledetector0', 'simpledetector1', 'simpledetector2', 'astutedetector0', 'astutedetector1', 'astutedetector2', 'fusioncenter0', 'fusioncenter1', 'fusioncenter2', 'globalfusion']
super tasks []
---------------------------------------------

 Create input HEFT file 

No available profiling information
---------------------------------------------

 Step 1: Read task list from DAG file and global information 

4
[['node2', '10.111.179.217'], ['node3', '10.97.238.165'], ['node4', '10.105.212.45'], ['node5', '10.111.61.191']]
10.101.209.206
Num nodes :4
{'10.111.179.217': 'node2', '10.111.61.191': 'node5', '10.97.238.165': 'node3', '10.105.212.45': 'node4'}
['node2', 'node3', 'node4', 'node5']
------------------------------------------------------------

 Step 2: Read network profiler information : 

------------------------------------------------------------

 Step 3: Read execution Profiler Information : 

[['node2', '10.111.179.217'], ['node3', '10.97.238.165'], ['node4', '10.105.212.45'], ['node5', '10.111.61.191']]
Check Network Profiler IP: node2-10.111.179.217
Database(MongoClient(host=['10.101.209.206:6200'], document_class=dict, tz_aware=False, connect=True), 'execution_profiler')
Current number of updated execution profilers:
5
--- Check execution profiler ID : home
--- Check execution profiler ID : node3
--- Check execution profiler ID : node4
--- Check execution profiler ID : node5
--- Check execution profiler ID : node2
--- Number of neighbors: 4
Execution information has already been provided
Check Network Profiler IP: node3-10.97.238.165
--- Number of neighbors: 4
Check Network Profiler IP: node4-10.105.212.45
--- Number of neighbors: 4
Check Network Profiler IP: node5-10.111.61.191
--- Number of neighbors: 4
Network information has already been provided
['home', 'localpro', '15', '986.736']
['home', 'aggregate0', '15', '701.92']
['home', 'aggregate1', '15', '127.048']
['home', 'aggregate2', '15', '157.768']
['home', 'simpledetector0', '15', '7.616']
['home', 'simpledetector1', '15', '7.616']
['home', 'simpledetector2', '15', '7.168']
['home', 'astutedetector0', '15', '4.152']
['home', 'astutedetector1', '15', '3.48']
['home', 'astutedetector2', '15', '4.728']
['home', 'fusioncenter0', '10', '0.984']
['home', 'fusioncenter1', '10', '0.44']
['home', 'fusioncenter2', '10', '0.792']
['home', 'globalfusion', '10', '1.336']
['localpro', 'aggregate0', 'aggregate1', 'aggregate2', 'simpledetector0', 'simpledetector1', 'simpledetector2', 'astutedetector0', 'astutedetector1', 'astutedetector2', 'fusioncenter0', 'fusioncenter1', 'fusioncenter2', 'globalfusion']
{'aggregate0': 't0_1', 'astutedetector1': 't0_8', 'aggregate2': 't0_3', 'simpledetector1': 't0_5', 'fusioncenter1': 't0_11', 'simpledetector0': 't0_4', 'aggregate1': 't0_2', 'fusioncenter0': 't0_10', 'localpro': 't0_0', 'simpledetector2': 't0_6', 'globalfusion': 't0_13', 'fusioncenter2': 't0_12', 'astutedetector0': 't0_7', 'astutedetector2': 't0_9'}
{'aggregate0': 1, 'astutedetector1': 8, 'aggregate2': 3, 'simpledetector1': 5, 'fusioncenter1': 11, 'simpledetector0': 4, 'aggregate1': 2, 'fusioncenter0': 10, 'localpro': 0, 'simpledetector2': 6, 'globalfusion': 13, 'fusioncenter2': 12, 'astutedetector0': 7, 'astutedetector2': 9}
{'aggregate0': '701.92', 'astutedetector1': '3.48', 'aggregate2': '157.768', 'simpledetector1': '7.616', 'fusioncenter1': '0.44', 'simpledetector0': '7.616', 'aggregate1': '127.048', 'fusioncenter0': '0.984', 'localpro': '986.736', 'simpledetector2': '7.168', 'globalfusion': '1.336', 'fusioncenter2': '0.792', 'astutedetector0': '4.152', 'astutedetector2': '4.728'}
[[150, 150, 150, 150], [150, 150, 150, 150], [150, 150, 150, 150], [150, 150, 150, 150], [150, 150, 150, 150], [150, 150, 150, 150], [150, 150, 150, 150], [150, 150, 150, 150], [150, 150, 150, 150], [150, 150, 150, 150], [100, 100, 100, 100], [100, 100, 100, 100], [100, 100, 100, 100], [100, 100, 100, 100]]
	TASK localpro	TYPE 0 

	TASK aggregate0	TYPE 1 

	TASK aggregate1	TYPE 2 

	TASK aggregate2	TYPE 3 

	TASK simpledetector0	TYPE 4 

	TASK simpledetector1	TYPE 5 

	TASK simpledetector2	TYPE 6 

	TASK astutedetector0	TYPE 7 

	TASK astutedetector1	TYPE 8 

	TASK astutedetector2	TYPE 9 

	TASK fusioncenter0	TYPE 10 

	TASK fusioncenter1	TYPE 11 

	TASK fusioncenter2	TYPE 12 

	TASK globalfusion	TYPE 13 

task_names: ['localpro', 'aggregate0', 'aggregate1', 'aggregate2', 'simpledetector0', 'simpledetector1', 'simpledetector2', 'astutedetector0', 'astutedetector1', 'astutedetector2', 'fusioncenter0', 'fusioncenter1', 'fusioncenter2', 'globalfusion']
==================
Checking the written information
14
[<map object at 0x7fdc65250a20>, <map object at 0x7fdc65250b00>, <map object at 0x7fdc65250c50>, <map object at 0x7fdc65250da0>, <map object at 0x7fdc65250ef0>, <map object at 0x7fdc65254080>, <map object at 0x7fdc652541d0>, <map object at 0x7fdc65254320>, <map object at 0x7fdc65254470>, <map object at 0x7fdc652545c0>, <map object at 0x7fdc65254748>, <map object at 0x7fdc652548d0>, <map object at 0x7fdc65254a58>, <map object at 0x7fdc65254be0>]
[[0, 1, 1, 1], [1, 0, 1, 1], [1, 1, 0, 1], [1, 1, 1, 0]]
[[-1, 986, 986, 986, -1, -1, -1, -1, -1, -1, -1, -1, -1, -1], [-1, -1, -1, -1, 701, -1, -1, 701, -1, -1, -1, -1, -1, -1], [-1, -1, -1, -1, -1, 127, -1, -1, 127, -1, -1, -1, -1, -1], [-1, -1, -1, -1, -1, -1, 157, -1, -1, 157, -1, -1, -1, -1], [-1, -1, -1, -1, -1, -1, -1, -1, -1, -1, 7, -1, -1, -1], [-1, -1, -1, -1, -1, -1, -1, -1, -1, -1, -1, 7, -1, -1], [-1, -1, -1, -1, -1, -1, -1, -1, -1, -1, -1, -1, 7, -1], [-1, -1, -1, -1, -1, -1, -1, -1, -1, -1, 4, -1, -1, -1], [-1, -1, -1, -1, -1, -1, -1, -1, -1, -1, -1, 3, -1, -1], [-1, -1, -1, -1, -1, -1, -1, -1, -1, -1, -1, -1, 4, -1], [-1, -1, -1, -1, -1, -1, -1, -1, -1, -1, -1, -1, -1, 0], [-1, -1, -1, -1, -1, -1, -1, -1, -1, -1, -1, -1, -1, 0], [-1, -1, -1, -1, -1, -1, -1, -1, -1, -1, -1, -1, -1, 0], [-1, -1, -1, -1, -1, -1, -1, -1, -1, -1, -1, -1, -1, -1]]
[[(0, 0, 0), (1.0339264724483743e-09, 0.0013539419193733771, 141.56985610694858), (-1.4858972365395738e-09, 0.0008248186363168321, 140.5240035131509), (2.1346806276589383e-09, 0.0009533380318049262, 147.3207932280868)], [(-8.305629544453576e-09, 0.0021166937573730243, 156.4872687222832), (0, 0, 0), (-9.958897303878971e-09, 0.0022235205971041843, 142.85500769696804), (3.982911215119386e-08, -0.002178708520416546, 171.72761990164457)], [(1.4715400850851115e-08, -0.00019495691641409842, 150.41851071484584), (1.047680380690812e-08, 0.0003554104753620772, 143.83882988166917), (0, 0, 0), (8.531344118574366e-10, 0.0015238922694127241, 141.63076281423142)], [(6.4848741194223044e-09, 0.0007948631132202331, 148.91056362852106), (1.1722581167025621e-07, 0.0034406350795239803, 144.9724674169118), (-2.4421377078899754e-08, 0.002982624340995081, 145.68715937253137), (0, 0, 0)]]
	TASK localpro	TYPE 0 

	TASK aggregate0	TYPE 1 

	TASK aggregate1	TYPE 2 

	TASK aggregate2	TYPE 3 

	TASK simpledetector0	TYPE 4 

	TASK simpledetector1	TYPE 5 

	TASK simpledetector2	TYPE 6 

	TASK astutedetector0	TYPE 7 

	TASK astutedetector1	TYPE 8 

	TASK astutedetector2	TYPE 9 

	TASK fusioncenter0	TYPE 10 

	TASK fusioncenter1	TYPE 11 

	TASK fusioncenter2	TYPE 12 

	TASK globalfusion	TYPE 13 

('task_names:', ['localpro', 'aggregate0', 'aggregate1', 'aggregate2', 'simpledetector0', 'simpledetector1', 'simpledetector2', 'astutedetector0', 'astutedetector1', 'astutedetector2', 'fusioncenter0', 'fusioncenter1', 'fusioncenter2', 'globalfusion'])
==================
(0, 1)
(1, 1)
(2, 1)
(3, 1)
(0, 3)
(1, 3)
(2, 3)
(3, 3)
(0, 2)
(1, 2)
(2, 2)
(3, 2)
(0, 4)
(1, 4)
(2, 4)
(3, 4)
(0, 5)
(1, 5)
(2, 5)
(3, 5)
(0, 6)
(1, 6)
(2, 6)
(3, 6)
(0, 7)
(1, 7)
(2, 7)
(3, 7)
(0, 9)
(1, 9)
(2, 9)
(3, 9)
(0, 8)
(1, 8)
(2, 8)
(3, 8)
(0, 10)
(1, 10)
(2, 10)
(3, 10)
(0, 11)
(1, 11)
(2, 11)
(3, 11)
(0, 12)
(1, 12)
(2, 12)
(3, 12)
(0, 13)
(1, 13)
(2, 13)
(3, 13)
task 0 dup on node3
task 0 dup on node2
Assign random master and slaves
task 0 : up_rank = 1244.003083, down_rank = 0.000000
task 1 : up_rank = 944.829364, down_rank = 299.173718
task 3 : up_rank = 944.180030, down_rank = 299.173718
task 2 : up_rank = 944.144434, down_rank = 299.173718
task 4 : up_rank = 645.998755, down_rank = 598.004327
task 5 : up_rank = 645.998755, down_rank = 597.319397
task 6 : up_rank = 645.998755, down_rank = 597.354993
task 7 : up_rank = 645.995206, down_rank = 598.004327
task 9 : up_rank = 645.995206, down_rank = 597.354993
task 8 : up_rank = 645.994023, down_rank = 597.319397
task 10 : up_rank = 347.995237, down_rank = 896.007846
task 11 : up_rank = 347.995237, down_rank = 895.322915
task 12 : up_rank = 347.995237, down_rank = 895.358511
task 13 : up_rank = 100.000000, down_rank = 1144.003083
node2:
task 1 : ast = 0, aft = 150
task 2 : ast = 150, aft = 300
task 5 : ast = 300, aft = 450
node3:
task 3 : ast = 150, aft = 300
task 6 : ast = 300, aft = 450
task 9 : ast = 450, aft = 600
task 12 : ast = 600, aft = 700
task 14 : ast = 843, aft = 943
node4:
task 4 : ast = 150, aft = 300
task 7 : ast = 300, aft = 450
task 10 : ast = 450, aft = 600
task 13 : ast = 600, aft = 700
node5:
task 8 : ast = 447, aft = 597
task 11 : ast = 597, aft = 697
redundant task 1 on node4
redundant task 1 on node3
makespan = 943
{'globalfusion': 'node3', 'simpledetector1': 'node3', 'simpledetector0': 'node2', 'simpledetector2': 'node4', 'aggregate1': 'node3', 'aggregate0': 'node2', 'aggregate2': 'node4', 'localpro': 'node2', 'astutedetector1': 'node3', 'astutedetector0': 'node5', 'astutedetector2': 'node4', 'fusioncenter0': 'node5', 'fusioncenter1': 'node3', 'fusioncenter2': 'node4'}
 * Serving Flask app "master" (lazy loading)
 * Environment: production
   WARNING: Do not use the development server in a production environment.
   Use a production WSGI server instead.
 * Debug mode: off
 * Running on http://0.0.0.0:8888/ (Press CTRL+C to quit)
('Recieved request for current mapping. Current mappings done:', 14)
{'globalfusion': 'node3', 'simpledetector1': 'node3', 'simpledetector0': 'node2', 'simpledetector2': 'node4', 'aggregate1': 'node3', 'aggregate0': 'node2', 'aggregate2': 'node4', 'localpro': 'node2', 'astutedetector1': 'node3', 'astutedetector0': 'node5', 'astutedetector2': 'node4', 'fusioncenter0': 'node5', 'fusioncenter1': 'node3', 'fusioncenter2': 'node4'}
10.244.0.0 - - [30/Oct/2018 22:12:00] "GET / HTTP/1.1" 200 -
