 * Starting OpenBSD Secure Shell server sshd
   ...done.
-------------------------------------
Automatically generating HEFT input
-------------------------------------
Perform HEFT scheduling
read_input_heft.py:194: SyntaxWarning: name 'MONGO_SVC_PORT' is assigned to before global declaration
  global profiler_ip,exec_home_ip,num_nodes,MONGO_SVC_PORT,network_map,node_list, home_profiler_ip
('tasks: ', {'simpledetector2': ['fusioncenter2'], 'simpledetector1': ['fusioncenter1'], 'simpledetector0': ['fusioncenter0'], 'globalfusion': [], 'aggregate1': ['simpledetector1', 'astutedetector1'], 'aggregate0': ['simpledetector0', 'astutedetector0'], 'aggregate2': ['simpledetector2', 'astutedetector2'], 'localpro': ['aggregate0', 'aggregate1', 'aggregate2'], 'astutedetector1': ['fusioncenter1'], 'astutedetector0': ['fusioncenter0'], 'astutedetector2': ['fusioncenter2'], 'fusioncenter0': ['globalfusion'], 'fusioncenter1': ['globalfusion'], 'fusioncenter2': ['globalfusion']})
('task order', ['localpro', 'aggregate0', 'aggregate1', 'aggregate2', 'simpledetector0', 'simpledetector1', 'simpledetector2', 'astutedetector0', 'astutedetector1', 'astutedetector2', 'fusioncenter0', 'fusioncenter1', 'fusioncenter2', 'globalfusion'])
('super tasks', [])
('non tasks', [])
No input TGFF file found!
---------------------------------------------

 Read task list from DAG file, Non-DAG info and global information 

tasks:  {'aggregate1': ['simpledetector1', 'astutedetector1'], 'localpro': ['aggregate0', 'aggregate1', 'aggregate2'], 'aggregate2': ['simpledetector2', 'astutedetector2'], 'simpledetector1': ['fusioncenter1'], 'simpledetector0': ['fusioncenter0'], 'astutedetector1': ['fusioncenter1'], 'globalfusion': [], 'fusioncenter0': ['globalfusion'], 'fusioncenter2': ['globalfusion'], 'simpledetector2': ['fusioncenter2'], 'astutedetector2': ['fusioncenter2'], 'fusioncenter1': ['globalfusion'], 'aggregate0': ['simpledetector0', 'astutedetector0'], 'astutedetector0': ['fusioncenter0']}
task order ['localpro', 'aggregate0', 'aggregate1', 'aggregate2', 'simpledetector0', 'simpledetector1', 'simpledetector2', 'astutedetector0', 'astutedetector1', 'astutedetector2', 'fusioncenter0', 'fusioncenter1', 'fusioncenter2', 'globalfusion']
super tasks []
---------------------------------------------

 Create input HEFT file 

No available profiling information
---------------------------------------------

 Step 1: Read task list from DAG file and global information 

5
[['node2', '10.110.22.125'], ['node3', '10.100.135.138'], ['node4', '10.105.17.239'], ['node5', '10.108.202.177'], ['node6', '10.101.235.45']]
10.105.80.122
Num nodes :5
{'10.105.17.239': 'node4', '10.108.202.177': 'node5', '10.110.22.125': 'node2', '10.101.235.45': 'node6', '10.100.135.138': 'node3'}
['node2', 'node3', 'node4', 'node5', 'node6']
------------------------------------------------------------

 Step 2: Read network profiler information : 

------------------------------------------------------------

 Step 3: Read execution Profiler Information : 

[['node2', '10.110.22.125'], ['node3', '10.100.135.138'], ['node4', '10.105.17.239'], ['node5', '10.108.202.177'], ['node6', '10.101.235.45']]
Check Network Profiler IP: node2-10.110.22.125
Database(MongoClient(host=['10.105.80.122:6200'], document_class=dict, tz_aware=False, connect=True), 'execution_profiler')
--- Number of neighbors: 5
Current number of updated execution profilers:
6
--- Check execution profiler ID : home
--- Check execution profiler ID : node3
Check Network Profiler IP: node3-10.100.135.138
--- Check execution profiler ID : node5
--- Check execution profiler ID : node2
--- Check execution profiler ID : node4
--- Check execution profiler ID : node6
Execution information has already been provided
--- Number of neighbors: 5
Check Network Profiler IP: node4-10.105.17.239
--- Number of neighbors: 5
Check Network Profiler IP: node5-10.108.202.177
--- Number of neighbors: 5
Check Network Profiler IP: node6-10.101.235.45
--- Number of neighbors: 5
Network information has already been provided
['home', 'localpro', '15', '986.736']
['home', 'aggregate0', '15', '701.92']
['home', 'aggregate1', '15', '127.048']
['home', 'aggregate2', '15', '157.768']
['home', 'simpledetector0', '15', '7.616']
['home', 'simpledetector1', '15', '7.616']
['home', 'simpledetector2', '15', '7.168']
['home', 'astutedetector0', '15', '4.152']
['home', 'astutedetector1', '15', '3.48']
['home', 'astutedetector2', '15', '4.728']
['home', 'fusioncenter0', '10', '0.984']
['home', 'fusioncenter1', '10', '0.44']
['home', 'fusioncenter2', '10', '0.792']
['home', 'globalfusion', '10', '1.336']
['localpro', 'aggregate0', 'aggregate1', 'aggregate2', 'simpledetector0', 'simpledetector1', 'simpledetector2', 'astutedetector0', 'astutedetector1', 'astutedetector2', 'fusioncenter0', 'fusioncenter1', 'fusioncenter2', 'globalfusion']
{'aggregate1': 't0_2', 'localpro': 't0_0', 'aggregate2': 't0_3', 'simpledetector1': 't0_5', 'simpledetector0': 't0_4', 'astutedetector1': 't0_8', 'globalfusion': 't0_13', 'fusioncenter0': 't0_10', 'fusioncenter2': 't0_12', 'simpledetector2': 't0_6', 'astutedetector2': 't0_9', 'fusioncenter1': 't0_11', 'aggregate0': 't0_1', 'astutedetector0': 't0_7'}
{'aggregate1': 2, 'localpro': 0, 'aggregate2': 3, 'simpledetector1': 5, 'simpledetector0': 4, 'astutedetector1': 8, 'globalfusion': 13, 'fusioncenter0': 10, 'fusioncenter2': 12, 'simpledetector2': 6, 'astutedetector2': 9, 'fusioncenter1': 11, 'aggregate0': 1, 'astutedetector0': 7}
{'aggregate1': '127.048', 'localpro': '986.736', 'aggregate2': '157.768', 'simpledetector1': '7.616', 'simpledetector0': '7.616', 'astutedetector1': '3.48', 'globalfusion': '1.312', 'fusioncenter0': '0.984', 'fusioncenter2': '0.768', 'simpledetector2': '7.168', 'astutedetector2': '4.704', 'fusioncenter1': '0.44', 'aggregate0': '701.92', 'astutedetector0': '4.152'}
[[150, 150, 150, 150, 150], [150, 150, 150, 150, 150], [150, 150, 150, 150, 150], [150, 150, 150, 150, 150], [150, 150, 150, 150, 150], [150, 150, 150, 150, 150], [150, 150, 150, 150, 150], [150, 150, 150, 150, 150], [150, 150, 150, 150, 150], [150, 150, 150, 150, 150], [100, 100, 100, 100, 100], [100, 100, 100, 100, 100], [100, 100, 100, 100, 100], [100, 100, 100, 100, 100]]
	TASK localpro	TYPE 0 

	TASK aggregate0	TYPE 1 

	TASK aggregate1	TYPE 2 

	TASK aggregate2	TYPE 3 

	TASK simpledetector0	TYPE 4 

	TASK simpledetector1	TYPE 5 

	TASK simpledetector2	TYPE 6 

	TASK astutedetector0	TYPE 7 

	TASK astutedetector1	TYPE 8 

	TASK astutedetector2	TYPE 9 

	TASK fusioncenter0	TYPE 10 

	TASK fusioncenter1	TYPE 11 

	TASK fusioncenter2	TYPE 12 

	TASK globalfusion	TYPE 13 

task_names: ['localpro', 'aggregate0', 'aggregate1', 'aggregate2', 'simpledetector0', 'simpledetector1', 'simpledetector2', 'astutedetector0', 'astutedetector1', 'astutedetector2', 'fusioncenter0', 'fusioncenter1', 'fusioncenter2', 'globalfusion']
==================
Checking the written information
14
[<map object at 0x7fc0017f5780>, <map object at 0x7fc0017f5908>, <map object at 0x7fc0017f5a90>, <map object at 0x7fc0017f5c18>, <map object at 0x7fc0017f5da0>, <map object at 0x7fc0017f5f28>, <map object at 0x7fc0017f80f0>, <map object at 0x7fc0017f8278>, <map object at 0x7fc0017f8400>, <map object at 0x7fc0017f8588>, <map object at 0x7fc0017f8748>, <map object at 0x7fc0017f8908>, <map object at 0x7fc0017f8ac8>, <map object at 0x7fc0017f8c88>]
[[0, 1, 1, 1, 1], [1, 0, 1, 1, 1], [1, 1, 0, 1, 1], [1, 1, 1, 0, 1], [1, 1, 1, 1, 0]]
[[-1, 986, 986, 986, -1, -1, -1, -1, -1, -1, -1, -1, -1, -1], [-1, -1, -1, -1, 701, -1, -1, 701, -1, -1, -1, -1, -1, -1], [-1, -1, -1, -1, -1, 127, -1, -1, 127, -1, -1, -1, -1, -1], [-1, -1, -1, -1, -1, -1, 157, -1, -1, 157, -1, -1, -1, -1], [-1, -1, -1, -1, -1, -1, -1, -1, -1, -1, 7, -1, -1, -1], [-1, -1, -1, -1, -1, -1, -1, -1, -1, -1, -1, 7, -1, -1], [-1, -1, -1, -1, -1, -1, -1, -1, -1, -1, -1, -1, 7, -1], [-1, -1, -1, -1, -1, -1, -1, -1, -1, -1, 4, -1, -1, -1], [-1, -1, -1, -1, -1, -1, -1, -1, -1, -1, -1, 3, -1, -1], [-1, -1, -1, -1, -1, -1, -1, -1, -1, -1, -1, -1, 4, -1], [-1, -1, -1, -1, -1, -1, -1, -1, -1, -1, -1, -1, -1, 0], [-1, -1, -1, -1, -1, -1, -1, -1, -1, -1, -1, -1, -1, 0], [-1, -1, -1, -1, -1, -1, -1, -1, -1, -1, -1, -1, -1, 0], [-1, -1, -1, -1, -1, -1, -1, -1, -1, -1, -1, -1, -1, -1]]
[[(0, 0, 0), (-7.534164308729781e-07, 0.10287158249938638, 2399.0900192942618), (-7.199421125907357e-06, 0.6160384297513511, 2628.221950475608), (-7.6488119318762e-07, 0.09151405051840808, 2282.0088930322386), (-3.7469645361066e-05, 0.3635756912100241, 1278.1244196765995)], [(-1.0270015219224602e-06, 0.11483143360580257, 2332.2146632352965), (0, 0, 0), (-6.811930578436796e-07, 0.0750812340484269, 2880.087709537189), (-1.3848682073346512e-08, 0.0034014286989571037, 304.0082219584243), (-4.294137185416582e-06, 0.35725042385733263, 1446.4445689670097)], [(0.0011872194163860999, -0.46558641975309584, 2636.6487093153746), (2.9667188232005648e-05, -0.11603663849036341, 2380.5930610745436), (0, 0, 0), (-6.7098723105785934e-06, 0.5737207129311359, 2264.026193612739), (-1.6785514994631047e-06, 0.19207319453333654, 3779.2872412271804)], [(-7.219724631592743e-07, 0.0857785809727799, 2315.1769299997272), (-4.682548383694965e-08, 0.005671444724197959, 275.9594574249715), (-9.086539594760633e-07, 0.10818443876253368, 2404.8152083805244), (0, 0, 0), (-5.297957882865431e-07, 0.06147471732747773, 1350.4152626389427)], [(-5.98365094892874e-07, 0.06787140612835064, 1293.324117046339), (-4.1137840728977555e-05, 0.4013378829520247, 1426.5213971448868), (-2.052614642623782e-06, 0.22189175049045162, 3625.896981357674), (-5.94209524074767e-07, 0.058067795897298914, 1368.478920358971), (0, 0, 0)]]
	TASK localpro	TYPE 0 

	TASK aggregate0	TYPE 1 

	TASK aggregate1	TYPE 2 

	TASK aggregate2	TYPE 3 

	TASK simpledetector0	TYPE 4 

	TASK simpledetector1	TYPE 5 

	TASK simpledetector2	TYPE 6 

	TASK astutedetector0	TYPE 7 

	TASK astutedetector1	TYPE 8 

	TASK astutedetector2	TYPE 9 

	TASK fusioncenter0	TYPE 10 

	TASK fusioncenter1	TYPE 11 

	TASK fusioncenter2	TYPE 12 

	TASK globalfusion	TYPE 13 

('task_names:', ['localpro', 'aggregate0', 'aggregate1', 'aggregate2', 'simpledetector0', 'simpledetector1', 'simpledetector2', 'astutedetector0', 'astutedetector1', 'astutedetector2', 'fusioncenter0', 'fusioncenter1', 'fusioncenter2', 'globalfusion'])
==================
(0, 1)
(1, 1)
(2, 1)
(3, 1)
(4, 1)
(0, 3)
(1, 3)
(2, 3)
(3, 3)
(4, 3)
(0, 2)
(1, 2)
(2, 2)
(3, 2)
(4, 2)
(0, 4)
(1, 4)
(2, 4)
(3, 4)
(4, 4)
(0, 5)
(1, 5)
(2, 5)
(3, 5)
(4, 5)
(0, 6)
(1, 6)
(2, 6)
(3, 6)
(4, 6)
(0, 7)
(1, 7)
(2, 7)
(3, 7)
(4, 7)
(0, 9)
(1, 9)
(2, 9)
(3, 9)
(4, 9)
(0, 8)
(1, 8)
(2, 8)
(3, 8)
(4, 8)
(0, 10)
(1, 10)
(2, 10)
(3, 10)
(4, 10)
(0, 11)
(1, 11)
(2, 11)
(3, 11)
(4, 11)
(0, 12)
(1, 12)
(2, 12)
(3, 12)
(4, 12)
(0, 13)
(1, 13)
(2, 13)
(3, 13)
(4, 13)
Assign random master and slaves
task 0 : up_rank = 9112.719915, down_rank = 0.000000
task 1 : up_rank = 6731.302864, down_rank = 2381.417051
task 3 : up_rank = 6626.007871, down_rank = 2381.417051
task 2 : up_rank = 6621.156617, down_rank = 2381.417051
task 4 : up_rank = 4418.158766, down_rank = 4694.561149
task 5 : up_rank = 4418.158766, down_rank = 4584.414902
task 6 : up_rank = 4418.158766, down_rank = 4589.266156
task 7 : up_rank = 4417.719083, down_rank = 4694.561149
task 9 : up_rank = 4417.719083, down_rank = 4589.266156
task 8 : up_rank = 4417.572744, down_rank = 4584.414902
task 10 : up_rank = 2233.567196, down_rank = 6879.152719
task 11 : up_rank = 2233.567196, down_rank = 6769.006472
task 12 : up_rank = 2233.567196, down_rank = 6773.857725
task 13 : up_rank = 100.000000, down_rank = 9012.719915
node2:
task 1 : ast = 0, aft = 150
task 2 : ast = 150, aft = 300
task 4 : ast = 300, aft = 450
task 3 : ast = 450, aft = 600
task 5 : ast = 600, aft = 750
task 6 : ast = 750, aft = 900
task 7 : ast = 900, aft = 1050
task 8 : ast = 1050, aft = 1200
task 10 : ast = 1200, aft = 1350
task 9 : ast = 1350, aft = 1500
task 11 : ast = 1500, aft = 1600
task 12 : ast = 1600, aft = 1700
task 13 : ast = 1700, aft = 1800
task 14 : ast = 1800, aft = 1900
node3:
node4:
node5:
node6:
makespan = 1900
{'simpledetector2': 'node2', 'simpledetector1': 'node2', 'simpledetector0': 'node2', 'globalfusion': 'node2', 'aggregate1': 'node2', 'aggregate0': 'node2', 'aggregate2': 'node2', 'localpro': 'node2', 'astutedetector1': 'node2', 'astutedetector0': 'node2', 'astutedetector2': 'node2', 'fusioncenter0': 'node2', 'fusioncenter1': 'node2', 'fusioncenter2': 'node2'}
 * Serving Flask app "master" (lazy loading)
 * Environment: production
   WARNING: Do not use the development server in a production environment.
   Use a production WSGI server instead.
 * Debug mode: off
 * Running on http://0.0.0.0:8888/ (Press CTRL+C to quit)
10.244.0.0 - - [15/Nov/2018 07:19:25] "GET / HTTP/1.1" 200 -
('Recieved request for current mapping. Current mappings done:', 14)
{'simpledetector2': 'node2', 'simpledetector1': 'node2', 'simpledetector0': 'node2', 'globalfusion': 'node2', 'aggregate1': 'node2', 'aggregate0': 'node2', 'aggregate2': 'node2', 'localpro': 'node2', 'astutedetector1': 'node2', 'astutedetector0': 'node2', 'astutedetector2': 'node2', 'fusioncenter0': 'node2', 'fusioncenter1': 'node2', 'fusioncenter2': 'node2'}
