 * Starting OpenBSD Secure Shell server sshd
   ...done.
-------------------------------------
Automatically generating HEFT input
-------------------------------------
Perform HEFT scheduling
read_input_heft.py:194: SyntaxWarning: name 'MONGO_SVC_PORT' is assigned to before global declaration
  global profiler_ip,exec_home_ip,num_nodes,MONGO_SVC_PORT,network_map,node_list, home_profiler_ip
('tasks: ', {'simpledetector2': ['fusioncenter2'], 'simpledetector1': ['fusioncenter1'], 'simpledetector0': ['fusioncenter0'], 'globalfusion': [], 'aggregate1': ['simpledetector1', 'astutedetector1'], 'aggregate0': ['simpledetector0', 'astutedetector0'], 'aggregate2': ['simpledetector2', 'astutedetector2'], 'localpro': ['aggregate0', 'aggregate1', 'aggregate2'], 'astutedetector1': ['fusioncenter1'], 'astutedetector0': ['fusioncenter0'], 'astutedetector2': ['fusioncenter2'], 'fusioncenter0': ['globalfusion'], 'fusioncenter1': ['globalfusion'], 'fusioncenter2': ['globalfusion']})
('task order', ['localpro', 'aggregate0', 'aggregate1', 'aggregate2', 'simpledetector0', 'simpledetector1', 'simpledetector2', 'astutedetector0', 'astutedetector1', 'astutedetector2', 'fusioncenter0', 'fusioncenter1', 'fusioncenter2', 'globalfusion'])
('super tasks', [])
('non tasks', [])
No input TGFF file found!
---------------------------------------------

 Read task list from DAG file, Non-DAG info and global information 

tasks:  {'aggregate0': ['simpledetector0', 'astutedetector0'], 'astutedetector1': ['fusioncenter1'], 'simpledetector0': ['fusioncenter0'], 'simpledetector1': ['fusioncenter1'], 'globalfusion': [], 'aggregate2': ['simpledetector2', 'astutedetector2'], 'simpledetector2': ['fusioncenter2'], 'fusioncenter1': ['globalfusion'], 'aggregate1': ['simpledetector1', 'astutedetector1'], 'localpro': ['aggregate0', 'aggregate1', 'aggregate2'], 'fusioncenter2': ['globalfusion'], 'fusioncenter0': ['globalfusion'], 'astutedetector2': ['fusioncenter2'], 'astutedetector0': ['fusioncenter0']}
task order ['localpro', 'aggregate0', 'aggregate1', 'aggregate2', 'simpledetector0', 'simpledetector1', 'simpledetector2', 'astutedetector0', 'astutedetector1', 'astutedetector2', 'fusioncenter0', 'fusioncenter1', 'fusioncenter2', 'globalfusion']
super tasks []
---------------------------------------------

 Create input HEFT file 

No available profiling information
---------------------------------------------

 Step 1: Read task list from DAG file and global information 

4
[['node2', '10.111.179.217'], ['node3', '10.97.238.165'], ['node4', '10.105.212.45'], ['node5', '10.111.61.191']]
10.101.209.206
Num nodes :4
{'10.97.238.165': 'node3', '10.105.212.45': 'node4', '10.111.61.191': 'node5', '10.111.179.217': 'node2'}
['node2', 'node3', 'node4', 'node5']
------------------------------------------------------------

 Step 2: Read network profiler information : 

------------------------------------------------------------

 Step 3: Read execution Profiler Information : 

[['node2', '10.111.179.217'], ['node3', '10.97.238.165'], ['node4', '10.105.212.45'], ['node5', '10.111.61.191']]
Check Network Profiler IP: node2-10.111.179.217
Database(MongoClient(host=['10.101.209.206:6200'], document_class=dict, tz_aware=False, connect=True), 'execution_profiler')
Current number of updated execution profilers:
5
--- Check execution profiler ID : home
--- Check execution profiler ID : node3
--- Number of neighbors: 4
--- Check execution profiler ID : node4
--- Check execution profiler ID : node5
--- Check execution profiler ID : node2
Execution information has already been provided
Check Network Profiler IP: node3-10.97.238.165
--- Number of neighbors: 4
Check Network Profiler IP: node4-10.105.212.45
--- Number of neighbors: 4
Check Network Profiler IP: node5-10.111.61.191
--- Number of neighbors: 4
Network information has already been provided
['home', 'localpro', '15', '986.736']
['home', 'aggregate0', '15', '701.92']
['home', 'aggregate1', '15', '127.048']
['home', 'aggregate2', '15', '157.768']
['home', 'simpledetector0', '15', '7.616']
['home', 'simpledetector1', '15', '7.616']
['home', 'simpledetector2', '15', '7.168']
['home', 'astutedetector0', '15', '4.152']
['home', 'astutedetector1', '15', '3.48']
['home', 'astutedetector2', '15', '4.728']
['home', 'fusioncenter0', '10', '0.984']
['home', 'fusioncenter1', '10', '0.44']
['home', 'fusioncenter2', '10', '0.792']
['home', 'globalfusion', '10', '1.336']
['localpro', 'aggregate0', 'aggregate1', 'aggregate2', 'simpledetector0', 'simpledetector1', 'simpledetector2', 'astutedetector0', 'astutedetector1', 'astutedetector2', 'fusioncenter0', 'fusioncenter1', 'fusioncenter2', 'globalfusion']
{'aggregate0': 't0_1', 'astutedetector1': 't0_8', 'simpledetector0': 't0_4', 'simpledetector1': 't0_5', 'globalfusion': 't0_13', 'aggregate2': 't0_3', 'simpledetector2': 't0_6', 'fusioncenter1': 't0_11', 'aggregate1': 't0_2', 'localpro': 't0_0', 'fusioncenter2': 't0_12', 'fusioncenter0': 't0_10', 'astutedetector2': 't0_9', 'astutedetector0': 't0_7'}
{'aggregate0': 1, 'astutedetector1': 8, 'simpledetector0': 4, 'simpledetector1': 5, 'globalfusion': 13, 'aggregate2': 3, 'simpledetector2': 6, 'fusioncenter1': 11, 'aggregate1': 2, 'localpro': 0, 'fusioncenter2': 12, 'fusioncenter0': 10, 'astutedetector2': 9, 'astutedetector0': 7}
{'aggregate0': '701.92', 'astutedetector1': '3.48', 'simpledetector0': '7.616', 'simpledetector1': '7.616', 'globalfusion': '1.336', 'aggregate2': '157.768', 'simpledetector2': '7.168', 'fusioncenter1': '0.44', 'aggregate1': '127.048', 'localpro': '986.736', 'fusioncenter2': '0.792', 'fusioncenter0': '0.984', 'astutedetector2': '4.728', 'astutedetector0': '4.152'}
[[150, 150, 150, 150], [150, 150, 150, 150], [150, 150, 150, 150], [150, 150, 150, 150], [150, 150, 150, 150], [150, 150, 150, 150], [150, 150, 150, 150], [150, 150, 150, 150], [150, 150, 150, 150], [150, 150, 150, 150], [100, 100, 100, 100], [100, 100, 100, 100], [100, 100, 100, 100], [100, 100, 100, 100]]
	TASK localpro	TYPE 0 

	TASK aggregate0	TYPE 1 

	TASK aggregate1	TYPE 2 

	TASK aggregate2	TYPE 3 

	TASK simpledetector0	TYPE 4 

	TASK simpledetector1	TYPE 5 

	TASK simpledetector2	TYPE 6 

	TASK astutedetector0	TYPE 7 

	TASK astutedetector1	TYPE 8 

	TASK astutedetector2	TYPE 9 

	TASK fusioncenter0	TYPE 10 

	TASK fusioncenter1	TYPE 11 

	TASK fusioncenter2	TYPE 12 

	TASK globalfusion	TYPE 13 

task_names: ['localpro', 'aggregate0', 'aggregate1', 'aggregate2', 'simpledetector0', 'simpledetector1', 'simpledetector2', 'astutedetector0', 'astutedetector1', 'astutedetector2', 'fusioncenter0', 'fusioncenter1', 'fusioncenter2', 'globalfusion']
==================
Checking the written information
14
[<map object at 0x7fb9c6ab29b0>, <map object at 0x7fb9c6ab2b70>, <map object at 0x7fb9c6ab2cc0>, <map object at 0x7fb9c6ab2e10>, <map object at 0x7fb9c6ab2f60>, <map object at 0x7fb9c6ab50f0>, <map object at 0x7fb9c6ab5240>, <map object at 0x7fb9c6ab5390>, <map object at 0x7fb9c6ab54e0>, <map object at 0x7fb9c6ab5630>, <map object at 0x7fb9c6ab57b8>, <map object at 0x7fb9c6ab5940>, <map object at 0x7fb9c6ab5ac8>, <map object at 0x7fb9c6ab5c50>]
[[0, 1, 1, 1], [1, 0, 1, 1], [1, 1, 0, 1], [1, 1, 1, 0]]
[[-1, 986, 986, 986, -1, -1, -1, -1, -1, -1, -1, -1, -1, -1], [-1, -1, -1, -1, 701, -1, -1, 701, -1, -1, -1, -1, -1, -1], [-1, -1, -1, -1, -1, 127, -1, -1, 127, -1, -1, -1, -1, -1], [-1, -1, -1, -1, -1, -1, 157, -1, -1, 157, -1, -1, -1, -1], [-1, -1, -1, -1, -1, -1, -1, -1, -1, -1, 7, -1, -1, -1], [-1, -1, -1, -1, -1, -1, -1, -1, -1, -1, -1, 7, -1, -1], [-1, -1, -1, -1, -1, -1, -1, -1, -1, -1, -1, -1, 7, -1], [-1, -1, -1, -1, -1, -1, -1, -1, -1, -1, 4, -1, -1, -1], [-1, -1, -1, -1, -1, -1, -1, -1, -1, -1, -1, 3, -1, -1], [-1, -1, -1, -1, -1, -1, -1, -1, -1, -1, -1, -1, 4, -1], [-1, -1, -1, -1, -1, -1, -1, -1, -1, -1, -1, -1, -1, 0], [-1, -1, -1, -1, -1, -1, -1, -1, -1, -1, -1, -1, -1, 0], [-1, -1, -1, -1, -1, -1, -1, -1, -1, -1, -1, -1, -1, 0], [-1, -1, -1, -1, -1, -1, -1, -1, -1, -1, -1, -1, -1, -1]]
[[(0, 0, 0), (2.0235492917484592e-08, -0.0006993189385457834, 149.3993093372121), (-7.943730871991934e-09, 0.0015695924662982076, 141.27123439761522), (9.995602976164056e-09, 0.00036721095529559683, 144.64028913897718)], [(-1.2222490524997009e-08, 0.0025650708830029794, 141.02047266725305), (0, 0, 0), (4.459387040011975e-09, 0.0009895031510129685, 146.29960935775222), (-8.201469271162445e-09, 0.0018106722045942826, 151.1383455735804)], [(-6.723753819112886e-07, 0.006031159073748554, 141.7796127573444), (1.0382000216887474e-09, 0.0010686278418334996, 139.8349594691716), (0, 0, 0), (8.181204441059688e-09, 0.00034138522685120545, 143.33053954678047)], [(1.452075439726759e-06, -0.011613028527434984, 150.3022604442014), (2.0790722127894704e-06, -0.016270190503547353, 150.70267335189746), (-7.472750528306208e-07, 0.0075482426871316686, 143.4396618841064), (0, 0, 0)]]
	TASK localpro	TYPE 0 

	TASK aggregate0	TYPE 1 

	TASK aggregate1	TYPE 2 

	TASK aggregate2	TYPE 3 

	TASK simpledetector0	TYPE 4 

	TASK simpledetector1	TYPE 5 

	TASK simpledetector2	TYPE 6 

	TASK astutedetector0	TYPE 7 

	TASK astutedetector1	TYPE 8 

	TASK astutedetector2	TYPE 9 

	TASK fusioncenter0	TYPE 10 

	TASK fusioncenter1	TYPE 11 

	TASK fusioncenter2	TYPE 12 

	TASK globalfusion	TYPE 13 

('task_names:', ['localpro', 'aggregate0', 'aggregate1', 'aggregate2', 'simpledetector0', 'simpledetector1', 'simpledetector2', 'astutedetector0', 'astutedetector1', 'astutedetector2', 'fusioncenter0', 'fusioncenter1', 'fusioncenter2', 'globalfusion'])
==================
(0, 2)
(1, 2)
(2, 2)
(3, 2)
(0, 3)
(1, 3)
(2, 3)
(3, 3)
(0, 1)
(1, 1)
(2, 1)
(3, 1)
(0, 8)
(1, 8)
(2, 8)
(3, 8)
(0, 7)
(1, 7)
(2, 7)
(3, 7)
(0, 9)
(1, 9)
(2, 9)
(3, 9)
(0, 4)
(1, 4)
(2, 4)
(3, 4)
(0, 5)
(1, 5)
(2, 5)
(3, 5)
(0, 6)
(1, 6)
(2, 6)
(3, 6)
(0, 10)
(1, 10)
(2, 10)
(3, 10)
(0, 11)
(1, 11)
(2, 11)
(3, 11)
(0, 12)
(1, 12)
(2, 12)
(3, 12)
(0, 13)
(1, 13)
(2, 13)
(3, 13)
task 0 dup on node3
task 0 dup on node4
task 1 dup on node2
Assign random master and slaves
task 0 : up_rank = 1230.643105, down_rank = 0.000000
task 2 : up_rank = 935.724449, down_rank = 294.918656
task 3 : up_rank = 935.709709, down_rank = 294.918656
task 1 : up_rank = 935.507247, down_rank = 294.918656
task 8 : up_rank = 640.524923, down_rank = 590.118181
task 7 : up_rank = 640.524400, down_rank = 589.901502
task 9 : up_rank = 640.524400, down_rank = 590.103964
task 4 : up_rank = 640.522834, down_rank = 589.901502
task 5 : up_rank = 640.522834, down_rank = 590.118181
task 6 : up_rank = 640.522834, down_rank = 590.103964
task 10 : up_rank = 345.263247, down_rank = 885.162655
task 11 : up_rank = 345.263247, down_rank = 885.379858
task 12 : up_rank = 345.263247, down_rank = 885.365117
task 13 : up_rank = 100.000000, down_rank = 1130.643105
node2:
task 1 : ast = 0, aft = 150
task 3 : ast = 150, aft = 300
task 9 : ast = 300, aft = 450
task 6 : ast = 450, aft = 600
task 12 : ast = 600, aft = 700
node3:
task 5 : ast = 300, aft = 450
task 11 : ast = 600, aft = 700
task 14 : ast = 849, aft = 949
node4:
task 4 : ast = 150, aft = 300
task 10 : ast = 300, aft = 450
task 7 : ast = 450, aft = 600
task 13 : ast = 600, aft = 700
node5:
task 2 : ast = 150, aft = 300
task 8 : ast = 300, aft = 450
redundant task 1 on node4
redundant task 1 on node5
redundant task 2 on node3
makespan = 949
{'globalfusion': 'node3', 'simpledetector1': 'node2', 'simpledetector0': 'node3', 'simpledetector2': 'node4', 'aggregate1': 'node2', 'aggregate0': 'node5', 'aggregate2': 'node4', 'localpro': 'node2', 'astutedetector1': 'node2', 'astutedetector0': 'node5', 'astutedetector2': 'node4', 'fusioncenter0': 'node3', 'fusioncenter1': 'node2', 'fusioncenter2': 'node4'}
 * Serving Flask app "master" (lazy loading)
 * Environment: production
   WARNING: Do not use the development server in a production environment.
   Use a production WSGI server instead.
 * Debug mode: off
 * Running on http://0.0.0.0:8888/ (Press CTRL+C to quit)
('Recieved request for current mapping. Current mappings done:', 14)
{'globalfusion': 'node3', 'simpledetector1': 'node2', 'simpledetector0': 'node3', 'simpledetector2': 'node4', 'aggregate1': 'node2', 'aggregate0': 'node5', 'aggregate2': 'node4', 'localpro': 'node2', 'astutedetector1': 'node2', 'astutedetector0': 'node5', 'astutedetector2': 'node4', 'fusioncenter0': 'node3', 'fusioncenter1': 'node2', 'fusioncenter2': 'node4'}
10.244.0.0 - - [30/Oct/2018 21:16:24] "GET / HTTP/1.1" 200 -
