 * Starting OpenBSD Secure Shell server sshd
   ...done.
-------------------------------------
Automatically generating HEFT input
-------------------------------------
Perform HEFT scheduling
read_input_heft.py:194: SyntaxWarning: name 'MONGO_SVC_PORT' is assigned to before global declaration
  global profiler_ip,exec_home_ip,num_nodes,MONGO_SVC_PORT,network_map,node_list, home_profiler_ip
('tasks: ', {'simpledetector2': ['fusioncenter2'], 'simpledetector1': ['fusioncenter1'], 'simpledetector0': ['fusioncenter0'], 'globalfusion': [], 'aggregate1': ['simpledetector1', 'astutedetector1'], 'aggregate0': ['simpledetector0', 'astutedetector0'], 'aggregate2': ['simpledetector2', 'astutedetector2'], 'localpro': ['aggregate0', 'aggregate1', 'aggregate2'], 'astutedetector1': ['fusioncenter1'], 'astutedetector0': ['fusioncenter0'], 'astutedetector2': ['fusioncenter2'], 'fusioncenter0': ['globalfusion'], 'fusioncenter1': ['globalfusion'], 'fusioncenter2': ['globalfusion']})
('task order', ['localpro', 'aggregate0', 'aggregate1', 'aggregate2', 'simpledetector0', 'simpledetector1', 'simpledetector2', 'astutedetector0', 'astutedetector1', 'astutedetector2', 'fusioncenter0', 'fusioncenter1', 'fusioncenter2', 'globalfusion'])
('super tasks', [])
('non tasks', [])
No input TGFF file found!
---------------------------------------------

 Read task list from DAG file, Non-DAG info and global information 

tasks:  {'aggregate2': ['simpledetector2', 'astutedetector2'], 'fusioncenter2': ['globalfusion'], 'aggregate1': ['simpledetector1', 'astutedetector1'], 'globalfusion': [], 'astutedetector1': ['fusioncenter1'], 'astutedetector0': ['fusioncenter0'], 'localpro': ['aggregate0', 'aggregate1', 'aggregate2'], 'simpledetector2': ['fusioncenter2'], 'simpledetector0': ['fusioncenter0'], 'simpledetector1': ['fusioncenter1'], 'aggregate0': ['simpledetector0', 'astutedetector0'], 'fusioncenter0': ['globalfusion'], 'fusioncenter1': ['globalfusion'], 'astutedetector2': ['fusioncenter2']}
task order ['localpro', 'aggregate0', 'aggregate1', 'aggregate2', 'simpledetector0', 'simpledetector1', 'simpledetector2', 'astutedetector0', 'astutedetector1', 'astutedetector2', 'fusioncenter0', 'fusioncenter1', 'fusioncenter2', 'globalfusion']
super tasks []
---------------------------------------------

 Create input HEFT file 

No available profiling information
---------------------------------------------

 Step 1: Read task list from DAG file and global information 

4
[['node2', '10.111.179.217'], ['node3', '10.97.238.165'], ['node4', '10.105.212.45'], ['node5', '10.111.61.191']]
10.101.209.206
Num nodes :4
{'10.105.212.45': 'node4', '10.111.179.217': 'node2', '10.111.61.191': 'node5', '10.97.238.165': 'node3'}
['node2', 'node3', 'node4', 'node5']
------------------------------------------------------------

 Step 2: Read network profiler information : 

------------------------------------------------------------

 Step 3: Read execution Profiler Information : 

[['node2', '10.111.179.217'], ['node3', '10.97.238.165'], ['node4', '10.105.212.45'], ['node5', '10.111.61.191']]
Check Network Profiler IP: node2-10.111.179.217
Database(MongoClient(host=['10.101.209.206:6200'], document_class=dict, tz_aware=False, connect=True), 'execution_profiler')
Current number of updated execution profilers:
5
--- Check execution profiler ID : home
--- Check execution profiler ID : node3
--- Number of neighbors: 4
--- Check execution profiler ID : node4
--- Check execution profiler ID : node5
--- Check execution profiler ID : node2
Execution information has already been provided
Check Network Profiler IP: node3-10.97.238.165
--- Number of neighbors: 4
Check Network Profiler IP: node4-10.105.212.45
--- Number of neighbors: 4
Check Network Profiler IP: node5-10.111.61.191
--- Number of neighbors: 4
Network information has already been provided
['home', 'localpro', '15', '986.736']
['home', 'aggregate0', '15', '701.92']
['home', 'aggregate1', '15', '127.048']
['home', 'aggregate2', '15', '157.768']
['home', 'simpledetector0', '15', '7.616']
['home', 'simpledetector1', '15', '7.616']
['home', 'simpledetector2', '15', '7.168']
['home', 'astutedetector0', '15', '4.152']
['home', 'astutedetector1', '15', '3.48']
['home', 'astutedetector2', '15', '4.728']
['home', 'fusioncenter0', '10', '0.984']
['home', 'fusioncenter1', '10', '0.44']
['home', 'fusioncenter2', '10', '0.792']
['home', 'globalfusion', '10', '1.336']
['localpro', 'aggregate0', 'aggregate1', 'aggregate2', 'simpledetector0', 'simpledetector1', 'simpledetector2', 'astutedetector0', 'astutedetector1', 'astutedetector2', 'fusioncenter0', 'fusioncenter1', 'fusioncenter2', 'globalfusion']
{'aggregate2': 't0_3', 'fusioncenter2': 't0_12', 'aggregate1': 't0_2', 'globalfusion': 't0_13', 'astutedetector1': 't0_8', 'astutedetector0': 't0_7', 'localpro': 't0_0', 'simpledetector2': 't0_6', 'simpledetector0': 't0_4', 'simpledetector1': 't0_5', 'aggregate0': 't0_1', 'fusioncenter0': 't0_10', 'fusioncenter1': 't0_11', 'astutedetector2': 't0_9'}
{'aggregate2': 3, 'fusioncenter2': 12, 'aggregate1': 2, 'globalfusion': 13, 'astutedetector1': 8, 'astutedetector0': 7, 'localpro': 0, 'simpledetector2': 6, 'simpledetector0': 4, 'simpledetector1': 5, 'aggregate0': 1, 'fusioncenter0': 10, 'fusioncenter1': 11, 'astutedetector2': 9}
{'aggregate2': '157.768', 'fusioncenter2': '0.792', 'aggregate1': '127.048', 'globalfusion': '1.336', 'astutedetector1': '3.48', 'astutedetector0': '4.152', 'localpro': '986.736', 'simpledetector2': '7.168', 'simpledetector0': '7.616', 'simpledetector1': '7.616', 'aggregate0': '701.92', 'fusioncenter0': '0.984', 'fusioncenter1': '0.44', 'astutedetector2': '4.728'}
[[150, 150, 150, 150], [150, 150, 150, 150], [150, 150, 150, 150], [150, 150, 150, 150], [150, 150, 150, 150], [150, 150, 150, 150], [150, 150, 150, 150], [150, 150, 150, 150], [150, 150, 150, 150], [150, 150, 150, 150], [100, 100, 100, 100], [100, 100, 100, 100], [100, 100, 100, 100], [100, 100, 100, 100]]
	TASK localpro	TYPE 0 

	TASK aggregate0	TYPE 1 

	TASK aggregate1	TYPE 2 

	TASK aggregate2	TYPE 3 

	TASK simpledetector0	TYPE 4 

	TASK simpledetector1	TYPE 5 

	TASK simpledetector2	TYPE 6 

	TASK astutedetector0	TYPE 7 

	TASK astutedetector1	TYPE 8 

	TASK astutedetector2	TYPE 9 

	TASK fusioncenter0	TYPE 10 

	TASK fusioncenter1	TYPE 11 

	TASK fusioncenter2	TYPE 12 

	TASK globalfusion	TYPE 13 

task_names: ['localpro', 'aggregate0', 'aggregate1', 'aggregate2', 'simpledetector0', 'simpledetector1', 'simpledetector2', 'astutedetector0', 'astutedetector1', 'astutedetector2', 'fusioncenter0', 'fusioncenter1', 'fusioncenter2', 'globalfusion']
==================
Checking the written information
14
[<map object at 0x7f0e3a73d8d0>, <map object at 0x7f0e3a73db00>, <map object at 0x7f0e3a73dc50>, <map object at 0x7f0e3a73dda0>, <map object at 0x7f0e3a73def0>, <map object at 0x7f0e3a741080>, <map object at 0x7f0e3a7411d0>, <map object at 0x7f0e3a741320>, <map object at 0x7f0e3a741470>, <map object at 0x7f0e3a7415c0>, <map object at 0x7f0e3a741748>, <map object at 0x7f0e3a7418d0>, <map object at 0x7f0e3a741a58>, <map object at 0x7f0e3a741be0>]
[[0, 1, 1, 1], [1, 0, 1, 1], [1, 1, 0, 1], [1, 1, 1, 0]]
[[-1, 986, 986, 986, -1, -1, -1, -1, -1, -1, -1, -1, -1, -1], [-1, -1, -1, -1, 701, -1, -1, 701, -1, -1, -1, -1, -1, -1], [-1, -1, -1, -1, -1, 127, -1, -1, 127, -1, -1, -1, -1, -1], [-1, -1, -1, -1, -1, -1, 157, -1, -1, 157, -1, -1, -1, -1], [-1, -1, -1, -1, -1, -1, -1, -1, -1, -1, 7, -1, -1, -1], [-1, -1, -1, -1, -1, -1, -1, -1, -1, -1, -1, 7, -1, -1], [-1, -1, -1, -1, -1, -1, -1, -1, -1, -1, -1, -1, 7, -1], [-1, -1, -1, -1, -1, -1, -1, -1, -1, -1, 4, -1, -1, -1], [-1, -1, -1, -1, -1, -1, -1, -1, -1, -1, -1, 3, -1, -1], [-1, -1, -1, -1, -1, -1, -1, -1, -1, -1, -1, -1, 4, -1], [-1, -1, -1, -1, -1, -1, -1, -1, -1, -1, -1, -1, -1, 0], [-1, -1, -1, -1, -1, -1, -1, -1, -1, -1, -1, -1, -1, 0], [-1, -1, -1, -1, -1, -1, -1, -1, -1, -1, -1, -1, -1, 0], [-1, -1, -1, -1, -1, -1, -1, -1, -1, -1, -1, -1, -1, -1]]
[[(0, 0, 0), (3.271474336289001e-05, -0.2621381566751816, 150.76167817649272), (-8.418491426070155e-09, 0.0015633125401729995, 142.3127774863897), (-1.323569909629188e-08, 0.002041096998439339, 153.91442552683174)], [(1.2746687476572087e-08, 0.0003718179454465447, 151.01022650896664), (0, 0, 0), (2.8264015264595526e-08, -0.00089513855263688, 157.72986541564455), (-3.674715038660821e-08, 0.0042130263984941395, 145.1354637382744)], [(1.159058373716026e-06, -0.008339309037863608, 149.037779676008), (-1.7712801014589296e-08, 0.003059244585378023, 140.62343570886352), (0, 0, 0), (1.4495137101670232e-08, -0.00011201745731577274, 151.1949180614997)], [(-1.8605023231708616e-08, 0.002696468153419584, 163.3727925378519), (5.730991753824037e-10, 0.0012947985732082745, 146.7380274517237), (4.4957768096053526e-08, -0.0019876959056454886, 166.23679013351023), (0, 0, 0)]]
	TASK localpro	TYPE 0 

	TASK aggregate0	TYPE 1 

	TASK aggregate1	TYPE 2 

	TASK aggregate2	TYPE 3 

	TASK simpledetector0	TYPE 4 

	TASK simpledetector1	TYPE 5 

	TASK simpledetector2	TYPE 6 

	TASK astutedetector0	TYPE 7 

	TASK astutedetector1	TYPE 8 

	TASK astutedetector2	TYPE 9 

	TASK fusioncenter0	TYPE 10 

	TASK fusioncenter1	TYPE 11 

	TASK fusioncenter2	TYPE 12 

	TASK globalfusion	TYPE 13 

('task_names:', ['localpro', 'aggregate0', 'aggregate1', 'aggregate2', 'simpledetector0', 'simpledetector1', 'simpledetector2', 'astutedetector0', 'astutedetector1', 'astutedetector2', 'fusioncenter0', 'fusioncenter1', 'fusioncenter2', 'globalfusion'])
==================
(0, 2)
(1, 2)
(2, 2)
(3, 2)
(0, 3)
(1, 3)
(2, 3)
(3, 3)
(0, 1)
(1, 1)
(2, 1)
(3, 1)
(0, 8)
(1, 8)
(2, 8)
(3, 8)
(0, 7)
(1, 7)
(2, 7)
(3, 7)
(0, 9)
(1, 9)
(2, 9)
(3, 9)
(0, 4)
(1, 4)
(2, 4)
(3, 4)
(0, 5)
(1, 5)
(2, 5)
(3, 5)
(0, 6)
(1, 6)
(2, 6)
(3, 6)
(0, 10)
(1, 10)
(2, 10)
(3, 10)
(0, 11)
(1, 11)
(2, 11)
(3, 11)
(0, 12)
(1, 12)
(2, 12)
(3, 12)
(0, 13)
(1, 13)
(2, 13)
(3, 13)
task 11 dup on node4
Assign random master and slaves
task 0 : up_rank = 1234.797506, down_rank = 0.000000
task 2 : up_rank = 951.765089, down_rank = 283.032417
task 3 : up_rank = 951.122063, down_rank = 283.032417
task 1 : up_rank = 940.733322, down_rank = 283.032417
task 8 : up_rank = 652.946831, down_rank = 581.850675
task 7 : up_rank = 652.925331, down_rank = 570.840407
task 9 : up_rank = 652.925331, down_rank = 581.229148
task 4 : up_rank = 652.860866, down_rank = 570.840407
task 5 : up_rank = 652.860866, down_rank = 581.850675
task 6 : up_rank = 652.860866, down_rank = 581.229148
task 10 : up_rank = 351.505682, down_rank = 872.260057
task 11 : up_rank = 351.505682, down_rank = 883.291824
task 12 : up_rank = 351.505682, down_rank = 882.648798
task 13 : up_rank = 100.000000, down_rank = 1134.797506
node2:
task 1 : ast = 0, aft = 150
task 4 : ast = 150, aft = 300
task 10 : ast = 300, aft = 450
task 7 : ast = 450, aft = 600
task 13 : ast = 600, aft = 700
node3:
task 3 : ast = 74, aft = 224
task 2 : ast = 224, aft = 374
task 8 : ast = 374, aft = 524
task 12 : ast = 672, aft = 772
node4:
task 6 : ast = 381, aft = 531
node5:
task 9 : ast = 369, aft = 519
task 5 : ast = 522, aft = 672
task 11 : ast = 672, aft = 772
task 14 : ast = 872, aft = 972
redundant task 12 on node5
makespan = 972
{'simpledetector2': 'node2', 'simpledetector1': 'node4', 'simpledetector0': 'node5', 'globalfusion': 'node5', 'aggregate1': 'node3', 'aggregate0': 'node3', 'aggregate2': 'node2', 'localpro': 'node2', 'astutedetector1': 'node5', 'astutedetector0': 'node3', 'astutedetector2': 'node2', 'fusioncenter0': 'node5', 'fusioncenter1': 'node3', 'fusioncenter2': 'node2'}
 * Serving Flask app "master" (lazy loading)
 * Environment: production
   WARNING: Do not use the development server in a production environment.
   Use a production WSGI server instead.
 * Debug mode: off
 * Running on http://0.0.0.0:8888/ (Press CTRL+C to quit)
('Recieved request for current mapping. Current mappings done:', 14)
{'simpledetector2': 'node2', 'simpledetector1': 'node4', 'simpledetector0': 'node5', 'globalfusion': 'node5', 'aggregate1': 'node3', 'aggregate0': 'node3', 'aggregate2': 'node2', 'localpro': 'node2', 'astutedetector1': 'node5', 'astutedetector0': 'node3', 'astutedetector2': 'node2', 'fusioncenter0': 'node5', 'fusioncenter1': 'node3', 'fusioncenter2': 'node2'}
10.244.0.0 - - [30/Oct/2018 19:19:28] "GET / HTTP/1.1" 200 -
