 * Starting OpenBSD Secure Shell server sshd
   ...done.
-------------------------------------
Automatically generating HEFT input
-------------------------------------
Perform HEFT scheduling
read_input_heft.py:194: SyntaxWarning: name 'MONGO_SVC_PORT' is assigned to before global declaration
  global profiler_ip,exec_home_ip,num_nodes,MONGO_SVC_PORT,network_map,node_list, home_profiler_ip
('tasks: ', {'simpledetector2': ['fusioncenter2'], 'simpledetector1': ['fusioncenter1'], 'simpledetector0': ['fusioncenter0'], 'globalfusion': [], 'aggregate1': ['simpledetector1', 'astutedetector1'], 'aggregate0': ['simpledetector0', 'astutedetector0'], 'aggregate2': ['simpledetector2', 'astutedetector2'], 'localpro': ['aggregate0', 'aggregate1', 'aggregate2'], 'astutedetector1': ['fusioncenter1'], 'astutedetector0': ['fusioncenter0'], 'astutedetector2': ['fusioncenter2'], 'fusioncenter0': ['globalfusion'], 'fusioncenter1': ['globalfusion'], 'fusioncenter2': ['globalfusion']})
('task order', ['localpro', 'aggregate0', 'aggregate1', 'aggregate2', 'simpledetector0', 'simpledetector1', 'simpledetector2', 'astutedetector0', 'astutedetector1', 'astutedetector2', 'fusioncenter0', 'fusioncenter1', 'fusioncenter2', 'globalfusion'])
('super tasks', [])
('non tasks', [])
No input TGFF file found!
---------------------------------------------
---------------------------------------------

 Read task list from DAG file, Non-DAG info and global information 

tasks:  {'fusioncenter2': ['globalfusion'], 'fusioncenter1': ['globalfusion'], 'localpro': ['aggregate0', 'aggregate1', 'aggregate2'], 'simpledetector0': ['fusioncenter0'], 'globalfusion': [], 'aggregate0': ['simpledetector0', 'astutedetector0'], 'astutedetector1': ['fusioncenter1'], 'simpledetector1': ['fusioncenter1'], 'aggregate1': ['simpledetector1', 'astutedetector1'], 'astutedetector0': ['fusioncenter0'], 'simpledetector2': ['fusioncenter2'], 'fusioncenter0': ['globalfusion'], 'astutedetector2': ['fusioncenter2'], 'aggregate2': ['simpledetector2', 'astutedetector2']}

 Step 1: Read task list from DAG file and global information 

5
[['node2', '10.110.22.125'], ['node3', '10.100.135.138'], ['node4', '10.105.17.239'], ['node5', '10.108.202.177'], ['node6', '10.101.235.45']]
task order ['localpro', 'aggregate0', 'aggregate1', 'aggregate2', 'simpledetector0', 'simpledetector1', 'simpledetector2', 'astutedetector0', 'astutedetector1', 'astutedetector2', 'fusioncenter0', 'fusioncenter1', 'fusioncenter2', 'globalfusion']
10.105.80.122
super tasks []
Num nodes :5
{'10.101.235.45': 'node6', '10.110.22.125': 'node2', '10.100.135.138': 'node3', '10.105.17.239': 'node4', '10.108.202.177': 'node5'}
['node2', 'node3', 'node4', 'node5', 'node6']
------------------------------------------------------------

 Step 2: Read network profiler information : 

---------------------------------------------

 Create input HEFT file 

No available profiling information
------------------------------------------------------------

 Step 3: Read execution Profiler Information : 

[['node2', '10.110.22.125'], ['node3', '10.100.135.138'], ['node4', '10.105.17.239'], ['node5', '10.108.202.177'], ['node6', '10.101.235.45']]
Check Network Profiler IP: node2-10.110.22.125
Database(MongoClient(host=['10.105.80.122:6200'], document_class=dict, tz_aware=False, connect=True), 'execution_profiler')
--- Number of neighbors: 5
Current number of updated execution profilers:
6
--- Check execution profiler ID : home
--- Check execution profiler ID : node3
Check Network Profiler IP: node3-10.100.135.138
--- Check execution profiler ID : node5
--- Check execution profiler ID : node2
--- Check execution profiler ID : node4
--- Check execution profiler ID : node6
Execution information has already been provided
--- Number of neighbors: 5
Check Network Profiler IP: node4-10.105.17.239
--- Number of neighbors: 5
Check Network Profiler IP: node5-10.108.202.177
--- Number of neighbors: 5
Check Network Profiler IP: node6-10.101.235.45
--- Number of neighbors: 5
Network information has already been provided
['home', 'localpro', '15', '986.736']
['home', 'aggregate0', '15', '701.92']
['home', 'aggregate1', '15', '127.048']
['home', 'aggregate2', '15', '157.768']
['home', 'simpledetector0', '15', '7.616']
['home', 'simpledetector1', '15', '7.616']
['home', 'simpledetector2', '15', '7.168']
['home', 'astutedetector0', '15', '4.152']
['home', 'astutedetector1', '15', '3.48']
['home', 'astutedetector2', '15', '4.728']
['home', 'fusioncenter0', '10', '0.984']
['home', 'fusioncenter1', '10', '0.44']
['home', 'fusioncenter2', '10', '0.792']
['home', 'globalfusion', '10', '1.336']
['localpro', 'aggregate0', 'aggregate1', 'aggregate2', 'simpledetector0', 'simpledetector1', 'simpledetector2', 'astutedetector0', 'astutedetector1', 'astutedetector2', 'fusioncenter0', 'fusioncenter1', 'fusioncenter2', 'globalfusion']
{'fusioncenter2': 't0_12', 'fusioncenter1': 't0_11', 'localpro': 't0_0', 'simpledetector0': 't0_4', 'globalfusion': 't0_13', 'aggregate0': 't0_1', 'astutedetector1': 't0_8', 'simpledetector1': 't0_5', 'aggregate1': 't0_2', 'astutedetector0': 't0_7', 'simpledetector2': 't0_6', 'fusioncenter0': 't0_10', 'astutedetector2': 't0_9', 'aggregate2': 't0_3'}
{'fusioncenter2': 12, 'fusioncenter1': 11, 'localpro': 0, 'simpledetector0': 4, 'globalfusion': 13, 'aggregate0': 1, 'astutedetector1': 8, 'simpledetector1': 5, 'aggregate1': 2, 'astutedetector0': 7, 'simpledetector2': 6, 'fusioncenter0': 10, 'astutedetector2': 9, 'aggregate2': 3}
{'fusioncenter2': '0.768', 'fusioncenter1': '0.44', 'localpro': '986.736', 'simpledetector0': '7.616', 'globalfusion': '1.312', 'aggregate0': '701.92', 'astutedetector1': '3.48', 'simpledetector1': '7.616', 'aggregate1': '127.048', 'astutedetector0': '4.152', 'simpledetector2': '7.168', 'fusioncenter0': '0.984', 'astutedetector2': '4.704', 'aggregate2': '157.768'}
[[150, 150, 150, 150, 150], [150, 150, 150, 150, 150], [150, 150, 150, 150, 150], [150, 150, 150, 150, 150], [150, 150, 150, 150, 150], [150, 150, 150, 150, 150], [150, 150, 150, 150, 150], [150, 150, 150, 150, 150], [150, 150, 150, 150, 150], [150, 150, 150, 150, 150], [100, 100, 100, 100, 100], [100, 100, 100, 100, 100], [100, 100, 100, 100, 100], [100, 100, 100, 100, 100]]
	TASK localpro	TYPE 0 

	TASK aggregate0	TYPE 1 

	TASK aggregate1	TYPE 2 

	TASK aggregate2	TYPE 3 

	TASK simpledetector0	TYPE 4 

	TASK simpledetector1	TYPE 5 

	TASK simpledetector2	TYPE 6 

	TASK astutedetector0	TYPE 7 

	TASK astutedetector1	TYPE 8 

	TASK astutedetector2	TYPE 9 

	TASK fusioncenter0	TYPE 10 

	TASK fusioncenter1	TYPE 11 

	TASK fusioncenter2	TYPE 12 

	TASK globalfusion	TYPE 13 

task_names: ['localpro', 'aggregate0', 'aggregate1', 'aggregate2', 'simpledetector0', 'simpledetector1', 'simpledetector2', 'astutedetector0', 'astutedetector1', 'astutedetector2', 'fusioncenter0', 'fusioncenter1', 'fusioncenter2', 'globalfusion']
==================
Checking the written information
14
[<map object at 0x7f3d55604780>, <map object at 0x7f3d55604978>, <map object at 0x7f3d55604b00>, <map object at 0x7f3d55604c88>, <map object at 0x7f3d55604e10>, <map object at 0x7f3d55604f98>, <map object at 0x7f3d55606160>, <map object at 0x7f3d556062e8>, <map object at 0x7f3d55606470>, <map object at 0x7f3d556065f8>, <map object at 0x7f3d556067b8>, <map object at 0x7f3d55606978>, <map object at 0x7f3d55606b38>, <map object at 0x7f3d55606cf8>]
[[0, 1, 1, 1, 1], [1, 0, 1, 1, 1], [1, 1, 0, 1, 1], [1, 1, 1, 0, 1], [1, 1, 1, 1, 0]]
[[-1, 986, 986, 986, -1, -1, -1, -1, -1, -1, -1, -1, -1, -1], [-1, -1, -1, -1, 701, -1, -1, 701, -1, -1, -1, -1, -1, -1], [-1, -1, -1, -1, -1, 127, -1, -1, 127, -1, -1, -1, -1, -1], [-1, -1, -1, -1, -1, -1, 157, -1, -1, 157, -1, -1, -1, -1], [-1, -1, -1, -1, -1, -1, -1, -1, -1, -1, 7, -1, -1, -1], [-1, -1, -1, -1, -1, -1, -1, -1, -1, -1, -1, 7, -1, -1], [-1, -1, -1, -1, -1, -1, -1, -1, -1, -1, -1, -1, 7, -1], [-1, -1, -1, -1, -1, -1, -1, -1, -1, -1, 4, -1, -1, -1], [-1, -1, -1, -1, -1, -1, -1, -1, -1, -1, -1, 3, -1, -1], [-1, -1, -1, -1, -1, -1, -1, -1, -1, -1, -1, -1, 4, -1], [-1, -1, -1, -1, -1, -1, -1, -1, -1, -1, -1, -1, -1, 0], [-1, -1, -1, -1, -1, -1, -1, -1, -1, -1, -1, -1, -1, 0], [-1, -1, -1, -1, -1, -1, -1, -1, -1, -1, -1, -1, -1, 0], [-1, -1, -1, -1, -1, -1, -1, -1, -1, -1, -1, -1, -1, -1]]
[[(0, 0, 0), (-6.329695272554506e-05, 5.178994662639489, 3833.9095914509207), (-2.805008413523313e-06, 0.252610012515544, 2728.794944918907), (-0.00019891128558153807, 4.038650093891909, 1919.2544751376001), (-2.0590088757612802e-05, 1.8226924378228357, 1525.417477565604)], [(-1.1366441265580374e-05, 1.006696536266341, 1995.5805140642733), (0, 0, 0), (-8.670219883710795e-05, 0.8185144079102983, 2366.827721716442), (-6.405955416144556e-07, 0.053883054264464325, 279.16714139709745), (-6.2773028274195e-07, 0.06256457331817016, 1562.9829891729403)], [(-6.45404653709289e-06, 0.5512711893641065, 2625.5358055465317), (-9.798361990063981e-07, 0.10557106392199192, 2674.253545126489), (0, 0, 0), (-1.2436031399715336e-06, 0.13128728983470775, 2454.7497722846874), (-1.7671425446641345e-06, 0.18168312780541732, 3622.9726893946417)], [(-4.884432284044733e-06, 0.4378733907755862, 3066.3928749802353), (-2.050742928496566e-08, 0.0036086188082787465, 278.530174950041), (-7.07170399315286e-07, 0.08165542057424195, 2689.9733357087407), (0, 0, 0), (-6.010297838641695e-07, 0.0672914648164615, 1281.9387329453482)], [(-4.307036099887203e-07, 0.05814443434438785, 1483.976615381999), (-4.1319444444444336e-07, 0.04289999999999993, 1684.4444444444453), (-2.030653397314658e-06, 0.2072095629721742, 3794.619774474231), (-2.373665482160424e-06, 0.20159777145104654, 1277.8873697429967), (0, 0, 0)]]
	TASK localpro	TYPE 0 

	TASK aggregate0	TYPE 1 

	TASK aggregate1	TYPE 2 

	TASK aggregate2	TYPE 3 

	TASK simpledetector0	TYPE 4 

	TASK simpledetector1	TYPE 5 

	TASK simpledetector2	TYPE 6 

	TASK astutedetector0	TYPE 7 

	TASK astutedetector1	TYPE 8 

	TASK astutedetector2	TYPE 9 

	TASK fusioncenter0	TYPE 10 

	TASK fusioncenter1	TYPE 11 

	TASK fusioncenter2	TYPE 12 

	TASK globalfusion	TYPE 13 

('task_names:', ['localpro', 'aggregate0', 'aggregate1', 'aggregate2', 'simpledetector0', 'simpledetector1', 'simpledetector2', 'astutedetector0', 'astutedetector1', 'astutedetector2', 'fusioncenter0', 'fusioncenter1', 'fusioncenter2', 'globalfusion'])
==================
(0, 1)
(1, 1)
(2, 1)
(3, 1)
(4, 1)
(0, 3)
(1, 3)
(2, 3)
(3, 3)
(4, 3)
(0, 2)
(1, 2)
(2, 2)
(3, 2)
(4, 2)
(0, 4)
(1, 4)
(2, 4)
(3, 4)
(4, 4)
(0, 5)
(1, 5)
(2, 5)
(3, 5)
(4, 5)
(0, 6)
(1, 6)
(2, 6)
(3, 6)
(4, 6)
(0, 7)
(1, 7)
(2, 7)
(3, 7)
(4, 7)
(0, 9)
(1, 9)
(2, 9)
(3, 9)
(4, 9)
(0, 8)
(1, 8)
(2, 8)
(3, 8)
(4, 8)
(0, 10)
(1, 10)
(2, 10)
(3, 10)
(4, 10)
(0, 11)
(1, 11)
(2, 11)
(3, 11)
(4, 11)
(0, 12)
(1, 12)
(2, 12)
(3, 12)
(4, 12)
(0, 13)
(1, 13)
(2, 13)
(3, 13)
(4, 13)
Assign random master and slaves
task 0 : up_rank = 10545.976066, down_rank = 0.000000
task 1 : up_rank = 7503.870617, down_rank = 3042.105449
task 3 : up_rank = 7097.077617, down_rank = 3042.105449
task 2 : up_rank = 7074.293885, down_rank = 3042.105449
task 4 : up_rank = 4670.076647, down_rank = 5875.899419
task 5 : up_rank = 4670.076647, down_rank = 5446.322687
task 6 : up_rank = 4670.076647, down_rank = 5469.106419
task 7 : up_rank = 4667.781613, down_rank = 5875.899419
task 9 : up_rank = 4667.781613, down_rank = 5469.106419
task 8 : up_rank = 4667.016521, down_rank = 5446.322687
task 10 : up_rank = 2357.360500, down_rank = 8188.615566
task 11 : up_rank = 2357.360500, down_rank = 7759.038834
task 12 : up_rank = 2357.360500, down_rank = 7781.822566
task 13 : up_rank = 100.000000, down_rank = 10445.976066
node2:
task 1 : ast = 0, aft = 150
task 2 : ast = 150, aft = 300
task 4 : ast = 300, aft = 450
task 3 : ast = 450, aft = 600
task 5 : ast = 600, aft = 750
task 6 : ast = 750, aft = 900
task 7 : ast = 900, aft = 1050
task 8 : ast = 1050, aft = 1200
task 10 : ast = 1200, aft = 1350
task 9 : ast = 1350, aft = 1500
task 11 : ast = 1500, aft = 1600
task 12 : ast = 1600, aft = 1700
task 13 : ast = 1700, aft = 1800
task 14 : ast = 1800, aft = 1900
node3:
node4:
node5:
node6:
makespan = 1900
{'simpledetector2': 'node2', 'simpledetector1': 'node2', 'simpledetector0': 'node2', 'globalfusion': 'node2', 'aggregate1': 'node2', 'aggregate0': 'node2', 'aggregate2': 'node2', 'localpro': 'node2', 'astutedetector1': 'node2', 'astutedetector0': 'node2', 'astutedetector2': 'node2', 'fusioncenter0': 'node2', 'fusioncenter1': 'node2', 'fusioncenter2': 'node2'}
 * Serving Flask app "master" (lazy loading)
 * Environment: production
   WARNING: Do not use the development server in a production environment.
   Use a production WSGI server instead.
 * Debug mode: off
 * Running on http://0.0.0.0:8888/ (Press CTRL+C to quit)
10.244.0.0 - - [14/Nov/2018 18:36:09] "GET / HTTP/1.1" 200 -
('Recieved request for current mapping. Current mappings done:', 14)
{'simpledetector2': 'node2', 'simpledetector1': 'node2', 'simpledetector0': 'node2', 'globalfusion': 'node2', 'aggregate1': 'node2', 'aggregate0': 'node2', 'aggregate2': 'node2', 'localpro': 'node2', 'astutedetector1': 'node2', 'astutedetector0': 'node2', 'astutedetector2': 'node2', 'fusioncenter0': 'node2', 'fusioncenter1': 'node2', 'fusioncenter2': 'node2'}
