 * Starting OpenBSD Secure Shell server sshd
   ...done.
-------------------------------------
Automatically generating HEFT input
-------------------------------------
Perform HEFT scheduling
read_input_heft.py:194: SyntaxWarning: name 'MONGO_SVC_PORT' is assigned to before global declaration
  global profiler_ip,exec_home_ip,num_nodes,MONGO_SVC_PORT,network_map,node_list, home_profiler_ip
('tasks: ', {'task1': ['task2', 'task3'], 'task2': ['task4'], 'task3': ['task4'], 'task4': []})
('task order', ['task1', 'task2', 'task3', 'task4'])
('super tasks', [])
('non tasks', [])
No input TGFF file found!
---------------------------------------------

 Step 1: Read task list from DAG file and global information 

4
[['node2', '10.111.179.217'], ['node3', '10.97.238.165'], ['node4', '10.105.212.45'], ['node5', '10.111.61.191']]
10.105.58.199
Num nodes :4
{'10.105.212.45': 'node4', '10.97.238.165': 'node3', '10.111.179.217': 'node2', '10.111.61.191': 'node5'}
['node2', 'node3', 'node4', 'node5']
------------------------------------------------------------

 Step 2: Read network profiler information : 

------------------------------------------------------------

 Step 3: Read execution Profiler Information : 

[['node2', '10.111.179.217'], ['node3', '10.97.238.165'], ['node4', '10.105.212.45'], ['node5', '10.111.61.191']]
Check Network Profiler IP: node2-10.111.179.217
Database(MongoClient(host=['10.105.58.199:6200'], document_class=dict, tz_aware=False, connect=True), 'execution_profiler')
Current number of updated execution profilers:
5
--- Check execution profiler ID : node4
--- Check execution profiler ID : home
--- Check execution profiler ID : node3
--- Check execution profiler ID : node5
--- Check execution profiler ID : node2
Execution information has already been provided
--- Number of neighbors: 4
Check Network Profiler IP: node3-10.97.238.165
--- Number of neighbors: 4
Check Network Profiler IP: node4-10.105.212.45
--- Number of neighbors: 4
Check Network Profiler IP: node5-10.111.61.191
--- Number of neighbors: 4
---------------------------------------------

 Read task list from DAG file, Non-DAG info and global information 

tasks:  {'task1': ['task2', 'task3'], 'task2': ['task4'], 'task4': [], 'task3': ['task4']}
Network information has already been provided
task order ['task1', 'task2', 'task3', 'task4']
super tasks []
---------------------------------------------

 Create input HEFT file 

['home', 'task1', '0', '0.096']
['home', 'task2', '0', '0.088']
['home', 'task3', '0', '0.088']
['home', 'task4', '0', '0.656']
['task1', 'task2', 'task3', 'task4']
{'task1': 't0_0', 'task2': 't0_1', 'task4': 't0_3', 'task3': 't0_2'}
{'task1': 0, 'task2': 1, 'task4': 3, 'task3': 2}
{'task1': '0.096', 'task2': '0.088', 'task4': '0.656', 'task3': '0.088'}
[[0, 0, 0, 0], [0, 0, 0, 0], [0, 0, 0, 0], [0, 0, 0, 0]]
	TASK task1	TYPE 0 

	TASK task2	TYPE 1 

	TASK task3	TYPE 2 

	TASK task4	TYPE 3 

task_names: ['task1', 'task2', 'task3', 'task4']
==================
Checking the written information
4
[<map object at 0x7f32f4c78390>, <map object at 0x7f32f4c782e8>, <map object at 0x7f32f4c782b0>, <map object at 0x7f32f4c78400>]
[[0, 1, 1, 1], [1, 0, 1, 1], [1, 1, 0, 1], [1, 1, 1, 0]]
[[-1, 0, 0, -1], [-1, -1, -1, 0], [-1, -1, -1, 0], [-1, -1, -1, -1]]
[[(0, 0, 0), (0, 0, 0), (0, 0, 0), (0, 0, 0)], [(0, 0, 0), (0, 0, 0), (0, 0, 0), (0, 0, 0)], [(0, 0, 0), (0, 0, 0), (0, 0, 0), (0, 0, 0)], [(0, 0, 0), (0, 0, 0), (0, 0, 0), (0, 0, 0)]]
	TASK task1	TYPE 0 

	TASK task2	TYPE 1 

	TASK task3	TYPE 2 

	TASK task4	TYPE 3 

('task_names:', ['task1', 'task2', 'task3', 'task4'])
==================
(0, 1)
(1, 1)
(2, 1)
(3, 1)
(0, 2)
(1, 2)
(2, 2)
(3, 2)
(0, 3)
(1, 3)
(2, 3)
(3, 3)
Assign random master and slaves
task 0 : up_rank = 0.000000, down_rank = 0.000000
task 1 : up_rank = 0.000000, down_rank = 0.000000
task 2 : up_rank = 0.000000, down_rank = 0.000000
task 3 : up_rank = 0.000000, down_rank = 0.000000
node2:
task 1 : ast = 0, aft = 0
task 2 : ast = 0, aft = 0
task 3 : ast = 0, aft = 0
task 4 : ast = 0, aft = 0
node3:
node4:
node5:
makespan = 0
{'task1': 'node2', 'task2': 'node2', 'task3': 'node2', 'task4': 'node2'}
 * Serving Flask app "master" (lazy loading)
 * Environment: production
   WARNING: Do not use the development server in a production environment.
   Use a production WSGI server instead.
 * Debug mode: off
 * Running on http://0.0.0.0:8888/ (Press CTRL+C to quit)
('Recieved request for current mapping. Current mappings done:', 4)
{'task1': 'node2', 'task2': 'node2', 'task3': 'node2', 'task4': 'node2'}
10.244.0.0 - - [29/Oct/2018 23:17:47] "GET / HTTP/1.1" 200 -
