 * Starting OpenBSD Secure Shell server sshd
   ...done.
Installing and starting mongodb
Start MongoDB.
about to fork child process, waiting until server is ready for connections.
forked process: 32
child process started successfully, parent exiting
Starting the evaluation
Starting the scheduler
TASK:  task1
DAG:  {'task2': ['1', 'true', 'task4'], 'task3': ['1', 'true', 'task4'], 'task4': ['2', 'true', 'home'], 'task1': ['1', 'true', 'task2', 'task3']}
HOSTS:  {'home': ['home', 'ubuntu2gbams203-2018-05-10-s-2vcpu-4gb-nyc1-01', 'root', 'PASSWORD']}
Starting the output monitoring system:
Flask server started
 * Serving Flask app "scheduler" (lazy loading)
 * Environment: production
   WARNING: Do not use the development server in a production environment.
   Use a production WSGI server instead.
 * Debug mode: off
 * Running on http://0.0.0.0:8888/ (Press CTRL+C to quit)
------ Received matching info
{'task3': 'node2'}
10.244.2.115 - - [30/Oct/2018 01:06:39] "GET /update_controller_map?controller_id_map=task3%3Anode2 HTTP/1.1" 200 -
------ Received matching info
10.244.2.117 - - [30/Oct/2018 01:06:40] "GET /update_controller_map?controller_id_map=task2%3Anode2 HTTP/1.1" 200 -
{'task2': 'node2', 'task3': 'node2'}
------ Received matching info
10.244.2.116 - - [30/Oct/2018 01:06:40] "GET /update_controller_map?controller_id_map=task1%3Anode2 HTTP/1.1" 200 -
{'task2': 'node2', 'task3': 'node2', 'task1': 'node2'}
10.244.0.0 - - [30/Oct/2018 01:06:40] "GET / HTTP/1.1" 200 -
Recieved request for number of output files. Current done: 0
------ Received matching info
10.244.2.118 - - [30/Oct/2018 01:06:40] "GET /update_controller_map?controller_id_map=task4%3Anode2 HTTP/1.1" 200 -
{'task2': 'node2', 'task3': 'node2', 'task4': 'node2', 'task1': 'node2'}
-----------Received assignment info
10.244.2.115 - - [30/Oct/2018 01:07:09] "GET /receive_assignment_info?assignment_info=task3%23node2 HTTP/1.1" 200 -
-----------Received assignment info
10.244.2.117 - - [30/Oct/2018 01:07:10] "GET /receive_assignment_info?assignment_info=task2%23node2 HTTP/1.1" 200 -
-----------Received assignment info
10.244.2.116 - - [30/Oct/2018 01:07:10] "GET /receive_assignment_info?assignment_info=task1%23node2 HTTP/1.1" 200 -
-----------Received assignment info
10.244.2.118 - - [30/Oct/2018 01:07:10] "GET /receive_assignment_info?assignment_info=task4%23node2 HTTP/1.1" 200 -
Recieved request for number of output files. Current done: 0
10.244.0.0 - - [30/Oct/2018 01:07:40] "GET / HTTP/1.1" 200 -
------ Received matching info
{'task2': 'node2', 'task3': 'node2', 'task4': 'node2', 'task1': 'node2'}
10.244.2.115 - - [30/Oct/2018 01:08:09] "GET /update_controller_map?controller_id_map=task3%3Anode2 HTTP/1.1" 200 -
------ Received matching info
{'task2': 'node2', 'task3': 'node2', 'task4': 'node2', 'task1': 'node2'}
10.244.2.117 - - [30/Oct/2018 01:08:10] "GET /update_controller_map?controller_id_map=task2%3Anode2 HTTP/1.1" 200 -
------ Received matching info
{'task2': 'node2', 'task3': 'node2', 'task4': 'node2', 'task1': 'node2'}
10.244.2.116 - - [30/Oct/2018 01:08:10] "GET /update_controller_map?controller_id_map=task1%3Anode2 HTTP/1.1" 200 -
------ Received matching info
{'task2': 'node2', 'task3': 'node2', 'task4': 'node2', 'task1': 'node2'}
10.244.2.118 - - [30/Oct/2018 01:08:10] "GET /update_controller_map?controller_id_map=task4%3Anode2 HTTP/1.1" 200 -
Start copying sample files for evaluation
---- Generate random input files
Received file as input - /input/1botnet.ipsum.
start time is:  [1540861691.870926]
task1
{'task2': 'node2', 'task3': 'node2', 'task4': 'node2', 'task1': 'node2'}
{'node5': '10.104.172.20', 'node4': '10.103.60.86', 'node2': '10.110.213.227', 'node3': '10.108.21.105'}
1botnet.ipsum
1botnet.ipsum#task1#true
Transfer to IP: 10.110.213.227 , username: root , password: PASSWORD, source path: /input/1botnet.ipsum , destination path: /centralized_scheduler/input/1botnet.ipsum#task1#true
Warning: Permanently added '[10.110.213.227]:5000' (ECDSA) to the list of known hosts.
data transfer complete

Received flask message: node2 rt_enter 1botnet 1540861692.52406 task1
10.244.2.114 - - [30/Oct/2018 01:08:12] "GET /recv_runtime_profile_computingnode?msg=rt_enter+1botnet+1540861692.52406&work_node=node2&task_name=task1 HTTP/1.1" 200 -
Received flask message: node2 rt_exec 1botnet 1540861692.5352159 task1
10.244.2.114 - - [30/Oct/2018 01:08:12] "GET /recv_runtime_profile_computingnode?msg=rt_exec+1botnet+1540861692.5352159&work_node=node2&task_name=task1 HTTP/1.1" 200 -
Received flask message: node2 rt_finish 1botnet 1540861693.0507362 task1
----------------------------
Runtime info at each computing node
Worker node: node2
Input file : 1botnet
Task name: task1
Total duration time:0.5266761779785156
Waiting time:0.011155843734741211
node2 execution time:0.5155203342437744
----------------------------
********************************************
Runtime profiling computing node info:
Worker_node Task_name  local_input_file Enter_time Execute_time Finish_time Elapse_time Duration_time Waiting_time 

node2      task1      1botnet    1540861692.52406 1540861692.5352159 1540861693.0507362 0.5266761779785156 0.5155203342437744 0.011155843734741211

********************************************
10.244.2.114 - - [30/Oct/2018 01:08:13] "GET /recv_runtime_profile_computingnode?msg=rt_finish+1botnet+1540861693.0507362&work_node=node2&task_name=task1 HTTP/1.1" 200 -
Received flask message: node2 rt_enter 1botnet 1540861693.5644257 task2
10.244.2.114 - - [30/Oct/2018 01:08:13] "GET /recv_runtime_profile_computingnode?msg=rt_enter+1botnet+1540861693.5644257&work_node=node2&task_name=task2 HTTP/1.1" 200 -
Received flask message: node2 rt_exec 1botnet 1540861693.56947 task2
10.244.2.114 - - [30/Oct/2018 01:08:13] "GET /recv_runtime_profile_computingnode?msg=rt_exec+1botnet+1540861693.56947&work_node=node2&task_name=task2 HTTP/1.1" 200 -
Received flask message: node2 rt_enter 1botnet 1540861693.5904105 task3
10.244.2.114 - - [30/Oct/2018 01:08:13] "GET /recv_runtime_profile_computingnode?msg=rt_enter+1botnet+1540861693.5904105&work_node=node2&task_name=task3 HTTP/1.1" 200 -
10.244.2.114 - - [30/Oct/2018 01:08:13] "GET /recv_runtime_profile_computingnode?msg=rt_exec+1botnet+1540861693.5956268&work_node=node2&task_name=task3 HTTP/1.1" 200 -
Received flask message: node2 rt_exec 1botnet 1540861693.5956268 task3
10.244.2.114 - - [30/Oct/2018 01:08:14] "GET /recv_runtime_profile_computingnode?msg=rt_finish+1botnet+1540861694.086174&work_node=node2&task_name=task2 HTTP/1.1" 200 -
Received flask message: node2 rt_finish 1botnet 1540861694.086174 task2
----------------------------
Runtime info at each computing node
Worker node: node2
Input file : 1botnet
Task name: task2
Total duration time:0.5217483043670654
Waiting time:0.005044221878051758
node2 execution time:0.5167040824890137
----------------------------
********************************************
Runtime profiling computing node info:
Worker_node Task_name  local_input_file Enter_time Execute_time Finish_time Elapse_time Duration_time Waiting_time 

node2      task1      1botnet    1540861692.52406 1540861692.5352159 1540861693.0507362 0.5266761779785156 0.5155203342437744 0.011155843734741211

node2      task2      1botnet    1540861693.5644257 1540861693.56947 1540861694.086174 0.5217483043670654 0.5167040824890137 0.005044221878051758

********************************************
Received flask message: node2 rt_finish 1botnet 1540861694.1081984 task3
----------------------------
Runtime info at each computing node
Worker node: node2
Input file : 1botnet
Task name: task3
Total duration time:0.5177879333496094
Waiting time:0.005216360092163086
node2 execution time:0.5125715732574463
----------------------------
********************************************
Runtime profiling computing node info:
Worker_node Task_name  local_input_file Enter_time Execute_time Finish_time Elapse_time Duration_time Waiting_time 

node2      task3      1botnet    1540861693.5904105 1540861693.5956268 1540861694.1081984 0.5177879333496094 0.5125715732574463 0.005216360092163086

node2      task1      1botnet    1540861692.52406 1540861692.5352159 1540861693.0507362 0.5266761779785156 0.5155203342437744 0.011155843734741211

node2      task2      1botnet    1540861693.5644257 1540861693.56947 1540861694.086174 0.5217483043670654 0.5167040824890137 0.005044221878051758

********************************************
10.244.2.114 - - [30/Oct/2018 01:08:14] "GET /recv_runtime_profile_computingnode?msg=rt_finish+1botnet+1540861694.1081984&work_node=node2&task_name=task3 HTTP/1.1" 200 -
Received flask message: node2 rt_enter 1botnet 1540861694.5997443 task4
10.244.2.114 - - [30/Oct/2018 01:08:14] "GET /recv_runtime_profile_computingnode?msg=rt_enter+1botnet+1540861694.5997443&work_node=node2&task_name=task4 HTTP/1.1" 200 -
Received flask message: node2 rt_enter 1botnet 1540861694.6179805 task4
10.244.2.114 - - [30/Oct/2018 01:08:14] "GET /recv_runtime_profile_computingnode?msg=rt_enter+1botnet+1540861694.6179805&work_node=node2&task_name=task4 HTTP/1.1" 200 -
Received flask message: node2 rt_exec 1botnet 1540861694.6232617 task4
10.244.2.114 - - [30/Oct/2018 01:08:14] "GET /recv_runtime_profile_computingnode?msg=rt_exec+1botnet+1540861694.6232617&work_node=node2&task_name=task4 HTTP/1.1" 200 -
Received flask message: node2 rt_finish 1botnet 1540861695.137844 task4
----------------------------
Runtime info at each computing node
Worker node: node2
Input file : 1botnet
Task name: task4
Total duration time:0.5198636054992676
Waiting time:0.005281209945678711
node2 execution time:0.5145823955535889
----------------------------
********************************************
Runtime profiling computing node info:
Worker_node Task_name  local_input_file Enter_time Execute_time Finish_time Elapse_time Duration_time Waiting_time 

node2      task4      1botnet    1540861694.6179805 1540861694.6232617 1540861695.137844 0.5198636054992676 0.5145823955535889 0.005281209945678711

node2      task3      1botnet    1540861693.5904105 1540861693.5956268 1540861694.1081984 0.5177879333496094 0.5125715732574463 0.005216360092163086

node2      task1      1botnet    1540861692.52406 1540861692.5352159 1540861693.0507362 0.5266761779785156 0.5155203342437744 0.011155843734741211

node2      task2      1botnet    1540861693.5644257 1540861693.56947 1540861694.086174 0.5217483043670654 0.5167040824890137 0.005044221878051758

********************************************
10.244.2.114 - - [30/Oct/2018 01:08:15] "GET /recv_runtime_profile_computingnode?msg=rt_finish+1botnet+1540861695.137844&work_node=node2&task_name=task4 HTTP/1.1" 200 -
ending time is:  [1540861695.7880127]
starting time is:  [1540861691.870926]
execution time is:  [3.9170868396759033]
Recieved request for number of output files. Current done: 1
10.244.0.0 - - [30/Oct/2018 01:08:41] "GET / HTTP/1.1" 200 -
---- Generate random input files
Received file as input - /input/2botnet.ipsum.
start time is:  [1540861691.870926, 1540861726.9041846]
task1
{'task2': 'node2', 'task3': 'node2', 'task4': 'node2', 'task1': 'node2'}
{'node5': '10.104.172.20', 'node4': '10.103.60.86', 'node2': '10.110.213.227', 'node3': '10.108.21.105'}
2botnet.ipsum
2botnet.ipsum#task1#true
Transfer to IP: 10.110.213.227 , username: root , password: PASSWORD, source path: /input/2botnet.ipsum , destination path: /centralized_scheduler/input/2botnet.ipsum#task1#true
data transfer complete

Received flask message: node2 rt_enter 2botnet 1540861727.5527894 task1
10.244.2.114 - - [30/Oct/2018 01:08:47] "GET /recv_runtime_profile_computingnode?msg=rt_enter+2botnet+1540861727.5527894&work_node=node2&task_name=task1 HTTP/1.1" 200 -
Received flask message: node2 rt_exec 2botnet 1540861727.5602407 task1
10.244.2.114 - - [30/Oct/2018 01:08:47] "GET /recv_runtime_profile_computingnode?msg=rt_exec+2botnet+1540861727.5602407&work_node=node2&task_name=task1 HTTP/1.1" 200 -
Received flask message: node2 rt_finish 2botnet 1540861728.0765998 task1
----------------------------
Runtime info at each computing node
Worker node: node2
Input file : 2botnet
Task name: task1
Total duration time:0.5238103866577148
Waiting time:0.007451295852661133
node2 execution time:0.5163590908050537
----------------------------
********************************************
Runtime profiling computing node info:
Worker_node Task_name  local_input_file Enter_time Execute_time Finish_time Elapse_time Duration_time Waiting_time 

node2      task4      1botnet    1540861694.6179805 1540861694.6232617 1540861695.137844 0.5198636054992676 0.5145823955535889 0.005281209945678711

node2      task3      1botnet    1540861693.5904105 1540861693.5956268 1540861694.1081984 0.5177879333496094 0.5125715732574463 0.005216360092163086

node2      task1      1botnet    1540861692.52406 1540861692.5352159 1540861693.0507362 0.5266761779785156 0.5155203342437744 0.011155843734741211

node2      task2      1botnet    1540861693.5644257 1540861693.56947 1540861694.086174 0.5217483043670654 0.5167040824890137 0.005044221878051758

node2      task1      2botnet    1540861727.5527894 1540861727.5602407 1540861728.0765998 0.5238103866577148 0.5163590908050537 0.007451295852661133

********************************************
10.244.2.114 - - [30/Oct/2018 01:08:48] "GET /recv_runtime_profile_computingnode?msg=rt_finish+2botnet+1540861728.0765998&work_node=node2&task_name=task1 HTTP/1.1" 200 -
Received flask message: node2 rt_enter 2botnet 1540861728.5933604 task2
10.244.2.114 - - [30/Oct/2018 01:08:48] "GET /recv_runtime_profile_computingnode?msg=rt_enter+2botnet+1540861728.5933604&work_node=node2&task_name=task2 HTTP/1.1" 200 -
Received flask message: node2 rt_exec 2botnet 1540861728.59856 task2
10.244.2.114 - - [30/Oct/2018 01:08:48] "GET /recv_runtime_profile_computingnode?msg=rt_exec+2botnet+1540861728.59856&work_node=node2&task_name=task2 HTTP/1.1" 200 -
Received flask message: node2 rt_enter 2botnet 1540861728.6166506 task3
10.244.2.114 - - [30/Oct/2018 01:08:48] "GET /recv_runtime_profile_computingnode?msg=rt_enter+2botnet+1540861728.6166506&work_node=node2&task_name=task3 HTTP/1.1" 200 -
Received flask message: node2 rt_exec 2botnet 1540861728.6223445 task3
10.244.2.114 - - [30/Oct/2018 01:08:48] "GET /recv_runtime_profile_computingnode?msg=rt_exec+2botnet+1540861728.6223445&work_node=node2&task_name=task3 HTTP/1.1" 200 -
Received flask message: node2 rt_finish 2botnet 1540861729.112303 task2
10.244.2.114 - - [30/Oct/2018 01:08:49] "GET /recv_runtime_profile_computingnode?msg=rt_finish+2botnet+1540861729.112303&work_node=node2&task_name=task2 HTTP/1.1" 200 -
----------------------------
Runtime info at each computing node
Worker node: node2
Input file : 2botnet
Task name: task2
Total duration time:0.5189425945281982
Waiting time:0.0051996707916259766
node2 execution time:0.5137429237365723
----------------------------
********************************************
Runtime profiling computing node info:
Worker_node Task_name  local_input_file Enter_time Execute_time Finish_time Elapse_time Duration_time Waiting_time 

node2      task3      1botnet    1540861693.5904105 1540861693.5956268 1540861694.1081984 0.5177879333496094 0.5125715732574463 0.005216360092163086

node2      task1      1botnet    1540861692.52406 1540861692.5352159 1540861693.0507362 0.5266761779785156 0.5155203342437744 0.011155843734741211

node2      task2      2botnet    1540861728.5933604 1540861728.59856 1540861729.112303 0.5189425945281982 0.5137429237365723 0.0051996707916259766

node2      task4      1botnet    1540861694.6179805 1540861694.6232617 1540861695.137844 0.5198636054992676 0.5145823955535889 0.005281209945678711

node2      task1      2botnet    1540861727.5527894 1540861727.5602407 1540861728.0765998 0.5238103866577148 0.5163590908050537 0.007451295852661133

node2      task2      1botnet    1540861693.5644257 1540861693.56947 1540861694.086174 0.5217483043670654 0.5167040824890137 0.005044221878051758

********************************************
Received flask message: node2 rt_finish 2botnet 1540861729.1367385 task3
----------------------------
Runtime info at each computing node
Worker node: node2
Input file : 2botnet
Task name: task3
Total duration time:0.5200879573822021
Waiting time:0.005693912506103516
node2 execution time:0.5143940448760986
----------------------------
********************************************
Runtime profiling computing node info:
Worker_node Task_name  local_input_file Enter_time Execute_time Finish_time Elapse_time Duration_time Waiting_time 

node2      task3      1botnet    1540861693.5904105 1540861693.5956268 1540861694.1081984 0.5177879333496094 0.5125715732574463 0.005216360092163086

node2      task1      1botnet    1540861692.52406 1540861692.5352159 1540861693.0507362 0.5266761779785156 0.5155203342437744 0.011155843734741211

node2      task2      2botnet    1540861728.5933604 1540861728.59856 1540861729.112303 0.5189425945281982 0.5137429237365723 0.0051996707916259766

node2      task4      1botnet    1540861694.6179805 1540861694.6232617 1540861695.137844 0.5198636054992676 0.5145823955535889 0.005281209945678711

node2      task3      2botnet    1540861728.6166506 1540861728.6223445 1540861729.1367385 0.5200879573822021 0.5143940448760986 0.005693912506103516

node2      task1      2botnet    1540861727.5527894 1540861727.5602407 1540861728.0765998 0.5238103866577148 0.5163590908050537 0.007451295852661133

node2      task2      1botnet    1540861693.5644257 1540861693.56947 1540861694.086174 0.5217483043670654 0.5167040824890137 0.005044221878051758

********************************************
10.244.2.114 - - [30/Oct/2018 01:08:49] "GET /recv_runtime_profile_computingnode?msg=rt_finish+2botnet+1540861729.1367385&work_node=node2&task_name=task3 HTTP/1.1" 200 -
Received flask message: node2 rt_enter 2botnet 1540861729.6261506 task4
10.244.2.114 - - [30/Oct/2018 01:08:49] "GET /recv_runtime_profile_computingnode?msg=rt_enter+2botnet+1540861729.6261506&work_node=node2&task_name=task4 HTTP/1.1" 200 -
Received flask message: node2 rt_enter 2botnet 1540861729.6502445 task4
10.244.2.114 - - [30/Oct/2018 01:08:49] "GET /recv_runtime_profile_computingnode?msg=rt_enter+2botnet+1540861729.6502445&work_node=node2&task_name=task4 HTTP/1.1" 200 -
Received flask message: node2 rt_exec 2botnet 1540861729.6563907 task4
10.244.2.114 - - [30/Oct/2018 01:08:49] "GET /recv_runtime_profile_computingnode?msg=rt_exec+2botnet+1540861729.6563907&work_node=node2&task_name=task4 HTTP/1.1" 200 -
Received flask message: node2 rt_finish 2botnet 1540861730.1704276 task4
----------------------------
Runtime info at each computing node
Worker node: node2
Input file : 2botnet
Task name: task4
Total duration time:0.5201830863952637
Waiting time:0.00614619255065918
node2 execution time:0.5140368938446045
----------------------------
********************************************
Runtime profiling computing node info:
Worker_node Task_name  local_input_file Enter_time Execute_time Finish_time Elapse_time Duration_time Waiting_time 

node2      task4      2botnet    1540861729.6502445 1540861729.6563907 1540861730.1704276 0.5201830863952637 0.5140368938446045 0.00614619255065918

10.244.2.114 - - [30/Oct/2018 01:08:50] "GET /recv_runtime_profile_computingnode?msg=rt_finish+2botnet+1540861730.1704276&work_node=node2&task_name=task4 HTTP/1.1" 200 -
node2      task3      1botnet    1540861693.5904105 1540861693.5956268 1540861694.1081984 0.5177879333496094 0.5125715732574463 0.005216360092163086

node2      task1      1botnet    1540861692.52406 1540861692.5352159 1540861693.0507362 0.5266761779785156 0.5155203342437744 0.011155843734741211

node2      task2      2botnet    1540861728.5933604 1540861728.59856 1540861729.112303 0.5189425945281982 0.5137429237365723 0.0051996707916259766

node2      task4      1botnet    1540861694.6179805 1540861694.6232617 1540861695.137844 0.5198636054992676 0.5145823955535889 0.005281209945678711

node2      task3      2botnet    1540861728.6166506 1540861728.6223445 1540861729.1367385 0.5200879573822021 0.5143940448760986 0.005693912506103516

node2      task1      2botnet    1540861727.5527894 1540861727.5602407 1540861728.0765998 0.5238103866577148 0.5163590908050537 0.007451295852661133

node2      task2      1botnet    1540861693.5644257 1540861693.56947 1540861694.086174 0.5217483043670654 0.5167040824890137 0.005044221878051758

********************************************
ending time is:  [1540861695.7880127, 1540861730.8245506]
starting time is:  [1540861691.870926, 1540861726.9041846]
execution time is:  [3.9170868396759033, 3.920366048812866]
---- Finish generating sequential input files
Recieved request for number of output files. Current done: 2
10.244.0.0 - - [30/Oct/2018 01:09:41] "GET / HTTP/1.1" 200 -
