 * Starting OpenBSD Secure Shell server sshd
   ...done.
-------------------------------------
Automatically generating HEFT input
-------------------------------------
Perform HEFT scheduling
read_input_heft.py:194: SyntaxWarning: name 'MONGO_SVC_PORT' is assigned to before global declaration
  global profiler_ip,exec_home_ip,num_nodes,MONGO_SVC_PORT,network_map,node_list, home_profiler_ip
('tasks: ', {'simpledetector2': ['fusioncenter2'], 'simpledetector1': ['fusioncenter1'], 'simpledetector0': ['fusioncenter0'], 'globalfusion': [], 'aggregate1': ['simpledetector1', 'astutedetector1'], 'aggregate0': ['simpledetector0', 'astutedetector0'], 'aggregate2': ['simpledetector2', 'astutedetector2'], 'localpro': ['aggregate0', 'aggregate1', 'aggregate2'], 'astutedetector1': ['fusioncenter1'], 'astutedetector0': ['fusioncenter0'], 'astutedetector2': ['fusioncenter2'], 'fusioncenter0': ['globalfusion'], 'fusioncenter1': ['globalfusion'], 'fusioncenter2': ['globalfusion']})
('task order', ['localpro', 'aggregate0', 'aggregate1', 'aggregate2', 'simpledetector0', 'simpledetector1', 'simpledetector2', 'astutedetector0', 'astutedetector1', 'astutedetector2', 'fusioncenter0', 'fusioncenter1', 'fusioncenter2', 'globalfusion'])
('super tasks', [])
('non tasks', [])
No input TGFF file found!
---------------------------------------------

 Read task list from DAG file, Non-DAG info and global information 

tasks:  {'fusioncenter0': ['globalfusion'], 'simpledetector1': ['fusioncenter1'], 'globalfusion': [], 'fusioncenter2': ['globalfusion'], 'aggregate0': ['simpledetector0', 'astutedetector0'], 'simpledetector0': ['fusioncenter0'], 'fusioncenter1': ['globalfusion'], 'astutedetector0': ['fusioncenter0'], 'localpro': ['aggregate0', 'aggregate1', 'aggregate2'], 'astutedetector1': ['fusioncenter1'], 'aggregate2': ['simpledetector2', 'astutedetector2'], 'simpledetector2': ['fusioncenter2'], 'aggregate1': ['simpledetector1', 'astutedetector1'], 'astutedetector2': ['fusioncenter2']}
task order ['localpro', 'aggregate0', 'aggregate1', 'aggregate2', 'simpledetector0', 'simpledetector1', 'simpledetector2', 'astutedetector0', 'astutedetector1', 'astutedetector2', 'fusioncenter0', 'fusioncenter1', 'fusioncenter2', 'globalfusion']
super tasks []
---------------------------------------------

 Create input HEFT file 

No available profiling information
---------------------------------------------

 Step 1: Read task list from DAG file and global information 

5
[['node2', '10.110.22.125'], ['node3', '10.100.135.138'], ['node4', '10.105.17.239'], ['node5', '10.108.202.177'], ['node6', '10.101.235.45']]
10.105.80.122
Num nodes :5
{'10.110.22.125': 'node2', '10.100.135.138': 'node3', '10.101.235.45': 'node6', '10.105.17.239': 'node4', '10.108.202.177': 'node5'}
['node2', 'node3', 'node4', 'node5', 'node6']
------------------------------------------------------------

 Step 2: Read network profiler information : 

------------------------------------------------------------

 Step 3: Read execution Profiler Information : 

[['node2', '10.110.22.125'], ['node3', '10.100.135.138'], ['node4', '10.105.17.239'], ['node5', '10.108.202.177'], ['node6', '10.101.235.45']]
Check Network Profiler IP: node2-10.110.22.125
Database(MongoClient(host=['10.105.80.122:6200'], document_class=dict, tz_aware=False, connect=True), 'execution_profiler')
--- Number of neighbors: 5
Current number of updated execution profilers:
6
--- Check execution profiler ID : home
--- Check execution profiler ID : node3
Check Network Profiler IP: node3-10.100.135.138
--- Check execution profiler ID : node5
--- Check execution profiler ID : node2
--- Check execution profiler ID : node4
--- Check execution profiler ID : node6
Execution information has already been provided
--- Number of neighbors: 5
Check Network Profiler IP: node4-10.105.17.239
--- Number of neighbors: 5
Check Network Profiler IP: node5-10.108.202.177
--- Number of neighbors: 5
Check Network Profiler IP: node6-10.101.235.45
--- Number of neighbors: 5
Network information has already been provided
['home', 'localpro', '15', '986.736']
['home', 'aggregate0', '15', '701.92']
['home', 'aggregate1', '15', '127.048']
['home', 'aggregate2', '15', '157.768']
['home', 'simpledetector0', '15', '7.616']
['home', 'simpledetector1', '15', '7.616']
['home', 'simpledetector2', '15', '7.168']
['home', 'astutedetector0', '15', '4.152']
['home', 'astutedetector1', '15', '3.48']
['home', 'astutedetector2', '15', '4.728']
['home', 'fusioncenter0', '10', '0.984']
['home', 'fusioncenter1', '10', '0.44']
['home', 'fusioncenter2', '10', '0.792']
['home', 'globalfusion', '10', '1.336']
['localpro', 'aggregate0', 'aggregate1', 'aggregate2', 'simpledetector0', 'simpledetector1', 'simpledetector2', 'astutedetector0', 'astutedetector1', 'astutedetector2', 'fusioncenter0', 'fusioncenter1', 'fusioncenter2', 'globalfusion']
{'fusioncenter0': 't0_10', 'simpledetector1': 't0_5', 'globalfusion': 't0_13', 'fusioncenter2': 't0_12', 'aggregate0': 't0_1', 'simpledetector0': 't0_4', 'fusioncenter1': 't0_11', 'astutedetector0': 't0_7', 'localpro': 't0_0', 'astutedetector1': 't0_8', 'aggregate2': 't0_3', 'simpledetector2': 't0_6', 'aggregate1': 't0_2', 'astutedetector2': 't0_9'}
{'fusioncenter0': 10, 'simpledetector1': 5, 'globalfusion': 13, 'fusioncenter2': 12, 'aggregate0': 1, 'simpledetector0': 4, 'fusioncenter1': 11, 'astutedetector0': 7, 'localpro': 0, 'astutedetector1': 8, 'aggregate2': 3, 'simpledetector2': 6, 'aggregate1': 2, 'astutedetector2': 9}
{'fusioncenter0': '0.984', 'simpledetector1': '7.616', 'globalfusion': '1.312', 'fusioncenter2': '0.768', 'aggregate0': '701.92', 'simpledetector0': '7.616', 'fusioncenter1': '0.44', 'astutedetector0': '4.152', 'localpro': '986.736', 'astutedetector1': '3.48', 'aggregate2': '157.768', 'simpledetector2': '7.168', 'aggregate1': '127.048', 'astutedetector2': '4.704'}
[[150, 150, 150, 150, 150], [150, 150, 150, 150, 150], [150, 150, 150, 150, 150], [150, 150, 150, 150, 150], [150, 150, 150, 150, 150], [150, 150, 150, 150, 150], [150, 150, 150, 150, 150], [150, 150, 150, 150, 150], [150, 150, 150, 150, 150], [150, 150, 150, 150, 150], [100, 100, 100, 100, 100], [100, 100, 100, 100, 100], [100, 100, 100, 100, 100], [100, 100, 100, 100, 100]]
	TASK localpro	TYPE 0 

	TASK aggregate0	TYPE 1 

	TASK aggregate1	TYPE 2 

	TASK aggregate2	TYPE 3 

	TASK simpledetector0	TYPE 4 

	TASK simpledetector1	TYPE 5 

	TASK simpledetector2	TYPE 6 

	TASK astutedetector0	TYPE 7 

	TASK astutedetector1	TYPE 8 

	TASK astutedetector2	TYPE 9 

	TASK fusioncenter0	TYPE 10 

	TASK fusioncenter1	TYPE 11 

	TASK fusioncenter2	TYPE 12 

	TASK globalfusion	TYPE 13 

task_names: ['localpro', 'aggregate0', 'aggregate1', 'aggregate2', 'simpledetector0', 'simpledetector1', 'simpledetector2', 'astutedetector0', 'astutedetector1', 'astutedetector2', 'fusioncenter0', 'fusioncenter1', 'fusioncenter2', 'globalfusion']
==================
Checking the written information
14
[<map object at 0x7f5e0f700710>, <map object at 0x7f5e0f700908>, <map object at 0x7f5e0f700a90>, <map object at 0x7f5e0f700c18>, <map object at 0x7f5e0f700da0>, <map object at 0x7f5e0f700f28>, <map object at 0x7f5e0f7020f0>, <map object at 0x7f5e0f702278>, <map object at 0x7f5e0f702400>, <map object at 0x7f5e0f702588>, <map object at 0x7f5e0f702748>, <map object at 0x7f5e0f702908>, <map object at 0x7f5e0f702ac8>, <map object at 0x7f5e0f702c88>]
[[0, 1, 1, 1, 1], [1, 0, 1, 1, 1], [1, 1, 0, 1, 1], [1, 1, 1, 0, 1], [1, 1, 1, 1, 0]]
[[-1, 986, 986, 986, -1, -1, -1, -1, -1, -1, -1, -1, -1, -1], [-1, -1, -1, -1, 701, -1, -1, 701, -1, -1, -1, -1, -1, -1], [-1, -1, -1, -1, -1, 127, -1, -1, 127, -1, -1, -1, -1, -1], [-1, -1, -1, -1, -1, -1, 157, -1, -1, 157, -1, -1, -1, -1], [-1, -1, -1, -1, -1, -1, -1, -1, -1, -1, 7, -1, -1, -1], [-1, -1, -1, -1, -1, -1, -1, -1, -1, -1, -1, 7, -1, -1], [-1, -1, -1, -1, -1, -1, -1, -1, -1, -1, -1, -1, 7, -1], [-1, -1, -1, -1, -1, -1, -1, -1, -1, -1, 4, -1, -1, -1], [-1, -1, -1, -1, -1, -1, -1, -1, -1, -1, -1, 3, -1, -1], [-1, -1, -1, -1, -1, -1, -1, -1, -1, -1, -1, -1, 4, -1], [-1, -1, -1, -1, -1, -1, -1, -1, -1, -1, -1, -1, -1, 0], [-1, -1, -1, -1, -1, -1, -1, -1, -1, -1, -1, -1, -1, 0], [-1, -1, -1, -1, -1, -1, -1, -1, -1, -1, -1, -1, -1, 0], [-1, -1, -1, -1, -1, -1, -1, -1, -1, -1, -1, -1, -1, -1]]
[[(0, 0, 0), (-6.478289804715535e-05, 0.6383490540494176, 2200.33375169059), (-1.907736220993071e-06, 0.21873760818339713, 2709.259040923775), (-6.270298934680428e-05, 0.6099018006264532, 2073.7824747330856), (-3.114185839880298e-05, 0.31328446502057733, 1303.8032173587726)], [(-1.0424619260473571e-06, 0.10786253571693669, 2396.424482559965), (0, 0, 0), (-6.424191886128264e-06, 0.5523794171868691, 2362.9749504411907), (-9.0037093412503e-09, 0.0034619989538593604, 299.14789867428635), (-7.230135945391217e-07, 0.07091007622745313, 1524.0639109607403)], [(-6.120813172102563e-07, 0.08855675433813791, 2973.9988186237883), (-7.849041906183622e-06, 0.665757555948352, 2334.263915788561), (0, 0, 0), (-1.177175264789624e-06, 0.13432913093729795, 2370.7769055928525), (-1.6329532710064676e-06, 0.18379474063349133, 3713.9365879538)], [(-1.028580956157998e-06, 0.10055790313827134, 2207.7036505329434), (-1.0541343637502744e-07, 0.010846534754815501, 271.9232481803304), (-9.835628059505868e-07, 0.11321840041438054, 2377.5966293202036), (0, 0, 0), (-3.722199125036913e-06, 0.30925940058526197, 1280.322558950594)], [(-5.714137183443356e-07, 0.05877202574940642, 1444.9554080671276), (-7.84107290200019e-07, 0.07480427288985572, 1505.7820417710889), (-8.405014568207015e-07, 0.12223205810901228, 3998.5386638389064), (-5.702956668548926e-07, 0.05667766553574871, 1361.3989637434045), (0, 0, 0)]]
	TASK localpro	TYPE 0 

	TASK aggregate0	TYPE 1 

	TASK aggregate1	TYPE 2 

	TASK aggregate2	TYPE 3 

	TASK simpledetector0	TYPE 4 

	TASK simpledetector1	TYPE 5 

	TASK simpledetector2	TYPE 6 

	TASK astutedetector0	TYPE 7 

	TASK astutedetector1	TYPE 8 

	TASK astutedetector2	TYPE 9 

	TASK fusioncenter0	TYPE 10 

	TASK fusioncenter1	TYPE 11 

	TASK fusioncenter2	TYPE 12 

	TASK globalfusion	TYPE 13 

('task_names:', ['localpro', 'aggregate0', 'aggregate1', 'aggregate2', 'simpledetector0', 'simpledetector1', 'simpledetector2', 'astutedetector0', 'astutedetector1', 'astutedetector2', 'fusioncenter0', 'fusioncenter1', 'fusioncenter2', 'globalfusion'])
==================
(0, 1)
(1, 1)
(2, 1)
(3, 1)
(4, 1)
(0, 3)
(1, 3)
(2, 3)
(3, 3)
(4, 3)
(0, 2)
(1, 2)
(2, 2)
(3, 2)
(4, 2)
(0, 4)
(1, 4)
(2, 4)
(3, 4)
(4, 4)
(0, 5)
(1, 5)
(2, 5)
(3, 5)
(4, 5)
(0, 6)
(1, 6)
(2, 6)
(3, 6)
(4, 6)
(0, 7)
(1, 7)
(2, 7)
(3, 7)
(4, 7)
(0, 9)
(1, 9)
(2, 9)
(3, 9)
(4, 9)
(0, 8)
(1, 8)
(2, 8)
(3, 8)
(4, 8)
(0, 10)
(1, 10)
(2, 10)
(3, 10)
(4, 10)
(0, 11)
(1, 11)
(2, 11)
(3, 11)
(4, 11)
(0, 12)
(1, 12)
(2, 12)
(3, 12)
(4, 12)
(0, 13)
(1, 13)
(2, 13)
(3, 13)
(4, 13)
Assign random master and slaves
task 0 : up_rank = 9153.928233, down_rank = 0.000000
task 1 : up_rank = 6758.966159, down_rank = 2394.962074
task 3 : up_rank = 6642.771438, down_rank = 2394.962074
task 2 : up_rank = 6636.201246, down_rank = 2394.962074
task 4 : up_rank = 4422.650043, down_rank = 4731.278190
task 5 : up_rank = 4422.650043, down_rank = 4608.513278
task 6 : up_rank = 4422.650043, down_rank = 4615.083469
task 7 : up_rank = 4421.985300, down_rank = 4731.278190
task 9 : up_rank = 4421.985300, down_rank = 4615.083469
task 8 : up_rank = 4421.763681, down_rank = 4608.513278
task 10 : up_rank = 2235.549356, down_rank = 6918.378877
task 11 : up_rank = 2235.549356, down_rank = 6795.613964
task 12 : up_rank = 2235.549356, down_rank = 6802.184156
task 13 : up_rank = 100.000000, down_rank = 9053.928233
node2:
task 1 : ast = 0, aft = 150
task 2 : ast = 150, aft = 300
task 4 : ast = 300, aft = 450
task 3 : ast = 450, aft = 600
task 5 : ast = 600, aft = 750
task 6 : ast = 750, aft = 900
task 7 : ast = 900, aft = 1050
task 8 : ast = 1050, aft = 1200
task 10 : ast = 1200, aft = 1350
task 9 : ast = 1350, aft = 1500
task 11 : ast = 1500, aft = 1600
task 12 : ast = 1600, aft = 1700
task 13 : ast = 1700, aft = 1800
task 14 : ast = 1800, aft = 1900
node3:
node4:
node5:
node6:
makespan = 1900
{'simpledetector2': 'node2', 'simpledetector1': 'node2', 'simpledetector0': 'node2', 'globalfusion': 'node2', 'aggregate1': 'node2', 'aggregate0': 'node2', 'aggregate2': 'node2', 'localpro': 'node2', 'astutedetector1': 'node2', 'astutedetector0': 'node2', 'astutedetector2': 'node2', 'fusioncenter0': 'node2', 'fusioncenter1': 'node2', 'fusioncenter2': 'node2'}
 * Serving Flask app "master" (lazy loading)
 * Environment: production
   WARNING: Do not use the development server in a production environment.
   Use a production WSGI server instead.
 * Debug mode: off
 * Running on http://0.0.0.0:8888/ (Press CTRL+C to quit)
('Recieved request for current mapping. Current mappings done:', 14)
{'simpledetector2': 'node2', 'simpledetector1': 'node2', 'simpledetector0': 'node2', 'globalfusion': 'node2', 'aggregate1': 'node2', 'aggregate0': 'node2', 'aggregate2': 'node2', 'localpro': 'node2', 'astutedetector1': 'node2', 'astutedetector0': 'node2', 'astutedetector2': 'node2', 'fusioncenter0': 'node2', 'fusioncenter1': 'node2', 'fusioncenter2': 'node2'}
10.244.0.0 - - [12/Nov/2018 23:45:51] "GET / HTTP/1.1" 200 -
