 * Starting OpenBSD Secure Shell server sshd
   ...done.
-------------------------------------
Automatically generating HEFT input
-------------------------------------
Perform HEFT scheduling
read_input_heft.py:194: SyntaxWarning: name 'MONGO_SVC_PORT' is assigned to before global declaration
  global profiler_ip,exec_home_ip,num_nodes,MONGO_SVC_PORT,network_map,node_list, home_profiler_ip
('tasks: ', {'simpledetector2': ['fusioncenter2'], 'simpledetector1': ['fusioncenter1'], 'simpledetector0': ['fusioncenter0'], 'globalfusion': [], 'aggregate1': ['simpledetector1', 'astutedetector1'], 'aggregate0': ['simpledetector0', 'astutedetector0'], 'aggregate2': ['simpledetector2', 'astutedetector2'], 'localpro': ['aggregate0', 'aggregate1', 'aggregate2'], 'astutedetector1': ['fusioncenter1'], 'astutedetector0': ['fusioncenter0'], 'astutedetector2': ['fusioncenter2'], 'fusioncenter0': ['globalfusion'], 'fusioncenter1': ['globalfusion'], 'fusioncenter2': ['globalfusion']})
('task order', ['localpro', 'aggregate0', 'aggregate1', 'aggregate2', 'simpledetector0', 'simpledetector1', 'simpledetector2', 'astutedetector0', 'astutedetector1', 'astutedetector2', 'fusioncenter0', 'fusioncenter1', 'fusioncenter2', 'globalfusion'])
('super tasks', [])
('non tasks', [])
No input TGFF file found!
---------------------------------------------

 Read task list from DAG file, Non-DAG info and global information 

tasks:  {'simpledetector2': ['fusioncenter2'], 'globalfusion': [], 'fusioncenter2': ['globalfusion'], 'fusioncenter0': ['globalfusion'], 'fusioncenter1': ['globalfusion'], 'localpro': ['aggregate0', 'aggregate1', 'aggregate2'], 'astutedetector1': ['fusioncenter1'], 'astutedetector2': ['fusioncenter2'], 'aggregate2': ['simpledetector2', 'astutedetector2'], 'simpledetector0': ['fusioncenter0'], 'aggregate0': ['simpledetector0', 'astutedetector0'], 'simpledetector1': ['fusioncenter1'], 'astutedetector0': ['fusioncenter0'], 'aggregate1': ['simpledetector1', 'astutedetector1']}
task order ['localpro', 'aggregate0', 'aggregate1', 'aggregate2', 'simpledetector0', 'simpledetector1', 'simpledetector2', 'astutedetector0', 'astutedetector1', 'astutedetector2', 'fusioncenter0', 'fusioncenter1', 'fusioncenter2', 'globalfusion']
super tasks []
---------------------------------------------

 Create input HEFT file 

No available profiling information
---------------------------------------------

 Step 1: Read task list from DAG file and global information 

5
[['node2', '10.110.22.125'], ['node3', '10.100.135.138'], ['node4', '10.105.17.239'], ['node5', '10.108.202.177'], ['node6', '10.101.235.45']]
10.105.80.122
Num nodes :5
{'10.108.202.177': 'node5', '10.101.235.45': 'node6', '10.100.135.138': 'node3', '10.110.22.125': 'node2', '10.105.17.239': 'node4'}
['node2', 'node3', 'node4', 'node5', 'node6']
------------------------------------------------------------

 Step 2: Read network profiler information : 

------------------------------------------------------------

 Step 3: Read execution Profiler Information : 

[['node2', '10.110.22.125'], ['node3', '10.100.135.138'], ['node4', '10.105.17.239'], ['node5', '10.108.202.177'], ['node6', '10.101.235.45']]
Check Network Profiler IP: node2-10.110.22.125
Database(MongoClient(host=['10.105.80.122:6200'], document_class=dict, tz_aware=False, connect=True), 'execution_profiler')
--- Number of neighbors: 5
Current number of updated execution profilers:
6
--- Check execution profiler ID : home
--- Check execution profiler ID : node3
Check Network Profiler IP: node3-10.100.135.138
--- Check execution profiler ID : node5
--- Check execution profiler ID : node2
--- Check execution profiler ID : node4
--- Check execution profiler ID : node6
--- Number of neighbors: 5
Execution information has already been provided
Check Network Profiler IP: node4-10.105.17.239
--- Number of neighbors: 5
Check Network Profiler IP: node5-10.108.202.177
--- Number of neighbors: 5
Check Network Profiler IP: node6-10.101.235.45
--- Number of neighbors: 5
Network information has already been provided
['home', 'localpro', '15', '986.736']
['home', 'aggregate0', '15', '701.92']
['home', 'aggregate1', '15', '127.048']
['home', 'aggregate2', '15', '157.768']
['home', 'simpledetector0', '15', '7.616']
['home', 'simpledetector1', '15', '7.616']
['home', 'simpledetector2', '15', '7.168']
['home', 'astutedetector0', '15', '4.152']
['home', 'astutedetector1', '15', '3.48']
['home', 'astutedetector2', '15', '4.728']
['home', 'fusioncenter0', '10', '0.984']
['home', 'fusioncenter1', '10', '0.44']
['home', 'fusioncenter2', '10', '0.792']
['home', 'globalfusion', '10', '1.336']
['localpro', 'aggregate0', 'aggregate1', 'aggregate2', 'simpledetector0', 'simpledetector1', 'simpledetector2', 'astutedetector0', 'astutedetector1', 'astutedetector2', 'fusioncenter0', 'fusioncenter1', 'fusioncenter2', 'globalfusion']
{'simpledetector2': 't0_6', 'globalfusion': 't0_13', 'fusioncenter2': 't0_12', 'fusioncenter0': 't0_10', 'fusioncenter1': 't0_11', 'localpro': 't0_0', 'astutedetector1': 't0_8', 'astutedetector2': 't0_9', 'aggregate2': 't0_3', 'simpledetector0': 't0_4', 'aggregate0': 't0_1', 'simpledetector1': 't0_5', 'astutedetector0': 't0_7', 'aggregate1': 't0_2'}
{'simpledetector2': 6, 'globalfusion': 13, 'fusioncenter2': 12, 'fusioncenter0': 10, 'fusioncenter1': 11, 'localpro': 0, 'astutedetector1': 8, 'astutedetector2': 9, 'aggregate2': 3, 'simpledetector0': 4, 'aggregate0': 1, 'simpledetector1': 5, 'astutedetector0': 7, 'aggregate1': 2}
{'simpledetector2': '7.168', 'globalfusion': '1.312', 'fusioncenter2': '0.768', 'fusioncenter0': '0.984', 'fusioncenter1': '0.44', 'localpro': '986.736', 'astutedetector1': '3.48', 'astutedetector2': '4.704', 'aggregate2': '157.768', 'simpledetector0': '7.616', 'aggregate0': '701.92', 'simpledetector1': '7.616', 'astutedetector0': '4.152', 'aggregate1': '127.048'}
[[150, 150, 150, 150, 150], [150, 150, 150, 150, 150], [150, 150, 150, 150, 150], [150, 150, 150, 150, 150], [150, 150, 150, 150, 150], [150, 150, 150, 150, 150], [150, 150, 150, 150, 150], [150, 150, 150, 150, 150], [150, 150, 150, 150, 150], [150, 150, 150, 150, 150], [100, 100, 100, 100, 100], [100, 100, 100, 100, 100], [100, 100, 100, 100, 100], [100, 100, 100, 100, 100]]
	TASK localpro	TYPE 0 

	TASK aggregate0	TYPE 1 

	TASK aggregate1	TYPE 2 

	TASK aggregate2	TYPE 3 

	TASK simpledetector0	TYPE 4 

	TASK simpledetector1	TYPE 5 

	TASK simpledetector2	TYPE 6 

	TASK astutedetector0	TYPE 7 

	TASK astutedetector1	TYPE 8 

	TASK astutedetector2	TYPE 9 

	TASK fusioncenter0	TYPE 10 

	TASK fusioncenter1	TYPE 11 

	TASK fusioncenter2	TYPE 12 

	TASK globalfusion	TYPE 13 

task_names: ['localpro', 'aggregate0', 'aggregate1', 'aggregate2', 'simpledetector0', 'simpledetector1', 'simpledetector2', 'astutedetector0', 'astutedetector1', 'astutedetector2', 'fusioncenter0', 'fusioncenter1', 'fusioncenter2', 'globalfusion']
==================
Checking the written information
14
[<map object at 0x7f0a282de668>, <map object at 0x7f0a282de908>, <map object at 0x7f0a282dea90>, <map object at 0x7f0a282dec18>, <map object at 0x7f0a282deda0>, <map object at 0x7f0a282def28>, <map object at 0x7f0a282e00f0>, <map object at 0x7f0a282e0278>, <map object at 0x7f0a282e0400>, <map object at 0x7f0a282e0588>, <map object at 0x7f0a282e0748>, <map object at 0x7f0a282e0908>, <map object at 0x7f0a282e0ac8>, <map object at 0x7f0a282e0c88>]
[[0, 1, 1, 1, 1], [1, 0, 1, 1, 1], [1, 1, 0, 1, 1], [1, 1, 1, 0, 1], [1, 1, 1, 1, 0]]
[[-1, 986, 986, 986, -1, -1, -1, -1, -1, -1, -1, -1, -1, -1], [-1, -1, -1, -1, 701, -1, -1, 701, -1, -1, -1, -1, -1, -1], [-1, -1, -1, -1, -1, 127, -1, -1, 127, -1, -1, -1, -1, -1], [-1, -1, -1, -1, -1, -1, 157, -1, -1, 157, -1, -1, -1, -1], [-1, -1, -1, -1, -1, -1, -1, -1, -1, -1, 7, -1, -1, -1], [-1, -1, -1, -1, -1, -1, -1, -1, -1, -1, -1, 7, -1, -1], [-1, -1, -1, -1, -1, -1, -1, -1, -1, -1, -1, -1, 7, -1], [-1, -1, -1, -1, -1, -1, -1, -1, -1, -1, 4, -1, -1, -1], [-1, -1, -1, -1, -1, -1, -1, -1, -1, -1, -1, 3, -1, -1], [-1, -1, -1, -1, -1, -1, -1, -1, -1, -1, -1, -1, 4, -1], [-1, -1, -1, -1, -1, -1, -1, -1, -1, -1, -1, -1, -1, 0], [-1, -1, -1, -1, -1, -1, -1, -1, -1, -1, -1, -1, -1, 0], [-1, -1, -1, -1, -1, -1, -1, -1, -1, -1, -1, -1, -1, 0], [-1, -1, -1, -1, -1, -1, -1, -1, -1, -1, -1, -1, -1, -1]]
[[(0, 0, 0), (-1.02897872438545e-06, 0.11712715616405546, 2277.6475281113594), (-7.392758991534022e-07, 0.09940589814810706, 2894.026235044066), (-8.340558383278812e-07, 0.09767504957474595, 2241.4594645215684), (-5.354565361851801e-07, 0.05786925059295588, 1377.3155217021301)], [(-1.0405029309859316e-06, 0.11618426612600886, 2269.177962552992), (0, 0, 0), (-7.127568603780613e-06, 0.5975623313438428, 2339.7026108206805), (-8.408963027789656e-08, 0.009785489948965383, 272.83467100130775), (-7.489219893474949e-07, 0.073223563287889, 1479.1346932224735)], [(-1.103788645669863e-06, 0.13014474218175964, 2670.9378000238553), (-6.873934758906061e-05, 0.6769709557359166, 2343.564282711855), (0, 0, 0), (-1.0210714467449399e-06, 0.11632758420563824, 2367.408253826064), (-1.6638774175224105e-06, 0.1912824920286753, 3644.7499446466727)], [(-9.857654839978628e-07, 0.11171023311785121, 2078.0803507612704), (3.451785108688555e-08, 4.125688111532156e-05, 281.1185798618047), (-1.0063072167372716e-06, 0.11464005633128525, 2424.3486614832095), (0, 0, 0), (-5.536079133870227e-07, 0.0632081981083815, 1304.307696202777)], [(-4.892194434613759e-07, 0.05795484832282685, 1378.8699853719293), (-6.375470511164763e-07, 0.06257723457661635, 1550.771323973377), (-1.3061828261044447e-06, 0.15846664787494058, 3844.9360812944897), (-3.2280774110190455e-05, 0.3254000563618469, 1276.7791905323459), (0, 0, 0)]]
	TASK localpro	TYPE 0 

	TASK aggregate0	TYPE 1 

	TASK aggregate1	TYPE 2 

	TASK aggregate2	TYPE 3 

	TASK simpledetector0	TYPE 4 

	TASK simpledetector1	TYPE 5 

	TASK simpledetector2	TYPE 6 

	TASK astutedetector0	TYPE 7 

	TASK astutedetector1	TYPE 8 

	TASK astutedetector2	TYPE 9 

	TASK fusioncenter0	TYPE 10 

	TASK fusioncenter1	TYPE 11 

	TASK fusioncenter2	TYPE 12 

	TASK globalfusion	TYPE 13 

('task_names:', ['localpro', 'aggregate0', 'aggregate1', 'aggregate2', 'simpledetector0', 'simpledetector1', 'simpledetector2', 'astutedetector0', 'astutedetector1', 'astutedetector2', 'fusioncenter0', 'fusioncenter1', 'fusioncenter2', 'globalfusion'])
==================
(0, 1)
(1, 1)
(2, 1)
(3, 1)
(4, 1)
(0, 3)
(1, 3)
(2, 3)
(3, 3)
(4, 3)
(0, 2)
(1, 2)
(2, 2)
(3, 2)
(4, 2)
(0, 4)
(1, 4)
(2, 4)
(3, 4)
(4, 4)
(0, 5)
(1, 5)
(2, 5)
(3, 5)
(4, 5)
(0, 6)
(1, 6)
(2, 6)
(3, 6)
(4, 6)
(0, 7)
(1, 7)
(2, 7)
(3, 7)
(4, 7)
(0, 9)
(1, 9)
(2, 9)
(3, 9)
(4, 9)
(0, 8)
(1, 8)
(2, 8)
(3, 8)
(4, 8)
(0, 10)
(1, 10)
(2, 10)
(3, 10)
(4, 10)
(0, 11)
(1, 11)
(2, 11)
(3, 11)
(4, 11)
(0, 12)
(1, 12)
(2, 12)
(3, 12)
(4, 12)
(0, 13)
(1, 13)
(2, 13)
(3, 13)
(4, 13)
Assign random master and slaves
task 0 : up_rank = 8973.652948, down_rank = 0.000000
task 1 : up_rank = 6657.065968, down_rank = 2316.586980
task 3 : up_rank = 6573.481071, down_rank = 2316.586980
task 2 : up_rank = 6568.766661, down_rank = 2316.586980
task 4 : up_rank = 4382.828930, down_rank = 4590.824018
task 5 : up_rank = 4382.828930, down_rank = 4502.524711
task 6 : up_rank = 4382.828930, down_rank = 4507.239121
task 7 : up_rank = 4382.352498, down_rank = 4590.824018
task 9 : up_rank = 4382.352498, down_rank = 4507.239121
task 8 : up_rank = 4382.193663, down_rank = 4502.524711
task 10 : up_rank = 2215.858542, down_rank = 6757.794406
task 11 : up_rank = 2215.858542, down_rank = 6669.495100
task 12 : up_rank = 2215.858542, down_rank = 6674.209510
task 13 : up_rank = 100.000000, down_rank = 8873.652948
node2:
task 1 : ast = 0, aft = 150
task 2 : ast = 150, aft = 300
task 4 : ast = 300, aft = 450
task 3 : ast = 450, aft = 600
task 5 : ast = 600, aft = 750
task 6 : ast = 750, aft = 900
task 7 : ast = 900, aft = 1050
task 8 : ast = 1050, aft = 1200
task 10 : ast = 1200, aft = 1350
task 9 : ast = 1350, aft = 1500
task 11 : ast = 1500, aft = 1600
task 12 : ast = 1600, aft = 1700
task 13 : ast = 1700, aft = 1800
task 14 : ast = 1800, aft = 1900
node3:
node4:
node5:
node6:
makespan = 1900
{'simpledetector2': 'node2', 'simpledetector1': 'node2', 'simpledetector0': 'node2', 'globalfusion': 'node2', 'aggregate1': 'node2', 'aggregate0': 'node2', 'aggregate2': 'node2', 'localpro': 'node2', 'astutedetector1': 'node2', 'astutedetector0': 'node2', 'astutedetector2': 'node2', 'fusioncenter0': 'node2', 'fusioncenter1': 'node2', 'fusioncenter2': 'node2'}
 * Serving Flask app "master" (lazy loading)
 * Environment: production
   WARNING: Do not use the development server in a production environment.
   Use a production WSGI server instead.
 * Debug mode: off
 * Running on http://0.0.0.0:8888/ (Press CTRL+C to quit)
10.244.0.0 - - [15/Nov/2018 08:42:44] "GET / HTTP/1.1" 200 -
('Recieved request for current mapping. Current mappings done:', 14)
{'simpledetector2': 'node2', 'simpledetector1': 'node2', 'simpledetector0': 'node2', 'globalfusion': 'node2', 'aggregate1': 'node2', 'aggregate0': 'node2', 'aggregate2': 'node2', 'localpro': 'node2', 'astutedetector1': 'node2', 'astutedetector0': 'node2', 'astutedetector2': 'node2', 'fusioncenter0': 'node2', 'fusioncenter1': 'node2', 'fusioncenter2': 'node2'}
