 * Starting OpenBSD Secure Shell server sshd
   ...done.
INFO:circe.py:Using base script lccenc.py
DEBUG:circe.py:starting the input monitoring process
DEBUG:circe.py:starting the output monitoring process
3
INFO:circe.py:runtime_stat:{"task_name": "circe", "event": "new_input_file", "filename": "storeclass3_lccenc3_985imgwhitewolfjobid0.JPEG", "unix_time": 1620156754.5384939}
INFO:circe.py:runtime_stat:{"task_name": "circe", "event": "new_input_file", "filename": "storeclass3_lccenc3_1082imgwhitewolfjobid2.JPEG", "unix_time": 1620157830.668576}
INFO:circe.py:runtime_stat:{"task_name": "circe", "event": "new_input_file", "filename": "storeclass3_lccenc3_1166imgwhitewolfjobid3.JPEG", "unix_time": 1620158405.3226864}
INFO:circe.py:runtime_stat:{"task_name": "circe", "event": "new_input_file", "filename": "storeclass3_lccenc3_214imgwhitewolfjobid4.JPEG", "unix_time": 1620158912.8440924}
INFO:ccdag_utils.py:runtime_stat:{"task_name": "lccenc3", "event": "queue_start_process", "filename": "storeclass3_lccenc3_985imgwhitewolfjobid0.JPEG", "unix_time": 1620158912.8640323}
INFO:ccdag_utils.py:runtime_stat:{"task_name": "lccenc3", "event": "queue_start_process", "filename": "storeclass3_lccenc3_1082imgwhitewolfjobid2.JPEG", "unix_time": 1620158912.8643892}
INFO:ccdag_utils.py:runtime_stat:{"task_name": "lccenc3", "event": "queue_start_process", "filename": "storeclass3_lccenc3_1166imgwhitewolfjobid3.JPEG", "unix_time": 1620158912.8647332}
INFO:ccdag_utils.py:runtime_stat:{"task_name": "lccenc3", "event": "queue_start_process", "filename": "storeclass3_lccenc3_214imgwhitewolfjobid4.JPEG", "unix_time": 1620158912.865102}
INFO:ccdag_utils.py:runtime_stat:{"task_name": "lccenc3", "event": "queue_end_process", "filename": "lccenc3_score3a_2#985-2#1082-2#1166-2#214jobid1.csv", "unix_time": 1620158914.0462623}
INFO:circe.py:runtime_stat:{"task_name": "circe", "event": "new_output_file", "filename": "lccenc3_score3a_2#985-2#1082-2#1166-2#214jobid1.csv", "unix_time": 1620158914.0566442}
DEBUG:transfer.py:sshpass -p PASSWORD scp -P 5000 -o StrictHostKeyChecking=no /jupiter/circe_output/lccenc3_score3a_2#985-2#1082-2#1166-2#214jobid1.csv root@10.97.8.126:/jupiter/circe_input/
Warning: Permanently added '[10.97.8.126]:5000' (ECDSA) to the list of known hosts.
DEBUG:transfer.py:transfer successful!
INFO:ccdag_utils.py:runtime_stat:{"task_name": "lccenc3", "event": "queue_end_process", "filename": "lccenc3_score3b_2#985-2#1082-2#1166-2#214jobid1.csv", "unix_time": 1620158915.0236216}
INFO:circe.py:runtime_stat:{"task_name": "circe", "event": "new_output_file", "filename": "lccenc3_score3b_2#985-2#1082-2#1166-2#214jobid1.csv", "unix_time": 1620158915.0245225}
DEBUG:transfer.py:sshpass -p PASSWORD scp -P 5000 -o StrictHostKeyChecking=no /jupiter/circe_output/lccenc3_score3b_2#985-2#1082-2#1166-2#214jobid1.csv root@10.97.128.171:/jupiter/circe_input/
Warning: Permanently added '[10.97.128.171]:5000' (ECDSA) to the list of known hosts.
DEBUG:transfer.py:transfer successful!
INFO:ccdag_utils.py:runtime_stat:{"task_name": "lccenc3", "event": "queue_end_process", "filename": "lccenc3_score3c_2#985-2#1082-2#1166-2#214jobid1.csv", "unix_time": 1620158916.0156977}
INFO:circe.py:runtime_stat:{"task_name": "circe", "event": "new_output_file", "filename": "lccenc3_score3c_2#985-2#1082-2#1166-2#214jobid1.csv", "unix_time": 1620158916.0167348}
DEBUG:transfer.py:sshpass -p PASSWORD scp -P 5000 -o StrictHostKeyChecking=no /jupiter/circe_output/lccenc3_score3c_2#985-2#1082-2#1166-2#214jobid1.csv root@10.109.47.237:/jupiter/circe_input/
Warning: Permanently added '[10.109.47.237]:5000' (ECDSA) to the list of known hosts.
DEBUG:transfer.py:transfer successful!
INFO:circe.py:runtime_stat:{"task_name": "circe", "event": "new_input_file", "filename": "storeclass3_lccenc3_624imgwhitewolfjobid5.JPEG", "unix_time": 1620159486.4536514}
INFO:circe.py:runtime_stat:{"task_name": "circe", "event": "new_input_file", "filename": "storeclass3_lccenc3_1191imgwhitewolfjobid6.JPEG", "unix_time": 1620159992.0264006}
INFO:circe.py:runtime_stat:{"task_name": "circe", "event": "new_input_file", "filename": "storeclass3_lccenc3_131imgwhitewolfjobid8.JPEG", "unix_time": 1620161073.2073288}
INFO:circe.py:runtime_stat:{"task_name": "circe", "event": "new_input_file", "filename": "storeclass3_lccenc3_42imgwhitewolfjobid9.JPEG", "unix_time": 1620161648.7513947}
INFO:ccdag_utils.py:runtime_stat:{"task_name": "lccenc3", "event": "queue_start_process", "filename": "storeclass3_lccenc3_624imgwhitewolfjobid5.JPEG", "unix_time": 1620161648.9204073}
INFO:ccdag_utils.py:runtime_stat:{"task_name": "lccenc3", "event": "queue_start_process", "filename": "storeclass3_lccenc3_1191imgwhitewolfjobid6.JPEG", "unix_time": 1620161648.9207366}
INFO:ccdag_utils.py:runtime_stat:{"task_name": "lccenc3", "event": "queue_start_process", "filename": "storeclass3_lccenc3_131imgwhitewolfjobid8.JPEG", "unix_time": 1620161648.9209142}
INFO:ccdag_utils.py:runtime_stat:{"task_name": "lccenc3", "event": "queue_start_process", "filename": "storeclass3_lccenc3_42imgwhitewolfjobid9.JPEG", "unix_time": 1620161648.921082}
INFO:ccdag_utils.py:runtime_stat:{"task_name": "lccenc3", "event": "queue_end_process", "filename": "lccenc3_score3a_2#624-2#1191-2#131-2#42jobid2.csv", "unix_time": 1620161650.056676}
INFO:circe.py:runtime_stat:{"task_name": "circe", "event": "new_output_file", "filename": "lccenc3_score3a_2#624-2#1191-2#131-2#42jobid2.csv", "unix_time": 1620161650.057374}
DEBUG:transfer.py:sshpass -p PASSWORD scp -P 5000 -o StrictHostKeyChecking=no /jupiter/circe_output/lccenc3_score3a_2#624-2#1191-2#131-2#42jobid2.csv root@10.97.8.126:/jupiter/circe_input/
DEBUG:transfer.py:transfer successful!
INFO:ccdag_utils.py:runtime_stat:{"task_name": "lccenc3", "event": "queue_end_process", "filename": "lccenc3_score3b_2#624-2#1191-2#131-2#42jobid2.csv", "unix_time": 1620161651.076211}
INFO:circe.py:runtime_stat:{"task_name": "circe", "event": "new_output_file", "filename": "lccenc3_score3b_2#624-2#1191-2#131-2#42jobid2.csv", "unix_time": 1620161651.0770802}
DEBUG:transfer.py:sshpass -p PASSWORD scp -P 5000 -o StrictHostKeyChecking=no /jupiter/circe_output/lccenc3_score3b_2#624-2#1191-2#131-2#42jobid2.csv root@10.97.128.171:/jupiter/circe_input/
DEBUG:transfer.py:transfer successful!
INFO:ccdag_utils.py:runtime_stat:{"task_name": "lccenc3", "event": "queue_end_process", "filename": "lccenc3_score3c_2#624-2#1191-2#131-2#42jobid2.csv", "unix_time": 1620161652.0660284}
INFO:circe.py:runtime_stat:{"task_name": "circe", "event": "new_output_file", "filename": "lccenc3_score3c_2#624-2#1191-2#131-2#42jobid2.csv", "unix_time": 1620161652.066788}
DEBUG:transfer.py:sshpass -p PASSWORD scp -P 5000 -o StrictHostKeyChecking=no /jupiter/circe_output/lccenc3_score3c_2#624-2#1191-2#131-2#42jobid2.csv root@10.109.47.237:/jupiter/circe_input/
DEBUG:transfer.py:transfer successful!
