 * Starting OpenBSD Secure Shell server sshd
   ...done.
INFO:circe.py:Using base script storeclass.py
DEBUG:circe.py:starting the input monitoring process
DEBUG:circe.py:starting the output monitoring process
INFO:circe.py:runtime_stat:{"task_name": "circe", "event": "new_input_file", "filename": "resnet3_storeclass3_985imgwhitewolfjobid0.JPEG", "unix_time": 1620156754.0880988}
INFO:ccdag_utils.py:runtime_stat:{"task_name": "storeclass3", "event": "queue_start_process", "filename": "resnet3_storeclass3_985imgwhitewolfjobid0.JPEG", "unix_time": 1620156754.3065777}
INFO:ccdag_utils.py:runtime_stat:{"task_name": "storeclass3", "event": "queue_end_process", "filename": "storeclass3_lccenc3_985imgwhitewolfjobid0.JPEG", "unix_time": 1620156754.3145015}
INFO:circe.py:runtime_stat:{"task_name": "circe", "event": "new_output_file", "filename": "storeclass3_lccenc3_985imgwhitewolfjobid0.JPEG", "unix_time": 1620156754.3155894}
DEBUG:transfer.py:sshpass -p PASSWORD scp -P 5000 -o StrictHostKeyChecking=no /jupiter/circe_output/storeclass3_lccenc3_985imgwhitewolfjobid0.JPEG root@10.100.165.62:/jupiter/circe_input/
Warning: Permanently added '[10.100.165.62]:5000' (ECDSA) to the list of known hosts.
DEBUG:transfer.py:transfer successful!
INFO:circe.py:runtime_stat:{"task_name": "circe", "event": "new_input_file", "filename": "resnet1_storeclass3_1082imgwhitewolfjobid2.JPEG", "unix_time": 1620157829.8239968}
INFO:ccdag_utils.py:runtime_stat:{"task_name": "storeclass3", "event": "queue_start_process", "filename": "resnet1_storeclass3_1082imgwhitewolfjobid2.JPEG", "unix_time": 1620157830.4395897}
INFO:circe.py:runtime_stat:{"task_name": "circe", "event": "new_output_file", "filename": "storeclass3_lccenc3_1082imgwhitewolfjobid2.JPEG", "unix_time": 1620157830.444209}
DEBUG:transfer.py:sshpass -p PASSWORD scp -P 5000 -o StrictHostKeyChecking=no /jupiter/circe_output/storeclass3_lccenc3_1082imgwhitewolfjobid2.JPEG root@10.100.165.62:/jupiter/circe_input/
INFO:ccdag_utils.py:runtime_stat:{"task_name": "storeclass3", "event": "queue_end_process", "filename": "storeclass3_lccenc3_1082imgwhitewolfjobid2.JPEG", "unix_time": 1620157830.4453022}
DEBUG:transfer.py:transfer successful!
INFO:circe.py:runtime_stat:{"task_name": "circe", "event": "new_input_file", "filename": "resnet1_storeclass3_1166imgwhitewolfjobid3.JPEG", "unix_time": 1620158404.9454715}
INFO:ccdag_utils.py:runtime_stat:{"task_name": "storeclass3", "event": "queue_start_process", "filename": "resnet1_storeclass3_1166imgwhitewolfjobid3.JPEG", "unix_time": 1620158405.0595474}
INFO:ccdag_utils.py:runtime_stat:{"task_name": "storeclass3", "event": "queue_end_process", "filename": "storeclass3_lccenc3_1166imgwhitewolfjobid3.JPEG", "unix_time": 1620158405.072656}
INFO:circe.py:runtime_stat:{"task_name": "circe", "event": "new_output_file", "filename": "storeclass3_lccenc3_1166imgwhitewolfjobid3.JPEG", "unix_time": 1620158405.0738082}
DEBUG:transfer.py:sshpass -p PASSWORD scp -P 5000 -o StrictHostKeyChecking=no /jupiter/circe_output/storeclass3_lccenc3_1166imgwhitewolfjobid3.JPEG root@10.100.165.62:/jupiter/circe_input/
DEBUG:transfer.py:transfer successful!
INFO:circe.py:runtime_stat:{"task_name": "circe", "event": "new_input_file", "filename": "resnet8_storeclass3_214imgwhitewolfjobid4.JPEG", "unix_time": 1620158912.2809222}
INFO:ccdag_utils.py:runtime_stat:{"task_name": "storeclass3", "event": "queue_start_process", "filename": "resnet8_storeclass3_214imgwhitewolfjobid4.JPEG", "unix_time": 1620158912.606004}
INFO:circe.py:runtime_stat:{"task_name": "circe", "event": "new_output_file", "filename": "storeclass3_lccenc3_214imgwhitewolfjobid4.JPEG", "unix_time": 1620158912.6131804}
DEBUG:transfer.py:sshpass -p PASSWORD scp -P 5000 -o StrictHostKeyChecking=no /jupiter/circe_output/storeclass3_lccenc3_214imgwhitewolfjobid4.JPEG root@10.100.165.62:/jupiter/circe_input/
INFO:ccdag_utils.py:runtime_stat:{"task_name": "storeclass3", "event": "queue_end_process", "filename": "storeclass3_lccenc3_214imgwhitewolfjobid4.JPEG", "unix_time": 1620158912.613973}
DEBUG:transfer.py:transfer successful!
INFO:circe.py:runtime_stat:{"task_name": "circe", "event": "new_input_file", "filename": "resnet0_storeclass3_624imgwhitewolfjobid5.JPEG", "unix_time": 1620159485.832302}
INFO:ccdag_utils.py:runtime_stat:{"task_name": "storeclass3", "event": "queue_start_process", "filename": "resnet0_storeclass3_624imgwhitewolfjobid5.JPEG", "unix_time": 1620159486.2282841}
INFO:ccdag_utils.py:runtime_stat:{"task_name": "storeclass3", "event": "queue_end_process", "filename": "storeclass3_lccenc3_624imgwhitewolfjobid5.JPEG", "unix_time": 1620159486.2362702}
INFO:circe.py:runtime_stat:{"task_name": "circe", "event": "new_output_file", "filename": "storeclass3_lccenc3_624imgwhitewolfjobid5.JPEG", "unix_time": 1620159486.2374473}
DEBUG:transfer.py:sshpass -p PASSWORD scp -P 5000 -o StrictHostKeyChecking=no /jupiter/circe_output/storeclass3_lccenc3_624imgwhitewolfjobid5.JPEG root@10.100.165.62:/jupiter/circe_input/
DEBUG:transfer.py:transfer successful!
INFO:circe.py:runtime_stat:{"task_name": "circe", "event": "new_input_file", "filename": "resnet1_storeclass3_1191imgwhitewolfjobid6.JPEG", "unix_time": 1620159991.4449794}
INFO:ccdag_utils.py:runtime_stat:{"task_name": "storeclass3", "event": "queue_start_process", "filename": "resnet1_storeclass3_1191imgwhitewolfjobid6.JPEG", "unix_time": 1620159991.7892401}
INFO:ccdag_utils.py:runtime_stat:{"task_name": "storeclass3", "event": "queue_end_process", "filename": "storeclass3_lccenc3_1191imgwhitewolfjobid6.JPEG", "unix_time": 1620159991.7985003}
INFO:circe.py:runtime_stat:{"task_name": "circe", "event": "new_output_file", "filename": "storeclass3_lccenc3_1191imgwhitewolfjobid6.JPEG", "unix_time": 1620159991.7994618}
DEBUG:transfer.py:sshpass -p PASSWORD scp -P 5000 -o StrictHostKeyChecking=no /jupiter/circe_output/storeclass3_lccenc3_1191imgwhitewolfjobid6.JPEG root@10.100.165.62:/jupiter/circe_input/
DEBUG:transfer.py:transfer successful!
INFO:circe.py:runtime_stat:{"task_name": "circe", "event": "new_input_file", "filename": "resnet2_storeclass3_131imgwhitewolfjobid8.JPEG", "unix_time": 1620161072.2052395}
INFO:ccdag_utils.py:runtime_stat:{"task_name": "storeclass3", "event": "queue_start_process", "filename": "resnet2_storeclass3_131imgwhitewolfjobid8.JPEG", "unix_time": 1620161072.9109125}
INFO:circe.py:runtime_stat:{"task_name": "circe", "event": "new_output_file", "filename": "storeclass3_lccenc3_131imgwhitewolfjobid8.JPEG", "unix_time": 1620161072.9227083}
DEBUG:transfer.py:sshpass -p PASSWORD scp -P 5000 -o StrictHostKeyChecking=no /jupiter/circe_output/storeclass3_lccenc3_131imgwhitewolfjobid8.JPEG root@10.100.165.62:/jupiter/circe_input/
INFO:ccdag_utils.py:runtime_stat:{"task_name": "storeclass3", "event": "queue_end_process", "filename": "storeclass3_lccenc3_131imgwhitewolfjobid8.JPEG", "unix_time": 1620161072.9234972}
DEBUG:transfer.py:transfer successful!
INFO:circe.py:runtime_stat:{"task_name": "circe", "event": "new_input_file", "filename": "resnet3_storeclass3_42imgwhitewolfjobid9.JPEG", "unix_time": 1620161648.2300289}
INFO:ccdag_utils.py:runtime_stat:{"task_name": "storeclass3", "event": "queue_start_process", "filename": "resnet3_storeclass3_42imgwhitewolfjobid9.JPEG", "unix_time": 1620161648.535077}
INFO:circe.py:runtime_stat:{"task_name": "circe", "event": "new_output_file", "filename": "storeclass3_lccenc3_42imgwhitewolfjobid9.JPEG", "unix_time": 1620161648.5428529}
DEBUG:transfer.py:sshpass -p PASSWORD scp -P 5000 -o StrictHostKeyChecking=no /jupiter/circe_output/storeclass3_lccenc3_42imgwhitewolfjobid9.JPEG root@10.100.165.62:/jupiter/circe_input/
INFO:ccdag_utils.py:runtime_stat:{"task_name": "storeclass3", "event": "queue_end_process", "filename": "storeclass3_lccenc3_42imgwhitewolfjobid9.JPEG", "unix_time": 1620161648.5486822}
DEBUG:transfer.py:transfer successful!
