 * Starting OpenBSD Secure Shell server sshd
   ...done.
INFO:circe.py:Using base script storeclass.py
DEBUG:circe.py:starting the input monitoring process
DEBUG:circe.py:starting the output monitoring process
INFO:circe.py:runtime_stat:{"task_name": "circe", "event": "new_input_file", "filename": "resnet2_storeclass4_920imgtigerjobid1.JPEG", "unix_time": 1620157323.6146655}
INFO:ccdag_utils.py:runtime_stat:{"task_name": "storeclass4", "event": "queue_start_process", "filename": "resnet2_storeclass4_920imgtigerjobid1.JPEG", "unix_time": 1620157324.2201433}
INFO:ccdag_utils.py:runtime_stat:{"task_name": "storeclass4", "event": "queue_end_process", "filename": "storeclass4_lccenc4_920imgtigerjobid1.JPEG", "unix_time": 1620157324.2299542}
INFO:circe.py:runtime_stat:{"task_name": "circe", "event": "new_output_file", "filename": "storeclass4_lccenc4_920imgtigerjobid1.JPEG", "unix_time": 1620157324.2312868}
DEBUG:transfer.py:sshpass -p PASSWORD scp -P 5000 -o StrictHostKeyChecking=no /jupiter/circe_output/storeclass4_lccenc4_920imgtigerjobid1.JPEG root@10.99.217.205:/jupiter/circe_input/
Warning: Permanently added '[10.99.217.205]:5000' (ECDSA) to the list of known hosts.
DEBUG:transfer.py:transfer successful!
INFO:circe.py:runtime_stat:{"task_name": "circe", "event": "new_input_file", "filename": "resnet7_storeclass4_511imgtigerjobid1.JPEG", "unix_time": 1620157324.981886}
INFO:ccdag_utils.py:runtime_stat:{"task_name": "storeclass4", "event": "queue_start_process", "filename": "resnet7_storeclass4_511imgtigerjobid1.JPEG", "unix_time": 1620157325.2311964}
INFO:circe.py:runtime_stat:{"task_name": "circe", "event": "new_output_file", "filename": "storeclass4_lccenc4_511imgtigerjobid1.JPEG", "unix_time": 1620157325.2379413}
DEBUG:transfer.py:sshpass -p PASSWORD scp -P 5000 -o StrictHostKeyChecking=no /jupiter/circe_output/storeclass4_lccenc4_511imgtigerjobid1.JPEG root@10.99.217.205:/jupiter/circe_input/
INFO:ccdag_utils.py:runtime_stat:{"task_name": "storeclass4", "event": "queue_end_process", "filename": "storeclass4_lccenc4_511imgtigerjobid1.JPEG", "unix_time": 1620157325.238499}
DEBUG:transfer.py:transfer successful!
INFO:circe.py:runtime_stat:{"task_name": "circe", "event": "new_input_file", "filename": "resnet3_storeclass4_1130imgtigerjobid2.JPEG", "unix_time": 1620157830.445493}
INFO:ccdag_utils.py:runtime_stat:{"task_name": "storeclass4", "event": "queue_start_process", "filename": "resnet3_storeclass4_1130imgtigerjobid2.JPEG", "unix_time": 1620157830.7588787}
INFO:circe.py:runtime_stat:{"task_name": "circe", "event": "new_output_file", "filename": "storeclass4_lccenc4_1130imgtigerjobid2.JPEG", "unix_time": 1620157830.7679343}
DEBUG:transfer.py:sshpass -p PASSWORD scp -P 5000 -o StrictHostKeyChecking=no /jupiter/circe_output/storeclass4_lccenc4_1130imgtigerjobid2.JPEG root@10.99.217.205:/jupiter/circe_input/
INFO:ccdag_utils.py:runtime_stat:{"task_name": "storeclass4", "event": "queue_end_process", "filename": "storeclass4_lccenc4_1130imgtigerjobid2.JPEG", "unix_time": 1620157830.7685435}
DEBUG:transfer.py:transfer successful!
INFO:circe.py:runtime_stat:{"task_name": "circe", "event": "new_input_file", "filename": "resnet7_storeclass4_1078imgtigerjobid2.JPEG", "unix_time": 1620157831.7734938}
INFO:ccdag_utils.py:runtime_stat:{"task_name": "storeclass4", "event": "queue_start_process", "filename": "resnet7_storeclass4_1078imgtigerjobid2.JPEG", "unix_time": 1620157832.7752357}
INFO:ccdag_utils.py:runtime_stat:{"task_name": "storeclass4", "event": "queue_end_process", "filename": "storeclass4_lccenc4_1078imgtigerjobid2.JPEG", "unix_time": 1620157832.7852137}
INFO:circe.py:runtime_stat:{"task_name": "circe", "event": "new_output_file", "filename": "storeclass4_lccenc4_1078imgtigerjobid2.JPEG", "unix_time": 1620157832.7865553}
DEBUG:transfer.py:sshpass -p PASSWORD scp -P 5000 -o StrictHostKeyChecking=no /jupiter/circe_output/storeclass4_lccenc4_1078imgtigerjobid2.JPEG root@10.99.217.205:/jupiter/circe_input/
DEBUG:transfer.py:transfer successful!
INFO:circe.py:runtime_stat:{"task_name": "circe", "event": "new_input_file", "filename": "resnet2_storeclass4_426imgtigerjobid3.JPEG", "unix_time": 1620158404.5344057}
INFO:circe.py:runtime_stat:{"task_name": "circe", "event": "new_input_file", "filename": "resnet4_storeclass4_714imgtigerjobid3.JPEG", "unix_time": 1620158405.3704104}
INFO:ccdag_utils.py:runtime_stat:{"task_name": "storeclass4", "event": "queue_start_process", "filename": "resnet2_storeclass4_426imgtigerjobid3.JPEG", "unix_time": 1620158405.3963027}
INFO:ccdag_utils.py:runtime_stat:{"task_name": "storeclass4", "event": "queue_end_process", "filename": "storeclass4_lccenc4_426imgtigerjobid3.JPEG", "unix_time": 1620158405.4039342}
INFO:ccdag_utils.py:runtime_stat:{"task_name": "storeclass4", "event": "queue_start_process", "filename": "resnet4_storeclass4_714imgtigerjobid3.JPEG", "unix_time": 1620158405.4042604}
INFO:circe.py:runtime_stat:{"task_name": "circe", "event": "new_output_file", "filename": "storeclass4_lccenc4_426imgtigerjobid3.JPEG", "unix_time": 1620158405.4054894}
DEBUG:transfer.py:sshpass -p PASSWORD scp -P 5000 -o StrictHostKeyChecking=no /jupiter/circe_output/storeclass4_lccenc4_426imgtigerjobid3.JPEG root@10.99.217.205:/jupiter/circe_input/
INFO:ccdag_utils.py:runtime_stat:{"task_name": "storeclass4", "event": "queue_end_process", "filename": "storeclass4_lccenc4_714imgtigerjobid3.JPEG", "unix_time": 1620158405.413988}
DEBUG:transfer.py:transfer successful!
INFO:circe.py:runtime_stat:{"task_name": "circe", "event": "new_output_file", "filename": "storeclass4_lccenc4_714imgtigerjobid3.JPEG", "unix_time": 1620158405.631913}
DEBUG:transfer.py:sshpass -p PASSWORD scp -P 5000 -o StrictHostKeyChecking=no /jupiter/circe_output/storeclass4_lccenc4_714imgtigerjobid3.JPEG root@10.99.217.205:/jupiter/circe_input/
DEBUG:transfer.py:transfer successful!
INFO:circe.py:runtime_stat:{"task_name": "circe", "event": "new_input_file", "filename": "resnet2_storeclass4_729imgtigerjobid4.JPEG", "unix_time": 1620158910.396083}
INFO:ccdag_utils.py:runtime_stat:{"task_name": "storeclass4", "event": "queue_start_process", "filename": "resnet2_storeclass4_729imgtigerjobid4.JPEG", "unix_time": 1620158910.9229045}
INFO:circe.py:runtime_stat:{"task_name": "circe", "event": "new_output_file", "filename": "storeclass4_lccenc4_729imgtigerjobid4.JPEG", "unix_time": 1620158910.9327002}
INFO:ccdag_utils.py:runtime_stat:{"task_name": "storeclass4", "event": "queue_end_process", "filename": "storeclass4_lccenc4_729imgtigerjobid4.JPEG", "unix_time": 1620158910.932966}
DEBUG:transfer.py:sshpass -p PASSWORD scp -P 5000 -o StrictHostKeyChecking=no /jupiter/circe_output/storeclass4_lccenc4_729imgtigerjobid4.JPEG root@10.99.217.205:/jupiter/circe_input/
INFO:circe.py:runtime_stat:{"task_name": "circe", "event": "new_input_file", "filename": "resnet4_storeclass4_1043imgtigerjobid4.JPEG", "unix_time": 1620158911.1718476}
DEBUG:transfer.py:transfer successful!
INFO:ccdag_utils.py:runtime_stat:{"task_name": "storeclass4", "event": "queue_start_process", "filename": "resnet4_storeclass4_1043imgtigerjobid4.JPEG", "unix_time": 1620158911.9347835}
INFO:circe.py:runtime_stat:{"task_name": "circe", "event": "new_output_file", "filename": "storeclass4_lccenc4_1043imgtigerjobid4.JPEG", "unix_time": 1620158911.9380913}
DEBUG:transfer.py:sshpass -p PASSWORD scp -P 5000 -o StrictHostKeyChecking=no /jupiter/circe_output/storeclass4_lccenc4_1043imgtigerjobid4.JPEG root@10.99.217.205:/jupiter/circe_input/
INFO:ccdag_utils.py:runtime_stat:{"task_name": "storeclass4", "event": "queue_end_process", "filename": "storeclass4_lccenc4_1043imgtigerjobid4.JPEG", "unix_time": 1620158911.9389431}
DEBUG:transfer.py:transfer successful!
