 * Starting OpenBSD Secure Shell server sshd
   ...done.
INFO:circe.py:Using base script lccdec.py
DEBUG:circe.py:starting the input monitoring process
DEBUG:circe.py:starting the output monitoring process
INFO:circe.py:runtime_stat:{"task_name": "circe", "event": "new_input_file", "filename": "preagg2_lccdec2_1jobthscore2a1#567-1#749-1#83-1#689", "unix_time": 1620160575.6476498}
INFO:ccdag_utils.py:runtime_stat:{"task_name": "lccdec2", "event": "queue_start_process", "filename": "preagg2_lccdec2_1jobthscore2a1#567-1#749-1#83-1#689", "unix_time": 1620160575.6484425}
INFO:circe.py:runtime_stat:{"task_name": "circe", "event": "new_input_file", "filename": "preagg2_lccdec2_1jobthscore2b1#567-1#749-1#83-1#689", "unix_time": 1620160575.8628345}
INFO:ccdag_utils.py:runtime_stat:{"task_name": "lccdec2", "event": "queue_start_process", "filename": "preagg2_lccdec2_1jobthscore2b1#567-1#749-1#83-1#689", "unix_time": 1620160575.863425}
INFO:circe.py:runtime_stat:{"task_name": "circe", "event": "new_output_file", "filename": "lccdec2_home_1jobth1#567-1#749-1#83-1#689", "unix_time": 1620160575.8809302}
DEBUG:transfer.py:sshpass -p PASSWORD scp -P 5000 -o StrictHostKeyChecking=no /jupiter/circe_output/lccdec2_home_1jobth1#567-1#749-1#83-1#689 root@10.101.100.68:/jupiter/circe_input/
INFO:ccdag_utils.py:runtime_stat:{"task_name": "lccdec2", "event": "queue_end_process", "filename": "lccdec2_home_1jobth1#567-1#749-1#83-1#689", "unix_time": 1620160575.8849568}
Warning: Permanently added '[10.101.100.68]:5000' (ECDSA) to the list of known hosts.
DEBUG:transfer.py:transfer successful!
INFO:circe.py:runtime_stat:{"task_name": "circe", "event": "new_input_file", "filename": "preagg2_lccdec2_2jobthscore2a1#503-1#1184-1#236-1#923", "unix_time": 1620162161.5363126}
INFO:ccdag_utils.py:runtime_stat:{"task_name": "lccdec2", "event": "queue_start_process", "filename": "preagg2_lccdec2_2jobthscore2a1#503-1#1184-1#236-1#923", "unix_time": 1620162161.536824}
INFO:circe.py:runtime_stat:{"task_name": "circe", "event": "new_input_file", "filename": "preagg2_lccdec2_2jobthscore2b1#503-1#1184-1#236-1#923", "unix_time": 1620162161.7575035}
INFO:ccdag_utils.py:runtime_stat:{"task_name": "lccdec2", "event": "queue_start_process", "filename": "preagg2_lccdec2_2jobthscore2b1#503-1#1184-1#236-1#923", "unix_time": 1620162161.7582061}
INFO:circe.py:runtime_stat:{"task_name": "circe", "event": "new_output_file", "filename": "lccdec2_home_2jobth1#503-1#1184-1#236-1#923", "unix_time": 1620162161.7721815}
DEBUG:transfer.py:sshpass -p PASSWORD scp -P 5000 -o StrictHostKeyChecking=no /jupiter/circe_output/lccdec2_home_2jobth1#503-1#1184-1#236-1#923 root@10.101.100.68:/jupiter/circe_input/
INFO:ccdag_utils.py:runtime_stat:{"task_name": "lccdec2", "event": "queue_end_process", "filename": "lccdec2_home_2jobth1#503-1#1184-1#236-1#923", "unix_time": 1620162161.7767856}
DEBUG:transfer.py:transfer successful!
