 * Starting OpenBSD Secure Shell server sshd
   ...done.
INFO:circe.py:Using base script storeclass.py
DEBUG:circe.py:starting the input monitoring process
DEBUG:circe.py:starting the output monitoring process
INFO:circe.py:runtime_stat:{"task_name": "circe", "event": "new_input_file", "filename": "resnet0_storeclass6_154imgpersiancatjobid6.JPEG", "unix_time": 1620159991.6231291}
INFO:ccdag_utils.py:runtime_stat:{"task_name": "storeclass6", "event": "queue_start_process", "filename": "resnet0_storeclass6_154imgpersiancatjobid6.JPEG", "unix_time": 1620159992.4457016}
INFO:circe.py:runtime_stat:{"task_name": "circe", "event": "new_output_file", "filename": "storeclass6_lccenc6_154imgpersiancatjobid6.JPEG", "unix_time": 1620159992.4508417}
DEBUG:transfer.py:sshpass -p PASSWORD scp -P 5000 -o StrictHostKeyChecking=no /jupiter/circe_output/storeclass6_lccenc6_154imgpersiancatjobid6.JPEG root@10.111.31.229:/jupiter/circe_input/
INFO:ccdag_utils.py:runtime_stat:{"task_name": "storeclass6", "event": "queue_end_process", "filename": "storeclass6_lccenc6_154imgpersiancatjobid6.JPEG", "unix_time": 1620159992.451814}
Warning: Permanently added '[10.111.31.229]:5000' (ECDSA) to the list of known hosts.
DEBUG:transfer.py:transfer successful!
INFO:circe.py:runtime_stat:{"task_name": "circe", "event": "new_input_file", "filename": "resnet3_storeclass6_25imgpersiancatjobid6.JPEG", "unix_time": 1620159993.9194467}
INFO:ccdag_utils.py:runtime_stat:{"task_name": "storeclass6", "event": "queue_start_process", "filename": "resnet3_storeclass6_25imgpersiancatjobid6.JPEG", "unix_time": 1620159994.4581287}
INFO:ccdag_utils.py:runtime_stat:{"task_name": "storeclass6", "event": "queue_end_process", "filename": "storeclass6_lccenc6_25imgpersiancatjobid6.JPEG", "unix_time": 1620159994.4638934}
INFO:circe.py:runtime_stat:{"task_name": "circe", "event": "new_output_file", "filename": "storeclass6_lccenc6_25imgpersiancatjobid6.JPEG", "unix_time": 1620159994.4651463}
DEBUG:transfer.py:sshpass -p PASSWORD scp -P 5000 -o StrictHostKeyChecking=no /jupiter/circe_output/storeclass6_lccenc6_25imgpersiancatjobid6.JPEG root@10.111.31.229:/jupiter/circe_input/
DEBUG:transfer.py:transfer successful!
INFO:circe.py:runtime_stat:{"task_name": "circe", "event": "new_input_file", "filename": "resnet1_storeclass6_497imgpersiancatjobid10.JPEG", "unix_time": 1620162153.232098}
INFO:ccdag_utils.py:runtime_stat:{"task_name": "storeclass6", "event": "queue_start_process", "filename": "resnet1_storeclass6_497imgpersiancatjobid10.JPEG", "unix_time": 1620162153.7745159}
INFO:circe.py:runtime_stat:{"task_name": "circe", "event": "new_output_file", "filename": "storeclass6_lccenc6_497imgpersiancatjobid10.JPEG", "unix_time": 1620162153.778465}
DEBUG:transfer.py:sshpass -p PASSWORD scp -P 5000 -o StrictHostKeyChecking=no /jupiter/circe_output/storeclass6_lccenc6_497imgpersiancatjobid10.JPEG root@10.111.31.229:/jupiter/circe_input/
INFO:ccdag_utils.py:runtime_stat:{"task_name": "storeclass6", "event": "queue_end_process", "filename": "storeclass6_lccenc6_497imgpersiancatjobid10.JPEG", "unix_time": 1620162153.7793407}
DEBUG:transfer.py:transfer successful!
