 * Starting OpenBSD Secure Shell server sshd
   ...done.
INFO:circe.py:Using base script preagg.py
DEBUG:circe.py:starting the input monitoring process
DEBUG:circe.py:starting the output monitoring process
3
INFO:circe.py:runtime_stat:{"task_name": "circe", "event": "new_input_file", "filename": "score3b_preagg3_1jobth2#985-2#1082-2#1166-2#214", "unix_time": 1620158917.6168065}
INFO:ccdag_utils.py:runtime_stat:{"task_name": "preagg3", "event": "queue_start_process", "filename": "score3b_preagg3_1jobth2#985-2#1082-2#1166-2#214", "unix_time": 1620158918.0518675}
INFO:circe.py:runtime_stat:{"task_name": "circe", "event": "new_input_file", "filename": "score3c_preagg3_1jobth2#985-2#1082-2#1166-2#214", "unix_time": 1620158918.812174}
INFO:ccdag_utils.py:runtime_stat:{"task_name": "preagg3", "event": "queue_start_process", "filename": "score3c_preagg3_1jobth2#985-2#1082-2#1166-2#214", "unix_time": 1620158919.1241865}
preagg3_lccdec3_1jobthscore3a2#985-2#1082-2#1166-2#214
INFO:circe.py:runtime_stat:{"task_name": "circe", "event": "new_output_file", "filename": "preagg3_lccdec3_1jobthscore3a2#985-2#1082-2#1166-2#214", "unix_time": 1620158919.1919699}
DEBUG:transfer.py:sshpass -p PASSWORD scp -P 5000 -o StrictHostKeyChecking=no /jupiter/circe_output/preagg3_lccdec3_1jobthscore3a2#985-2#1082-2#1166-2#214 root@10.105.134.151:/jupiter/circe_input/
INFO:ccdag_utils.py:runtime_stat:{"task_name": "preagg3", "event": "queue_end_process", "filename": "preagg3_lccdec3_1jobthscore3a2#985-2#1082-2#1166-2#214", "unix_time": 1620158919.1978471}
preagg3_lccdec3_1jobthscore3b2#985-2#1082-2#1166-2#214
INFO:ccdag_utils.py:runtime_stat:{"task_name": "preagg3", "event": "queue_end_process", "filename": "preagg3_lccdec3_1jobthscore3b2#985-2#1082-2#1166-2#214", "unix_time": 1620158919.2030861}
Warning: Permanently added '[10.105.134.151]:5000' (ECDSA) to the list of known hosts.
DEBUG:transfer.py:transfer successful!
INFO:circe.py:runtime_stat:{"task_name": "circe", "event": "new_output_file", "filename": "preagg3_lccdec3_1jobthscore3b2#985-2#1082-2#1166-2#214", "unix_time": 1620158919.445168}
DEBUG:transfer.py:sshpass -p PASSWORD scp -P 5000 -o StrictHostKeyChecking=no /jupiter/circe_output/preagg3_lccdec3_1jobthscore3b2#985-2#1082-2#1166-2#214 root@10.105.134.151:/jupiter/circe_input/
DEBUG:transfer.py:transfer successful!
INFO:circe.py:runtime_stat:{"task_name": "circe", "event": "new_input_file", "filename": "score3a_preagg3_1jobth2#985-2#1082-2#1166-2#214", "unix_time": 1620158923.5779817}
INFO:ccdag_utils.py:runtime_stat:{"task_name": "preagg3", "event": "queue_start_process", "filename": "score3a_preagg3_1jobth2#985-2#1082-2#1166-2#214", "unix_time": 1620158924.208609}
INFO:circe.py:runtime_stat:{"task_name": "circe", "event": "new_input_file", "filename": "score3b_preagg3_2jobth2#624-2#1191-2#131-2#42", "unix_time": 1620161653.9671657}
INFO:ccdag_utils.py:runtime_stat:{"task_name": "preagg3", "event": "queue_start_process", "filename": "score3b_preagg3_2jobth2#624-2#1191-2#131-2#42", "unix_time": 1620161654.1449702}
INFO:circe.py:runtime_stat:{"task_name": "circe", "event": "new_input_file", "filename": "score3c_preagg3_2jobth2#624-2#1191-2#131-2#42", "unix_time": 1620161654.2108417}
INFO:ccdag_utils.py:runtime_stat:{"task_name": "preagg3", "event": "queue_start_process", "filename": "score3c_preagg3_2jobth2#624-2#1191-2#131-2#42", "unix_time": 1620161655.2070675}
preagg3_lccdec3_2jobthscore3a2#624-2#1191-2#131-2#42
INFO:circe.py:runtime_stat:{"task_name": "circe", "event": "new_output_file", "filename": "preagg3_lccdec3_2jobthscore3a2#624-2#1191-2#131-2#42", "unix_time": 1620161655.2836697}
DEBUG:transfer.py:sshpass -p PASSWORD scp -P 5000 -o StrictHostKeyChecking=no /jupiter/circe_output/preagg3_lccdec3_2jobthscore3a2#624-2#1191-2#131-2#42 root@10.105.134.151:/jupiter/circe_input/
preagg3_lccdec3_2jobthscore3b2#624-2#1191-2#131-2#42
INFO:ccdag_utils.py:runtime_stat:{"task_name": "preagg3", "event": "queue_end_process", "filename": "preagg3_lccdec3_2jobthscore3a2#624-2#1191-2#131-2#42", "unix_time": 1620161655.2890677}
INFO:ccdag_utils.py:runtime_stat:{"task_name": "preagg3", "event": "queue_end_process", "filename": "preagg3_lccdec3_2jobthscore3b2#624-2#1191-2#131-2#42", "unix_time": 1620161655.2952826}
DEBUG:transfer.py:transfer successful!
INFO:circe.py:runtime_stat:{"task_name": "circe", "event": "new_output_file", "filename": "preagg3_lccdec3_2jobthscore3b2#624-2#1191-2#131-2#42", "unix_time": 1620161655.498728}
DEBUG:transfer.py:sshpass -p PASSWORD scp -P 5000 -o StrictHostKeyChecking=no /jupiter/circe_output/preagg3_lccdec3_2jobthscore3b2#624-2#1191-2#131-2#42 root@10.105.134.151:/jupiter/circe_input/
DEBUG:transfer.py:transfer successful!
INFO:circe.py:runtime_stat:{"task_name": "circe", "event": "new_input_file", "filename": "score3a_preagg3_2jobth2#624-2#1191-2#131-2#42", "unix_time": 1620161658.0965123}
INFO:ccdag_utils.py:runtime_stat:{"task_name": "preagg3", "event": "queue_start_process", "filename": "score3a_preagg3_2jobth2#624-2#1191-2#131-2#42", "unix_time": 1620161658.2981322}
