 * Starting OpenBSD Secure Shell server sshd
   ...done.
INFO:circe.py:Using base script lccdec.py
DEBUG:circe.py:starting the input monitoring process
DEBUG:circe.py:starting the output monitoring process
INFO:circe.py:runtime_stat:{"task_name": "circe", "event": "new_input_file", "filename": "preagg4_lccdec4_1jobthscore4a3#920-3#511-3#1130-3#1078", "unix_time": 1620157839.821191}
INFO:ccdag_utils.py:runtime_stat:{"task_name": "lccdec4", "event": "queue_start_process", "filename": "preagg4_lccdec4_1jobthscore4a3#920-3#511-3#1130-3#1078", "unix_time": 1620157839.822017}
INFO:circe.py:runtime_stat:{"task_name": "circe", "event": "new_input_file", "filename": "preagg4_lccdec4_1jobthscore4b3#920-3#511-3#1130-3#1078", "unix_time": 1620157840.0466506}
INFO:ccdag_utils.py:runtime_stat:{"task_name": "lccdec4", "event": "queue_start_process", "filename": "preagg4_lccdec4_1jobthscore4b3#920-3#511-3#1130-3#1078", "unix_time": 1620157840.0470135}
INFO:circe.py:runtime_stat:{"task_name": "circe", "event": "new_output_file", "filename": "lccdec4_home_1jobth3#920-3#511-3#1130-3#1078", "unix_time": 1620157840.0670645}
DEBUG:transfer.py:sshpass -p PASSWORD scp -P 5000 -o StrictHostKeyChecking=no /jupiter/circe_output/lccdec4_home_1jobth3#920-3#511-3#1130-3#1078 root@10.101.100.68:/jupiter/circe_input/
INFO:ccdag_utils.py:runtime_stat:{"task_name": "lccdec4", "event": "queue_end_process", "filename": "lccdec4_home_1jobth3#920-3#511-3#1130-3#1078", "unix_time": 1620157840.0719764}
Warning: Permanently added '[10.101.100.68]:5000' (ECDSA) to the list of known hosts.
DEBUG:transfer.py:transfer successful!
INFO:circe.py:runtime_stat:{"task_name": "circe", "event": "new_input_file", "filename": "preagg4_lccdec4_2jobthscore4a3#426-3#714-3#729-3#1043", "unix_time": 1620158920.1476731}
INFO:ccdag_utils.py:runtime_stat:{"task_name": "lccdec4", "event": "queue_start_process", "filename": "preagg4_lccdec4_2jobthscore4a3#426-3#714-3#729-3#1043", "unix_time": 1620158920.1481018}
INFO:circe.py:runtime_stat:{"task_name": "circe", "event": "new_input_file", "filename": "preagg4_lccdec4_2jobthscore4b3#426-3#714-3#729-3#1043", "unix_time": 1620158920.3634896}
INFO:ccdag_utils.py:runtime_stat:{"task_name": "lccdec4", "event": "queue_start_process", "filename": "preagg4_lccdec4_2jobthscore4b3#426-3#714-3#729-3#1043", "unix_time": 1620158920.3641145}
INFO:circe.py:runtime_stat:{"task_name": "circe", "event": "new_output_file", "filename": "lccdec4_home_2jobth3#426-3#714-3#729-3#1043", "unix_time": 1620158920.3795645}
DEBUG:transfer.py:sshpass -p PASSWORD scp -P 5000 -o StrictHostKeyChecking=no /jupiter/circe_output/lccdec4_home_2jobth3#426-3#714-3#729-3#1043 root@10.101.100.68:/jupiter/circe_input/
INFO:ccdag_utils.py:runtime_stat:{"task_name": "lccdec4", "event": "queue_end_process", "filename": "lccdec4_home_2jobth3#426-3#714-3#729-3#1043", "unix_time": 1620158920.3846416}
DEBUG:transfer.py:transfer successful!
