 * Starting OpenBSD Secure Shell server sshd
   ...done.
INFO:circe.py:Using base script preagg.py
DEBUG:circe.py:starting the input monitoring process
DEBUG:circe.py:starting the output monitoring process
2
INFO:circe.py:runtime_stat:{"task_name": "circe", "event": "new_input_file", "filename": "score2b_preagg2_1jobth1#567-1#749-1#83-1#689", "unix_time": 1620160573.3198545}
INFO:ccdag_utils.py:runtime_stat:{"task_name": "preagg2", "event": "queue_start_process", "filename": "score2b_preagg2_1jobth1#567-1#749-1#83-1#689", "unix_time": 1620160574.2949975}
INFO:circe.py:runtime_stat:{"task_name": "circe", "event": "new_input_file", "filename": "score2c_preagg2_1jobth1#567-1#749-1#83-1#689", "unix_time": 1620160575.2787874}
INFO:ccdag_utils.py:runtime_stat:{"task_name": "preagg2", "event": "queue_start_process", "filename": "score2c_preagg2_1jobth1#567-1#749-1#83-1#689", "unix_time": 1620160575.3637402}
preagg2_lccdec2_1jobthscore2a1#567-1#749-1#83-1#689
INFO:circe.py:runtime_stat:{"task_name": "circe", "event": "new_output_file", "filename": "preagg2_lccdec2_1jobthscore2a1#567-1#749-1#83-1#689", "unix_time": 1620160575.4317079}
DEBUG:transfer.py:sshpass -p PASSWORD scp -P 5000 -o StrictHostKeyChecking=no /jupiter/circe_output/preagg2_lccdec2_1jobthscore2a1#567-1#749-1#83-1#689 root@10.108.123.184:/jupiter/circe_input/
INFO:ccdag_utils.py:runtime_stat:{"task_name": "preagg2", "event": "queue_end_process", "filename": "preagg2_lccdec2_1jobthscore2a1#567-1#749-1#83-1#689", "unix_time": 1620160575.4380925}
preagg2_lccdec2_1jobthscore2b1#567-1#749-1#83-1#689
INFO:ccdag_utils.py:runtime_stat:{"task_name": "preagg2", "event": "queue_end_process", "filename": "preagg2_lccdec2_1jobthscore2b1#567-1#749-1#83-1#689", "unix_time": 1620160575.4440796}
Warning: Permanently added '[10.108.123.184]:5000' (ECDSA) to the list of known hosts.
DEBUG:transfer.py:transfer successful!
INFO:circe.py:runtime_stat:{"task_name": "circe", "event": "new_output_file", "filename": "preagg2_lccdec2_1jobthscore2b1#567-1#749-1#83-1#689", "unix_time": 1620160575.6533399}
DEBUG:transfer.py:sshpass -p PASSWORD scp -P 5000 -o StrictHostKeyChecking=no /jupiter/circe_output/preagg2_lccdec2_1jobthscore2b1#567-1#749-1#83-1#689 root@10.108.123.184:/jupiter/circe_input/
DEBUG:transfer.py:transfer successful!
INFO:circe.py:runtime_stat:{"task_name": "circe", "event": "new_input_file", "filename": "score2a_preagg2_1jobth1#567-1#749-1#83-1#689", "unix_time": 1620160577.0634956}
INFO:ccdag_utils.py:runtime_stat:{"task_name": "preagg2", "event": "queue_start_process", "filename": "score2a_preagg2_1jobth1#567-1#749-1#83-1#689", "unix_time": 1620160577.4468205}
INFO:circe.py:runtime_stat:{"task_name": "circe", "event": "new_input_file", "filename": "score2b_preagg2_2jobth1#503-1#1184-1#236-1#923", "unix_time": 1620162159.4743905}
INFO:ccdag_utils.py:runtime_stat:{"task_name": "preagg2", "event": "queue_start_process", "filename": "score2b_preagg2_2jobth1#503-1#1184-1#236-1#923", "unix_time": 1620162160.2045598}
INFO:circe.py:runtime_stat:{"task_name": "circe", "event": "new_input_file", "filename": "score2c_preagg2_2jobth1#503-1#1184-1#236-1#923", "unix_time": 1620162160.4522939}
INFO:ccdag_utils.py:runtime_stat:{"task_name": "preagg2", "event": "queue_start_process", "filename": "score2c_preagg2_2jobth1#503-1#1184-1#236-1#923", "unix_time": 1620162161.2646804}
preagg2_lccdec2_2jobthscore2a1#503-1#1184-1#236-1#923
INFO:circe.py:runtime_stat:{"task_name": "circe", "event": "new_output_file", "filename": "preagg2_lccdec2_2jobthscore2a1#503-1#1184-1#236-1#923", "unix_time": 1620162161.3290808}
DEBUG:transfer.py:sshpass -p PASSWORD scp -P 5000 -o StrictHostKeyChecking=no /jupiter/circe_output/preagg2_lccdec2_2jobthscore2a1#503-1#1184-1#236-1#923 root@10.108.123.184:/jupiter/circe_input/
INFO:ccdag_utils.py:runtime_stat:{"task_name": "preagg2", "event": "queue_end_process", "filename": "preagg2_lccdec2_2jobthscore2a1#503-1#1184-1#236-1#923", "unix_time": 1620162161.3331487}
preagg2_lccdec2_2jobthscore2b1#503-1#1184-1#236-1#923
INFO:ccdag_utils.py:runtime_stat:{"task_name": "preagg2", "event": "queue_end_process", "filename": "preagg2_lccdec2_2jobthscore2b1#503-1#1184-1#236-1#923", "unix_time": 1620162161.3395236}
DEBUG:transfer.py:transfer successful!
INFO:circe.py:runtime_stat:{"task_name": "circe", "event": "new_output_file", "filename": "preagg2_lccdec2_2jobthscore2b1#503-1#1184-1#236-1#923", "unix_time": 1620162161.541977}
DEBUG:transfer.py:sshpass -p PASSWORD scp -P 5000 -o StrictHostKeyChecking=no /jupiter/circe_output/preagg2_lccdec2_2jobthscore2b1#503-1#1184-1#236-1#923 root@10.108.123.184:/jupiter/circe_input/
DEBUG:transfer.py:transfer successful!
INFO:circe.py:runtime_stat:{"task_name": "circe", "event": "new_input_file", "filename": "score2a_preagg2_2jobth1#503-1#1184-1#236-1#923", "unix_time": 1620162163.2404175}
INFO:ccdag_utils.py:runtime_stat:{"task_name": "preagg2", "event": "queue_start_process", "filename": "score2a_preagg2_2jobth1#503-1#1184-1#236-1#923", "unix_time": 1620162163.341871}
