 * Starting OpenBSD Secure Shell server sshd
   ...done.
INFO:circe.py:Using base script lccdec.py
DEBUG:circe.py:starting the input monitoring process
DEBUG:circe.py:starting the output monitoring process
INFO:circe.py:runtime_stat:{"task_name": "circe", "event": "new_input_file", "filename": "preagg3_lccdec3_1jobthscore3a2#985-2#1082-2#1166-2#214", "unix_time": 1620158919.4394062}
INFO:ccdag_utils.py:runtime_stat:{"task_name": "lccdec3", "event": "queue_start_process", "filename": "preagg3_lccdec3_1jobthscore3a2#985-2#1082-2#1166-2#214", "unix_time": 1620158919.440073}
INFO:circe.py:runtime_stat:{"task_name": "circe", "event": "new_input_file", "filename": "preagg3_lccdec3_1jobthscore3b2#985-2#1082-2#1166-2#214", "unix_time": 1620158919.6626432}
INFO:ccdag_utils.py:runtime_stat:{"task_name": "lccdec3", "event": "queue_start_process", "filename": "preagg3_lccdec3_1jobthscore3b2#985-2#1082-2#1166-2#214", "unix_time": 1620158919.6630976}
INFO:circe.py:runtime_stat:{"task_name": "circe", "event": "new_output_file", "filename": "lccdec3_home_1jobth2#985-2#1082-2#1166-2#214", "unix_time": 1620158919.6853058}
DEBUG:transfer.py:sshpass -p PASSWORD scp -P 5000 -o StrictHostKeyChecking=no /jupiter/circe_output/lccdec3_home_1jobth2#985-2#1082-2#1166-2#214 root@10.101.100.68:/jupiter/circe_input/
INFO:ccdag_utils.py:runtime_stat:{"task_name": "lccdec3", "event": "queue_end_process", "filename": "lccdec3_home_1jobth2#985-2#1082-2#1166-2#214", "unix_time": 1620158919.6904583}
Warning: Permanently added '[10.101.100.68]:5000' (ECDSA) to the list of known hosts.
DEBUG:transfer.py:transfer successful!
INFO:circe.py:runtime_stat:{"task_name": "circe", "event": "new_input_file", "filename": "preagg3_lccdec3_2jobthscore3a2#624-2#1191-2#131-2#42", "unix_time": 1620161655.4938102}
INFO:ccdag_utils.py:runtime_stat:{"task_name": "lccdec3", "event": "queue_start_process", "filename": "preagg3_lccdec3_2jobthscore3a2#624-2#1191-2#131-2#42", "unix_time": 1620161655.494213}
INFO:circe.py:runtime_stat:{"task_name": "circe", "event": "new_input_file", "filename": "preagg3_lccdec3_2jobthscore3b2#624-2#1191-2#131-2#42", "unix_time": 1620161655.7084231}
INFO:ccdag_utils.py:runtime_stat:{"task_name": "lccdec3", "event": "queue_start_process", "filename": "preagg3_lccdec3_2jobthscore3b2#624-2#1191-2#131-2#42", "unix_time": 1620161655.7090282}
INFO:circe.py:runtime_stat:{"task_name": "circe", "event": "new_output_file", "filename": "lccdec3_home_2jobth2#624-2#1191-2#131-2#42", "unix_time": 1620161655.7240036}
DEBUG:transfer.py:sshpass -p PASSWORD scp -P 5000 -o StrictHostKeyChecking=no /jupiter/circe_output/lccdec3_home_2jobth2#624-2#1191-2#131-2#42 root@10.101.100.68:/jupiter/circe_input/
INFO:ccdag_utils.py:runtime_stat:{"task_name": "lccdec3", "event": "queue_end_process", "filename": "lccdec3_home_2jobth2#624-2#1191-2#131-2#42", "unix_time": 1620161655.7286327}
DEBUG:transfer.py:transfer successful!
