 * Starting OpenBSD Secure Shell server sshd
   ...done.
INFO:circe.py:Using base script score.py
DEBUG:circe.py:starting the input monitoring process
DEBUG:circe.py:starting the output monitoring process
INFO:circe.py:runtime_stat:{"task_name": "circe", "event": "new_input_file", "filename": "lccenc2_score2b_1#567-1#749-1#83-1#689jobid1.csv", "unix_time": 1620160571.0358508}
INFO:ccdag_utils.py:runtime_stat:{"task_name": "score2b", "event": "queue_start_process", "filename": "lccenc2_score2b_1#567-1#749-1#83-1#689jobid1.csv", "unix_time": 1620160571.440468}
['schoolbus21.JPEG', 'schoolbus22.JPEG', 'schoolbus23.JPEG', 'schoolbus24.JPEG', 'schoolbus25.JPEG', 'schoolbus26.JPEG', 'schoolbus27.JPEG', 'schoolbus28.JPEG', 'schoolbus29.JPEG', 'schoolbus30.JPEG']
INFO:circe.py:runtime_stat:{"task_name": "circe", "event": "new_output_file", "filename": "score2b_preagg2_1jobth1#567-1#749-1#83-1#689", "unix_time": 1620160573.0773628}
DEBUG:transfer.py:sshpass -p PASSWORD scp -P 5000 -o StrictHostKeyChecking=no /jupiter/circe_output/score2b_preagg2_1jobth1#567-1#749-1#83-1#689 root@10.101.124.81:/jupiter/circe_input/
INFO:ccdag_utils.py:runtime_stat:{"task_name": "score2b", "event": "queue_end_process", "filename": "score2b_preagg2_1jobth1#567-1#749-1#83-1#689", "unix_time": 1620160573.0848372}
Warning: Permanently added '[10.101.124.81]:5000' (ECDSA) to the list of known hosts.
DEBUG:transfer.py:transfer successful!
INFO:circe.py:runtime_stat:{"task_name": "circe", "event": "new_input_file", "filename": "lccenc2_score2b_1#503-1#1184-1#236-1#923jobid2.csv", "unix_time": 1620162157.486626}
INFO:ccdag_utils.py:runtime_stat:{"task_name": "score2b", "event": "queue_start_process", "filename": "lccenc2_score2b_1#503-1#1184-1#236-1#923jobid2.csv", "unix_time": 1620162157.7668378}
['schoolbus21.JPEG', 'schoolbus22.JPEG', 'schoolbus23.JPEG', 'schoolbus24.JPEG', 'schoolbus25.JPEG', 'schoolbus26.JPEG', 'schoolbus27.JPEG', 'schoolbus28.JPEG', 'schoolbus29.JPEG', 'schoolbus30.JPEG']
INFO:circe.py:runtime_stat:{"task_name": "circe", "event": "new_output_file", "filename": "score2b_preagg2_2jobth1#503-1#1184-1#236-1#923", "unix_time": 1620162159.2342596}
DEBUG:transfer.py:sshpass -p PASSWORD scp -P 5000 -o StrictHostKeyChecking=no /jupiter/circe_output/score2b_preagg2_2jobth1#503-1#1184-1#236-1#923 root@10.101.124.81:/jupiter/circe_input/
INFO:ccdag_utils.py:runtime_stat:{"task_name": "score2b", "event": "queue_end_process", "filename": "score2b_preagg2_2jobth1#503-1#1184-1#236-1#923", "unix_time": 1620162159.2420878}
DEBUG:transfer.py:transfer successful!
