 * Starting OpenBSD Secure Shell server sshd
   ...done.
INFO:circe.py:Using base script storeclass.py
DEBUG:circe.py:starting the input monitoring process
DEBUG:circe.py:starting the output monitoring process
INFO:circe.py:runtime_stat:{"task_name": "circe", "event": "new_input_file", "filename": "resnet2_storeclass2_567imgschoolbusjobid6.JPEG", "unix_time": 1620159993.2196121}
INFO:ccdag_utils.py:runtime_stat:{"task_name": "storeclass2", "event": "queue_start_process", "filename": "resnet2_storeclass2_567imgschoolbusjobid6.JPEG", "unix_time": 1620159993.2472594}
INFO:circe.py:runtime_stat:{"task_name": "circe", "event": "new_output_file", "filename": "storeclass2_lccenc2_567imgschoolbusjobid6.JPEG", "unix_time": 1620159993.2531614}
INFO:ccdag_utils.py:runtime_stat:{"task_name": "storeclass2", "event": "queue_end_process", "filename": "storeclass2_lccenc2_567imgschoolbusjobid6.JPEG", "unix_time": 1620159993.253466}
DEBUG:transfer.py:sshpass -p PASSWORD scp -P 5000 -o StrictHostKeyChecking=no /jupiter/circe_output/storeclass2_lccenc2_567imgschoolbusjobid6.JPEG root@10.104.203.71:/jupiter/circe_input/
Warning: Permanently added '[10.104.203.71]:5000' (ECDSA) to the list of known hosts.
DEBUG:transfer.py:transfer successful!
INFO:circe.py:runtime_stat:{"task_name": "circe", "event": "new_input_file", "filename": "resnet6_storeclass2_749imgschoolbusjobid6.JPEG", "unix_time": 1620159994.949305}
INFO:ccdag_utils.py:runtime_stat:{"task_name": "storeclass2", "event": "queue_start_process", "filename": "resnet6_storeclass2_749imgschoolbusjobid6.JPEG", "unix_time": 1620159995.2563303}
INFO:ccdag_utils.py:runtime_stat:{"task_name": "storeclass2", "event": "queue_end_process", "filename": "storeclass2_lccenc2_749imgschoolbusjobid6.JPEG", "unix_time": 1620159995.2614098}
INFO:circe.py:runtime_stat:{"task_name": "circe", "event": "new_output_file", "filename": "storeclass2_lccenc2_749imgschoolbusjobid6.JPEG", "unix_time": 1620159995.2619646}
DEBUG:transfer.py:sshpass -p PASSWORD scp -P 5000 -o StrictHostKeyChecking=no /jupiter/circe_output/storeclass2_lccenc2_749imgschoolbusjobid6.JPEG root@10.104.203.71:/jupiter/circe_input/
DEBUG:transfer.py:transfer successful!
INFO:circe.py:runtime_stat:{"task_name": "circe", "event": "new_input_file", "filename": "resnet0_storeclass2_83imgschoolbusjobid7.JPEG", "unix_time": 1620160566.6272268}
INFO:ccdag_utils.py:runtime_stat:{"task_name": "storeclass2", "event": "queue_start_process", "filename": "resnet0_storeclass2_83imgschoolbusjobid7.JPEG", "unix_time": 1620160566.8537645}
INFO:circe.py:runtime_stat:{"task_name": "circe", "event": "new_output_file", "filename": "storeclass2_lccenc2_83imgschoolbusjobid7.JPEG", "unix_time": 1620160566.858844}
DEBUG:transfer.py:sshpass -p PASSWORD scp -P 5000 -o StrictHostKeyChecking=no /jupiter/circe_output/storeclass2_lccenc2_83imgschoolbusjobid7.JPEG root@10.104.203.71:/jupiter/circe_input/
INFO:ccdag_utils.py:runtime_stat:{"task_name": "storeclass2", "event": "queue_end_process", "filename": "storeclass2_lccenc2_83imgschoolbusjobid7.JPEG", "unix_time": 1620160566.8595743}
INFO:circe.py:runtime_stat:{"task_name": "circe", "event": "new_input_file", "filename": "resnet3_storeclass2_689imgschoolbusjobid7.JPEG", "unix_time": 1620160567.0084105}
DEBUG:transfer.py:transfer successful!
INFO:circe.py:runtime_stat:{"task_name": "circe", "event": "new_input_file", "filename": "resnet8_storeclass2_503imgschoolbusjobid7.JPEG", "unix_time": 1620160567.688478}
INFO:ccdag_utils.py:runtime_stat:{"task_name": "storeclass2", "event": "queue_start_process", "filename": "resnet3_storeclass2_689imgschoolbusjobid7.JPEG", "unix_time": 1620160567.8641462}
INFO:circe.py:runtime_stat:{"task_name": "circe", "event": "new_output_file", "filename": "storeclass2_lccenc2_689imgschoolbusjobid7.JPEG", "unix_time": 1620160567.8719144}
DEBUG:transfer.py:sshpass -p PASSWORD scp -P 5000 -o StrictHostKeyChecking=no /jupiter/circe_output/storeclass2_lccenc2_689imgschoolbusjobid7.JPEG root@10.104.203.71:/jupiter/circe_input/
INFO:ccdag_utils.py:runtime_stat:{"task_name": "storeclass2", "event": "queue_end_process", "filename": "storeclass2_lccenc2_689imgschoolbusjobid7.JPEG", "unix_time": 1620160567.8724904}
INFO:ccdag_utils.py:runtime_stat:{"task_name": "storeclass2", "event": "queue_start_process", "filename": "resnet8_storeclass2_503imgschoolbusjobid7.JPEG", "unix_time": 1620160567.8762417}
INFO:ccdag_utils.py:runtime_stat:{"task_name": "storeclass2", "event": "queue_end_process", "filename": "storeclass2_lccenc2_503imgschoolbusjobid7.JPEG", "unix_time": 1620160567.8942146}
DEBUG:transfer.py:transfer successful!
INFO:circe.py:runtime_stat:{"task_name": "circe", "event": "new_output_file", "filename": "storeclass2_lccenc2_503imgschoolbusjobid7.JPEG", "unix_time": 1620160568.0949347}
DEBUG:transfer.py:sshpass -p PASSWORD scp -P 5000 -o StrictHostKeyChecking=no /jupiter/circe_output/storeclass2_lccenc2_503imgschoolbusjobid7.JPEG root@10.104.203.71:/jupiter/circe_input/
DEBUG:transfer.py:transfer successful!
INFO:circe.py:runtime_stat:{"task_name": "circe", "event": "new_input_file", "filename": "resnet7_storeclass2_1184imgschoolbusjobid8.JPEG", "unix_time": 1620161073.6575675}
INFO:ccdag_utils.py:runtime_stat:{"task_name": "storeclass2", "event": "queue_start_process", "filename": "resnet7_storeclass2_1184imgschoolbusjobid8.JPEG", "unix_time": 1620161074.4214146}
INFO:ccdag_utils.py:runtime_stat:{"task_name": "storeclass2", "event": "queue_end_process", "filename": "storeclass2_lccenc2_1184imgschoolbusjobid8.JPEG", "unix_time": 1620161074.432898}
INFO:circe.py:runtime_stat:{"task_name": "circe", "event": "new_output_file", "filename": "storeclass2_lccenc2_1184imgschoolbusjobid8.JPEG", "unix_time": 1620161074.4343066}
DEBUG:transfer.py:sshpass -p PASSWORD scp -P 5000 -o StrictHostKeyChecking=no /jupiter/circe_output/storeclass2_lccenc2_1184imgschoolbusjobid8.JPEG root@10.104.203.71:/jupiter/circe_input/
DEBUG:transfer.py:transfer successful!
INFO:circe.py:runtime_stat:{"task_name": "circe", "event": "new_input_file", "filename": "resnet1_storeclass2_236imgschoolbusjobid9.JPEG", "unix_time": 1620161648.3767111}
INFO:ccdag_utils.py:runtime_stat:{"task_name": "storeclass2", "event": "queue_start_process", "filename": "resnet1_storeclass2_236imgschoolbusjobid9.JPEG", "unix_time": 1620161649.030491}
INFO:circe.py:runtime_stat:{"task_name": "circe", "event": "new_output_file", "filename": "storeclass2_lccenc2_236imgschoolbusjobid9.JPEG", "unix_time": 1620161649.0427554}
DEBUG:transfer.py:sshpass -p PASSWORD scp -P 5000 -o StrictHostKeyChecking=no /jupiter/circe_output/storeclass2_lccenc2_236imgschoolbusjobid9.JPEG root@10.104.203.71:/jupiter/circe_input/
INFO:ccdag_utils.py:runtime_stat:{"task_name": "storeclass2", "event": "queue_end_process", "filename": "storeclass2_lccenc2_236imgschoolbusjobid9.JPEG", "unix_time": 1620161649.0459154}
DEBUG:transfer.py:transfer successful!
INFO:circe.py:runtime_stat:{"task_name": "circe", "event": "new_input_file", "filename": "resnet2_storeclass2_923imgschoolbusjobid10.JPEG", "unix_time": 1620162153.153392}
INFO:ccdag_utils.py:runtime_stat:{"task_name": "storeclass2", "event": "queue_start_process", "filename": "resnet2_storeclass2_923imgschoolbusjobid10.JPEG", "unix_time": 1620162153.586992}
INFO:circe.py:runtime_stat:{"task_name": "circe", "event": "new_output_file", "filename": "storeclass2_lccenc2_923imgschoolbusjobid10.JPEG", "unix_time": 1620162153.6026008}
INFO:ccdag_utils.py:runtime_stat:{"task_name": "storeclass2", "event": "queue_end_process", "filename": "storeclass2_lccenc2_923imgschoolbusjobid10.JPEG", "unix_time": 1620162153.6029253}
DEBUG:transfer.py:sshpass -p PASSWORD scp -P 5000 -o StrictHostKeyChecking=no /jupiter/circe_output/storeclass2_lccenc2_923imgschoolbusjobid10.JPEG root@10.104.203.71:/jupiter/circe_input/
DEBUG:transfer.py:transfer successful!
INFO:circe.py:runtime_stat:{"task_name": "circe", "event": "new_input_file", "filename": "resnet4_storeclass2_1163imgschoolbusjobid10.JPEG", "unix_time": 1620162154.1359704}
INFO:circe.py:runtime_stat:{"task_name": "circe", "event": "new_input_file", "filename": "resnet8_storeclass2_1256imgschoolbusjobid10.JPEG", "unix_time": 1620162154.4684403}
INFO:ccdag_utils.py:runtime_stat:{"task_name": "storeclass2", "event": "queue_start_process", "filename": "resnet4_storeclass2_1163imgschoolbusjobid10.JPEG", "unix_time": 1620162154.6051702}
INFO:circe.py:runtime_stat:{"task_name": "circe", "event": "new_output_file", "filename": "storeclass2_lccenc2_1163imgschoolbusjobid10.JPEG", "unix_time": 1620162154.6131766}
INFO:ccdag_utils.py:runtime_stat:{"task_name": "storeclass2", "event": "queue_end_process", "filename": "storeclass2_lccenc2_1163imgschoolbusjobid10.JPEG", "unix_time": 1620162154.613402}
DEBUG:transfer.py:sshpass -p PASSWORD scp -P 5000 -o StrictHostKeyChecking=no /jupiter/circe_output/storeclass2_lccenc2_1163imgschoolbusjobid10.JPEG root@10.104.203.71:/jupiter/circe_input/
INFO:ccdag_utils.py:runtime_stat:{"task_name": "storeclass2", "event": "queue_start_process", "filename": "resnet8_storeclass2_1256imgschoolbusjobid10.JPEG", "unix_time": 1620162154.6140578}
INFO:ccdag_utils.py:runtime_stat:{"task_name": "storeclass2", "event": "queue_end_process", "filename": "storeclass2_lccenc2_1256imgschoolbusjobid10.JPEG", "unix_time": 1620162154.6190658}
DEBUG:transfer.py:transfer successful!
INFO:circe.py:runtime_stat:{"task_name": "circe", "event": "new_output_file", "filename": "storeclass2_lccenc2_1256imgschoolbusjobid10.JPEG", "unix_time": 1620162154.8230891}
DEBUG:transfer.py:sshpass -p PASSWORD scp -P 5000 -o StrictHostKeyChecking=no /jupiter/circe_output/storeclass2_lccenc2_1256imgschoolbusjobid10.JPEG root@10.104.203.71:/jupiter/circe_input/
DEBUG:transfer.py:transfer successful!
