 * Starting OpenBSD Secure Shell server sshd
   ...done.
INFO:circe.py:Using base script lccenc.py
DEBUG:circe.py:starting the input monitoring process
DEBUG:circe.py:starting the output monitoring process
7
INFO:circe.py:runtime_stat:{"task_name": "circe", "event": "new_input_file", "filename": "storeclass7_lccenc7_416imgleopardjobid0.JPEG", "unix_time": 1620156754.158326}
INFO:circe.py:runtime_stat:{"task_name": "circe", "event": "new_input_file", "filename": "storeclass7_lccenc7_493imgleopardjobid1.JPEG", "unix_time": 1620157324.7653506}
INFO:circe.py:runtime_stat:{"task_name": "circe", "event": "new_input_file", "filename": "storeclass7_lccenc7_251imgleopardjobid1.JPEG", "unix_time": 1620157324.9836557}
INFO:circe.py:runtime_stat:{"task_name": "circe", "event": "new_input_file", "filename": "storeclass7_lccenc7_5imgleopardjobid1.JPEG", "unix_time": 1620157325.7994623}
INFO:ccdag_utils.py:runtime_stat:{"task_name": "lccenc7", "event": "queue_start_process", "filename": "storeclass7_lccenc7_416imgleopardjobid0.JPEG", "unix_time": 1620157325.9324021}
INFO:ccdag_utils.py:runtime_stat:{"task_name": "lccenc7", "event": "queue_start_process", "filename": "storeclass7_lccenc7_493imgleopardjobid1.JPEG", "unix_time": 1620157325.9331336}
INFO:ccdag_utils.py:runtime_stat:{"task_name": "lccenc7", "event": "queue_start_process", "filename": "storeclass7_lccenc7_251imgleopardjobid1.JPEG", "unix_time": 1620157325.9335284}
INFO:ccdag_utils.py:runtime_stat:{"task_name": "lccenc7", "event": "queue_start_process", "filename": "storeclass7_lccenc7_5imgleopardjobid1.JPEG", "unix_time": 1620157325.9339013}
INFO:ccdag_utils.py:runtime_stat:{"task_name": "lccenc7", "event": "queue_end_process", "filename": "lccenc7_score7a_6#416-6#493-6#251-6#5jobid1.csv", "unix_time": 1620157327.2084515}
INFO:circe.py:runtime_stat:{"task_name": "circe", "event": "new_output_file", "filename": "lccenc7_score7a_6#416-6#493-6#251-6#5jobid1.csv", "unix_time": 1620157327.209308}
DEBUG:transfer.py:sshpass -p PASSWORD scp -P 5000 -o StrictHostKeyChecking=no /jupiter/circe_output/lccenc7_score7a_6#416-6#493-6#251-6#5jobid1.csv root@10.108.166.109:/jupiter/circe_input/
Warning: Permanently added '[10.108.166.109]:5000' (ECDSA) to the list of known hosts.
DEBUG:transfer.py:transfer successful!
INFO:ccdag_utils.py:runtime_stat:{"task_name": "lccenc7", "event": "queue_end_process", "filename": "lccenc7_score7b_6#416-6#493-6#251-6#5jobid1.csv", "unix_time": 1620157328.20029}
INFO:circe.py:runtime_stat:{"task_name": "circe", "event": "new_output_file", "filename": "lccenc7_score7b_6#416-6#493-6#251-6#5jobid1.csv", "unix_time": 1620157328.2011597}
DEBUG:transfer.py:sshpass -p PASSWORD scp -P 5000 -o StrictHostKeyChecking=no /jupiter/circe_output/lccenc7_score7b_6#416-6#493-6#251-6#5jobid1.csv root@10.105.162.175:/jupiter/circe_input/
Warning: Permanently added '[10.105.162.175]:5000' (ECDSA) to the list of known hosts.
DEBUG:transfer.py:transfer successful!
INFO:ccdag_utils.py:runtime_stat:{"task_name": "lccenc7", "event": "queue_end_process", "filename": "lccenc7_score7c_6#416-6#493-6#251-6#5jobid1.csv", "unix_time": 1620157329.1868749}
INFO:circe.py:runtime_stat:{"task_name": "circe", "event": "new_output_file", "filename": "lccenc7_score7c_6#416-6#493-6#251-6#5jobid1.csv", "unix_time": 1620157329.1879792}
DEBUG:transfer.py:sshpass -p PASSWORD scp -P 5000 -o StrictHostKeyChecking=no /jupiter/circe_output/lccenc7_score7c_6#416-6#493-6#251-6#5jobid1.csv root@10.109.172.213:/jupiter/circe_input/
Warning: Permanently added '[10.109.172.213]:5000' (ECDSA) to the list of known hosts.
DEBUG:transfer.py:transfer successful!
INFO:circe.py:runtime_stat:{"task_name": "circe", "event": "new_input_file", "filename": "storeclass7_lccenc7_1192imgleopardjobid2.JPEG", "unix_time": 1620157831.349364}
INFO:circe.py:runtime_stat:{"task_name": "circe", "event": "new_input_file", "filename": "storeclass7_lccenc7_722imgleopardjobid5.JPEG", "unix_time": 1620159488.125411}
INFO:circe.py:runtime_stat:{"task_name": "circe", "event": "new_input_file", "filename": "storeclass7_lccenc7_282imgleopardjobid6.JPEG", "unix_time": 1620159994.6421876}
