 * Starting OpenBSD Secure Shell server sshd
   ...done.
INFO:circe.py:Using base script score.py
DEBUG:circe.py:starting the input monitoring process
DEBUG:circe.py:starting the output monitoring process
INFO:circe.py:runtime_stat:{"task_name": "circe", "event": "new_input_file", "filename": "lccenc2_score2a_1#567-1#749-1#83-1#689jobid1.csv", "unix_time": 1620160570.0543509}
INFO:ccdag_utils.py:runtime_stat:{"task_name": "score2a", "event": "queue_start_process", "filename": "lccenc2_score2a_1#567-1#749-1#83-1#689jobid1.csv", "unix_time": 1620160570.112112}
['schoolbus21.JPEG', 'schoolbus22.JPEG', 'schoolbus23.JPEG', 'schoolbus24.JPEG', 'schoolbus25.JPEG', 'schoolbus26.JPEG', 'schoolbus27.JPEG', 'schoolbus28.JPEG', 'schoolbus29.JPEG', 'schoolbus30.JPEG']
INFO:circe.py:runtime_stat:{"task_name": "circe", "event": "new_output_file", "filename": "score2a_preagg2_1jobth1#567-1#749-1#83-1#689", "unix_time": 1620160576.8089964}
DEBUG:transfer.py:sshpass -p PASSWORD scp -P 5000 -o StrictHostKeyChecking=no /jupiter/circe_output/score2a_preagg2_1jobth1#567-1#749-1#83-1#689 root@10.101.124.81:/jupiter/circe_input/
INFO:ccdag_utils.py:runtime_stat:{"task_name": "score2a", "event": "queue_end_process", "filename": "score2a_preagg2_1jobth1#567-1#749-1#83-1#689", "unix_time": 1620160576.8170629}
Warning: Permanently added '[10.101.124.81]:5000' (ECDSA) to the list of known hosts.
DEBUG:transfer.py:transfer successful!
INFO:circe.py:runtime_stat:{"task_name": "circe", "event": "new_input_file", "filename": "lccenc2_score2a_1#503-1#1184-1#236-1#923jobid2.csv", "unix_time": 1620162155.9889188}
INFO:ccdag_utils.py:runtime_stat:{"task_name": "score2a", "event": "queue_start_process", "filename": "lccenc2_score2a_1#503-1#1184-1#236-1#923jobid2.csv", "unix_time": 1620162156.4737265}
['schoolbus21.JPEG', 'schoolbus22.JPEG', 'schoolbus23.JPEG', 'schoolbus24.JPEG', 'schoolbus25.JPEG', 'schoolbus26.JPEG', 'schoolbus27.JPEG', 'schoolbus28.JPEG', 'schoolbus29.JPEG', 'schoolbus30.JPEG']
INFO:circe.py:runtime_stat:{"task_name": "circe", "event": "new_output_file", "filename": "score2a_preagg2_2jobth1#503-1#1184-1#236-1#923", "unix_time": 1620162163.0199735}
DEBUG:transfer.py:sshpass -p PASSWORD scp -P 5000 -o StrictHostKeyChecking=no /jupiter/circe_output/score2a_preagg2_2jobth1#503-1#1184-1#236-1#923 root@10.101.124.81:/jupiter/circe_input/
INFO:ccdag_utils.py:runtime_stat:{"task_name": "score2a", "event": "queue_end_process", "filename": "score2a_preagg2_2jobth1#503-1#1184-1#236-1#923", "unix_time": 1620162163.0210934}
DEBUG:transfer.py:transfer successful!
