 * Starting OpenBSD Secure Shell server sshd
   ...done.
INFO:circe.py:Using base script lccenc.py
DEBUG:circe.py:starting the input monitoring process
DEBUG:circe.py:starting the output monitoring process
2
INFO:circe.py:runtime_stat:{"task_name": "circe", "event": "new_input_file", "filename": "storeclass2_lccenc2_567imgschoolbusjobid6.JPEG", "unix_time": 1620159993.4696453}
INFO:circe.py:runtime_stat:{"task_name": "circe", "event": "new_input_file", "filename": "storeclass2_lccenc2_749imgschoolbusjobid6.JPEG", "unix_time": 1620159995.4762194}
INFO:circe.py:runtime_stat:{"task_name": "circe", "event": "new_input_file", "filename": "storeclass2_lccenc2_83imgschoolbusjobid7.JPEG", "unix_time": 1620160567.0757177}
INFO:circe.py:runtime_stat:{"task_name": "circe", "event": "new_input_file", "filename": "storeclass2_lccenc2_689imgschoolbusjobid7.JPEG", "unix_time": 1620160568.09087}
INFO:circe.py:runtime_stat:{"task_name": "circe", "event": "new_input_file", "filename": "storeclass2_lccenc2_503imgschoolbusjobid7.JPEG", "unix_time": 1620160568.338694}
INFO:ccdag_utils.py:runtime_stat:{"task_name": "lccenc2", "event": "queue_start_process", "filename": "storeclass2_lccenc2_567imgschoolbusjobid6.JPEG", "unix_time": 1620160568.472325}
INFO:ccdag_utils.py:runtime_stat:{"task_name": "lccenc2", "event": "queue_start_process", "filename": "storeclass2_lccenc2_749imgschoolbusjobid6.JPEG", "unix_time": 1620160568.472669}
INFO:ccdag_utils.py:runtime_stat:{"task_name": "lccenc2", "event": "queue_start_process", "filename": "storeclass2_lccenc2_83imgschoolbusjobid7.JPEG", "unix_time": 1620160568.472869}
INFO:ccdag_utils.py:runtime_stat:{"task_name": "lccenc2", "event": "queue_start_process", "filename": "storeclass2_lccenc2_689imgschoolbusjobid7.JPEG", "unix_time": 1620160568.4730616}
INFO:ccdag_utils.py:runtime_stat:{"task_name": "lccenc2", "event": "queue_end_process", "filename": "lccenc2_score2a_1#567-1#749-1#83-1#689jobid1.csv", "unix_time": 1620160569.6449442}
INFO:circe.py:runtime_stat:{"task_name": "circe", "event": "new_output_file", "filename": "lccenc2_score2a_1#567-1#749-1#83-1#689jobid1.csv", "unix_time": 1620160569.6457677}
DEBUG:transfer.py:sshpass -p PASSWORD scp -P 5000 -o StrictHostKeyChecking=no /jupiter/circe_output/lccenc2_score2a_1#567-1#749-1#83-1#689jobid1.csv root@10.106.214.82:/jupiter/circe_input/
Warning: Permanently added '[10.106.214.82]:5000' (ECDSA) to the list of known hosts.
DEBUG:transfer.py:transfer successful!
INFO:ccdag_utils.py:runtime_stat:{"task_name": "lccenc2", "event": "queue_end_process", "filename": "lccenc2_score2b_1#567-1#749-1#83-1#689jobid1.csv", "unix_time": 1620160570.6292768}
INFO:circe.py:runtime_stat:{"task_name": "circe", "event": "new_output_file", "filename": "lccenc2_score2b_1#567-1#749-1#83-1#689jobid1.csv", "unix_time": 1620160570.630168}
DEBUG:transfer.py:sshpass -p PASSWORD scp -P 5000 -o StrictHostKeyChecking=no /jupiter/circe_output/lccenc2_score2b_1#567-1#749-1#83-1#689jobid1.csv root@10.110.249.232:/jupiter/circe_input/
Warning: Permanently added '[10.110.249.232]:5000' (ECDSA) to the list of known hosts.
DEBUG:transfer.py:transfer successful!
INFO:ccdag_utils.py:runtime_stat:{"task_name": "lccenc2", "event": "queue_end_process", "filename": "lccenc2_score2c_1#567-1#749-1#83-1#689jobid1.csv", "unix_time": 1620160571.610128}
INFO:circe.py:runtime_stat:{"task_name": "circe", "event": "new_output_file", "filename": "lccenc2_score2c_1#567-1#749-1#83-1#689jobid1.csv", "unix_time": 1620160571.6111193}
DEBUG:transfer.py:sshpass -p PASSWORD scp -P 5000 -o StrictHostKeyChecking=no /jupiter/circe_output/lccenc2_score2c_1#567-1#749-1#83-1#689jobid1.csv root@10.111.0.246:/jupiter/circe_input/
Warning: Permanently added '[10.111.0.246]:5000' (ECDSA) to the list of known hosts.
DEBUG:transfer.py:transfer successful!
INFO:circe.py:runtime_stat:{"task_name": "circe", "event": "new_input_file", "filename": "storeclass2_lccenc2_1184imgschoolbusjobid8.JPEG", "unix_time": 1620161074.6496727}
INFO:circe.py:runtime_stat:{"task_name": "circe", "event": "new_input_file", "filename": "storeclass2_lccenc2_236imgschoolbusjobid9.JPEG", "unix_time": 1620161649.2794852}
INFO:circe.py:runtime_stat:{"task_name": "circe", "event": "new_input_file", "filename": "storeclass2_lccenc2_923imgschoolbusjobid10.JPEG", "unix_time": 1620162153.837095}
INFO:ccdag_utils.py:runtime_stat:{"task_name": "lccenc2", "event": "queue_start_process", "filename": "storeclass2_lccenc2_503imgschoolbusjobid7.JPEG", "unix_time": 1620162154.2683415}
INFO:ccdag_utils.py:runtime_stat:{"task_name": "lccenc2", "event": "queue_start_process", "filename": "storeclass2_lccenc2_1184imgschoolbusjobid8.JPEG", "unix_time": 1620162154.2688751}
INFO:ccdag_utils.py:runtime_stat:{"task_name": "lccenc2", "event": "queue_start_process", "filename": "storeclass2_lccenc2_236imgschoolbusjobid9.JPEG", "unix_time": 1620162154.2692614}
INFO:ccdag_utils.py:runtime_stat:{"task_name": "lccenc2", "event": "queue_start_process", "filename": "storeclass2_lccenc2_923imgschoolbusjobid10.JPEG", "unix_time": 1620162154.2696016}
INFO:circe.py:runtime_stat:{"task_name": "circe", "event": "new_input_file", "filename": "storeclass2_lccenc2_1163imgschoolbusjobid10.JPEG", "unix_time": 1620162155.0245962}
INFO:circe.py:runtime_stat:{"task_name": "circe", "event": "new_input_file", "filename": "storeclass2_lccenc2_1256imgschoolbusjobid10.JPEG", "unix_time": 1620162155.034352}
INFO:ccdag_utils.py:runtime_stat:{"task_name": "lccenc2", "event": "queue_end_process", "filename": "lccenc2_score2a_1#503-1#1184-1#236-1#923jobid2.csv", "unix_time": 1620162155.5186436}
INFO:circe.py:runtime_stat:{"task_name": "circe", "event": "new_output_file", "filename": "lccenc2_score2a_1#503-1#1184-1#236-1#923jobid2.csv", "unix_time": 1620162155.5193887}
DEBUG:transfer.py:sshpass -p PASSWORD scp -P 5000 -o StrictHostKeyChecking=no /jupiter/circe_output/lccenc2_score2a_1#503-1#1184-1#236-1#923jobid2.csv root@10.106.214.82:/jupiter/circe_input/
DEBUG:transfer.py:transfer successful!
INFO:ccdag_utils.py:runtime_stat:{"task_name": "lccenc2", "event": "queue_end_process", "filename": "lccenc2_score2b_1#503-1#1184-1#236-1#923jobid2.csv", "unix_time": 1620162156.5303292}
INFO:circe.py:runtime_stat:{"task_name": "circe", "event": "new_output_file", "filename": "lccenc2_score2b_1#503-1#1184-1#236-1#923jobid2.csv", "unix_time": 1620162156.5699542}
DEBUG:transfer.py:sshpass -p PASSWORD scp -P 5000 -o StrictHostKeyChecking=no /jupiter/circe_output/lccenc2_score2b_1#503-1#1184-1#236-1#923jobid2.csv root@10.110.249.232:/jupiter/circe_input/
DEBUG:transfer.py:transfer successful!
INFO:ccdag_utils.py:runtime_stat:{"task_name": "lccenc2", "event": "queue_end_process", "filename": "lccenc2_score2c_1#503-1#1184-1#236-1#923jobid2.csv", "unix_time": 1620162157.5723748}
INFO:circe.py:runtime_stat:{"task_name": "circe", "event": "new_output_file", "filename": "lccenc2_score2c_1#503-1#1184-1#236-1#923jobid2.csv", "unix_time": 1620162157.5734308}
DEBUG:transfer.py:sshpass -p PASSWORD scp -P 5000 -o StrictHostKeyChecking=no /jupiter/circe_output/lccenc2_score2c_1#503-1#1184-1#236-1#923jobid2.csv root@10.111.0.246:/jupiter/circe_input/
DEBUG:transfer.py:transfer successful!
