 * Starting OpenBSD Secure Shell server sshd
   ...done.
INFO:circe.py:Using base script preagg.py
DEBUG:circe.py:starting the input monitoring process
DEBUG:circe.py:starting the output monitoring process
7
INFO:circe.py:runtime_stat:{"task_name": "circe", "event": "new_input_file", "filename": "score7b_preagg7_1jobth6#416-6#493-6#251-6#5", "unix_time": 1620089813.90371}
INFO:ccdag_utils.py:runtime_stat:{"task_name": "preagg7", "event": "queue_start_process", "filename": "score7b_preagg7_1jobth6#416-6#493-6#251-6#5", "unix_time": 1620089813.945204}
INFO:circe.py:runtime_stat:{"task_name": "circe", "event": "new_input_file", "filename": "score7c_preagg7_1jobth6#416-6#493-6#251-6#5", "unix_time": 1620089814.6334457}
INFO:ccdag_utils.py:runtime_stat:{"task_name": "preagg7", "event": "queue_start_process", "filename": "score7c_preagg7_1jobth6#416-6#493-6#251-6#5", "unix_time": 1620089815.0142715}
preagg7_lccdec7_1jobthscore7a6#416-6#493-6#251-6#5
INFO:circe.py:runtime_stat:{"task_name": "circe", "event": "new_output_file", "filename": "preagg7_lccdec7_1jobthscore7a6#416-6#493-6#251-6#5", "unix_time": 1620089815.083148}
DEBUG:transfer.py:sshpass -p PASSWORD scp -P 5000 -o StrictHostKeyChecking=no /jupiter/circe_output/preagg7_lccdec7_1jobthscore7a6#416-6#493-6#251-6#5 root@10.97.79.195:/jupiter/circe_input/
INFO:ccdag_utils.py:runtime_stat:{"task_name": "preagg7", "event": "queue_end_process", "filename": "preagg7_lccdec7_1jobthscore7a6#416-6#493-6#251-6#5", "unix_time": 1620089815.0877619}
preagg7_lccdec7_1jobthscore7b6#416-6#493-6#251-6#5
INFO:ccdag_utils.py:runtime_stat:{"task_name": "preagg7", "event": "queue_end_process", "filename": "preagg7_lccdec7_1jobthscore7b6#416-6#493-6#251-6#5", "unix_time": 1620089815.094946}
Warning: Permanently added '[10.97.79.195]:5000' (ECDSA) to the list of known hosts.
DEBUG:transfer.py:transfer successful!
INFO:circe.py:runtime_stat:{"task_name": "circe", "event": "new_output_file", "filename": "preagg7_lccdec7_1jobthscore7b6#416-6#493-6#251-6#5", "unix_time": 1620089815.3371685}
DEBUG:transfer.py:sshpass -p PASSWORD scp -P 5000 -o StrictHostKeyChecking=no /jupiter/circe_output/preagg7_lccdec7_1jobthscore7b6#416-6#493-6#251-6#5 root@10.97.79.195:/jupiter/circe_input/
DEBUG:transfer.py:transfer successful!
INFO:circe.py:runtime_stat:{"task_name": "circe", "event": "new_input_file", "filename": "score7a_preagg7_1jobth6#416-6#493-6#251-6#5", "unix_time": 1620089816.9001157}
INFO:ccdag_utils.py:runtime_stat:{"task_name": "preagg7", "event": "queue_start_process", "filename": "score7a_preagg7_1jobth6#416-6#493-6#251-6#5", "unix_time": 1620089817.0977144}
