 * Starting OpenBSD Secure Shell server sshd
   ...done.
INFO:circe.py:Using base script preagg.py
DEBUG:circe.py:starting the input monitoring process
DEBUG:circe.py:starting the output monitoring process
2
INFO:circe.py:runtime_stat:{"task_name": "circe", "event": "new_input_file", "filename": "score2b_preagg2_1jobth1#749-1#567-1#762-1#83", "unix_time": 1620093055.4416049}
INFO:ccdag_utils.py:runtime_stat:{"task_name": "preagg2", "event": "queue_start_process", "filename": "score2b_preagg2_1jobth1#749-1#567-1#762-1#83", "unix_time": 1620093055.6895173}
INFO:circe.py:runtime_stat:{"task_name": "circe", "event": "new_input_file", "filename": "score2a_preagg2_1jobth1#749-1#567-1#762-1#83", "unix_time": 1620093058.839953}
INFO:ccdag_utils.py:runtime_stat:{"task_name": "preagg2", "event": "queue_start_process", "filename": "score2a_preagg2_1jobth1#749-1#567-1#762-1#83", "unix_time": 1620093059.7632694}
preagg2_lccdec2_1jobthscore2a1#749-1#567-1#762-1#83
INFO:circe.py:runtime_stat:{"task_name": "circe", "event": "new_output_file", "filename": "preagg2_lccdec2_1jobthscore2a1#749-1#567-1#762-1#83", "unix_time": 1620093059.8262186}
DEBUG:transfer.py:sshpass -p PASSWORD scp -P 5000 -o StrictHostKeyChecking=no /jupiter/circe_output/preagg2_lccdec2_1jobthscore2a1#749-1#567-1#762-1#83 root@10.107.158.202:/jupiter/circe_input/
INFO:ccdag_utils.py:runtime_stat:{"task_name": "preagg2", "event": "queue_end_process", "filename": "preagg2_lccdec2_1jobthscore2a1#749-1#567-1#762-1#83", "unix_time": 1620093059.8306303}
preagg2_lccdec2_1jobthscore2b1#749-1#567-1#762-1#83
INFO:ccdag_utils.py:runtime_stat:{"task_name": "preagg2", "event": "queue_end_process", "filename": "preagg2_lccdec2_1jobthscore2b1#749-1#567-1#762-1#83", "unix_time": 1620093059.836506}
Warning: Permanently added '[10.107.158.202]:5000' (ECDSA) to the list of known hosts.
DEBUG:transfer.py:transfer successful!
INFO:circe.py:runtime_stat:{"task_name": "circe", "event": "new_output_file", "filename": "preagg2_lccdec2_1jobthscore2b1#749-1#567-1#762-1#83", "unix_time": 1620093060.0433452}
DEBUG:transfer.py:sshpass -p PASSWORD scp -P 5000 -o StrictHostKeyChecking=no /jupiter/circe_output/preagg2_lccdec2_1jobthscore2b1#749-1#567-1#762-1#83 root@10.107.158.202:/jupiter/circe_input/
DEBUG:transfer.py:transfer successful!
INFO:circe.py:runtime_stat:{"task_name": "circe", "event": "new_input_file", "filename": "score2c_preagg2_1jobth1#749-1#567-1#762-1#83", "unix_time": 1620093063.5695891}
INFO:ccdag_utils.py:runtime_stat:{"task_name": "preagg2", "event": "queue_start_process", "filename": "score2c_preagg2_1jobth1#749-1#567-1#762-1#83", "unix_time": 1620093063.841333}
INFO:circe.py:runtime_stat:{"task_name": "circe", "event": "new_input_file", "filename": "score2b_preagg2_2jobth1#689-1#503-1#1184-1#236", "unix_time": 1620094135.001029}
INFO:ccdag_utils.py:runtime_stat:{"task_name": "preagg2", "event": "queue_start_process", "filename": "score2b_preagg2_2jobth1#689-1#503-1#1184-1#236", "unix_time": 1620094135.0321805}
INFO:circe.py:runtime_stat:{"task_name": "circe", "event": "new_input_file", "filename": "score2c_preagg2_2jobth1#689-1#503-1#1184-1#236", "unix_time": 1620094136.1603048}
INFO:ccdag_utils.py:runtime_stat:{"task_name": "preagg2", "event": "queue_start_process", "filename": "score2c_preagg2_2jobth1#689-1#503-1#1184-1#236", "unix_time": 1620094137.09504}
preagg2_lccdec2_2jobthscore2a1#689-1#503-1#1184-1#236
INFO:circe.py:runtime_stat:{"task_name": "circe", "event": "new_output_file", "filename": "preagg2_lccdec2_2jobthscore2a1#689-1#503-1#1184-1#236", "unix_time": 1620094137.1579766}
DEBUG:transfer.py:sshpass -p PASSWORD scp -P 5000 -o StrictHostKeyChecking=no /jupiter/circe_output/preagg2_lccdec2_2jobthscore2a1#689-1#503-1#1184-1#236 root@10.107.158.202:/jupiter/circe_input/
INFO:ccdag_utils.py:runtime_stat:{"task_name": "preagg2", "event": "queue_end_process", "filename": "preagg2_lccdec2_2jobthscore2a1#689-1#503-1#1184-1#236", "unix_time": 1620094137.1623642}
preagg2_lccdec2_2jobthscore2b1#689-1#503-1#1184-1#236
INFO:ccdag_utils.py:runtime_stat:{"task_name": "preagg2", "event": "queue_end_process", "filename": "preagg2_lccdec2_2jobthscore2b1#689-1#503-1#1184-1#236", "unix_time": 1620094137.1679478}
DEBUG:transfer.py:transfer successful!
INFO:circe.py:runtime_stat:{"task_name": "circe", "event": "new_output_file", "filename": "preagg2_lccdec2_2jobthscore2b1#689-1#503-1#1184-1#236", "unix_time": 1620094137.3800373}
DEBUG:transfer.py:sshpass -p PASSWORD scp -P 5000 -o StrictHostKeyChecking=no /jupiter/circe_output/preagg2_lccdec2_2jobthscore2b1#689-1#503-1#1184-1#236 root@10.107.158.202:/jupiter/circe_input/
DEBUG:transfer.py:transfer successful!
INFO:circe.py:runtime_stat:{"task_name": "circe", "event": "new_input_file", "filename": "score2a_preagg2_2jobth1#689-1#503-1#1184-1#236", "unix_time": 1620094140.4736223}
INFO:ccdag_utils.py:runtime_stat:{"task_name": "preagg2", "event": "queue_start_process", "filename": "score2a_preagg2_2jobth1#689-1#503-1#1184-1#236", "unix_time": 1620094141.1720605}
