 * Starting OpenBSD Secure Shell server sshd
   ...done.
INFO:circe.py:Using base script lccenc.py
DEBUG:circe.py:starting the input monitoring process
DEBUG:circe.py:starting the output monitoring process
1
INFO:circe.py:runtime_stat:{"task_name": "circe", "event": "new_input_file", "filename": "storeclass1_lccenc1_883imgschoolbusjobid2.JPEG", "unix_time": 1620090325.8645632}
INFO:circe.py:runtime_stat:{"task_name": "circe", "event": "new_input_file", "filename": "storeclass1_lccenc1_381imgfireenginejobid2.JPEG", "unix_time": 1620090326.0850642}
INFO:circe.py:runtime_stat:{"task_name": "circe", "event": "new_input_file", "filename": "storeclass1_lccenc1_1179imgfireenginejobid3.JPEG", "unix_time": 1620090887.4107938}
INFO:circe.py:runtime_stat:{"task_name": "circe", "event": "new_input_file", "filename": "storeclass1_lccenc1_674imgfireenginejobid5.JPEG", "unix_time": 1620091969.5500345}
INFO:ccdag_utils.py:runtime_stat:{"task_name": "lccenc1", "event": "queue_start_process", "filename": "storeclass1_lccenc1_883imgschoolbusjobid2.JPEG", "unix_time": 1620091969.91565}
INFO:ccdag_utils.py:runtime_stat:{"task_name": "lccenc1", "event": "queue_start_process", "filename": "storeclass1_lccenc1_381imgfireenginejobid2.JPEG", "unix_time": 1620091969.9165595}
INFO:ccdag_utils.py:runtime_stat:{"task_name": "lccenc1", "event": "queue_start_process", "filename": "storeclass1_lccenc1_1179imgfireenginejobid3.JPEG", "unix_time": 1620091969.916944}
INFO:ccdag_utils.py:runtime_stat:{"task_name": "lccenc1", "event": "queue_start_process", "filename": "storeclass1_lccenc1_674imgfireenginejobid5.JPEG", "unix_time": 1620091969.9172122}
INFO:ccdag_utils.py:runtime_stat:{"task_name": "lccenc1", "event": "queue_end_process", "filename": "lccenc1_score1a_1#883-0#381-0#1179-0#674jobid1.csv", "unix_time": 1620091971.2000444}
INFO:circe.py:runtime_stat:{"task_name": "circe", "event": "new_output_file", "filename": "lccenc1_score1a_1#883-0#381-0#1179-0#674jobid1.csv", "unix_time": 1620091971.2007928}
DEBUG:transfer.py:sshpass -p PASSWORD scp -P 5000 -o StrictHostKeyChecking=no /jupiter/circe_output/lccenc1_score1a_1#883-0#381-0#1179-0#674jobid1.csv root@10.104.70.212:/jupiter/circe_input/
Warning: Permanently added '[10.104.70.212]:5000' (ECDSA) to the list of known hosts.
DEBUG:transfer.py:transfer successful!
INFO:ccdag_utils.py:runtime_stat:{"task_name": "lccenc1", "event": "queue_end_process", "filename": "lccenc1_score1b_1#883-0#381-0#1179-0#674jobid1.csv", "unix_time": 1620091972.2346356}
INFO:circe.py:runtime_stat:{"task_name": "circe", "event": "new_output_file", "filename": "lccenc1_score1b_1#883-0#381-0#1179-0#674jobid1.csv", "unix_time": 1620091972.2355697}
DEBUG:transfer.py:sshpass -p PASSWORD scp -P 5000 -o StrictHostKeyChecking=no /jupiter/circe_output/lccenc1_score1b_1#883-0#381-0#1179-0#674jobid1.csv root@10.111.101.174:/jupiter/circe_input/
Warning: Permanently added '[10.111.101.174]:5000' (ECDSA) to the list of known hosts.
DEBUG:transfer.py:transfer successful!
INFO:ccdag_utils.py:runtime_stat:{"task_name": "lccenc1", "event": "queue_end_process", "filename": "lccenc1_score1c_1#883-0#381-0#1179-0#674jobid1.csv", "unix_time": 1620091973.2349405}
INFO:circe.py:runtime_stat:{"task_name": "circe", "event": "new_output_file", "filename": "lccenc1_score1c_1#883-0#381-0#1179-0#674jobid1.csv", "unix_time": 1620091973.2363503}
DEBUG:transfer.py:sshpass -p PASSWORD scp -P 5000 -o StrictHostKeyChecking=no /jupiter/circe_output/lccenc1_score1c_1#883-0#381-0#1179-0#674jobid1.csv root@10.96.157.218:/jupiter/circe_input/
Warning: Permanently added '[10.96.157.218]:5000' (ECDSA) to the list of known hosts.
DEBUG:transfer.py:transfer successful!
INFO:circe.py:runtime_stat:{"task_name": "circe", "event": "new_input_file", "filename": "storeclass1_lccenc1_154imgfireenginejobid8.JPEG", "unix_time": 1620093567.2382264}
INFO:circe.py:runtime_stat:{"task_name": "circe", "event": "new_input_file", "filename": "storeclass1_lccenc1_1033imgfireenginejobid8.JPEG", "unix_time": 1620093568.2527382}
