 * Starting OpenBSD Secure Shell server sshd
   ...done.
INFO:circe.py:Using base script preagg.py
DEBUG:circe.py:starting the input monitoring process
DEBUG:circe.py:starting the output monitoring process
4
INFO:circe.py:runtime_stat:{"task_name": "circe", "event": "new_input_file", "filename": "score4b_preagg4_1jobth3#41759388-3#14262243-3#27479257-3#89170314", "unix_time": 1620686887.3204217}
INFO:ccdag_utils.py:runtime_stat:{"task_name": "preagg4", "event": "queue_start_process", "filename": "score4b_preagg4_1jobth3#41759388-3#14262243-3#27479257-3#89170314", "unix_time": 1620686887.7302508}
INFO:circe.py:runtime_stat:{"task_name": "circe", "event": "new_input_file", "filename": "score4c_preagg4_1jobth3#41759388-3#14262243-3#27479257-3#89170314", "unix_time": 1620686887.8559144}
INFO:ccdag_utils.py:runtime_stat:{"task_name": "preagg4", "event": "queue_start_process", "filename": "score4c_preagg4_1jobth3#41759388-3#14262243-3#27479257-3#89170314", "unix_time": 1620686888.8049223}
preagg4_lccdec4_1jobthscore4a3#41759388-3#14262243-3#27479257-3#89170314
INFO:circe.py:runtime_stat:{"task_name": "circe", "event": "new_output_file", "filename": "preagg4_lccdec4_1jobthscore4a3#41759388-3#14262243-3#27479257-3#89170314", "unix_time": 1620686888.8763134}
DEBUG:transfer.py:sshpass -p PASSWORD scp -P 5000 -o StrictHostKeyChecking=no /jupiter/circe_output/preagg4_lccdec4_1jobthscore4a3#41759388-3#14262243-3#27479257-3#89170314 root@10.97.5.38:/jupiter/circe_input/
INFO:ccdag_utils.py:runtime_stat:{"task_name": "preagg4", "event": "queue_end_process", "filename": "preagg4_lccdec4_1jobthscore4a3#41759388-3#14262243-3#27479257-3#89170314", "unix_time": 1620686888.877774}
preagg4_lccdec4_1jobthscore4b3#41759388-3#14262243-3#27479257-3#89170314
INFO:ccdag_utils.py:runtime_stat:{"task_name": "preagg4", "event": "queue_end_process", "filename": "preagg4_lccdec4_1jobthscore4b3#41759388-3#14262243-3#27479257-3#89170314", "unix_time": 1620686888.8886209}
Warning: Permanently added '[10.97.5.38]:5000' (ECDSA) to the list of known hosts.
DEBUG:transfer.py:transfer successful!
INFO:circe.py:runtime_stat:{"task_name": "circe", "event": "new_output_file", "filename": "preagg4_lccdec4_1jobthscore4b3#41759388-3#14262243-3#27479257-3#89170314", "unix_time": 1620686889.0890067}
DEBUG:transfer.py:sshpass -p PASSWORD scp -P 5000 -o StrictHostKeyChecking=no /jupiter/circe_output/preagg4_lccdec4_1jobthscore4b3#41759388-3#14262243-3#27479257-3#89170314 root@10.97.5.38:/jupiter/circe_input/
DEBUG:transfer.py:transfer successful!
INFO:circe.py:runtime_stat:{"task_name": "circe", "event": "new_input_file", "filename": "score4a_preagg4_1jobth3#41759388-3#14262243-3#27479257-3#89170314", "unix_time": 1620686896.4334283}
INFO:ccdag_utils.py:runtime_stat:{"task_name": "preagg4", "event": "queue_start_process", "filename": "score4a_preagg4_1jobth3#41759388-3#14262243-3#27479257-3#89170314", "unix_time": 1620686896.8976338}
INFO:circe.py:runtime_stat:{"task_name": "circe", "event": "new_input_file", "filename": "score4b_preagg4_2jobth3#82864800-3#61478526-3#32181634-3#67024223", "unix_time": 1620686898.921699}
INFO:ccdag_utils.py:runtime_stat:{"task_name": "preagg4", "event": "queue_start_process", "filename": "score4b_preagg4_2jobth3#82864800-3#61478526-3#32181634-3#67024223", "unix_time": 1620686898.9709008}
INFO:circe.py:runtime_stat:{"task_name": "circe", "event": "new_input_file", "filename": "score4c_preagg4_2jobth3#82864800-3#61478526-3#32181634-3#67024223", "unix_time": 1620686899.3496187}
INFO:ccdag_utils.py:runtime_stat:{"task_name": "preagg4", "event": "queue_start_process", "filename": "score4c_preagg4_2jobth3#82864800-3#61478526-3#32181634-3#67024223", "unix_time": 1620686900.0313451}
preagg4_lccdec4_2jobthscore4a3#82864800-3#61478526-3#32181634-3#67024223
INFO:ccdag_utils.py:runtime_stat:{"task_name": "preagg4", "event": "queue_end_process", "filename": "preagg4_lccdec4_2jobthscore4a3#82864800-3#61478526-3#32181634-3#67024223", "unix_time": 1620686900.096182}
preagg4_lccdec4_2jobthscore4b3#82864800-3#61478526-3#32181634-3#67024223
INFO:circe.py:runtime_stat:{"task_name": "circe", "event": "new_output_file", "filename": "preagg4_lccdec4_2jobthscore4a3#82864800-3#61478526-3#32181634-3#67024223", "unix_time": 1620686900.099828}
DEBUG:transfer.py:sshpass -p PASSWORD scp -P 5000 -o StrictHostKeyChecking=no /jupiter/circe_output/preagg4_lccdec4_2jobthscore4a3#82864800-3#61478526-3#32181634-3#67024223 root@10.97.5.38:/jupiter/circe_input/
INFO:ccdag_utils.py:runtime_stat:{"task_name": "preagg4", "event": "queue_end_process", "filename": "preagg4_lccdec4_2jobthscore4b3#82864800-3#61478526-3#32181634-3#67024223", "unix_time": 1620686900.1147637}
DEBUG:transfer.py:transfer successful!
INFO:circe.py:runtime_stat:{"task_name": "circe", "event": "new_output_file", "filename": "preagg4_lccdec4_2jobthscore4b3#82864800-3#61478526-3#32181634-3#67024223", "unix_time": 1620686900.395102}
DEBUG:transfer.py:sshpass -p PASSWORD scp -P 5000 -o StrictHostKeyChecking=no /jupiter/circe_output/preagg4_lccdec4_2jobthscore4b3#82864800-3#61478526-3#32181634-3#67024223 root@10.97.5.38:/jupiter/circe_input/
DEBUG:transfer.py:transfer successful!
INFO:circe.py:runtime_stat:{"task_name": "circe", "event": "new_input_file", "filename": "score4b_preagg4_3jobth3#84183619-3#85576259-3#08899074-3#55208304", "unix_time": 1620686901.4184844}
INFO:circe.py:runtime_stat:{"task_name": "circe", "event": "new_input_file", "filename": "score4c_preagg4_3jobth3#84183619-3#85576259-3#08899074-3#55208304", "unix_time": 1620686901.8585327}
INFO:ccdag_utils.py:runtime_stat:{"task_name": "preagg4", "event": "queue_start_process", "filename": "score4b_preagg4_3jobth3#84183619-3#85576259-3#08899074-3#55208304", "unix_time": 1620686902.1177676}
INFO:ccdag_utils.py:runtime_stat:{"task_name": "preagg4", "event": "queue_start_process", "filename": "score4c_preagg4_3jobth3#84183619-3#85576259-3#08899074-3#55208304", "unix_time": 1620686902.184094}
preagg4_lccdec4_3jobthscore4a3#84183619-3#85576259-3#08899074-3#55208304
INFO:circe.py:runtime_stat:{"task_name": "circe", "event": "new_output_file", "filename": "preagg4_lccdec4_3jobthscore4a3#84183619-3#85576259-3#08899074-3#55208304", "unix_time": 1620686902.2543416}
DEBUG:transfer.py:sshpass -p PASSWORD scp -P 5000 -o StrictHostKeyChecking=no /jupiter/circe_output/preagg4_lccdec4_3jobthscore4a3#84183619-3#85576259-3#08899074-3#55208304 root@10.97.5.38:/jupiter/circe_input/
INFO:ccdag_utils.py:runtime_stat:{"task_name": "preagg4", "event": "queue_end_process", "filename": "preagg4_lccdec4_3jobthscore4a3#84183619-3#85576259-3#08899074-3#55208304", "unix_time": 1620686902.2609327}
preagg4_lccdec4_3jobthscore4b3#84183619-3#85576259-3#08899074-3#55208304
INFO:ccdag_utils.py:runtime_stat:{"task_name": "preagg4", "event": "queue_end_process", "filename": "preagg4_lccdec4_3jobthscore4b3#84183619-3#85576259-3#08899074-3#55208304", "unix_time": 1620686902.266553}
DEBUG:transfer.py:transfer successful!
INFO:circe.py:runtime_stat:{"task_name": "circe", "event": "new_output_file", "filename": "preagg4_lccdec4_3jobthscore4b3#84183619-3#85576259-3#08899074-3#55208304", "unix_time": 1620686902.4951222}
DEBUG:transfer.py:sshpass -p PASSWORD scp -P 5000 -o StrictHostKeyChecking=no /jupiter/circe_output/preagg4_lccdec4_3jobthscore4b3#84183619-3#85576259-3#08899074-3#55208304 root@10.97.5.38:/jupiter/circe_input/
DEBUG:transfer.py:transfer successful!
INFO:circe.py:runtime_stat:{"task_name": "circe", "event": "new_input_file", "filename": "score4b_preagg4_4jobth3#97857475-3#86566656-3#69985436-3#15799341", "unix_time": 1620686907.982223}
INFO:circe.py:runtime_stat:{"task_name": "circe", "event": "new_input_file", "filename": "score4a_preagg4_2jobth3#82864800-3#61478526-3#32181634-3#67024223", "unix_time": 1620686908.0035164}
INFO:ccdag_utils.py:runtime_stat:{"task_name": "preagg4", "event": "queue_start_process", "filename": "score4b_preagg4_4jobth3#97857475-3#86566656-3#69985436-3#15799341", "unix_time": 1620686908.2783282}
INFO:ccdag_utils.py:runtime_stat:{"task_name": "preagg4", "event": "queue_start_process", "filename": "score4a_preagg4_2jobth3#82864800-3#61478526-3#32181634-3#67024223", "unix_time": 1620686908.3436344}
INFO:circe.py:runtime_stat:{"task_name": "circe", "event": "new_input_file", "filename": "score4c_preagg4_4jobth3#97857475-3#86566656-3#69985436-3#15799341", "unix_time": 1620686909.4709375}
INFO:ccdag_utils.py:runtime_stat:{"task_name": "preagg4", "event": "queue_start_process", "filename": "score4c_preagg4_4jobth3#97857475-3#86566656-3#69985436-3#15799341", "unix_time": 1620686910.4068239}
preagg4_lccdec4_4jobthscore4a3#97857475-3#86566656-3#69985436-3#15799341
INFO:circe.py:runtime_stat:{"task_name": "circe", "event": "new_output_file", "filename": "preagg4_lccdec4_4jobthscore4a3#97857475-3#86566656-3#69985436-3#15799341", "unix_time": 1620686910.4707851}
DEBUG:transfer.py:sshpass -p PASSWORD scp -P 5000 -o StrictHostKeyChecking=no /jupiter/circe_output/preagg4_lccdec4_4jobthscore4a3#97857475-3#86566656-3#69985436-3#15799341 root@10.97.5.38:/jupiter/circe_input/
INFO:ccdag_utils.py:runtime_stat:{"task_name": "preagg4", "event": "queue_end_process", "filename": "preagg4_lccdec4_4jobthscore4a3#97857475-3#86566656-3#69985436-3#15799341", "unix_time": 1620686910.477031}
preagg4_lccdec4_4jobthscore4b3#97857475-3#86566656-3#69985436-3#15799341
INFO:ccdag_utils.py:runtime_stat:{"task_name": "preagg4", "event": "queue_end_process", "filename": "preagg4_lccdec4_4jobthscore4b3#97857475-3#86566656-3#69985436-3#15799341", "unix_time": 1620686910.4833965}
DEBUG:transfer.py:transfer successful!
INFO:circe.py:runtime_stat:{"task_name": "circe", "event": "new_output_file", "filename": "preagg4_lccdec4_4jobthscore4b3#97857475-3#86566656-3#69985436-3#15799341", "unix_time": 1620686910.6986995}
DEBUG:transfer.py:sshpass -p PASSWORD scp -P 5000 -o StrictHostKeyChecking=no /jupiter/circe_output/preagg4_lccdec4_4jobthscore4b3#97857475-3#86566656-3#69985436-3#15799341 root@10.97.5.38:/jupiter/circe_input/
DEBUG:transfer.py:transfer successful!
INFO:circe.py:runtime_stat:{"task_name": "circe", "event": "new_input_file", "filename": "score4b_preagg4_5jobth3#47504960-3#79161244-3#33524835-3#44799478", "unix_time": 1620686919.4896958}
INFO:ccdag_utils.py:runtime_stat:{"task_name": "preagg4", "event": "queue_start_process", "filename": "score4b_preagg4_5jobth3#47504960-3#79161244-3#33524835-3#44799478", "unix_time": 1620686919.4940796}
INFO:circe.py:runtime_stat:{"task_name": "circe", "event": "new_input_file", "filename": "score4a_preagg4_3jobth3#84183619-3#85576259-3#08899074-3#55208304", "unix_time": 1620686919.5579846}
INFO:ccdag_utils.py:runtime_stat:{"task_name": "preagg4", "event": "queue_start_process", "filename": "score4a_preagg4_3jobth3#84183619-3#85576259-3#08899074-3#55208304", "unix_time": 1620686920.559309}
INFO:circe.py:runtime_stat:{"task_name": "circe", "event": "new_input_file", "filename": "score4c_preagg4_5jobth3#47504960-3#79161244-3#33524835-3#44799478", "unix_time": 1620686920.9405558}
INFO:ccdag_utils.py:runtime_stat:{"task_name": "preagg4", "event": "queue_start_process", "filename": "score4c_preagg4_5jobth3#47504960-3#79161244-3#33524835-3#44799478", "unix_time": 1620686921.619075}
preagg4_lccdec4_5jobthscore4a3#47504960-3#79161244-3#33524835-3#44799478
INFO:circe.py:runtime_stat:{"task_name": "circe", "event": "new_output_file", "filename": "preagg4_lccdec4_5jobthscore4a3#47504960-3#79161244-3#33524835-3#44799478", "unix_time": 1620686921.6842642}
DEBUG:transfer.py:sshpass -p PASSWORD scp -P 5000 -o StrictHostKeyChecking=no /jupiter/circe_output/preagg4_lccdec4_5jobthscore4a3#47504960-3#79161244-3#33524835-3#44799478 root@10.97.5.38:/jupiter/circe_input/
INFO:ccdag_utils.py:runtime_stat:{"task_name": "preagg4", "event": "queue_end_process", "filename": "preagg4_lccdec4_5jobthscore4a3#47504960-3#79161244-3#33524835-3#44799478", "unix_time": 1620686921.6909776}
preagg4_lccdec4_5jobthscore4b3#47504960-3#79161244-3#33524835-3#44799478
INFO:ccdag_utils.py:runtime_stat:{"task_name": "preagg4", "event": "queue_end_process", "filename": "preagg4_lccdec4_5jobthscore4b3#47504960-3#79161244-3#33524835-3#44799478", "unix_time": 1620686921.6971393}
DEBUG:transfer.py:transfer successful!
INFO:circe.py:runtime_stat:{"task_name": "circe", "event": "new_output_file", "filename": "preagg4_lccdec4_5jobthscore4b3#47504960-3#79161244-3#33524835-3#44799478", "unix_time": 1620686921.896065}
DEBUG:transfer.py:sshpass -p PASSWORD scp -P 5000 -o StrictHostKeyChecking=no /jupiter/circe_output/preagg4_lccdec4_5jobthscore4b3#47504960-3#79161244-3#33524835-3#44799478 root@10.97.5.38:/jupiter/circe_input/
DEBUG:transfer.py:transfer successful!
INFO:circe.py:runtime_stat:{"task_name": "circe", "event": "new_input_file", "filename": "score4b_preagg4_6jobth3#53922626-3#93116657-3#97920196-3#47669822", "unix_time": 1620686922.941236}
INFO:circe.py:runtime_stat:{"task_name": "circe", "event": "new_input_file", "filename": "score4c_preagg4_6jobth3#53922626-3#93116657-3#97920196-3#47669822", "unix_time": 1620686923.4535654}
INFO:ccdag_utils.py:runtime_stat:{"task_name": "preagg4", "event": "queue_start_process", "filename": "score4b_preagg4_6jobth3#53922626-3#93116657-3#97920196-3#47669822", "unix_time": 1620686923.7000985}
INFO:ccdag_utils.py:runtime_stat:{"task_name": "preagg4", "event": "queue_start_process", "filename": "score4c_preagg4_6jobth3#53922626-3#93116657-3#97920196-3#47669822", "unix_time": 1620686923.7647772}
preagg4_lccdec4_6jobthscore4a3#53922626-3#93116657-3#97920196-3#47669822
INFO:circe.py:runtime_stat:{"task_name": "circe", "event": "new_output_file", "filename": "preagg4_lccdec4_6jobthscore4a3#53922626-3#93116657-3#97920196-3#47669822", "unix_time": 1620686923.8280733}
DEBUG:transfer.py:sshpass -p PASSWORD scp -P 5000 -o StrictHostKeyChecking=no /jupiter/circe_output/preagg4_lccdec4_6jobthscore4a3#53922626-3#93116657-3#97920196-3#47669822 root@10.97.5.38:/jupiter/circe_input/
INFO:ccdag_utils.py:runtime_stat:{"task_name": "preagg4", "event": "queue_end_process", "filename": "preagg4_lccdec4_6jobthscore4a3#53922626-3#93116657-3#97920196-3#47669822", "unix_time": 1620686923.8324492}
preagg4_lccdec4_6jobthscore4b3#53922626-3#93116657-3#97920196-3#47669822
INFO:ccdag_utils.py:runtime_stat:{"task_name": "preagg4", "event": "queue_end_process", "filename": "preagg4_lccdec4_6jobthscore4b3#53922626-3#93116657-3#97920196-3#47669822", "unix_time": 1620686923.8389997}
DEBUG:transfer.py:transfer successful!
INFO:circe.py:runtime_stat:{"task_name": "circe", "event": "new_output_file", "filename": "preagg4_lccdec4_6jobthscore4b3#53922626-3#93116657-3#97920196-3#47669822", "unix_time": 1620686924.048015}
DEBUG:transfer.py:sshpass -p PASSWORD scp -P 5000 -o StrictHostKeyChecking=no /jupiter/circe_output/preagg4_lccdec4_6jobthscore4b3#53922626-3#93116657-3#97920196-3#47669822 root@10.97.5.38:/jupiter/circe_input/
DEBUG:transfer.py:transfer successful!
INFO:circe.py:runtime_stat:{"task_name": "circe", "event": "new_input_file", "filename": "score4b_preagg4_7jobth3#64003545-3#05296896-3#78303967-3#31794410", "unix_time": 1620686926.4755857}
INFO:ccdag_utils.py:runtime_stat:{"task_name": "preagg4", "event": "queue_start_process", "filename": "score4b_preagg4_7jobth3#64003545-3#05296896-3#78303967-3#31794410", "unix_time": 1620686926.8428538}
INFO:circe.py:runtime_stat:{"task_name": "circe", "event": "new_input_file", "filename": "score4c_preagg4_7jobth3#64003545-3#05296896-3#78303967-3#31794410", "unix_time": 1620686926.9722786}
INFO:ccdag_utils.py:runtime_stat:{"task_name": "preagg4", "event": "queue_start_process", "filename": "score4c_preagg4_7jobth3#64003545-3#05296896-3#78303967-3#31794410", "unix_time": 1620686927.9017673}
preagg4_lccdec4_7jobthscore4a3#64003545-3#05296896-3#78303967-3#31794410
INFO:circe.py:runtime_stat:{"task_name": "circe", "event": "new_output_file", "filename": "preagg4_lccdec4_7jobthscore4a3#64003545-3#05296896-3#78303967-3#31794410", "unix_time": 1620686927.9671187}
DEBUG:transfer.py:sshpass -p PASSWORD scp -P 5000 -o StrictHostKeyChecking=no /jupiter/circe_output/preagg4_lccdec4_7jobthscore4a3#64003545-3#05296896-3#78303967-3#31794410 root@10.97.5.38:/jupiter/circe_input/
INFO:ccdag_utils.py:runtime_stat:{"task_name": "preagg4", "event": "queue_end_process", "filename": "preagg4_lccdec4_7jobthscore4a3#64003545-3#05296896-3#78303967-3#31794410", "unix_time": 1620686927.9728477}
preagg4_lccdec4_7jobthscore4b3#64003545-3#05296896-3#78303967-3#31794410
INFO:ccdag_utils.py:runtime_stat:{"task_name": "preagg4", "event": "queue_end_process", "filename": "preagg4_lccdec4_7jobthscore4b3#64003545-3#05296896-3#78303967-3#31794410", "unix_time": 1620686927.978981}
DEBUG:transfer.py:transfer successful!
INFO:circe.py:runtime_stat:{"task_name": "circe", "event": "new_output_file", "filename": "preagg4_lccdec4_7jobthscore4b3#64003545-3#05296896-3#78303967-3#31794410", "unix_time": 1620686928.1859188}
DEBUG:transfer.py:sshpass -p PASSWORD scp -P 5000 -o StrictHostKeyChecking=no /jupiter/circe_output/preagg4_lccdec4_7jobthscore4b3#64003545-3#05296896-3#78303967-3#31794410 root@10.97.5.38:/jupiter/circe_input/
DEBUG:transfer.py:transfer successful!
INFO:circe.py:runtime_stat:{"task_name": "circe", "event": "new_input_file", "filename": "score4a_preagg4_4jobth3#97857475-3#86566656-3#69985436-3#15799341", "unix_time": 1620686931.0496101}
INFO:ccdag_utils.py:runtime_stat:{"task_name": "preagg4", "event": "queue_start_process", "filename": "score4a_preagg4_4jobth3#97857475-3#86566656-3#69985436-3#15799341", "unix_time": 1620686931.983994}
INFO:circe.py:runtime_stat:{"task_name": "circe", "event": "new_input_file", "filename": "score4b_preagg4_8jobth3#40260016-3#01865397-3#36954823-3#33833268", "unix_time": 1620686932.0345674}
INFO:ccdag_utils.py:runtime_stat:{"task_name": "preagg4", "event": "queue_start_process", "filename": "score4b_preagg4_8jobth3#40260016-3#01865397-3#36954823-3#33833268", "unix_time": 1620686932.0506203}
INFO:circe.py:runtime_stat:{"task_name": "circe", "event": "new_input_file", "filename": "score4c_preagg4_8jobth3#40260016-3#01865397-3#36954823-3#33833268", "unix_time": 1620686933.4822602}
INFO:ccdag_utils.py:runtime_stat:{"task_name": "preagg4", "event": "queue_start_process", "filename": "score4c_preagg4_8jobth3#40260016-3#01865397-3#36954823-3#33833268", "unix_time": 1620686934.1141844}
preagg4_lccdec4_8jobthscore4a3#40260016-3#01865397-3#36954823-3#33833268
INFO:circe.py:runtime_stat:{"task_name": "circe", "event": "new_output_file", "filename": "preagg4_lccdec4_8jobthscore4a3#40260016-3#01865397-3#36954823-3#33833268", "unix_time": 1620686934.186296}
DEBUG:transfer.py:sshpass -p PASSWORD scp -P 5000 -o StrictHostKeyChecking=no /jupiter/circe_output/preagg4_lccdec4_8jobthscore4a3#40260016-3#01865397-3#36954823-3#33833268 root@10.97.5.38:/jupiter/circe_input/
INFO:ccdag_utils.py:runtime_stat:{"task_name": "preagg4", "event": "queue_end_process", "filename": "preagg4_lccdec4_8jobthscore4a3#40260016-3#01865397-3#36954823-3#33833268", "unix_time": 1620686934.191187}
preagg4_lccdec4_8jobthscore4b3#40260016-3#01865397-3#36954823-3#33833268
INFO:ccdag_utils.py:runtime_stat:{"task_name": "preagg4", "event": "queue_end_process", "filename": "preagg4_lccdec4_8jobthscore4b3#40260016-3#01865397-3#36954823-3#33833268", "unix_time": 1620686934.1980557}
DEBUG:transfer.py:transfer successful!
INFO:circe.py:runtime_stat:{"task_name": "circe", "event": "new_output_file", "filename": "preagg4_lccdec4_8jobthscore4b3#40260016-3#01865397-3#36954823-3#33833268", "unix_time": 1620686934.40422}
DEBUG:transfer.py:sshpass -p PASSWORD scp -P 5000 -o StrictHostKeyChecking=no /jupiter/circe_output/preagg4_lccdec4_8jobthscore4b3#40260016-3#01865397-3#36954823-3#33833268 root@10.97.5.38:/jupiter/circe_input/
DEBUG:transfer.py:transfer successful!
INFO:circe.py:runtime_stat:{"task_name": "circe", "event": "new_input_file", "filename": "score4b_preagg4_9jobth3#48844014-3#50141169-3#95368740-3#50417657", "unix_time": 1620686935.564469}
INFO:circe.py:runtime_stat:{"task_name": "circe", "event": "new_input_file", "filename": "score4c_preagg4_9jobth3#48844014-3#50141169-3#95368740-3#50417657", "unix_time": 1620686935.9925296}
INFO:ccdag_utils.py:runtime_stat:{"task_name": "preagg4", "event": "queue_start_process", "filename": "score4b_preagg4_9jobth3#48844014-3#50141169-3#95368740-3#50417657", "unix_time": 1620686936.2000697}
INFO:ccdag_utils.py:runtime_stat:{"task_name": "preagg4", "event": "queue_start_process", "filename": "score4c_preagg4_9jobth3#48844014-3#50141169-3#95368740-3#50417657", "unix_time": 1620686936.266398}
preagg4_lccdec4_9jobthscore4a3#48844014-3#50141169-3#95368740-3#50417657
INFO:circe.py:runtime_stat:{"task_name": "circe", "event": "new_output_file", "filename": "preagg4_lccdec4_9jobthscore4a3#48844014-3#50141169-3#95368740-3#50417657", "unix_time": 1620686936.3316717}
DEBUG:transfer.py:sshpass -p PASSWORD scp -P 5000 -o StrictHostKeyChecking=no /jupiter/circe_output/preagg4_lccdec4_9jobthscore4a3#48844014-3#50141169-3#95368740-3#50417657 root@10.97.5.38:/jupiter/circe_input/
INFO:ccdag_utils.py:runtime_stat:{"task_name": "preagg4", "event": "queue_end_process", "filename": "preagg4_lccdec4_9jobthscore4a3#48844014-3#50141169-3#95368740-3#50417657", "unix_time": 1620686936.3363729}
preagg4_lccdec4_9jobthscore4b3#48844014-3#50141169-3#95368740-3#50417657
INFO:ccdag_utils.py:runtime_stat:{"task_name": "preagg4", "event": "queue_end_process", "filename": "preagg4_lccdec4_9jobthscore4b3#48844014-3#50141169-3#95368740-3#50417657", "unix_time": 1620686936.343476}
DEBUG:transfer.py:transfer successful!
INFO:circe.py:runtime_stat:{"task_name": "circe", "event": "new_output_file", "filename": "preagg4_lccdec4_9jobthscore4b3#48844014-3#50141169-3#95368740-3#50417657", "unix_time": 1620686936.5474057}
DEBUG:transfer.py:sshpass -p PASSWORD scp -P 5000 -o StrictHostKeyChecking=no /jupiter/circe_output/preagg4_lccdec4_9jobthscore4b3#48844014-3#50141169-3#95368740-3#50417657 root@10.97.5.38:/jupiter/circe_input/
DEBUG:transfer.py:transfer successful!
INFO:circe.py:runtime_stat:{"task_name": "circe", "event": "new_input_file", "filename": "score4a_preagg4_5jobth3#47504960-3#79161244-3#33524835-3#44799478", "unix_time": 1620686943.5097804}
INFO:ccdag_utils.py:runtime_stat:{"task_name": "preagg4", "event": "queue_start_process", "filename": "score4a_preagg4_5jobth3#47504960-3#79161244-3#33524835-3#44799478", "unix_time": 1620686944.3520112}
INFO:circe.py:runtime_stat:{"task_name": "circe", "event": "new_input_file", "filename": "score4a_preagg4_6jobth3#53922626-3#93116657-3#97920196-3#47669822", "unix_time": 1620686955.0314515}
INFO:ccdag_utils.py:runtime_stat:{"task_name": "preagg4", "event": "queue_start_process", "filename": "score4a_preagg4_6jobth3#53922626-3#93116657-3#97920196-3#47669822", "unix_time": 1620686955.4437056}
INFO:circe.py:runtime_stat:{"task_name": "circe", "event": "new_input_file", "filename": "score4a_preagg4_7jobth3#64003545-3#05296896-3#78303967-3#31794410", "unix_time": 1620686966.683597}
INFO:ccdag_utils.py:runtime_stat:{"task_name": "preagg4", "event": "queue_start_process", "filename": "score4a_preagg4_7jobth3#64003545-3#05296896-3#78303967-3#31794410", "unix_time": 1620686967.514928}
INFO:circe.py:runtime_stat:{"task_name": "circe", "event": "new_input_file", "filename": "score4a_preagg4_8jobth3#40260016-3#01865397-3#36954823-3#33833268", "unix_time": 1620686978.1637168}
INFO:ccdag_utils.py:runtime_stat:{"task_name": "preagg4", "event": "queue_start_process", "filename": "score4a_preagg4_8jobth3#40260016-3#01865397-3#36954823-3#33833268", "unix_time": 1620686978.5864496}
INFO:circe.py:runtime_stat:{"task_name": "circe", "event": "new_input_file", "filename": "score4a_preagg4_9jobth3#48844014-3#50141169-3#95368740-3#50417657", "unix_time": 1620686990.4793587}
INFO:ccdag_utils.py:runtime_stat:{"task_name": "preagg4", "event": "queue_start_process", "filename": "score4a_preagg4_9jobth3#48844014-3#50141169-3#95368740-3#50417657", "unix_time": 1620686990.6560035}
