 * Starting OpenBSD Secure Shell server sshd
   ...done.
INFO:circe.py:Using base script lccdec.py
DEBUG:circe.py:starting the input monitoring process
DEBUG:circe.py:starting the output monitoring process
INFO:circe.py:runtime_stat:{"task_name": "circe", "event": "new_input_file", "filename": "preagg3_lccdec3_1jobthscore3a2#23051708-2#49038040-2#48288036-2#22951391", "unix_time": 1620683412.198984}
INFO:ccdag_utils.py:runtime_stat:{"task_name": "lccdec3", "event": "queue_start_process", "filename": "preagg3_lccdec3_1jobthscore3a2#23051708-2#49038040-2#48288036-2#22951391", "unix_time": 1620683412.1997497}
INFO:circe.py:runtime_stat:{"task_name": "circe", "event": "new_input_file", "filename": "preagg3_lccdec3_1jobthscore3b2#23051708-2#49038040-2#48288036-2#22951391", "unix_time": 1620683412.4134285}
INFO:ccdag_utils.py:runtime_stat:{"task_name": "lccdec3", "event": "queue_start_process", "filename": "preagg3_lccdec3_1jobthscore3b2#23051708-2#49038040-2#48288036-2#22951391", "unix_time": 1620683412.4144256}
INFO:circe.py:runtime_stat:{"task_name": "circe", "event": "new_output_file", "filename": "lccdec3_home_1jobth2#23051708-2#49038040-2#48288036-2#22951391", "unix_time": 1620683412.4361334}
DEBUG:transfer.py:sshpass -p PASSWORD scp -P 5000 -o StrictHostKeyChecking=no /jupiter/circe_output/lccdec3_home_1jobth2#23051708-2#49038040-2#48288036-2#22951391 root@10.108.154.59:/jupiter/circe_input/
INFO:ccdag_utils.py:runtime_stat:{"task_name": "lccdec3", "event": "queue_end_process", "filename": "lccdec3_home_1jobth2#23051708-2#49038040-2#48288036-2#22951391", "unix_time": 1620683412.4408789}
Warning: Permanently added '[10.108.154.59]:5000' (ECDSA) to the list of known hosts.
DEBUG:transfer.py:transfer successful!
INFO:circe.py:runtime_stat:{"task_name": "circe", "event": "new_input_file", "filename": "preagg3_lccdec3_2jobthscore3a2#81130812-2#84529646-2#30048242-2#18397386", "unix_time": 1620683425.4049568}
INFO:ccdag_utils.py:runtime_stat:{"task_name": "lccdec3", "event": "queue_start_process", "filename": "preagg3_lccdec3_2jobthscore3a2#81130812-2#84529646-2#30048242-2#18397386", "unix_time": 1620683425.405411}
INFO:circe.py:runtime_stat:{"task_name": "circe", "event": "new_input_file", "filename": "preagg3_lccdec3_2jobthscore3b2#81130812-2#84529646-2#30048242-2#18397386", "unix_time": 1620683425.6153524}
INFO:ccdag_utils.py:runtime_stat:{"task_name": "lccdec3", "event": "queue_start_process", "filename": "preagg3_lccdec3_2jobthscore3b2#81130812-2#84529646-2#30048242-2#18397386", "unix_time": 1620683425.6159616}
INFO:ccdag_utils.py:runtime_stat:{"task_name": "lccdec3", "event": "queue_end_process", "filename": "lccdec3_home_2jobth2#81130812-2#84529646-2#30048242-2#18397386", "unix_time": 1620683425.6317616}
INFO:circe.py:runtime_stat:{"task_name": "circe", "event": "new_output_file", "filename": "lccdec3_home_2jobth2#81130812-2#84529646-2#30048242-2#18397386", "unix_time": 1620683425.633545}
DEBUG:transfer.py:sshpass -p PASSWORD scp -P 5000 -o StrictHostKeyChecking=no /jupiter/circe_output/lccdec3_home_2jobth2#81130812-2#84529646-2#30048242-2#18397386 root@10.108.154.59:/jupiter/circe_input/
DEBUG:transfer.py:transfer successful!
INFO:circe.py:runtime_stat:{"task_name": "circe", "event": "new_input_file", "filename": "preagg3_lccdec3_3jobthscore3a2#28965387-2#02202301-2#84295291-2#21961240", "unix_time": 1620683435.60101}
INFO:ccdag_utils.py:runtime_stat:{"task_name": "lccdec3", "event": "queue_start_process", "filename": "preagg3_lccdec3_3jobthscore3a2#28965387-2#02202301-2#84295291-2#21961240", "unix_time": 1620683435.6018305}
INFO:circe.py:runtime_stat:{"task_name": "circe", "event": "new_input_file", "filename": "preagg3_lccdec3_3jobthscore3b2#28965387-2#02202301-2#84295291-2#21961240", "unix_time": 1620683435.8120062}
INFO:ccdag_utils.py:runtime_stat:{"task_name": "lccdec3", "event": "queue_start_process", "filename": "preagg3_lccdec3_3jobthscore3b2#28965387-2#02202301-2#84295291-2#21961240", "unix_time": 1620683435.8127108}
INFO:circe.py:runtime_stat:{"task_name": "circe", "event": "new_output_file", "filename": "lccdec3_home_3jobth2#28965387-2#02202301-2#84295291-2#21961240", "unix_time": 1620683435.827504}
DEBUG:transfer.py:sshpass -p PASSWORD scp -P 5000 -o StrictHostKeyChecking=no /jupiter/circe_output/lccdec3_home_3jobth2#28965387-2#02202301-2#84295291-2#21961240 root@10.108.154.59:/jupiter/circe_input/
INFO:ccdag_utils.py:runtime_stat:{"task_name": "lccdec3", "event": "queue_end_process", "filename": "lccdec3_home_3jobth2#28965387-2#02202301-2#84295291-2#21961240", "unix_time": 1620683435.832818}
DEBUG:transfer.py:transfer successful!
INFO:circe.py:runtime_stat:{"task_name": "circe", "event": "new_input_file", "filename": "preagg3_lccdec3_4jobthscore3a2#87628162-2#91434977-2#16372805-2#52111596", "unix_time": 1620683443.7826214}
INFO:ccdag_utils.py:runtime_stat:{"task_name": "lccdec3", "event": "queue_start_process", "filename": "preagg3_lccdec3_4jobthscore3a2#87628162-2#91434977-2#16372805-2#52111596", "unix_time": 1620683443.7830343}
INFO:circe.py:runtime_stat:{"task_name": "circe", "event": "new_input_file", "filename": "preagg3_lccdec3_4jobthscore3b2#87628162-2#91434977-2#16372805-2#52111596", "unix_time": 1620683443.9827836}
INFO:ccdag_utils.py:runtime_stat:{"task_name": "lccdec3", "event": "queue_start_process", "filename": "preagg3_lccdec3_4jobthscore3b2#87628162-2#91434977-2#16372805-2#52111596", "unix_time": 1620683443.9831882}
INFO:circe.py:runtime_stat:{"task_name": "circe", "event": "new_output_file", "filename": "lccdec3_home_4jobth2#87628162-2#91434977-2#16372805-2#52111596", "unix_time": 1620683443.9980426}
DEBUG:transfer.py:sshpass -p PASSWORD scp -P 5000 -o StrictHostKeyChecking=no /jupiter/circe_output/lccdec3_home_4jobth2#87628162-2#91434977-2#16372805-2#52111596 root@10.108.154.59:/jupiter/circe_input/
INFO:ccdag_utils.py:runtime_stat:{"task_name": "lccdec3", "event": "queue_end_process", "filename": "lccdec3_home_4jobth2#87628162-2#91434977-2#16372805-2#52111596", "unix_time": 1620683443.999341}
DEBUG:transfer.py:transfer successful!
INFO:circe.py:runtime_stat:{"task_name": "circe", "event": "new_input_file", "filename": "preagg3_lccdec3_5jobthscore3a2#86287610-2#68466544-2#30935215-2#32878804", "unix_time": 1620683454.9466016}
INFO:ccdag_utils.py:runtime_stat:{"task_name": "lccdec3", "event": "queue_start_process", "filename": "preagg3_lccdec3_5jobthscore3a2#86287610-2#68466544-2#30935215-2#32878804", "unix_time": 1620683454.9473395}
INFO:circe.py:runtime_stat:{"task_name": "circe", "event": "new_input_file", "filename": "preagg3_lccdec3_5jobthscore3b2#86287610-2#68466544-2#30935215-2#32878804", "unix_time": 1620683455.192251}
INFO:ccdag_utils.py:runtime_stat:{"task_name": "lccdec3", "event": "queue_start_process", "filename": "preagg3_lccdec3_5jobthscore3b2#86287610-2#68466544-2#30935215-2#32878804", "unix_time": 1620683455.1929498}
INFO:circe.py:runtime_stat:{"task_name": "circe", "event": "new_output_file", "filename": "lccdec3_home_5jobth2#86287610-2#68466544-2#30935215-2#32878804", "unix_time": 1620683455.2081118}
DEBUG:transfer.py:sshpass -p PASSWORD scp -P 5000 -o StrictHostKeyChecking=no /jupiter/circe_output/lccdec3_home_5jobth2#86287610-2#68466544-2#30935215-2#32878804 root@10.108.154.59:/jupiter/circe_input/
INFO:ccdag_utils.py:runtime_stat:{"task_name": "lccdec3", "event": "queue_end_process", "filename": "lccdec3_home_5jobth2#86287610-2#68466544-2#30935215-2#32878804", "unix_time": 1620683455.2095299}
DEBUG:transfer.py:transfer successful!
INFO:circe.py:runtime_stat:{"task_name": "circe", "event": "new_input_file", "filename": "preagg3_lccdec3_6jobthscore3a2#57327425-2#65245590-2#37816212-2#67026445", "unix_time": 1620683501.287307}
INFO:ccdag_utils.py:runtime_stat:{"task_name": "lccdec3", "event": "queue_start_process", "filename": "preagg3_lccdec3_6jobthscore3a2#57327425-2#65245590-2#37816212-2#67026445", "unix_time": 1620683501.2878773}
INFO:circe.py:runtime_stat:{"task_name": "circe", "event": "new_input_file", "filename": "preagg3_lccdec3_6jobthscore3b2#57327425-2#65245590-2#37816212-2#67026445", "unix_time": 1620683501.4966352}
INFO:ccdag_utils.py:runtime_stat:{"task_name": "lccdec3", "event": "queue_start_process", "filename": "preagg3_lccdec3_6jobthscore3b2#57327425-2#65245590-2#37816212-2#67026445", "unix_time": 1620683501.4971814}
INFO:circe.py:runtime_stat:{"task_name": "circe", "event": "new_output_file", "filename": "lccdec3_home_6jobth2#57327425-2#65245590-2#37816212-2#67026445", "unix_time": 1620683501.5111234}
DEBUG:transfer.py:sshpass -p PASSWORD scp -P 5000 -o StrictHostKeyChecking=no /jupiter/circe_output/lccdec3_home_6jobth2#57327425-2#65245590-2#37816212-2#67026445 root@10.108.154.59:/jupiter/circe_input/
INFO:ccdag_utils.py:runtime_stat:{"task_name": "lccdec3", "event": "queue_end_process", "filename": "lccdec3_home_6jobth2#57327425-2#65245590-2#37816212-2#67026445", "unix_time": 1620683501.5149684}
DEBUG:transfer.py:transfer successful!
INFO:circe.py:runtime_stat:{"task_name": "circe", "event": "new_input_file", "filename": "preagg3_lccdec3_7jobthscore3a2#02252812-2#00122398-2#32634427-2#62621402", "unix_time": 1620683524.5070534}
INFO:ccdag_utils.py:runtime_stat:{"task_name": "lccdec3", "event": "queue_start_process", "filename": "preagg3_lccdec3_7jobthscore3a2#02252812-2#00122398-2#32634427-2#62621402", "unix_time": 1620683524.5075045}
INFO:circe.py:runtime_stat:{"task_name": "circe", "event": "new_input_file", "filename": "preagg3_lccdec3_7jobthscore3b2#02252812-2#00122398-2#32634427-2#62621402", "unix_time": 1620683524.7321546}
INFO:ccdag_utils.py:runtime_stat:{"task_name": "lccdec3", "event": "queue_start_process", "filename": "preagg3_lccdec3_7jobthscore3b2#02252812-2#00122398-2#32634427-2#62621402", "unix_time": 1620683524.7328439}
INFO:circe.py:runtime_stat:{"task_name": "circe", "event": "new_output_file", "filename": "lccdec3_home_7jobth2#02252812-2#00122398-2#32634427-2#62621402", "unix_time": 1620683524.747462}
DEBUG:transfer.py:sshpass -p PASSWORD scp -P 5000 -o StrictHostKeyChecking=no /jupiter/circe_output/lccdec3_home_7jobth2#02252812-2#00122398-2#32634427-2#62621402 root@10.108.154.59:/jupiter/circe_input/
INFO:ccdag_utils.py:runtime_stat:{"task_name": "lccdec3", "event": "queue_end_process", "filename": "lccdec3_home_7jobth2#02252812-2#00122398-2#32634427-2#62621402", "unix_time": 1620683524.753211}
DEBUG:transfer.py:transfer successful!
INFO:circe.py:runtime_stat:{"task_name": "circe", "event": "new_input_file", "filename": "preagg3_lccdec3_8jobthscore3a2#24088001-2#37707527-2#26294951-2#33580484", "unix_time": 1620683552.7428517}
INFO:ccdag_utils.py:runtime_stat:{"task_name": "lccdec3", "event": "queue_start_process", "filename": "preagg3_lccdec3_8jobthscore3a2#24088001-2#37707527-2#26294951-2#33580484", "unix_time": 1620683552.7437785}
INFO:circe.py:runtime_stat:{"task_name": "circe", "event": "new_input_file", "filename": "preagg3_lccdec3_8jobthscore3b2#24088001-2#37707527-2#26294951-2#33580484", "unix_time": 1620683552.9566307}
INFO:ccdag_utils.py:runtime_stat:{"task_name": "lccdec3", "event": "queue_start_process", "filename": "preagg3_lccdec3_8jobthscore3b2#24088001-2#37707527-2#26294951-2#33580484", "unix_time": 1620683552.9574366}
INFO:circe.py:runtime_stat:{"task_name": "circe", "event": "new_output_file", "filename": "lccdec3_home_8jobth2#24088001-2#37707527-2#26294951-2#33580484", "unix_time": 1620683552.9730458}
DEBUG:transfer.py:sshpass -p PASSWORD scp -P 5000 -o StrictHostKeyChecking=no /jupiter/circe_output/lccdec3_home_8jobth2#24088001-2#37707527-2#26294951-2#33580484 root@10.108.154.59:/jupiter/circe_input/
INFO:ccdag_utils.py:runtime_stat:{"task_name": "lccdec3", "event": "queue_end_process", "filename": "lccdec3_home_8jobth2#24088001-2#37707527-2#26294951-2#33580484", "unix_time": 1620683552.977559}
DEBUG:transfer.py:transfer successful!
INFO:circe.py:runtime_stat:{"task_name": "circe", "event": "new_input_file", "filename": "preagg3_lccdec3_9jobthscore3a2#36510429-2#69374321-2#79125190-2#78443961", "unix_time": 1620683556.9001071}
INFO:ccdag_utils.py:runtime_stat:{"task_name": "lccdec3", "event": "queue_start_process", "filename": "preagg3_lccdec3_9jobthscore3a2#36510429-2#69374321-2#79125190-2#78443961", "unix_time": 1620683556.900596}
INFO:circe.py:runtime_stat:{"task_name": "circe", "event": "new_input_file", "filename": "preagg3_lccdec3_9jobthscore3b2#36510429-2#69374321-2#79125190-2#78443961", "unix_time": 1620683557.1195946}
INFO:ccdag_utils.py:runtime_stat:{"task_name": "lccdec3", "event": "queue_start_process", "filename": "preagg3_lccdec3_9jobthscore3b2#36510429-2#69374321-2#79125190-2#78443961", "unix_time": 1620683557.1200435}
INFO:circe.py:runtime_stat:{"task_name": "circe", "event": "new_output_file", "filename": "lccdec3_home_9jobth2#36510429-2#69374321-2#79125190-2#78443961", "unix_time": 1620683557.1341903}
DEBUG:transfer.py:sshpass -p PASSWORD scp -P 5000 -o StrictHostKeyChecking=no /jupiter/circe_output/lccdec3_home_9jobth2#36510429-2#69374321-2#79125190-2#78443961 root@10.108.154.59:/jupiter/circe_input/
INFO:ccdag_utils.py:runtime_stat:{"task_name": "lccdec3", "event": "queue_end_process", "filename": "lccdec3_home_9jobth2#36510429-2#69374321-2#79125190-2#78443961", "unix_time": 1620683557.1389978}
DEBUG:transfer.py:transfer successful!
INFO:circe.py:runtime_stat:{"task_name": "circe", "event": "new_input_file", "filename": "preagg3_lccdec3_10jobthscore3a2#33958663-2#85187926-2#24016653-2#21478449", "unix_time": 1620683559.018646}
INFO:ccdag_utils.py:runtime_stat:{"task_name": "lccdec3", "event": "queue_start_process", "filename": "preagg3_lccdec3_10jobthscore3a2#33958663-2#85187926-2#24016653-2#21478449", "unix_time": 1620683559.019016}
INFO:circe.py:runtime_stat:{"task_name": "circe", "event": "new_input_file", "filename": "preagg3_lccdec3_10jobthscore3b2#33958663-2#85187926-2#24016653-2#21478449", "unix_time": 1620683559.2196012}
INFO:ccdag_utils.py:runtime_stat:{"task_name": "lccdec3", "event": "queue_start_process", "filename": "preagg3_lccdec3_10jobthscore3b2#33958663-2#85187926-2#24016653-2#21478449", "unix_time": 1620683559.2199602}
INFO:circe.py:runtime_stat:{"task_name": "circe", "event": "new_output_file", "filename": "lccdec3_home_10jobth2#33958663-2#85187926-2#24016653-2#21478449", "unix_time": 1620683559.2339473}
DEBUG:transfer.py:sshpass -p PASSWORD scp -P 5000 -o StrictHostKeyChecking=no /jupiter/circe_output/lccdec3_home_10jobth2#33958663-2#85187926-2#24016653-2#21478449 root@10.108.154.59:/jupiter/circe_input/
INFO:ccdag_utils.py:runtime_stat:{"task_name": "lccdec3", "event": "queue_end_process", "filename": "lccdec3_home_10jobth2#33958663-2#85187926-2#24016653-2#21478449", "unix_time": 1620683559.2358289}
DEBUG:transfer.py:transfer successful!
