 * Starting OpenBSD Secure Shell server sshd
   ...done.
INFO:circe.py:Using base script lccenc.py
DEBUG:circe.py:starting the input monitoring process
DEBUG:circe.py:starting the output monitoring process
3
INFO:circe.py:runtime_stat:{"task_name": "circe", "event": "new_input_file", "filename": "storeclass3_lccenc3_97227699imgwhitewolfjobid37.JPEG", "unix_time": 1620686937.692355}
INFO:circe.py:runtime_stat:{"task_name": "circe", "event": "new_input_file", "filename": "storeclass3_lccenc3_25579936imgwhitewolfjobid37.JPEG", "unix_time": 1620686937.915689}
INFO:circe.py:runtime_stat:{"task_name": "circe", "event": "new_input_file", "filename": "storeclass3_lccenc3_96364535imgwhitewolfjobid37.JPEG", "unix_time": 1620686938.1322417}
INFO:circe.py:runtime_stat:{"task_name": "circe", "event": "new_input_file", "filename": "storeclass3_lccenc3_26179237imgwhitewolfjobid37.JPEG", "unix_time": 1620686938.6765244}
INFO:circe.py:runtime_stat:{"task_name": "circe", "event": "new_input_file", "filename": "storeclass3_lccenc3_86432103imgwhitewolfjobid37.JPEG", "unix_time": 1620686938.8879085}
INFO:ccdag_utils.py:runtime_stat:{"task_name": "lccenc3", "event": "queue_start_process", "filename": "storeclass3_lccenc3_97227699imgwhitewolfjobid37.JPEG", "unix_time": 1620686939.0109808}
INFO:ccdag_utils.py:runtime_stat:{"task_name": "lccenc3", "event": "queue_start_process", "filename": "storeclass3_lccenc3_25579936imgwhitewolfjobid37.JPEG", "unix_time": 1620686939.0113275}
INFO:ccdag_utils.py:runtime_stat:{"task_name": "lccenc3", "event": "queue_start_process", "filename": "storeclass3_lccenc3_96364535imgwhitewolfjobid37.JPEG", "unix_time": 1620686939.0115201}
INFO:ccdag_utils.py:runtime_stat:{"task_name": "lccenc3", "event": "queue_start_process", "filename": "storeclass3_lccenc3_26179237imgwhitewolfjobid37.JPEG", "unix_time": 1620686939.011701}
INFO:circe.py:runtime_stat:{"task_name": "circe", "event": "new_output_file", "filename": "lccenc3_score3a_2#97227699-2#25579936-2#96364535-2#26179237jobid1.csv", "unix_time": 1620686940.2594402}
DEBUG:transfer.py:sshpass -p PASSWORD scp -P 5000 -o StrictHostKeyChecking=no /jupiter/circe_output/lccenc3_score3a_2#97227699-2#25579936-2#96364535-2#26179237jobid1.csv root@10.108.178.3:/jupiter/circe_input/
INFO:ccdag_utils.py:runtime_stat:{"task_name": "lccenc3", "event": "queue_end_process", "filename": "lccenc3_score3a_2#97227699-2#25579936-2#96364535-2#26179237jobid1.csv", "unix_time": 1620686940.263736}
Warning: Permanently added '[10.108.178.3]:5000' (ECDSA) to the list of known hosts.
DEBUG:transfer.py:transfer successful!
INFO:ccdag_utils.py:runtime_stat:{"task_name": "lccenc3", "event": "queue_end_process", "filename": "lccenc3_score3b_2#97227699-2#25579936-2#96364535-2#26179237jobid1.csv", "unix_time": 1620686941.2440438}
INFO:circe.py:runtime_stat:{"task_name": "circe", "event": "new_output_file", "filename": "lccenc3_score3b_2#97227699-2#25579936-2#96364535-2#26179237jobid1.csv", "unix_time": 1620686941.2448132}
DEBUG:transfer.py:sshpass -p PASSWORD scp -P 5000 -o StrictHostKeyChecking=no /jupiter/circe_output/lccenc3_score3b_2#97227699-2#25579936-2#96364535-2#26179237jobid1.csv root@10.103.172.248:/jupiter/circe_input/
Warning: Permanently added '[10.103.172.248]:5000' (ECDSA) to the list of known hosts.
DEBUG:transfer.py:transfer successful!
INFO:ccdag_utils.py:runtime_stat:{"task_name": "lccenc3", "event": "queue_end_process", "filename": "lccenc3_score3c_2#97227699-2#25579936-2#96364535-2#26179237jobid1.csv", "unix_time": 1620686942.3014622}
INFO:circe.py:runtime_stat:{"task_name": "circe", "event": "new_output_file", "filename": "lccenc3_score3c_2#97227699-2#25579936-2#96364535-2#26179237jobid1.csv", "unix_time": 1620686942.302534}
DEBUG:transfer.py:sshpass -p PASSWORD scp -P 5000 -o StrictHostKeyChecking=no /jupiter/circe_output/lccenc3_score3c_2#97227699-2#25579936-2#96364535-2#26179237jobid1.csv root@10.107.4.179:/jupiter/circe_input/
Warning: Permanently added '[10.107.4.179]:5000' (ECDSA) to the list of known hosts.
DEBUG:transfer.py:transfer successful!
INFO:circe.py:runtime_stat:{"task_name": "circe", "event": "new_input_file", "filename": "storeclass3_lccenc3_05276941imgwhitewolfjobid38.JPEG", "unix_time": 1620686947.7878418}
INFO:circe.py:runtime_stat:{"task_name": "circe", "event": "new_input_file", "filename": "storeclass3_lccenc3_26018074imgwhitewolfjobid38.JPEG", "unix_time": 1620686948.705416}
INFO:circe.py:runtime_stat:{"task_name": "circe", "event": "new_input_file", "filename": "storeclass3_lccenc3_43350238imgwhitewolfjobid38.JPEG", "unix_time": 1620686948.9225562}
INFO:circe.py:runtime_stat:{"task_name": "circe", "event": "new_input_file", "filename": "storeclass3_lccenc3_11524455imgwhitewolfjobid38.JPEG", "unix_time": 1620686949.1911685}
INFO:ccdag_utils.py:runtime_stat:{"task_name": "lccenc3", "event": "queue_start_process", "filename": "storeclass3_lccenc3_86432103imgwhitewolfjobid37.JPEG", "unix_time": 1620686949.3092628}
INFO:ccdag_utils.py:runtime_stat:{"task_name": "lccenc3", "event": "queue_start_process", "filename": "storeclass3_lccenc3_05276941imgwhitewolfjobid38.JPEG", "unix_time": 1620686949.3097947}
INFO:ccdag_utils.py:runtime_stat:{"task_name": "lccenc3", "event": "queue_start_process", "filename": "storeclass3_lccenc3_26018074imgwhitewolfjobid38.JPEG", "unix_time": 1620686949.3101394}
INFO:ccdag_utils.py:runtime_stat:{"task_name": "lccenc3", "event": "queue_start_process", "filename": "storeclass3_lccenc3_43350238imgwhitewolfjobid38.JPEG", "unix_time": 1620686949.3104947}
INFO:circe.py:runtime_stat:{"task_name": "circe", "event": "new_input_file", "filename": "storeclass3_lccenc3_73047625imgwhitewolfjobid38.JPEG", "unix_time": 1620686949.420691}
INFO:circe.py:runtime_stat:{"task_name": "circe", "event": "new_input_file", "filename": "storeclass3_lccenc3_04043088imgwhitewolfjobid38.JPEG", "unix_time": 1620686950.0896442}
INFO:circe.py:runtime_stat:{"task_name": "circe", "event": "new_input_file", "filename": "storeclass3_lccenc3_16515357imgwhitewolfjobid38.JPEG", "unix_time": 1620686950.090499}
INFO:circe.py:runtime_stat:{"task_name": "circe", "event": "new_input_file", "filename": "storeclass3_lccenc3_40913105imgwhitewolfjobid38.JPEG", "unix_time": 1620686950.5997267}
INFO:circe.py:runtime_stat:{"task_name": "circe", "event": "new_input_file", "filename": "storeclass3_lccenc3_35481214imgwhitewolfjobid38.JPEG", "unix_time": 1620686950.601987}
INFO:ccdag_utils.py:runtime_stat:{"task_name": "lccenc3", "event": "queue_end_process", "filename": "lccenc3_score3a_2#86432103-2#05276941-2#26018074-2#43350238jobid2.csv", "unix_time": 1620686950.6129034}
INFO:circe.py:runtime_stat:{"task_name": "circe", "event": "new_output_file", "filename": "lccenc3_score3a_2#86432103-2#05276941-2#26018074-2#43350238jobid2.csv", "unix_time": 1620686950.613797}
DEBUG:transfer.py:sshpass -p PASSWORD scp -P 5000 -o StrictHostKeyChecking=no /jupiter/circe_output/lccenc3_score3a_2#86432103-2#05276941-2#26018074-2#43350238jobid2.csv root@10.108.178.3:/jupiter/circe_input/
DEBUG:transfer.py:transfer successful!
INFO:circe.py:runtime_stat:{"task_name": "circe", "event": "new_output_file", "filename": "lccenc3_score3b_2#86432103-2#05276941-2#26018074-2#43350238jobid2.csv", "unix_time": 1620686951.613901}
DEBUG:transfer.py:sshpass -p PASSWORD scp -P 5000 -o StrictHostKeyChecking=no /jupiter/circe_output/lccenc3_score3b_2#86432103-2#05276941-2#26018074-2#43350238jobid2.csv root@10.103.172.248:/jupiter/circe_input/
INFO:ccdag_utils.py:runtime_stat:{"task_name": "lccenc3", "event": "queue_end_process", "filename": "lccenc3_score3b_2#86432103-2#05276941-2#26018074-2#43350238jobid2.csv", "unix_time": 1620686951.6187165}
DEBUG:transfer.py:transfer successful!
INFO:ccdag_utils.py:runtime_stat:{"task_name": "lccenc3", "event": "queue_end_process", "filename": "lccenc3_score3c_2#86432103-2#05276941-2#26018074-2#43350238jobid2.csv", "unix_time": 1620686952.6284702}
INFO:ccdag_utils.py:runtime_stat:{"task_name": "lccenc3", "event": "queue_start_process", "filename": "storeclass3_lccenc3_11524455imgwhitewolfjobid38.JPEG", "unix_time": 1620686952.628905}
INFO:ccdag_utils.py:runtime_stat:{"task_name": "lccenc3", "event": "queue_start_process", "filename": "storeclass3_lccenc3_73047625imgwhitewolfjobid38.JPEG", "unix_time": 1620686952.629196}
INFO:ccdag_utils.py:runtime_stat:{"task_name": "lccenc3", "event": "queue_start_process", "filename": "storeclass3_lccenc3_04043088imgwhitewolfjobid38.JPEG", "unix_time": 1620686952.6294436}
INFO:ccdag_utils.py:runtime_stat:{"task_name": "lccenc3", "event": "queue_start_process", "filename": "storeclass3_lccenc3_16515357imgwhitewolfjobid38.JPEG", "unix_time": 1620686952.629681}
INFO:circe.py:runtime_stat:{"task_name": "circe", "event": "new_output_file", "filename": "lccenc3_score3c_2#86432103-2#05276941-2#26018074-2#43350238jobid2.csv", "unix_time": 1620686952.648581}
DEBUG:transfer.py:sshpass -p PASSWORD scp -P 5000 -o StrictHostKeyChecking=no /jupiter/circe_output/lccenc3_score3c_2#86432103-2#05276941-2#26018074-2#43350238jobid2.csv root@10.107.4.179:/jupiter/circe_input/
DEBUG:transfer.py:transfer successful!
INFO:ccdag_utils.py:runtime_stat:{"task_name": "lccenc3", "event": "queue_end_process", "filename": "lccenc3_score3a_2#11524455-2#73047625-2#04043088-2#16515357jobid3.csv", "unix_time": 1620686953.815075}
INFO:circe.py:runtime_stat:{"task_name": "circe", "event": "new_output_file", "filename": "lccenc3_score3a_2#11524455-2#73047625-2#04043088-2#16515357jobid3.csv", "unix_time": 1620686953.8159094}
DEBUG:transfer.py:sshpass -p PASSWORD scp -P 5000 -o StrictHostKeyChecking=no /jupiter/circe_output/lccenc3_score3a_2#11524455-2#73047625-2#04043088-2#16515357jobid3.csv root@10.108.178.3:/jupiter/circe_input/
DEBUG:transfer.py:transfer successful!
INFO:circe.py:runtime_stat:{"task_name": "circe", "event": "new_output_file", "filename": "lccenc3_score3b_2#11524455-2#73047625-2#04043088-2#16515357jobid3.csv", "unix_time": 1620686954.8195379}
DEBUG:transfer.py:sshpass -p PASSWORD scp -P 5000 -o StrictHostKeyChecking=no /jupiter/circe_output/lccenc3_score3b_2#11524455-2#73047625-2#04043088-2#16515357jobid3.csv root@10.103.172.248:/jupiter/circe_input/
INFO:ccdag_utils.py:runtime_stat:{"task_name": "lccenc3", "event": "queue_end_process", "filename": "lccenc3_score3b_2#11524455-2#73047625-2#04043088-2#16515357jobid3.csv", "unix_time": 1620686954.8201568}
DEBUG:transfer.py:transfer successful!
INFO:ccdag_utils.py:runtime_stat:{"task_name": "lccenc3", "event": "queue_end_process", "filename": "lccenc3_score3c_2#11524455-2#73047625-2#04043088-2#16515357jobid3.csv", "unix_time": 1620686955.8183029}
INFO:circe.py:runtime_stat:{"task_name": "circe", "event": "new_output_file", "filename": "lccenc3_score3c_2#11524455-2#73047625-2#04043088-2#16515357jobid3.csv", "unix_time": 1620686955.8194375}
DEBUG:transfer.py:sshpass -p PASSWORD scp -P 5000 -o StrictHostKeyChecking=no /jupiter/circe_output/lccenc3_score3c_2#11524455-2#73047625-2#04043088-2#16515357jobid3.csv root@10.107.4.179:/jupiter/circe_input/
DEBUG:transfer.py:transfer successful!
INFO:circe.py:runtime_stat:{"task_name": "circe", "event": "new_input_file", "filename": "storeclass3_lccenc3_97079910imgwhitewolfjobid39.JPEG", "unix_time": 1620686959.770329}
INFO:circe.py:runtime_stat:{"task_name": "circe", "event": "new_input_file", "filename": "storeclass3_lccenc3_28177051imgwhitewolfjobid39.JPEG", "unix_time": 1620686960.032988}
INFO:circe.py:runtime_stat:{"task_name": "circe", "event": "new_input_file", "filename": "storeclass3_lccenc3_94145366imgwhitewolfjobid39.JPEG", "unix_time": 1620686960.420779}
INFO:circe.py:runtime_stat:{"task_name": "circe", "event": "new_input_file", "filename": "storeclass3_lccenc3_63977269imgwhitewolfjobid39.JPEG", "unix_time": 1620686960.6487224}
INFO:ccdag_utils.py:runtime_stat:{"task_name": "lccenc3", "event": "queue_start_process", "filename": "storeclass3_lccenc3_40913105imgwhitewolfjobid38.JPEG", "unix_time": 1620686960.82595}
INFO:ccdag_utils.py:runtime_stat:{"task_name": "lccenc3", "event": "queue_start_process", "filename": "storeclass3_lccenc3_35481214imgwhitewolfjobid38.JPEG", "unix_time": 1620686960.8264303}
INFO:ccdag_utils.py:runtime_stat:{"task_name": "lccenc3", "event": "queue_start_process", "filename": "storeclass3_lccenc3_97079910imgwhitewolfjobid39.JPEG", "unix_time": 1620686960.8266635}
INFO:ccdag_utils.py:runtime_stat:{"task_name": "lccenc3", "event": "queue_start_process", "filename": "storeclass3_lccenc3_28177051imgwhitewolfjobid39.JPEG", "unix_time": 1620686960.8272023}
INFO:circe.py:runtime_stat:{"task_name": "circe", "event": "new_input_file", "filename": "storeclass3_lccenc3_02313284imgwhitewolfjobid39.JPEG", "unix_time": 1620686960.8777041}
INFO:circe.py:runtime_stat:{"task_name": "circe", "event": "new_input_file", "filename": "storeclass3_lccenc3_70380071imgwhitewolfjobid39.JPEG", "unix_time": 1620686961.4849925}
INFO:circe.py:runtime_stat:{"task_name": "circe", "event": "new_input_file", "filename": "storeclass3_lccenc3_90847689imgwhitewolfjobid39.JPEG", "unix_time": 1620686961.4881263}
INFO:circe.py:runtime_stat:{"task_name": "circe", "event": "new_input_file", "filename": "storeclass3_lccenc3_27771036imgwhitewolfjobid39.JPEG", "unix_time": 1620686961.963202}
INFO:circe.py:runtime_stat:{"task_name": "circe", "event": "new_input_file", "filename": "storeclass3_lccenc3_83276676imgwhitewolfjobid39.JPEG", "unix_time": 1620686961.9637256}
INFO:ccdag_utils.py:runtime_stat:{"task_name": "lccenc3", "event": "queue_end_process", "filename": "lccenc3_score3a_2#40913105-2#35481214-2#97079910-2#28177051jobid4.csv", "unix_time": 1620686961.9749987}
INFO:circe.py:runtime_stat:{"task_name": "circe", "event": "new_output_file", "filename": "lccenc3_score3a_2#40913105-2#35481214-2#97079910-2#28177051jobid4.csv", "unix_time": 1620686961.9757657}
DEBUG:transfer.py:sshpass -p PASSWORD scp -P 5000 -o StrictHostKeyChecking=no /jupiter/circe_output/lccenc3_score3a_2#40913105-2#35481214-2#97079910-2#28177051jobid4.csv root@10.108.178.3:/jupiter/circe_input/
DEBUG:transfer.py:transfer successful!
INFO:ccdag_utils.py:runtime_stat:{"task_name": "lccenc3", "event": "queue_end_process", "filename": "lccenc3_score3b_2#40913105-2#35481214-2#97079910-2#28177051jobid4.csv", "unix_time": 1620686962.9574623}
INFO:circe.py:runtime_stat:{"task_name": "circe", "event": "new_output_file", "filename": "lccenc3_score3b_2#40913105-2#35481214-2#97079910-2#28177051jobid4.csv", "unix_time": 1620686962.993743}
DEBUG:transfer.py:sshpass -p PASSWORD scp -P 5000 -o StrictHostKeyChecking=no /jupiter/circe_output/lccenc3_score3b_2#40913105-2#35481214-2#97079910-2#28177051jobid4.csv root@10.103.172.248:/jupiter/circe_input/
DEBUG:transfer.py:transfer successful!
INFO:ccdag_utils.py:runtime_stat:{"task_name": "lccenc3", "event": "queue_end_process", "filename": "lccenc3_score3c_2#40913105-2#35481214-2#97079910-2#28177051jobid4.csv", "unix_time": 1620686963.932256}
INFO:circe.py:runtime_stat:{"task_name": "circe", "event": "new_output_file", "filename": "lccenc3_score3c_2#40913105-2#35481214-2#97079910-2#28177051jobid4.csv", "unix_time": 1620686963.9328723}
INFO:ccdag_utils.py:runtime_stat:{"task_name": "lccenc3", "event": "queue_start_process", "filename": "storeclass3_lccenc3_94145366imgwhitewolfjobid39.JPEG", "unix_time": 1620686963.9332664}
DEBUG:transfer.py:sshpass -p PASSWORD scp -P 5000 -o StrictHostKeyChecking=no /jupiter/circe_output/lccenc3_score3c_2#40913105-2#35481214-2#97079910-2#28177051jobid4.csv root@10.107.4.179:/jupiter/circe_input/
INFO:ccdag_utils.py:runtime_stat:{"task_name": "lccenc3", "event": "queue_start_process", "filename": "storeclass3_lccenc3_63977269imgwhitewolfjobid39.JPEG", "unix_time": 1620686963.9339771}
INFO:ccdag_utils.py:runtime_stat:{"task_name": "lccenc3", "event": "queue_start_process", "filename": "storeclass3_lccenc3_02313284imgwhitewolfjobid39.JPEG", "unix_time": 1620686963.9390748}
INFO:ccdag_utils.py:runtime_stat:{"task_name": "lccenc3", "event": "queue_start_process", "filename": "storeclass3_lccenc3_70380071imgwhitewolfjobid39.JPEG", "unix_time": 1620686963.9402504}
DEBUG:transfer.py:transfer successful!
INFO:circe.py:runtime_stat:{"task_name": "circe", "event": "new_output_file", "filename": "lccenc3_score3a_2#94145366-2#63977269-2#02313284-2#70380071jobid5.csv", "unix_time": 1620686965.108406}
INFO:ccdag_utils.py:runtime_stat:{"task_name": "lccenc3", "event": "queue_end_process", "filename": "lccenc3_score3a_2#94145366-2#63977269-2#02313284-2#70380071jobid5.csv", "unix_time": 1620686965.1086571}
DEBUG:transfer.py:sshpass -p PASSWORD scp -P 5000 -o StrictHostKeyChecking=no /jupiter/circe_output/lccenc3_score3a_2#94145366-2#63977269-2#02313284-2#70380071jobid5.csv root@10.108.178.3:/jupiter/circe_input/
DEBUG:transfer.py:transfer successful!
INFO:ccdag_utils.py:runtime_stat:{"task_name": "lccenc3", "event": "queue_end_process", "filename": "lccenc3_score3b_2#94145366-2#63977269-2#02313284-2#70380071jobid5.csv", "unix_time": 1620686966.1613798}
INFO:circe.py:runtime_stat:{"task_name": "circe", "event": "new_output_file", "filename": "lccenc3_score3b_2#94145366-2#63977269-2#02313284-2#70380071jobid5.csv", "unix_time": 1620686966.162286}
DEBUG:transfer.py:sshpass -p PASSWORD scp -P 5000 -o StrictHostKeyChecking=no /jupiter/circe_output/lccenc3_score3b_2#94145366-2#63977269-2#02313284-2#70380071jobid5.csv root@10.103.172.248:/jupiter/circe_input/
DEBUG:transfer.py:transfer successful!
INFO:circe.py:runtime_stat:{"task_name": "circe", "event": "new_output_file", "filename": "lccenc3_score3c_2#94145366-2#63977269-2#02313284-2#70380071jobid5.csv", "unix_time": 1620686967.236862}
DEBUG:transfer.py:sshpass -p PASSWORD scp -P 5000 -o StrictHostKeyChecking=no /jupiter/circe_output/lccenc3_score3c_2#94145366-2#63977269-2#02313284-2#70380071jobid5.csv root@10.107.4.179:/jupiter/circe_input/
INFO:ccdag_utils.py:runtime_stat:{"task_name": "lccenc3", "event": "queue_end_process", "filename": "lccenc3_score3c_2#94145366-2#63977269-2#02313284-2#70380071jobid5.csv", "unix_time": 1620686967.2415984}
DEBUG:transfer.py:transfer successful!
INFO:circe.py:runtime_stat:{"task_name": "circe", "event": "new_input_file", "filename": "storeclass3_lccenc3_27447888imgwhitewolfjobid40.JPEG", "unix_time": 1620686969.8971725}
INFO:ccdag_utils.py:runtime_stat:{"task_name": "lccenc3", "event": "queue_start_process", "filename": "storeclass3_lccenc3_90847689imgwhitewolfjobid39.JPEG", "unix_time": 1620686970.2490048}
INFO:ccdag_utils.py:runtime_stat:{"task_name": "lccenc3", "event": "queue_start_process", "filename": "storeclass3_lccenc3_27771036imgwhitewolfjobid39.JPEG", "unix_time": 1620686970.2493627}
INFO:ccdag_utils.py:runtime_stat:{"task_name": "lccenc3", "event": "queue_start_process", "filename": "storeclass3_lccenc3_83276676imgwhitewolfjobid39.JPEG", "unix_time": 1620686970.2496154}
INFO:ccdag_utils.py:runtime_stat:{"task_name": "lccenc3", "event": "queue_start_process", "filename": "storeclass3_lccenc3_27447888imgwhitewolfjobid40.JPEG", "unix_time": 1620686970.2498498}
INFO:circe.py:runtime_stat:{"task_name": "circe", "event": "new_input_file", "filename": "storeclass3_lccenc3_40439243imgwhitewolfjobid40.JPEG", "unix_time": 1620686970.3657606}
INFO:circe.py:runtime_stat:{"task_name": "circe", "event": "new_input_file", "filename": "storeclass3_lccenc3_24504452imgwhitewolfjobid40.JPEG", "unix_time": 1620686970.921437}
INFO:circe.py:runtime_stat:{"task_name": "circe", "event": "new_input_file", "filename": "storeclass3_lccenc3_64125620imgwhitewolfjobid40.JPEG", "unix_time": 1620686971.3957691}
INFO:circe.py:runtime_stat:{"task_name": "circe", "event": "new_input_file", "filename": "storeclass3_lccenc3_12903804imgwhitewolfjobid40.JPEG", "unix_time": 1620686971.3964698}
INFO:ccdag_utils.py:runtime_stat:{"task_name": "lccenc3", "event": "queue_end_process", "filename": "lccenc3_score3a_2#90847689-2#27771036-2#83276676-2#27447888jobid6.csv", "unix_time": 1620686971.404989}
INFO:circe.py:runtime_stat:{"task_name": "circe", "event": "new_output_file", "filename": "lccenc3_score3a_2#90847689-2#27771036-2#83276676-2#27447888jobid6.csv", "unix_time": 1620686971.4057736}
DEBUG:transfer.py:sshpass -p PASSWORD scp -P 5000 -o StrictHostKeyChecking=no /jupiter/circe_output/lccenc3_score3a_2#90847689-2#27771036-2#83276676-2#27447888jobid6.csv root@10.108.178.3:/jupiter/circe_input/
DEBUG:transfer.py:transfer successful!
INFO:circe.py:runtime_stat:{"task_name": "circe", "event": "new_input_file", "filename": "storeclass3_lccenc3_82977698imgwhitewolfjobid40.JPEG", "unix_time": 1620686971.9422815}
INFO:circe.py:runtime_stat:{"task_name": "circe", "event": "new_input_file", "filename": "storeclass3_lccenc3_73496494imgwhitewolfjobid40.JPEG", "unix_time": 1620686971.9430397}
INFO:circe.py:runtime_stat:{"task_name": "circe", "event": "new_input_file", "filename": "storeclass3_lccenc3_73192811imgwhitewolfjobid40.JPEG", "unix_time": 1620686971.9435737}
INFO:circe.py:runtime_stat:{"task_name": "circe", "event": "new_input_file", "filename": "storeclass3_lccenc3_85487940imgwhitewolfjobid40.JPEG", "unix_time": 1620686972.4146209}
INFO:ccdag_utils.py:runtime_stat:{"task_name": "lccenc3", "event": "queue_end_process", "filename": "lccenc3_score3b_2#90847689-2#27771036-2#83276676-2#27447888jobid6.csv", "unix_time": 1620686972.4238281}
INFO:circe.py:runtime_stat:{"task_name": "circe", "event": "new_output_file", "filename": "lccenc3_score3b_2#90847689-2#27771036-2#83276676-2#27447888jobid6.csv", "unix_time": 1620686972.424649}
DEBUG:transfer.py:sshpass -p PASSWORD scp -P 5000 -o StrictHostKeyChecking=no /jupiter/circe_output/lccenc3_score3b_2#90847689-2#27771036-2#83276676-2#27447888jobid6.csv root@10.103.172.248:/jupiter/circe_input/
DEBUG:transfer.py:transfer successful!
INFO:ccdag_utils.py:runtime_stat:{"task_name": "lccenc3", "event": "queue_end_process", "filename": "lccenc3_score3c_2#90847689-2#27771036-2#83276676-2#27447888jobid6.csv", "unix_time": 1620686973.3942955}
INFO:ccdag_utils.py:runtime_stat:{"task_name": "lccenc3", "event": "queue_start_process", "filename": "storeclass3_lccenc3_40439243imgwhitewolfjobid40.JPEG", "unix_time": 1620686973.3947616}
INFO:ccdag_utils.py:runtime_stat:{"task_name": "lccenc3", "event": "queue_start_process", "filename": "storeclass3_lccenc3_24504452imgwhitewolfjobid40.JPEG", "unix_time": 1620686973.3950436}
INFO:ccdag_utils.py:runtime_stat:{"task_name": "lccenc3", "event": "queue_start_process", "filename": "storeclass3_lccenc3_64125620imgwhitewolfjobid40.JPEG", "unix_time": 1620686973.3952203}
INFO:ccdag_utils.py:runtime_stat:{"task_name": "lccenc3", "event": "queue_start_process", "filename": "storeclass3_lccenc3_12903804imgwhitewolfjobid40.JPEG", "unix_time": 1620686973.3953843}
INFO:circe.py:runtime_stat:{"task_name": "circe", "event": "new_output_file", "filename": "lccenc3_score3c_2#90847689-2#27771036-2#83276676-2#27447888jobid6.csv", "unix_time": 1620686973.3969698}
DEBUG:transfer.py:sshpass -p PASSWORD scp -P 5000 -o StrictHostKeyChecking=no /jupiter/circe_output/lccenc3_score3c_2#90847689-2#27771036-2#83276676-2#27447888jobid6.csv root@10.107.4.179:/jupiter/circe_input/
DEBUG:transfer.py:transfer successful!
INFO:ccdag_utils.py:runtime_stat:{"task_name": "lccenc3", "event": "queue_end_process", "filename": "lccenc3_score3a_2#40439243-2#24504452-2#64125620-2#12903804jobid7.csv", "unix_time": 1620686974.5325146}
INFO:circe.py:runtime_stat:{"task_name": "circe", "event": "new_output_file", "filename": "lccenc3_score3a_2#40439243-2#24504452-2#64125620-2#12903804jobid7.csv", "unix_time": 1620686974.5333369}
DEBUG:transfer.py:sshpass -p PASSWORD scp -P 5000 -o StrictHostKeyChecking=no /jupiter/circe_output/lccenc3_score3a_2#40439243-2#24504452-2#64125620-2#12903804jobid7.csv root@10.108.178.3:/jupiter/circe_input/
DEBUG:transfer.py:transfer successful!
INFO:ccdag_utils.py:runtime_stat:{"task_name": "lccenc3", "event": "queue_end_process", "filename": "lccenc3_score3b_2#40439243-2#24504452-2#64125620-2#12903804jobid7.csv", "unix_time": 1620686975.5502572}
INFO:circe.py:runtime_stat:{"task_name": "circe", "event": "new_output_file", "filename": "lccenc3_score3b_2#40439243-2#24504452-2#64125620-2#12903804jobid7.csv", "unix_time": 1620686975.5511453}
DEBUG:transfer.py:sshpass -p PASSWORD scp -P 5000 -o StrictHostKeyChecking=no /jupiter/circe_output/lccenc3_score3b_2#40439243-2#24504452-2#64125620-2#12903804jobid7.csv root@10.103.172.248:/jupiter/circe_input/
DEBUG:transfer.py:transfer successful!
INFO:ccdag_utils.py:runtime_stat:{"task_name": "lccenc3", "event": "queue_end_process", "filename": "lccenc3_score3c_2#40439243-2#24504452-2#64125620-2#12903804jobid7.csv", "unix_time": 1620686976.5628612}
INFO:ccdag_utils.py:runtime_stat:{"task_name": "lccenc3", "event": "queue_start_process", "filename": "storeclass3_lccenc3_82977698imgwhitewolfjobid40.JPEG", "unix_time": 1620686976.5633447}
INFO:ccdag_utils.py:runtime_stat:{"task_name": "lccenc3", "event": "queue_start_process", "filename": "storeclass3_lccenc3_73496494imgwhitewolfjobid40.JPEG", "unix_time": 1620686976.5635815}
INFO:ccdag_utils.py:runtime_stat:{"task_name": "lccenc3", "event": "queue_start_process", "filename": "storeclass3_lccenc3_73192811imgwhitewolfjobid40.JPEG", "unix_time": 1620686976.5637703}
INFO:ccdag_utils.py:runtime_stat:{"task_name": "lccenc3", "event": "queue_start_process", "filename": "storeclass3_lccenc3_85487940imgwhitewolfjobid40.JPEG", "unix_time": 1620686976.5639486}
INFO:circe.py:runtime_stat:{"task_name": "circe", "event": "new_output_file", "filename": "lccenc3_score3c_2#40439243-2#24504452-2#64125620-2#12903804jobid7.csv", "unix_time": 1620686976.5710347}
DEBUG:transfer.py:sshpass -p PASSWORD scp -P 5000 -o StrictHostKeyChecking=no /jupiter/circe_output/lccenc3_score3c_2#40439243-2#24504452-2#64125620-2#12903804jobid7.csv root@10.107.4.179:/jupiter/circe_input/
DEBUG:transfer.py:transfer successful!
INFO:ccdag_utils.py:runtime_stat:{"task_name": "lccenc3", "event": "queue_end_process", "filename": "lccenc3_score3a_2#82977698-2#73496494-2#73192811-2#85487940jobid8.csv", "unix_time": 1620686977.7055497}
INFO:circe.py:runtime_stat:{"task_name": "circe", "event": "new_output_file", "filename": "lccenc3_score3a_2#82977698-2#73496494-2#73192811-2#85487940jobid8.csv", "unix_time": 1620686977.7064266}
DEBUG:transfer.py:sshpass -p PASSWORD scp -P 5000 -o StrictHostKeyChecking=no /jupiter/circe_output/lccenc3_score3a_2#82977698-2#73496494-2#73192811-2#85487940jobid8.csv root@10.108.178.3:/jupiter/circe_input/
DEBUG:transfer.py:transfer successful!
INFO:ccdag_utils.py:runtime_stat:{"task_name": "lccenc3", "event": "queue_end_process", "filename": "lccenc3_score3b_2#82977698-2#73496494-2#73192811-2#85487940jobid8.csv", "unix_time": 1620686978.7007432}
INFO:circe.py:runtime_stat:{"task_name": "circe", "event": "new_output_file", "filename": "lccenc3_score3b_2#82977698-2#73496494-2#73192811-2#85487940jobid8.csv", "unix_time": 1620686978.7016087}
DEBUG:transfer.py:sshpass -p PASSWORD scp -P 5000 -o StrictHostKeyChecking=no /jupiter/circe_output/lccenc3_score3b_2#82977698-2#73496494-2#73192811-2#85487940jobid8.csv root@10.103.172.248:/jupiter/circe_input/
DEBUG:transfer.py:transfer successful!
INFO:ccdag_utils.py:runtime_stat:{"task_name": "lccenc3", "event": "queue_end_process", "filename": "lccenc3_score3c_2#82977698-2#73496494-2#73192811-2#85487940jobid8.csv", "unix_time": 1620686979.6927512}
INFO:circe.py:runtime_stat:{"task_name": "circe", "event": "new_output_file", "filename": "lccenc3_score3c_2#82977698-2#73496494-2#73192811-2#85487940jobid8.csv", "unix_time": 1620686979.6937544}
DEBUG:transfer.py:sshpass -p PASSWORD scp -P 5000 -o StrictHostKeyChecking=no /jupiter/circe_output/lccenc3_score3c_2#82977698-2#73496494-2#73192811-2#85487940jobid8.csv root@10.107.4.179:/jupiter/circe_input/
DEBUG:transfer.py:transfer successful!
INFO:circe.py:runtime_stat:{"task_name": "circe", "event": "new_input_file", "filename": "storeclass3_lccenc3_57614418imgwhitewolfjobid41.JPEG", "unix_time": 1620686981.8869586}
INFO:circe.py:runtime_stat:{"task_name": "circe", "event": "new_input_file", "filename": "storeclass3_lccenc3_04278289imgwhitewolfjobid41.JPEG", "unix_time": 1620686982.1050148}
INFO:circe.py:runtime_stat:{"task_name": "circe", "event": "new_input_file", "filename": "storeclass3_lccenc3_13176259imgwhitewolfjobid41.JPEG", "unix_time": 1620686982.924961}
INFO:circe.py:runtime_stat:{"task_name": "circe", "event": "new_input_file", "filename": "storeclass3_lccenc3_87690021imgwhitewolfjobid41.JPEG", "unix_time": 1620686983.1513867}
INFO:circe.py:runtime_stat:{"task_name": "circe", "event": "new_input_file", "filename": "storeclass3_lccenc3_93330448imgwhitewolfjobid41.JPEG", "unix_time": 1620686983.3645406}
INFO:circe.py:runtime_stat:{"task_name": "circe", "event": "new_input_file", "filename": "storeclass3_lccenc3_93991913imgwhitewolfjobid41.JPEG", "unix_time": 1620686983.5862405}
INFO:ccdag_utils.py:runtime_stat:{"task_name": "lccenc3", "event": "queue_start_process", "filename": "storeclass3_lccenc3_57614418imgwhitewolfjobid41.JPEG", "unix_time": 1620686983.6978033}
INFO:ccdag_utils.py:runtime_stat:{"task_name": "lccenc3", "event": "queue_start_process", "filename": "storeclass3_lccenc3_04278289imgwhitewolfjobid41.JPEG", "unix_time": 1620686983.6984465}
INFO:ccdag_utils.py:runtime_stat:{"task_name": "lccenc3", "event": "queue_start_process", "filename": "storeclass3_lccenc3_13176259imgwhitewolfjobid41.JPEG", "unix_time": 1620686983.6987371}
INFO:ccdag_utils.py:runtime_stat:{"task_name": "lccenc3", "event": "queue_start_process", "filename": "storeclass3_lccenc3_87690021imgwhitewolfjobid41.JPEG", "unix_time": 1620686983.6990132}
INFO:circe.py:runtime_stat:{"task_name": "circe", "event": "new_input_file", "filename": "storeclass3_lccenc3_05195024imgwhitewolfjobid41.JPEG", "unix_time": 1620686983.8222244}
INFO:circe.py:runtime_stat:{"task_name": "circe", "event": "new_input_file", "filename": "storeclass3_lccenc3_81919814imgwhitewolfjobid41.JPEG", "unix_time": 1620686984.3336332}
INFO:ccdag_utils.py:runtime_stat:{"task_name": "lccenc3", "event": "queue_end_process", "filename": "lccenc3_score3a_2#57614418-2#04278289-2#13176259-2#87690021jobid9.csv", "unix_time": 1620686984.8161058}
INFO:circe.py:runtime_stat:{"task_name": "circe", "event": "new_output_file", "filename": "lccenc3_score3a_2#57614418-2#04278289-2#13176259-2#87690021jobid9.csv", "unix_time": 1620686984.8169246}
DEBUG:transfer.py:sshpass -p PASSWORD scp -P 5000 -o StrictHostKeyChecking=no /jupiter/circe_output/lccenc3_score3a_2#57614418-2#04278289-2#13176259-2#87690021jobid9.csv root@10.108.178.3:/jupiter/circe_input/
DEBUG:transfer.py:transfer successful!
INFO:ccdag_utils.py:runtime_stat:{"task_name": "lccenc3", "event": "queue_end_process", "filename": "lccenc3_score3b_2#57614418-2#04278289-2#13176259-2#87690021jobid9.csv", "unix_time": 1620686985.8005104}
INFO:circe.py:runtime_stat:{"task_name": "circe", "event": "new_output_file", "filename": "lccenc3_score3b_2#57614418-2#04278289-2#13176259-2#87690021jobid9.csv", "unix_time": 1620686985.8013709}
DEBUG:transfer.py:sshpass -p PASSWORD scp -P 5000 -o StrictHostKeyChecking=no /jupiter/circe_output/lccenc3_score3b_2#57614418-2#04278289-2#13176259-2#87690021jobid9.csv root@10.103.172.248:/jupiter/circe_input/
DEBUG:transfer.py:transfer successful!
INFO:ccdag_utils.py:runtime_stat:{"task_name": "lccenc3", "event": "queue_end_process", "filename": "lccenc3_score3c_2#57614418-2#04278289-2#13176259-2#87690021jobid9.csv", "unix_time": 1620686986.7755704}
INFO:ccdag_utils.py:runtime_stat:{"task_name": "lccenc3", "event": "queue_start_process", "filename": "storeclass3_lccenc3_93330448imgwhitewolfjobid41.JPEG", "unix_time": 1620686986.7761004}
INFO:ccdag_utils.py:runtime_stat:{"task_name": "lccenc3", "event": "queue_start_process", "filename": "storeclass3_lccenc3_93991913imgwhitewolfjobid41.JPEG", "unix_time": 1620686986.7763765}
INFO:ccdag_utils.py:runtime_stat:{"task_name": "lccenc3", "event": "queue_start_process", "filename": "storeclass3_lccenc3_05195024imgwhitewolfjobid41.JPEG", "unix_time": 1620686986.776658}
INFO:ccdag_utils.py:runtime_stat:{"task_name": "lccenc3", "event": "queue_start_process", "filename": "storeclass3_lccenc3_81919814imgwhitewolfjobid41.JPEG", "unix_time": 1620686986.776903}
INFO:circe.py:runtime_stat:{"task_name": "circe", "event": "new_output_file", "filename": "lccenc3_score3c_2#57614418-2#04278289-2#13176259-2#87690021jobid9.csv", "unix_time": 1620686986.7838368}
DEBUG:transfer.py:sshpass -p PASSWORD scp -P 5000 -o StrictHostKeyChecking=no /jupiter/circe_output/lccenc3_score3c_2#57614418-2#04278289-2#13176259-2#87690021jobid9.csv root@10.107.4.179:/jupiter/circe_input/
DEBUG:transfer.py:transfer successful!
INFO:ccdag_utils.py:runtime_stat:{"task_name": "lccenc3", "event": "queue_end_process", "filename": "lccenc3_score3a_2#93330448-2#93991913-2#05195024-2#81919814jobid10.csv", "unix_time": 1620686987.9001756}
INFO:circe.py:runtime_stat:{"task_name": "circe", "event": "new_output_file", "filename": "lccenc3_score3a_2#93330448-2#93991913-2#05195024-2#81919814jobid10.csv", "unix_time": 1620686987.9011014}
DEBUG:transfer.py:sshpass -p PASSWORD scp -P 5000 -o StrictHostKeyChecking=no /jupiter/circe_output/lccenc3_score3a_2#93330448-2#93991913-2#05195024-2#81919814jobid10.csv root@10.108.178.3:/jupiter/circe_input/
DEBUG:transfer.py:transfer successful!
INFO:ccdag_utils.py:runtime_stat:{"task_name": "lccenc3", "event": "queue_end_process", "filename": "lccenc3_score3b_2#93330448-2#93991913-2#05195024-2#81919814jobid10.csv", "unix_time": 1620686988.874709}
INFO:circe.py:runtime_stat:{"task_name": "circe", "event": "new_output_file", "filename": "lccenc3_score3b_2#93330448-2#93991913-2#05195024-2#81919814jobid10.csv", "unix_time": 1620686988.875615}
DEBUG:transfer.py:sshpass -p PASSWORD scp -P 5000 -o StrictHostKeyChecking=no /jupiter/circe_output/lccenc3_score3b_2#93330448-2#93991913-2#05195024-2#81919814jobid10.csv root@10.103.172.248:/jupiter/circe_input/
DEBUG:transfer.py:transfer successful!
INFO:ccdag_utils.py:runtime_stat:{"task_name": "lccenc3", "event": "queue_end_process", "filename": "lccenc3_score3c_2#93330448-2#93991913-2#05195024-2#81919814jobid10.csv", "unix_time": 1620686989.8592076}
INFO:circe.py:runtime_stat:{"task_name": "circe", "event": "new_output_file", "filename": "lccenc3_score3c_2#93330448-2#93991913-2#05195024-2#81919814jobid10.csv", "unix_time": 1620686989.8602538}
DEBUG:transfer.py:sshpass -p PASSWORD scp -P 5000 -o StrictHostKeyChecking=no /jupiter/circe_output/lccenc3_score3c_2#93330448-2#93991913-2#05195024-2#81919814jobid10.csv root@10.107.4.179:/jupiter/circe_input/
DEBUG:transfer.py:transfer successful!
