 * Starting OpenBSD Secure Shell server sshd
   ...done.
INFO:circe.py:Using base script score.py
DEBUG:circe.py:starting the input monitoring process
DEBUG:circe.py:starting the output monitoring process
INFO:circe.py:runtime_stat:{"task_name": "circe", "event": "new_input_file", "filename": "lccenc2_score2a_1#47954312-1#22143734-1#31516419-1#71026948jobid1.csv", "unix_time": 1620686827.6383395}
INFO:ccdag_utils.py:runtime_stat:{"task_name": "score2a", "event": "queue_start_process", "filename": "lccenc2_score2a_1#47954312-1#22143734-1#31516419-1#71026948jobid1.csv", "unix_time": 1620686828.0065691}
['schoolbus21.JPEG', 'schoolbus22.JPEG', 'schoolbus23.JPEG', 'schoolbus24.JPEG', 'schoolbus25.JPEG', 'schoolbus26.JPEG', 'schoolbus27.JPEG', 'schoolbus28.JPEG', 'schoolbus29.JPEG', 'schoolbus30.JPEG']
INFO:circe.py:runtime_stat:{"task_name": "circe", "event": "new_input_file", "filename": "lccenc2_score2a_1#91579101-1#37898018-1#20579036-1#92463338jobid2.csv", "unix_time": 1620686830.9507976}
INFO:circe.py:runtime_stat:{"task_name": "circe", "event": "new_input_file", "filename": "lccenc2_score2a_1#75370273-1#71383749-1#76747416-1#51480615jobid3.csv", "unix_time": 1620686838.9257653}
INFO:circe.py:runtime_stat:{"task_name": "circe", "event": "new_output_file", "filename": "score2a_preagg2_1jobth1#47954312-1#22143734-1#31516419-1#71026948", "unix_time": 1620686839.676908}
DEBUG:transfer.py:sshpass -p PASSWORD scp -P 5000 -o StrictHostKeyChecking=no /jupiter/circe_output/score2a_preagg2_1jobth1#47954312-1#22143734-1#31516419-1#71026948 root@10.111.105.79:/jupiter/circe_input/
INFO:ccdag_utils.py:runtime_stat:{"task_name": "score2a", "event": "queue_end_process", "filename": "score2a_preagg2_1jobth1#47954312-1#22143734-1#31516419-1#71026948", "unix_time": 1620686839.6840835}
INFO:ccdag_utils.py:runtime_stat:{"task_name": "score2a", "event": "queue_start_process", "filename": "lccenc2_score2a_1#91579101-1#37898018-1#20579036-1#92463338jobid2.csv", "unix_time": 1620686839.688611}
['schoolbus21.JPEG', 'schoolbus22.JPEG', 'schoolbus23.JPEG', 'schoolbus24.JPEG', 'schoolbus25.JPEG', 'schoolbus26.JPEG', 'schoolbus27.JPEG', 'schoolbus28.JPEG', 'schoolbus29.JPEG', 'schoolbus30.JPEG']
Warning: Permanently added '[10.111.105.79]:5000' (ECDSA) to the list of known hosts.
DEBUG:transfer.py:transfer successful!
INFO:circe.py:runtime_stat:{"task_name": "circe", "event": "new_input_file", "filename": "lccenc2_score2a_1#32923915-1#84197238-1#84615094-1#15622710jobid4.csv", "unix_time": 1620686841.7673137}
INFO:circe.py:runtime_stat:{"task_name": "circe", "event": "new_input_file", "filename": "lccenc2_score2a_1#79105272-1#07094589-1#84858701-1#22811932jobid5.csv", "unix_time": 1620686851.1977887}
INFO:circe.py:runtime_stat:{"task_name": "circe", "event": "new_output_file", "filename": "score2a_preagg2_2jobth1#91579101-1#37898018-1#20579036-1#92463338", "unix_time": 1620686851.238783}
DEBUG:transfer.py:sshpass -p PASSWORD scp -P 5000 -o StrictHostKeyChecking=no /jupiter/circe_output/score2a_preagg2_2jobth1#91579101-1#37898018-1#20579036-1#92463338 root@10.111.105.79:/jupiter/circe_input/
INFO:ccdag_utils.py:runtime_stat:{"task_name": "score2a", "event": "queue_end_process", "filename": "score2a_preagg2_2jobth1#91579101-1#37898018-1#20579036-1#92463338", "unix_time": 1620686851.246926}
INFO:ccdag_utils.py:runtime_stat:{"task_name": "score2a", "event": "queue_start_process", "filename": "lccenc2_score2a_1#75370273-1#71383749-1#76747416-1#51480615jobid3.csv", "unix_time": 1620686851.2490687}
['schoolbus21.JPEG', 'schoolbus22.JPEG', 'schoolbus23.JPEG', 'schoolbus24.JPEG', 'schoolbus25.JPEG', 'schoolbus26.JPEG', 'schoolbus27.JPEG', 'schoolbus28.JPEG', 'schoolbus29.JPEG', 'schoolbus30.JPEG']
DEBUG:transfer.py:transfer successful!
INFO:circe.py:runtime_stat:{"task_name": "circe", "event": "new_input_file", "filename": "lccenc2_score2a_1#05629675-1#92560428-1#84464728-1#51987917jobid6.csv", "unix_time": 1620686860.3563147}
INFO:circe.py:runtime_stat:{"task_name": "circe", "event": "new_output_file", "filename": "score2a_preagg2_3jobth1#75370273-1#71383749-1#76747416-1#51480615", "unix_time": 1620686862.730693}
DEBUG:transfer.py:sshpass -p PASSWORD scp -P 5000 -o StrictHostKeyChecking=no /jupiter/circe_output/score2a_preagg2_3jobth1#75370273-1#71383749-1#76747416-1#51480615 root@10.111.105.79:/jupiter/circe_input/
INFO:ccdag_utils.py:runtime_stat:{"task_name": "score2a", "event": "queue_end_process", "filename": "score2a_preagg2_3jobth1#75370273-1#71383749-1#76747416-1#51480615", "unix_time": 1620686862.7371244}
INFO:ccdag_utils.py:runtime_stat:{"task_name": "score2a", "event": "queue_start_process", "filename": "lccenc2_score2a_1#32923915-1#84197238-1#84615094-1#15622710jobid4.csv", "unix_time": 1620686862.739216}
['schoolbus21.JPEG', 'schoolbus22.JPEG', 'schoolbus23.JPEG', 'schoolbus24.JPEG', 'schoolbus25.JPEG', 'schoolbus26.JPEG', 'schoolbus27.JPEG', 'schoolbus28.JPEG', 'schoolbus29.JPEG', 'schoolbus30.JPEG']
DEBUG:transfer.py:transfer successful!
INFO:circe.py:runtime_stat:{"task_name": "circe", "event": "new_input_file", "filename": "lccenc2_score2a_1#59550890-1#09043828-1#02270296-1#54064593jobid7.csv", "unix_time": 1620686872.5703387}
INFO:circe.py:runtime_stat:{"task_name": "circe", "event": "new_output_file", "filename": "score2a_preagg2_4jobth1#32923915-1#84197238-1#84615094-1#15622710", "unix_time": 1620686874.3109665}
DEBUG:transfer.py:sshpass -p PASSWORD scp -P 5000 -o StrictHostKeyChecking=no /jupiter/circe_output/score2a_preagg2_4jobth1#32923915-1#84197238-1#84615094-1#15622710 root@10.111.105.79:/jupiter/circe_input/
INFO:ccdag_utils.py:runtime_stat:{"task_name": "score2a", "event": "queue_end_process", "filename": "score2a_preagg2_4jobth1#32923915-1#84197238-1#84615094-1#15622710", "unix_time": 1620686874.3168793}
INFO:ccdag_utils.py:runtime_stat:{"task_name": "score2a", "event": "queue_start_process", "filename": "lccenc2_score2a_1#79105272-1#07094589-1#84858701-1#22811932jobid5.csv", "unix_time": 1620686874.3187382}
['schoolbus21.JPEG', 'schoolbus22.JPEG', 'schoolbus23.JPEG', 'schoolbus24.JPEG', 'schoolbus25.JPEG', 'schoolbus26.JPEG', 'schoolbus27.JPEG', 'schoolbus28.JPEG', 'schoolbus29.JPEG', 'schoolbus30.JPEG']
DEBUG:transfer.py:transfer successful!
INFO:circe.py:runtime_stat:{"task_name": "circe", "event": "new_input_file", "filename": "lccenc2_score2a_1#56483642-1#31520786-1#01544846-1#86060771jobid8.csv", "unix_time": 1620686875.81136}
INFO:circe.py:runtime_stat:{"task_name": "circe", "event": "new_output_file", "filename": "score2a_preagg2_5jobth1#79105272-1#07094589-1#84858701-1#22811932", "unix_time": 1620686885.8818896}
DEBUG:transfer.py:sshpass -p PASSWORD scp -P 5000 -o StrictHostKeyChecking=no /jupiter/circe_output/score2a_preagg2_5jobth1#79105272-1#07094589-1#84858701-1#22811932 root@10.111.105.79:/jupiter/circe_input/
INFO:ccdag_utils.py:runtime_stat:{"task_name": "score2a", "event": "queue_end_process", "filename": "score2a_preagg2_5jobth1#79105272-1#07094589-1#84858701-1#22811932", "unix_time": 1620686885.8880117}
INFO:ccdag_utils.py:runtime_stat:{"task_name": "score2a", "event": "queue_start_process", "filename": "lccenc2_score2a_1#05629675-1#92560428-1#84464728-1#51987917jobid6.csv", "unix_time": 1620686885.8901315}
['schoolbus21.JPEG', 'schoolbus22.JPEG', 'schoolbus23.JPEG', 'schoolbus24.JPEG', 'schoolbus25.JPEG', 'schoolbus26.JPEG', 'schoolbus27.JPEG', 'schoolbus28.JPEG', 'schoolbus29.JPEG', 'schoolbus30.JPEG']
DEBUG:transfer.py:transfer successful!
INFO:circe.py:runtime_stat:{"task_name": "circe", "event": "new_output_file", "filename": "score2a_preagg2_6jobth1#05629675-1#92560428-1#84464728-1#51987917", "unix_time": 1620686897.3060293}
DEBUG:transfer.py:sshpass -p PASSWORD scp -P 5000 -o StrictHostKeyChecking=no /jupiter/circe_output/score2a_preagg2_6jobth1#05629675-1#92560428-1#84464728-1#51987917 root@10.111.105.79:/jupiter/circe_input/
INFO:ccdag_utils.py:runtime_stat:{"task_name": "score2a", "event": "queue_end_process", "filename": "score2a_preagg2_6jobth1#05629675-1#92560428-1#84464728-1#51987917", "unix_time": 1620686897.313257}
INFO:ccdag_utils.py:runtime_stat:{"task_name": "score2a", "event": "queue_start_process", "filename": "lccenc2_score2a_1#59550890-1#09043828-1#02270296-1#54064593jobid7.csv", "unix_time": 1620686897.3152924}
['schoolbus21.JPEG', 'schoolbus22.JPEG', 'schoolbus23.JPEG', 'schoolbus24.JPEG', 'schoolbus25.JPEG', 'schoolbus26.JPEG', 'schoolbus27.JPEG', 'schoolbus28.JPEG', 'schoolbus29.JPEG', 'schoolbus30.JPEG']
DEBUG:transfer.py:transfer successful!
INFO:circe.py:runtime_stat:{"task_name": "circe", "event": "new_output_file", "filename": "score2a_preagg2_7jobth1#59550890-1#09043828-1#02270296-1#54064593", "unix_time": 1620686908.8660934}
DEBUG:transfer.py:sshpass -p PASSWORD scp -P 5000 -o StrictHostKeyChecking=no /jupiter/circe_output/score2a_preagg2_7jobth1#59550890-1#09043828-1#02270296-1#54064593 root@10.111.105.79:/jupiter/circe_input/
INFO:ccdag_utils.py:runtime_stat:{"task_name": "score2a", "event": "queue_end_process", "filename": "score2a_preagg2_7jobth1#59550890-1#09043828-1#02270296-1#54064593", "unix_time": 1620686908.874301}
INFO:ccdag_utils.py:runtime_stat:{"task_name": "score2a", "event": "queue_start_process", "filename": "lccenc2_score2a_1#56483642-1#31520786-1#01544846-1#86060771jobid8.csv", "unix_time": 1620686908.8759172}
['schoolbus21.JPEG', 'schoolbus22.JPEG', 'schoolbus23.JPEG', 'schoolbus24.JPEG', 'schoolbus25.JPEG', 'schoolbus26.JPEG', 'schoolbus27.JPEG', 'schoolbus28.JPEG', 'schoolbus29.JPEG', 'schoolbus30.JPEG']
DEBUG:transfer.py:transfer successful!
INFO:circe.py:runtime_stat:{"task_name": "circe", "event": "new_output_file", "filename": "score2a_preagg2_8jobth1#56483642-1#31520786-1#01544846-1#86060771", "unix_time": 1620686920.3554354}
DEBUG:transfer.py:sshpass -p PASSWORD scp -P 5000 -o StrictHostKeyChecking=no /jupiter/circe_output/score2a_preagg2_8jobth1#56483642-1#31520786-1#01544846-1#86060771 root@10.111.105.79:/jupiter/circe_input/
INFO:ccdag_utils.py:runtime_stat:{"task_name": "score2a", "event": "queue_end_process", "filename": "score2a_preagg2_8jobth1#56483642-1#31520786-1#01544846-1#86060771", "unix_time": 1620686920.3697243}
DEBUG:transfer.py:transfer successful!
