 * Starting OpenBSD Secure Shell server sshd
   ...done.
INFO:circe.py:Using base script storeclass.py
DEBUG:circe.py:starting the input monitoring process
DEBUG:circe.py:starting the output monitoring process
INFO:circe.py:runtime_stat:{"task_name": "circe", "event": "new_input_file", "filename": "resnet3_storeclass7_17982385imgleopardjobid6.JPEG", "unix_time": 1620683099.5897667}
INFO:ccdag_utils.py:runtime_stat:{"task_name": "storeclass7", "event": "queue_start_process", "filename": "resnet3_storeclass7_17982385imgleopardjobid6.JPEG", "unix_time": 1620683099.6211257}
INFO:ccdag_utils.py:runtime_stat:{"task_name": "storeclass7", "event": "queue_end_process", "filename": "storeclass7_lccenc7_17982385imgleopardjobid6.JPEG", "unix_time": 1620683099.6259363}
INFO:circe.py:runtime_stat:{"task_name": "circe", "event": "new_output_file", "filename": "storeclass7_lccenc7_17982385imgleopardjobid6.JPEG", "unix_time": 1620683099.6265721}
DEBUG:transfer.py:sshpass -p PASSWORD scp -P 5000 -o StrictHostKeyChecking=no /jupiter/circe_output/storeclass7_lccenc7_17982385imgleopardjobid6.JPEG root@10.107.234.220:/jupiter/circe_input/
INFO:circe.py:runtime_stat:{"task_name": "circe", "event": "new_input_file", "filename": "resnet1_storeclass7_74363728imgleopardjobid6.JPEG", "unix_time": 1620683099.667819}
Warning: Permanently added '[10.107.234.220]:5000' (ECDSA) to the list of known hosts.
INFO:circe.py:runtime_stat:{"task_name": "circe", "event": "new_input_file", "filename": "resnet6_storeclass7_17252413imgleopardjobid6.JPEG", "unix_time": 1620683099.721364}
DEBUG:transfer.py:transfer successful!
INFO:circe.py:runtime_stat:{"task_name": "circe", "event": "new_input_file", "filename": "resnet4_storeclass7_06877480imgleopardjobid6.JPEG", "unix_time": 1620683100.1730552}
INFO:circe.py:runtime_stat:{"task_name": "circe", "event": "new_input_file", "filename": "home_storeclass7_17106369imgleopardjobid6.JPEG", "unix_time": 1620683100.5303817}
INFO:ccdag_utils.py:runtime_stat:{"task_name": "storeclass7", "event": "queue_start_process", "filename": "resnet1_storeclass7_74363728imgleopardjobid6.JPEG", "unix_time": 1620683100.6273937}
INFO:ccdag_utils.py:runtime_stat:{"task_name": "storeclass7", "event": "queue_end_process", "filename": "storeclass7_lccenc7_74363728imgleopardjobid6.JPEG", "unix_time": 1620683100.6304057}
INFO:ccdag_utils.py:runtime_stat:{"task_name": "storeclass7", "event": "queue_start_process", "filename": "resnet6_storeclass7_17252413imgleopardjobid6.JPEG", "unix_time": 1620683100.6306744}
INFO:circe.py:runtime_stat:{"task_name": "circe", "event": "new_output_file", "filename": "storeclass7_lccenc7_74363728imgleopardjobid6.JPEG", "unix_time": 1620683100.6315186}
DEBUG:transfer.py:sshpass -p PASSWORD scp -P 5000 -o StrictHostKeyChecking=no /jupiter/circe_output/storeclass7_lccenc7_74363728imgleopardjobid6.JPEG root@10.107.234.220:/jupiter/circe_input/
INFO:ccdag_utils.py:runtime_stat:{"task_name": "storeclass7", "event": "queue_end_process", "filename": "storeclass7_lccenc7_17252413imgleopardjobid6.JPEG", "unix_time": 1620683100.6361222}
INFO:ccdag_utils.py:runtime_stat:{"task_name": "storeclass7", "event": "queue_start_process", "filename": "resnet4_storeclass7_06877480imgleopardjobid6.JPEG", "unix_time": 1620683100.63888}
INFO:ccdag_utils.py:runtime_stat:{"task_name": "storeclass7", "event": "queue_end_process", "filename": "storeclass7_lccenc7_06877480imgleopardjobid6.JPEG", "unix_time": 1620683100.642449}
INFO:ccdag_utils.py:runtime_stat:{"task_name": "storeclass7", "event": "queue_start_process", "filename": "home_storeclass7_17106369imgleopardjobid6.JPEG", "unix_time": 1620683100.6434507}
INFO:ccdag_utils.py:runtime_stat:{"task_name": "storeclass7", "event": "queue_end_process", "filename": "storeclass7_lccenc7_17106369imgleopardjobid6.JPEG", "unix_time": 1620683100.6470425}
DEBUG:transfer.py:transfer successful!
INFO:circe.py:runtime_stat:{"task_name": "circe", "event": "new_output_file", "filename": "storeclass7_lccenc7_17252413imgleopardjobid6.JPEG", "unix_time": 1620683100.8393033}
DEBUG:transfer.py:sshpass -p PASSWORD scp -P 5000 -o StrictHostKeyChecking=no /jupiter/circe_output/storeclass7_lccenc7_17252413imgleopardjobid6.JPEG root@10.107.234.220:/jupiter/circe_input/
DEBUG:transfer.py:transfer successful!
INFO:circe.py:runtime_stat:{"task_name": "circe", "event": "new_output_file", "filename": "storeclass7_lccenc7_06877480imgleopardjobid6.JPEG", "unix_time": 1620683101.0512502}
DEBUG:transfer.py:sshpass -p PASSWORD scp -P 5000 -o StrictHostKeyChecking=no /jupiter/circe_output/storeclass7_lccenc7_06877480imgleopardjobid6.JPEG root@10.107.234.220:/jupiter/circe_input/
DEBUG:transfer.py:transfer successful!
INFO:circe.py:runtime_stat:{"task_name": "circe", "event": "new_output_file", "filename": "storeclass7_lccenc7_17106369imgleopardjobid6.JPEG", "unix_time": 1620683101.2647116}
DEBUG:transfer.py:sshpass -p PASSWORD scp -P 5000 -o StrictHostKeyChecking=no /jupiter/circe_output/storeclass7_lccenc7_17106369imgleopardjobid6.JPEG root@10.107.234.220:/jupiter/circe_input/
DEBUG:transfer.py:transfer successful!
INFO:circe.py:runtime_stat:{"task_name": "circe", "event": "new_input_file", "filename": "resnet3_storeclass7_68957597imgleopardjobid7.JPEG", "unix_time": 1620683109.7155774}
INFO:circe.py:runtime_stat:{"task_name": "circe", "event": "new_input_file", "filename": "resnet1_storeclass7_20617966imgleopardjobid7.JPEG", "unix_time": 1620683109.8264453}
INFO:circe.py:runtime_stat:{"task_name": "circe", "event": "new_input_file", "filename": "resnet5_storeclass7_89490850imgleopardjobid7.JPEG", "unix_time": 1620683110.4042394}
INFO:circe.py:runtime_stat:{"task_name": "circe", "event": "new_input_file", "filename": "resnet7_storeclass7_77105398imgleopardjobid7.JPEG", "unix_time": 1620683110.5763452}
INFO:ccdag_utils.py:runtime_stat:{"task_name": "storeclass7", "event": "queue_start_process", "filename": "resnet3_storeclass7_68957597imgleopardjobid7.JPEG", "unix_time": 1620683110.6632676}
INFO:ccdag_utils.py:runtime_stat:{"task_name": "storeclass7", "event": "queue_end_process", "filename": "storeclass7_lccenc7_68957597imgleopardjobid7.JPEG", "unix_time": 1620683110.6672802}
INFO:ccdag_utils.py:runtime_stat:{"task_name": "storeclass7", "event": "queue_start_process", "filename": "resnet1_storeclass7_20617966imgleopardjobid7.JPEG", "unix_time": 1620683110.66873}
INFO:ccdag_utils.py:runtime_stat:{"task_name": "storeclass7", "event": "queue_end_process", "filename": "storeclass7_lccenc7_20617966imgleopardjobid7.JPEG", "unix_time": 1620683110.682474}
INFO:circe.py:runtime_stat:{"task_name": "circe", "event": "new_output_file", "filename": "storeclass7_lccenc7_68957597imgleopardjobid7.JPEG", "unix_time": 1620683110.671175}
DEBUG:transfer.py:sshpass -p PASSWORD scp -P 5000 -o StrictHostKeyChecking=no /jupiter/circe_output/storeclass7_lccenc7_68957597imgleopardjobid7.JPEG root@10.107.234.220:/jupiter/circe_input/
INFO:ccdag_utils.py:runtime_stat:{"task_name": "storeclass7", "event": "queue_start_process", "filename": "resnet5_storeclass7_89490850imgleopardjobid7.JPEG", "unix_time": 1620683110.683748}
INFO:ccdag_utils.py:runtime_stat:{"task_name": "storeclass7", "event": "queue_end_process", "filename": "storeclass7_lccenc7_89490850imgleopardjobid7.JPEG", "unix_time": 1620683110.6900153}
INFO:ccdag_utils.py:runtime_stat:{"task_name": "storeclass7", "event": "queue_start_process", "filename": "resnet7_storeclass7_77105398imgleopardjobid7.JPEG", "unix_time": 1620683110.6930587}
INFO:ccdag_utils.py:runtime_stat:{"task_name": "storeclass7", "event": "queue_end_process", "filename": "storeclass7_lccenc7_77105398imgleopardjobid7.JPEG", "unix_time": 1620683110.69991}
DEBUG:transfer.py:transfer successful!
INFO:circe.py:runtime_stat:{"task_name": "circe", "event": "new_output_file", "filename": "storeclass7_lccenc7_20617966imgleopardjobid7.JPEG", "unix_time": 1620683110.9972582}
DEBUG:transfer.py:sshpass -p PASSWORD scp -P 5000 -o StrictHostKeyChecking=no /jupiter/circe_output/storeclass7_lccenc7_20617966imgleopardjobid7.JPEG root@10.107.234.220:/jupiter/circe_input/
DEBUG:transfer.py:transfer successful!
INFO:circe.py:runtime_stat:{"task_name": "circe", "event": "new_output_file", "filename": "storeclass7_lccenc7_89490850imgleopardjobid7.JPEG", "unix_time": 1620683111.3330173}
DEBUG:transfer.py:sshpass -p PASSWORD scp -P 5000 -o StrictHostKeyChecking=no /jupiter/circe_output/storeclass7_lccenc7_89490850imgleopardjobid7.JPEG root@10.107.234.220:/jupiter/circe_input/
DEBUG:transfer.py:transfer successful!
INFO:circe.py:runtime_stat:{"task_name": "circe", "event": "new_output_file", "filename": "storeclass7_lccenc7_77105398imgleopardjobid7.JPEG", "unix_time": 1620683111.5967202}
DEBUG:transfer.py:sshpass -p PASSWORD scp -P 5000 -o StrictHostKeyChecking=no /jupiter/circe_output/storeclass7_lccenc7_77105398imgleopardjobid7.JPEG root@10.107.234.220:/jupiter/circe_input/
DEBUG:transfer.py:transfer successful!
INFO:circe.py:runtime_stat:{"task_name": "circe", "event": "new_input_file", "filename": "home_storeclass7_66376661imgleopardjobid8.JPEG", "unix_time": 1620683121.5323749}
INFO:circe.py:runtime_stat:{"task_name": "circe", "event": "new_input_file", "filename": "resnet2_storeclass7_06559041imgleopardjobid8.JPEG", "unix_time": 1620683121.664093}
INFO:ccdag_utils.py:runtime_stat:{"task_name": "storeclass7", "event": "queue_start_process", "filename": "home_storeclass7_66376661imgleopardjobid8.JPEG", "unix_time": 1620683121.7142818}
INFO:ccdag_utils.py:runtime_stat:{"task_name": "storeclass7", "event": "queue_end_process", "filename": "storeclass7_lccenc7_66376661imgleopardjobid8.JPEG", "unix_time": 1620683121.716758}
INFO:ccdag_utils.py:runtime_stat:{"task_name": "storeclass7", "event": "queue_start_process", "filename": "resnet2_storeclass7_06559041imgleopardjobid8.JPEG", "unix_time": 1620683121.7179363}
INFO:circe.py:runtime_stat:{"task_name": "circe", "event": "new_output_file", "filename": "storeclass7_lccenc7_66376661imgleopardjobid8.JPEG", "unix_time": 1620683121.7176592}
DEBUG:transfer.py:sshpass -p PASSWORD scp -P 5000 -o StrictHostKeyChecking=no /jupiter/circe_output/storeclass7_lccenc7_66376661imgleopardjobid8.JPEG root@10.107.234.220:/jupiter/circe_input/
INFO:ccdag_utils.py:runtime_stat:{"task_name": "storeclass7", "event": "queue_end_process", "filename": "storeclass7_lccenc7_06559041imgleopardjobid8.JPEG", "unix_time": 1620683121.7197652}
DEBUG:transfer.py:transfer successful!
INFO:circe.py:runtime_stat:{"task_name": "circe", "event": "new_output_file", "filename": "storeclass7_lccenc7_06559041imgleopardjobid8.JPEG", "unix_time": 1620683121.9440277}
DEBUG:transfer.py:sshpass -p PASSWORD scp -P 5000 -o StrictHostKeyChecking=no /jupiter/circe_output/storeclass7_lccenc7_06559041imgleopardjobid8.JPEG root@10.107.234.220:/jupiter/circe_input/
INFO:circe.py:runtime_stat:{"task_name": "circe", "event": "new_input_file", "filename": "resnet4_storeclass7_16211126imgleopardjobid8.JPEG", "unix_time": 1620683122.0488951}
INFO:circe.py:runtime_stat:{"task_name": "circe", "event": "new_input_file", "filename": "resnet6_storeclass7_39957931imgleopardjobid8.JPEG", "unix_time": 1620683122.0610695}
DEBUG:transfer.py:transfer successful!
INFO:circe.py:runtime_stat:{"task_name": "circe", "event": "new_input_file", "filename": "resnet0_storeclass7_16854034imgleopardjobid8.JPEG", "unix_time": 1620683122.2615695}
INFO:ccdag_utils.py:runtime_stat:{"task_name": "storeclass7", "event": "queue_start_process", "filename": "resnet4_storeclass7_16211126imgleopardjobid8.JPEG", "unix_time": 1620683122.7273178}
INFO:ccdag_utils.py:runtime_stat:{"task_name": "storeclass7", "event": "queue_end_process", "filename": "storeclass7_lccenc7_16211126imgleopardjobid8.JPEG", "unix_time": 1620683122.7311943}
INFO:ccdag_utils.py:runtime_stat:{"task_name": "storeclass7", "event": "queue_start_process", "filename": "resnet6_storeclass7_39957931imgleopardjobid8.JPEG", "unix_time": 1620683122.7318914}
INFO:circe.py:runtime_stat:{"task_name": "circe", "event": "new_output_file", "filename": "storeclass7_lccenc7_16211126imgleopardjobid8.JPEG", "unix_time": 1620683122.7324982}
DEBUG:transfer.py:sshpass -p PASSWORD scp -P 5000 -o StrictHostKeyChecking=no /jupiter/circe_output/storeclass7_lccenc7_16211126imgleopardjobid8.JPEG root@10.107.234.220:/jupiter/circe_input/
INFO:ccdag_utils.py:runtime_stat:{"task_name": "storeclass7", "event": "queue_end_process", "filename": "storeclass7_lccenc7_39957931imgleopardjobid8.JPEG", "unix_time": 1620683122.7410543}
INFO:ccdag_utils.py:runtime_stat:{"task_name": "storeclass7", "event": "queue_start_process", "filename": "resnet0_storeclass7_16854034imgleopardjobid8.JPEG", "unix_time": 1620683122.742032}
INFO:ccdag_utils.py:runtime_stat:{"task_name": "storeclass7", "event": "queue_end_process", "filename": "storeclass7_lccenc7_16854034imgleopardjobid8.JPEG", "unix_time": 1620683122.743804}
DEBUG:transfer.py:transfer successful!
INFO:circe.py:runtime_stat:{"task_name": "circe", "event": "new_output_file", "filename": "storeclass7_lccenc7_39957931imgleopardjobid8.JPEG", "unix_time": 1620683123.0067415}
DEBUG:transfer.py:sshpass -p PASSWORD scp -P 5000 -o StrictHostKeyChecking=no /jupiter/circe_output/storeclass7_lccenc7_39957931imgleopardjobid8.JPEG root@10.107.234.220:/jupiter/circe_input/
DEBUG:transfer.py:transfer successful!
INFO:circe.py:runtime_stat:{"task_name": "circe", "event": "new_output_file", "filename": "storeclass7_lccenc7_16854034imgleopardjobid8.JPEG", "unix_time": 1620683123.2382317}
DEBUG:transfer.py:sshpass -p PASSWORD scp -P 5000 -o StrictHostKeyChecking=no /jupiter/circe_output/storeclass7_lccenc7_16854034imgleopardjobid8.JPEG root@10.107.234.220:/jupiter/circe_input/
DEBUG:transfer.py:transfer successful!
INFO:circe.py:runtime_stat:{"task_name": "circe", "event": "new_input_file", "filename": "resnet3_storeclass7_38589687imgleopardjobid9.JPEG", "unix_time": 1620683132.621824}
INFO:ccdag_utils.py:runtime_stat:{"task_name": "storeclass7", "event": "queue_start_process", "filename": "resnet3_storeclass7_38589687imgleopardjobid9.JPEG", "unix_time": 1620683132.7627492}
INFO:ccdag_utils.py:runtime_stat:{"task_name": "storeclass7", "event": "queue_end_process", "filename": "storeclass7_lccenc7_38589687imgleopardjobid9.JPEG", "unix_time": 1620683132.7733095}
INFO:circe.py:runtime_stat:{"task_name": "circe", "event": "new_output_file", "filename": "storeclass7_lccenc7_38589687imgleopardjobid9.JPEG", "unix_time": 1620683132.7745512}
DEBUG:transfer.py:sshpass -p PASSWORD scp -P 5000 -o StrictHostKeyChecking=no /jupiter/circe_output/storeclass7_lccenc7_38589687imgleopardjobid9.JPEG root@10.107.234.220:/jupiter/circe_input/
INFO:circe.py:runtime_stat:{"task_name": "circe", "event": "new_input_file", "filename": "resnet1_storeclass7_70700052imgleopardjobid9.JPEG", "unix_time": 1620683132.7841034}
DEBUG:transfer.py:transfer successful!
INFO:ccdag_utils.py:runtime_stat:{"task_name": "storeclass7", "event": "queue_start_process", "filename": "resnet1_storeclass7_70700052imgleopardjobid9.JPEG", "unix_time": 1620683133.7748022}
INFO:ccdag_utils.py:runtime_stat:{"task_name": "storeclass7", "event": "queue_end_process", "filename": "storeclass7_lccenc7_70700052imgleopardjobid9.JPEG", "unix_time": 1620683133.7855184}
INFO:circe.py:runtime_stat:{"task_name": "circe", "event": "new_output_file", "filename": "storeclass7_lccenc7_70700052imgleopardjobid9.JPEG", "unix_time": 1620683133.7866895}
DEBUG:transfer.py:sshpass -p PASSWORD scp -P 5000 -o StrictHostKeyChecking=no /jupiter/circe_output/storeclass7_lccenc7_70700052imgleopardjobid9.JPEG root@10.107.234.220:/jupiter/circe_input/
DEBUG:transfer.py:transfer successful!
INFO:circe.py:runtime_stat:{"task_name": "circe", "event": "new_input_file", "filename": "resnet6_storeclass7_87614581imgleopardjobid10.JPEG", "unix_time": 1620683144.550787}
INFO:circe.py:runtime_stat:{"task_name": "circe", "event": "new_input_file", "filename": "resnet2_storeclass7_76444692imgleopardjobid10.JPEG", "unix_time": 1620683144.5528305}
INFO:circe.py:runtime_stat:{"task_name": "circe", "event": "new_input_file", "filename": "resnet0_storeclass7_67296596imgleopardjobid10.JPEG", "unix_time": 1620683144.6893635}
INFO:ccdag_utils.py:runtime_stat:{"task_name": "storeclass7", "event": "queue_start_process", "filename": "resnet6_storeclass7_87614581imgleopardjobid10.JPEG", "unix_time": 1620683144.7957807}
INFO:circe.py:runtime_stat:{"task_name": "circe", "event": "new_output_file", "filename": "storeclass7_lccenc7_87614581imgleopardjobid10.JPEG", "unix_time": 1620683144.8020947}
INFO:ccdag_utils.py:runtime_stat:{"task_name": "storeclass7", "event": "queue_end_process", "filename": "storeclass7_lccenc7_87614581imgleopardjobid10.JPEG", "unix_time": 1620683144.802299}
DEBUG:transfer.py:sshpass -p PASSWORD scp -P 5000 -o StrictHostKeyChecking=no /jupiter/circe_output/storeclass7_lccenc7_87614581imgleopardjobid10.JPEG root@10.107.234.220:/jupiter/circe_input/
INFO:ccdag_utils.py:runtime_stat:{"task_name": "storeclass7", "event": "queue_start_process", "filename": "resnet2_storeclass7_76444692imgleopardjobid10.JPEG", "unix_time": 1620683144.80318}
INFO:ccdag_utils.py:runtime_stat:{"task_name": "storeclass7", "event": "queue_end_process", "filename": "storeclass7_lccenc7_76444692imgleopardjobid10.JPEG", "unix_time": 1620683144.8119025}
INFO:ccdag_utils.py:runtime_stat:{"task_name": "storeclass7", "event": "queue_start_process", "filename": "resnet0_storeclass7_67296596imgleopardjobid10.JPEG", "unix_time": 1620683144.812724}
INFO:ccdag_utils.py:runtime_stat:{"task_name": "storeclass7", "event": "queue_end_process", "filename": "storeclass7_lccenc7_67296596imgleopardjobid10.JPEG", "unix_time": 1620683144.8163688}
DEBUG:transfer.py:transfer successful!
INFO:circe.py:runtime_stat:{"task_name": "circe", "event": "new_output_file", "filename": "storeclass7_lccenc7_76444692imgleopardjobid10.JPEG", "unix_time": 1620683145.0084503}
DEBUG:transfer.py:sshpass -p PASSWORD scp -P 5000 -o StrictHostKeyChecking=no /jupiter/circe_output/storeclass7_lccenc7_76444692imgleopardjobid10.JPEG root@10.107.234.220:/jupiter/circe_input/
INFO:circe.py:runtime_stat:{"task_name": "circe", "event": "new_input_file", "filename": "resnet4_storeclass7_45187533imgleopardjobid10.JPEG", "unix_time": 1620683145.1482434}
DEBUG:transfer.py:transfer successful!
INFO:circe.py:runtime_stat:{"task_name": "circe", "event": "new_output_file", "filename": "storeclass7_lccenc7_67296596imgleopardjobid10.JPEG", "unix_time": 1620683145.2156885}
DEBUG:transfer.py:sshpass -p PASSWORD scp -P 5000 -o StrictHostKeyChecking=no /jupiter/circe_output/storeclass7_lccenc7_67296596imgleopardjobid10.JPEG root@10.107.234.220:/jupiter/circe_input/
DEBUG:transfer.py:transfer successful!
INFO:circe.py:runtime_stat:{"task_name": "circe", "event": "new_input_file", "filename": "home_storeclass7_70930278imgleopardjobid10.JPEG", "unix_time": 1620683145.578666}
INFO:ccdag_utils.py:runtime_stat:{"task_name": "storeclass7", "event": "queue_start_process", "filename": "resnet4_storeclass7_45187533imgleopardjobid10.JPEG", "unix_time": 1620683145.817871}
INFO:ccdag_utils.py:runtime_stat:{"task_name": "storeclass7", "event": "queue_end_process", "filename": "storeclass7_lccenc7_45187533imgleopardjobid10.JPEG", "unix_time": 1620683145.8240454}
INFO:circe.py:runtime_stat:{"task_name": "circe", "event": "new_output_file", "filename": "storeclass7_lccenc7_45187533imgleopardjobid10.JPEG", "unix_time": 1620683145.824645}
INFO:ccdag_utils.py:runtime_stat:{"task_name": "storeclass7", "event": "queue_start_process", "filename": "home_storeclass7_70930278imgleopardjobid10.JPEG", "unix_time": 1620683145.825206}
DEBUG:transfer.py:sshpass -p PASSWORD scp -P 5000 -o StrictHostKeyChecking=no /jupiter/circe_output/storeclass7_lccenc7_45187533imgleopardjobid10.JPEG root@10.107.234.220:/jupiter/circe_input/
INFO:ccdag_utils.py:runtime_stat:{"task_name": "storeclass7", "event": "queue_end_process", "filename": "storeclass7_lccenc7_70930278imgleopardjobid10.JPEG", "unix_time": 1620683145.8342855}
DEBUG:transfer.py:transfer successful!
INFO:circe.py:runtime_stat:{"task_name": "circe", "event": "new_output_file", "filename": "storeclass7_lccenc7_70930278imgleopardjobid10.JPEG", "unix_time": 1620683146.031431}
DEBUG:transfer.py:sshpass -p PASSWORD scp -P 5000 -o StrictHostKeyChecking=no /jupiter/circe_output/storeclass7_lccenc7_70930278imgleopardjobid10.JPEG root@10.107.234.220:/jupiter/circe_input/
DEBUG:transfer.py:transfer successful!
INFO:circe.py:runtime_stat:{"task_name": "circe", "event": "new_input_file", "filename": "resnet6_storeclass7_17347254imgleopardjobid13.JPEG", "unix_time": 1620683178.6751719}
INFO:ccdag_utils.py:runtime_stat:{"task_name": "storeclass7", "event": "queue_start_process", "filename": "resnet6_storeclass7_17347254imgleopardjobid13.JPEG", "unix_time": 1620683178.868894}
INFO:ccdag_utils.py:runtime_stat:{"task_name": "storeclass7", "event": "queue_end_process", "filename": "storeclass7_lccenc7_17347254imgleopardjobid13.JPEG", "unix_time": 1620683178.8698535}
INFO:circe.py:runtime_stat:{"task_name": "circe", "event": "new_output_file", "filename": "storeclass7_lccenc7_17347254imgleopardjobid13.JPEG", "unix_time": 1620683178.8725135}
DEBUG:transfer.py:sshpass -p PASSWORD scp -P 5000 -o StrictHostKeyChecking=no /jupiter/circe_output/storeclass7_lccenc7_17347254imgleopardjobid13.JPEG root@10.107.234.220:/jupiter/circe_input/
DEBUG:transfer.py:transfer successful!
INFO:circe.py:runtime_stat:{"task_name": "circe", "event": "new_input_file", "filename": "resnet1_storeclass7_93908134imgleopardjobid14.JPEG", "unix_time": 1620683197.6589863}
INFO:circe.py:runtime_stat:{"task_name": "circe", "event": "new_input_file", "filename": "resnet5_storeclass7_62268002imgleopardjobid14.JPEG", "unix_time": 1620683197.838468}
INFO:ccdag_utils.py:runtime_stat:{"task_name": "storeclass7", "event": "queue_start_process", "filename": "resnet1_storeclass7_93908134imgleopardjobid14.JPEG", "unix_time": 1620683197.892895}
INFO:ccdag_utils.py:runtime_stat:{"task_name": "storeclass7", "event": "queue_end_process", "filename": "storeclass7_lccenc7_93908134imgleopardjobid14.JPEG", "unix_time": 1620683197.9030232}
INFO:circe.py:runtime_stat:{"task_name": "circe", "event": "new_output_file", "filename": "storeclass7_lccenc7_93908134imgleopardjobid14.JPEG", "unix_time": 1620683197.9039452}
INFO:ccdag_utils.py:runtime_stat:{"task_name": "storeclass7", "event": "queue_start_process", "filename": "resnet5_storeclass7_62268002imgleopardjobid14.JPEG", "unix_time": 1620683197.904229}
DEBUG:transfer.py:sshpass -p PASSWORD scp -P 5000 -o StrictHostKeyChecking=no /jupiter/circe_output/storeclass7_lccenc7_93908134imgleopardjobid14.JPEG root@10.107.234.220:/jupiter/circe_input/
INFO:ccdag_utils.py:runtime_stat:{"task_name": "storeclass7", "event": "queue_end_process", "filename": "storeclass7_lccenc7_62268002imgleopardjobid14.JPEG", "unix_time": 1620683197.9154859}
DEBUG:transfer.py:transfer successful!
INFO:circe.py:runtime_stat:{"task_name": "circe", "event": "new_output_file", "filename": "storeclass7_lccenc7_62268002imgleopardjobid14.JPEG", "unix_time": 1620683198.1234531}
DEBUG:transfer.py:sshpass -p PASSWORD scp -P 5000 -o StrictHostKeyChecking=no /jupiter/circe_output/storeclass7_lccenc7_62268002imgleopardjobid14.JPEG root@10.107.234.220:/jupiter/circe_input/
DEBUG:transfer.py:transfer successful!
INFO:circe.py:runtime_stat:{"task_name": "circe", "event": "new_input_file", "filename": "home_storeclass7_47962138imgleopardjobid15.JPEG", "unix_time": 1620683201.1610367}
INFO:ccdag_utils.py:runtime_stat:{"task_name": "storeclass7", "event": "queue_start_process", "filename": "home_storeclass7_47962138imgleopardjobid15.JPEG", "unix_time": 1620683201.9207454}
INFO:ccdag_utils.py:runtime_stat:{"task_name": "storeclass7", "event": "queue_end_process", "filename": "storeclass7_lccenc7_47962138imgleopardjobid15.JPEG", "unix_time": 1620683201.9218383}
INFO:circe.py:runtime_stat:{"task_name": "circe", "event": "new_output_file", "filename": "storeclass7_lccenc7_47962138imgleopardjobid15.JPEG", "unix_time": 1620683201.922883}
DEBUG:transfer.py:sshpass -p PASSWORD scp -P 5000 -o StrictHostKeyChecking=no /jupiter/circe_output/storeclass7_lccenc7_47962138imgleopardjobid15.JPEG root@10.107.234.220:/jupiter/circe_input/
INFO:circe.py:runtime_stat:{"task_name": "circe", "event": "new_input_file", "filename": "resnet0_storeclass7_57130073imgleopardjobid15.JPEG", "unix_time": 1620683202.0356963}
DEBUG:transfer.py:transfer successful!
INFO:circe.py:runtime_stat:{"task_name": "circe", "event": "new_input_file", "filename": "resnet4_storeclass7_44109920imgleopardjobid15.JPEG", "unix_time": 1620683202.2227783}
INFO:ccdag_utils.py:runtime_stat:{"task_name": "storeclass7", "event": "queue_start_process", "filename": "resnet0_storeclass7_57130073imgleopardjobid15.JPEG", "unix_time": 1620683202.9232802}
INFO:circe.py:runtime_stat:{"task_name": "circe", "event": "new_output_file", "filename": "storeclass7_lccenc7_57130073imgleopardjobid15.JPEG", "unix_time": 1620683202.9267523}
DEBUG:transfer.py:sshpass -p PASSWORD scp -P 5000 -o StrictHostKeyChecking=no /jupiter/circe_output/storeclass7_lccenc7_57130073imgleopardjobid15.JPEG root@10.107.234.220:/jupiter/circe_input/
INFO:ccdag_utils.py:runtime_stat:{"task_name": "storeclass7", "event": "queue_end_process", "filename": "storeclass7_lccenc7_57130073imgleopardjobid15.JPEG", "unix_time": 1620683202.9273129}
INFO:ccdag_utils.py:runtime_stat:{"task_name": "storeclass7", "event": "queue_start_process", "filename": "resnet4_storeclass7_44109920imgleopardjobid15.JPEG", "unix_time": 1620683202.9314842}
INFO:ccdag_utils.py:runtime_stat:{"task_name": "storeclass7", "event": "queue_end_process", "filename": "storeclass7_lccenc7_44109920imgleopardjobid15.JPEG", "unix_time": 1620683202.9344015}
DEBUG:transfer.py:transfer successful!
INFO:circe.py:runtime_stat:{"task_name": "circe", "event": "new_output_file", "filename": "storeclass7_lccenc7_44109920imgleopardjobid15.JPEG", "unix_time": 1620683203.132203}
DEBUG:transfer.py:sshpass -p PASSWORD scp -P 5000 -o StrictHostKeyChecking=no /jupiter/circe_output/storeclass7_lccenc7_44109920imgleopardjobid15.JPEG root@10.107.234.220:/jupiter/circe_input/
DEBUG:transfer.py:transfer successful!
INFO:circe.py:runtime_stat:{"task_name": "circe", "event": "new_input_file", "filename": "resnet7_storeclass7_67730253imgleopardjobid16.JPEG", "unix_time": 1620683209.227507}
INFO:circe.py:runtime_stat:{"task_name": "circe", "event": "new_input_file", "filename": "resnet3_storeclass7_21109933imgleopardjobid16.JPEG", "unix_time": 1620683209.6667013}
INFO:ccdag_utils.py:runtime_stat:{"task_name": "storeclass7", "event": "queue_start_process", "filename": "resnet7_storeclass7_67730253imgleopardjobid16.JPEG", "unix_time": 1620683209.9426007}
INFO:ccdag_utils.py:runtime_stat:{"task_name": "storeclass7", "event": "queue_end_process", "filename": "storeclass7_lccenc7_67730253imgleopardjobid16.JPEG", "unix_time": 1620683209.9523115}
INFO:ccdag_utils.py:runtime_stat:{"task_name": "storeclass7", "event": "queue_start_process", "filename": "resnet3_storeclass7_21109933imgleopardjobid16.JPEG", "unix_time": 1620683209.952655}
INFO:circe.py:runtime_stat:{"task_name": "circe", "event": "new_output_file", "filename": "storeclass7_lccenc7_67730253imgleopardjobid16.JPEG", "unix_time": 1620683209.9539263}
DEBUG:transfer.py:sshpass -p PASSWORD scp -P 5000 -o StrictHostKeyChecking=no /jupiter/circe_output/storeclass7_lccenc7_67730253imgleopardjobid16.JPEG root@10.107.234.220:/jupiter/circe_input/
INFO:ccdag_utils.py:runtime_stat:{"task_name": "storeclass7", "event": "queue_end_process", "filename": "storeclass7_lccenc7_21109933imgleopardjobid16.JPEG", "unix_time": 1620683209.959356}
DEBUG:transfer.py:transfer successful!
INFO:circe.py:runtime_stat:{"task_name": "circe", "event": "new_output_file", "filename": "storeclass7_lccenc7_21109933imgleopardjobid16.JPEG", "unix_time": 1620683210.1787581}
DEBUG:transfer.py:sshpass -p PASSWORD scp -P 5000 -o StrictHostKeyChecking=no /jupiter/circe_output/storeclass7_lccenc7_21109933imgleopardjobid16.JPEG root@10.107.234.220:/jupiter/circe_input/
DEBUG:transfer.py:transfer successful!
INFO:circe.py:runtime_stat:{"task_name": "circe", "event": "new_input_file", "filename": "resnet6_storeclass7_96607454imgleopardjobid17.JPEG", "unix_time": 1620683223.5327635}
INFO:ccdag_utils.py:runtime_stat:{"task_name": "storeclass7", "event": "queue_start_process", "filename": "resnet6_storeclass7_96607454imgleopardjobid17.JPEG", "unix_time": 1620683223.974594}
INFO:ccdag_utils.py:runtime_stat:{"task_name": "storeclass7", "event": "queue_end_process", "filename": "storeclass7_lccenc7_96607454imgleopardjobid17.JPEG", "unix_time": 1620683223.9827492}
INFO:circe.py:runtime_stat:{"task_name": "circe", "event": "new_output_file", "filename": "storeclass7_lccenc7_96607454imgleopardjobid17.JPEG", "unix_time": 1620683223.9835856}
DEBUG:transfer.py:sshpass -p PASSWORD scp -P 5000 -o StrictHostKeyChecking=no /jupiter/circe_output/storeclass7_lccenc7_96607454imgleopardjobid17.JPEG root@10.107.234.220:/jupiter/circe_input/
INFO:circe.py:runtime_stat:{"task_name": "circe", "event": "new_input_file", "filename": "resnet4_storeclass7_81952710imgleopardjobid17.JPEG", "unix_time": 1620683224.0028014}
INFO:circe.py:runtime_stat:{"task_name": "circe", "event": "new_input_file", "filename": "home_storeclass7_26137847imgleopardjobid17.JPEG", "unix_time": 1620683224.129302}
DEBUG:transfer.py:transfer successful!
INFO:ccdag_utils.py:runtime_stat:{"task_name": "storeclass7", "event": "queue_start_process", "filename": "resnet4_storeclass7_81952710imgleopardjobid17.JPEG", "unix_time": 1620683224.9838078}
INFO:ccdag_utils.py:runtime_stat:{"task_name": "storeclass7", "event": "queue_end_process", "filename": "storeclass7_lccenc7_81952710imgleopardjobid17.JPEG", "unix_time": 1620683224.9847708}
INFO:ccdag_utils.py:runtime_stat:{"task_name": "storeclass7", "event": "queue_start_process", "filename": "home_storeclass7_26137847imgleopardjobid17.JPEG", "unix_time": 1620683224.9850416}
INFO:circe.py:runtime_stat:{"task_name": "circe", "event": "new_output_file", "filename": "storeclass7_lccenc7_81952710imgleopardjobid17.JPEG", "unix_time": 1620683224.9874473}
DEBUG:transfer.py:sshpass -p PASSWORD scp -P 5000 -o StrictHostKeyChecking=no /jupiter/circe_output/storeclass7_lccenc7_81952710imgleopardjobid17.JPEG root@10.107.234.220:/jupiter/circe_input/
INFO:ccdag_utils.py:runtime_stat:{"task_name": "storeclass7", "event": "queue_end_process", "filename": "storeclass7_lccenc7_26137847imgleopardjobid17.JPEG", "unix_time": 1620683224.9919078}
DEBUG:transfer.py:transfer successful!
INFO:circe.py:runtime_stat:{"task_name": "circe", "event": "new_output_file", "filename": "storeclass7_lccenc7_26137847imgleopardjobid17.JPEG", "unix_time": 1620683225.2336457}
DEBUG:transfer.py:sshpass -p PASSWORD scp -P 5000 -o StrictHostKeyChecking=no /jupiter/circe_output/storeclass7_lccenc7_26137847imgleopardjobid17.JPEG root@10.107.234.220:/jupiter/circe_input/
DEBUG:transfer.py:transfer successful!
INFO:circe.py:runtime_stat:{"task_name": "circe", "event": "new_input_file", "filename": "resnet7_storeclass7_48536597imgleopardjobid18.JPEG", "unix_time": 1620683236.053439}
INFO:circe.py:runtime_stat:{"task_name": "circe", "event": "new_input_file", "filename": "resnet3_storeclass7_68679454imgleopardjobid18.JPEG", "unix_time": 1620683236.1439166}
INFO:circe.py:runtime_stat:{"task_name": "circe", "event": "new_input_file", "filename": "resnet1_storeclass7_03892140imgleopardjobid18.JPEG", "unix_time": 1620683236.7002475}
INFO:ccdag_utils.py:runtime_stat:{"task_name": "storeclass7", "event": "queue_start_process", "filename": "resnet7_storeclass7_48536597imgleopardjobid18.JPEG", "unix_time": 1620683237.004915}
INFO:ccdag_utils.py:runtime_stat:{"task_name": "storeclass7", "event": "queue_end_process", "filename": "storeclass7_lccenc7_48536597imgleopardjobid18.JPEG", "unix_time": 1620683237.006692}
INFO:circe.py:runtime_stat:{"task_name": "circe", "event": "new_output_file", "filename": "storeclass7_lccenc7_48536597imgleopardjobid18.JPEG", "unix_time": 1620683237.0082095}
INFO:ccdag_utils.py:runtime_stat:{"task_name": "storeclass7", "event": "queue_start_process", "filename": "resnet3_storeclass7_68679454imgleopardjobid18.JPEG", "unix_time": 1620683237.0085413}
DEBUG:transfer.py:sshpass -p PASSWORD scp -P 5000 -o StrictHostKeyChecking=no /jupiter/circe_output/storeclass7_lccenc7_48536597imgleopardjobid18.JPEG root@10.107.234.220:/jupiter/circe_input/
INFO:ccdag_utils.py:runtime_stat:{"task_name": "storeclass7", "event": "queue_end_process", "filename": "storeclass7_lccenc7_68679454imgleopardjobid18.JPEG", "unix_time": 1620683237.0152729}
INFO:ccdag_utils.py:runtime_stat:{"task_name": "storeclass7", "event": "queue_start_process", "filename": "resnet1_storeclass7_03892140imgleopardjobid18.JPEG", "unix_time": 1620683237.01731}
INFO:ccdag_utils.py:runtime_stat:{"task_name": "storeclass7", "event": "queue_end_process", "filename": "storeclass7_lccenc7_03892140imgleopardjobid18.JPEG", "unix_time": 1620683237.0198343}
DEBUG:transfer.py:transfer successful!
INFO:circe.py:runtime_stat:{"task_name": "circe", "event": "new_output_file", "filename": "storeclass7_lccenc7_68679454imgleopardjobid18.JPEG", "unix_time": 1620683237.2309225}
DEBUG:transfer.py:sshpass -p PASSWORD scp -P 5000 -o StrictHostKeyChecking=no /jupiter/circe_output/storeclass7_lccenc7_68679454imgleopardjobid18.JPEG root@10.107.234.220:/jupiter/circe_input/
DEBUG:transfer.py:transfer successful!
INFO:circe.py:runtime_stat:{"task_name": "circe", "event": "new_output_file", "filename": "storeclass7_lccenc7_03892140imgleopardjobid18.JPEG", "unix_time": 1620683237.475972}
DEBUG:transfer.py:sshpass -p PASSWORD scp -P 5000 -o StrictHostKeyChecking=no /jupiter/circe_output/storeclass7_lccenc7_03892140imgleopardjobid18.JPEG root@10.107.234.220:/jupiter/circe_input/
DEBUG:transfer.py:transfer successful!
INFO:circe.py:runtime_stat:{"task_name": "circe", "event": "new_input_file", "filename": "resnet6_storeclass7_13034172imgleopardjobid19.JPEG", "unix_time": 1620683245.7405596}
INFO:circe.py:runtime_stat:{"task_name": "circe", "event": "new_input_file", "filename": "resnet2_storeclass7_04799273imgleopardjobid19.JPEG", "unix_time": 1620683245.8374681}
INFO:ccdag_utils.py:runtime_stat:{"task_name": "storeclass7", "event": "queue_start_process", "filename": "resnet6_storeclass7_13034172imgleopardjobid19.JPEG", "unix_time": 1620683246.0293093}
INFO:ccdag_utils.py:runtime_stat:{"task_name": "storeclass7", "event": "queue_end_process", "filename": "storeclass7_lccenc7_13034172imgleopardjobid19.JPEG", "unix_time": 1620683246.0310705}
INFO:ccdag_utils.py:runtime_stat:{"task_name": "storeclass7", "event": "queue_start_process", "filename": "resnet2_storeclass7_04799273imgleopardjobid19.JPEG", "unix_time": 1620683246.0313773}
INFO:ccdag_utils.py:runtime_stat:{"task_name": "storeclass7", "event": "queue_end_process", "filename": "storeclass7_lccenc7_04799273imgleopardjobid19.JPEG", "unix_time": 1620683246.0321062}
INFO:circe.py:runtime_stat:{"task_name": "circe", "event": "new_output_file", "filename": "storeclass7_lccenc7_13034172imgleopardjobid19.JPEG", "unix_time": 1620683246.0331638}
DEBUG:transfer.py:sshpass -p PASSWORD scp -P 5000 -o StrictHostKeyChecking=no /jupiter/circe_output/storeclass7_lccenc7_13034172imgleopardjobid19.JPEG root@10.107.234.220:/jupiter/circe_input/
DEBUG:transfer.py:transfer successful!
INFO:circe.py:runtime_stat:{"task_name": "circe", "event": "new_output_file", "filename": "storeclass7_lccenc7_04799273imgleopardjobid19.JPEG", "unix_time": 1620683246.3358686}
DEBUG:transfer.py:sshpass -p PASSWORD scp -P 5000 -o StrictHostKeyChecking=no /jupiter/circe_output/storeclass7_lccenc7_04799273imgleopardjobid19.JPEG root@10.107.234.220:/jupiter/circe_input/
DEBUG:transfer.py:transfer successful!
INFO:circe.py:runtime_stat:{"task_name": "circe", "event": "new_input_file", "filename": "resnet1_storeclass7_23139356imgleopardjobid20.JPEG", "unix_time": 1620683255.4084308}
INFO:circe.py:runtime_stat:{"task_name": "circe", "event": "new_input_file", "filename": "resnet5_storeclass7_82819616imgleopardjobid20.JPEG", "unix_time": 1620683255.6782684}
INFO:ccdag_utils.py:runtime_stat:{"task_name": "storeclass7", "event": "queue_start_process", "filename": "resnet1_storeclass7_23139356imgleopardjobid20.JPEG", "unix_time": 1620683256.0462472}
INFO:ccdag_utils.py:runtime_stat:{"task_name": "storeclass7", "event": "queue_end_process", "filename": "storeclass7_lccenc7_23139356imgleopardjobid20.JPEG", "unix_time": 1620683256.0535908}
INFO:ccdag_utils.py:runtime_stat:{"task_name": "storeclass7", "event": "queue_start_process", "filename": "resnet5_storeclass7_82819616imgleopardjobid20.JPEG", "unix_time": 1620683256.0538886}
INFO:circe.py:runtime_stat:{"task_name": "circe", "event": "new_output_file", "filename": "storeclass7_lccenc7_23139356imgleopardjobid20.JPEG", "unix_time": 1620683256.0548644}
DEBUG:transfer.py:sshpass -p PASSWORD scp -P 5000 -o StrictHostKeyChecking=no /jupiter/circe_output/storeclass7_lccenc7_23139356imgleopardjobid20.JPEG root@10.107.234.220:/jupiter/circe_input/
INFO:ccdag_utils.py:runtime_stat:{"task_name": "storeclass7", "event": "queue_end_process", "filename": "storeclass7_lccenc7_82819616imgleopardjobid20.JPEG", "unix_time": 1620683256.064733}
DEBUG:transfer.py:transfer successful!
INFO:circe.py:runtime_stat:{"task_name": "circe", "event": "new_output_file", "filename": "storeclass7_lccenc7_82819616imgleopardjobid20.JPEG", "unix_time": 1620683256.282486}
DEBUG:transfer.py:sshpass -p PASSWORD scp -P 5000 -o StrictHostKeyChecking=no /jupiter/circe_output/storeclass7_lccenc7_82819616imgleopardjobid20.JPEG root@10.107.234.220:/jupiter/circe_input/
DEBUG:transfer.py:transfer successful!
INFO:circe.py:runtime_stat:{"task_name": "circe", "event": "new_input_file", "filename": "resnet4_storeclass7_73174349imgleopardjobid21.JPEG", "unix_time": 1620683267.5263543}
INFO:ccdag_utils.py:runtime_stat:{"task_name": "storeclass7", "event": "queue_start_process", "filename": "resnet4_storeclass7_73174349imgleopardjobid21.JPEG", "unix_time": 1620683268.0797944}
INFO:circe.py:runtime_stat:{"task_name": "circe", "event": "new_output_file", "filename": "storeclass7_lccenc7_73174349imgleopardjobid21.JPEG", "unix_time": 1620683268.087189}
DEBUG:transfer.py:sshpass -p PASSWORD scp -P 5000 -o StrictHostKeyChecking=no /jupiter/circe_output/storeclass7_lccenc7_73174349imgleopardjobid21.JPEG root@10.107.234.220:/jupiter/circe_input/
INFO:ccdag_utils.py:runtime_stat:{"task_name": "storeclass7", "event": "queue_end_process", "filename": "storeclass7_lccenc7_73174349imgleopardjobid21.JPEG", "unix_time": 1620683268.0877662}
DEBUG:transfer.py:transfer successful!
INFO:circe.py:runtime_stat:{"task_name": "circe", "event": "new_input_file", "filename": "home_storeclass7_90072447imgleopardjobid21.JPEG", "unix_time": 1620683268.466038}
INFO:ccdag_utils.py:runtime_stat:{"task_name": "storeclass7", "event": "queue_start_process", "filename": "home_storeclass7_90072447imgleopardjobid21.JPEG", "unix_time": 1620683269.0938184}
INFO:ccdag_utils.py:runtime_stat:{"task_name": "storeclass7", "event": "queue_end_process", "filename": "storeclass7_lccenc7_90072447imgleopardjobid21.JPEG", "unix_time": 1620683269.0999775}
INFO:circe.py:runtime_stat:{"task_name": "circe", "event": "new_output_file", "filename": "storeclass7_lccenc7_90072447imgleopardjobid21.JPEG", "unix_time": 1620683269.101035}
DEBUG:transfer.py:sshpass -p PASSWORD scp -P 5000 -o StrictHostKeyChecking=no /jupiter/circe_output/storeclass7_lccenc7_90072447imgleopardjobid21.JPEG root@10.107.234.220:/jupiter/circe_input/
DEBUG:transfer.py:transfer successful!
