 * Starting OpenBSD Secure Shell server sshd
   ...done.
INFO:circe.py:Using base script score.py
DEBUG:circe.py:starting the input monitoring process
DEBUG:circe.py:starting the output monitoring process
INFO:circe.py:runtime_stat:{"task_name": "circe", "event": "new_input_file", "filename": "lccenc6_score6b_5#49974823-5#67278984-5#34807786-5#84231355jobid1.csv", "unix_time": 1620683227.7353852}
INFO:ccdag_utils.py:runtime_stat:{"task_name": "score6b", "event": "queue_start_process", "filename": "lccenc6_score6b_5#49974823-5#67278984-5#34807786-5#84231355jobid1.csv", "unix_time": 1620683228.0205321}
['persiancat21.JPEG', 'persiancat22.JPEG', 'persiancat23.JPEG', 'persiancat24.JPEG', 'persiancat25.JPEG', 'persiancat26.JPEG', 'persiancat27.JPEG', 'persiancat28.JPEG', 'persiancat29.JPEG', 'persiancat30.JPEG']
INFO:circe.py:runtime_stat:{"task_name": "circe", "event": "new_output_file", "filename": "score6b_preagg6_1jobth5#49974823-5#67278984-5#34807786-5#84231355", "unix_time": 1620683229.5503285}
DEBUG:transfer.py:sshpass -p PASSWORD scp -P 5000 -o StrictHostKeyChecking=no /jupiter/circe_output/score6b_preagg6_1jobth5#49974823-5#67278984-5#34807786-5#84231355 root@10.99.42.140:/jupiter/circe_input/
INFO:ccdag_utils.py:runtime_stat:{"task_name": "score6b", "event": "queue_end_process", "filename": "score6b_preagg6_1jobth5#49974823-5#67278984-5#34807786-5#84231355", "unix_time": 1620683229.558659}
Warning: Permanently added '[10.99.42.140]:5000' (ECDSA) to the list of known hosts.
DEBUG:transfer.py:transfer successful!
INFO:circe.py:runtime_stat:{"task_name": "circe", "event": "new_input_file", "filename": "lccenc6_score6b_5#06937528-5#02341092-5#55664283-5#30944888jobid2.csv", "unix_time": 1620683240.0191379}
INFO:ccdag_utils.py:runtime_stat:{"task_name": "score6b", "event": "queue_start_process", "filename": "lccenc6_score6b_5#06937528-5#02341092-5#55664283-5#30944888jobid2.csv", "unix_time": 1620683240.5718224}
['persiancat21.JPEG', 'persiancat22.JPEG', 'persiancat23.JPEG', 'persiancat24.JPEG', 'persiancat25.JPEG', 'persiancat26.JPEG', 'persiancat27.JPEG', 'persiancat28.JPEG', 'persiancat29.JPEG', 'persiancat30.JPEG']
INFO:ccdag_utils.py:runtime_stat:{"task_name": "score6b", "event": "queue_end_process", "filename": "score6b_preagg6_2jobth5#06937528-5#02341092-5#55664283-5#30944888", "unix_time": 1620683242.1257558}
INFO:circe.py:runtime_stat:{"task_name": "circe", "event": "new_output_file", "filename": "score6b_preagg6_2jobth5#06937528-5#02341092-5#55664283-5#30944888", "unix_time": 1620683242.1273603}
DEBUG:transfer.py:sshpass -p PASSWORD scp -P 5000 -o StrictHostKeyChecking=no /jupiter/circe_output/score6b_preagg6_2jobth5#06937528-5#02341092-5#55664283-5#30944888 root@10.99.42.140:/jupiter/circe_input/
DEBUG:transfer.py:transfer successful!
INFO:circe.py:runtime_stat:{"task_name": "circe", "event": "new_input_file", "filename": "lccenc6_score6b_5#16242762-5#33539759-5#52676817-5#81114082jobid3.csv", "unix_time": 1620683250.061618}
INFO:ccdag_utils.py:runtime_stat:{"task_name": "score6b", "event": "queue_start_process", "filename": "lccenc6_score6b_5#16242762-5#33539759-5#52676817-5#81114082jobid3.csv", "unix_time": 1620683250.1342528}
['persiancat21.JPEG', 'persiancat22.JPEG', 'persiancat23.JPEG', 'persiancat24.JPEG', 'persiancat25.JPEG', 'persiancat26.JPEG', 'persiancat27.JPEG', 'persiancat28.JPEG', 'persiancat29.JPEG', 'persiancat30.JPEG']
INFO:circe.py:runtime_stat:{"task_name": "circe", "event": "new_output_file", "filename": "score6b_preagg6_3jobth5#16242762-5#33539759-5#52676817-5#81114082", "unix_time": 1620683251.731577}
DEBUG:transfer.py:sshpass -p PASSWORD scp -P 5000 -o StrictHostKeyChecking=no /jupiter/circe_output/score6b_preagg6_3jobth5#16242762-5#33539759-5#52676817-5#81114082 root@10.99.42.140:/jupiter/circe_input/
INFO:ccdag_utils.py:runtime_stat:{"task_name": "score6b", "event": "queue_end_process", "filename": "score6b_preagg6_3jobth5#16242762-5#33539759-5#52676817-5#81114082", "unix_time": 1620683251.7398403}
DEBUG:transfer.py:transfer successful!
INFO:circe.py:runtime_stat:{"task_name": "circe", "event": "new_input_file", "filename": "lccenc6_score6b_5#29673304-5#19012740-5#16224617-5#28556540jobid4.csv", "unix_time": 1620683259.4081876}
INFO:ccdag_utils.py:runtime_stat:{"task_name": "score6b", "event": "queue_start_process", "filename": "lccenc6_score6b_5#29673304-5#19012740-5#16224617-5#28556540jobid4.csv", "unix_time": 1620683259.75021}
['persiancat21.JPEG', 'persiancat22.JPEG', 'persiancat23.JPEG', 'persiancat24.JPEG', 'persiancat25.JPEG', 'persiancat26.JPEG', 'persiancat27.JPEG', 'persiancat28.JPEG', 'persiancat29.JPEG', 'persiancat30.JPEG']
INFO:circe.py:runtime_stat:{"task_name": "circe", "event": "new_output_file", "filename": "score6b_preagg6_4jobth5#29673304-5#19012740-5#16224617-5#28556540", "unix_time": 1620683261.2077382}
DEBUG:transfer.py:sshpass -p PASSWORD scp -P 5000 -o StrictHostKeyChecking=no /jupiter/circe_output/score6b_preagg6_4jobth5#29673304-5#19012740-5#16224617-5#28556540 root@10.99.42.140:/jupiter/circe_input/
INFO:ccdag_utils.py:runtime_stat:{"task_name": "score6b", "event": "queue_end_process", "filename": "score6b_preagg6_4jobth5#29673304-5#19012740-5#16224617-5#28556540", "unix_time": 1620683261.2147038}
DEBUG:transfer.py:transfer successful!
INFO:circe.py:runtime_stat:{"task_name": "circe", "event": "new_input_file", "filename": "lccenc6_score6b_5#24425863-5#30000122-5#96005016-5#02665613jobid5.csv", "unix_time": 1620683270.6765978}
INFO:ccdag_utils.py:runtime_stat:{"task_name": "score6b", "event": "queue_start_process", "filename": "lccenc6_score6b_5#24425863-5#30000122-5#96005016-5#02665613jobid5.csv", "unix_time": 1620683271.2267768}
['persiancat21.JPEG', 'persiancat22.JPEG', 'persiancat23.JPEG', 'persiancat24.JPEG', 'persiancat25.JPEG', 'persiancat26.JPEG', 'persiancat27.JPEG', 'persiancat28.JPEG', 'persiancat29.JPEG', 'persiancat30.JPEG']
INFO:circe.py:runtime_stat:{"task_name": "circe", "event": "new_output_file", "filename": "score6b_preagg6_5jobth5#24425863-5#30000122-5#96005016-5#02665613", "unix_time": 1620683272.7536263}
DEBUG:transfer.py:sshpass -p PASSWORD scp -P 5000 -o StrictHostKeyChecking=no /jupiter/circe_output/score6b_preagg6_5jobth5#24425863-5#30000122-5#96005016-5#02665613 root@10.99.42.140:/jupiter/circe_input/
INFO:ccdag_utils.py:runtime_stat:{"task_name": "score6b", "event": "queue_end_process", "filename": "score6b_preagg6_5jobth5#24425863-5#30000122-5#96005016-5#02665613", "unix_time": 1620683272.7549376}
DEBUG:transfer.py:transfer successful!
INFO:circe.py:runtime_stat:{"task_name": "circe", "event": "new_input_file", "filename": "lccenc6_score6b_5#15075241-5#15735941-5#06737369-5#81646691jobid6.csv", "unix_time": 1620683305.1098192}
INFO:ccdag_utils.py:runtime_stat:{"task_name": "score6b", "event": "queue_start_process", "filename": "lccenc6_score6b_5#15075241-5#15735941-5#06737369-5#81646691jobid6.csv", "unix_time": 1620683305.7928438}
['persiancat21.JPEG', 'persiancat22.JPEG', 'persiancat23.JPEG', 'persiancat24.JPEG', 'persiancat25.JPEG', 'persiancat26.JPEG', 'persiancat27.JPEG', 'persiancat28.JPEG', 'persiancat29.JPEG', 'persiancat30.JPEG']
INFO:circe.py:runtime_stat:{"task_name": "circe", "event": "new_output_file", "filename": "score6b_preagg6_6jobth5#15075241-5#15735941-5#06737369-5#81646691", "unix_time": 1620683307.2684402}
DEBUG:transfer.py:sshpass -p PASSWORD scp -P 5000 -o StrictHostKeyChecking=no /jupiter/circe_output/score6b_preagg6_6jobth5#15075241-5#15735941-5#06737369-5#81646691 root@10.99.42.140:/jupiter/circe_input/
INFO:ccdag_utils.py:runtime_stat:{"task_name": "score6b", "event": "queue_end_process", "filename": "score6b_preagg6_6jobth5#15075241-5#15735941-5#06737369-5#81646691", "unix_time": 1620683307.2754009}
DEBUG:transfer.py:transfer successful!
INFO:circe.py:runtime_stat:{"task_name": "circe", "event": "new_input_file", "filename": "lccenc6_score6b_5#75847974-5#34217691-5#42148059-5#19508875jobid7.csv", "unix_time": 1620683328.755257}
INFO:ccdag_utils.py:runtime_stat:{"task_name": "score6b", "event": "queue_start_process", "filename": "lccenc6_score6b_5#75847974-5#34217691-5#42148059-5#19508875jobid7.csv", "unix_time": 1620683329.3000488}
['persiancat21.JPEG', 'persiancat22.JPEG', 'persiancat23.JPEG', 'persiancat24.JPEG', 'persiancat25.JPEG', 'persiancat26.JPEG', 'persiancat27.JPEG', 'persiancat28.JPEG', 'persiancat29.JPEG', 'persiancat30.JPEG']
INFO:circe.py:runtime_stat:{"task_name": "circe", "event": "new_output_file", "filename": "score6b_preagg6_7jobth5#75847974-5#34217691-5#42148059-5#19508875", "unix_time": 1620683330.781649}
DEBUG:transfer.py:sshpass -p PASSWORD scp -P 5000 -o StrictHostKeyChecking=no /jupiter/circe_output/score6b_preagg6_7jobth5#75847974-5#34217691-5#42148059-5#19508875 root@10.99.42.140:/jupiter/circe_input/
INFO:ccdag_utils.py:runtime_stat:{"task_name": "score6b", "event": "queue_end_process", "filename": "score6b_preagg6_7jobth5#75847974-5#34217691-5#42148059-5#19508875", "unix_time": 1620683330.7894063}
DEBUG:transfer.py:transfer successful!
INFO:circe.py:runtime_stat:{"task_name": "circe", "event": "new_input_file", "filename": "lccenc6_score6b_5#04211324-5#42843978-5#08740639-5#14011994jobid8.csv", "unix_time": 1620683349.9543223}
INFO:ccdag_utils.py:runtime_stat:{"task_name": "score6b", "event": "queue_start_process", "filename": "lccenc6_score6b_5#04211324-5#42843978-5#08740639-5#14011994jobid8.csv", "unix_time": 1620683350.8131611}
['persiancat21.JPEG', 'persiancat22.JPEG', 'persiancat23.JPEG', 'persiancat24.JPEG', 'persiancat25.JPEG', 'persiancat26.JPEG', 'persiancat27.JPEG', 'persiancat28.JPEG', 'persiancat29.JPEG', 'persiancat30.JPEG']
INFO:circe.py:runtime_stat:{"task_name": "circe", "event": "new_output_file", "filename": "score6b_preagg6_8jobth5#04211324-5#42843978-5#08740639-5#14011994", "unix_time": 1620683352.2533307}
DEBUG:transfer.py:sshpass -p PASSWORD scp -P 5000 -o StrictHostKeyChecking=no /jupiter/circe_output/score6b_preagg6_8jobth5#04211324-5#42843978-5#08740639-5#14011994 root@10.99.42.140:/jupiter/circe_input/
INFO:ccdag_utils.py:runtime_stat:{"task_name": "score6b", "event": "queue_end_process", "filename": "score6b_preagg6_8jobth5#04211324-5#42843978-5#08740639-5#14011994", "unix_time": 1620683352.254474}
DEBUG:transfer.py:transfer successful!
INFO:circe.py:runtime_stat:{"task_name": "circe", "event": "new_input_file", "filename": "lccenc6_score6b_5#84134982-5#44157351-5#70420332-5#88818933jobid9.csv", "unix_time": 1620683363.1231916}
INFO:ccdag_utils.py:runtime_stat:{"task_name": "score6b", "event": "queue_start_process", "filename": "lccenc6_score6b_5#84134982-5#44157351-5#70420332-5#88818933jobid9.csv", "unix_time": 1620683363.2709982}
['persiancat21.JPEG', 'persiancat22.JPEG', 'persiancat23.JPEG', 'persiancat24.JPEG', 'persiancat25.JPEG', 'persiancat26.JPEG', 'persiancat27.JPEG', 'persiancat28.JPEG', 'persiancat29.JPEG', 'persiancat30.JPEG']
INFO:circe.py:runtime_stat:{"task_name": "circe", "event": "new_output_file", "filename": "score6b_preagg6_9jobth5#84134982-5#44157351-5#70420332-5#88818933", "unix_time": 1620683364.762136}
DEBUG:transfer.py:sshpass -p PASSWORD scp -P 5000 -o StrictHostKeyChecking=no /jupiter/circe_output/score6b_preagg6_9jobth5#84134982-5#44157351-5#70420332-5#88818933 root@10.99.42.140:/jupiter/circe_input/
INFO:ccdag_utils.py:runtime_stat:{"task_name": "score6b", "event": "queue_end_process", "filename": "score6b_preagg6_9jobth5#84134982-5#44157351-5#70420332-5#88818933", "unix_time": 1620683364.7731364}
DEBUG:transfer.py:transfer successful!
INFO:circe.py:runtime_stat:{"task_name": "circe", "event": "new_input_file", "filename": "lccenc6_score6b_5#80907025-5#47745085-5#65717849-5#50833505jobid10.csv", "unix_time": 1620683375.6751003}
INFO:ccdag_utils.py:runtime_stat:{"task_name": "score6b", "event": "queue_start_process", "filename": "lccenc6_score6b_5#80907025-5#47745085-5#65717849-5#50833505jobid10.csv", "unix_time": 1620683375.7869647}
['persiancat21.JPEG', 'persiancat22.JPEG', 'persiancat23.JPEG', 'persiancat24.JPEG', 'persiancat25.JPEG', 'persiancat26.JPEG', 'persiancat27.JPEG', 'persiancat28.JPEG', 'persiancat29.JPEG', 'persiancat30.JPEG']
INFO:ccdag_utils.py:runtime_stat:{"task_name": "score6b", "event": "queue_end_process", "filename": "score6b_preagg6_10jobth5#80907025-5#47745085-5#65717849-5#50833505", "unix_time": 1620683377.3181617}
INFO:circe.py:runtime_stat:{"task_name": "circe", "event": "new_output_file", "filename": "score6b_preagg6_10jobth5#80907025-5#47745085-5#65717849-5#50833505", "unix_time": 1620683377.3198848}
DEBUG:transfer.py:sshpass -p PASSWORD scp -P 5000 -o StrictHostKeyChecking=no /jupiter/circe_output/score6b_preagg6_10jobth5#80907025-5#47745085-5#65717849-5#50833505 root@10.99.42.140:/jupiter/circe_input/
DEBUG:transfer.py:transfer successful!
INFO:circe.py:runtime_stat:{"task_name": "circe", "event": "new_input_file", "filename": "lccenc6_score6b_5#15879840-5#28909989-5#32404537-5#52844504jobid11.csv", "unix_time": 1620683394.3496182}
INFO:ccdag_utils.py:runtime_stat:{"task_name": "score6b", "event": "queue_start_process", "filename": "lccenc6_score6b_5#15879840-5#28909989-5#32404537-5#52844504jobid11.csv", "unix_time": 1620683395.336518}
['persiancat21.JPEG', 'persiancat22.JPEG', 'persiancat23.JPEG', 'persiancat24.JPEG', 'persiancat25.JPEG', 'persiancat26.JPEG', 'persiancat27.JPEG', 'persiancat28.JPEG', 'persiancat29.JPEG', 'persiancat30.JPEG']
INFO:circe.py:runtime_stat:{"task_name": "circe", "event": "new_output_file", "filename": "score6b_preagg6_11jobth5#15879840-5#28909989-5#32404537-5#52844504", "unix_time": 1620683396.8568165}
DEBUG:transfer.py:sshpass -p PASSWORD scp -P 5000 -o StrictHostKeyChecking=no /jupiter/circe_output/score6b_preagg6_11jobth5#15879840-5#28909989-5#32404537-5#52844504 root@10.99.42.140:/jupiter/circe_input/
INFO:ccdag_utils.py:runtime_stat:{"task_name": "score6b", "event": "queue_end_process", "filename": "score6b_preagg6_11jobth5#15879840-5#28909989-5#32404537-5#52844504", "unix_time": 1620683396.865186}
DEBUG:transfer.py:transfer successful!
