 * Starting OpenBSD Secure Shell server sshd
   ...done.
INFO:circe.py:Using base script score.py
DEBUG:circe.py:starting the input monitoring process
DEBUG:circe.py:starting the output monitoring process
INFO:circe.py:runtime_stat:{"task_name": "circe", "event": "new_input_file", "filename": "lccenc3_score3a_2#78099124-2#37810485-2#89105181-2#16917738jobid2.csv", "unix_time": 1620589262.08619}
INFO:ccdag_utils.py:runtime_stat:{"task_name": "score3a", "event": "queue_start_process", "filename": "lccenc3_score3a_2#78099124-2#37810485-2#89105181-2#16917738jobid2.csv", "unix_time": 1620589262.0906858}
['whitewolf21.JPEG', 'whitewolf22.JPEG', 'whitewolf23.JPEG', 'whitewolf24.JPEG', 'whitewolf25.JPEG', 'whitewolf26.JPEG', 'whitewolf27.JPEG', 'whitewolf28.JPEG', 'whitewolf29.JPEG', 'whitewolf30.JPEG']
INFO:circe.py:runtime_stat:{"task_name": "circe", "event": "new_output_file", "filename": "score3a_preagg3_2jobth2#78099124-2#37810485-2#89105181-2#16917738", "unix_time": 1620589273.7397208}
DEBUG:transfer.py:sshpass -p PASSWORD scp -P 5000 -o StrictHostKeyChecking=no /jupiter/circe_output/score3a_preagg3_2jobth2#78099124-2#37810485-2#89105181-2#16917738 root@10.100.101.84:/jupiter/circe_input/
INFO:ccdag_utils.py:runtime_stat:{"task_name": "score3a", "event": "queue_end_process", "filename": "score3a_preagg3_2jobth2#78099124-2#37810485-2#89105181-2#16917738", "unix_time": 1620589273.7479966}
Warning: Permanently added '[10.100.101.84]:5000' (ECDSA) to the list of known hosts.
DEBUG:transfer.py:transfer successful!
INFO:circe.py:runtime_stat:{"task_name": "circe", "event": "new_input_file", "filename": "lccenc3_score3a_2#63940447-2#67681670-2#75343955-2#86901502jobid2.csv", "unix_time": 1620589431.3224409}
INFO:ccdag_utils.py:runtime_stat:{"task_name": "score3a", "event": "queue_start_process", "filename": "lccenc3_score3a_2#63940447-2#67681670-2#75343955-2#86901502jobid2.csv", "unix_time": 1620589431.9163444}
['whitewolf21.JPEG', 'whitewolf22.JPEG', 'whitewolf23.JPEG', 'whitewolf24.JPEG', 'whitewolf25.JPEG', 'whitewolf26.JPEG', 'whitewolf27.JPEG', 'whitewolf28.JPEG', 'whitewolf29.JPEG', 'whitewolf30.JPEG']
INFO:circe.py:runtime_stat:{"task_name": "circe", "event": "new_output_file", "filename": "score3a_preagg3_2jobth2#63940447-2#67681670-2#75343955-2#86901502", "unix_time": 1620589443.3869827}
DEBUG:transfer.py:sshpass -p PASSWORD scp -P 5000 -o StrictHostKeyChecking=no /jupiter/circe_output/score3a_preagg3_2jobth2#63940447-2#67681670-2#75343955-2#86901502 root@10.100.101.84:/jupiter/circe_input/
INFO:ccdag_utils.py:runtime_stat:{"task_name": "score3a", "event": "queue_end_process", "filename": "score3a_preagg3_2jobth2#63940447-2#67681670-2#75343955-2#86901502", "unix_time": 1620589443.3946123}
DEBUG:transfer.py:transfer successful!
INFO:circe.py:runtime_stat:{"task_name": "circe", "event": "new_input_file", "filename": "lccenc3_score3a_2#97466216-2#64678239-2#23783679-2#37929010jobid1.csv", "unix_time": 1620589519.633984}
INFO:ccdag_utils.py:runtime_stat:{"task_name": "score3a", "event": "queue_start_process", "filename": "lccenc3_score3a_2#97466216-2#64678239-2#23783679-2#37929010jobid1.csv", "unix_time": 1620589520.4792323}
['whitewolf21.JPEG', 'whitewolf22.JPEG', 'whitewolf23.JPEG', 'whitewolf24.JPEG', 'whitewolf25.JPEG', 'whitewolf26.JPEG', 'whitewolf27.JPEG', 'whitewolf28.JPEG', 'whitewolf29.JPEG', 'whitewolf30.JPEG']
INFO:circe.py:runtime_stat:{"task_name": "circe", "event": "new_output_file", "filename": "score3a_preagg3_1jobth2#97466216-2#64678239-2#23783679-2#37929010", "unix_time": 1620589531.9986186}
DEBUG:transfer.py:sshpass -p PASSWORD scp -P 5000 -o StrictHostKeyChecking=no /jupiter/circe_output/score3a_preagg3_1jobth2#97466216-2#64678239-2#23783679-2#37929010 root@10.100.101.84:/jupiter/circe_input/
INFO:ccdag_utils.py:runtime_stat:{"task_name": "score3a", "event": "queue_end_process", "filename": "score3a_preagg3_1jobth2#97466216-2#64678239-2#23783679-2#37929010", "unix_time": 1620589532.0070856}
DEBUG:transfer.py:transfer successful!
INFO:circe.py:runtime_stat:{"task_name": "circe", "event": "new_input_file", "filename": "lccenc3_score3a_2#60697141-2#90817475-2#66514921-2#27651698jobid2.csv", "unix_time": 1620589576.0435958}
INFO:ccdag_utils.py:runtime_stat:{"task_name": "score3a", "event": "queue_start_process", "filename": "lccenc3_score3a_2#60697141-2#90817475-2#66514921-2#27651698jobid2.csv", "unix_time": 1620589576.0564723}
['whitewolf21.JPEG', 'whitewolf22.JPEG', 'whitewolf23.JPEG', 'whitewolf24.JPEG', 'whitewolf25.JPEG', 'whitewolf26.JPEG', 'whitewolf27.JPEG', 'whitewolf28.JPEG', 'whitewolf29.JPEG', 'whitewolf30.JPEG']
INFO:circe.py:runtime_stat:{"task_name": "circe", "event": "new_output_file", "filename": "score3a_preagg3_2jobth2#60697141-2#90817475-2#66514921-2#27651698", "unix_time": 1620589587.6463485}
DEBUG:transfer.py:sshpass -p PASSWORD scp -P 5000 -o StrictHostKeyChecking=no /jupiter/circe_output/score3a_preagg3_2jobth2#60697141-2#90817475-2#66514921-2#27651698 root@10.100.101.84:/jupiter/circe_input/
INFO:ccdag_utils.py:runtime_stat:{"task_name": "score3a", "event": "queue_end_process", "filename": "score3a_preagg3_2jobth2#60697141-2#90817475-2#66514921-2#27651698", "unix_time": 1620589587.6545076}
DEBUG:transfer.py:transfer successful!
INFO:circe.py:runtime_stat:{"task_name": "circe", "event": "new_input_file", "filename": "lccenc3_score3a_2#05908150-2#91646273-2#08481825-2#28043154jobid3.csv", "unix_time": 1620589635.247119}
INFO:ccdag_utils.py:runtime_stat:{"task_name": "score3a", "event": "queue_start_process", "filename": "lccenc3_score3a_2#05908150-2#91646273-2#08481825-2#28043154jobid3.csv", "unix_time": 1620589635.7065282}
['whitewolf21.JPEG', 'whitewolf22.JPEG', 'whitewolf23.JPEG', 'whitewolf24.JPEG', 'whitewolf25.JPEG', 'whitewolf26.JPEG', 'whitewolf27.JPEG', 'whitewolf28.JPEG', 'whitewolf29.JPEG', 'whitewolf30.JPEG']
INFO:circe.py:runtime_stat:{"task_name": "circe", "event": "new_output_file", "filename": "score3a_preagg3_3jobth2#05908150-2#91646273-2#08481825-2#28043154", "unix_time": 1620589647.22329}
DEBUG:transfer.py:sshpass -p PASSWORD scp -P 5000 -o StrictHostKeyChecking=no /jupiter/circe_output/score3a_preagg3_3jobth2#05908150-2#91646273-2#08481825-2#28043154 root@10.100.101.84:/jupiter/circe_input/
INFO:ccdag_utils.py:runtime_stat:{"task_name": "score3a", "event": "queue_end_process", "filename": "score3a_preagg3_3jobth2#05908150-2#91646273-2#08481825-2#28043154", "unix_time": 1620589647.2376604}
DEBUG:transfer.py:transfer successful!
INFO:circe.py:runtime_stat:{"task_name": "circe", "event": "new_input_file", "filename": "lccenc3_score3a_2#48644987-2#50031571-2#53356595-2#97116701jobid4.csv", "unix_time": 1620589718.1303391}
INFO:ccdag_utils.py:runtime_stat:{"task_name": "score3a", "event": "queue_start_process", "filename": "lccenc3_score3a_2#48644987-2#50031571-2#53356595-2#97116701jobid4.csv", "unix_time": 1620589718.3139417}
['whitewolf21.JPEG', 'whitewolf22.JPEG', 'whitewolf23.JPEG', 'whitewolf24.JPEG', 'whitewolf25.JPEG', 'whitewolf26.JPEG', 'whitewolf27.JPEG', 'whitewolf28.JPEG', 'whitewolf29.JPEG', 'whitewolf30.JPEG']
INFO:circe.py:runtime_stat:{"task_name": "circe", "event": "new_output_file", "filename": "score3a_preagg3_4jobth2#48644987-2#50031571-2#53356595-2#97116701", "unix_time": 1620589729.7548442}
DEBUG:transfer.py:sshpass -p PASSWORD scp -P 5000 -o StrictHostKeyChecking=no /jupiter/circe_output/score3a_preagg3_4jobth2#48644987-2#50031571-2#53356595-2#97116701 root@10.100.101.84:/jupiter/circe_input/
INFO:ccdag_utils.py:runtime_stat:{"task_name": "score3a", "event": "queue_end_process", "filename": "score3a_preagg3_4jobth2#48644987-2#50031571-2#53356595-2#97116701", "unix_time": 1620589729.7610312}
DEBUG:transfer.py:transfer successful!
INFO:circe.py:runtime_stat:{"task_name": "circe", "event": "new_input_file", "filename": "lccenc3_score3a_2#03701482-2#90147438-2#95019200-2#96278549jobid5.csv", "unix_time": 1620589801.2714193}
INFO:ccdag_utils.py:runtime_stat:{"task_name": "score3a", "event": "queue_start_process", "filename": "lccenc3_score3a_2#03701482-2#90147438-2#95019200-2#96278549jobid5.csv", "unix_time": 1620589801.8366804}
['whitewolf21.JPEG', 'whitewolf22.JPEG', 'whitewolf23.JPEG', 'whitewolf24.JPEG', 'whitewolf25.JPEG', 'whitewolf26.JPEG', 'whitewolf27.JPEG', 'whitewolf28.JPEG', 'whitewolf29.JPEG', 'whitewolf30.JPEG']
INFO:ccdag_utils.py:runtime_stat:{"task_name": "score3a", "event": "queue_end_process", "filename": "score3a_preagg3_5jobth2#03701482-2#90147438-2#95019200-2#96278549", "unix_time": 1620589813.3864584}
INFO:circe.py:runtime_stat:{"task_name": "circe", "event": "new_output_file", "filename": "score3a_preagg3_5jobth2#03701482-2#90147438-2#95019200-2#96278549", "unix_time": 1620589813.3881946}
DEBUG:transfer.py:sshpass -p PASSWORD scp -P 5000 -o StrictHostKeyChecking=no /jupiter/circe_output/score3a_preagg3_5jobth2#03701482-2#90147438-2#95019200-2#96278549 root@10.100.101.84:/jupiter/circe_input/
DEBUG:transfer.py:transfer successful!
INFO:circe.py:runtime_stat:{"task_name": "circe", "event": "new_input_file", "filename": "lccenc3_score3a_2#92477709-2#06433455-2#57715521-2#36985629jobid6.csv", "unix_time": 1620589929.7296226}
INFO:ccdag_utils.py:runtime_stat:{"task_name": "score3a", "event": "queue_start_process", "filename": "lccenc3_score3a_2#92477709-2#06433455-2#57715521-2#36985629jobid6.csv", "unix_time": 1620589930.5126119}
['whitewolf21.JPEG', 'whitewolf22.JPEG', 'whitewolf23.JPEG', 'whitewolf24.JPEG', 'whitewolf25.JPEG', 'whitewolf26.JPEG', 'whitewolf27.JPEG', 'whitewolf28.JPEG', 'whitewolf29.JPEG', 'whitewolf30.JPEG']
INFO:ccdag_utils.py:runtime_stat:{"task_name": "score3a", "event": "queue_end_process", "filename": "score3a_preagg3_6jobth2#92477709-2#06433455-2#57715521-2#36985629", "unix_time": 1620589942.0418859}
INFO:circe.py:runtime_stat:{"task_name": "circe", "event": "new_output_file", "filename": "score3a_preagg3_6jobth2#92477709-2#06433455-2#57715521-2#36985629", "unix_time": 1620589942.042946}
DEBUG:transfer.py:sshpass -p PASSWORD scp -P 5000 -o StrictHostKeyChecking=no /jupiter/circe_output/score3a_preagg3_6jobth2#92477709-2#06433455-2#57715521-2#36985629 root@10.100.101.84:/jupiter/circe_input/
DEBUG:transfer.py:transfer successful!
INFO:circe.py:runtime_stat:{"task_name": "circe", "event": "new_input_file", "filename": "lccenc3_score3a_2#18945967-2#31235906-2#82679283-2#36534583jobid7.csv", "unix_time": 1620590003.9687388}
INFO:ccdag_utils.py:runtime_stat:{"task_name": "score3a", "event": "queue_start_process", "filename": "lccenc3_score3a_2#18945967-2#31235906-2#82679283-2#36534583jobid7.csv", "unix_time": 1620590004.1072366}
['whitewolf21.JPEG', 'whitewolf22.JPEG', 'whitewolf23.JPEG', 'whitewolf24.JPEG', 'whitewolf25.JPEG', 'whitewolf26.JPEG', 'whitewolf27.JPEG', 'whitewolf28.JPEG', 'whitewolf29.JPEG', 'whitewolf30.JPEG']
INFO:circe.py:runtime_stat:{"task_name": "circe", "event": "new_output_file", "filename": "score3a_preagg3_7jobth2#18945967-2#31235906-2#82679283-2#36534583", "unix_time": 1620590015.6528327}
DEBUG:transfer.py:sshpass -p PASSWORD scp -P 5000 -o StrictHostKeyChecking=no /jupiter/circe_output/score3a_preagg3_7jobth2#18945967-2#31235906-2#82679283-2#36534583 root@10.100.101.84:/jupiter/circe_input/
INFO:ccdag_utils.py:runtime_stat:{"task_name": "score3a", "event": "queue_end_process", "filename": "score3a_preagg3_7jobth2#18945967-2#31235906-2#82679283-2#36534583", "unix_time": 1620590015.6592646}
DEBUG:transfer.py:transfer successful!
INFO:circe.py:runtime_stat:{"task_name": "circe", "event": "new_input_file", "filename": "lccenc3_score3a_2#29111520-2#01837077-2#12125340-2#22266274jobid8.csv", "unix_time": 1620590155.1891906}
INFO:ccdag_utils.py:runtime_stat:{"task_name": "score3a", "event": "queue_start_process", "filename": "lccenc3_score3a_2#29111520-2#01837077-2#12125340-2#22266274jobid8.csv", "unix_time": 1620590155.8052855}
['whitewolf21.JPEG', 'whitewolf22.JPEG', 'whitewolf23.JPEG', 'whitewolf24.JPEG', 'whitewolf25.JPEG', 'whitewolf26.JPEG', 'whitewolf27.JPEG', 'whitewolf28.JPEG', 'whitewolf29.JPEG', 'whitewolf30.JPEG']
INFO:circe.py:runtime_stat:{"task_name": "circe", "event": "new_output_file", "filename": "score3a_preagg3_8jobth2#29111520-2#01837077-2#12125340-2#22266274", "unix_time": 1620590167.355102}
DEBUG:transfer.py:sshpass -p PASSWORD scp -P 5000 -o StrictHostKeyChecking=no /jupiter/circe_output/score3a_preagg3_8jobth2#29111520-2#01837077-2#12125340-2#22266274 root@10.100.101.84:/jupiter/circe_input/
INFO:ccdag_utils.py:runtime_stat:{"task_name": "score3a", "event": "queue_end_process", "filename": "score3a_preagg3_8jobth2#29111520-2#01837077-2#12125340-2#22266274", "unix_time": 1620590167.3562946}
DEBUG:transfer.py:transfer successful!
INFO:circe.py:runtime_stat:{"task_name": "circe", "event": "new_input_file", "filename": "lccenc3_score3a_2#54306553-2#16101385-2#79442787-2#15627817jobid9.csv", "unix_time": 1620590308.788024}
INFO:ccdag_utils.py:runtime_stat:{"task_name": "score3a", "event": "queue_start_process", "filename": "lccenc3_score3a_2#54306553-2#16101385-2#79442787-2#15627817jobid9.csv", "unix_time": 1620590309.5173287}
['whitewolf21.JPEG', 'whitewolf22.JPEG', 'whitewolf23.JPEG', 'whitewolf24.JPEG', 'whitewolf25.JPEG', 'whitewolf26.JPEG', 'whitewolf27.JPEG', 'whitewolf28.JPEG', 'whitewolf29.JPEG', 'whitewolf30.JPEG']
INFO:circe.py:runtime_stat:{"task_name": "circe", "event": "new_output_file", "filename": "score3a_preagg3_9jobth2#54306553-2#16101385-2#79442787-2#15627817", "unix_time": 1620590321.0336423}
DEBUG:transfer.py:sshpass -p PASSWORD scp -P 5000 -o StrictHostKeyChecking=no /jupiter/circe_output/score3a_preagg3_9jobth2#54306553-2#16101385-2#79442787-2#15627817 root@10.100.101.84:/jupiter/circe_input/
INFO:ccdag_utils.py:runtime_stat:{"task_name": "score3a", "event": "queue_end_process", "filename": "score3a_preagg3_9jobth2#54306553-2#16101385-2#79442787-2#15627817", "unix_time": 1620590321.0403829}
DEBUG:transfer.py:transfer successful!
