 * Starting OpenBSD Secure Shell server sshd
   ...done.
INFO:circe.py:Using base script storeclass.py
DEBUG:circe.py:starting the input monitoring process
DEBUG:circe.py:starting the output monitoring process
INFO:circe.py:runtime_stat:{"task_name": "circe", "event": "new_input_file", "filename": "home_storeclass5_39832184imgkitfoxjobid5.JPEG", "unix_time": 1620686575.6566792}
INFO:circe.py:runtime_stat:{"task_name": "circe", "event": "new_input_file", "filename": "resnet7_storeclass5_50989397imgkitfoxjobid5.JPEG", "unix_time": 1620686575.732508}
INFO:ccdag_utils.py:runtime_stat:{"task_name": "storeclass5", "event": "queue_start_process", "filename": "home_storeclass5_39832184imgkitfoxjobid5.JPEG", "unix_time": 1620686575.753741}
INFO:ccdag_utils.py:runtime_stat:{"task_name": "storeclass5", "event": "queue_end_process", "filename": "storeclass5_lccenc5_39832184imgkitfoxjobid5.JPEG", "unix_time": 1620686575.7626739}
INFO:circe.py:runtime_stat:{"task_name": "circe", "event": "new_output_file", "filename": "storeclass5_lccenc5_39832184imgkitfoxjobid5.JPEG", "unix_time": 1620686575.763294}
INFO:ccdag_utils.py:runtime_stat:{"task_name": "storeclass5", "event": "queue_start_process", "filename": "resnet7_storeclass5_50989397imgkitfoxjobid5.JPEG", "unix_time": 1620686575.7636583}
DEBUG:transfer.py:sshpass -p PASSWORD scp -P 5000 -o StrictHostKeyChecking=no /jupiter/circe_output/storeclass5_lccenc5_39832184imgkitfoxjobid5.JPEG root@10.103.112.12:/jupiter/circe_input/
INFO:ccdag_utils.py:runtime_stat:{"task_name": "storeclass5", "event": "queue_end_process", "filename": "storeclass5_lccenc5_50989397imgkitfoxjobid5.JPEG", "unix_time": 1620686575.773284}
Warning: Permanently added '[10.103.112.12]:5000' (ECDSA) to the list of known hosts.
DEBUG:transfer.py:transfer successful!
INFO:circe.py:runtime_stat:{"task_name": "circe", "event": "new_output_file", "filename": "storeclass5_lccenc5_50989397imgkitfoxjobid5.JPEG", "unix_time": 1620686576.0050683}
DEBUG:transfer.py:sshpass -p PASSWORD scp -P 5000 -o StrictHostKeyChecking=no /jupiter/circe_output/storeclass5_lccenc5_50989397imgkitfoxjobid5.JPEG root@10.103.112.12:/jupiter/circe_input/
DEBUG:transfer.py:transfer successful!
INFO:circe.py:runtime_stat:{"task_name": "circe", "event": "new_input_file", "filename": "resnet0_storeclass5_13262322imgkitfoxjobid6.JPEG", "unix_time": 1620686587.550216}
INFO:ccdag_utils.py:runtime_stat:{"task_name": "storeclass5", "event": "queue_start_process", "filename": "resnet0_storeclass5_13262322imgkitfoxjobid6.JPEG", "unix_time": 1620686587.7853763}
INFO:circe.py:runtime_stat:{"task_name": "circe", "event": "new_output_file", "filename": "storeclass5_lccenc5_13262322imgkitfoxjobid6.JPEG", "unix_time": 1620686587.7976649}
DEBUG:transfer.py:sshpass -p PASSWORD scp -P 5000 -o StrictHostKeyChecking=no /jupiter/circe_output/storeclass5_lccenc5_13262322imgkitfoxjobid6.JPEG root@10.103.112.12:/jupiter/circe_input/
INFO:ccdag_utils.py:runtime_stat:{"task_name": "storeclass5", "event": "queue_end_process", "filename": "storeclass5_lccenc5_13262322imgkitfoxjobid6.JPEG", "unix_time": 1620686587.8029532}
DEBUG:transfer.py:transfer successful!
INFO:circe.py:runtime_stat:{"task_name": "circe", "event": "new_input_file", "filename": "resnet1_storeclass5_08539127imgkitfoxjobid6.JPEG", "unix_time": 1620686588.252153}
INFO:ccdag_utils.py:runtime_stat:{"task_name": "storeclass5", "event": "queue_start_process", "filename": "resnet1_storeclass5_08539127imgkitfoxjobid6.JPEG", "unix_time": 1620686588.8053396}
INFO:ccdag_utils.py:runtime_stat:{"task_name": "storeclass5", "event": "queue_end_process", "filename": "storeclass5_lccenc5_08539127imgkitfoxjobid6.JPEG", "unix_time": 1620686588.8143606}
INFO:circe.py:runtime_stat:{"task_name": "circe", "event": "new_output_file", "filename": "storeclass5_lccenc5_08539127imgkitfoxjobid6.JPEG", "unix_time": 1620686588.8152537}
DEBUG:transfer.py:sshpass -p PASSWORD scp -P 5000 -o StrictHostKeyChecking=no /jupiter/circe_output/storeclass5_lccenc5_08539127imgkitfoxjobid6.JPEG root@10.103.112.12:/jupiter/circe_input/
DEBUG:transfer.py:transfer successful!
INFO:circe.py:runtime_stat:{"task_name": "circe", "event": "new_input_file", "filename": "home_storeclass5_64034688imgkitfoxjobid7.JPEG", "unix_time": 1620686598.3293543}
INFO:ccdag_utils.py:runtime_stat:{"task_name": "storeclass5", "event": "queue_start_process", "filename": "home_storeclass5_64034688imgkitfoxjobid7.JPEG", "unix_time": 1620686598.828228}
INFO:ccdag_utils.py:runtime_stat:{"task_name": "storeclass5", "event": "queue_end_process", "filename": "storeclass5_lccenc5_64034688imgkitfoxjobid7.JPEG", "unix_time": 1620686598.8300166}
INFO:circe.py:runtime_stat:{"task_name": "circe", "event": "new_output_file", "filename": "storeclass5_lccenc5_64034688imgkitfoxjobid7.JPEG", "unix_time": 1620686598.8315182}
DEBUG:transfer.py:sshpass -p PASSWORD scp -P 5000 -o StrictHostKeyChecking=no /jupiter/circe_output/storeclass5_lccenc5_64034688imgkitfoxjobid7.JPEG root@10.103.112.12:/jupiter/circe_input/
DEBUG:transfer.py:transfer successful!
INFO:circe.py:runtime_stat:{"task_name": "circe", "event": "new_input_file", "filename": "home_storeclass5_35070475imgkitfoxjobid9.JPEG", "unix_time": 1620686623.1602972}
INFO:ccdag_utils.py:runtime_stat:{"task_name": "storeclass5", "event": "queue_start_process", "filename": "home_storeclass5_35070475imgkitfoxjobid9.JPEG", "unix_time": 1620686623.8686676}
INFO:ccdag_utils.py:runtime_stat:{"task_name": "storeclass5", "event": "queue_end_process", "filename": "storeclass5_lccenc5_35070475imgkitfoxjobid9.JPEG", "unix_time": 1620686623.8734107}
INFO:circe.py:runtime_stat:{"task_name": "circe", "event": "new_output_file", "filename": "storeclass5_lccenc5_35070475imgkitfoxjobid9.JPEG", "unix_time": 1620686623.87415}
DEBUG:transfer.py:sshpass -p PASSWORD scp -P 5000 -o StrictHostKeyChecking=no /jupiter/circe_output/storeclass5_lccenc5_35070475imgkitfoxjobid9.JPEG root@10.103.112.12:/jupiter/circe_input/
DEBUG:transfer.py:transfer successful!
