 * Starting OpenBSD Secure Shell server sshd
   ...done.
INFO:circe.py:Using base script storeclass.py
DEBUG:circe.py:starting the input monitoring process
DEBUG:circe.py:starting the output monitoring process
INFO:circe.py:runtime_stat:{"task_name": "circe", "event": "new_input_file", "filename": "resnet4_storeclass1_71108512imgfireenginejobid0.JPEG", "unix_time": 1620682994.2333176}
INFO:circe.py:runtime_stat:{"task_name": "circe", "event": "new_input_file", "filename": "resnet7_storeclass1_55556988imgfireenginejobid0.JPEG", "unix_time": 1620682994.2845314}
INFO:circe.py:runtime_stat:{"task_name": "circe", "event": "new_input_file", "filename": "resnet6_storeclass1_37805590imgfireenginejobid0.JPEG", "unix_time": 1620682994.3545396}
INFO:ccdag_utils.py:runtime_stat:{"task_name": "storeclass1", "event": "queue_start_process", "filename": "resnet4_storeclass1_71108512imgfireenginejobid0.JPEG", "unix_time": 1620682994.374191}
INFO:ccdag_utils.py:runtime_stat:{"task_name": "storeclass1", "event": "queue_end_process", "filename": "storeclass1_lccenc1_71108512imgfireenginejobid0.JPEG", "unix_time": 1620682994.3819635}
INFO:ccdag_utils.py:runtime_stat:{"task_name": "storeclass1", "event": "queue_start_process", "filename": "resnet7_storeclass1_55556988imgfireenginejobid0.JPEG", "unix_time": 1620682994.3823636}
INFO:circe.py:runtime_stat:{"task_name": "circe", "event": "new_output_file", "filename": "storeclass1_lccenc1_71108512imgfireenginejobid0.JPEG", "unix_time": 1620682994.3831708}
DEBUG:transfer.py:sshpass -p PASSWORD scp -P 5000 -o StrictHostKeyChecking=no /jupiter/circe_output/storeclass1_lccenc1_71108512imgfireenginejobid0.JPEG root@10.111.60.249:/jupiter/circe_input/
INFO:ccdag_utils.py:runtime_stat:{"task_name": "storeclass1", "event": "queue_end_process", "filename": "storeclass1_lccenc1_55556988imgfireenginejobid0.JPEG", "unix_time": 1620682994.3931057}
INFO:ccdag_utils.py:runtime_stat:{"task_name": "storeclass1", "event": "queue_start_process", "filename": "resnet6_storeclass1_37805590imgfireenginejobid0.JPEG", "unix_time": 1620682994.394551}
INFO:ccdag_utils.py:runtime_stat:{"task_name": "storeclass1", "event": "queue_end_process", "filename": "storeclass1_lccenc1_37805590imgfireenginejobid0.JPEG", "unix_time": 1620682994.3995326}
Warning: Permanently added '[10.111.60.249]:5000' (ECDSA) to the list of known hosts.
DEBUG:transfer.py:transfer successful!
INFO:circe.py:runtime_stat:{"task_name": "circe", "event": "new_output_file", "filename": "storeclass1_lccenc1_55556988imgfireenginejobid0.JPEG", "unix_time": 1620682994.73826}
DEBUG:transfer.py:sshpass -p PASSWORD scp -P 5000 -o StrictHostKeyChecking=no /jupiter/circe_output/storeclass1_lccenc1_55556988imgfireenginejobid0.JPEG root@10.111.60.249:/jupiter/circe_input/
DEBUG:transfer.py:transfer successful!
INFO:circe.py:runtime_stat:{"task_name": "circe", "event": "new_output_file", "filename": "storeclass1_lccenc1_37805590imgfireenginejobid0.JPEG", "unix_time": 1620682994.9610434}
DEBUG:transfer.py:sshpass -p PASSWORD scp -P 5000 -o StrictHostKeyChecking=no /jupiter/circe_output/storeclass1_lccenc1_37805590imgfireenginejobid0.JPEG root@10.111.60.249:/jupiter/circe_input/
DEBUG:transfer.py:transfer successful!
INFO:circe.py:runtime_stat:{"task_name": "circe", "event": "new_input_file", "filename": "resnet5_storeclass1_46718892imgfireenginejobid0.JPEG", "unix_time": 1620682995.2053976}
INFO:ccdag_utils.py:runtime_stat:{"task_name": "storeclass1", "event": "queue_start_process", "filename": "resnet5_storeclass1_46718892imgfireenginejobid0.JPEG", "unix_time": 1620682995.4017134}
INFO:ccdag_utils.py:runtime_stat:{"task_name": "storeclass1", "event": "queue_end_process", "filename": "storeclass1_lccenc1_46718892imgfireenginejobid0.JPEG", "unix_time": 1620682995.4107292}
INFO:circe.py:runtime_stat:{"task_name": "circe", "event": "new_output_file", "filename": "storeclass1_lccenc1_46718892imgfireenginejobid0.JPEG", "unix_time": 1620682995.4117868}
DEBUG:transfer.py:sshpass -p PASSWORD scp -P 5000 -o StrictHostKeyChecking=no /jupiter/circe_output/storeclass1_lccenc1_46718892imgfireenginejobid0.JPEG root@10.111.60.249:/jupiter/circe_input/
DEBUG:transfer.py:transfer successful!
INFO:circe.py:runtime_stat:{"task_name": "circe", "event": "new_input_file", "filename": "resnet4_storeclass1_86718336imgfireenginejobid1.JPEG", "unix_time": 1620683009.5134363}
INFO:circe.py:runtime_stat:{"task_name": "circe", "event": "new_input_file", "filename": "resnet1_storeclass1_88950092imgfireenginejobid1.JPEG", "unix_time": 1620683009.7719972}
INFO:circe.py:runtime_stat:{"task_name": "circe", "event": "new_input_file", "filename": "home_storeclass1_77245967imgfireenginejobid1.JPEG", "unix_time": 1620683010.197181}
INFO:circe.py:runtime_stat:{"task_name": "circe", "event": "new_input_file", "filename": "resnet3_storeclass1_02551711imgfireenginejobid1.JPEG", "unix_time": 1620683010.2699382}
INFO:ccdag_utils.py:runtime_stat:{"task_name": "storeclass1", "event": "queue_start_process", "filename": "resnet4_storeclass1_86718336imgfireenginejobid1.JPEG", "unix_time": 1620683010.4270887}
INFO:circe.py:runtime_stat:{"task_name": "circe", "event": "new_output_file", "filename": "storeclass1_lccenc1_86718336imgfireenginejobid1.JPEG", "unix_time": 1620683010.435764}
DEBUG:transfer.py:sshpass -p PASSWORD scp -P 5000 -o StrictHostKeyChecking=no /jupiter/circe_output/storeclass1_lccenc1_86718336imgfireenginejobid1.JPEG root@10.111.60.249:/jupiter/circe_input/
INFO:ccdag_utils.py:runtime_stat:{"task_name": "storeclass1", "event": "queue_end_process", "filename": "storeclass1_lccenc1_86718336imgfireenginejobid1.JPEG", "unix_time": 1620683010.436216}
INFO:circe.py:runtime_stat:{"task_name": "circe", "event": "new_input_file", "filename": "resnet2_storeclass1_14141305imgfireenginejobid1.JPEG", "unix_time": 1620683010.443716}
INFO:ccdag_utils.py:runtime_stat:{"task_name": "storeclass1", "event": "queue_start_process", "filename": "resnet1_storeclass1_88950092imgfireenginejobid1.JPEG", "unix_time": 1620683010.4452271}
INFO:ccdag_utils.py:runtime_stat:{"task_name": "storeclass1", "event": "queue_end_process", "filename": "storeclass1_lccenc1_88950092imgfireenginejobid1.JPEG", "unix_time": 1620683010.450216}
INFO:ccdag_utils.py:runtime_stat:{"task_name": "storeclass1", "event": "queue_start_process", "filename": "home_storeclass1_77245967imgfireenginejobid1.JPEG", "unix_time": 1620683010.450574}
INFO:ccdag_utils.py:runtime_stat:{"task_name": "storeclass1", "event": "queue_end_process", "filename": "storeclass1_lccenc1_77245967imgfireenginejobid1.JPEG", "unix_time": 1620683010.4566238}
INFO:ccdag_utils.py:runtime_stat:{"task_name": "storeclass1", "event": "queue_start_process", "filename": "resnet3_storeclass1_02551711imgfireenginejobid1.JPEG", "unix_time": 1620683010.4569163}
INFO:ccdag_utils.py:runtime_stat:{"task_name": "storeclass1", "event": "queue_end_process", "filename": "storeclass1_lccenc1_02551711imgfireenginejobid1.JPEG", "unix_time": 1620683010.4592972}
INFO:ccdag_utils.py:runtime_stat:{"task_name": "storeclass1", "event": "queue_start_process", "filename": "resnet2_storeclass1_14141305imgfireenginejobid1.JPEG", "unix_time": 1620683010.4595659}
INFO:ccdag_utils.py:runtime_stat:{"task_name": "storeclass1", "event": "queue_end_process", "filename": "storeclass1_lccenc1_14141305imgfireenginejobid1.JPEG", "unix_time": 1620683010.460762}
DEBUG:transfer.py:transfer successful!
INFO:circe.py:runtime_stat:{"task_name": "circe", "event": "new_output_file", "filename": "storeclass1_lccenc1_88950092imgfireenginejobid1.JPEG", "unix_time": 1620683010.66019}
DEBUG:transfer.py:sshpass -p PASSWORD scp -P 5000 -o StrictHostKeyChecking=no /jupiter/circe_output/storeclass1_lccenc1_88950092imgfireenginejobid1.JPEG root@10.111.60.249:/jupiter/circe_input/
DEBUG:transfer.py:transfer successful!
INFO:circe.py:runtime_stat:{"task_name": "circe", "event": "new_output_file", "filename": "storeclass1_lccenc1_77245967imgfireenginejobid1.JPEG", "unix_time": 1620683010.8893654}
DEBUG:transfer.py:sshpass -p PASSWORD scp -P 5000 -o StrictHostKeyChecking=no /jupiter/circe_output/storeclass1_lccenc1_77245967imgfireenginejobid1.JPEG root@10.111.60.249:/jupiter/circe_input/
DEBUG:transfer.py:transfer successful!
INFO:circe.py:runtime_stat:{"task_name": "circe", "event": "new_output_file", "filename": "storeclass1_lccenc1_02551711imgfireenginejobid1.JPEG", "unix_time": 1620683011.1368272}
DEBUG:transfer.py:sshpass -p PASSWORD scp -P 5000 -o StrictHostKeyChecking=no /jupiter/circe_output/storeclass1_lccenc1_02551711imgfireenginejobid1.JPEG root@10.111.60.249:/jupiter/circe_input/
DEBUG:transfer.py:transfer successful!
INFO:circe.py:runtime_stat:{"task_name": "circe", "event": "new_output_file", "filename": "storeclass1_lccenc1_14141305imgfireenginejobid1.JPEG", "unix_time": 1620683011.3840187}
DEBUG:transfer.py:sshpass -p PASSWORD scp -P 5000 -o StrictHostKeyChecking=no /jupiter/circe_output/storeclass1_lccenc1_14141305imgfireenginejobid1.JPEG root@10.111.60.249:/jupiter/circe_input/
DEBUG:transfer.py:transfer successful!
INFO:circe.py:runtime_stat:{"task_name": "circe", "event": "new_input_file", "filename": "resnet2_storeclass1_47351643imgfireenginejobid2.JPEG", "unix_time": 1620683035.8715165}
INFO:circe.py:runtime_stat:{"task_name": "circe", "event": "new_input_file", "filename": "resnet3_storeclass1_39955595imgfireenginejobid2.JPEG", "unix_time": 1620683036.3923504}
INFO:ccdag_utils.py:runtime_stat:{"task_name": "storeclass1", "event": "queue_start_process", "filename": "resnet2_storeclass1_47351643imgfireenginejobid2.JPEG", "unix_time": 1620683036.4882598}
INFO:circe.py:runtime_stat:{"task_name": "circe", "event": "new_output_file", "filename": "storeclass1_lccenc1_47351643imgfireenginejobid2.JPEG", "unix_time": 1620683036.498468}
DEBUG:transfer.py:sshpass -p PASSWORD scp -P 5000 -o StrictHostKeyChecking=no /jupiter/circe_output/storeclass1_lccenc1_47351643imgfireenginejobid2.JPEG root@10.111.60.249:/jupiter/circe_input/
INFO:ccdag_utils.py:runtime_stat:{"task_name": "storeclass1", "event": "queue_end_process", "filename": "storeclass1_lccenc1_47351643imgfireenginejobid2.JPEG", "unix_time": 1620683036.4992125}
INFO:ccdag_utils.py:runtime_stat:{"task_name": "storeclass1", "event": "queue_start_process", "filename": "resnet3_storeclass1_39955595imgfireenginejobid2.JPEG", "unix_time": 1620683036.503845}
INFO:ccdag_utils.py:runtime_stat:{"task_name": "storeclass1", "event": "queue_end_process", "filename": "storeclass1_lccenc1_39955595imgfireenginejobid2.JPEG", "unix_time": 1620683036.5099206}
DEBUG:transfer.py:transfer successful!
INFO:circe.py:runtime_stat:{"task_name": "circe", "event": "new_output_file", "filename": "storeclass1_lccenc1_39955595imgfireenginejobid2.JPEG", "unix_time": 1620683036.7648847}
DEBUG:transfer.py:sshpass -p PASSWORD scp -P 5000 -o StrictHostKeyChecking=no /jupiter/circe_output/storeclass1_lccenc1_39955595imgfireenginejobid2.JPEG root@10.111.60.249:/jupiter/circe_input/
DEBUG:transfer.py:transfer successful!
INFO:circe.py:runtime_stat:{"task_name": "circe", "event": "new_input_file", "filename": "resnet5_storeclass1_09990226imgfireenginejobid4.JPEG", "unix_time": 1620683078.0753057}
INFO:ccdag_utils.py:runtime_stat:{"task_name": "storeclass1", "event": "queue_start_process", "filename": "resnet5_storeclass1_09990226imgfireenginejobid4.JPEG", "unix_time": 1620683078.553058}
INFO:ccdag_utils.py:runtime_stat:{"task_name": "storeclass1", "event": "queue_end_process", "filename": "storeclass1_lccenc1_09990226imgfireenginejobid4.JPEG", "unix_time": 1620683078.559028}
INFO:circe.py:runtime_stat:{"task_name": "circe", "event": "new_output_file", "filename": "storeclass1_lccenc1_09990226imgfireenginejobid4.JPEG", "unix_time": 1620683078.5594404}
DEBUG:transfer.py:sshpass -p PASSWORD scp -P 5000 -o StrictHostKeyChecking=no /jupiter/circe_output/storeclass1_lccenc1_09990226imgfireenginejobid4.JPEG root@10.111.60.249:/jupiter/circe_input/
DEBUG:transfer.py:transfer successful!
INFO:circe.py:runtime_stat:{"task_name": "circe", "event": "new_input_file", "filename": "resnet8_storeclass1_36668298imgfireenginejobid4.JPEG", "unix_time": 1620683078.9024487}
INFO:ccdag_utils.py:runtime_stat:{"task_name": "storeclass1", "event": "queue_start_process", "filename": "resnet8_storeclass1_36668298imgfireenginejobid4.JPEG", "unix_time": 1620683079.5609295}
INFO:ccdag_utils.py:runtime_stat:{"task_name": "storeclass1", "event": "queue_end_process", "filename": "storeclass1_lccenc1_36668298imgfireenginejobid4.JPEG", "unix_time": 1620683079.568375}
INFO:circe.py:runtime_stat:{"task_name": "circe", "event": "new_output_file", "filename": "storeclass1_lccenc1_36668298imgfireenginejobid4.JPEG", "unix_time": 1620683079.5690467}
DEBUG:transfer.py:sshpass -p PASSWORD scp -P 5000 -o StrictHostKeyChecking=no /jupiter/circe_output/storeclass1_lccenc1_36668298imgfireenginejobid4.JPEG root@10.111.60.249:/jupiter/circe_input/
DEBUG:transfer.py:transfer successful!
INFO:circe.py:runtime_stat:{"task_name": "circe", "event": "new_input_file", "filename": "resnet5_storeclass1_47977284imgfireenginejobid5.JPEG", "unix_time": 1620683085.2246184}
INFO:circe.py:runtime_stat:{"task_name": "circe", "event": "new_input_file", "filename": "home_storeclass1_76904924imgfireenginejobid5.JPEG", "unix_time": 1620683085.5462568}
INFO:ccdag_utils.py:runtime_stat:{"task_name": "storeclass1", "event": "queue_start_process", "filename": "resnet5_storeclass1_47977284imgfireenginejobid5.JPEG", "unix_time": 1620683085.5791512}
INFO:circe.py:runtime_stat:{"task_name": "circe", "event": "new_output_file", "filename": "storeclass1_lccenc1_47977284imgfireenginejobid5.JPEG", "unix_time": 1620683085.590018}
DEBUG:transfer.py:sshpass -p PASSWORD scp -P 5000 -o StrictHostKeyChecking=no /jupiter/circe_output/storeclass1_lccenc1_47977284imgfireenginejobid5.JPEG root@10.111.60.249:/jupiter/circe_input/
INFO:ccdag_utils.py:runtime_stat:{"task_name": "storeclass1", "event": "queue_end_process", "filename": "storeclass1_lccenc1_47977284imgfireenginejobid5.JPEG", "unix_time": 1620683085.5907679}
INFO:ccdag_utils.py:runtime_stat:{"task_name": "storeclass1", "event": "queue_start_process", "filename": "home_storeclass1_76904924imgfireenginejobid5.JPEG", "unix_time": 1620683085.5955355}
INFO:ccdag_utils.py:runtime_stat:{"task_name": "storeclass1", "event": "queue_end_process", "filename": "storeclass1_lccenc1_76904924imgfireenginejobid5.JPEG", "unix_time": 1620683085.6009452}
DEBUG:transfer.py:transfer successful!
INFO:circe.py:runtime_stat:{"task_name": "circe", "event": "new_output_file", "filename": "storeclass1_lccenc1_76904924imgfireenginejobid5.JPEG", "unix_time": 1620683085.8273103}
DEBUG:transfer.py:sshpass -p PASSWORD scp -P 5000 -o StrictHostKeyChecking=no /jupiter/circe_output/storeclass1_lccenc1_76904924imgfireenginejobid5.JPEG root@10.111.60.249:/jupiter/circe_input/
DEBUG:transfer.py:transfer successful!
INFO:circe.py:runtime_stat:{"task_name": "circe", "event": "new_input_file", "filename": "resnet6_storeclass1_83415915imgfireenginejobid7.JPEG", "unix_time": 1620683109.6071541}
INFO:circe.py:runtime_stat:{"task_name": "circe", "event": "new_input_file", "filename": "resnet4_storeclass1_42956932imgfireenginejobid7.JPEG", "unix_time": 1620683109.6122162}
INFO:ccdag_utils.py:runtime_stat:{"task_name": "storeclass1", "event": "queue_start_process", "filename": "resnet6_storeclass1_83415915imgfireenginejobid7.JPEG", "unix_time": 1620683109.6287239}
INFO:ccdag_utils.py:runtime_stat:{"task_name": "storeclass1", "event": "queue_end_process", "filename": "storeclass1_lccenc1_83415915imgfireenginejobid7.JPEG", "unix_time": 1620683109.6327665}
INFO:ccdag_utils.py:runtime_stat:{"task_name": "storeclass1", "event": "queue_start_process", "filename": "resnet4_storeclass1_42956932imgfireenginejobid7.JPEG", "unix_time": 1620683109.633097}
INFO:ccdag_utils.py:runtime_stat:{"task_name": "storeclass1", "event": "queue_end_process", "filename": "storeclass1_lccenc1_42956932imgfireenginejobid7.JPEG", "unix_time": 1620683109.6355052}
INFO:circe.py:runtime_stat:{"task_name": "circe", "event": "new_output_file", "filename": "storeclass1_lccenc1_83415915imgfireenginejobid7.JPEG", "unix_time": 1620683109.6342292}
DEBUG:transfer.py:sshpass -p PASSWORD scp -P 5000 -o StrictHostKeyChecking=no /jupiter/circe_output/storeclass1_lccenc1_83415915imgfireenginejobid7.JPEG root@10.111.60.249:/jupiter/circe_input/
DEBUG:transfer.py:transfer successful!
INFO:circe.py:runtime_stat:{"task_name": "circe", "event": "new_output_file", "filename": "storeclass1_lccenc1_42956932imgfireenginejobid7.JPEG", "unix_time": 1620683109.872688}
DEBUG:transfer.py:sshpass -p PASSWORD scp -P 5000 -o StrictHostKeyChecking=no /jupiter/circe_output/storeclass1_lccenc1_42956932imgfireenginejobid7.JPEG root@10.111.60.249:/jupiter/circe_input/
DEBUG:transfer.py:transfer successful!
INFO:circe.py:runtime_stat:{"task_name": "circe", "event": "new_input_file", "filename": "home_storeclass1_63665467imgfireenginejobid7.JPEG", "unix_time": 1620683110.5202475}
INFO:ccdag_utils.py:runtime_stat:{"task_name": "storeclass1", "event": "queue_start_process", "filename": "home_storeclass1_63665467imgfireenginejobid7.JPEG", "unix_time": 1620683110.639806}
INFO:ccdag_utils.py:runtime_stat:{"task_name": "storeclass1", "event": "queue_end_process", "filename": "storeclass1_lccenc1_63665467imgfireenginejobid7.JPEG", "unix_time": 1620683110.6415207}
INFO:circe.py:runtime_stat:{"task_name": "circe", "event": "new_output_file", "filename": "storeclass1_lccenc1_63665467imgfireenginejobid7.JPEG", "unix_time": 1620683110.6427505}
DEBUG:transfer.py:sshpass -p PASSWORD scp -P 5000 -o StrictHostKeyChecking=no /jupiter/circe_output/storeclass1_lccenc1_63665467imgfireenginejobid7.JPEG root@10.111.60.249:/jupiter/circe_input/
DEBUG:transfer.py:transfer successful!
INFO:circe.py:runtime_stat:{"task_name": "circe", "event": "new_input_file", "filename": "resnet1_storeclass1_72931427imgfireenginejobid8.JPEG", "unix_time": 1620683122.4355996}
INFO:ccdag_utils.py:runtime_stat:{"task_name": "storeclass1", "event": "queue_start_process", "filename": "resnet1_storeclass1_72931427imgfireenginejobid8.JPEG", "unix_time": 1620683122.6540544}
INFO:ccdag_utils.py:runtime_stat:{"task_name": "storeclass1", "event": "queue_end_process", "filename": "storeclass1_lccenc1_72931427imgfireenginejobid8.JPEG", "unix_time": 1620683122.6561346}
INFO:circe.py:runtime_stat:{"task_name": "circe", "event": "new_output_file", "filename": "storeclass1_lccenc1_72931427imgfireenginejobid8.JPEG", "unix_time": 1620683122.6578512}
DEBUG:transfer.py:sshpass -p PASSWORD scp -P 5000 -o StrictHostKeyChecking=no /jupiter/circe_output/storeclass1_lccenc1_72931427imgfireenginejobid8.JPEG root@10.111.60.249:/jupiter/circe_input/
DEBUG:transfer.py:transfer successful!
INFO:circe.py:runtime_stat:{"task_name": "circe", "event": "new_input_file", "filename": "resnet0_storeclass1_46758792imgfireenginejobid9.JPEG", "unix_time": 1620683132.534887}
INFO:ccdag_utils.py:runtime_stat:{"task_name": "storeclass1", "event": "queue_start_process", "filename": "resnet0_storeclass1_46758792imgfireenginejobid9.JPEG", "unix_time": 1620683132.6670938}
INFO:ccdag_utils.py:runtime_stat:{"task_name": "storeclass1", "event": "queue_end_process", "filename": "storeclass1_lccenc1_46758792imgfireenginejobid9.JPEG", "unix_time": 1620683132.6753054}
INFO:circe.py:runtime_stat:{"task_name": "circe", "event": "new_output_file", "filename": "storeclass1_lccenc1_46758792imgfireenginejobid9.JPEG", "unix_time": 1620683132.6758926}
DEBUG:transfer.py:sshpass -p PASSWORD scp -P 5000 -o StrictHostKeyChecking=no /jupiter/circe_output/storeclass1_lccenc1_46758792imgfireenginejobid9.JPEG root@10.111.60.249:/jupiter/circe_input/
DEBUG:transfer.py:transfer successful!
INFO:circe.py:runtime_stat:{"task_name": "circe", "event": "new_input_file", "filename": "resnet4_storeclass1_57996123imgfireenginejobid9.JPEG", "unix_time": 1620683133.208866}
INFO:circe.py:runtime_stat:{"task_name": "circe", "event": "new_input_file", "filename": "home_storeclass1_99445406imgfireenginejobid9.JPEG", "unix_time": 1620683133.5662627}
INFO:ccdag_utils.py:runtime_stat:{"task_name": "storeclass1", "event": "queue_start_process", "filename": "resnet4_storeclass1_57996123imgfireenginejobid9.JPEG", "unix_time": 1620683133.6778338}
INFO:ccdag_utils.py:runtime_stat:{"task_name": "storeclass1", "event": "queue_end_process", "filename": "storeclass1_lccenc1_57996123imgfireenginejobid9.JPEG", "unix_time": 1620683133.680713}
INFO:circe.py:runtime_stat:{"task_name": "circe", "event": "new_output_file", "filename": "storeclass1_lccenc1_57996123imgfireenginejobid9.JPEG", "unix_time": 1620683133.6825094}
INFO:ccdag_utils.py:runtime_stat:{"task_name": "storeclass1", "event": "queue_start_process", "filename": "home_storeclass1_99445406imgfireenginejobid9.JPEG", "unix_time": 1620683133.682804}
DEBUG:transfer.py:sshpass -p PASSWORD scp -P 5000 -o StrictHostKeyChecking=no /jupiter/circe_output/storeclass1_lccenc1_57996123imgfireenginejobid9.JPEG root@10.111.60.249:/jupiter/circe_input/
INFO:ccdag_utils.py:runtime_stat:{"task_name": "storeclass1", "event": "queue_end_process", "filename": "storeclass1_lccenc1_99445406imgfireenginejobid9.JPEG", "unix_time": 1620683133.6902258}
DEBUG:transfer.py:transfer successful!
INFO:circe.py:runtime_stat:{"task_name": "circe", "event": "new_output_file", "filename": "storeclass1_lccenc1_99445406imgfireenginejobid9.JPEG", "unix_time": 1620683133.9113696}
DEBUG:transfer.py:sshpass -p PASSWORD scp -P 5000 -o StrictHostKeyChecking=no /jupiter/circe_output/storeclass1_lccenc1_99445406imgfireenginejobid9.JPEG root@10.111.60.249:/jupiter/circe_input/
DEBUG:transfer.py:transfer successful!
INFO:circe.py:runtime_stat:{"task_name": "circe", "event": "new_input_file", "filename": "resnet2_storeclass1_71722052imgfireenginejobid11.JPEG", "unix_time": 1620683161.9611576}
INFO:ccdag_utils.py:runtime_stat:{"task_name": "storeclass1", "event": "queue_start_process", "filename": "resnet2_storeclass1_71722052imgfireenginejobid11.JPEG", "unix_time": 1620683162.7209134}
INFO:ccdag_utils.py:runtime_stat:{"task_name": "storeclass1", "event": "queue_end_process", "filename": "storeclass1_lccenc1_71722052imgfireenginejobid11.JPEG", "unix_time": 1620683162.7285264}
INFO:circe.py:runtime_stat:{"task_name": "circe", "event": "new_output_file", "filename": "storeclass1_lccenc1_71722052imgfireenginejobid11.JPEG", "unix_time": 1620683162.7293167}
DEBUG:transfer.py:sshpass -p PASSWORD scp -P 5000 -o StrictHostKeyChecking=no /jupiter/circe_output/storeclass1_lccenc1_71722052imgfireenginejobid11.JPEG root@10.111.60.249:/jupiter/circe_input/
DEBUG:transfer.py:transfer successful!
INFO:circe.py:runtime_stat:{"task_name": "circe", "event": "new_input_file", "filename": "resnet0_storeclass1_87490990imgschoolbusjobid22.JPEG", "unix_time": 1620683280.0908837}
INFO:circe.py:runtime_stat:{"task_name": "circe", "event": "new_input_file", "filename": "resnet2_storeclass1_32711680imgschoolbusjobid22.JPEG", "unix_time": 1620683280.536768}
INFO:ccdag_utils.py:runtime_stat:{"task_name": "storeclass1", "event": "queue_start_process", "filename": "resnet0_storeclass1_87490990imgschoolbusjobid22.JPEG", "unix_time": 1620683280.8860364}
INFO:circe.py:runtime_stat:{"task_name": "circe", "event": "new_output_file", "filename": "storeclass1_lccenc1_87490990imgschoolbusjobid22.JPEG", "unix_time": 1620683280.8920882}
INFO:ccdag_utils.py:runtime_stat:{"task_name": "storeclass1", "event": "queue_end_process", "filename": "storeclass1_lccenc1_87490990imgschoolbusjobid22.JPEG", "unix_time": 1620683280.8923106}
INFO:ccdag_utils.py:runtime_stat:{"task_name": "storeclass1", "event": "queue_start_process", "filename": "resnet2_storeclass1_32711680imgschoolbusjobid22.JPEG", "unix_time": 1620683280.8932312}
DEBUG:transfer.py:sshpass -p PASSWORD scp -P 5000 -o StrictHostKeyChecking=no /jupiter/circe_output/storeclass1_lccenc1_87490990imgschoolbusjobid22.JPEG root@10.111.60.249:/jupiter/circe_input/
INFO:ccdag_utils.py:runtime_stat:{"task_name": "storeclass1", "event": "queue_end_process", "filename": "storeclass1_lccenc1_32711680imgschoolbusjobid22.JPEG", "unix_time": 1620683280.8980489}
DEBUG:transfer.py:transfer successful!
INFO:circe.py:runtime_stat:{"task_name": "circe", "event": "new_output_file", "filename": "storeclass1_lccenc1_32711680imgschoolbusjobid22.JPEG", "unix_time": 1620683281.1428015}
DEBUG:transfer.py:sshpass -p PASSWORD scp -P 5000 -o StrictHostKeyChecking=no /jupiter/circe_output/storeclass1_lccenc1_32711680imgschoolbusjobid22.JPEG root@10.111.60.249:/jupiter/circe_input/
DEBUG:transfer.py:transfer successful!
INFO:circe.py:runtime_stat:{"task_name": "circe", "event": "new_input_file", "filename": "resnet6_storeclass1_32293488imgschoolbusjobid29.JPEG", "unix_time": 1620683359.1511977}
INFO:ccdag_utils.py:runtime_stat:{"task_name": "storeclass1", "event": "queue_start_process", "filename": "resnet6_storeclass1_32293488imgschoolbusjobid29.JPEG", "unix_time": 1620683359.9994311}
INFO:ccdag_utils.py:runtime_stat:{"task_name": "storeclass1", "event": "queue_end_process", "filename": "storeclass1_lccenc1_32293488imgschoolbusjobid29.JPEG", "unix_time": 1620683360.0048885}
INFO:circe.py:runtime_stat:{"task_name": "circe", "event": "new_output_file", "filename": "storeclass1_lccenc1_32293488imgschoolbusjobid29.JPEG", "unix_time": 1620683360.0055091}
DEBUG:transfer.py:sshpass -p PASSWORD scp -P 5000 -o StrictHostKeyChecking=no /jupiter/circe_output/storeclass1_lccenc1_32293488imgschoolbusjobid29.JPEG root@10.111.60.249:/jupiter/circe_input/
DEBUG:transfer.py:transfer successful!
INFO:circe.py:runtime_stat:{"task_name": "circe", "event": "new_input_file", "filename": "resnet4_storeclass1_34207797imgschoolbusjobid33.JPEG", "unix_time": 1620683403.1626155}
INFO:ccdag_utils.py:runtime_stat:{"task_name": "storeclass1", "event": "queue_start_process", "filename": "resnet4_storeclass1_34207797imgschoolbusjobid33.JPEG", "unix_time": 1620683404.058024}
INFO:ccdag_utils.py:runtime_stat:{"task_name": "storeclass1", "event": "queue_end_process", "filename": "storeclass1_lccenc1_34207797imgschoolbusjobid33.JPEG", "unix_time": 1620683404.0598254}
INFO:circe.py:runtime_stat:{"task_name": "circe", "event": "new_output_file", "filename": "storeclass1_lccenc1_34207797imgschoolbusjobid33.JPEG", "unix_time": 1620683404.0609057}
DEBUG:transfer.py:sshpass -p PASSWORD scp -P 5000 -o StrictHostKeyChecking=no /jupiter/circe_output/storeclass1_lccenc1_34207797imgschoolbusjobid33.JPEG root@10.111.60.249:/jupiter/circe_input/
DEBUG:transfer.py:transfer successful!
