 * Starting OpenBSD Secure Shell server sshd
   ...done.
INFO:circe.py:Using base script score.py
DEBUG:circe.py:starting the input monitoring process
DEBUG:circe.py:starting the output monitoring process
INFO:circe.py:runtime_stat:{"task_name": "circe", "event": "new_input_file", "filename": "lccenc6_score6c_5#49974823-5#67278984-5#34807786-5#84231355jobid1.csv", "unix_time": 1620683228.3131404}
INFO:ccdag_utils.py:runtime_stat:{"task_name": "score6c", "event": "queue_start_process", "filename": "lccenc6_score6c_5#49974823-5#67278984-5#34807786-5#84231355jobid1.csv", "unix_time": 1620683228.402307}
['persiancat21.JPEG', 'persiancat22.JPEG', 'persiancat23.JPEG', 'persiancat24.JPEG', 'persiancat25.JPEG', 'persiancat26.JPEG', 'persiancat27.JPEG', 'persiancat28.JPEG', 'persiancat29.JPEG', 'persiancat30.JPEG']
INFO:circe.py:runtime_stat:{"task_name": "circe", "event": "new_output_file", "filename": "score6c_preagg6_1jobth5#49974823-5#67278984-5#34807786-5#84231355", "unix_time": 1620683229.9986367}
DEBUG:transfer.py:sshpass -p PASSWORD scp -P 5000 -o StrictHostKeyChecking=no /jupiter/circe_output/score6c_preagg6_1jobth5#49974823-5#67278984-5#34807786-5#84231355 root@10.99.42.140:/jupiter/circe_input/
INFO:ccdag_utils.py:runtime_stat:{"task_name": "score6c", "event": "queue_end_process", "filename": "score6c_preagg6_1jobth5#49974823-5#67278984-5#34807786-5#84231355", "unix_time": 1620683230.0062833}
Warning: Permanently added '[10.99.42.140]:5000' (ECDSA) to the list of known hosts.
DEBUG:transfer.py:transfer successful!
INFO:circe.py:runtime_stat:{"task_name": "circe", "event": "new_input_file", "filename": "lccenc6_score6c_5#06937528-5#02341092-5#55664283-5#30944888jobid2.csv", "unix_time": 1620683240.529328}
INFO:ccdag_utils.py:runtime_stat:{"task_name": "score6c", "event": "queue_start_process", "filename": "lccenc6_score6c_5#06937528-5#02341092-5#55664283-5#30944888jobid2.csv", "unix_time": 1620683241.022105}
['persiancat21.JPEG', 'persiancat22.JPEG', 'persiancat23.JPEG', 'persiancat24.JPEG', 'persiancat25.JPEG', 'persiancat26.JPEG', 'persiancat27.JPEG', 'persiancat28.JPEG', 'persiancat29.JPEG', 'persiancat30.JPEG']
INFO:circe.py:runtime_stat:{"task_name": "circe", "event": "new_output_file", "filename": "score6c_preagg6_2jobth5#06937528-5#02341092-5#55664283-5#30944888", "unix_time": 1620683242.5155947}
DEBUG:transfer.py:sshpass -p PASSWORD scp -P 5000 -o StrictHostKeyChecking=no /jupiter/circe_output/score6c_preagg6_2jobth5#06937528-5#02341092-5#55664283-5#30944888 root@10.99.42.140:/jupiter/circe_input/
INFO:ccdag_utils.py:runtime_stat:{"task_name": "score6c", "event": "queue_end_process", "filename": "score6c_preagg6_2jobth5#06937528-5#02341092-5#55664283-5#30944888", "unix_time": 1620683242.5214095}
DEBUG:transfer.py:transfer successful!
INFO:circe.py:runtime_stat:{"task_name": "circe", "event": "new_input_file", "filename": "lccenc6_score6c_5#16242762-5#33539759-5#52676817-5#81114082jobid3.csv", "unix_time": 1620683251.2189357}
INFO:ccdag_utils.py:runtime_stat:{"task_name": "score6c", "event": "queue_start_process", "filename": "lccenc6_score6c_5#16242762-5#33539759-5#52676817-5#81114082jobid3.csv", "unix_time": 1620683251.5340111}
['persiancat21.JPEG', 'persiancat22.JPEG', 'persiancat23.JPEG', 'persiancat24.JPEG', 'persiancat25.JPEG', 'persiancat26.JPEG', 'persiancat27.JPEG', 'persiancat28.JPEG', 'persiancat29.JPEG', 'persiancat30.JPEG']
INFO:ccdag_utils.py:runtime_stat:{"task_name": "score6c", "event": "queue_end_process", "filename": "score6c_preagg6_3jobth5#16242762-5#33539759-5#52676817-5#81114082", "unix_time": 1620683253.1606379}
INFO:circe.py:runtime_stat:{"task_name": "circe", "event": "new_output_file", "filename": "score6c_preagg6_3jobth5#16242762-5#33539759-5#52676817-5#81114082", "unix_time": 1620683253.1625445}
DEBUG:transfer.py:sshpass -p PASSWORD scp -P 5000 -o StrictHostKeyChecking=no /jupiter/circe_output/score6c_preagg6_3jobth5#16242762-5#33539759-5#52676817-5#81114082 root@10.99.42.140:/jupiter/circe_input/
DEBUG:transfer.py:transfer successful!
INFO:circe.py:runtime_stat:{"task_name": "circe", "event": "new_input_file", "filename": "lccenc6_score6c_5#29673304-5#19012740-5#16224617-5#28556540jobid4.csv", "unix_time": 1620683260.4720736}
INFO:ccdag_utils.py:runtime_stat:{"task_name": "score6c", "event": "queue_start_process", "filename": "lccenc6_score6c_5#29673304-5#19012740-5#16224617-5#28556540jobid4.csv", "unix_time": 1620683261.169693}
['persiancat21.JPEG', 'persiancat22.JPEG', 'persiancat23.JPEG', 'persiancat24.JPEG', 'persiancat25.JPEG', 'persiancat26.JPEG', 'persiancat27.JPEG', 'persiancat28.JPEG', 'persiancat29.JPEG', 'persiancat30.JPEG']
INFO:circe.py:runtime_stat:{"task_name": "circe", "event": "new_output_file", "filename": "score6c_preagg6_4jobth5#29673304-5#19012740-5#16224617-5#28556540", "unix_time": 1620683262.6603734}
DEBUG:transfer.py:sshpass -p PASSWORD scp -P 5000 -o StrictHostKeyChecking=no /jupiter/circe_output/score6c_preagg6_4jobth5#29673304-5#19012740-5#16224617-5#28556540 root@10.99.42.140:/jupiter/circe_input/
INFO:ccdag_utils.py:runtime_stat:{"task_name": "score6c", "event": "queue_end_process", "filename": "score6c_preagg6_4jobth5#29673304-5#19012740-5#16224617-5#28556540", "unix_time": 1620683262.6672542}
DEBUG:transfer.py:transfer successful!
INFO:circe.py:runtime_stat:{"task_name": "circe", "event": "new_input_file", "filename": "lccenc6_score6c_5#24425863-5#30000122-5#96005016-5#02665613jobid5.csv", "unix_time": 1620683271.6589007}
INFO:ccdag_utils.py:runtime_stat:{"task_name": "score6c", "event": "queue_start_process", "filename": "lccenc6_score6c_5#24425863-5#30000122-5#96005016-5#02665613jobid5.csv", "unix_time": 1620683271.678961}
['persiancat21.JPEG', 'persiancat22.JPEG', 'persiancat23.JPEG', 'persiancat24.JPEG', 'persiancat25.JPEG', 'persiancat26.JPEG', 'persiancat27.JPEG', 'persiancat28.JPEG', 'persiancat29.JPEG', 'persiancat30.JPEG']
INFO:circe.py:runtime_stat:{"task_name": "circe", "event": "new_output_file", "filename": "score6c_preagg6_5jobth5#24425863-5#30000122-5#96005016-5#02665613", "unix_time": 1620683273.1427822}
DEBUG:transfer.py:sshpass -p PASSWORD scp -P 5000 -o StrictHostKeyChecking=no /jupiter/circe_output/score6c_preagg6_5jobth5#24425863-5#30000122-5#96005016-5#02665613 root@10.99.42.140:/jupiter/circe_input/
INFO:ccdag_utils.py:runtime_stat:{"task_name": "score6c", "event": "queue_end_process", "filename": "score6c_preagg6_5jobth5#24425863-5#30000122-5#96005016-5#02665613", "unix_time": 1620683273.1507215}
DEBUG:transfer.py:transfer successful!
INFO:circe.py:runtime_stat:{"task_name": "circe", "event": "new_input_file", "filename": "lccenc6_score6c_5#15075241-5#15735941-5#06737369-5#81646691jobid6.csv", "unix_time": 1620683306.1685858}
INFO:ccdag_utils.py:runtime_stat:{"task_name": "score6c", "event": "queue_start_process", "filename": "lccenc6_score6c_5#15075241-5#15735941-5#06737369-5#81646691jobid6.csv", "unix_time": 1620683306.1869376}
['persiancat21.JPEG', 'persiancat22.JPEG', 'persiancat23.JPEG', 'persiancat24.JPEG', 'persiancat25.JPEG', 'persiancat26.JPEG', 'persiancat27.JPEG', 'persiancat28.JPEG', 'persiancat29.JPEG', 'persiancat30.JPEG']
INFO:ccdag_utils.py:runtime_stat:{"task_name": "score6c", "event": "queue_end_process", "filename": "score6c_preagg6_6jobth5#15075241-5#15735941-5#06737369-5#81646691", "unix_time": 1620683307.7488885}
INFO:circe.py:runtime_stat:{"task_name": "circe", "event": "new_output_file", "filename": "score6c_preagg6_6jobth5#15075241-5#15735941-5#06737369-5#81646691", "unix_time": 1620683307.750585}
DEBUG:transfer.py:sshpass -p PASSWORD scp -P 5000 -o StrictHostKeyChecking=no /jupiter/circe_output/score6c_preagg6_6jobth5#15075241-5#15735941-5#06737369-5#81646691 root@10.99.42.140:/jupiter/circe_input/
DEBUG:transfer.py:transfer successful!
INFO:circe.py:runtime_stat:{"task_name": "circe", "event": "new_input_file", "filename": "lccenc6_score6c_5#75847974-5#34217691-5#42148059-5#19508875jobid7.csv", "unix_time": 1620683329.7638197}
INFO:ccdag_utils.py:runtime_stat:{"task_name": "score6c", "event": "queue_start_process", "filename": "lccenc6_score6c_5#75847974-5#34217691-5#42148059-5#19508875jobid7.csv", "unix_time": 1620683329.7753415}
['persiancat21.JPEG', 'persiancat22.JPEG', 'persiancat23.JPEG', 'persiancat24.JPEG', 'persiancat25.JPEG', 'persiancat26.JPEG', 'persiancat27.JPEG', 'persiancat28.JPEG', 'persiancat29.JPEG', 'persiancat30.JPEG']
INFO:circe.py:runtime_stat:{"task_name": "circe", "event": "new_output_file", "filename": "score6c_preagg6_7jobth5#75847974-5#34217691-5#42148059-5#19508875", "unix_time": 1620683331.3000274}
DEBUG:transfer.py:sshpass -p PASSWORD scp -P 5000 -o StrictHostKeyChecking=no /jupiter/circe_output/score6c_preagg6_7jobth5#75847974-5#34217691-5#42148059-5#19508875 root@10.99.42.140:/jupiter/circe_input/
INFO:ccdag_utils.py:runtime_stat:{"task_name": "score6c", "event": "queue_end_process", "filename": "score6c_preagg6_7jobth5#75847974-5#34217691-5#42148059-5#19508875", "unix_time": 1620683331.306629}
DEBUG:transfer.py:transfer successful!
INFO:circe.py:runtime_stat:{"task_name": "circe", "event": "new_input_file", "filename": "lccenc6_score6c_5#04211324-5#42843978-5#08740639-5#14011994jobid8.csv", "unix_time": 1620683350.860306}
INFO:ccdag_utils.py:runtime_stat:{"task_name": "score6c", "event": "queue_start_process", "filename": "lccenc6_score6c_5#04211324-5#42843978-5#08740639-5#14011994jobid8.csv", "unix_time": 1620683351.3280833}
['persiancat21.JPEG', 'persiancat22.JPEG', 'persiancat23.JPEG', 'persiancat24.JPEG', 'persiancat25.JPEG', 'persiancat26.JPEG', 'persiancat27.JPEG', 'persiancat28.JPEG', 'persiancat29.JPEG', 'persiancat30.JPEG']
INFO:circe.py:runtime_stat:{"task_name": "circe", "event": "new_output_file", "filename": "score6c_preagg6_8jobth5#04211324-5#42843978-5#08740639-5#14011994", "unix_time": 1620683352.7262084}
DEBUG:transfer.py:sshpass -p PASSWORD scp -P 5000 -o StrictHostKeyChecking=no /jupiter/circe_output/score6c_preagg6_8jobth5#04211324-5#42843978-5#08740639-5#14011994 root@10.99.42.140:/jupiter/circe_input/
INFO:ccdag_utils.py:runtime_stat:{"task_name": "score6c", "event": "queue_end_process", "filename": "score6c_preagg6_8jobth5#04211324-5#42843978-5#08740639-5#14011994", "unix_time": 1620683352.7345178}
DEBUG:transfer.py:transfer successful!
INFO:circe.py:runtime_stat:{"task_name": "circe", "event": "new_input_file", "filename": "lccenc6_score6c_5#84134982-5#44157351-5#70420332-5#88818933jobid9.csv", "unix_time": 1620683364.09072}
INFO:ccdag_utils.py:runtime_stat:{"task_name": "score6c", "event": "queue_start_process", "filename": "lccenc6_score6c_5#84134982-5#44157351-5#70420332-5#88818933jobid9.csv", "unix_time": 1620683364.7503257}
['persiancat21.JPEG', 'persiancat22.JPEG', 'persiancat23.JPEG', 'persiancat24.JPEG', 'persiancat25.JPEG', 'persiancat26.JPEG', 'persiancat27.JPEG', 'persiancat28.JPEG', 'persiancat29.JPEG', 'persiancat30.JPEG']
INFO:ccdag_utils.py:runtime_stat:{"task_name": "score6c", "event": "queue_end_process", "filename": "score6c_preagg6_9jobth5#84134982-5#44157351-5#70420332-5#88818933", "unix_time": 1620683366.2300565}
INFO:circe.py:runtime_stat:{"task_name": "circe", "event": "new_output_file", "filename": "score6c_preagg6_9jobth5#84134982-5#44157351-5#70420332-5#88818933", "unix_time": 1620683366.2318861}
DEBUG:transfer.py:sshpass -p PASSWORD scp -P 5000 -o StrictHostKeyChecking=no /jupiter/circe_output/score6c_preagg6_9jobth5#84134982-5#44157351-5#70420332-5#88818933 root@10.99.42.140:/jupiter/circe_input/
DEBUG:transfer.py:transfer successful!
INFO:circe.py:runtime_stat:{"task_name": "circe", "event": "new_input_file", "filename": "lccenc6_score6c_5#80907025-5#47745085-5#65717849-5#50833505jobid10.csv", "unix_time": 1620683376.2856212}
INFO:ccdag_utils.py:runtime_stat:{"task_name": "score6c", "event": "queue_start_process", "filename": "lccenc6_score6c_5#80907025-5#47745085-5#65717849-5#50833505jobid10.csv", "unix_time": 1620683377.2409172}
['persiancat21.JPEG', 'persiancat22.JPEG', 'persiancat23.JPEG', 'persiancat24.JPEG', 'persiancat25.JPEG', 'persiancat26.JPEG', 'persiancat27.JPEG', 'persiancat28.JPEG', 'persiancat29.JPEG', 'persiancat30.JPEG']
INFO:circe.py:runtime_stat:{"task_name": "circe", "event": "new_output_file", "filename": "score6c_preagg6_10jobth5#80907025-5#47745085-5#65717849-5#50833505", "unix_time": 1620683378.766106}
DEBUG:transfer.py:sshpass -p PASSWORD scp -P 5000 -o StrictHostKeyChecking=no /jupiter/circe_output/score6c_preagg6_10jobth5#80907025-5#47745085-5#65717849-5#50833505 root@10.99.42.140:/jupiter/circe_input/
INFO:ccdag_utils.py:runtime_stat:{"task_name": "score6c", "event": "queue_end_process", "filename": "score6c_preagg6_10jobth5#80907025-5#47745085-5#65717849-5#50833505", "unix_time": 1620683378.767279}
DEBUG:transfer.py:transfer successful!
INFO:circe.py:runtime_stat:{"task_name": "circe", "event": "new_input_file", "filename": "lccenc6_score6c_5#15879840-5#28909989-5#32404537-5#52844504jobid11.csv", "unix_time": 1620683395.3687623}
INFO:ccdag_utils.py:runtime_stat:{"task_name": "score6c", "event": "queue_start_process", "filename": "lccenc6_score6c_5#15879840-5#28909989-5#32404537-5#52844504jobid11.csv", "unix_time": 1620683395.7894146}
['persiancat21.JPEG', 'persiancat22.JPEG', 'persiancat23.JPEG', 'persiancat24.JPEG', 'persiancat25.JPEG', 'persiancat26.JPEG', 'persiancat27.JPEG', 'persiancat28.JPEG', 'persiancat29.JPEG', 'persiancat30.JPEG']
INFO:circe.py:runtime_stat:{"task_name": "circe", "event": "new_output_file", "filename": "score6c_preagg6_11jobth5#15879840-5#28909989-5#32404537-5#52844504", "unix_time": 1620683397.2657385}
DEBUG:transfer.py:sshpass -p PASSWORD scp -P 5000 -o StrictHostKeyChecking=no /jupiter/circe_output/score6c_preagg6_11jobth5#15879840-5#28909989-5#32404537-5#52844504 root@10.99.42.140:/jupiter/circe_input/
INFO:ccdag_utils.py:runtime_stat:{"task_name": "score6c", "event": "queue_end_process", "filename": "score6c_preagg6_11jobth5#15879840-5#28909989-5#32404537-5#52844504", "unix_time": 1620683397.2721574}
DEBUG:transfer.py:transfer successful!
