 * Starting OpenBSD Secure Shell server sshd
   ...done.
INFO:circe.py:Using base script lccenc.py
DEBUG:circe.py:starting the input monitoring process
DEBUG:circe.py:starting the output monitoring process
7
INFO:circe.py:runtime_stat:{"task_name": "circe", "event": "new_input_file", "filename": "storeclass7_lccenc7_75679464imgleopardjobid10.JPEG", "unix_time": 1620686632.8727703}
INFO:circe.py:runtime_stat:{"task_name": "circe", "event": "new_input_file", "filename": "storeclass7_lccenc7_09323759imgleopardjobid10.JPEG", "unix_time": 1620686633.0930672}
INFO:circe.py:runtime_stat:{"task_name": "circe", "event": "new_input_file", "filename": "storeclass7_lccenc7_07617868imgleopardjobid10.JPEG", "unix_time": 1620686633.3169873}
INFO:circe.py:runtime_stat:{"task_name": "circe", "event": "new_input_file", "filename": "storeclass7_lccenc7_52439554imgleopardjobid11.JPEG", "unix_time": 1620686642.9036727}
INFO:ccdag_utils.py:runtime_stat:{"task_name": "lccenc7", "event": "queue_start_process", "filename": "storeclass7_lccenc7_75679464imgleopardjobid10.JPEG", "unix_time": 1620686642.9716704}
INFO:ccdag_utils.py:runtime_stat:{"task_name": "lccenc7", "event": "queue_start_process", "filename": "storeclass7_lccenc7_09323759imgleopardjobid10.JPEG", "unix_time": 1620686642.9720457}
INFO:ccdag_utils.py:runtime_stat:{"task_name": "lccenc7", "event": "queue_start_process", "filename": "storeclass7_lccenc7_07617868imgleopardjobid10.JPEG", "unix_time": 1620686642.9722476}
INFO:ccdag_utils.py:runtime_stat:{"task_name": "lccenc7", "event": "queue_start_process", "filename": "storeclass7_lccenc7_52439554imgleopardjobid11.JPEG", "unix_time": 1620686642.9724247}
INFO:circe.py:runtime_stat:{"task_name": "circe", "event": "new_input_file", "filename": "storeclass7_lccenc7_25437947imgleopardjobid11.JPEG", "unix_time": 1620686643.1315472}
INFO:circe.py:runtime_stat:{"task_name": "circe", "event": "new_input_file", "filename": "storeclass7_lccenc7_52139416imgleopardjobid11.JPEG", "unix_time": 1620686643.7598078}
INFO:circe.py:runtime_stat:{"task_name": "circe", "event": "new_input_file", "filename": "storeclass7_lccenc7_07249050imgleopardjobid11.JPEG", "unix_time": 1620686643.7603579}
INFO:circe.py:runtime_stat:{"task_name": "circe", "event": "new_input_file", "filename": "storeclass7_lccenc7_27278490imgleopardjobid11.JPEG", "unix_time": 1620686644.2565634}
INFO:circe.py:runtime_stat:{"task_name": "circe", "event": "new_input_file", "filename": "storeclass7_lccenc7_54370445imgleopardjobid11.JPEG", "unix_time": 1620686644.257243}
INFO:circe.py:runtime_stat:{"task_name": "circe", "event": "new_output_file", "filename": "lccenc7_score7a_6#75679464-6#09323759-6#07617868-6#52439554jobid1.csv", "unix_time": 1620686644.2666059}
DEBUG:transfer.py:sshpass -p PASSWORD scp -P 5000 -o StrictHostKeyChecking=no /jupiter/circe_output/lccenc7_score7a_6#75679464-6#09323759-6#07617868-6#52439554jobid1.csv root@10.101.115.236:/jupiter/circe_input/
INFO:ccdag_utils.py:runtime_stat:{"task_name": "lccenc7", "event": "queue_end_process", "filename": "lccenc7_score7a_6#75679464-6#09323759-6#07617868-6#52439554jobid1.csv", "unix_time": 1620686644.2672832}
Warning: Permanently added '[10.101.115.236]:5000' (ECDSA) to the list of known hosts.
INFO:circe.py:runtime_stat:{"task_name": "circe", "event": "new_input_file", "filename": "storeclass7_lccenc7_69784090imgleopardjobid11.JPEG", "unix_time": 1620686644.7682436}
INFO:circe.py:runtime_stat:{"task_name": "circe", "event": "new_input_file", "filename": "storeclass7_lccenc7_86014351imgleopardjobid11.JPEG", "unix_time": 1620686644.7689266}
DEBUG:transfer.py:transfer successful!
INFO:ccdag_utils.py:runtime_stat:{"task_name": "lccenc7", "event": "queue_end_process", "filename": "lccenc7_score7b_6#75679464-6#09323759-6#07617868-6#52439554jobid1.csv", "unix_time": 1620686645.2904623}
INFO:circe.py:runtime_stat:{"task_name": "circe", "event": "new_output_file", "filename": "lccenc7_score7b_6#75679464-6#09323759-6#07617868-6#52439554jobid1.csv", "unix_time": 1620686645.2912376}
DEBUG:transfer.py:sshpass -p PASSWORD scp -P 5000 -o StrictHostKeyChecking=no /jupiter/circe_output/lccenc7_score7b_6#75679464-6#09323759-6#07617868-6#52439554jobid1.csv root@10.104.177.233:/jupiter/circe_input/
Warning: Permanently added '[10.104.177.233]:5000' (ECDSA) to the list of known hosts.
INFO:circe.py:runtime_stat:{"task_name": "circe", "event": "new_input_file", "filename": "storeclass7_lccenc7_39334301imgleopardjobid11.JPEG", "unix_time": 1620686645.7955475}
DEBUG:transfer.py:transfer successful!
INFO:ccdag_utils.py:runtime_stat:{"task_name": "lccenc7", "event": "queue_end_process", "filename": "lccenc7_score7c_6#75679464-6#09323759-6#07617868-6#52439554jobid1.csv", "unix_time": 1620686646.2865562}
INFO:ccdag_utils.py:runtime_stat:{"task_name": "lccenc7", "event": "queue_start_process", "filename": "storeclass7_lccenc7_25437947imgleopardjobid11.JPEG", "unix_time": 1620686646.2869606}
INFO:ccdag_utils.py:runtime_stat:{"task_name": "lccenc7", "event": "queue_start_process", "filename": "storeclass7_lccenc7_52139416imgleopardjobid11.JPEG", "unix_time": 1620686646.2872252}
INFO:circe.py:runtime_stat:{"task_name": "circe", "event": "new_output_file", "filename": "lccenc7_score7c_6#75679464-6#09323759-6#07617868-6#52439554jobid1.csv", "unix_time": 1620686646.2878025}
INFO:ccdag_utils.py:runtime_stat:{"task_name": "lccenc7", "event": "queue_start_process", "filename": "storeclass7_lccenc7_07249050imgleopardjobid11.JPEG", "unix_time": 1620686646.2880468}
DEBUG:transfer.py:sshpass -p PASSWORD scp -P 5000 -o StrictHostKeyChecking=no /jupiter/circe_output/lccenc7_score7c_6#75679464-6#09323759-6#07617868-6#52439554jobid1.csv root@10.110.205.3:/jupiter/circe_input/
INFO:ccdag_utils.py:runtime_stat:{"task_name": "lccenc7", "event": "queue_start_process", "filename": "storeclass7_lccenc7_27278490imgleopardjobid11.JPEG", "unix_time": 1620686646.288607}
Warning: Permanently added '[10.110.205.3]:5000' (ECDSA) to the list of known hosts.
DEBUG:transfer.py:transfer successful!
INFO:ccdag_utils.py:runtime_stat:{"task_name": "lccenc7", "event": "queue_end_process", "filename": "lccenc7_score7a_6#25437947-6#52139416-6#07249050-6#27278490jobid2.csv", "unix_time": 1620686647.509991}
INFO:circe.py:runtime_stat:{"task_name": "circe", "event": "new_output_file", "filename": "lccenc7_score7a_6#25437947-6#52139416-6#07249050-6#27278490jobid2.csv", "unix_time": 1620686647.5108266}
DEBUG:transfer.py:sshpass -p PASSWORD scp -P 5000 -o StrictHostKeyChecking=no /jupiter/circe_output/lccenc7_score7a_6#25437947-6#52139416-6#07249050-6#27278490jobid2.csv root@10.101.115.236:/jupiter/circe_input/
DEBUG:transfer.py:transfer successful!
INFO:ccdag_utils.py:runtime_stat:{"task_name": "lccenc7", "event": "queue_end_process", "filename": "lccenc7_score7b_6#25437947-6#52139416-6#07249050-6#27278490jobid2.csv", "unix_time": 1620686648.4932795}
INFO:circe.py:runtime_stat:{"task_name": "circe", "event": "new_output_file", "filename": "lccenc7_score7b_6#25437947-6#52139416-6#07249050-6#27278490jobid2.csv", "unix_time": 1620686648.4941876}
DEBUG:transfer.py:sshpass -p PASSWORD scp -P 5000 -o StrictHostKeyChecking=no /jupiter/circe_output/lccenc7_score7b_6#25437947-6#52139416-6#07249050-6#27278490jobid2.csv root@10.104.177.233:/jupiter/circe_input/
DEBUG:transfer.py:transfer successful!
INFO:ccdag_utils.py:runtime_stat:{"task_name": "lccenc7", "event": "queue_end_process", "filename": "lccenc7_score7c_6#25437947-6#52139416-6#07249050-6#27278490jobid2.csv", "unix_time": 1620686649.4885175}
INFO:ccdag_utils.py:runtime_stat:{"task_name": "lccenc7", "event": "queue_start_process", "filename": "storeclass7_lccenc7_54370445imgleopardjobid11.JPEG", "unix_time": 1620686649.4889908}
INFO:ccdag_utils.py:runtime_stat:{"task_name": "lccenc7", "event": "queue_start_process", "filename": "storeclass7_lccenc7_69784090imgleopardjobid11.JPEG", "unix_time": 1620686649.4892123}
INFO:ccdag_utils.py:runtime_stat:{"task_name": "lccenc7", "event": "queue_start_process", "filename": "storeclass7_lccenc7_86014351imgleopardjobid11.JPEG", "unix_time": 1620686649.489394}
INFO:ccdag_utils.py:runtime_stat:{"task_name": "lccenc7", "event": "queue_start_process", "filename": "storeclass7_lccenc7_39334301imgleopardjobid11.JPEG", "unix_time": 1620686649.4895887}
INFO:circe.py:runtime_stat:{"task_name": "circe", "event": "new_output_file", "filename": "lccenc7_score7c_6#25437947-6#52139416-6#07249050-6#27278490jobid2.csv", "unix_time": 1620686649.50148}
DEBUG:transfer.py:sshpass -p PASSWORD scp -P 5000 -o StrictHostKeyChecking=no /jupiter/circe_output/lccenc7_score7c_6#25437947-6#52139416-6#07249050-6#27278490jobid2.csv root@10.110.205.3:/jupiter/circe_input/
DEBUG:transfer.py:transfer successful!
INFO:ccdag_utils.py:runtime_stat:{"task_name": "lccenc7", "event": "queue_end_process", "filename": "lccenc7_score7a_6#54370445-6#69784090-6#86014351-6#39334301jobid3.csv", "unix_time": 1620686650.672054}
INFO:circe.py:runtime_stat:{"task_name": "circe", "event": "new_output_file", "filename": "lccenc7_score7a_6#54370445-6#69784090-6#86014351-6#39334301jobid3.csv", "unix_time": 1620686650.6729255}
DEBUG:transfer.py:sshpass -p PASSWORD scp -P 5000 -o StrictHostKeyChecking=no /jupiter/circe_output/lccenc7_score7a_6#54370445-6#69784090-6#86014351-6#39334301jobid3.csv root@10.101.115.236:/jupiter/circe_input/
DEBUG:transfer.py:transfer successful!
INFO:ccdag_utils.py:runtime_stat:{"task_name": "lccenc7", "event": "queue_end_process", "filename": "lccenc7_score7b_6#54370445-6#69784090-6#86014351-6#39334301jobid3.csv", "unix_time": 1620686651.6754909}
INFO:circe.py:runtime_stat:{"task_name": "circe", "event": "new_output_file", "filename": "lccenc7_score7b_6#54370445-6#69784090-6#86014351-6#39334301jobid3.csv", "unix_time": 1620686651.6764011}
DEBUG:transfer.py:sshpass -p PASSWORD scp -P 5000 -o StrictHostKeyChecking=no /jupiter/circe_output/lccenc7_score7b_6#54370445-6#69784090-6#86014351-6#39334301jobid3.csv root@10.104.177.233:/jupiter/circe_input/
DEBUG:transfer.py:transfer successful!
INFO:circe.py:runtime_stat:{"task_name": "circe", "event": "new_output_file", "filename": "lccenc7_score7c_6#54370445-6#69784090-6#86014351-6#39334301jobid3.csv", "unix_time": 1620686652.8988564}
DEBUG:transfer.py:sshpass -p PASSWORD scp -P 5000 -o StrictHostKeyChecking=no /jupiter/circe_output/lccenc7_score7c_6#54370445-6#69784090-6#86014351-6#39334301jobid3.csv root@10.110.205.3:/jupiter/circe_input/
INFO:ccdag_utils.py:runtime_stat:{"task_name": "lccenc7", "event": "queue_end_process", "filename": "lccenc7_score7c_6#54370445-6#69784090-6#86014351-6#39334301jobid3.csv", "unix_time": 1620686652.9057827}
DEBUG:transfer.py:transfer successful!
INFO:circe.py:runtime_stat:{"task_name": "circe", "event": "new_input_file", "filename": "storeclass7_lccenc7_48328866imgleopardjobid12.JPEG", "unix_time": 1620686654.959894}
INFO:circe.py:runtime_stat:{"task_name": "circe", "event": "new_input_file", "filename": "storeclass7_lccenc7_46208171imgleopardjobid12.JPEG", "unix_time": 1620686655.1799905}
INFO:circe.py:runtime_stat:{"task_name": "circe", "event": "new_input_file", "filename": "storeclass7_lccenc7_83309722imgleopardjobid12.JPEG", "unix_time": 1620686655.4287746}
INFO:circe.py:runtime_stat:{"task_name": "circe", "event": "new_input_file", "filename": "storeclass7_lccenc7_92672650imgleopardjobid12.JPEG", "unix_time": 1620686655.6407688}
INFO:circe.py:runtime_stat:{"task_name": "circe", "event": "new_input_file", "filename": "storeclass7_lccenc7_65043142imgleopardjobid12.JPEG", "unix_time": 1620686655.852461}
INFO:ccdag_utils.py:runtime_stat:{"task_name": "lccenc7", "event": "queue_start_process", "filename": "storeclass7_lccenc7_48328866imgleopardjobid12.JPEG", "unix_time": 1620686655.911096}
INFO:ccdag_utils.py:runtime_stat:{"task_name": "lccenc7", "event": "queue_start_process", "filename": "storeclass7_lccenc7_46208171imgleopardjobid12.JPEG", "unix_time": 1620686655.911461}
INFO:ccdag_utils.py:runtime_stat:{"task_name": "lccenc7", "event": "queue_start_process", "filename": "storeclass7_lccenc7_83309722imgleopardjobid12.JPEG", "unix_time": 1620686655.9117124}
INFO:ccdag_utils.py:runtime_stat:{"task_name": "lccenc7", "event": "queue_start_process", "filename": "storeclass7_lccenc7_92672650imgleopardjobid12.JPEG", "unix_time": 1620686655.9119654}
INFO:circe.py:runtime_stat:{"task_name": "circe", "event": "new_input_file", "filename": "storeclass7_lccenc7_66496977imgleopardjobid12.JPEG", "unix_time": 1620686656.535847}
INFO:circe.py:runtime_stat:{"task_name": "circe", "event": "new_input_file", "filename": "storeclass7_lccenc7_04989102imgleopardjobid12.JPEG", "unix_time": 1620686656.5364826}
INFO:circe.py:runtime_stat:{"task_name": "circe", "event": "new_input_file", "filename": "storeclass7_lccenc7_74483129imgleopardjobid12.JPEG", "unix_time": 1620686657.013007}
INFO:circe.py:runtime_stat:{"task_name": "circe", "event": "new_input_file", "filename": "storeclass7_lccenc7_97668655imgleopardjobid12.JPEG", "unix_time": 1620686657.0148475}
INFO:ccdag_utils.py:runtime_stat:{"task_name": "lccenc7", "event": "queue_end_process", "filename": "lccenc7_score7a_6#48328866-6#46208171-6#83309722-6#92672650jobid4.csv", "unix_time": 1620686657.0248048}
INFO:circe.py:runtime_stat:{"task_name": "circe", "event": "new_output_file", "filename": "lccenc7_score7a_6#48328866-6#46208171-6#83309722-6#92672650jobid4.csv", "unix_time": 1620686657.0256412}
DEBUG:transfer.py:sshpass -p PASSWORD scp -P 5000 -o StrictHostKeyChecking=no /jupiter/circe_output/lccenc7_score7a_6#48328866-6#46208171-6#83309722-6#92672650jobid4.csv root@10.101.115.236:/jupiter/circe_input/
DEBUG:transfer.py:transfer successful!
INFO:ccdag_utils.py:runtime_stat:{"task_name": "lccenc7", "event": "queue_end_process", "filename": "lccenc7_score7b_6#48328866-6#46208171-6#83309722-6#92672650jobid4.csv", "unix_time": 1620686658.1216943}
INFO:circe.py:runtime_stat:{"task_name": "circe", "event": "new_output_file", "filename": "lccenc7_score7b_6#48328866-6#46208171-6#83309722-6#92672650jobid4.csv", "unix_time": 1620686658.1226134}
DEBUG:transfer.py:sshpass -p PASSWORD scp -P 5000 -o StrictHostKeyChecking=no /jupiter/circe_output/lccenc7_score7b_6#48328866-6#46208171-6#83309722-6#92672650jobid4.csv root@10.104.177.233:/jupiter/circe_input/
DEBUG:transfer.py:transfer successful!
INFO:ccdag_utils.py:runtime_stat:{"task_name": "lccenc7", "event": "queue_end_process", "filename": "lccenc7_score7c_6#48328866-6#46208171-6#83309722-6#92672650jobid4.csv", "unix_time": 1620686659.1107438}
INFO:ccdag_utils.py:runtime_stat:{"task_name": "lccenc7", "event": "queue_start_process", "filename": "storeclass7_lccenc7_65043142imgleopardjobid12.JPEG", "unix_time": 1620686659.1112652}
INFO:ccdag_utils.py:runtime_stat:{"task_name": "lccenc7", "event": "queue_start_process", "filename": "storeclass7_lccenc7_66496977imgleopardjobid12.JPEG", "unix_time": 1620686659.1115115}
INFO:ccdag_utils.py:runtime_stat:{"task_name": "lccenc7", "event": "queue_start_process", "filename": "storeclass7_lccenc7_04989102imgleopardjobid12.JPEG", "unix_time": 1620686659.1117074}
INFO:ccdag_utils.py:runtime_stat:{"task_name": "lccenc7", "event": "queue_start_process", "filename": "storeclass7_lccenc7_74483129imgleopardjobid12.JPEG", "unix_time": 1620686659.1118913}
INFO:circe.py:runtime_stat:{"task_name": "circe", "event": "new_output_file", "filename": "lccenc7_score7c_6#48328866-6#46208171-6#83309722-6#92672650jobid4.csv", "unix_time": 1620686659.1186402}
DEBUG:transfer.py:sshpass -p PASSWORD scp -P 5000 -o StrictHostKeyChecking=no /jupiter/circe_output/lccenc7_score7c_6#48328866-6#46208171-6#83309722-6#92672650jobid4.csv root@10.110.205.3:/jupiter/circe_input/
DEBUG:transfer.py:transfer successful!
INFO:ccdag_utils.py:runtime_stat:{"task_name": "lccenc7", "event": "queue_end_process", "filename": "lccenc7_score7a_6#65043142-6#66496977-6#04989102-6#74483129jobid5.csv", "unix_time": 1620686660.2443347}
INFO:circe.py:runtime_stat:{"task_name": "circe", "event": "new_output_file", "filename": "lccenc7_score7a_6#65043142-6#66496977-6#04989102-6#74483129jobid5.csv", "unix_time": 1620686660.2454329}
DEBUG:transfer.py:sshpass -p PASSWORD scp -P 5000 -o StrictHostKeyChecking=no /jupiter/circe_output/lccenc7_score7a_6#65043142-6#66496977-6#04989102-6#74483129jobid5.csv root@10.101.115.236:/jupiter/circe_input/
DEBUG:transfer.py:transfer successful!
INFO:ccdag_utils.py:runtime_stat:{"task_name": "lccenc7", "event": "queue_end_process", "filename": "lccenc7_score7b_6#65043142-6#66496977-6#04989102-6#74483129jobid5.csv", "unix_time": 1620686661.264189}
INFO:circe.py:runtime_stat:{"task_name": "circe", "event": "new_output_file", "filename": "lccenc7_score7b_6#65043142-6#66496977-6#04989102-6#74483129jobid5.csv", "unix_time": 1620686661.2651384}
DEBUG:transfer.py:sshpass -p PASSWORD scp -P 5000 -o StrictHostKeyChecking=no /jupiter/circe_output/lccenc7_score7b_6#65043142-6#66496977-6#04989102-6#74483129jobid5.csv root@10.104.177.233:/jupiter/circe_input/
DEBUG:transfer.py:transfer successful!
INFO:ccdag_utils.py:runtime_stat:{"task_name": "lccenc7", "event": "queue_end_process", "filename": "lccenc7_score7c_6#65043142-6#66496977-6#04989102-6#74483129jobid5.csv", "unix_time": 1620686662.2559552}
INFO:circe.py:runtime_stat:{"task_name": "circe", "event": "new_output_file", "filename": "lccenc7_score7c_6#65043142-6#66496977-6#04989102-6#74483129jobid5.csv", "unix_time": 1620686662.2569356}
DEBUG:transfer.py:sshpass -p PASSWORD scp -P 5000 -o StrictHostKeyChecking=no /jupiter/circe_output/lccenc7_score7c_6#65043142-6#66496977-6#04989102-6#74483129jobid5.csv root@10.110.205.3:/jupiter/circe_input/
DEBUG:transfer.py:transfer successful!
INFO:circe.py:runtime_stat:{"task_name": "circe", "event": "new_input_file", "filename": "storeclass7_lccenc7_45557719imgleopardjobid13.JPEG", "unix_time": 1620686666.2904058}
INFO:circe.py:runtime_stat:{"task_name": "circe", "event": "new_input_file", "filename": "storeclass7_lccenc7_14751227imgleopardjobid13.JPEG", "unix_time": 1620686666.649336}
INFO:circe.py:runtime_stat:{"task_name": "circe", "event": "new_input_file", "filename": "storeclass7_lccenc7_57431762imgleopardjobid13.JPEG", "unix_time": 1620686666.9879446}
INFO:ccdag_utils.py:runtime_stat:{"task_name": "lccenc7", "event": "queue_start_process", "filename": "storeclass7_lccenc7_97668655imgleopardjobid12.JPEG", "unix_time": 1620686667.2633803}
INFO:ccdag_utils.py:runtime_stat:{"task_name": "lccenc7", "event": "queue_start_process", "filename": "storeclass7_lccenc7_45557719imgleopardjobid13.JPEG", "unix_time": 1620686667.2637448}
INFO:ccdag_utils.py:runtime_stat:{"task_name": "lccenc7", "event": "queue_start_process", "filename": "storeclass7_lccenc7_14751227imgleopardjobid13.JPEG", "unix_time": 1620686667.2639441}
INFO:ccdag_utils.py:runtime_stat:{"task_name": "lccenc7", "event": "queue_start_process", "filename": "storeclass7_lccenc7_57431762imgleopardjobid13.JPEG", "unix_time": 1620686667.2641563}
INFO:circe.py:runtime_stat:{"task_name": "circe", "event": "new_input_file", "filename": "storeclass7_lccenc7_55443601imgleopardjobid13.JPEG", "unix_time": 1620686667.4067192}
INFO:circe.py:runtime_stat:{"task_name": "circe", "event": "new_input_file", "filename": "storeclass7_lccenc7_53983947imgleopardjobid13.JPEG", "unix_time": 1620686668.0719206}
INFO:circe.py:runtime_stat:{"task_name": "circe", "event": "new_input_file", "filename": "storeclass7_lccenc7_20161475imgleopardjobid13.JPEG", "unix_time": 1620686668.6358569}
INFO:circe.py:runtime_stat:{"task_name": "circe", "event": "new_input_file", "filename": "storeclass7_lccenc7_07468689imgleopardjobid13.JPEG", "unix_time": 1620686668.636677}
INFO:ccdag_utils.py:runtime_stat:{"task_name": "lccenc7", "event": "queue_end_process", "filename": "lccenc7_score7a_6#97668655-6#45557719-6#14751227-6#57431762jobid6.csv", "unix_time": 1620686668.6459355}
INFO:circe.py:runtime_stat:{"task_name": "circe", "event": "new_output_file", "filename": "lccenc7_score7a_6#97668655-6#45557719-6#14751227-6#57431762jobid6.csv", "unix_time": 1620686668.6566048}
DEBUG:transfer.py:sshpass -p PASSWORD scp -P 5000 -o StrictHostKeyChecking=no /jupiter/circe_output/lccenc7_score7a_6#97668655-6#45557719-6#14751227-6#57431762jobid6.csv root@10.101.115.236:/jupiter/circe_input/
DEBUG:transfer.py:transfer successful!
INFO:circe.py:runtime_stat:{"task_name": "circe", "event": "new_input_file", "filename": "storeclass7_lccenc7_36932802imgleopardjobid13.JPEG", "unix_time": 1620686669.2186282}
INFO:circe.py:runtime_stat:{"task_name": "circe", "event": "new_input_file", "filename": "storeclass7_lccenc7_15717543imgleopardjobid13.JPEG", "unix_time": 1620686669.220381}
INFO:ccdag_utils.py:runtime_stat:{"task_name": "lccenc7", "event": "queue_end_process", "filename": "lccenc7_score7b_6#97668655-6#45557719-6#14751227-6#57431762jobid6.csv", "unix_time": 1620686669.7142015}
INFO:circe.py:runtime_stat:{"task_name": "circe", "event": "new_output_file", "filename": "lccenc7_score7b_6#97668655-6#45557719-6#14751227-6#57431762jobid6.csv", "unix_time": 1620686669.7151792}
DEBUG:transfer.py:sshpass -p PASSWORD scp -P 5000 -o StrictHostKeyChecking=no /jupiter/circe_output/lccenc7_score7b_6#97668655-6#45557719-6#14751227-6#57431762jobid6.csv root@10.104.177.233:/jupiter/circe_input/
DEBUG:transfer.py:transfer successful!
INFO:ccdag_utils.py:runtime_stat:{"task_name": "lccenc7", "event": "queue_end_process", "filename": "lccenc7_score7c_6#97668655-6#45557719-6#14751227-6#57431762jobid6.csv", "unix_time": 1620686670.7155406}
INFO:ccdag_utils.py:runtime_stat:{"task_name": "lccenc7", "event": "queue_start_process", "filename": "storeclass7_lccenc7_55443601imgleopardjobid13.JPEG", "unix_time": 1620686670.7160513}
INFO:ccdag_utils.py:runtime_stat:{"task_name": "lccenc7", "event": "queue_start_process", "filename": "storeclass7_lccenc7_53983947imgleopardjobid13.JPEG", "unix_time": 1620686670.716358}
INFO:ccdag_utils.py:runtime_stat:{"task_name": "lccenc7", "event": "queue_start_process", "filename": "storeclass7_lccenc7_20161475imgleopardjobid13.JPEG", "unix_time": 1620686670.7165911}
INFO:ccdag_utils.py:runtime_stat:{"task_name": "lccenc7", "event": "queue_start_process", "filename": "storeclass7_lccenc7_07468689imgleopardjobid13.JPEG", "unix_time": 1620686670.7168279}
INFO:circe.py:runtime_stat:{"task_name": "circe", "event": "new_output_file", "filename": "lccenc7_score7c_6#97668655-6#45557719-6#14751227-6#57431762jobid6.csv", "unix_time": 1620686670.7266757}
DEBUG:transfer.py:sshpass -p PASSWORD scp -P 5000 -o StrictHostKeyChecking=no /jupiter/circe_output/lccenc7_score7c_6#97668655-6#45557719-6#14751227-6#57431762jobid6.csv root@10.110.205.3:/jupiter/circe_input/
DEBUG:transfer.py:transfer successful!
INFO:circe.py:runtime_stat:{"task_name": "circe", "event": "new_output_file", "filename": "lccenc7_score7a_6#55443601-6#53983947-6#20161475-6#07468689jobid7.csv", "unix_time": 1620686672.0142047}
DEBUG:transfer.py:sshpass -p PASSWORD scp -P 5000 -o StrictHostKeyChecking=no /jupiter/circe_output/lccenc7_score7a_6#55443601-6#53983947-6#20161475-6#07468689jobid7.csv root@10.101.115.236:/jupiter/circe_input/
INFO:ccdag_utils.py:runtime_stat:{"task_name": "lccenc7", "event": "queue_end_process", "filename": "lccenc7_score7a_6#55443601-6#53983947-6#20161475-6#07468689jobid7.csv", "unix_time": 1620686672.0148735}
DEBUG:transfer.py:transfer successful!
INFO:circe.py:runtime_stat:{"task_name": "circe", "event": "new_output_file", "filename": "lccenc7_score7b_6#55443601-6#53983947-6#20161475-6#07468689jobid7.csv", "unix_time": 1620686673.020147}
DEBUG:transfer.py:sshpass -p PASSWORD scp -P 5000 -o StrictHostKeyChecking=no /jupiter/circe_output/lccenc7_score7b_6#55443601-6#53983947-6#20161475-6#07468689jobid7.csv root@10.104.177.233:/jupiter/circe_input/
INFO:ccdag_utils.py:runtime_stat:{"task_name": "lccenc7", "event": "queue_end_process", "filename": "lccenc7_score7b_6#55443601-6#53983947-6#20161475-6#07468689jobid7.csv", "unix_time": 1620686673.020736}
DEBUG:transfer.py:transfer successful!
INFO:ccdag_utils.py:runtime_stat:{"task_name": "lccenc7", "event": "queue_end_process", "filename": "lccenc7_score7c_6#55443601-6#53983947-6#20161475-6#07468689jobid7.csv", "unix_time": 1620686674.0212448}
INFO:circe.py:runtime_stat:{"task_name": "circe", "event": "new_output_file", "filename": "lccenc7_score7c_6#55443601-6#53983947-6#20161475-6#07468689jobid7.csv", "unix_time": 1620686674.0223484}
DEBUG:transfer.py:sshpass -p PASSWORD scp -P 5000 -o StrictHostKeyChecking=no /jupiter/circe_output/lccenc7_score7c_6#55443601-6#53983947-6#20161475-6#07468689jobid7.csv root@10.110.205.3:/jupiter/circe_input/
DEBUG:transfer.py:transfer successful!
INFO:circe.py:runtime_stat:{"task_name": "circe", "event": "new_input_file", "filename": "storeclass7_lccenc7_99279996imgleopardjobid14.JPEG", "unix_time": 1620686678.060485}
INFO:circe.py:runtime_stat:{"task_name": "circe", "event": "new_input_file", "filename": "storeclass7_lccenc7_51487624imgleopardjobid14.JPEG", "unix_time": 1620686678.2944088}
INFO:circe.py:runtime_stat:{"task_name": "circe", "event": "new_input_file", "filename": "storeclass7_lccenc7_97696204imgleopardjobid14.JPEG", "unix_time": 1620686678.5140479}
INFO:circe.py:runtime_stat:{"task_name": "circe", "event": "new_input_file", "filename": "storeclass7_lccenc7_78711402imgleopardjobid14.JPEG", "unix_time": 1620686678.7321882}
INFO:ccdag_utils.py:runtime_stat:{"task_name": "lccenc7", "event": "queue_start_process", "filename": "storeclass7_lccenc7_36932802imgleopardjobid13.JPEG", "unix_time": 1620686679.0264542}
INFO:ccdag_utils.py:runtime_stat:{"task_name": "lccenc7", "event": "queue_start_process", "filename": "storeclass7_lccenc7_15717543imgleopardjobid13.JPEG", "unix_time": 1620686679.0271957}
INFO:ccdag_utils.py:runtime_stat:{"task_name": "lccenc7", "event": "queue_start_process", "filename": "storeclass7_lccenc7_99279996imgleopardjobid14.JPEG", "unix_time": 1620686679.0274637}
INFO:ccdag_utils.py:runtime_stat:{"task_name": "lccenc7", "event": "queue_start_process", "filename": "storeclass7_lccenc7_51487624imgleopardjobid14.JPEG", "unix_time": 1620686679.0277076}
INFO:circe.py:runtime_stat:{"task_name": "circe", "event": "new_input_file", "filename": "storeclass7_lccenc7_15748786imgleopardjobid14.JPEG", "unix_time": 1620686679.07684}
INFO:ccdag_utils.py:runtime_stat:{"task_name": "lccenc7", "event": "queue_end_process", "filename": "lccenc7_score7a_6#36932802-6#15717543-6#99279996-6#51487624jobid8.csv", "unix_time": 1620686680.1579728}
INFO:circe.py:runtime_stat:{"task_name": "circe", "event": "new_output_file", "filename": "lccenc7_score7a_6#36932802-6#15717543-6#99279996-6#51487624jobid8.csv", "unix_time": 1620686680.1942172}
DEBUG:transfer.py:sshpass -p PASSWORD scp -P 5000 -o StrictHostKeyChecking=no /jupiter/circe_output/lccenc7_score7a_6#36932802-6#15717543-6#99279996-6#51487624jobid8.csv root@10.101.115.236:/jupiter/circe_input/
DEBUG:transfer.py:transfer successful!
INFO:circe.py:runtime_stat:{"task_name": "circe", "event": "new_output_file", "filename": "lccenc7_score7b_6#36932802-6#15717543-6#99279996-6#51487624jobid8.csv", "unix_time": 1620686681.2454414}
INFO:ccdag_utils.py:runtime_stat:{"task_name": "lccenc7", "event": "queue_end_process", "filename": "lccenc7_score7b_6#36932802-6#15717543-6#99279996-6#51487624jobid8.csv", "unix_time": 1620686681.2457511}
DEBUG:transfer.py:sshpass -p PASSWORD scp -P 5000 -o StrictHostKeyChecking=no /jupiter/circe_output/lccenc7_score7b_6#36932802-6#15717543-6#99279996-6#51487624jobid8.csv root@10.104.177.233:/jupiter/circe_input/
DEBUG:transfer.py:transfer successful!
INFO:circe.py:runtime_stat:{"task_name": "circe", "event": "new_output_file", "filename": "lccenc7_score7c_6#36932802-6#15717543-6#99279996-6#51487624jobid8.csv", "unix_time": 1620686682.2851799}
DEBUG:transfer.py:sshpass -p PASSWORD scp -P 5000 -o StrictHostKeyChecking=no /jupiter/circe_output/lccenc7_score7c_6#36932802-6#15717543-6#99279996-6#51487624jobid8.csv root@10.110.205.3:/jupiter/circe_input/
INFO:ccdag_utils.py:runtime_stat:{"task_name": "lccenc7", "event": "queue_end_process", "filename": "lccenc7_score7c_6#36932802-6#15717543-6#99279996-6#51487624jobid8.csv", "unix_time": 1620686682.2900672}
DEBUG:transfer.py:transfer successful!
INFO:circe.py:runtime_stat:{"task_name": "circe", "event": "new_input_file", "filename": "storeclass7_lccenc7_71514500imgleopardjobid15.JPEG", "unix_time": 1620686688.113056}
INFO:ccdag_utils.py:runtime_stat:{"task_name": "lccenc7", "event": "queue_start_process", "filename": "storeclass7_lccenc7_97696204imgleopardjobid14.JPEG", "unix_time": 1620686688.2981362}
INFO:ccdag_utils.py:runtime_stat:{"task_name": "lccenc7", "event": "queue_start_process", "filename": "storeclass7_lccenc7_78711402imgleopardjobid14.JPEG", "unix_time": 1620686688.2985349}
INFO:ccdag_utils.py:runtime_stat:{"task_name": "lccenc7", "event": "queue_start_process", "filename": "storeclass7_lccenc7_15748786imgleopardjobid14.JPEG", "unix_time": 1620686688.2990367}
INFO:ccdag_utils.py:runtime_stat:{"task_name": "lccenc7", "event": "queue_start_process", "filename": "storeclass7_lccenc7_71514500imgleopardjobid15.JPEG", "unix_time": 1620686688.299394}
INFO:circe.py:runtime_stat:{"task_name": "circe", "event": "new_input_file", "filename": "storeclass7_lccenc7_97601489imgleopardjobid15.JPEG", "unix_time": 1620686688.3481264}
INFO:circe.py:runtime_stat:{"task_name": "circe", "event": "new_input_file", "filename": "storeclass7_lccenc7_41699235imgleopardjobid15.JPEG", "unix_time": 1620686688.968732}
INFO:circe.py:runtime_stat:{"task_name": "circe", "event": "new_input_file", "filename": "storeclass7_lccenc7_92935879imgleopardjobid15.JPEG", "unix_time": 1620686688.9695513}
INFO:circe.py:runtime_stat:{"task_name": "circe", "event": "new_input_file", "filename": "storeclass7_lccenc7_35391467imgleopardjobid15.JPEG", "unix_time": 1620686689.4438348}
INFO:circe.py:runtime_stat:{"task_name": "circe", "event": "new_input_file", "filename": "storeclass7_lccenc7_26655694imgleopardjobid15.JPEG", "unix_time": 1620686689.4464912}
INFO:ccdag_utils.py:runtime_stat:{"task_name": "lccenc7", "event": "queue_end_process", "filename": "lccenc7_score7a_6#97696204-6#78711402-6#15748786-6#71514500jobid9.csv", "unix_time": 1620686689.4560559}
INFO:circe.py:runtime_stat:{"task_name": "circe", "event": "new_output_file", "filename": "lccenc7_score7a_6#97696204-6#78711402-6#15748786-6#71514500jobid9.csv", "unix_time": 1620686689.457123}
DEBUG:transfer.py:sshpass -p PASSWORD scp -P 5000 -o StrictHostKeyChecking=no /jupiter/circe_output/lccenc7_score7a_6#97696204-6#78711402-6#15748786-6#71514500jobid9.csv root@10.101.115.236:/jupiter/circe_input/
DEBUG:transfer.py:transfer successful!
INFO:ccdag_utils.py:runtime_stat:{"task_name": "lccenc7", "event": "queue_end_process", "filename": "lccenc7_score7b_6#97696204-6#78711402-6#15748786-6#71514500jobid9.csv", "unix_time": 1620686690.4529953}
INFO:circe.py:runtime_stat:{"task_name": "circe", "event": "new_output_file", "filename": "lccenc7_score7b_6#97696204-6#78711402-6#15748786-6#71514500jobid9.csv", "unix_time": 1620686690.4644957}
DEBUG:transfer.py:sshpass -p PASSWORD scp -P 5000 -o StrictHostKeyChecking=no /jupiter/circe_output/lccenc7_score7b_6#97696204-6#78711402-6#15748786-6#71514500jobid9.csv root@10.104.177.233:/jupiter/circe_input/
INFO:ccdag_utils.py:runtime_stat:{"task_name": "lccenc7", "event": "queue_end_process", "filename": "lccenc7_score7c_6#97696204-6#78711402-6#15748786-6#71514500jobid9.csv", "unix_time": 1620686691.4498143}
INFO:ccdag_utils.py:runtime_stat:{"task_name": "lccenc7", "event": "queue_start_process", "filename": "storeclass7_lccenc7_97601489imgleopardjobid15.JPEG", "unix_time": 1620686691.4505303}
INFO:ccdag_utils.py:runtime_stat:{"task_name": "lccenc7", "event": "queue_start_process", "filename": "storeclass7_lccenc7_41699235imgleopardjobid15.JPEG", "unix_time": 1620686691.45077}
INFO:ccdag_utils.py:runtime_stat:{"task_name": "lccenc7", "event": "queue_start_process", "filename": "storeclass7_lccenc7_92935879imgleopardjobid15.JPEG", "unix_time": 1620686691.4509685}
INFO:ccdag_utils.py:runtime_stat:{"task_name": "lccenc7", "event": "queue_start_process", "filename": "storeclass7_lccenc7_35391467imgleopardjobid15.JPEG", "unix_time": 1620686691.4512107}
DEBUG:transfer.py:transfer successful!
INFO:circe.py:runtime_stat:{"task_name": "circe", "event": "new_output_file", "filename": "lccenc7_score7c_6#97696204-6#78711402-6#15748786-6#71514500jobid9.csv", "unix_time": 1620686692.0703144}
DEBUG:transfer.py:sshpass -p PASSWORD scp -P 5000 -o StrictHostKeyChecking=no /jupiter/circe_output/lccenc7_score7c_6#97696204-6#78711402-6#15748786-6#71514500jobid9.csv root@10.110.205.3:/jupiter/circe_input/
DEBUG:transfer.py:transfer successful!
INFO:ccdag_utils.py:runtime_stat:{"task_name": "lccenc7", "event": "queue_end_process", "filename": "lccenc7_score7a_6#97601489-6#41699235-6#92935879-6#35391467jobid10.csv", "unix_time": 1620686692.5638072}
INFO:circe.py:runtime_stat:{"task_name": "circe", "event": "new_output_file", "filename": "lccenc7_score7a_6#97601489-6#41699235-6#92935879-6#35391467jobid10.csv", "unix_time": 1620686692.5647829}
DEBUG:transfer.py:sshpass -p PASSWORD scp -P 5000 -o StrictHostKeyChecking=no /jupiter/circe_output/lccenc7_score7a_6#97601489-6#41699235-6#92935879-6#35391467jobid10.csv root@10.101.115.236:/jupiter/circe_input/
DEBUG:transfer.py:transfer successful!
INFO:ccdag_utils.py:runtime_stat:{"task_name": "lccenc7", "event": "queue_end_process", "filename": "lccenc7_score7b_6#97601489-6#41699235-6#92935879-6#35391467jobid10.csv", "unix_time": 1620686693.5406966}
INFO:circe.py:runtime_stat:{"task_name": "circe", "event": "new_output_file", "filename": "lccenc7_score7b_6#97601489-6#41699235-6#92935879-6#35391467jobid10.csv", "unix_time": 1620686693.5418503}
DEBUG:transfer.py:sshpass -p PASSWORD scp -P 5000 -o StrictHostKeyChecking=no /jupiter/circe_output/lccenc7_score7b_6#97601489-6#41699235-6#92935879-6#35391467jobid10.csv root@10.104.177.233:/jupiter/circe_input/
DEBUG:transfer.py:transfer successful!
INFO:circe.py:runtime_stat:{"task_name": "circe", "event": "new_output_file", "filename": "lccenc7_score7c_6#97601489-6#41699235-6#92935879-6#35391467jobid10.csv", "unix_time": 1620686694.5285087}
DEBUG:transfer.py:sshpass -p PASSWORD scp -P 5000 -o StrictHostKeyChecking=no /jupiter/circe_output/lccenc7_score7c_6#97601489-6#41699235-6#92935879-6#35391467jobid10.csv root@10.110.205.3:/jupiter/circe_input/
INFO:ccdag_utils.py:runtime_stat:{"task_name": "lccenc7", "event": "queue_end_process", "filename": "lccenc7_score7c_6#97601489-6#41699235-6#92935879-6#35391467jobid10.csv", "unix_time": 1620686694.5338717}
DEBUG:transfer.py:transfer successful!
