 * Starting OpenBSD Secure Shell server sshd
   ...done.
INFO:circe.py:Using base script storeclass.py
DEBUG:circe.py:starting the input monitoring process
DEBUG:circe.py:starting the output monitoring process
INFO:circe.py:runtime_stat:{"task_name": "circe", "event": "new_input_file", "filename": "resnet3_storeclass8_83896340imgmongoosejobid11.JPEG", "unix_time": 1620683162.233823}
INFO:ccdag_utils.py:runtime_stat:{"task_name": "storeclass8", "event": "queue_start_process", "filename": "resnet3_storeclass8_83896340imgmongoosejobid11.JPEG", "unix_time": 1620683162.602851}
INFO:ccdag_utils.py:runtime_stat:{"task_name": "storeclass8", "event": "queue_end_process", "filename": "storeclass8_lccenc8_83896340imgmongoosejobid11.JPEG", "unix_time": 1620683162.605294}
INFO:circe.py:runtime_stat:{"task_name": "circe", "event": "new_output_file", "filename": "storeclass8_lccenc8_83896340imgmongoosejobid11.JPEG", "unix_time": 1620683162.6060417}
DEBUG:transfer.py:sshpass -p PASSWORD scp -P 5000 -o StrictHostKeyChecking=no /jupiter/circe_output/storeclass8_lccenc8_83896340imgmongoosejobid11.JPEG root@10.99.215.194:/jupiter/circe_input/
Warning: Permanently added '[10.99.215.194]:5000' (ECDSA) to the list of known hosts.
DEBUG:transfer.py:transfer successful!
INFO:circe.py:runtime_stat:{"task_name": "circe", "event": "new_input_file", "filename": "resnet5_storeclass8_29144704imgmongoosejobid11.JPEG", "unix_time": 1620683162.8301122}
INFO:ccdag_utils.py:runtime_stat:{"task_name": "storeclass8", "event": "queue_start_process", "filename": "resnet5_storeclass8_29144704imgmongoosejobid11.JPEG", "unix_time": 1620683163.6067367}
INFO:ccdag_utils.py:runtime_stat:{"task_name": "storeclass8", "event": "queue_end_process", "filename": "storeclass8_lccenc8_29144704imgmongoosejobid11.JPEG", "unix_time": 1620683163.608283}
INFO:circe.py:runtime_stat:{"task_name": "circe", "event": "new_output_file", "filename": "storeclass8_lccenc8_29144704imgmongoosejobid11.JPEG", "unix_time": 1620683163.609432}
DEBUG:transfer.py:sshpass -p PASSWORD scp -P 5000 -o StrictHostKeyChecking=no /jupiter/circe_output/storeclass8_lccenc8_29144704imgmongoosejobid11.JPEG root@10.99.215.194:/jupiter/circe_input/
DEBUG:transfer.py:transfer successful!
INFO:circe.py:runtime_stat:{"task_name": "circe", "event": "new_input_file", "filename": "resnet7_storeclass8_77522467imgmongoosejobid11.JPEG", "unix_time": 1620683164.525725}
INFO:ccdag_utils.py:runtime_stat:{"task_name": "storeclass8", "event": "queue_start_process", "filename": "resnet7_storeclass8_77522467imgmongoosejobid11.JPEG", "unix_time": 1620683164.609761}
INFO:ccdag_utils.py:runtime_stat:{"task_name": "storeclass8", "event": "queue_end_process", "filename": "storeclass8_lccenc8_77522467imgmongoosejobid11.JPEG", "unix_time": 1620683164.617771}
INFO:circe.py:runtime_stat:{"task_name": "circe", "event": "new_output_file", "filename": "storeclass8_lccenc8_77522467imgmongoosejobid11.JPEG", "unix_time": 1620683164.619}
DEBUG:transfer.py:sshpass -p PASSWORD scp -P 5000 -o StrictHostKeyChecking=no /jupiter/circe_output/storeclass8_lccenc8_77522467imgmongoosejobid11.JPEG root@10.99.215.194:/jupiter/circe_input/
DEBUG:transfer.py:transfer successful!
INFO:circe.py:runtime_stat:{"task_name": "circe", "event": "new_input_file", "filename": "resnet6_storeclass8_49676251imgmongoosejobid12.JPEG", "unix_time": 1620683170.2906995}
INFO:ccdag_utils.py:runtime_stat:{"task_name": "storeclass8", "event": "queue_start_process", "filename": "resnet6_storeclass8_49676251imgmongoosejobid12.JPEG", "unix_time": 1620683170.6252394}
INFO:ccdag_utils.py:runtime_stat:{"task_name": "storeclass8", "event": "queue_end_process", "filename": "storeclass8_lccenc8_49676251imgmongoosejobid12.JPEG", "unix_time": 1620683170.630408}
INFO:circe.py:runtime_stat:{"task_name": "circe", "event": "new_output_file", "filename": "storeclass8_lccenc8_49676251imgmongoosejobid12.JPEG", "unix_time": 1620683170.631252}
DEBUG:transfer.py:sshpass -p PASSWORD scp -P 5000 -o StrictHostKeyChecking=no /jupiter/circe_output/storeclass8_lccenc8_49676251imgmongoosejobid12.JPEG root@10.99.215.194:/jupiter/circe_input/
INFO:circe.py:runtime_stat:{"task_name": "circe", "event": "new_input_file", "filename": "resnet0_storeclass8_14120433imgmongoosejobid12.JPEG", "unix_time": 1620683170.747305}
DEBUG:transfer.py:transfer successful!
INFO:ccdag_utils.py:runtime_stat:{"task_name": "storeclass8", "event": "queue_start_process", "filename": "resnet0_storeclass8_14120433imgmongoosejobid12.JPEG", "unix_time": 1620683171.631788}
INFO:circe.py:runtime_stat:{"task_name": "circe", "event": "new_output_file", "filename": "storeclass8_lccenc8_14120433imgmongoosejobid12.JPEG", "unix_time": 1620683171.6395924}
INFO:ccdag_utils.py:runtime_stat:{"task_name": "storeclass8", "event": "queue_end_process", "filename": "storeclass8_lccenc8_14120433imgmongoosejobid12.JPEG", "unix_time": 1620683171.6399083}
DEBUG:transfer.py:sshpass -p PASSWORD scp -P 5000 -o StrictHostKeyChecking=no /jupiter/circe_output/storeclass8_lccenc8_14120433imgmongoosejobid12.JPEG root@10.99.215.194:/jupiter/circe_input/
DEBUG:transfer.py:transfer successful!
INFO:circe.py:runtime_stat:{"task_name": "circe", "event": "new_input_file", "filename": "resnet1_storeclass8_32394782imgmongoosejobid13.JPEG", "unix_time": 1620683179.0522788}
INFO:circe.py:runtime_stat:{"task_name": "circe", "event": "new_input_file", "filename": "resnet5_storeclass8_13701014imgmongoosejobid13.JPEG", "unix_time": 1620683179.2128885}
INFO:circe.py:runtime_stat:{"task_name": "circe", "event": "new_input_file", "filename": "resnet7_storeclass8_37767765imgmongoosejobid13.JPEG", "unix_time": 1620683179.6200862}
INFO:ccdag_utils.py:runtime_stat:{"task_name": "storeclass8", "event": "queue_start_process", "filename": "resnet1_storeclass8_32394782imgmongoosejobid13.JPEG", "unix_time": 1620683179.6557772}
INFO:ccdag_utils.py:runtime_stat:{"task_name": "storeclass8", "event": "queue_end_process", "filename": "storeclass8_lccenc8_32394782imgmongoosejobid13.JPEG", "unix_time": 1620683179.6572714}
INFO:ccdag_utils.py:runtime_stat:{"task_name": "storeclass8", "event": "queue_start_process", "filename": "resnet5_storeclass8_13701014imgmongoosejobid13.JPEG", "unix_time": 1620683179.6576412}
INFO:circe.py:runtime_stat:{"task_name": "circe", "event": "new_output_file", "filename": "storeclass8_lccenc8_32394782imgmongoosejobid13.JPEG", "unix_time": 1620683179.6594203}
DEBUG:transfer.py:sshpass -p PASSWORD scp -P 5000 -o StrictHostKeyChecking=no /jupiter/circe_output/storeclass8_lccenc8_32394782imgmongoosejobid13.JPEG root@10.99.215.194:/jupiter/circe_input/
INFO:ccdag_utils.py:runtime_stat:{"task_name": "storeclass8", "event": "queue_end_process", "filename": "storeclass8_lccenc8_13701014imgmongoosejobid13.JPEG", "unix_time": 1620683179.6613424}
INFO:ccdag_utils.py:runtime_stat:{"task_name": "storeclass8", "event": "queue_start_process", "filename": "resnet7_storeclass8_37767765imgmongoosejobid13.JPEG", "unix_time": 1620683179.6668804}
INFO:ccdag_utils.py:runtime_stat:{"task_name": "storeclass8", "event": "queue_end_process", "filename": "storeclass8_lccenc8_37767765imgmongoosejobid13.JPEG", "unix_time": 1620683179.6695354}
INFO:circe.py:runtime_stat:{"task_name": "circe", "event": "new_input_file", "filename": "resnet3_storeclass8_70960821imgmongoosejobid13.JPEG", "unix_time": 1620683179.6721473}
DEBUG:transfer.py:transfer successful!
INFO:circe.py:runtime_stat:{"task_name": "circe", "event": "new_output_file", "filename": "storeclass8_lccenc8_13701014imgmongoosejobid13.JPEG", "unix_time": 1620683179.939419}
DEBUG:transfer.py:sshpass -p PASSWORD scp -P 5000 -o StrictHostKeyChecking=no /jupiter/circe_output/storeclass8_lccenc8_13701014imgmongoosejobid13.JPEG root@10.99.215.194:/jupiter/circe_input/
DEBUG:transfer.py:transfer successful!
INFO:circe.py:runtime_stat:{"task_name": "circe", "event": "new_output_file", "filename": "storeclass8_lccenc8_37767765imgmongoosejobid13.JPEG", "unix_time": 1620683180.1875763}
DEBUG:transfer.py:sshpass -p PASSWORD scp -P 5000 -o StrictHostKeyChecking=no /jupiter/circe_output/storeclass8_lccenc8_37767765imgmongoosejobid13.JPEG root@10.99.215.194:/jupiter/circe_input/
DEBUG:transfer.py:transfer successful!
INFO:ccdag_utils.py:runtime_stat:{"task_name": "storeclass8", "event": "queue_start_process", "filename": "resnet3_storeclass8_70960821imgmongoosejobid13.JPEG", "unix_time": 1620683180.6769812}
INFO:ccdag_utils.py:runtime_stat:{"task_name": "storeclass8", "event": "queue_end_process", "filename": "storeclass8_lccenc8_70960821imgmongoosejobid13.JPEG", "unix_time": 1620683180.683338}
INFO:circe.py:runtime_stat:{"task_name": "circe", "event": "new_output_file", "filename": "storeclass8_lccenc8_70960821imgmongoosejobid13.JPEG", "unix_time": 1620683180.6848702}
DEBUG:transfer.py:sshpass -p PASSWORD scp -P 5000 -o StrictHostKeyChecking=no /jupiter/circe_output/storeclass8_lccenc8_70960821imgmongoosejobid13.JPEG root@10.99.215.194:/jupiter/circe_input/
DEBUG:transfer.py:transfer successful!
INFO:circe.py:runtime_stat:{"task_name": "circe", "event": "new_input_file", "filename": "resnet0_storeclass8_20567090imgmongoosejobid14.JPEG", "unix_time": 1620683196.9481058}
INFO:circe.py:runtime_stat:{"task_name": "circe", "event": "new_input_file", "filename": "resnet2_storeclass8_77419537imgmongoosejobid14.JPEG", "unix_time": 1620683197.6888626}
INFO:ccdag_utils.py:runtime_stat:{"task_name": "storeclass8", "event": "queue_start_process", "filename": "resnet0_storeclass8_20567090imgmongoosejobid14.JPEG", "unix_time": 1620683197.701369}
INFO:circe.py:runtime_stat:{"task_name": "circe", "event": "new_output_file", "filename": "storeclass8_lccenc8_20567090imgmongoosejobid14.JPEG", "unix_time": 1620683197.706672}
DEBUG:transfer.py:sshpass -p PASSWORD scp -P 5000 -o StrictHostKeyChecking=no /jupiter/circe_output/storeclass8_lccenc8_20567090imgmongoosejobid14.JPEG root@10.99.215.194:/jupiter/circe_input/
INFO:ccdag_utils.py:runtime_stat:{"task_name": "storeclass8", "event": "queue_end_process", "filename": "storeclass8_lccenc8_20567090imgmongoosejobid14.JPEG", "unix_time": 1620683197.7105415}
INFO:ccdag_utils.py:runtime_stat:{"task_name": "storeclass8", "event": "queue_start_process", "filename": "resnet2_storeclass8_77419537imgmongoosejobid14.JPEG", "unix_time": 1620683197.7126234}
INFO:ccdag_utils.py:runtime_stat:{"task_name": "storeclass8", "event": "queue_end_process", "filename": "storeclass8_lccenc8_77419537imgmongoosejobid14.JPEG", "unix_time": 1620683197.7169619}
DEBUG:transfer.py:transfer successful!
INFO:circe.py:runtime_stat:{"task_name": "circe", "event": "new_output_file", "filename": "storeclass8_lccenc8_77419537imgmongoosejobid14.JPEG", "unix_time": 1620683197.9402392}
DEBUG:transfer.py:sshpass -p PASSWORD scp -P 5000 -o StrictHostKeyChecking=no /jupiter/circe_output/storeclass8_lccenc8_77419537imgmongoosejobid14.JPEG root@10.99.215.194:/jupiter/circe_input/
DEBUG:transfer.py:transfer successful!
INFO:circe.py:runtime_stat:{"task_name": "circe", "event": "new_input_file", "filename": "resnet4_storeclass8_20593399imgmongoosejobid19.JPEG", "unix_time": 1620683246.2485135}
INFO:circe.py:runtime_stat:{"task_name": "circe", "event": "new_input_file", "filename": "resnet0_storeclass8_99922248imgmongoosejobid19.JPEG", "unix_time": 1620683246.4310913}
INFO:ccdag_utils.py:runtime_stat:{"task_name": "storeclass8", "event": "queue_start_process", "filename": "resnet4_storeclass8_20593399imgmongoosejobid19.JPEG", "unix_time": 1620683246.7689052}
INFO:ccdag_utils.py:runtime_stat:{"task_name": "storeclass8", "event": "queue_end_process", "filename": "storeclass8_lccenc8_20593399imgmongoosejobid19.JPEG", "unix_time": 1620683246.7754753}
INFO:ccdag_utils.py:runtime_stat:{"task_name": "storeclass8", "event": "queue_start_process", "filename": "resnet0_storeclass8_99922248imgmongoosejobid19.JPEG", "unix_time": 1620683246.775814}
INFO:ccdag_utils.py:runtime_stat:{"task_name": "storeclass8", "event": "queue_end_process", "filename": "storeclass8_lccenc8_99922248imgmongoosejobid19.JPEG", "unix_time": 1620683246.7768939}
INFO:circe.py:runtime_stat:{"task_name": "circe", "event": "new_output_file", "filename": "storeclass8_lccenc8_20593399imgmongoosejobid19.JPEG", "unix_time": 1620683246.7780168}
DEBUG:transfer.py:sshpass -p PASSWORD scp -P 5000 -o StrictHostKeyChecking=no /jupiter/circe_output/storeclass8_lccenc8_20593399imgmongoosejobid19.JPEG root@10.99.215.194:/jupiter/circe_input/
DEBUG:transfer.py:transfer successful!
INFO:circe.py:runtime_stat:{"task_name": "circe", "event": "new_output_file", "filename": "storeclass8_lccenc8_99922248imgmongoosejobid19.JPEG", "unix_time": 1620683247.0226333}
DEBUG:transfer.py:sshpass -p PASSWORD scp -P 5000 -o StrictHostKeyChecking=no /jupiter/circe_output/storeclass8_lccenc8_99922248imgmongoosejobid19.JPEG root@10.99.215.194:/jupiter/circe_input/
DEBUG:transfer.py:transfer successful!
INFO:circe.py:runtime_stat:{"task_name": "circe", "event": "new_input_file", "filename": "resnet7_storeclass8_87262016imgmongoosejobid20.JPEG", "unix_time": 1620683255.0131907}
INFO:ccdag_utils.py:runtime_stat:{"task_name": "storeclass8", "event": "queue_start_process", "filename": "resnet7_storeclass8_87262016imgmongoosejobid20.JPEG", "unix_time": 1620683255.7978146}
INFO:ccdag_utils.py:runtime_stat:{"task_name": "storeclass8", "event": "queue_end_process", "filename": "storeclass8_lccenc8_87262016imgmongoosejobid20.JPEG", "unix_time": 1620683255.8023813}
INFO:circe.py:runtime_stat:{"task_name": "circe", "event": "new_output_file", "filename": "storeclass8_lccenc8_87262016imgmongoosejobid20.JPEG", "unix_time": 1620683255.8034322}
DEBUG:transfer.py:sshpass -p PASSWORD scp -P 5000 -o StrictHostKeyChecking=no /jupiter/circe_output/storeclass8_lccenc8_87262016imgmongoosejobid20.JPEG root@10.99.215.194:/jupiter/circe_input/
INFO:circe.py:runtime_stat:{"task_name": "circe", "event": "new_input_file", "filename": "resnet3_storeclass8_53576739imgmongoosejobid20.JPEG", "unix_time": 1620683256.0206}
DEBUG:transfer.py:transfer successful!
INFO:ccdag_utils.py:runtime_stat:{"task_name": "storeclass8", "event": "queue_start_process", "filename": "resnet3_storeclass8_53576739imgmongoosejobid20.JPEG", "unix_time": 1620683256.803772}
INFO:ccdag_utils.py:runtime_stat:{"task_name": "storeclass8", "event": "queue_end_process", "filename": "storeclass8_lccenc8_53576739imgmongoosejobid20.JPEG", "unix_time": 1620683256.8073692}
INFO:circe.py:runtime_stat:{"task_name": "circe", "event": "new_output_file", "filename": "storeclass8_lccenc8_53576739imgmongoosejobid20.JPEG", "unix_time": 1620683256.8081224}
DEBUG:transfer.py:sshpass -p PASSWORD scp -P 5000 -o StrictHostKeyChecking=no /jupiter/circe_output/storeclass8_lccenc8_53576739imgmongoosejobid20.JPEG root@10.99.215.194:/jupiter/circe_input/
DEBUG:transfer.py:transfer successful!
INFO:circe.py:runtime_stat:{"task_name": "circe", "event": "new_input_file", "filename": "resnet2_storeclass8_96683183imgmongoosejobid21.JPEG", "unix_time": 1620683267.23622}
INFO:circe.py:runtime_stat:{"task_name": "circe", "event": "new_input_file", "filename": "resnet6_storeclass8_21022509imgmongoosejobid21.JPEG", "unix_time": 1620683267.7495613}
INFO:ccdag_utils.py:runtime_stat:{"task_name": "storeclass8", "event": "queue_start_process", "filename": "resnet2_storeclass8_96683183imgmongoosejobid21.JPEG", "unix_time": 1620683267.8189263}
INFO:ccdag_utils.py:runtime_stat:{"task_name": "storeclass8", "event": "queue_end_process", "filename": "storeclass8_lccenc8_96683183imgmongoosejobid21.JPEG", "unix_time": 1620683267.8263297}
INFO:ccdag_utils.py:runtime_stat:{"task_name": "storeclass8", "event": "queue_start_process", "filename": "resnet6_storeclass8_21022509imgmongoosejobid21.JPEG", "unix_time": 1620683267.8265896}
INFO:circe.py:runtime_stat:{"task_name": "circe", "event": "new_output_file", "filename": "storeclass8_lccenc8_96683183imgmongoosejobid21.JPEG", "unix_time": 1620683267.8273356}
DEBUG:transfer.py:sshpass -p PASSWORD scp -P 5000 -o StrictHostKeyChecking=no /jupiter/circe_output/storeclass8_lccenc8_96683183imgmongoosejobid21.JPEG root@10.99.215.194:/jupiter/circe_input/
INFO:ccdag_utils.py:runtime_stat:{"task_name": "storeclass8", "event": "queue_end_process", "filename": "storeclass8_lccenc8_21022509imgmongoosejobid21.JPEG", "unix_time": 1620683267.8342962}
DEBUG:transfer.py:transfer successful!
INFO:circe.py:runtime_stat:{"task_name": "circe", "event": "new_output_file", "filename": "storeclass8_lccenc8_21022509imgmongoosejobid21.JPEG", "unix_time": 1620683268.0598972}
DEBUG:transfer.py:sshpass -p PASSWORD scp -P 5000 -o StrictHostKeyChecking=no /jupiter/circe_output/storeclass8_lccenc8_21022509imgmongoosejobid21.JPEG root@10.99.215.194:/jupiter/circe_input/
DEBUG:transfer.py:transfer successful!
INFO:circe.py:runtime_stat:{"task_name": "circe", "event": "new_input_file", "filename": "resnet7_storeclass8_43317555imgmongoosejobid22.JPEG", "unix_time": 1620683279.6296902}
INFO:ccdag_utils.py:runtime_stat:{"task_name": "storeclass8", "event": "queue_start_process", "filename": "resnet7_storeclass8_43317555imgmongoosejobid22.JPEG", "unix_time": 1620683279.8480606}
INFO:circe.py:runtime_stat:{"task_name": "circe", "event": "new_output_file", "filename": "storeclass8_lccenc8_43317555imgmongoosejobid22.JPEG", "unix_time": 1620683279.8563802}
INFO:ccdag_utils.py:runtime_stat:{"task_name": "storeclass8", "event": "queue_end_process", "filename": "storeclass8_lccenc8_43317555imgmongoosejobid22.JPEG", "unix_time": 1620683279.8566904}
DEBUG:transfer.py:sshpass -p PASSWORD scp -P 5000 -o StrictHostKeyChecking=no /jupiter/circe_output/storeclass8_lccenc8_43317555imgmongoosejobid22.JPEG root@10.99.215.194:/jupiter/circe_input/
DEBUG:transfer.py:transfer successful!
INFO:circe.py:runtime_stat:{"task_name": "circe", "event": "new_input_file", "filename": "resnet2_storeclass8_04382468imgmongoosejobid23.JPEG", "unix_time": 1620683290.88781}
INFO:ccdag_utils.py:runtime_stat:{"task_name": "storeclass8", "event": "queue_start_process", "filename": "resnet2_storeclass8_04382468imgmongoosejobid23.JPEG", "unix_time": 1620683291.871733}
INFO:circe.py:runtime_stat:{"task_name": "circe", "event": "new_output_file", "filename": "storeclass8_lccenc8_04382468imgmongoosejobid23.JPEG", "unix_time": 1620683291.8848746}
DEBUG:transfer.py:sshpass -p PASSWORD scp -P 5000 -o StrictHostKeyChecking=no /jupiter/circe_output/storeclass8_lccenc8_04382468imgmongoosejobid23.JPEG root@10.99.215.194:/jupiter/circe_input/
INFO:ccdag_utils.py:runtime_stat:{"task_name": "storeclass8", "event": "queue_end_process", "filename": "storeclass8_lccenc8_04382468imgmongoosejobid23.JPEG", "unix_time": 1620683291.8855443}
DEBUG:transfer.py:transfer successful!
INFO:circe.py:runtime_stat:{"task_name": "circe", "event": "new_input_file", "filename": "resnet5_storeclass8_18265540imgmongoosejobid24.JPEG", "unix_time": 1620683301.340216}
INFO:circe.py:runtime_stat:{"task_name": "circe", "event": "new_input_file", "filename": "resnet1_storeclass8_35827831imgmongoosejobid24.JPEG", "unix_time": 1620683301.5922606}
INFO:ccdag_utils.py:runtime_stat:{"task_name": "storeclass8", "event": "queue_start_process", "filename": "resnet5_storeclass8_18265540imgmongoosejobid24.JPEG", "unix_time": 1620683301.899748}
INFO:ccdag_utils.py:runtime_stat:{"task_name": "storeclass8", "event": "queue_end_process", "filename": "storeclass8_lccenc8_18265540imgmongoosejobid24.JPEG", "unix_time": 1620683301.9065826}
INFO:ccdag_utils.py:runtime_stat:{"task_name": "storeclass8", "event": "queue_start_process", "filename": "resnet1_storeclass8_35827831imgmongoosejobid24.JPEG", "unix_time": 1620683301.9097593}
INFO:circe.py:runtime_stat:{"task_name": "circe", "event": "new_output_file", "filename": "storeclass8_lccenc8_18265540imgmongoosejobid24.JPEG", "unix_time": 1620683301.9083972}
DEBUG:transfer.py:sshpass -p PASSWORD scp -P 5000 -o StrictHostKeyChecking=no /jupiter/circe_output/storeclass8_lccenc8_18265540imgmongoosejobid24.JPEG root@10.99.215.194:/jupiter/circe_input/
INFO:ccdag_utils.py:runtime_stat:{"task_name": "storeclass8", "event": "queue_end_process", "filename": "storeclass8_lccenc8_35827831imgmongoosejobid24.JPEG", "unix_time": 1620683302.1064808}
DEBUG:transfer.py:transfer successful!
INFO:circe.py:runtime_stat:{"task_name": "circe", "event": "new_output_file", "filename": "storeclass8_lccenc8_35827831imgmongoosejobid24.JPEG", "unix_time": 1620683302.147822}
DEBUG:transfer.py:sshpass -p PASSWORD scp -P 5000 -o StrictHostKeyChecking=no /jupiter/circe_output/storeclass8_lccenc8_35827831imgmongoosejobid24.JPEG root@10.99.215.194:/jupiter/circe_input/
DEBUG:transfer.py:transfer successful!
INFO:circe.py:runtime_stat:{"task_name": "circe", "event": "new_input_file", "filename": "resnet0_storeclass8_16675151imgmongoosejobid25.JPEG", "unix_time": 1620683312.2442205}
INFO:circe.py:runtime_stat:{"task_name": "circe", "event": "new_input_file", "filename": "resnet4_storeclass8_24961760imgmongoosejobid25.JPEG", "unix_time": 1620683312.542933}
INFO:ccdag_utils.py:runtime_stat:{"task_name": "storeclass8", "event": "queue_start_process", "filename": "resnet0_storeclass8_16675151imgmongoosejobid25.JPEG", "unix_time": 1620683313.1234436}
INFO:ccdag_utils.py:runtime_stat:{"task_name": "storeclass8", "event": "queue_end_process", "filename": "storeclass8_lccenc8_16675151imgmongoosejobid25.JPEG", "unix_time": 1620683313.128303}
INFO:ccdag_utils.py:runtime_stat:{"task_name": "storeclass8", "event": "queue_start_process", "filename": "resnet4_storeclass8_24961760imgmongoosejobid25.JPEG", "unix_time": 1620683313.1291444}
INFO:circe.py:runtime_stat:{"task_name": "circe", "event": "new_output_file", "filename": "storeclass8_lccenc8_16675151imgmongoosejobid25.JPEG", "unix_time": 1620683313.130329}
DEBUG:transfer.py:sshpass -p PASSWORD scp -P 5000 -o StrictHostKeyChecking=no /jupiter/circe_output/storeclass8_lccenc8_16675151imgmongoosejobid25.JPEG root@10.99.215.194:/jupiter/circe_input/
INFO:ccdag_utils.py:runtime_stat:{"task_name": "storeclass8", "event": "queue_end_process", "filename": "storeclass8_lccenc8_24961760imgmongoosejobid25.JPEG", "unix_time": 1620683313.137893}
DEBUG:transfer.py:transfer successful!
INFO:circe.py:runtime_stat:{"task_name": "circe", "event": "new_output_file", "filename": "storeclass8_lccenc8_24961760imgmongoosejobid25.JPEG", "unix_time": 1620683313.3517315}
DEBUG:transfer.py:sshpass -p PASSWORD scp -P 5000 -o StrictHostKeyChecking=no /jupiter/circe_output/storeclass8_lccenc8_24961760imgmongoosejobid25.JPEG root@10.99.215.194:/jupiter/circe_input/
DEBUG:transfer.py:transfer successful!
