 * Starting OpenBSD Secure Shell server sshd
   ...done.
INFO:circe.py:Using base script lccenc.py
DEBUG:circe.py:starting the input monitoring process
DEBUG:circe.py:starting the output monitoring process
2
INFO:circe.py:runtime_stat:{"task_name": "circe", "event": "new_input_file", "filename": "storeclass2_lccenc2_47954312imgschoolbusjobid26.JPEG", "unix_time": 1620686812.9758184}
INFO:circe.py:runtime_stat:{"task_name": "circe", "event": "new_input_file", "filename": "storeclass2_lccenc2_22143734imgschoolbusjobid27.JPEG", "unix_time": 1620686825.0025902}
INFO:circe.py:runtime_stat:{"task_name": "circe", "event": "new_input_file", "filename": "storeclass2_lccenc2_31516419imgschoolbusjobid27.JPEG", "unix_time": 1620686825.225857}
INFO:circe.py:runtime_stat:{"task_name": "circe", "event": "new_input_file", "filename": "storeclass2_lccenc2_71026948imgschoolbusjobid27.JPEG", "unix_time": 1620686825.4444327}
INFO:circe.py:runtime_stat:{"task_name": "circe", "event": "new_input_file", "filename": "storeclass2_lccenc2_91579101imgschoolbusjobid27.JPEG", "unix_time": 1620686825.6649854}
INFO:circe.py:runtime_stat:{"task_name": "circe", "event": "new_input_file", "filename": "storeclass2_lccenc2_37898018imgschoolbusjobid27.JPEG", "unix_time": 1620686825.8918927}
INFO:ccdag_utils.py:runtime_stat:{"task_name": "lccenc2", "event": "queue_start_process", "filename": "storeclass2_lccenc2_47954312imgschoolbusjobid26.JPEG", "unix_time": 1620686826.0708585}
INFO:ccdag_utils.py:runtime_stat:{"task_name": "lccenc2", "event": "queue_start_process", "filename": "storeclass2_lccenc2_22143734imgschoolbusjobid27.JPEG", "unix_time": 1620686826.0713046}
INFO:ccdag_utils.py:runtime_stat:{"task_name": "lccenc2", "event": "queue_start_process", "filename": "storeclass2_lccenc2_31516419imgschoolbusjobid27.JPEG", "unix_time": 1620686826.0715563}
INFO:ccdag_utils.py:runtime_stat:{"task_name": "lccenc2", "event": "queue_start_process", "filename": "storeclass2_lccenc2_71026948imgschoolbusjobid27.JPEG", "unix_time": 1620686826.0718443}
INFO:circe.py:runtime_stat:{"task_name": "circe", "event": "new_input_file", "filename": "storeclass2_lccenc2_20579036imgschoolbusjobid27.JPEG", "unix_time": 1620686826.1102524}
INFO:circe.py:runtime_stat:{"task_name": "circe", "event": "new_input_file", "filename": "storeclass2_lccenc2_92463338imgschoolbusjobid27.JPEG", "unix_time": 1620686826.7481542}
INFO:circe.py:runtime_stat:{"task_name": "circe", "event": "new_input_file", "filename": "storeclass2_lccenc2_75370273imgschoolbusjobid27.JPEG", "unix_time": 1620686826.7487192}
INFO:ccdag_utils.py:runtime_stat:{"task_name": "lccenc2", "event": "queue_end_process", "filename": "lccenc2_score2a_1#47954312-1#22143734-1#31516419-1#71026948jobid1.csv", "unix_time": 1620686827.249803}
INFO:circe.py:runtime_stat:{"task_name": "circe", "event": "new_output_file", "filename": "lccenc2_score2a_1#47954312-1#22143734-1#31516419-1#71026948jobid1.csv", "unix_time": 1620686827.250536}
DEBUG:transfer.py:sshpass -p PASSWORD scp -P 5000 -o StrictHostKeyChecking=no /jupiter/circe_output/lccenc2_score2a_1#47954312-1#22143734-1#31516419-1#71026948jobid1.csv root@10.97.141.238:/jupiter/circe_input/
Warning: Permanently added '[10.97.141.238]:5000' (ECDSA) to the list of known hosts.
DEBUG:transfer.py:transfer successful!
INFO:ccdag_utils.py:runtime_stat:{"task_name": "lccenc2", "event": "queue_end_process", "filename": "lccenc2_score2b_1#47954312-1#22143734-1#31516419-1#71026948jobid1.csv", "unix_time": 1620686828.2406557}
INFO:circe.py:runtime_stat:{"task_name": "circe", "event": "new_output_file", "filename": "lccenc2_score2b_1#47954312-1#22143734-1#31516419-1#71026948jobid1.csv", "unix_time": 1620686828.2415032}
DEBUG:transfer.py:sshpass -p PASSWORD scp -P 5000 -o StrictHostKeyChecking=no /jupiter/circe_output/lccenc2_score2b_1#47954312-1#22143734-1#31516419-1#71026948jobid1.csv root@10.102.53.81:/jupiter/circe_input/
Warning: Permanently added '[10.102.53.81]:5000' (ECDSA) to the list of known hosts.
DEBUG:transfer.py:transfer successful!
INFO:circe.py:runtime_stat:{"task_name": "circe", "event": "new_output_file", "filename": "lccenc2_score2c_1#47954312-1#22143734-1#31516419-1#71026948jobid1.csv", "unix_time": 1620686829.2445226}
DEBUG:transfer.py:sshpass -p PASSWORD scp -P 5000 -o StrictHostKeyChecking=no /jupiter/circe_output/lccenc2_score2c_1#47954312-1#22143734-1#31516419-1#71026948jobid1.csv root@10.111.229.231:/jupiter/circe_input/
INFO:ccdag_utils.py:runtime_stat:{"task_name": "lccenc2", "event": "queue_end_process", "filename": "lccenc2_score2c_1#47954312-1#22143734-1#31516419-1#71026948jobid1.csv", "unix_time": 1620686829.2453287}
INFO:ccdag_utils.py:runtime_stat:{"task_name": "lccenc2", "event": "queue_start_process", "filename": "storeclass2_lccenc2_91579101imgschoolbusjobid27.JPEG", "unix_time": 1620686829.2497518}
INFO:ccdag_utils.py:runtime_stat:{"task_name": "lccenc2", "event": "queue_start_process", "filename": "storeclass2_lccenc2_37898018imgschoolbusjobid27.JPEG", "unix_time": 1620686829.251154}
INFO:ccdag_utils.py:runtime_stat:{"task_name": "lccenc2", "event": "queue_start_process", "filename": "storeclass2_lccenc2_20579036imgschoolbusjobid27.JPEG", "unix_time": 1620686829.2513974}
INFO:ccdag_utils.py:runtime_stat:{"task_name": "lccenc2", "event": "queue_start_process", "filename": "storeclass2_lccenc2_92463338imgschoolbusjobid27.JPEG", "unix_time": 1620686829.2515602}
Warning: Permanently added '[10.111.229.231]:5000' (ECDSA) to the list of known hosts.
DEBUG:transfer.py:transfer successful!
INFO:ccdag_utils.py:runtime_stat:{"task_name": "lccenc2", "event": "queue_end_process", "filename": "lccenc2_score2a_1#91579101-1#37898018-1#20579036-1#92463338jobid2.csv", "unix_time": 1620686830.5430586}
INFO:circe.py:runtime_stat:{"task_name": "circe", "event": "new_output_file", "filename": "lccenc2_score2a_1#91579101-1#37898018-1#20579036-1#92463338jobid2.csv", "unix_time": 1620686830.543902}
DEBUG:transfer.py:sshpass -p PASSWORD scp -P 5000 -o StrictHostKeyChecking=no /jupiter/circe_output/lccenc2_score2a_1#91579101-1#37898018-1#20579036-1#92463338jobid2.csv root@10.97.141.238:/jupiter/circe_input/
DEBUG:transfer.py:transfer successful!
INFO:ccdag_utils.py:runtime_stat:{"task_name": "lccenc2", "event": "queue_end_process", "filename": "lccenc2_score2b_1#91579101-1#37898018-1#20579036-1#92463338jobid2.csv", "unix_time": 1620686831.5904355}
INFO:circe.py:runtime_stat:{"task_name": "circe", "event": "new_output_file", "filename": "lccenc2_score2b_1#91579101-1#37898018-1#20579036-1#92463338jobid2.csv", "unix_time": 1620686831.6272104}
DEBUG:transfer.py:sshpass -p PASSWORD scp -P 5000 -o StrictHostKeyChecking=no /jupiter/circe_output/lccenc2_score2b_1#91579101-1#37898018-1#20579036-1#92463338jobid2.csv root@10.102.53.81:/jupiter/circe_input/
DEBUG:transfer.py:transfer successful!
INFO:circe.py:runtime_stat:{"task_name": "circe", "event": "new_output_file", "filename": "lccenc2_score2c_1#91579101-1#37898018-1#20579036-1#92463338jobid2.csv", "unix_time": 1620686832.6456523}
DEBUG:transfer.py:sshpass -p PASSWORD scp -P 5000 -o StrictHostKeyChecking=no /jupiter/circe_output/lccenc2_score2c_1#91579101-1#37898018-1#20579036-1#92463338jobid2.csv root@10.111.229.231:/jupiter/circe_input/
INFO:ccdag_utils.py:runtime_stat:{"task_name": "lccenc2", "event": "queue_end_process", "filename": "lccenc2_score2c_1#91579101-1#37898018-1#20579036-1#92463338jobid2.csv", "unix_time": 1620686832.6513052}
DEBUG:transfer.py:transfer successful!
INFO:circe.py:runtime_stat:{"task_name": "circe", "event": "new_input_file", "filename": "storeclass2_lccenc2_71383749imgschoolbusjobid28.JPEG", "unix_time": 1620686836.056972}
INFO:circe.py:runtime_stat:{"task_name": "circe", "event": "new_input_file", "filename": "storeclass2_lccenc2_76747416imgschoolbusjobid28.JPEG", "unix_time": 1620686836.3015947}
INFO:circe.py:runtime_stat:{"task_name": "circe", "event": "new_input_file", "filename": "storeclass2_lccenc2_51480615imgschoolbusjobid28.JPEG", "unix_time": 1620686836.5324013}
INFO:ccdag_utils.py:runtime_stat:{"task_name": "lccenc2", "event": "queue_start_process", "filename": "storeclass2_lccenc2_75370273imgschoolbusjobid27.JPEG", "unix_time": 1620686836.660237}
INFO:ccdag_utils.py:runtime_stat:{"task_name": "lccenc2", "event": "queue_start_process", "filename": "storeclass2_lccenc2_71383749imgschoolbusjobid28.JPEG", "unix_time": 1620686836.6606371}
INFO:ccdag_utils.py:runtime_stat:{"task_name": "lccenc2", "event": "queue_start_process", "filename": "storeclass2_lccenc2_76747416imgschoolbusjobid28.JPEG", "unix_time": 1620686836.6610448}
INFO:ccdag_utils.py:runtime_stat:{"task_name": "lccenc2", "event": "queue_start_process", "filename": "storeclass2_lccenc2_51480615imgschoolbusjobid28.JPEG", "unix_time": 1620686836.6613562}
INFO:circe.py:runtime_stat:{"task_name": "circe", "event": "new_input_file", "filename": "storeclass2_lccenc2_32923915imgschoolbusjobid28.JPEG", "unix_time": 1620686836.754003}
INFO:circe.py:runtime_stat:{"task_name": "circe", "event": "new_input_file", "filename": "storeclass2_lccenc2_84197238imgschoolbusjobid28.JPEG", "unix_time": 1620686837.0286732}
INFO:circe.py:runtime_stat:{"task_name": "circe", "event": "new_input_file", "filename": "storeclass2_lccenc2_84615094imgschoolbusjobid28.JPEG", "unix_time": 1620686837.5517273}
INFO:circe.py:runtime_stat:{"task_name": "circe", "event": "new_input_file", "filename": "storeclass2_lccenc2_15622710imgschoolbusjobid28.JPEG", "unix_time": 1620686837.552356}
INFO:circe.py:runtime_stat:{"task_name": "circe", "event": "new_input_file", "filename": "storeclass2_lccenc2_79105272imgschoolbusjobid28.JPEG", "unix_time": 1620686838.039599}
INFO:circe.py:runtime_stat:{"task_name": "circe", "event": "new_input_file", "filename": "storeclass2_lccenc2_07094589imgschoolbusjobid28.JPEG", "unix_time": 1620686838.0406568}
INFO:ccdag_utils.py:runtime_stat:{"task_name": "lccenc2", "event": "queue_end_process", "filename": "lccenc2_score2a_1#75370273-1#71383749-1#76747416-1#51480615jobid3.csv", "unix_time": 1620686838.0485191}
INFO:circe.py:runtime_stat:{"task_name": "circe", "event": "new_output_file", "filename": "lccenc2_score2a_1#75370273-1#71383749-1#76747416-1#51480615jobid3.csv", "unix_time": 1620686838.0844562}
DEBUG:transfer.py:sshpass -p PASSWORD scp -P 5000 -o StrictHostKeyChecking=no /jupiter/circe_output/lccenc2_score2a_1#75370273-1#71383749-1#76747416-1#51480615jobid3.csv root@10.97.141.238:/jupiter/circe_input/
DEBUG:transfer.py:transfer successful!
INFO:ccdag_utils.py:runtime_stat:{"task_name": "lccenc2", "event": "queue_end_process", "filename": "lccenc2_score2b_1#75370273-1#71383749-1#76747416-1#51480615jobid3.csv", "unix_time": 1620686839.0555797}
INFO:circe.py:runtime_stat:{"task_name": "circe", "event": "new_output_file", "filename": "lccenc2_score2b_1#75370273-1#71383749-1#76747416-1#51480615jobid3.csv", "unix_time": 1620686839.0565133}
DEBUG:transfer.py:sshpass -p PASSWORD scp -P 5000 -o StrictHostKeyChecking=no /jupiter/circe_output/lccenc2_score2b_1#75370273-1#71383749-1#76747416-1#51480615jobid3.csv root@10.102.53.81:/jupiter/circe_input/
DEBUG:transfer.py:transfer successful!
INFO:ccdag_utils.py:runtime_stat:{"task_name": "lccenc2", "event": "queue_end_process", "filename": "lccenc2_score2c_1#75370273-1#71383749-1#76747416-1#51480615jobid3.csv", "unix_time": 1620686840.0513897}
INFO:ccdag_utils.py:runtime_stat:{"task_name": "lccenc2", "event": "queue_start_process", "filename": "storeclass2_lccenc2_32923915imgschoolbusjobid28.JPEG", "unix_time": 1620686840.0518646}
INFO:ccdag_utils.py:runtime_stat:{"task_name": "lccenc2", "event": "queue_start_process", "filename": "storeclass2_lccenc2_84197238imgschoolbusjobid28.JPEG", "unix_time": 1620686840.0522337}
INFO:ccdag_utils.py:runtime_stat:{"task_name": "lccenc2", "event": "queue_start_process", "filename": "storeclass2_lccenc2_84615094imgschoolbusjobid28.JPEG", "unix_time": 1620686840.0524478}
INFO:ccdag_utils.py:runtime_stat:{"task_name": "lccenc2", "event": "queue_start_process", "filename": "storeclass2_lccenc2_15622710imgschoolbusjobid28.JPEG", "unix_time": 1620686840.05266}
INFO:circe.py:runtime_stat:{"task_name": "circe", "event": "new_output_file", "filename": "lccenc2_score2c_1#75370273-1#71383749-1#76747416-1#51480615jobid3.csv", "unix_time": 1620686840.0595772}
DEBUG:transfer.py:sshpass -p PASSWORD scp -P 5000 -o StrictHostKeyChecking=no /jupiter/circe_output/lccenc2_score2c_1#75370273-1#71383749-1#76747416-1#51480615jobid3.csv root@10.111.229.231:/jupiter/circe_input/
DEBUG:transfer.py:transfer successful!
INFO:ccdag_utils.py:runtime_stat:{"task_name": "lccenc2", "event": "queue_end_process", "filename": "lccenc2_score2a_1#32923915-1#84197238-1#84615094-1#15622710jobid4.csv", "unix_time": 1620686841.2796047}
INFO:circe.py:runtime_stat:{"task_name": "circe", "event": "new_output_file", "filename": "lccenc2_score2a_1#32923915-1#84197238-1#84615094-1#15622710jobid4.csv", "unix_time": 1620686841.2805982}
DEBUG:transfer.py:sshpass -p PASSWORD scp -P 5000 -o StrictHostKeyChecking=no /jupiter/circe_output/lccenc2_score2a_1#32923915-1#84197238-1#84615094-1#15622710jobid4.csv root@10.97.141.238:/jupiter/circe_input/
DEBUG:transfer.py:transfer successful!
INFO:ccdag_utils.py:runtime_stat:{"task_name": "lccenc2", "event": "queue_end_process", "filename": "lccenc2_score2b_1#32923915-1#84197238-1#84615094-1#15622710jobid4.csv", "unix_time": 1620686842.2769125}
INFO:circe.py:runtime_stat:{"task_name": "circe", "event": "new_output_file", "filename": "lccenc2_score2b_1#32923915-1#84197238-1#84615094-1#15622710jobid4.csv", "unix_time": 1620686842.2777672}
DEBUG:transfer.py:sshpass -p PASSWORD scp -P 5000 -o StrictHostKeyChecking=no /jupiter/circe_output/lccenc2_score2b_1#32923915-1#84197238-1#84615094-1#15622710jobid4.csv root@10.102.53.81:/jupiter/circe_input/
DEBUG:transfer.py:transfer successful!
INFO:circe.py:runtime_stat:{"task_name": "circe", "event": "new_output_file", "filename": "lccenc2_score2c_1#32923915-1#84197238-1#84615094-1#15622710jobid4.csv", "unix_time": 1620686843.3783755}
DEBUG:transfer.py:sshpass -p PASSWORD scp -P 5000 -o StrictHostKeyChecking=no /jupiter/circe_output/lccenc2_score2c_1#32923915-1#84197238-1#84615094-1#15622710jobid4.csv root@10.111.229.231:/jupiter/circe_input/
INFO:ccdag_utils.py:runtime_stat:{"task_name": "lccenc2", "event": "queue_end_process", "filename": "lccenc2_score2c_1#32923915-1#84197238-1#84615094-1#15622710jobid4.csv", "unix_time": 1620686843.3833363}
DEBUG:transfer.py:transfer successful!
INFO:circe.py:runtime_stat:{"task_name": "circe", "event": "new_input_file", "filename": "storeclass2_lccenc2_84858701imgschoolbusjobid29.JPEG", "unix_time": 1620686848.2070847}
INFO:circe.py:runtime_stat:{"task_name": "circe", "event": "new_input_file", "filename": "storeclass2_lccenc2_22811932imgschoolbusjobid29.JPEG", "unix_time": 1620686848.4340174}
INFO:circe.py:runtime_stat:{"task_name": "circe", "event": "new_input_file", "filename": "storeclass2_lccenc2_05629675imgschoolbusjobid29.JPEG", "unix_time": 1620686848.6509442}
INFO:circe.py:runtime_stat:{"task_name": "circe", "event": "new_input_file", "filename": "storeclass2_lccenc2_92560428imgschoolbusjobid29.JPEG", "unix_time": 1620686849.1804526}
INFO:ccdag_utils.py:runtime_stat:{"task_name": "lccenc2", "event": "queue_start_process", "filename": "storeclass2_lccenc2_79105272imgschoolbusjobid28.JPEG", "unix_time": 1620686849.393256}
INFO:ccdag_utils.py:runtime_stat:{"task_name": "lccenc2", "event": "queue_start_process", "filename": "storeclass2_lccenc2_07094589imgschoolbusjobid28.JPEG", "unix_time": 1620686849.393586}
INFO:ccdag_utils.py:runtime_stat:{"task_name": "lccenc2", "event": "queue_start_process", "filename": "storeclass2_lccenc2_84858701imgschoolbusjobid29.JPEG", "unix_time": 1620686849.3939197}
INFO:ccdag_utils.py:runtime_stat:{"task_name": "lccenc2", "event": "queue_start_process", "filename": "storeclass2_lccenc2_22811932imgschoolbusjobid29.JPEG", "unix_time": 1620686849.3941464}
INFO:ccdag_utils.py:runtime_stat:{"task_name": "lccenc2", "event": "queue_end_process", "filename": "lccenc2_score2a_1#79105272-1#07094589-1#84858701-1#22811932jobid5.csv", "unix_time": 1620686850.7244813}
INFO:circe.py:runtime_stat:{"task_name": "circe", "event": "new_output_file", "filename": "lccenc2_score2a_1#79105272-1#07094589-1#84858701-1#22811932jobid5.csv", "unix_time": 1620686850.735047}
DEBUG:transfer.py:sshpass -p PASSWORD scp -P 5000 -o StrictHostKeyChecking=no /jupiter/circe_output/lccenc2_score2a_1#79105272-1#07094589-1#84858701-1#22811932jobid5.csv root@10.97.141.238:/jupiter/circe_input/
DEBUG:transfer.py:transfer successful!
INFO:ccdag_utils.py:runtime_stat:{"task_name": "lccenc2", "event": "queue_end_process", "filename": "lccenc2_score2b_1#79105272-1#07094589-1#84858701-1#22811932jobid5.csv", "unix_time": 1620686851.7828372}
INFO:circe.py:runtime_stat:{"task_name": "circe", "event": "new_output_file", "filename": "lccenc2_score2b_1#79105272-1#07094589-1#84858701-1#22811932jobid5.csv", "unix_time": 1620686851.7838345}
DEBUG:transfer.py:sshpass -p PASSWORD scp -P 5000 -o StrictHostKeyChecking=no /jupiter/circe_output/lccenc2_score2b_1#79105272-1#07094589-1#84858701-1#22811932jobid5.csv root@10.102.53.81:/jupiter/circe_input/
DEBUG:transfer.py:transfer successful!
INFO:ccdag_utils.py:runtime_stat:{"task_name": "lccenc2", "event": "queue_end_process", "filename": "lccenc2_score2c_1#79105272-1#07094589-1#84858701-1#22811932jobid5.csv", "unix_time": 1620686852.8295572}
INFO:circe.py:runtime_stat:{"task_name": "circe", "event": "new_output_file", "filename": "lccenc2_score2c_1#79105272-1#07094589-1#84858701-1#22811932jobid5.csv", "unix_time": 1620686852.8307197}
DEBUG:transfer.py:sshpass -p PASSWORD scp -P 5000 -o StrictHostKeyChecking=no /jupiter/circe_output/lccenc2_score2c_1#79105272-1#07094589-1#84858701-1#22811932jobid5.csv root@10.111.229.231:/jupiter/circe_input/
DEBUG:transfer.py:transfer successful!
INFO:circe.py:runtime_stat:{"task_name": "circe", "event": "new_input_file", "filename": "storeclass2_lccenc2_84464728imgschoolbusjobid30.JPEG", "unix_time": 1620686857.216422}
INFO:circe.py:runtime_stat:{"task_name": "circe", "event": "new_input_file", "filename": "storeclass2_lccenc2_51987917imgschoolbusjobid30.JPEG", "unix_time": 1620686858.2348232}
INFO:circe.py:runtime_stat:{"task_name": "circe", "event": "new_input_file", "filename": "storeclass2_lccenc2_59550890imgschoolbusjobid30.JPEG", "unix_time": 1620686858.4461572}
INFO:ccdag_utils.py:runtime_stat:{"task_name": "lccenc2", "event": "queue_start_process", "filename": "storeclass2_lccenc2_05629675imgschoolbusjobid29.JPEG", "unix_time": 1620686858.8355594}
INFO:ccdag_utils.py:runtime_stat:{"task_name": "lccenc2", "event": "queue_start_process", "filename": "storeclass2_lccenc2_92560428imgschoolbusjobid29.JPEG", "unix_time": 1620686858.8358984}
INFO:ccdag_utils.py:runtime_stat:{"task_name": "lccenc2", "event": "queue_start_process", "filename": "storeclass2_lccenc2_84464728imgschoolbusjobid30.JPEG", "unix_time": 1620686858.8360882}
INFO:ccdag_utils.py:runtime_stat:{"task_name": "lccenc2", "event": "queue_start_process", "filename": "storeclass2_lccenc2_51987917imgschoolbusjobid30.JPEG", "unix_time": 1620686858.836256}
INFO:ccdag_utils.py:runtime_stat:{"task_name": "lccenc2", "event": "queue_end_process", "filename": "lccenc2_score2a_1#05629675-1#92560428-1#84464728-1#51987917jobid6.csv", "unix_time": 1620686859.9763854}
INFO:circe.py:runtime_stat:{"task_name": "circe", "event": "new_output_file", "filename": "lccenc2_score2a_1#05629675-1#92560428-1#84464728-1#51987917jobid6.csv", "unix_time": 1620686859.9771807}
DEBUG:transfer.py:sshpass -p PASSWORD scp -P 5000 -o StrictHostKeyChecking=no /jupiter/circe_output/lccenc2_score2a_1#05629675-1#92560428-1#84464728-1#51987917jobid6.csv root@10.97.141.238:/jupiter/circe_input/
DEBUG:transfer.py:transfer successful!
INFO:ccdag_utils.py:runtime_stat:{"task_name": "lccenc2", "event": "queue_end_process", "filename": "lccenc2_score2b_1#05629675-1#92560428-1#84464728-1#51987917jobid6.csv", "unix_time": 1620686860.9799647}
INFO:circe.py:runtime_stat:{"task_name": "circe", "event": "new_output_file", "filename": "lccenc2_score2b_1#05629675-1#92560428-1#84464728-1#51987917jobid6.csv", "unix_time": 1620686860.981807}
DEBUG:transfer.py:sshpass -p PASSWORD scp -P 5000 -o StrictHostKeyChecking=no /jupiter/circe_output/lccenc2_score2b_1#05629675-1#92560428-1#84464728-1#51987917jobid6.csv root@10.102.53.81:/jupiter/circe_input/
DEBUG:transfer.py:transfer successful!
INFO:ccdag_utils.py:runtime_stat:{"task_name": "lccenc2", "event": "queue_end_process", "filename": "lccenc2_score2c_1#05629675-1#92560428-1#84464728-1#51987917jobid6.csv", "unix_time": 1620686862.0090184}
INFO:circe.py:runtime_stat:{"task_name": "circe", "event": "new_output_file", "filename": "lccenc2_score2c_1#05629675-1#92560428-1#84464728-1#51987917jobid6.csv", "unix_time": 1620686862.0099764}
DEBUG:transfer.py:sshpass -p PASSWORD scp -P 5000 -o StrictHostKeyChecking=no /jupiter/circe_output/lccenc2_score2c_1#05629675-1#92560428-1#84464728-1#51987917jobid6.csv root@10.111.229.231:/jupiter/circe_input/
DEBUG:transfer.py:transfer successful!
INFO:circe.py:runtime_stat:{"task_name": "circe", "event": "new_input_file", "filename": "storeclass2_lccenc2_09043828imgschoolbusjobid31.JPEG", "unix_time": 1620686870.2396023}
INFO:circe.py:runtime_stat:{"task_name": "circe", "event": "new_input_file", "filename": "storeclass2_lccenc2_02270296imgschoolbusjobid31.JPEG", "unix_time": 1620686870.4598927}
INFO:circe.py:runtime_stat:{"task_name": "circe", "event": "new_input_file", "filename": "storeclass2_lccenc2_54064593imgschoolbusjobid31.JPEG", "unix_time": 1620686870.6728196}
INFO:circe.py:runtime_stat:{"task_name": "circe", "event": "new_input_file", "filename": "storeclass2_lccenc2_56483642imgschoolbusjobid31.JPEG", "unix_time": 1620686870.8850574}
INFO:ccdag_utils.py:runtime_stat:{"task_name": "lccenc2", "event": "queue_start_process", "filename": "storeclass2_lccenc2_59550890imgschoolbusjobid30.JPEG", "unix_time": 1620686871.018423}
INFO:ccdag_utils.py:runtime_stat:{"task_name": "lccenc2", "event": "queue_start_process", "filename": "storeclass2_lccenc2_09043828imgschoolbusjobid31.JPEG", "unix_time": 1620686871.0189643}
INFO:ccdag_utils.py:runtime_stat:{"task_name": "lccenc2", "event": "queue_start_process", "filename": "storeclass2_lccenc2_02270296imgschoolbusjobid31.JPEG", "unix_time": 1620686871.0192406}
INFO:ccdag_utils.py:runtime_stat:{"task_name": "lccenc2", "event": "queue_start_process", "filename": "storeclass2_lccenc2_54064593imgschoolbusjobid31.JPEG", "unix_time": 1620686871.0194309}
INFO:circe.py:runtime_stat:{"task_name": "circe", "event": "new_input_file", "filename": "storeclass2_lccenc2_31520786imgschoolbusjobid31.JPEG", "unix_time": 1620686871.0998883}
INFO:circe.py:runtime_stat:{"task_name": "circe", "event": "new_input_file", "filename": "storeclass2_lccenc2_01544846imgschoolbusjobid31.JPEG", "unix_time": 1620686871.6724308}
INFO:circe.py:runtime_stat:{"task_name": "circe", "event": "new_input_file", "filename": "storeclass2_lccenc2_86060771imgschoolbusjobid31.JPEG", "unix_time": 1620686871.6729598}
INFO:circe.py:runtime_stat:{"task_name": "circe", "event": "new_input_file", "filename": "storeclass2_lccenc2_76690671imgschoolbusjobid31.JPEG", "unix_time": 1620686872.1521466}
INFO:circe.py:runtime_stat:{"task_name": "circe", "event": "new_input_file", "filename": "storeclass2_lccenc2_83822621imgschoolbusjobid31.JPEG", "unix_time": 1620686872.15392}
INFO:ccdag_utils.py:runtime_stat:{"task_name": "lccenc2", "event": "queue_end_process", "filename": "lccenc2_score2a_1#59550890-1#09043828-1#02270296-1#54064593jobid7.csv", "unix_time": 1620686872.1645365}
INFO:circe.py:runtime_stat:{"task_name": "circe", "event": "new_output_file", "filename": "lccenc2_score2a_1#59550890-1#09043828-1#02270296-1#54064593jobid7.csv", "unix_time": 1620686872.1653621}
DEBUG:transfer.py:sshpass -p PASSWORD scp -P 5000 -o StrictHostKeyChecking=no /jupiter/circe_output/lccenc2_score2a_1#59550890-1#09043828-1#02270296-1#54064593jobid7.csv root@10.97.141.238:/jupiter/circe_input/
DEBUG:transfer.py:transfer successful!
INFO:ccdag_utils.py:runtime_stat:{"task_name": "lccenc2", "event": "queue_end_process", "filename": "lccenc2_score2b_1#59550890-1#09043828-1#02270296-1#54064593jobid7.csv", "unix_time": 1620686873.1580863}
INFO:circe.py:runtime_stat:{"task_name": "circe", "event": "new_output_file", "filename": "lccenc2_score2b_1#59550890-1#09043828-1#02270296-1#54064593jobid7.csv", "unix_time": 1620686873.1590855}
DEBUG:transfer.py:sshpass -p PASSWORD scp -P 5000 -o StrictHostKeyChecking=no /jupiter/circe_output/lccenc2_score2b_1#59550890-1#09043828-1#02270296-1#54064593jobid7.csv root@10.102.53.81:/jupiter/circe_input/
DEBUG:transfer.py:transfer successful!
INFO:ccdag_utils.py:runtime_stat:{"task_name": "lccenc2", "event": "queue_end_process", "filename": "lccenc2_score2c_1#59550890-1#09043828-1#02270296-1#54064593jobid7.csv", "unix_time": 1620686874.1701775}
INFO:ccdag_utils.py:runtime_stat:{"task_name": "lccenc2", "event": "queue_start_process", "filename": "storeclass2_lccenc2_56483642imgschoolbusjobid31.JPEG", "unix_time": 1620686874.170654}
INFO:ccdag_utils.py:runtime_stat:{"task_name": "lccenc2", "event": "queue_start_process", "filename": "storeclass2_lccenc2_31520786imgschoolbusjobid31.JPEG", "unix_time": 1620686874.1708815}
INFO:circe.py:runtime_stat:{"task_name": "circe", "event": "new_output_file", "filename": "lccenc2_score2c_1#59550890-1#09043828-1#02270296-1#54064593jobid7.csv", "unix_time": 1620686874.1715229}
INFO:ccdag_utils.py:runtime_stat:{"task_name": "lccenc2", "event": "queue_start_process", "filename": "storeclass2_lccenc2_01544846imgschoolbusjobid31.JPEG", "unix_time": 1620686874.1718452}
DEBUG:transfer.py:sshpass -p PASSWORD scp -P 5000 -o StrictHostKeyChecking=no /jupiter/circe_output/lccenc2_score2c_1#59550890-1#09043828-1#02270296-1#54064593jobid7.csv root@10.111.229.231:/jupiter/circe_input/
INFO:ccdag_utils.py:runtime_stat:{"task_name": "lccenc2", "event": "queue_start_process", "filename": "storeclass2_lccenc2_86060771imgschoolbusjobid31.JPEG", "unix_time": 1620686874.1724458}
DEBUG:transfer.py:transfer successful!
INFO:ccdag_utils.py:runtime_stat:{"task_name": "lccenc2", "event": "queue_end_process", "filename": "lccenc2_score2a_1#56483642-1#31520786-1#01544846-1#86060771jobid8.csv", "unix_time": 1620686875.3576648}
INFO:circe.py:runtime_stat:{"task_name": "circe", "event": "new_output_file", "filename": "lccenc2_score2a_1#56483642-1#31520786-1#01544846-1#86060771jobid8.csv", "unix_time": 1620686875.3588452}
DEBUG:transfer.py:sshpass -p PASSWORD scp -P 5000 -o StrictHostKeyChecking=no /jupiter/circe_output/lccenc2_score2a_1#56483642-1#31520786-1#01544846-1#86060771jobid8.csv root@10.97.141.238:/jupiter/circe_input/
DEBUG:transfer.py:transfer successful!
INFO:ccdag_utils.py:runtime_stat:{"task_name": "lccenc2", "event": "queue_end_process", "filename": "lccenc2_score2b_1#56483642-1#31520786-1#01544846-1#86060771jobid8.csv", "unix_time": 1620686876.3826241}
INFO:circe.py:runtime_stat:{"task_name": "circe", "event": "new_output_file", "filename": "lccenc2_score2b_1#56483642-1#31520786-1#01544846-1#86060771jobid8.csv", "unix_time": 1620686876.3956962}
DEBUG:transfer.py:sshpass -p PASSWORD scp -P 5000 -o StrictHostKeyChecking=no /jupiter/circe_output/lccenc2_score2b_1#56483642-1#31520786-1#01544846-1#86060771jobid8.csv root@10.102.53.81:/jupiter/circe_input/
DEBUG:transfer.py:transfer successful!
INFO:ccdag_utils.py:runtime_stat:{"task_name": "lccenc2", "event": "queue_end_process", "filename": "lccenc2_score2c_1#56483642-1#31520786-1#01544846-1#86060771jobid8.csv", "unix_time": 1620686877.4628136}
INFO:circe.py:runtime_stat:{"task_name": "circe", "event": "new_output_file", "filename": "lccenc2_score2c_1#56483642-1#31520786-1#01544846-1#86060771jobid8.csv", "unix_time": 1620686877.4637775}
DEBUG:transfer.py:sshpass -p PASSWORD scp -P 5000 -o StrictHostKeyChecking=no /jupiter/circe_output/lccenc2_score2c_1#56483642-1#31520786-1#01544846-1#86060771jobid8.csv root@10.111.229.231:/jupiter/circe_input/
DEBUG:transfer.py:transfer successful!
