 * Starting OpenBSD Secure Shell server sshd
   ...done.
INFO:circe.py:Using base script preagg.py
DEBUG:circe.py:starting the input monitoring process
DEBUG:circe.py:starting the output monitoring process
8
INFO:circe.py:runtime_stat:{"task_name": "circe", "event": "new_input_file", "filename": "score8b_preagg8_1jobth7#83896340-7#29144704-7#77522467-7#49676251", "unix_time": 1620683176.7187846}
INFO:circe.py:runtime_stat:{"task_name": "circe", "event": "new_input_file", "filename": "score8c_preagg8_1jobth7#83896340-7#29144704-7#77522467-7#49676251", "unix_time": 1620683177.353306}
INFO:ccdag_utils.py:runtime_stat:{"task_name": "preagg8", "event": "queue_start_process", "filename": "score8b_preagg8_1jobth7#83896340-7#29144704-7#77522467-7#49676251", "unix_time": 1620683177.414805}
INFO:ccdag_utils.py:runtime_stat:{"task_name": "preagg8", "event": "queue_start_process", "filename": "score8c_preagg8_1jobth7#83896340-7#29144704-7#77522467-7#49676251", "unix_time": 1620683177.4874609}
preagg8_lccdec8_1jobthscore8a7#83896340-7#29144704-7#77522467-7#49676251
INFO:circe.py:runtime_stat:{"task_name": "circe", "event": "new_output_file", "filename": "preagg8_lccdec8_1jobthscore8a7#83896340-7#29144704-7#77522467-7#49676251", "unix_time": 1620683177.5532317}
DEBUG:transfer.py:sshpass -p PASSWORD scp -P 5000 -o StrictHostKeyChecking=no /jupiter/circe_output/preagg8_lccdec8_1jobthscore8a7#83896340-7#29144704-7#77522467-7#49676251 root@10.96.248.236:/jupiter/circe_input/
INFO:ccdag_utils.py:runtime_stat:{"task_name": "preagg8", "event": "queue_end_process", "filename": "preagg8_lccdec8_1jobthscore8a7#83896340-7#29144704-7#77522467-7#49676251", "unix_time": 1620683177.5547128}
preagg8_lccdec8_1jobthscore8b7#83896340-7#29144704-7#77522467-7#49676251
INFO:ccdag_utils.py:runtime_stat:{"task_name": "preagg8", "event": "queue_end_process", "filename": "preagg8_lccdec8_1jobthscore8b7#83896340-7#29144704-7#77522467-7#49676251", "unix_time": 1620683177.5651882}
Warning: Permanently added '[10.96.248.236]:5000' (ECDSA) to the list of known hosts.
DEBUG:transfer.py:transfer successful!
INFO:circe.py:runtime_stat:{"task_name": "circe", "event": "new_output_file", "filename": "preagg8_lccdec8_1jobthscore8b7#83896340-7#29144704-7#77522467-7#49676251", "unix_time": 1620683177.8062768}
DEBUG:transfer.py:sshpass -p PASSWORD scp -P 5000 -o StrictHostKeyChecking=no /jupiter/circe_output/preagg8_lccdec8_1jobthscore8b7#83896340-7#29144704-7#77522467-7#49676251 root@10.96.248.236:/jupiter/circe_input/
DEBUG:transfer.py:transfer successful!
INFO:circe.py:runtime_stat:{"task_name": "circe", "event": "new_input_file", "filename": "score8a_preagg8_1jobth7#83896340-7#29144704-7#77522467-7#49676251", "unix_time": 1620683185.1642964}
INFO:circe.py:runtime_stat:{"task_name": "circe", "event": "new_input_file", "filename": "score8b_preagg8_2jobth7#14120433-7#32394782-7#13701014-7#37767765", "unix_time": 1620683185.234159}
INFO:ccdag_utils.py:runtime_stat:{"task_name": "preagg8", "event": "queue_start_process", "filename": "score8a_preagg8_1jobth7#83896340-7#29144704-7#77522467-7#49676251", "unix_time": 1620683185.5742266}
INFO:ccdag_utils.py:runtime_stat:{"task_name": "preagg8", "event": "queue_start_process", "filename": "score8b_preagg8_2jobth7#14120433-7#32394782-7#13701014-7#37767765", "unix_time": 1620683185.6377802}
INFO:circe.py:runtime_stat:{"task_name": "circe", "event": "new_input_file", "filename": "score8c_preagg8_2jobth7#14120433-7#32394782-7#13701014-7#37767765", "unix_time": 1620683186.9006577}
INFO:ccdag_utils.py:runtime_stat:{"task_name": "preagg8", "event": "queue_start_process", "filename": "score8c_preagg8_2jobth7#14120433-7#32394782-7#13701014-7#37767765", "unix_time": 1620683187.698722}
preagg8_lccdec8_2jobthscore8a7#14120433-7#32394782-7#13701014-7#37767765
INFO:circe.py:runtime_stat:{"task_name": "circe", "event": "new_output_file", "filename": "preagg8_lccdec8_2jobthscore8a7#14120433-7#32394782-7#13701014-7#37767765", "unix_time": 1620683187.76455}
DEBUG:transfer.py:sshpass -p PASSWORD scp -P 5000 -o StrictHostKeyChecking=no /jupiter/circe_output/preagg8_lccdec8_2jobthscore8a7#14120433-7#32394782-7#13701014-7#37767765 root@10.96.248.236:/jupiter/circe_input/
INFO:ccdag_utils.py:runtime_stat:{"task_name": "preagg8", "event": "queue_end_process", "filename": "preagg8_lccdec8_2jobthscore8a7#14120433-7#32394782-7#13701014-7#37767765", "unix_time": 1620683187.7711754}
preagg8_lccdec8_2jobthscore8b7#14120433-7#32394782-7#13701014-7#37767765
INFO:ccdag_utils.py:runtime_stat:{"task_name": "preagg8", "event": "queue_end_process", "filename": "preagg8_lccdec8_2jobthscore8b7#14120433-7#32394782-7#13701014-7#37767765", "unix_time": 1620683187.7762191}
DEBUG:transfer.py:transfer successful!
INFO:circe.py:runtime_stat:{"task_name": "circe", "event": "new_output_file", "filename": "preagg8_lccdec8_2jobthscore8b7#14120433-7#32394782-7#13701014-7#37767765", "unix_time": 1620683187.9790864}
DEBUG:transfer.py:sshpass -p PASSWORD scp -P 5000 -o StrictHostKeyChecking=no /jupiter/circe_output/preagg8_lccdec8_2jobthscore8b7#14120433-7#32394782-7#13701014-7#37767765 root@10.96.248.236:/jupiter/circe_input/
DEBUG:transfer.py:transfer successful!
INFO:circe.py:runtime_stat:{"task_name": "circe", "event": "new_input_file", "filename": "score8a_preagg8_2jobth7#14120433-7#32394782-7#13701014-7#37767765", "unix_time": 1620683196.7064636}
INFO:ccdag_utils.py:runtime_stat:{"task_name": "preagg8", "event": "queue_start_process", "filename": "score8a_preagg8_2jobth7#14120433-7#32394782-7#13701014-7#37767765", "unix_time": 1620683196.783512}
INFO:circe.py:runtime_stat:{"task_name": "circe", "event": "new_input_file", "filename": "score8b_preagg8_3jobth7#70960821-7#20567090-7#77419537-7#20593399", "unix_time": 1620683252.8581216}
INFO:ccdag_utils.py:runtime_stat:{"task_name": "preagg8", "event": "queue_start_process", "filename": "score8b_preagg8_3jobth7#70960821-7#20567090-7#77419537-7#20593399", "unix_time": 1620683252.90907}
INFO:circe.py:runtime_stat:{"task_name": "circe", "event": "new_input_file", "filename": "score8c_preagg8_3jobth7#70960821-7#20567090-7#77419537-7#20593399", "unix_time": 1620683253.4053128}
INFO:ccdag_utils.py:runtime_stat:{"task_name": "preagg8", "event": "queue_start_process", "filename": "score8c_preagg8_3jobth7#70960821-7#20567090-7#77419537-7#20593399", "unix_time": 1620683253.968953}
preagg8_lccdec8_3jobthscore8a7#70960821-7#20567090-7#77419537-7#20593399
INFO:circe.py:runtime_stat:{"task_name": "circe", "event": "new_output_file", "filename": "preagg8_lccdec8_3jobthscore8a7#70960821-7#20567090-7#77419537-7#20593399", "unix_time": 1620683254.0354753}
DEBUG:transfer.py:sshpass -p PASSWORD scp -P 5000 -o StrictHostKeyChecking=no /jupiter/circe_output/preagg8_lccdec8_3jobthscore8a7#70960821-7#20567090-7#77419537-7#20593399 root@10.96.248.236:/jupiter/circe_input/
INFO:ccdag_utils.py:runtime_stat:{"task_name": "preagg8", "event": "queue_end_process", "filename": "preagg8_lccdec8_3jobthscore8a7#70960821-7#20567090-7#77419537-7#20593399", "unix_time": 1620683254.040558}
preagg8_lccdec8_3jobthscore8b7#70960821-7#20567090-7#77419537-7#20593399
INFO:ccdag_utils.py:runtime_stat:{"task_name": "preagg8", "event": "queue_end_process", "filename": "preagg8_lccdec8_3jobthscore8b7#70960821-7#20567090-7#77419537-7#20593399", "unix_time": 1620683254.047535}
DEBUG:transfer.py:transfer successful!
INFO:circe.py:runtime_stat:{"task_name": "circe", "event": "new_output_file", "filename": "preagg8_lccdec8_3jobthscore8b7#70960821-7#20567090-7#77419537-7#20593399", "unix_time": 1620683254.2595222}
DEBUG:transfer.py:sshpass -p PASSWORD scp -P 5000 -o StrictHostKeyChecking=no /jupiter/circe_output/preagg8_lccdec8_3jobthscore8b7#70960821-7#20567090-7#77419537-7#20593399 root@10.96.248.236:/jupiter/circe_input/
DEBUG:transfer.py:transfer successful!
INFO:circe.py:runtime_stat:{"task_name": "circe", "event": "new_input_file", "filename": "score8a_preagg8_3jobth7#70960821-7#20567090-7#77419537-7#20593399", "unix_time": 1620683261.3400314}
INFO:ccdag_utils.py:runtime_stat:{"task_name": "preagg8", "event": "queue_start_process", "filename": "score8a_preagg8_3jobth7#70960821-7#20567090-7#77419537-7#20593399", "unix_time": 1620683262.057914}
INFO:circe.py:runtime_stat:{"task_name": "circe", "event": "new_input_file", "filename": "score8b_preagg8_4jobth7#99922248-7#87262016-7#53576739-7#96683183", "unix_time": 1620683273.3938942}
INFO:ccdag_utils.py:runtime_stat:{"task_name": "preagg8", "event": "queue_start_process", "filename": "score8b_preagg8_4jobth7#99922248-7#87262016-7#53576739-7#96683183", "unix_time": 1620683274.132108}
INFO:circe.py:runtime_stat:{"task_name": "circe", "event": "new_input_file", "filename": "score8c_preagg8_4jobth7#99922248-7#87262016-7#53576739-7#96683183", "unix_time": 1620683274.9416795}
INFO:ccdag_utils.py:runtime_stat:{"task_name": "preagg8", "event": "queue_start_process", "filename": "score8c_preagg8_4jobth7#99922248-7#87262016-7#53576739-7#96683183", "unix_time": 1620683275.1915004}
preagg8_lccdec8_4jobthscore8a7#99922248-7#87262016-7#53576739-7#96683183
INFO:circe.py:runtime_stat:{"task_name": "circe", "event": "new_output_file", "filename": "preagg8_lccdec8_4jobthscore8a7#99922248-7#87262016-7#53576739-7#96683183", "unix_time": 1620683275.2543073}
DEBUG:transfer.py:sshpass -p PASSWORD scp -P 5000 -o StrictHostKeyChecking=no /jupiter/circe_output/preagg8_lccdec8_4jobthscore8a7#99922248-7#87262016-7#53576739-7#96683183 root@10.96.248.236:/jupiter/circe_input/
INFO:ccdag_utils.py:runtime_stat:{"task_name": "preagg8", "event": "queue_end_process", "filename": "preagg8_lccdec8_4jobthscore8a7#99922248-7#87262016-7#53576739-7#96683183", "unix_time": 1620683275.2589717}
preagg8_lccdec8_4jobthscore8b7#99922248-7#87262016-7#53576739-7#96683183
INFO:ccdag_utils.py:runtime_stat:{"task_name": "preagg8", "event": "queue_end_process", "filename": "preagg8_lccdec8_4jobthscore8b7#99922248-7#87262016-7#53576739-7#96683183", "unix_time": 1620683275.2658854}
DEBUG:transfer.py:transfer successful!
INFO:circe.py:runtime_stat:{"task_name": "circe", "event": "new_output_file", "filename": "preagg8_lccdec8_4jobthscore8b7#99922248-7#87262016-7#53576739-7#96683183", "unix_time": 1620683275.4742997}
DEBUG:transfer.py:sshpass -p PASSWORD scp -P 5000 -o StrictHostKeyChecking=no /jupiter/circe_output/preagg8_lccdec8_4jobthscore8b7#99922248-7#87262016-7#53576739-7#96683183 root@10.96.248.236:/jupiter/circe_input/
DEBUG:transfer.py:transfer successful!
INFO:circe.py:runtime_stat:{"task_name": "circe", "event": "new_input_file", "filename": "score8a_preagg8_4jobth7#99922248-7#87262016-7#53576739-7#96683183", "unix_time": 1620683282.8884363}
INFO:ccdag_utils.py:runtime_stat:{"task_name": "preagg8", "event": "queue_start_process", "filename": "score8a_preagg8_4jobth7#99922248-7#87262016-7#53576739-7#96683183", "unix_time": 1620683283.275079}
INFO:circe.py:runtime_stat:{"task_name": "circe", "event": "new_input_file", "filename": "score8b_preagg8_5jobth7#21022509-7#43317555-7#04382468-7#18265540", "unix_time": 1620683307.954796}
INFO:ccdag_utils.py:runtime_stat:{"task_name": "preagg8", "event": "queue_start_process", "filename": "score8b_preagg8_5jobth7#21022509-7#43317555-7#04382468-7#18265540", "unix_time": 1620683308.3670568}
INFO:circe.py:runtime_stat:{"task_name": "circe", "event": "new_input_file", "filename": "score8c_preagg8_5jobth7#21022509-7#43317555-7#04382468-7#18265540", "unix_time": 1620683309.5183094}
INFO:ccdag_utils.py:runtime_stat:{"task_name": "preagg8", "event": "queue_start_process", "filename": "score8c_preagg8_5jobth7#21022509-7#43317555-7#04382468-7#18265540", "unix_time": 1620683310.427615}
preagg8_lccdec8_5jobthscore8a7#21022509-7#43317555-7#04382468-7#18265540
INFO:circe.py:runtime_stat:{"task_name": "circe", "event": "new_output_file", "filename": "preagg8_lccdec8_5jobthscore8a7#21022509-7#43317555-7#04382468-7#18265540", "unix_time": 1620683310.4979506}
DEBUG:transfer.py:sshpass -p PASSWORD scp -P 5000 -o StrictHostKeyChecking=no /jupiter/circe_output/preagg8_lccdec8_5jobthscore8a7#21022509-7#43317555-7#04382468-7#18265540 root@10.96.248.236:/jupiter/circe_input/
INFO:ccdag_utils.py:runtime_stat:{"task_name": "preagg8", "event": "queue_end_process", "filename": "preagg8_lccdec8_5jobthscore8a7#21022509-7#43317555-7#04382468-7#18265540", "unix_time": 1620683310.5028834}
preagg8_lccdec8_5jobthscore8b7#21022509-7#43317555-7#04382468-7#18265540
INFO:ccdag_utils.py:runtime_stat:{"task_name": "preagg8", "event": "queue_end_process", "filename": "preagg8_lccdec8_5jobthscore8b7#21022509-7#43317555-7#04382468-7#18265540", "unix_time": 1620683310.5093977}
DEBUG:transfer.py:transfer successful!
INFO:circe.py:runtime_stat:{"task_name": "circe", "event": "new_output_file", "filename": "preagg8_lccdec8_5jobthscore8b7#21022509-7#43317555-7#04382468-7#18265540", "unix_time": 1620683310.7115283}
DEBUG:transfer.py:sshpass -p PASSWORD scp -P 5000 -o StrictHostKeyChecking=no /jupiter/circe_output/preagg8_lccdec8_5jobthscore8b7#21022509-7#43317555-7#04382468-7#18265540 root@10.96.248.236:/jupiter/circe_input/
DEBUG:transfer.py:transfer successful!
INFO:circe.py:runtime_stat:{"task_name": "circe", "event": "new_input_file", "filename": "score8a_preagg8_5jobth7#21022509-7#43317555-7#04382468-7#18265540", "unix_time": 1620683317.3391254}
INFO:ccdag_utils.py:runtime_stat:{"task_name": "preagg8", "event": "queue_start_process", "filename": "score8a_preagg8_5jobth7#21022509-7#43317555-7#04382468-7#18265540", "unix_time": 1620683317.518826}
