 * Starting OpenBSD Secure Shell server sshd
   ...done.
INFO:circe.py:Using base script lccdec.py
DEBUG:circe.py:starting the input monitoring process
DEBUG:circe.py:starting the output monitoring process
INFO:circe.py:runtime_stat:{"task_name": "circe", "event": "new_input_file", "filename": "preagg8_lccdec8_1jobthscore8a7#53862325-7#92941654-7#37189228-7#65476208", "unix_time": 1620686709.2992346}
INFO:ccdag_utils.py:runtime_stat:{"task_name": "lccdec8", "event": "queue_start_process", "filename": "preagg8_lccdec8_1jobthscore8a7#53862325-7#92941654-7#37189228-7#65476208", "unix_time": 1620686709.299785}
INFO:circe.py:runtime_stat:{"task_name": "circe", "event": "new_input_file", "filename": "preagg8_lccdec8_1jobthscore8b7#53862325-7#92941654-7#37189228-7#65476208", "unix_time": 1620686709.520071}
INFO:ccdag_utils.py:runtime_stat:{"task_name": "lccdec8", "event": "queue_start_process", "filename": "preagg8_lccdec8_1jobthscore8b7#53862325-7#92941654-7#37189228-7#65476208", "unix_time": 1620686709.520873}
INFO:circe.py:runtime_stat:{"task_name": "circe", "event": "new_output_file", "filename": "lccdec8_home_1jobth7#53862325-7#92941654-7#37189228-7#65476208", "unix_time": 1620686709.5715663}
DEBUG:transfer.py:sshpass -p PASSWORD scp -P 5000 -o StrictHostKeyChecking=no /jupiter/circe_output/lccdec8_home_1jobth7#53862325-7#92941654-7#37189228-7#65476208 root@10.110.213.51:/jupiter/circe_input/
INFO:ccdag_utils.py:runtime_stat:{"task_name": "lccdec8", "event": "queue_end_process", "filename": "lccdec8_home_1jobth7#53862325-7#92941654-7#37189228-7#65476208", "unix_time": 1620686709.5807602}
Warning: Permanently added '[10.110.213.51]:5000' (ECDSA) to the list of known hosts.
DEBUG:transfer.py:transfer successful!
INFO:circe.py:runtime_stat:{"task_name": "circe", "event": "new_input_file", "filename": "preagg8_lccdec8_2jobthscore8a7#72190460-7#22681303-7#44565499-7#73714867", "unix_time": 1620686711.4153433}
INFO:ccdag_utils.py:runtime_stat:{"task_name": "lccdec8", "event": "queue_start_process", "filename": "preagg8_lccdec8_2jobthscore8a7#72190460-7#22681303-7#44565499-7#73714867", "unix_time": 1620686711.4160028}
INFO:circe.py:runtime_stat:{"task_name": "circe", "event": "new_input_file", "filename": "preagg8_lccdec8_2jobthscore8b7#72190460-7#22681303-7#44565499-7#73714867", "unix_time": 1620686711.6311812}
INFO:ccdag_utils.py:runtime_stat:{"task_name": "lccdec8", "event": "queue_start_process", "filename": "preagg8_lccdec8_2jobthscore8b7#72190460-7#22681303-7#44565499-7#73714867", "unix_time": 1620686711.631562}
INFO:circe.py:runtime_stat:{"task_name": "circe", "event": "new_output_file", "filename": "lccdec8_home_2jobth7#72190460-7#22681303-7#44565499-7#73714867", "unix_time": 1620686711.645237}
DEBUG:transfer.py:sshpass -p PASSWORD scp -P 5000 -o StrictHostKeyChecking=no /jupiter/circe_output/lccdec8_home_2jobth7#72190460-7#22681303-7#44565499-7#73714867 root@10.110.213.51:/jupiter/circe_input/
INFO:ccdag_utils.py:runtime_stat:{"task_name": "lccdec8", "event": "queue_end_process", "filename": "lccdec8_home_2jobth7#72190460-7#22681303-7#44565499-7#73714867", "unix_time": 1620686711.6509244}
DEBUG:transfer.py:transfer successful!
INFO:circe.py:runtime_stat:{"task_name": "circe", "event": "new_input_file", "filename": "preagg8_lccdec8_3jobthscore8a7#72496907-7#01870689-7#87476704-7#16257103", "unix_time": 1620686720.6432183}
INFO:ccdag_utils.py:runtime_stat:{"task_name": "lccdec8", "event": "queue_start_process", "filename": "preagg8_lccdec8_3jobthscore8a7#72496907-7#01870689-7#87476704-7#16257103", "unix_time": 1620686720.6438906}
INFO:circe.py:runtime_stat:{"task_name": "circe", "event": "new_input_file", "filename": "preagg8_lccdec8_3jobthscore8b7#72496907-7#01870689-7#87476704-7#16257103", "unix_time": 1620686720.8698573}
INFO:ccdag_utils.py:runtime_stat:{"task_name": "lccdec8", "event": "queue_start_process", "filename": "preagg8_lccdec8_3jobthscore8b7#72496907-7#01870689-7#87476704-7#16257103", "unix_time": 1620686720.8704195}
INFO:circe.py:runtime_stat:{"task_name": "circe", "event": "new_output_file", "filename": "lccdec8_home_3jobth7#72496907-7#01870689-7#87476704-7#16257103", "unix_time": 1620686720.8835623}
DEBUG:transfer.py:sshpass -p PASSWORD scp -P 5000 -o StrictHostKeyChecking=no /jupiter/circe_output/lccdec8_home_3jobth7#72496907-7#01870689-7#87476704-7#16257103 root@10.110.213.51:/jupiter/circe_input/
INFO:ccdag_utils.py:runtime_stat:{"task_name": "lccdec8", "event": "queue_end_process", "filename": "lccdec8_home_3jobth7#72496907-7#01870689-7#87476704-7#16257103", "unix_time": 1620686720.8893251}
DEBUG:transfer.py:transfer successful!
INFO:circe.py:runtime_stat:{"task_name": "circe", "event": "new_input_file", "filename": "preagg8_lccdec8_4jobthscore8a7#76517002-7#76565719-7#96172072-7#68102534", "unix_time": 1620686730.8571303}
INFO:ccdag_utils.py:runtime_stat:{"task_name": "lccdec8", "event": "queue_start_process", "filename": "preagg8_lccdec8_4jobthscore8a7#76517002-7#76565719-7#96172072-7#68102534", "unix_time": 1620686730.857613}
INFO:circe.py:runtime_stat:{"task_name": "circe", "event": "new_input_file", "filename": "preagg8_lccdec8_4jobthscore8b7#76517002-7#76565719-7#96172072-7#68102534", "unix_time": 1620686731.0750508}
INFO:ccdag_utils.py:runtime_stat:{"task_name": "lccdec8", "event": "queue_start_process", "filename": "preagg8_lccdec8_4jobthscore8b7#76517002-7#76565719-7#96172072-7#68102534", "unix_time": 1620686731.0755773}
INFO:circe.py:runtime_stat:{"task_name": "circe", "event": "new_output_file", "filename": "lccdec8_home_4jobth7#76517002-7#76565719-7#96172072-7#68102534", "unix_time": 1620686731.0904827}
DEBUG:transfer.py:sshpass -p PASSWORD scp -P 5000 -o StrictHostKeyChecking=no /jupiter/circe_output/lccdec8_home_4jobth7#76517002-7#76565719-7#96172072-7#68102534 root@10.110.213.51:/jupiter/circe_input/
INFO:ccdag_utils.py:runtime_stat:{"task_name": "lccdec8", "event": "queue_end_process", "filename": "lccdec8_home_4jobth7#76517002-7#76565719-7#96172072-7#68102534", "unix_time": 1620686731.0919824}
DEBUG:transfer.py:transfer successful!
INFO:circe.py:runtime_stat:{"task_name": "circe", "event": "new_input_file", "filename": "preagg8_lccdec8_5jobthscore8a7#70829478-7#31816638-7#59123903-7#94177488", "unix_time": 1620686734.0026932}
INFO:ccdag_utils.py:runtime_stat:{"task_name": "lccdec8", "event": "queue_start_process", "filename": "preagg8_lccdec8_5jobthscore8a7#70829478-7#31816638-7#59123903-7#94177488", "unix_time": 1620686734.0034158}
INFO:circe.py:runtime_stat:{"task_name": "circe", "event": "new_input_file", "filename": "preagg8_lccdec8_5jobthscore8b7#70829478-7#31816638-7#59123903-7#94177488", "unix_time": 1620686734.2100604}
INFO:ccdag_utils.py:runtime_stat:{"task_name": "lccdec8", "event": "queue_start_process", "filename": "preagg8_lccdec8_5jobthscore8b7#70829478-7#31816638-7#59123903-7#94177488", "unix_time": 1620686734.2105145}
INFO:circe.py:runtime_stat:{"task_name": "circe", "event": "new_output_file", "filename": "lccdec8_home_5jobth7#70829478-7#31816638-7#59123903-7#94177488", "unix_time": 1620686734.22711}
DEBUG:transfer.py:sshpass -p PASSWORD scp -P 5000 -o StrictHostKeyChecking=no /jupiter/circe_output/lccdec8_home_5jobth7#70829478-7#31816638-7#59123903-7#94177488 root@10.110.213.51:/jupiter/circe_input/
INFO:ccdag_utils.py:runtime_stat:{"task_name": "lccdec8", "event": "queue_end_process", "filename": "lccdec8_home_5jobth7#70829478-7#31816638-7#59123903-7#94177488", "unix_time": 1620686734.2318554}
DEBUG:transfer.py:transfer successful!
