 * Starting OpenBSD Secure Shell server sshd
   ...done.
INFO:circe.py:Using base script score.py
DEBUG:circe.py:starting the input monitoring process
DEBUG:circe.py:starting the output monitoring process
INFO:circe.py:runtime_stat:{"task_name": "circe", "event": "new_input_file", "filename": "lccenc4_score4c_3#99904830-3#03147318-3#62868225-3#47677912jobid2.csv", "unix_time": 1620589376.5354733}
INFO:ccdag_utils.py:runtime_stat:{"task_name": "score4c", "event": "queue_start_process", "filename": "lccenc4_score4c_3#99904830-3#03147318-3#62868225-3#47677912jobid2.csv", "unix_time": 1620589376.9632263}
['tiger21.JPEG', 'tiger22.JPEG', 'tiger23.JPEG', 'tiger24.JPEG', 'tiger25.JPEG', 'tiger26.JPEG', 'tiger27.JPEG', 'tiger28.JPEG', 'tiger29.JPEG', 'tiger30.JPEG']
INFO:circe.py:runtime_stat:{"task_name": "circe", "event": "new_output_file", "filename": "score4c_preagg4_2jobth3#99904830-3#03147318-3#62868225-3#47677912", "unix_time": 1620589378.5195508}
DEBUG:transfer.py:sshpass -p PASSWORD scp -P 5000 -o StrictHostKeyChecking=no /jupiter/circe_output/score4c_preagg4_2jobth3#99904830-3#03147318-3#62868225-3#47677912 root@10.101.169.227:/jupiter/circe_input/
INFO:ccdag_utils.py:runtime_stat:{"task_name": "score4c", "event": "queue_end_process", "filename": "score4c_preagg4_2jobth3#99904830-3#03147318-3#62868225-3#47677912", "unix_time": 1620589378.5277739}
Warning: Permanently added '[10.101.169.227]:5000' (ECDSA) to the list of known hosts.
DEBUG:transfer.py:transfer successful!
INFO:circe.py:runtime_stat:{"task_name": "circe", "event": "new_input_file", "filename": "lccenc4_score4c_3#20778576-3#83976113-3#92221545-3#11190924jobid2.csv", "unix_time": 1620589431.7143939}
INFO:ccdag_utils.py:runtime_stat:{"task_name": "score4c", "event": "queue_start_process", "filename": "lccenc4_score4c_3#20778576-3#83976113-3#92221545-3#11190924jobid2.csv", "unix_time": 1620589432.5877028}
['tiger21.JPEG', 'tiger22.JPEG', 'tiger23.JPEG', 'tiger24.JPEG', 'tiger25.JPEG', 'tiger26.JPEG', 'tiger27.JPEG', 'tiger28.JPEG', 'tiger29.JPEG', 'tiger30.JPEG']
INFO:circe.py:runtime_stat:{"task_name": "circe", "event": "new_output_file", "filename": "score4c_preagg4_2jobth3#20778576-3#83976113-3#92221545-3#11190924", "unix_time": 1620589434.0916562}
DEBUG:transfer.py:sshpass -p PASSWORD scp -P 5000 -o StrictHostKeyChecking=no /jupiter/circe_output/score4c_preagg4_2jobth3#20778576-3#83976113-3#92221545-3#11190924 root@10.101.169.227:/jupiter/circe_input/
INFO:ccdag_utils.py:runtime_stat:{"task_name": "score4c", "event": "queue_end_process", "filename": "score4c_preagg4_2jobth3#20778576-3#83976113-3#92221545-3#11190924", "unix_time": 1620589434.092788}
DEBUG:transfer.py:transfer successful!
INFO:circe.py:runtime_stat:{"task_name": "circe", "event": "new_input_file", "filename": "lccenc4_score4c_3#57800441-3#79663040-3#52067035-3#77843637jobid2.csv", "unix_time": 1620589462.9188268}
INFO:ccdag_utils.py:runtime_stat:{"task_name": "score4c", "event": "queue_start_process", "filename": "lccenc4_score4c_3#57800441-3#79663040-3#52067035-3#77843637jobid2.csv", "unix_time": 1620589463.1326525}
['tiger21.JPEG', 'tiger22.JPEG', 'tiger23.JPEG', 'tiger24.JPEG', 'tiger25.JPEG', 'tiger26.JPEG', 'tiger27.JPEG', 'tiger28.JPEG', 'tiger29.JPEG', 'tiger30.JPEG']
INFO:ccdag_utils.py:runtime_stat:{"task_name": "score4c", "event": "queue_end_process", "filename": "score4c_preagg4_2jobth3#57800441-3#79663040-3#52067035-3#77843637", "unix_time": 1620589464.7168593}
INFO:circe.py:runtime_stat:{"task_name": "circe", "event": "new_output_file", "filename": "score4c_preagg4_2jobth3#57800441-3#79663040-3#52067035-3#77843637", "unix_time": 1620589464.718786}
DEBUG:transfer.py:sshpass -p PASSWORD scp -P 5000 -o StrictHostKeyChecking=no /jupiter/circe_output/score4c_preagg4_2jobth3#57800441-3#79663040-3#52067035-3#77843637 root@10.101.169.227:/jupiter/circe_input/
DEBUG:transfer.py:transfer successful!
INFO:circe.py:runtime_stat:{"task_name": "circe", "event": "new_input_file", "filename": "lccenc4_score4c_3#46923189-3#82551562-3#23226684-3#39694868jobid1.csv", "unix_time": 1620589492.0996904}
INFO:ccdag_utils.py:runtime_stat:{"task_name": "score4c", "event": "queue_start_process", "filename": "lccenc4_score4c_3#46923189-3#82551562-3#23226684-3#39694868jobid1.csv", "unix_time": 1620589492.749047}
['tiger21.JPEG', 'tiger22.JPEG', 'tiger23.JPEG', 'tiger24.JPEG', 'tiger25.JPEG', 'tiger26.JPEG', 'tiger27.JPEG', 'tiger28.JPEG', 'tiger29.JPEG', 'tiger30.JPEG']
INFO:circe.py:runtime_stat:{"task_name": "circe", "event": "new_output_file", "filename": "score4c_preagg4_1jobth3#46923189-3#82551562-3#23226684-3#39694868", "unix_time": 1620589494.2486556}
DEBUG:transfer.py:sshpass -p PASSWORD scp -P 5000 -o StrictHostKeyChecking=no /jupiter/circe_output/score4c_preagg4_1jobth3#46923189-3#82551562-3#23226684-3#39694868 root@10.101.169.227:/jupiter/circe_input/
INFO:ccdag_utils.py:runtime_stat:{"task_name": "score4c", "event": "queue_end_process", "filename": "score4c_preagg4_1jobth3#46923189-3#82551562-3#23226684-3#39694868", "unix_time": 1620589494.2556753}
DEBUG:transfer.py:transfer successful!
INFO:circe.py:runtime_stat:{"task_name": "circe", "event": "new_input_file", "filename": "lccenc4_score4c_3#44050744-3#92621446-3#23472243-3#33596729jobid2.csv", "unix_time": 1620589738.5506666}
INFO:ccdag_utils.py:runtime_stat:{"task_name": "score4c", "event": "queue_start_process", "filename": "lccenc4_score4c_3#44050744-3#92621446-3#23472243-3#33596729jobid2.csv", "unix_time": 1620589739.5054977}
['tiger21.JPEG', 'tiger22.JPEG', 'tiger23.JPEG', 'tiger24.JPEG', 'tiger25.JPEG', 'tiger26.JPEG', 'tiger27.JPEG', 'tiger28.JPEG', 'tiger29.JPEG', 'tiger30.JPEG']
INFO:circe.py:runtime_stat:{"task_name": "circe", "event": "new_output_file", "filename": "score4c_preagg4_2jobth3#44050744-3#92621446-3#23472243-3#33596729", "unix_time": 1620589741.0421057}
DEBUG:transfer.py:sshpass -p PASSWORD scp -P 5000 -o StrictHostKeyChecking=no /jupiter/circe_output/score4c_preagg4_2jobth3#44050744-3#92621446-3#23472243-3#33596729 root@10.101.169.227:/jupiter/circe_input/
INFO:ccdag_utils.py:runtime_stat:{"task_name": "score4c", "event": "queue_end_process", "filename": "score4c_preagg4_2jobth3#44050744-3#92621446-3#23472243-3#33596729", "unix_time": 1620589741.0483532}
DEBUG:transfer.py:transfer successful!
INFO:circe.py:runtime_stat:{"task_name": "circe", "event": "new_input_file", "filename": "lccenc4_score4c_3#29556548-3#61856345-3#13379051-3#38760569jobid3.csv", "unix_time": 1620589788.0077202}
INFO:ccdag_utils.py:runtime_stat:{"task_name": "score4c", "event": "queue_start_process", "filename": "lccenc4_score4c_3#29556548-3#61856345-3#13379051-3#38760569jobid3.csv", "unix_time": 1620589788.0967252}
['tiger21.JPEG', 'tiger22.JPEG', 'tiger23.JPEG', 'tiger24.JPEG', 'tiger25.JPEG', 'tiger26.JPEG', 'tiger27.JPEG', 'tiger28.JPEG', 'tiger29.JPEG', 'tiger30.JPEG']
INFO:circe.py:runtime_stat:{"task_name": "circe", "event": "new_output_file", "filename": "score4c_preagg4_3jobth3#29556548-3#61856345-3#13379051-3#38760569", "unix_time": 1620589789.58637}
DEBUG:transfer.py:sshpass -p PASSWORD scp -P 5000 -o StrictHostKeyChecking=no /jupiter/circe_output/score4c_preagg4_3jobth3#29556548-3#61856345-3#13379051-3#38760569 root@10.101.169.227:/jupiter/circe_input/
INFO:ccdag_utils.py:runtime_stat:{"task_name": "score4c", "event": "queue_end_process", "filename": "score4c_preagg4_3jobth3#29556548-3#61856345-3#13379051-3#38760569", "unix_time": 1620589789.5879076}
DEBUG:transfer.py:transfer successful!
INFO:circe.py:runtime_stat:{"task_name": "circe", "event": "new_input_file", "filename": "lccenc4_score4c_3#42586684-3#15263256-3#59250357-3#48410240jobid4.csv", "unix_time": 1620589850.0328035}
INFO:ccdag_utils.py:runtime_stat:{"task_name": "score4c", "event": "queue_start_process", "filename": "lccenc4_score4c_3#42586684-3#15263256-3#59250357-3#48410240jobid4.csv", "unix_time": 1620589850.6550012}
['tiger21.JPEG', 'tiger22.JPEG', 'tiger23.JPEG', 'tiger24.JPEG', 'tiger25.JPEG', 'tiger26.JPEG', 'tiger27.JPEG', 'tiger28.JPEG', 'tiger29.JPEG', 'tiger30.JPEG']
INFO:circe.py:runtime_stat:{"task_name": "circe", "event": "new_output_file", "filename": "score4c_preagg4_4jobth3#42586684-3#15263256-3#59250357-3#48410240", "unix_time": 1620589852.2230475}
DEBUG:transfer.py:sshpass -p PASSWORD scp -P 5000 -o StrictHostKeyChecking=no /jupiter/circe_output/score4c_preagg4_4jobth3#42586684-3#15263256-3#59250357-3#48410240 root@10.101.169.227:/jupiter/circe_input/
INFO:ccdag_utils.py:runtime_stat:{"task_name": "score4c", "event": "queue_end_process", "filename": "score4c_preagg4_4jobth3#42586684-3#15263256-3#59250357-3#48410240", "unix_time": 1620589852.2285311}
DEBUG:transfer.py:transfer successful!
INFO:circe.py:runtime_stat:{"task_name": "circe", "event": "new_input_file", "filename": "lccenc4_score4c_3#55873110-3#82473421-3#61387354-3#72357474jobid5.csv", "unix_time": 1620589895.2883885}
INFO:ccdag_utils.py:runtime_stat:{"task_name": "score4c", "event": "queue_start_process", "filename": "lccenc4_score4c_3#55873110-3#82473421-3#61387354-3#72357474jobid5.csv", "unix_time": 1620589896.280849}
['tiger21.JPEG', 'tiger22.JPEG', 'tiger23.JPEG', 'tiger24.JPEG', 'tiger25.JPEG', 'tiger26.JPEG', 'tiger27.JPEG', 'tiger28.JPEG', 'tiger29.JPEG', 'tiger30.JPEG']
INFO:circe.py:runtime_stat:{"task_name": "circe", "event": "new_output_file", "filename": "score4c_preagg4_5jobth3#55873110-3#82473421-3#61387354-3#72357474", "unix_time": 1620589897.7447114}
DEBUG:transfer.py:sshpass -p PASSWORD scp -P 5000 -o StrictHostKeyChecking=no /jupiter/circe_output/score4c_preagg4_5jobth3#55873110-3#82473421-3#61387354-3#72357474 root@10.101.169.227:/jupiter/circe_input/
INFO:ccdag_utils.py:runtime_stat:{"task_name": "score4c", "event": "queue_end_process", "filename": "score4c_preagg4_5jobth3#55873110-3#82473421-3#61387354-3#72357474", "unix_time": 1620589897.7458668}
DEBUG:transfer.py:transfer successful!
