 * Starting OpenBSD Secure Shell server sshd
   ...done.
INFO:circe.py:Using base script lccenc.py
DEBUG:circe.py:starting the input monitoring process
DEBUG:circe.py:starting the output monitoring process
6
INFO:circe.py:runtime_stat:{"task_name": "circe", "event": "new_input_file", "filename": "storeclass6_lccenc6_77408088imgpersiancatjobid21.JPEG", "unix_time": 1620686756.919094}
INFO:circe.py:runtime_stat:{"task_name": "circe", "event": "new_input_file", "filename": "storeclass6_lccenc6_98569787imgpersiancatjobid21.JPEG", "unix_time": 1620686757.1655643}
INFO:circe.py:runtime_stat:{"task_name": "circe", "event": "new_input_file", "filename": "storeclass6_lccenc6_76726743imgpersiancatjobid21.JPEG", "unix_time": 1620686757.9256294}
INFO:circe.py:runtime_stat:{"task_name": "circe", "event": "new_input_file", "filename": "storeclass6_lccenc6_42540475imgpersiancatjobid21.JPEG", "unix_time": 1620686758.130138}
INFO:circe.py:runtime_stat:{"task_name": "circe", "event": "new_input_file", "filename": "storeclass6_lccenc6_97301390imgpersiancatjobid21.JPEG", "unix_time": 1620686758.335403}
INFO:circe.py:runtime_stat:{"task_name": "circe", "event": "new_input_file", "filename": "storeclass6_lccenc6_56882699imgpersiancatjobid21.JPEG", "unix_time": 1620686758.553177}
INFO:ccdag_utils.py:runtime_stat:{"task_name": "lccenc6", "event": "queue_start_process", "filename": "storeclass6_lccenc6_77408088imgpersiancatjobid21.JPEG", "unix_time": 1620686759.0013912}
INFO:ccdag_utils.py:runtime_stat:{"task_name": "lccenc6", "event": "queue_start_process", "filename": "storeclass6_lccenc6_98569787imgpersiancatjobid21.JPEG", "unix_time": 1620686759.001768}
INFO:ccdag_utils.py:runtime_stat:{"task_name": "lccenc6", "event": "queue_start_process", "filename": "storeclass6_lccenc6_76726743imgpersiancatjobid21.JPEG", "unix_time": 1620686759.0019817}
INFO:ccdag_utils.py:runtime_stat:{"task_name": "lccenc6", "event": "queue_start_process", "filename": "storeclass6_lccenc6_42540475imgpersiancatjobid21.JPEG", "unix_time": 1620686759.0021827}
INFO:ccdag_utils.py:runtime_stat:{"task_name": "lccenc6", "event": "queue_end_process", "filename": "lccenc6_score6a_5#77408088-5#98569787-5#76726743-5#42540475jobid1.csv", "unix_time": 1620686760.250792}
INFO:circe.py:runtime_stat:{"task_name": "circe", "event": "new_output_file", "filename": "lccenc6_score6a_5#77408088-5#98569787-5#76726743-5#42540475jobid1.csv", "unix_time": 1620686760.2517865}
DEBUG:transfer.py:sshpass -p PASSWORD scp -P 5000 -o StrictHostKeyChecking=no /jupiter/circe_output/lccenc6_score6a_5#77408088-5#98569787-5#76726743-5#42540475jobid1.csv root@10.100.226.15:/jupiter/circe_input/
Warning: Permanently added '[10.100.226.15]:5000' (ECDSA) to the list of known hosts.
DEBUG:transfer.py:transfer successful!
INFO:ccdag_utils.py:runtime_stat:{"task_name": "lccenc6", "event": "queue_end_process", "filename": "lccenc6_score6b_5#77408088-5#98569787-5#76726743-5#42540475jobid1.csv", "unix_time": 1620686761.2365358}
INFO:circe.py:runtime_stat:{"task_name": "circe", "event": "new_output_file", "filename": "lccenc6_score6b_5#77408088-5#98569787-5#76726743-5#42540475jobid1.csv", "unix_time": 1620686761.237355}
DEBUG:transfer.py:sshpass -p PASSWORD scp -P 5000 -o StrictHostKeyChecking=no /jupiter/circe_output/lccenc6_score6b_5#77408088-5#98569787-5#76726743-5#42540475jobid1.csv root@10.104.6.112:/jupiter/circe_input/
Warning: Permanently added '[10.104.6.112]:5000' (ECDSA) to the list of known hosts.
DEBUG:transfer.py:transfer successful!
INFO:circe.py:runtime_stat:{"task_name": "circe", "event": "new_output_file", "filename": "lccenc6_score6c_5#77408088-5#98569787-5#76726743-5#42540475jobid1.csv", "unix_time": 1620686762.2731056}
DEBUG:transfer.py:sshpass -p PASSWORD scp -P 5000 -o StrictHostKeyChecking=no /jupiter/circe_output/lccenc6_score6c_5#77408088-5#98569787-5#76726743-5#42540475jobid1.csv root@10.104.194.92:/jupiter/circe_input/
INFO:ccdag_utils.py:runtime_stat:{"task_name": "lccenc6", "event": "queue_end_process", "filename": "lccenc6_score6c_5#77408088-5#98569787-5#76726743-5#42540475jobid1.csv", "unix_time": 1620686762.278878}
Warning: Permanently added '[10.104.194.92]:5000' (ECDSA) to the list of known hosts.
DEBUG:transfer.py:transfer successful!
INFO:circe.py:runtime_stat:{"task_name": "circe", "event": "new_input_file", "filename": "storeclass6_lccenc6_83035098imgpersiancatjobid22.JPEG", "unix_time": 1620686766.981253}
INFO:circe.py:runtime_stat:{"task_name": "circe", "event": "new_input_file", "filename": "storeclass6_lccenc6_54572735imgpersiancatjobid22.JPEG", "unix_time": 1620686767.9935396}
INFO:circe.py:runtime_stat:{"task_name": "circe", "event": "new_input_file", "filename": "storeclass6_lccenc6_97311691imgpersiancatjobid22.JPEG", "unix_time": 1620686768.2137024}
INFO:ccdag_utils.py:runtime_stat:{"task_name": "lccenc6", "event": "queue_start_process", "filename": "storeclass6_lccenc6_97301390imgpersiancatjobid21.JPEG", "unix_time": 1620686768.286498}
INFO:ccdag_utils.py:runtime_stat:{"task_name": "lccenc6", "event": "queue_start_process", "filename": "storeclass6_lccenc6_56882699imgpersiancatjobid21.JPEG", "unix_time": 1620686768.2868097}
INFO:ccdag_utils.py:runtime_stat:{"task_name": "lccenc6", "event": "queue_start_process", "filename": "storeclass6_lccenc6_83035098imgpersiancatjobid22.JPEG", "unix_time": 1620686768.2870839}
INFO:ccdag_utils.py:runtime_stat:{"task_name": "lccenc6", "event": "queue_start_process", "filename": "storeclass6_lccenc6_54572735imgpersiancatjobid22.JPEG", "unix_time": 1620686768.2872746}
INFO:circe.py:runtime_stat:{"task_name": "circe", "event": "new_input_file", "filename": "storeclass6_lccenc6_13382439imgpersiancatjobid22.JPEG", "unix_time": 1620686768.4534636}
INFO:circe.py:runtime_stat:{"task_name": "circe", "event": "new_input_file", "filename": "storeclass6_lccenc6_96546139imgpersiancatjobid22.JPEG", "unix_time": 1620686769.0121875}
INFO:circe.py:runtime_stat:{"task_name": "circe", "event": "new_input_file", "filename": "storeclass6_lccenc6_93815711imgpersiancatjobid22.JPEG", "unix_time": 1620686769.0127797}
INFO:circe.py:runtime_stat:{"task_name": "circe", "event": "new_input_file", "filename": "storeclass6_lccenc6_11021913imgpersiancatjobid22.JPEG", "unix_time": 1620686769.5190382}
INFO:circe.py:runtime_stat:{"task_name": "circe", "event": "new_input_file", "filename": "storeclass6_lccenc6_26032880imgpersiancatjobid22.JPEG", "unix_time": 1620686769.5201929}
INFO:circe.py:runtime_stat:{"task_name": "circe", "event": "new_output_file", "filename": "lccenc6_score6a_5#97301390-5#56882699-5#83035098-5#54572735jobid2.csv", "unix_time": 1620686769.529661}
DEBUG:transfer.py:sshpass -p PASSWORD scp -P 5000 -o StrictHostKeyChecking=no /jupiter/circe_output/lccenc6_score6a_5#97301390-5#56882699-5#83035098-5#54572735jobid2.csv root@10.100.226.15:/jupiter/circe_input/
INFO:ccdag_utils.py:runtime_stat:{"task_name": "lccenc6", "event": "queue_end_process", "filename": "lccenc6_score6a_5#97301390-5#56882699-5#83035098-5#54572735jobid2.csv", "unix_time": 1620686769.5345955}
DEBUG:transfer.py:transfer successful!
INFO:circe.py:runtime_stat:{"task_name": "circe", "event": "new_input_file", "filename": "storeclass6_lccenc6_01787106imgpersiancatjobid22.JPEG", "unix_time": 1620686770.0494814}
INFO:ccdag_utils.py:runtime_stat:{"task_name": "lccenc6", "event": "queue_end_process", "filename": "lccenc6_score6b_5#97301390-5#56882699-5#83035098-5#54572735jobid2.csv", "unix_time": 1620686770.5694418}
INFO:circe.py:runtime_stat:{"task_name": "circe", "event": "new_output_file", "filename": "lccenc6_score6b_5#97301390-5#56882699-5#83035098-5#54572735jobid2.csv", "unix_time": 1620686770.570295}
DEBUG:transfer.py:sshpass -p PASSWORD scp -P 5000 -o StrictHostKeyChecking=no /jupiter/circe_output/lccenc6_score6b_5#97301390-5#56882699-5#83035098-5#54572735jobid2.csv root@10.104.6.112:/jupiter/circe_input/
DEBUG:transfer.py:transfer successful!
INFO:ccdag_utils.py:runtime_stat:{"task_name": "lccenc6", "event": "queue_end_process", "filename": "lccenc6_score6c_5#97301390-5#56882699-5#83035098-5#54572735jobid2.csv", "unix_time": 1620686771.61752}
INFO:ccdag_utils.py:runtime_stat:{"task_name": "lccenc6", "event": "queue_start_process", "filename": "storeclass6_lccenc6_97311691imgpersiancatjobid22.JPEG", "unix_time": 1620686771.6179779}
INFO:ccdag_utils.py:runtime_stat:{"task_name": "lccenc6", "event": "queue_start_process", "filename": "storeclass6_lccenc6_13382439imgpersiancatjobid22.JPEG", "unix_time": 1620686771.6182241}
INFO:ccdag_utils.py:runtime_stat:{"task_name": "lccenc6", "event": "queue_start_process", "filename": "storeclass6_lccenc6_96546139imgpersiancatjobid22.JPEG", "unix_time": 1620686771.6184237}
INFO:ccdag_utils.py:runtime_stat:{"task_name": "lccenc6", "event": "queue_start_process", "filename": "storeclass6_lccenc6_93815711imgpersiancatjobid22.JPEG", "unix_time": 1620686771.6186168}
INFO:circe.py:runtime_stat:{"task_name": "circe", "event": "new_output_file", "filename": "lccenc6_score6c_5#97301390-5#56882699-5#83035098-5#54572735jobid2.csv", "unix_time": 1620686771.6202345}
DEBUG:transfer.py:sshpass -p PASSWORD scp -P 5000 -o StrictHostKeyChecking=no /jupiter/circe_output/lccenc6_score6c_5#97301390-5#56882699-5#83035098-5#54572735jobid2.csv root@10.104.194.92:/jupiter/circe_input/
DEBUG:transfer.py:transfer successful!
INFO:circe.py:runtime_stat:{"task_name": "circe", "event": "new_output_file", "filename": "lccenc6_score6a_5#97311691-5#13382439-5#96546139-5#93815711jobid3.csv", "unix_time": 1620686772.7875423}
DEBUG:transfer.py:sshpass -p PASSWORD scp -P 5000 -o StrictHostKeyChecking=no /jupiter/circe_output/lccenc6_score6a_5#97311691-5#13382439-5#96546139-5#93815711jobid3.csv root@10.100.226.15:/jupiter/circe_input/
INFO:ccdag_utils.py:runtime_stat:{"task_name": "lccenc6", "event": "queue_end_process", "filename": "lccenc6_score6a_5#97311691-5#13382439-5#96546139-5#93815711jobid3.csv", "unix_time": 1620686772.791841}
DEBUG:transfer.py:transfer successful!
INFO:ccdag_utils.py:runtime_stat:{"task_name": "lccenc6", "event": "queue_end_process", "filename": "lccenc6_score6b_5#97311691-5#13382439-5#96546139-5#93815711jobid3.csv", "unix_time": 1620686773.7800474}
INFO:circe.py:runtime_stat:{"task_name": "circe", "event": "new_output_file", "filename": "lccenc6_score6b_5#97311691-5#13382439-5#96546139-5#93815711jobid3.csv", "unix_time": 1620686773.7811828}
DEBUG:transfer.py:sshpass -p PASSWORD scp -P 5000 -o StrictHostKeyChecking=no /jupiter/circe_output/lccenc6_score6b_5#97311691-5#13382439-5#96546139-5#93815711jobid3.csv root@10.104.6.112:/jupiter/circe_input/
DEBUG:transfer.py:transfer successful!
INFO:ccdag_utils.py:runtime_stat:{"task_name": "lccenc6", "event": "queue_end_process", "filename": "lccenc6_score6c_5#97311691-5#13382439-5#96546139-5#93815711jobid3.csv", "unix_time": 1620686774.7789037}
INFO:circe.py:runtime_stat:{"task_name": "circe", "event": "new_output_file", "filename": "lccenc6_score6c_5#97311691-5#13382439-5#96546139-5#93815711jobid3.csv", "unix_time": 1620686774.780173}
DEBUG:transfer.py:sshpass -p PASSWORD scp -P 5000 -o StrictHostKeyChecking=no /jupiter/circe_output/lccenc6_score6c_5#97311691-5#13382439-5#96546139-5#93815711jobid3.csv root@10.104.194.92:/jupiter/circe_input/
DEBUG:transfer.py:transfer successful!
INFO:circe.py:runtime_stat:{"task_name": "circe", "event": "new_input_file", "filename": "storeclass6_lccenc6_50892886imgpersiancatjobid23.JPEG", "unix_time": 1620686779.0787046}
INFO:circe.py:runtime_stat:{"task_name": "circe", "event": "new_input_file", "filename": "storeclass6_lccenc6_24658464imgpersiancatjobid23.JPEG", "unix_time": 1620686779.2975175}
INFO:circe.py:runtime_stat:{"task_name": "circe", "event": "new_input_file", "filename": "storeclass6_lccenc6_81596670imgpersiancatjobid23.JPEG", "unix_time": 1620686779.5158873}
INFO:circe.py:runtime_stat:{"task_name": "circe", "event": "new_input_file", "filename": "storeclass6_lccenc6_98458051imgpersiancatjobid23.JPEG", "unix_time": 1620686779.7437637}
INFO:ccdag_utils.py:runtime_stat:{"task_name": "lccenc6", "event": "queue_start_process", "filename": "storeclass6_lccenc6_11021913imgpersiancatjobid22.JPEG", "unix_time": 1620686779.7871425}
INFO:ccdag_utils.py:runtime_stat:{"task_name": "lccenc6", "event": "queue_start_process", "filename": "storeclass6_lccenc6_26032880imgpersiancatjobid22.JPEG", "unix_time": 1620686779.7875006}
INFO:ccdag_utils.py:runtime_stat:{"task_name": "lccenc6", "event": "queue_start_process", "filename": "storeclass6_lccenc6_01787106imgpersiancatjobid22.JPEG", "unix_time": 1620686779.7876952}
INFO:ccdag_utils.py:runtime_stat:{"task_name": "lccenc6", "event": "queue_start_process", "filename": "storeclass6_lccenc6_50892886imgpersiancatjobid23.JPEG", "unix_time": 1620686779.7878704}
INFO:circe.py:runtime_stat:{"task_name": "circe", "event": "new_input_file", "filename": "storeclass6_lccenc6_67091113imgpersiancatjobid23.JPEG", "unix_time": 1620686779.9623547}
INFO:circe.py:runtime_stat:{"task_name": "circe", "event": "new_input_file", "filename": "storeclass6_lccenc6_31363251imgpersiancatjobid23.JPEG", "unix_time": 1620686780.440538}
INFO:circe.py:runtime_stat:{"task_name": "circe", "event": "new_input_file", "filename": "storeclass6_lccenc6_67209781imgpersiancatjobid23.JPEG", "unix_time": 1620686780.4414058}
INFO:circe.py:runtime_stat:{"task_name": "circe", "event": "new_input_file", "filename": "storeclass6_lccenc6_91145176imgpersiancatjobid23.JPEG", "unix_time": 1620686780.9293249}
INFO:ccdag_utils.py:runtime_stat:{"task_name": "lccenc6", "event": "queue_end_process", "filename": "lccenc6_score6a_5#11021913-5#26032880-5#01787106-5#50892886jobid4.csv", "unix_time": 1620686780.9466522}
INFO:circe.py:runtime_stat:{"task_name": "circe", "event": "new_output_file", "filename": "lccenc6_score6a_5#11021913-5#26032880-5#01787106-5#50892886jobid4.csv", "unix_time": 1620686780.9474876}
DEBUG:transfer.py:sshpass -p PASSWORD scp -P 5000 -o StrictHostKeyChecking=no /jupiter/circe_output/lccenc6_score6a_5#11021913-5#26032880-5#01787106-5#50892886jobid4.csv root@10.100.226.15:/jupiter/circe_input/
DEBUG:transfer.py:transfer successful!
INFO:ccdag_utils.py:runtime_stat:{"task_name": "lccenc6", "event": "queue_end_process", "filename": "lccenc6_score6b_5#11021913-5#26032880-5#01787106-5#50892886jobid4.csv", "unix_time": 1620686782.026757}
INFO:circe.py:runtime_stat:{"task_name": "circe", "event": "new_output_file", "filename": "lccenc6_score6b_5#11021913-5#26032880-5#01787106-5#50892886jobid4.csv", "unix_time": 1620686782.028055}
DEBUG:transfer.py:sshpass -p PASSWORD scp -P 5000 -o StrictHostKeyChecking=no /jupiter/circe_output/lccenc6_score6b_5#11021913-5#26032880-5#01787106-5#50892886jobid4.csv root@10.104.6.112:/jupiter/circe_input/
DEBUG:transfer.py:transfer successful!
INFO:ccdag_utils.py:runtime_stat:{"task_name": "lccenc6", "event": "queue_end_process", "filename": "lccenc6_score6c_5#11021913-5#26032880-5#01787106-5#50892886jobid4.csv", "unix_time": 1620686783.1268203}
INFO:ccdag_utils.py:runtime_stat:{"task_name": "lccenc6", "event": "queue_start_process", "filename": "storeclass6_lccenc6_24658464imgpersiancatjobid23.JPEG", "unix_time": 1620686783.1273804}
INFO:ccdag_utils.py:runtime_stat:{"task_name": "lccenc6", "event": "queue_start_process", "filename": "storeclass6_lccenc6_81596670imgpersiancatjobid23.JPEG", "unix_time": 1620686783.1276608}
INFO:ccdag_utils.py:runtime_stat:{"task_name": "lccenc6", "event": "queue_start_process", "filename": "storeclass6_lccenc6_98458051imgpersiancatjobid23.JPEG", "unix_time": 1620686783.127873}
INFO:ccdag_utils.py:runtime_stat:{"task_name": "lccenc6", "event": "queue_start_process", "filename": "storeclass6_lccenc6_67091113imgpersiancatjobid23.JPEG", "unix_time": 1620686783.1280608}
INFO:circe.py:runtime_stat:{"task_name": "circe", "event": "new_output_file", "filename": "lccenc6_score6c_5#11021913-5#26032880-5#01787106-5#50892886jobid4.csv", "unix_time": 1620686783.1399882}
DEBUG:transfer.py:sshpass -p PASSWORD scp -P 5000 -o StrictHostKeyChecking=no /jupiter/circe_output/lccenc6_score6c_5#11021913-5#26032880-5#01787106-5#50892886jobid4.csv root@10.104.194.92:/jupiter/circe_input/
DEBUG:transfer.py:transfer successful!
INFO:ccdag_utils.py:runtime_stat:{"task_name": "lccenc6", "event": "queue_end_process", "filename": "lccenc6_score6a_5#24658464-5#81596670-5#98458051-5#67091113jobid5.csv", "unix_time": 1620686784.301906}
INFO:circe.py:runtime_stat:{"task_name": "circe", "event": "new_output_file", "filename": "lccenc6_score6a_5#24658464-5#81596670-5#98458051-5#67091113jobid5.csv", "unix_time": 1620686784.3027246}
DEBUG:transfer.py:sshpass -p PASSWORD scp -P 5000 -o StrictHostKeyChecking=no /jupiter/circe_output/lccenc6_score6a_5#24658464-5#81596670-5#98458051-5#67091113jobid5.csv root@10.100.226.15:/jupiter/circe_input/
DEBUG:transfer.py:transfer successful!
INFO:ccdag_utils.py:runtime_stat:{"task_name": "lccenc6", "event": "queue_end_process", "filename": "lccenc6_score6b_5#24658464-5#81596670-5#98458051-5#67091113jobid5.csv", "unix_time": 1620686785.3311841}
INFO:circe.py:runtime_stat:{"task_name": "circe", "event": "new_output_file", "filename": "lccenc6_score6b_5#24658464-5#81596670-5#98458051-5#67091113jobid5.csv", "unix_time": 1620686785.8170795}
DEBUG:transfer.py:sshpass -p PASSWORD scp -P 5000 -o StrictHostKeyChecking=no /jupiter/circe_output/lccenc6_score6b_5#24658464-5#81596670-5#98458051-5#67091113jobid5.csv root@10.104.6.112:/jupiter/circe_input/
DEBUG:transfer.py:transfer successful!
INFO:ccdag_utils.py:runtime_stat:{"task_name": "lccenc6", "event": "queue_end_process", "filename": "lccenc6_score6c_5#24658464-5#81596670-5#98458051-5#67091113jobid5.csv", "unix_time": 1620686786.3371437}
INFO:circe.py:runtime_stat:{"task_name": "circe", "event": "new_output_file", "filename": "lccenc6_score6c_5#24658464-5#81596670-5#98458051-5#67091113jobid5.csv", "unix_time": 1620686786.3381834}
DEBUG:transfer.py:sshpass -p PASSWORD scp -P 5000 -o StrictHostKeyChecking=no /jupiter/circe_output/lccenc6_score6c_5#24658464-5#81596670-5#98458051-5#67091113jobid5.csv root@10.104.194.92:/jupiter/circe_input/
DEBUG:transfer.py:transfer successful!
INFO:circe.py:runtime_stat:{"task_name": "circe", "event": "new_input_file", "filename": "storeclass6_lccenc6_63314509imgpersiancatjobid24.JPEG", "unix_time": 1620686791.1099384}
INFO:circe.py:runtime_stat:{"task_name": "circe", "event": "new_input_file", "filename": "storeclass6_lccenc6_06497025imgpersiancatjobid24.JPEG", "unix_time": 1620686791.3404522}
INFO:ccdag_utils.py:runtime_stat:{"task_name": "lccenc6", "event": "queue_start_process", "filename": "storeclass6_lccenc6_31363251imgpersiancatjobid23.JPEG", "unix_time": 1620686791.348218}
INFO:ccdag_utils.py:runtime_stat:{"task_name": "lccenc6", "event": "queue_start_process", "filename": "storeclass6_lccenc6_67209781imgpersiancatjobid23.JPEG", "unix_time": 1620686791.3489707}
INFO:ccdag_utils.py:runtime_stat:{"task_name": "lccenc6", "event": "queue_start_process", "filename": "storeclass6_lccenc6_91145176imgpersiancatjobid23.JPEG", "unix_time": 1620686791.3494601}
INFO:ccdag_utils.py:runtime_stat:{"task_name": "lccenc6", "event": "queue_start_process", "filename": "storeclass6_lccenc6_63314509imgpersiancatjobid24.JPEG", "unix_time": 1620686791.3499622}
INFO:circe.py:runtime_stat:{"task_name": "circe", "event": "new_input_file", "filename": "storeclass6_lccenc6_72744901imgpersiancatjobid24.JPEG", "unix_time": 1620686792.0933688}
INFO:circe.py:runtime_stat:{"task_name": "circe", "event": "new_input_file", "filename": "storeclass6_lccenc6_51048629imgpersiancatjobid24.JPEG", "unix_time": 1620686792.0943224}
INFO:circe.py:runtime_stat:{"task_name": "circe", "event": "new_input_file", "filename": "storeclass6_lccenc6_20439544imgpersiancatjobid24.JPEG", "unix_time": 1620686792.0948331}
INFO:circe.py:runtime_stat:{"task_name": "circe", "event": "new_input_file", "filename": "storeclass6_lccenc6_44328469imgpersiancatjobid24.JPEG", "unix_time": 1620686792.6088762}
INFO:circe.py:runtime_stat:{"task_name": "circe", "event": "new_input_file", "filename": "storeclass6_lccenc6_89686725imgpersiancatjobid24.JPEG", "unix_time": 1620686792.610268}
INFO:ccdag_utils.py:runtime_stat:{"task_name": "lccenc6", "event": "queue_end_process", "filename": "lccenc6_score6a_5#31363251-5#67209781-5#91145176-5#63314509jobid6.csv", "unix_time": 1620686792.6178193}
INFO:circe.py:runtime_stat:{"task_name": "circe", "event": "new_output_file", "filename": "lccenc6_score6a_5#31363251-5#67209781-5#91145176-5#63314509jobid6.csv", "unix_time": 1620686792.6289446}
DEBUG:transfer.py:sshpass -p PASSWORD scp -P 5000 -o StrictHostKeyChecking=no /jupiter/circe_output/lccenc6_score6a_5#31363251-5#67209781-5#91145176-5#63314509jobid6.csv root@10.100.226.15:/jupiter/circe_input/
DEBUG:transfer.py:transfer successful!
INFO:circe.py:runtime_stat:{"task_name": "circe", "event": "new_input_file", "filename": "storeclass6_lccenc6_77706180imgpersiancatjobid24.JPEG", "unix_time": 1620686793.1554298}
INFO:ccdag_utils.py:runtime_stat:{"task_name": "lccenc6", "event": "queue_end_process", "filename": "lccenc6_score6b_5#31363251-5#67209781-5#91145176-5#63314509jobid6.csv", "unix_time": 1620686793.7402072}
INFO:circe.py:runtime_stat:{"task_name": "circe", "event": "new_output_file", "filename": "lccenc6_score6b_5#31363251-5#67209781-5#91145176-5#63314509jobid6.csv", "unix_time": 1620686793.7416837}
DEBUG:transfer.py:sshpass -p PASSWORD scp -P 5000 -o StrictHostKeyChecking=no /jupiter/circe_output/lccenc6_score6b_5#31363251-5#67209781-5#91145176-5#63314509jobid6.csv root@10.104.6.112:/jupiter/circe_input/
DEBUG:transfer.py:transfer successful!
INFO:ccdag_utils.py:runtime_stat:{"task_name": "lccenc6", "event": "queue_end_process", "filename": "lccenc6_score6c_5#31363251-5#67209781-5#91145176-5#63314509jobid6.csv", "unix_time": 1620686794.7699156}
INFO:ccdag_utils.py:runtime_stat:{"task_name": "lccenc6", "event": "queue_start_process", "filename": "storeclass6_lccenc6_06497025imgpersiancatjobid24.JPEG", "unix_time": 1620686794.7704065}
INFO:ccdag_utils.py:runtime_stat:{"task_name": "lccenc6", "event": "queue_start_process", "filename": "storeclass6_lccenc6_72744901imgpersiancatjobid24.JPEG", "unix_time": 1620686794.7706451}
INFO:ccdag_utils.py:runtime_stat:{"task_name": "lccenc6", "event": "queue_start_process", "filename": "storeclass6_lccenc6_51048629imgpersiancatjobid24.JPEG", "unix_time": 1620686794.7708523}
INFO:ccdag_utils.py:runtime_stat:{"task_name": "lccenc6", "event": "queue_start_process", "filename": "storeclass6_lccenc6_20439544imgpersiancatjobid24.JPEG", "unix_time": 1620686794.771078}
INFO:circe.py:runtime_stat:{"task_name": "circe", "event": "new_output_file", "filename": "lccenc6_score6c_5#31363251-5#67209781-5#91145176-5#63314509jobid6.csv", "unix_time": 1620686794.7727742}
DEBUG:transfer.py:sshpass -p PASSWORD scp -P 5000 -o StrictHostKeyChecking=no /jupiter/circe_output/lccenc6_score6c_5#31363251-5#67209781-5#91145176-5#63314509jobid6.csv root@10.104.194.92:/jupiter/circe_input/
DEBUG:transfer.py:transfer successful!
INFO:ccdag_utils.py:runtime_stat:{"task_name": "lccenc6", "event": "queue_end_process", "filename": "lccenc6_score6a_5#06497025-5#72744901-5#51048629-5#20439544jobid7.csv", "unix_time": 1620686795.9370353}
INFO:circe.py:runtime_stat:{"task_name": "circe", "event": "new_output_file", "filename": "lccenc6_score6a_5#06497025-5#72744901-5#51048629-5#20439544jobid7.csv", "unix_time": 1620686795.9378889}
DEBUG:transfer.py:sshpass -p PASSWORD scp -P 5000 -o StrictHostKeyChecking=no /jupiter/circe_output/lccenc6_score6a_5#06497025-5#72744901-5#51048629-5#20439544jobid7.csv root@10.100.226.15:/jupiter/circe_input/
DEBUG:transfer.py:transfer successful!
INFO:ccdag_utils.py:runtime_stat:{"task_name": "lccenc6", "event": "queue_end_process", "filename": "lccenc6_score6b_5#06497025-5#72744901-5#51048629-5#20439544jobid7.csv", "unix_time": 1620686796.9576256}
INFO:circe.py:runtime_stat:{"task_name": "circe", "event": "new_output_file", "filename": "lccenc6_score6b_5#06497025-5#72744901-5#51048629-5#20439544jobid7.csv", "unix_time": 1620686796.958534}
DEBUG:transfer.py:sshpass -p PASSWORD scp -P 5000 -o StrictHostKeyChecking=no /jupiter/circe_output/lccenc6_score6b_5#06497025-5#72744901-5#51048629-5#20439544jobid7.csv root@10.104.6.112:/jupiter/circe_input/
DEBUG:transfer.py:transfer successful!
INFO:ccdag_utils.py:runtime_stat:{"task_name": "lccenc6", "event": "queue_end_process", "filename": "lccenc6_score6c_5#06497025-5#72744901-5#51048629-5#20439544jobid7.csv", "unix_time": 1620686797.9320402}
INFO:circe.py:runtime_stat:{"task_name": "circe", "event": "new_output_file", "filename": "lccenc6_score6c_5#06497025-5#72744901-5#51048629-5#20439544jobid7.csv", "unix_time": 1620686797.9330196}
DEBUG:transfer.py:sshpass -p PASSWORD scp -P 5000 -o StrictHostKeyChecking=no /jupiter/circe_output/lccenc6_score6c_5#06497025-5#72744901-5#51048629-5#20439544jobid7.csv root@10.104.194.92:/jupiter/circe_input/
DEBUG:transfer.py:transfer successful!
INFO:circe.py:runtime_stat:{"task_name": "circe", "event": "new_input_file", "filename": "storeclass6_lccenc6_39782006imgpersiancatjobid25.JPEG", "unix_time": 1620686802.1428144}
INFO:circe.py:runtime_stat:{"task_name": "circe", "event": "new_input_file", "filename": "storeclass6_lccenc6_03400529imgpersiancatjobid25.JPEG", "unix_time": 1620686802.350233}
INFO:circe.py:runtime_stat:{"task_name": "circe", "event": "new_input_file", "filename": "storeclass6_lccenc6_19878122imgpersiancatjobid25.JPEG", "unix_time": 1620686802.5572538}
INFO:circe.py:runtime_stat:{"task_name": "circe", "event": "new_input_file", "filename": "storeclass6_lccenc6_13852414imgpersiancatjobid25.JPEG", "unix_time": 1620686802.7814538}
INFO:ccdag_utils.py:runtime_stat:{"task_name": "lccenc6", "event": "queue_start_process", "filename": "storeclass6_lccenc6_44328469imgpersiancatjobid24.JPEG", "unix_time": 1620686802.9387681}
INFO:ccdag_utils.py:runtime_stat:{"task_name": "lccenc6", "event": "queue_start_process", "filename": "storeclass6_lccenc6_89686725imgpersiancatjobid24.JPEG", "unix_time": 1620686802.9393208}
INFO:ccdag_utils.py:runtime_stat:{"task_name": "lccenc6", "event": "queue_start_process", "filename": "storeclass6_lccenc6_77706180imgpersiancatjobid24.JPEG", "unix_time": 1620686802.9396944}
INFO:ccdag_utils.py:runtime_stat:{"task_name": "lccenc6", "event": "queue_start_process", "filename": "storeclass6_lccenc6_39782006imgpersiancatjobid25.JPEG", "unix_time": 1620686802.9400318}
INFO:circe.py:runtime_stat:{"task_name": "circe", "event": "new_input_file", "filename": "storeclass6_lccenc6_07310190imgpersiancatjobid25.JPEG", "unix_time": 1620686802.9936407}
INFO:circe.py:runtime_stat:{"task_name": "circe", "event": "new_input_file", "filename": "storeclass6_lccenc6_39493753imgpersiancatjobid25.JPEG", "unix_time": 1620686803.6934323}
INFO:circe.py:runtime_stat:{"task_name": "circe", "event": "new_input_file", "filename": "storeclass6_lccenc6_01867801imgpersiancatjobid25.JPEG", "unix_time": 1620686804.197631}
INFO:circe.py:runtime_stat:{"task_name": "circe", "event": "new_input_file", "filename": "storeclass6_lccenc6_78115487imgpersiancatjobid25.JPEG", "unix_time": 1620686804.1984024}
INFO:circe.py:runtime_stat:{"task_name": "circe", "event": "new_output_file", "filename": "lccenc6_score6a_5#44328469-5#89686725-5#77706180-5#39782006jobid8.csv", "unix_time": 1620686804.2137105}
DEBUG:transfer.py:sshpass -p PASSWORD scp -P 5000 -o StrictHostKeyChecking=no /jupiter/circe_output/lccenc6_score6a_5#44328469-5#89686725-5#77706180-5#39782006jobid8.csv root@10.100.226.15:/jupiter/circe_input/
INFO:ccdag_utils.py:runtime_stat:{"task_name": "lccenc6", "event": "queue_end_process", "filename": "lccenc6_score6a_5#44328469-5#89686725-5#77706180-5#39782006jobid8.csv", "unix_time": 1620686804.2187634}
DEBUG:transfer.py:transfer successful!
INFO:circe.py:runtime_stat:{"task_name": "circe", "event": "new_output_file", "filename": "lccenc6_score6b_5#44328469-5#89686725-5#77706180-5#39782006jobid8.csv", "unix_time": 1620686805.2497272}
DEBUG:transfer.py:sshpass -p PASSWORD scp -P 5000 -o StrictHostKeyChecking=no /jupiter/circe_output/lccenc6_score6b_5#44328469-5#89686725-5#77706180-5#39782006jobid8.csv root@10.104.6.112:/jupiter/circe_input/
INFO:ccdag_utils.py:runtime_stat:{"task_name": "lccenc6", "event": "queue_end_process", "filename": "lccenc6_score6b_5#44328469-5#89686725-5#77706180-5#39782006jobid8.csv", "unix_time": 1620686805.254257}
DEBUG:transfer.py:transfer successful!
INFO:ccdag_utils.py:runtime_stat:{"task_name": "lccenc6", "event": "queue_end_process", "filename": "lccenc6_score6c_5#44328469-5#89686725-5#77706180-5#39782006jobid8.csv", "unix_time": 1620686806.2648818}
INFO:ccdag_utils.py:runtime_stat:{"task_name": "lccenc6", "event": "queue_start_process", "filename": "storeclass6_lccenc6_03400529imgpersiancatjobid25.JPEG", "unix_time": 1620686806.26535}
INFO:ccdag_utils.py:runtime_stat:{"task_name": "lccenc6", "event": "queue_start_process", "filename": "storeclass6_lccenc6_19878122imgpersiancatjobid25.JPEG", "unix_time": 1620686806.2656164}
INFO:ccdag_utils.py:runtime_stat:{"task_name": "lccenc6", "event": "queue_start_process", "filename": "storeclass6_lccenc6_13852414imgpersiancatjobid25.JPEG", "unix_time": 1620686806.2659001}
INFO:ccdag_utils.py:runtime_stat:{"task_name": "lccenc6", "event": "queue_start_process", "filename": "storeclass6_lccenc6_07310190imgpersiancatjobid25.JPEG", "unix_time": 1620686806.266132}
INFO:circe.py:runtime_stat:{"task_name": "circe", "event": "new_output_file", "filename": "lccenc6_score6c_5#44328469-5#89686725-5#77706180-5#39782006jobid8.csv", "unix_time": 1620686806.2730715}
DEBUG:transfer.py:sshpass -p PASSWORD scp -P 5000 -o StrictHostKeyChecking=no /jupiter/circe_output/lccenc6_score6c_5#44328469-5#89686725-5#77706180-5#39782006jobid8.csv root@10.104.194.92:/jupiter/circe_input/
DEBUG:transfer.py:transfer successful!
INFO:ccdag_utils.py:runtime_stat:{"task_name": "lccenc6", "event": "queue_end_process", "filename": "lccenc6_score6a_5#03400529-5#19878122-5#13852414-5#07310190jobid9.csv", "unix_time": 1620686807.4207842}
INFO:circe.py:runtime_stat:{"task_name": "circe", "event": "new_output_file", "filename": "lccenc6_score6a_5#03400529-5#19878122-5#13852414-5#07310190jobid9.csv", "unix_time": 1620686807.421598}
DEBUG:transfer.py:sshpass -p PASSWORD scp -P 5000 -o StrictHostKeyChecking=no /jupiter/circe_output/lccenc6_score6a_5#03400529-5#19878122-5#13852414-5#07310190jobid9.csv root@10.100.226.15:/jupiter/circe_input/
DEBUG:transfer.py:transfer successful!
INFO:ccdag_utils.py:runtime_stat:{"task_name": "lccenc6", "event": "queue_end_process", "filename": "lccenc6_score6b_5#03400529-5#19878122-5#13852414-5#07310190jobid9.csv", "unix_time": 1620686808.411477}
INFO:circe.py:runtime_stat:{"task_name": "circe", "event": "new_output_file", "filename": "lccenc6_score6b_5#03400529-5#19878122-5#13852414-5#07310190jobid9.csv", "unix_time": 1620686808.4123144}
DEBUG:transfer.py:sshpass -p PASSWORD scp -P 5000 -o StrictHostKeyChecking=no /jupiter/circe_output/lccenc6_score6b_5#03400529-5#19878122-5#13852414-5#07310190jobid9.csv root@10.104.6.112:/jupiter/circe_input/
DEBUG:transfer.py:transfer successful!
INFO:ccdag_utils.py:runtime_stat:{"task_name": "lccenc6", "event": "queue_end_process", "filename": "lccenc6_score6c_5#03400529-5#19878122-5#13852414-5#07310190jobid9.csv", "unix_time": 1620686809.4183352}
INFO:circe.py:runtime_stat:{"task_name": "circe", "event": "new_output_file", "filename": "lccenc6_score6c_5#03400529-5#19878122-5#13852414-5#07310190jobid9.csv", "unix_time": 1620686809.4191496}
DEBUG:transfer.py:sshpass -p PASSWORD scp -P 5000 -o StrictHostKeyChecking=no /jupiter/circe_output/lccenc6_score6c_5#03400529-5#19878122-5#13852414-5#07310190jobid9.csv root@10.104.194.92:/jupiter/circe_input/
DEBUG:transfer.py:transfer successful!
INFO:circe.py:runtime_stat:{"task_name": "circe", "event": "new_input_file", "filename": "storeclass6_lccenc6_76835702imgpersiancatjobid26.JPEG", "unix_time": 1620686812.1896741}
INFO:circe.py:runtime_stat:{"task_name": "circe", "event": "new_input_file", "filename": "storeclass6_lccenc6_70410771imgpersiancatjobid26.JPEG", "unix_time": 1620686812.413544}
INFO:ccdag_utils.py:runtime_stat:{"task_name": "lccenc6", "event": "queue_start_process", "filename": "storeclass6_lccenc6_39493753imgpersiancatjobid25.JPEG", "unix_time": 1620686812.4218395}
INFO:ccdag_utils.py:runtime_stat:{"task_name": "lccenc6", "event": "queue_start_process", "filename": "storeclass6_lccenc6_01867801imgpersiancatjobid25.JPEG", "unix_time": 1620686812.4222116}
INFO:ccdag_utils.py:runtime_stat:{"task_name": "lccenc6", "event": "queue_start_process", "filename": "storeclass6_lccenc6_78115487imgpersiancatjobid25.JPEG", "unix_time": 1620686812.4224505}
INFO:ccdag_utils.py:runtime_stat:{"task_name": "lccenc6", "event": "queue_start_process", "filename": "storeclass6_lccenc6_76835702imgpersiancatjobid26.JPEG", "unix_time": 1620686812.422672}
INFO:circe.py:runtime_stat:{"task_name": "circe", "event": "new_input_file", "filename": "storeclass6_lccenc6_81269923imgpersiancatjobid26.JPEG", "unix_time": 1620686813.0726159}
INFO:circe.py:runtime_stat:{"task_name": "circe", "event": "new_input_file", "filename": "storeclass6_lccenc6_00007355imgpersiancatjobid26.JPEG", "unix_time": 1620686813.0744195}
INFO:circe.py:runtime_stat:{"task_name": "circe", "event": "new_input_file", "filename": "storeclass6_lccenc6_66603672imgpersiancatjobid26.JPEG", "unix_time": 1620686813.5520585}
INFO:circe.py:runtime_stat:{"task_name": "circe", "event": "new_input_file", "filename": "storeclass6_lccenc6_50129162imgpersiancatjobid26.JPEG", "unix_time": 1620686813.5527968}
INFO:ccdag_utils.py:runtime_stat:{"task_name": "lccenc6", "event": "queue_end_process", "filename": "lccenc6_score6a_5#39493753-5#01867801-5#78115487-5#76835702jobid10.csv", "unix_time": 1620686813.5612268}
INFO:circe.py:runtime_stat:{"task_name": "circe", "event": "new_output_file", "filename": "lccenc6_score6a_5#39493753-5#01867801-5#78115487-5#76835702jobid10.csv", "unix_time": 1620686813.562012}
DEBUG:transfer.py:sshpass -p PASSWORD scp -P 5000 -o StrictHostKeyChecking=no /jupiter/circe_output/lccenc6_score6a_5#39493753-5#01867801-5#78115487-5#76835702jobid10.csv root@10.100.226.15:/jupiter/circe_input/
DEBUG:transfer.py:transfer successful!
INFO:ccdag_utils.py:runtime_stat:{"task_name": "lccenc6", "event": "queue_end_process", "filename": "lccenc6_score6b_5#39493753-5#01867801-5#78115487-5#76835702jobid10.csv", "unix_time": 1620686814.5358772}
INFO:circe.py:runtime_stat:{"task_name": "circe", "event": "new_output_file", "filename": "lccenc6_score6b_5#39493753-5#01867801-5#78115487-5#76835702jobid10.csv", "unix_time": 1620686814.5367286}
DEBUG:transfer.py:sshpass -p PASSWORD scp -P 5000 -o StrictHostKeyChecking=no /jupiter/circe_output/lccenc6_score6b_5#39493753-5#01867801-5#78115487-5#76835702jobid10.csv root@10.104.6.112:/jupiter/circe_input/
DEBUG:transfer.py:transfer successful!
INFO:ccdag_utils.py:runtime_stat:{"task_name": "lccenc6", "event": "queue_end_process", "filename": "lccenc6_score6c_5#39493753-5#01867801-5#78115487-5#76835702jobid10.csv", "unix_time": 1620686815.5213535}
INFO:ccdag_utils.py:runtime_stat:{"task_name": "lccenc6", "event": "queue_start_process", "filename": "storeclass6_lccenc6_70410771imgpersiancatjobid26.JPEG", "unix_time": 1620686815.5218382}
INFO:ccdag_utils.py:runtime_stat:{"task_name": "lccenc6", "event": "queue_start_process", "filename": "storeclass6_lccenc6_81269923imgpersiancatjobid26.JPEG", "unix_time": 1620686815.522072}
INFO:ccdag_utils.py:runtime_stat:{"task_name": "lccenc6", "event": "queue_start_process", "filename": "storeclass6_lccenc6_00007355imgpersiancatjobid26.JPEG", "unix_time": 1620686815.5222666}
INFO:ccdag_utils.py:runtime_stat:{"task_name": "lccenc6", "event": "queue_start_process", "filename": "storeclass6_lccenc6_66603672imgpersiancatjobid26.JPEG", "unix_time": 1620686815.5224473}
INFO:circe.py:runtime_stat:{"task_name": "circe", "event": "new_output_file", "filename": "lccenc6_score6c_5#39493753-5#01867801-5#78115487-5#76835702jobid10.csv", "unix_time": 1620686815.5241053}
DEBUG:transfer.py:sshpass -p PASSWORD scp -P 5000 -o StrictHostKeyChecking=no /jupiter/circe_output/lccenc6_score6c_5#39493753-5#01867801-5#78115487-5#76835702jobid10.csv root@10.104.194.92:/jupiter/circe_input/
DEBUG:transfer.py:transfer successful!
INFO:ccdag_utils.py:runtime_stat:{"task_name": "lccenc6", "event": "queue_end_process", "filename": "lccenc6_score6a_5#70410771-5#81269923-5#00007355-5#66603672jobid11.csv", "unix_time": 1620686816.6669018}
INFO:circe.py:runtime_stat:{"task_name": "circe", "event": "new_output_file", "filename": "lccenc6_score6a_5#70410771-5#81269923-5#00007355-5#66603672jobid11.csv", "unix_time": 1620686816.6678967}
DEBUG:transfer.py:sshpass -p PASSWORD scp -P 5000 -o StrictHostKeyChecking=no /jupiter/circe_output/lccenc6_score6a_5#70410771-5#81269923-5#00007355-5#66603672jobid11.csv root@10.100.226.15:/jupiter/circe_input/
DEBUG:transfer.py:transfer successful!
INFO:ccdag_utils.py:runtime_stat:{"task_name": "lccenc6", "event": "queue_end_process", "filename": "lccenc6_score6b_5#70410771-5#81269923-5#00007355-5#66603672jobid11.csv", "unix_time": 1620686817.651438}
INFO:circe.py:runtime_stat:{"task_name": "circe", "event": "new_output_file", "filename": "lccenc6_score6b_5#70410771-5#81269923-5#00007355-5#66603672jobid11.csv", "unix_time": 1620686817.6523674}
DEBUG:transfer.py:sshpass -p PASSWORD scp -P 5000 -o StrictHostKeyChecking=no /jupiter/circe_output/lccenc6_score6b_5#70410771-5#81269923-5#00007355-5#66603672jobid11.csv root@10.104.6.112:/jupiter/circe_input/
DEBUG:transfer.py:transfer successful!
INFO:ccdag_utils.py:runtime_stat:{"task_name": "lccenc6", "event": "queue_end_process", "filename": "lccenc6_score6c_5#70410771-5#81269923-5#00007355-5#66603672jobid11.csv", "unix_time": 1620686818.6406105}
INFO:circe.py:runtime_stat:{"task_name": "circe", "event": "new_output_file", "filename": "lccenc6_score6c_5#70410771-5#81269923-5#00007355-5#66603672jobid11.csv", "unix_time": 1620686818.6515613}
DEBUG:transfer.py:sshpass -p PASSWORD scp -P 5000 -o StrictHostKeyChecking=no /jupiter/circe_output/lccenc6_score6c_5#70410771-5#81269923-5#00007355-5#66603672jobid11.csv root@10.104.194.92:/jupiter/circe_input/
DEBUG:transfer.py:transfer successful!
