 * Starting OpenBSD Secure Shell server sshd
   ...done.
INFO:circe.py:Using base script score.py
DEBUG:circe.py:starting the input monitoring process
DEBUG:circe.py:starting the output monitoring process
INFO:circe.py:runtime_stat:{"task_name": "circe", "event": "new_input_file", "filename": "lccenc2_score2a_1#74530797-1#64273881-1#01108663-1#59497142jobid1.csv", "unix_time": 1620683294.264968}
INFO:ccdag_utils.py:runtime_stat:{"task_name": "score2a", "event": "queue_start_process", "filename": "lccenc2_score2a_1#74530797-1#64273881-1#01108663-1#59497142jobid1.csv", "unix_time": 1620683294.3698885}
['schoolbus21.JPEG', 'schoolbus22.JPEG', 'schoolbus23.JPEG', 'schoolbus24.JPEG', 'schoolbus25.JPEG', 'schoolbus26.JPEG', 'schoolbus27.JPEG', 'schoolbus28.JPEG', 'schoolbus29.JPEG', 'schoolbus30.JPEG']
INFO:circe.py:runtime_stat:{"task_name": "circe", "event": "new_input_file", "filename": "lccenc2_score2a_1#44359714-1#37722489-1#47721400-1#09216932jobid2.csv", "unix_time": 1620683304.2558858}
INFO:circe.py:runtime_stat:{"task_name": "circe", "event": "new_output_file", "filename": "score2a_preagg2_1jobth1#74530797-1#64273881-1#01108663-1#59497142", "unix_time": 1620683306.0803702}
DEBUG:transfer.py:sshpass -p PASSWORD scp -P 5000 -o StrictHostKeyChecking=no /jupiter/circe_output/score2a_preagg2_1jobth1#74530797-1#64273881-1#01108663-1#59497142 root@10.96.45.4:/jupiter/circe_input/
INFO:ccdag_utils.py:runtime_stat:{"task_name": "score2a", "event": "queue_end_process", "filename": "score2a_preagg2_1jobth1#74530797-1#64273881-1#01108663-1#59497142", "unix_time": 1620683306.0884042}
INFO:ccdag_utils.py:runtime_stat:{"task_name": "score2a", "event": "queue_start_process", "filename": "lccenc2_score2a_1#44359714-1#37722489-1#47721400-1#09216932jobid2.csv", "unix_time": 1620683306.0901725}
['schoolbus21.JPEG', 'schoolbus22.JPEG', 'schoolbus23.JPEG', 'schoolbus24.JPEG', 'schoolbus25.JPEG', 'schoolbus26.JPEG', 'schoolbus27.JPEG', 'schoolbus28.JPEG', 'schoolbus29.JPEG', 'schoolbus30.JPEG']
Warning: Permanently added '[10.96.45.4]:5000' (ECDSA) to the list of known hosts.
DEBUG:transfer.py:transfer successful!
INFO:circe.py:runtime_stat:{"task_name": "circe", "event": "new_output_file", "filename": "score2a_preagg2_2jobth1#44359714-1#37722489-1#47721400-1#09216932", "unix_time": 1620683317.6294136}
DEBUG:transfer.py:sshpass -p PASSWORD scp -P 5000 -o StrictHostKeyChecking=no /jupiter/circe_output/score2a_preagg2_2jobth1#44359714-1#37722489-1#47721400-1#09216932 root@10.96.45.4:/jupiter/circe_input/
INFO:ccdag_utils.py:runtime_stat:{"task_name": "score2a", "event": "queue_end_process", "filename": "score2a_preagg2_2jobth1#44359714-1#37722489-1#47721400-1#09216932", "unix_time": 1620683317.6301382}
DEBUG:transfer.py:transfer successful!
INFO:circe.py:runtime_stat:{"task_name": "circe", "event": "new_input_file", "filename": "lccenc2_score2a_1#09598498-1#71774776-1#38530624-1#24257003jobid3.csv", "unix_time": 1620683327.6890986}
INFO:ccdag_utils.py:runtime_stat:{"task_name": "score2a", "event": "queue_start_process", "filename": "lccenc2_score2a_1#09598498-1#71774776-1#38530624-1#24257003jobid3.csv", "unix_time": 1620683328.6404686}
['schoolbus21.JPEG', 'schoolbus22.JPEG', 'schoolbus23.JPEG', 'schoolbus24.JPEG', 'schoolbus25.JPEG', 'schoolbus26.JPEG', 'schoolbus27.JPEG', 'schoolbus28.JPEG', 'schoolbus29.JPEG', 'schoolbus30.JPEG']
INFO:circe.py:runtime_stat:{"task_name": "circe", "event": "new_input_file", "filename": "lccenc2_score2a_1#49833684-1#38129831-1#78359182-1#06277787jobid4.csv", "unix_time": 1620683339.0207818}
INFO:circe.py:runtime_stat:{"task_name": "circe", "event": "new_output_file", "filename": "score2a_preagg2_3jobth1#09598498-1#71774776-1#38530624-1#24257003", "unix_time": 1620683340.1558032}
DEBUG:transfer.py:sshpass -p PASSWORD scp -P 5000 -o StrictHostKeyChecking=no /jupiter/circe_output/score2a_preagg2_3jobth1#09598498-1#71774776-1#38530624-1#24257003 root@10.96.45.4:/jupiter/circe_input/
INFO:ccdag_utils.py:runtime_stat:{"task_name": "score2a", "event": "queue_end_process", "filename": "score2a_preagg2_3jobth1#09598498-1#71774776-1#38530624-1#24257003", "unix_time": 1620683340.1641166}
INFO:ccdag_utils.py:runtime_stat:{"task_name": "score2a", "event": "queue_start_process", "filename": "lccenc2_score2a_1#49833684-1#38129831-1#78359182-1#06277787jobid4.csv", "unix_time": 1620683340.1658304}
['schoolbus21.JPEG', 'schoolbus22.JPEG', 'schoolbus23.JPEG', 'schoolbus24.JPEG', 'schoolbus25.JPEG', 'schoolbus26.JPEG', 'schoolbus27.JPEG', 'schoolbus28.JPEG', 'schoolbus29.JPEG', 'schoolbus30.JPEG']
DEBUG:transfer.py:transfer successful!
INFO:ccdag_utils.py:runtime_stat:{"task_name": "score2a", "event": "queue_end_process", "filename": "score2a_preagg2_4jobth1#49833684-1#38129831-1#78359182-1#06277787", "unix_time": 1620683351.65154}
INFO:circe.py:runtime_stat:{"task_name": "circe", "event": "new_output_file", "filename": "score2a_preagg2_4jobth1#49833684-1#38129831-1#78359182-1#06277787", "unix_time": 1620683351.6612966}
DEBUG:transfer.py:sshpass -p PASSWORD scp -P 5000 -o StrictHostKeyChecking=no /jupiter/circe_output/score2a_preagg2_4jobth1#49833684-1#38129831-1#78359182-1#06277787 root@10.96.45.4:/jupiter/circe_input/
DEBUG:transfer.py:transfer successful!
INFO:circe.py:runtime_stat:{"task_name": "circe", "event": "new_input_file", "filename": "lccenc2_score2a_1#50382814-1#74091384-1#08620830-1#96330857jobid5.csv", "unix_time": 1620683384.4589422}
INFO:ccdag_utils.py:runtime_stat:{"task_name": "score2a", "event": "queue_start_process", "filename": "lccenc2_score2a_1#50382814-1#74091384-1#08620830-1#96330857jobid5.csv", "unix_time": 1620683384.6861815}
['schoolbus21.JPEG', 'schoolbus22.JPEG', 'schoolbus23.JPEG', 'schoolbus24.JPEG', 'schoolbus25.JPEG', 'schoolbus26.JPEG', 'schoolbus27.JPEG', 'schoolbus28.JPEG', 'schoolbus29.JPEG', 'schoolbus30.JPEG']
INFO:circe.py:runtime_stat:{"task_name": "circe", "event": "new_output_file", "filename": "score2a_preagg2_5jobth1#50382814-1#74091384-1#08620830-1#96330857", "unix_time": 1620683396.1893566}
DEBUG:transfer.py:sshpass -p PASSWORD scp -P 5000 -o StrictHostKeyChecking=no /jupiter/circe_output/score2a_preagg2_5jobth1#50382814-1#74091384-1#08620830-1#96330857 root@10.96.45.4:/jupiter/circe_input/
INFO:ccdag_utils.py:runtime_stat:{"task_name": "score2a", "event": "queue_end_process", "filename": "score2a_preagg2_5jobth1#50382814-1#74091384-1#08620830-1#96330857", "unix_time": 1620683396.1956637}
DEBUG:transfer.py:transfer successful!
INFO:circe.py:runtime_stat:{"task_name": "circe", "event": "new_input_file", "filename": "lccenc2_score2a_1#03873049-1#12377878-1#17311795-1#95259452jobid6.csv", "unix_time": 1620683407.0251837}
INFO:ccdag_utils.py:runtime_stat:{"task_name": "score2a", "event": "queue_start_process", "filename": "lccenc2_score2a_1#03873049-1#12377878-1#17311795-1#95259452jobid6.csv", "unix_time": 1620683407.2088957}
['schoolbus21.JPEG', 'schoolbus22.JPEG', 'schoolbus23.JPEG', 'schoolbus24.JPEG', 'schoolbus25.JPEG', 'schoolbus26.JPEG', 'schoolbus27.JPEG', 'schoolbus28.JPEG', 'schoolbus29.JPEG', 'schoolbus30.JPEG']
INFO:circe.py:runtime_stat:{"task_name": "circe", "event": "new_output_file", "filename": "score2a_preagg2_6jobth1#03873049-1#12377878-1#17311795-1#95259452", "unix_time": 1620683418.7264013}
DEBUG:transfer.py:sshpass -p PASSWORD scp -P 5000 -o StrictHostKeyChecking=no /jupiter/circe_output/score2a_preagg2_6jobth1#03873049-1#12377878-1#17311795-1#95259452 root@10.96.45.4:/jupiter/circe_input/
INFO:ccdag_utils.py:runtime_stat:{"task_name": "score2a", "event": "queue_end_process", "filename": "score2a_preagg2_6jobth1#03873049-1#12377878-1#17311795-1#95259452", "unix_time": 1620683418.7275863}
DEBUG:transfer.py:transfer successful!
INFO:circe.py:runtime_stat:{"task_name": "circe", "event": "new_input_file", "filename": "lccenc2_score2a_1#31340076-1#53038967-1#71178867-1#54813794jobid7.csv", "unix_time": 1620683422.2591379}
INFO:ccdag_utils.py:runtime_stat:{"task_name": "score2a", "event": "queue_start_process", "filename": "lccenc2_score2a_1#31340076-1#53038967-1#71178867-1#54813794jobid7.csv", "unix_time": 1620683422.739263}
['schoolbus21.JPEG', 'schoolbus22.JPEG', 'schoolbus23.JPEG', 'schoolbus24.JPEG', 'schoolbus25.JPEG', 'schoolbus26.JPEG', 'schoolbus27.JPEG', 'schoolbus28.JPEG', 'schoolbus29.JPEG', 'schoolbus30.JPEG']
INFO:circe.py:runtime_stat:{"task_name": "circe", "event": "new_output_file", "filename": "score2a_preagg2_7jobth1#31340076-1#53038967-1#71178867-1#54813794", "unix_time": 1620683434.2289019}
DEBUG:transfer.py:sshpass -p PASSWORD scp -P 5000 -o StrictHostKeyChecking=no /jupiter/circe_output/score2a_preagg2_7jobth1#31340076-1#53038967-1#71178867-1#54813794 root@10.96.45.4:/jupiter/circe_input/
INFO:ccdag_utils.py:runtime_stat:{"task_name": "score2a", "event": "queue_end_process", "filename": "score2a_preagg2_7jobth1#31340076-1#53038967-1#71178867-1#54813794", "unix_time": 1620683434.2380407}
DEBUG:transfer.py:transfer successful!
INFO:circe.py:runtime_stat:{"task_name": "circe", "event": "new_input_file", "filename": "lccenc2_score2a_1#46659229-1#43802089-1#35342516-1#46123071jobid8.csv", "unix_time": 1620683452.1221294}
INFO:ccdag_utils.py:runtime_stat:{"task_name": "score2a", "event": "queue_start_process", "filename": "lccenc2_score2a_1#46659229-1#43802089-1#35342516-1#46123071jobid8.csv", "unix_time": 1620683452.2591035}
['schoolbus21.JPEG', 'schoolbus22.JPEG', 'schoolbus23.JPEG', 'schoolbus24.JPEG', 'schoolbus25.JPEG', 'schoolbus26.JPEG', 'schoolbus27.JPEG', 'schoolbus28.JPEG', 'schoolbus29.JPEG', 'schoolbus30.JPEG']
INFO:circe.py:runtime_stat:{"task_name": "circe", "event": "new_output_file", "filename": "score2a_preagg2_8jobth1#46659229-1#43802089-1#35342516-1#46123071", "unix_time": 1620683463.7714343}
DEBUG:transfer.py:sshpass -p PASSWORD scp -P 5000 -o StrictHostKeyChecking=no /jupiter/circe_output/score2a_preagg2_8jobth1#46659229-1#43802089-1#35342516-1#46123071 root@10.96.45.4:/jupiter/circe_input/
INFO:ccdag_utils.py:runtime_stat:{"task_name": "score2a", "event": "queue_end_process", "filename": "score2a_preagg2_8jobth1#46659229-1#43802089-1#35342516-1#46123071", "unix_time": 1620683463.781151}
DEBUG:transfer.py:transfer successful!
