 * Starting OpenBSD Secure Shell server sshd
   ...done.
INFO:circe.py:Using base script score.py
DEBUG:circe.py:starting the input monitoring process
DEBUG:circe.py:starting the output monitoring process
INFO:circe.py:runtime_stat:{"task_name": "circe", "event": "new_input_file", "filename": "lccenc2_score2b_1#15900267-1#03529119-1#25206952-1#09693708jobid1.csv", "unix_time": 1620589603.6493635}
INFO:ccdag_utils.py:runtime_stat:{"task_name": "score2b", "event": "queue_start_process", "filename": "lccenc2_score2b_1#15900267-1#03529119-1#25206952-1#09693708jobid1.csv", "unix_time": 1620589604.6145701}
['schoolbus21.JPEG', 'schoolbus22.JPEG', 'schoolbus23.JPEG', 'schoolbus24.JPEG', 'schoolbus25.JPEG', 'schoolbus26.JPEG', 'schoolbus27.JPEG', 'schoolbus28.JPEG', 'schoolbus29.JPEG', 'schoolbus30.JPEG']
INFO:circe.py:runtime_stat:{"task_name": "circe", "event": "new_output_file", "filename": "score2b_preagg2_1jobth1#15900267-1#03529119-1#25206952-1#09693708", "unix_time": 1620589606.2975464}
DEBUG:transfer.py:sshpass -p PASSWORD scp -P 5000 -o StrictHostKeyChecking=no /jupiter/circe_output/score2b_preagg2_1jobth1#15900267-1#03529119-1#25206952-1#09693708 root@10.109.157.187:/jupiter/circe_input/
INFO:ccdag_utils.py:runtime_stat:{"task_name": "score2b", "event": "queue_end_process", "filename": "score2b_preagg2_1jobth1#15900267-1#03529119-1#25206952-1#09693708", "unix_time": 1620589606.3053856}
Warning: Permanently added '[10.109.157.187]:5000' (ECDSA) to the list of known hosts.
DEBUG:transfer.py:transfer successful!
INFO:circe.py:runtime_stat:{"task_name": "circe", "event": "new_input_file", "filename": "lccenc2_score2b_1#82440643-1#05843831-1#89413055-1#43253585jobid2.csv", "unix_time": 1620589635.8360913}
INFO:ccdag_utils.py:runtime_stat:{"task_name": "score2b", "event": "queue_start_process", "filename": "lccenc2_score2b_1#82440643-1#05843831-1#89413055-1#43253585jobid2.csv", "unix_time": 1620589636.3380282}
['schoolbus21.JPEG', 'schoolbus22.JPEG', 'schoolbus23.JPEG', 'schoolbus24.JPEG', 'schoolbus25.JPEG', 'schoolbus26.JPEG', 'schoolbus27.JPEG', 'schoolbus28.JPEG', 'schoolbus29.JPEG', 'schoolbus30.JPEG']
INFO:circe.py:runtime_stat:{"task_name": "circe", "event": "new_output_file", "filename": "score2b_preagg2_2jobth1#82440643-1#05843831-1#89413055-1#43253585", "unix_time": 1620589637.7352097}
DEBUG:transfer.py:sshpass -p PASSWORD scp -P 5000 -o StrictHostKeyChecking=no /jupiter/circe_output/score2b_preagg2_2jobth1#82440643-1#05843831-1#89413055-1#43253585 root@10.109.157.187:/jupiter/circe_input/
INFO:ccdag_utils.py:runtime_stat:{"task_name": "score2b", "event": "queue_end_process", "filename": "score2b_preagg2_2jobth1#82440643-1#05843831-1#89413055-1#43253585", "unix_time": 1620589637.743471}
DEBUG:transfer.py:transfer successful!
INFO:circe.py:runtime_stat:{"task_name": "circe", "event": "new_input_file", "filename": "lccenc2_score2b_1#86083058-1#49552112-1#55549708-1#30738198jobid3.csv", "unix_time": 1620589769.2362576}
INFO:ccdag_utils.py:runtime_stat:{"task_name": "score2b", "event": "queue_start_process", "filename": "lccenc2_score2b_1#86083058-1#49552112-1#55549708-1#30738198jobid3.csv", "unix_time": 1620589769.8901412}
['schoolbus21.JPEG', 'schoolbus22.JPEG', 'schoolbus23.JPEG', 'schoolbus24.JPEG', 'schoolbus25.JPEG', 'schoolbus26.JPEG', 'schoolbus27.JPEG', 'schoolbus28.JPEG', 'schoolbus29.JPEG', 'schoolbus30.JPEG']
INFO:circe.py:runtime_stat:{"task_name": "circe", "event": "new_output_file", "filename": "score2b_preagg2_3jobth1#86083058-1#49552112-1#55549708-1#30738198", "unix_time": 1620589771.3419216}
DEBUG:transfer.py:sshpass -p PASSWORD scp -P 5000 -o StrictHostKeyChecking=no /jupiter/circe_output/score2b_preagg2_3jobth1#86083058-1#49552112-1#55549708-1#30738198 root@10.109.157.187:/jupiter/circe_input/
INFO:ccdag_utils.py:runtime_stat:{"task_name": "score2b", "event": "queue_end_process", "filename": "score2b_preagg2_3jobth1#86083058-1#49552112-1#55549708-1#30738198", "unix_time": 1620589771.3482194}
DEBUG:transfer.py:transfer successful!
INFO:circe.py:runtime_stat:{"task_name": "circe", "event": "new_input_file", "filename": "lccenc2_score2b_1#46563015-1#50364454-1#36345075-1#12381340jobid4.csv", "unix_time": 1620589872.5984817}
INFO:ccdag_utils.py:runtime_stat:{"task_name": "score2b", "event": "queue_start_process", "filename": "lccenc2_score2b_1#46563015-1#50364454-1#36345075-1#12381340jobid4.csv", "unix_time": 1620589873.4623864}
['schoolbus21.JPEG', 'schoolbus22.JPEG', 'schoolbus23.JPEG', 'schoolbus24.JPEG', 'schoolbus25.JPEG', 'schoolbus26.JPEG', 'schoolbus27.JPEG', 'schoolbus28.JPEG', 'schoolbus29.JPEG', 'schoolbus30.JPEG']
INFO:circe.py:runtime_stat:{"task_name": "circe", "event": "new_output_file", "filename": "score2b_preagg2_4jobth1#46563015-1#50364454-1#36345075-1#12381340", "unix_time": 1620589874.9767053}
DEBUG:transfer.py:sshpass -p PASSWORD scp -P 5000 -o StrictHostKeyChecking=no /jupiter/circe_output/score2b_preagg2_4jobth1#46563015-1#50364454-1#36345075-1#12381340 root@10.109.157.187:/jupiter/circe_input/
INFO:ccdag_utils.py:runtime_stat:{"task_name": "score2b", "event": "queue_end_process", "filename": "score2b_preagg2_4jobth1#46563015-1#50364454-1#36345075-1#12381340", "unix_time": 1620589874.9840713}
DEBUG:transfer.py:transfer successful!
INFO:circe.py:runtime_stat:{"task_name": "circe", "event": "new_input_file", "filename": "lccenc2_score2b_1#65047538-1#85170432-1#80527934-1#66642485jobid5.csv", "unix_time": 1620590083.0690572}
INFO:ccdag_utils.py:runtime_stat:{"task_name": "score2b", "event": "queue_start_process", "filename": "lccenc2_score2b_1#65047538-1#85170432-1#80527934-1#66642485jobid5.csv", "unix_time": 1620590083.217933}
['schoolbus21.JPEG', 'schoolbus22.JPEG', 'schoolbus23.JPEG', 'schoolbus24.JPEG', 'schoolbus25.JPEG', 'schoolbus26.JPEG', 'schoolbus27.JPEG', 'schoolbus28.JPEG', 'schoolbus29.JPEG', 'schoolbus30.JPEG']
INFO:circe.py:runtime_stat:{"task_name": "circe", "event": "new_output_file", "filename": "score2b_preagg2_5jobth1#65047538-1#85170432-1#80527934-1#66642485", "unix_time": 1620590084.6747656}
DEBUG:transfer.py:sshpass -p PASSWORD scp -P 5000 -o StrictHostKeyChecking=no /jupiter/circe_output/score2b_preagg2_5jobth1#65047538-1#85170432-1#80527934-1#66642485 root@10.109.157.187:/jupiter/circe_input/
INFO:ccdag_utils.py:runtime_stat:{"task_name": "score2b", "event": "queue_end_process", "filename": "score2b_preagg2_5jobth1#65047538-1#85170432-1#80527934-1#66642485", "unix_time": 1620590084.6811988}
DEBUG:transfer.py:transfer successful!
INFO:circe.py:runtime_stat:{"task_name": "circe", "event": "new_input_file", "filename": "lccenc2_score2b_1#92535823-1#18766962-1#16779418-1#56437552jobid6.csv", "unix_time": 1620590121.461876}
INFO:ccdag_utils.py:runtime_stat:{"task_name": "score2b", "event": "queue_start_process", "filename": "lccenc2_score2b_1#92535823-1#18766962-1#16779418-1#56437552jobid6.csv", "unix_time": 1620590121.7214296}
['schoolbus21.JPEG', 'schoolbus22.JPEG', 'schoolbus23.JPEG', 'schoolbus24.JPEG', 'schoolbus25.JPEG', 'schoolbus26.JPEG', 'schoolbus27.JPEG', 'schoolbus28.JPEG', 'schoolbus29.JPEG', 'schoolbus30.JPEG']
INFO:circe.py:runtime_stat:{"task_name": "circe", "event": "new_output_file", "filename": "score2b_preagg2_6jobth1#92535823-1#18766962-1#16779418-1#56437552", "unix_time": 1620590123.242877}
DEBUG:transfer.py:sshpass -p PASSWORD scp -P 5000 -o StrictHostKeyChecking=no /jupiter/circe_output/score2b_preagg2_6jobth1#92535823-1#18766962-1#16779418-1#56437552 root@10.109.157.187:/jupiter/circe_input/
INFO:ccdag_utils.py:runtime_stat:{"task_name": "score2b", "event": "queue_end_process", "filename": "score2b_preagg2_6jobth1#92535823-1#18766962-1#16779418-1#56437552", "unix_time": 1620590123.2490644}
DEBUG:transfer.py:transfer successful!
INFO:circe.py:runtime_stat:{"task_name": "circe", "event": "new_input_file", "filename": "lccenc2_score2b_1#72169072-1#67774853-1#94317962-1#48794490jobid7.csv", "unix_time": 1620590274.6624377}
INFO:ccdag_utils.py:runtime_stat:{"task_name": "score2b", "event": "queue_start_process", "filename": "lccenc2_score2b_1#72169072-1#67774853-1#94317962-1#48794490jobid7.csv", "unix_time": 1620590275.4097483}
['schoolbus21.JPEG', 'schoolbus22.JPEG', 'schoolbus23.JPEG', 'schoolbus24.JPEG', 'schoolbus25.JPEG', 'schoolbus26.JPEG', 'schoolbus27.JPEG', 'schoolbus28.JPEG', 'schoolbus29.JPEG', 'schoolbus30.JPEG']
INFO:circe.py:runtime_stat:{"task_name": "circe", "event": "new_output_file", "filename": "score2b_preagg2_7jobth1#72169072-1#67774853-1#94317962-1#48794490", "unix_time": 1620590276.8916447}
DEBUG:transfer.py:sshpass -p PASSWORD scp -P 5000 -o StrictHostKeyChecking=no /jupiter/circe_output/score2b_preagg2_7jobth1#72169072-1#67774853-1#94317962-1#48794490 root@10.109.157.187:/jupiter/circe_input/
INFO:ccdag_utils.py:runtime_stat:{"task_name": "score2b", "event": "queue_end_process", "filename": "score2b_preagg2_7jobth1#72169072-1#67774853-1#94317962-1#48794490", "unix_time": 1620590276.8996615}
DEBUG:transfer.py:transfer successful!
INFO:circe.py:runtime_stat:{"task_name": "circe", "event": "new_input_file", "filename": "lccenc2_score2b_1#06380742-1#97782207-1#94174284-1#79198190jobid8.csv", "unix_time": 1620590398.9150414}
INFO:ccdag_utils.py:runtime_stat:{"task_name": "score2b", "event": "queue_start_process", "filename": "lccenc2_score2b_1#06380742-1#97782207-1#94174284-1#79198190jobid8.csv", "unix_time": 1620590399.0304942}
['schoolbus21.JPEG', 'schoolbus22.JPEG', 'schoolbus23.JPEG', 'schoolbus24.JPEG', 'schoolbus25.JPEG', 'schoolbus26.JPEG', 'schoolbus27.JPEG', 'schoolbus28.JPEG', 'schoolbus29.JPEG', 'schoolbus30.JPEG']
INFO:circe.py:runtime_stat:{"task_name": "circe", "event": "new_output_file", "filename": "score2b_preagg2_8jobth1#06380742-1#97782207-1#94174284-1#79198190", "unix_time": 1620590400.535955}
DEBUG:transfer.py:sshpass -p PASSWORD scp -P 5000 -o StrictHostKeyChecking=no /jupiter/circe_output/score2b_preagg2_8jobth1#06380742-1#97782207-1#94174284-1#79198190 root@10.109.157.187:/jupiter/circe_input/
INFO:ccdag_utils.py:runtime_stat:{"task_name": "score2b", "event": "queue_end_process", "filename": "score2b_preagg2_8jobth1#06380742-1#97782207-1#94174284-1#79198190", "unix_time": 1620590400.5442727}
DEBUG:transfer.py:transfer successful!
