 * Starting OpenBSD Secure Shell server sshd
   ...done.
INFO:circe.py:Using base script storeclass.py
DEBUG:circe.py:starting the input monitoring process
DEBUG:circe.py:starting the output monitoring process
INFO:circe.py:runtime_stat:{"task_name": "circe", "event": "new_input_file", "filename": "resnet6_storeclass6_49974823imgpersiancatjobid16.JPEG", "unix_time": 1620683209.2212741}
INFO:ccdag_utils.py:runtime_stat:{"task_name": "storeclass6", "event": "queue_start_process", "filename": "resnet6_storeclass6_49974823imgpersiancatjobid16.JPEG", "unix_time": 1620683210.1224132}
INFO:ccdag_utils.py:runtime_stat:{"task_name": "storeclass6", "event": "queue_end_process", "filename": "storeclass6_lccenc6_49974823imgpersiancatjobid16.JPEG", "unix_time": 1620683210.127991}
INFO:circe.py:runtime_stat:{"task_name": "circe", "event": "new_output_file", "filename": "storeclass6_lccenc6_49974823imgpersiancatjobid16.JPEG", "unix_time": 1620683210.1294801}
DEBUG:transfer.py:sshpass -p PASSWORD scp -P 5000 -o StrictHostKeyChecking=no /jupiter/circe_output/storeclass6_lccenc6_49974823imgpersiancatjobid16.JPEG root@10.107.233.222:/jupiter/circe_input/
Warning: Permanently added '[10.107.233.222]:5000' (ECDSA) to the list of known hosts.
DEBUG:transfer.py:transfer successful!
INFO:circe.py:runtime_stat:{"task_name": "circe", "event": "new_input_file", "filename": "home_storeclass6_67278984imgpersiancatjobid16.JPEG", "unix_time": 1620683211.1610177}
INFO:ccdag_utils.py:runtime_stat:{"task_name": "storeclass6", "event": "queue_start_process", "filename": "home_storeclass6_67278984imgpersiancatjobid16.JPEG", "unix_time": 1620683212.1306462}
INFO:circe.py:runtime_stat:{"task_name": "circe", "event": "new_output_file", "filename": "storeclass6_lccenc6_67278984imgpersiancatjobid16.JPEG", "unix_time": 1620683212.134345}
DEBUG:transfer.py:sshpass -p PASSWORD scp -P 5000 -o StrictHostKeyChecking=no /jupiter/circe_output/storeclass6_lccenc6_67278984imgpersiancatjobid16.JPEG root@10.107.233.222:/jupiter/circe_input/
INFO:ccdag_utils.py:runtime_stat:{"task_name": "storeclass6", "event": "queue_end_process", "filename": "storeclass6_lccenc6_67278984imgpersiancatjobid16.JPEG", "unix_time": 1620683212.1374927}
DEBUG:transfer.py:transfer successful!
INFO:circe.py:runtime_stat:{"task_name": "circe", "event": "new_input_file", "filename": "resnet7_storeclass6_34807786imgpersiancatjobid17.JPEG", "unix_time": 1620683223.1681237}
INFO:circe.py:runtime_stat:{"task_name": "circe", "event": "new_input_file", "filename": "resnet5_storeclass6_84231355imgpersiancatjobid17.JPEG", "unix_time": 1620683223.2783098}
INFO:circe.py:runtime_stat:{"task_name": "circe", "event": "new_input_file", "filename": "resnet3_storeclass6_06937528imgpersiancatjobid17.JPEG", "unix_time": 1620683223.7622194}
INFO:circe.py:runtime_stat:{"task_name": "circe", "event": "new_input_file", "filename": "resnet1_storeclass6_02341092imgpersiancatjobid17.JPEG", "unix_time": 1620683224.0523546}
INFO:ccdag_utils.py:runtime_stat:{"task_name": "storeclass6", "event": "queue_start_process", "filename": "resnet7_storeclass6_34807786imgpersiancatjobid17.JPEG", "unix_time": 1620683224.151939}
INFO:circe.py:runtime_stat:{"task_name": "circe", "event": "new_output_file", "filename": "storeclass6_lccenc6_34807786imgpersiancatjobid17.JPEG", "unix_time": 1620683224.1565912}
DEBUG:transfer.py:sshpass -p PASSWORD scp -P 5000 -o StrictHostKeyChecking=no /jupiter/circe_output/storeclass6_lccenc6_34807786imgpersiancatjobid17.JPEG root@10.107.233.222:/jupiter/circe_input/
INFO:ccdag_utils.py:runtime_stat:{"task_name": "storeclass6", "event": "queue_end_process", "filename": "storeclass6_lccenc6_34807786imgpersiancatjobid17.JPEG", "unix_time": 1620683224.1578982}
INFO:ccdag_utils.py:runtime_stat:{"task_name": "storeclass6", "event": "queue_start_process", "filename": "resnet5_storeclass6_84231355imgpersiancatjobid17.JPEG", "unix_time": 1620683224.1624937}
INFO:ccdag_utils.py:runtime_stat:{"task_name": "storeclass6", "event": "queue_end_process", "filename": "storeclass6_lccenc6_84231355imgpersiancatjobid17.JPEG", "unix_time": 1620683224.1662216}
INFO:ccdag_utils.py:runtime_stat:{"task_name": "storeclass6", "event": "queue_start_process", "filename": "resnet3_storeclass6_06937528imgpersiancatjobid17.JPEG", "unix_time": 1620683224.1667337}
INFO:ccdag_utils.py:runtime_stat:{"task_name": "storeclass6", "event": "queue_end_process", "filename": "storeclass6_lccenc6_06937528imgpersiancatjobid17.JPEG", "unix_time": 1620683224.17079}
INFO:ccdag_utils.py:runtime_stat:{"task_name": "storeclass6", "event": "queue_start_process", "filename": "resnet1_storeclass6_02341092imgpersiancatjobid17.JPEG", "unix_time": 1620683224.1715539}
INFO:ccdag_utils.py:runtime_stat:{"task_name": "storeclass6", "event": "queue_end_process", "filename": "storeclass6_lccenc6_02341092imgpersiancatjobid17.JPEG", "unix_time": 1620683224.177099}
DEBUG:transfer.py:transfer successful!
INFO:circe.py:runtime_stat:{"task_name": "circe", "event": "new_output_file", "filename": "storeclass6_lccenc6_84231355imgpersiancatjobid17.JPEG", "unix_time": 1620683224.4150364}
DEBUG:transfer.py:sshpass -p PASSWORD scp -P 5000 -o StrictHostKeyChecking=no /jupiter/circe_output/storeclass6_lccenc6_84231355imgpersiancatjobid17.JPEG root@10.107.233.222:/jupiter/circe_input/
DEBUG:transfer.py:transfer successful!
INFO:circe.py:runtime_stat:{"task_name": "circe", "event": "new_output_file", "filename": "storeclass6_lccenc6_06937528imgpersiancatjobid17.JPEG", "unix_time": 1620683224.6187015}
DEBUG:transfer.py:sshpass -p PASSWORD scp -P 5000 -o StrictHostKeyChecking=no /jupiter/circe_output/storeclass6_lccenc6_06937528imgpersiancatjobid17.JPEG root@10.107.233.222:/jupiter/circe_input/
DEBUG:transfer.py:transfer successful!
INFO:circe.py:runtime_stat:{"task_name": "circe", "event": "new_output_file", "filename": "storeclass6_lccenc6_02341092imgpersiancatjobid17.JPEG", "unix_time": 1620683224.8386023}
DEBUG:transfer.py:sshpass -p PASSWORD scp -P 5000 -o StrictHostKeyChecking=no /jupiter/circe_output/storeclass6_lccenc6_02341092imgpersiancatjobid17.JPEG root@10.107.233.222:/jupiter/circe_input/
DEBUG:transfer.py:transfer successful!
INFO:circe.py:runtime_stat:{"task_name": "circe", "event": "new_input_file", "filename": "resnet4_storeclass6_55664283imgpersiancatjobid18.JPEG", "unix_time": 1620683236.0310924}
INFO:ccdag_utils.py:runtime_stat:{"task_name": "storeclass6", "event": "queue_start_process", "filename": "resnet4_storeclass6_55664283imgpersiancatjobid18.JPEG", "unix_time": 1620683236.1958196}
INFO:circe.py:runtime_stat:{"task_name": "circe", "event": "new_input_file", "filename": "resnet6_storeclass6_30944888imgpersiancatjobid18.JPEG", "unix_time": 1620683236.1992688}
INFO:ccdag_utils.py:runtime_stat:{"task_name": "storeclass6", "event": "queue_end_process", "filename": "storeclass6_lccenc6_55664283imgpersiancatjobid18.JPEG", "unix_time": 1620683236.2017674}
INFO:ccdag_utils.py:runtime_stat:{"task_name": "storeclass6", "event": "queue_start_process", "filename": "resnet6_storeclass6_30944888imgpersiancatjobid18.JPEG", "unix_time": 1620683236.2039456}
INFO:circe.py:runtime_stat:{"task_name": "circe", "event": "new_output_file", "filename": "storeclass6_lccenc6_55664283imgpersiancatjobid18.JPEG", "unix_time": 1620683236.202583}
DEBUG:transfer.py:sshpass -p PASSWORD scp -P 5000 -o StrictHostKeyChecking=no /jupiter/circe_output/storeclass6_lccenc6_55664283imgpersiancatjobid18.JPEG root@10.107.233.222:/jupiter/circe_input/
INFO:ccdag_utils.py:runtime_stat:{"task_name": "storeclass6", "event": "queue_end_process", "filename": "storeclass6_lccenc6_30944888imgpersiancatjobid18.JPEG", "unix_time": 1620683236.2085803}
DEBUG:transfer.py:transfer successful!
INFO:circe.py:runtime_stat:{"task_name": "circe", "event": "new_output_file", "filename": "storeclass6_lccenc6_30944888imgpersiancatjobid18.JPEG", "unix_time": 1620683236.4389753}
DEBUG:transfer.py:sshpass -p PASSWORD scp -P 5000 -o StrictHostKeyChecking=no /jupiter/circe_output/storeclass6_lccenc6_30944888imgpersiancatjobid18.JPEG root@10.107.233.222:/jupiter/circe_input/
DEBUG:transfer.py:transfer successful!
INFO:circe.py:runtime_stat:{"task_name": "circe", "event": "new_input_file", "filename": "resnet0_storeclass6_16242762imgpersiancatjobid18.JPEG", "unix_time": 1620683236.6584003}
INFO:circe.py:runtime_stat:{"task_name": "circe", "event": "new_input_file", "filename": "resnet2_storeclass6_33539759imgpersiancatjobid18.JPEG", "unix_time": 1620683236.8779984}
INFO:ccdag_utils.py:runtime_stat:{"task_name": "storeclass6", "event": "queue_start_process", "filename": "resnet0_storeclass6_16242762imgpersiancatjobid18.JPEG", "unix_time": 1620683237.2111192}
INFO:ccdag_utils.py:runtime_stat:{"task_name": "storeclass6", "event": "queue_end_process", "filename": "storeclass6_lccenc6_16242762imgpersiancatjobid18.JPEG", "unix_time": 1620683237.212733}
INFO:ccdag_utils.py:runtime_stat:{"task_name": "storeclass6", "event": "queue_start_process", "filename": "resnet2_storeclass6_33539759imgpersiancatjobid18.JPEG", "unix_time": 1620683237.2142951}
INFO:ccdag_utils.py:runtime_stat:{"task_name": "storeclass6", "event": "queue_end_process", "filename": "storeclass6_lccenc6_33539759imgpersiancatjobid18.JPEG", "unix_time": 1620683237.215583}
INFO:circe.py:runtime_stat:{"task_name": "circe", "event": "new_output_file", "filename": "storeclass6_lccenc6_16242762imgpersiancatjobid18.JPEG", "unix_time": 1620683237.2139947}
DEBUG:transfer.py:sshpass -p PASSWORD scp -P 5000 -o StrictHostKeyChecking=no /jupiter/circe_output/storeclass6_lccenc6_16242762imgpersiancatjobid18.JPEG root@10.107.233.222:/jupiter/circe_input/
DEBUG:transfer.py:transfer successful!
INFO:circe.py:runtime_stat:{"task_name": "circe", "event": "new_output_file", "filename": "storeclass6_lccenc6_33539759imgpersiancatjobid18.JPEG", "unix_time": 1620683237.4369838}
DEBUG:transfer.py:sshpass -p PASSWORD scp -P 5000 -o StrictHostKeyChecking=no /jupiter/circe_output/storeclass6_lccenc6_33539759imgpersiancatjobid18.JPEG root@10.107.233.222:/jupiter/circe_input/
DEBUG:transfer.py:transfer successful!
INFO:circe.py:runtime_stat:{"task_name": "circe", "event": "new_input_file", "filename": "resnet3_storeclass6_52676817imgpersiancatjobid19.JPEG", "unix_time": 1620683245.756484}
INFO:circe.py:runtime_stat:{"task_name": "circe", "event": "new_input_file", "filename": "resnet5_storeclass6_81114082imgpersiancatjobid19.JPEG", "unix_time": 1620683245.7590625}
INFO:circe.py:runtime_stat:{"task_name": "circe", "event": "new_input_file", "filename": "resnet7_storeclass6_29673304imgpersiancatjobid19.JPEG", "unix_time": 1620683245.776195}
INFO:circe.py:runtime_stat:{"task_name": "circe", "event": "new_input_file", "filename": "resnet1_storeclass6_19012740imgpersiancatjobid19.JPEG", "unix_time": 1620683246.0594056}
INFO:ccdag_utils.py:runtime_stat:{"task_name": "storeclass6", "event": "queue_start_process", "filename": "resnet3_storeclass6_52676817imgpersiancatjobid19.JPEG", "unix_time": 1620683246.2275782}
INFO:ccdag_utils.py:runtime_stat:{"task_name": "storeclass6", "event": "queue_end_process", "filename": "storeclass6_lccenc6_52676817imgpersiancatjobid19.JPEG", "unix_time": 1620683246.2312932}
INFO:ccdag_utils.py:runtime_stat:{"task_name": "storeclass6", "event": "queue_start_process", "filename": "resnet5_storeclass6_81114082imgpersiancatjobid19.JPEG", "unix_time": 1620683246.2331433}
INFO:circe.py:runtime_stat:{"task_name": "circe", "event": "new_output_file", "filename": "storeclass6_lccenc6_52676817imgpersiancatjobid19.JPEG", "unix_time": 1620683246.2318633}
DEBUG:transfer.py:sshpass -p PASSWORD scp -P 5000 -o StrictHostKeyChecking=no /jupiter/circe_output/storeclass6_lccenc6_52676817imgpersiancatjobid19.JPEG root@10.107.233.222:/jupiter/circe_input/
INFO:ccdag_utils.py:runtime_stat:{"task_name": "storeclass6", "event": "queue_end_process", "filename": "storeclass6_lccenc6_81114082imgpersiancatjobid19.JPEG", "unix_time": 1620683246.2408242}
INFO:ccdag_utils.py:runtime_stat:{"task_name": "storeclass6", "event": "queue_start_process", "filename": "resnet7_storeclass6_29673304imgpersiancatjobid19.JPEG", "unix_time": 1620683246.2421887}
INFO:ccdag_utils.py:runtime_stat:{"task_name": "storeclass6", "event": "queue_end_process", "filename": "storeclass6_lccenc6_29673304imgpersiancatjobid19.JPEG", "unix_time": 1620683246.2434576}
INFO:ccdag_utils.py:runtime_stat:{"task_name": "storeclass6", "event": "queue_start_process", "filename": "resnet1_storeclass6_19012740imgpersiancatjobid19.JPEG", "unix_time": 1620683246.24402}
INFO:ccdag_utils.py:runtime_stat:{"task_name": "storeclass6", "event": "queue_end_process", "filename": "storeclass6_lccenc6_19012740imgpersiancatjobid19.JPEG", "unix_time": 1620683246.2449915}
DEBUG:transfer.py:transfer successful!
INFO:circe.py:runtime_stat:{"task_name": "circe", "event": "new_output_file", "filename": "storeclass6_lccenc6_81114082imgpersiancatjobid19.JPEG", "unix_time": 1620683246.5002606}
DEBUG:transfer.py:sshpass -p PASSWORD scp -P 5000 -o StrictHostKeyChecking=no /jupiter/circe_output/storeclass6_lccenc6_81114082imgpersiancatjobid19.JPEG root@10.107.233.222:/jupiter/circe_input/
DEBUG:transfer.py:transfer successful!
INFO:circe.py:runtime_stat:{"task_name": "circe", "event": "new_output_file", "filename": "storeclass6_lccenc6_29673304imgpersiancatjobid19.JPEG", "unix_time": 1620683246.7246933}
DEBUG:transfer.py:sshpass -p PASSWORD scp -P 5000 -o StrictHostKeyChecking=no /jupiter/circe_output/storeclass6_lccenc6_29673304imgpersiancatjobid19.JPEG root@10.107.233.222:/jupiter/circe_input/
DEBUG:transfer.py:transfer successful!
INFO:circe.py:runtime_stat:{"task_name": "circe", "event": "new_output_file", "filename": "storeclass6_lccenc6_19012740imgpersiancatjobid19.JPEG", "unix_time": 1620683246.9609735}
DEBUG:transfer.py:sshpass -p PASSWORD scp -P 5000 -o StrictHostKeyChecking=no /jupiter/circe_output/storeclass6_lccenc6_19012740imgpersiancatjobid19.JPEG root@10.107.233.222:/jupiter/circe_input/
DEBUG:transfer.py:transfer successful!
INFO:circe.py:runtime_stat:{"task_name": "circe", "event": "new_input_file", "filename": "resnet2_storeclass6_16224617imgpersiancatjobid20.JPEG", "unix_time": 1620683255.6854677}
INFO:circe.py:runtime_stat:{"task_name": "circe", "event": "new_input_file", "filename": "resnet6_storeclass6_28556540imgpersiancatjobid20.JPEG", "unix_time": 1620683255.7050855}
INFO:circe.py:runtime_stat:{"task_name": "circe", "event": "new_input_file", "filename": "resnet0_storeclass6_24425863imgpersiancatjobid20.JPEG", "unix_time": 1620683255.8159785}
INFO:circe.py:runtime_stat:{"task_name": "circe", "event": "new_input_file", "filename": "resnet4_storeclass6_30000122imgpersiancatjobid20.JPEG", "unix_time": 1620683255.8806393}
INFO:ccdag_utils.py:runtime_stat:{"task_name": "storeclass6", "event": "queue_start_process", "filename": "resnet2_storeclass6_16224617imgpersiancatjobid20.JPEG", "unix_time": 1620683256.2569308}
INFO:circe.py:runtime_stat:{"task_name": "circe", "event": "new_output_file", "filename": "storeclass6_lccenc6_16224617imgpersiancatjobid20.JPEG", "unix_time": 1620683256.2592955}
DEBUG:transfer.py:sshpass -p PASSWORD scp -P 5000 -o StrictHostKeyChecking=no /jupiter/circe_output/storeclass6_lccenc6_16224617imgpersiancatjobid20.JPEG root@10.107.233.222:/jupiter/circe_input/
INFO:ccdag_utils.py:runtime_stat:{"task_name": "storeclass6", "event": "queue_end_process", "filename": "storeclass6_lccenc6_16224617imgpersiancatjobid20.JPEG", "unix_time": 1620683256.260595}
INFO:ccdag_utils.py:runtime_stat:{"task_name": "storeclass6", "event": "queue_start_process", "filename": "resnet6_storeclass6_28556540imgpersiancatjobid20.JPEG", "unix_time": 1620683256.2659454}
INFO:ccdag_utils.py:runtime_stat:{"task_name": "storeclass6", "event": "queue_end_process", "filename": "storeclass6_lccenc6_28556540imgpersiancatjobid20.JPEG", "unix_time": 1620683256.2677476}
INFO:ccdag_utils.py:runtime_stat:{"task_name": "storeclass6", "event": "queue_start_process", "filename": "resnet0_storeclass6_24425863imgpersiancatjobid20.JPEG", "unix_time": 1620683256.268053}
INFO:ccdag_utils.py:runtime_stat:{"task_name": "storeclass6", "event": "queue_end_process", "filename": "storeclass6_lccenc6_24425863imgpersiancatjobid20.JPEG", "unix_time": 1620683256.2695947}
INFO:ccdag_utils.py:runtime_stat:{"task_name": "storeclass6", "event": "queue_start_process", "filename": "resnet4_storeclass6_30000122imgpersiancatjobid20.JPEG", "unix_time": 1620683256.2707171}
INFO:ccdag_utils.py:runtime_stat:{"task_name": "storeclass6", "event": "queue_end_process", "filename": "storeclass6_lccenc6_30000122imgpersiancatjobid20.JPEG", "unix_time": 1620683256.2719448}
DEBUG:transfer.py:transfer successful!
INFO:circe.py:runtime_stat:{"task_name": "circe", "event": "new_output_file", "filename": "storeclass6_lccenc6_28556540imgpersiancatjobid20.JPEG", "unix_time": 1620683256.4761813}
DEBUG:transfer.py:sshpass -p PASSWORD scp -P 5000 -o StrictHostKeyChecking=no /jupiter/circe_output/storeclass6_lccenc6_28556540imgpersiancatjobid20.JPEG root@10.107.233.222:/jupiter/circe_input/
INFO:circe.py:runtime_stat:{"task_name": "circe", "event": "new_input_file", "filename": "home_storeclass6_96005016imgpersiancatjobid20.JPEG", "unix_time": 1620683256.5451338}
DEBUG:transfer.py:transfer successful!
INFO:circe.py:runtime_stat:{"task_name": "circe", "event": "new_output_file", "filename": "storeclass6_lccenc6_24425863imgpersiancatjobid20.JPEG", "unix_time": 1620683256.7176743}
DEBUG:transfer.py:sshpass -p PASSWORD scp -P 5000 -o StrictHostKeyChecking=no /jupiter/circe_output/storeclass6_lccenc6_24425863imgpersiancatjobid20.JPEG root@10.107.233.222:/jupiter/circe_input/
DEBUG:transfer.py:transfer successful!
INFO:circe.py:runtime_stat:{"task_name": "circe", "event": "new_output_file", "filename": "storeclass6_lccenc6_30000122imgpersiancatjobid20.JPEG", "unix_time": 1620683256.9309845}
DEBUG:transfer.py:sshpass -p PASSWORD scp -P 5000 -o StrictHostKeyChecking=no /jupiter/circe_output/storeclass6_lccenc6_30000122imgpersiancatjobid20.JPEG root@10.107.233.222:/jupiter/circe_input/
DEBUG:transfer.py:transfer successful!
INFO:ccdag_utils.py:runtime_stat:{"task_name": "storeclass6", "event": "queue_start_process", "filename": "home_storeclass6_96005016imgpersiancatjobid20.JPEG", "unix_time": 1620683257.2744293}
INFO:ccdag_utils.py:runtime_stat:{"task_name": "storeclass6", "event": "queue_end_process", "filename": "storeclass6_lccenc6_96005016imgpersiancatjobid20.JPEG", "unix_time": 1620683257.2755506}
INFO:circe.py:runtime_stat:{"task_name": "circe", "event": "new_output_file", "filename": "storeclass6_lccenc6_96005016imgpersiancatjobid20.JPEG", "unix_time": 1620683257.277801}
DEBUG:transfer.py:sshpass -p PASSWORD scp -P 5000 -o StrictHostKeyChecking=no /jupiter/circe_output/storeclass6_lccenc6_96005016imgpersiancatjobid20.JPEG root@10.107.233.222:/jupiter/circe_input/
DEBUG:transfer.py:transfer successful!
INFO:circe.py:runtime_stat:{"task_name": "circe", "event": "new_input_file", "filename": "resnet7_storeclass6_02665613imgpersiancatjobid21.JPEG", "unix_time": 1620683266.770077}
INFO:circe.py:runtime_stat:{"task_name": "circe", "event": "new_input_file", "filename": "resnet3_storeclass6_15075241imgpersiancatjobid21.JPEG", "unix_time": 1620683267.0555048}
INFO:ccdag_utils.py:runtime_stat:{"task_name": "storeclass6", "event": "queue_start_process", "filename": "resnet7_storeclass6_02665613imgpersiancatjobid21.JPEG", "unix_time": 1620683267.2860065}
INFO:ccdag_utils.py:runtime_stat:{"task_name": "storeclass6", "event": "queue_end_process", "filename": "storeclass6_lccenc6_02665613imgpersiancatjobid21.JPEG", "unix_time": 1620683267.2894936}
INFO:ccdag_utils.py:runtime_stat:{"task_name": "storeclass6", "event": "queue_start_process", "filename": "resnet3_storeclass6_15075241imgpersiancatjobid21.JPEG", "unix_time": 1620683267.2897744}
INFO:circe.py:runtime_stat:{"task_name": "circe", "event": "new_output_file", "filename": "storeclass6_lccenc6_02665613imgpersiancatjobid21.JPEG", "unix_time": 1620683267.2908652}
DEBUG:transfer.py:sshpass -p PASSWORD scp -P 5000 -o StrictHostKeyChecking=no /jupiter/circe_output/storeclass6_lccenc6_02665613imgpersiancatjobid21.JPEG root@10.107.233.222:/jupiter/circe_input/
INFO:ccdag_utils.py:runtime_stat:{"task_name": "storeclass6", "event": "queue_end_process", "filename": "storeclass6_lccenc6_15075241imgpersiancatjobid21.JPEG", "unix_time": 1620683267.2970424}
DEBUG:transfer.py:transfer successful!
INFO:circe.py:runtime_stat:{"task_name": "circe", "event": "new_output_file", "filename": "storeclass6_lccenc6_15075241imgpersiancatjobid21.JPEG", "unix_time": 1620683267.4986458}
DEBUG:transfer.py:sshpass -p PASSWORD scp -P 5000 -o StrictHostKeyChecking=no /jupiter/circe_output/storeclass6_lccenc6_15075241imgpersiancatjobid21.JPEG root@10.107.233.222:/jupiter/circe_input/
INFO:circe.py:runtime_stat:{"task_name": "circe", "event": "new_input_file", "filename": "resnet1_storeclass6_15735941imgpersiancatjobid21.JPEG", "unix_time": 1620683267.572947}
DEBUG:transfer.py:transfer successful!
INFO:ccdag_utils.py:runtime_stat:{"task_name": "storeclass6", "event": "queue_start_process", "filename": "resnet1_storeclass6_15735941imgpersiancatjobid21.JPEG", "unix_time": 1620683268.298911}
INFO:ccdag_utils.py:runtime_stat:{"task_name": "storeclass6", "event": "queue_end_process", "filename": "storeclass6_lccenc6_15735941imgpersiancatjobid21.JPEG", "unix_time": 1620683268.299939}
INFO:circe.py:runtime_stat:{"task_name": "circe", "event": "new_output_file", "filename": "storeclass6_lccenc6_15735941imgpersiancatjobid21.JPEG", "unix_time": 1620683268.3017192}
DEBUG:transfer.py:sshpass -p PASSWORD scp -P 5000 -o StrictHostKeyChecking=no /jupiter/circe_output/storeclass6_lccenc6_15735941imgpersiancatjobid21.JPEG root@10.107.233.222:/jupiter/circe_input/
DEBUG:transfer.py:transfer successful!
INFO:circe.py:runtime_stat:{"task_name": "circe", "event": "new_input_file", "filename": "resnet5_storeclass6_06737369imgpersiancatjobid21.JPEG", "unix_time": 1620683268.6579118}
INFO:ccdag_utils.py:runtime_stat:{"task_name": "storeclass6", "event": "queue_start_process", "filename": "resnet5_storeclass6_06737369imgpersiancatjobid21.JPEG", "unix_time": 1620683269.302052}
INFO:ccdag_utils.py:runtime_stat:{"task_name": "storeclass6", "event": "queue_end_process", "filename": "storeclass6_lccenc6_06737369imgpersiancatjobid21.JPEG", "unix_time": 1620683269.3033779}
INFO:circe.py:runtime_stat:{"task_name": "circe", "event": "new_output_file", "filename": "storeclass6_lccenc6_06737369imgpersiancatjobid21.JPEG", "unix_time": 1620683269.3062265}
DEBUG:transfer.py:sshpass -p PASSWORD scp -P 5000 -o StrictHostKeyChecking=no /jupiter/circe_output/storeclass6_lccenc6_06737369imgpersiancatjobid21.JPEG root@10.107.233.222:/jupiter/circe_input/
DEBUG:transfer.py:transfer successful!
INFO:circe.py:runtime_stat:{"task_name": "circe", "event": "new_input_file", "filename": "resnet7_storeclass6_81646691imgpersiancatjobid24.JPEG", "unix_time": 1620683300.8210278}
INFO:ccdag_utils.py:runtime_stat:{"task_name": "storeclass6", "event": "queue_start_process", "filename": "resnet7_storeclass6_81646691imgpersiancatjobid24.JPEG", "unix_time": 1620683301.342836}
INFO:ccdag_utils.py:runtime_stat:{"task_name": "storeclass6", "event": "queue_end_process", "filename": "storeclass6_lccenc6_81646691imgpersiancatjobid24.JPEG", "unix_time": 1620683301.3446476}
INFO:circe.py:runtime_stat:{"task_name": "circe", "event": "new_output_file", "filename": "storeclass6_lccenc6_81646691imgpersiancatjobid24.JPEG", "unix_time": 1620683301.3488343}
DEBUG:transfer.py:sshpass -p PASSWORD scp -P 5000 -o StrictHostKeyChecking=no /jupiter/circe_output/storeclass6_lccenc6_81646691imgpersiancatjobid24.JPEG root@10.107.233.222:/jupiter/circe_input/
DEBUG:transfer.py:transfer successful!
INFO:circe.py:runtime_stat:{"task_name": "circe", "event": "new_input_file", "filename": "resnet3_storeclass6_75847974imgpersiancatjobid24.JPEG", "unix_time": 1620683301.7931068}
INFO:ccdag_utils.py:runtime_stat:{"task_name": "storeclass6", "event": "queue_start_process", "filename": "resnet3_storeclass6_75847974imgpersiancatjobid24.JPEG", "unix_time": 1620683302.3477776}
INFO:ccdag_utils.py:runtime_stat:{"task_name": "storeclass6", "event": "queue_end_process", "filename": "storeclass6_lccenc6_75847974imgpersiancatjobid24.JPEG", "unix_time": 1620683302.34908}
INFO:circe.py:runtime_stat:{"task_name": "circe", "event": "new_output_file", "filename": "storeclass6_lccenc6_75847974imgpersiancatjobid24.JPEG", "unix_time": 1620683302.352658}
DEBUG:transfer.py:sshpass -p PASSWORD scp -P 5000 -o StrictHostKeyChecking=no /jupiter/circe_output/storeclass6_lccenc6_75847974imgpersiancatjobid24.JPEG root@10.107.233.222:/jupiter/circe_input/
DEBUG:transfer.py:transfer successful!
INFO:circe.py:runtime_stat:{"task_name": "circe", "event": "new_input_file", "filename": "resnet2_storeclass6_34217691imgpersiancatjobid25.JPEG", "unix_time": 1620683312.5363808}
INFO:circe.py:runtime_stat:{"task_name": "circe", "event": "new_input_file", "filename": "resnet6_storeclass6_42148059imgpersiancatjobid25.JPEG", "unix_time": 1620683312.6328695}
INFO:ccdag_utils.py:runtime_stat:{"task_name": "storeclass6", "event": "queue_start_process", "filename": "resnet2_storeclass6_34217691imgpersiancatjobid25.JPEG", "unix_time": 1620683313.3675575}
INFO:ccdag_utils.py:runtime_stat:{"task_name": "storeclass6", "event": "queue_end_process", "filename": "storeclass6_lccenc6_34217691imgpersiancatjobid25.JPEG", "unix_time": 1620683313.3705618}
INFO:ccdag_utils.py:runtime_stat:{"task_name": "storeclass6", "event": "queue_start_process", "filename": "resnet6_storeclass6_42148059imgpersiancatjobid25.JPEG", "unix_time": 1620683313.370998}
INFO:circe.py:runtime_stat:{"task_name": "circe", "event": "new_output_file", "filename": "storeclass6_lccenc6_34217691imgpersiancatjobid25.JPEG", "unix_time": 1620683313.3747866}
DEBUG:transfer.py:sshpass -p PASSWORD scp -P 5000 -o StrictHostKeyChecking=no /jupiter/circe_output/storeclass6_lccenc6_34217691imgpersiancatjobid25.JPEG root@10.107.233.222:/jupiter/circe_input/
INFO:ccdag_utils.py:runtime_stat:{"task_name": "storeclass6", "event": "queue_end_process", "filename": "storeclass6_lccenc6_42148059imgpersiancatjobid25.JPEG", "unix_time": 1620683313.3807461}
DEBUG:transfer.py:transfer successful!
INFO:circe.py:runtime_stat:{"task_name": "circe", "event": "new_output_file", "filename": "storeclass6_lccenc6_42148059imgpersiancatjobid25.JPEG", "unix_time": 1620683313.707272}
DEBUG:transfer.py:sshpass -p PASSWORD scp -P 5000 -o StrictHostKeyChecking=no /jupiter/circe_output/storeclass6_lccenc6_42148059imgpersiancatjobid25.JPEG root@10.107.233.222:/jupiter/circe_input/
DEBUG:transfer.py:transfer successful!
INFO:circe.py:runtime_stat:{"task_name": "circe", "event": "new_input_file", "filename": "resnet1_storeclass6_19508875imgpersiancatjobid26.JPEG", "unix_time": 1620683325.065169}
INFO:ccdag_utils.py:runtime_stat:{"task_name": "storeclass6", "event": "queue_start_process", "filename": "resnet1_storeclass6_19508875imgpersiancatjobid26.JPEG", "unix_time": 1620683325.395576}
INFO:circe.py:runtime_stat:{"task_name": "circe", "event": "new_input_file", "filename": "resnet5_storeclass6_04211324imgpersiancatjobid26.JPEG", "unix_time": 1620683325.3970408}
INFO:ccdag_utils.py:runtime_stat:{"task_name": "storeclass6", "event": "queue_end_process", "filename": "storeclass6_lccenc6_19508875imgpersiancatjobid26.JPEG", "unix_time": 1620683325.4015472}
INFO:circe.py:runtime_stat:{"task_name": "circe", "event": "new_output_file", "filename": "storeclass6_lccenc6_19508875imgpersiancatjobid26.JPEG", "unix_time": 1620683325.402324}
INFO:ccdag_utils.py:runtime_stat:{"task_name": "storeclass6", "event": "queue_start_process", "filename": "resnet5_storeclass6_04211324imgpersiancatjobid26.JPEG", "unix_time": 1620683325.4026444}
DEBUG:transfer.py:sshpass -p PASSWORD scp -P 5000 -o StrictHostKeyChecking=no /jupiter/circe_output/storeclass6_lccenc6_19508875imgpersiancatjobid26.JPEG root@10.107.233.222:/jupiter/circe_input/
INFO:ccdag_utils.py:runtime_stat:{"task_name": "storeclass6", "event": "queue_end_process", "filename": "storeclass6_lccenc6_04211324imgpersiancatjobid26.JPEG", "unix_time": 1620683325.409074}
DEBUG:transfer.py:transfer successful!
INFO:circe.py:runtime_stat:{"task_name": "circe", "event": "new_output_file", "filename": "storeclass6_lccenc6_04211324imgpersiancatjobid26.JPEG", "unix_time": 1620683325.6495793}
DEBUG:transfer.py:sshpass -p PASSWORD scp -P 5000 -o StrictHostKeyChecking=no /jupiter/circe_output/storeclass6_lccenc6_04211324imgpersiancatjobid26.JPEG root@10.107.233.222:/jupiter/circe_input/
DEBUG:transfer.py:transfer successful!
INFO:circe.py:runtime_stat:{"task_name": "circe", "event": "new_input_file", "filename": "resnet0_storeclass6_42843978imgpersiancatjobid27.JPEG", "unix_time": 1620683336.4932985}
INFO:circe.py:runtime_stat:{"task_name": "circe", "event": "new_input_file", "filename": "resnet4_storeclass6_08740639imgpersiancatjobid27.JPEG", "unix_time": 1620683336.8854115}
INFO:ccdag_utils.py:runtime_stat:{"task_name": "storeclass6", "event": "queue_start_process", "filename": "resnet0_storeclass6_42843978imgpersiancatjobid27.JPEG", "unix_time": 1620683337.4248605}
INFO:ccdag_utils.py:runtime_stat:{"task_name": "storeclass6", "event": "queue_end_process", "filename": "storeclass6_lccenc6_42843978imgpersiancatjobid27.JPEG", "unix_time": 1620683337.4327388}
INFO:ccdag_utils.py:runtime_stat:{"task_name": "storeclass6", "event": "queue_start_process", "filename": "resnet4_storeclass6_08740639imgpersiancatjobid27.JPEG", "unix_time": 1620683337.4330807}
INFO:circe.py:runtime_stat:{"task_name": "circe", "event": "new_output_file", "filename": "storeclass6_lccenc6_42843978imgpersiancatjobid27.JPEG", "unix_time": 1620683337.4336464}
DEBUG:transfer.py:sshpass -p PASSWORD scp -P 5000 -o StrictHostKeyChecking=no /jupiter/circe_output/storeclass6_lccenc6_42843978imgpersiancatjobid27.JPEG root@10.107.233.222:/jupiter/circe_input/
INFO:ccdag_utils.py:runtime_stat:{"task_name": "storeclass6", "event": "queue_end_process", "filename": "storeclass6_lccenc6_08740639imgpersiancatjobid27.JPEG", "unix_time": 1620683337.440119}
DEBUG:transfer.py:transfer successful!
INFO:circe.py:runtime_stat:{"task_name": "circe", "event": "new_output_file", "filename": "storeclass6_lccenc6_08740639imgpersiancatjobid27.JPEG", "unix_time": 1620683337.6537309}
DEBUG:transfer.py:sshpass -p PASSWORD scp -P 5000 -o StrictHostKeyChecking=no /jupiter/circe_output/storeclass6_lccenc6_08740639imgpersiancatjobid27.JPEG root@10.107.233.222:/jupiter/circe_input/
DEBUG:transfer.py:transfer successful!
INFO:circe.py:runtime_stat:{"task_name": "circe", "event": "new_input_file", "filename": "resnet7_storeclass6_14011994imgpersiancatjobid28.JPEG", "unix_time": 1620683346.300359}
INFO:circe.py:runtime_stat:{"task_name": "circe", "event": "new_input_file", "filename": "resnet1_storeclass6_84134982imgpersiancatjobid28.JPEG", "unix_time": 1620683346.445742}
INFO:ccdag_utils.py:runtime_stat:{"task_name": "storeclass6", "event": "queue_start_process", "filename": "resnet7_storeclass6_14011994imgpersiancatjobid28.JPEG", "unix_time": 1620683346.451786}
INFO:ccdag_utils.py:runtime_stat:{"task_name": "storeclass6", "event": "queue_end_process", "filename": "storeclass6_lccenc6_14011994imgpersiancatjobid28.JPEG", "unix_time": 1620683346.452774}
INFO:ccdag_utils.py:runtime_stat:{"task_name": "storeclass6", "event": "queue_start_process", "filename": "resnet1_storeclass6_84134982imgpersiancatjobid28.JPEG", "unix_time": 1620683346.4530897}
INFO:ccdag_utils.py:runtime_stat:{"task_name": "storeclass6", "event": "queue_end_process", "filename": "storeclass6_lccenc6_84134982imgpersiancatjobid28.JPEG", "unix_time": 1620683346.4539888}
INFO:circe.py:runtime_stat:{"task_name": "circe", "event": "new_output_file", "filename": "storeclass6_lccenc6_14011994imgpersiancatjobid28.JPEG", "unix_time": 1620683346.455507}
DEBUG:transfer.py:sshpass -p PASSWORD scp -P 5000 -o StrictHostKeyChecking=no /jupiter/circe_output/storeclass6_lccenc6_14011994imgpersiancatjobid28.JPEG root@10.107.233.222:/jupiter/circe_input/
INFO:circe.py:runtime_stat:{"task_name": "circe", "event": "new_input_file", "filename": "resnet3_storeclass6_44157351imgpersiancatjobid28.JPEG", "unix_time": 1620683346.543546}
DEBUG:transfer.py:transfer successful!
INFO:circe.py:runtime_stat:{"task_name": "circe", "event": "new_output_file", "filename": "storeclass6_lccenc6_84134982imgpersiancatjobid28.JPEG", "unix_time": 1620683346.6755707}
DEBUG:transfer.py:sshpass -p PASSWORD scp -P 5000 -o StrictHostKeyChecking=no /jupiter/circe_output/storeclass6_lccenc6_84134982imgpersiancatjobid28.JPEG root@10.107.233.222:/jupiter/circe_input/
INFO:circe.py:runtime_stat:{"task_name": "circe", "event": "new_input_file", "filename": "resnet5_storeclass6_70420332imgpersiancatjobid28.JPEG", "unix_time": 1620683346.7273314}
DEBUG:transfer.py:transfer successful!
INFO:ccdag_utils.py:runtime_stat:{"task_name": "storeclass6", "event": "queue_start_process", "filename": "resnet3_storeclass6_44157351imgpersiancatjobid28.JPEG", "unix_time": 1620683347.4547658}
INFO:ccdag_utils.py:runtime_stat:{"task_name": "storeclass6", "event": "queue_end_process", "filename": "storeclass6_lccenc6_44157351imgpersiancatjobid28.JPEG", "unix_time": 1620683347.4595027}
INFO:ccdag_utils.py:runtime_stat:{"task_name": "storeclass6", "event": "queue_start_process", "filename": "resnet5_storeclass6_70420332imgpersiancatjobid28.JPEG", "unix_time": 1620683347.460219}
INFO:circe.py:runtime_stat:{"task_name": "circe", "event": "new_output_file", "filename": "storeclass6_lccenc6_44157351imgpersiancatjobid28.JPEG", "unix_time": 1620683347.4614518}
DEBUG:transfer.py:sshpass -p PASSWORD scp -P 5000 -o StrictHostKeyChecking=no /jupiter/circe_output/storeclass6_lccenc6_44157351imgpersiancatjobid28.JPEG root@10.107.233.222:/jupiter/circe_input/
INFO:ccdag_utils.py:runtime_stat:{"task_name": "storeclass6", "event": "queue_end_process", "filename": "storeclass6_lccenc6_70420332imgpersiancatjobid28.JPEG", "unix_time": 1620683347.4633718}
DEBUG:transfer.py:transfer successful!
INFO:circe.py:runtime_stat:{"task_name": "circe", "event": "new_output_file", "filename": "storeclass6_lccenc6_70420332imgpersiancatjobid28.JPEG", "unix_time": 1620683347.724512}
DEBUG:transfer.py:sshpass -p PASSWORD scp -P 5000 -o StrictHostKeyChecking=no /jupiter/circe_output/storeclass6_lccenc6_70420332imgpersiancatjobid28.JPEG root@10.107.233.222:/jupiter/circe_input/
DEBUG:transfer.py:transfer successful!
INFO:circe.py:runtime_stat:{"task_name": "circe", "event": "new_input_file", "filename": "resnet2_storeclass6_88818933imgpersiancatjobid29.JPEG", "unix_time": 1620683358.949548}
INFO:circe.py:runtime_stat:{"task_name": "circe", "event": "new_input_file", "filename": "home_storeclass6_80907025imgpersiancatjobid29.JPEG", "unix_time": 1620683359.0077617}
INFO:circe.py:runtime_stat:{"task_name": "circe", "event": "new_input_file", "filename": "resnet0_storeclass6_47745085imgpersiancatjobid29.JPEG", "unix_time": 1620683359.4115298}
INFO:circe.py:runtime_stat:{"task_name": "circe", "event": "new_input_file", "filename": "resnet4_storeclass6_65717849imgpersiancatjobid29.JPEG", "unix_time": 1620683359.428397}
INFO:ccdag_utils.py:runtime_stat:{"task_name": "storeclass6", "event": "queue_start_process", "filename": "resnet2_storeclass6_88818933imgpersiancatjobid29.JPEG", "unix_time": 1620683359.4965012}
INFO:ccdag_utils.py:runtime_stat:{"task_name": "storeclass6", "event": "queue_end_process", "filename": "storeclass6_lccenc6_88818933imgpersiancatjobid29.JPEG", "unix_time": 1620683359.4977567}
INFO:ccdag_utils.py:runtime_stat:{"task_name": "storeclass6", "event": "queue_start_process", "filename": "home_storeclass6_80907025imgpersiancatjobid29.JPEG", "unix_time": 1620683359.4981115}
INFO:ccdag_utils.py:runtime_stat:{"task_name": "storeclass6", "event": "queue_end_process", "filename": "storeclass6_lccenc6_80907025imgpersiancatjobid29.JPEG", "unix_time": 1620683359.499426}
INFO:ccdag_utils.py:runtime_stat:{"task_name": "storeclass6", "event": "queue_start_process", "filename": "resnet0_storeclass6_47745085imgpersiancatjobid29.JPEG", "unix_time": 1620683359.502722}
INFO:circe.py:runtime_stat:{"task_name": "circe", "event": "new_output_file", "filename": "storeclass6_lccenc6_88818933imgpersiancatjobid29.JPEG", "unix_time": 1620683359.5024157}
INFO:ccdag_utils.py:runtime_stat:{"task_name": "storeclass6", "event": "queue_end_process", "filename": "storeclass6_lccenc6_47745085imgpersiancatjobid29.JPEG", "unix_time": 1620683359.503714}
DEBUG:transfer.py:sshpass -p PASSWORD scp -P 5000 -o StrictHostKeyChecking=no /jupiter/circe_output/storeclass6_lccenc6_88818933imgpersiancatjobid29.JPEG root@10.107.233.222:/jupiter/circe_input/
INFO:ccdag_utils.py:runtime_stat:{"task_name": "storeclass6", "event": "queue_start_process", "filename": "resnet4_storeclass6_65717849imgpersiancatjobid29.JPEG", "unix_time": 1620683359.507932}
INFO:ccdag_utils.py:runtime_stat:{"task_name": "storeclass6", "event": "queue_end_process", "filename": "storeclass6_lccenc6_65717849imgpersiancatjobid29.JPEG", "unix_time": 1620683359.531174}
DEBUG:transfer.py:transfer successful!
INFO:circe.py:runtime_stat:{"task_name": "circe", "event": "new_output_file", "filename": "storeclass6_lccenc6_80907025imgpersiancatjobid29.JPEG", "unix_time": 1620683359.7433953}
DEBUG:transfer.py:sshpass -p PASSWORD scp -P 5000 -o StrictHostKeyChecking=no /jupiter/circe_output/storeclass6_lccenc6_80907025imgpersiancatjobid29.JPEG root@10.107.233.222:/jupiter/circe_input/
DEBUG:transfer.py:transfer successful!
INFO:circe.py:runtime_stat:{"task_name": "circe", "event": "new_output_file", "filename": "storeclass6_lccenc6_47745085imgpersiancatjobid29.JPEG", "unix_time": 1620683359.9694593}
DEBUG:transfer.py:sshpass -p PASSWORD scp -P 5000 -o StrictHostKeyChecking=no /jupiter/circe_output/storeclass6_lccenc6_47745085imgpersiancatjobid29.JPEG root@10.107.233.222:/jupiter/circe_input/
DEBUG:transfer.py:transfer successful!
INFO:circe.py:runtime_stat:{"task_name": "circe", "event": "new_output_file", "filename": "storeclass6_lccenc6_65717849imgpersiancatjobid29.JPEG", "unix_time": 1620683360.2332973}
DEBUG:transfer.py:sshpass -p PASSWORD scp -P 5000 -o StrictHostKeyChecking=no /jupiter/circe_output/storeclass6_lccenc6_65717849imgpersiancatjobid29.JPEG root@10.107.233.222:/jupiter/circe_input/
DEBUG:transfer.py:transfer successful!
INFO:circe.py:runtime_stat:{"task_name": "circe", "event": "new_input_file", "filename": "resnet7_storeclass6_50833505imgpersiancatjobid30.JPEG", "unix_time": 1620683371.0399237}
INFO:circe.py:runtime_stat:{"task_name": "circe", "event": "new_input_file", "filename": "resnet3_storeclass6_15879840imgpersiancatjobid30.JPEG", "unix_time": 1620683371.0424662}
INFO:ccdag_utils.py:runtime_stat:{"task_name": "storeclass6", "event": "queue_start_process", "filename": "resnet7_storeclass6_50833505imgpersiancatjobid30.JPEG", "unix_time": 1620683371.5534196}
INFO:ccdag_utils.py:runtime_stat:{"task_name": "storeclass6", "event": "queue_end_process", "filename": "storeclass6_lccenc6_50833505imgpersiancatjobid30.JPEG", "unix_time": 1620683371.5593133}
INFO:circe.py:runtime_stat:{"task_name": "circe", "event": "new_output_file", "filename": "storeclass6_lccenc6_50833505imgpersiancatjobid30.JPEG", "unix_time": 1620683371.5598328}
INFO:ccdag_utils.py:runtime_stat:{"task_name": "storeclass6", "event": "queue_start_process", "filename": "resnet3_storeclass6_15879840imgpersiancatjobid30.JPEG", "unix_time": 1620683371.560225}
DEBUG:transfer.py:sshpass -p PASSWORD scp -P 5000 -o StrictHostKeyChecking=no /jupiter/circe_output/storeclass6_lccenc6_50833505imgpersiancatjobid30.JPEG root@10.107.233.222:/jupiter/circe_input/
INFO:ccdag_utils.py:runtime_stat:{"task_name": "storeclass6", "event": "queue_end_process", "filename": "storeclass6_lccenc6_15879840imgpersiancatjobid30.JPEG", "unix_time": 1620683371.566749}
DEBUG:transfer.py:transfer successful!
INFO:circe.py:runtime_stat:{"task_name": "circe", "event": "new_output_file", "filename": "storeclass6_lccenc6_15879840imgpersiancatjobid30.JPEG", "unix_time": 1620683371.8396075}
DEBUG:transfer.py:sshpass -p PASSWORD scp -P 5000 -o StrictHostKeyChecking=no /jupiter/circe_output/storeclass6_lccenc6_15879840imgpersiancatjobid30.JPEG root@10.107.233.222:/jupiter/circe_input/
DEBUG:transfer.py:transfer successful!
INFO:circe.py:runtime_stat:{"task_name": "circe", "event": "new_input_file", "filename": "resnet6_storeclass6_28909989imgpersiancatjobid31.JPEG", "unix_time": 1620683380.4568434}
INFO:ccdag_utils.py:runtime_stat:{"task_name": "storeclass6", "event": "queue_start_process", "filename": "resnet6_storeclass6_28909989imgpersiancatjobid31.JPEG", "unix_time": 1620683380.5780978}
INFO:ccdag_utils.py:runtime_stat:{"task_name": "storeclass6", "event": "queue_end_process", "filename": "storeclass6_lccenc6_28909989imgpersiancatjobid31.JPEG", "unix_time": 1620683380.5792215}
INFO:circe.py:runtime_stat:{"task_name": "circe", "event": "new_output_file", "filename": "storeclass6_lccenc6_28909989imgpersiancatjobid31.JPEG", "unix_time": 1620683380.5804627}
DEBUG:transfer.py:sshpass -p PASSWORD scp -P 5000 -o StrictHostKeyChecking=no /jupiter/circe_output/storeclass6_lccenc6_28909989imgpersiancatjobid31.JPEG root@10.107.233.222:/jupiter/circe_input/
DEBUG:transfer.py:transfer successful!
INFO:circe.py:runtime_stat:{"task_name": "circe", "event": "new_input_file", "filename": "resnet2_storeclass6_32404537imgpersiancatjobid31.JPEG", "unix_time": 1620683380.8379729}
INFO:ccdag_utils.py:runtime_stat:{"task_name": "storeclass6", "event": "queue_start_process", "filename": "resnet2_storeclass6_32404537imgpersiancatjobid31.JPEG", "unix_time": 1620683381.581947}
INFO:ccdag_utils.py:runtime_stat:{"task_name": "storeclass6", "event": "queue_end_process", "filename": "storeclass6_lccenc6_32404537imgpersiancatjobid31.JPEG", "unix_time": 1620683381.583017}
INFO:circe.py:runtime_stat:{"task_name": "circe", "event": "new_output_file", "filename": "storeclass6_lccenc6_32404537imgpersiancatjobid31.JPEG", "unix_time": 1620683381.584296}
DEBUG:transfer.py:sshpass -p PASSWORD scp -P 5000 -o StrictHostKeyChecking=no /jupiter/circe_output/storeclass6_lccenc6_32404537imgpersiancatjobid31.JPEG root@10.107.233.222:/jupiter/circe_input/
DEBUG:transfer.py:transfer successful!
INFO:circe.py:runtime_stat:{"task_name": "circe", "event": "new_input_file", "filename": "resnet1_storeclass6_52844504imgpersiancatjobid32.JPEG", "unix_time": 1620683391.0761566}
INFO:circe.py:runtime_stat:{"task_name": "circe", "event": "new_input_file", "filename": "resnet5_storeclass6_59488016imgpersiancatjobid32.JPEG", "unix_time": 1620683391.2501366}
INFO:ccdag_utils.py:runtime_stat:{"task_name": "storeclass6", "event": "queue_start_process", "filename": "resnet1_storeclass6_52844504imgpersiancatjobid32.JPEG", "unix_time": 1620683391.5958025}
INFO:circe.py:runtime_stat:{"task_name": "circe", "event": "new_output_file", "filename": "storeclass6_lccenc6_52844504imgpersiancatjobid32.JPEG", "unix_time": 1620683391.601356}
INFO:ccdag_utils.py:runtime_stat:{"task_name": "storeclass6", "event": "queue_end_process", "filename": "storeclass6_lccenc6_52844504imgpersiancatjobid32.JPEG", "unix_time": 1620683391.6016138}
INFO:ccdag_utils.py:runtime_stat:{"task_name": "storeclass6", "event": "queue_start_process", "filename": "resnet5_storeclass6_59488016imgpersiancatjobid32.JPEG", "unix_time": 1620683391.6029568}
DEBUG:transfer.py:sshpass -p PASSWORD scp -P 5000 -o StrictHostKeyChecking=no /jupiter/circe_output/storeclass6_lccenc6_52844504imgpersiancatjobid32.JPEG root@10.107.233.222:/jupiter/circe_input/
INFO:ccdag_utils.py:runtime_stat:{"task_name": "storeclass6", "event": "queue_end_process", "filename": "storeclass6_lccenc6_59488016imgpersiancatjobid32.JPEG", "unix_time": 1620683391.6095083}
DEBUG:transfer.py:transfer successful!
INFO:circe.py:runtime_stat:{"task_name": "circe", "event": "new_output_file", "filename": "storeclass6_lccenc6_59488016imgpersiancatjobid32.JPEG", "unix_time": 1620683391.836598}
DEBUG:transfer.py:sshpass -p PASSWORD scp -P 5000 -o StrictHostKeyChecking=no /jupiter/circe_output/storeclass6_lccenc6_59488016imgpersiancatjobid32.JPEG root@10.107.233.222:/jupiter/circe_input/
DEBUG:transfer.py:transfer successful!
INFO:circe.py:runtime_stat:{"task_name": "circe", "event": "new_input_file", "filename": "resnet0_storeclass6_89384380imgpersiancatjobid33.JPEG", "unix_time": 1620683403.8051417}
INFO:ccdag_utils.py:runtime_stat:{"task_name": "storeclass6", "event": "queue_start_process", "filename": "resnet0_storeclass6_89384380imgpersiancatjobid33.JPEG", "unix_time": 1620683404.6310456}
INFO:ccdag_utils.py:runtime_stat:{"task_name": "storeclass6", "event": "queue_end_process", "filename": "storeclass6_lccenc6_89384380imgpersiancatjobid33.JPEG", "unix_time": 1620683404.6349537}
INFO:circe.py:runtime_stat:{"task_name": "circe", "event": "new_output_file", "filename": "storeclass6_lccenc6_89384380imgpersiancatjobid33.JPEG", "unix_time": 1620683404.635675}
DEBUG:transfer.py:sshpass -p PASSWORD scp -P 5000 -o StrictHostKeyChecking=no /jupiter/circe_output/storeclass6_lccenc6_89384380imgpersiancatjobid33.JPEG root@10.107.233.222:/jupiter/circe_input/
DEBUG:transfer.py:transfer successful!
