 * Starting OpenBSD Secure Shell server sshd
   ...done.
INFO:circe.py:Using base script preagg.py
DEBUG:circe.py:starting the input monitoring process
DEBUG:circe.py:starting the output monitoring process
6
INFO:circe.py:runtime_stat:{"task_name": "circe", "event": "new_input_file", "filename": "score6b_preagg6_1jobth5#49974823-5#67278984-5#34807786-5#84231355", "unix_time": 1620683229.7853382}
INFO:ccdag_utils.py:runtime_stat:{"task_name": "preagg6", "event": "queue_start_process", "filename": "score6b_preagg6_1jobth5#49974823-5#67278984-5#34807786-5#84231355", "unix_time": 1620683229.8651109}
INFO:circe.py:runtime_stat:{"task_name": "circe", "event": "new_input_file", "filename": "score6c_preagg6_1jobth5#49974823-5#67278984-5#34807786-5#84231355", "unix_time": 1620683230.202188}
INFO:ccdag_utils.py:runtime_stat:{"task_name": "preagg6", "event": "queue_start_process", "filename": "score6c_preagg6_1jobth5#49974823-5#67278984-5#34807786-5#84231355", "unix_time": 1620683230.9376516}
preagg6_lccdec6_1jobthscore6a5#49974823-5#67278984-5#34807786-5#84231355
INFO:circe.py:runtime_stat:{"task_name": "circe", "event": "new_output_file", "filename": "preagg6_lccdec6_1jobthscore6a5#49974823-5#67278984-5#34807786-5#84231355", "unix_time": 1620683231.0081177}
DEBUG:transfer.py:sshpass -p PASSWORD scp -P 5000 -o StrictHostKeyChecking=no /jupiter/circe_output/preagg6_lccdec6_1jobthscore6a5#49974823-5#67278984-5#34807786-5#84231355 root@10.104.144.130:/jupiter/circe_input/
INFO:ccdag_utils.py:runtime_stat:{"task_name": "preagg6", "event": "queue_end_process", "filename": "preagg6_lccdec6_1jobthscore6a5#49974823-5#67278984-5#34807786-5#84231355", "unix_time": 1620683231.0125685}
preagg6_lccdec6_1jobthscore6b5#49974823-5#67278984-5#34807786-5#84231355
INFO:ccdag_utils.py:runtime_stat:{"task_name": "preagg6", "event": "queue_end_process", "filename": "preagg6_lccdec6_1jobthscore6b5#49974823-5#67278984-5#34807786-5#84231355", "unix_time": 1620683231.0189488}
Warning: Permanently added '[10.104.144.130]:5000' (ECDSA) to the list of known hosts.
DEBUG:transfer.py:transfer successful!
INFO:circe.py:runtime_stat:{"task_name": "circe", "event": "new_output_file", "filename": "preagg6_lccdec6_1jobthscore6b5#49974823-5#67278984-5#34807786-5#84231355", "unix_time": 1620683231.2510278}
DEBUG:transfer.py:sshpass -p PASSWORD scp -P 5000 -o StrictHostKeyChecking=no /jupiter/circe_output/preagg6_lccdec6_1jobthscore6b5#49974823-5#67278984-5#34807786-5#84231355 root@10.104.144.130:/jupiter/circe_input/
DEBUG:transfer.py:transfer successful!
INFO:circe.py:runtime_stat:{"task_name": "circe", "event": "new_input_file", "filename": "score6a_preagg6_1jobth5#49974823-5#67278984-5#34807786-5#84231355", "unix_time": 1620683238.5699902}
INFO:ccdag_utils.py:runtime_stat:{"task_name": "preagg6", "event": "queue_start_process", "filename": "score6a_preagg6_1jobth5#49974823-5#67278984-5#34807786-5#84231355", "unix_time": 1620683239.0274782}
INFO:circe.py:runtime_stat:{"task_name": "circe", "event": "new_input_file", "filename": "score6b_preagg6_2jobth5#06937528-5#02341092-5#55664283-5#30944888", "unix_time": 1620683242.356714}
INFO:circe.py:runtime_stat:{"task_name": "circe", "event": "new_input_file", "filename": "score6c_preagg6_2jobth5#06937528-5#02341092-5#55664283-5#30944888", "unix_time": 1620683242.7548153}
INFO:ccdag_utils.py:runtime_stat:{"task_name": "preagg6", "event": "queue_start_process", "filename": "score6b_preagg6_2jobth5#06937528-5#02341092-5#55664283-5#30944888", "unix_time": 1620683243.097206}
INFO:ccdag_utils.py:runtime_stat:{"task_name": "preagg6", "event": "queue_start_process", "filename": "score6c_preagg6_2jobth5#06937528-5#02341092-5#55664283-5#30944888", "unix_time": 1620683243.1576576}
preagg6_lccdec6_2jobthscore6a5#06937528-5#02341092-5#55664283-5#30944888
INFO:circe.py:runtime_stat:{"task_name": "circe", "event": "new_output_file", "filename": "preagg6_lccdec6_2jobthscore6a5#06937528-5#02341092-5#55664283-5#30944888", "unix_time": 1620683243.2210717}
DEBUG:transfer.py:sshpass -p PASSWORD scp -P 5000 -o StrictHostKeyChecking=no /jupiter/circe_output/preagg6_lccdec6_2jobthscore6a5#06937528-5#02341092-5#55664283-5#30944888 root@10.104.144.130:/jupiter/circe_input/
INFO:ccdag_utils.py:runtime_stat:{"task_name": "preagg6", "event": "queue_end_process", "filename": "preagg6_lccdec6_2jobthscore6a5#06937528-5#02341092-5#55664283-5#30944888", "unix_time": 1620683243.2261913}
preagg6_lccdec6_2jobthscore6b5#06937528-5#02341092-5#55664283-5#30944888
INFO:ccdag_utils.py:runtime_stat:{"task_name": "preagg6", "event": "queue_end_process", "filename": "preagg6_lccdec6_2jobthscore6b5#06937528-5#02341092-5#55664283-5#30944888", "unix_time": 1620683243.2335582}
DEBUG:transfer.py:transfer successful!
INFO:circe.py:runtime_stat:{"task_name": "circe", "event": "new_output_file", "filename": "preagg6_lccdec6_2jobthscore6b5#06937528-5#02341092-5#55664283-5#30944888", "unix_time": 1620683243.459173}
DEBUG:transfer.py:sshpass -p PASSWORD scp -P 5000 -o StrictHostKeyChecking=no /jupiter/circe_output/preagg6_lccdec6_2jobthscore6b5#06937528-5#02341092-5#55664283-5#30944888 root@10.104.144.130:/jupiter/circe_input/
DEBUG:transfer.py:transfer successful!
INFO:circe.py:runtime_stat:{"task_name": "circe", "event": "new_input_file", "filename": "score6a_preagg6_2jobth5#06937528-5#02341092-5#55664283-5#30944888", "unix_time": 1620683251.1633403}
INFO:ccdag_utils.py:runtime_stat:{"task_name": "preagg6", "event": "queue_start_process", "filename": "score6a_preagg6_2jobth5#06937528-5#02341092-5#55664283-5#30944888", "unix_time": 1620683251.2428265}
INFO:circe.py:runtime_stat:{"task_name": "circe", "event": "new_input_file", "filename": "score6b_preagg6_3jobth5#16242762-5#33539759-5#52676817-5#81114082", "unix_time": 1620683251.957257}
INFO:ccdag_utils.py:runtime_stat:{"task_name": "preagg6", "event": "queue_start_process", "filename": "score6b_preagg6_3jobth5#16242762-5#33539759-5#52676817-5#81114082", "unix_time": 1620683252.3097086}
INFO:circe.py:runtime_stat:{"task_name": "circe", "event": "new_input_file", "filename": "score6c_preagg6_3jobth5#16242762-5#33539759-5#52676817-5#81114082", "unix_time": 1620683253.4323492}
INFO:ccdag_utils.py:runtime_stat:{"task_name": "preagg6", "event": "queue_start_process", "filename": "score6c_preagg6_3jobth5#16242762-5#33539759-5#52676817-5#81114082", "unix_time": 1620683254.3695457}
preagg6_lccdec6_3jobthscore6a5#16242762-5#33539759-5#52676817-5#81114082
INFO:circe.py:runtime_stat:{"task_name": "circe", "event": "new_output_file", "filename": "preagg6_lccdec6_3jobthscore6a5#16242762-5#33539759-5#52676817-5#81114082", "unix_time": 1620683254.440525}
DEBUG:transfer.py:sshpass -p PASSWORD scp -P 5000 -o StrictHostKeyChecking=no /jupiter/circe_output/preagg6_lccdec6_3jobthscore6a5#16242762-5#33539759-5#52676817-5#81114082 root@10.104.144.130:/jupiter/circe_input/
INFO:ccdag_utils.py:runtime_stat:{"task_name": "preagg6", "event": "queue_end_process", "filename": "preagg6_lccdec6_3jobthscore6a5#16242762-5#33539759-5#52676817-5#81114082", "unix_time": 1620683254.4450588}
preagg6_lccdec6_3jobthscore6b5#16242762-5#33539759-5#52676817-5#81114082
INFO:ccdag_utils.py:runtime_stat:{"task_name": "preagg6", "event": "queue_end_process", "filename": "preagg6_lccdec6_3jobthscore6b5#16242762-5#33539759-5#52676817-5#81114082", "unix_time": 1620683254.4519825}
DEBUG:transfer.py:transfer successful!
INFO:circe.py:runtime_stat:{"task_name": "circe", "event": "new_output_file", "filename": "preagg6_lccdec6_3jobthscore6b5#16242762-5#33539759-5#52676817-5#81114082", "unix_time": 1620683254.667214}
DEBUG:transfer.py:sshpass -p PASSWORD scp -P 5000 -o StrictHostKeyChecking=no /jupiter/circe_output/preagg6_lccdec6_3jobthscore6b5#16242762-5#33539759-5#52676817-5#81114082 root@10.104.144.130:/jupiter/circe_input/
DEBUG:transfer.py:transfer successful!
INFO:circe.py:runtime_stat:{"task_name": "circe", "event": "new_input_file", "filename": "score6b_preagg6_4jobth5#29673304-5#19012740-5#16224617-5#28556540", "unix_time": 1620683261.5063286}
INFO:ccdag_utils.py:runtime_stat:{"task_name": "preagg6", "event": "queue_start_process", "filename": "score6b_preagg6_4jobth5#29673304-5#19012740-5#16224617-5#28556540", "unix_time": 1620683262.4604414}
INFO:circe.py:runtime_stat:{"task_name": "circe", "event": "new_input_file", "filename": "score6a_preagg6_3jobth5#16242762-5#33539759-5#52676817-5#81114082", "unix_time": 1620683262.6680028}
INFO:circe.py:runtime_stat:{"task_name": "circe", "event": "new_input_file", "filename": "score6c_preagg6_4jobth5#29673304-5#19012740-5#16224617-5#28556540", "unix_time": 1620683262.8686945}
INFO:ccdag_utils.py:runtime_stat:{"task_name": "preagg6", "event": "queue_start_process", "filename": "score6a_preagg6_3jobth5#16242762-5#33539759-5#52676817-5#81114082", "unix_time": 1620683263.53908}
INFO:ccdag_utils.py:runtime_stat:{"task_name": "preagg6", "event": "queue_start_process", "filename": "score6c_preagg6_4jobth5#29673304-5#19012740-5#16224617-5#28556540", "unix_time": 1620683263.5982091}
preagg6_lccdec6_4jobthscore6a5#29673304-5#19012740-5#16224617-5#28556540
INFO:circe.py:runtime_stat:{"task_name": "circe", "event": "new_output_file", "filename": "preagg6_lccdec6_4jobthscore6a5#29673304-5#19012740-5#16224617-5#28556540", "unix_time": 1620683263.6611114}
DEBUG:transfer.py:sshpass -p PASSWORD scp -P 5000 -o StrictHostKeyChecking=no /jupiter/circe_output/preagg6_lccdec6_4jobthscore6a5#29673304-5#19012740-5#16224617-5#28556540 root@10.104.144.130:/jupiter/circe_input/
INFO:ccdag_utils.py:runtime_stat:{"task_name": "preagg6", "event": "queue_end_process", "filename": "preagg6_lccdec6_4jobthscore6a5#29673304-5#19012740-5#16224617-5#28556540", "unix_time": 1620683263.6665378}
preagg6_lccdec6_4jobthscore6b5#29673304-5#19012740-5#16224617-5#28556540
INFO:ccdag_utils.py:runtime_stat:{"task_name": "preagg6", "event": "queue_end_process", "filename": "preagg6_lccdec6_4jobthscore6b5#29673304-5#19012740-5#16224617-5#28556540", "unix_time": 1620683263.671616}
DEBUG:transfer.py:transfer successful!
INFO:circe.py:runtime_stat:{"task_name": "circe", "event": "new_output_file", "filename": "preagg6_lccdec6_4jobthscore6b5#29673304-5#19012740-5#16224617-5#28556540", "unix_time": 1620683263.8684552}
DEBUG:transfer.py:sshpass -p PASSWORD scp -P 5000 -o StrictHostKeyChecking=no /jupiter/circe_output/preagg6_lccdec6_4jobthscore6b5#29673304-5#19012740-5#16224617-5#28556540 root@10.104.144.130:/jupiter/circe_input/
DEBUG:transfer.py:transfer successful!
INFO:circe.py:runtime_stat:{"task_name": "circe", "event": "new_input_file", "filename": "score6b_preagg6_5jobth5#24425863-5#30000122-5#96005016-5#02665613", "unix_time": 1620683272.9604115}
INFO:circe.py:runtime_stat:{"task_name": "circe", "event": "new_input_file", "filename": "score6c_preagg6_5jobth5#24425863-5#30000122-5#96005016-5#02665613", "unix_time": 1620683273.3855374}
INFO:ccdag_utils.py:runtime_stat:{"task_name": "preagg6", "event": "queue_start_process", "filename": "score6b_preagg6_5jobth5#24425863-5#30000122-5#96005016-5#02665613", "unix_time": 1620683273.681352}
INFO:ccdag_utils.py:runtime_stat:{"task_name": "preagg6", "event": "queue_start_process", "filename": "score6c_preagg6_5jobth5#24425863-5#30000122-5#96005016-5#02665613", "unix_time": 1620683273.7425578}
preagg6_lccdec6_5jobthscore6a5#24425863-5#30000122-5#96005016-5#02665613
INFO:circe.py:runtime_stat:{"task_name": "circe", "event": "new_output_file", "filename": "preagg6_lccdec6_5jobthscore6a5#24425863-5#30000122-5#96005016-5#02665613", "unix_time": 1620683273.8052046}
DEBUG:transfer.py:sshpass -p PASSWORD scp -P 5000 -o StrictHostKeyChecking=no /jupiter/circe_output/preagg6_lccdec6_5jobthscore6a5#24425863-5#30000122-5#96005016-5#02665613 root@10.104.144.130:/jupiter/circe_input/
INFO:ccdag_utils.py:runtime_stat:{"task_name": "preagg6", "event": "queue_end_process", "filename": "preagg6_lccdec6_5jobthscore6a5#24425863-5#30000122-5#96005016-5#02665613", "unix_time": 1620683273.8064044}
preagg6_lccdec6_5jobthscore6b5#24425863-5#30000122-5#96005016-5#02665613
INFO:ccdag_utils.py:runtime_stat:{"task_name": "preagg6", "event": "queue_end_process", "filename": "preagg6_lccdec6_5jobthscore6b5#24425863-5#30000122-5#96005016-5#02665613", "unix_time": 1620683273.8157043}
DEBUG:transfer.py:transfer successful!
INFO:circe.py:runtime_stat:{"task_name": "circe", "event": "new_output_file", "filename": "preagg6_lccdec6_5jobthscore6b5#24425863-5#30000122-5#96005016-5#02665613", "unix_time": 1620683274.0820794}
DEBUG:transfer.py:sshpass -p PASSWORD scp -P 5000 -o StrictHostKeyChecking=no /jupiter/circe_output/preagg6_lccdec6_5jobthscore6b5#24425863-5#30000122-5#96005016-5#02665613 root@10.104.144.130:/jupiter/circe_input/
INFO:circe.py:runtime_stat:{"task_name": "circe", "event": "new_input_file", "filename": "score6a_preagg6_4jobth5#29673304-5#19012740-5#16224617-5#28556540", "unix_time": 1620683274.2018366}
DEBUG:transfer.py:transfer successful!
INFO:ccdag_utils.py:runtime_stat:{"task_name": "preagg6", "event": "queue_start_process", "filename": "score6a_preagg6_4jobth5#29673304-5#19012740-5#16224617-5#28556540", "unix_time": 1620683274.8174093}
INFO:circe.py:runtime_stat:{"task_name": "circe", "event": "new_input_file", "filename": "score6a_preagg6_5jobth5#24425863-5#30000122-5#96005016-5#02665613", "unix_time": 1620683285.659678}
INFO:ccdag_utils.py:runtime_stat:{"task_name": "preagg6", "event": "queue_start_process", "filename": "score6a_preagg6_5jobth5#24425863-5#30000122-5#96005016-5#02665613", "unix_time": 1620683285.8877385}
INFO:circe.py:runtime_stat:{"task_name": "circe", "event": "new_input_file", "filename": "score6b_preagg6_6jobth5#15075241-5#15735941-5#06737369-5#81646691", "unix_time": 1620683307.486835}
INFO:ccdag_utils.py:runtime_stat:{"task_name": "preagg6", "event": "queue_start_process", "filename": "score6b_preagg6_6jobth5#15075241-5#15735941-5#06737369-5#81646691", "unix_time": 1620683307.969689}
INFO:circe.py:runtime_stat:{"task_name": "circe", "event": "new_input_file", "filename": "score6c_preagg6_6jobth5#15075241-5#15735941-5#06737369-5#81646691", "unix_time": 1620683308.0297034}
INFO:ccdag_utils.py:runtime_stat:{"task_name": "preagg6", "event": "queue_start_process", "filename": "score6c_preagg6_6jobth5#15075241-5#15735941-5#06737369-5#81646691", "unix_time": 1620683309.0297801}
preagg6_lccdec6_6jobthscore6a5#15075241-5#15735941-5#06737369-5#81646691
INFO:circe.py:runtime_stat:{"task_name": "circe", "event": "new_output_file", "filename": "preagg6_lccdec6_6jobthscore6a5#15075241-5#15735941-5#06737369-5#81646691", "unix_time": 1620683309.1029856}
DEBUG:transfer.py:sshpass -p PASSWORD scp -P 5000 -o StrictHostKeyChecking=no /jupiter/circe_output/preagg6_lccdec6_6jobthscore6a5#15075241-5#15735941-5#06737369-5#81646691 root@10.104.144.130:/jupiter/circe_input/
INFO:ccdag_utils.py:runtime_stat:{"task_name": "preagg6", "event": "queue_end_process", "filename": "preagg6_lccdec6_6jobthscore6a5#15075241-5#15735941-5#06737369-5#81646691", "unix_time": 1620683309.107762}
preagg6_lccdec6_6jobthscore6b5#15075241-5#15735941-5#06737369-5#81646691
INFO:ccdag_utils.py:runtime_stat:{"task_name": "preagg6", "event": "queue_end_process", "filename": "preagg6_lccdec6_6jobthscore6b5#15075241-5#15735941-5#06737369-5#81646691", "unix_time": 1620683309.1154969}
DEBUG:transfer.py:transfer successful!
INFO:circe.py:runtime_stat:{"task_name": "circe", "event": "new_output_file", "filename": "preagg6_lccdec6_6jobthscore6b5#15075241-5#15735941-5#06737369-5#81646691", "unix_time": 1620683309.3611982}
DEBUG:transfer.py:sshpass -p PASSWORD scp -P 5000 -o StrictHostKeyChecking=no /jupiter/circe_output/preagg6_lccdec6_6jobthscore6b5#15075241-5#15735941-5#06737369-5#81646691 root@10.104.144.130:/jupiter/circe_input/
DEBUG:transfer.py:transfer successful!
INFO:circe.py:runtime_stat:{"task_name": "circe", "event": "new_input_file", "filename": "score6a_preagg6_6jobth5#15075241-5#15735941-5#06737369-5#81646691", "unix_time": 1620683316.1717641}
INFO:ccdag_utils.py:runtime_stat:{"task_name": "preagg6", "event": "queue_start_process", "filename": "score6a_preagg6_6jobth5#15075241-5#15735941-5#06737369-5#81646691", "unix_time": 1620683317.1241384}
INFO:circe.py:runtime_stat:{"task_name": "circe", "event": "new_input_file", "filename": "score6b_preagg6_7jobth5#75847974-5#34217691-5#42148059-5#19508875", "unix_time": 1620683330.9844675}
INFO:ccdag_utils.py:runtime_stat:{"task_name": "preagg6", "event": "queue_start_process", "filename": "score6b_preagg6_7jobth5#75847974-5#34217691-5#42148059-5#19508875", "unix_time": 1620683331.198354}
INFO:circe.py:runtime_stat:{"task_name": "circe", "event": "new_input_file", "filename": "score6c_preagg6_7jobth5#75847974-5#34217691-5#42148059-5#19508875", "unix_time": 1620683331.5055466}
INFO:ccdag_utils.py:runtime_stat:{"task_name": "preagg6", "event": "queue_start_process", "filename": "score6c_preagg6_7jobth5#75847974-5#34217691-5#42148059-5#19508875", "unix_time": 1620683332.2575583}
preagg6_lccdec6_7jobthscore6a5#75847974-5#34217691-5#42148059-5#19508875
INFO:circe.py:runtime_stat:{"task_name": "circe", "event": "new_output_file", "filename": "preagg6_lccdec6_7jobthscore6a5#75847974-5#34217691-5#42148059-5#19508875", "unix_time": 1620683332.3204126}
DEBUG:transfer.py:sshpass -p PASSWORD scp -P 5000 -o StrictHostKeyChecking=no /jupiter/circe_output/preagg6_lccdec6_7jobthscore6a5#75847974-5#34217691-5#42148059-5#19508875 root@10.104.144.130:/jupiter/circe_input/
INFO:ccdag_utils.py:runtime_stat:{"task_name": "preagg6", "event": "queue_end_process", "filename": "preagg6_lccdec6_7jobthscore6a5#75847974-5#34217691-5#42148059-5#19508875", "unix_time": 1620683332.3258026}
preagg6_lccdec6_7jobthscore6b5#75847974-5#34217691-5#42148059-5#19508875
INFO:ccdag_utils.py:runtime_stat:{"task_name": "preagg6", "event": "queue_end_process", "filename": "preagg6_lccdec6_7jobthscore6b5#75847974-5#34217691-5#42148059-5#19508875", "unix_time": 1620683332.330794}
DEBUG:transfer.py:transfer successful!
INFO:circe.py:runtime_stat:{"task_name": "circe", "event": "new_output_file", "filename": "preagg6_lccdec6_7jobthscore6b5#75847974-5#34217691-5#42148059-5#19508875", "unix_time": 1620683332.5245972}
DEBUG:transfer.py:sshpass -p PASSWORD scp -P 5000 -o StrictHostKeyChecking=no /jupiter/circe_output/preagg6_lccdec6_7jobthscore6b5#75847974-5#34217691-5#42148059-5#19508875 root@10.104.144.130:/jupiter/circe_input/
DEBUG:transfer.py:transfer successful!
INFO:circe.py:runtime_stat:{"task_name": "circe", "event": "new_input_file", "filename": "score6a_preagg6_7jobth5#75847974-5#34217691-5#42148059-5#19508875", "unix_time": 1620683339.7109444}
INFO:ccdag_utils.py:runtime_stat:{"task_name": "preagg6", "event": "queue_start_process", "filename": "score6a_preagg6_7jobth5#75847974-5#34217691-5#42148059-5#19508875", "unix_time": 1620683340.3394723}
INFO:circe.py:runtime_stat:{"task_name": "circe", "event": "new_input_file", "filename": "score6b_preagg6_8jobth5#04211324-5#42843978-5#08740639-5#14011994", "unix_time": 1620683352.5083883}
INFO:circe.py:runtime_stat:{"task_name": "circe", "event": "new_input_file", "filename": "score6c_preagg6_8jobth5#04211324-5#42843978-5#08740639-5#14011994", "unix_time": 1620683352.953643}
INFO:ccdag_utils.py:runtime_stat:{"task_name": "preagg6", "event": "queue_start_process", "filename": "score6b_preagg6_8jobth5#04211324-5#42843978-5#08740639-5#14011994", "unix_time": 1620683353.4178023}
INFO:ccdag_utils.py:runtime_stat:{"task_name": "preagg6", "event": "queue_start_process", "filename": "score6c_preagg6_8jobth5#04211324-5#42843978-5#08740639-5#14011994", "unix_time": 1620683353.479542}
preagg6_lccdec6_8jobthscore6a5#04211324-5#42843978-5#08740639-5#14011994
INFO:circe.py:runtime_stat:{"task_name": "circe", "event": "new_output_file", "filename": "preagg6_lccdec6_8jobthscore6a5#04211324-5#42843978-5#08740639-5#14011994", "unix_time": 1620683353.544401}
DEBUG:transfer.py:sshpass -p PASSWORD scp -P 5000 -o StrictHostKeyChecking=no /jupiter/circe_output/preagg6_lccdec6_8jobthscore6a5#04211324-5#42843978-5#08740639-5#14011994 root@10.104.144.130:/jupiter/circe_input/
INFO:ccdag_utils.py:runtime_stat:{"task_name": "preagg6", "event": "queue_end_process", "filename": "preagg6_lccdec6_8jobthscore6a5#04211324-5#42843978-5#08740639-5#14011994", "unix_time": 1620683353.55089}
preagg6_lccdec6_8jobthscore6b5#04211324-5#42843978-5#08740639-5#14011994
INFO:ccdag_utils.py:runtime_stat:{"task_name": "preagg6", "event": "queue_end_process", "filename": "preagg6_lccdec6_8jobthscore6b5#04211324-5#42843978-5#08740639-5#14011994", "unix_time": 1620683353.5589614}
DEBUG:transfer.py:transfer successful!
INFO:circe.py:runtime_stat:{"task_name": "circe", "event": "new_output_file", "filename": "preagg6_lccdec6_8jobthscore6b5#04211324-5#42843978-5#08740639-5#14011994", "unix_time": 1620683353.7900236}
DEBUG:transfer.py:sshpass -p PASSWORD scp -P 5000 -o StrictHostKeyChecking=no /jupiter/circe_output/preagg6_lccdec6_8jobthscore6b5#04211324-5#42843978-5#08740639-5#14011994 root@10.104.144.130:/jupiter/circe_input/
DEBUG:transfer.py:transfer successful!
INFO:circe.py:runtime_stat:{"task_name": "circe", "event": "new_input_file", "filename": "score6a_preagg6_8jobth5#04211324-5#42843978-5#08740639-5#14011994", "unix_time": 1620683361.236573}
INFO:ccdag_utils.py:runtime_stat:{"task_name": "preagg6", "event": "queue_start_process", "filename": "score6a_preagg6_8jobth5#04211324-5#42843978-5#08740639-5#14011994", "unix_time": 1620683361.5683856}
INFO:circe.py:runtime_stat:{"task_name": "circe", "event": "new_input_file", "filename": "score6b_preagg6_9jobth5#84134982-5#44157351-5#70420332-5#88818933", "unix_time": 1620683364.9784443}
INFO:ccdag_utils.py:runtime_stat:{"task_name": "preagg6", "event": "queue_start_process", "filename": "score6b_preagg6_9jobth5#84134982-5#44157351-5#70420332-5#88818933", "unix_time": 1620683365.6321173}
INFO:circe.py:runtime_stat:{"task_name": "circe", "event": "new_input_file", "filename": "score6c_preagg6_9jobth5#84134982-5#44157351-5#70420332-5#88818933", "unix_time": 1620683366.4811625}
INFO:ccdag_utils.py:runtime_stat:{"task_name": "preagg6", "event": "queue_start_process", "filename": "score6c_preagg6_9jobth5#84134982-5#44157351-5#70420332-5#88818933", "unix_time": 1620683366.700486}
preagg6_lccdec6_9jobthscore6a5#84134982-5#44157351-5#70420332-5#88818933
INFO:circe.py:runtime_stat:{"task_name": "circe", "event": "new_output_file", "filename": "preagg6_lccdec6_9jobthscore6a5#84134982-5#44157351-5#70420332-5#88818933", "unix_time": 1620683366.762563}
DEBUG:transfer.py:sshpass -p PASSWORD scp -P 5000 -o StrictHostKeyChecking=no /jupiter/circe_output/preagg6_lccdec6_9jobthscore6a5#84134982-5#44157351-5#70420332-5#88818933 root@10.104.144.130:/jupiter/circe_input/
INFO:ccdag_utils.py:runtime_stat:{"task_name": "preagg6", "event": "queue_end_process", "filename": "preagg6_lccdec6_9jobthscore6a5#84134982-5#44157351-5#70420332-5#88818933", "unix_time": 1620683366.7669692}
preagg6_lccdec6_9jobthscore6b5#84134982-5#44157351-5#70420332-5#88818933
INFO:ccdag_utils.py:runtime_stat:{"task_name": "preagg6", "event": "queue_end_process", "filename": "preagg6_lccdec6_9jobthscore6b5#84134982-5#44157351-5#70420332-5#88818933", "unix_time": 1620683366.7732382}
DEBUG:transfer.py:transfer successful!
INFO:circe.py:runtime_stat:{"task_name": "circe", "event": "new_output_file", "filename": "preagg6_lccdec6_9jobthscore6b5#84134982-5#44157351-5#70420332-5#88818933", "unix_time": 1620683366.9704788}
DEBUG:transfer.py:sshpass -p PASSWORD scp -P 5000 -o StrictHostKeyChecking=no /jupiter/circe_output/preagg6_lccdec6_9jobthscore6b5#84134982-5#44157351-5#70420332-5#88818933 root@10.104.144.130:/jupiter/circe_input/
DEBUG:transfer.py:transfer successful!
INFO:circe.py:runtime_stat:{"task_name": "circe", "event": "new_input_file", "filename": "score6a_preagg6_9jobth5#84134982-5#44157351-5#70420332-5#88818933", "unix_time": 1620683374.7330446}
INFO:ccdag_utils.py:runtime_stat:{"task_name": "preagg6", "event": "queue_start_process", "filename": "score6a_preagg6_9jobth5#84134982-5#44157351-5#70420332-5#88818933", "unix_time": 1620683374.7834327}
INFO:circe.py:runtime_stat:{"task_name": "circe", "event": "new_input_file", "filename": "score6b_preagg6_10jobth5#80907025-5#47745085-5#65717849-5#50833505", "unix_time": 1620683377.53259}
INFO:ccdag_utils.py:runtime_stat:{"task_name": "preagg6", "event": "queue_start_process", "filename": "score6b_preagg6_10jobth5#80907025-5#47745085-5#65717849-5#50833505", "unix_time": 1620683377.8453195}
INFO:circe.py:runtime_stat:{"task_name": "circe", "event": "new_input_file", "filename": "score6c_preagg6_10jobth5#80907025-5#47745085-5#65717849-5#50833505", "unix_time": 1620683378.997942}
INFO:ccdag_utils.py:runtime_stat:{"task_name": "preagg6", "event": "queue_start_process", "filename": "score6c_preagg6_10jobth5#80907025-5#47745085-5#65717849-5#50833505", "unix_time": 1620683379.9114678}
preagg6_lccdec6_10jobthscore6a5#80907025-5#47745085-5#65717849-5#50833505
INFO:circe.py:runtime_stat:{"task_name": "circe", "event": "new_output_file", "filename": "preagg6_lccdec6_10jobthscore6a5#80907025-5#47745085-5#65717849-5#50833505", "unix_time": 1620683379.9770887}
DEBUG:transfer.py:sshpass -p PASSWORD scp -P 5000 -o StrictHostKeyChecking=no /jupiter/circe_output/preagg6_lccdec6_10jobthscore6a5#80907025-5#47745085-5#65717849-5#50833505 root@10.104.144.130:/jupiter/circe_input/
INFO:ccdag_utils.py:runtime_stat:{"task_name": "preagg6", "event": "queue_end_process", "filename": "preagg6_lccdec6_10jobthscore6a5#80907025-5#47745085-5#65717849-5#50833505", "unix_time": 1620683379.9830074}
preagg6_lccdec6_10jobthscore6b5#80907025-5#47745085-5#65717849-5#50833505
INFO:ccdag_utils.py:runtime_stat:{"task_name": "preagg6", "event": "queue_end_process", "filename": "preagg6_lccdec6_10jobthscore6b5#80907025-5#47745085-5#65717849-5#50833505", "unix_time": 1620683379.9889424}
DEBUG:transfer.py:transfer successful!
INFO:circe.py:runtime_stat:{"task_name": "circe", "event": "new_output_file", "filename": "preagg6_lccdec6_10jobthscore6b5#80907025-5#47745085-5#65717849-5#50833505", "unix_time": 1620683380.1973658}
DEBUG:transfer.py:sshpass -p PASSWORD scp -P 5000 -o StrictHostKeyChecking=no /jupiter/circe_output/preagg6_lccdec6_10jobthscore6b5#80907025-5#47745085-5#65717849-5#50833505 root@10.104.144.130:/jupiter/circe_input/
DEBUG:transfer.py:transfer successful!
INFO:circe.py:runtime_stat:{"task_name": "circe", "event": "new_input_file", "filename": "score6a_preagg6_10jobth5#80907025-5#47745085-5#65717849-5#50833505", "unix_time": 1620683386.234283}
INFO:ccdag_utils.py:runtime_stat:{"task_name": "preagg6", "event": "queue_start_process", "filename": "score6a_preagg6_10jobth5#80907025-5#47745085-5#65717849-5#50833505", "unix_time": 1620683386.9974837}
INFO:circe.py:runtime_stat:{"task_name": "circe", "event": "new_input_file", "filename": "score6b_preagg6_11jobth5#15879840-5#28909989-5#32404537-5#52844504", "unix_time": 1620683397.0725257}
INFO:ccdag_utils.py:runtime_stat:{"task_name": "preagg6", "event": "queue_start_process", "filename": "score6b_preagg6_11jobth5#15879840-5#28909989-5#32404537-5#52844504", "unix_time": 1620683397.0782952}
INFO:circe.py:runtime_stat:{"task_name": "circe", "event": "new_input_file", "filename": "score6c_preagg6_11jobth5#15879840-5#28909989-5#32404537-5#52844504", "unix_time": 1620683397.4766502}
INFO:ccdag_utils.py:runtime_stat:{"task_name": "preagg6", "event": "queue_start_process", "filename": "score6c_preagg6_11jobth5#15879840-5#28909989-5#32404537-5#52844504", "unix_time": 1620683398.1389127}
preagg6_lccdec6_11jobthscore6a5#15879840-5#28909989-5#32404537-5#52844504
INFO:circe.py:runtime_stat:{"task_name": "circe", "event": "new_output_file", "filename": "preagg6_lccdec6_11jobthscore6a5#15879840-5#28909989-5#32404537-5#52844504", "unix_time": 1620683398.2064}
DEBUG:transfer.py:sshpass -p PASSWORD scp -P 5000 -o StrictHostKeyChecking=no /jupiter/circe_output/preagg6_lccdec6_11jobthscore6a5#15879840-5#28909989-5#32404537-5#52844504 root@10.104.144.130:/jupiter/circe_input/
INFO:ccdag_utils.py:runtime_stat:{"task_name": "preagg6", "event": "queue_end_process", "filename": "preagg6_lccdec6_11jobthscore6a5#15879840-5#28909989-5#32404537-5#52844504", "unix_time": 1620683398.2085137}
preagg6_lccdec6_11jobthscore6b5#15879840-5#28909989-5#32404537-5#52844504
INFO:ccdag_utils.py:runtime_stat:{"task_name": "preagg6", "event": "queue_end_process", "filename": "preagg6_lccdec6_11jobthscore6b5#15879840-5#28909989-5#32404537-5#52844504", "unix_time": 1620683398.2193575}
DEBUG:transfer.py:transfer successful!
INFO:circe.py:runtime_stat:{"task_name": "circe", "event": "new_output_file", "filename": "preagg6_lccdec6_11jobthscore6b5#15879840-5#28909989-5#32404537-5#52844504", "unix_time": 1620683398.4324903}
DEBUG:transfer.py:sshpass -p PASSWORD scp -P 5000 -o StrictHostKeyChecking=no /jupiter/circe_output/preagg6_lccdec6_11jobthscore6b5#15879840-5#28909989-5#32404537-5#52844504 root@10.104.144.130:/jupiter/circe_input/
DEBUG:transfer.py:transfer successful!
INFO:circe.py:runtime_stat:{"task_name": "circe", "event": "new_input_file", "filename": "score6a_preagg6_11jobth5#15879840-5#28909989-5#32404537-5#52844504", "unix_time": 1620683405.7637553}
INFO:ccdag_utils.py:runtime_stat:{"task_name": "preagg6", "event": "queue_start_process", "filename": "score6a_preagg6_11jobth5#15879840-5#28909989-5#32404537-5#52844504", "unix_time": 1620683406.2287188}
