 * Starting OpenBSD Secure Shell server sshd
   ...done.
INFO:circe.py:Using base script lccdec.py
DEBUG:circe.py:starting the input monitoring process
DEBUG:circe.py:starting the output monitoring process
INFO:circe.py:runtime_stat:{"task_name": "circe", "event": "new_input_file", "filename": "preagg4_lccdec4_1jobthscore4a3#41759388-3#14262243-3#27479257-3#89170314", "unix_time": 1620686889.083312}
INFO:ccdag_utils.py:runtime_stat:{"task_name": "lccdec4", "event": "queue_start_process", "filename": "preagg4_lccdec4_1jobthscore4a3#41759388-3#14262243-3#27479257-3#89170314", "unix_time": 1620686889.083864}
INFO:circe.py:runtime_stat:{"task_name": "circe", "event": "new_input_file", "filename": "preagg4_lccdec4_1jobthscore4b3#41759388-3#14262243-3#27479257-3#89170314", "unix_time": 1620686889.299759}
INFO:ccdag_utils.py:runtime_stat:{"task_name": "lccdec4", "event": "queue_start_process", "filename": "preagg4_lccdec4_1jobthscore4b3#41759388-3#14262243-3#27479257-3#89170314", "unix_time": 1620686889.3001428}
INFO:circe.py:runtime_stat:{"task_name": "circe", "event": "new_output_file", "filename": "lccdec4_home_1jobth3#41759388-3#14262243-3#27479257-3#89170314", "unix_time": 1620686889.3161879}
DEBUG:transfer.py:sshpass -p PASSWORD scp -P 5000 -o StrictHostKeyChecking=no /jupiter/circe_output/lccdec4_home_1jobth3#41759388-3#14262243-3#27479257-3#89170314 root@10.110.213.51:/jupiter/circe_input/
INFO:ccdag_utils.py:runtime_stat:{"task_name": "lccdec4", "event": "queue_end_process", "filename": "lccdec4_home_1jobth3#41759388-3#14262243-3#27479257-3#89170314", "unix_time": 1620686889.3208294}
Warning: Permanently added '[10.110.213.51]:5000' (ECDSA) to the list of known hosts.
DEBUG:transfer.py:transfer successful!
INFO:circe.py:runtime_stat:{"task_name": "circe", "event": "new_input_file", "filename": "preagg4_lccdec4_2jobthscore4a3#82864800-3#61478526-3#32181634-3#67024223", "unix_time": 1620686900.3824933}
INFO:ccdag_utils.py:runtime_stat:{"task_name": "lccdec4", "event": "queue_start_process", "filename": "preagg4_lccdec4_2jobthscore4a3#82864800-3#61478526-3#32181634-3#67024223", "unix_time": 1620686900.382956}
INFO:circe.py:runtime_stat:{"task_name": "circe", "event": "new_input_file", "filename": "preagg4_lccdec4_2jobthscore4b3#82864800-3#61478526-3#32181634-3#67024223", "unix_time": 1620686900.6129959}
INFO:ccdag_utils.py:runtime_stat:{"task_name": "lccdec4", "event": "queue_start_process", "filename": "preagg4_lccdec4_2jobthscore4b3#82864800-3#61478526-3#32181634-3#67024223", "unix_time": 1620686900.6136808}
INFO:ccdag_utils.py:runtime_stat:{"task_name": "lccdec4", "event": "queue_end_process", "filename": "lccdec4_home_2jobth3#82864800-3#61478526-3#32181634-3#67024223", "unix_time": 1620686900.6283073}
INFO:circe.py:runtime_stat:{"task_name": "circe", "event": "new_output_file", "filename": "lccdec4_home_2jobth3#82864800-3#61478526-3#32181634-3#67024223", "unix_time": 1620686900.6329865}
DEBUG:transfer.py:sshpass -p PASSWORD scp -P 5000 -o StrictHostKeyChecking=no /jupiter/circe_output/lccdec4_home_2jobth3#82864800-3#61478526-3#32181634-3#67024223 root@10.110.213.51:/jupiter/circe_input/
DEBUG:transfer.py:transfer successful!
INFO:circe.py:runtime_stat:{"task_name": "circe", "event": "new_input_file", "filename": "preagg4_lccdec4_3jobthscore4a3#84183619-3#85576259-3#08899074-3#55208304", "unix_time": 1620686902.4861562}
INFO:ccdag_utils.py:runtime_stat:{"task_name": "lccdec4", "event": "queue_start_process", "filename": "preagg4_lccdec4_3jobthscore4a3#84183619-3#85576259-3#08899074-3#55208304", "unix_time": 1620686902.4869099}
INFO:circe.py:runtime_stat:{"task_name": "circe", "event": "new_input_file", "filename": "preagg4_lccdec4_3jobthscore4b3#84183619-3#85576259-3#08899074-3#55208304", "unix_time": 1620686902.7044291}
INFO:ccdag_utils.py:runtime_stat:{"task_name": "lccdec4", "event": "queue_start_process", "filename": "preagg4_lccdec4_3jobthscore4b3#84183619-3#85576259-3#08899074-3#55208304", "unix_time": 1620686902.7050447}
INFO:circe.py:runtime_stat:{"task_name": "circe", "event": "new_output_file", "filename": "lccdec4_home_3jobth3#84183619-3#85576259-3#08899074-3#55208304", "unix_time": 1620686902.7181125}
DEBUG:transfer.py:sshpass -p PASSWORD scp -P 5000 -o StrictHostKeyChecking=no /jupiter/circe_output/lccdec4_home_3jobth3#84183619-3#85576259-3#08899074-3#55208304 root@10.110.213.51:/jupiter/circe_input/
INFO:ccdag_utils.py:runtime_stat:{"task_name": "lccdec4", "event": "queue_end_process", "filename": "lccdec4_home_3jobth3#84183619-3#85576259-3#08899074-3#55208304", "unix_time": 1620686902.7237263}
DEBUG:transfer.py:transfer successful!
INFO:circe.py:runtime_stat:{"task_name": "circe", "event": "new_input_file", "filename": "preagg4_lccdec4_4jobthscore4a3#97857475-3#86566656-3#69985436-3#15799341", "unix_time": 1620686910.690339}
INFO:ccdag_utils.py:runtime_stat:{"task_name": "lccdec4", "event": "queue_start_process", "filename": "preagg4_lccdec4_4jobthscore4a3#97857475-3#86566656-3#69985436-3#15799341", "unix_time": 1620686910.6908848}
INFO:circe.py:runtime_stat:{"task_name": "circe", "event": "new_input_file", "filename": "preagg4_lccdec4_4jobthscore4b3#97857475-3#86566656-3#69985436-3#15799341", "unix_time": 1620686910.9016645}
INFO:ccdag_utils.py:runtime_stat:{"task_name": "lccdec4", "event": "queue_start_process", "filename": "preagg4_lccdec4_4jobthscore4b3#97857475-3#86566656-3#69985436-3#15799341", "unix_time": 1620686910.9023309}
INFO:circe.py:runtime_stat:{"task_name": "circe", "event": "new_output_file", "filename": "lccdec4_home_4jobth3#97857475-3#86566656-3#69985436-3#15799341", "unix_time": 1620686910.919552}
DEBUG:transfer.py:sshpass -p PASSWORD scp -P 5000 -o StrictHostKeyChecking=no /jupiter/circe_output/lccdec4_home_4jobth3#97857475-3#86566656-3#69985436-3#15799341 root@10.110.213.51:/jupiter/circe_input/
INFO:ccdag_utils.py:runtime_stat:{"task_name": "lccdec4", "event": "queue_end_process", "filename": "lccdec4_home_4jobth3#97857475-3#86566656-3#69985436-3#15799341", "unix_time": 1620686910.92426}
DEBUG:transfer.py:transfer successful!
INFO:circe.py:runtime_stat:{"task_name": "circe", "event": "new_input_file", "filename": "preagg4_lccdec4_5jobthscore4a3#47504960-3#79161244-3#33524835-3#44799478", "unix_time": 1620686921.8882008}
INFO:ccdag_utils.py:runtime_stat:{"task_name": "lccdec4", "event": "queue_start_process", "filename": "preagg4_lccdec4_5jobthscore4a3#47504960-3#79161244-3#33524835-3#44799478", "unix_time": 1620686921.8890429}
INFO:circe.py:runtime_stat:{"task_name": "circe", "event": "new_input_file", "filename": "preagg4_lccdec4_5jobthscore4b3#47504960-3#79161244-3#33524835-3#44799478", "unix_time": 1620686922.0998056}
INFO:ccdag_utils.py:runtime_stat:{"task_name": "lccdec4", "event": "queue_start_process", "filename": "preagg4_lccdec4_5jobthscore4b3#47504960-3#79161244-3#33524835-3#44799478", "unix_time": 1620686922.1001468}
INFO:circe.py:runtime_stat:{"task_name": "circe", "event": "new_output_file", "filename": "lccdec4_home_5jobth3#47504960-3#79161244-3#33524835-3#44799478", "unix_time": 1620686922.1135948}
DEBUG:transfer.py:sshpass -p PASSWORD scp -P 5000 -o StrictHostKeyChecking=no /jupiter/circe_output/lccdec4_home_5jobth3#47504960-3#79161244-3#33524835-3#44799478 root@10.110.213.51:/jupiter/circe_input/
INFO:ccdag_utils.py:runtime_stat:{"task_name": "lccdec4", "event": "queue_end_process", "filename": "lccdec4_home_5jobth3#47504960-3#79161244-3#33524835-3#44799478", "unix_time": 1620686922.1183395}
DEBUG:transfer.py:transfer successful!
INFO:circe.py:runtime_stat:{"task_name": "circe", "event": "new_input_file", "filename": "preagg4_lccdec4_6jobthscore4a3#53922626-3#93116657-3#97920196-3#47669822", "unix_time": 1620686924.0427105}
INFO:ccdag_utils.py:runtime_stat:{"task_name": "lccdec4", "event": "queue_start_process", "filename": "preagg4_lccdec4_6jobthscore4a3#53922626-3#93116657-3#97920196-3#47669822", "unix_time": 1620686924.043254}
INFO:circe.py:runtime_stat:{"task_name": "circe", "event": "new_input_file", "filename": "preagg4_lccdec4_6jobthscore4b3#53922626-3#93116657-3#97920196-3#47669822", "unix_time": 1620686924.2662377}
INFO:ccdag_utils.py:runtime_stat:{"task_name": "lccdec4", "event": "queue_start_process", "filename": "preagg4_lccdec4_6jobthscore4b3#53922626-3#93116657-3#97920196-3#47669822", "unix_time": 1620686924.2667887}
INFO:circe.py:runtime_stat:{"task_name": "circe", "event": "new_output_file", "filename": "lccdec4_home_6jobth3#53922626-3#93116657-3#97920196-3#47669822", "unix_time": 1620686924.280359}
DEBUG:transfer.py:sshpass -p PASSWORD scp -P 5000 -o StrictHostKeyChecking=no /jupiter/circe_output/lccdec4_home_6jobth3#53922626-3#93116657-3#97920196-3#47669822 root@10.110.213.51:/jupiter/circe_input/
INFO:ccdag_utils.py:runtime_stat:{"task_name": "lccdec4", "event": "queue_end_process", "filename": "lccdec4_home_6jobth3#53922626-3#93116657-3#97920196-3#47669822", "unix_time": 1620686924.2849324}
DEBUG:transfer.py:transfer successful!
INFO:circe.py:runtime_stat:{"task_name": "circe", "event": "new_input_file", "filename": "preagg4_lccdec4_7jobthscore4a3#64003545-3#05296896-3#78303967-3#31794410", "unix_time": 1620686928.1809}
INFO:ccdag_utils.py:runtime_stat:{"task_name": "lccdec4", "event": "queue_start_process", "filename": "preagg4_lccdec4_7jobthscore4a3#64003545-3#05296896-3#78303967-3#31794410", "unix_time": 1620686928.1813123}
INFO:circe.py:runtime_stat:{"task_name": "circe", "event": "new_input_file", "filename": "preagg4_lccdec4_7jobthscore4b3#64003545-3#05296896-3#78303967-3#31794410", "unix_time": 1620686928.4011424}
INFO:ccdag_utils.py:runtime_stat:{"task_name": "lccdec4", "event": "queue_start_process", "filename": "preagg4_lccdec4_7jobthscore4b3#64003545-3#05296896-3#78303967-3#31794410", "unix_time": 1620686928.401618}
INFO:circe.py:runtime_stat:{"task_name": "circe", "event": "new_output_file", "filename": "lccdec4_home_7jobth3#64003545-3#05296896-3#78303967-3#31794410", "unix_time": 1620686928.4145062}
DEBUG:transfer.py:sshpass -p PASSWORD scp -P 5000 -o StrictHostKeyChecking=no /jupiter/circe_output/lccdec4_home_7jobth3#64003545-3#05296896-3#78303967-3#31794410 root@10.110.213.51:/jupiter/circe_input/
INFO:ccdag_utils.py:runtime_stat:{"task_name": "lccdec4", "event": "queue_end_process", "filename": "lccdec4_home_7jobth3#64003545-3#05296896-3#78303967-3#31794410", "unix_time": 1620686928.4199054}
DEBUG:transfer.py:transfer successful!
INFO:circe.py:runtime_stat:{"task_name": "circe", "event": "new_input_file", "filename": "preagg4_lccdec4_8jobthscore4a3#40260016-3#01865397-3#36954823-3#33833268", "unix_time": 1620686934.3990593}
INFO:ccdag_utils.py:runtime_stat:{"task_name": "lccdec4", "event": "queue_start_process", "filename": "preagg4_lccdec4_8jobthscore4a3#40260016-3#01865397-3#36954823-3#33833268", "unix_time": 1620686934.399689}
INFO:circe.py:runtime_stat:{"task_name": "circe", "event": "new_input_file", "filename": "preagg4_lccdec4_8jobthscore4b3#40260016-3#01865397-3#36954823-3#33833268", "unix_time": 1620686934.611768}
INFO:ccdag_utils.py:runtime_stat:{"task_name": "lccdec4", "event": "queue_start_process", "filename": "preagg4_lccdec4_8jobthscore4b3#40260016-3#01865397-3#36954823-3#33833268", "unix_time": 1620686934.6126008}
INFO:circe.py:runtime_stat:{"task_name": "circe", "event": "new_output_file", "filename": "lccdec4_home_8jobth3#40260016-3#01865397-3#36954823-3#33833268", "unix_time": 1620686934.6291785}
INFO:ccdag_utils.py:runtime_stat:{"task_name": "lccdec4", "event": "queue_end_process", "filename": "lccdec4_home_8jobth3#40260016-3#01865397-3#36954823-3#33833268", "unix_time": 1620686934.6294968}
DEBUG:transfer.py:sshpass -p PASSWORD scp -P 5000 -o StrictHostKeyChecking=no /jupiter/circe_output/lccdec4_home_8jobth3#40260016-3#01865397-3#36954823-3#33833268 root@10.110.213.51:/jupiter/circe_input/
DEBUG:transfer.py:transfer successful!
INFO:circe.py:runtime_stat:{"task_name": "circe", "event": "new_input_file", "filename": "preagg4_lccdec4_9jobthscore4a3#48844014-3#50141169-3#95368740-3#50417657", "unix_time": 1620686936.5402055}
INFO:ccdag_utils.py:runtime_stat:{"task_name": "lccdec4", "event": "queue_start_process", "filename": "preagg4_lccdec4_9jobthscore4a3#48844014-3#50141169-3#95368740-3#50417657", "unix_time": 1620686936.5410202}
INFO:circe.py:runtime_stat:{"task_name": "circe", "event": "new_input_file", "filename": "preagg4_lccdec4_9jobthscore4b3#48844014-3#50141169-3#95368740-3#50417657", "unix_time": 1620686936.7549825}
INFO:ccdag_utils.py:runtime_stat:{"task_name": "lccdec4", "event": "queue_start_process", "filename": "preagg4_lccdec4_9jobthscore4b3#48844014-3#50141169-3#95368740-3#50417657", "unix_time": 1620686936.7554367}
INFO:circe.py:runtime_stat:{"task_name": "circe", "event": "new_output_file", "filename": "lccdec4_home_9jobth3#48844014-3#50141169-3#95368740-3#50417657", "unix_time": 1620686936.7702143}
DEBUG:transfer.py:sshpass -p PASSWORD scp -P 5000 -o StrictHostKeyChecking=no /jupiter/circe_output/lccdec4_home_9jobth3#48844014-3#50141169-3#95368740-3#50417657 root@10.110.213.51:/jupiter/circe_input/
INFO:ccdag_utils.py:runtime_stat:{"task_name": "lccdec4", "event": "queue_end_process", "filename": "lccdec4_home_9jobth3#48844014-3#50141169-3#95368740-3#50417657", "unix_time": 1620686936.774931}
DEBUG:transfer.py:transfer successful!
