 * Starting OpenBSD Secure Shell server sshd
   ...done.
INFO:circe.py:Using base script storeclass.py
DEBUG:circe.py:starting the input monitoring process
DEBUG:circe.py:starting the output monitoring process
INFO:circe.py:runtime_stat:{"task_name": "circe", "event": "new_input_file", "filename": "resnet8_storeclass5_91765276imgkitfoxjobid2.JPEG", "unix_time": 1620683043.0958893}
INFO:ccdag_utils.py:runtime_stat:{"task_name": "storeclass5", "event": "queue_start_process", "filename": "resnet8_storeclass5_91765276imgkitfoxjobid2.JPEG", "unix_time": 1620683043.7671976}
INFO:ccdag_utils.py:runtime_stat:{"task_name": "storeclass5", "event": "queue_end_process", "filename": "storeclass5_lccenc5_91765276imgkitfoxjobid2.JPEG", "unix_time": 1620683043.7735052}
INFO:circe.py:runtime_stat:{"task_name": "circe", "event": "new_output_file", "filename": "storeclass5_lccenc5_91765276imgkitfoxjobid2.JPEG", "unix_time": 1620683043.7751486}
DEBUG:transfer.py:sshpass -p PASSWORD scp -P 5000 -o StrictHostKeyChecking=no /jupiter/circe_output/storeclass5_lccenc5_91765276imgkitfoxjobid2.JPEG root@10.103.86.219:/jupiter/circe_input/
Warning: Permanently added '[10.103.86.219]:5000' (ECDSA) to the list of known hosts.
DEBUG:transfer.py:transfer successful!
INFO:circe.py:runtime_stat:{"task_name": "circe", "event": "new_input_file", "filename": "resnet0_storeclass5_44141472imgkitfoxjobid3.JPEG", "unix_time": 1620683055.430912}
INFO:ccdag_utils.py:runtime_stat:{"task_name": "storeclass5", "event": "queue_start_process", "filename": "resnet0_storeclass5_44141472imgkitfoxjobid3.JPEG", "unix_time": 1620683055.79109}
INFO:circe.py:runtime_stat:{"task_name": "circe", "event": "new_output_file", "filename": "storeclass5_lccenc5_44141472imgkitfoxjobid3.JPEG", "unix_time": 1620683055.8020546}
INFO:ccdag_utils.py:runtime_stat:{"task_name": "storeclass5", "event": "queue_end_process", "filename": "storeclass5_lccenc5_44141472imgkitfoxjobid3.JPEG", "unix_time": 1620683055.802514}
DEBUG:transfer.py:sshpass -p PASSWORD scp -P 5000 -o StrictHostKeyChecking=no /jupiter/circe_output/storeclass5_lccenc5_44141472imgkitfoxjobid3.JPEG root@10.103.86.219:/jupiter/circe_input/
DEBUG:transfer.py:transfer successful!
INFO:circe.py:runtime_stat:{"task_name": "circe", "event": "new_input_file", "filename": "resnet7_storeclass5_89380947imgkitfoxjobid8.JPEG", "unix_time": 1620683121.3761384}
INFO:ccdag_utils.py:runtime_stat:{"task_name": "storeclass5", "event": "queue_start_process", "filename": "resnet7_storeclass5_89380947imgkitfoxjobid8.JPEG", "unix_time": 1620683121.8778207}
INFO:ccdag_utils.py:runtime_stat:{"task_name": "storeclass5", "event": "queue_end_process", "filename": "storeclass5_lccenc5_89380947imgkitfoxjobid8.JPEG", "unix_time": 1620683121.8813684}
INFO:circe.py:runtime_stat:{"task_name": "circe", "event": "new_output_file", "filename": "storeclass5_lccenc5_89380947imgkitfoxjobid8.JPEG", "unix_time": 1620683121.8822327}
DEBUG:transfer.py:sshpass -p PASSWORD scp -P 5000 -o StrictHostKeyChecking=no /jupiter/circe_output/storeclass5_lccenc5_89380947imgkitfoxjobid8.JPEG root@10.103.86.219:/jupiter/circe_input/
DEBUG:transfer.py:transfer successful!
INFO:circe.py:runtime_stat:{"task_name": "circe", "event": "new_input_file", "filename": "resnet5_storeclass5_28691089imgkitfoxjobid12.JPEG", "unix_time": 1620683170.1544375}
INFO:ccdag_utils.py:runtime_stat:{"task_name": "storeclass5", "event": "queue_start_process", "filename": "resnet5_storeclass5_28691089imgkitfoxjobid12.JPEG", "unix_time": 1620683170.9416053}
INFO:ccdag_utils.py:runtime_stat:{"task_name": "storeclass5", "event": "queue_end_process", "filename": "storeclass5_lccenc5_28691089imgkitfoxjobid12.JPEG", "unix_time": 1620683170.9473634}
INFO:circe.py:runtime_stat:{"task_name": "circe", "event": "new_output_file", "filename": "storeclass5_lccenc5_28691089imgkitfoxjobid12.JPEG", "unix_time": 1620683170.9483984}
DEBUG:transfer.py:sshpass -p PASSWORD scp -P 5000 -o StrictHostKeyChecking=no /jupiter/circe_output/storeclass5_lccenc5_28691089imgkitfoxjobid12.JPEG root@10.103.86.219:/jupiter/circe_input/
DEBUG:transfer.py:transfer successful!
INFO:circe.py:runtime_stat:{"task_name": "circe", "event": "new_input_file", "filename": "home_storeclass5_33216993imgkitfoxjobid11.JPEG", "unix_time": 1620683179.05659}
INFO:circe.py:runtime_stat:{"task_name": "circe", "event": "new_input_file", "filename": "home_storeclass5_82233351imgkitfoxjobid13.JPEG", "unix_time": 1620683179.4011364}
INFO:ccdag_utils.py:runtime_stat:{"task_name": "storeclass5", "event": "queue_start_process", "filename": "home_storeclass5_33216993imgkitfoxjobid11.JPEG", "unix_time": 1620683179.956952}
INFO:ccdag_utils.py:runtime_stat:{"task_name": "storeclass5", "event": "queue_end_process", "filename": "storeclass5_lccenc5_33216993imgkitfoxjobid11.JPEG", "unix_time": 1620683179.9584136}
INFO:ccdag_utils.py:runtime_stat:{"task_name": "storeclass5", "event": "queue_start_process", "filename": "home_storeclass5_82233351imgkitfoxjobid13.JPEG", "unix_time": 1620683179.9588377}
INFO:ccdag_utils.py:runtime_stat:{"task_name": "storeclass5", "event": "queue_end_process", "filename": "storeclass5_lccenc5_82233351imgkitfoxjobid13.JPEG", "unix_time": 1620683179.960597}
INFO:circe.py:runtime_stat:{"task_name": "circe", "event": "new_output_file", "filename": "storeclass5_lccenc5_33216993imgkitfoxjobid11.JPEG", "unix_time": 1620683179.9635856}
DEBUG:transfer.py:sshpass -p PASSWORD scp -P 5000 -o StrictHostKeyChecking=no /jupiter/circe_output/storeclass5_lccenc5_33216993imgkitfoxjobid11.JPEG root@10.103.86.219:/jupiter/circe_input/
DEBUG:transfer.py:transfer successful!
INFO:circe.py:runtime_stat:{"task_name": "circe", "event": "new_output_file", "filename": "storeclass5_lccenc5_82233351imgkitfoxjobid13.JPEG", "unix_time": 1620683180.1774023}
DEBUG:transfer.py:sshpass -p PASSWORD scp -P 5000 -o StrictHostKeyChecking=no /jupiter/circe_output/storeclass5_lccenc5_82233351imgkitfoxjobid13.JPEG root@10.103.86.219:/jupiter/circe_input/
DEBUG:transfer.py:transfer successful!
