 * Starting OpenBSD Secure Shell server sshd
   ...done.
INFO:circe.py:Using base script score.py
DEBUG:circe.py:starting the input monitoring process
DEBUG:circe.py:starting the output monitoring process
INFO:circe.py:runtime_stat:{"task_name": "circe", "event": "new_input_file", "filename": "lccenc8_score8b_7#53862325-7#92941654-7#37189228-7#65476208jobid1.csv", "unix_time": 1620686704.451044}
INFO:ccdag_utils.py:runtime_stat:{"task_name": "score8b", "event": "queue_start_process", "filename": "lccenc8_score8b_7#53862325-7#92941654-7#37189228-7#65476208jobid1.csv", "unix_time": 1620686705.2305415}
['mongoose21.JPEG', 'mongoose22.JPEG', 'mongoose23.JPEG', 'mongoose24.JPEG', 'mongoose25.JPEG', 'mongoose26.JPEG', 'mongoose27.JPEG', 'mongoose28.JPEG', 'mongoose29.JPEG', 'mongoose30.JPEG']
INFO:circe.py:runtime_stat:{"task_name": "circe", "event": "new_output_file", "filename": "score8b_preagg8_1jobth7#53862325-7#92941654-7#37189228-7#65476208", "unix_time": 1620686707.0841713}
DEBUG:transfer.py:sshpass -p PASSWORD scp -P 5000 -o StrictHostKeyChecking=no /jupiter/circe_output/score8b_preagg8_1jobth7#53862325-7#92941654-7#37189228-7#65476208 root@10.99.59.177:/jupiter/circe_input/
INFO:ccdag_utils.py:runtime_stat:{"task_name": "score8b", "event": "queue_end_process", "filename": "score8b_preagg8_1jobth7#53862325-7#92941654-7#37189228-7#65476208", "unix_time": 1620686707.0935197}
Warning: Permanently added '[10.99.59.177]:5000' (ECDSA) to the list of known hosts.
DEBUG:transfer.py:transfer successful!
INFO:circe.py:runtime_stat:{"task_name": "circe", "event": "new_input_file", "filename": "lccenc8_score8b_7#72190460-7#22681303-7#44565499-7#73714867jobid2.csv", "unix_time": 1620686707.552876}
INFO:ccdag_utils.py:runtime_stat:{"task_name": "score8b", "event": "queue_start_process", "filename": "lccenc8_score8b_7#72190460-7#22681303-7#44565499-7#73714867jobid2.csv", "unix_time": 1620686708.1019626}
['mongoose21.JPEG', 'mongoose22.JPEG', 'mongoose23.JPEG', 'mongoose24.JPEG', 'mongoose25.JPEG', 'mongoose26.JPEG', 'mongoose27.JPEG', 'mongoose28.JPEG', 'mongoose29.JPEG', 'mongoose30.JPEG']
INFO:circe.py:runtime_stat:{"task_name": "circe", "event": "new_output_file", "filename": "score8b_preagg8_2jobth7#72190460-7#22681303-7#44565499-7#73714867", "unix_time": 1620686709.580655}
DEBUG:transfer.py:sshpass -p PASSWORD scp -P 5000 -o StrictHostKeyChecking=no /jupiter/circe_output/score8b_preagg8_2jobth7#72190460-7#22681303-7#44565499-7#73714867 root@10.99.59.177:/jupiter/circe_input/
INFO:ccdag_utils.py:runtime_stat:{"task_name": "score8b", "event": "queue_end_process", "filename": "score8b_preagg8_2jobth7#72190460-7#22681303-7#44565499-7#73714867", "unix_time": 1620686709.5871637}
DEBUG:transfer.py:transfer successful!
INFO:circe.py:runtime_stat:{"task_name": "circe", "event": "new_input_file", "filename": "lccenc8_score8b_7#72496907-7#01870689-7#87476704-7#16257103jobid3.csv", "unix_time": 1620686716.7495406}
INFO:ccdag_utils.py:runtime_stat:{"task_name": "score8b", "event": "queue_start_process", "filename": "lccenc8_score8b_7#72496907-7#01870689-7#87476704-7#16257103jobid3.csv", "unix_time": 1620686717.6039634}
['mongoose21.JPEG', 'mongoose22.JPEG', 'mongoose23.JPEG', 'mongoose24.JPEG', 'mongoose25.JPEG', 'mongoose26.JPEG', 'mongoose27.JPEG', 'mongoose28.JPEG', 'mongoose29.JPEG', 'mongoose30.JPEG']
INFO:circe.py:runtime_stat:{"task_name": "circe", "event": "new_output_file", "filename": "score8b_preagg8_3jobth7#72496907-7#01870689-7#87476704-7#16257103", "unix_time": 1620686719.1314316}
DEBUG:transfer.py:sshpass -p PASSWORD scp -P 5000 -o StrictHostKeyChecking=no /jupiter/circe_output/score8b_preagg8_3jobth7#72496907-7#01870689-7#87476704-7#16257103 root@10.99.59.177:/jupiter/circe_input/
INFO:ccdag_utils.py:runtime_stat:{"task_name": "score8b", "event": "queue_end_process", "filename": "score8b_preagg8_3jobth7#72496907-7#01870689-7#87476704-7#16257103", "unix_time": 1620686719.1443248}
DEBUG:transfer.py:transfer successful!
INFO:circe.py:runtime_stat:{"task_name": "circe", "event": "new_input_file", "filename": "lccenc8_score8b_7#76517002-7#76565719-7#96172072-7#68102534jobid4.csv", "unix_time": 1620686726.9809544}
['mongoose21.JPEG', 'mongoose22.JPEG', 'mongoose23.JPEG', 'mongoose24.JPEG', 'mongoose25.JPEG', 'mongoose26.JPEG', 'mongoose27.JPEG', 'mongoose28.JPEG', 'mongoose29.JPEG', 'mongoose30.JPEG']
INFO:ccdag_utils.py:runtime_stat:{"task_name": "score8b", "event": "queue_start_process", "filename": "lccenc8_score8b_7#76517002-7#76565719-7#96172072-7#68102534jobid4.csv", "unix_time": 1620686727.1531768}
INFO:circe.py:runtime_stat:{"task_name": "circe", "event": "new_output_file", "filename": "score8b_preagg8_4jobth7#76517002-7#76565719-7#96172072-7#68102534", "unix_time": 1620686728.6717117}
DEBUG:transfer.py:sshpass -p PASSWORD scp -P 5000 -o StrictHostKeyChecking=no /jupiter/circe_output/score8b_preagg8_4jobth7#76517002-7#76565719-7#96172072-7#68102534 root@10.99.59.177:/jupiter/circe_input/
INFO:ccdag_utils.py:runtime_stat:{"task_name": "score8b", "event": "queue_end_process", "filename": "score8b_preagg8_4jobth7#76517002-7#76565719-7#96172072-7#68102534", "unix_time": 1620686728.6778255}
DEBUG:transfer.py:transfer successful!
INFO:circe.py:runtime_stat:{"task_name": "circe", "event": "new_input_file", "filename": "lccenc8_score8b_7#70829478-7#31816638-7#59123903-7#94177488jobid5.csv", "unix_time": 1620686730.2588634}
INFO:ccdag_utils.py:runtime_stat:{"task_name": "score8b", "event": "queue_start_process", "filename": "lccenc8_score8b_7#70829478-7#31816638-7#59123903-7#94177488jobid5.csv", "unix_time": 1620686730.682395}
['mongoose21.JPEG', 'mongoose22.JPEG', 'mongoose23.JPEG', 'mongoose24.JPEG', 'mongoose25.JPEG', 'mongoose26.JPEG', 'mongoose27.JPEG', 'mongoose28.JPEG', 'mongoose29.JPEG', 'mongoose30.JPEG']
INFO:circe.py:runtime_stat:{"task_name": "circe", "event": "new_output_file", "filename": "score8b_preagg8_5jobth7#70829478-7#31816638-7#59123903-7#94177488", "unix_time": 1620686732.1933935}
DEBUG:transfer.py:sshpass -p PASSWORD scp -P 5000 -o StrictHostKeyChecking=no /jupiter/circe_output/score8b_preagg8_5jobth7#70829478-7#31816638-7#59123903-7#94177488 root@10.99.59.177:/jupiter/circe_input/
INFO:ccdag_utils.py:runtime_stat:{"task_name": "score8b", "event": "queue_end_process", "filename": "score8b_preagg8_5jobth7#70829478-7#31816638-7#59123903-7#94177488", "unix_time": 1620686732.2002695}
DEBUG:transfer.py:transfer successful!
