 * Starting OpenBSD Secure Shell server sshd
   ...done.
INFO:circe.py:Using base script storeclass.py
DEBUG:circe.py:starting the input monitoring process
DEBUG:circe.py:starting the output monitoring process
INFO:circe.py:runtime_stat:{"task_name": "circe", "event": "new_input_file", "filename": "resnet7_storeclass8_53862325imgmongoosejobid16.JPEG", "unix_time": 1620686700.1901672}
INFO:circe.py:runtime_stat:{"task_name": "circe", "event": "new_input_file", "filename": "resnet6_storeclass8_92941654imgmongoosejobid16.JPEG", "unix_time": 1620686700.2355354}
INFO:circe.py:runtime_stat:{"task_name": "circe", "event": "new_input_file", "filename": "resnet5_storeclass8_37189228imgmongoosejobid16.JPEG", "unix_time": 1620686700.3023012}
INFO:circe.py:runtime_stat:{"task_name": "circe", "event": "new_input_file", "filename": "resnet3_storeclass8_65476208imgmongoosejobid16.JPEG", "unix_time": 1620686700.4199073}
INFO:circe.py:runtime_stat:{"task_name": "circe", "event": "new_input_file", "filename": "resnet0_storeclass8_72190460imgmongoosejobid16.JPEG", "unix_time": 1620686700.4441438}
INFO:ccdag_utils.py:runtime_stat:{"task_name": "storeclass8", "event": "queue_start_process", "filename": "resnet7_storeclass8_53862325imgmongoosejobid16.JPEG", "unix_time": 1620686700.5646548}
INFO:circe.py:runtime_stat:{"task_name": "circe", "event": "new_output_file", "filename": "storeclass8_lccenc8_53862325imgmongoosejobid16.JPEG", "unix_time": 1620686700.5764205}
DEBUG:transfer.py:sshpass -p PASSWORD scp -P 5000 -o StrictHostKeyChecking=no /jupiter/circe_output/storeclass8_lccenc8_53862325imgmongoosejobid16.JPEG root@10.109.35.202:/jupiter/circe_input/
INFO:ccdag_utils.py:runtime_stat:{"task_name": "storeclass8", "event": "queue_end_process", "filename": "storeclass8_lccenc8_53862325imgmongoosejobid16.JPEG", "unix_time": 1620686700.5772247}
INFO:ccdag_utils.py:runtime_stat:{"task_name": "storeclass8", "event": "queue_start_process", "filename": "resnet6_storeclass8_92941654imgmongoosejobid16.JPEG", "unix_time": 1620686700.5831444}
INFO:ccdag_utils.py:runtime_stat:{"task_name": "storeclass8", "event": "queue_end_process", "filename": "storeclass8_lccenc8_92941654imgmongoosejobid16.JPEG", "unix_time": 1620686700.5900586}
INFO:ccdag_utils.py:runtime_stat:{"task_name": "storeclass8", "event": "queue_start_process", "filename": "resnet5_storeclass8_37189228imgmongoosejobid16.JPEG", "unix_time": 1620686700.5908022}
INFO:ccdag_utils.py:runtime_stat:{"task_name": "storeclass8", "event": "queue_end_process", "filename": "storeclass8_lccenc8_37189228imgmongoosejobid16.JPEG", "unix_time": 1620686700.5930998}
INFO:ccdag_utils.py:runtime_stat:{"task_name": "storeclass8", "event": "queue_start_process", "filename": "resnet3_storeclass8_65476208imgmongoosejobid16.JPEG", "unix_time": 1620686700.5935876}
INFO:ccdag_utils.py:runtime_stat:{"task_name": "storeclass8", "event": "queue_end_process", "filename": "storeclass8_lccenc8_65476208imgmongoosejobid16.JPEG", "unix_time": 1620686700.596164}
INFO:ccdag_utils.py:runtime_stat:{"task_name": "storeclass8", "event": "queue_start_process", "filename": "resnet0_storeclass8_72190460imgmongoosejobid16.JPEG", "unix_time": 1620686700.5966284}
INFO:ccdag_utils.py:runtime_stat:{"task_name": "storeclass8", "event": "queue_end_process", "filename": "storeclass8_lccenc8_72190460imgmongoosejobid16.JPEG", "unix_time": 1620686700.5994077}
Warning: Permanently added '[10.109.35.202]:5000' (ECDSA) to the list of known hosts.
INFO:circe.py:runtime_stat:{"task_name": "circe", "event": "new_input_file", "filename": "resnet4_storeclass8_22681303imgmongoosejobid16.JPEG", "unix_time": 1620686700.6940877}
DEBUG:transfer.py:transfer successful!
INFO:circe.py:runtime_stat:{"task_name": "circe", "event": "new_output_file", "filename": "storeclass8_lccenc8_92941654imgmongoosejobid16.JPEG", "unix_time": 1620686700.8235831}
DEBUG:transfer.py:sshpass -p PASSWORD scp -P 5000 -o StrictHostKeyChecking=no /jupiter/circe_output/storeclass8_lccenc8_92941654imgmongoosejobid16.JPEG root@10.109.35.202:/jupiter/circe_input/
INFO:circe.py:runtime_stat:{"task_name": "circe", "event": "new_input_file", "filename": "resnet1_storeclass8_44565499imgmongoosejobid16.JPEG", "unix_time": 1620686700.8609517}
INFO:circe.py:runtime_stat:{"task_name": "circe", "event": "new_input_file", "filename": "resnet2_storeclass8_73714867imgmongoosejobid16.JPEG", "unix_time": 1620686700.9341471}
DEBUG:transfer.py:transfer successful!
INFO:circe.py:runtime_stat:{"task_name": "circe", "event": "new_output_file", "filename": "storeclass8_lccenc8_37189228imgmongoosejobid16.JPEG", "unix_time": 1620686701.05034}
DEBUG:transfer.py:sshpass -p PASSWORD scp -P 5000 -o StrictHostKeyChecking=no /jupiter/circe_output/storeclass8_lccenc8_37189228imgmongoosejobid16.JPEG root@10.109.35.202:/jupiter/circe_input/
DEBUG:transfer.py:transfer successful!
INFO:circe.py:runtime_stat:{"task_name": "circe", "event": "new_output_file", "filename": "storeclass8_lccenc8_65476208imgmongoosejobid16.JPEG", "unix_time": 1620686701.2796357}
DEBUG:transfer.py:sshpass -p PASSWORD scp -P 5000 -o StrictHostKeyChecking=no /jupiter/circe_output/storeclass8_lccenc8_65476208imgmongoosejobid16.JPEG root@10.109.35.202:/jupiter/circe_input/
DEBUG:transfer.py:transfer successful!
INFO:circe.py:runtime_stat:{"task_name": "circe", "event": "new_output_file", "filename": "storeclass8_lccenc8_72190460imgmongoosejobid16.JPEG", "unix_time": 1620686701.5087688}
DEBUG:transfer.py:sshpass -p PASSWORD scp -P 5000 -o StrictHostKeyChecking=no /jupiter/circe_output/storeclass8_lccenc8_72190460imgmongoosejobid16.JPEG root@10.109.35.202:/jupiter/circe_input/
INFO:ccdag_utils.py:runtime_stat:{"task_name": "storeclass8", "event": "queue_start_process", "filename": "resnet4_storeclass8_22681303imgmongoosejobid16.JPEG", "unix_time": 1620686701.6010637}
INFO:ccdag_utils.py:runtime_stat:{"task_name": "storeclass8", "event": "queue_end_process", "filename": "storeclass8_lccenc8_22681303imgmongoosejobid16.JPEG", "unix_time": 1620686701.6082096}
INFO:ccdag_utils.py:runtime_stat:{"task_name": "storeclass8", "event": "queue_start_process", "filename": "resnet1_storeclass8_44565499imgmongoosejobid16.JPEG", "unix_time": 1620686701.6085942}
INFO:ccdag_utils.py:runtime_stat:{"task_name": "storeclass8", "event": "queue_end_process", "filename": "storeclass8_lccenc8_44565499imgmongoosejobid16.JPEG", "unix_time": 1620686701.6129029}
INFO:ccdag_utils.py:runtime_stat:{"task_name": "storeclass8", "event": "queue_start_process", "filename": "resnet2_storeclass8_73714867imgmongoosejobid16.JPEG", "unix_time": 1620686701.6135252}
INFO:ccdag_utils.py:runtime_stat:{"task_name": "storeclass8", "event": "queue_end_process", "filename": "storeclass8_lccenc8_73714867imgmongoosejobid16.JPEG", "unix_time": 1620686701.6172721}
DEBUG:transfer.py:transfer successful!
INFO:circe.py:runtime_stat:{"task_name": "circe", "event": "new_output_file", "filename": "storeclass8_lccenc8_22681303imgmongoosejobid16.JPEG", "unix_time": 1620686701.7501438}
DEBUG:transfer.py:sshpass -p PASSWORD scp -P 5000 -o StrictHostKeyChecking=no /jupiter/circe_output/storeclass8_lccenc8_22681303imgmongoosejobid16.JPEG root@10.109.35.202:/jupiter/circe_input/
DEBUG:transfer.py:transfer successful!
INFO:circe.py:runtime_stat:{"task_name": "circe", "event": "new_output_file", "filename": "storeclass8_lccenc8_44565499imgmongoosejobid16.JPEG", "unix_time": 1620686701.9841301}
DEBUG:transfer.py:sshpass -p PASSWORD scp -P 5000 -o StrictHostKeyChecking=no /jupiter/circe_output/storeclass8_lccenc8_44565499imgmongoosejobid16.JPEG root@10.109.35.202:/jupiter/circe_input/
DEBUG:transfer.py:transfer successful!
INFO:circe.py:runtime_stat:{"task_name": "circe", "event": "new_output_file", "filename": "storeclass8_lccenc8_73714867imgmongoosejobid16.JPEG", "unix_time": 1620686702.2013865}
DEBUG:transfer.py:sshpass -p PASSWORD scp -P 5000 -o StrictHostKeyChecking=no /jupiter/circe_output/storeclass8_lccenc8_73714867imgmongoosejobid16.JPEG root@10.109.35.202:/jupiter/circe_input/
DEBUG:transfer.py:transfer successful!
INFO:circe.py:runtime_stat:{"task_name": "circe", "event": "new_input_file", "filename": "resnet5_storeclass8_72496907imgmongoosejobid17.JPEG", "unix_time": 1620686711.4486535}
INFO:ccdag_utils.py:runtime_stat:{"task_name": "storeclass8", "event": "queue_start_process", "filename": "resnet5_storeclass8_72496907imgmongoosejobid17.JPEG", "unix_time": 1620686711.6293678}
INFO:ccdag_utils.py:runtime_stat:{"task_name": "storeclass8", "event": "queue_end_process", "filename": "storeclass8_lccenc8_72496907imgmongoosejobid17.JPEG", "unix_time": 1620686711.6345155}
INFO:circe.py:runtime_stat:{"task_name": "circe", "event": "new_output_file", "filename": "storeclass8_lccenc8_72496907imgmongoosejobid17.JPEG", "unix_time": 1620686711.635984}
DEBUG:transfer.py:sshpass -p PASSWORD scp -P 5000 -o StrictHostKeyChecking=no /jupiter/circe_output/storeclass8_lccenc8_72496907imgmongoosejobid17.JPEG root@10.109.35.202:/jupiter/circe_input/
INFO:circe.py:runtime_stat:{"task_name": "circe", "event": "new_input_file", "filename": "resnet3_storeclass8_01870689imgmongoosejobid17.JPEG", "unix_time": 1620686711.6984499}
INFO:circe.py:runtime_stat:{"task_name": "circe", "event": "new_input_file", "filename": "resnet4_storeclass8_87476704imgmongoosejobid17.JPEG", "unix_time": 1620686711.7465255}
DEBUG:transfer.py:transfer successful!
INFO:circe.py:runtime_stat:{"task_name": "circe", "event": "new_input_file", "filename": "resnet6_storeclass8_16257103imgmongoosejobid17.JPEG", "unix_time": 1620686712.17088}
INFO:circe.py:runtime_stat:{"task_name": "circe", "event": "new_input_file", "filename": "resnet7_storeclass8_76517002imgmongoosejobid17.JPEG", "unix_time": 1620686712.295133}
INFO:ccdag_utils.py:runtime_stat:{"task_name": "storeclass8", "event": "queue_start_process", "filename": "resnet3_storeclass8_01870689imgmongoosejobid17.JPEG", "unix_time": 1620686712.6361072}
INFO:circe.py:runtime_stat:{"task_name": "circe", "event": "new_output_file", "filename": "storeclass8_lccenc8_01870689imgmongoosejobid17.JPEG", "unix_time": 1620686712.6446412}
DEBUG:transfer.py:sshpass -p PASSWORD scp -P 5000 -o StrictHostKeyChecking=no /jupiter/circe_output/storeclass8_lccenc8_01870689imgmongoosejobid17.JPEG root@10.109.35.202:/jupiter/circe_input/
INFO:ccdag_utils.py:runtime_stat:{"task_name": "storeclass8", "event": "queue_end_process", "filename": "storeclass8_lccenc8_01870689imgmongoosejobid17.JPEG", "unix_time": 1620686712.64887}
INFO:ccdag_utils.py:runtime_stat:{"task_name": "storeclass8", "event": "queue_start_process", "filename": "resnet4_storeclass8_87476704imgmongoosejobid17.JPEG", "unix_time": 1620686712.6514122}
INFO:ccdag_utils.py:runtime_stat:{"task_name": "storeclass8", "event": "queue_end_process", "filename": "storeclass8_lccenc8_87476704imgmongoosejobid17.JPEG", "unix_time": 1620686712.6583521}
INFO:ccdag_utils.py:runtime_stat:{"task_name": "storeclass8", "event": "queue_start_process", "filename": "resnet6_storeclass8_16257103imgmongoosejobid17.JPEG", "unix_time": 1620686712.6586905}
INFO:ccdag_utils.py:runtime_stat:{"task_name": "storeclass8", "event": "queue_end_process", "filename": "storeclass8_lccenc8_16257103imgmongoosejobid17.JPEG", "unix_time": 1620686712.6625638}
INFO:ccdag_utils.py:runtime_stat:{"task_name": "storeclass8", "event": "queue_start_process", "filename": "resnet7_storeclass8_76517002imgmongoosejobid17.JPEG", "unix_time": 1620686712.6628964}
INFO:ccdag_utils.py:runtime_stat:{"task_name": "storeclass8", "event": "queue_end_process", "filename": "storeclass8_lccenc8_76517002imgmongoosejobid17.JPEG", "unix_time": 1620686712.6656537}
DEBUG:transfer.py:transfer successful!
INFO:circe.py:runtime_stat:{"task_name": "circe", "event": "new_output_file", "filename": "storeclass8_lccenc8_87476704imgmongoosejobid17.JPEG", "unix_time": 1620686712.8735795}
DEBUG:transfer.py:sshpass -p PASSWORD scp -P 5000 -o StrictHostKeyChecking=no /jupiter/circe_output/storeclass8_lccenc8_87476704imgmongoosejobid17.JPEG root@10.109.35.202:/jupiter/circe_input/
DEBUG:transfer.py:transfer successful!
INFO:circe.py:runtime_stat:{"task_name": "circe", "event": "new_output_file", "filename": "storeclass8_lccenc8_16257103imgmongoosejobid17.JPEG", "unix_time": 1620686713.1037853}
DEBUG:transfer.py:sshpass -p PASSWORD scp -P 5000 -o StrictHostKeyChecking=no /jupiter/circe_output/storeclass8_lccenc8_16257103imgmongoosejobid17.JPEG root@10.109.35.202:/jupiter/circe_input/
DEBUG:transfer.py:transfer successful!
INFO:circe.py:runtime_stat:{"task_name": "circe", "event": "new_output_file", "filename": "storeclass8_lccenc8_76517002imgmongoosejobid17.JPEG", "unix_time": 1620686713.3226764}
DEBUG:transfer.py:sshpass -p PASSWORD scp -P 5000 -o StrictHostKeyChecking=no /jupiter/circe_output/storeclass8_lccenc8_76517002imgmongoosejobid17.JPEG root@10.109.35.202:/jupiter/circe_input/
DEBUG:transfer.py:transfer successful!
INFO:circe.py:runtime_stat:{"task_name": "circe", "event": "new_input_file", "filename": "resnet4_storeclass8_76565719imgmongoosejobid18.JPEG", "unix_time": 1620686721.8318417}
INFO:circe.py:runtime_stat:{"task_name": "circe", "event": "new_input_file", "filename": "resnet5_storeclass8_96172072imgmongoosejobid18.JPEG", "unix_time": 1620686721.84028}
INFO:circe.py:runtime_stat:{"task_name": "circe", "event": "new_input_file", "filename": "resnet1_storeclass8_68102534imgmongoosejobid18.JPEG", "unix_time": 1620686722.1642168}
INFO:circe.py:runtime_stat:{"task_name": "circe", "event": "new_input_file", "filename": "resnet3_storeclass8_70829478imgmongoosejobid18.JPEG", "unix_time": 1620686722.2029192}
INFO:circe.py:runtime_stat:{"task_name": "circe", "event": "new_input_file", "filename": "resnet0_storeclass8_31816638imgmongoosejobid18.JPEG", "unix_time": 1620686722.3395748}
INFO:circe.py:runtime_stat:{"task_name": "circe", "event": "new_input_file", "filename": "resnet2_storeclass8_59123903imgmongoosejobid18.JPEG", "unix_time": 1620686722.4769778}
INFO:circe.py:runtime_stat:{"task_name": "circe", "event": "new_input_file", "filename": "resnet7_storeclass8_94177488imgmongoosejobid18.JPEG", "unix_time": 1620686722.5778027}
INFO:ccdag_utils.py:runtime_stat:{"task_name": "storeclass8", "event": "queue_start_process", "filename": "resnet4_storeclass8_76565719imgmongoosejobid18.JPEG", "unix_time": 1620686722.6753073}
INFO:circe.py:runtime_stat:{"task_name": "circe", "event": "new_input_file", "filename": "resnet6_storeclass8_99502699imgmongoosejobid18.JPEG", "unix_time": 1620686722.6828332}
INFO:ccdag_utils.py:runtime_stat:{"task_name": "storeclass8", "event": "queue_end_process", "filename": "storeclass8_lccenc8_76565719imgmongoosejobid18.JPEG", "unix_time": 1620686722.6863077}
INFO:ccdag_utils.py:runtime_stat:{"task_name": "storeclass8", "event": "queue_start_process", "filename": "resnet5_storeclass8_96172072imgmongoosejobid18.JPEG", "unix_time": 1620686722.6911907}
INFO:ccdag_utils.py:runtime_stat:{"task_name": "storeclass8", "event": "queue_end_process", "filename": "storeclass8_lccenc8_96172072imgmongoosejobid18.JPEG", "unix_time": 1620686722.6926827}
INFO:ccdag_utils.py:runtime_stat:{"task_name": "storeclass8", "event": "queue_start_process", "filename": "resnet1_storeclass8_68102534imgmongoosejobid18.JPEG", "unix_time": 1620686722.693001}
INFO:ccdag_utils.py:runtime_stat:{"task_name": "storeclass8", "event": "queue_end_process", "filename": "storeclass8_lccenc8_68102534imgmongoosejobid18.JPEG", "unix_time": 1620686722.694155}
INFO:ccdag_utils.py:runtime_stat:{"task_name": "storeclass8", "event": "queue_start_process", "filename": "resnet3_storeclass8_70829478imgmongoosejobid18.JPEG", "unix_time": 1620686722.6944609}
INFO:circe.py:runtime_stat:{"task_name": "circe", "event": "new_output_file", "filename": "storeclass8_lccenc8_76565719imgmongoosejobid18.JPEG", "unix_time": 1620686722.6872008}
DEBUG:transfer.py:sshpass -p PASSWORD scp -P 5000 -o StrictHostKeyChecking=no /jupiter/circe_output/storeclass8_lccenc8_76565719imgmongoosejobid18.JPEG root@10.109.35.202:/jupiter/circe_input/
INFO:ccdag_utils.py:runtime_stat:{"task_name": "storeclass8", "event": "queue_end_process", "filename": "storeclass8_lccenc8_70829478imgmongoosejobid18.JPEG", "unix_time": 1620686722.7094932}
INFO:ccdag_utils.py:runtime_stat:{"task_name": "storeclass8", "event": "queue_start_process", "filename": "resnet0_storeclass8_31816638imgmongoosejobid18.JPEG", "unix_time": 1620686722.710125}
INFO:ccdag_utils.py:runtime_stat:{"task_name": "storeclass8", "event": "queue_end_process", "filename": "storeclass8_lccenc8_31816638imgmongoosejobid18.JPEG", "unix_time": 1620686722.7168725}
INFO:ccdag_utils.py:runtime_stat:{"task_name": "storeclass8", "event": "queue_start_process", "filename": "resnet2_storeclass8_59123903imgmongoosejobid18.JPEG", "unix_time": 1620686722.7171538}
INFO:ccdag_utils.py:runtime_stat:{"task_name": "storeclass8", "event": "queue_end_process", "filename": "storeclass8_lccenc8_59123903imgmongoosejobid18.JPEG", "unix_time": 1620686722.7183356}
INFO:ccdag_utils.py:runtime_stat:{"task_name": "storeclass8", "event": "queue_start_process", "filename": "resnet7_storeclass8_94177488imgmongoosejobid18.JPEG", "unix_time": 1620686722.7185922}
INFO:ccdag_utils.py:runtime_stat:{"task_name": "storeclass8", "event": "queue_end_process", "filename": "storeclass8_lccenc8_94177488imgmongoosejobid18.JPEG", "unix_time": 1620686722.741702}
INFO:ccdag_utils.py:runtime_stat:{"task_name": "storeclass8", "event": "queue_start_process", "filename": "resnet6_storeclass8_99502699imgmongoosejobid18.JPEG", "unix_time": 1620686722.7422407}
INFO:ccdag_utils.py:runtime_stat:{"task_name": "storeclass8", "event": "queue_end_process", "filename": "storeclass8_lccenc8_99502699imgmongoosejobid18.JPEG", "unix_time": 1620686722.745254}
DEBUG:transfer.py:transfer successful!
INFO:circe.py:runtime_stat:{"task_name": "circe", "event": "new_output_file", "filename": "storeclass8_lccenc8_96172072imgmongoosejobid18.JPEG", "unix_time": 1620686723.0384607}
DEBUG:transfer.py:sshpass -p PASSWORD scp -P 5000 -o StrictHostKeyChecking=no /jupiter/circe_output/storeclass8_lccenc8_96172072imgmongoosejobid18.JPEG root@10.109.35.202:/jupiter/circe_input/
DEBUG:transfer.py:transfer successful!
INFO:circe.py:runtime_stat:{"task_name": "circe", "event": "new_output_file", "filename": "storeclass8_lccenc8_68102534imgmongoosejobid18.JPEG", "unix_time": 1620686723.3232481}
DEBUG:transfer.py:sshpass -p PASSWORD scp -P 5000 -o StrictHostKeyChecking=no /jupiter/circe_output/storeclass8_lccenc8_68102534imgmongoosejobid18.JPEG root@10.109.35.202:/jupiter/circe_input/
DEBUG:transfer.py:transfer successful!
INFO:circe.py:runtime_stat:{"task_name": "circe", "event": "new_output_file", "filename": "storeclass8_lccenc8_70829478imgmongoosejobid18.JPEG", "unix_time": 1620686723.6327782}
DEBUG:transfer.py:sshpass -p PASSWORD scp -P 5000 -o StrictHostKeyChecking=no /jupiter/circe_output/storeclass8_lccenc8_70829478imgmongoosejobid18.JPEG root@10.109.35.202:/jupiter/circe_input/
DEBUG:transfer.py:transfer successful!
INFO:circe.py:runtime_stat:{"task_name": "circe", "event": "new_output_file", "filename": "storeclass8_lccenc8_31816638imgmongoosejobid18.JPEG", "unix_time": 1620686723.8614535}
DEBUG:transfer.py:sshpass -p PASSWORD scp -P 5000 -o StrictHostKeyChecking=no /jupiter/circe_output/storeclass8_lccenc8_31816638imgmongoosejobid18.JPEG root@10.109.35.202:/jupiter/circe_input/
DEBUG:transfer.py:transfer successful!
INFO:circe.py:runtime_stat:{"task_name": "circe", "event": "new_output_file", "filename": "storeclass8_lccenc8_59123903imgmongoosejobid18.JPEG", "unix_time": 1620686724.0934222}
DEBUG:transfer.py:sshpass -p PASSWORD scp -P 5000 -o StrictHostKeyChecking=no /jupiter/circe_output/storeclass8_lccenc8_59123903imgmongoosejobid18.JPEG root@10.109.35.202:/jupiter/circe_input/
DEBUG:transfer.py:transfer successful!
INFO:circe.py:runtime_stat:{"task_name": "circe", "event": "new_output_file", "filename": "storeclass8_lccenc8_94177488imgmongoosejobid18.JPEG", "unix_time": 1620686724.3210983}
DEBUG:transfer.py:sshpass -p PASSWORD scp -P 5000 -o StrictHostKeyChecking=no /jupiter/circe_output/storeclass8_lccenc8_94177488imgmongoosejobid18.JPEG root@10.109.35.202:/jupiter/circe_input/
DEBUG:transfer.py:transfer successful!
INFO:circe.py:runtime_stat:{"task_name": "circe", "event": "new_output_file", "filename": "storeclass8_lccenc8_99502699imgmongoosejobid18.JPEG", "unix_time": 1620686724.5539362}
DEBUG:transfer.py:sshpass -p PASSWORD scp -P 5000 -o StrictHostKeyChecking=no /jupiter/circe_output/storeclass8_lccenc8_99502699imgmongoosejobid18.JPEG root@10.109.35.202:/jupiter/circe_input/
DEBUG:transfer.py:transfer successful!
INFO:circe.py:runtime_stat:{"task_name": "circe", "event": "new_input_file", "filename": "resnet0_storeclass8_83664881imgmongoosejobid19.JPEG", "unix_time": 1620686733.559979}
INFO:ccdag_utils.py:runtime_stat:{"task_name": "storeclass8", "event": "queue_start_process", "filename": "resnet0_storeclass8_83664881imgmongoosejobid19.JPEG", "unix_time": 1620686733.7573154}
INFO:ccdag_utils.py:runtime_stat:{"task_name": "storeclass8", "event": "queue_end_process", "filename": "storeclass8_lccenc8_83664881imgmongoosejobid19.JPEG", "unix_time": 1620686733.760512}
INFO:circe.py:runtime_stat:{"task_name": "circe", "event": "new_output_file", "filename": "storeclass8_lccenc8_83664881imgmongoosejobid19.JPEG", "unix_time": 1620686733.761419}
DEBUG:transfer.py:sshpass -p PASSWORD scp -P 5000 -o StrictHostKeyChecking=no /jupiter/circe_output/storeclass8_lccenc8_83664881imgmongoosejobid19.JPEG root@10.109.35.202:/jupiter/circe_input/
DEBUG:transfer.py:transfer successful!
