 * Starting OpenBSD Secure Shell server sshd
   ...done.
INFO:circe.py:Using base script lccenc.py
DEBUG:circe.py:starting the input monitoring process
DEBUG:circe.py:starting the output monitoring process
8
INFO:circe.py:runtime_stat:{"task_name": "circe", "event": "new_input_file", "filename": "storeclass8_lccenc8_53862325imgmongoosejobid16.JPEG", "unix_time": 1620686700.817499}
INFO:circe.py:runtime_stat:{"task_name": "circe", "event": "new_input_file", "filename": "storeclass8_lccenc8_92941654imgmongoosejobid16.JPEG", "unix_time": 1620686701.0475717}
INFO:circe.py:runtime_stat:{"task_name": "circe", "event": "new_input_file", "filename": "storeclass8_lccenc8_37189228imgmongoosejobid16.JPEG", "unix_time": 1620686701.2750692}
INFO:circe.py:runtime_stat:{"task_name": "circe", "event": "new_input_file", "filename": "storeclass8_lccenc8_65476208imgmongoosejobid16.JPEG", "unix_time": 1620686701.504964}
INFO:ccdag_utils.py:runtime_stat:{"task_name": "lccenc8", "event": "queue_start_process", "filename": "storeclass8_lccenc8_53862325imgmongoosejobid16.JPEG", "unix_time": 1620686701.6915321}
INFO:ccdag_utils.py:runtime_stat:{"task_name": "lccenc8", "event": "queue_start_process", "filename": "storeclass8_lccenc8_92941654imgmongoosejobid16.JPEG", "unix_time": 1620686701.6919847}
INFO:ccdag_utils.py:runtime_stat:{"task_name": "lccenc8", "event": "queue_start_process", "filename": "storeclass8_lccenc8_37189228imgmongoosejobid16.JPEG", "unix_time": 1620686701.6922576}
INFO:ccdag_utils.py:runtime_stat:{"task_name": "lccenc8", "event": "queue_start_process", "filename": "storeclass8_lccenc8_65476208imgmongoosejobid16.JPEG", "unix_time": 1620686701.6925018}
INFO:circe.py:runtime_stat:{"task_name": "circe", "event": "new_input_file", "filename": "storeclass8_lccenc8_72190460imgmongoosejobid16.JPEG", "unix_time": 1620686701.74321}
INFO:circe.py:runtime_stat:{"task_name": "circe", "event": "new_input_file", "filename": "storeclass8_lccenc8_22681303imgmongoosejobid16.JPEG", "unix_time": 1620686702.3745265}
INFO:circe.py:runtime_stat:{"task_name": "circe", "event": "new_input_file", "filename": "storeclass8_lccenc8_44565499imgmongoosejobid16.JPEG", "unix_time": 1620686702.375397}
INFO:circe.py:runtime_stat:{"task_name": "circe", "event": "new_input_file", "filename": "storeclass8_lccenc8_73714867imgmongoosejobid16.JPEG", "unix_time": 1620686702.8634665}
INFO:ccdag_utils.py:runtime_stat:{"task_name": "lccenc8", "event": "queue_end_process", "filename": "lccenc8_score8a_7#53862325-7#92941654-7#37189228-7#65476208jobid1.csv", "unix_time": 1620686702.8737888}
INFO:circe.py:runtime_stat:{"task_name": "circe", "event": "new_output_file", "filename": "lccenc8_score8a_7#53862325-7#92941654-7#37189228-7#65476208jobid1.csv", "unix_time": 1620686702.8745353}
DEBUG:transfer.py:sshpass -p PASSWORD scp -P 5000 -o StrictHostKeyChecking=no /jupiter/circe_output/lccenc8_score8a_7#53862325-7#92941654-7#37189228-7#65476208jobid1.csv root@10.98.219.97:/jupiter/circe_input/
Warning: Permanently added '[10.98.219.97]:5000' (ECDSA) to the list of known hosts.
DEBUG:transfer.py:transfer successful!
INFO:ccdag_utils.py:runtime_stat:{"task_name": "lccenc8", "event": "queue_end_process", "filename": "lccenc8_score8b_7#53862325-7#92941654-7#37189228-7#65476208jobid1.csv", "unix_time": 1620686703.9041367}
INFO:circe.py:runtime_stat:{"task_name": "circe", "event": "new_output_file", "filename": "lccenc8_score8b_7#53862325-7#92941654-7#37189228-7#65476208jobid1.csv", "unix_time": 1620686703.9106233}
DEBUG:transfer.py:sshpass -p PASSWORD scp -P 5000 -o StrictHostKeyChecking=no /jupiter/circe_output/lccenc8_score8b_7#53862325-7#92941654-7#37189228-7#65476208jobid1.csv root@10.107.75.227:/jupiter/circe_input/
Warning: Permanently added '[10.107.75.227]:5000' (ECDSA) to the list of known hosts.
DEBUG:transfer.py:transfer successful!
INFO:ccdag_utils.py:runtime_stat:{"task_name": "lccenc8", "event": "queue_end_process", "filename": "lccenc8_score8c_7#53862325-7#92941654-7#37189228-7#65476208jobid1.csv", "unix_time": 1620686704.9367979}
INFO:ccdag_utils.py:runtime_stat:{"task_name": "lccenc8", "event": "queue_start_process", "filename": "storeclass8_lccenc8_72190460imgmongoosejobid16.JPEG", "unix_time": 1620686704.937323}
INFO:ccdag_utils.py:runtime_stat:{"task_name": "lccenc8", "event": "queue_start_process", "filename": "storeclass8_lccenc8_22681303imgmongoosejobid16.JPEG", "unix_time": 1620686704.937568}
INFO:ccdag_utils.py:runtime_stat:{"task_name": "lccenc8", "event": "queue_start_process", "filename": "storeclass8_lccenc8_44565499imgmongoosejobid16.JPEG", "unix_time": 1620686704.9377975}
INFO:ccdag_utils.py:runtime_stat:{"task_name": "lccenc8", "event": "queue_start_process", "filename": "storeclass8_lccenc8_73714867imgmongoosejobid16.JPEG", "unix_time": 1620686704.9379938}
INFO:circe.py:runtime_stat:{"task_name": "circe", "event": "new_output_file", "filename": "lccenc8_score8c_7#53862325-7#92941654-7#37189228-7#65476208jobid1.csv", "unix_time": 1620686704.9449892}
DEBUG:transfer.py:sshpass -p PASSWORD scp -P 5000 -o StrictHostKeyChecking=no /jupiter/circe_output/lccenc8_score8c_7#53862325-7#92941654-7#37189228-7#65476208jobid1.csv root@10.106.215.150:/jupiter/circe_input/
Warning: Permanently added '[10.106.215.150]:5000' (ECDSA) to the list of known hosts.
DEBUG:transfer.py:transfer successful!
INFO:ccdag_utils.py:runtime_stat:{"task_name": "lccenc8", "event": "queue_end_process", "filename": "lccenc8_score8a_7#72190460-7#22681303-7#44565499-7#73714867jobid2.csv", "unix_time": 1620686706.110066}
INFO:circe.py:runtime_stat:{"task_name": "circe", "event": "new_output_file", "filename": "lccenc8_score8a_7#72190460-7#22681303-7#44565499-7#73714867jobid2.csv", "unix_time": 1620686706.148086}
DEBUG:transfer.py:sshpass -p PASSWORD scp -P 5000 -o StrictHostKeyChecking=no /jupiter/circe_output/lccenc8_score8a_7#72190460-7#22681303-7#44565499-7#73714867jobid2.csv root@10.98.219.97:/jupiter/circe_input/
DEBUG:transfer.py:transfer successful!
INFO:ccdag_utils.py:runtime_stat:{"task_name": "lccenc8", "event": "queue_end_process", "filename": "lccenc8_score8b_7#72190460-7#22681303-7#44565499-7#73714867jobid2.csv", "unix_time": 1620686707.0978107}
INFO:circe.py:runtime_stat:{"task_name": "circe", "event": "new_output_file", "filename": "lccenc8_score8b_7#72190460-7#22681303-7#44565499-7#73714867jobid2.csv", "unix_time": 1620686707.0986958}
DEBUG:transfer.py:sshpass -p PASSWORD scp -P 5000 -o StrictHostKeyChecking=no /jupiter/circe_output/lccenc8_score8b_7#72190460-7#22681303-7#44565499-7#73714867jobid2.csv root@10.107.75.227:/jupiter/circe_input/
DEBUG:transfer.py:transfer successful!
INFO:ccdag_utils.py:runtime_stat:{"task_name": "lccenc8", "event": "queue_end_process", "filename": "lccenc8_score8c_7#72190460-7#22681303-7#44565499-7#73714867jobid2.csv", "unix_time": 1620686708.166293}
INFO:circe.py:runtime_stat:{"task_name": "circe", "event": "new_output_file", "filename": "lccenc8_score8c_7#72190460-7#22681303-7#44565499-7#73714867jobid2.csv", "unix_time": 1620686708.1674185}
DEBUG:transfer.py:sshpass -p PASSWORD scp -P 5000 -o StrictHostKeyChecking=no /jupiter/circe_output/lccenc8_score8c_7#72190460-7#22681303-7#44565499-7#73714867jobid2.csv root@10.106.215.150:/jupiter/circe_input/
DEBUG:transfer.py:transfer successful!
INFO:circe.py:runtime_stat:{"task_name": "circe", "event": "new_input_file", "filename": "storeclass8_lccenc8_72496907imgmongoosejobid17.JPEG", "unix_time": 1620686711.861867}
INFO:circe.py:runtime_stat:{"task_name": "circe", "event": "new_input_file", "filename": "storeclass8_lccenc8_01870689imgmongoosejobid17.JPEG", "unix_time": 1620686712.8695683}
INFO:circe.py:runtime_stat:{"task_name": "circe", "event": "new_input_file", "filename": "storeclass8_lccenc8_87476704imgmongoosejobid17.JPEG", "unix_time": 1620686713.101493}
INFO:circe.py:runtime_stat:{"task_name": "circe", "event": "new_input_file", "filename": "storeclass8_lccenc8_16257103imgmongoosejobid17.JPEG", "unix_time": 1620686713.319438}
INFO:circe.py:runtime_stat:{"task_name": "circe", "event": "new_input_file", "filename": "storeclass8_lccenc8_76517002imgmongoosejobid17.JPEG", "unix_time": 1620686713.5484312}
INFO:ccdag_utils.py:runtime_stat:{"task_name": "lccenc8", "event": "queue_start_process", "filename": "storeclass8_lccenc8_72496907imgmongoosejobid17.JPEG", "unix_time": 1620686714.1723127}
INFO:ccdag_utils.py:runtime_stat:{"task_name": "lccenc8", "event": "queue_start_process", "filename": "storeclass8_lccenc8_01870689imgmongoosejobid17.JPEG", "unix_time": 1620686714.172947}
INFO:ccdag_utils.py:runtime_stat:{"task_name": "lccenc8", "event": "queue_start_process", "filename": "storeclass8_lccenc8_87476704imgmongoosejobid17.JPEG", "unix_time": 1620686714.1733868}
INFO:ccdag_utils.py:runtime_stat:{"task_name": "lccenc8", "event": "queue_start_process", "filename": "storeclass8_lccenc8_16257103imgmongoosejobid17.JPEG", "unix_time": 1620686714.1736581}
INFO:ccdag_utils.py:runtime_stat:{"task_name": "lccenc8", "event": "queue_end_process", "filename": "lccenc8_score8a_7#72496907-7#01870689-7#87476704-7#16257103jobid3.csv", "unix_time": 1620686715.3038502}
INFO:circe.py:runtime_stat:{"task_name": "circe", "event": "new_output_file", "filename": "lccenc8_score8a_7#72496907-7#01870689-7#87476704-7#16257103jobid3.csv", "unix_time": 1620686715.304689}
DEBUG:transfer.py:sshpass -p PASSWORD scp -P 5000 -o StrictHostKeyChecking=no /jupiter/circe_output/lccenc8_score8a_7#72496907-7#01870689-7#87476704-7#16257103jobid3.csv root@10.98.219.97:/jupiter/circe_input/
DEBUG:transfer.py:transfer successful!
INFO:ccdag_utils.py:runtime_stat:{"task_name": "lccenc8", "event": "queue_end_process", "filename": "lccenc8_score8b_7#72496907-7#01870689-7#87476704-7#16257103jobid3.csv", "unix_time": 1620686716.3268688}
INFO:circe.py:runtime_stat:{"task_name": "circe", "event": "new_output_file", "filename": "lccenc8_score8b_7#72496907-7#01870689-7#87476704-7#16257103jobid3.csv", "unix_time": 1620686716.3278816}
DEBUG:transfer.py:sshpass -p PASSWORD scp -P 5000 -o StrictHostKeyChecking=no /jupiter/circe_output/lccenc8_score8b_7#72496907-7#01870689-7#87476704-7#16257103jobid3.csv root@10.107.75.227:/jupiter/circe_input/
DEBUG:transfer.py:transfer successful!
INFO:ccdag_utils.py:runtime_stat:{"task_name": "lccenc8", "event": "queue_end_process", "filename": "lccenc8_score8c_7#72496907-7#01870689-7#87476704-7#16257103jobid3.csv", "unix_time": 1620686717.3738534}
INFO:circe.py:runtime_stat:{"task_name": "circe", "event": "new_output_file", "filename": "lccenc8_score8c_7#72496907-7#01870689-7#87476704-7#16257103jobid3.csv", "unix_time": 1620686717.374966}
DEBUG:transfer.py:sshpass -p PASSWORD scp -P 5000 -o StrictHostKeyChecking=no /jupiter/circe_output/lccenc8_score8c_7#72496907-7#01870689-7#87476704-7#16257103jobid3.csv root@10.106.215.150:/jupiter/circe_input/
DEBUG:transfer.py:transfer successful!
INFO:circe.py:runtime_stat:{"task_name": "circe", "event": "new_input_file", "filename": "storeclass8_lccenc8_76565719imgmongoosejobid18.JPEG", "unix_time": 1620686722.9948878}
INFO:circe.py:runtime_stat:{"task_name": "circe", "event": "new_input_file", "filename": "storeclass8_lccenc8_96172072imgmongoosejobid18.JPEG", "unix_time": 1620686723.3120542}
INFO:circe.py:runtime_stat:{"task_name": "circe", "event": "new_input_file", "filename": "storeclass8_lccenc8_68102534imgmongoosejobid18.JPEG", "unix_time": 1620686723.6295533}
INFO:circe.py:runtime_stat:{"task_name": "circe", "event": "new_input_file", "filename": "storeclass8_lccenc8_70829478imgmongoosejobid18.JPEG", "unix_time": 1620686723.8586998}
INFO:circe.py:runtime_stat:{"task_name": "circe", "event": "new_input_file", "filename": "storeclass8_lccenc8_31816638imgmongoosejobid18.JPEG", "unix_time": 1620686724.0898259}
INFO:circe.py:runtime_stat:{"task_name": "circe", "event": "new_input_file", "filename": "storeclass8_lccenc8_59123903imgmongoosejobid18.JPEG", "unix_time": 1620686724.3189356}
INFO:ccdag_utils.py:runtime_stat:{"task_name": "lccenc8", "event": "queue_start_process", "filename": "storeclass8_lccenc8_76517002imgmongoosejobid17.JPEG", "unix_time": 1620686724.3810387}
INFO:ccdag_utils.py:runtime_stat:{"task_name": "lccenc8", "event": "queue_start_process", "filename": "storeclass8_lccenc8_76565719imgmongoosejobid18.JPEG", "unix_time": 1620686724.3814456}
INFO:ccdag_utils.py:runtime_stat:{"task_name": "lccenc8", "event": "queue_start_process", "filename": "storeclass8_lccenc8_96172072imgmongoosejobid18.JPEG", "unix_time": 1620686724.381752}
INFO:ccdag_utils.py:runtime_stat:{"task_name": "lccenc8", "event": "queue_start_process", "filename": "storeclass8_lccenc8_68102534imgmongoosejobid18.JPEG", "unix_time": 1620686724.381997}
INFO:circe.py:runtime_stat:{"task_name": "circe", "event": "new_input_file", "filename": "storeclass8_lccenc8_94177488imgmongoosejobid18.JPEG", "unix_time": 1620686724.5507057}
INFO:circe.py:runtime_stat:{"task_name": "circe", "event": "new_input_file", "filename": "storeclass8_lccenc8_99502699imgmongoosejobid18.JPEG", "unix_time": 1620686725.0447707}
INFO:ccdag_utils.py:runtime_stat:{"task_name": "lccenc8", "event": "queue_end_process", "filename": "lccenc8_score8a_7#76517002-7#76565719-7#96172072-7#68102534jobid4.csv", "unix_time": 1620686725.532828}
INFO:circe.py:runtime_stat:{"task_name": "circe", "event": "new_output_file", "filename": "lccenc8_score8a_7#76517002-7#76565719-7#96172072-7#68102534jobid4.csv", "unix_time": 1620686725.533568}
DEBUG:transfer.py:sshpass -p PASSWORD scp -P 5000 -o StrictHostKeyChecking=no /jupiter/circe_output/lccenc8_score8a_7#76517002-7#76565719-7#96172072-7#68102534jobid4.csv root@10.98.219.97:/jupiter/circe_input/
DEBUG:transfer.py:transfer successful!
INFO:ccdag_utils.py:runtime_stat:{"task_name": "lccenc8", "event": "queue_end_process", "filename": "lccenc8_score8b_7#76517002-7#76565719-7#96172072-7#68102534jobid4.csv", "unix_time": 1620686726.6209898}
INFO:circe.py:runtime_stat:{"task_name": "circe", "event": "new_output_file", "filename": "lccenc8_score8b_7#76517002-7#76565719-7#96172072-7#68102534jobid4.csv", "unix_time": 1620686726.6315932}
DEBUG:transfer.py:sshpass -p PASSWORD scp -P 5000 -o StrictHostKeyChecking=no /jupiter/circe_output/lccenc8_score8b_7#76517002-7#76565719-7#96172072-7#68102534jobid4.csv root@10.107.75.227:/jupiter/circe_input/
DEBUG:transfer.py:transfer successful!
INFO:ccdag_utils.py:runtime_stat:{"task_name": "lccenc8", "event": "queue_end_process", "filename": "lccenc8_score8c_7#76517002-7#76565719-7#96172072-7#68102534jobid4.csv", "unix_time": 1620686727.6084921}
INFO:ccdag_utils.py:runtime_stat:{"task_name": "lccenc8", "event": "queue_start_process", "filename": "storeclass8_lccenc8_70829478imgmongoosejobid18.JPEG", "unix_time": 1620686727.6089783}
INFO:ccdag_utils.py:runtime_stat:{"task_name": "lccenc8", "event": "queue_start_process", "filename": "storeclass8_lccenc8_31816638imgmongoosejobid18.JPEG", "unix_time": 1620686727.6092432}
INFO:ccdag_utils.py:runtime_stat:{"task_name": "lccenc8", "event": "queue_start_process", "filename": "storeclass8_lccenc8_59123903imgmongoosejobid18.JPEG", "unix_time": 1620686727.6094522}
INFO:ccdag_utils.py:runtime_stat:{"task_name": "lccenc8", "event": "queue_start_process", "filename": "storeclass8_lccenc8_94177488imgmongoosejobid18.JPEG", "unix_time": 1620686727.6097379}
INFO:circe.py:runtime_stat:{"task_name": "circe", "event": "new_output_file", "filename": "lccenc8_score8c_7#76517002-7#76565719-7#96172072-7#68102534jobid4.csv", "unix_time": 1620686727.6166553}
DEBUG:transfer.py:sshpass -p PASSWORD scp -P 5000 -o StrictHostKeyChecking=no /jupiter/circe_output/lccenc8_score8c_7#76517002-7#76565719-7#96172072-7#68102534jobid4.csv root@10.106.215.150:/jupiter/circe_input/
DEBUG:transfer.py:transfer successful!
INFO:ccdag_utils.py:runtime_stat:{"task_name": "lccenc8", "event": "queue_end_process", "filename": "lccenc8_score8a_7#70829478-7#31816638-7#59123903-7#94177488jobid5.csv", "unix_time": 1620686728.7893312}
INFO:circe.py:runtime_stat:{"task_name": "circe", "event": "new_output_file", "filename": "lccenc8_score8a_7#70829478-7#31816638-7#59123903-7#94177488jobid5.csv", "unix_time": 1620686728.8252861}
DEBUG:transfer.py:sshpass -p PASSWORD scp -P 5000 -o StrictHostKeyChecking=no /jupiter/circe_output/lccenc8_score8a_7#70829478-7#31816638-7#59123903-7#94177488jobid5.csv root@10.98.219.97:/jupiter/circe_input/
DEBUG:transfer.py:transfer successful!
INFO:ccdag_utils.py:runtime_stat:{"task_name": "lccenc8", "event": "queue_end_process", "filename": "lccenc8_score8b_7#70829478-7#31816638-7#59123903-7#94177488jobid5.csv", "unix_time": 1620686729.8601058}
INFO:circe.py:runtime_stat:{"task_name": "circe", "event": "new_output_file", "filename": "lccenc8_score8b_7#70829478-7#31816638-7#59123903-7#94177488jobid5.csv", "unix_time": 1620686729.8611171}
DEBUG:transfer.py:sshpass -p PASSWORD scp -P 5000 -o StrictHostKeyChecking=no /jupiter/circe_output/lccenc8_score8b_7#70829478-7#31816638-7#59123903-7#94177488jobid5.csv root@10.107.75.227:/jupiter/circe_input/
DEBUG:transfer.py:transfer successful!
INFO:ccdag_utils.py:runtime_stat:{"task_name": "lccenc8", "event": "queue_end_process", "filename": "lccenc8_score8c_7#70829478-7#31816638-7#59123903-7#94177488jobid5.csv", "unix_time": 1620686730.8715024}
INFO:circe.py:runtime_stat:{"task_name": "circe", "event": "new_output_file", "filename": "lccenc8_score8c_7#70829478-7#31816638-7#59123903-7#94177488jobid5.csv", "unix_time": 1620686730.8727126}
DEBUG:transfer.py:sshpass -p PASSWORD scp -P 5000 -o StrictHostKeyChecking=no /jupiter/circe_output/lccenc8_score8c_7#70829478-7#31816638-7#59123903-7#94177488jobid5.csv root@10.106.215.150:/jupiter/circe_input/
DEBUG:transfer.py:transfer successful!
INFO:circe.py:runtime_stat:{"task_name": "circe", "event": "new_input_file", "filename": "storeclass8_lccenc8_83664881imgmongoosejobid19.JPEG", "unix_time": 1620686734.0168326}
