 * Starting OpenBSD Secure Shell server sshd
   ...done.
INFO:circe.py:Using base script score.py
DEBUG:circe.py:starting the input monitoring process
DEBUG:circe.py:starting the output monitoring process
INFO:circe.py:runtime_stat:{"task_name": "circe", "event": "new_input_file", "filename": "lccenc3_score3c_2#78099124-2#37810485-2#89105181-2#16917738jobid2.csv", "unix_time": 1620589264.0676258}
INFO:ccdag_utils.py:runtime_stat:{"task_name": "score3c", "event": "queue_start_process", "filename": "lccenc3_score3c_2#78099124-2#37810485-2#89105181-2#16917738jobid2.csv", "unix_time": 1620589265.0324216}
['whitewolf21.JPEG', 'whitewolf22.JPEG', 'whitewolf23.JPEG', 'whitewolf24.JPEG', 'whitewolf25.JPEG', 'whitewolf26.JPEG', 'whitewolf27.JPEG', 'whitewolf28.JPEG', 'whitewolf29.JPEG', 'whitewolf30.JPEG']
INFO:circe.py:runtime_stat:{"task_name": "circe", "event": "new_output_file", "filename": "score3c_preagg3_2jobth2#78099124-2#37810485-2#89105181-2#16917738", "unix_time": 1620589266.6889522}
DEBUG:transfer.py:sshpass -p PASSWORD scp -P 5000 -o StrictHostKeyChecking=no /jupiter/circe_output/score3c_preagg3_2jobth2#78099124-2#37810485-2#89105181-2#16917738 root@10.100.101.84:/jupiter/circe_input/
INFO:ccdag_utils.py:runtime_stat:{"task_name": "score3c", "event": "queue_end_process", "filename": "score3c_preagg3_2jobth2#78099124-2#37810485-2#89105181-2#16917738", "unix_time": 1620589266.7036424}
Warning: Permanently added '[10.100.101.84]:5000' (ECDSA) to the list of known hosts.
DEBUG:transfer.py:transfer successful!
INFO:circe.py:runtime_stat:{"task_name": "circe", "event": "new_input_file", "filename": "lccenc3_score3c_2#63940447-2#67681670-2#75343955-2#86901502jobid2.csv", "unix_time": 1620589433.308471}
INFO:ccdag_utils.py:runtime_stat:{"task_name": "score3c", "event": "queue_start_process", "filename": "lccenc3_score3c_2#63940447-2#67681670-2#75343955-2#86901502jobid2.csv", "unix_time": 1620589433.89249}
['whitewolf21.JPEG', 'whitewolf22.JPEG', 'whitewolf23.JPEG', 'whitewolf24.JPEG', 'whitewolf25.JPEG', 'whitewolf26.JPEG', 'whitewolf27.JPEG', 'whitewolf28.JPEG', 'whitewolf29.JPEG', 'whitewolf30.JPEG']
INFO:circe.py:runtime_stat:{"task_name": "circe", "event": "new_output_file", "filename": "score3c_preagg3_2jobth2#63940447-2#67681670-2#75343955-2#86901502", "unix_time": 1620589435.426907}
DEBUG:transfer.py:sshpass -p PASSWORD scp -P 5000 -o StrictHostKeyChecking=no /jupiter/circe_output/score3c_preagg3_2jobth2#63940447-2#67681670-2#75343955-2#86901502 root@10.100.101.84:/jupiter/circe_input/
INFO:ccdag_utils.py:runtime_stat:{"task_name": "score3c", "event": "queue_end_process", "filename": "score3c_preagg3_2jobth2#63940447-2#67681670-2#75343955-2#86901502", "unix_time": 1620589435.434626}
DEBUG:transfer.py:transfer successful!
INFO:circe.py:runtime_stat:{"task_name": "circe", "event": "new_input_file", "filename": "lccenc3_score3c_2#97466216-2#64678239-2#23783679-2#37929010jobid1.csv", "unix_time": 1620589521.8729172}
INFO:ccdag_utils.py:runtime_stat:{"task_name": "score3c", "event": "queue_start_process", "filename": "lccenc3_score3c_2#97466216-2#64678239-2#23783679-2#37929010jobid1.csv", "unix_time": 1620589522.5265565}
['whitewolf21.JPEG', 'whitewolf22.JPEG', 'whitewolf23.JPEG', 'whitewolf24.JPEG', 'whitewolf25.JPEG', 'whitewolf26.JPEG', 'whitewolf27.JPEG', 'whitewolf28.JPEG', 'whitewolf29.JPEG', 'whitewolf30.JPEG']
INFO:circe.py:runtime_stat:{"task_name": "circe", "event": "new_output_file", "filename": "score3c_preagg3_1jobth2#97466216-2#64678239-2#23783679-2#37929010", "unix_time": 1620589524.0143383}
DEBUG:transfer.py:sshpass -p PASSWORD scp -P 5000 -o StrictHostKeyChecking=no /jupiter/circe_output/score3c_preagg3_1jobth2#97466216-2#64678239-2#23783679-2#37929010 root@10.100.101.84:/jupiter/circe_input/
INFO:ccdag_utils.py:runtime_stat:{"task_name": "score3c", "event": "queue_end_process", "filename": "score3c_preagg3_1jobth2#97466216-2#64678239-2#23783679-2#37929010", "unix_time": 1620589524.025617}
DEBUG:transfer.py:transfer successful!
INFO:circe.py:runtime_stat:{"task_name": "circe", "event": "new_input_file", "filename": "lccenc3_score3c_2#60697141-2#90817475-2#66514921-2#27651698jobid2.csv", "unix_time": 1620589578.0121307}
INFO:ccdag_utils.py:runtime_stat:{"task_name": "score3c", "event": "queue_start_process", "filename": "lccenc3_score3c_2#60697141-2#90817475-2#66514921-2#27651698jobid2.csv", "unix_time": 1620589578.0844483}
['whitewolf21.JPEG', 'whitewolf22.JPEG', 'whitewolf23.JPEG', 'whitewolf24.JPEG', 'whitewolf25.JPEG', 'whitewolf26.JPEG', 'whitewolf27.JPEG', 'whitewolf28.JPEG', 'whitewolf29.JPEG', 'whitewolf30.JPEG']
INFO:circe.py:runtime_stat:{"task_name": "circe", "event": "new_output_file", "filename": "score3c_preagg3_2jobth2#60697141-2#90817475-2#66514921-2#27651698", "unix_time": 1620589579.598721}
DEBUG:transfer.py:sshpass -p PASSWORD scp -P 5000 -o StrictHostKeyChecking=no /jupiter/circe_output/score3c_preagg3_2jobth2#60697141-2#90817475-2#66514921-2#27651698 root@10.100.101.84:/jupiter/circe_input/
INFO:ccdag_utils.py:runtime_stat:{"task_name": "score3c", "event": "queue_end_process", "filename": "score3c_preagg3_2jobth2#60697141-2#90817475-2#66514921-2#27651698", "unix_time": 1620589579.605098}
DEBUG:transfer.py:transfer successful!
INFO:circe.py:runtime_stat:{"task_name": "circe", "event": "new_input_file", "filename": "lccenc3_score3c_2#05908150-2#91646273-2#08481825-2#28043154jobid3.csv", "unix_time": 1620589637.3840718}
INFO:ccdag_utils.py:runtime_stat:{"task_name": "score3c", "event": "queue_start_process", "filename": "lccenc3_score3c_2#05908150-2#91646273-2#08481825-2#28043154jobid3.csv", "unix_time": 1620589637.6684525}
['whitewolf21.JPEG', 'whitewolf22.JPEG', 'whitewolf23.JPEG', 'whitewolf24.JPEG', 'whitewolf25.JPEG', 'whitewolf26.JPEG', 'whitewolf27.JPEG', 'whitewolf28.JPEG', 'whitewolf29.JPEG', 'whitewolf30.JPEG']
INFO:circe.py:runtime_stat:{"task_name": "circe", "event": "new_output_file", "filename": "score3c_preagg3_3jobth2#05908150-2#91646273-2#08481825-2#28043154", "unix_time": 1620589639.1615138}
DEBUG:transfer.py:sshpass -p PASSWORD scp -P 5000 -o StrictHostKeyChecking=no /jupiter/circe_output/score3c_preagg3_3jobth2#05908150-2#91646273-2#08481825-2#28043154 root@10.100.101.84:/jupiter/circe_input/
INFO:ccdag_utils.py:runtime_stat:{"task_name": "score3c", "event": "queue_end_process", "filename": "score3c_preagg3_3jobth2#05908150-2#91646273-2#08481825-2#28043154", "unix_time": 1620589639.1681275}
DEBUG:transfer.py:transfer successful!
INFO:circe.py:runtime_stat:{"task_name": "circe", "event": "new_input_file", "filename": "lccenc3_score3c_2#48644987-2#50031571-2#53356595-2#97116701jobid4.csv", "unix_time": 1620589719.6979032}
INFO:ccdag_utils.py:runtime_stat:{"task_name": "score3c", "event": "queue_start_process", "filename": "lccenc3_score3c_2#48644987-2#50031571-2#53356595-2#97116701jobid4.csv", "unix_time": 1620589720.2587163}
['whitewolf21.JPEG', 'whitewolf22.JPEG', 'whitewolf23.JPEG', 'whitewolf24.JPEG', 'whitewolf25.JPEG', 'whitewolf26.JPEG', 'whitewolf27.JPEG', 'whitewolf28.JPEG', 'whitewolf29.JPEG', 'whitewolf30.JPEG']
INFO:circe.py:runtime_stat:{"task_name": "circe", "event": "new_output_file", "filename": "score3c_preagg3_4jobth2#48644987-2#50031571-2#53356595-2#97116701", "unix_time": 1620589721.7814362}
DEBUG:transfer.py:sshpass -p PASSWORD scp -P 5000 -o StrictHostKeyChecking=no /jupiter/circe_output/score3c_preagg3_4jobth2#48644987-2#50031571-2#53356595-2#97116701 root@10.100.101.84:/jupiter/circe_input/
INFO:ccdag_utils.py:runtime_stat:{"task_name": "score3c", "event": "queue_end_process", "filename": "score3c_preagg3_4jobth2#48644987-2#50031571-2#53356595-2#97116701", "unix_time": 1620589721.7870831}
DEBUG:transfer.py:transfer successful!
INFO:circe.py:runtime_stat:{"task_name": "circe", "event": "new_input_file", "filename": "lccenc3_score3c_2#03701482-2#90147438-2#95019200-2#96278549jobid5.csv", "unix_time": 1620589803.3546708}
INFO:ccdag_utils.py:runtime_stat:{"task_name": "score3c", "event": "queue_start_process", "filename": "lccenc3_score3c_2#03701482-2#90147438-2#95019200-2#96278549jobid5.csv", "unix_time": 1620589803.8737261}
['whitewolf21.JPEG', 'whitewolf22.JPEG', 'whitewolf23.JPEG', 'whitewolf24.JPEG', 'whitewolf25.JPEG', 'whitewolf26.JPEG', 'whitewolf27.JPEG', 'whitewolf28.JPEG', 'whitewolf29.JPEG', 'whitewolf30.JPEG']
INFO:circe.py:runtime_stat:{"task_name": "circe", "event": "new_output_file", "filename": "score3c_preagg3_5jobth2#03701482-2#90147438-2#95019200-2#96278549", "unix_time": 1620589805.382583}
DEBUG:transfer.py:sshpass -p PASSWORD scp -P 5000 -o StrictHostKeyChecking=no /jupiter/circe_output/score3c_preagg3_5jobth2#03701482-2#90147438-2#95019200-2#96278549 root@10.100.101.84:/jupiter/circe_input/
INFO:ccdag_utils.py:runtime_stat:{"task_name": "score3c", "event": "queue_end_process", "filename": "score3c_preagg3_5jobth2#03701482-2#90147438-2#95019200-2#96278549", "unix_time": 1620589805.3913858}
DEBUG:transfer.py:transfer successful!
INFO:circe.py:runtime_stat:{"task_name": "circe", "event": "new_input_file", "filename": "lccenc3_score3c_2#92477709-2#06433455-2#57715521-2#36985629jobid6.csv", "unix_time": 1620589931.6825817}
INFO:ccdag_utils.py:runtime_stat:{"task_name": "score3c", "event": "queue_start_process", "filename": "lccenc3_score3c_2#92477709-2#06433455-2#57715521-2#36985629jobid6.csv", "unix_time": 1620589932.5277457}
['whitewolf21.JPEG', 'whitewolf22.JPEG', 'whitewolf23.JPEG', 'whitewolf24.JPEG', 'whitewolf25.JPEG', 'whitewolf26.JPEG', 'whitewolf27.JPEG', 'whitewolf28.JPEG', 'whitewolf29.JPEG', 'whitewolf30.JPEG']
INFO:circe.py:runtime_stat:{"task_name": "circe", "event": "new_output_file", "filename": "score3c_preagg3_6jobth2#92477709-2#06433455-2#57715521-2#36985629", "unix_time": 1620589934.1738603}
DEBUG:transfer.py:sshpass -p PASSWORD scp -P 5000 -o StrictHostKeyChecking=no /jupiter/circe_output/score3c_preagg3_6jobth2#92477709-2#06433455-2#57715521-2#36985629 root@10.100.101.84:/jupiter/circe_input/
INFO:ccdag_utils.py:runtime_stat:{"task_name": "score3c", "event": "queue_end_process", "filename": "score3c_preagg3_6jobth2#92477709-2#06433455-2#57715521-2#36985629", "unix_time": 1620589934.1830857}
DEBUG:transfer.py:transfer successful!
INFO:circe.py:runtime_stat:{"task_name": "circe", "event": "new_input_file", "filename": "lccenc3_score3c_2#18945967-2#31235906-2#82679283-2#36534583jobid7.csv", "unix_time": 1620590005.9510326}
INFO:ccdag_utils.py:runtime_stat:{"task_name": "score3c", "event": "queue_start_process", "filename": "lccenc3_score3c_2#18945967-2#31235906-2#82679283-2#36534583jobid7.csv", "unix_time": 1620590006.262774}
['whitewolf21.JPEG', 'whitewolf22.JPEG', 'whitewolf23.JPEG', 'whitewolf24.JPEG', 'whitewolf25.JPEG', 'whitewolf26.JPEG', 'whitewolf27.JPEG', 'whitewolf28.JPEG', 'whitewolf29.JPEG', 'whitewolf30.JPEG']
INFO:circe.py:runtime_stat:{"task_name": "circe", "event": "new_output_file", "filename": "score3c_preagg3_7jobth2#18945967-2#31235906-2#82679283-2#36534583", "unix_time": 1620590007.775446}
DEBUG:transfer.py:sshpass -p PASSWORD scp -P 5000 -o StrictHostKeyChecking=no /jupiter/circe_output/score3c_preagg3_7jobth2#18945967-2#31235906-2#82679283-2#36534583 root@10.100.101.84:/jupiter/circe_input/
INFO:ccdag_utils.py:runtime_stat:{"task_name": "score3c", "event": "queue_end_process", "filename": "score3c_preagg3_7jobth2#18945967-2#31235906-2#82679283-2#36534583", "unix_time": 1620590007.7829785}
DEBUG:transfer.py:transfer successful!
INFO:circe.py:runtime_stat:{"task_name": "circe", "event": "new_input_file", "filename": "lccenc3_score3c_2#29111520-2#01837077-2#12125340-2#22266274jobid8.csv", "unix_time": 1620590157.2148054}
INFO:ccdag_utils.py:runtime_stat:{"task_name": "score3c", "event": "queue_start_process", "filename": "lccenc3_score3c_2#29111520-2#01837077-2#12125340-2#22266274jobid8.csv", "unix_time": 1620590157.9397905}
['whitewolf21.JPEG', 'whitewolf22.JPEG', 'whitewolf23.JPEG', 'whitewolf24.JPEG', 'whitewolf25.JPEG', 'whitewolf26.JPEG', 'whitewolf27.JPEG', 'whitewolf28.JPEG', 'whitewolf29.JPEG', 'whitewolf30.JPEG']
INFO:circe.py:runtime_stat:{"task_name": "circe", "event": "new_output_file", "filename": "score3c_preagg3_8jobth2#29111520-2#01837077-2#12125340-2#22266274", "unix_time": 1620590159.4631503}
DEBUG:transfer.py:sshpass -p PASSWORD scp -P 5000 -o StrictHostKeyChecking=no /jupiter/circe_output/score3c_preagg3_8jobth2#29111520-2#01837077-2#12125340-2#22266274 root@10.100.101.84:/jupiter/circe_input/
INFO:ccdag_utils.py:runtime_stat:{"task_name": "score3c", "event": "queue_end_process", "filename": "score3c_preagg3_8jobth2#29111520-2#01837077-2#12125340-2#22266274", "unix_time": 1620590159.482125}
DEBUG:transfer.py:transfer successful!
INFO:circe.py:runtime_stat:{"task_name": "circe", "event": "new_input_file", "filename": "lccenc3_score3c_2#54306553-2#16101385-2#79442787-2#15627817jobid9.csv", "unix_time": 1620590311.06333}
INFO:ccdag_utils.py:runtime_stat:{"task_name": "score3c", "event": "queue_start_process", "filename": "lccenc3_score3c_2#54306553-2#16101385-2#79442787-2#15627817jobid9.csv", "unix_time": 1620590311.6350453}
['whitewolf21.JPEG', 'whitewolf22.JPEG', 'whitewolf23.JPEG', 'whitewolf24.JPEG', 'whitewolf25.JPEG', 'whitewolf26.JPEG', 'whitewolf27.JPEG', 'whitewolf28.JPEG', 'whitewolf29.JPEG', 'whitewolf30.JPEG']
INFO:circe.py:runtime_stat:{"task_name": "circe", "event": "new_output_file", "filename": "score3c_preagg3_9jobth2#54306553-2#16101385-2#79442787-2#15627817", "unix_time": 1620590313.113015}
DEBUG:transfer.py:sshpass -p PASSWORD scp -P 5000 -o StrictHostKeyChecking=no /jupiter/circe_output/score3c_preagg3_9jobth2#54306553-2#16101385-2#79442787-2#15627817 root@10.100.101.84:/jupiter/circe_input/
INFO:ccdag_utils.py:runtime_stat:{"task_name": "score3c", "event": "queue_end_process", "filename": "score3c_preagg3_9jobth2#54306553-2#16101385-2#79442787-2#15627817", "unix_time": 1620590313.1232371}
DEBUG:transfer.py:transfer successful!
