 * Starting OpenBSD Secure Shell server sshd
   ...done.
INFO:circe.py:Using base script score.py
DEBUG:circe.py:starting the input monitoring process
DEBUG:circe.py:starting the output monitoring process
INFO:circe.py:runtime_stat:{"task_name": "circe", "event": "new_input_file", "filename": "lccenc4_score4a_3#31576800-3#33554452-3#66190493-3#89690336jobid1.csv", "unix_time": 1620683351.674921}
INFO:ccdag_utils.py:runtime_stat:{"task_name": "score4a", "event": "queue_start_process", "filename": "lccenc4_score4a_3#31576800-3#33554452-3#66190493-3#89690336jobid1.csv", "unix_time": 1620683352.313769}
['tiger21.JPEG', 'tiger22.JPEG', 'tiger23.JPEG', 'tiger24.JPEG', 'tiger25.JPEG', 'tiger26.JPEG', 'tiger27.JPEG', 'tiger28.JPEG', 'tiger29.JPEG', 'tiger30.JPEG']
INFO:circe.py:runtime_stat:{"task_name": "circe", "event": "new_input_file", "filename": "lccenc4_score4a_3#84228013-3#74558347-3#25353689-3#05074946jobid2.csv", "unix_time": 1620683361.9703398}
INFO:circe.py:runtime_stat:{"task_name": "circe", "event": "new_output_file", "filename": "score4a_preagg4_1jobth3#31576800-3#33554452-3#66190493-3#89690336", "unix_time": 1620683364.1958284}
DEBUG:transfer.py:sshpass -p PASSWORD scp -P 5000 -o StrictHostKeyChecking=no /jupiter/circe_output/score4a_preagg4_1jobth3#31576800-3#33554452-3#66190493-3#89690336 root@10.105.253.1:/jupiter/circe_input/
INFO:ccdag_utils.py:runtime_stat:{"task_name": "score4a", "event": "queue_end_process", "filename": "score4a_preagg4_1jobth3#31576800-3#33554452-3#66190493-3#89690336", "unix_time": 1620683364.2043347}
INFO:ccdag_utils.py:runtime_stat:{"task_name": "score4a", "event": "queue_start_process", "filename": "lccenc4_score4a_3#84228013-3#74558347-3#25353689-3#05074946jobid2.csv", "unix_time": 1620683364.2060652}
['tiger21.JPEG', 'tiger22.JPEG', 'tiger23.JPEG', 'tiger24.JPEG', 'tiger25.JPEG', 'tiger26.JPEG', 'tiger27.JPEG', 'tiger28.JPEG', 'tiger29.JPEG', 'tiger30.JPEG']
Warning: Permanently added '[10.105.253.1]:5000' (ECDSA) to the list of known hosts.
DEBUG:transfer.py:transfer successful!
INFO:circe.py:runtime_stat:{"task_name": "circe", "event": "new_input_file", "filename": "lccenc4_score4a_3#79286323-3#57262912-3#86030582-3#48795173jobid3.csv", "unix_time": 1620683375.1120417}
INFO:circe.py:runtime_stat:{"task_name": "circe", "event": "new_output_file", "filename": "score4a_preagg4_2jobth3#84228013-3#74558347-3#25353689-3#05074946", "unix_time": 1620683375.76871}
DEBUG:transfer.py:sshpass -p PASSWORD scp -P 5000 -o StrictHostKeyChecking=no /jupiter/circe_output/score4a_preagg4_2jobth3#84228013-3#74558347-3#25353689-3#05074946 root@10.105.253.1:/jupiter/circe_input/
INFO:ccdag_utils.py:runtime_stat:{"task_name": "score4a", "event": "queue_end_process", "filename": "score4a_preagg4_2jobth3#84228013-3#74558347-3#25353689-3#05074946", "unix_time": 1620683375.775045}
INFO:ccdag_utils.py:runtime_stat:{"task_name": "score4a", "event": "queue_start_process", "filename": "lccenc4_score4a_3#79286323-3#57262912-3#86030582-3#48795173jobid3.csv", "unix_time": 1620683375.7771142}
['tiger21.JPEG', 'tiger22.JPEG', 'tiger23.JPEG', 'tiger24.JPEG', 'tiger25.JPEG', 'tiger26.JPEG', 'tiger27.JPEG', 'tiger28.JPEG', 'tiger29.JPEG', 'tiger30.JPEG']
DEBUG:transfer.py:transfer successful!
INFO:circe.py:runtime_stat:{"task_name": "circe", "event": "new_input_file", "filename": "lccenc4_score4a_3#44747177-3#71838568-3#32094308-3#92536097jobid4.csv", "unix_time": 1620683384.2651355}
INFO:circe.py:runtime_stat:{"task_name": "circe", "event": "new_output_file", "filename": "score4a_preagg4_3jobth3#79286323-3#57262912-3#86030582-3#48795173", "unix_time": 1620683387.3268108}
DEBUG:transfer.py:sshpass -p PASSWORD scp -P 5000 -o StrictHostKeyChecking=no /jupiter/circe_output/score4a_preagg4_3jobth3#79286323-3#57262912-3#86030582-3#48795173 root@10.105.253.1:/jupiter/circe_input/
INFO:ccdag_utils.py:runtime_stat:{"task_name": "score4a", "event": "queue_end_process", "filename": "score4a_preagg4_3jobth3#79286323-3#57262912-3#86030582-3#48795173", "unix_time": 1620683387.3348231}
INFO:ccdag_utils.py:runtime_stat:{"task_name": "score4a", "event": "queue_start_process", "filename": "lccenc4_score4a_3#44747177-3#71838568-3#32094308-3#92536097jobid4.csv", "unix_time": 1620683387.3367507}
['tiger21.JPEG', 'tiger22.JPEG', 'tiger23.JPEG', 'tiger24.JPEG', 'tiger25.JPEG', 'tiger26.JPEG', 'tiger27.JPEG', 'tiger28.JPEG', 'tiger29.JPEG', 'tiger30.JPEG']
DEBUG:transfer.py:transfer successful!
INFO:circe.py:runtime_stat:{"task_name": "circe", "event": "new_output_file", "filename": "score4a_preagg4_4jobth3#44747177-3#71838568-3#32094308-3#92536097", "unix_time": 1620683398.8495848}
DEBUG:transfer.py:sshpass -p PASSWORD scp -P 5000 -o StrictHostKeyChecking=no /jupiter/circe_output/score4a_preagg4_4jobth3#44747177-3#71838568-3#32094308-3#92536097 root@10.105.253.1:/jupiter/circe_input/
INFO:ccdag_utils.py:runtime_stat:{"task_name": "score4a", "event": "queue_end_process", "filename": "score4a_preagg4_4jobth3#44747177-3#71838568-3#32094308-3#92536097", "unix_time": 1620683398.8573952}
DEBUG:transfer.py:transfer successful!
INFO:circe.py:runtime_stat:{"task_name": "circe", "event": "new_input_file", "filename": "lccenc4_score4a_3#93515205-3#93177531-3#90002454-3#87017566jobid5.csv", "unix_time": 1620683439.4520886}
INFO:ccdag_utils.py:runtime_stat:{"task_name": "score4a", "event": "queue_start_process", "filename": "lccenc4_score4a_3#93515205-3#93177531-3#90002454-3#87017566jobid5.csv", "unix_time": 1620683439.902127}
['tiger21.JPEG', 'tiger22.JPEG', 'tiger23.JPEG', 'tiger24.JPEG', 'tiger25.JPEG', 'tiger26.JPEG', 'tiger27.JPEG', 'tiger28.JPEG', 'tiger29.JPEG', 'tiger30.JPEG']
INFO:circe.py:runtime_stat:{"task_name": "circe", "event": "new_output_file", "filename": "score4a_preagg4_5jobth3#93515205-3#93177531-3#90002454-3#87017566", "unix_time": 1620683451.4228427}
DEBUG:transfer.py:sshpass -p PASSWORD scp -P 5000 -o StrictHostKeyChecking=no /jupiter/circe_output/score4a_preagg4_5jobth3#93515205-3#93177531-3#90002454-3#87017566 root@10.105.253.1:/jupiter/circe_input/
INFO:ccdag_utils.py:runtime_stat:{"task_name": "score4a", "event": "queue_end_process", "filename": "score4a_preagg4_5jobth3#93515205-3#93177531-3#90002454-3#87017566", "unix_time": 1620683451.4291394}
DEBUG:transfer.py:transfer successful!
INFO:circe.py:runtime_stat:{"task_name": "circe", "event": "new_input_file", "filename": "lccenc4_score4a_3#15455885-3#24158939-3#61858653-3#16704039jobid6.csv", "unix_time": 1620683474.7014098}
INFO:ccdag_utils.py:runtime_stat:{"task_name": "score4a", "event": "queue_start_process", "filename": "lccenc4_score4a_3#15455885-3#24158939-3#61858653-3#16704039jobid6.csv", "unix_time": 1620683475.4561725}
['tiger21.JPEG', 'tiger22.JPEG', 'tiger23.JPEG', 'tiger24.JPEG', 'tiger25.JPEG', 'tiger26.JPEG', 'tiger27.JPEG', 'tiger28.JPEG', 'tiger29.JPEG', 'tiger30.JPEG']
INFO:circe.py:runtime_stat:{"task_name": "circe", "event": "new_input_file", "filename": "lccenc4_score4a_3#13604969-3#29575351-3#57067685-3#54554921jobid7.csv", "unix_time": 1620683478.4598472}
INFO:circe.py:runtime_stat:{"task_name": "circe", "event": "new_output_file", "filename": "score4a_preagg4_6jobth3#15455885-3#24158939-3#61858653-3#16704039", "unix_time": 1620683486.8864698}
INFO:ccdag_utils.py:runtime_stat:{"task_name": "score4a", "event": "queue_end_process", "filename": "score4a_preagg4_6jobth3#15455885-3#24158939-3#61858653-3#16704039", "unix_time": 1620683486.8867264}
DEBUG:transfer.py:sshpass -p PASSWORD scp -P 5000 -o StrictHostKeyChecking=no /jupiter/circe_output/score4a_preagg4_6jobth3#15455885-3#24158939-3#61858653-3#16704039 root@10.105.253.1:/jupiter/circe_input/
INFO:ccdag_utils.py:runtime_stat:{"task_name": "score4a", "event": "queue_start_process", "filename": "lccenc4_score4a_3#13604969-3#29575351-3#57067685-3#54554921jobid7.csv", "unix_time": 1620683486.8911355}
['tiger21.JPEG', 'tiger22.JPEG', 'tiger23.JPEG', 'tiger24.JPEG', 'tiger25.JPEG', 'tiger26.JPEG', 'tiger27.JPEG', 'tiger28.JPEG', 'tiger29.JPEG', 'tiger30.JPEG']
DEBUG:transfer.py:transfer successful!
INFO:circe.py:runtime_stat:{"task_name": "circe", "event": "new_input_file", "filename": "lccenc4_score4a_3#80640915-3#91265241-3#20038512-3#84884117jobid8.csv", "unix_time": 1620683496.2376623}
INFO:circe.py:runtime_stat:{"task_name": "circe", "event": "new_output_file", "filename": "score4a_preagg4_7jobth3#13604969-3#29575351-3#57067685-3#54554921", "unix_time": 1620683498.4731417}
DEBUG:transfer.py:sshpass -p PASSWORD scp -P 5000 -o StrictHostKeyChecking=no /jupiter/circe_output/score4a_preagg4_7jobth3#13604969-3#29575351-3#57067685-3#54554921 root@10.105.253.1:/jupiter/circe_input/
INFO:ccdag_utils.py:runtime_stat:{"task_name": "score4a", "event": "queue_end_process", "filename": "score4a_preagg4_7jobth3#13604969-3#29575351-3#57067685-3#54554921", "unix_time": 1620683498.4745696}
INFO:ccdag_utils.py:runtime_stat:{"task_name": "score4a", "event": "queue_start_process", "filename": "lccenc4_score4a_3#80640915-3#91265241-3#20038512-3#84884117jobid8.csv", "unix_time": 1620683498.4812298}
['tiger21.JPEG', 'tiger22.JPEG', 'tiger23.JPEG', 'tiger24.JPEG', 'tiger25.JPEG', 'tiger26.JPEG', 'tiger27.JPEG', 'tiger28.JPEG', 'tiger29.JPEG', 'tiger30.JPEG']
DEBUG:transfer.py:transfer successful!
INFO:circe.py:runtime_stat:{"task_name": "circe", "event": "new_output_file", "filename": "score4a_preagg4_8jobth3#80640915-3#91265241-3#20038512-3#84884117", "unix_time": 1620683509.981308}
DEBUG:transfer.py:sshpass -p PASSWORD scp -P 5000 -o StrictHostKeyChecking=no /jupiter/circe_output/score4a_preagg4_8jobth3#80640915-3#91265241-3#20038512-3#84884117 root@10.105.253.1:/jupiter/circe_input/
INFO:ccdag_utils.py:runtime_stat:{"task_name": "score4a", "event": "queue_end_process", "filename": "score4a_preagg4_8jobth3#80640915-3#91265241-3#20038512-3#84884117", "unix_time": 1620683509.9878082}
DEBUG:transfer.py:transfer successful!
