 * Starting OpenBSD Secure Shell server sshd
   ...done.
INFO:circe.py:Using base script score.py
DEBUG:circe.py:starting the input monitoring process
DEBUG:circe.py:starting the output monitoring process
INFO:circe.py:runtime_stat:{"task_name": "circe", "event": "new_input_file", "filename": "lccenc2_score2a_1#15900267-1#03529119-1#25206952-1#09693708jobid1.csv", "unix_time": 1620589602.6214597}
INFO:ccdag_utils.py:runtime_stat:{"task_name": "score2a", "event": "queue_start_process", "filename": "lccenc2_score2a_1#15900267-1#03529119-1#25206952-1#09693708jobid1.csv", "unix_time": 1620589602.9751172}
['schoolbus21.JPEG', 'schoolbus22.JPEG', 'schoolbus23.JPEG', 'schoolbus24.JPEG', 'schoolbus25.JPEG', 'schoolbus26.JPEG', 'schoolbus27.JPEG', 'schoolbus28.JPEG', 'schoolbus29.JPEG', 'schoolbus30.JPEG']
INFO:circe.py:runtime_stat:{"task_name": "circe", "event": "new_output_file", "filename": "score2a_preagg2_1jobth1#15900267-1#03529119-1#25206952-1#09693708", "unix_time": 1620589614.6667542}
DEBUG:transfer.py:sshpass -p PASSWORD scp -P 5000 -o StrictHostKeyChecking=no /jupiter/circe_output/score2a_preagg2_1jobth1#15900267-1#03529119-1#25206952-1#09693708 root@10.109.157.187:/jupiter/circe_input/
INFO:ccdag_utils.py:runtime_stat:{"task_name": "score2a", "event": "queue_end_process", "filename": "score2a_preagg2_1jobth1#15900267-1#03529119-1#25206952-1#09693708", "unix_time": 1620589614.6744907}
Warning: Permanently added '[10.109.157.187]:5000' (ECDSA) to the list of known hosts.
DEBUG:transfer.py:transfer successful!
INFO:circe.py:runtime_stat:{"task_name": "circe", "event": "new_input_file", "filename": "lccenc2_score2a_1#82440643-1#05843831-1#89413055-1#43253585jobid2.csv", "unix_time": 1620589634.8182352}
INFO:ccdag_utils.py:runtime_stat:{"task_name": "score2a", "event": "queue_start_process", "filename": "lccenc2_score2a_1#82440643-1#05843831-1#89413055-1#43253585jobid2.csv", "unix_time": 1620589635.6982381}
['schoolbus21.JPEG', 'schoolbus22.JPEG', 'schoolbus23.JPEG', 'schoolbus24.JPEG', 'schoolbus25.JPEG', 'schoolbus26.JPEG', 'schoolbus27.JPEG', 'schoolbus28.JPEG', 'schoolbus29.JPEG', 'schoolbus30.JPEG']
INFO:circe.py:runtime_stat:{"task_name": "circe", "event": "new_output_file", "filename": "score2a_preagg2_2jobth1#82440643-1#05843831-1#89413055-1#43253585", "unix_time": 1620589647.1361487}
DEBUG:transfer.py:sshpass -p PASSWORD scp -P 5000 -o StrictHostKeyChecking=no /jupiter/circe_output/score2a_preagg2_2jobth1#82440643-1#05843831-1#89413055-1#43253585 root@10.109.157.187:/jupiter/circe_input/
INFO:ccdag_utils.py:runtime_stat:{"task_name": "score2a", "event": "queue_end_process", "filename": "score2a_preagg2_2jobth1#82440643-1#05843831-1#89413055-1#43253585", "unix_time": 1620589647.144017}
DEBUG:transfer.py:transfer successful!
INFO:circe.py:runtime_stat:{"task_name": "circe", "event": "new_input_file", "filename": "lccenc2_score2a_1#86083058-1#49552112-1#55549708-1#30738198jobid3.csv", "unix_time": 1620589768.2368731}
INFO:ccdag_utils.py:runtime_stat:{"task_name": "score2a", "event": "queue_start_process", "filename": "lccenc2_score2a_1#86083058-1#49552112-1#55549708-1#30738198jobid3.csv", "unix_time": 1620589768.2727451}
['schoolbus21.JPEG', 'schoolbus22.JPEG', 'schoolbus23.JPEG', 'schoolbus24.JPEG', 'schoolbus25.JPEG', 'schoolbus26.JPEG', 'schoolbus27.JPEG', 'schoolbus28.JPEG', 'schoolbus29.JPEG', 'schoolbus30.JPEG']
INFO:circe.py:runtime_stat:{"task_name": "circe", "event": "new_output_file", "filename": "score2a_preagg2_3jobth1#86083058-1#49552112-1#55549708-1#30738198", "unix_time": 1620589779.780495}
DEBUG:transfer.py:sshpass -p PASSWORD scp -P 5000 -o StrictHostKeyChecking=no /jupiter/circe_output/score2a_preagg2_3jobth1#86083058-1#49552112-1#55549708-1#30738198 root@10.109.157.187:/jupiter/circe_input/
INFO:ccdag_utils.py:runtime_stat:{"task_name": "score2a", "event": "queue_end_process", "filename": "score2a_preagg2_3jobth1#86083058-1#49552112-1#55549708-1#30738198", "unix_time": 1620589779.7870126}
DEBUG:transfer.py:transfer successful!
INFO:circe.py:runtime_stat:{"task_name": "circe", "event": "new_input_file", "filename": "lccenc2_score2a_1#46563015-1#50364454-1#36345075-1#12381340jobid4.csv", "unix_time": 1620589871.5869007}
INFO:ccdag_utils.py:runtime_stat:{"task_name": "score2a", "event": "queue_start_process", "filename": "lccenc2_score2a_1#46563015-1#50364454-1#36345075-1#12381340jobid4.csv", "unix_time": 1620589871.8957033}
['schoolbus21.JPEG', 'schoolbus22.JPEG', 'schoolbus23.JPEG', 'schoolbus24.JPEG', 'schoolbus25.JPEG', 'schoolbus26.JPEG', 'schoolbus27.JPEG', 'schoolbus28.JPEG', 'schoolbus29.JPEG', 'schoolbus30.JPEG']
INFO:circe.py:runtime_stat:{"task_name": "circe", "event": "new_output_file", "filename": "score2a_preagg2_4jobth1#46563015-1#50364454-1#36345075-1#12381340", "unix_time": 1620589883.485824}
DEBUG:transfer.py:sshpass -p PASSWORD scp -P 5000 -o StrictHostKeyChecking=no /jupiter/circe_output/score2a_preagg2_4jobth1#46563015-1#50364454-1#36345075-1#12381340 root@10.109.157.187:/jupiter/circe_input/
INFO:ccdag_utils.py:runtime_stat:{"task_name": "score2a", "event": "queue_end_process", "filename": "score2a_preagg2_4jobth1#46563015-1#50364454-1#36345075-1#12381340", "unix_time": 1620589883.4869492}
DEBUG:transfer.py:transfer successful!
INFO:circe.py:runtime_stat:{"task_name": "circe", "event": "new_input_file", "filename": "lccenc2_score2a_1#65047538-1#85170432-1#80527934-1#66642485jobid5.csv", "unix_time": 1620590082.5292346}
INFO:ccdag_utils.py:runtime_stat:{"task_name": "score2a", "event": "queue_start_process", "filename": "lccenc2_score2a_1#65047538-1#85170432-1#80527934-1#66642485jobid5.csv", "unix_time": 1620590082.6986923}
['schoolbus21.JPEG', 'schoolbus22.JPEG', 'schoolbus23.JPEG', 'schoolbus24.JPEG', 'schoolbus25.JPEG', 'schoolbus26.JPEG', 'schoolbus27.JPEG', 'schoolbus28.JPEG', 'schoolbus29.JPEG', 'schoolbus30.JPEG']
INFO:circe.py:runtime_stat:{"task_name": "circe", "event": "new_output_file", "filename": "score2a_preagg2_5jobth1#65047538-1#85170432-1#80527934-1#66642485", "unix_time": 1620590094.1964576}
DEBUG:transfer.py:sshpass -p PASSWORD scp -P 5000 -o StrictHostKeyChecking=no /jupiter/circe_output/score2a_preagg2_5jobth1#65047538-1#85170432-1#80527934-1#66642485 root@10.109.157.187:/jupiter/circe_input/
INFO:ccdag_utils.py:runtime_stat:{"task_name": "score2a", "event": "queue_end_process", "filename": "score2a_preagg2_5jobth1#65047538-1#85170432-1#80527934-1#66642485", "unix_time": 1620590094.2025025}
DEBUG:transfer.py:transfer successful!
INFO:circe.py:runtime_stat:{"task_name": "circe", "event": "new_input_file", "filename": "lccenc2_score2a_1#92535823-1#18766962-1#16779418-1#56437552jobid6.csv", "unix_time": 1620590120.3897219}
INFO:ccdag_utils.py:runtime_stat:{"task_name": "score2a", "event": "queue_start_process", "filename": "lccenc2_score2a_1#92535823-1#18766962-1#16779418-1#56437552jobid6.csv", "unix_time": 1620590121.2334557}
['schoolbus21.JPEG', 'schoolbus22.JPEG', 'schoolbus23.JPEG', 'schoolbus24.JPEG', 'schoolbus25.JPEG', 'schoolbus26.JPEG', 'schoolbus27.JPEG', 'schoolbus28.JPEG', 'schoolbus29.JPEG', 'schoolbus30.JPEG']
INFO:circe.py:runtime_stat:{"task_name": "circe", "event": "new_output_file", "filename": "score2a_preagg2_6jobth1#92535823-1#18766962-1#16779418-1#56437552", "unix_time": 1620590132.7019386}
DEBUG:transfer.py:sshpass -p PASSWORD scp -P 5000 -o StrictHostKeyChecking=no /jupiter/circe_output/score2a_preagg2_6jobth1#92535823-1#18766962-1#16779418-1#56437552 root@10.109.157.187:/jupiter/circe_input/
INFO:ccdag_utils.py:runtime_stat:{"task_name": "score2a", "event": "queue_end_process", "filename": "score2a_preagg2_6jobth1#92535823-1#18766962-1#16779418-1#56437552", "unix_time": 1620590132.7030928}
DEBUG:transfer.py:transfer successful!
INFO:circe.py:runtime_stat:{"task_name": "circe", "event": "new_input_file", "filename": "lccenc2_score2a_1#72169072-1#67774853-1#94317962-1#48794490jobid7.csv", "unix_time": 1620590273.6446118}
INFO:ccdag_utils.py:runtime_stat:{"task_name": "score2a", "event": "queue_start_process", "filename": "lccenc2_score2a_1#72169072-1#67774853-1#94317962-1#48794490jobid7.csv", "unix_time": 1620590273.8564637}
['schoolbus21.JPEG', 'schoolbus22.JPEG', 'schoolbus23.JPEG', 'schoolbus24.JPEG', 'schoolbus25.JPEG', 'schoolbus26.JPEG', 'schoolbus27.JPEG', 'schoolbus28.JPEG', 'schoolbus29.JPEG', 'schoolbus30.JPEG']
INFO:circe.py:runtime_stat:{"task_name": "circe", "event": "new_output_file", "filename": "score2a_preagg2_7jobth1#72169072-1#67774853-1#94317962-1#48794490", "unix_time": 1620590285.3666608}
DEBUG:transfer.py:sshpass -p PASSWORD scp -P 5000 -o StrictHostKeyChecking=no /jupiter/circe_output/score2a_preagg2_7jobth1#72169072-1#67774853-1#94317962-1#48794490 root@10.109.157.187:/jupiter/circe_input/
INFO:ccdag_utils.py:runtime_stat:{"task_name": "score2a", "event": "queue_end_process", "filename": "score2a_preagg2_7jobth1#72169072-1#67774853-1#94317962-1#48794490", "unix_time": 1620590285.376993}
DEBUG:transfer.py:transfer successful!
INFO:circe.py:runtime_stat:{"task_name": "circe", "event": "new_input_file", "filename": "lccenc2_score2a_1#06380742-1#97782207-1#94174284-1#79198190jobid8.csv", "unix_time": 1620590397.9739652}
INFO:ccdag_utils.py:runtime_stat:{"task_name": "score2a", "event": "queue_start_process", "filename": "lccenc2_score2a_1#06380742-1#97782207-1#94174284-1#79198190jobid8.csv", "unix_time": 1620590398.4957724}
['schoolbus21.JPEG', 'schoolbus22.JPEG', 'schoolbus23.JPEG', 'schoolbus24.JPEG', 'schoolbus25.JPEG', 'schoolbus26.JPEG', 'schoolbus27.JPEG', 'schoolbus28.JPEG', 'schoolbus29.JPEG', 'schoolbus30.JPEG']
INFO:ccdag_utils.py:runtime_stat:{"task_name": "score2a", "event": "queue_end_process", "filename": "score2a_preagg2_8jobth1#06380742-1#97782207-1#94174284-1#79198190", "unix_time": 1620590410.006225}
INFO:circe.py:runtime_stat:{"task_name": "circe", "event": "new_output_file", "filename": "score2a_preagg2_8jobth1#06380742-1#97782207-1#94174284-1#79198190", "unix_time": 1620590410.007448}
DEBUG:transfer.py:sshpass -p PASSWORD scp -P 5000 -o StrictHostKeyChecking=no /jupiter/circe_output/score2a_preagg2_8jobth1#06380742-1#97782207-1#94174284-1#79198190 root@10.109.157.187:/jupiter/circe_input/
DEBUG:transfer.py:transfer successful!
