 * Starting OpenBSD Secure Shell server sshd
   ...done.
INFO:circe.py:Using base script lccenc.py
DEBUG:circe.py:starting the input monitoring process
DEBUG:circe.py:starting the output monitoring process
7
INFO:circe.py:runtime_stat:{"task_name": "circe", "event": "new_input_file", "filename": "storeclass7_lccenc7_93962419imgleopardjobid0.JPEG", "unix_time": 1620589312.2343616}
INFO:circe.py:runtime_stat:{"task_name": "circe", "event": "new_input_file", "filename": "storeclass7_lccenc7_90092041imgleopardjobid0.JPEG", "unix_time": 1620589313.2442298}
INFO:circe.py:runtime_stat:{"task_name": "circe", "event": "new_input_file", "filename": "storeclass7_lccenc7_87162309imgleopardjobid0.JPEG", "unix_time": 1620589322.2923102}
INFO:circe.py:runtime_stat:{"task_name": "circe", "event": "new_input_file", "filename": "storeclass7_lccenc7_48253157imgleopardjobid0.JPEG", "unix_time": 1620589342.286907}
INFO:ccdag_utils.py:runtime_stat:{"task_name": "lccenc7", "event": "queue_start_process", "filename": "storeclass7_lccenc7_93962419imgleopardjobid0.JPEG", "unix_time": 1620589342.4100018}
INFO:ccdag_utils.py:runtime_stat:{"task_name": "lccenc7", "event": "queue_start_process", "filename": "storeclass7_lccenc7_90092041imgleopardjobid0.JPEG", "unix_time": 1620589342.4103837}
INFO:ccdag_utils.py:runtime_stat:{"task_name": "lccenc7", "event": "queue_start_process", "filename": "storeclass7_lccenc7_87162309imgleopardjobid0.JPEG", "unix_time": 1620589342.4106169}
INFO:ccdag_utils.py:runtime_stat:{"task_name": "lccenc7", "event": "queue_start_process", "filename": "storeclass7_lccenc7_48253157imgleopardjobid0.JPEG", "unix_time": 1620589342.4108193}
INFO:circe.py:runtime_stat:{"task_name": "circe", "event": "new_input_file", "filename": "storeclass7_lccenc7_35330881imgleopardjobid0.JPEG", "unix_time": 1620589342.5325222}
INFO:circe.py:runtime_stat:{"task_name": "circe", "event": "new_input_file", "filename": "storeclass7_lccenc7_59420124imgleopardjobid0.JPEG", "unix_time": 1620589344.6432765}
INFO:ccdag_utils.py:runtime_stat:{"task_name": "lccenc7", "event": "queue_end_process", "filename": "lccenc7_score7a_6#93962419-6#90092041-6#87162309-6#48253157jobid2.csv", "unix_time": 1620589344.655592}
INFO:circe.py:runtime_stat:{"task_name": "circe", "event": "new_output_file", "filename": "lccenc7_score7a_6#93962419-6#90092041-6#87162309-6#48253157jobid2.csv", "unix_time": 1620589345.1464796}
DEBUG:transfer.py:sshpass -p PASSWORD scp -P 5000 -o StrictHostKeyChecking=no /jupiter/circe_output/lccenc7_score7a_6#93962419-6#90092041-6#87162309-6#48253157jobid2.csv root@10.104.224.174:/jupiter/circe_input/
Warning: Permanently added '[10.104.224.174]:5000' (ECDSA) to the list of known hosts.
INFO:ccdag_utils.py:runtime_stat:{"task_name": "lccenc7", "event": "queue_end_process", "filename": "lccenc7_score7b_6#93962419-6#90092041-6#87162309-6#48253157jobid2.csv", "unix_time": 1620589345.6529307}
DEBUG:transfer.py:transfer successful!
INFO:circe.py:runtime_stat:{"task_name": "circe", "event": "new_output_file", "filename": "lccenc7_score7b_6#93962419-6#90092041-6#87162309-6#48253157jobid2.csv", "unix_time": 1620589346.1385574}
DEBUG:transfer.py:sshpass -p PASSWORD scp -P 5000 -o StrictHostKeyChecking=no /jupiter/circe_output/lccenc7_score7b_6#93962419-6#90092041-6#87162309-6#48253157jobid2.csv root@10.101.240.7:/jupiter/circe_input/
Warning: Permanently added '[10.101.240.7]:5000' (ECDSA) to the list of known hosts.
DEBUG:transfer.py:transfer successful!
INFO:ccdag_utils.py:runtime_stat:{"task_name": "lccenc7", "event": "queue_end_process", "filename": "lccenc7_score7c_6#93962419-6#90092041-6#87162309-6#48253157jobid2.csv", "unix_time": 1620589346.6649914}
INFO:circe.py:runtime_stat:{"task_name": "circe", "event": "new_output_file", "filename": "lccenc7_score7c_6#93962419-6#90092041-6#87162309-6#48253157jobid2.csv", "unix_time": 1620589346.6667264}
DEBUG:transfer.py:sshpass -p PASSWORD scp -P 5000 -o StrictHostKeyChecking=no /jupiter/circe_output/lccenc7_score7c_6#93962419-6#90092041-6#87162309-6#48253157jobid2.csv root@10.107.140.52:/jupiter/circe_input/
Warning: Permanently added '[10.107.140.52]:5000' (ECDSA) to the list of known hosts.
DEBUG:transfer.py:transfer successful!
INFO:circe.py:runtime_stat:{"task_name": "circe", "event": "new_input_file", "filename": "storeclass7_lccenc7_76237806imgleopardjobid0.JPEG", "unix_time": 1620589369.3599484}
INFO:circe.py:runtime_stat:{"task_name": "circe", "event": "new_input_file", "filename": "storeclass7_lccenc7_87521250imgleopardjobid0.JPEG", "unix_time": 1620589372.3665814}
INFO:ccdag_utils.py:runtime_stat:{"task_name": "lccenc7", "event": "queue_start_process", "filename": "storeclass7_lccenc7_35330881imgleopardjobid0.JPEG", "unix_time": 1620589372.694051}
INFO:ccdag_utils.py:runtime_stat:{"task_name": "lccenc7", "event": "queue_start_process", "filename": "storeclass7_lccenc7_59420124imgleopardjobid0.JPEG", "unix_time": 1620589372.6945293}
INFO:ccdag_utils.py:runtime_stat:{"task_name": "lccenc7", "event": "queue_start_process", "filename": "storeclass7_lccenc7_76237806imgleopardjobid0.JPEG", "unix_time": 1620589372.6948698}
INFO:ccdag_utils.py:runtime_stat:{"task_name": "lccenc7", "event": "queue_start_process", "filename": "storeclass7_lccenc7_87521250imgleopardjobid0.JPEG", "unix_time": 1620589372.6951807}
INFO:ccdag_utils.py:runtime_stat:{"task_name": "lccenc7", "event": "queue_end_process", "filename": "lccenc7_score7a_6#35330881-6#59420124-6#76237806-6#87521250jobid2.csv", "unix_time": 1620589374.8327208}
INFO:circe.py:runtime_stat:{"task_name": "circe", "event": "new_output_file", "filename": "lccenc7_score7a_6#35330881-6#59420124-6#76237806-6#87521250jobid2.csv", "unix_time": 1620589374.8335173}
DEBUG:transfer.py:sshpass -p PASSWORD scp -P 5000 -o StrictHostKeyChecking=no /jupiter/circe_output/lccenc7_score7a_6#35330881-6#59420124-6#76237806-6#87521250jobid2.csv root@10.104.224.174:/jupiter/circe_input/
DEBUG:transfer.py:transfer successful!
INFO:ccdag_utils.py:runtime_stat:{"task_name": "lccenc7", "event": "queue_end_process", "filename": "lccenc7_score7b_6#35330881-6#59420124-6#76237806-6#87521250jobid2.csv", "unix_time": 1620589375.8290117}
INFO:circe.py:runtime_stat:{"task_name": "circe", "event": "new_output_file", "filename": "lccenc7_score7b_6#35330881-6#59420124-6#76237806-6#87521250jobid2.csv", "unix_time": 1620589375.8647227}
DEBUG:transfer.py:sshpass -p PASSWORD scp -P 5000 -o StrictHostKeyChecking=no /jupiter/circe_output/lccenc7_score7b_6#35330881-6#59420124-6#76237806-6#87521250jobid2.csv root@10.101.240.7:/jupiter/circe_input/
DEBUG:transfer.py:transfer successful!
INFO:ccdag_utils.py:runtime_stat:{"task_name": "lccenc7", "event": "queue_end_process", "filename": "lccenc7_score7c_6#35330881-6#59420124-6#76237806-6#87521250jobid2.csv", "unix_time": 1620589376.8113575}
INFO:circe.py:runtime_stat:{"task_name": "circe", "event": "new_output_file", "filename": "lccenc7_score7c_6#35330881-6#59420124-6#76237806-6#87521250jobid2.csv", "unix_time": 1620589376.8123863}
DEBUG:transfer.py:sshpass -p PASSWORD scp -P 5000 -o StrictHostKeyChecking=no /jupiter/circe_output/lccenc7_score7c_6#35330881-6#59420124-6#76237806-6#87521250jobid2.csv root@10.107.140.52:/jupiter/circe_input/
DEBUG:transfer.py:transfer successful!
INFO:circe.py:runtime_stat:{"task_name": "circe", "event": "new_input_file", "filename": "storeclass7_lccenc7_47438849imgleopardjobid0.JPEG", "unix_time": 1620589398.3580437}
INFO:circe.py:runtime_stat:{"task_name": "circe", "event": "new_input_file", "filename": "storeclass7_lccenc7_54151661imgleopardjobid0.JPEG", "unix_time": 1620589398.579051}
INFO:circe.py:runtime_stat:{"task_name": "circe", "event": "new_input_file", "filename": "storeclass7_lccenc7_50571326imgleopardjobid2.JPEG", "unix_time": 1620589552.5299518}
INFO:circe.py:runtime_stat:{"task_name": "circe", "event": "new_input_file", "filename": "storeclass7_lccenc7_14565190imgleopardjobid3.JPEG", "unix_time": 1620589574.5969944}
INFO:circe.py:runtime_stat:{"task_name": "circe", "event": "new_input_file", "filename": "storeclass7_lccenc7_63282646imgleopardjobid3.JPEG", "unix_time": 1620589574.822766}
INFO:ccdag_utils.py:runtime_stat:{"task_name": "lccenc7", "event": "queue_start_process", "filename": "storeclass7_lccenc7_47438849imgleopardjobid0.JPEG", "unix_time": 1620589575.0321739}
INFO:ccdag_utils.py:runtime_stat:{"task_name": "lccenc7", "event": "queue_start_process", "filename": "storeclass7_lccenc7_54151661imgleopardjobid0.JPEG", "unix_time": 1620589575.0325177}
INFO:ccdag_utils.py:runtime_stat:{"task_name": "lccenc7", "event": "queue_start_process", "filename": "storeclass7_lccenc7_50571326imgleopardjobid2.JPEG", "unix_time": 1620589575.0327446}
INFO:ccdag_utils.py:runtime_stat:{"task_name": "lccenc7", "event": "queue_start_process", "filename": "storeclass7_lccenc7_14565190imgleopardjobid3.JPEG", "unix_time": 1620589575.032949}
INFO:circe.py:runtime_stat:{"task_name": "circe", "event": "new_output_file", "filename": "lccenc7_score7a_6#47438849-6#54151661-6#50571326-6#14565190jobid1.csv", "unix_time": 1620589576.180036}
INFO:ccdag_utils.py:runtime_stat:{"task_name": "lccenc7", "event": "queue_end_process", "filename": "lccenc7_score7a_6#47438849-6#54151661-6#50571326-6#14565190jobid1.csv", "unix_time": 1620589576.1802716}
DEBUG:transfer.py:sshpass -p PASSWORD scp -P 5000 -o StrictHostKeyChecking=no /jupiter/circe_output/lccenc7_score7a_6#47438849-6#54151661-6#50571326-6#14565190jobid1.csv root@10.104.224.174:/jupiter/circe_input/
DEBUG:transfer.py:transfer successful!
INFO:ccdag_utils.py:runtime_stat:{"task_name": "lccenc7", "event": "queue_end_process", "filename": "lccenc7_score7b_6#47438849-6#54151661-6#50571326-6#14565190jobid1.csv", "unix_time": 1620589577.171181}
INFO:circe.py:runtime_stat:{"task_name": "circe", "event": "new_output_file", "filename": "lccenc7_score7b_6#47438849-6#54151661-6#50571326-6#14565190jobid1.csv", "unix_time": 1620589577.172129}
DEBUG:transfer.py:sshpass -p PASSWORD scp -P 5000 -o StrictHostKeyChecking=no /jupiter/circe_output/lccenc7_score7b_6#47438849-6#54151661-6#50571326-6#14565190jobid1.csv root@10.101.240.7:/jupiter/circe_input/
DEBUG:transfer.py:transfer successful!
INFO:ccdag_utils.py:runtime_stat:{"task_name": "lccenc7", "event": "queue_end_process", "filename": "lccenc7_score7c_6#47438849-6#54151661-6#50571326-6#14565190jobid1.csv", "unix_time": 1620589578.1783721}
INFO:circe.py:runtime_stat:{"task_name": "circe", "event": "new_output_file", "filename": "lccenc7_score7c_6#47438849-6#54151661-6#50571326-6#14565190jobid1.csv", "unix_time": 1620589578.1793954}
DEBUG:transfer.py:sshpass -p PASSWORD scp -P 5000 -o StrictHostKeyChecking=no /jupiter/circe_output/lccenc7_score7c_6#47438849-6#54151661-6#50571326-6#14565190jobid1.csv root@10.107.140.52:/jupiter/circe_input/
DEBUG:transfer.py:transfer successful!
INFO:circe.py:runtime_stat:{"task_name": "circe", "event": "new_input_file", "filename": "storeclass7_lccenc7_34080153imgleopardjobid4.JPEG", "unix_time": 1620589602.6168628}
INFO:circe.py:runtime_stat:{"task_name": "circe", "event": "new_input_file", "filename": "storeclass7_lccenc7_18053285imgleopardjobid8.JPEG", "unix_time": 1620589665.7261064}
INFO:circe.py:runtime_stat:{"task_name": "circe", "event": "new_input_file", "filename": "storeclass7_lccenc7_17918478imgleopardjobid9.JPEG", "unix_time": 1620589683.7138696}
INFO:ccdag_utils.py:runtime_stat:{"task_name": "lccenc7", "event": "queue_start_process", "filename": "storeclass7_lccenc7_63282646imgleopardjobid3.JPEG", "unix_time": 1620589684.2980227}
INFO:ccdag_utils.py:runtime_stat:{"task_name": "lccenc7", "event": "queue_start_process", "filename": "storeclass7_lccenc7_34080153imgleopardjobid4.JPEG", "unix_time": 1620589684.2983954}
INFO:ccdag_utils.py:runtime_stat:{"task_name": "lccenc7", "event": "queue_start_process", "filename": "storeclass7_lccenc7_18053285imgleopardjobid8.JPEG", "unix_time": 1620589684.2987535}
INFO:ccdag_utils.py:runtime_stat:{"task_name": "lccenc7", "event": "queue_start_process", "filename": "storeclass7_lccenc7_17918478imgleopardjobid9.JPEG", "unix_time": 1620589684.2990086}
INFO:ccdag_utils.py:runtime_stat:{"task_name": "lccenc7", "event": "queue_end_process", "filename": "lccenc7_score7a_6#63282646-6#34080153-6#18053285-6#17918478jobid2.csv", "unix_time": 1620589685.480864}
INFO:circe.py:runtime_stat:{"task_name": "circe", "event": "new_output_file", "filename": "lccenc7_score7a_6#63282646-6#34080153-6#18053285-6#17918478jobid2.csv", "unix_time": 1620589685.4819133}
DEBUG:transfer.py:sshpass -p PASSWORD scp -P 5000 -o StrictHostKeyChecking=no /jupiter/circe_output/lccenc7_score7a_6#63282646-6#34080153-6#18053285-6#17918478jobid2.csv root@10.104.224.174:/jupiter/circe_input/
DEBUG:transfer.py:transfer successful!
INFO:ccdag_utils.py:runtime_stat:{"task_name": "lccenc7", "event": "queue_end_process", "filename": "lccenc7_score7b_6#63282646-6#34080153-6#18053285-6#17918478jobid2.csv", "unix_time": 1620589686.505648}
INFO:circe.py:runtime_stat:{"task_name": "circe", "event": "new_output_file", "filename": "lccenc7_score7b_6#63282646-6#34080153-6#18053285-6#17918478jobid2.csv", "unix_time": 1620589686.5203872}
DEBUG:transfer.py:sshpass -p PASSWORD scp -P 5000 -o StrictHostKeyChecking=no /jupiter/circe_output/lccenc7_score7b_6#63282646-6#34080153-6#18053285-6#17918478jobid2.csv root@10.101.240.7:/jupiter/circe_input/
DEBUG:transfer.py:transfer successful!
INFO:ccdag_utils.py:runtime_stat:{"task_name": "lccenc7", "event": "queue_end_process", "filename": "lccenc7_score7c_6#63282646-6#34080153-6#18053285-6#17918478jobid2.csv", "unix_time": 1620589687.5696204}
INFO:circe.py:runtime_stat:{"task_name": "circe", "event": "new_output_file", "filename": "lccenc7_score7c_6#63282646-6#34080153-6#18053285-6#17918478jobid2.csv", "unix_time": 1620589687.5704682}
DEBUG:transfer.py:sshpass -p PASSWORD scp -P 5000 -o StrictHostKeyChecking=no /jupiter/circe_output/lccenc7_score7c_6#63282646-6#34080153-6#18053285-6#17918478jobid2.csv root@10.107.140.52:/jupiter/circe_input/
DEBUG:transfer.py:transfer successful!
INFO:circe.py:runtime_stat:{"task_name": "circe", "event": "new_input_file", "filename": "storeclass7_lccenc7_65836474imgleopardjobid10.JPEG", "unix_time": 1620589699.7930532}
INFO:circe.py:runtime_stat:{"task_name": "circe", "event": "new_input_file", "filename": "storeclass7_lccenc7_89276813imgleopardjobid10.JPEG", "unix_time": 1620589700.1133804}
INFO:circe.py:runtime_stat:{"task_name": "circe", "event": "new_input_file", "filename": "storeclass7_lccenc7_49365876imgleopardjobid11.JPEG", "unix_time": 1620589714.7842362}
INFO:circe.py:runtime_stat:{"task_name": "circe", "event": "new_input_file", "filename": "storeclass7_lccenc7_61840988imgleopardjobid11.JPEG", "unix_time": 1620589715.7619843}
INFO:circe.py:runtime_stat:{"task_name": "circe", "event": "new_input_file", "filename": "storeclass7_lccenc7_36199340imgleopardjobid11.JPEG", "unix_time": 1620589715.9704976}
INFO:ccdag_utils.py:runtime_stat:{"task_name": "lccenc7", "event": "queue_start_process", "filename": "storeclass7_lccenc7_65836474imgleopardjobid10.JPEG", "unix_time": 1620589716.6049345}
INFO:ccdag_utils.py:runtime_stat:{"task_name": "lccenc7", "event": "queue_start_process", "filename": "storeclass7_lccenc7_89276813imgleopardjobid10.JPEG", "unix_time": 1620589716.6052823}
INFO:ccdag_utils.py:runtime_stat:{"task_name": "lccenc7", "event": "queue_start_process", "filename": "storeclass7_lccenc7_49365876imgleopardjobid11.JPEG", "unix_time": 1620589716.605479}
INFO:ccdag_utils.py:runtime_stat:{"task_name": "lccenc7", "event": "queue_start_process", "filename": "storeclass7_lccenc7_61840988imgleopardjobid11.JPEG", "unix_time": 1620589716.6056573}
INFO:ccdag_utils.py:runtime_stat:{"task_name": "lccenc7", "event": "queue_end_process", "filename": "lccenc7_score7a_6#65836474-6#89276813-6#49365876-6#61840988jobid3.csv", "unix_time": 1620589717.8209088}
INFO:circe.py:runtime_stat:{"task_name": "circe", "event": "new_output_file", "filename": "lccenc7_score7a_6#65836474-6#89276813-6#49365876-6#61840988jobid3.csv", "unix_time": 1620589717.8219507}
DEBUG:transfer.py:sshpass -p PASSWORD scp -P 5000 -o StrictHostKeyChecking=no /jupiter/circe_output/lccenc7_score7a_6#65836474-6#89276813-6#49365876-6#61840988jobid3.csv root@10.104.224.174:/jupiter/circe_input/
DEBUG:transfer.py:transfer successful!
INFO:ccdag_utils.py:runtime_stat:{"task_name": "lccenc7", "event": "queue_end_process", "filename": "lccenc7_score7b_6#65836474-6#89276813-6#49365876-6#61840988jobid3.csv", "unix_time": 1620589719.0566828}
INFO:circe.py:runtime_stat:{"task_name": "circe", "event": "new_output_file", "filename": "lccenc7_score7b_6#65836474-6#89276813-6#49365876-6#61840988jobid3.csv", "unix_time": 1620589719.0574722}
DEBUG:transfer.py:sshpass -p PASSWORD scp -P 5000 -o StrictHostKeyChecking=no /jupiter/circe_output/lccenc7_score7b_6#65836474-6#89276813-6#49365876-6#61840988jobid3.csv root@10.101.240.7:/jupiter/circe_input/
DEBUG:transfer.py:transfer successful!
INFO:ccdag_utils.py:runtime_stat:{"task_name": "lccenc7", "event": "queue_end_process", "filename": "lccenc7_score7c_6#65836474-6#89276813-6#49365876-6#61840988jobid3.csv", "unix_time": 1620589720.0495708}
INFO:circe.py:runtime_stat:{"task_name": "circe", "event": "new_output_file", "filename": "lccenc7_score7c_6#65836474-6#89276813-6#49365876-6#61840988jobid3.csv", "unix_time": 1620589720.0505457}
DEBUG:transfer.py:sshpass -p PASSWORD scp -P 5000 -o StrictHostKeyChecking=no /jupiter/circe_output/lccenc7_score7c_6#65836474-6#89276813-6#49365876-6#61840988jobid3.csv root@10.107.140.52:/jupiter/circe_input/
DEBUG:transfer.py:transfer successful!
INFO:circe.py:runtime_stat:{"task_name": "circe", "event": "new_input_file", "filename": "storeclass7_lccenc7_37377129imgleopardjobid12.JPEG", "unix_time": 1620589734.8216376}
INFO:circe.py:runtime_stat:{"task_name": "circe", "event": "new_input_file", "filename": "storeclass7_lccenc7_48504009imgleopardjobid13.JPEG", "unix_time": 1620589749.8334858}
INFO:circe.py:runtime_stat:{"task_name": "circe", "event": "new_input_file", "filename": "storeclass7_lccenc7_28369934imgleopardjobid13.JPEG", "unix_time": 1620589750.045914}
INFO:ccdag_utils.py:runtime_stat:{"task_name": "lccenc7", "event": "queue_start_process", "filename": "storeclass7_lccenc7_36199340imgleopardjobid11.JPEG", "unix_time": 1620589750.079819}
INFO:ccdag_utils.py:runtime_stat:{"task_name": "lccenc7", "event": "queue_start_process", "filename": "storeclass7_lccenc7_37377129imgleopardjobid12.JPEG", "unix_time": 1620589750.0801818}
INFO:ccdag_utils.py:runtime_stat:{"task_name": "lccenc7", "event": "queue_start_process", "filename": "storeclass7_lccenc7_48504009imgleopardjobid13.JPEG", "unix_time": 1620589750.0803807}
INFO:ccdag_utils.py:runtime_stat:{"task_name": "lccenc7", "event": "queue_start_process", "filename": "storeclass7_lccenc7_28369934imgleopardjobid13.JPEG", "unix_time": 1620589750.0805671}
INFO:ccdag_utils.py:runtime_stat:{"task_name": "lccenc7", "event": "queue_end_process", "filename": "lccenc7_score7a_6#36199340-6#37377129-6#48504009-6#28369934jobid4.csv", "unix_time": 1620589751.2193384}
INFO:circe.py:runtime_stat:{"task_name": "circe", "event": "new_output_file", "filename": "lccenc7_score7a_6#36199340-6#37377129-6#48504009-6#28369934jobid4.csv", "unix_time": 1620589751.220182}
DEBUG:transfer.py:sshpass -p PASSWORD scp -P 5000 -o StrictHostKeyChecking=no /jupiter/circe_output/lccenc7_score7a_6#36199340-6#37377129-6#48504009-6#28369934jobid4.csv root@10.104.224.174:/jupiter/circe_input/
DEBUG:transfer.py:transfer successful!
INFO:ccdag_utils.py:runtime_stat:{"task_name": "lccenc7", "event": "queue_end_process", "filename": "lccenc7_score7b_6#36199340-6#37377129-6#48504009-6#28369934jobid4.csv", "unix_time": 1620589752.2133985}
INFO:circe.py:runtime_stat:{"task_name": "circe", "event": "new_output_file", "filename": "lccenc7_score7b_6#36199340-6#37377129-6#48504009-6#28369934jobid4.csv", "unix_time": 1620589752.224154}
DEBUG:transfer.py:sshpass -p PASSWORD scp -P 5000 -o StrictHostKeyChecking=no /jupiter/circe_output/lccenc7_score7b_6#36199340-6#37377129-6#48504009-6#28369934jobid4.csv root@10.101.240.7:/jupiter/circe_input/
DEBUG:transfer.py:transfer successful!
INFO:ccdag_utils.py:runtime_stat:{"task_name": "lccenc7", "event": "queue_end_process", "filename": "lccenc7_score7c_6#36199340-6#37377129-6#48504009-6#28369934jobid4.csv", "unix_time": 1620589753.2119324}
INFO:circe.py:runtime_stat:{"task_name": "circe", "event": "new_output_file", "filename": "lccenc7_score7c_6#36199340-6#37377129-6#48504009-6#28369934jobid4.csv", "unix_time": 1620589753.2129898}
DEBUG:transfer.py:sshpass -p PASSWORD scp -P 5000 -o StrictHostKeyChecking=no /jupiter/circe_output/lccenc7_score7c_6#36199340-6#37377129-6#48504009-6#28369934jobid4.csv root@10.107.140.52:/jupiter/circe_input/
DEBUG:transfer.py:transfer successful!
INFO:circe.py:runtime_stat:{"task_name": "circe", "event": "new_input_file", "filename": "storeclass7_lccenc7_46129272imgleopardjobid14.JPEG", "unix_time": 1620589766.908153}
INFO:circe.py:runtime_stat:{"task_name": "circe", "event": "new_input_file", "filename": "storeclass7_lccenc7_54113856imgleopardjobid15.JPEG", "unix_time": 1620589783.8905487}
INFO:circe.py:runtime_stat:{"task_name": "circe", "event": "new_input_file", "filename": "storeclass7_lccenc7_70622116imgleopardjobid16.JPEG", "unix_time": 1620589798.927088}
INFO:circe.py:runtime_stat:{"task_name": "circe", "event": "new_input_file", "filename": "storeclass7_lccenc7_60612561imgleopardjobid16.JPEG", "unix_time": 1620589799.1443517}
INFO:ccdag_utils.py:runtime_stat:{"task_name": "lccenc7", "event": "queue_start_process", "filename": "storeclass7_lccenc7_46129272imgleopardjobid14.JPEG", "unix_time": 1620589799.265976}
INFO:ccdag_utils.py:runtime_stat:{"task_name": "lccenc7", "event": "queue_start_process", "filename": "storeclass7_lccenc7_54113856imgleopardjobid15.JPEG", "unix_time": 1620589799.266376}
INFO:ccdag_utils.py:runtime_stat:{"task_name": "lccenc7", "event": "queue_start_process", "filename": "storeclass7_lccenc7_70622116imgleopardjobid16.JPEG", "unix_time": 1620589799.26662}
INFO:ccdag_utils.py:runtime_stat:{"task_name": "lccenc7", "event": "queue_start_process", "filename": "storeclass7_lccenc7_60612561imgleopardjobid16.JPEG", "unix_time": 1620589799.2668343}
INFO:ccdag_utils.py:runtime_stat:{"task_name": "lccenc7", "event": "queue_end_process", "filename": "lccenc7_score7a_6#46129272-6#54113856-6#70622116-6#60612561jobid5.csv", "unix_time": 1620589800.5493436}
INFO:circe.py:runtime_stat:{"task_name": "circe", "event": "new_output_file", "filename": "lccenc7_score7a_6#46129272-6#54113856-6#70622116-6#60612561jobid5.csv", "unix_time": 1620589800.586374}
DEBUG:transfer.py:sshpass -p PASSWORD scp -P 5000 -o StrictHostKeyChecking=no /jupiter/circe_output/lccenc7_score7a_6#46129272-6#54113856-6#70622116-6#60612561jobid5.csv root@10.104.224.174:/jupiter/circe_input/
DEBUG:transfer.py:transfer successful!
INFO:ccdag_utils.py:runtime_stat:{"task_name": "lccenc7", "event": "queue_end_process", "filename": "lccenc7_score7b_6#46129272-6#54113856-6#70622116-6#60612561jobid5.csv", "unix_time": 1620589801.623793}
INFO:circe.py:runtime_stat:{"task_name": "circe", "event": "new_output_file", "filename": "lccenc7_score7b_6#46129272-6#54113856-6#70622116-6#60612561jobid5.csv", "unix_time": 1620589801.6248693}
DEBUG:transfer.py:sshpass -p PASSWORD scp -P 5000 -o StrictHostKeyChecking=no /jupiter/circe_output/lccenc7_score7b_6#46129272-6#54113856-6#70622116-6#60612561jobid5.csv root@10.101.240.7:/jupiter/circe_input/
DEBUG:transfer.py:transfer successful!
INFO:ccdag_utils.py:runtime_stat:{"task_name": "lccenc7", "event": "queue_end_process", "filename": "lccenc7_score7c_6#46129272-6#54113856-6#70622116-6#60612561jobid5.csv", "unix_time": 1620589802.7533429}
INFO:circe.py:runtime_stat:{"task_name": "circe", "event": "new_output_file", "filename": "lccenc7_score7c_6#46129272-6#54113856-6#70622116-6#60612561jobid5.csv", "unix_time": 1620589802.756188}
DEBUG:transfer.py:sshpass -p PASSWORD scp -P 5000 -o StrictHostKeyChecking=no /jupiter/circe_output/lccenc7_score7c_6#46129272-6#54113856-6#70622116-6#60612561jobid5.csv root@10.107.140.52:/jupiter/circe_input/
DEBUG:transfer.py:transfer successful!
INFO:circe.py:runtime_stat:{"task_name": "circe", "event": "new_input_file", "filename": "storeclass7_lccenc7_64814516imgleopardjobid17.JPEG", "unix_time": 1620589819.958185}
INFO:circe.py:runtime_stat:{"task_name": "circe", "event": "new_input_file", "filename": "storeclass7_lccenc7_99628839imgleopardjobid17.JPEG", "unix_time": 1620589820.1879513}
INFO:circe.py:runtime_stat:{"task_name": "circe", "event": "new_input_file", "filename": "storeclass7_lccenc7_63731115imgtigerjobid18.JPEG", "unix_time": 1620589847.0068297}
INFO:circe.py:runtime_stat:{"task_name": "circe", "event": "new_input_file", "filename": "storeclass7_lccenc7_88158876imgleopardjobid20.JPEG", "unix_time": 1620589890.0649457}
INFO:ccdag_utils.py:runtime_stat:{"task_name": "lccenc7", "event": "queue_start_process", "filename": "storeclass7_lccenc7_64814516imgleopardjobid17.JPEG", "unix_time": 1620589890.8520513}
INFO:ccdag_utils.py:runtime_stat:{"task_name": "lccenc7", "event": "queue_start_process", "filename": "storeclass7_lccenc7_99628839imgleopardjobid17.JPEG", "unix_time": 1620589890.852404}
INFO:ccdag_utils.py:runtime_stat:{"task_name": "lccenc7", "event": "queue_start_process", "filename": "storeclass7_lccenc7_63731115imgtigerjobid18.JPEG", "unix_time": 1620589890.8526392}
INFO:ccdag_utils.py:runtime_stat:{"task_name": "lccenc7", "event": "queue_start_process", "filename": "storeclass7_lccenc7_88158876imgleopardjobid20.JPEG", "unix_time": 1620589890.8528793}
INFO:circe.py:runtime_stat:{"task_name": "circe", "event": "new_output_file", "filename": "lccenc7_score7a_6#64814516-6#99628839-3#63731115-6#88158876jobid6.csv", "unix_time": 1620589891.9823515}
DEBUG:transfer.py:sshpass -p PASSWORD scp -P 5000 -o StrictHostKeyChecking=no /jupiter/circe_output/lccenc7_score7a_6#64814516-6#99628839-3#63731115-6#88158876jobid6.csv root@10.104.224.174:/jupiter/circe_input/
INFO:ccdag_utils.py:runtime_stat:{"task_name": "lccenc7", "event": "queue_end_process", "filename": "lccenc7_score7a_6#64814516-6#99628839-3#63731115-6#88158876jobid6.csv", "unix_time": 1620589891.9828787}
DEBUG:transfer.py:transfer successful!
INFO:ccdag_utils.py:runtime_stat:{"task_name": "lccenc7", "event": "queue_end_process", "filename": "lccenc7_score7b_6#64814516-6#99628839-3#63731115-6#88158876jobid6.csv", "unix_time": 1620589893.0047772}
INFO:circe.py:runtime_stat:{"task_name": "circe", "event": "new_output_file", "filename": "lccenc7_score7b_6#64814516-6#99628839-3#63731115-6#88158876jobid6.csv", "unix_time": 1620589893.005753}
DEBUG:transfer.py:sshpass -p PASSWORD scp -P 5000 -o StrictHostKeyChecking=no /jupiter/circe_output/lccenc7_score7b_6#64814516-6#99628839-3#63731115-6#88158876jobid6.csv root@10.101.240.7:/jupiter/circe_input/
DEBUG:transfer.py:transfer successful!
INFO:ccdag_utils.py:runtime_stat:{"task_name": "lccenc7", "event": "queue_end_process", "filename": "lccenc7_score7c_6#64814516-6#99628839-3#63731115-6#88158876jobid6.csv", "unix_time": 1620589894.012238}
INFO:circe.py:runtime_stat:{"task_name": "circe", "event": "new_output_file", "filename": "lccenc7_score7c_6#64814516-6#99628839-3#63731115-6#88158876jobid6.csv", "unix_time": 1620589894.0132587}
DEBUG:transfer.py:sshpass -p PASSWORD scp -P 5000 -o StrictHostKeyChecking=no /jupiter/circe_output/lccenc7_score7c_6#64814516-6#99628839-3#63731115-6#88158876jobid6.csv root@10.107.140.52:/jupiter/circe_input/
DEBUG:transfer.py:transfer successful!
INFO:circe.py:runtime_stat:{"task_name": "circe", "event": "new_input_file", "filename": "storeclass7_lccenc7_90590259imgleopardjobid23.JPEG", "unix_time": 1620590002.193127}
INFO:circe.py:runtime_stat:{"task_name": "circe", "event": "new_input_file", "filename": "storeclass7_lccenc7_81382316imgleopardjobid24.JPEG", "unix_time": 1620590040.2386267}
INFO:circe.py:runtime_stat:{"task_name": "circe", "event": "new_input_file", "filename": "storeclass7_lccenc7_48677429imgleopardjobid24.JPEG", "unix_time": 1620590040.4582002}
INFO:circe.py:runtime_stat:{"task_name": "circe", "event": "new_input_file", "filename": "storeclass7_lccenc7_44841699imgleopardjobid25.JPEG", "unix_time": 1620590080.2887647}
INFO:ccdag_utils.py:runtime_stat:{"task_name": "lccenc7", "event": "queue_start_process", "filename": "storeclass7_lccenc7_90590259imgleopardjobid23.JPEG", "unix_time": 1620590081.2046201}
INFO:ccdag_utils.py:runtime_stat:{"task_name": "lccenc7", "event": "queue_start_process", "filename": "storeclass7_lccenc7_81382316imgleopardjobid24.JPEG", "unix_time": 1620590081.2052348}
INFO:ccdag_utils.py:runtime_stat:{"task_name": "lccenc7", "event": "queue_start_process", "filename": "storeclass7_lccenc7_48677429imgleopardjobid24.JPEG", "unix_time": 1620590081.2057824}
INFO:ccdag_utils.py:runtime_stat:{"task_name": "lccenc7", "event": "queue_start_process", "filename": "storeclass7_lccenc7_44841699imgleopardjobid25.JPEG", "unix_time": 1620590081.206265}
INFO:ccdag_utils.py:runtime_stat:{"task_name": "lccenc7", "event": "queue_end_process", "filename": "lccenc7_score7a_6#90590259-6#81382316-6#48677429-6#44841699jobid7.csv", "unix_time": 1620590082.429246}
INFO:circe.py:runtime_stat:{"task_name": "circe", "event": "new_output_file", "filename": "lccenc7_score7a_6#90590259-6#81382316-6#48677429-6#44841699jobid7.csv", "unix_time": 1620590082.4403946}
DEBUG:transfer.py:sshpass -p PASSWORD scp -P 5000 -o StrictHostKeyChecking=no /jupiter/circe_output/lccenc7_score7a_6#90590259-6#81382316-6#48677429-6#44841699jobid7.csv root@10.104.224.174:/jupiter/circe_input/
DEBUG:transfer.py:transfer successful!
INFO:circe.py:runtime_stat:{"task_name": "circe", "event": "new_output_file", "filename": "lccenc7_score7b_6#90590259-6#81382316-6#48677429-6#44841699jobid7.csv", "unix_time": 1620590083.4352312}
DEBUG:transfer.py:sshpass -p PASSWORD scp -P 5000 -o StrictHostKeyChecking=no /jupiter/circe_output/lccenc7_score7b_6#90590259-6#81382316-6#48677429-6#44841699jobid7.csv root@10.101.240.7:/jupiter/circe_input/
INFO:ccdag_utils.py:runtime_stat:{"task_name": "lccenc7", "event": "queue_end_process", "filename": "lccenc7_score7b_6#90590259-6#81382316-6#48677429-6#44841699jobid7.csv", "unix_time": 1620590083.436137}
DEBUG:transfer.py:transfer successful!
INFO:ccdag_utils.py:runtime_stat:{"task_name": "lccenc7", "event": "queue_end_process", "filename": "lccenc7_score7c_6#90590259-6#81382316-6#48677429-6#44841699jobid7.csv", "unix_time": 1620590084.4884207}
INFO:circe.py:runtime_stat:{"task_name": "circe", "event": "new_output_file", "filename": "lccenc7_score7c_6#90590259-6#81382316-6#48677429-6#44841699jobid7.csv", "unix_time": 1620590084.4892228}
DEBUG:transfer.py:sshpass -p PASSWORD scp -P 5000 -o StrictHostKeyChecking=no /jupiter/circe_output/lccenc7_score7c_6#90590259-6#81382316-6#48677429-6#44841699jobid7.csv root@10.107.140.52:/jupiter/circe_input/
DEBUG:transfer.py:transfer successful!
INFO:circe.py:runtime_stat:{"task_name": "circe", "event": "new_input_file", "filename": "storeclass7_lccenc7_31401503imgleopardjobid29.JPEG", "unix_time": 1620590233.4256885}
INFO:circe.py:runtime_stat:{"task_name": "circe", "event": "new_input_file", "filename": "storeclass7_lccenc7_06501118imgleopardjobid30.JPEG", "unix_time": 1620590269.4679554}
INFO:circe.py:runtime_stat:{"task_name": "circe", "event": "new_input_file", "filename": "storeclass7_lccenc7_18195562imgleopardjobid30.JPEG", "unix_time": 1620590269.6759672}
INFO:circe.py:runtime_stat:{"task_name": "circe", "event": "new_input_file", "filename": "storeclass7_lccenc7_58778575imgleopardjobid31.JPEG", "unix_time": 1620590307.5511754}
INFO:ccdag_utils.py:runtime_stat:{"task_name": "lccenc7", "event": "queue_start_process", "filename": "storeclass7_lccenc7_31401503imgleopardjobid29.JPEG", "unix_time": 1620590307.753983}
INFO:ccdag_utils.py:runtime_stat:{"task_name": "lccenc7", "event": "queue_start_process", "filename": "storeclass7_lccenc7_06501118imgleopardjobid30.JPEG", "unix_time": 1620590307.7543347}
INFO:ccdag_utils.py:runtime_stat:{"task_name": "lccenc7", "event": "queue_start_process", "filename": "storeclass7_lccenc7_18195562imgleopardjobid30.JPEG", "unix_time": 1620590307.7545292}
INFO:ccdag_utils.py:runtime_stat:{"task_name": "lccenc7", "event": "queue_start_process", "filename": "storeclass7_lccenc7_58778575imgleopardjobid31.JPEG", "unix_time": 1620590307.7547011}
INFO:circe.py:runtime_stat:{"task_name": "circe", "event": "new_output_file", "filename": "lccenc7_score7a_6#31401503-6#06501118-6#18195562-6#58778575jobid8.csv", "unix_time": 1620590308.9191484}
DEBUG:transfer.py:sshpass -p PASSWORD scp -P 5000 -o StrictHostKeyChecking=no /jupiter/circe_output/lccenc7_score7a_6#31401503-6#06501118-6#18195562-6#58778575jobid8.csv root@10.104.224.174:/jupiter/circe_input/
INFO:ccdag_utils.py:runtime_stat:{"task_name": "lccenc7", "event": "queue_end_process", "filename": "lccenc7_score7a_6#31401503-6#06501118-6#18195562-6#58778575jobid8.csv", "unix_time": 1620590308.9238818}
DEBUG:transfer.py:transfer successful!
INFO:ccdag_utils.py:runtime_stat:{"task_name": "lccenc7", "event": "queue_end_process", "filename": "lccenc7_score7b_6#31401503-6#06501118-6#18195562-6#58778575jobid8.csv", "unix_time": 1620590310.1846125}
INFO:circe.py:runtime_stat:{"task_name": "circe", "event": "new_output_file", "filename": "lccenc7_score7b_6#31401503-6#06501118-6#18195562-6#58778575jobid8.csv", "unix_time": 1620590310.1856055}
DEBUG:transfer.py:sshpass -p PASSWORD scp -P 5000 -o StrictHostKeyChecking=no /jupiter/circe_output/lccenc7_score7b_6#31401503-6#06501118-6#18195562-6#58778575jobid8.csv root@10.101.240.7:/jupiter/circe_input/
DEBUG:transfer.py:transfer successful!
INFO:ccdag_utils.py:runtime_stat:{"task_name": "lccenc7", "event": "queue_end_process", "filename": "lccenc7_score7c_6#31401503-6#06501118-6#18195562-6#58778575jobid8.csv", "unix_time": 1620590311.3100116}
INFO:circe.py:runtime_stat:{"task_name": "circe", "event": "new_output_file", "filename": "lccenc7_score7c_6#31401503-6#06501118-6#18195562-6#58778575jobid8.csv", "unix_time": 1620590311.3110023}
DEBUG:transfer.py:sshpass -p PASSWORD scp -P 5000 -o StrictHostKeyChecking=no /jupiter/circe_output/lccenc7_score7c_6#31401503-6#06501118-6#18195562-6#58778575jobid8.csv root@10.107.140.52:/jupiter/circe_input/
DEBUG:transfer.py:transfer successful!
INFO:circe.py:runtime_stat:{"task_name": "circe", "event": "new_input_file", "filename": "storeclass7_lccenc7_65732812imgleopardjobid33.JPEG", "unix_time": 1620590395.6109111}
