 * Starting OpenBSD Secure Shell server sshd
   ...done.
INFO:circe.py:Using base script score.py
DEBUG:circe.py:starting the input monitoring process
DEBUG:circe.py:starting the output monitoring process
INFO:circe.py:runtime_stat:{"task_name": "circe", "event": "new_input_file", "filename": "lccenc8_score8a_7#83896340-7#29144704-7#77522467-7#49676251jobid1.csv", "unix_time": 1620683172.8996878}
INFO:ccdag_utils.py:runtime_stat:{"task_name": "score8a", "event": "queue_start_process", "filename": "lccenc8_score8a_7#83896340-7#29144704-7#77522467-7#49676251jobid1.csv", "unix_time": 1620683173.1027994}
['mongoose21.JPEG', 'mongoose22.JPEG', 'mongoose23.JPEG', 'mongoose24.JPEG', 'mongoose25.JPEG', 'mongoose26.JPEG', 'mongoose27.JPEG', 'mongoose28.JPEG', 'mongoose29.JPEG', 'mongoose30.JPEG']
INFO:circe.py:runtime_stat:{"task_name": "circe", "event": "new_input_file", "filename": "lccenc8_score8a_7#14120433-7#32394782-7#13701014-7#37767765jobid2.csv", "unix_time": 1620683182.17487}
INFO:circe.py:runtime_stat:{"task_name": "circe", "event": "new_output_file", "filename": "score8a_preagg8_1jobth7#83896340-7#29144704-7#77522467-7#49676251", "unix_time": 1620683184.902208}
DEBUG:transfer.py:sshpass -p PASSWORD scp -P 5000 -o StrictHostKeyChecking=no /jupiter/circe_output/score8a_preagg8_1jobth7#83896340-7#29144704-7#77522467-7#49676251 root@10.106.63.80:/jupiter/circe_input/
INFO:ccdag_utils.py:runtime_stat:{"task_name": "score8a", "event": "queue_end_process", "filename": "score8a_preagg8_1jobth7#83896340-7#29144704-7#77522467-7#49676251", "unix_time": 1620683184.9103525}
INFO:ccdag_utils.py:runtime_stat:{"task_name": "score8a", "event": "queue_start_process", "filename": "lccenc8_score8a_7#14120433-7#32394782-7#13701014-7#37767765jobid2.csv", "unix_time": 1620683184.912245}
['mongoose21.JPEG', 'mongoose22.JPEG', 'mongoose23.JPEG', 'mongoose24.JPEG', 'mongoose25.JPEG', 'mongoose26.JPEG', 'mongoose27.JPEG', 'mongoose28.JPEG', 'mongoose29.JPEG', 'mongoose30.JPEG']
Warning: Permanently added '[10.106.63.80]:5000' (ECDSA) to the list of known hosts.
DEBUG:transfer.py:transfer successful!
INFO:circe.py:runtime_stat:{"task_name": "circe", "event": "new_output_file", "filename": "score8a_preagg8_2jobth7#14120433-7#32394782-7#13701014-7#37767765", "unix_time": 1620683196.4822452}
DEBUG:transfer.py:sshpass -p PASSWORD scp -P 5000 -o StrictHostKeyChecking=no /jupiter/circe_output/score8a_preagg8_2jobth7#14120433-7#32394782-7#13701014-7#37767765 root@10.106.63.80:/jupiter/circe_input/
INFO:ccdag_utils.py:runtime_stat:{"task_name": "score8a", "event": "queue_end_process", "filename": "score8a_preagg8_2jobth7#14120433-7#32394782-7#13701014-7#37767765", "unix_time": 1620683196.4905772}
DEBUG:transfer.py:transfer successful!
INFO:circe.py:runtime_stat:{"task_name": "circe", "event": "new_input_file", "filename": "lccenc8_score8a_7#70960821-7#20567090-7#77419537-7#20593399jobid3.csv", "unix_time": 1620683249.4217966}
INFO:ccdag_utils.py:runtime_stat:{"task_name": "score8a", "event": "queue_start_process", "filename": "lccenc8_score8a_7#70960821-7#20567090-7#77419537-7#20593399jobid3.csv", "unix_time": 1620683249.5458434}
['mongoose21.JPEG', 'mongoose22.JPEG', 'mongoose23.JPEG', 'mongoose24.JPEG', 'mongoose25.JPEG', 'mongoose26.JPEG', 'mongoose27.JPEG', 'mongoose28.JPEG', 'mongoose29.JPEG', 'mongoose30.JPEG']
INFO:circe.py:runtime_stat:{"task_name": "circe", "event": "new_output_file", "filename": "score8a_preagg8_3jobth7#70960821-7#20567090-7#77419537-7#20593399", "unix_time": 1620683261.0912735}
DEBUG:transfer.py:sshpass -p PASSWORD scp -P 5000 -o StrictHostKeyChecking=no /jupiter/circe_output/score8a_preagg8_3jobth7#70960821-7#20567090-7#77419537-7#20593399 root@10.106.63.80:/jupiter/circe_input/
INFO:ccdag_utils.py:runtime_stat:{"task_name": "score8a", "event": "queue_end_process", "filename": "score8a_preagg8_3jobth7#70960821-7#20567090-7#77419537-7#20593399", "unix_time": 1620683261.0975208}
DEBUG:transfer.py:transfer successful!
INFO:circe.py:runtime_stat:{"task_name": "circe", "event": "new_input_file", "filename": "lccenc8_score8a_7#99922248-7#87262016-7#53576739-7#96683183jobid4.csv", "unix_time": 1620683270.4930935}
INFO:ccdag_utils.py:runtime_stat:{"task_name": "score8a", "event": "queue_start_process", "filename": "lccenc8_score8a_7#99922248-7#87262016-7#53576739-7#96683183jobid4.csv", "unix_time": 1620683271.1090863}
['mongoose21.JPEG', 'mongoose22.JPEG', 'mongoose23.JPEG', 'mongoose24.JPEG', 'mongoose25.JPEG', 'mongoose26.JPEG', 'mongoose27.JPEG', 'mongoose28.JPEG', 'mongoose29.JPEG', 'mongoose30.JPEG']
INFO:circe.py:runtime_stat:{"task_name": "circe", "event": "new_output_file", "filename": "score8a_preagg8_4jobth7#99922248-7#87262016-7#53576739-7#96683183", "unix_time": 1620683282.6177592}
DEBUG:transfer.py:sshpass -p PASSWORD scp -P 5000 -o StrictHostKeyChecking=no /jupiter/circe_output/score8a_preagg8_4jobth7#99922248-7#87262016-7#53576739-7#96683183 root@10.106.63.80:/jupiter/circe_input/
INFO:ccdag_utils.py:runtime_stat:{"task_name": "score8a", "event": "queue_end_process", "filename": "score8a_preagg8_4jobth7#99922248-7#87262016-7#53576739-7#96683183", "unix_time": 1620683282.6244872}
DEBUG:transfer.py:transfer successful!
INFO:circe.py:runtime_stat:{"task_name": "circe", "event": "new_input_file", "filename": "lccenc8_score8a_7#21022509-7#43317555-7#04382468-7#18265540jobid5.csv", "unix_time": 1620683304.8331625}
INFO:ccdag_utils.py:runtime_stat:{"task_name": "score8a", "event": "queue_start_process", "filename": "lccenc8_score8a_7#21022509-7#43317555-7#04382468-7#18265540jobid5.csv", "unix_time": 1620683305.6514785}
['mongoose21.JPEG', 'mongoose22.JPEG', 'mongoose23.JPEG', 'mongoose24.JPEG', 'mongoose25.JPEG', 'mongoose26.JPEG', 'mongoose27.JPEG', 'mongoose28.JPEG', 'mongoose29.JPEG', 'mongoose30.JPEG']
INFO:circe.py:runtime_stat:{"task_name": "circe", "event": "new_output_file", "filename": "score8a_preagg8_5jobth7#21022509-7#43317555-7#04382468-7#18265540", "unix_time": 1620683317.1312363}
DEBUG:transfer.py:sshpass -p PASSWORD scp -P 5000 -o StrictHostKeyChecking=no /jupiter/circe_output/score8a_preagg8_5jobth7#21022509-7#43317555-7#04382468-7#18265540 root@10.106.63.80:/jupiter/circe_input/
INFO:ccdag_utils.py:runtime_stat:{"task_name": "score8a", "event": "queue_end_process", "filename": "score8a_preagg8_5jobth7#21022509-7#43317555-7#04382468-7#18265540", "unix_time": 1620683317.1378953}
DEBUG:transfer.py:transfer successful!
