 * Starting OpenBSD Secure Shell server sshd
   ...done.
INFO:circe.py:Using base script score.py
DEBUG:circe.py:starting the input monitoring process
DEBUG:circe.py:starting the output monitoring process
INFO:circe.py:runtime_stat:{"task_name": "circe", "event": "new_input_file", "filename": "lccenc1_score1a_0#71108512-0#55556988-0#37805590-0#46718892jobid1.csv", "unix_time": 1620682997.702027}
INFO:ccdag_utils.py:runtime_stat:{"task_name": "score1a", "event": "queue_start_process", "filename": "lccenc1_score1a_0#71108512-0#55556988-0#37805590-0#46718892jobid1.csv", "unix_time": 1620682998.2124472}
['fireengine21.JPEG', 'fireengine22.JPEG', 'fireengine23.JPEG', 'fireengine24.JPEG', 'fireengine25.JPEG', 'fireengine26.JPEG', 'fireengine27.JPEG', 'fireengine28.JPEG', 'fireengine29.JPEG', 'fireengine30.JPEG']
INFO:circe.py:runtime_stat:{"task_name": "circe", "event": "new_output_file", "filename": "score1a_preagg1_1jobth0#71108512-0#55556988-0#37805590-0#46718892", "unix_time": 1620683010.2650933}
DEBUG:transfer.py:sshpass -p PASSWORD scp -P 5000 -o StrictHostKeyChecking=no /jupiter/circe_output/score1a_preagg1_1jobth0#71108512-0#55556988-0#37805590-0#46718892 root@10.107.198.146:/jupiter/circe_input/
INFO:ccdag_utils.py:runtime_stat:{"task_name": "score1a", "event": "queue_end_process", "filename": "score1a_preagg1_1jobth0#71108512-0#55556988-0#37805590-0#46718892", "unix_time": 1620683010.27305}
Warning: Permanently added '[10.107.198.146]:5000' (ECDSA) to the list of known hosts.
DEBUG:transfer.py:transfer successful!
INFO:circe.py:runtime_stat:{"task_name": "circe", "event": "new_input_file", "filename": "lccenc1_score1a_0#86718336-0#88950092-0#77245967-0#02551711jobid2.csv", "unix_time": 1620683013.913665}
INFO:ccdag_utils.py:runtime_stat:{"task_name": "score1a", "event": "queue_start_process", "filename": "lccenc1_score1a_0#86718336-0#88950092-0#77245967-0#02551711jobid2.csv", "unix_time": 1620683014.2794323}
['fireengine21.JPEG', 'fireengine22.JPEG', 'fireengine23.JPEG', 'fireengine24.JPEG', 'fireengine25.JPEG', 'fireengine26.JPEG', 'fireengine27.JPEG', 'fireengine28.JPEG', 'fireengine29.JPEG', 'fireengine30.JPEG']
INFO:circe.py:runtime_stat:{"task_name": "circe", "event": "new_output_file", "filename": "score1a_preagg1_2jobth0#86718336-0#88950092-0#77245967-0#02551711", "unix_time": 1620683026.0651865}
DEBUG:transfer.py:sshpass -p PASSWORD scp -P 5000 -o StrictHostKeyChecking=no /jupiter/circe_output/score1a_preagg1_2jobth0#86718336-0#88950092-0#77245967-0#02551711 root@10.107.198.146:/jupiter/circe_input/
INFO:ccdag_utils.py:runtime_stat:{"task_name": "score1a", "event": "queue_end_process", "filename": "score1a_preagg1_2jobth0#86718336-0#88950092-0#77245967-0#02551711", "unix_time": 1620683026.0726824}
DEBUG:transfer.py:transfer successful!
INFO:circe.py:runtime_stat:{"task_name": "circe", "event": "new_input_file", "filename": "lccenc1_score1a_0#14141305-0#47351643-0#39955595-0#09990226jobid3.csv", "unix_time": 1620683081.0784764}
INFO:ccdag_utils.py:runtime_stat:{"task_name": "score1a", "event": "queue_start_process", "filename": "lccenc1_score1a_0#14141305-0#47351643-0#39955595-0#09990226jobid3.csv", "unix_time": 1620683081.1356745}
['fireengine21.JPEG', 'fireengine22.JPEG', 'fireengine23.JPEG', 'fireengine24.JPEG', 'fireengine25.JPEG', 'fireengine26.JPEG', 'fireengine27.JPEG', 'fireengine28.JPEG', 'fireengine29.JPEG', 'fireengine30.JPEG']
INFO:circe.py:runtime_stat:{"task_name": "circe", "event": "new_output_file", "filename": "score1a_preagg1_3jobth0#14141305-0#47351643-0#39955595-0#09990226", "unix_time": 1620683092.9512472}
DEBUG:transfer.py:sshpass -p PASSWORD scp -P 5000 -o StrictHostKeyChecking=no /jupiter/circe_output/score1a_preagg1_3jobth0#14141305-0#47351643-0#39955595-0#09990226 root@10.107.198.146:/jupiter/circe_input/
INFO:ccdag_utils.py:runtime_stat:{"task_name": "score1a", "event": "queue_end_process", "filename": "score1a_preagg1_3jobth0#14141305-0#47351643-0#39955595-0#09990226", "unix_time": 1620683092.9590635}
DEBUG:transfer.py:transfer successful!
INFO:circe.py:runtime_stat:{"task_name": "circe", "event": "new_input_file", "filename": "lccenc1_score1a_0#36668298-0#47977284-0#76904924-0#83415915jobid4.csv", "unix_time": 1620683112.2204685}
INFO:ccdag_utils.py:runtime_stat:{"task_name": "score1a", "event": "queue_start_process", "filename": "lccenc1_score1a_0#36668298-0#47977284-0#76904924-0#83415915jobid4.csv", "unix_time": 1620683112.9800029}
['fireengine21.JPEG', 'fireengine22.JPEG', 'fireengine23.JPEG', 'fireengine24.JPEG', 'fireengine25.JPEG', 'fireengine26.JPEG', 'fireengine27.JPEG', 'fireengine28.JPEG', 'fireengine29.JPEG', 'fireengine30.JPEG']
INFO:circe.py:runtime_stat:{"task_name": "circe", "event": "new_output_file", "filename": "score1a_preagg1_4jobth0#36668298-0#47977284-0#76904924-0#83415915", "unix_time": 1620683124.7396526}
DEBUG:transfer.py:sshpass -p PASSWORD scp -P 5000 -o StrictHostKeyChecking=no /jupiter/circe_output/score1a_preagg1_4jobth0#36668298-0#47977284-0#76904924-0#83415915 root@10.107.198.146:/jupiter/circe_input/
INFO:ccdag_utils.py:runtime_stat:{"task_name": "score1a", "event": "queue_end_process", "filename": "score1a_preagg1_4jobth0#36668298-0#47977284-0#76904924-0#83415915", "unix_time": 1620683124.7548614}
DEBUG:transfer.py:transfer successful!
INFO:circe.py:runtime_stat:{"task_name": "circe", "event": "new_input_file", "filename": "lccenc1_score1a_0#42956932-0#63665467-0#72931427-0#46758792jobid5.csv", "unix_time": 1620683134.4892838}
INFO:ccdag_utils.py:runtime_stat:{"task_name": "score1a", "event": "queue_start_process", "filename": "lccenc1_score1a_0#42956932-0#63665467-0#72931427-0#46758792jobid5.csv", "unix_time": 1620683134.768122}
['fireengine21.JPEG', 'fireengine22.JPEG', 'fireengine23.JPEG', 'fireengine24.JPEG', 'fireengine25.JPEG', 'fireengine26.JPEG', 'fireengine27.JPEG', 'fireengine28.JPEG', 'fireengine29.JPEG', 'fireengine30.JPEG']
INFO:circe.py:runtime_stat:{"task_name": "circe", "event": "new_output_file", "filename": "score1a_preagg1_5jobth0#42956932-0#63665467-0#72931427-0#46758792", "unix_time": 1620683146.6189852}
DEBUG:transfer.py:sshpass -p PASSWORD scp -P 5000 -o StrictHostKeyChecking=no /jupiter/circe_output/score1a_preagg1_5jobth0#42956932-0#63665467-0#72931427-0#46758792 root@10.107.198.146:/jupiter/circe_input/
INFO:ccdag_utils.py:runtime_stat:{"task_name": "score1a", "event": "queue_end_process", "filename": "score1a_preagg1_5jobth0#42956932-0#63665467-0#72931427-0#46758792", "unix_time": 1620683146.6250508}
DEBUG:transfer.py:transfer successful!
INFO:circe.py:runtime_stat:{"task_name": "circe", "event": "new_input_file", "filename": "lccenc1_score1a_0#57996123-0#99445406-0#71722052-1#87490990jobid6.csv", "unix_time": 1620683282.8822157}
INFO:ccdag_utils.py:runtime_stat:{"task_name": "score1a", "event": "queue_start_process", "filename": "lccenc1_score1a_0#57996123-0#99445406-0#71722052-1#87490990jobid6.csv", "unix_time": 1620683283.7640157}
['fireengine21.JPEG', 'fireengine22.JPEG', 'fireengine23.JPEG', 'fireengine24.JPEG', 'fireengine25.JPEG', 'fireengine26.JPEG', 'fireengine27.JPEG', 'fireengine28.JPEG', 'fireengine29.JPEG', 'fireengine30.JPEG']
INFO:circe.py:runtime_stat:{"task_name": "circe", "event": "new_output_file", "filename": "score1a_preagg1_6jobth0#57996123-0#99445406-0#71722052-1#87490990", "unix_time": 1620683295.543778}
DEBUG:transfer.py:sshpass -p PASSWORD scp -P 5000 -o StrictHostKeyChecking=no /jupiter/circe_output/score1a_preagg1_6jobth0#57996123-0#99445406-0#71722052-1#87490990 root@10.107.198.146:/jupiter/circe_input/
INFO:ccdag_utils.py:runtime_stat:{"task_name": "score1a", "event": "queue_end_process", "filename": "score1a_preagg1_6jobth0#57996123-0#99445406-0#71722052-1#87490990", "unix_time": 1620683295.5449438}
DEBUG:transfer.py:transfer successful!
