 * Starting OpenBSD Secure Shell server sshd
   ...done.
INFO:circe.py:Using base script preagg.py
DEBUG:circe.py:starting the input monitoring process
DEBUG:circe.py:starting the output monitoring process
6
INFO:circe.py:runtime_stat:{"task_name": "circe", "event": "new_input_file", "filename": "score6b_preagg6_1jobth5#77408088-5#98569787-5#76726743-5#42540475", "unix_time": 1620686764.0399609}
INFO:ccdag_utils.py:runtime_stat:{"task_name": "preagg6", "event": "queue_start_process", "filename": "score6b_preagg6_1jobth5#77408088-5#98569787-5#76726743-5#42540475", "unix_time": 1620686764.8831422}
INFO:circe.py:runtime_stat:{"task_name": "circe", "event": "new_input_file", "filename": "score6c_preagg6_1jobth5#77408088-5#98569787-5#76726743-5#42540475", "unix_time": 1620686765.9476447}
INFO:ccdag_utils.py:runtime_stat:{"task_name": "preagg6", "event": "queue_start_process", "filename": "score6c_preagg6_1jobth5#77408088-5#98569787-5#76726743-5#42540475", "unix_time": 1620686765.9540238}
preagg6_lccdec6_1jobthscore6a5#77408088-5#98569787-5#76726743-5#42540475
INFO:circe.py:runtime_stat:{"task_name": "circe", "event": "new_output_file", "filename": "preagg6_lccdec6_1jobthscore6a5#77408088-5#98569787-5#76726743-5#42540475", "unix_time": 1620686766.0211797}
DEBUG:transfer.py:sshpass -p PASSWORD scp -P 5000 -o StrictHostKeyChecking=no /jupiter/circe_output/preagg6_lccdec6_1jobthscore6a5#77408088-5#98569787-5#76726743-5#42540475 root@10.111.52.15:/jupiter/circe_input/
INFO:ccdag_utils.py:runtime_stat:{"task_name": "preagg6", "event": "queue_end_process", "filename": "preagg6_lccdec6_1jobthscore6a5#77408088-5#98569787-5#76726743-5#42540475", "unix_time": 1620686766.0265536}
preagg6_lccdec6_1jobthscore6b5#77408088-5#98569787-5#76726743-5#42540475
INFO:ccdag_utils.py:runtime_stat:{"task_name": "preagg6", "event": "queue_end_process", "filename": "preagg6_lccdec6_1jobthscore6b5#77408088-5#98569787-5#76726743-5#42540475", "unix_time": 1620686766.033412}
Warning: Permanently added '[10.111.52.15]:5000' (ECDSA) to the list of known hosts.
DEBUG:transfer.py:transfer successful!
INFO:circe.py:runtime_stat:{"task_name": "circe", "event": "new_output_file", "filename": "preagg6_lccdec6_1jobthscore6b5#77408088-5#98569787-5#76726743-5#42540475", "unix_time": 1620686766.2719686}
DEBUG:transfer.py:sshpass -p PASSWORD scp -P 5000 -o StrictHostKeyChecking=no /jupiter/circe_output/preagg6_lccdec6_1jobthscore6b5#77408088-5#98569787-5#76726743-5#42540475 root@10.111.52.15:/jupiter/circe_input/
DEBUG:transfer.py:transfer successful!
INFO:circe.py:runtime_stat:{"task_name": "circe", "event": "new_input_file", "filename": "score6b_preagg6_2jobth5#97301390-5#56882699-5#83035098-5#54572735", "unix_time": 1620686773.4584718}
INFO:circe.py:runtime_stat:{"task_name": "circe", "event": "new_input_file", "filename": "score6a_preagg6_1jobth5#77408088-5#98569787-5#76726743-5#42540475", "unix_time": 1620686773.9529505}
INFO:ccdag_utils.py:runtime_stat:{"task_name": "preagg6", "event": "queue_start_process", "filename": "score6b_preagg6_2jobth5#97301390-5#56882699-5#83035098-5#54572735", "unix_time": 1620686774.0449936}
INFO:ccdag_utils.py:runtime_stat:{"task_name": "preagg6", "event": "queue_start_process", "filename": "score6a_preagg6_1jobth5#77408088-5#98569787-5#76726743-5#42540475", "unix_time": 1620686774.1046078}
INFO:circe.py:runtime_stat:{"task_name": "circe", "event": "new_input_file", "filename": "score6c_preagg6_2jobth5#97301390-5#56882699-5#83035098-5#54572735", "unix_time": 1620686774.4949315}
INFO:ccdag_utils.py:runtime_stat:{"task_name": "preagg6", "event": "queue_start_process", "filename": "score6c_preagg6_2jobth5#97301390-5#56882699-5#83035098-5#54572735", "unix_time": 1620686775.1658258}
preagg6_lccdec6_2jobthscore6a5#97301390-5#56882699-5#83035098-5#54572735
INFO:circe.py:runtime_stat:{"task_name": "circe", "event": "new_output_file", "filename": "preagg6_lccdec6_2jobthscore6a5#97301390-5#56882699-5#83035098-5#54572735", "unix_time": 1620686775.2355437}
DEBUG:transfer.py:sshpass -p PASSWORD scp -P 5000 -o StrictHostKeyChecking=no /jupiter/circe_output/preagg6_lccdec6_2jobthscore6a5#97301390-5#56882699-5#83035098-5#54572735 root@10.111.52.15:/jupiter/circe_input/
INFO:ccdag_utils.py:runtime_stat:{"task_name": "preagg6", "event": "queue_end_process", "filename": "preagg6_lccdec6_2jobthscore6a5#97301390-5#56882699-5#83035098-5#54572735", "unix_time": 1620686775.2407806}
preagg6_lccdec6_2jobthscore6b5#97301390-5#56882699-5#83035098-5#54572735
INFO:ccdag_utils.py:runtime_stat:{"task_name": "preagg6", "event": "queue_end_process", "filename": "preagg6_lccdec6_2jobthscore6b5#97301390-5#56882699-5#83035098-5#54572735", "unix_time": 1620686775.2478697}
DEBUG:transfer.py:transfer successful!
INFO:circe.py:runtime_stat:{"task_name": "circe", "event": "new_output_file", "filename": "preagg6_lccdec6_2jobthscore6b5#97301390-5#56882699-5#83035098-5#54572735", "unix_time": 1620686775.455191}
DEBUG:transfer.py:sshpass -p PASSWORD scp -P 5000 -o StrictHostKeyChecking=no /jupiter/circe_output/preagg6_lccdec6_2jobthscore6b5#97301390-5#56882699-5#83035098-5#54572735 root@10.111.52.15:/jupiter/circe_input/
DEBUG:transfer.py:transfer successful!
INFO:circe.py:runtime_stat:{"task_name": "circe", "event": "new_input_file", "filename": "score6b_preagg6_3jobth5#97311691-5#13382439-5#96546139-5#93815711", "unix_time": 1620686777.0263894}
INFO:circe.py:runtime_stat:{"task_name": "circe", "event": "new_input_file", "filename": "score6c_preagg6_3jobth5#97311691-5#13382439-5#96546139-5#93815711", "unix_time": 1620686777.0329964}
INFO:ccdag_utils.py:runtime_stat:{"task_name": "preagg6", "event": "queue_start_process", "filename": "score6b_preagg6_3jobth5#97311691-5#13382439-5#96546139-5#93815711", "unix_time": 1620686777.2506797}
INFO:ccdag_utils.py:runtime_stat:{"task_name": "preagg6", "event": "queue_start_process", "filename": "score6c_preagg6_3jobth5#97311691-5#13382439-5#96546139-5#93815711", "unix_time": 1620686777.3174987}
preagg6_lccdec6_3jobthscore6a5#97311691-5#13382439-5#96546139-5#93815711
INFO:circe.py:runtime_stat:{"task_name": "circe", "event": "new_output_file", "filename": "preagg6_lccdec6_3jobthscore6a5#97311691-5#13382439-5#96546139-5#93815711", "unix_time": 1620686777.3929808}
DEBUG:transfer.py:sshpass -p PASSWORD scp -P 5000 -o StrictHostKeyChecking=no /jupiter/circe_output/preagg6_lccdec6_3jobthscore6a5#97311691-5#13382439-5#96546139-5#93815711 root@10.111.52.15:/jupiter/circe_input/
INFO:ccdag_utils.py:runtime_stat:{"task_name": "preagg6", "event": "queue_end_process", "filename": "preagg6_lccdec6_3jobthscore6a5#97311691-5#13382439-5#96546139-5#93815711", "unix_time": 1620686777.398642}
preagg6_lccdec6_3jobthscore6b5#97311691-5#13382439-5#96546139-5#93815711
INFO:ccdag_utils.py:runtime_stat:{"task_name": "preagg6", "event": "queue_end_process", "filename": "preagg6_lccdec6_3jobthscore6b5#97311691-5#13382439-5#96546139-5#93815711", "unix_time": 1620686777.4060218}
DEBUG:transfer.py:transfer successful!
INFO:circe.py:runtime_stat:{"task_name": "circe", "event": "new_output_file", "filename": "preagg6_lccdec6_3jobthscore6b5#97311691-5#13382439-5#96546139-5#93815711", "unix_time": 1620686777.652136}
DEBUG:transfer.py:sshpass -p PASSWORD scp -P 5000 -o StrictHostKeyChecking=no /jupiter/circe_output/preagg6_lccdec6_3jobthscore6b5#97311691-5#13382439-5#96546139-5#93815711 root@10.111.52.15:/jupiter/circe_input/
DEBUG:transfer.py:transfer successful!
INFO:circe.py:runtime_stat:{"task_name": "circe", "event": "new_input_file", "filename": "score6b_preagg6_4jobth5#11021913-5#26032880-5#01787106-5#50892886", "unix_time": 1620686784.4999127}
INFO:ccdag_utils.py:runtime_stat:{"task_name": "preagg6", "event": "queue_start_process", "filename": "score6b_preagg6_4jobth5#11021913-5#26032880-5#01787106-5#50892886", "unix_time": 1620686785.4140115}
INFO:circe.py:runtime_stat:{"task_name": "circe", "event": "new_input_file", "filename": "score6c_preagg6_4jobth5#11021913-5#26032880-5#01787106-5#50892886", "unix_time": 1620686785.4460554}
INFO:circe.py:runtime_stat:{"task_name": "circe", "event": "new_input_file", "filename": "score6a_preagg6_2jobth5#97301390-5#56882699-5#83035098-5#54572735", "unix_time": 1620686785.475181}
INFO:ccdag_utils.py:runtime_stat:{"task_name": "preagg6", "event": "queue_start_process", "filename": "score6c_preagg6_4jobth5#11021913-5#26032880-5#01787106-5#50892886", "unix_time": 1620686785.488252}
preagg6_lccdec6_4jobthscore6a5#11021913-5#26032880-5#01787106-5#50892886
INFO:circe.py:runtime_stat:{"task_name": "circe", "event": "new_output_file", "filename": "preagg6_lccdec6_4jobthscore6a5#11021913-5#26032880-5#01787106-5#50892886", "unix_time": 1620686785.552527}
DEBUG:transfer.py:sshpass -p PASSWORD scp -P 5000 -o StrictHostKeyChecking=no /jupiter/circe_output/preagg6_lccdec6_4jobthscore6a5#11021913-5#26032880-5#01787106-5#50892886 root@10.111.52.15:/jupiter/circe_input/
INFO:ccdag_utils.py:runtime_stat:{"task_name": "preagg6", "event": "queue_end_process", "filename": "preagg6_lccdec6_4jobthscore6a5#11021913-5#26032880-5#01787106-5#50892886", "unix_time": 1620686785.5571969}
preagg6_lccdec6_4jobthscore6b5#11021913-5#26032880-5#01787106-5#50892886
INFO:ccdag_utils.py:runtime_stat:{"task_name": "preagg6", "event": "queue_end_process", "filename": "preagg6_lccdec6_4jobthscore6b5#11021913-5#26032880-5#01787106-5#50892886", "unix_time": 1620686785.56431}
INFO:ccdag_utils.py:runtime_stat:{"task_name": "preagg6", "event": "queue_start_process", "filename": "score6a_preagg6_2jobth5#97301390-5#56882699-5#83035098-5#54572735", "unix_time": 1620686785.5647936}
DEBUG:transfer.py:transfer successful!
INFO:circe.py:runtime_stat:{"task_name": "circe", "event": "new_output_file", "filename": "preagg6_lccdec6_4jobthscore6b5#11021913-5#26032880-5#01787106-5#50892886", "unix_time": 1620686785.7653868}
DEBUG:transfer.py:sshpass -p PASSWORD scp -P 5000 -o StrictHostKeyChecking=no /jupiter/circe_output/preagg6_lccdec6_4jobthscore6b5#11021913-5#26032880-5#01787106-5#50892886 root@10.111.52.15:/jupiter/circe_input/
DEBUG:transfer.py:transfer successful!
INFO:circe.py:runtime_stat:{"task_name": "circe", "event": "new_input_file", "filename": "score6b_preagg6_5jobth5#24658464-5#81596670-5#98458051-5#67091113", "unix_time": 1620686788.017196}
INFO:ccdag_utils.py:runtime_stat:{"task_name": "preagg6", "event": "queue_start_process", "filename": "score6b_preagg6_5jobth5#24658464-5#81596670-5#98458051-5#67091113", "unix_time": 1620686788.6282465}
INFO:circe.py:runtime_stat:{"task_name": "circe", "event": "new_input_file", "filename": "score6c_preagg6_5jobth5#24658464-5#81596670-5#98458051-5#67091113", "unix_time": 1620686789.0671682}
INFO:ccdag_utils.py:runtime_stat:{"task_name": "preagg6", "event": "queue_start_process", "filename": "score6c_preagg6_5jobth5#24658464-5#81596670-5#98458051-5#67091113", "unix_time": 1620686789.6910264}
preagg6_lccdec6_5jobthscore6a5#24658464-5#81596670-5#98458051-5#67091113
INFO:circe.py:runtime_stat:{"task_name": "circe", "event": "new_output_file", "filename": "preagg6_lccdec6_5jobthscore6a5#24658464-5#81596670-5#98458051-5#67091113", "unix_time": 1620686789.760002}
DEBUG:transfer.py:sshpass -p PASSWORD scp -P 5000 -o StrictHostKeyChecking=no /jupiter/circe_output/preagg6_lccdec6_5jobthscore6a5#24658464-5#81596670-5#98458051-5#67091113 root@10.111.52.15:/jupiter/circe_input/
INFO:ccdag_utils.py:runtime_stat:{"task_name": "preagg6", "event": "queue_end_process", "filename": "preagg6_lccdec6_5jobthscore6a5#24658464-5#81596670-5#98458051-5#67091113", "unix_time": 1620686789.7654262}
preagg6_lccdec6_5jobthscore6b5#24658464-5#81596670-5#98458051-5#67091113
INFO:ccdag_utils.py:runtime_stat:{"task_name": "preagg6", "event": "queue_end_process", "filename": "preagg6_lccdec6_5jobthscore6b5#24658464-5#81596670-5#98458051-5#67091113", "unix_time": 1620686789.7730377}
DEBUG:transfer.py:transfer successful!
INFO:circe.py:runtime_stat:{"task_name": "circe", "event": "new_output_file", "filename": "preagg6_lccdec6_5jobthscore6b5#24658464-5#81596670-5#98458051-5#67091113", "unix_time": 1620686789.97164}
DEBUG:transfer.py:sshpass -p PASSWORD scp -P 5000 -o StrictHostKeyChecking=no /jupiter/circe_output/preagg6_lccdec6_5jobthscore6b5#24658464-5#81596670-5#98458051-5#67091113 root@10.111.52.15:/jupiter/circe_input/
DEBUG:transfer.py:transfer successful!
INFO:circe.py:runtime_stat:{"task_name": "circe", "event": "new_input_file", "filename": "score6b_preagg6_6jobth5#31363251-5#67209781-5#91145176-5#63314509", "unix_time": 1620686796.5438242}
INFO:ccdag_utils.py:runtime_stat:{"task_name": "preagg6", "event": "queue_start_process", "filename": "score6b_preagg6_6jobth5#31363251-5#67209781-5#91145176-5#63314509", "unix_time": 1620686796.7816277}
INFO:circe.py:runtime_stat:{"task_name": "circe", "event": "new_input_file", "filename": "score6a_preagg6_3jobth5#97311691-5#13382439-5#96546139-5#93815711", "unix_time": 1620686796.9749172}
INFO:circe.py:runtime_stat:{"task_name": "circe", "event": "new_input_file", "filename": "score6c_preagg6_6jobth5#31363251-5#67209781-5#91145176-5#63314509", "unix_time": 1620686797.564936}
INFO:ccdag_utils.py:runtime_stat:{"task_name": "preagg6", "event": "queue_start_process", "filename": "score6a_preagg6_3jobth5#97311691-5#13382439-5#96546139-5#93815711", "unix_time": 1620686797.8446078}
INFO:ccdag_utils.py:runtime_stat:{"task_name": "preagg6", "event": "queue_start_process", "filename": "score6c_preagg6_6jobth5#31363251-5#67209781-5#91145176-5#63314509", "unix_time": 1620686797.915374}
preagg6_lccdec6_6jobthscore6a5#31363251-5#67209781-5#91145176-5#63314509
INFO:circe.py:runtime_stat:{"task_name": "circe", "event": "new_output_file", "filename": "preagg6_lccdec6_6jobthscore6a5#31363251-5#67209781-5#91145176-5#63314509", "unix_time": 1620686797.9812646}
DEBUG:transfer.py:sshpass -p PASSWORD scp -P 5000 -o StrictHostKeyChecking=no /jupiter/circe_output/preagg6_lccdec6_6jobthscore6a5#31363251-5#67209781-5#91145176-5#63314509 root@10.111.52.15:/jupiter/circe_input/
INFO:ccdag_utils.py:runtime_stat:{"task_name": "preagg6", "event": "queue_end_process", "filename": "preagg6_lccdec6_6jobthscore6a5#31363251-5#67209781-5#91145176-5#63314509", "unix_time": 1620686797.986805}
preagg6_lccdec6_6jobthscore6b5#31363251-5#67209781-5#91145176-5#63314509
INFO:ccdag_utils.py:runtime_stat:{"task_name": "preagg6", "event": "queue_end_process", "filename": "preagg6_lccdec6_6jobthscore6b5#31363251-5#67209781-5#91145176-5#63314509", "unix_time": 1620686797.9939415}
DEBUG:transfer.py:transfer successful!
INFO:circe.py:runtime_stat:{"task_name": "circe", "event": "new_output_file", "filename": "preagg6_lccdec6_6jobthscore6b5#31363251-5#67209781-5#91145176-5#63314509", "unix_time": 1620686798.203358}
DEBUG:transfer.py:sshpass -p PASSWORD scp -P 5000 -o StrictHostKeyChecking=no /jupiter/circe_output/preagg6_lccdec6_6jobthscore6b5#31363251-5#67209781-5#91145176-5#63314509 root@10.111.52.15:/jupiter/circe_input/
DEBUG:transfer.py:transfer successful!
INFO:circe.py:runtime_stat:{"task_name": "circe", "event": "new_input_file", "filename": "score6b_preagg6_7jobth5#06497025-5#72744901-5#51048629-5#20439544", "unix_time": 1620686800.038804}
INFO:circe.py:runtime_stat:{"task_name": "circe", "event": "new_input_file", "filename": "score6c_preagg6_7jobth5#06497025-5#72744901-5#51048629-5#20439544", "unix_time": 1620686800.076466}
INFO:ccdag_utils.py:runtime_stat:{"task_name": "preagg6", "event": "queue_start_process", "filename": "score6b_preagg6_7jobth5#06497025-5#72744901-5#51048629-5#20439544", "unix_time": 1620686800.9973364}
INFO:ccdag_utils.py:runtime_stat:{"task_name": "preagg6", "event": "queue_start_process", "filename": "score6c_preagg6_7jobth5#06497025-5#72744901-5#51048629-5#20439544", "unix_time": 1620686801.066375}
preagg6_lccdec6_7jobthscore6a5#06497025-5#72744901-5#51048629-5#20439544
INFO:circe.py:runtime_stat:{"task_name": "circe", "event": "new_output_file", "filename": "preagg6_lccdec6_7jobthscore6a5#06497025-5#72744901-5#51048629-5#20439544", "unix_time": 1620686801.130677}
DEBUG:transfer.py:sshpass -p PASSWORD scp -P 5000 -o StrictHostKeyChecking=no /jupiter/circe_output/preagg6_lccdec6_7jobthscore6a5#06497025-5#72744901-5#51048629-5#20439544 root@10.111.52.15:/jupiter/circe_input/
INFO:ccdag_utils.py:runtime_stat:{"task_name": "preagg6", "event": "queue_end_process", "filename": "preagg6_lccdec6_7jobthscore6a5#06497025-5#72744901-5#51048629-5#20439544", "unix_time": 1620686801.1355515}
preagg6_lccdec6_7jobthscore6b5#06497025-5#72744901-5#51048629-5#20439544
INFO:ccdag_utils.py:runtime_stat:{"task_name": "preagg6", "event": "queue_end_process", "filename": "preagg6_lccdec6_7jobthscore6b5#06497025-5#72744901-5#51048629-5#20439544", "unix_time": 1620686801.1427343}
DEBUG:transfer.py:transfer successful!
INFO:circe.py:runtime_stat:{"task_name": "circe", "event": "new_output_file", "filename": "preagg6_lccdec6_7jobthscore6b5#06497025-5#72744901-5#51048629-5#20439544", "unix_time": 1620686801.351697}
DEBUG:transfer.py:sshpass -p PASSWORD scp -P 5000 -o StrictHostKeyChecking=no /jupiter/circe_output/preagg6_lccdec6_7jobthscore6b5#06497025-5#72744901-5#51048629-5#20439544 root@10.111.52.15:/jupiter/circe_input/
DEBUG:transfer.py:transfer successful!
INFO:circe.py:runtime_stat:{"task_name": "circe", "event": "new_input_file", "filename": "score6b_preagg6_8jobth5#44328469-5#89686725-5#77706180-5#39782006", "unix_time": 1620686807.5539718}
INFO:ccdag_utils.py:runtime_stat:{"task_name": "preagg6", "event": "queue_start_process", "filename": "score6b_preagg6_8jobth5#44328469-5#89686725-5#77706180-5#39782006", "unix_time": 1620686808.1501038}
INFO:circe.py:runtime_stat:{"task_name": "circe", "event": "new_input_file", "filename": "score6a_preagg6_4jobth5#11021913-5#26032880-5#01787106-5#50892886", "unix_time": 1620686808.553561}
INFO:circe.py:runtime_stat:{"task_name": "circe", "event": "new_input_file", "filename": "score6c_preagg6_8jobth5#44328469-5#89686725-5#77706180-5#39782006", "unix_time": 1620686808.5620801}
INFO:ccdag_utils.py:runtime_stat:{"task_name": "preagg6", "event": "queue_start_process", "filename": "score6a_preagg6_4jobth5#11021913-5#26032880-5#01787106-5#50892886", "unix_time": 1620686809.216979}
INFO:ccdag_utils.py:runtime_stat:{"task_name": "preagg6", "event": "queue_start_process", "filename": "score6c_preagg6_8jobth5#44328469-5#89686725-5#77706180-5#39782006", "unix_time": 1620686809.2758555}
preagg6_lccdec6_8jobthscore6a5#44328469-5#89686725-5#77706180-5#39782006
INFO:circe.py:runtime_stat:{"task_name": "circe", "event": "new_output_file", "filename": "preagg6_lccdec6_8jobthscore6a5#44328469-5#89686725-5#77706180-5#39782006", "unix_time": 1620686809.337648}
DEBUG:transfer.py:sshpass -p PASSWORD scp -P 5000 -o StrictHostKeyChecking=no /jupiter/circe_output/preagg6_lccdec6_8jobthscore6a5#44328469-5#89686725-5#77706180-5#39782006 root@10.111.52.15:/jupiter/circe_input/
INFO:ccdag_utils.py:runtime_stat:{"task_name": "preagg6", "event": "queue_end_process", "filename": "preagg6_lccdec6_8jobthscore6a5#44328469-5#89686725-5#77706180-5#39782006", "unix_time": 1620686809.3432696}
preagg6_lccdec6_8jobthscore6b5#44328469-5#89686725-5#77706180-5#39782006
INFO:ccdag_utils.py:runtime_stat:{"task_name": "preagg6", "event": "queue_end_process", "filename": "preagg6_lccdec6_8jobthscore6b5#44328469-5#89686725-5#77706180-5#39782006", "unix_time": 1620686809.3483405}
DEBUG:transfer.py:transfer successful!
INFO:circe.py:runtime_stat:{"task_name": "circe", "event": "new_output_file", "filename": "preagg6_lccdec6_8jobthscore6b5#44328469-5#89686725-5#77706180-5#39782006", "unix_time": 1620686809.5484462}
DEBUG:transfer.py:sshpass -p PASSWORD scp -P 5000 -o StrictHostKeyChecking=no /jupiter/circe_output/preagg6_lccdec6_8jobthscore6b5#44328469-5#89686725-5#77706180-5#39782006 root@10.111.52.15:/jupiter/circe_input/
DEBUG:transfer.py:transfer successful!
INFO:circe.py:runtime_stat:{"task_name": "circe", "event": "new_input_file", "filename": "score6b_preagg6_9jobth5#03400529-5#19878122-5#13852414-5#07310190", "unix_time": 1620686811.024836}
INFO:ccdag_utils.py:runtime_stat:{"task_name": "preagg6", "event": "queue_start_process", "filename": "score6b_preagg6_9jobth5#03400529-5#19878122-5#13852414-5#07310190", "unix_time": 1620686811.3509548}
INFO:circe.py:runtime_stat:{"task_name": "circe", "event": "new_input_file", "filename": "score6c_preagg6_9jobth5#03400529-5#19878122-5#13852414-5#07310190", "unix_time": 1620686812.0452025}
INFO:ccdag_utils.py:runtime_stat:{"task_name": "preagg6", "event": "queue_start_process", "filename": "score6c_preagg6_9jobth5#03400529-5#19878122-5#13852414-5#07310190", "unix_time": 1620686812.4129796}
preagg6_lccdec6_9jobthscore6a5#03400529-5#19878122-5#13852414-5#07310190
INFO:circe.py:runtime_stat:{"task_name": "circe", "event": "new_output_file", "filename": "preagg6_lccdec6_9jobthscore6a5#03400529-5#19878122-5#13852414-5#07310190", "unix_time": 1620686812.4847958}
DEBUG:transfer.py:sshpass -p PASSWORD scp -P 5000 -o StrictHostKeyChecking=no /jupiter/circe_output/preagg6_lccdec6_9jobthscore6a5#03400529-5#19878122-5#13852414-5#07310190 root@10.111.52.15:/jupiter/circe_input/
INFO:ccdag_utils.py:runtime_stat:{"task_name": "preagg6", "event": "queue_end_process", "filename": "preagg6_lccdec6_9jobthscore6a5#03400529-5#19878122-5#13852414-5#07310190", "unix_time": 1620686812.4901142}
preagg6_lccdec6_9jobthscore6b5#03400529-5#19878122-5#13852414-5#07310190
INFO:ccdag_utils.py:runtime_stat:{"task_name": "preagg6", "event": "queue_end_process", "filename": "preagg6_lccdec6_9jobthscore6b5#03400529-5#19878122-5#13852414-5#07310190", "unix_time": 1620686812.4971113}
DEBUG:transfer.py:transfer successful!
INFO:circe.py:runtime_stat:{"task_name": "circe", "event": "new_output_file", "filename": "preagg6_lccdec6_9jobthscore6b5#03400529-5#19878122-5#13852414-5#07310190", "unix_time": 1620686812.7135391}
DEBUG:transfer.py:sshpass -p PASSWORD scp -P 5000 -o StrictHostKeyChecking=no /jupiter/circe_output/preagg6_lccdec6_9jobthscore6b5#03400529-5#19878122-5#13852414-5#07310190 root@10.111.52.15:/jupiter/circe_input/
DEBUG:transfer.py:transfer successful!
INFO:circe.py:runtime_stat:{"task_name": "circe", "event": "new_input_file", "filename": "score6b_preagg6_10jobth5#39493753-5#01867801-5#78115487-5#76835702", "unix_time": 1620686817.5805607}
INFO:ccdag_utils.py:runtime_stat:{"task_name": "preagg6", "event": "queue_start_process", "filename": "score6b_preagg6_10jobth5#39493753-5#01867801-5#78115487-5#76835702", "unix_time": 1620686818.5044632}
INFO:circe.py:runtime_stat:{"task_name": "circe", "event": "new_input_file", "filename": "score6c_preagg6_10jobth5#39493753-5#01867801-5#78115487-5#76835702", "unix_time": 1620686818.566621}
INFO:ccdag_utils.py:runtime_stat:{"task_name": "preagg6", "event": "queue_start_process", "filename": "score6c_preagg6_10jobth5#39493753-5#01867801-5#78115487-5#76835702", "unix_time": 1620686819.5675025}
preagg6_lccdec6_10jobthscore6a5#39493753-5#01867801-5#78115487-5#76835702
INFO:circe.py:runtime_stat:{"task_name": "circe", "event": "new_output_file", "filename": "preagg6_lccdec6_10jobthscore6a5#39493753-5#01867801-5#78115487-5#76835702", "unix_time": 1620686819.6395001}
DEBUG:transfer.py:sshpass -p PASSWORD scp -P 5000 -o StrictHostKeyChecking=no /jupiter/circe_output/preagg6_lccdec6_10jobthscore6a5#39493753-5#01867801-5#78115487-5#76835702 root@10.111.52.15:/jupiter/circe_input/
INFO:ccdag_utils.py:runtime_stat:{"task_name": "preagg6", "event": "queue_end_process", "filename": "preagg6_lccdec6_10jobthscore6a5#39493753-5#01867801-5#78115487-5#76835702", "unix_time": 1620686819.6465285}
preagg6_lccdec6_10jobthscore6b5#39493753-5#01867801-5#78115487-5#76835702
INFO:ccdag_utils.py:runtime_stat:{"task_name": "preagg6", "event": "queue_end_process", "filename": "preagg6_lccdec6_10jobthscore6b5#39493753-5#01867801-5#78115487-5#76835702", "unix_time": 1620686819.6527731}
DEBUG:transfer.py:transfer successful!
INFO:circe.py:runtime_stat:{"task_name": "circe", "event": "new_output_file", "filename": "preagg6_lccdec6_10jobthscore6b5#39493753-5#01867801-5#78115487-5#76835702", "unix_time": 1620686819.8492286}
DEBUG:transfer.py:sshpass -p PASSWORD scp -P 5000 -o StrictHostKeyChecking=no /jupiter/circe_output/preagg6_lccdec6_10jobthscore6b5#39493753-5#01867801-5#78115487-5#76835702 root@10.111.52.15:/jupiter/circe_input/
INFO:circe.py:runtime_stat:{"task_name": "circe", "event": "new_input_file", "filename": "score6a_preagg6_5jobth5#24658464-5#81596670-5#98458051-5#67091113", "unix_time": 1620686820.0502717}
DEBUG:transfer.py:transfer successful!
INFO:circe.py:runtime_stat:{"task_name": "circe", "event": "new_input_file", "filename": "score6b_preagg6_11jobth5#70410771-5#81269923-5#00007355-5#66603672", "unix_time": 1620686820.0813046}
INFO:ccdag_utils.py:runtime_stat:{"task_name": "preagg6", "event": "queue_start_process", "filename": "score6a_preagg6_5jobth5#24658464-5#81596670-5#98458051-5#67091113", "unix_time": 1620686820.6544366}
INFO:ccdag_utils.py:runtime_stat:{"task_name": "preagg6", "event": "queue_start_process", "filename": "score6b_preagg6_11jobth5#70410771-5#81269923-5#00007355-5#66603672", "unix_time": 1620686820.7205772}
INFO:circe.py:runtime_stat:{"task_name": "circe", "event": "new_input_file", "filename": "score6c_preagg6_11jobth5#70410771-5#81269923-5#00007355-5#66603672", "unix_time": 1620686821.0849411}
INFO:ccdag_utils.py:runtime_stat:{"task_name": "preagg6", "event": "queue_start_process", "filename": "score6c_preagg6_11jobth5#70410771-5#81269923-5#00007355-5#66603672", "unix_time": 1620686821.781176}
preagg6_lccdec6_11jobthscore6a5#70410771-5#81269923-5#00007355-5#66603672
INFO:circe.py:runtime_stat:{"task_name": "circe", "event": "new_output_file", "filename": "preagg6_lccdec6_11jobthscore6a5#70410771-5#81269923-5#00007355-5#66603672", "unix_time": 1620686821.8558526}
DEBUG:transfer.py:sshpass -p PASSWORD scp -P 5000 -o StrictHostKeyChecking=no /jupiter/circe_output/preagg6_lccdec6_11jobthscore6a5#70410771-5#81269923-5#00007355-5#66603672 root@10.111.52.15:/jupiter/circe_input/
INFO:ccdag_utils.py:runtime_stat:{"task_name": "preagg6", "event": "queue_end_process", "filename": "preagg6_lccdec6_11jobthscore6a5#70410771-5#81269923-5#00007355-5#66603672", "unix_time": 1620686821.8614488}
preagg6_lccdec6_11jobthscore6b5#70410771-5#81269923-5#00007355-5#66603672
INFO:ccdag_utils.py:runtime_stat:{"task_name": "preagg6", "event": "queue_end_process", "filename": "preagg6_lccdec6_11jobthscore6b5#70410771-5#81269923-5#00007355-5#66603672", "unix_time": 1620686821.8685713}
DEBUG:transfer.py:transfer successful!
INFO:circe.py:runtime_stat:{"task_name": "circe", "event": "new_output_file", "filename": "preagg6_lccdec6_11jobthscore6b5#70410771-5#81269923-5#00007355-5#66603672", "unix_time": 1620686822.075586}
DEBUG:transfer.py:sshpass -p PASSWORD scp -P 5000 -o StrictHostKeyChecking=no /jupiter/circe_output/preagg6_lccdec6_11jobthscore6b5#70410771-5#81269923-5#00007355-5#66603672 root@10.111.52.15:/jupiter/circe_input/
DEBUG:transfer.py:transfer successful!
INFO:circe.py:runtime_stat:{"task_name": "circe", "event": "new_input_file", "filename": "score6a_preagg6_6jobth5#31363251-5#67209781-5#91145176-5#63314509", "unix_time": 1620686831.5823374}
INFO:ccdag_utils.py:runtime_stat:{"task_name": "preagg6", "event": "queue_start_process", "filename": "score6a_preagg6_6jobth5#31363251-5#67209781-5#91145176-5#63314509", "unix_time": 1620686831.877141}
INFO:circe.py:runtime_stat:{"task_name": "circe", "event": "new_input_file", "filename": "score6a_preagg6_7jobth5#06497025-5#72744901-5#51048629-5#20439544", "unix_time": 1620686843.166692}
INFO:ccdag_utils.py:runtime_stat:{"task_name": "preagg6", "event": "queue_start_process", "filename": "score6a_preagg6_7jobth5#06497025-5#72744901-5#51048629-5#20439544", "unix_time": 1620686843.9663265}
INFO:circe.py:runtime_stat:{"task_name": "circe", "event": "new_input_file", "filename": "score6a_preagg6_8jobth5#44328469-5#89686725-5#77706180-5#39782006", "unix_time": 1620686854.6317694}
INFO:ccdag_utils.py:runtime_stat:{"task_name": "preagg6", "event": "queue_start_process", "filename": "score6a_preagg6_8jobth5#44328469-5#89686725-5#77706180-5#39782006", "unix_time": 1620686855.0379872}
INFO:circe.py:runtime_stat:{"task_name": "circe", "event": "new_input_file", "filename": "score6a_preagg6_9jobth5#03400529-5#19878122-5#13852414-5#07310190", "unix_time": 1620686868.498908}
INFO:ccdag_utils.py:runtime_stat:{"task_name": "preagg6", "event": "queue_start_process", "filename": "score6a_preagg6_9jobth5#03400529-5#19878122-5#13852414-5#07310190", "unix_time": 1620686869.114007}
INFO:circe.py:runtime_stat:{"task_name": "circe", "event": "new_input_file", "filename": "score6a_preagg6_10jobth5#39493753-5#01867801-5#78115487-5#76835702", "unix_time": 1620686880.0261452}
INFO:ccdag_utils.py:runtime_stat:{"task_name": "preagg6", "event": "queue_start_process", "filename": "score6a_preagg6_10jobth5#39493753-5#01867801-5#78115487-5#76835702", "unix_time": 1620686880.1813762}
INFO:circe.py:runtime_stat:{"task_name": "circe", "event": "new_input_file", "filename": "score6a_preagg6_11jobth5#70410771-5#81269923-5#00007355-5#66603672", "unix_time": 1620686891.4796948}
INFO:ccdag_utils.py:runtime_stat:{"task_name": "preagg6", "event": "queue_start_process", "filename": "score6a_preagg6_11jobth5#70410771-5#81269923-5#00007355-5#66603672", "unix_time": 1620686892.2591238}
