 * Starting OpenBSD Secure Shell server sshd
   ...done.
INFO:circe.py:Using base script score.py
DEBUG:circe.py:starting the input monitoring process
DEBUG:circe.py:starting the output monitoring process
INFO:circe.py:runtime_stat:{"task_name": "circe", "event": "new_input_file", "filename": "lccenc7_score7b_6#17982385-6#74363728-6#17252413-6#06877480jobid1.csv", "unix_time": 1620683104.7971344}
INFO:ccdag_utils.py:runtime_stat:{"task_name": "score7b", "event": "queue_start_process", "filename": "lccenc7_score7b_6#17982385-6#74363728-6#17252413-6#06877480jobid1.csv", "unix_time": 1620683105.0111046}
['leopard21.JPEG', 'leopard22.JPEG', 'leopard23.JPEG', 'leopard24.JPEG', 'leopard25.JPEG', 'leopard26.JPEG', 'leopard27.JPEG', 'leopard28.JPEG', 'leopard29.JPEG', 'leopard30.JPEG']
INFO:circe.py:runtime_stat:{"task_name": "circe", "event": "new_output_file", "filename": "score7b_preagg7_1jobth6#17982385-6#74363728-6#17252413-6#06877480", "unix_time": 1620683106.6355474}
DEBUG:transfer.py:sshpass -p PASSWORD scp -P 5000 -o StrictHostKeyChecking=no /jupiter/circe_output/score7b_preagg7_1jobth6#17982385-6#74363728-6#17252413-6#06877480 root@10.107.95.32:/jupiter/circe_input/
INFO:ccdag_utils.py:runtime_stat:{"task_name": "score7b", "event": "queue_end_process", "filename": "score7b_preagg7_1jobth6#17982385-6#74363728-6#17252413-6#06877480", "unix_time": 1620683106.6434934}
Warning: Permanently added '[10.107.95.32]:5000' (ECDSA) to the list of known hosts.
DEBUG:transfer.py:transfer successful!
INFO:circe.py:runtime_stat:{"task_name": "circe", "event": "new_input_file", "filename": "lccenc7_score7b_6#17106369-6#68957597-6#20617966-6#89490850jobid2.csv", "unix_time": 1620683114.9738915}
INFO:ccdag_utils.py:runtime_stat:{"task_name": "score7b", "event": "queue_start_process", "filename": "lccenc7_score7b_6#17106369-6#68957597-6#20617966-6#89490850jobid2.csv", "unix_time": 1620683115.65472}
['leopard21.JPEG', 'leopard22.JPEG', 'leopard23.JPEG', 'leopard24.JPEG', 'leopard25.JPEG', 'leopard26.JPEG', 'leopard27.JPEG', 'leopard28.JPEG', 'leopard29.JPEG', 'leopard30.JPEG']
INFO:circe.py:runtime_stat:{"task_name": "circe", "event": "new_output_file", "filename": "score7b_preagg7_2jobth6#17106369-6#68957597-6#20617966-6#89490850", "unix_time": 1620683117.1283424}
DEBUG:transfer.py:sshpass -p PASSWORD scp -P 5000 -o StrictHostKeyChecking=no /jupiter/circe_output/score7b_preagg7_2jobth6#17106369-6#68957597-6#20617966-6#89490850 root@10.107.95.32:/jupiter/circe_input/
INFO:ccdag_utils.py:runtime_stat:{"task_name": "score7b", "event": "queue_end_process", "filename": "score7b_preagg7_2jobth6#17106369-6#68957597-6#20617966-6#89490850", "unix_time": 1620683117.1348188}
DEBUG:transfer.py:transfer successful!
INFO:circe.py:runtime_stat:{"task_name": "circe", "event": "new_input_file", "filename": "lccenc7_score7b_6#77105398-6#66376661-6#06559041-6#16211126jobid3.csv", "unix_time": 1620683126.2561567}
INFO:ccdag_utils.py:runtime_stat:{"task_name": "score7b", "event": "queue_start_process", "filename": "lccenc7_score7b_6#77105398-6#66376661-6#06559041-6#16211126jobid3.csv", "unix_time": 1620683127.1460335}
['leopard21.JPEG', 'leopard22.JPEG', 'leopard23.JPEG', 'leopard24.JPEG', 'leopard25.JPEG', 'leopard26.JPEG', 'leopard27.JPEG', 'leopard28.JPEG', 'leopard29.JPEG', 'leopard30.JPEG']
INFO:circe.py:runtime_stat:{"task_name": "circe", "event": "new_output_file", "filename": "score7b_preagg7_3jobth6#77105398-6#66376661-6#06559041-6#16211126", "unix_time": 1620683128.6323884}
DEBUG:transfer.py:sshpass -p PASSWORD scp -P 5000 -o StrictHostKeyChecking=no /jupiter/circe_output/score7b_preagg7_3jobth6#77105398-6#66376661-6#06559041-6#16211126 root@10.107.95.32:/jupiter/circe_input/
INFO:ccdag_utils.py:runtime_stat:{"task_name": "score7b", "event": "queue_end_process", "filename": "score7b_preagg7_3jobth6#77105398-6#66376661-6#06559041-6#16211126", "unix_time": 1620683128.6387715}
DEBUG:transfer.py:transfer successful!
INFO:circe.py:runtime_stat:{"task_name": "circe", "event": "new_input_file", "filename": "lccenc7_score7b_6#39957931-6#16854034-6#38589687-6#70700052jobid4.csv", "unix_time": 1620683137.4808183}
INFO:ccdag_utils.py:runtime_stat:{"task_name": "score7b", "event": "queue_start_process", "filename": "lccenc7_score7b_6#39957931-6#16854034-6#38589687-6#70700052jobid4.csv", "unix_time": 1620683137.6504428}
['leopard21.JPEG', 'leopard22.JPEG', 'leopard23.JPEG', 'leopard24.JPEG', 'leopard25.JPEG', 'leopard26.JPEG', 'leopard27.JPEG', 'leopard28.JPEG', 'leopard29.JPEG', 'leopard30.JPEG']
INFO:circe.py:runtime_stat:{"task_name": "circe", "event": "new_output_file", "filename": "score7b_preagg7_4jobth6#39957931-6#16854034-6#38589687-6#70700052", "unix_time": 1620683139.1602583}
DEBUG:transfer.py:sshpass -p PASSWORD scp -P 5000 -o StrictHostKeyChecking=no /jupiter/circe_output/score7b_preagg7_4jobth6#39957931-6#16854034-6#38589687-6#70700052 root@10.107.95.32:/jupiter/circe_input/
INFO:ccdag_utils.py:runtime_stat:{"task_name": "score7b", "event": "queue_end_process", "filename": "score7b_preagg7_4jobth6#39957931-6#16854034-6#38589687-6#70700052", "unix_time": 1620683139.1616087}
DEBUG:transfer.py:transfer successful!
INFO:circe.py:runtime_stat:{"task_name": "circe", "event": "new_input_file", "filename": "lccenc7_score7b_6#87614581-6#76444692-6#67296596-6#45187533jobid5.csv", "unix_time": 1620683148.5898461}
INFO:ccdag_utils.py:runtime_stat:{"task_name": "score7b", "event": "queue_start_process", "filename": "lccenc7_score7b_6#87614581-6#76444692-6#67296596-6#45187533jobid5.csv", "unix_time": 1620683149.173196}
['leopard21.JPEG', 'leopard22.JPEG', 'leopard23.JPEG', 'leopard24.JPEG', 'leopard25.JPEG', 'leopard26.JPEG', 'leopard27.JPEG', 'leopard28.JPEG', 'leopard29.JPEG', 'leopard30.JPEG']
INFO:circe.py:runtime_stat:{"task_name": "circe", "event": "new_output_file", "filename": "score7b_preagg7_5jobth6#87614581-6#76444692-6#67296596-6#45187533", "unix_time": 1620683150.6655016}
DEBUG:transfer.py:sshpass -p PASSWORD scp -P 5000 -o StrictHostKeyChecking=no /jupiter/circe_output/score7b_preagg7_5jobth6#87614581-6#76444692-6#67296596-6#45187533 root@10.107.95.32:/jupiter/circe_input/
INFO:ccdag_utils.py:runtime_stat:{"task_name": "score7b", "event": "queue_end_process", "filename": "score7b_preagg7_5jobth6#87614581-6#76444692-6#67296596-6#45187533", "unix_time": 1620683150.6667528}
DEBUG:transfer.py:transfer successful!
INFO:circe.py:runtime_stat:{"task_name": "circe", "event": "new_input_file", "filename": "lccenc7_score7b_6#70930278-6#17347254-6#93908134-6#62268002jobid6.csv", "unix_time": 1620683201.7300577}
INFO:ccdag_utils.py:runtime_stat:{"task_name": "score7b", "event": "queue_start_process", "filename": "lccenc7_score7b_6#70930278-6#17347254-6#93908134-6#62268002jobid6.csv", "unix_time": 1620683202.727272}
['leopard21.JPEG', 'leopard22.JPEG', 'leopard23.JPEG', 'leopard24.JPEG', 'leopard25.JPEG', 'leopard26.JPEG', 'leopard27.JPEG', 'leopard28.JPEG', 'leopard29.JPEG', 'leopard30.JPEG']
INFO:circe.py:runtime_stat:{"task_name": "circe", "event": "new_output_file", "filename": "score7b_preagg7_6jobth6#70930278-6#17347254-6#93908134-6#62268002", "unix_time": 1620683204.2047167}
DEBUG:transfer.py:sshpass -p PASSWORD scp -P 5000 -o StrictHostKeyChecking=no /jupiter/circe_output/score7b_preagg7_6jobth6#70930278-6#17347254-6#93908134-6#62268002 root@10.107.95.32:/jupiter/circe_input/
INFO:ccdag_utils.py:runtime_stat:{"task_name": "score7b", "event": "queue_end_process", "filename": "score7b_preagg7_6jobth6#70930278-6#17347254-6#93908134-6#62268002", "unix_time": 1620683204.2133658}
DEBUG:transfer.py:transfer successful!
INFO:circe.py:runtime_stat:{"task_name": "circe", "event": "new_input_file", "filename": "lccenc7_score7b_6#47962138-6#57130073-6#44109920-6#67730253jobid7.csv", "unix_time": 1620683212.8899853}
INFO:ccdag_utils.py:runtime_stat:{"task_name": "score7b", "event": "queue_start_process", "filename": "lccenc7_score7b_6#47962138-6#57130073-6#44109920-6#67730253jobid7.csv", "unix_time": 1620683213.2249055}
['leopard21.JPEG', 'leopard22.JPEG', 'leopard23.JPEG', 'leopard24.JPEG', 'leopard25.JPEG', 'leopard26.JPEG', 'leopard27.JPEG', 'leopard28.JPEG', 'leopard29.JPEG', 'leopard30.JPEG']
INFO:circe.py:runtime_stat:{"task_name": "circe", "event": "new_output_file", "filename": "score7b_preagg7_7jobth6#47962138-6#57130073-6#44109920-6#67730253", "unix_time": 1620683214.7093508}
DEBUG:transfer.py:sshpass -p PASSWORD scp -P 5000 -o StrictHostKeyChecking=no /jupiter/circe_output/score7b_preagg7_7jobth6#47962138-6#57130073-6#44109920-6#67730253 root@10.107.95.32:/jupiter/circe_input/
INFO:ccdag_utils.py:runtime_stat:{"task_name": "score7b", "event": "queue_end_process", "filename": "score7b_preagg7_7jobth6#47962138-6#57130073-6#44109920-6#67730253", "unix_time": 1620683214.717387}
DEBUG:transfer.py:transfer successful!
INFO:circe.py:runtime_stat:{"task_name": "circe", "event": "new_input_file", "filename": "lccenc7_score7b_6#21109933-6#96607454-6#81952710-6#26137847jobid8.csv", "unix_time": 1620683228.2322202}
INFO:ccdag_utils.py:runtime_stat:{"task_name": "score7b", "event": "queue_start_process", "filename": "lccenc7_score7b_6#21109933-6#96607454-6#81952710-6#26137847jobid8.csv", "unix_time": 1620683228.7366872}
['leopard21.JPEG', 'leopard22.JPEG', 'leopard23.JPEG', 'leopard24.JPEG', 'leopard25.JPEG', 'leopard26.JPEG', 'leopard27.JPEG', 'leopard28.JPEG', 'leopard29.JPEG', 'leopard30.JPEG']
INFO:circe.py:runtime_stat:{"task_name": "circe", "event": "new_output_file", "filename": "score7b_preagg7_8jobth6#21109933-6#96607454-6#81952710-6#26137847", "unix_time": 1620683230.2287014}
DEBUG:transfer.py:sshpass -p PASSWORD scp -P 5000 -o StrictHostKeyChecking=no /jupiter/circe_output/score7b_preagg7_8jobth6#21109933-6#96607454-6#81952710-6#26137847 root@10.107.95.32:/jupiter/circe_input/
INFO:ccdag_utils.py:runtime_stat:{"task_name": "score7b", "event": "queue_end_process", "filename": "score7b_preagg7_8jobth6#21109933-6#96607454-6#81952710-6#26137847", "unix_time": 1620683230.23894}
DEBUG:transfer.py:transfer successful!
INFO:circe.py:runtime_stat:{"task_name": "circe", "event": "new_input_file", "filename": "lccenc7_score7b_6#48536597-6#68679454-6#03892140-6#13034172jobid9.csv", "unix_time": 1620683250.1816828}
INFO:ccdag_utils.py:runtime_stat:{"task_name": "score7b", "event": "queue_start_process", "filename": "lccenc7_score7b_6#48536597-6#68679454-6#03892140-6#13034172jobid9.csv", "unix_time": 1620683250.2610202}
['leopard21.JPEG', 'leopard22.JPEG', 'leopard23.JPEG', 'leopard24.JPEG', 'leopard25.JPEG', 'leopard26.JPEG', 'leopard27.JPEG', 'leopard28.JPEG', 'leopard29.JPEG', 'leopard30.JPEG']
INFO:circe.py:runtime_stat:{"task_name": "circe", "event": "new_output_file", "filename": "score7b_preagg7_9jobth6#48536597-6#68679454-6#03892140-6#13034172", "unix_time": 1620683251.787495}
DEBUG:transfer.py:sshpass -p PASSWORD scp -P 5000 -o StrictHostKeyChecking=no /jupiter/circe_output/score7b_preagg7_9jobth6#48536597-6#68679454-6#03892140-6#13034172 root@10.107.95.32:/jupiter/circe_input/
INFO:ccdag_utils.py:runtime_stat:{"task_name": "score7b", "event": "queue_end_process", "filename": "score7b_preagg7_9jobth6#48536597-6#68679454-6#03892140-6#13034172", "unix_time": 1620683251.7962775}
DEBUG:transfer.py:transfer successful!
INFO:circe.py:runtime_stat:{"task_name": "circe", "event": "new_input_file", "filename": "lccenc7_score7b_6#04799273-6#23139356-6#82819616-6#73174349jobid10.csv", "unix_time": 1620683271.1051128}
INFO:ccdag_utils.py:runtime_stat:{"task_name": "score7b", "event": "queue_start_process", "filename": "lccenc7_score7b_6#04799273-6#23139356-6#82819616-6#73174349jobid10.csv", "unix_time": 1620683271.8195367}
['leopard21.JPEG', 'leopard22.JPEG', 'leopard23.JPEG', 'leopard24.JPEG', 'leopard25.JPEG', 'leopard26.JPEG', 'leopard27.JPEG', 'leopard28.JPEG', 'leopard29.JPEG', 'leopard30.JPEG']
INFO:circe.py:runtime_stat:{"task_name": "circe", "event": "new_output_file", "filename": "score7b_preagg7_10jobth6#04799273-6#23139356-6#82819616-6#73174349", "unix_time": 1620683273.3106577}
DEBUG:transfer.py:sshpass -p PASSWORD scp -P 5000 -o StrictHostKeyChecking=no /jupiter/circe_output/score7b_preagg7_10jobth6#04799273-6#23139356-6#82819616-6#73174349 root@10.107.95.32:/jupiter/circe_input/
INFO:ccdag_utils.py:runtime_stat:{"task_name": "score7b", "event": "queue_end_process", "filename": "score7b_preagg7_10jobth6#04799273-6#23139356-6#82819616-6#73174349", "unix_time": 1620683273.3118021}
DEBUG:transfer.py:transfer successful!
