 * Starting OpenBSD Secure Shell server sshd
   ...done.
INFO:circe.py:Using base script storeclass.py
DEBUG:circe.py:starting the input monitoring process
DEBUG:circe.py:starting the output monitoring process
INFO:circe.py:runtime_stat:{"task_name": "circe", "event": "new_input_file", "filename": "resnet7_storeclass7_75679464imgleopardjobid10.JPEG", "unix_time": 1620686632.0280585}
INFO:circe.py:runtime_stat:{"task_name": "circe", "event": "new_input_file", "filename": "home_storeclass7_09323759imgleopardjobid10.JPEG", "unix_time": 1620686632.1521976}
INFO:circe.py:runtime_stat:{"task_name": "circe", "event": "new_input_file", "filename": "resnet6_storeclass7_07617868imgleopardjobid10.JPEG", "unix_time": 1620686632.1588898}
INFO:ccdag_utils.py:runtime_stat:{"task_name": "storeclass7", "event": "queue_start_process", "filename": "resnet7_storeclass7_75679464imgleopardjobid10.JPEG", "unix_time": 1620686632.6525898}
INFO:circe.py:runtime_stat:{"task_name": "circe", "event": "new_output_file", "filename": "storeclass7_lccenc7_75679464imgleopardjobid10.JPEG", "unix_time": 1620686632.6593285}
DEBUG:transfer.py:sshpass -p PASSWORD scp -P 5000 -o StrictHostKeyChecking=no /jupiter/circe_output/storeclass7_lccenc7_75679464imgleopardjobid10.JPEG root@10.109.79.52:/jupiter/circe_input/
INFO:ccdag_utils.py:runtime_stat:{"task_name": "storeclass7", "event": "queue_end_process", "filename": "storeclass7_lccenc7_75679464imgleopardjobid10.JPEG", "unix_time": 1620686632.6601653}
INFO:ccdag_utils.py:runtime_stat:{"task_name": "storeclass7", "event": "queue_start_process", "filename": "home_storeclass7_09323759imgleopardjobid10.JPEG", "unix_time": 1620686632.6649818}
INFO:ccdag_utils.py:runtime_stat:{"task_name": "storeclass7", "event": "queue_end_process", "filename": "storeclass7_lccenc7_09323759imgleopardjobid10.JPEG", "unix_time": 1620686632.6685753}
INFO:ccdag_utils.py:runtime_stat:{"task_name": "storeclass7", "event": "queue_start_process", "filename": "resnet6_storeclass7_07617868imgleopardjobid10.JPEG", "unix_time": 1620686632.6689184}
INFO:ccdag_utils.py:runtime_stat:{"task_name": "storeclass7", "event": "queue_end_process", "filename": "storeclass7_lccenc7_07617868imgleopardjobid10.JPEG", "unix_time": 1620686632.6696935}
Warning: Permanently added '[10.109.79.52]:5000' (ECDSA) to the list of known hosts.
DEBUG:transfer.py:transfer successful!
INFO:circe.py:runtime_stat:{"task_name": "circe", "event": "new_output_file", "filename": "storeclass7_lccenc7_09323759imgleopardjobid10.JPEG", "unix_time": 1620686632.8775425}
DEBUG:transfer.py:sshpass -p PASSWORD scp -P 5000 -o StrictHostKeyChecking=no /jupiter/circe_output/storeclass7_lccenc7_09323759imgleopardjobid10.JPEG root@10.109.79.52:/jupiter/circe_input/
DEBUG:transfer.py:transfer successful!
INFO:circe.py:runtime_stat:{"task_name": "circe", "event": "new_output_file", "filename": "storeclass7_lccenc7_07617868imgleopardjobid10.JPEG", "unix_time": 1620686633.0972486}
DEBUG:transfer.py:sshpass -p PASSWORD scp -P 5000 -o StrictHostKeyChecking=no /jupiter/circe_output/storeclass7_lccenc7_07617868imgleopardjobid10.JPEG root@10.109.79.52:/jupiter/circe_input/
DEBUG:transfer.py:transfer successful!
INFO:circe.py:runtime_stat:{"task_name": "circe", "event": "new_input_file", "filename": "resnet6_storeclass7_52439554imgleopardjobid11.JPEG", "unix_time": 1620686642.2912235}
INFO:circe.py:runtime_stat:{"task_name": "circe", "event": "new_input_file", "filename": "resnet1_storeclass7_25437947imgleopardjobid11.JPEG", "unix_time": 1620686642.3772702}
INFO:circe.py:runtime_stat:{"task_name": "circe", "event": "new_input_file", "filename": "resnet4_storeclass7_52139416imgleopardjobid11.JPEG", "unix_time": 1620686642.4429314}
INFO:circe.py:runtime_stat:{"task_name": "circe", "event": "new_input_file", "filename": "resnet2_storeclass7_07249050imgleopardjobid11.JPEG", "unix_time": 1620686642.6438365}
INFO:ccdag_utils.py:runtime_stat:{"task_name": "storeclass7", "event": "queue_start_process", "filename": "resnet6_storeclass7_52439554imgleopardjobid11.JPEG", "unix_time": 1620686642.6790993}
INFO:ccdag_utils.py:runtime_stat:{"task_name": "storeclass7", "event": "queue_end_process", "filename": "storeclass7_lccenc7_52439554imgleopardjobid11.JPEG", "unix_time": 1620686642.690923}
INFO:ccdag_utils.py:runtime_stat:{"task_name": "storeclass7", "event": "queue_start_process", "filename": "resnet1_storeclass7_25437947imgleopardjobid11.JPEG", "unix_time": 1620686642.6912882}
INFO:circe.py:runtime_stat:{"task_name": "circe", "event": "new_output_file", "filename": "storeclass7_lccenc7_52439554imgleopardjobid11.JPEG", "unix_time": 1620686642.6918995}
DEBUG:transfer.py:sshpass -p PASSWORD scp -P 5000 -o StrictHostKeyChecking=no /jupiter/circe_output/storeclass7_lccenc7_52439554imgleopardjobid11.JPEG root@10.109.79.52:/jupiter/circe_input/
INFO:ccdag_utils.py:runtime_stat:{"task_name": "storeclass7", "event": "queue_end_process", "filename": "storeclass7_lccenc7_25437947imgleopardjobid11.JPEG", "unix_time": 1620686642.6980557}
INFO:ccdag_utils.py:runtime_stat:{"task_name": "storeclass7", "event": "queue_start_process", "filename": "resnet4_storeclass7_52139416imgleopardjobid11.JPEG", "unix_time": 1620686642.6989155}
INFO:ccdag_utils.py:runtime_stat:{"task_name": "storeclass7", "event": "queue_end_process", "filename": "storeclass7_lccenc7_52139416imgleopardjobid11.JPEG", "unix_time": 1620686642.7001626}
INFO:ccdag_utils.py:runtime_stat:{"task_name": "storeclass7", "event": "queue_start_process", "filename": "resnet2_storeclass7_07249050imgleopardjobid11.JPEG", "unix_time": 1620686642.7004573}
INFO:ccdag_utils.py:runtime_stat:{"task_name": "storeclass7", "event": "queue_end_process", "filename": "storeclass7_lccenc7_07249050imgleopardjobid11.JPEG", "unix_time": 1620686642.7015665}
DEBUG:transfer.py:transfer successful!
INFO:circe.py:runtime_stat:{"task_name": "circe", "event": "new_output_file", "filename": "storeclass7_lccenc7_25437947imgleopardjobid11.JPEG", "unix_time": 1620686642.9082406}
DEBUG:transfer.py:sshpass -p PASSWORD scp -P 5000 -o StrictHostKeyChecking=no /jupiter/circe_output/storeclass7_lccenc7_25437947imgleopardjobid11.JPEG root@10.109.79.52:/jupiter/circe_input/
INFO:circe.py:runtime_stat:{"task_name": "circe", "event": "new_input_file", "filename": "resnet0_storeclass7_27278490imgleopardjobid11.JPEG", "unix_time": 1620686643.0746}
INFO:circe.py:runtime_stat:{"task_name": "circe", "event": "new_input_file", "filename": "resnet7_storeclass7_54370445imgleopardjobid11.JPEG", "unix_time": 1620686643.0879216}
INFO:circe.py:runtime_stat:{"task_name": "circe", "event": "new_input_file", "filename": "home_storeclass7_69784090imgleopardjobid11.JPEG", "unix_time": 1620686643.0991366}
DEBUG:transfer.py:transfer successful!
INFO:circe.py:runtime_stat:{"task_name": "circe", "event": "new_output_file", "filename": "storeclass7_lccenc7_52139416imgleopardjobid11.JPEG", "unix_time": 1620686643.134501}
DEBUG:transfer.py:sshpass -p PASSWORD scp -P 5000 -o StrictHostKeyChecking=no /jupiter/circe_output/storeclass7_lccenc7_52139416imgleopardjobid11.JPEG root@10.109.79.52:/jupiter/circe_input/
INFO:circe.py:runtime_stat:{"task_name": "circe", "event": "new_input_file", "filename": "resnet3_storeclass7_86014351imgleopardjobid11.JPEG", "unix_time": 1620686643.172179}
INFO:circe.py:runtime_stat:{"task_name": "circe", "event": "new_input_file", "filename": "resnet5_storeclass7_39334301imgleopardjobid11.JPEG", "unix_time": 1620686643.2863743}
DEBUG:transfer.py:transfer successful!
INFO:circe.py:runtime_stat:{"task_name": "circe", "event": "new_output_file", "filename": "storeclass7_lccenc7_07249050imgleopardjobid11.JPEG", "unix_time": 1620686643.377808}
DEBUG:transfer.py:sshpass -p PASSWORD scp -P 5000 -o StrictHostKeyChecking=no /jupiter/circe_output/storeclass7_lccenc7_07249050imgleopardjobid11.JPEG root@10.109.79.52:/jupiter/circe_input/
DEBUG:transfer.py:transfer successful!
INFO:ccdag_utils.py:runtime_stat:{"task_name": "storeclass7", "event": "queue_start_process", "filename": "resnet0_storeclass7_27278490imgleopardjobid11.JPEG", "unix_time": 1620686643.7027025}
INFO:circe.py:runtime_stat:{"task_name": "circe", "event": "new_output_file", "filename": "storeclass7_lccenc7_27278490imgleopardjobid11.JPEG", "unix_time": 1620686643.7057323}
INFO:ccdag_utils.py:runtime_stat:{"task_name": "storeclass7", "event": "queue_end_process", "filename": "storeclass7_lccenc7_27278490imgleopardjobid11.JPEG", "unix_time": 1620686643.7060046}
DEBUG:transfer.py:sshpass -p PASSWORD scp -P 5000 -o StrictHostKeyChecking=no /jupiter/circe_output/storeclass7_lccenc7_27278490imgleopardjobid11.JPEG root@10.109.79.52:/jupiter/circe_input/
INFO:ccdag_utils.py:runtime_stat:{"task_name": "storeclass7", "event": "queue_start_process", "filename": "resnet7_storeclass7_54370445imgleopardjobid11.JPEG", "unix_time": 1620686643.7069168}
INFO:ccdag_utils.py:runtime_stat:{"task_name": "storeclass7", "event": "queue_end_process", "filename": "storeclass7_lccenc7_54370445imgleopardjobid11.JPEG", "unix_time": 1620686643.7147853}
INFO:ccdag_utils.py:runtime_stat:{"task_name": "storeclass7", "event": "queue_start_process", "filename": "home_storeclass7_69784090imgleopardjobid11.JPEG", "unix_time": 1620686643.7156842}
INFO:ccdag_utils.py:runtime_stat:{"task_name": "storeclass7", "event": "queue_end_process", "filename": "storeclass7_lccenc7_69784090imgleopardjobid11.JPEG", "unix_time": 1620686643.7212725}
INFO:ccdag_utils.py:runtime_stat:{"task_name": "storeclass7", "event": "queue_start_process", "filename": "resnet3_storeclass7_86014351imgleopardjobid11.JPEG", "unix_time": 1620686643.721992}
INFO:ccdag_utils.py:runtime_stat:{"task_name": "storeclass7", "event": "queue_end_process", "filename": "storeclass7_lccenc7_86014351imgleopardjobid11.JPEG", "unix_time": 1620686643.7264786}
INFO:ccdag_utils.py:runtime_stat:{"task_name": "storeclass7", "event": "queue_start_process", "filename": "resnet5_storeclass7_39334301imgleopardjobid11.JPEG", "unix_time": 1620686643.7270875}
INFO:ccdag_utils.py:runtime_stat:{"task_name": "storeclass7", "event": "queue_end_process", "filename": "storeclass7_lccenc7_39334301imgleopardjobid11.JPEG", "unix_time": 1620686643.7288988}
DEBUG:transfer.py:transfer successful!
INFO:circe.py:runtime_stat:{"task_name": "circe", "event": "new_output_file", "filename": "storeclass7_lccenc7_54370445imgleopardjobid11.JPEG", "unix_time": 1620686643.9140718}
DEBUG:transfer.py:sshpass -p PASSWORD scp -P 5000 -o StrictHostKeyChecking=no /jupiter/circe_output/storeclass7_lccenc7_54370445imgleopardjobid11.JPEG root@10.109.79.52:/jupiter/circe_input/
DEBUG:transfer.py:transfer successful!
INFO:circe.py:runtime_stat:{"task_name": "circe", "event": "new_output_file", "filename": "storeclass7_lccenc7_69784090imgleopardjobid11.JPEG", "unix_time": 1620686644.1241465}
DEBUG:transfer.py:sshpass -p PASSWORD scp -P 5000 -o StrictHostKeyChecking=no /jupiter/circe_output/storeclass7_lccenc7_69784090imgleopardjobid11.JPEG root@10.109.79.52:/jupiter/circe_input/
DEBUG:transfer.py:transfer successful!
INFO:circe.py:runtime_stat:{"task_name": "circe", "event": "new_output_file", "filename": "storeclass7_lccenc7_86014351imgleopardjobid11.JPEG", "unix_time": 1620686644.340846}
DEBUG:transfer.py:sshpass -p PASSWORD scp -P 5000 -o StrictHostKeyChecking=no /jupiter/circe_output/storeclass7_lccenc7_86014351imgleopardjobid11.JPEG root@10.109.79.52:/jupiter/circe_input/
DEBUG:transfer.py:transfer successful!
INFO:circe.py:runtime_stat:{"task_name": "circe", "event": "new_output_file", "filename": "storeclass7_lccenc7_39334301imgleopardjobid11.JPEG", "unix_time": 1620686644.5458095}
DEBUG:transfer.py:sshpass -p PASSWORD scp -P 5000 -o StrictHostKeyChecking=no /jupiter/circe_output/storeclass7_lccenc7_39334301imgleopardjobid11.JPEG root@10.109.79.52:/jupiter/circe_input/
DEBUG:transfer.py:transfer successful!
INFO:circe.py:runtime_stat:{"task_name": "circe", "event": "new_input_file", "filename": "resnet7_storeclass7_48328866imgleopardjobid12.JPEG", "unix_time": 1620686653.954296}
INFO:circe.py:runtime_stat:{"task_name": "circe", "event": "new_input_file", "filename": "home_storeclass7_46208171imgleopardjobid12.JPEG", "unix_time": 1620686653.974862}
INFO:circe.py:runtime_stat:{"task_name": "circe", "event": "new_input_file", "filename": "resnet1_storeclass7_83309722imgleopardjobid12.JPEG", "unix_time": 1620686654.0587769}
INFO:circe.py:runtime_stat:{"task_name": "circe", "event": "new_input_file", "filename": "resnet5_storeclass7_92672650imgleopardjobid12.JPEG", "unix_time": 1620686654.10156}
INFO:circe.py:runtime_stat:{"task_name": "circe", "event": "new_input_file", "filename": "resnet2_storeclass7_65043142imgleopardjobid12.JPEG", "unix_time": 1620686654.1519158}
INFO:circe.py:runtime_stat:{"task_name": "circe", "event": "new_input_file", "filename": "resnet0_storeclass7_66496977imgleopardjobid12.JPEG", "unix_time": 1620686654.3367472}
INFO:circe.py:runtime_stat:{"task_name": "circe", "event": "new_input_file", "filename": "resnet6_storeclass7_04989102imgleopardjobid12.JPEG", "unix_time": 1620686654.631598}
INFO:circe.py:runtime_stat:{"task_name": "circe", "event": "new_input_file", "filename": "resnet3_storeclass7_74483129imgleopardjobid12.JPEG", "unix_time": 1620686654.6505597}
INFO:circe.py:runtime_stat:{"task_name": "circe", "event": "new_input_file", "filename": "resnet4_storeclass7_97668655imgleopardjobid12.JPEG", "unix_time": 1620686654.6523356}
INFO:ccdag_utils.py:runtime_stat:{"task_name": "storeclass7", "event": "queue_start_process", "filename": "resnet7_storeclass7_48328866imgleopardjobid12.JPEG", "unix_time": 1620686654.7414308}
INFO:ccdag_utils.py:runtime_stat:{"task_name": "storeclass7", "event": "queue_end_process", "filename": "storeclass7_lccenc7_48328866imgleopardjobid12.JPEG", "unix_time": 1620686654.7444556}
INFO:circe.py:runtime_stat:{"task_name": "circe", "event": "new_output_file", "filename": "storeclass7_lccenc7_48328866imgleopardjobid12.JPEG", "unix_time": 1620686654.745063}
INFO:ccdag_utils.py:runtime_stat:{"task_name": "storeclass7", "event": "queue_start_process", "filename": "home_storeclass7_46208171imgleopardjobid12.JPEG", "unix_time": 1620686654.7453868}
DEBUG:transfer.py:sshpass -p PASSWORD scp -P 5000 -o StrictHostKeyChecking=no /jupiter/circe_output/storeclass7_lccenc7_48328866imgleopardjobid12.JPEG root@10.109.79.52:/jupiter/circe_input/
INFO:ccdag_utils.py:runtime_stat:{"task_name": "storeclass7", "event": "queue_end_process", "filename": "storeclass7_lccenc7_46208171imgleopardjobid12.JPEG", "unix_time": 1620686654.7547274}
INFO:ccdag_utils.py:runtime_stat:{"task_name": "storeclass7", "event": "queue_start_process", "filename": "resnet1_storeclass7_83309722imgleopardjobid12.JPEG", "unix_time": 1620686654.755652}
INFO:ccdag_utils.py:runtime_stat:{"task_name": "storeclass7", "event": "queue_end_process", "filename": "storeclass7_lccenc7_83309722imgleopardjobid12.JPEG", "unix_time": 1620686654.7580514}
INFO:ccdag_utils.py:runtime_stat:{"task_name": "storeclass7", "event": "queue_start_process", "filename": "resnet5_storeclass7_92672650imgleopardjobid12.JPEG", "unix_time": 1620686654.7583714}
INFO:ccdag_utils.py:runtime_stat:{"task_name": "storeclass7", "event": "queue_end_process", "filename": "storeclass7_lccenc7_92672650imgleopardjobid12.JPEG", "unix_time": 1620686654.7592826}
INFO:ccdag_utils.py:runtime_stat:{"task_name": "storeclass7", "event": "queue_start_process", "filename": "resnet2_storeclass7_65043142imgleopardjobid12.JPEG", "unix_time": 1620686654.7606843}
INFO:ccdag_utils.py:runtime_stat:{"task_name": "storeclass7", "event": "queue_end_process", "filename": "storeclass7_lccenc7_65043142imgleopardjobid12.JPEG", "unix_time": 1620686654.7617626}
INFO:ccdag_utils.py:runtime_stat:{"task_name": "storeclass7", "event": "queue_start_process", "filename": "resnet0_storeclass7_66496977imgleopardjobid12.JPEG", "unix_time": 1620686654.7621698}
INFO:ccdag_utils.py:runtime_stat:{"task_name": "storeclass7", "event": "queue_end_process", "filename": "storeclass7_lccenc7_66496977imgleopardjobid12.JPEG", "unix_time": 1620686654.7642741}
INFO:ccdag_utils.py:runtime_stat:{"task_name": "storeclass7", "event": "queue_start_process", "filename": "resnet6_storeclass7_04989102imgleopardjobid12.JPEG", "unix_time": 1620686654.7646065}
INFO:ccdag_utils.py:runtime_stat:{"task_name": "storeclass7", "event": "queue_end_process", "filename": "storeclass7_lccenc7_04989102imgleopardjobid12.JPEG", "unix_time": 1620686654.7667584}
INFO:ccdag_utils.py:runtime_stat:{"task_name": "storeclass7", "event": "queue_start_process", "filename": "resnet3_storeclass7_74483129imgleopardjobid12.JPEG", "unix_time": 1620686654.7671084}
INFO:ccdag_utils.py:runtime_stat:{"task_name": "storeclass7", "event": "queue_end_process", "filename": "storeclass7_lccenc7_74483129imgleopardjobid12.JPEG", "unix_time": 1620686654.7688434}
INFO:ccdag_utils.py:runtime_stat:{"task_name": "storeclass7", "event": "queue_start_process", "filename": "resnet4_storeclass7_97668655imgleopardjobid12.JPEG", "unix_time": 1620686654.7691154}
INFO:ccdag_utils.py:runtime_stat:{"task_name": "storeclass7", "event": "queue_end_process", "filename": "storeclass7_lccenc7_97668655imgleopardjobid12.JPEG", "unix_time": 1620686654.7710993}
DEBUG:transfer.py:transfer successful!
INFO:circe.py:runtime_stat:{"task_name": "circe", "event": "new_output_file", "filename": "storeclass7_lccenc7_46208171imgleopardjobid12.JPEG", "unix_time": 1620686654.9663231}
DEBUG:transfer.py:sshpass -p PASSWORD scp -P 5000 -o StrictHostKeyChecking=no /jupiter/circe_output/storeclass7_lccenc7_46208171imgleopardjobid12.JPEG root@10.109.79.52:/jupiter/circe_input/
DEBUG:transfer.py:transfer successful!
INFO:circe.py:runtime_stat:{"task_name": "circe", "event": "new_output_file", "filename": "storeclass7_lccenc7_83309722imgleopardjobid12.JPEG", "unix_time": 1620686655.1839468}
DEBUG:transfer.py:sshpass -p PASSWORD scp -P 5000 -o StrictHostKeyChecking=no /jupiter/circe_output/storeclass7_lccenc7_83309722imgleopardjobid12.JPEG root@10.109.79.52:/jupiter/circe_input/
DEBUG:transfer.py:transfer successful!
INFO:circe.py:runtime_stat:{"task_name": "circe", "event": "new_output_file", "filename": "storeclass7_lccenc7_92672650imgleopardjobid12.JPEG", "unix_time": 1620686655.4331148}
DEBUG:transfer.py:sshpass -p PASSWORD scp -P 5000 -o StrictHostKeyChecking=no /jupiter/circe_output/storeclass7_lccenc7_92672650imgleopardjobid12.JPEG root@10.109.79.52:/jupiter/circe_input/
DEBUG:transfer.py:transfer successful!
INFO:circe.py:runtime_stat:{"task_name": "circe", "event": "new_output_file", "filename": "storeclass7_lccenc7_65043142imgleopardjobid12.JPEG", "unix_time": 1620686655.6448262}
DEBUG:transfer.py:sshpass -p PASSWORD scp -P 5000 -o StrictHostKeyChecking=no /jupiter/circe_output/storeclass7_lccenc7_65043142imgleopardjobid12.JPEG root@10.109.79.52:/jupiter/circe_input/
DEBUG:transfer.py:transfer successful!
INFO:circe.py:runtime_stat:{"task_name": "circe", "event": "new_output_file", "filename": "storeclass7_lccenc7_66496977imgleopardjobid12.JPEG", "unix_time": 1620686655.8567867}
DEBUG:transfer.py:sshpass -p PASSWORD scp -P 5000 -o StrictHostKeyChecking=no /jupiter/circe_output/storeclass7_lccenc7_66496977imgleopardjobid12.JPEG root@10.109.79.52:/jupiter/circe_input/
DEBUG:transfer.py:transfer successful!
INFO:circe.py:runtime_stat:{"task_name": "circe", "event": "new_output_file", "filename": "storeclass7_lccenc7_04989102imgleopardjobid12.JPEG", "unix_time": 1620686656.1090274}
DEBUG:transfer.py:sshpass -p PASSWORD scp -P 5000 -o StrictHostKeyChecking=no /jupiter/circe_output/storeclass7_lccenc7_04989102imgleopardjobid12.JPEG root@10.109.79.52:/jupiter/circe_input/
DEBUG:transfer.py:transfer successful!
INFO:circe.py:runtime_stat:{"task_name": "circe", "event": "new_output_file", "filename": "storeclass7_lccenc7_74483129imgleopardjobid12.JPEG", "unix_time": 1620686656.3126068}
DEBUG:transfer.py:sshpass -p PASSWORD scp -P 5000 -o StrictHostKeyChecking=no /jupiter/circe_output/storeclass7_lccenc7_74483129imgleopardjobid12.JPEG root@10.109.79.52:/jupiter/circe_input/
DEBUG:transfer.py:transfer successful!
INFO:circe.py:runtime_stat:{"task_name": "circe", "event": "new_output_file", "filename": "storeclass7_lccenc7_97668655imgleopardjobid12.JPEG", "unix_time": 1620686656.5615158}
DEBUG:transfer.py:sshpass -p PASSWORD scp -P 5000 -o StrictHostKeyChecking=no /jupiter/circe_output/storeclass7_lccenc7_97668655imgleopardjobid12.JPEG root@10.109.79.52:/jupiter/circe_input/
DEBUG:transfer.py:transfer successful!
INFO:circe.py:runtime_stat:{"task_name": "circe", "event": "new_input_file", "filename": "resnet5_storeclass7_45557719imgleopardjobid13.JPEG", "unix_time": 1620686665.232027}
INFO:circe.py:runtime_stat:{"task_name": "circe", "event": "new_input_file", "filename": "resnet2_storeclass7_14751227imgleopardjobid13.JPEG", "unix_time": 1620686665.414055}
INFO:circe.py:runtime_stat:{"task_name": "circe", "event": "new_input_file", "filename": "resnet0_storeclass7_57431762imgleopardjobid13.JPEG", "unix_time": 1620686665.6990807}
INFO:ccdag_utils.py:runtime_stat:{"task_name": "storeclass7", "event": "queue_start_process", "filename": "resnet5_storeclass7_45557719imgleopardjobid13.JPEG", "unix_time": 1620686665.7853358}
INFO:ccdag_utils.py:runtime_stat:{"task_name": "storeclass7", "event": "queue_end_process", "filename": "storeclass7_lccenc7_45557719imgleopardjobid13.JPEG", "unix_time": 1620686665.7872963}
INFO:ccdag_utils.py:runtime_stat:{"task_name": "storeclass7", "event": "queue_start_process", "filename": "resnet2_storeclass7_14751227imgleopardjobid13.JPEG", "unix_time": 1620686665.7886894}
INFO:ccdag_utils.py:runtime_stat:{"task_name": "storeclass7", "event": "queue_end_process", "filename": "storeclass7_lccenc7_14751227imgleopardjobid13.JPEG", "unix_time": 1620686665.7900853}
INFO:ccdag_utils.py:runtime_stat:{"task_name": "storeclass7", "event": "queue_start_process", "filename": "resnet0_storeclass7_57431762imgleopardjobid13.JPEG", "unix_time": 1620686665.7915022}
INFO:ccdag_utils.py:runtime_stat:{"task_name": "storeclass7", "event": "queue_end_process", "filename": "storeclass7_lccenc7_57431762imgleopardjobid13.JPEG", "unix_time": 1620686665.7928202}
INFO:circe.py:runtime_stat:{"task_name": "circe", "event": "new_output_file", "filename": "storeclass7_lccenc7_45557719imgleopardjobid13.JPEG", "unix_time": 1620686665.795676}
DEBUG:transfer.py:sshpass -p PASSWORD scp -P 5000 -o StrictHostKeyChecking=no /jupiter/circe_output/storeclass7_lccenc7_45557719imgleopardjobid13.JPEG root@10.109.79.52:/jupiter/circe_input/
INFO:circe.py:runtime_stat:{"task_name": "circe", "event": "new_input_file", "filename": "home_storeclass7_55443601imgleopardjobid13.JPEG", "unix_time": 1620686666.290508}
DEBUG:transfer.py:transfer successful!
INFO:circe.py:runtime_stat:{"task_name": "circe", "event": "new_output_file", "filename": "storeclass7_lccenc7_14751227imgleopardjobid13.JPEG", "unix_time": 1620686666.296729}
DEBUG:transfer.py:sshpass -p PASSWORD scp -P 5000 -o StrictHostKeyChecking=no /jupiter/circe_output/storeclass7_lccenc7_14751227imgleopardjobid13.JPEG root@10.109.79.52:/jupiter/circe_input/
INFO:circe.py:runtime_stat:{"task_name": "circe", "event": "new_input_file", "filename": "resnet1_storeclass7_53983947imgleopardjobid13.JPEG", "unix_time": 1620686666.3694434}
INFO:circe.py:runtime_stat:{"task_name": "circe", "event": "new_input_file", "filename": "resnet7_storeclass7_20161475imgleopardjobid13.JPEG", "unix_time": 1620686666.3885853}
INFO:circe.py:runtime_stat:{"task_name": "circe", "event": "new_input_file", "filename": "resnet6_storeclass7_07468689imgleopardjobid13.JPEG", "unix_time": 1620686666.4042292}
INFO:circe.py:runtime_stat:{"task_name": "circe", "event": "new_input_file", "filename": "resnet4_storeclass7_36932802imgleopardjobid13.JPEG", "unix_time": 1620686666.4392169}
INFO:circe.py:runtime_stat:{"task_name": "circe", "event": "new_input_file", "filename": "resnet3_storeclass7_15717543imgleopardjobid13.JPEG", "unix_time": 1620686666.5250814}
DEBUG:transfer.py:transfer successful!
INFO:circe.py:runtime_stat:{"task_name": "circe", "event": "new_output_file", "filename": "storeclass7_lccenc7_57431762imgleopardjobid13.JPEG", "unix_time": 1620686666.6526723}
DEBUG:transfer.py:sshpass -p PASSWORD scp -P 5000 -o StrictHostKeyChecking=no /jupiter/circe_output/storeclass7_lccenc7_57431762imgleopardjobid13.JPEG root@10.109.79.52:/jupiter/circe_input/
INFO:ccdag_utils.py:runtime_stat:{"task_name": "storeclass7", "event": "queue_start_process", "filename": "home_storeclass7_55443601imgleopardjobid13.JPEG", "unix_time": 1620686666.795268}
INFO:ccdag_utils.py:runtime_stat:{"task_name": "storeclass7", "event": "queue_end_process", "filename": "storeclass7_lccenc7_55443601imgleopardjobid13.JPEG", "unix_time": 1620686666.8003666}
INFO:ccdag_utils.py:runtime_stat:{"task_name": "storeclass7", "event": "queue_start_process", "filename": "resnet1_storeclass7_53983947imgleopardjobid13.JPEG", "unix_time": 1620686666.8009114}
INFO:ccdag_utils.py:runtime_stat:{"task_name": "storeclass7", "event": "queue_end_process", "filename": "storeclass7_lccenc7_53983947imgleopardjobid13.JPEG", "unix_time": 1620686666.8019507}
INFO:ccdag_utils.py:runtime_stat:{"task_name": "storeclass7", "event": "queue_start_process", "filename": "resnet7_storeclass7_20161475imgleopardjobid13.JPEG", "unix_time": 1620686666.8047857}
INFO:ccdag_utils.py:runtime_stat:{"task_name": "storeclass7", "event": "queue_end_process", "filename": "storeclass7_lccenc7_20161475imgleopardjobid13.JPEG", "unix_time": 1620686666.8061686}
INFO:ccdag_utils.py:runtime_stat:{"task_name": "storeclass7", "event": "queue_start_process", "filename": "resnet6_storeclass7_07468689imgleopardjobid13.JPEG", "unix_time": 1620686666.806465}
INFO:ccdag_utils.py:runtime_stat:{"task_name": "storeclass7", "event": "queue_end_process", "filename": "storeclass7_lccenc7_07468689imgleopardjobid13.JPEG", "unix_time": 1620686666.8077972}
INFO:ccdag_utils.py:runtime_stat:{"task_name": "storeclass7", "event": "queue_start_process", "filename": "resnet4_storeclass7_36932802imgleopardjobid13.JPEG", "unix_time": 1620686666.808102}
INFO:ccdag_utils.py:runtime_stat:{"task_name": "storeclass7", "event": "queue_end_process", "filename": "storeclass7_lccenc7_36932802imgleopardjobid13.JPEG", "unix_time": 1620686666.809336}
INFO:ccdag_utils.py:runtime_stat:{"task_name": "storeclass7", "event": "queue_start_process", "filename": "resnet3_storeclass7_15717543imgleopardjobid13.JPEG", "unix_time": 1620686666.8096268}
INFO:ccdag_utils.py:runtime_stat:{"task_name": "storeclass7", "event": "queue_end_process", "filename": "storeclass7_lccenc7_15717543imgleopardjobid13.JPEG", "unix_time": 1620686666.8108735}
DEBUG:transfer.py:transfer successful!
INFO:circe.py:runtime_stat:{"task_name": "circe", "event": "new_output_file", "filename": "storeclass7_lccenc7_55443601imgleopardjobid13.JPEG", "unix_time": 1620686667.008175}
DEBUG:transfer.py:sshpass -p PASSWORD scp -P 5000 -o StrictHostKeyChecking=no /jupiter/circe_output/storeclass7_lccenc7_55443601imgleopardjobid13.JPEG root@10.109.79.52:/jupiter/circe_input/
DEBUG:transfer.py:transfer successful!
INFO:circe.py:runtime_stat:{"task_name": "circe", "event": "new_output_file", "filename": "storeclass7_lccenc7_53983947imgleopardjobid13.JPEG", "unix_time": 1620686667.4196606}
DEBUG:transfer.py:sshpass -p PASSWORD scp -P 5000 -o StrictHostKeyChecking=no /jupiter/circe_output/storeclass7_lccenc7_53983947imgleopardjobid13.JPEG root@10.109.79.52:/jupiter/circe_input/
DEBUG:transfer.py:transfer successful!
INFO:circe.py:runtime_stat:{"task_name": "circe", "event": "new_output_file", "filename": "storeclass7_lccenc7_20161475imgleopardjobid13.JPEG", "unix_time": 1620686667.7738287}
DEBUG:transfer.py:sshpass -p PASSWORD scp -P 5000 -o StrictHostKeyChecking=no /jupiter/circe_output/storeclass7_lccenc7_20161475imgleopardjobid13.JPEG root@10.109.79.52:/jupiter/circe_input/
DEBUG:transfer.py:transfer successful!
INFO:circe.py:runtime_stat:{"task_name": "circe", "event": "new_output_file", "filename": "storeclass7_lccenc7_07468689imgleopardjobid13.JPEG", "unix_time": 1620686668.1465728}
DEBUG:transfer.py:sshpass -p PASSWORD scp -P 5000 -o StrictHostKeyChecking=no /jupiter/circe_output/storeclass7_lccenc7_07468689imgleopardjobid13.JPEG root@10.109.79.52:/jupiter/circe_input/
DEBUG:transfer.py:transfer successful!
INFO:circe.py:runtime_stat:{"task_name": "circe", "event": "new_output_file", "filename": "storeclass7_lccenc7_36932802imgleopardjobid13.JPEG", "unix_time": 1620686668.47156}
DEBUG:transfer.py:sshpass -p PASSWORD scp -P 5000 -o StrictHostKeyChecking=no /jupiter/circe_output/storeclass7_lccenc7_36932802imgleopardjobid13.JPEG root@10.109.79.52:/jupiter/circe_input/
DEBUG:transfer.py:transfer successful!
INFO:circe.py:runtime_stat:{"task_name": "circe", "event": "new_output_file", "filename": "storeclass7_lccenc7_15717543imgleopardjobid13.JPEG", "unix_time": 1620686668.728798}
DEBUG:transfer.py:sshpass -p PASSWORD scp -P 5000 -o StrictHostKeyChecking=no /jupiter/circe_output/storeclass7_lccenc7_15717543imgleopardjobid13.JPEG root@10.109.79.52:/jupiter/circe_input/
DEBUG:transfer.py:transfer successful!
INFO:circe.py:runtime_stat:{"task_name": "circe", "event": "new_input_file", "filename": "resnet7_storeclass7_99279996imgleopardjobid14.JPEG", "unix_time": 1620686677.3610957}
INFO:circe.py:runtime_stat:{"task_name": "circe", "event": "new_input_file", "filename": "resnet0_storeclass7_51487624imgleopardjobid14.JPEG", "unix_time": 1620686677.392711}
INFO:circe.py:runtime_stat:{"task_name": "circe", "event": "new_input_file", "filename": "resnet1_storeclass7_97696204imgleopardjobid14.JPEG", "unix_time": 1620686677.4166648}
INFO:circe.py:runtime_stat:{"task_name": "circe", "event": "new_input_file", "filename": "home_storeclass7_78711402imgleopardjobid14.JPEG", "unix_time": 1620686677.4173558}
INFO:ccdag_utils.py:runtime_stat:{"task_name": "storeclass7", "event": "queue_start_process", "filename": "resnet7_storeclass7_99279996imgleopardjobid14.JPEG", "unix_time": 1620686677.8269284}
INFO:ccdag_utils.py:runtime_stat:{"task_name": "storeclass7", "event": "queue_end_process", "filename": "storeclass7_lccenc7_99279996imgleopardjobid14.JPEG", "unix_time": 1620686677.840175}
INFO:ccdag_utils.py:runtime_stat:{"task_name": "storeclass7", "event": "queue_start_process", "filename": "resnet0_storeclass7_51487624imgleopardjobid14.JPEG", "unix_time": 1620686677.8404748}
INFO:circe.py:runtime_stat:{"task_name": "circe", "event": "new_output_file", "filename": "storeclass7_lccenc7_99279996imgleopardjobid14.JPEG", "unix_time": 1620686677.8414268}
DEBUG:transfer.py:sshpass -p PASSWORD scp -P 5000 -o StrictHostKeyChecking=no /jupiter/circe_output/storeclass7_lccenc7_99279996imgleopardjobid14.JPEG root@10.109.79.52:/jupiter/circe_input/
INFO:ccdag_utils.py:runtime_stat:{"task_name": "storeclass7", "event": "queue_end_process", "filename": "storeclass7_lccenc7_51487624imgleopardjobid14.JPEG", "unix_time": 1620686677.8510556}
INFO:ccdag_utils.py:runtime_stat:{"task_name": "storeclass7", "event": "queue_start_process", "filename": "resnet1_storeclass7_97696204imgleopardjobid14.JPEG", "unix_time": 1620686677.8518069}
INFO:ccdag_utils.py:runtime_stat:{"task_name": "storeclass7", "event": "queue_end_process", "filename": "storeclass7_lccenc7_97696204imgleopardjobid14.JPEG", "unix_time": 1620686677.8547797}
INFO:ccdag_utils.py:runtime_stat:{"task_name": "storeclass7", "event": "queue_start_process", "filename": "home_storeclass7_78711402imgleopardjobid14.JPEG", "unix_time": 1620686677.855194}
INFO:ccdag_utils.py:runtime_stat:{"task_name": "storeclass7", "event": "queue_end_process", "filename": "storeclass7_lccenc7_78711402imgleopardjobid14.JPEG", "unix_time": 1620686677.86105}
DEBUG:transfer.py:transfer successful!
INFO:circe.py:runtime_stat:{"task_name": "circe", "event": "new_output_file", "filename": "storeclass7_lccenc7_51487624imgleopardjobid14.JPEG", "unix_time": 1620686678.0657618}
DEBUG:transfer.py:sshpass -p PASSWORD scp -P 5000 -o StrictHostKeyChecking=no /jupiter/circe_output/storeclass7_lccenc7_51487624imgleopardjobid14.JPEG root@10.109.79.52:/jupiter/circe_input/
INFO:circe.py:runtime_stat:{"task_name": "circe", "event": "new_input_file", "filename": "resnet6_storeclass7_15748786imgleopardjobid14.JPEG", "unix_time": 1620686678.2137089}
DEBUG:transfer.py:transfer successful!
INFO:circe.py:runtime_stat:{"task_name": "circe", "event": "new_output_file", "filename": "storeclass7_lccenc7_97696204imgleopardjobid14.JPEG", "unix_time": 1620686678.2977247}
DEBUG:transfer.py:sshpass -p PASSWORD scp -P 5000 -o StrictHostKeyChecking=no /jupiter/circe_output/storeclass7_lccenc7_97696204imgleopardjobid14.JPEG root@10.109.79.52:/jupiter/circe_input/
DEBUG:transfer.py:transfer successful!
INFO:circe.py:runtime_stat:{"task_name": "circe", "event": "new_output_file", "filename": "storeclass7_lccenc7_78711402imgleopardjobid14.JPEG", "unix_time": 1620686678.5183103}
DEBUG:transfer.py:sshpass -p PASSWORD scp -P 5000 -o StrictHostKeyChecking=no /jupiter/circe_output/storeclass7_lccenc7_78711402imgleopardjobid14.JPEG root@10.109.79.52:/jupiter/circe_input/
DEBUG:transfer.py:transfer successful!
INFO:ccdag_utils.py:runtime_stat:{"task_name": "storeclass7", "event": "queue_start_process", "filename": "resnet6_storeclass7_15748786imgleopardjobid14.JPEG", "unix_time": 1620686678.863115}
INFO:circe.py:runtime_stat:{"task_name": "circe", "event": "new_output_file", "filename": "storeclass7_lccenc7_15748786imgleopardjobid14.JPEG", "unix_time": 1620686678.8714352}
INFO:ccdag_utils.py:runtime_stat:{"task_name": "storeclass7", "event": "queue_end_process", "filename": "storeclass7_lccenc7_15748786imgleopardjobid14.JPEG", "unix_time": 1620686678.8716733}
DEBUG:transfer.py:sshpass -p PASSWORD scp -P 5000 -o StrictHostKeyChecking=no /jupiter/circe_output/storeclass7_lccenc7_15748786imgleopardjobid14.JPEG root@10.109.79.52:/jupiter/circe_input/
DEBUG:transfer.py:transfer successful!
INFO:circe.py:runtime_stat:{"task_name": "circe", "event": "new_input_file", "filename": "resnet0_storeclass7_71514500imgleopardjobid15.JPEG", "unix_time": 1620686687.3838573}
INFO:circe.py:runtime_stat:{"task_name": "circe", "event": "new_input_file", "filename": "resnet3_storeclass7_97601489imgleopardjobid15.JPEG", "unix_time": 1620686687.4179611}
INFO:circe.py:runtime_stat:{"task_name": "circe", "event": "new_input_file", "filename": "resnet1_storeclass7_41699235imgleopardjobid15.JPEG", "unix_time": 1620686687.5873878}
INFO:circe.py:runtime_stat:{"task_name": "circe", "event": "new_input_file", "filename": "resnet4_storeclass7_92935879imgleopardjobid15.JPEG", "unix_time": 1620686687.669864}
INFO:circe.py:runtime_stat:{"task_name": "circe", "event": "new_input_file", "filename": "resnet2_storeclass7_35391467imgleopardjobid15.JPEG", "unix_time": 1620686687.868414}
INFO:ccdag_utils.py:runtime_stat:{"task_name": "storeclass7", "event": "queue_start_process", "filename": "resnet0_storeclass7_71514500imgleopardjobid15.JPEG", "unix_time": 1620686687.8839765}
INFO:ccdag_utils.py:runtime_stat:{"task_name": "storeclass7", "event": "queue_end_process", "filename": "storeclass7_lccenc7_71514500imgleopardjobid15.JPEG", "unix_time": 1620686687.890855}
INFO:ccdag_utils.py:runtime_stat:{"task_name": "storeclass7", "event": "queue_start_process", "filename": "resnet3_storeclass7_97601489imgleopardjobid15.JPEG", "unix_time": 1620686687.8912125}
INFO:circe.py:runtime_stat:{"task_name": "circe", "event": "new_output_file", "filename": "storeclass7_lccenc7_71514500imgleopardjobid15.JPEG", "unix_time": 1620686687.891931}
DEBUG:transfer.py:sshpass -p PASSWORD scp -P 5000 -o StrictHostKeyChecking=no /jupiter/circe_output/storeclass7_lccenc7_71514500imgleopardjobid15.JPEG root@10.109.79.52:/jupiter/circe_input/
INFO:ccdag_utils.py:runtime_stat:{"task_name": "storeclass7", "event": "queue_end_process", "filename": "storeclass7_lccenc7_97601489imgleopardjobid15.JPEG", "unix_time": 1620686687.902247}
INFO:ccdag_utils.py:runtime_stat:{"task_name": "storeclass7", "event": "queue_start_process", "filename": "resnet1_storeclass7_41699235imgleopardjobid15.JPEG", "unix_time": 1620686687.9029572}
INFO:ccdag_utils.py:runtime_stat:{"task_name": "storeclass7", "event": "queue_end_process", "filename": "storeclass7_lccenc7_41699235imgleopardjobid15.JPEG", "unix_time": 1620686687.9078574}
INFO:ccdag_utils.py:runtime_stat:{"task_name": "storeclass7", "event": "queue_start_process", "filename": "resnet4_storeclass7_92935879imgleopardjobid15.JPEG", "unix_time": 1620686687.9085631}
INFO:ccdag_utils.py:runtime_stat:{"task_name": "storeclass7", "event": "queue_end_process", "filename": "storeclass7_lccenc7_92935879imgleopardjobid15.JPEG", "unix_time": 1620686687.9119284}
INFO:ccdag_utils.py:runtime_stat:{"task_name": "storeclass7", "event": "queue_start_process", "filename": "resnet2_storeclass7_35391467imgleopardjobid15.JPEG", "unix_time": 1620686687.9125154}
INFO:ccdag_utils.py:runtime_stat:{"task_name": "storeclass7", "event": "queue_end_process", "filename": "storeclass7_lccenc7_35391467imgleopardjobid15.JPEG", "unix_time": 1620686687.914179}
DEBUG:transfer.py:transfer successful!
INFO:circe.py:runtime_stat:{"task_name": "circe", "event": "new_output_file", "filename": "storeclass7_lccenc7_97601489imgleopardjobid15.JPEG", "unix_time": 1620686688.1186833}
DEBUG:transfer.py:sshpass -p PASSWORD scp -P 5000 -o StrictHostKeyChecking=no /jupiter/circe_output/storeclass7_lccenc7_97601489imgleopardjobid15.JPEG root@10.109.79.52:/jupiter/circe_input/
DEBUG:transfer.py:transfer successful!
INFO:circe.py:runtime_stat:{"task_name": "circe", "event": "new_output_file", "filename": "storeclass7_lccenc7_41699235imgleopardjobid15.JPEG", "unix_time": 1620686688.3421304}
DEBUG:transfer.py:sshpass -p PASSWORD scp -P 5000 -o StrictHostKeyChecking=no /jupiter/circe_output/storeclass7_lccenc7_41699235imgleopardjobid15.JPEG root@10.109.79.52:/jupiter/circe_input/
INFO:circe.py:runtime_stat:{"task_name": "circe", "event": "new_input_file", "filename": "home_storeclass7_26655694imgleopardjobid15.JPEG", "unix_time": 1620686688.398492}
DEBUG:transfer.py:transfer successful!
INFO:circe.py:runtime_stat:{"task_name": "circe", "event": "new_output_file", "filename": "storeclass7_lccenc7_92935879imgleopardjobid15.JPEG", "unix_time": 1620686688.5587058}
DEBUG:transfer.py:sshpass -p PASSWORD scp -P 5000 -o StrictHostKeyChecking=no /jupiter/circe_output/storeclass7_lccenc7_92935879imgleopardjobid15.JPEG root@10.109.79.52:/jupiter/circe_input/
DEBUG:transfer.py:transfer successful!
INFO:circe.py:runtime_stat:{"task_name": "circe", "event": "new_output_file", "filename": "storeclass7_lccenc7_35391467imgleopardjobid15.JPEG", "unix_time": 1620686688.7705894}
DEBUG:transfer.py:sshpass -p PASSWORD scp -P 5000 -o StrictHostKeyChecking=no /jupiter/circe_output/storeclass7_lccenc7_35391467imgleopardjobid15.JPEG root@10.109.79.52:/jupiter/circe_input/
INFO:ccdag_utils.py:runtime_stat:{"task_name": "storeclass7", "event": "queue_start_process", "filename": "home_storeclass7_26655694imgleopardjobid15.JPEG", "unix_time": 1620686688.915757}
INFO:ccdag_utils.py:runtime_stat:{"task_name": "storeclass7", "event": "queue_end_process", "filename": "storeclass7_lccenc7_26655694imgleopardjobid15.JPEG", "unix_time": 1620686688.9199843}
DEBUG:transfer.py:transfer successful!
INFO:circe.py:runtime_stat:{"task_name": "circe", "event": "new_output_file", "filename": "storeclass7_lccenc7_26655694imgleopardjobid15.JPEG", "unix_time": 1620686688.9866807}
DEBUG:transfer.py:sshpass -p PASSWORD scp -P 5000 -o StrictHostKeyChecking=no /jupiter/circe_output/storeclass7_lccenc7_26655694imgleopardjobid15.JPEG root@10.109.79.52:/jupiter/circe_input/
DEBUG:transfer.py:transfer successful!
