 * Starting OpenBSD Secure Shell server sshd
   ...done.
INFO:circe.py:Using base script score.py
DEBUG:circe.py:starting the input monitoring process
DEBUG:circe.py:starting the output monitoring process
INFO:circe.py:runtime_stat:{"task_name": "circe", "event": "new_input_file", "filename": "lccenc4_score4a_3#41759388-3#14262243-3#27479257-3#89170314jobid1.csv", "unix_time": 1620686883.682696}
INFO:ccdag_utils.py:runtime_stat:{"task_name": "score4a", "event": "queue_start_process", "filename": "lccenc4_score4a_3#41759388-3#14262243-3#27479257-3#89170314jobid1.csv", "unix_time": 1620686884.5812945}
['tiger21.JPEG', 'tiger22.JPEG', 'tiger23.JPEG', 'tiger24.JPEG', 'tiger25.JPEG', 'tiger26.JPEG', 'tiger27.JPEG', 'tiger28.JPEG', 'tiger29.JPEG', 'tiger30.JPEG']
INFO:circe.py:runtime_stat:{"task_name": "circe", "event": "new_input_file", "filename": "lccenc4_score4a_3#82864800-3#61478526-3#32181634-3#67024223jobid2.csv", "unix_time": 1620686894.9330478}
INFO:circe.py:runtime_stat:{"task_name": "circe", "event": "new_output_file", "filename": "score4a_preagg4_1jobth3#41759388-3#14262243-3#27479257-3#89170314", "unix_time": 1620686896.1898527}
DEBUG:transfer.py:sshpass -p PASSWORD scp -P 5000 -o StrictHostKeyChecking=no /jupiter/circe_output/score4a_preagg4_1jobth3#41759388-3#14262243-3#27479257-3#89170314 root@10.99.87.202:/jupiter/circe_input/
INFO:ccdag_utils.py:runtime_stat:{"task_name": "score4a", "event": "queue_end_process", "filename": "score4a_preagg4_1jobth3#41759388-3#14262243-3#27479257-3#89170314", "unix_time": 1620686896.1987154}
INFO:ccdag_utils.py:runtime_stat:{"task_name": "score4a", "event": "queue_start_process", "filename": "lccenc4_score4a_3#82864800-3#61478526-3#32181634-3#67024223jobid2.csv", "unix_time": 1620686896.200566}
['tiger21.JPEG', 'tiger22.JPEG', 'tiger23.JPEG', 'tiger24.JPEG', 'tiger25.JPEG', 'tiger26.JPEG', 'tiger27.JPEG', 'tiger28.JPEG', 'tiger29.JPEG', 'tiger30.JPEG']
Warning: Permanently added '[10.99.87.202]:5000' (ECDSA) to the list of known hosts.
DEBUG:transfer.py:transfer successful!
INFO:circe.py:runtime_stat:{"task_name": "circe", "event": "new_input_file", "filename": "lccenc4_score4a_3#84183619-3#85576259-3#08899074-3#55208304jobid3.csv", "unix_time": 1620686898.1141403}
INFO:circe.py:runtime_stat:{"task_name": "circe", "event": "new_input_file", "filename": "lccenc4_score4a_3#97857475-3#86566656-3#69985436-3#15799341jobid4.csv", "unix_time": 1620686905.2292244}
INFO:circe.py:runtime_stat:{"task_name": "circe", "event": "new_output_file", "filename": "score4a_preagg4_2jobth3#82864800-3#61478526-3#32181634-3#67024223", "unix_time": 1620686907.7654278}
DEBUG:transfer.py:sshpass -p PASSWORD scp -P 5000 -o StrictHostKeyChecking=no /jupiter/circe_output/score4a_preagg4_2jobth3#82864800-3#61478526-3#32181634-3#67024223 root@10.99.87.202:/jupiter/circe_input/
INFO:ccdag_utils.py:runtime_stat:{"task_name": "score4a", "event": "queue_end_process", "filename": "score4a_preagg4_2jobth3#82864800-3#61478526-3#32181634-3#67024223", "unix_time": 1620686907.7777572}
INFO:ccdag_utils.py:runtime_stat:{"task_name": "score4a", "event": "queue_start_process", "filename": "lccenc4_score4a_3#84183619-3#85576259-3#08899074-3#55208304jobid3.csv", "unix_time": 1620686907.7786133}
['tiger21.JPEG', 'tiger22.JPEG', 'tiger23.JPEG', 'tiger24.JPEG', 'tiger25.JPEG', 'tiger26.JPEG', 'tiger27.JPEG', 'tiger28.JPEG', 'tiger29.JPEG', 'tiger30.JPEG']
DEBUG:transfer.py:transfer successful!
INFO:circe.py:runtime_stat:{"task_name": "circe", "event": "new_input_file", "filename": "lccenc4_score4a_3#47504960-3#79161244-3#33524835-3#44799478jobid5.csv", "unix_time": 1620686916.3941941}
INFO:circe.py:runtime_stat:{"task_name": "circe", "event": "new_output_file", "filename": "score4a_preagg4_3jobth3#84183619-3#85576259-3#08899074-3#55208304", "unix_time": 1620686919.322617}
DEBUG:transfer.py:sshpass -p PASSWORD scp -P 5000 -o StrictHostKeyChecking=no /jupiter/circe_output/score4a_preagg4_3jobth3#84183619-3#85576259-3#08899074-3#55208304 root@10.99.87.202:/jupiter/circe_input/
INFO:ccdag_utils.py:runtime_stat:{"task_name": "score4a", "event": "queue_end_process", "filename": "score4a_preagg4_3jobth3#84183619-3#85576259-3#08899074-3#55208304", "unix_time": 1620686919.3299422}
INFO:ccdag_utils.py:runtime_stat:{"task_name": "score4a", "event": "queue_start_process", "filename": "lccenc4_score4a_3#97857475-3#86566656-3#69985436-3#15799341jobid4.csv", "unix_time": 1620686919.331925}
['tiger21.JPEG', 'tiger22.JPEG', 'tiger23.JPEG', 'tiger24.JPEG', 'tiger25.JPEG', 'tiger26.JPEG', 'tiger27.JPEG', 'tiger28.JPEG', 'tiger29.JPEG', 'tiger30.JPEG']
DEBUG:transfer.py:transfer successful!
INFO:circe.py:runtime_stat:{"task_name": "circe", "event": "new_input_file", "filename": "lccenc4_score4a_3#53922626-3#93116657-3#97920196-3#47669822jobid6.csv", "unix_time": 1620686919.6386802}
INFO:circe.py:runtime_stat:{"task_name": "circe", "event": "new_input_file", "filename": "lccenc4_score4a_3#64003545-3#05296896-3#78303967-3#31794410jobid7.csv", "unix_time": 1620686923.2356038}
INFO:circe.py:runtime_stat:{"task_name": "circe", "event": "new_input_file", "filename": "lccenc4_score4a_3#40260016-3#01865397-3#36954823-3#33833268jobid8.csv", "unix_time": 1620686928.8629634}
INFO:circe.py:runtime_stat:{"task_name": "circe", "event": "new_output_file", "filename": "score4a_preagg4_4jobth3#97857475-3#86566656-3#69985436-3#15799341", "unix_time": 1620686930.8409903}
DEBUG:transfer.py:sshpass -p PASSWORD scp -P 5000 -o StrictHostKeyChecking=no /jupiter/circe_output/score4a_preagg4_4jobth3#97857475-3#86566656-3#69985436-3#15799341 root@10.99.87.202:/jupiter/circe_input/
INFO:ccdag_utils.py:runtime_stat:{"task_name": "score4a", "event": "queue_end_process", "filename": "score4a_preagg4_4jobth3#97857475-3#86566656-3#69985436-3#15799341", "unix_time": 1620686930.8483925}
INFO:ccdag_utils.py:runtime_stat:{"task_name": "score4a", "event": "queue_start_process", "filename": "lccenc4_score4a_3#47504960-3#79161244-3#33524835-3#44799478jobid5.csv", "unix_time": 1620686930.8505747}
['tiger21.JPEG', 'tiger22.JPEG', 'tiger23.JPEG', 'tiger24.JPEG', 'tiger25.JPEG', 'tiger26.JPEG', 'tiger27.JPEG', 'tiger28.JPEG', 'tiger29.JPEG', 'tiger30.JPEG']
DEBUG:transfer.py:transfer successful!
INFO:circe.py:runtime_stat:{"task_name": "circe", "event": "new_input_file", "filename": "lccenc4_score4a_3#48844014-3#50141169-3#95368740-3#50417657jobid9.csv", "unix_time": 1620686932.2302475}
INFO:circe.py:runtime_stat:{"task_name": "circe", "event": "new_output_file", "filename": "score4a_preagg4_5jobth3#47504960-3#79161244-3#33524835-3#44799478", "unix_time": 1620686943.2854905}
DEBUG:transfer.py:sshpass -p PASSWORD scp -P 5000 -o StrictHostKeyChecking=no /jupiter/circe_output/score4a_preagg4_5jobth3#47504960-3#79161244-3#33524835-3#44799478 root@10.99.87.202:/jupiter/circe_input/
INFO:ccdag_utils.py:runtime_stat:{"task_name": "score4a", "event": "queue_end_process", "filename": "score4a_preagg4_5jobth3#47504960-3#79161244-3#33524835-3#44799478", "unix_time": 1620686943.2950737}
INFO:ccdag_utils.py:runtime_stat:{"task_name": "score4a", "event": "queue_start_process", "filename": "lccenc4_score4a_3#53922626-3#93116657-3#97920196-3#47669822jobid6.csv", "unix_time": 1620686943.2965071}
['tiger21.JPEG', 'tiger22.JPEG', 'tiger23.JPEG', 'tiger24.JPEG', 'tiger25.JPEG', 'tiger26.JPEG', 'tiger27.JPEG', 'tiger28.JPEG', 'tiger29.JPEG', 'tiger30.JPEG']
DEBUG:transfer.py:transfer successful!
INFO:circe.py:runtime_stat:{"task_name": "circe", "event": "new_output_file", "filename": "score4a_preagg4_6jobth3#53922626-3#93116657-3#97920196-3#47669822", "unix_time": 1620686954.804179}
DEBUG:transfer.py:sshpass -p PASSWORD scp -P 5000 -o StrictHostKeyChecking=no /jupiter/circe_output/score4a_preagg4_6jobth3#53922626-3#93116657-3#97920196-3#47669822 root@10.99.87.202:/jupiter/circe_input/
INFO:ccdag_utils.py:runtime_stat:{"task_name": "score4a", "event": "queue_end_process", "filename": "score4a_preagg4_6jobth3#53922626-3#93116657-3#97920196-3#47669822", "unix_time": 1620686954.8126664}
INFO:ccdag_utils.py:runtime_stat:{"task_name": "score4a", "event": "queue_start_process", "filename": "lccenc4_score4a_3#64003545-3#05296896-3#78303967-3#31794410jobid7.csv", "unix_time": 1620686954.81466}
['tiger21.JPEG', 'tiger22.JPEG', 'tiger23.JPEG', 'tiger24.JPEG', 'tiger25.JPEG', 'tiger26.JPEG', 'tiger27.JPEG', 'tiger28.JPEG', 'tiger29.JPEG', 'tiger30.JPEG']
DEBUG:transfer.py:transfer successful!
INFO:ccdag_utils.py:runtime_stat:{"task_name": "score4a", "event": "queue_end_process", "filename": "score4a_preagg4_7jobth3#64003545-3#05296896-3#78303967-3#31794410", "unix_time": 1620686966.3849115}
INFO:ccdag_utils.py:runtime_stat:{"task_name": "score4a", "event": "queue_start_process", "filename": "lccenc4_score4a_3#40260016-3#01865397-3#36954823-3#33833268jobid8.csv", "unix_time": 1620686966.3852286}
['tiger21.JPEG', 'tiger22.JPEG', 'tiger23.JPEG', 'tiger24.JPEG', 'tiger25.JPEG', 'tiger26.JPEG', 'tiger27.JPEG', 'tiger28.JPEG', 'tiger29.JPEG', 'tiger30.JPEG']
INFO:circe.py:runtime_stat:{"task_name": "circe", "event": "new_output_file", "filename": "score4a_preagg4_7jobth3#64003545-3#05296896-3#78303967-3#31794410", "unix_time": 1620686966.3877528}
DEBUG:transfer.py:sshpass -p PASSWORD scp -P 5000 -o StrictHostKeyChecking=no /jupiter/circe_output/score4a_preagg4_7jobth3#64003545-3#05296896-3#78303967-3#31794410 root@10.99.87.202:/jupiter/circe_input/
DEBUG:transfer.py:transfer successful!
INFO:circe.py:runtime_stat:{"task_name": "circe", "event": "new_output_file", "filename": "score4a_preagg4_8jobth3#40260016-3#01865397-3#36954823-3#33833268", "unix_time": 1620686977.916857}
DEBUG:transfer.py:sshpass -p PASSWORD scp -P 5000 -o StrictHostKeyChecking=no /jupiter/circe_output/score4a_preagg4_8jobth3#40260016-3#01865397-3#36954823-3#33833268 root@10.99.87.202:/jupiter/circe_input/
INFO:ccdag_utils.py:runtime_stat:{"task_name": "score4a", "event": "queue_end_process", "filename": "score4a_preagg4_8jobth3#40260016-3#01865397-3#36954823-3#33833268", "unix_time": 1620686977.9255645}
INFO:ccdag_utils.py:runtime_stat:{"task_name": "score4a", "event": "queue_start_process", "filename": "lccenc4_score4a_3#48844014-3#50141169-3#95368740-3#50417657jobid9.csv", "unix_time": 1620686977.927058}
['tiger21.JPEG', 'tiger22.JPEG', 'tiger23.JPEG', 'tiger24.JPEG', 'tiger25.JPEG', 'tiger26.JPEG', 'tiger27.JPEG', 'tiger28.JPEG', 'tiger29.JPEG', 'tiger30.JPEG']
DEBUG:transfer.py:transfer successful!
INFO:circe.py:runtime_stat:{"task_name": "circe", "event": "new_output_file", "filename": "score4a_preagg4_9jobth3#48844014-3#50141169-3#95368740-3#50417657", "unix_time": 1620686990.2502444}
DEBUG:transfer.py:sshpass -p PASSWORD scp -P 5000 -o StrictHostKeyChecking=no /jupiter/circe_output/score4a_preagg4_9jobth3#48844014-3#50141169-3#95368740-3#50417657 root@10.99.87.202:/jupiter/circe_input/
INFO:ccdag_utils.py:runtime_stat:{"task_name": "score4a", "event": "queue_end_process", "filename": "score4a_preagg4_9jobth3#48844014-3#50141169-3#95368740-3#50417657", "unix_time": 1620686990.2573717}
DEBUG:transfer.py:transfer successful!
