 * Starting OpenBSD Secure Shell server sshd
   ...done.
INFO:circe.py:Using base script storeclass.py
DEBUG:circe.py:starting the input monitoring process
DEBUG:circe.py:starting the output monitoring process
INFO:circe.py:runtime_stat:{"task_name": "circe", "event": "new_input_file", "filename": "resnet6_storeclass4_99904830imgtigerjobid0.JPEG", "unix_time": 1620589312.9040854}
INFO:ccdag_utils.py:runtime_stat:{"task_name": "storeclass4", "event": "queue_start_process", "filename": "resnet6_storeclass4_99904830imgtigerjobid0.JPEG", "unix_time": 1620589313.848214}
INFO:circe.py:runtime_stat:{"task_name": "circe", "event": "new_output_file", "filename": "storeclass4_lccenc4_99904830imgtigerjobid0.JPEG", "unix_time": 1620589313.864528}
DEBUG:transfer.py:sshpass -p PASSWORD scp -P 5000 -o StrictHostKeyChecking=no /jupiter/circe_output/storeclass4_lccenc4_99904830imgtigerjobid0.JPEG root@10.107.168.201:/jupiter/circe_input/
INFO:ccdag_utils.py:runtime_stat:{"task_name": "storeclass4", "event": "queue_end_process", "filename": "storeclass4_lccenc4_99904830imgtigerjobid0.JPEG", "unix_time": 1620589313.8652503}
Warning: Permanently added '[10.107.168.201]:5000' (ECDSA) to the list of known hosts.
DEBUG:transfer.py:transfer successful!
INFO:circe.py:runtime_stat:{"task_name": "circe", "event": "new_input_file", "filename": "resnet0_storeclass4_03147318imgtigerjobid0.JPEG", "unix_time": 1620589341.7285554}
INFO:ccdag_utils.py:runtime_stat:{"task_name": "storeclass4", "event": "queue_start_process", "filename": "resnet0_storeclass4_03147318imgtigerjobid0.JPEG", "unix_time": 1620589341.9049063}
INFO:circe.py:runtime_stat:{"task_name": "circe", "event": "new_output_file", "filename": "storeclass4_lccenc4_03147318imgtigerjobid0.JPEG", "unix_time": 1620589341.917838}
DEBUG:transfer.py:sshpass -p PASSWORD scp -P 5000 -o StrictHostKeyChecking=no /jupiter/circe_output/storeclass4_lccenc4_03147318imgtigerjobid0.JPEG root@10.107.168.201:/jupiter/circe_input/
INFO:ccdag_utils.py:runtime_stat:{"task_name": "storeclass4", "event": "queue_end_process", "filename": "storeclass4_lccenc4_03147318imgtigerjobid0.JPEG", "unix_time": 1620589341.918992}
DEBUG:transfer.py:transfer successful!
INFO:circe.py:runtime_stat:{"task_name": "circe", "event": "new_input_file", "filename": "resnet2_storeclass4_62868225imgtigerjobid0.JPEG", "unix_time": 1620589369.6473355}
INFO:ccdag_utils.py:runtime_stat:{"task_name": "storeclass4", "event": "queue_start_process", "filename": "resnet2_storeclass4_62868225imgtigerjobid0.JPEG", "unix_time": 1620589369.9525259}
INFO:ccdag_utils.py:runtime_stat:{"task_name": "storeclass4", "event": "queue_end_process", "filename": "storeclass4_lccenc4_62868225imgtigerjobid0.JPEG", "unix_time": 1620589369.965585}
INFO:circe.py:runtime_stat:{"task_name": "circe", "event": "new_output_file", "filename": "storeclass4_lccenc4_62868225imgtigerjobid0.JPEG", "unix_time": 1620589369.9662113}
DEBUG:transfer.py:sshpass -p PASSWORD scp -P 5000 -o StrictHostKeyChecking=no /jupiter/circe_output/storeclass4_lccenc4_62868225imgtigerjobid0.JPEG root@10.107.168.201:/jupiter/circe_input/
INFO:circe.py:runtime_stat:{"task_name": "circe", "event": "new_input_file", "filename": "resnet6_storeclass4_47677912imgtigerjobid0.JPEG", "unix_time": 1620589370.0729287}
DEBUG:transfer.py:transfer successful!
INFO:ccdag_utils.py:runtime_stat:{"task_name": "storeclass4", "event": "queue_start_process", "filename": "resnet6_storeclass4_47677912imgtigerjobid0.JPEG", "unix_time": 1620589370.9681525}
INFO:circe.py:runtime_stat:{"task_name": "circe", "event": "new_output_file", "filename": "storeclass4_lccenc4_47677912imgtigerjobid0.JPEG", "unix_time": 1620589370.9766507}
DEBUG:transfer.py:sshpass -p PASSWORD scp -P 5000 -o StrictHostKeyChecking=no /jupiter/circe_output/storeclass4_lccenc4_47677912imgtigerjobid0.JPEG root@10.107.168.201:/jupiter/circe_input/
INFO:ccdag_utils.py:runtime_stat:{"task_name": "storeclass4", "event": "queue_end_process", "filename": "storeclass4_lccenc4_47677912imgtigerjobid0.JPEG", "unix_time": 1620589370.9799519}
DEBUG:transfer.py:transfer successful!
INFO:circe.py:runtime_stat:{"task_name": "circe", "event": "new_input_file", "filename": "resnet7_storeclass4_20778576imgtigerjobid0.JPEG", "unix_time": 1620589371.829768}
INFO:ccdag_utils.py:runtime_stat:{"task_name": "storeclass4", "event": "queue_start_process", "filename": "resnet7_storeclass4_20778576imgtigerjobid0.JPEG", "unix_time": 1620589371.983506}
INFO:ccdag_utils.py:runtime_stat:{"task_name": "storeclass4", "event": "queue_end_process", "filename": "storeclass4_lccenc4_20778576imgtigerjobid0.JPEG", "unix_time": 1620589371.9897377}
INFO:circe.py:runtime_stat:{"task_name": "circe", "event": "new_output_file", "filename": "storeclass4_lccenc4_20778576imgtigerjobid0.JPEG", "unix_time": 1620589371.9913316}
DEBUG:transfer.py:sshpass -p PASSWORD scp -P 5000 -o StrictHostKeyChecking=no /jupiter/circe_output/storeclass4_lccenc4_20778576imgtigerjobid0.JPEG root@10.107.168.201:/jupiter/circe_input/
DEBUG:transfer.py:transfer successful!
INFO:circe.py:runtime_stat:{"task_name": "circe", "event": "new_input_file", "filename": "resnet3_storeclass4_83976113imgtigerjobid0.JPEG", "unix_time": 1620589397.8278956}
INFO:ccdag_utils.py:runtime_stat:{"task_name": "storeclass4", "event": "queue_start_process", "filename": "resnet3_storeclass4_83976113imgtigerjobid0.JPEG", "unix_time": 1620589398.0139694}
INFO:ccdag_utils.py:runtime_stat:{"task_name": "storeclass4", "event": "queue_end_process", "filename": "storeclass4_lccenc4_83976113imgtigerjobid0.JPEG", "unix_time": 1620589398.021447}
INFO:circe.py:runtime_stat:{"task_name": "circe", "event": "new_output_file", "filename": "storeclass4_lccenc4_83976113imgtigerjobid0.JPEG", "unix_time": 1620589398.0226645}
DEBUG:transfer.py:sshpass -p PASSWORD scp -P 5000 -o StrictHostKeyChecking=no /jupiter/circe_output/storeclass4_lccenc4_83976113imgtigerjobid0.JPEG root@10.107.168.201:/jupiter/circe_input/
INFO:circe.py:runtime_stat:{"task_name": "circe", "event": "new_input_file", "filename": "resnet6_storeclass4_92221545imgtigerjobid0.JPEG", "unix_time": 1620589398.2454083}
DEBUG:transfer.py:transfer successful!
INFO:ccdag_utils.py:runtime_stat:{"task_name": "storeclass4", "event": "queue_start_process", "filename": "resnet6_storeclass4_92221545imgtigerjobid0.JPEG", "unix_time": 1620589399.022979}
INFO:circe.py:runtime_stat:{"task_name": "circe", "event": "new_output_file", "filename": "storeclass4_lccenc4_92221545imgtigerjobid0.JPEG", "unix_time": 1620589399.030924}
DEBUG:transfer.py:sshpass -p PASSWORD scp -P 5000 -o StrictHostKeyChecking=no /jupiter/circe_output/storeclass4_lccenc4_92221545imgtigerjobid0.JPEG root@10.107.168.201:/jupiter/circe_input/
INFO:ccdag_utils.py:runtime_stat:{"task_name": "storeclass4", "event": "queue_end_process", "filename": "storeclass4_lccenc4_92221545imgtigerjobid0.JPEG", "unix_time": 1620589399.0314922}
DEBUG:transfer.py:transfer successful!
INFO:circe.py:runtime_stat:{"task_name": "circe", "event": "new_input_file", "filename": "resnet0_storeclass4_11190924imgtigerjobid0.JPEG", "unix_time": 1620589425.8947895}
INFO:ccdag_utils.py:runtime_stat:{"task_name": "storeclass4", "event": "queue_start_process", "filename": "resnet0_storeclass4_11190924imgtigerjobid0.JPEG", "unix_time": 1620589426.0598197}
INFO:circe.py:runtime_stat:{"task_name": "circe", "event": "new_output_file", "filename": "storeclass4_lccenc4_11190924imgtigerjobid0.JPEG", "unix_time": 1620589426.068898}
DEBUG:transfer.py:sshpass -p PASSWORD scp -P 5000 -o StrictHostKeyChecking=no /jupiter/circe_output/storeclass4_lccenc4_11190924imgtigerjobid0.JPEG root@10.107.168.201:/jupiter/circe_input/
INFO:ccdag_utils.py:runtime_stat:{"task_name": "storeclass4", "event": "queue_end_process", "filename": "storeclass4_lccenc4_11190924imgtigerjobid0.JPEG", "unix_time": 1620589426.0696633}
DEBUG:transfer.py:transfer successful!
INFO:circe.py:runtime_stat:{"task_name": "circe", "event": "new_input_file", "filename": "resnet3_storeclass4_57800441imgtigerjobid0.JPEG", "unix_time": 1620589426.844082}
INFO:ccdag_utils.py:runtime_stat:{"task_name": "storeclass4", "event": "queue_start_process", "filename": "resnet3_storeclass4_57800441imgtigerjobid0.JPEG", "unix_time": 1620589427.0752885}
INFO:circe.py:runtime_stat:{"task_name": "circe", "event": "new_output_file", "filename": "storeclass4_lccenc4_57800441imgtigerjobid0.JPEG", "unix_time": 1620589427.0828989}
INFO:ccdag_utils.py:runtime_stat:{"task_name": "storeclass4", "event": "queue_end_process", "filename": "storeclass4_lccenc4_57800441imgtigerjobid0.JPEG", "unix_time": 1620589427.0831237}
DEBUG:transfer.py:sshpass -p PASSWORD scp -P 5000 -o StrictHostKeyChecking=no /jupiter/circe_output/storeclass4_lccenc4_57800441imgtigerjobid0.JPEG root@10.107.168.201:/jupiter/circe_input/
DEBUG:transfer.py:transfer successful!
INFO:circe.py:runtime_stat:{"task_name": "circe", "event": "new_input_file", "filename": "resnet4_storeclass4_79663040imgtigerjobid0.JPEG", "unix_time": 1620589429.0380232}
INFO:ccdag_utils.py:runtime_stat:{"task_name": "storeclass4", "event": "queue_start_process", "filename": "resnet4_storeclass4_79663040imgtigerjobid0.JPEG", "unix_time": 1620589429.0863414}
INFO:ccdag_utils.py:runtime_stat:{"task_name": "storeclass4", "event": "queue_end_process", "filename": "storeclass4_lccenc4_79663040imgtigerjobid0.JPEG", "unix_time": 1620589429.0912998}
INFO:circe.py:runtime_stat:{"task_name": "circe", "event": "new_output_file", "filename": "storeclass4_lccenc4_79663040imgtigerjobid0.JPEG", "unix_time": 1620589429.092033}
DEBUG:transfer.py:sshpass -p PASSWORD scp -P 5000 -o StrictHostKeyChecking=no /jupiter/circe_output/storeclass4_lccenc4_79663040imgtigerjobid0.JPEG root@10.107.168.201:/jupiter/circe_input/
INFO:circe.py:runtime_stat:{"task_name": "circe", "event": "new_input_file", "filename": "resnet7_storeclass4_52067035imgtigerjobid0.JPEG", "unix_time": 1620589429.1758676}
DEBUG:transfer.py:transfer successful!
INFO:ccdag_utils.py:runtime_stat:{"task_name": "storeclass4", "event": "queue_start_process", "filename": "resnet7_storeclass4_52067035imgtigerjobid0.JPEG", "unix_time": 1620589430.0938392}
INFO:circe.py:runtime_stat:{"task_name": "circe", "event": "new_output_file", "filename": "storeclass4_lccenc4_52067035imgtigerjobid0.JPEG", "unix_time": 1620589430.1002634}
DEBUG:transfer.py:sshpass -p PASSWORD scp -P 5000 -o StrictHostKeyChecking=no /jupiter/circe_output/storeclass4_lccenc4_52067035imgtigerjobid0.JPEG root@10.107.168.201:/jupiter/circe_input/
INFO:ccdag_utils.py:runtime_stat:{"task_name": "storeclass4", "event": "queue_end_process", "filename": "storeclass4_lccenc4_52067035imgtigerjobid0.JPEG", "unix_time": 1620589430.100856}
DEBUG:transfer.py:transfer successful!
INFO:circe.py:runtime_stat:{"task_name": "circe", "event": "new_input_file", "filename": "resnet3_storeclass4_77843637imgtigerjobid0.JPEG", "unix_time": 1620589456.1783712}
INFO:ccdag_utils.py:runtime_stat:{"task_name": "storeclass4", "event": "queue_start_process", "filename": "resnet3_storeclass4_77843637imgtigerjobid0.JPEG", "unix_time": 1620589457.134808}
INFO:ccdag_utils.py:runtime_stat:{"task_name": "storeclass4", "event": "queue_end_process", "filename": "storeclass4_lccenc4_77843637imgtigerjobid0.JPEG", "unix_time": 1620589457.1402442}
INFO:circe.py:runtime_stat:{"task_name": "circe", "event": "new_output_file", "filename": "storeclass4_lccenc4_77843637imgtigerjobid0.JPEG", "unix_time": 1620589457.141689}
DEBUG:transfer.py:sshpass -p PASSWORD scp -P 5000 -o StrictHostKeyChecking=no /jupiter/circe_output/storeclass4_lccenc4_77843637imgtigerjobid0.JPEG root@10.107.168.201:/jupiter/circe_input/
DEBUG:transfer.py:transfer successful!
INFO:circe.py:runtime_stat:{"task_name": "circe", "event": "new_input_file", "filename": "resnet6_storeclass4_46923189imgtigerjobid0.JPEG", "unix_time": 1620589457.6170955}
INFO:ccdag_utils.py:runtime_stat:{"task_name": "storeclass4", "event": "queue_start_process", "filename": "resnet6_storeclass4_46923189imgtigerjobid0.JPEG", "unix_time": 1620589458.1431773}
INFO:ccdag_utils.py:runtime_stat:{"task_name": "storeclass4", "event": "queue_end_process", "filename": "storeclass4_lccenc4_46923189imgtigerjobid0.JPEG", "unix_time": 1620589458.1449552}
INFO:circe.py:runtime_stat:{"task_name": "circe", "event": "new_output_file", "filename": "storeclass4_lccenc4_46923189imgtigerjobid0.JPEG", "unix_time": 1620589458.1465755}
DEBUG:transfer.py:sshpass -p PASSWORD scp -P 5000 -o StrictHostKeyChecking=no /jupiter/circe_output/storeclass4_lccenc4_46923189imgtigerjobid0.JPEG root@10.107.168.201:/jupiter/circe_input/
INFO:circe.py:runtime_stat:{"task_name": "circe", "event": "new_input_file", "filename": "resnet4_storeclass4_82551562imgtigerjobid0.JPEG", "unix_time": 1620589458.2915115}
DEBUG:transfer.py:transfer successful!
INFO:ccdag_utils.py:runtime_stat:{"task_name": "storeclass4", "event": "queue_start_process", "filename": "resnet4_storeclass4_82551562imgtigerjobid0.JPEG", "unix_time": 1620589459.146524}
INFO:ccdag_utils.py:runtime_stat:{"task_name": "storeclass4", "event": "queue_end_process", "filename": "storeclass4_lccenc4_82551562imgtigerjobid0.JPEG", "unix_time": 1620589459.1547742}
INFO:circe.py:runtime_stat:{"task_name": "circe", "event": "new_output_file", "filename": "storeclass4_lccenc4_82551562imgtigerjobid0.JPEG", "unix_time": 1620589459.155937}
DEBUG:transfer.py:sshpass -p PASSWORD scp -P 5000 -o StrictHostKeyChecking=no /jupiter/circe_output/storeclass4_lccenc4_82551562imgtigerjobid0.JPEG root@10.107.168.201:/jupiter/circe_input/
DEBUG:transfer.py:transfer successful!
INFO:circe.py:runtime_stat:{"task_name": "circe", "event": "new_input_file", "filename": "resnet7_storeclass4_23226684imgtigerjobid0.JPEG", "unix_time": 1620589486.3970363}
INFO:ccdag_utils.py:runtime_stat:{"task_name": "storeclass4", "event": "queue_start_process", "filename": "resnet7_storeclass4_23226684imgtigerjobid0.JPEG", "unix_time": 1620589487.1832707}
INFO:ccdag_utils.py:runtime_stat:{"task_name": "storeclass4", "event": "queue_end_process", "filename": "storeclass4_lccenc4_23226684imgtigerjobid0.JPEG", "unix_time": 1620589487.1854272}
INFO:circe.py:runtime_stat:{"task_name": "circe", "event": "new_output_file", "filename": "storeclass4_lccenc4_23226684imgtigerjobid0.JPEG", "unix_time": 1620589487.186662}
DEBUG:transfer.py:sshpass -p PASSWORD scp -P 5000 -o StrictHostKeyChecking=no /jupiter/circe_output/storeclass4_lccenc4_23226684imgtigerjobid0.JPEG root@10.107.168.201:/jupiter/circe_input/
INFO:circe.py:runtime_stat:{"task_name": "circe", "event": "new_input_file", "filename": "resnet4_storeclass4_39694868imgtigerjobid0.JPEG", "unix_time": 1620589487.329679}
DEBUG:transfer.py:transfer successful!
INFO:ccdag_utils.py:runtime_stat:{"task_name": "storeclass4", "event": "queue_start_process", "filename": "resnet4_storeclass4_39694868imgtigerjobid0.JPEG", "unix_time": 1620589488.1869464}
INFO:ccdag_utils.py:runtime_stat:{"task_name": "storeclass4", "event": "queue_end_process", "filename": "storeclass4_lccenc4_39694868imgtigerjobid0.JPEG", "unix_time": 1620589488.195938}
INFO:circe.py:runtime_stat:{"task_name": "circe", "event": "new_output_file", "filename": "storeclass4_lccenc4_39694868imgtigerjobid0.JPEG", "unix_time": 1620589488.197218}
DEBUG:transfer.py:sshpass -p PASSWORD scp -P 5000 -o StrictHostKeyChecking=no /jupiter/circe_output/storeclass4_lccenc4_39694868imgtigerjobid0.JPEG root@10.107.168.201:/jupiter/circe_input/
DEBUG:transfer.py:transfer successful!
INFO:circe.py:runtime_stat:{"task_name": "circe", "event": "new_input_file", "filename": "resnet1_storeclass4_44050744imgtigerjobid8.JPEG", "unix_time": 1620589664.2871463}
INFO:ccdag_utils.py:runtime_stat:{"task_name": "storeclass4", "event": "queue_start_process", "filename": "resnet1_storeclass4_44050744imgtigerjobid8.JPEG", "unix_time": 1620589664.402038}
INFO:circe.py:runtime_stat:{"task_name": "circe", "event": "new_output_file", "filename": "storeclass4_lccenc4_44050744imgtigerjobid8.JPEG", "unix_time": 1620589664.4086766}
DEBUG:transfer.py:sshpass -p PASSWORD scp -P 5000 -o StrictHostKeyChecking=no /jupiter/circe_output/storeclass4_lccenc4_44050744imgtigerjobid8.JPEG root@10.107.168.201:/jupiter/circe_input/
INFO:ccdag_utils.py:runtime_stat:{"task_name": "storeclass4", "event": "queue_end_process", "filename": "storeclass4_lccenc4_44050744imgtigerjobid8.JPEG", "unix_time": 1620589664.4125783}
DEBUG:transfer.py:transfer successful!
INFO:circe.py:runtime_stat:{"task_name": "circe", "event": "new_input_file", "filename": "home_storeclass4_92621446imgtigerjobid9.JPEG", "unix_time": 1620589684.0625923}
INFO:ccdag_utils.py:runtime_stat:{"task_name": "storeclass4", "event": "queue_start_process", "filename": "home_storeclass4_92621446imgtigerjobid9.JPEG", "unix_time": 1620589684.435737}
INFO:ccdag_utils.py:runtime_stat:{"task_name": "storeclass4", "event": "queue_end_process", "filename": "storeclass4_lccenc4_92621446imgtigerjobid9.JPEG", "unix_time": 1620589684.4470532}
INFO:circe.py:runtime_stat:{"task_name": "circe", "event": "new_output_file", "filename": "storeclass4_lccenc4_92621446imgtigerjobid9.JPEG", "unix_time": 1620589684.4478464}
DEBUG:transfer.py:sshpass -p PASSWORD scp -P 5000 -o StrictHostKeyChecking=no /jupiter/circe_output/storeclass4_lccenc4_92621446imgtigerjobid9.JPEG root@10.107.168.201:/jupiter/circe_input/
DEBUG:transfer.py:transfer successful!
INFO:circe.py:runtime_stat:{"task_name": "circe", "event": "new_input_file", "filename": "resnet6_storeclass4_23472243imgtigerjobid10.JPEG", "unix_time": 1620589699.691902}
INFO:ccdag_utils.py:runtime_stat:{"task_name": "storeclass4", "event": "queue_start_process", "filename": "resnet6_storeclass4_23472243imgtigerjobid10.JPEG", "unix_time": 1620589700.4677892}
INFO:ccdag_utils.py:runtime_stat:{"task_name": "storeclass4", "event": "queue_end_process", "filename": "storeclass4_lccenc4_23472243imgtigerjobid10.JPEG", "unix_time": 1620589700.4797676}
INFO:circe.py:runtime_stat:{"task_name": "circe", "event": "new_output_file", "filename": "storeclass4_lccenc4_23472243imgtigerjobid10.JPEG", "unix_time": 1620589700.4807684}
DEBUG:transfer.py:sshpass -p PASSWORD scp -P 5000 -o StrictHostKeyChecking=no /jupiter/circe_output/storeclass4_lccenc4_23472243imgtigerjobid10.JPEG root@10.107.168.201:/jupiter/circe_input/
DEBUG:transfer.py:transfer successful!
INFO:circe.py:runtime_stat:{"task_name": "circe", "event": "new_input_file", "filename": "resnet2_storeclass4_33596729imgtigerjobid12.JPEG", "unix_time": 1620589733.7697926}
INFO:ccdag_utils.py:runtime_stat:{"task_name": "storeclass4", "event": "queue_start_process", "filename": "resnet2_storeclass4_33596729imgtigerjobid12.JPEG", "unix_time": 1620589734.5188181}
INFO:ccdag_utils.py:runtime_stat:{"task_name": "storeclass4", "event": "queue_end_process", "filename": "storeclass4_lccenc4_33596729imgtigerjobid12.JPEG", "unix_time": 1620589734.526794}
INFO:circe.py:runtime_stat:{"task_name": "circe", "event": "new_output_file", "filename": "storeclass4_lccenc4_33596729imgtigerjobid12.JPEG", "unix_time": 1620589734.5282385}
DEBUG:transfer.py:sshpass -p PASSWORD scp -P 5000 -o StrictHostKeyChecking=no /jupiter/circe_output/storeclass4_lccenc4_33596729imgtigerjobid12.JPEG root@10.107.168.201:/jupiter/circe_input/
DEBUG:transfer.py:transfer successful!
INFO:circe.py:runtime_stat:{"task_name": "circe", "event": "new_input_file", "filename": "resnet7_storeclass4_29556548imgtigerjobid13.JPEG", "unix_time": 1620589748.1592493}
INFO:ccdag_utils.py:runtime_stat:{"task_name": "storeclass4", "event": "queue_start_process", "filename": "resnet7_storeclass4_29556548imgtigerjobid13.JPEG", "unix_time": 1620589748.5432715}
INFO:circe.py:runtime_stat:{"task_name": "circe", "event": "new_output_file", "filename": "storeclass4_lccenc4_29556548imgtigerjobid13.JPEG", "unix_time": 1620589748.5496166}
DEBUG:transfer.py:sshpass -p PASSWORD scp -P 5000 -o StrictHostKeyChecking=no /jupiter/circe_output/storeclass4_lccenc4_29556548imgtigerjobid13.JPEG root@10.107.168.201:/jupiter/circe_input/
INFO:ccdag_utils.py:runtime_stat:{"task_name": "storeclass4", "event": "queue_end_process", "filename": "storeclass4_lccenc4_29556548imgtigerjobid13.JPEG", "unix_time": 1620589748.5501873}
DEBUG:transfer.py:transfer successful!
INFO:circe.py:runtime_stat:{"task_name": "circe", "event": "new_input_file", "filename": "resnet1_storeclass4_61856345imgtigerjobid14.JPEG", "unix_time": 1620589765.5049345}
INFO:ccdag_utils.py:runtime_stat:{"task_name": "storeclass4", "event": "queue_start_process", "filename": "resnet1_storeclass4_61856345imgtigerjobid14.JPEG", "unix_time": 1620589765.583032}
INFO:ccdag_utils.py:runtime_stat:{"task_name": "storeclass4", "event": "queue_end_process", "filename": "storeclass4_lccenc4_61856345imgtigerjobid14.JPEG", "unix_time": 1620589765.5883875}
INFO:circe.py:runtime_stat:{"task_name": "circe", "event": "new_output_file", "filename": "storeclass4_lccenc4_61856345imgtigerjobid14.JPEG", "unix_time": 1620589765.589963}
DEBUG:transfer.py:sshpass -p PASSWORD scp -P 5000 -o StrictHostKeyChecking=no /jupiter/circe_output/storeclass4_lccenc4_61856345imgtigerjobid14.JPEG root@10.107.168.201:/jupiter/circe_input/
DEBUG:transfer.py:transfer successful!
INFO:circe.py:runtime_stat:{"task_name": "circe", "event": "new_input_file", "filename": "resnet3_storeclass4_13379051imgtigerjobid15.JPEG", "unix_time": 1620589782.3818436}
INFO:ccdag_utils.py:runtime_stat:{"task_name": "storeclass4", "event": "queue_start_process", "filename": "resnet3_storeclass4_13379051imgtigerjobid15.JPEG", "unix_time": 1620589782.6062832}
INFO:ccdag_utils.py:runtime_stat:{"task_name": "storeclass4", "event": "queue_end_process", "filename": "storeclass4_lccenc4_13379051imgtigerjobid15.JPEG", "unix_time": 1620589782.612378}
INFO:circe.py:runtime_stat:{"task_name": "circe", "event": "new_output_file", "filename": "storeclass4_lccenc4_13379051imgtigerjobid15.JPEG", "unix_time": 1620589782.6133785}
DEBUG:transfer.py:sshpass -p PASSWORD scp -P 5000 -o StrictHostKeyChecking=no /jupiter/circe_output/storeclass4_lccenc4_13379051imgtigerjobid15.JPEG root@10.107.168.201:/jupiter/circe_input/
INFO:circe.py:runtime_stat:{"task_name": "circe", "event": "new_input_file", "filename": "resnet4_storeclass4_38760569imgtigerjobid15.JPEG", "unix_time": 1620589782.6743414}
DEBUG:transfer.py:transfer successful!
INFO:ccdag_utils.py:runtime_stat:{"task_name": "storeclass4", "event": "queue_start_process", "filename": "resnet4_storeclass4_38760569imgtigerjobid15.JPEG", "unix_time": 1620589783.6137912}
INFO:circe.py:runtime_stat:{"task_name": "circe", "event": "new_output_file", "filename": "storeclass4_lccenc4_38760569imgtigerjobid15.JPEG", "unix_time": 1620589783.6204302}
INFO:ccdag_utils.py:runtime_stat:{"task_name": "storeclass4", "event": "queue_end_process", "filename": "storeclass4_lccenc4_38760569imgtigerjobid15.JPEG", "unix_time": 1620589783.6207056}
DEBUG:transfer.py:sshpass -p PASSWORD scp -P 5000 -o StrictHostKeyChecking=no /jupiter/circe_output/storeclass4_lccenc4_38760569imgtigerjobid15.JPEG root@10.107.168.201:/jupiter/circe_input/
DEBUG:transfer.py:transfer successful!
INFO:circe.py:runtime_stat:{"task_name": "circe", "event": "new_input_file", "filename": "resnet3_storeclass4_42586684imgtigerjobid17.JPEG", "unix_time": 1620589819.0292842}
INFO:circe.py:runtime_stat:{"task_name": "circe", "event": "new_input_file", "filename": "resnet4_storeclass4_15263256imgtigerjobid17.JPEG", "unix_time": 1620589819.6068268}
INFO:ccdag_utils.py:runtime_stat:{"task_name": "storeclass4", "event": "queue_start_process", "filename": "resnet3_storeclass4_42586684imgtigerjobid17.JPEG", "unix_time": 1620589819.6690493}
INFO:ccdag_utils.py:runtime_stat:{"task_name": "storeclass4", "event": "queue_end_process", "filename": "storeclass4_lccenc4_42586684imgtigerjobid17.JPEG", "unix_time": 1620589819.6705666}
INFO:ccdag_utils.py:runtime_stat:{"task_name": "storeclass4", "event": "queue_start_process", "filename": "resnet4_storeclass4_15263256imgtigerjobid17.JPEG", "unix_time": 1620589819.670866}
INFO:ccdag_utils.py:runtime_stat:{"task_name": "storeclass4", "event": "queue_end_process", "filename": "storeclass4_lccenc4_15263256imgtigerjobid17.JPEG", "unix_time": 1620589819.6721995}
INFO:circe.py:runtime_stat:{"task_name": "circe", "event": "new_output_file", "filename": "storeclass4_lccenc4_42586684imgtigerjobid17.JPEG", "unix_time": 1620589819.6753}
DEBUG:transfer.py:sshpass -p PASSWORD scp -P 5000 -o StrictHostKeyChecking=no /jupiter/circe_output/storeclass4_lccenc4_42586684imgtigerjobid17.JPEG root@10.107.168.201:/jupiter/circe_input/
DEBUG:transfer.py:transfer successful!
INFO:circe.py:runtime_stat:{"task_name": "circe", "event": "new_output_file", "filename": "storeclass4_lccenc4_15263256imgtigerjobid17.JPEG", "unix_time": 1620589819.8972137}
DEBUG:transfer.py:sshpass -p PASSWORD scp -P 5000 -o StrictHostKeyChecking=no /jupiter/circe_output/storeclass4_lccenc4_15263256imgtigerjobid17.JPEG root@10.107.168.201:/jupiter/circe_input/
DEBUG:transfer.py:transfer successful!
INFO:circe.py:runtime_stat:{"task_name": "circe", "event": "new_input_file", "filename": "resnet0_storeclass4_59250357imgtigerjobid18.JPEG", "unix_time": 1620589844.7130926}
INFO:circe.py:runtime_stat:{"task_name": "circe", "event": "new_input_file", "filename": "resnet2_storeclass4_48410240imgtigerjobid18.JPEG", "unix_time": 1620589845.2176468}
INFO:circe.py:runtime_stat:{"task_name": "circe", "event": "new_input_file", "filename": "resnet6_storeclass4_55873110imgtigerjobid18.JPEG", "unix_time": 1620589845.2758477}
INFO:ccdag_utils.py:runtime_stat:{"task_name": "storeclass4", "event": "queue_start_process", "filename": "resnet0_storeclass4_59250357imgtigerjobid18.JPEG", "unix_time": 1620589845.7017376}
INFO:ccdag_utils.py:runtime_stat:{"task_name": "storeclass4", "event": "queue_end_process", "filename": "storeclass4_lccenc4_59250357imgtigerjobid18.JPEG", "unix_time": 1620589845.706506}
INFO:ccdag_utils.py:runtime_stat:{"task_name": "storeclass4", "event": "queue_start_process", "filename": "resnet2_storeclass4_48410240imgtigerjobid18.JPEG", "unix_time": 1620589845.7069063}
INFO:circe.py:runtime_stat:{"task_name": "circe", "event": "new_output_file", "filename": "storeclass4_lccenc4_59250357imgtigerjobid18.JPEG", "unix_time": 1620589845.7079008}
DEBUG:transfer.py:sshpass -p PASSWORD scp -P 5000 -o StrictHostKeyChecking=no /jupiter/circe_output/storeclass4_lccenc4_59250357imgtigerjobid18.JPEG root@10.107.168.201:/jupiter/circe_input/
INFO:ccdag_utils.py:runtime_stat:{"task_name": "storeclass4", "event": "queue_end_process", "filename": "storeclass4_lccenc4_48410240imgtigerjobid18.JPEG", "unix_time": 1620589845.7167895}
INFO:ccdag_utils.py:runtime_stat:{"task_name": "storeclass4", "event": "queue_start_process", "filename": "resnet6_storeclass4_55873110imgtigerjobid18.JPEG", "unix_time": 1620589845.7174203}
INFO:ccdag_utils.py:runtime_stat:{"task_name": "storeclass4", "event": "queue_end_process", "filename": "storeclass4_lccenc4_55873110imgtigerjobid18.JPEG", "unix_time": 1620589845.7212806}
DEBUG:transfer.py:transfer successful!
INFO:circe.py:runtime_stat:{"task_name": "circe", "event": "new_output_file", "filename": "storeclass4_lccenc4_48410240imgtigerjobid18.JPEG", "unix_time": 1620589845.9379125}
DEBUG:transfer.py:sshpass -p PASSWORD scp -P 5000 -o StrictHostKeyChecking=no /jupiter/circe_output/storeclass4_lccenc4_48410240imgtigerjobid18.JPEG root@10.107.168.201:/jupiter/circe_input/
DEBUG:transfer.py:transfer successful!
INFO:circe.py:runtime_stat:{"task_name": "circe", "event": "new_output_file", "filename": "storeclass4_lccenc4_55873110imgtigerjobid18.JPEG", "unix_time": 1620589846.160181}
DEBUG:transfer.py:sshpass -p PASSWORD scp -P 5000 -o StrictHostKeyChecking=no /jupiter/circe_output/storeclass4_lccenc4_55873110imgtigerjobid18.JPEG root@10.107.168.201:/jupiter/circe_input/
DEBUG:transfer.py:transfer successful!
INFO:circe.py:runtime_stat:{"task_name": "circe", "event": "new_input_file", "filename": "resnet6_storeclass4_82473421imgtigerjobid20.JPEG", "unix_time": 1620589889.29387}
INFO:circe.py:runtime_stat:{"task_name": "circe", "event": "new_input_file", "filename": "home_storeclass4_61387354imgtigerjobid20.JPEG", "unix_time": 1620589889.3348339}
INFO:ccdag_utils.py:runtime_stat:{"task_name": "storeclass4", "event": "queue_start_process", "filename": "resnet6_storeclass4_82473421imgtigerjobid20.JPEG", "unix_time": 1620589889.7662148}
INFO:circe.py:runtime_stat:{"task_name": "circe", "event": "new_output_file", "filename": "storeclass4_lccenc4_82473421imgtigerjobid20.JPEG", "unix_time": 1620589889.7683961}
DEBUG:transfer.py:sshpass -p PASSWORD scp -P 5000 -o StrictHostKeyChecking=no /jupiter/circe_output/storeclass4_lccenc4_82473421imgtigerjobid20.JPEG root@10.107.168.201:/jupiter/circe_input/
INFO:ccdag_utils.py:runtime_stat:{"task_name": "storeclass4", "event": "queue_end_process", "filename": "storeclass4_lccenc4_82473421imgtigerjobid20.JPEG", "unix_time": 1620589889.7735908}
INFO:ccdag_utils.py:runtime_stat:{"task_name": "storeclass4", "event": "queue_start_process", "filename": "home_storeclass4_61387354imgtigerjobid20.JPEG", "unix_time": 1620589889.7746696}
INFO:ccdag_utils.py:runtime_stat:{"task_name": "storeclass4", "event": "queue_end_process", "filename": "storeclass4_lccenc4_61387354imgtigerjobid20.JPEG", "unix_time": 1620589889.778221}
INFO:circe.py:runtime_stat:{"task_name": "circe", "event": "new_input_file", "filename": "resnet3_storeclass4_72357474imgtigerjobid20.JPEG", "unix_time": 1620589889.917804}
DEBUG:transfer.py:transfer successful!
INFO:circe.py:runtime_stat:{"task_name": "circe", "event": "new_output_file", "filename": "storeclass4_lccenc4_61387354imgtigerjobid20.JPEG", "unix_time": 1620589890.0083344}
DEBUG:transfer.py:sshpass -p PASSWORD scp -P 5000 -o StrictHostKeyChecking=no /jupiter/circe_output/storeclass4_lccenc4_61387354imgtigerjobid20.JPEG root@10.107.168.201:/jupiter/circe_input/
DEBUG:transfer.py:transfer successful!
INFO:ccdag_utils.py:runtime_stat:{"task_name": "storeclass4", "event": "queue_start_process", "filename": "resnet3_storeclass4_72357474imgtigerjobid20.JPEG", "unix_time": 1620589890.7798433}
INFO:ccdag_utils.py:runtime_stat:{"task_name": "storeclass4", "event": "queue_end_process", "filename": "storeclass4_lccenc4_72357474imgtigerjobid20.JPEG", "unix_time": 1620589890.7851229}
INFO:circe.py:runtime_stat:{"task_name": "circe", "event": "new_output_file", "filename": "storeclass4_lccenc4_72357474imgtigerjobid20.JPEG", "unix_time": 1620589890.785755}
DEBUG:transfer.py:sshpass -p PASSWORD scp -P 5000 -o StrictHostKeyChecking=no /jupiter/circe_output/storeclass4_lccenc4_72357474imgtigerjobid20.JPEG root@10.107.168.201:/jupiter/circe_input/
DEBUG:transfer.py:transfer successful!
INFO:circe.py:runtime_stat:{"task_name": "circe", "event": "new_input_file", "filename": "resnet2_storeclass4_23914975imgtigerjobid21.JPEG", "unix_time": 1620589926.5923116}
INFO:ccdag_utils.py:runtime_stat:{"task_name": "storeclass4", "event": "queue_start_process", "filename": "resnet2_storeclass4_23914975imgtigerjobid21.JPEG", "unix_time": 1620589926.827074}
INFO:circe.py:runtime_stat:{"task_name": "circe", "event": "new_output_file", "filename": "storeclass4_lccenc4_23914975imgtigerjobid21.JPEG", "unix_time": 1620589926.8296163}
INFO:ccdag_utils.py:runtime_stat:{"task_name": "storeclass4", "event": "queue_end_process", "filename": "storeclass4_lccenc4_23914975imgtigerjobid21.JPEG", "unix_time": 1620589926.8299484}
DEBUG:transfer.py:sshpass -p PASSWORD scp -P 5000 -o StrictHostKeyChecking=no /jupiter/circe_output/storeclass4_lccenc4_23914975imgtigerjobid21.JPEG root@10.107.168.201:/jupiter/circe_input/
DEBUG:transfer.py:transfer successful!
INFO:circe.py:runtime_stat:{"task_name": "circe", "event": "new_input_file", "filename": "resnet0_storeclass4_02452345imgtigerjobid28.JPEG", "unix_time": 1620590191.7573519}
INFO:ccdag_utils.py:runtime_stat:{"task_name": "storeclass4", "event": "queue_start_process", "filename": "resnet0_storeclass4_02452345imgtigerjobid28.JPEG", "unix_time": 1620590192.1237984}
INFO:circe.py:runtime_stat:{"task_name": "circe", "event": "new_output_file", "filename": "storeclass4_lccenc4_02452345imgtigerjobid28.JPEG", "unix_time": 1620590192.1305847}
DEBUG:transfer.py:sshpass -p PASSWORD scp -P 5000 -o StrictHostKeyChecking=no /jupiter/circe_output/storeclass4_lccenc4_02452345imgtigerjobid28.JPEG root@10.107.168.201:/jupiter/circe_input/
INFO:ccdag_utils.py:runtime_stat:{"task_name": "storeclass4", "event": "queue_end_process", "filename": "storeclass4_lccenc4_02452345imgtigerjobid28.JPEG", "unix_time": 1620590192.131146}
DEBUG:transfer.py:transfer successful!
INFO:circe.py:runtime_stat:{"task_name": "circe", "event": "new_input_file", "filename": "resnet2_storeclass4_70335115imgtigerjobid29.JPEG", "unix_time": 1620590232.0886974}
INFO:ccdag_utils.py:runtime_stat:{"task_name": "storeclass4", "event": "queue_start_process", "filename": "resnet2_storeclass4_70335115imgtigerjobid29.JPEG", "unix_time": 1620590232.1751103}
INFO:ccdag_utils.py:runtime_stat:{"task_name": "storeclass4", "event": "queue_end_process", "filename": "storeclass4_lccenc4_70335115imgtigerjobid29.JPEG", "unix_time": 1620590232.179365}
INFO:circe.py:runtime_stat:{"task_name": "circe", "event": "new_output_file", "filename": "storeclass4_lccenc4_70335115imgtigerjobid29.JPEG", "unix_time": 1620590232.1806464}
DEBUG:transfer.py:sshpass -p PASSWORD scp -P 5000 -o StrictHostKeyChecking=no /jupiter/circe_output/storeclass4_lccenc4_70335115imgtigerjobid29.JPEG root@10.107.168.201:/jupiter/circe_input/
DEBUG:transfer.py:transfer successful!
