 * Starting OpenBSD Secure Shell server sshd
   ...done.
INFO:circe.py:Using base script lccenc.py
DEBUG:circe.py:starting the input monitoring process
DEBUG:circe.py:starting the output monitoring process
3
INFO:circe.py:runtime_stat:{"task_name": "circe", "event": "new_input_file", "filename": "storeclass3_lccenc3_78099124imgwhitewolfjobid0.JPEG", "unix_time": 1620589255.5197628}
INFO:circe.py:runtime_stat:{"task_name": "circe", "event": "new_input_file", "filename": "storeclass3_lccenc3_37810485imgwhitewolfjobid0.JPEG", "unix_time": 1620589255.740159}
INFO:circe.py:runtime_stat:{"task_name": "circe", "event": "new_input_file", "filename": "storeclass3_lccenc3_89105181imgwhitewolfjobid0.JPEG", "unix_time": 1620589257.5448065}
INFO:circe.py:runtime_stat:{"task_name": "circe", "event": "new_input_file", "filename": "storeclass3_lccenc3_16917738imgwhitewolfjobid0.JPEG", "unix_time": 1620589257.7602088}
INFO:ccdag_utils.py:runtime_stat:{"task_name": "lccenc3", "event": "queue_start_process", "filename": "storeclass3_lccenc3_78099124imgwhitewolfjobid0.JPEG", "unix_time": 1620589258.4703999}
INFO:ccdag_utils.py:runtime_stat:{"task_name": "lccenc3", "event": "queue_start_process", "filename": "storeclass3_lccenc3_37810485imgwhitewolfjobid0.JPEG", "unix_time": 1620589258.470729}
INFO:ccdag_utils.py:runtime_stat:{"task_name": "lccenc3", "event": "queue_start_process", "filename": "storeclass3_lccenc3_89105181imgwhitewolfjobid0.JPEG", "unix_time": 1620589258.470933}
INFO:ccdag_utils.py:runtime_stat:{"task_name": "lccenc3", "event": "queue_start_process", "filename": "storeclass3_lccenc3_16917738imgwhitewolfjobid0.JPEG", "unix_time": 1620589258.471125}
INFO:ccdag_utils.py:runtime_stat:{"task_name": "lccenc3", "event": "queue_end_process", "filename": "lccenc3_score3a_2#78099124-2#37810485-2#89105181-2#16917738jobid2.csv", "unix_time": 1620589261.605422}
INFO:circe.py:runtime_stat:{"task_name": "circe", "event": "new_output_file", "filename": "lccenc3_score3a_2#78099124-2#37810485-2#89105181-2#16917738jobid2.csv", "unix_time": 1620589261.6415958}
DEBUG:transfer.py:sshpass -p PASSWORD scp -P 5000 -o StrictHostKeyChecking=no /jupiter/circe_output/lccenc3_score3a_2#78099124-2#37810485-2#89105181-2#16917738jobid2.csv root@10.106.178.109:/jupiter/circe_input/
Warning: Permanently added '[10.106.178.109]:5000' (ECDSA) to the list of known hosts.
DEBUG:transfer.py:transfer successful!
INFO:ccdag_utils.py:runtime_stat:{"task_name": "lccenc3", "event": "queue_end_process", "filename": "lccenc3_score3b_2#78099124-2#37810485-2#89105181-2#16917738jobid2.csv", "unix_time": 1620589262.6263826}
INFO:circe.py:runtime_stat:{"task_name": "circe", "event": "new_output_file", "filename": "lccenc3_score3b_2#78099124-2#37810485-2#89105181-2#16917738jobid2.csv", "unix_time": 1620589262.6271505}
DEBUG:transfer.py:sshpass -p PASSWORD scp -P 5000 -o StrictHostKeyChecking=no /jupiter/circe_output/lccenc3_score3b_2#78099124-2#37810485-2#89105181-2#16917738jobid2.csv root@10.102.46.174:/jupiter/circe_input/
Warning: Permanently added '[10.102.46.174]:5000' (ECDSA) to the list of known hosts.
DEBUG:transfer.py:transfer successful!
INFO:ccdag_utils.py:runtime_stat:{"task_name": "lccenc3", "event": "queue_end_process", "filename": "lccenc3_score3c_2#78099124-2#37810485-2#89105181-2#16917738jobid2.csv", "unix_time": 1620589263.608571}
INFO:circe.py:runtime_stat:{"task_name": "circe", "event": "new_output_file", "filename": "lccenc3_score3c_2#78099124-2#37810485-2#89105181-2#16917738jobid2.csv", "unix_time": 1620589263.609612}
DEBUG:transfer.py:sshpass -p PASSWORD scp -P 5000 -o StrictHostKeyChecking=no /jupiter/circe_output/lccenc3_score3c_2#78099124-2#37810485-2#89105181-2#16917738jobid2.csv root@10.103.2.123:/jupiter/circe_input/
Warning: Permanently added '[10.103.2.123]:5000' (ECDSA) to the list of known hosts.
DEBUG:transfer.py:transfer successful!
INFO:circe.py:runtime_stat:{"task_name": "circe", "event": "new_input_file", "filename": "storeclass3_lccenc3_63940447imgwhitewolfjobid0.JPEG", "unix_time": 1620589266.5768719}
INFO:circe.py:runtime_stat:{"task_name": "circe", "event": "new_input_file", "filename": "storeclass3_lccenc3_67681670imgwhitewolfjobid0.JPEG", "unix_time": 1620589345.6608155}
INFO:circe.py:runtime_stat:{"task_name": "circe", "event": "new_input_file", "filename": "storeclass3_lccenc3_75343955imgwhitewolfjobid0.JPEG", "unix_time": 1620589369.7056582}
INFO:circe.py:runtime_stat:{"task_name": "circe", "event": "new_input_file", "filename": "storeclass3_lccenc3_86901502imgwhitewolfjobid0.JPEG", "unix_time": 1620589427.7853744}
INFO:ccdag_utils.py:runtime_stat:{"task_name": "lccenc3", "event": "queue_start_process", "filename": "storeclass3_lccenc3_63940447imgwhitewolfjobid0.JPEG", "unix_time": 1620589428.7852259}
INFO:ccdag_utils.py:runtime_stat:{"task_name": "lccenc3", "event": "queue_start_process", "filename": "storeclass3_lccenc3_67681670imgwhitewolfjobid0.JPEG", "unix_time": 1620589428.7857172}
INFO:ccdag_utils.py:runtime_stat:{"task_name": "lccenc3", "event": "queue_start_process", "filename": "storeclass3_lccenc3_75343955imgwhitewolfjobid0.JPEG", "unix_time": 1620589428.786057}
INFO:ccdag_utils.py:runtime_stat:{"task_name": "lccenc3", "event": "queue_start_process", "filename": "storeclass3_lccenc3_86901502imgwhitewolfjobid0.JPEG", "unix_time": 1620589428.786361}
INFO:ccdag_utils.py:runtime_stat:{"task_name": "lccenc3", "event": "queue_end_process", "filename": "lccenc3_score3a_2#63940447-2#67681670-2#75343955-2#86901502jobid2.csv", "unix_time": 1620589430.9570696}
INFO:circe.py:runtime_stat:{"task_name": "circe", "event": "new_output_file", "filename": "lccenc3_score3a_2#63940447-2#67681670-2#75343955-2#86901502jobid2.csv", "unix_time": 1620589430.957916}
DEBUG:transfer.py:sshpass -p PASSWORD scp -P 5000 -o StrictHostKeyChecking=no /jupiter/circe_output/lccenc3_score3a_2#63940447-2#67681670-2#75343955-2#86901502jobid2.csv root@10.106.178.109:/jupiter/circe_input/
DEBUG:transfer.py:transfer successful!
INFO:ccdag_utils.py:runtime_stat:{"task_name": "lccenc3", "event": "queue_end_process", "filename": "lccenc3_score3b_2#63940447-2#67681670-2#75343955-2#86901502jobid2.csv", "unix_time": 1620589431.9505262}
INFO:circe.py:runtime_stat:{"task_name": "circe", "event": "new_output_file", "filename": "lccenc3_score3b_2#63940447-2#67681670-2#75343955-2#86901502jobid2.csv", "unix_time": 1620589431.986468}
DEBUG:transfer.py:sshpass -p PASSWORD scp -P 5000 -o StrictHostKeyChecking=no /jupiter/circe_output/lccenc3_score3b_2#63940447-2#67681670-2#75343955-2#86901502jobid2.csv root@10.102.46.174:/jupiter/circe_input/
DEBUG:transfer.py:transfer successful!
INFO:ccdag_utils.py:runtime_stat:{"task_name": "lccenc3", "event": "queue_end_process", "filename": "lccenc3_score3c_2#63940447-2#67681670-2#75343955-2#86901502jobid2.csv", "unix_time": 1620589432.9312406}
INFO:circe.py:runtime_stat:{"task_name": "circe", "event": "new_output_file", "filename": "lccenc3_score3c_2#63940447-2#67681670-2#75343955-2#86901502jobid2.csv", "unix_time": 1620589432.9322948}
DEBUG:transfer.py:sshpass -p PASSWORD scp -P 5000 -o StrictHostKeyChecking=no /jupiter/circe_output/lccenc3_score3c_2#63940447-2#67681670-2#75343955-2#86901502jobid2.csv root@10.103.2.123:/jupiter/circe_input/
DEBUG:transfer.py:transfer successful!
INFO:circe.py:runtime_stat:{"task_name": "circe", "event": "new_input_file", "filename": "storeclass3_lccenc3_97466216imgwhitewolfjobid0.JPEG", "unix_time": 1620589456.8129365}
INFO:circe.py:runtime_stat:{"task_name": "circe", "event": "new_input_file", "filename": "storeclass3_lccenc3_64678239imgwhitewolfjobid0.JPEG", "unix_time": 1620589487.8568387}
INFO:circe.py:runtime_stat:{"task_name": "circe", "event": "new_input_file", "filename": "storeclass3_lccenc3_23783679imgwhitewolfjobid1.JPEG", "unix_time": 1620589516.910667}
INFO:circe.py:runtime_stat:{"task_name": "circe", "event": "new_input_file", "filename": "storeclass3_lccenc3_37929010imgwhitewolfjobid1.JPEG", "unix_time": 1620589517.1698313}
INFO:circe.py:runtime_stat:{"task_name": "circe", "event": "new_input_file", "filename": "storeclass3_lccenc3_60697141imgwhitewolfjobid1.JPEG", "unix_time": 1620589517.9143429}
INFO:ccdag_utils.py:runtime_stat:{"task_name": "lccenc3", "event": "queue_start_process", "filename": "storeclass3_lccenc3_97466216imgwhitewolfjobid0.JPEG", "unix_time": 1620589518.024156}
INFO:ccdag_utils.py:runtime_stat:{"task_name": "lccenc3", "event": "queue_start_process", "filename": "storeclass3_lccenc3_64678239imgwhitewolfjobid0.JPEG", "unix_time": 1620589518.024542}
INFO:ccdag_utils.py:runtime_stat:{"task_name": "lccenc3", "event": "queue_start_process", "filename": "storeclass3_lccenc3_23783679imgwhitewolfjobid1.JPEG", "unix_time": 1620589518.0247536}
INFO:ccdag_utils.py:runtime_stat:{"task_name": "lccenc3", "event": "queue_start_process", "filename": "storeclass3_lccenc3_37929010imgwhitewolfjobid1.JPEG", "unix_time": 1620589518.02492}
INFO:ccdag_utils.py:runtime_stat:{"task_name": "lccenc3", "event": "queue_end_process", "filename": "lccenc3_score3a_2#97466216-2#64678239-2#23783679-2#37929010jobid1.csv", "unix_time": 1620589519.2065876}
INFO:circe.py:runtime_stat:{"task_name": "circe", "event": "new_output_file", "filename": "lccenc3_score3a_2#97466216-2#64678239-2#23783679-2#37929010jobid1.csv", "unix_time": 1620589519.2177913}
DEBUG:transfer.py:sshpass -p PASSWORD scp -P 5000 -o StrictHostKeyChecking=no /jupiter/circe_output/lccenc3_score3a_2#97466216-2#64678239-2#23783679-2#37929010jobid1.csv root@10.106.178.109:/jupiter/circe_input/
DEBUG:transfer.py:transfer successful!
INFO:ccdag_utils.py:runtime_stat:{"task_name": "lccenc3", "event": "queue_end_process", "filename": "lccenc3_score3b_2#97466216-2#64678239-2#23783679-2#37929010jobid1.csv", "unix_time": 1620589520.3354647}
INFO:circe.py:runtime_stat:{"task_name": "circe", "event": "new_output_file", "filename": "lccenc3_score3b_2#97466216-2#64678239-2#23783679-2#37929010jobid1.csv", "unix_time": 1620589520.3524587}
DEBUG:transfer.py:sshpass -p PASSWORD scp -P 5000 -o StrictHostKeyChecking=no /jupiter/circe_output/lccenc3_score3b_2#97466216-2#64678239-2#23783679-2#37929010jobid1.csv root@10.102.46.174:/jupiter/circe_input/
DEBUG:transfer.py:transfer successful!
INFO:ccdag_utils.py:runtime_stat:{"task_name": "lccenc3", "event": "queue_end_process", "filename": "lccenc3_score3c_2#97466216-2#64678239-2#23783679-2#37929010jobid1.csv", "unix_time": 1620589521.458924}
INFO:circe.py:runtime_stat:{"task_name": "circe", "event": "new_output_file", "filename": "lccenc3_score3c_2#97466216-2#64678239-2#23783679-2#37929010jobid1.csv", "unix_time": 1620589521.4599576}
DEBUG:transfer.py:sshpass -p PASSWORD scp -P 5000 -o StrictHostKeyChecking=no /jupiter/circe_output/lccenc3_score3c_2#97466216-2#64678239-2#23783679-2#37929010jobid1.csv root@10.103.2.123:/jupiter/circe_input/
DEBUG:transfer.py:transfer successful!
INFO:circe.py:runtime_stat:{"task_name": "circe", "event": "new_input_file", "filename": "storeclass3_lccenc3_90817475imgwhitewolfjobid2.JPEG", "unix_time": 1620589552.9466522}
INFO:circe.py:runtime_stat:{"task_name": "circe", "event": "new_input_file", "filename": "storeclass3_lccenc3_66514921imgwhitewolfjobid2.JPEG", "unix_time": 1620589553.9546509}
INFO:circe.py:runtime_stat:{"task_name": "circe", "event": "new_input_file", "filename": "storeclass3_lccenc3_27651698imgwhitewolfjobid3.JPEG", "unix_time": 1620589574.0012329}
INFO:ccdag_utils.py:runtime_stat:{"task_name": "lccenc3", "event": "queue_start_process", "filename": "storeclass3_lccenc3_60697141imgwhitewolfjobid1.JPEG", "unix_time": 1620589574.5141132}
INFO:ccdag_utils.py:runtime_stat:{"task_name": "lccenc3", "event": "queue_start_process", "filename": "storeclass3_lccenc3_90817475imgwhitewolfjobid2.JPEG", "unix_time": 1620589574.514526}
INFO:ccdag_utils.py:runtime_stat:{"task_name": "lccenc3", "event": "queue_start_process", "filename": "storeclass3_lccenc3_66514921imgwhitewolfjobid2.JPEG", "unix_time": 1620589574.5147934}
INFO:ccdag_utils.py:runtime_stat:{"task_name": "lccenc3", "event": "queue_start_process", "filename": "storeclass3_lccenc3_27651698imgwhitewolfjobid3.JPEG", "unix_time": 1620589574.5150208}
INFO:circe.py:runtime_stat:{"task_name": "circe", "event": "new_input_file", "filename": "storeclass3_lccenc3_05908150imgwhitewolfjobid3.JPEG", "unix_time": 1620589575.155098}
INFO:ccdag_utils.py:runtime_stat:{"task_name": "lccenc3", "event": "queue_end_process", "filename": "lccenc3_score3a_2#60697141-2#90817475-2#66514921-2#27651698jobid2.csv", "unix_time": 1620589575.650137}
INFO:circe.py:runtime_stat:{"task_name": "circe", "event": "new_output_file", "filename": "lccenc3_score3a_2#60697141-2#90817475-2#66514921-2#27651698jobid2.csv", "unix_time": 1620589575.6509614}
DEBUG:transfer.py:sshpass -p PASSWORD scp -P 5000 -o StrictHostKeyChecking=no /jupiter/circe_output/lccenc3_score3a_2#60697141-2#90817475-2#66514921-2#27651698jobid2.csv root@10.106.178.109:/jupiter/circe_input/
DEBUG:transfer.py:transfer successful!
INFO:ccdag_utils.py:runtime_stat:{"task_name": "lccenc3", "event": "queue_end_process", "filename": "lccenc3_score3b_2#60697141-2#90817475-2#66514921-2#27651698jobid2.csv", "unix_time": 1620589576.6439738}
INFO:circe.py:runtime_stat:{"task_name": "circe", "event": "new_output_file", "filename": "lccenc3_score3b_2#60697141-2#90817475-2#66514921-2#27651698jobid2.csv", "unix_time": 1620589576.645212}
DEBUG:transfer.py:sshpass -p PASSWORD scp -P 5000 -o StrictHostKeyChecking=no /jupiter/circe_output/lccenc3_score3b_2#60697141-2#90817475-2#66514921-2#27651698jobid2.csv root@10.102.46.174:/jupiter/circe_input/
DEBUG:transfer.py:transfer successful!
INFO:ccdag_utils.py:runtime_stat:{"task_name": "lccenc3", "event": "queue_end_process", "filename": "lccenc3_score3c_2#60697141-2#90817475-2#66514921-2#27651698jobid2.csv", "unix_time": 1620589577.6229804}
INFO:circe.py:runtime_stat:{"task_name": "circe", "event": "new_output_file", "filename": "lccenc3_score3c_2#60697141-2#90817475-2#66514921-2#27651698jobid2.csv", "unix_time": 1620589577.6239846}
DEBUG:transfer.py:sshpass -p PASSWORD scp -P 5000 -o StrictHostKeyChecking=no /jupiter/circe_output/lccenc3_score3c_2#60697141-2#90817475-2#66514921-2#27651698jobid2.csv root@10.103.2.123:/jupiter/circe_input/
DEBUG:transfer.py:transfer successful!
INFO:circe.py:runtime_stat:{"task_name": "circe", "event": "new_input_file", "filename": "storeclass3_lccenc3_91646273imgwhitewolfjobid5.JPEG", "unix_time": 1620589616.064923}
INFO:circe.py:runtime_stat:{"task_name": "circe", "event": "new_input_file", "filename": "storeclass3_lccenc3_08481825imgwhitewolfjobid5.JPEG", "unix_time": 1620589616.2884004}
INFO:circe.py:runtime_stat:{"task_name": "circe", "event": "new_input_file", "filename": "storeclass3_lccenc3_28043154imgwhitewolfjobid6.JPEG", "unix_time": 1620589633.0972626}
INFO:ccdag_utils.py:runtime_stat:{"task_name": "lccenc3", "event": "queue_start_process", "filename": "storeclass3_lccenc3_05908150imgwhitewolfjobid3.JPEG", "unix_time": 1620589633.679769}
INFO:ccdag_utils.py:runtime_stat:{"task_name": "lccenc3", "event": "queue_start_process", "filename": "storeclass3_lccenc3_91646273imgwhitewolfjobid5.JPEG", "unix_time": 1620589633.6801088}
INFO:ccdag_utils.py:runtime_stat:{"task_name": "lccenc3", "event": "queue_start_process", "filename": "storeclass3_lccenc3_08481825imgwhitewolfjobid5.JPEG", "unix_time": 1620589633.6803408}
INFO:ccdag_utils.py:runtime_stat:{"task_name": "lccenc3", "event": "queue_start_process", "filename": "storeclass3_lccenc3_28043154imgwhitewolfjobid6.JPEG", "unix_time": 1620589633.6805558}
INFO:ccdag_utils.py:runtime_stat:{"task_name": "lccenc3", "event": "queue_end_process", "filename": "lccenc3_score3a_2#05908150-2#91646273-2#08481825-2#28043154jobid3.csv", "unix_time": 1620589634.864336}
INFO:circe.py:runtime_stat:{"task_name": "circe", "event": "new_output_file", "filename": "lccenc3_score3a_2#05908150-2#91646273-2#08481825-2#28043154jobid3.csv", "unix_time": 1620589634.8746798}
DEBUG:transfer.py:sshpass -p PASSWORD scp -P 5000 -o StrictHostKeyChecking=no /jupiter/circe_output/lccenc3_score3a_2#05908150-2#91646273-2#08481825-2#28043154jobid3.csv root@10.106.178.109:/jupiter/circe_input/
DEBUG:transfer.py:transfer successful!
INFO:ccdag_utils.py:runtime_stat:{"task_name": "lccenc3", "event": "queue_end_process", "filename": "lccenc3_score3b_2#05908150-2#91646273-2#08481825-2#28043154jobid3.csv", "unix_time": 1620589635.9762988}
INFO:circe.py:runtime_stat:{"task_name": "circe", "event": "new_output_file", "filename": "lccenc3_score3b_2#05908150-2#91646273-2#08481825-2#28043154jobid3.csv", "unix_time": 1620589635.9773273}
DEBUG:transfer.py:sshpass -p PASSWORD scp -P 5000 -o StrictHostKeyChecking=no /jupiter/circe_output/lccenc3_score3b_2#05908150-2#91646273-2#08481825-2#28043154jobid3.csv root@10.102.46.174:/jupiter/circe_input/
DEBUG:transfer.py:transfer successful!
INFO:ccdag_utils.py:runtime_stat:{"task_name": "lccenc3", "event": "queue_end_process", "filename": "lccenc3_score3c_2#05908150-2#91646273-2#08481825-2#28043154jobid3.csv", "unix_time": 1620589636.9714265}
INFO:circe.py:runtime_stat:{"task_name": "circe", "event": "new_output_file", "filename": "lccenc3_score3c_2#05908150-2#91646273-2#08481825-2#28043154jobid3.csv", "unix_time": 1620589636.9724598}
DEBUG:transfer.py:sshpass -p PASSWORD scp -P 5000 -o StrictHostKeyChecking=no /jupiter/circe_output/lccenc3_score3c_2#05908150-2#91646273-2#08481825-2#28043154jobid3.csv root@10.103.2.123:/jupiter/circe_input/
DEBUG:transfer.py:transfer successful!
INFO:circe.py:runtime_stat:{"task_name": "circe", "event": "new_input_file", "filename": "storeclass3_lccenc3_48644987imgwhitewolfjobid7.JPEG", "unix_time": 1620589650.1378665}
INFO:circe.py:runtime_stat:{"task_name": "circe", "event": "new_input_file", "filename": "storeclass3_lccenc3_50031571imgwhitewolfjobid9.JPEG", "unix_time": 1620589684.224379}
INFO:circe.py:runtime_stat:{"task_name": "circe", "event": "new_input_file", "filename": "storeclass3_lccenc3_53356595imgwhitewolfjobid11.JPEG", "unix_time": 1620589715.2489092}
INFO:circe.py:runtime_stat:{"task_name": "circe", "event": "new_input_file", "filename": "storeclass3_lccenc3_97116701imgwhitewolfjobid11.JPEG", "unix_time": 1620589715.4578764}
INFO:ccdag_utils.py:runtime_stat:{"task_name": "lccenc3", "event": "queue_start_process", "filename": "storeclass3_lccenc3_48644987imgwhitewolfjobid7.JPEG", "unix_time": 1620589716.0550473}
INFO:ccdag_utils.py:runtime_stat:{"task_name": "lccenc3", "event": "queue_start_process", "filename": "storeclass3_lccenc3_50031571imgwhitewolfjobid9.JPEG", "unix_time": 1620589716.0553844}
INFO:ccdag_utils.py:runtime_stat:{"task_name": "lccenc3", "event": "queue_start_process", "filename": "storeclass3_lccenc3_53356595imgwhitewolfjobid11.JPEG", "unix_time": 1620589716.0555692}
INFO:ccdag_utils.py:runtime_stat:{"task_name": "lccenc3", "event": "queue_start_process", "filename": "storeclass3_lccenc3_97116701imgwhitewolfjobid11.JPEG", "unix_time": 1620589716.0557928}
INFO:ccdag_utils.py:runtime_stat:{"task_name": "lccenc3", "event": "queue_end_process", "filename": "lccenc3_score3a_2#48644987-2#50031571-2#53356595-2#97116701jobid4.csv", "unix_time": 1620589717.1960435}
INFO:circe.py:runtime_stat:{"task_name": "circe", "event": "new_output_file", "filename": "lccenc3_score3a_2#48644987-2#50031571-2#53356595-2#97116701jobid4.csv", "unix_time": 1620589717.2315168}
DEBUG:transfer.py:sshpass -p PASSWORD scp -P 5000 -o StrictHostKeyChecking=no /jupiter/circe_output/lccenc3_score3a_2#48644987-2#50031571-2#53356595-2#97116701jobid4.csv root@10.106.178.109:/jupiter/circe_input/
DEBUG:transfer.py:transfer successful!
INFO:circe.py:runtime_stat:{"task_name": "circe", "event": "new_output_file", "filename": "lccenc3_score3b_2#48644987-2#50031571-2#53356595-2#97116701jobid4.csv", "unix_time": 1620589718.2713804}
DEBUG:transfer.py:sshpass -p PASSWORD scp -P 5000 -o StrictHostKeyChecking=no /jupiter/circe_output/lccenc3_score3b_2#48644987-2#50031571-2#53356595-2#97116701jobid4.csv root@10.102.46.174:/jupiter/circe_input/
INFO:ccdag_utils.py:runtime_stat:{"task_name": "lccenc3", "event": "queue_end_process", "filename": "lccenc3_score3b_2#48644987-2#50031571-2#53356595-2#97116701jobid4.csv", "unix_time": 1620589718.2841039}
DEBUG:transfer.py:transfer successful!
INFO:ccdag_utils.py:runtime_stat:{"task_name": "lccenc3", "event": "queue_end_process", "filename": "lccenc3_score3c_2#48644987-2#50031571-2#53356595-2#97116701jobid4.csv", "unix_time": 1620589719.325783}
INFO:circe.py:runtime_stat:{"task_name": "circe", "event": "new_output_file", "filename": "lccenc3_score3c_2#48644987-2#50031571-2#53356595-2#97116701jobid4.csv", "unix_time": 1620589719.3265398}
DEBUG:transfer.py:sshpass -p PASSWORD scp -P 5000 -o StrictHostKeyChecking=no /jupiter/circe_output/lccenc3_score3c_2#48644987-2#50031571-2#53356595-2#97116701jobid4.csv root@10.103.2.123:/jupiter/circe_input/
DEBUG:transfer.py:transfer successful!
INFO:circe.py:runtime_stat:{"task_name": "circe", "event": "new_input_file", "filename": "storeclass3_lccenc3_03701482imgwhitewolfjobid12.JPEG", "unix_time": 1620589733.2721393}
INFO:circe.py:runtime_stat:{"task_name": "circe", "event": "new_input_file", "filename": "storeclass3_lccenc3_90147438imgwhitewolfjobid13.JPEG", "unix_time": 1620589749.2934325}
INFO:circe.py:runtime_stat:{"task_name": "circe", "event": "new_input_file", "filename": "storeclass3_lccenc3_95019200imgwhitewolfjobid13.JPEG", "unix_time": 1620589750.2904496}
INFO:circe.py:runtime_stat:{"task_name": "circe", "event": "new_input_file", "filename": "storeclass3_lccenc3_96278549imgwhitewolfjobid16.JPEG", "unix_time": 1620589799.402132}
INFO:ccdag_utils.py:runtime_stat:{"task_name": "lccenc3", "event": "queue_start_process", "filename": "storeclass3_lccenc3_03701482imgwhitewolfjobid12.JPEG", "unix_time": 1620589799.4140255}
INFO:ccdag_utils.py:runtime_stat:{"task_name": "lccenc3", "event": "queue_start_process", "filename": "storeclass3_lccenc3_90147438imgwhitewolfjobid13.JPEG", "unix_time": 1620589799.4149642}
INFO:ccdag_utils.py:runtime_stat:{"task_name": "lccenc3", "event": "queue_start_process", "filename": "storeclass3_lccenc3_95019200imgwhitewolfjobid13.JPEG", "unix_time": 1620589799.4154806}
INFO:ccdag_utils.py:runtime_stat:{"task_name": "lccenc3", "event": "queue_start_process", "filename": "storeclass3_lccenc3_96278549imgwhitewolfjobid16.JPEG", "unix_time": 1620589799.4159088}
INFO:circe.py:runtime_stat:{"task_name": "circe", "event": "new_output_file", "filename": "lccenc3_score3a_2#03701482-2#90147438-2#95019200-2#96278549jobid5.csv", "unix_time": 1620589800.6513913}
DEBUG:transfer.py:sshpass -p PASSWORD scp -P 5000 -o StrictHostKeyChecking=no /jupiter/circe_output/lccenc3_score3a_2#03701482-2#90147438-2#95019200-2#96278549jobid5.csv root@10.106.178.109:/jupiter/circe_input/
INFO:ccdag_utils.py:runtime_stat:{"task_name": "lccenc3", "event": "queue_end_process", "filename": "lccenc3_score3a_2#03701482-2#90147438-2#95019200-2#96278549jobid5.csv", "unix_time": 1620589800.655682}
DEBUG:transfer.py:transfer successful!
INFO:ccdag_utils.py:runtime_stat:{"task_name": "lccenc3", "event": "queue_end_process", "filename": "lccenc3_score3b_2#03701482-2#90147438-2#95019200-2#96278549jobid5.csv", "unix_time": 1620589801.8182664}
INFO:circe.py:runtime_stat:{"task_name": "circe", "event": "new_output_file", "filename": "lccenc3_score3b_2#03701482-2#90147438-2#95019200-2#96278549jobid5.csv", "unix_time": 1620589801.8289545}
DEBUG:transfer.py:sshpass -p PASSWORD scp -P 5000 -o StrictHostKeyChecking=no /jupiter/circe_output/lccenc3_score3b_2#03701482-2#90147438-2#95019200-2#96278549jobid5.csv root@10.102.46.174:/jupiter/circe_input/
DEBUG:transfer.py:transfer successful!
INFO:circe.py:runtime_stat:{"task_name": "circe", "event": "new_output_file", "filename": "lccenc3_score3c_2#03701482-2#90147438-2#95019200-2#96278549jobid5.csv", "unix_time": 1620589802.982451}
DEBUG:transfer.py:sshpass -p PASSWORD scp -P 5000 -o StrictHostKeyChecking=no /jupiter/circe_output/lccenc3_score3c_2#03701482-2#90147438-2#95019200-2#96278549jobid5.csv root@10.103.2.123:/jupiter/circe_input/
INFO:ccdag_utils.py:runtime_stat:{"task_name": "lccenc3", "event": "queue_end_process", "filename": "lccenc3_score3c_2#03701482-2#90147438-2#95019200-2#96278549jobid5.csv", "unix_time": 1620589802.991795}
DEBUG:transfer.py:transfer successful!
INFO:circe.py:runtime_stat:{"task_name": "circe", "event": "new_input_file", "filename": "storeclass3_lccenc3_92477709imgwhitewolfjobid18.JPEG", "unix_time": 1620589845.4390562}
INFO:circe.py:runtime_stat:{"task_name": "circe", "event": "new_input_file", "filename": "storeclass3_lccenc3_06433455imgwhitewolfjobid18.JPEG", "unix_time": 1620589846.4463575}
INFO:circe.py:runtime_stat:{"task_name": "circe", "event": "new_input_file", "filename": "storeclass3_lccenc3_57715521imgwhitewolfjobid21.JPEG", "unix_time": 1620589926.5368679}
INFO:circe.py:runtime_stat:{"task_name": "circe", "event": "new_input_file", "filename": "storeclass3_lccenc3_36985629imgwhitewolfjobid21.JPEG", "unix_time": 1620589927.5549054}
INFO:ccdag_utils.py:runtime_stat:{"task_name": "lccenc3", "event": "queue_start_process", "filename": "storeclass3_lccenc3_92477709imgwhitewolfjobid18.JPEG", "unix_time": 1620589928.1329916}
INFO:ccdag_utils.py:runtime_stat:{"task_name": "lccenc3", "event": "queue_start_process", "filename": "storeclass3_lccenc3_06433455imgwhitewolfjobid18.JPEG", "unix_time": 1620589928.1333477}
INFO:ccdag_utils.py:runtime_stat:{"task_name": "lccenc3", "event": "queue_start_process", "filename": "storeclass3_lccenc3_57715521imgwhitewolfjobid21.JPEG", "unix_time": 1620589928.1335487}
INFO:ccdag_utils.py:runtime_stat:{"task_name": "lccenc3", "event": "queue_start_process", "filename": "storeclass3_lccenc3_36985629imgwhitewolfjobid21.JPEG", "unix_time": 1620589928.13373}
INFO:ccdag_utils.py:runtime_stat:{"task_name": "lccenc3", "event": "queue_end_process", "filename": "lccenc3_score3a_2#92477709-2#06433455-2#57715521-2#36985629jobid6.csv", "unix_time": 1620589929.3525622}
INFO:circe.py:runtime_stat:{"task_name": "circe", "event": "new_output_file", "filename": "lccenc3_score3a_2#92477709-2#06433455-2#57715521-2#36985629jobid6.csv", "unix_time": 1620589929.3534923}
DEBUG:transfer.py:sshpass -p PASSWORD scp -P 5000 -o StrictHostKeyChecking=no /jupiter/circe_output/lccenc3_score3a_2#92477709-2#06433455-2#57715521-2#36985629jobid6.csv root@10.106.178.109:/jupiter/circe_input/
DEBUG:transfer.py:transfer successful!
INFO:ccdag_utils.py:runtime_stat:{"task_name": "lccenc3", "event": "queue_end_process", "filename": "lccenc3_score3b_2#92477709-2#06433455-2#57715521-2#36985629jobid6.csv", "unix_time": 1620589930.3355687}
INFO:circe.py:runtime_stat:{"task_name": "circe", "event": "new_output_file", "filename": "lccenc3_score3b_2#92477709-2#06433455-2#57715521-2#36985629jobid6.csv", "unix_time": 1620589930.3366199}
DEBUG:transfer.py:sshpass -p PASSWORD scp -P 5000 -o StrictHostKeyChecking=no /jupiter/circe_output/lccenc3_score3b_2#92477709-2#06433455-2#57715521-2#36985629jobid6.csv root@10.102.46.174:/jupiter/circe_input/
DEBUG:transfer.py:transfer successful!
INFO:circe.py:runtime_stat:{"task_name": "circe", "event": "new_output_file", "filename": "lccenc3_score3c_2#92477709-2#06433455-2#57715521-2#36985629jobid6.csv", "unix_time": 1620589931.320241}
INFO:ccdag_utils.py:runtime_stat:{"task_name": "lccenc3", "event": "queue_end_process", "filename": "lccenc3_score3c_2#92477709-2#06433455-2#57715521-2#36985629jobid6.csv", "unix_time": 1620589931.320557}
DEBUG:transfer.py:sshpass -p PASSWORD scp -P 5000 -o StrictHostKeyChecking=no /jupiter/circe_output/lccenc3_score3c_2#92477709-2#06433455-2#57715521-2#36985629jobid6.csv root@10.103.2.123:/jupiter/circe_input/
DEBUG:transfer.py:transfer successful!
INFO:circe.py:runtime_stat:{"task_name": "circe", "event": "new_input_file", "filename": "storeclass3_lccenc3_18945967imgwhitewolfjobid22.JPEG", "unix_time": 1620589971.6232386}
INFO:circe.py:runtime_stat:{"task_name": "circe", "event": "new_input_file", "filename": "storeclass3_lccenc3_31235906imgwhitewolfjobid22.JPEG", "unix_time": 1620589971.8464537}
INFO:circe.py:runtime_stat:{"task_name": "circe", "event": "new_input_file", "filename": "storeclass3_lccenc3_82679283imgwhitewolfjobid22.JPEG", "unix_time": 1620589972.0660436}
INFO:circe.py:runtime_stat:{"task_name": "circe", "event": "new_input_file", "filename": "storeclass3_lccenc3_36534583imgwhitewolfjobid23.JPEG", "unix_time": 1620590001.7118518}
INFO:circe.py:runtime_stat:{"task_name": "circe", "event": "new_input_file", "filename": "storeclass3_lccenc3_29111520imgwhitewolfjobid23.JPEG", "unix_time": 1620590001.934575}
INFO:ccdag_utils.py:runtime_stat:{"task_name": "lccenc3", "event": "queue_start_process", "filename": "storeclass3_lccenc3_18945967imgwhitewolfjobid22.JPEG", "unix_time": 1620590002.3929534}
INFO:ccdag_utils.py:runtime_stat:{"task_name": "lccenc3", "event": "queue_start_process", "filename": "storeclass3_lccenc3_31235906imgwhitewolfjobid22.JPEG", "unix_time": 1620590002.3933547}
INFO:ccdag_utils.py:runtime_stat:{"task_name": "lccenc3", "event": "queue_start_process", "filename": "storeclass3_lccenc3_82679283imgwhitewolfjobid22.JPEG", "unix_time": 1620590002.3936217}
INFO:ccdag_utils.py:runtime_stat:{"task_name": "lccenc3", "event": "queue_start_process", "filename": "storeclass3_lccenc3_36534583imgwhitewolfjobid23.JPEG", "unix_time": 1620590002.3939354}
INFO:circe.py:runtime_stat:{"task_name": "circe", "event": "new_input_file", "filename": "storeclass3_lccenc3_01837077imgwhitewolfjobid23.JPEG", "unix_time": 1620590003.0562572}
INFO:circe.py:runtime_stat:{"task_name": "circe", "event": "new_output_file", "filename": "lccenc3_score3a_2#18945967-2#31235906-2#82679283-2#36534583jobid7.csv", "unix_time": 1620590003.566898}
DEBUG:transfer.py:sshpass -p PASSWORD scp -P 5000 -o StrictHostKeyChecking=no /jupiter/circe_output/lccenc3_score3a_2#18945967-2#31235906-2#82679283-2#36534583jobid7.csv root@10.106.178.109:/jupiter/circe_input/
INFO:ccdag_utils.py:runtime_stat:{"task_name": "lccenc3", "event": "queue_end_process", "filename": "lccenc3_score3a_2#18945967-2#31235906-2#82679283-2#36534583jobid7.csv", "unix_time": 1620590003.5715468}
DEBUG:transfer.py:transfer successful!
INFO:ccdag_utils.py:runtime_stat:{"task_name": "lccenc3", "event": "queue_end_process", "filename": "lccenc3_score3b_2#18945967-2#31235906-2#82679283-2#36534583jobid7.csv", "unix_time": 1620590004.558913}
INFO:circe.py:runtime_stat:{"task_name": "circe", "event": "new_output_file", "filename": "lccenc3_score3b_2#18945967-2#31235906-2#82679283-2#36534583jobid7.csv", "unix_time": 1620590004.559937}
DEBUG:transfer.py:sshpass -p PASSWORD scp -P 5000 -o StrictHostKeyChecking=no /jupiter/circe_output/lccenc3_score3b_2#18945967-2#31235906-2#82679283-2#36534583jobid7.csv root@10.102.46.174:/jupiter/circe_input/
DEBUG:transfer.py:transfer successful!
INFO:ccdag_utils.py:runtime_stat:{"task_name": "lccenc3", "event": "queue_end_process", "filename": "lccenc3_score3c_2#18945967-2#31235906-2#82679283-2#36534583jobid7.csv", "unix_time": 1620590005.5573757}
INFO:circe.py:runtime_stat:{"task_name": "circe", "event": "new_output_file", "filename": "lccenc3_score3c_2#18945967-2#31235906-2#82679283-2#36534583jobid7.csv", "unix_time": 1620590005.5583897}
DEBUG:transfer.py:sshpass -p PASSWORD scp -P 5000 -o StrictHostKeyChecking=no /jupiter/circe_output/lccenc3_score3c_2#18945967-2#31235906-2#82679283-2#36534583jobid7.csv root@10.103.2.123:/jupiter/circe_input/
DEBUG:transfer.py:transfer successful!
INFO:circe.py:runtime_stat:{"task_name": "circe", "event": "new_input_file", "filename": "storeclass3_lccenc3_12125340imgwhitewolfjobid24.JPEG", "unix_time": 1620590040.7298653}
INFO:circe.py:runtime_stat:{"task_name": "circe", "event": "new_input_file", "filename": "storeclass3_lccenc3_22266274imgwhitewolfjobid27.JPEG", "unix_time": 1620590152.8447924}
INFO:ccdag_utils.py:runtime_stat:{"task_name": "lccenc3", "event": "queue_start_process", "filename": "storeclass3_lccenc3_29111520imgwhitewolfjobid23.JPEG", "unix_time": 1620590153.711212}
INFO:ccdag_utils.py:runtime_stat:{"task_name": "lccenc3", "event": "queue_start_process", "filename": "storeclass3_lccenc3_01837077imgwhitewolfjobid23.JPEG", "unix_time": 1620590153.7117684}
INFO:ccdag_utils.py:runtime_stat:{"task_name": "lccenc3", "event": "queue_start_process", "filename": "storeclass3_lccenc3_12125340imgwhitewolfjobid24.JPEG", "unix_time": 1620590153.7122295}
INFO:ccdag_utils.py:runtime_stat:{"task_name": "lccenc3", "event": "queue_start_process", "filename": "storeclass3_lccenc3_22266274imgwhitewolfjobid27.JPEG", "unix_time": 1620590153.7125924}
INFO:ccdag_utils.py:runtime_stat:{"task_name": "lccenc3", "event": "queue_end_process", "filename": "lccenc3_score3a_2#29111520-2#01837077-2#12125340-2#22266274jobid8.csv", "unix_time": 1620590154.8464136}
INFO:circe.py:runtime_stat:{"task_name": "circe", "event": "new_output_file", "filename": "lccenc3_score3a_2#29111520-2#01837077-2#12125340-2#22266274jobid8.csv", "unix_time": 1620590154.8472736}
DEBUG:transfer.py:sshpass -p PASSWORD scp -P 5000 -o StrictHostKeyChecking=no /jupiter/circe_output/lccenc3_score3a_2#29111520-2#01837077-2#12125340-2#22266274jobid8.csv root@10.106.178.109:/jupiter/circe_input/
DEBUG:transfer.py:transfer successful!
INFO:ccdag_utils.py:runtime_stat:{"task_name": "lccenc3", "event": "queue_end_process", "filename": "lccenc3_score3b_2#29111520-2#01837077-2#12125340-2#22266274jobid8.csv", "unix_time": 1620590155.873845}
INFO:circe.py:runtime_stat:{"task_name": "circe", "event": "new_output_file", "filename": "lccenc3_score3b_2#29111520-2#01837077-2#12125340-2#22266274jobid8.csv", "unix_time": 1620590155.8747518}
DEBUG:transfer.py:sshpass -p PASSWORD scp -P 5000 -o StrictHostKeyChecking=no /jupiter/circe_output/lccenc3_score3b_2#29111520-2#01837077-2#12125340-2#22266274jobid8.csv root@10.102.46.174:/jupiter/circe_input/
DEBUG:transfer.py:transfer successful!
INFO:ccdag_utils.py:runtime_stat:{"task_name": "lccenc3", "event": "queue_end_process", "filename": "lccenc3_score3c_2#29111520-2#01837077-2#12125340-2#22266274jobid8.csv", "unix_time": 1620590156.8521717}
INFO:circe.py:runtime_stat:{"task_name": "circe", "event": "new_output_file", "filename": "lccenc3_score3c_2#29111520-2#01837077-2#12125340-2#22266274jobid8.csv", "unix_time": 1620590156.8531013}
DEBUG:transfer.py:sshpass -p PASSWORD scp -P 5000 -o StrictHostKeyChecking=no /jupiter/circe_output/lccenc3_score3c_2#29111520-2#01837077-2#12125340-2#22266274jobid8.csv root@10.103.2.123:/jupiter/circe_input/
DEBUG:transfer.py:transfer successful!
INFO:circe.py:runtime_stat:{"task_name": "circe", "event": "new_input_file", "filename": "storeclass3_lccenc3_54306553imgwhitewolfjobid28.JPEG", "unix_time": 1620590191.9105887}
INFO:circe.py:runtime_stat:{"task_name": "circe", "event": "new_input_file", "filename": "storeclass3_lccenc3_16101385imgwhitewolfjobid28.JPEG", "unix_time": 1620590192.9370906}
INFO:circe.py:runtime_stat:{"task_name": "circe", "event": "new_input_file", "filename": "storeclass3_lccenc3_79442787imgwhitewolfjobid29.JPEG", "unix_time": 1620590232.962457}
INFO:circe.py:runtime_stat:{"task_name": "circe", "event": "new_input_file", "filename": "storeclass3_lccenc3_15627817imgwhitewolfjobid31.JPEG", "unix_time": 1620590306.1125731}
INFO:ccdag_utils.py:runtime_stat:{"task_name": "lccenc3", "event": "queue_start_process", "filename": "storeclass3_lccenc3_54306553imgwhitewolfjobid28.JPEG", "unix_time": 1620590307.0108414}
INFO:ccdag_utils.py:runtime_stat:{"task_name": "lccenc3", "event": "queue_start_process", "filename": "storeclass3_lccenc3_16101385imgwhitewolfjobid28.JPEG", "unix_time": 1620590307.0112834}
INFO:ccdag_utils.py:runtime_stat:{"task_name": "lccenc3", "event": "queue_start_process", "filename": "storeclass3_lccenc3_79442787imgwhitewolfjobid29.JPEG", "unix_time": 1620590307.0119462}
INFO:ccdag_utils.py:runtime_stat:{"task_name": "lccenc3", "event": "queue_start_process", "filename": "storeclass3_lccenc3_15627817imgwhitewolfjobid31.JPEG", "unix_time": 1620590307.0122867}
INFO:circe.py:runtime_stat:{"task_name": "circe", "event": "new_output_file", "filename": "lccenc3_score3a_2#54306553-2#16101385-2#79442787-2#15627817jobid9.csv", "unix_time": 1620590308.200014}
INFO:ccdag_utils.py:runtime_stat:{"task_name": "lccenc3", "event": "queue_end_process", "filename": "lccenc3_score3a_2#54306553-2#16101385-2#79442787-2#15627817jobid9.csv", "unix_time": 1620590308.2004938}
DEBUG:transfer.py:sshpass -p PASSWORD scp -P 5000 -o StrictHostKeyChecking=no /jupiter/circe_output/lccenc3_score3a_2#54306553-2#16101385-2#79442787-2#15627817jobid9.csv root@10.106.178.109:/jupiter/circe_input/
DEBUG:transfer.py:transfer successful!
INFO:circe.py:runtime_stat:{"task_name": "circe", "event": "new_output_file", "filename": "lccenc3_score3b_2#54306553-2#16101385-2#79442787-2#15627817jobid9.csv", "unix_time": 1620590309.3833513}
DEBUG:transfer.py:sshpass -p PASSWORD scp -P 5000 -o StrictHostKeyChecking=no /jupiter/circe_output/lccenc3_score3b_2#54306553-2#16101385-2#79442787-2#15627817jobid9.csv root@10.102.46.174:/jupiter/circe_input/
INFO:ccdag_utils.py:runtime_stat:{"task_name": "lccenc3", "event": "queue_end_process", "filename": "lccenc3_score3b_2#54306553-2#16101385-2#79442787-2#15627817jobid9.csv", "unix_time": 1620590309.3931112}
DEBUG:transfer.py:transfer successful!
INFO:circe.py:runtime_stat:{"task_name": "circe", "event": "new_output_file", "filename": "lccenc3_score3c_2#54306553-2#16101385-2#79442787-2#15627817jobid9.csv", "unix_time": 1620590310.6072617}
DEBUG:transfer.py:sshpass -p PASSWORD scp -P 5000 -o StrictHostKeyChecking=no /jupiter/circe_output/lccenc3_score3c_2#54306553-2#16101385-2#79442787-2#15627817jobid9.csv root@10.103.2.123:/jupiter/circe_input/
INFO:ccdag_utils.py:runtime_stat:{"task_name": "lccenc3", "event": "queue_end_process", "filename": "lccenc3_score3c_2#54306553-2#16101385-2#79442787-2#15627817jobid9.csv", "unix_time": 1620590310.6198535}
DEBUG:transfer.py:transfer successful!
INFO:circe.py:runtime_stat:{"task_name": "circe", "event": "new_input_file", "filename": "storeclass3_lccenc3_92897237imgwhitewolfjobid33.JPEG", "unix_time": 1620590396.1505392}
