 * Starting OpenBSD Secure Shell server sshd
   ...done.
INFO:circe.py:Using base script storeclass.py
DEBUG:circe.py:starting the input monitoring process
DEBUG:circe.py:starting the output monitoring process
INFO:circe.py:runtime_stat:{"task_name": "circe", "event": "new_input_file", "filename": "resnet1_storeclass7_93962419imgleopardjobid0.JPEG", "unix_time": 1620589311.704467}
INFO:ccdag_utils.py:runtime_stat:{"task_name": "storeclass7", "event": "queue_start_process", "filename": "resnet1_storeclass7_93962419imgleopardjobid0.JPEG", "unix_time": 1620589312.0140843}
INFO:ccdag_utils.py:runtime_stat:{"task_name": "storeclass7", "event": "queue_end_process", "filename": "storeclass7_lccenc7_93962419imgleopardjobid0.JPEG", "unix_time": 1620589312.0186076}
INFO:circe.py:runtime_stat:{"task_name": "circe", "event": "new_output_file", "filename": "storeclass7_lccenc7_93962419imgleopardjobid0.JPEG", "unix_time": 1620589312.019365}
DEBUG:transfer.py:sshpass -p PASSWORD scp -P 5000 -o StrictHostKeyChecking=no /jupiter/circe_output/storeclass7_lccenc7_93962419imgleopardjobid0.JPEG root@10.100.34.136:/jupiter/circe_input/
Warning: Permanently added '[10.100.34.136]:5000' (ECDSA) to the list of known hosts.
DEBUG:transfer.py:transfer successful!
INFO:circe.py:runtime_stat:{"task_name": "circe", "event": "new_input_file", "filename": "resnet2_storeclass7_90092041imgleopardjobid0.JPEG", "unix_time": 1620589312.2484813}
INFO:ccdag_utils.py:runtime_stat:{"task_name": "storeclass7", "event": "queue_start_process", "filename": "resnet2_storeclass7_90092041imgleopardjobid0.JPEG", "unix_time": 1620589313.019824}
INFO:ccdag_utils.py:runtime_stat:{"task_name": "storeclass7", "event": "queue_end_process", "filename": "storeclass7_lccenc7_90092041imgleopardjobid0.JPEG", "unix_time": 1620589313.021371}
INFO:circe.py:runtime_stat:{"task_name": "circe", "event": "new_output_file", "filename": "storeclass7_lccenc7_90092041imgleopardjobid0.JPEG", "unix_time": 1620589313.0225897}
DEBUG:transfer.py:sshpass -p PASSWORD scp -P 5000 -o StrictHostKeyChecking=no /jupiter/circe_output/storeclass7_lccenc7_90092041imgleopardjobid0.JPEG root@10.100.34.136:/jupiter/circe_input/
DEBUG:transfer.py:transfer successful!
INFO:circe.py:runtime_stat:{"task_name": "circe", "event": "new_input_file", "filename": "resnet8_storeclass7_87162309imgleopardjobid0.JPEG", "unix_time": 1620589321.7951725}
INFO:ccdag_utils.py:runtime_stat:{"task_name": "storeclass7", "event": "queue_start_process", "filename": "resnet8_storeclass7_87162309imgleopardjobid0.JPEG", "unix_time": 1620589322.0293732}
INFO:ccdag_utils.py:runtime_stat:{"task_name": "storeclass7", "event": "queue_end_process", "filename": "storeclass7_lccenc7_87162309imgleopardjobid0.JPEG", "unix_time": 1620589322.0329444}
INFO:circe.py:runtime_stat:{"task_name": "circe", "event": "new_output_file", "filename": "storeclass7_lccenc7_87162309imgleopardjobid0.JPEG", "unix_time": 1620589322.0336525}
DEBUG:transfer.py:sshpass -p PASSWORD scp -P 5000 -o StrictHostKeyChecking=no /jupiter/circe_output/storeclass7_lccenc7_87162309imgleopardjobid0.JPEG root@10.100.34.136:/jupiter/circe_input/
DEBUG:transfer.py:transfer successful!
INFO:circe.py:runtime_stat:{"task_name": "circe", "event": "new_input_file", "filename": "resnet2_storeclass7_48253157imgleopardjobid0.JPEG", "unix_time": 1620589341.531712}
INFO:circe.py:runtime_stat:{"task_name": "circe", "event": "new_input_file", "filename": "resnet1_storeclass7_35330881imgleopardjobid0.JPEG", "unix_time": 1620589341.9366302}
INFO:ccdag_utils.py:runtime_stat:{"task_name": "storeclass7", "event": "queue_start_process", "filename": "resnet2_storeclass7_48253157imgleopardjobid0.JPEG", "unix_time": 1620589342.0543704}
INFO:ccdag_utils.py:runtime_stat:{"task_name": "storeclass7", "event": "queue_end_process", "filename": "storeclass7_lccenc7_48253157imgleopardjobid0.JPEG", "unix_time": 1620589342.0623844}
INFO:circe.py:runtime_stat:{"task_name": "circe", "event": "new_output_file", "filename": "storeclass7_lccenc7_48253157imgleopardjobid0.JPEG", "unix_time": 1620589342.063874}
INFO:ccdag_utils.py:runtime_stat:{"task_name": "storeclass7", "event": "queue_start_process", "filename": "resnet1_storeclass7_35330881imgleopardjobid0.JPEG", "unix_time": 1620589342.0642757}
DEBUG:transfer.py:sshpass -p PASSWORD scp -P 5000 -o StrictHostKeyChecking=no /jupiter/circe_output/storeclass7_lccenc7_48253157imgleopardjobid0.JPEG root@10.100.34.136:/jupiter/circe_input/
INFO:ccdag_utils.py:runtime_stat:{"task_name": "storeclass7", "event": "queue_end_process", "filename": "storeclass7_lccenc7_35330881imgleopardjobid0.JPEG", "unix_time": 1620589342.0719206}
DEBUG:transfer.py:transfer successful!
INFO:circe.py:runtime_stat:{"task_name": "circe", "event": "new_output_file", "filename": "storeclass7_lccenc7_35330881imgleopardjobid0.JPEG", "unix_time": 1620589342.2938917}
DEBUG:transfer.py:sshpass -p PASSWORD scp -P 5000 -o StrictHostKeyChecking=no /jupiter/circe_output/storeclass7_lccenc7_35330881imgleopardjobid0.JPEG root@10.100.34.136:/jupiter/circe_input/
DEBUG:transfer.py:transfer successful!
INFO:circe.py:runtime_stat:{"task_name": "circe", "event": "new_input_file", "filename": "resnet4_storeclass7_59420124imgleopardjobid0.JPEG", "unix_time": 1620589344.0473354}
INFO:ccdag_utils.py:runtime_stat:{"task_name": "storeclass7", "event": "queue_start_process", "filename": "resnet4_storeclass7_59420124imgleopardjobid0.JPEG", "unix_time": 1620589344.0757492}
INFO:ccdag_utils.py:runtime_stat:{"task_name": "storeclass7", "event": "queue_end_process", "filename": "storeclass7_lccenc7_59420124imgleopardjobid0.JPEG", "unix_time": 1620589344.0780156}
INFO:circe.py:runtime_stat:{"task_name": "circe", "event": "new_output_file", "filename": "storeclass7_lccenc7_59420124imgleopardjobid0.JPEG", "unix_time": 1620589344.0788841}
DEBUG:transfer.py:sshpass -p PASSWORD scp -P 5000 -o StrictHostKeyChecking=no /jupiter/circe_output/storeclass7_lccenc7_59420124imgleopardjobid0.JPEG root@10.100.34.136:/jupiter/circe_input/
DEBUG:transfer.py:transfer successful!
INFO:circe.py:runtime_stat:{"task_name": "circe", "event": "new_input_file", "filename": "resnet0_storeclass7_76237806imgleopardjobid0.JPEG", "unix_time": 1620589368.6829255}
INFO:ccdag_utils.py:runtime_stat:{"task_name": "storeclass7", "event": "queue_start_process", "filename": "resnet0_storeclass7_76237806imgleopardjobid0.JPEG", "unix_time": 1620589369.102095}
INFO:circe.py:runtime_stat:{"task_name": "circe", "event": "new_output_file", "filename": "storeclass7_lccenc7_76237806imgleopardjobid0.JPEG", "unix_time": 1620589369.1060367}
INFO:ccdag_utils.py:runtime_stat:{"task_name": "storeclass7", "event": "queue_end_process", "filename": "storeclass7_lccenc7_76237806imgleopardjobid0.JPEG", "unix_time": 1620589369.1064103}
DEBUG:transfer.py:sshpass -p PASSWORD scp -P 5000 -o StrictHostKeyChecking=no /jupiter/circe_output/storeclass7_lccenc7_76237806imgleopardjobid0.JPEG root@10.100.34.136:/jupiter/circe_input/
DEBUG:transfer.py:transfer successful!
INFO:circe.py:runtime_stat:{"task_name": "circe", "event": "new_input_file", "filename": "resnet4_storeclass7_87521250imgleopardjobid0.JPEG", "unix_time": 1620589371.9146962}
INFO:ccdag_utils.py:runtime_stat:{"task_name": "storeclass7", "event": "queue_start_process", "filename": "resnet4_storeclass7_87521250imgleopardjobid0.JPEG", "unix_time": 1620589372.1105342}
INFO:ccdag_utils.py:runtime_stat:{"task_name": "storeclass7", "event": "queue_end_process", "filename": "storeclass7_lccenc7_87521250imgleopardjobid0.JPEG", "unix_time": 1620589372.1145687}
INFO:circe.py:runtime_stat:{"task_name": "circe", "event": "new_output_file", "filename": "storeclass7_lccenc7_87521250imgleopardjobid0.JPEG", "unix_time": 1620589372.1155884}
DEBUG:transfer.py:sshpass -p PASSWORD scp -P 5000 -o StrictHostKeyChecking=no /jupiter/circe_output/storeclass7_lccenc7_87521250imgleopardjobid0.JPEG root@10.100.34.136:/jupiter/circe_input/
DEBUG:transfer.py:transfer successful!
INFO:circe.py:runtime_stat:{"task_name": "circe", "event": "new_input_file", "filename": "resnet0_storeclass7_47438849imgleopardjobid0.JPEG", "unix_time": 1620589397.819339}
INFO:circe.py:runtime_stat:{"task_name": "circe", "event": "new_input_file", "filename": "resnet5_storeclass7_54151661imgleopardjobid0.JPEG", "unix_time": 1620589398.1257417}
INFO:ccdag_utils.py:runtime_stat:{"task_name": "storeclass7", "event": "queue_start_process", "filename": "resnet0_storeclass7_47438849imgleopardjobid0.JPEG", "unix_time": 1620589398.1430774}
INFO:ccdag_utils.py:runtime_stat:{"task_name": "storeclass7", "event": "queue_end_process", "filename": "storeclass7_lccenc7_47438849imgleopardjobid0.JPEG", "unix_time": 1620589398.1462286}
INFO:circe.py:runtime_stat:{"task_name": "circe", "event": "new_output_file", "filename": "storeclass7_lccenc7_47438849imgleopardjobid0.JPEG", "unix_time": 1620589398.1477716}
DEBUG:transfer.py:sshpass -p PASSWORD scp -P 5000 -o StrictHostKeyChecking=no /jupiter/circe_output/storeclass7_lccenc7_47438849imgleopardjobid0.JPEG root@10.100.34.136:/jupiter/circe_input/
INFO:ccdag_utils.py:runtime_stat:{"task_name": "storeclass7", "event": "queue_start_process", "filename": "resnet5_storeclass7_54151661imgleopardjobid0.JPEG", "unix_time": 1620589398.1482036}
INFO:ccdag_utils.py:runtime_stat:{"task_name": "storeclass7", "event": "queue_end_process", "filename": "storeclass7_lccenc7_54151661imgleopardjobid0.JPEG", "unix_time": 1620589398.1545503}
DEBUG:transfer.py:transfer successful!
INFO:circe.py:runtime_stat:{"task_name": "circe", "event": "new_output_file", "filename": "storeclass7_lccenc7_54151661imgleopardjobid0.JPEG", "unix_time": 1620589398.3621125}
DEBUG:transfer.py:sshpass -p PASSWORD scp -P 5000 -o StrictHostKeyChecking=no /jupiter/circe_output/storeclass7_lccenc7_54151661imgleopardjobid0.JPEG root@10.100.34.136:/jupiter/circe_input/
DEBUG:transfer.py:transfer successful!
INFO:circe.py:runtime_stat:{"task_name": "circe", "event": "new_input_file", "filename": "resnet1_storeclass7_50571326imgleopardjobid2.JPEG", "unix_time": 1620589551.46221}
INFO:ccdag_utils.py:runtime_stat:{"task_name": "storeclass7", "event": "queue_start_process", "filename": "resnet1_storeclass7_50571326imgleopardjobid2.JPEG", "unix_time": 1620589552.3162658}
INFO:ccdag_utils.py:runtime_stat:{"task_name": "storeclass7", "event": "queue_end_process", "filename": "storeclass7_lccenc7_50571326imgleopardjobid2.JPEG", "unix_time": 1620589552.3236003}
INFO:circe.py:runtime_stat:{"task_name": "circe", "event": "new_output_file", "filename": "storeclass7_lccenc7_50571326imgleopardjobid2.JPEG", "unix_time": 1620589552.324567}
DEBUG:transfer.py:sshpass -p PASSWORD scp -P 5000 -o StrictHostKeyChecking=no /jupiter/circe_output/storeclass7_lccenc7_50571326imgleopardjobid2.JPEG root@10.100.34.136:/jupiter/circe_input/
DEBUG:transfer.py:transfer successful!
INFO:circe.py:runtime_stat:{"task_name": "circe", "event": "new_input_file", "filename": "resnet2_storeclass7_14565190imgleopardjobid3.JPEG", "unix_time": 1620589573.5778472}
INFO:circe.py:runtime_stat:{"task_name": "circe", "event": "new_input_file", "filename": "resnet6_storeclass7_63282646imgleopardjobid3.JPEG", "unix_time": 1620589574.326285}
INFO:ccdag_utils.py:runtime_stat:{"task_name": "storeclass7", "event": "queue_start_process", "filename": "resnet2_storeclass7_14565190imgleopardjobid3.JPEG", "unix_time": 1620589574.3518054}
INFO:ccdag_utils.py:runtime_stat:{"task_name": "storeclass7", "event": "queue_end_process", "filename": "storeclass7_lccenc7_14565190imgleopardjobid3.JPEG", "unix_time": 1620589574.355131}
INFO:ccdag_utils.py:runtime_stat:{"task_name": "storeclass7", "event": "queue_start_process", "filename": "resnet6_storeclass7_63282646imgleopardjobid3.JPEG", "unix_time": 1620589574.3554704}
INFO:ccdag_utils.py:runtime_stat:{"task_name": "storeclass7", "event": "queue_end_process", "filename": "storeclass7_lccenc7_63282646imgleopardjobid3.JPEG", "unix_time": 1620589574.3570247}
INFO:circe.py:runtime_stat:{"task_name": "circe", "event": "new_output_file", "filename": "storeclass7_lccenc7_14565190imgleopardjobid3.JPEG", "unix_time": 1620589574.358389}
DEBUG:transfer.py:sshpass -p PASSWORD scp -P 5000 -o StrictHostKeyChecking=no /jupiter/circe_output/storeclass7_lccenc7_14565190imgleopardjobid3.JPEG root@10.100.34.136:/jupiter/circe_input/
DEBUG:transfer.py:transfer successful!
INFO:circe.py:runtime_stat:{"task_name": "circe", "event": "new_output_file", "filename": "storeclass7_lccenc7_63282646imgleopardjobid3.JPEG", "unix_time": 1620589574.6010237}
DEBUG:transfer.py:sshpass -p PASSWORD scp -P 5000 -o StrictHostKeyChecking=no /jupiter/circe_output/storeclass7_lccenc7_63282646imgleopardjobid3.JPEG root@10.100.34.136:/jupiter/circe_input/
DEBUG:transfer.py:transfer successful!
INFO:circe.py:runtime_stat:{"task_name": "circe", "event": "new_input_file", "filename": "home_storeclass7_34080153imgleopardjobid4.JPEG", "unix_time": 1620589601.4338167}
INFO:ccdag_utils.py:runtime_stat:{"task_name": "storeclass7", "event": "queue_start_process", "filename": "home_storeclass7_34080153imgleopardjobid4.JPEG", "unix_time": 1620589602.3921108}
INFO:ccdag_utils.py:runtime_stat:{"task_name": "storeclass7", "event": "queue_end_process", "filename": "storeclass7_lccenc7_34080153imgleopardjobid4.JPEG", "unix_time": 1620589602.3971267}
INFO:circe.py:runtime_stat:{"task_name": "circe", "event": "new_output_file", "filename": "storeclass7_lccenc7_34080153imgleopardjobid4.JPEG", "unix_time": 1620589602.3981934}
DEBUG:transfer.py:sshpass -p PASSWORD scp -P 5000 -o StrictHostKeyChecking=no /jupiter/circe_output/storeclass7_lccenc7_34080153imgleopardjobid4.JPEG root@10.100.34.136:/jupiter/circe_input/
DEBUG:transfer.py:transfer successful!
INFO:circe.py:runtime_stat:{"task_name": "circe", "event": "new_input_file", "filename": "resnet3_storeclass7_18053285imgleopardjobid8.JPEG", "unix_time": 1620589664.6542914}
INFO:ccdag_utils.py:runtime_stat:{"task_name": "storeclass7", "event": "queue_start_process", "filename": "resnet3_storeclass7_18053285imgleopardjobid8.JPEG", "unix_time": 1620589665.4689007}
INFO:ccdag_utils.py:runtime_stat:{"task_name": "storeclass7", "event": "queue_end_process", "filename": "storeclass7_lccenc7_18053285imgleopardjobid8.JPEG", "unix_time": 1620589665.4707482}
INFO:circe.py:runtime_stat:{"task_name": "circe", "event": "new_output_file", "filename": "storeclass7_lccenc7_18053285imgleopardjobid8.JPEG", "unix_time": 1620589665.4722927}
DEBUG:transfer.py:sshpass -p PASSWORD scp -P 5000 -o StrictHostKeyChecking=no /jupiter/circe_output/storeclass7_lccenc7_18053285imgleopardjobid8.JPEG root@10.100.34.136:/jupiter/circe_input/
DEBUG:transfer.py:transfer successful!
INFO:circe.py:runtime_stat:{"task_name": "circe", "event": "new_input_file", "filename": "resnet1_storeclass7_17918478imgleopardjobid9.JPEG", "unix_time": 1620589683.4287143}
INFO:ccdag_utils.py:runtime_stat:{"task_name": "storeclass7", "event": "queue_start_process", "filename": "resnet1_storeclass7_17918478imgleopardjobid9.JPEG", "unix_time": 1620589683.4940062}
INFO:ccdag_utils.py:runtime_stat:{"task_name": "storeclass7", "event": "queue_end_process", "filename": "storeclass7_lccenc7_17918478imgleopardjobid9.JPEG", "unix_time": 1620589683.499766}
INFO:circe.py:runtime_stat:{"task_name": "circe", "event": "new_output_file", "filename": "storeclass7_lccenc7_17918478imgleopardjobid9.JPEG", "unix_time": 1620589683.500338}
DEBUG:transfer.py:sshpass -p PASSWORD scp -P 5000 -o StrictHostKeyChecking=no /jupiter/circe_output/storeclass7_lccenc7_17918478imgleopardjobid9.JPEG root@10.100.34.136:/jupiter/circe_input/
DEBUG:transfer.py:transfer successful!
INFO:circe.py:runtime_stat:{"task_name": "circe", "event": "new_input_file", "filename": "resnet4_storeclass7_65836474imgleopardjobid10.JPEG", "unix_time": 1620589699.2448459}
INFO:circe.py:runtime_stat:{"task_name": "circe", "event": "new_input_file", "filename": "resnet3_storeclass7_89276813imgleopardjobid10.JPEG", "unix_time": 1620589699.3594182}
INFO:ccdag_utils.py:runtime_stat:{"task_name": "storeclass7", "event": "queue_start_process", "filename": "resnet4_storeclass7_65836474imgleopardjobid10.JPEG", "unix_time": 1620589699.5168812}
INFO:circe.py:runtime_stat:{"task_name": "circe", "event": "new_output_file", "filename": "storeclass7_lccenc7_65836474imgleopardjobid10.JPEG", "unix_time": 1620589699.5238645}
INFO:ccdag_utils.py:runtime_stat:{"task_name": "storeclass7", "event": "queue_end_process", "filename": "storeclass7_lccenc7_65836474imgleopardjobid10.JPEG", "unix_time": 1620589699.524089}
DEBUG:transfer.py:sshpass -p PASSWORD scp -P 5000 -o StrictHostKeyChecking=no /jupiter/circe_output/storeclass7_lccenc7_65836474imgleopardjobid10.JPEG root@10.100.34.136:/jupiter/circe_input/
INFO:ccdag_utils.py:runtime_stat:{"task_name": "storeclass7", "event": "queue_start_process", "filename": "resnet3_storeclass7_89276813imgleopardjobid10.JPEG", "unix_time": 1620589699.5251184}
INFO:ccdag_utils.py:runtime_stat:{"task_name": "storeclass7", "event": "queue_end_process", "filename": "storeclass7_lccenc7_89276813imgleopardjobid10.JPEG", "unix_time": 1620589699.5330584}
DEBUG:transfer.py:transfer successful!
INFO:circe.py:runtime_stat:{"task_name": "circe", "event": "new_output_file", "filename": "storeclass7_lccenc7_89276813imgleopardjobid10.JPEG", "unix_time": 1620589699.8009179}
DEBUG:transfer.py:sshpass -p PASSWORD scp -P 5000 -o StrictHostKeyChecking=no /jupiter/circe_output/storeclass7_lccenc7_89276813imgleopardjobid10.JPEG root@10.100.34.136:/jupiter/circe_input/
DEBUG:transfer.py:transfer successful!
INFO:circe.py:runtime_stat:{"task_name": "circe", "event": "new_input_file", "filename": "resnet2_storeclass7_49365876imgleopardjobid11.JPEG", "unix_time": 1620589714.5366087}
INFO:ccdag_utils.py:runtime_stat:{"task_name": "storeclass7", "event": "queue_start_process", "filename": "resnet2_storeclass7_49365876imgleopardjobid11.JPEG", "unix_time": 1620589714.5500093}
INFO:ccdag_utils.py:runtime_stat:{"task_name": "storeclass7", "event": "queue_end_process", "filename": "storeclass7_lccenc7_49365876imgleopardjobid11.JPEG", "unix_time": 1620589714.5598392}
INFO:circe.py:runtime_stat:{"task_name": "circe", "event": "new_output_file", "filename": "storeclass7_lccenc7_49365876imgleopardjobid11.JPEG", "unix_time": 1620589714.5626307}
DEBUG:transfer.py:sshpass -p PASSWORD scp -P 5000 -o StrictHostKeyChecking=no /jupiter/circe_output/storeclass7_lccenc7_49365876imgleopardjobid11.JPEG root@10.100.34.136:/jupiter/circe_input/
INFO:circe.py:runtime_stat:{"task_name": "circe", "event": "new_input_file", "filename": "resnet6_storeclass7_61840988imgleopardjobid11.JPEG", "unix_time": 1620589714.744149}
DEBUG:transfer.py:transfer successful!
INFO:circe.py:runtime_stat:{"task_name": "circe", "event": "new_input_file", "filename": "resnet0_storeclass7_36199340imgleopardjobid11.JPEG", "unix_time": 1620589714.9187553}
INFO:ccdag_utils.py:runtime_stat:{"task_name": "storeclass7", "event": "queue_start_process", "filename": "resnet6_storeclass7_61840988imgleopardjobid11.JPEG", "unix_time": 1620589715.5613585}
INFO:circe.py:runtime_stat:{"task_name": "circe", "event": "new_output_file", "filename": "storeclass7_lccenc7_61840988imgleopardjobid11.JPEG", "unix_time": 1620589715.5642672}
DEBUG:transfer.py:sshpass -p PASSWORD scp -P 5000 -o StrictHostKeyChecking=no /jupiter/circe_output/storeclass7_lccenc7_61840988imgleopardjobid11.JPEG root@10.100.34.136:/jupiter/circe_input/
INFO:ccdag_utils.py:runtime_stat:{"task_name": "storeclass7", "event": "queue_end_process", "filename": "storeclass7_lccenc7_61840988imgleopardjobid11.JPEG", "unix_time": 1620589715.5648072}
INFO:ccdag_utils.py:runtime_stat:{"task_name": "storeclass7", "event": "queue_start_process", "filename": "resnet0_storeclass7_36199340imgleopardjobid11.JPEG", "unix_time": 1620589715.568615}
INFO:ccdag_utils.py:runtime_stat:{"task_name": "storeclass7", "event": "queue_end_process", "filename": "storeclass7_lccenc7_36199340imgleopardjobid11.JPEG", "unix_time": 1620589715.5715625}
DEBUG:transfer.py:transfer successful!
INFO:circe.py:runtime_stat:{"task_name": "circe", "event": "new_output_file", "filename": "storeclass7_lccenc7_36199340imgleopardjobid11.JPEG", "unix_time": 1620589715.7661695}
DEBUG:transfer.py:sshpass -p PASSWORD scp -P 5000 -o StrictHostKeyChecking=no /jupiter/circe_output/storeclass7_lccenc7_36199340imgleopardjobid11.JPEG root@10.100.34.136:/jupiter/circe_input/
DEBUG:transfer.py:transfer successful!
INFO:circe.py:runtime_stat:{"task_name": "circe", "event": "new_input_file", "filename": "resnet3_storeclass7_37377129imgleopardjobid12.JPEG", "unix_time": 1620589733.744976}
INFO:ccdag_utils.py:runtime_stat:{"task_name": "storeclass7", "event": "queue_start_process", "filename": "resnet3_storeclass7_37377129imgleopardjobid12.JPEG", "unix_time": 1620589734.5921552}
INFO:circe.py:runtime_stat:{"task_name": "circe", "event": "new_output_file", "filename": "storeclass7_lccenc7_37377129imgleopardjobid12.JPEG", "unix_time": 1620589734.600418}
DEBUG:transfer.py:sshpass -p PASSWORD scp -P 5000 -o StrictHostKeyChecking=no /jupiter/circe_output/storeclass7_lccenc7_37377129imgleopardjobid12.JPEG root@10.100.34.136:/jupiter/circe_input/
INFO:ccdag_utils.py:runtime_stat:{"task_name": "storeclass7", "event": "queue_end_process", "filename": "storeclass7_lccenc7_37377129imgleopardjobid12.JPEG", "unix_time": 1620589734.6011102}
DEBUG:transfer.py:transfer successful!
INFO:circe.py:runtime_stat:{"task_name": "circe", "event": "new_input_file", "filename": "resnet5_storeclass7_48504009imgleopardjobid13.JPEG", "unix_time": 1620589749.1003885}
INFO:circe.py:runtime_stat:{"task_name": "circe", "event": "new_input_file", "filename": "resnet2_storeclass7_28369934imgleopardjobid13.JPEG", "unix_time": 1620589749.1020288}
INFO:ccdag_utils.py:runtime_stat:{"task_name": "storeclass7", "event": "queue_start_process", "filename": "resnet5_storeclass7_48504009imgleopardjobid13.JPEG", "unix_time": 1620589749.627059}
INFO:circe.py:runtime_stat:{"task_name": "circe", "event": "new_output_file", "filename": "storeclass7_lccenc7_48504009imgleopardjobid13.JPEG", "unix_time": 1620589749.6301737}
DEBUG:transfer.py:sshpass -p PASSWORD scp -P 5000 -o StrictHostKeyChecking=no /jupiter/circe_output/storeclass7_lccenc7_48504009imgleopardjobid13.JPEG root@10.100.34.136:/jupiter/circe_input/
INFO:ccdag_utils.py:runtime_stat:{"task_name": "storeclass7", "event": "queue_end_process", "filename": "storeclass7_lccenc7_48504009imgleopardjobid13.JPEG", "unix_time": 1620589749.6332977}
INFO:ccdag_utils.py:runtime_stat:{"task_name": "storeclass7", "event": "queue_start_process", "filename": "resnet2_storeclass7_28369934imgleopardjobid13.JPEG", "unix_time": 1620589749.6348004}
INFO:ccdag_utils.py:runtime_stat:{"task_name": "storeclass7", "event": "queue_end_process", "filename": "storeclass7_lccenc7_28369934imgleopardjobid13.JPEG", "unix_time": 1620589749.6375415}
DEBUG:transfer.py:transfer successful!
INFO:circe.py:runtime_stat:{"task_name": "circe", "event": "new_output_file", "filename": "storeclass7_lccenc7_28369934imgleopardjobid13.JPEG", "unix_time": 1620589749.8374293}
DEBUG:transfer.py:sshpass -p PASSWORD scp -P 5000 -o StrictHostKeyChecking=no /jupiter/circe_output/storeclass7_lccenc7_28369934imgleopardjobid13.JPEG root@10.100.34.136:/jupiter/circe_input/
DEBUG:transfer.py:transfer successful!
INFO:circe.py:runtime_stat:{"task_name": "circe", "event": "new_input_file", "filename": "resnet6_storeclass7_46129272imgleopardjobid14.JPEG", "unix_time": 1620589765.8236206}
INFO:ccdag_utils.py:runtime_stat:{"task_name": "storeclass7", "event": "queue_start_process", "filename": "resnet6_storeclass7_46129272imgleopardjobid14.JPEG", "unix_time": 1620589766.660888}
INFO:ccdag_utils.py:runtime_stat:{"task_name": "storeclass7", "event": "queue_end_process", "filename": "storeclass7_lccenc7_46129272imgleopardjobid14.JPEG", "unix_time": 1620589766.6624973}
INFO:circe.py:runtime_stat:{"task_name": "circe", "event": "new_output_file", "filename": "storeclass7_lccenc7_46129272imgleopardjobid14.JPEG", "unix_time": 1620589766.6635616}
DEBUG:transfer.py:sshpass -p PASSWORD scp -P 5000 -o StrictHostKeyChecking=no /jupiter/circe_output/storeclass7_lccenc7_46129272imgleopardjobid14.JPEG root@10.100.34.136:/jupiter/circe_input/
DEBUG:transfer.py:transfer successful!
INFO:circe.py:runtime_stat:{"task_name": "circe", "event": "new_input_file", "filename": "home_storeclass7_54113856imgleopardjobid15.JPEG", "unix_time": 1620589783.199191}
INFO:ccdag_utils.py:runtime_stat:{"task_name": "storeclass7", "event": "queue_start_process", "filename": "home_storeclass7_54113856imgleopardjobid15.JPEG", "unix_time": 1620589783.6777658}
INFO:ccdag_utils.py:runtime_stat:{"task_name": "storeclass7", "event": "queue_end_process", "filename": "storeclass7_lccenc7_54113856imgleopardjobid15.JPEG", "unix_time": 1620589783.682811}
INFO:circe.py:runtime_stat:{"task_name": "circe", "event": "new_output_file", "filename": "storeclass7_lccenc7_54113856imgleopardjobid15.JPEG", "unix_time": 1620589783.6836858}
DEBUG:transfer.py:sshpass -p PASSWORD scp -P 5000 -o StrictHostKeyChecking=no /jupiter/circe_output/storeclass7_lccenc7_54113856imgleopardjobid15.JPEG root@10.100.34.136:/jupiter/circe_input/
DEBUG:transfer.py:transfer successful!
INFO:circe.py:runtime_stat:{"task_name": "circe", "event": "new_input_file", "filename": "resnet7_storeclass7_70622116imgleopardjobid16.JPEG", "unix_time": 1620589798.6415222}
INFO:circe.py:runtime_stat:{"task_name": "circe", "event": "new_input_file", "filename": "resnet0_storeclass7_60612561imgleopardjobid16.JPEG", "unix_time": 1620589798.6739}
INFO:ccdag_utils.py:runtime_stat:{"task_name": "storeclass7", "event": "queue_start_process", "filename": "resnet7_storeclass7_70622116imgleopardjobid16.JPEG", "unix_time": 1620589798.6980596}
INFO:ccdag_utils.py:runtime_stat:{"task_name": "storeclass7", "event": "queue_end_process", "filename": "storeclass7_lccenc7_70622116imgleopardjobid16.JPEG", "unix_time": 1620589798.702905}
INFO:circe.py:runtime_stat:{"task_name": "circe", "event": "new_output_file", "filename": "storeclass7_lccenc7_70622116imgleopardjobid16.JPEG", "unix_time": 1620589798.7038586}
INFO:ccdag_utils.py:runtime_stat:{"task_name": "storeclass7", "event": "queue_start_process", "filename": "resnet0_storeclass7_60612561imgleopardjobid16.JPEG", "unix_time": 1620589798.7042196}
DEBUG:transfer.py:sshpass -p PASSWORD scp -P 5000 -o StrictHostKeyChecking=no /jupiter/circe_output/storeclass7_lccenc7_70622116imgleopardjobid16.JPEG root@10.100.34.136:/jupiter/circe_input/
INFO:ccdag_utils.py:runtime_stat:{"task_name": "storeclass7", "event": "queue_end_process", "filename": "storeclass7_lccenc7_60612561imgleopardjobid16.JPEG", "unix_time": 1620589798.709989}
DEBUG:transfer.py:transfer successful!
INFO:circe.py:runtime_stat:{"task_name": "circe", "event": "new_output_file", "filename": "storeclass7_lccenc7_60612561imgleopardjobid16.JPEG", "unix_time": 1620589798.9315886}
DEBUG:transfer.py:sshpass -p PASSWORD scp -P 5000 -o StrictHostKeyChecking=no /jupiter/circe_output/storeclass7_lccenc7_60612561imgleopardjobid16.JPEG root@10.100.34.136:/jupiter/circe_input/
DEBUG:transfer.py:transfer successful!
INFO:circe.py:runtime_stat:{"task_name": "circe", "event": "new_input_file", "filename": "home_storeclass7_64814516imgleopardjobid17.JPEG", "unix_time": 1620589819.2802262}
INFO:circe.py:runtime_stat:{"task_name": "circe", "event": "new_input_file", "filename": "resnet0_storeclass7_99628839imgleopardjobid17.JPEG", "unix_time": 1620589819.5232434}
INFO:ccdag_utils.py:runtime_stat:{"task_name": "storeclass7", "event": "queue_start_process", "filename": "home_storeclass7_64814516imgleopardjobid17.JPEG", "unix_time": 1620589819.7371705}
INFO:ccdag_utils.py:runtime_stat:{"task_name": "storeclass7", "event": "queue_end_process", "filename": "storeclass7_lccenc7_64814516imgleopardjobid17.JPEG", "unix_time": 1620589819.7390208}
INFO:ccdag_utils.py:runtime_stat:{"task_name": "storeclass7", "event": "queue_start_process", "filename": "resnet0_storeclass7_99628839imgleopardjobid17.JPEG", "unix_time": 1620589819.7414737}
INFO:ccdag_utils.py:runtime_stat:{"task_name": "storeclass7", "event": "queue_end_process", "filename": "storeclass7_lccenc7_99628839imgleopardjobid17.JPEG", "unix_time": 1620589819.7425864}
INFO:circe.py:runtime_stat:{"task_name": "circe", "event": "new_output_file", "filename": "storeclass7_lccenc7_64814516imgleopardjobid17.JPEG", "unix_time": 1620589819.740466}
DEBUG:transfer.py:sshpass -p PASSWORD scp -P 5000 -o StrictHostKeyChecking=no /jupiter/circe_output/storeclass7_lccenc7_64814516imgleopardjobid17.JPEG root@10.100.34.136:/jupiter/circe_input/
DEBUG:transfer.py:transfer successful!
INFO:circe.py:runtime_stat:{"task_name": "circe", "event": "new_output_file", "filename": "storeclass7_lccenc7_99628839imgleopardjobid17.JPEG", "unix_time": 1620589819.9698467}
DEBUG:transfer.py:sshpass -p PASSWORD scp -P 5000 -o StrictHostKeyChecking=no /jupiter/circe_output/storeclass7_lccenc7_99628839imgleopardjobid17.JPEG root@10.100.34.136:/jupiter/circe_input/
DEBUG:transfer.py:transfer successful!
INFO:circe.py:runtime_stat:{"task_name": "circe", "event": "new_input_file", "filename": "home_storeclass7_63731115imgtigerjobid18.JPEG", "unix_time": 1620589846.3085783}
INFO:ccdag_utils.py:runtime_stat:{"task_name": "storeclass7", "event": "queue_start_process", "filename": "home_storeclass7_63731115imgtigerjobid18.JPEG", "unix_time": 1620589846.7740283}
INFO:ccdag_utils.py:runtime_stat:{"task_name": "storeclass7", "event": "queue_end_process", "filename": "storeclass7_lccenc7_63731115imgtigerjobid18.JPEG", "unix_time": 1620589846.7838948}
INFO:circe.py:runtime_stat:{"task_name": "circe", "event": "new_output_file", "filename": "storeclass7_lccenc7_63731115imgtigerjobid18.JPEG", "unix_time": 1620589846.7845895}
DEBUG:transfer.py:sshpass -p PASSWORD scp -P 5000 -o StrictHostKeyChecking=no /jupiter/circe_output/storeclass7_lccenc7_63731115imgtigerjobid18.JPEG root@10.100.34.136:/jupiter/circe_input/
DEBUG:transfer.py:transfer successful!
INFO:circe.py:runtime_stat:{"task_name": "circe", "event": "new_input_file", "filename": "resnet7_storeclass7_88158876imgleopardjobid20.JPEG", "unix_time": 1620589889.3408258}
INFO:ccdag_utils.py:runtime_stat:{"task_name": "storeclass7", "event": "queue_start_process", "filename": "resnet7_storeclass7_88158876imgleopardjobid20.JPEG", "unix_time": 1620589889.8318217}
INFO:ccdag_utils.py:runtime_stat:{"task_name": "storeclass7", "event": "queue_end_process", "filename": "storeclass7_lccenc7_88158876imgleopardjobid20.JPEG", "unix_time": 1620589889.8328147}
INFO:circe.py:runtime_stat:{"task_name": "circe", "event": "new_output_file", "filename": "storeclass7_lccenc7_88158876imgleopardjobid20.JPEG", "unix_time": 1620589889.8390682}
DEBUG:transfer.py:sshpass -p PASSWORD scp -P 5000 -o StrictHostKeyChecking=no /jupiter/circe_output/storeclass7_lccenc7_88158876imgleopardjobid20.JPEG root@10.100.34.136:/jupiter/circe_input/
DEBUG:transfer.py:transfer successful!
INFO:circe.py:runtime_stat:{"task_name": "circe", "event": "new_input_file", "filename": "resnet4_storeclass7_90590259imgleopardjobid23.JPEG", "unix_time": 1620590001.0702348}
INFO:ccdag_utils.py:runtime_stat:{"task_name": "storeclass7", "event": "queue_start_process", "filename": "resnet4_storeclass7_90590259imgleopardjobid23.JPEG", "unix_time": 1620590001.947767}
INFO:ccdag_utils.py:runtime_stat:{"task_name": "storeclass7", "event": "queue_end_process", "filename": "storeclass7_lccenc7_90590259imgleopardjobid23.JPEG", "unix_time": 1620590001.9500334}
INFO:circe.py:runtime_stat:{"task_name": "circe", "event": "new_output_file", "filename": "storeclass7_lccenc7_90590259imgleopardjobid23.JPEG", "unix_time": 1620590001.9516187}
DEBUG:transfer.py:sshpass -p PASSWORD scp -P 5000 -o StrictHostKeyChecking=no /jupiter/circe_output/storeclass7_lccenc7_90590259imgleopardjobid23.JPEG root@10.100.34.136:/jupiter/circe_input/
DEBUG:transfer.py:transfer successful!
INFO:circe.py:runtime_stat:{"task_name": "circe", "event": "new_input_file", "filename": "resnet1_storeclass7_81382316imgleopardjobid24.JPEG", "unix_time": 1620590039.3847783}
INFO:circe.py:runtime_stat:{"task_name": "circe", "event": "new_input_file", "filename": "resnet4_storeclass7_48677429imgleopardjobid24.JPEG", "unix_time": 1620590039.9366262}
INFO:ccdag_utils.py:runtime_stat:{"task_name": "storeclass7", "event": "queue_start_process", "filename": "resnet1_storeclass7_81382316imgleopardjobid24.JPEG", "unix_time": 1620590039.9899976}
INFO:ccdag_utils.py:runtime_stat:{"task_name": "storeclass7", "event": "queue_end_process", "filename": "storeclass7_lccenc7_81382316imgleopardjobid24.JPEG", "unix_time": 1620590039.9917414}
INFO:ccdag_utils.py:runtime_stat:{"task_name": "storeclass7", "event": "queue_start_process", "filename": "resnet4_storeclass7_48677429imgleopardjobid24.JPEG", "unix_time": 1620590039.9920921}
INFO:ccdag_utils.py:runtime_stat:{"task_name": "storeclass7", "event": "queue_end_process", "filename": "storeclass7_lccenc7_48677429imgleopardjobid24.JPEG", "unix_time": 1620590039.9934788}
INFO:circe.py:runtime_stat:{"task_name": "circe", "event": "new_output_file", "filename": "storeclass7_lccenc7_81382316imgleopardjobid24.JPEG", "unix_time": 1620590039.9951339}
DEBUG:transfer.py:sshpass -p PASSWORD scp -P 5000 -o StrictHostKeyChecking=no /jupiter/circe_output/storeclass7_lccenc7_81382316imgleopardjobid24.JPEG root@10.100.34.136:/jupiter/circe_input/
DEBUG:transfer.py:transfer successful!
INFO:circe.py:runtime_stat:{"task_name": "circe", "event": "new_output_file", "filename": "storeclass7_lccenc7_48677429imgleopardjobid24.JPEG", "unix_time": 1620590040.2436166}
DEBUG:transfer.py:sshpass -p PASSWORD scp -P 5000 -o StrictHostKeyChecking=no /jupiter/circe_output/storeclass7_lccenc7_48677429imgleopardjobid24.JPEG root@10.100.34.136:/jupiter/circe_input/
DEBUG:transfer.py:transfer successful!
INFO:circe.py:runtime_stat:{"task_name": "circe", "event": "new_input_file", "filename": "resnet2_storeclass7_44841699imgleopardjobid25.JPEG", "unix_time": 1620590079.3979886}
INFO:ccdag_utils.py:runtime_stat:{"task_name": "storeclass7", "event": "queue_start_process", "filename": "resnet2_storeclass7_44841699imgleopardjobid25.JPEG", "unix_time": 1620590080.037897}
INFO:ccdag_utils.py:runtime_stat:{"task_name": "storeclass7", "event": "queue_end_process", "filename": "storeclass7_lccenc7_44841699imgleopardjobid25.JPEG", "unix_time": 1620590080.0453436}
INFO:circe.py:runtime_stat:{"task_name": "circe", "event": "new_output_file", "filename": "storeclass7_lccenc7_44841699imgleopardjobid25.JPEG", "unix_time": 1620590080.0465899}
DEBUG:transfer.py:sshpass -p PASSWORD scp -P 5000 -o StrictHostKeyChecking=no /jupiter/circe_output/storeclass7_lccenc7_44841699imgleopardjobid25.JPEG root@10.100.34.136:/jupiter/circe_input/
DEBUG:transfer.py:transfer successful!
INFO:circe.py:runtime_stat:{"task_name": "circe", "event": "new_input_file", "filename": "resnet3_storeclass7_31401503imgleopardjobid29.JPEG", "unix_time": 1620590233.0696158}
INFO:ccdag_utils.py:runtime_stat:{"task_name": "storeclass7", "event": "queue_start_process", "filename": "resnet3_storeclass7_31401503imgleopardjobid29.JPEG", "unix_time": 1620590233.2088919}
INFO:ccdag_utils.py:runtime_stat:{"task_name": "storeclass7", "event": "queue_end_process", "filename": "storeclass7_lccenc7_31401503imgleopardjobid29.JPEG", "unix_time": 1620590233.2106338}
INFO:circe.py:runtime_stat:{"task_name": "circe", "event": "new_output_file", "filename": "storeclass7_lccenc7_31401503imgleopardjobid29.JPEG", "unix_time": 1620590233.2119255}
DEBUG:transfer.py:sshpass -p PASSWORD scp -P 5000 -o StrictHostKeyChecking=no /jupiter/circe_output/storeclass7_lccenc7_31401503imgleopardjobid29.JPEG root@10.100.34.136:/jupiter/circe_input/
DEBUG:transfer.py:transfer successful!
INFO:circe.py:runtime_stat:{"task_name": "circe", "event": "new_input_file", "filename": "resnet6_storeclass7_06501118imgleopardjobid30.JPEG", "unix_time": 1620590269.0274103}
INFO:circe.py:runtime_stat:{"task_name": "circe", "event": "new_input_file", "filename": "resnet3_storeclass7_18195562imgleopardjobid30.JPEG", "unix_time": 1620590269.1468654}
INFO:ccdag_utils.py:runtime_stat:{"task_name": "storeclass7", "event": "queue_start_process", "filename": "resnet6_storeclass7_06501118imgleopardjobid30.JPEG", "unix_time": 1620590269.2453504}
INFO:ccdag_utils.py:runtime_stat:{"task_name": "storeclass7", "event": "queue_end_process", "filename": "storeclass7_lccenc7_06501118imgleopardjobid30.JPEG", "unix_time": 1620590269.252296}
INFO:ccdag_utils.py:runtime_stat:{"task_name": "storeclass7", "event": "queue_start_process", "filename": "resnet3_storeclass7_18195562imgleopardjobid30.JPEG", "unix_time": 1620590269.2526371}
INFO:ccdag_utils.py:runtime_stat:{"task_name": "storeclass7", "event": "queue_end_process", "filename": "storeclass7_lccenc7_18195562imgleopardjobid30.JPEG", "unix_time": 1620590269.2541187}
INFO:circe.py:runtime_stat:{"task_name": "circe", "event": "new_output_file", "filename": "storeclass7_lccenc7_06501118imgleopardjobid30.JPEG", "unix_time": 1620590269.2554286}
DEBUG:transfer.py:sshpass -p PASSWORD scp -P 5000 -o StrictHostKeyChecking=no /jupiter/circe_output/storeclass7_lccenc7_06501118imgleopardjobid30.JPEG root@10.100.34.136:/jupiter/circe_input/
DEBUG:transfer.py:transfer successful!
INFO:circe.py:runtime_stat:{"task_name": "circe", "event": "new_output_file", "filename": "storeclass7_lccenc7_18195562imgleopardjobid30.JPEG", "unix_time": 1620590269.471899}
DEBUG:transfer.py:sshpass -p PASSWORD scp -P 5000 -o StrictHostKeyChecking=no /jupiter/circe_output/storeclass7_lccenc7_18195562imgleopardjobid30.JPEG root@10.100.34.136:/jupiter/circe_input/
DEBUG:transfer.py:transfer successful!
INFO:circe.py:runtime_stat:{"task_name": "circe", "event": "new_input_file", "filename": "home_storeclass7_58778575imgleopardjobid31.JPEG", "unix_time": 1620590306.6528351}
INFO:ccdag_utils.py:runtime_stat:{"task_name": "storeclass7", "event": "queue_start_process", "filename": "home_storeclass7_58778575imgleopardjobid31.JPEG", "unix_time": 1620590307.2968554}
INFO:ccdag_utils.py:runtime_stat:{"task_name": "storeclass7", "event": "queue_end_process", "filename": "storeclass7_lccenc7_58778575imgleopardjobid31.JPEG", "unix_time": 1620590307.3026743}
INFO:circe.py:runtime_stat:{"task_name": "circe", "event": "new_output_file", "filename": "storeclass7_lccenc7_58778575imgleopardjobid31.JPEG", "unix_time": 1620590307.3044393}
DEBUG:transfer.py:sshpass -p PASSWORD scp -P 5000 -o StrictHostKeyChecking=no /jupiter/circe_output/storeclass7_lccenc7_58778575imgleopardjobid31.JPEG root@10.100.34.136:/jupiter/circe_input/
DEBUG:transfer.py:transfer successful!
INFO:circe.py:runtime_stat:{"task_name": "circe", "event": "new_input_file", "filename": "resnet1_storeclass7_65732812imgleopardjobid33.JPEG", "unix_time": 1620590394.6837227}
INFO:ccdag_utils.py:runtime_stat:{"task_name": "storeclass7", "event": "queue_start_process", "filename": "resnet1_storeclass7_65732812imgleopardjobid33.JPEG", "unix_time": 1620590395.3991127}
INFO:ccdag_utils.py:runtime_stat:{"task_name": "storeclass7", "event": "queue_end_process", "filename": "storeclass7_lccenc7_65732812imgleopardjobid33.JPEG", "unix_time": 1620590395.4021223}
INFO:circe.py:runtime_stat:{"task_name": "circe", "event": "new_output_file", "filename": "storeclass7_lccenc7_65732812imgleopardjobid33.JPEG", "unix_time": 1620590395.4030957}
DEBUG:transfer.py:sshpass -p PASSWORD scp -P 5000 -o StrictHostKeyChecking=no /jupiter/circe_output/storeclass7_lccenc7_65732812imgleopardjobid33.JPEG root@10.100.34.136:/jupiter/circe_input/
DEBUG:transfer.py:transfer successful!
