 * Starting OpenBSD Secure Shell server sshd
   ...done.
INFO:circe.py:Using base script score.py
DEBUG:circe.py:starting the input monitoring process
DEBUG:circe.py:starting the output monitoring process
INFO:circe.py:runtime_stat:{"task_name": "circe", "event": "new_input_file", "filename": "lccenc7_score7a_6#75679464-6#09323759-6#07617868-6#52439554jobid1.csv", "unix_time": 1620686644.903227}
INFO:ccdag_utils.py:runtime_stat:{"task_name": "score7a", "event": "queue_start_process", "filename": "lccenc7_score7a_6#75679464-6#09323759-6#07617868-6#52439554jobid1.csv", "unix_time": 1620686645.7955012}
['leopard21.JPEG', 'leopard22.JPEG', 'leopard23.JPEG', 'leopard24.JPEG', 'leopard25.JPEG', 'leopard26.JPEG', 'leopard27.JPEG', 'leopard28.JPEG', 'leopard29.JPEG', 'leopard30.JPEG']
INFO:circe.py:runtime_stat:{"task_name": "circe", "event": "new_input_file", "filename": "lccenc7_score7a_6#25437947-6#52139416-6#07249050-6#27278490jobid2.csv", "unix_time": 1620686647.8785868}
INFO:circe.py:runtime_stat:{"task_name": "circe", "event": "new_input_file", "filename": "lccenc7_score7a_6#54370445-6#69784090-6#86014351-6#39334301jobid3.csv", "unix_time": 1620686651.1302865}
INFO:circe.py:runtime_stat:{"task_name": "circe", "event": "new_input_file", "filename": "lccenc7_score7a_6#48328866-6#46208171-6#83309722-6#92672650jobid4.csv", "unix_time": 1620686657.415914}
INFO:circe.py:runtime_stat:{"task_name": "circe", "event": "new_output_file", "filename": "score7a_preagg7_1jobth6#75679464-6#09323759-6#07617868-6#52439554", "unix_time": 1620686657.704868}
DEBUG:transfer.py:sshpass -p PASSWORD scp -P 5000 -o StrictHostKeyChecking=no /jupiter/circe_output/score7a_preagg7_1jobth6#75679464-6#09323759-6#07617868-6#52439554 root@10.109.21.231:/jupiter/circe_input/
INFO:ccdag_utils.py:runtime_stat:{"task_name": "score7a", "event": "queue_end_process", "filename": "score7a_preagg7_1jobth6#75679464-6#09323759-6#07617868-6#52439554", "unix_time": 1620686657.712555}
INFO:ccdag_utils.py:runtime_stat:{"task_name": "score7a", "event": "queue_start_process", "filename": "lccenc7_score7a_6#25437947-6#52139416-6#07249050-6#27278490jobid2.csv", "unix_time": 1620686657.7145684}
['leopard21.JPEG', 'leopard22.JPEG', 'leopard23.JPEG', 'leopard24.JPEG', 'leopard25.JPEG', 'leopard26.JPEG', 'leopard27.JPEG', 'leopard28.JPEG', 'leopard29.JPEG', 'leopard30.JPEG']
Warning: Permanently added '[10.109.21.231]:5000' (ECDSA) to the list of known hosts.
DEBUG:transfer.py:transfer successful!
INFO:circe.py:runtime_stat:{"task_name": "circe", "event": "new_input_file", "filename": "lccenc7_score7a_6#65043142-6#66496977-6#04989102-6#74483129jobid5.csv", "unix_time": 1620686660.6557229}
INFO:circe.py:runtime_stat:{"task_name": "circe", "event": "new_output_file", "filename": "score7a_preagg7_2jobth6#25437947-6#52139416-6#07249050-6#27278490", "unix_time": 1620686669.096492}
DEBUG:transfer.py:sshpass -p PASSWORD scp -P 5000 -o StrictHostKeyChecking=no /jupiter/circe_output/score7a_preagg7_2jobth6#25437947-6#52139416-6#07249050-6#27278490 root@10.109.21.231:/jupiter/circe_input/
INFO:ccdag_utils.py:runtime_stat:{"task_name": "score7a", "event": "queue_end_process", "filename": "score7a_preagg7_2jobth6#25437947-6#52139416-6#07249050-6#27278490", "unix_time": 1620686669.106816}
INFO:ccdag_utils.py:runtime_stat:{"task_name": "score7a", "event": "queue_start_process", "filename": "lccenc7_score7a_6#54370445-6#69784090-6#86014351-6#39334301jobid3.csv", "unix_time": 1620686669.1084325}
['leopard21.JPEG', 'leopard22.JPEG', 'leopard23.JPEG', 'leopard24.JPEG', 'leopard25.JPEG', 'leopard26.JPEG', 'leopard27.JPEG', 'leopard28.JPEG', 'leopard29.JPEG', 'leopard30.JPEG']
INFO:circe.py:runtime_stat:{"task_name": "circe", "event": "new_input_file", "filename": "lccenc7_score7a_6#97668655-6#45557719-6#14751227-6#57431762jobid6.csv", "unix_time": 1620686669.1447556}
DEBUG:transfer.py:transfer successful!
INFO:circe.py:runtime_stat:{"task_name": "circe", "event": "new_input_file", "filename": "lccenc7_score7a_6#55443601-6#53983947-6#20161475-6#07468689jobid7.csv", "unix_time": 1620686672.3917425}
INFO:circe.py:runtime_stat:{"task_name": "circe", "event": "new_output_file", "filename": "score7a_preagg7_3jobth6#54370445-6#69784090-6#86014351-6#39334301", "unix_time": 1620686680.6455333}
DEBUG:transfer.py:sshpass -p PASSWORD scp -P 5000 -o StrictHostKeyChecking=no /jupiter/circe_output/score7a_preagg7_3jobth6#54370445-6#69784090-6#86014351-6#39334301 root@10.109.21.231:/jupiter/circe_input/
INFO:ccdag_utils.py:runtime_stat:{"task_name": "score7a", "event": "queue_end_process", "filename": "score7a_preagg7_3jobth6#54370445-6#69784090-6#86014351-6#39334301", "unix_time": 1620686680.6533937}
INFO:ccdag_utils.py:runtime_stat:{"task_name": "score7a", "event": "queue_start_process", "filename": "lccenc7_score7a_6#48328866-6#46208171-6#83309722-6#92672650jobid4.csv", "unix_time": 1620686680.6571033}
['leopard21.JPEG', 'leopard22.JPEG', 'leopard23.JPEG', 'leopard24.JPEG', 'leopard25.JPEG', 'leopard26.JPEG', 'leopard27.JPEG', 'leopard28.JPEG', 'leopard29.JPEG', 'leopard30.JPEG']
DEBUG:transfer.py:transfer successful!
INFO:circe.py:runtime_stat:{"task_name": "circe", "event": "new_input_file", "filename": "lccenc7_score7a_6#36932802-6#15717543-6#99279996-6#51487624jobid8.csv", "unix_time": 1620686681.0263116}
INFO:circe.py:runtime_stat:{"task_name": "circe", "event": "new_input_file", "filename": "lccenc7_score7a_6#97696204-6#78711402-6#15748786-6#71514500jobid9.csv", "unix_time": 1620686689.854623}
INFO:circe.py:runtime_stat:{"task_name": "circe", "event": "new_output_file", "filename": "score7a_preagg7_4jobth6#48328866-6#46208171-6#83309722-6#92672650", "unix_time": 1620686692.1900952}
DEBUG:transfer.py:sshpass -p PASSWORD scp -P 5000 -o StrictHostKeyChecking=no /jupiter/circe_output/score7a_preagg7_4jobth6#48328866-6#46208171-6#83309722-6#92672650 root@10.109.21.231:/jupiter/circe_input/
['leopard21.JPEG', 'leopard22.JPEG', 'leopard23.JPEG', 'leopard24.JPEG', 'leopard25.JPEG', 'leopard26.JPEG', 'leopard27.JPEG', 'leopard28.JPEG', 'leopard29.JPEG', 'leopard30.JPEG']
INFO:ccdag_utils.py:runtime_stat:{"task_name": "score7a", "event": "queue_end_process", "filename": "score7a_preagg7_4jobth6#48328866-6#46208171-6#83309722-6#92672650", "unix_time": 1620686692.1958797}
INFO:ccdag_utils.py:runtime_stat:{"task_name": "score7a", "event": "queue_start_process", "filename": "lccenc7_score7a_6#65043142-6#66496977-6#04989102-6#74483129jobid5.csv", "unix_time": 1620686692.1979353}
DEBUG:transfer.py:transfer successful!
INFO:circe.py:runtime_stat:{"task_name": "circe", "event": "new_input_file", "filename": "lccenc7_score7a_6#97601489-6#41699235-6#92935879-6#35391467jobid10.csv", "unix_time": 1620686692.9581873}
INFO:ccdag_utils.py:runtime_stat:{"task_name": "score7a", "event": "queue_end_process", "filename": "score7a_preagg7_5jobth6#65043142-6#66496977-6#04989102-6#74483129", "unix_time": 1620686703.6860647}
INFO:ccdag_utils.py:runtime_stat:{"task_name": "score7a", "event": "queue_start_process", "filename": "lccenc7_score7a_6#97668655-6#45557719-6#14751227-6#57431762jobid6.csv", "unix_time": 1620686703.686345}
['leopard21.JPEG', 'leopard22.JPEG', 'leopard23.JPEG', 'leopard24.JPEG', 'leopard25.JPEG', 'leopard26.JPEG', 'leopard27.JPEG', 'leopard28.JPEG', 'leopard29.JPEG', 'leopard30.JPEG']
INFO:circe.py:runtime_stat:{"task_name": "circe", "event": "new_output_file", "filename": "score7a_preagg7_5jobth6#65043142-6#66496977-6#04989102-6#74483129", "unix_time": 1620686703.68819}
DEBUG:transfer.py:sshpass -p PASSWORD scp -P 5000 -o StrictHostKeyChecking=no /jupiter/circe_output/score7a_preagg7_5jobth6#65043142-6#66496977-6#04989102-6#74483129 root@10.109.21.231:/jupiter/circe_input/
DEBUG:transfer.py:transfer successful!
INFO:circe.py:runtime_stat:{"task_name": "circe", "event": "new_output_file", "filename": "score7a_preagg7_6jobth6#97668655-6#45557719-6#14751227-6#57431762", "unix_time": 1620686715.2141607}
DEBUG:transfer.py:sshpass -p PASSWORD scp -P 5000 -o StrictHostKeyChecking=no /jupiter/circe_output/score7a_preagg7_6jobth6#97668655-6#45557719-6#14751227-6#57431762 root@10.109.21.231:/jupiter/circe_input/
INFO:ccdag_utils.py:runtime_stat:{"task_name": "score7a", "event": "queue_end_process", "filename": "score7a_preagg7_6jobth6#97668655-6#45557719-6#14751227-6#57431762", "unix_time": 1620686715.2155993}
INFO:ccdag_utils.py:runtime_stat:{"task_name": "score7a", "event": "queue_start_process", "filename": "lccenc7_score7a_6#55443601-6#53983947-6#20161475-6#07468689jobid7.csv", "unix_time": 1620686715.2160308}
['leopard21.JPEG', 'leopard22.JPEG', 'leopard23.JPEG', 'leopard24.JPEG', 'leopard25.JPEG', 'leopard26.JPEG', 'leopard27.JPEG', 'leopard28.JPEG', 'leopard29.JPEG', 'leopard30.JPEG']
DEBUG:transfer.py:transfer successful!
INFO:circe.py:runtime_stat:{"task_name": "circe", "event": "new_output_file", "filename": "score7a_preagg7_7jobth6#55443601-6#53983947-6#20161475-6#07468689", "unix_time": 1620686726.814982}
DEBUG:transfer.py:sshpass -p PASSWORD scp -P 5000 -o StrictHostKeyChecking=no /jupiter/circe_output/score7a_preagg7_7jobth6#55443601-6#53983947-6#20161475-6#07468689 root@10.109.21.231:/jupiter/circe_input/
INFO:ccdag_utils.py:runtime_stat:{"task_name": "score7a", "event": "queue_end_process", "filename": "score7a_preagg7_7jobth6#55443601-6#53983947-6#20161475-6#07468689", "unix_time": 1620686726.816567}
INFO:ccdag_utils.py:runtime_stat:{"task_name": "score7a", "event": "queue_start_process", "filename": "lccenc7_score7a_6#36932802-6#15717543-6#99279996-6#51487624jobid8.csv", "unix_time": 1620686726.8292294}
['leopard21.JPEG', 'leopard22.JPEG', 'leopard23.JPEG', 'leopard24.JPEG', 'leopard25.JPEG', 'leopard26.JPEG', 'leopard27.JPEG', 'leopard28.JPEG', 'leopard29.JPEG', 'leopard30.JPEG']
DEBUG:transfer.py:transfer successful!
INFO:circe.py:runtime_stat:{"task_name": "circe", "event": "new_output_file", "filename": "score7a_preagg7_8jobth6#36932802-6#15717543-6#99279996-6#51487624", "unix_time": 1620686738.3415477}
DEBUG:transfer.py:sshpass -p PASSWORD scp -P 5000 -o StrictHostKeyChecking=no /jupiter/circe_output/score7a_preagg7_8jobth6#36932802-6#15717543-6#99279996-6#51487624 root@10.109.21.231:/jupiter/circe_input/
INFO:ccdag_utils.py:runtime_stat:{"task_name": "score7a", "event": "queue_end_process", "filename": "score7a_preagg7_8jobth6#36932802-6#15717543-6#99279996-6#51487624", "unix_time": 1620686738.3472614}
INFO:ccdag_utils.py:runtime_stat:{"task_name": "score7a", "event": "queue_start_process", "filename": "lccenc7_score7a_6#97696204-6#78711402-6#15748786-6#71514500jobid9.csv", "unix_time": 1620686738.3495147}
['leopard21.JPEG', 'leopard22.JPEG', 'leopard23.JPEG', 'leopard24.JPEG', 'leopard25.JPEG', 'leopard26.JPEG', 'leopard27.JPEG', 'leopard28.JPEG', 'leopard29.JPEG', 'leopard30.JPEG']
DEBUG:transfer.py:transfer successful!
INFO:circe.py:runtime_stat:{"task_name": "circe", "event": "new_output_file", "filename": "score7a_preagg7_9jobth6#97696204-6#78711402-6#15748786-6#71514500", "unix_time": 1620686749.8878047}
DEBUG:transfer.py:sshpass -p PASSWORD scp -P 5000 -o StrictHostKeyChecking=no /jupiter/circe_output/score7a_preagg7_9jobth6#97696204-6#78711402-6#15748786-6#71514500 root@10.109.21.231:/jupiter/circe_input/
INFO:ccdag_utils.py:runtime_stat:{"task_name": "score7a", "event": "queue_end_process", "filename": "score7a_preagg7_9jobth6#97696204-6#78711402-6#15748786-6#71514500", "unix_time": 1620686749.8948517}
INFO:ccdag_utils.py:runtime_stat:{"task_name": "score7a", "event": "queue_start_process", "filename": "lccenc7_score7a_6#97601489-6#41699235-6#92935879-6#35391467jobid10.csv", "unix_time": 1620686749.8966317}
['leopard21.JPEG', 'leopard22.JPEG', 'leopard23.JPEG', 'leopard24.JPEG', 'leopard25.JPEG', 'leopard26.JPEG', 'leopard27.JPEG', 'leopard28.JPEG', 'leopard29.JPEG', 'leopard30.JPEG']
DEBUG:transfer.py:transfer successful!
INFO:circe.py:runtime_stat:{"task_name": "circe", "event": "new_output_file", "filename": "score7a_preagg7_10jobth6#97601489-6#41699235-6#92935879-6#35391467", "unix_time": 1620686761.4127655}
DEBUG:transfer.py:sshpass -p PASSWORD scp -P 5000 -o StrictHostKeyChecking=no /jupiter/circe_output/score7a_preagg7_10jobth6#97601489-6#41699235-6#92935879-6#35391467 root@10.109.21.231:/jupiter/circe_input/
INFO:ccdag_utils.py:runtime_stat:{"task_name": "score7a", "event": "queue_end_process", "filename": "score7a_preagg7_10jobth6#97601489-6#41699235-6#92935879-6#35391467", "unix_time": 1620686761.4216888}
DEBUG:transfer.py:transfer successful!
