 * Starting OpenBSD Secure Shell server sshd
   ...done.
INFO:circe.py:Using base script score.py
DEBUG:circe.py:starting the input monitoring process
DEBUG:circe.py:starting the output monitoring process
INFO:circe.py:runtime_stat:{"task_name": "circe", "event": "new_input_file", "filename": "lccenc2_score2b_1#74530797-1#64273881-1#01108663-1#59497142jobid1.csv", "unix_time": 1620683295.1151853}
['schoolbus21.JPEG', 'schoolbus22.JPEG', 'schoolbus23.JPEG', 'schoolbus24.JPEG', 'schoolbus25.JPEG', 'schoolbus26.JPEG', 'schoolbus27.JPEG', 'schoolbus28.JPEG', 'schoolbus29.JPEG', 'schoolbus30.JPEG']
INFO:ccdag_utils.py:runtime_stat:{"task_name": "score2b", "event": "queue_start_process", "filename": "lccenc2_score2b_1#74530797-1#64273881-1#01108663-1#59497142jobid1.csv", "unix_time": 1620683295.731871}
INFO:circe.py:runtime_stat:{"task_name": "circe", "event": "new_output_file", "filename": "score2b_preagg2_1jobth1#74530797-1#64273881-1#01108663-1#59497142", "unix_time": 1620683297.381734}
DEBUG:transfer.py:sshpass -p PASSWORD scp -P 5000 -o StrictHostKeyChecking=no /jupiter/circe_output/score2b_preagg2_1jobth1#74530797-1#64273881-1#01108663-1#59497142 root@10.96.45.4:/jupiter/circe_input/
INFO:ccdag_utils.py:runtime_stat:{"task_name": "score2b", "event": "queue_end_process", "filename": "score2b_preagg2_1jobth1#74530797-1#64273881-1#01108663-1#59497142", "unix_time": 1620683297.389904}
Warning: Permanently added '[10.96.45.4]:5000' (ECDSA) to the list of known hosts.
DEBUG:transfer.py:transfer successful!
INFO:circe.py:runtime_stat:{"task_name": "circe", "event": "new_input_file", "filename": "lccenc2_score2b_1#44359714-1#37722489-1#47721400-1#09216932jobid2.csv", "unix_time": 1620683305.2408428}
INFO:ccdag_utils.py:runtime_stat:{"task_name": "score2b", "event": "queue_start_process", "filename": "lccenc2_score2b_1#44359714-1#37722489-1#47721400-1#09216932jobid2.csv", "unix_time": 1620683305.4009933}
['schoolbus21.JPEG', 'schoolbus22.JPEG', 'schoolbus23.JPEG', 'schoolbus24.JPEG', 'schoolbus25.JPEG', 'schoolbus26.JPEG', 'schoolbus27.JPEG', 'schoolbus28.JPEG', 'schoolbus29.JPEG', 'schoolbus30.JPEG']
INFO:circe.py:runtime_stat:{"task_name": "circe", "event": "new_output_file", "filename": "score2b_preagg2_2jobth1#44359714-1#37722489-1#47721400-1#09216932", "unix_time": 1620683306.9684725}
DEBUG:transfer.py:sshpass -p PASSWORD scp -P 5000 -o StrictHostKeyChecking=no /jupiter/circe_output/score2b_preagg2_2jobth1#44359714-1#37722489-1#47721400-1#09216932 root@10.96.45.4:/jupiter/circe_input/
INFO:ccdag_utils.py:runtime_stat:{"task_name": "score2b", "event": "queue_end_process", "filename": "score2b_preagg2_2jobth1#44359714-1#37722489-1#47721400-1#09216932", "unix_time": 1620683306.9768858}
DEBUG:transfer.py:transfer successful!
INFO:circe.py:runtime_stat:{"task_name": "circe", "event": "new_input_file", "filename": "lccenc2_score2b_1#09598498-1#71774776-1#38530624-1#24257003jobid3.csv", "unix_time": 1620683328.8481584}
INFO:ccdag_utils.py:runtime_stat:{"task_name": "score2b", "event": "queue_start_process", "filename": "lccenc2_score2b_1#09598498-1#71774776-1#38530624-1#24257003jobid3.csv", "unix_time": 1620683329.0009396}
['schoolbus21.JPEG', 'schoolbus22.JPEG', 'schoolbus23.JPEG', 'schoolbus24.JPEG', 'schoolbus25.JPEG', 'schoolbus26.JPEG', 'schoolbus27.JPEG', 'schoolbus28.JPEG', 'schoolbus29.JPEG', 'schoolbus30.JPEG']
INFO:circe.py:runtime_stat:{"task_name": "circe", "event": "new_output_file", "filename": "score2b_preagg2_3jobth1#09598498-1#71774776-1#38530624-1#24257003", "unix_time": 1620683330.5169687}
DEBUG:transfer.py:sshpass -p PASSWORD scp -P 5000 -o StrictHostKeyChecking=no /jupiter/circe_output/score2b_preagg2_3jobth1#09598498-1#71774776-1#38530624-1#24257003 root@10.96.45.4:/jupiter/circe_input/
INFO:ccdag_utils.py:runtime_stat:{"task_name": "score2b", "event": "queue_end_process", "filename": "score2b_preagg2_3jobth1#09598498-1#71774776-1#38530624-1#24257003", "unix_time": 1620683330.523078}
DEBUG:transfer.py:transfer successful!
INFO:circe.py:runtime_stat:{"task_name": "circe", "event": "new_input_file", "filename": "lccenc2_score2b_1#49833684-1#38129831-1#78359182-1#06277787jobid4.csv", "unix_time": 1620683339.9610329}
INFO:ccdag_utils.py:runtime_stat:{"task_name": "score2b", "event": "queue_start_process", "filename": "lccenc2_score2b_1#49833684-1#38129831-1#78359182-1#06277787jobid4.csv", "unix_time": 1620683340.536115}
['schoolbus21.JPEG', 'schoolbus22.JPEG', 'schoolbus23.JPEG', 'schoolbus24.JPEG', 'schoolbus25.JPEG', 'schoolbus26.JPEG', 'schoolbus27.JPEG', 'schoolbus28.JPEG', 'schoolbus29.JPEG', 'schoolbus30.JPEG']
INFO:circe.py:runtime_stat:{"task_name": "circe", "event": "new_output_file", "filename": "score2b_preagg2_4jobth1#49833684-1#38129831-1#78359182-1#06277787", "unix_time": 1620683342.1263099}
INFO:ccdag_utils.py:runtime_stat:{"task_name": "score2b", "event": "queue_end_process", "filename": "score2b_preagg2_4jobth1#49833684-1#38129831-1#78359182-1#06277787", "unix_time": 1620683342.1268315}
DEBUG:transfer.py:sshpass -p PASSWORD scp -P 5000 -o StrictHostKeyChecking=no /jupiter/circe_output/score2b_preagg2_4jobth1#49833684-1#38129831-1#78359182-1#06277787 root@10.96.45.4:/jupiter/circe_input/
DEBUG:transfer.py:transfer successful!
INFO:circe.py:runtime_stat:{"task_name": "circe", "event": "new_input_file", "filename": "lccenc2_score2b_1#50382814-1#74091384-1#08620830-1#96330857jobid5.csv", "unix_time": 1620683385.798024}
INFO:ccdag_utils.py:runtime_stat:{"task_name": "score2b", "event": "queue_start_process", "filename": "lccenc2_score2b_1#50382814-1#74091384-1#08620830-1#96330857jobid5.csv", "unix_time": 1620683386.1730576}
['schoolbus21.JPEG', 'schoolbus22.JPEG', 'schoolbus23.JPEG', 'schoolbus24.JPEG', 'schoolbus25.JPEG', 'schoolbus26.JPEG', 'schoolbus27.JPEG', 'schoolbus28.JPEG', 'schoolbus29.JPEG', 'schoolbus30.JPEG']
INFO:circe.py:runtime_stat:{"task_name": "circe", "event": "new_output_file", "filename": "score2b_preagg2_5jobth1#50382814-1#74091384-1#08620830-1#96330857", "unix_time": 1620683387.655581}
DEBUG:transfer.py:sshpass -p PASSWORD scp -P 5000 -o StrictHostKeyChecking=no /jupiter/circe_output/score2b_preagg2_5jobth1#50382814-1#74091384-1#08620830-1#96330857 root@10.96.45.4:/jupiter/circe_input/
INFO:ccdag_utils.py:runtime_stat:{"task_name": "score2b", "event": "queue_end_process", "filename": "score2b_preagg2_5jobth1#50382814-1#74091384-1#08620830-1#96330857", "unix_time": 1620683387.6626427}
DEBUG:transfer.py:transfer successful!
INFO:circe.py:runtime_stat:{"task_name": "circe", "event": "new_input_file", "filename": "lccenc2_score2b_1#03873049-1#12377878-1#17311795-1#95259452jobid6.csv", "unix_time": 1620683407.636142}
INFO:ccdag_utils.py:runtime_stat:{"task_name": "score2b", "event": "queue_start_process", "filename": "lccenc2_score2b_1#03873049-1#12377878-1#17311795-1#95259452jobid6.csv", "unix_time": 1620683407.683907}
['schoolbus21.JPEG', 'schoolbus22.JPEG', 'schoolbus23.JPEG', 'schoolbus24.JPEG', 'schoolbus25.JPEG', 'schoolbus26.JPEG', 'schoolbus27.JPEG', 'schoolbus28.JPEG', 'schoolbus29.JPEG', 'schoolbus30.JPEG']
INFO:ccdag_utils.py:runtime_stat:{"task_name": "score2b", "event": "queue_end_process", "filename": "score2b_preagg2_6jobth1#03873049-1#12377878-1#17311795-1#95259452", "unix_time": 1620683409.1960676}
INFO:circe.py:runtime_stat:{"task_name": "circe", "event": "new_output_file", "filename": "score2b_preagg2_6jobth1#03873049-1#12377878-1#17311795-1#95259452", "unix_time": 1620683409.1979635}
DEBUG:transfer.py:sshpass -p PASSWORD scp -P 5000 -o StrictHostKeyChecking=no /jupiter/circe_output/score2b_preagg2_6jobth1#03873049-1#12377878-1#17311795-1#95259452 root@10.96.45.4:/jupiter/circe_input/
DEBUG:transfer.py:transfer successful!
INFO:circe.py:runtime_stat:{"task_name": "circe", "event": "new_input_file", "filename": "lccenc2_score2b_1#31340076-1#53038967-1#71178867-1#54813794jobid7.csv", "unix_time": 1620683423.3969316}
['schoolbus21.JPEG', 'schoolbus22.JPEG', 'schoolbus23.JPEG', 'schoolbus24.JPEG', 'schoolbus25.JPEG', 'schoolbus26.JPEG', 'schoolbus27.JPEG', 'schoolbus28.JPEG', 'schoolbus29.JPEG', 'schoolbus30.JPEG']
INFO:ccdag_utils.py:runtime_stat:{"task_name": "score2b", "event": "queue_start_process", "filename": "lccenc2_score2b_1#31340076-1#53038967-1#71178867-1#54813794jobid7.csv", "unix_time": 1620683424.2130072}
INFO:circe.py:runtime_stat:{"task_name": "circe", "event": "new_output_file", "filename": "score2b_preagg2_7jobth1#31340076-1#53038967-1#71178867-1#54813794", "unix_time": 1620683425.7674537}
DEBUG:transfer.py:sshpass -p PASSWORD scp -P 5000 -o StrictHostKeyChecking=no /jupiter/circe_output/score2b_preagg2_7jobth1#31340076-1#53038967-1#71178867-1#54813794 root@10.96.45.4:/jupiter/circe_input/
INFO:ccdag_utils.py:runtime_stat:{"task_name": "score2b", "event": "queue_end_process", "filename": "score2b_preagg2_7jobth1#31340076-1#53038967-1#71178867-1#54813794", "unix_time": 1620683425.7812757}
DEBUG:transfer.py:transfer successful!
INFO:circe.py:runtime_stat:{"task_name": "circe", "event": "new_input_file", "filename": "lccenc2_score2b_1#46659229-1#43802089-1#35342516-1#46123071jobid8.csv", "unix_time": 1620683452.595159}
INFO:ccdag_utils.py:runtime_stat:{"task_name": "score2b", "event": "queue_start_process", "filename": "lccenc2_score2b_1#46659229-1#43802089-1#35342516-1#46123071jobid8.csv", "unix_time": 1620683452.8107796}
['schoolbus21.JPEG', 'schoolbus22.JPEG', 'schoolbus23.JPEG', 'schoolbus24.JPEG', 'schoolbus25.JPEG', 'schoolbus26.JPEG', 'schoolbus27.JPEG', 'schoolbus28.JPEG', 'schoolbus29.JPEG', 'schoolbus30.JPEG']
INFO:circe.py:runtime_stat:{"task_name": "circe", "event": "new_output_file", "filename": "score2b_preagg2_8jobth1#46659229-1#43802089-1#35342516-1#46123071", "unix_time": 1620683454.2991273}
DEBUG:transfer.py:sshpass -p PASSWORD scp -P 5000 -o StrictHostKeyChecking=no /jupiter/circe_output/score2b_preagg2_8jobth1#46659229-1#43802089-1#35342516-1#46123071 root@10.96.45.4:/jupiter/circe_input/
INFO:ccdag_utils.py:runtime_stat:{"task_name": "score2b", "event": "queue_end_process", "filename": "score2b_preagg2_8jobth1#46659229-1#43802089-1#35342516-1#46123071", "unix_time": 1620683454.300295}
DEBUG:transfer.py:transfer successful!
