 * Starting OpenBSD Secure Shell server sshd
   ...done.
INFO:circe.py:Using base script score.py
DEBUG:circe.py:starting the input monitoring process
DEBUG:circe.py:starting the output monitoring process
INFO:circe.py:runtime_stat:{"task_name": "circe", "event": "new_input_file", "filename": "lccenc7_score7c_6#93962419-6#90092041-6#87162309-6#48253157jobid2.csv", "unix_time": 1620589347.071371}
INFO:ccdag_utils.py:runtime_stat:{"task_name": "score7c", "event": "queue_start_process", "filename": "lccenc7_score7c_6#93962419-6#90092041-6#87162309-6#48253157jobid2.csv", "unix_time": 1620589347.8052301}
['leopard21.JPEG', 'leopard22.JPEG', 'leopard23.JPEG', 'leopard24.JPEG', 'leopard25.JPEG', 'leopard26.JPEG', 'leopard27.JPEG', 'leopard28.JPEG', 'leopard29.JPEG', 'leopard30.JPEG']
INFO:circe.py:runtime_stat:{"task_name": "circe", "event": "new_output_file", "filename": "score7c_preagg7_2jobth6#93962419-6#90092041-6#87162309-6#48253157", "unix_time": 1620589349.4166744}
DEBUG:transfer.py:sshpass -p PASSWORD scp -P 5000 -o StrictHostKeyChecking=no /jupiter/circe_output/score7c_preagg7_2jobth6#93962419-6#90092041-6#87162309-6#48253157 root@10.97.8.247:/jupiter/circe_input/
INFO:ccdag_utils.py:runtime_stat:{"task_name": "score7c", "event": "queue_end_process", "filename": "score7c_preagg7_2jobth6#93962419-6#90092041-6#87162309-6#48253157", "unix_time": 1620589349.4242084}
Warning: Permanently added '[10.97.8.247]:5000' (ECDSA) to the list of known hosts.
DEBUG:transfer.py:transfer successful!
INFO:circe.py:runtime_stat:{"task_name": "circe", "event": "new_input_file", "filename": "lccenc7_score7c_6#35330881-6#59420124-6#76237806-6#87521250jobid2.csv", "unix_time": 1620589377.1732848}
INFO:ccdag_utils.py:runtime_stat:{"task_name": "score7c", "event": "queue_start_process", "filename": "lccenc7_score7c_6#35330881-6#59420124-6#76237806-6#87521250jobid2.csv", "unix_time": 1620589377.4577887}
['leopard21.JPEG', 'leopard22.JPEG', 'leopard23.JPEG', 'leopard24.JPEG', 'leopard25.JPEG', 'leopard26.JPEG', 'leopard27.JPEG', 'leopard28.JPEG', 'leopard29.JPEG', 'leopard30.JPEG']
INFO:circe.py:runtime_stat:{"task_name": "circe", "event": "new_output_file", "filename": "score7c_preagg7_2jobth6#35330881-6#59420124-6#76237806-6#87521250", "unix_time": 1620589378.9887342}
DEBUG:transfer.py:sshpass -p PASSWORD scp -P 5000 -o StrictHostKeyChecking=no /jupiter/circe_output/score7c_preagg7_2jobth6#35330881-6#59420124-6#76237806-6#87521250 root@10.97.8.247:/jupiter/circe_input/
INFO:ccdag_utils.py:runtime_stat:{"task_name": "score7c", "event": "queue_end_process", "filename": "score7c_preagg7_2jobth6#35330881-6#59420124-6#76237806-6#87521250", "unix_time": 1620589378.9967573}
DEBUG:transfer.py:transfer successful!
INFO:circe.py:runtime_stat:{"task_name": "circe", "event": "new_input_file", "filename": "lccenc7_score7c_6#47438849-6#54151661-6#50571326-6#14565190jobid1.csv", "unix_time": 1620589578.5386963}
INFO:ccdag_utils.py:runtime_stat:{"task_name": "score7c", "event": "queue_start_process", "filename": "lccenc7_score7c_6#47438849-6#54151661-6#50571326-6#14565190jobid1.csv", "unix_time": 1620589579.1990263}
['leopard21.JPEG', 'leopard22.JPEG', 'leopard23.JPEG', 'leopard24.JPEG', 'leopard25.JPEG', 'leopard26.JPEG', 'leopard27.JPEG', 'leopard28.JPEG', 'leopard29.JPEG', 'leopard30.JPEG']
INFO:circe.py:runtime_stat:{"task_name": "circe", "event": "new_output_file", "filename": "score7c_preagg7_1jobth6#47438849-6#54151661-6#50571326-6#14565190", "unix_time": 1620589580.669733}
DEBUG:transfer.py:sshpass -p PASSWORD scp -P 5000 -o StrictHostKeyChecking=no /jupiter/circe_output/score7c_preagg7_1jobth6#47438849-6#54151661-6#50571326-6#14565190 root@10.97.8.247:/jupiter/circe_input/
INFO:ccdag_utils.py:runtime_stat:{"task_name": "score7c", "event": "queue_end_process", "filename": "score7c_preagg7_1jobth6#47438849-6#54151661-6#50571326-6#14565190", "unix_time": 1620589580.6780033}
DEBUG:transfer.py:transfer successful!
INFO:circe.py:runtime_stat:{"task_name": "circe", "event": "new_input_file", "filename": "lccenc7_score7c_6#63282646-6#34080153-6#18053285-6#17918478jobid2.csv", "unix_time": 1620589687.9286482}
INFO:ccdag_utils.py:runtime_stat:{"task_name": "score7c", "event": "queue_start_process", "filename": "lccenc7_score7c_6#63282646-6#34080153-6#18053285-6#17918478jobid2.csv", "unix_time": 1620589688.7921572}
['leopard21.JPEG', 'leopard22.JPEG', 'leopard23.JPEG', 'leopard24.JPEG', 'leopard25.JPEG', 'leopard26.JPEG', 'leopard27.JPEG', 'leopard28.JPEG', 'leopard29.JPEG', 'leopard30.JPEG']
INFO:circe.py:runtime_stat:{"task_name": "circe", "event": "new_output_file", "filename": "score7c_preagg7_2jobth6#63282646-6#34080153-6#18053285-6#17918478", "unix_time": 1620589690.1859655}
DEBUG:transfer.py:sshpass -p PASSWORD scp -P 5000 -o StrictHostKeyChecking=no /jupiter/circe_output/score7c_preagg7_2jobth6#63282646-6#34080153-6#18053285-6#17918478 root@10.97.8.247:/jupiter/circe_input/
INFO:ccdag_utils.py:runtime_stat:{"task_name": "score7c", "event": "queue_end_process", "filename": "score7c_preagg7_2jobth6#63282646-6#34080153-6#18053285-6#17918478", "unix_time": 1620589690.1939125}
DEBUG:transfer.py:transfer successful!
INFO:circe.py:runtime_stat:{"task_name": "circe", "event": "new_input_file", "filename": "lccenc7_score7c_6#65836474-6#89276813-6#49365876-6#61840988jobid3.csv", "unix_time": 1620589720.4571555}
INFO:ccdag_utils.py:runtime_stat:{"task_name": "score7c", "event": "queue_start_process", "filename": "lccenc7_score7c_6#65836474-6#89276813-6#49365876-6#61840988jobid3.csv", "unix_time": 1620589721.2281744}
['leopard21.JPEG', 'leopard22.JPEG', 'leopard23.JPEG', 'leopard24.JPEG', 'leopard25.JPEG', 'leopard26.JPEG', 'leopard27.JPEG', 'leopard28.JPEG', 'leopard29.JPEG', 'leopard30.JPEG']
INFO:circe.py:runtime_stat:{"task_name": "circe", "event": "new_output_file", "filename": "score7c_preagg7_3jobth6#65836474-6#89276813-6#49365876-6#61840988", "unix_time": 1620589722.7008705}
DEBUG:transfer.py:sshpass -p PASSWORD scp -P 5000 -o StrictHostKeyChecking=no /jupiter/circe_output/score7c_preagg7_3jobth6#65836474-6#89276813-6#49365876-6#61840988 root@10.97.8.247:/jupiter/circe_input/
INFO:ccdag_utils.py:runtime_stat:{"task_name": "score7c", "event": "queue_end_process", "filename": "score7c_preagg7_3jobth6#65836474-6#89276813-6#49365876-6#61840988", "unix_time": 1620589722.7104406}
DEBUG:transfer.py:transfer successful!
INFO:circe.py:runtime_stat:{"task_name": "circe", "event": "new_input_file", "filename": "lccenc7_score7c_6#36199340-6#37377129-6#48504009-6#28369934jobid4.csv", "unix_time": 1620589753.6176507}
INFO:ccdag_utils.py:runtime_stat:{"task_name": "score7c", "event": "queue_start_process", "filename": "lccenc7_score7c_6#36199340-6#37377129-6#48504009-6#28369934jobid4.csv", "unix_time": 1620589753.7481012}
['leopard21.JPEG', 'leopard22.JPEG', 'leopard23.JPEG', 'leopard24.JPEG', 'leopard25.JPEG', 'leopard26.JPEG', 'leopard27.JPEG', 'leopard28.JPEG', 'leopard29.JPEG', 'leopard30.JPEG']
INFO:circe.py:runtime_stat:{"task_name": "circe", "event": "new_output_file", "filename": "score7c_preagg7_4jobth6#36199340-6#37377129-6#48504009-6#28369934", "unix_time": 1620589755.2754653}
DEBUG:transfer.py:sshpass -p PASSWORD scp -P 5000 -o StrictHostKeyChecking=no /jupiter/circe_output/score7c_preagg7_4jobth6#36199340-6#37377129-6#48504009-6#28369934 root@10.97.8.247:/jupiter/circe_input/
INFO:ccdag_utils.py:runtime_stat:{"task_name": "score7c", "event": "queue_end_process", "filename": "score7c_preagg7_4jobth6#36199340-6#37377129-6#48504009-6#28369934", "unix_time": 1620589755.2835727}
DEBUG:transfer.py:transfer successful!
INFO:circe.py:runtime_stat:{"task_name": "circe", "event": "new_input_file", "filename": "lccenc7_score7c_6#46129272-6#54113856-6#70622116-6#60612561jobid5.csv", "unix_time": 1620589803.1455128}
INFO:ccdag_utils.py:runtime_stat:{"task_name": "score7c", "event": "queue_start_process", "filename": "lccenc7_score7c_6#46129272-6#54113856-6#70622116-6#60612561jobid5.csv", "unix_time": 1620589803.3452015}
['leopard21.JPEG', 'leopard22.JPEG', 'leopard23.JPEG', 'leopard24.JPEG', 'leopard25.JPEG', 'leopard26.JPEG', 'leopard27.JPEG', 'leopard28.JPEG', 'leopard29.JPEG', 'leopard30.JPEG']
INFO:circe.py:runtime_stat:{"task_name": "circe", "event": "new_output_file", "filename": "score7c_preagg7_5jobth6#46129272-6#54113856-6#70622116-6#60612561", "unix_time": 1620589804.8254778}
DEBUG:transfer.py:sshpass -p PASSWORD scp -P 5000 -o StrictHostKeyChecking=no /jupiter/circe_output/score7c_preagg7_5jobth6#46129272-6#54113856-6#70622116-6#60612561 root@10.97.8.247:/jupiter/circe_input/
INFO:ccdag_utils.py:runtime_stat:{"task_name": "score7c", "event": "queue_end_process", "filename": "score7c_preagg7_5jobth6#46129272-6#54113856-6#70622116-6#60612561", "unix_time": 1620589804.8318727}
DEBUG:transfer.py:transfer successful!
INFO:circe.py:runtime_stat:{"task_name": "circe", "event": "new_input_file", "filename": "lccenc7_score7c_6#64814516-6#99628839-3#63731115-6#88158876jobid6.csv", "unix_time": 1620589894.3798382}
INFO:ccdag_utils.py:runtime_stat:{"task_name": "score7c", "event": "queue_start_process", "filename": "lccenc7_score7c_6#64814516-6#99628839-3#63731115-6#88158876jobid6.csv", "unix_time": 1620589894.9310327}
['leopard21.JPEG', 'leopard22.JPEG', 'leopard23.JPEG', 'leopard24.JPEG', 'leopard25.JPEG', 'leopard26.JPEG', 'leopard27.JPEG', 'leopard28.JPEG', 'leopard29.JPEG', 'leopard30.JPEG']
INFO:circe.py:runtime_stat:{"task_name": "circe", "event": "new_output_file", "filename": "score7c_preagg7_6jobth6#64814516-6#99628839-3#63731115-6#88158876", "unix_time": 1620589896.505379}
DEBUG:transfer.py:sshpass -p PASSWORD scp -P 5000 -o StrictHostKeyChecking=no /jupiter/circe_output/score7c_preagg7_6jobth6#64814516-6#99628839-3#63731115-6#88158876 root@10.97.8.247:/jupiter/circe_input/
INFO:ccdag_utils.py:runtime_stat:{"task_name": "score7c", "event": "queue_end_process", "filename": "score7c_preagg7_6jobth6#64814516-6#99628839-3#63731115-6#88158876", "unix_time": 1620589896.506772}
DEBUG:transfer.py:transfer successful!
INFO:circe.py:runtime_stat:{"task_name": "circe", "event": "new_input_file", "filename": "lccenc7_score7c_6#90590259-6#81382316-6#48677429-6#44841699jobid7.csv", "unix_time": 1620590084.910628}
INFO:ccdag_utils.py:runtime_stat:{"task_name": "score7c", "event": "queue_start_process", "filename": "lccenc7_score7c_6#90590259-6#81382316-6#48677429-6#44841699jobid7.csv", "unix_time": 1620590085.715141}
['leopard21.JPEG', 'leopard22.JPEG', 'leopard23.JPEG', 'leopard24.JPEG', 'leopard25.JPEG', 'leopard26.JPEG', 'leopard27.JPEG', 'leopard28.JPEG', 'leopard29.JPEG', 'leopard30.JPEG']
INFO:circe.py:runtime_stat:{"task_name": "circe", "event": "new_output_file", "filename": "score7c_preagg7_7jobth6#90590259-6#81382316-6#48677429-6#44841699", "unix_time": 1620590087.1453342}
DEBUG:transfer.py:sshpass -p PASSWORD scp -P 5000 -o StrictHostKeyChecking=no /jupiter/circe_output/score7c_preagg7_7jobth6#90590259-6#81382316-6#48677429-6#44841699 root@10.97.8.247:/jupiter/circe_input/
INFO:ccdag_utils.py:runtime_stat:{"task_name": "score7c", "event": "queue_end_process", "filename": "score7c_preagg7_7jobth6#90590259-6#81382316-6#48677429-6#44841699", "unix_time": 1620590087.1531072}
DEBUG:transfer.py:transfer successful!
INFO:circe.py:runtime_stat:{"task_name": "circe", "event": "new_input_file", "filename": "lccenc7_score7c_6#31401503-6#06501118-6#18195562-6#58778575jobid8.csv", "unix_time": 1620590311.711761}
INFO:ccdag_utils.py:runtime_stat:{"task_name": "score7c", "event": "queue_start_process", "filename": "lccenc7_score7c_6#31401503-6#06501118-6#18195562-6#58778575jobid8.csv", "unix_time": 1620590312.394435}
['leopard21.JPEG', 'leopard22.JPEG', 'leopard23.JPEG', 'leopard24.JPEG', 'leopard25.JPEG', 'leopard26.JPEG', 'leopard27.JPEG', 'leopard28.JPEG', 'leopard29.JPEG', 'leopard30.JPEG']
INFO:ccdag_utils.py:runtime_stat:{"task_name": "score7c", "event": "queue_end_process", "filename": "score7c_preagg7_8jobth6#31401503-6#06501118-6#18195562-6#58778575", "unix_time": 1620590314.0019972}
INFO:circe.py:runtime_stat:{"task_name": "circe", "event": "new_output_file", "filename": "score7c_preagg7_8jobth6#31401503-6#06501118-6#18195562-6#58778575", "unix_time": 1620590314.0032456}
DEBUG:transfer.py:sshpass -p PASSWORD scp -P 5000 -o StrictHostKeyChecking=no /jupiter/circe_output/score7c_preagg7_8jobth6#31401503-6#06501118-6#18195562-6#58778575 root@10.97.8.247:/jupiter/circe_input/
DEBUG:transfer.py:transfer successful!
