 * Starting OpenBSD Secure Shell server sshd
   ...done.
INFO:circe.py:Using base script lccdec.py
DEBUG:circe.py:starting the input monitoring process
DEBUG:circe.py:starting the output monitoring process
INFO:circe.py:runtime_stat:{"task_name": "circe", "event": "new_input_file", "filename": "preagg3_lccdec3_1jobthscore3a2#97227699-2#25579936-2#96364535-2#26179237", "unix_time": 1620686946.5402288}
INFO:ccdag_utils.py:runtime_stat:{"task_name": "lccdec3", "event": "queue_start_process", "filename": "preagg3_lccdec3_1jobthscore3a2#97227699-2#25579936-2#96364535-2#26179237", "unix_time": 1620686946.541037}
INFO:circe.py:runtime_stat:{"task_name": "circe", "event": "new_input_file", "filename": "preagg3_lccdec3_1jobthscore3b2#97227699-2#25579936-2#96364535-2#26179237", "unix_time": 1620686946.7732396}
INFO:ccdag_utils.py:runtime_stat:{"task_name": "lccdec3", "event": "queue_start_process", "filename": "preagg3_lccdec3_1jobthscore3b2#97227699-2#25579936-2#96364535-2#26179237", "unix_time": 1620686946.7740676}
INFO:circe.py:runtime_stat:{"task_name": "circe", "event": "new_output_file", "filename": "lccdec3_home_1jobth2#97227699-2#25579936-2#96364535-2#26179237", "unix_time": 1620686946.7986264}
DEBUG:transfer.py:sshpass -p PASSWORD scp -P 5000 -o StrictHostKeyChecking=no /jupiter/circe_output/lccdec3_home_1jobth2#97227699-2#25579936-2#96364535-2#26179237 root@10.110.213.51:/jupiter/circe_input/
INFO:ccdag_utils.py:runtime_stat:{"task_name": "lccdec3", "event": "queue_end_process", "filename": "lccdec3_home_1jobth2#97227699-2#25579936-2#96364535-2#26179237", "unix_time": 1620686946.7999952}
Warning: Permanently added '[10.110.213.51]:5000' (ECDSA) to the list of known hosts.
DEBUG:transfer.py:transfer successful!
INFO:circe.py:runtime_stat:{"task_name": "circe", "event": "new_input_file", "filename": "preagg3_lccdec3_2jobthscore3a2#86432103-2#05276941-2#26018074-2#43350238", "unix_time": 1620686955.734139}
INFO:ccdag_utils.py:runtime_stat:{"task_name": "lccdec3", "event": "queue_start_process", "filename": "preagg3_lccdec3_2jobthscore3a2#86432103-2#05276941-2#26018074-2#43350238", "unix_time": 1620686955.7345848}
INFO:circe.py:runtime_stat:{"task_name": "circe", "event": "new_input_file", "filename": "preagg3_lccdec3_2jobthscore3b2#86432103-2#05276941-2#26018074-2#43350238", "unix_time": 1620686955.945805}
INFO:ccdag_utils.py:runtime_stat:{"task_name": "lccdec3", "event": "queue_start_process", "filename": "preagg3_lccdec3_2jobthscore3b2#86432103-2#05276941-2#26018074-2#43350238", "unix_time": 1620686955.9461296}
INFO:circe.py:runtime_stat:{"task_name": "circe", "event": "new_output_file", "filename": "lccdec3_home_2jobth2#86432103-2#05276941-2#26018074-2#43350238", "unix_time": 1620686955.9591844}
DEBUG:transfer.py:sshpass -p PASSWORD scp -P 5000 -o StrictHostKeyChecking=no /jupiter/circe_output/lccdec3_home_2jobth2#86432103-2#05276941-2#26018074-2#43350238 root@10.110.213.51:/jupiter/circe_input/
INFO:ccdag_utils.py:runtime_stat:{"task_name": "lccdec3", "event": "queue_end_process", "filename": "lccdec3_home_2jobth2#86432103-2#05276941-2#26018074-2#43350238", "unix_time": 1620686955.9604805}
DEBUG:transfer.py:transfer successful!
INFO:circe.py:runtime_stat:{"task_name": "circe", "event": "new_input_file", "filename": "preagg3_lccdec3_3jobthscore3a2#11524455-2#73047625-2#04043088-2#16515357", "unix_time": 1620686958.8874273}
INFO:ccdag_utils.py:runtime_stat:{"task_name": "lccdec3", "event": "queue_start_process", "filename": "preagg3_lccdec3_3jobthscore3a2#11524455-2#73047625-2#04043088-2#16515357", "unix_time": 1620686958.8881333}
INFO:circe.py:runtime_stat:{"task_name": "circe", "event": "new_input_file", "filename": "preagg3_lccdec3_3jobthscore3b2#11524455-2#73047625-2#04043088-2#16515357", "unix_time": 1620686959.14674}
INFO:ccdag_utils.py:runtime_stat:{"task_name": "lccdec3", "event": "queue_start_process", "filename": "preagg3_lccdec3_3jobthscore3b2#11524455-2#73047625-2#04043088-2#16515357", "unix_time": 1620686959.1473584}
INFO:circe.py:runtime_stat:{"task_name": "circe", "event": "new_output_file", "filename": "lccdec3_home_3jobth2#11524455-2#73047625-2#04043088-2#16515357", "unix_time": 1620686959.1611235}
DEBUG:transfer.py:sshpass -p PASSWORD scp -P 5000 -o StrictHostKeyChecking=no /jupiter/circe_output/lccdec3_home_3jobth2#11524455-2#73047625-2#04043088-2#16515357 root@10.110.213.51:/jupiter/circe_input/
INFO:ccdag_utils.py:runtime_stat:{"task_name": "lccdec3", "event": "queue_end_process", "filename": "lccdec3_home_3jobth2#11524455-2#73047625-2#04043088-2#16515357", "unix_time": 1620686959.1656597}
DEBUG:transfer.py:transfer successful!
INFO:circe.py:runtime_stat:{"task_name": "circe", "event": "new_input_file", "filename": "preagg3_lccdec3_4jobthscore3a2#40913105-2#35481214-2#97079910-2#28177051", "unix_time": 1620686967.09487}
INFO:ccdag_utils.py:runtime_stat:{"task_name": "lccdec3", "event": "queue_start_process", "filename": "preagg3_lccdec3_4jobthscore3a2#40913105-2#35481214-2#97079910-2#28177051", "unix_time": 1620686967.095643}
INFO:circe.py:runtime_stat:{"task_name": "circe", "event": "new_input_file", "filename": "preagg3_lccdec3_4jobthscore3b2#40913105-2#35481214-2#97079910-2#28177051", "unix_time": 1620686967.3052752}
INFO:ccdag_utils.py:runtime_stat:{"task_name": "lccdec3", "event": "queue_start_process", "filename": "preagg3_lccdec3_4jobthscore3b2#40913105-2#35481214-2#97079910-2#28177051", "unix_time": 1620686967.3058226}
INFO:circe.py:runtime_stat:{"task_name": "circe", "event": "new_output_file", "filename": "lccdec3_home_4jobth2#40913105-2#35481214-2#97079910-2#28177051", "unix_time": 1620686967.3230562}
DEBUG:transfer.py:sshpass -p PASSWORD scp -P 5000 -o StrictHostKeyChecking=no /jupiter/circe_output/lccdec3_home_4jobth2#40913105-2#35481214-2#97079910-2#28177051 root@10.110.213.51:/jupiter/circe_input/
INFO:ccdag_utils.py:runtime_stat:{"task_name": "lccdec3", "event": "queue_end_process", "filename": "lccdec3_home_4jobth2#40913105-2#35481214-2#97079910-2#28177051", "unix_time": 1620686967.3275836}
DEBUG:transfer.py:transfer successful!
INFO:circe.py:runtime_stat:{"task_name": "circe", "event": "new_input_file", "filename": "preagg3_lccdec3_5jobthscore3a2#94145366-2#63977269-2#02313284-2#70380071", "unix_time": 1620686970.221627}
INFO:ccdag_utils.py:runtime_stat:{"task_name": "lccdec3", "event": "queue_start_process", "filename": "preagg3_lccdec3_5jobthscore3a2#94145366-2#63977269-2#02313284-2#70380071", "unix_time": 1620686970.2221515}
INFO:circe.py:runtime_stat:{"task_name": "circe", "event": "new_input_file", "filename": "preagg3_lccdec3_5jobthscore3b2#94145366-2#63977269-2#02313284-2#70380071", "unix_time": 1620686970.4355288}
INFO:ccdag_utils.py:runtime_stat:{"task_name": "lccdec3", "event": "queue_start_process", "filename": "preagg3_lccdec3_5jobthscore3b2#94145366-2#63977269-2#02313284-2#70380071", "unix_time": 1620686970.4359705}
INFO:circe.py:runtime_stat:{"task_name": "circe", "event": "new_output_file", "filename": "lccdec3_home_5jobth2#94145366-2#63977269-2#02313284-2#70380071", "unix_time": 1620686970.4515078}
DEBUG:transfer.py:sshpass -p PASSWORD scp -P 5000 -o StrictHostKeyChecking=no /jupiter/circe_output/lccdec3_home_5jobth2#94145366-2#63977269-2#02313284-2#70380071 root@10.110.213.51:/jupiter/circe_input/
INFO:ccdag_utils.py:runtime_stat:{"task_name": "lccdec3", "event": "queue_end_process", "filename": "lccdec3_home_5jobth2#94145366-2#63977269-2#02313284-2#70380071", "unix_time": 1620686970.4572704}
DEBUG:transfer.py:transfer successful!
INFO:circe.py:runtime_stat:{"task_name": "circe", "event": "new_input_file", "filename": "preagg3_lccdec3_6jobthscore3a2#90847689-2#27771036-2#83276676-2#27447888", "unix_time": 1620686977.3607929}
INFO:ccdag_utils.py:runtime_stat:{"task_name": "lccdec3", "event": "queue_start_process", "filename": "preagg3_lccdec3_6jobthscore3a2#90847689-2#27771036-2#83276676-2#27447888", "unix_time": 1620686977.3613453}
INFO:circe.py:runtime_stat:{"task_name": "circe", "event": "new_input_file", "filename": "preagg3_lccdec3_6jobthscore3b2#90847689-2#27771036-2#83276676-2#27447888", "unix_time": 1620686977.5675192}
INFO:ccdag_utils.py:runtime_stat:{"task_name": "lccdec3", "event": "queue_start_process", "filename": "preagg3_lccdec3_6jobthscore3b2#90847689-2#27771036-2#83276676-2#27447888", "unix_time": 1620686977.5679216}
INFO:circe.py:runtime_stat:{"task_name": "circe", "event": "new_output_file", "filename": "lccdec3_home_6jobth2#90847689-2#27771036-2#83276676-2#27447888", "unix_time": 1620686977.583254}
DEBUG:transfer.py:sshpass -p PASSWORD scp -P 5000 -o StrictHostKeyChecking=no /jupiter/circe_output/lccdec3_home_6jobth2#90847689-2#27771036-2#83276676-2#27447888 root@10.110.213.51:/jupiter/circe_input/
INFO:ccdag_utils.py:runtime_stat:{"task_name": "lccdec3", "event": "queue_end_process", "filename": "lccdec3_home_6jobth2#90847689-2#27771036-2#83276676-2#27447888", "unix_time": 1620686977.5878997}
DEBUG:transfer.py:transfer successful!
INFO:circe.py:runtime_stat:{"task_name": "circe", "event": "new_input_file", "filename": "preagg3_lccdec3_7jobthscore3a2#40439243-2#24504452-2#64125620-2#12903804", "unix_time": 1620686980.574648}
INFO:ccdag_utils.py:runtime_stat:{"task_name": "lccdec3", "event": "queue_start_process", "filename": "preagg3_lccdec3_7jobthscore3a2#40439243-2#24504452-2#64125620-2#12903804", "unix_time": 1620686980.5751884}
INFO:circe.py:runtime_stat:{"task_name": "circe", "event": "new_input_file", "filename": "preagg3_lccdec3_7jobthscore3b2#40439243-2#24504452-2#64125620-2#12903804", "unix_time": 1620686980.799802}
INFO:ccdag_utils.py:runtime_stat:{"task_name": "lccdec3", "event": "queue_start_process", "filename": "preagg3_lccdec3_7jobthscore3b2#40439243-2#24504452-2#64125620-2#12903804", "unix_time": 1620686980.800275}
INFO:circe.py:runtime_stat:{"task_name": "circe", "event": "new_output_file", "filename": "lccdec3_home_7jobth2#40439243-2#24504452-2#64125620-2#12903804", "unix_time": 1620686980.8140497}
DEBUG:transfer.py:sshpass -p PASSWORD scp -P 5000 -o StrictHostKeyChecking=no /jupiter/circe_output/lccdec3_home_7jobth2#40439243-2#24504452-2#64125620-2#12903804 root@10.110.213.51:/jupiter/circe_input/
INFO:ccdag_utils.py:runtime_stat:{"task_name": "lccdec3", "event": "queue_end_process", "filename": "lccdec3_home_7jobth2#40439243-2#24504452-2#64125620-2#12903804", "unix_time": 1620686980.8185935}
DEBUG:transfer.py:transfer successful!
INFO:circe.py:runtime_stat:{"task_name": "circe", "event": "new_input_file", "filename": "preagg3_lccdec3_8jobthscore3a2#82977698-2#73496494-2#73192811-2#85487940", "unix_time": 1620686982.718508}
INFO:ccdag_utils.py:runtime_stat:{"task_name": "lccdec3", "event": "queue_start_process", "filename": "preagg3_lccdec3_8jobthscore3a2#82977698-2#73496494-2#73192811-2#85487940", "unix_time": 1620686982.719452}
INFO:circe.py:runtime_stat:{"task_name": "circe", "event": "new_input_file", "filename": "preagg3_lccdec3_8jobthscore3b2#82977698-2#73496494-2#73192811-2#85487940", "unix_time": 1620686982.9566038}
INFO:ccdag_utils.py:runtime_stat:{"task_name": "lccdec3", "event": "queue_start_process", "filename": "preagg3_lccdec3_8jobthscore3b2#82977698-2#73496494-2#73192811-2#85487940", "unix_time": 1620686982.9571233}
INFO:circe.py:runtime_stat:{"task_name": "circe", "event": "new_output_file", "filename": "lccdec3_home_8jobth2#82977698-2#73496494-2#73192811-2#85487940", "unix_time": 1620686982.9715292}
DEBUG:transfer.py:sshpass -p PASSWORD scp -P 5000 -o StrictHostKeyChecking=no /jupiter/circe_output/lccdec3_home_8jobth2#82977698-2#73496494-2#73192811-2#85487940 root@10.110.213.51:/jupiter/circe_input/
INFO:ccdag_utils.py:runtime_stat:{"task_name": "lccdec3", "event": "queue_end_process", "filename": "lccdec3_home_8jobth2#82977698-2#73496494-2#73192811-2#85487940", "unix_time": 1620686982.9760845}
DEBUG:transfer.py:transfer successful!
INFO:circe.py:runtime_stat:{"task_name": "circe", "event": "new_input_file", "filename": "preagg3_lccdec3_9jobthscore3a2#57614418-2#04278289-2#13176259-2#87690021", "unix_time": 1620686990.9270186}
INFO:ccdag_utils.py:runtime_stat:{"task_name": "lccdec3", "event": "queue_start_process", "filename": "preagg3_lccdec3_9jobthscore3a2#57614418-2#04278289-2#13176259-2#87690021", "unix_time": 1620686990.9276516}
INFO:circe.py:runtime_stat:{"task_name": "circe", "event": "new_input_file", "filename": "preagg3_lccdec3_9jobthscore3b2#57614418-2#04278289-2#13176259-2#87690021", "unix_time": 1620686991.1569939}
INFO:ccdag_utils.py:runtime_stat:{"task_name": "lccdec3", "event": "queue_start_process", "filename": "preagg3_lccdec3_9jobthscore3b2#57614418-2#04278289-2#13176259-2#87690021", "unix_time": 1620686991.157768}
INFO:circe.py:runtime_stat:{"task_name": "circe", "event": "new_output_file", "filename": "lccdec3_home_9jobth2#57614418-2#04278289-2#13176259-2#87690021", "unix_time": 1620686991.1711185}
DEBUG:transfer.py:sshpass -p PASSWORD scp -P 5000 -o StrictHostKeyChecking=no /jupiter/circe_output/lccdec3_home_9jobth2#57614418-2#04278289-2#13176259-2#87690021 root@10.110.213.51:/jupiter/circe_input/
INFO:ccdag_utils.py:runtime_stat:{"task_name": "lccdec3", "event": "queue_end_process", "filename": "lccdec3_home_9jobth2#57614418-2#04278289-2#13176259-2#87690021", "unix_time": 1620686991.1755712}
DEBUG:transfer.py:transfer successful!
INFO:circe.py:runtime_stat:{"task_name": "circe", "event": "new_input_file", "filename": "preagg3_lccdec3_10jobthscore3a2#93330448-2#93991913-2#05195024-2#81919814", "unix_time": 1620686993.0827148}
INFO:ccdag_utils.py:runtime_stat:{"task_name": "lccdec3", "event": "queue_start_process", "filename": "preagg3_lccdec3_10jobthscore3a2#93330448-2#93991913-2#05195024-2#81919814", "unix_time": 1620686993.0834873}
INFO:circe.py:runtime_stat:{"task_name": "circe", "event": "new_input_file", "filename": "preagg3_lccdec3_10jobthscore3b2#93330448-2#93991913-2#05195024-2#81919814", "unix_time": 1620686993.30085}
INFO:ccdag_utils.py:runtime_stat:{"task_name": "lccdec3", "event": "queue_start_process", "filename": "preagg3_lccdec3_10jobthscore3b2#93330448-2#93991913-2#05195024-2#81919814", "unix_time": 1620686993.3013442}
INFO:circe.py:runtime_stat:{"task_name": "circe", "event": "new_output_file", "filename": "lccdec3_home_10jobth2#93330448-2#93991913-2#05195024-2#81919814", "unix_time": 1620686993.3143911}
DEBUG:transfer.py:sshpass -p PASSWORD scp -P 5000 -o StrictHostKeyChecking=no /jupiter/circe_output/lccdec3_home_10jobth2#93330448-2#93991913-2#05195024-2#81919814 root@10.110.213.51:/jupiter/circe_input/
INFO:ccdag_utils.py:runtime_stat:{"task_name": "lccdec3", "event": "queue_end_process", "filename": "lccdec3_home_10jobth2#93330448-2#93991913-2#05195024-2#81919814", "unix_time": 1620686993.32}
DEBUG:transfer.py:transfer successful!
