 * Starting OpenBSD Secure Shell server sshd
   ...done.
INFO:circe.py:Using base script score.py
DEBUG:circe.py:starting the input monitoring process
DEBUG:circe.py:starting the output monitoring process
INFO:circe.py:runtime_stat:{"task_name": "circe", "event": "new_input_file", "filename": "lccenc6_score6c_5#49492247-5#70434072-5#38522067-5#21238389jobid2.csv", "unix_time": 1620589318.143338}
INFO:ccdag_utils.py:runtime_stat:{"task_name": "score6c", "event": "queue_start_process", "filename": "lccenc6_score6c_5#49492247-5#70434072-5#38522067-5#21238389jobid2.csv", "unix_time": 1620589318.7615576}
['persiancat21.JPEG', 'persiancat22.JPEG', 'persiancat23.JPEG', 'persiancat24.JPEG', 'persiancat25.JPEG', 'persiancat26.JPEG', 'persiancat27.JPEG', 'persiancat28.JPEG', 'persiancat29.JPEG', 'persiancat30.JPEG']
INFO:circe.py:runtime_stat:{"task_name": "circe", "event": "new_output_file", "filename": "score6c_preagg6_2jobth5#49492247-5#70434072-5#38522067-5#21238389", "unix_time": 1620589320.925639}
DEBUG:transfer.py:sshpass -p PASSWORD scp -P 5000 -o StrictHostKeyChecking=no /jupiter/circe_output/score6c_preagg6_2jobth5#49492247-5#70434072-5#38522067-5#21238389 root@10.111.218.39:/jupiter/circe_input/
INFO:ccdag_utils.py:runtime_stat:{"task_name": "score6c", "event": "queue_end_process", "filename": "score6c_preagg6_2jobth5#49492247-5#70434072-5#38522067-5#21238389", "unix_time": 1620589320.933574}
Warning: Permanently added '[10.111.218.39]:5000' (ECDSA) to the list of known hosts.
DEBUG:transfer.py:transfer successful!
INFO:circe.py:runtime_stat:{"task_name": "circe", "event": "new_input_file", "filename": "lccenc6_score6c_5#39576232-5#52438379-5#16093478-5#93586179jobid2.csv", "unix_time": 1620589357.304619}
INFO:ccdag_utils.py:runtime_stat:{"task_name": "score6c", "event": "queue_start_process", "filename": "lccenc6_score6c_5#39576232-5#52438379-5#16093478-5#93586179jobid2.csv", "unix_time": 1620589357.9742997}
['persiancat21.JPEG', 'persiancat22.JPEG', 'persiancat23.JPEG', 'persiancat24.JPEG', 'persiancat25.JPEG', 'persiancat26.JPEG', 'persiancat27.JPEG', 'persiancat28.JPEG', 'persiancat29.JPEG', 'persiancat30.JPEG']
INFO:circe.py:runtime_stat:{"task_name": "circe", "event": "new_output_file", "filename": "score6c_preagg6_2jobth5#39576232-5#52438379-5#16093478-5#93586179", "unix_time": 1620589359.460019}
DEBUG:transfer.py:sshpass -p PASSWORD scp -P 5000 -o StrictHostKeyChecking=no /jupiter/circe_output/score6c_preagg6_2jobth5#39576232-5#52438379-5#16093478-5#93586179 root@10.111.218.39:/jupiter/circe_input/
INFO:ccdag_utils.py:runtime_stat:{"task_name": "score6c", "event": "queue_end_process", "filename": "score6c_preagg6_2jobth5#39576232-5#52438379-5#16093478-5#93586179", "unix_time": 1620589359.4680798}
DEBUG:transfer.py:transfer successful!
INFO:circe.py:runtime_stat:{"task_name": "circe", "event": "new_input_file", "filename": "lccenc6_score6c_5#36921142-5#73649310-5#62418130-5#59198157jobid1.csv", "unix_time": 1620589521.8440814}
INFO:ccdag_utils.py:runtime_stat:{"task_name": "score6c", "event": "queue_start_process", "filename": "lccenc6_score6c_5#36921142-5#73649310-5#62418130-5#59198157jobid1.csv", "unix_time": 1620589522.6423352}
['persiancat21.JPEG', 'persiancat22.JPEG', 'persiancat23.JPEG', 'persiancat24.JPEG', 'persiancat25.JPEG', 'persiancat26.JPEG', 'persiancat27.JPEG', 'persiancat28.JPEG', 'persiancat29.JPEG', 'persiancat30.JPEG']
INFO:circe.py:runtime_stat:{"task_name": "circe", "event": "new_output_file", "filename": "score6c_preagg6_1jobth5#36921142-5#73649310-5#62418130-5#59198157", "unix_time": 1620589524.2395458}
DEBUG:transfer.py:sshpass -p PASSWORD scp -P 5000 -o StrictHostKeyChecking=no /jupiter/circe_output/score6c_preagg6_1jobth5#36921142-5#73649310-5#62418130-5#59198157 root@10.111.218.39:/jupiter/circe_input/
INFO:ccdag_utils.py:runtime_stat:{"task_name": "score6c", "event": "queue_end_process", "filename": "score6c_preagg6_1jobth5#36921142-5#73649310-5#62418130-5#59198157", "unix_time": 1620589524.2480023}
DEBUG:transfer.py:transfer successful!
INFO:circe.py:runtime_stat:{"task_name": "circe", "event": "new_input_file", "filename": "lccenc6_score6c_5#70550589-5#85224940-5#97128966-5#89668920jobid2.csv", "unix_time": 1620589620.0269186}
INFO:ccdag_utils.py:runtime_stat:{"task_name": "score6c", "event": "queue_start_process", "filename": "lccenc6_score6c_5#70550589-5#85224940-5#97128966-5#89668920jobid2.csv", "unix_time": 1620589620.3601136}
['persiancat21.JPEG', 'persiancat22.JPEG', 'persiancat23.JPEG', 'persiancat24.JPEG', 'persiancat25.JPEG', 'persiancat26.JPEG', 'persiancat27.JPEG', 'persiancat28.JPEG', 'persiancat29.JPEG', 'persiancat30.JPEG']
INFO:circe.py:runtime_stat:{"task_name": "circe", "event": "new_output_file", "filename": "score6c_preagg6_2jobth5#70550589-5#85224940-5#97128966-5#89668920", "unix_time": 1620589621.8443577}
DEBUG:transfer.py:sshpass -p PASSWORD scp -P 5000 -o StrictHostKeyChecking=no /jupiter/circe_output/score6c_preagg6_2jobth5#70550589-5#85224940-5#97128966-5#89668920 root@10.111.218.39:/jupiter/circe_input/
INFO:ccdag_utils.py:runtime_stat:{"task_name": "score6c", "event": "queue_end_process", "filename": "score6c_preagg6_2jobth5#70550589-5#85224940-5#97128966-5#89668920", "unix_time": 1620589621.8510044}
DEBUG:transfer.py:transfer successful!
INFO:circe.py:runtime_stat:{"task_name": "circe", "event": "new_input_file", "filename": "lccenc6_score6c_5#28297255-5#63082933-5#11607078-5#20804934jobid3.csv", "unix_time": 1620589688.5936356}
INFO:ccdag_utils.py:runtime_stat:{"task_name": "score6c", "event": "queue_start_process", "filename": "lccenc6_score6c_5#28297255-5#63082933-5#11607078-5#20804934jobid3.csv", "unix_time": 1620589688.920051}
['persiancat21.JPEG', 'persiancat22.JPEG', 'persiancat23.JPEG', 'persiancat24.JPEG', 'persiancat25.JPEG', 'persiancat26.JPEG', 'persiancat27.JPEG', 'persiancat28.JPEG', 'persiancat29.JPEG', 'persiancat30.JPEG']
INFO:circe.py:runtime_stat:{"task_name": "circe", "event": "new_output_file", "filename": "score6c_preagg6_3jobth5#28297255-5#63082933-5#11607078-5#20804934", "unix_time": 1620589690.39829}
DEBUG:transfer.py:sshpass -p PASSWORD scp -P 5000 -o StrictHostKeyChecking=no /jupiter/circe_output/score6c_preagg6_3jobth5#28297255-5#63082933-5#11607078-5#20804934 root@10.111.218.39:/jupiter/circe_input/
INFO:ccdag_utils.py:runtime_stat:{"task_name": "score6c", "event": "queue_end_process", "filename": "score6c_preagg6_3jobth5#28297255-5#63082933-5#11607078-5#20804934", "unix_time": 1620589690.4051137}
DEBUG:transfer.py:transfer successful!
INFO:circe.py:runtime_stat:{"task_name": "circe", "event": "new_input_file", "filename": "lccenc6_score6c_5#06305203-5#08583768-5#65165089-5#34170329jobid4.csv", "unix_time": 1620589718.9923234}
INFO:ccdag_utils.py:runtime_stat:{"task_name": "score6c", "event": "queue_start_process", "filename": "lccenc6_score6c_5#06305203-5#08583768-5#65165089-5#34170329jobid4.csv", "unix_time": 1620589719.4383404}
['persiancat21.JPEG', 'persiancat22.JPEG', 'persiancat23.JPEG', 'persiancat24.JPEG', 'persiancat25.JPEG', 'persiancat26.JPEG', 'persiancat27.JPEG', 'persiancat28.JPEG', 'persiancat29.JPEG', 'persiancat30.JPEG']
INFO:circe.py:runtime_stat:{"task_name": "circe", "event": "new_output_file", "filename": "score6c_preagg6_4jobth5#06305203-5#08583768-5#65165089-5#34170329", "unix_time": 1620589720.8814902}
DEBUG:transfer.py:sshpass -p PASSWORD scp -P 5000 -o StrictHostKeyChecking=no /jupiter/circe_output/score6c_preagg6_4jobth5#06305203-5#08583768-5#65165089-5#34170329 root@10.111.218.39:/jupiter/circe_input/
INFO:ccdag_utils.py:runtime_stat:{"task_name": "score6c", "event": "queue_end_process", "filename": "score6c_preagg6_4jobth5#06305203-5#08583768-5#65165089-5#34170329", "unix_time": 1620589720.8898919}
DEBUG:transfer.py:transfer successful!
INFO:circe.py:runtime_stat:{"task_name": "circe", "event": "new_input_file", "filename": "lccenc6_score6c_5#88413584-5#66508935-5#64761647-5#66975773jobid5.csv", "unix_time": 1620589803.4773939}
INFO:ccdag_utils.py:runtime_stat:{"task_name": "score6c", "event": "queue_start_process", "filename": "lccenc6_score6c_5#88413584-5#66508935-5#64761647-5#66975773jobid5.csv", "unix_time": 1620589803.9777033}
['persiancat21.JPEG', 'persiancat22.JPEG', 'persiancat23.JPEG', 'persiancat24.JPEG', 'persiancat25.JPEG', 'persiancat26.JPEG', 'persiancat27.JPEG', 'persiancat28.JPEG', 'persiancat29.JPEG', 'persiancat30.JPEG']
INFO:circe.py:runtime_stat:{"task_name": "circe", "event": "new_output_file", "filename": "score6c_preagg6_5jobth5#88413584-5#66508935-5#64761647-5#66975773", "unix_time": 1620589805.4933517}
DEBUG:transfer.py:sshpass -p PASSWORD scp -P 5000 -o StrictHostKeyChecking=no /jupiter/circe_output/score6c_preagg6_5jobth5#88413584-5#66508935-5#64761647-5#66975773 root@10.111.218.39:/jupiter/circe_input/
INFO:ccdag_utils.py:runtime_stat:{"task_name": "score6c", "event": "queue_end_process", "filename": "score6c_preagg6_5jobth5#88413584-5#66508935-5#64761647-5#66975773", "unix_time": 1620589805.5004237}
DEBUG:transfer.py:transfer successful!
INFO:circe.py:runtime_stat:{"task_name": "circe", "event": "new_input_file", "filename": "lccenc6_score6c_5#71901217-5#73155793-5#31009992-5#68380459jobid6.csv", "unix_time": 1620589893.7847488}
INFO:ccdag_utils.py:runtime_stat:{"task_name": "score6c", "event": "queue_start_process", "filename": "lccenc6_score6c_5#71901217-5#73155793-5#31009992-5#68380459jobid6.csv", "unix_time": 1620589894.598256}
['persiancat21.JPEG', 'persiancat22.JPEG', 'persiancat23.JPEG', 'persiancat24.JPEG', 'persiancat25.JPEG', 'persiancat26.JPEG', 'persiancat27.JPEG', 'persiancat28.JPEG', 'persiancat29.JPEG', 'persiancat30.JPEG']
INFO:circe.py:runtime_stat:{"task_name": "circe", "event": "new_output_file", "filename": "score6c_preagg6_6jobth5#71901217-5#73155793-5#31009992-5#68380459", "unix_time": 1620589896.2315106}
DEBUG:transfer.py:sshpass -p PASSWORD scp -P 5000 -o StrictHostKeyChecking=no /jupiter/circe_output/score6c_preagg6_6jobth5#71901217-5#73155793-5#31009992-5#68380459 root@10.111.218.39:/jupiter/circe_input/
INFO:ccdag_utils.py:runtime_stat:{"task_name": "score6c", "event": "queue_end_process", "filename": "score6c_preagg6_6jobth5#71901217-5#73155793-5#31009992-5#68380459", "unix_time": 1620589896.2396123}
DEBUG:transfer.py:transfer successful!
INFO:circe.py:runtime_stat:{"task_name": "circe", "event": "new_input_file", "filename": "lccenc6_score6c_5#46820552-5#35930449-5#00544478-5#79939891jobid7.csv", "unix_time": 1620590084.2997913}
INFO:ccdag_utils.py:runtime_stat:{"task_name": "score6c", "event": "queue_start_process", "filename": "lccenc6_score6c_5#46820552-5#35930449-5#00544478-5#79939891jobid7.csv", "unix_time": 1620590084.4434342}
['persiancat21.JPEG', 'persiancat22.JPEG', 'persiancat23.JPEG', 'persiancat24.JPEG', 'persiancat25.JPEG', 'persiancat26.JPEG', 'persiancat27.JPEG', 'persiancat28.JPEG', 'persiancat29.JPEG', 'persiancat30.JPEG']
INFO:ccdag_utils.py:runtime_stat:{"task_name": "score6c", "event": "queue_end_process", "filename": "score6c_preagg6_7jobth5#46820552-5#35930449-5#00544478-5#79939891", "unix_time": 1620590085.9120243}
INFO:circe.py:runtime_stat:{"task_name": "circe", "event": "new_output_file", "filename": "score6c_preagg6_7jobth5#46820552-5#35930449-5#00544478-5#79939891", "unix_time": 1620590085.916186}
DEBUG:transfer.py:sshpass -p PASSWORD scp -P 5000 -o StrictHostKeyChecking=no /jupiter/circe_output/score6c_preagg6_7jobth5#46820552-5#35930449-5#00544478-5#79939891 root@10.111.218.39:/jupiter/circe_input/
DEBUG:transfer.py:transfer successful!
INFO:circe.py:runtime_stat:{"task_name": "circe", "event": "new_input_file", "filename": "lccenc6_score6c_5#83169337-5#03092119-5#52830758-5#56961907jobid8.csv", "unix_time": 1620590311.1743383}
INFO:ccdag_utils.py:runtime_stat:{"task_name": "score6c", "event": "queue_start_process", "filename": "lccenc6_score6c_5#83169337-5#03092119-5#52830758-5#56961907jobid8.csv", "unix_time": 1620590312.1573079}
['persiancat21.JPEG', 'persiancat22.JPEG', 'persiancat23.JPEG', 'persiancat24.JPEG', 'persiancat25.JPEG', 'persiancat26.JPEG', 'persiancat27.JPEG', 'persiancat28.JPEG', 'persiancat29.JPEG', 'persiancat30.JPEG']
INFO:circe.py:runtime_stat:{"task_name": "circe", "event": "new_output_file", "filename": "score6c_preagg6_8jobth5#83169337-5#03092119-5#52830758-5#56961907", "unix_time": 1620590313.7274947}
DEBUG:transfer.py:sshpass -p PASSWORD scp -P 5000 -o StrictHostKeyChecking=no /jupiter/circe_output/score6c_preagg6_8jobth5#83169337-5#03092119-5#52830758-5#56961907 root@10.111.218.39:/jupiter/circe_input/
INFO:ccdag_utils.py:runtime_stat:{"task_name": "score6c", "event": "queue_end_process", "filename": "score6c_preagg6_8jobth5#83169337-5#03092119-5#52830758-5#56961907", "unix_time": 1620590313.740632}
DEBUG:transfer.py:transfer successful!
