 * Starting OpenBSD Secure Shell server sshd
   ...done.
INFO:circe.py:Using base script preagg.py
DEBUG:circe.py:starting the input monitoring process
DEBUG:circe.py:starting the output monitoring process
1
INFO:circe.py:runtime_stat:{"task_name": "circe", "event": "new_input_file", "filename": "score1b_preagg1_1jobth0#71108512-0#55556988-0#37805590-0#46718892", "unix_time": 1620683001.4589107}
INFO:ccdag_utils.py:runtime_stat:{"task_name": "preagg1", "event": "queue_start_process", "filename": "score1b_preagg1_1jobth0#71108512-0#55556988-0#37805590-0#46718892", "unix_time": 1620683001.5542488}
INFO:circe.py:runtime_stat:{"task_name": "circe", "event": "new_input_file", "filename": "score1c_preagg1_1jobth0#71108512-0#55556988-0#37805590-0#46718892", "unix_time": 1620683002.259574}
INFO:ccdag_utils.py:runtime_stat:{"task_name": "preagg1", "event": "queue_start_process", "filename": "score1c_preagg1_1jobth0#71108512-0#55556988-0#37805590-0#46718892", "unix_time": 1620683002.6275096}
preagg1_lccdec1_1jobthscore1a0#71108512-0#55556988-0#37805590-0#46718892
INFO:circe.py:runtime_stat:{"task_name": "circe", "event": "new_output_file", "filename": "preagg1_lccdec1_1jobthscore1a0#71108512-0#55556988-0#37805590-0#46718892", "unix_time": 1620683002.7020495}
DEBUG:transfer.py:sshpass -p PASSWORD scp -P 5000 -o StrictHostKeyChecking=no /jupiter/circe_output/preagg1_lccdec1_1jobthscore1a0#71108512-0#55556988-0#37805590-0#46718892 root@10.108.38.51:/jupiter/circe_input/
INFO:ccdag_utils.py:runtime_stat:{"task_name": "preagg1", "event": "queue_end_process", "filename": "preagg1_lccdec1_1jobthscore1a0#71108512-0#55556988-0#37805590-0#46718892", "unix_time": 1620683002.707007}
preagg1_lccdec1_1jobthscore1b0#71108512-0#55556988-0#37805590-0#46718892
INFO:ccdag_utils.py:runtime_stat:{"task_name": "preagg1", "event": "queue_end_process", "filename": "preagg1_lccdec1_1jobthscore1b0#71108512-0#55556988-0#37805590-0#46718892", "unix_time": 1620683002.7166066}
Warning: Permanently added '[10.108.38.51]:5000' (ECDSA) to the list of known hosts.
DEBUG:transfer.py:transfer successful!
INFO:circe.py:runtime_stat:{"task_name": "circe", "event": "new_output_file", "filename": "preagg1_lccdec1_1jobthscore1b0#71108512-0#55556988-0#37805590-0#46718892", "unix_time": 1620683002.9332561}
DEBUG:transfer.py:sshpass -p PASSWORD scp -P 5000 -o StrictHostKeyChecking=no /jupiter/circe_output/preagg1_lccdec1_1jobthscore1b0#71108512-0#55556988-0#37805590-0#46718892 root@10.108.38.51:/jupiter/circe_input/
DEBUG:transfer.py:transfer successful!
INFO:circe.py:runtime_stat:{"task_name": "circe", "event": "new_input_file", "filename": "score1a_preagg1_1jobth0#71108512-0#55556988-0#37805590-0#46718892", "unix_time": 1620683010.4828882}
INFO:ccdag_utils.py:runtime_stat:{"task_name": "preagg1", "event": "queue_start_process", "filename": "score1a_preagg1_1jobth0#71108512-0#55556988-0#37805590-0#46718892", "unix_time": 1620683010.725547}
INFO:circe.py:runtime_stat:{"task_name": "circe", "event": "new_input_file", "filename": "score1b_preagg1_2jobth0#86718336-0#88950092-0#77245967-0#02551711", "unix_time": 1620683017.230373}
INFO:ccdag_utils.py:runtime_stat:{"task_name": "preagg1", "event": "queue_start_process", "filename": "score1b_preagg1_2jobth0#86718336-0#88950092-0#77245967-0#02551711", "unix_time": 1620683017.7938972}
INFO:circe.py:runtime_stat:{"task_name": "circe", "event": "new_input_file", "filename": "score1c_preagg1_2jobth0#86718336-0#88950092-0#77245967-0#02551711", "unix_time": 1620683018.0262637}
INFO:ccdag_utils.py:runtime_stat:{"task_name": "preagg1", "event": "queue_start_process", "filename": "score1c_preagg1_2jobth0#86718336-0#88950092-0#77245967-0#02551711", "unix_time": 1620683018.8538444}
preagg1_lccdec1_2jobthscore1a0#86718336-0#88950092-0#77245967-0#02551711
INFO:circe.py:runtime_stat:{"task_name": "circe", "event": "new_output_file", "filename": "preagg1_lccdec1_2jobthscore1a0#86718336-0#88950092-0#77245967-0#02551711", "unix_time": 1620683018.9178753}
DEBUG:transfer.py:sshpass -p PASSWORD scp -P 5000 -o StrictHostKeyChecking=no /jupiter/circe_output/preagg1_lccdec1_2jobthscore1a0#86718336-0#88950092-0#77245967-0#02551711 root@10.108.38.51:/jupiter/circe_input/
INFO:ccdag_utils.py:runtime_stat:{"task_name": "preagg1", "event": "queue_end_process", "filename": "preagg1_lccdec1_2jobthscore1a0#86718336-0#88950092-0#77245967-0#02551711", "unix_time": 1620683018.922754}
preagg1_lccdec1_2jobthscore1b0#86718336-0#88950092-0#77245967-0#02551711
INFO:ccdag_utils.py:runtime_stat:{"task_name": "preagg1", "event": "queue_end_process", "filename": "preagg1_lccdec1_2jobthscore1b0#86718336-0#88950092-0#77245967-0#02551711", "unix_time": 1620683018.9312427}
DEBUG:transfer.py:transfer successful!
INFO:circe.py:runtime_stat:{"task_name": "circe", "event": "new_output_file", "filename": "preagg1_lccdec1_2jobthscore1b0#86718336-0#88950092-0#77245967-0#02551711", "unix_time": 1620683019.134042}
DEBUG:transfer.py:sshpass -p PASSWORD scp -P 5000 -o StrictHostKeyChecking=no /jupiter/circe_output/preagg1_lccdec1_2jobthscore1b0#86718336-0#88950092-0#77245967-0#02551711 root@10.108.38.51:/jupiter/circe_input/
DEBUG:transfer.py:transfer successful!
INFO:circe.py:runtime_stat:{"task_name": "circe", "event": "new_input_file", "filename": "score1a_preagg1_2jobth0#86718336-0#88950092-0#77245967-0#02551711", "unix_time": 1620683026.2876847}
INFO:ccdag_utils.py:runtime_stat:{"task_name": "preagg1", "event": "queue_start_process", "filename": "score1a_preagg1_2jobth0#86718336-0#88950092-0#77245967-0#02551711", "unix_time": 1620683026.9401388}
INFO:circe.py:runtime_stat:{"task_name": "circe", "event": "new_input_file", "filename": "score1b_preagg1_3jobth0#14141305-0#47351643-0#39955595-0#09990226", "unix_time": 1620683084.083397}
INFO:ccdag_utils.py:runtime_stat:{"task_name": "preagg1", "event": "queue_start_process", "filename": "score1b_preagg1_3jobth0#14141305-0#47351643-0#39955595-0#09990226", "unix_time": 1620683085.0641294}
INFO:circe.py:runtime_stat:{"task_name": "circe", "event": "new_input_file", "filename": "score1c_preagg1_3jobth0#14141305-0#47351643-0#39955595-0#09990226", "unix_time": 1620683085.8476145}
INFO:ccdag_utils.py:runtime_stat:{"task_name": "preagg1", "event": "queue_start_process", "filename": "score1c_preagg1_3jobth0#14141305-0#47351643-0#39955595-0#09990226", "unix_time": 1620683086.1328123}
preagg1_lccdec1_3jobthscore1a0#14141305-0#47351643-0#39955595-0#09990226
INFO:circe.py:runtime_stat:{"task_name": "circe", "event": "new_output_file", "filename": "preagg1_lccdec1_3jobthscore1a0#14141305-0#47351643-0#39955595-0#09990226", "unix_time": 1620683086.1999733}
DEBUG:transfer.py:sshpass -p PASSWORD scp -P 5000 -o StrictHostKeyChecking=no /jupiter/circe_output/preagg1_lccdec1_3jobthscore1a0#14141305-0#47351643-0#39955595-0#09990226 root@10.108.38.51:/jupiter/circe_input/
INFO:ccdag_utils.py:runtime_stat:{"task_name": "preagg1", "event": "queue_end_process", "filename": "preagg1_lccdec1_3jobthscore1a0#14141305-0#47351643-0#39955595-0#09990226", "unix_time": 1620683086.2059257}
preagg1_lccdec1_3jobthscore1b0#14141305-0#47351643-0#39955595-0#09990226
INFO:ccdag_utils.py:runtime_stat:{"task_name": "preagg1", "event": "queue_end_process", "filename": "preagg1_lccdec1_3jobthscore1b0#14141305-0#47351643-0#39955595-0#09990226", "unix_time": 1620683086.2114363}
DEBUG:transfer.py:transfer successful!
INFO:circe.py:runtime_stat:{"task_name": "circe", "event": "new_output_file", "filename": "preagg1_lccdec1_3jobthscore1b0#14141305-0#47351643-0#39955595-0#09990226", "unix_time": 1620683086.4230423}
DEBUG:transfer.py:sshpass -p PASSWORD scp -P 5000 -o StrictHostKeyChecking=no /jupiter/circe_output/preagg1_lccdec1_3jobthscore1b0#14141305-0#47351643-0#39955595-0#09990226 root@10.108.38.51:/jupiter/circe_input/
DEBUG:transfer.py:transfer successful!
INFO:circe.py:runtime_stat:{"task_name": "circe", "event": "new_input_file", "filename": "score1a_preagg1_3jobth0#14141305-0#47351643-0#39955595-0#09990226", "unix_time": 1620683093.1679826}
INFO:ccdag_utils.py:runtime_stat:{"task_name": "preagg1", "event": "queue_start_process", "filename": "score1a_preagg1_3jobth0#14141305-0#47351643-0#39955595-0#09990226", "unix_time": 1620683093.219983}
INFO:circe.py:runtime_stat:{"task_name": "circe", "event": "new_input_file", "filename": "score1b_preagg1_4jobth0#36668298-0#47977284-0#76904924-0#83415915", "unix_time": 1620683115.9006288}
INFO:ccdag_utils.py:runtime_stat:{"task_name": "preagg1", "event": "queue_start_process", "filename": "score1b_preagg1_4jobth0#36668298-0#47977284-0#76904924-0#83415915", "unix_time": 1620683116.3074472}
INFO:circe.py:runtime_stat:{"task_name": "circe", "event": "new_input_file", "filename": "score1c_preagg1_4jobth0#36668298-0#47977284-0#76904924-0#83415915", "unix_time": 1620683116.649359}
INFO:ccdag_utils.py:runtime_stat:{"task_name": "preagg1", "event": "queue_start_process", "filename": "score1c_preagg1_4jobth0#36668298-0#47977284-0#76904924-0#83415915", "unix_time": 1620683117.372961}
preagg1_lccdec1_4jobthscore1a0#36668298-0#47977284-0#76904924-0#83415915
INFO:circe.py:runtime_stat:{"task_name": "circe", "event": "new_output_file", "filename": "preagg1_lccdec1_4jobthscore1a0#36668298-0#47977284-0#76904924-0#83415915", "unix_time": 1620683117.4724472}
DEBUG:transfer.py:sshpass -p PASSWORD scp -P 5000 -o StrictHostKeyChecking=no /jupiter/circe_output/preagg1_lccdec1_4jobthscore1a0#36668298-0#47977284-0#76904924-0#83415915 root@10.108.38.51:/jupiter/circe_input/
INFO:ccdag_utils.py:runtime_stat:{"task_name": "preagg1", "event": "queue_end_process", "filename": "preagg1_lccdec1_4jobthscore1a0#36668298-0#47977284-0#76904924-0#83415915", "unix_time": 1620683117.473362}
preagg1_lccdec1_4jobthscore1b0#36668298-0#47977284-0#76904924-0#83415915
INFO:ccdag_utils.py:runtime_stat:{"task_name": "preagg1", "event": "queue_end_process", "filename": "preagg1_lccdec1_4jobthscore1b0#36668298-0#47977284-0#76904924-0#83415915", "unix_time": 1620683117.4870565}
DEBUG:transfer.py:transfer successful!
INFO:circe.py:runtime_stat:{"task_name": "circe", "event": "new_output_file", "filename": "preagg1_lccdec1_4jobthscore1b0#36668298-0#47977284-0#76904924-0#83415915", "unix_time": 1620683117.6935158}
DEBUG:transfer.py:sshpass -p PASSWORD scp -P 5000 -o StrictHostKeyChecking=no /jupiter/circe_output/preagg1_lccdec1_4jobthscore1b0#36668298-0#47977284-0#76904924-0#83415915 root@10.108.38.51:/jupiter/circe_input/
DEBUG:transfer.py:transfer successful!
INFO:circe.py:runtime_stat:{"task_name": "circe", "event": "new_input_file", "filename": "score1a_preagg1_4jobth0#36668298-0#47977284-0#76904924-0#83415915", "unix_time": 1620683125.0435884}
INFO:ccdag_utils.py:runtime_stat:{"task_name": "preagg1", "event": "queue_start_process", "filename": "score1a_preagg1_4jobth0#36668298-0#47977284-0#76904924-0#83415915", "unix_time": 1620683125.4953632}
INFO:circe.py:runtime_stat:{"task_name": "circe", "event": "new_input_file", "filename": "score1b_preagg1_5jobth0#42956932-0#63665467-0#72931427-0#46758792", "unix_time": 1620683137.7375124}
INFO:ccdag_utils.py:runtime_stat:{"task_name": "preagg1", "event": "queue_start_process", "filename": "score1b_preagg1_5jobth0#42956932-0#63665467-0#72931427-0#46758792", "unix_time": 1620683138.576396}
INFO:circe.py:runtime_stat:{"task_name": "circe", "event": "new_input_file", "filename": "score1c_preagg1_5jobth0#42956932-0#63665467-0#72931427-0#46758792", "unix_time": 1620683139.4594665}
INFO:ccdag_utils.py:runtime_stat:{"task_name": "preagg1", "event": "queue_start_process", "filename": "score1c_preagg1_5jobth0#42956932-0#63665467-0#72931427-0#46758792", "unix_time": 1620683139.6395895}
preagg1_lccdec1_5jobthscore1a0#42956932-0#63665467-0#72931427-0#46758792
INFO:circe.py:runtime_stat:{"task_name": "circe", "event": "new_output_file", "filename": "preagg1_lccdec1_5jobthscore1a0#42956932-0#63665467-0#72931427-0#46758792", "unix_time": 1620683139.711714}
DEBUG:transfer.py:sshpass -p PASSWORD scp -P 5000 -o StrictHostKeyChecking=no /jupiter/circe_output/preagg1_lccdec1_5jobthscore1a0#42956932-0#63665467-0#72931427-0#46758792 root@10.108.38.51:/jupiter/circe_input/
INFO:ccdag_utils.py:runtime_stat:{"task_name": "preagg1", "event": "queue_end_process", "filename": "preagg1_lccdec1_5jobthscore1a0#42956932-0#63665467-0#72931427-0#46758792", "unix_time": 1620683139.7166233}
preagg1_lccdec1_5jobthscore1b0#42956932-0#63665467-0#72931427-0#46758792
INFO:ccdag_utils.py:runtime_stat:{"task_name": "preagg1", "event": "queue_end_process", "filename": "preagg1_lccdec1_5jobthscore1b0#42956932-0#63665467-0#72931427-0#46758792", "unix_time": 1620683139.7233446}
DEBUG:transfer.py:transfer successful!
INFO:circe.py:runtime_stat:{"task_name": "circe", "event": "new_output_file", "filename": "preagg1_lccdec1_5jobthscore1b0#42956932-0#63665467-0#72931427-0#46758792", "unix_time": 1620683139.923694}
DEBUG:transfer.py:sshpass -p PASSWORD scp -P 5000 -o StrictHostKeyChecking=no /jupiter/circe_output/preagg1_lccdec1_5jobthscore1b0#42956932-0#63665467-0#72931427-0#46758792 root@10.108.38.51:/jupiter/circe_input/
DEBUG:transfer.py:transfer successful!
INFO:circe.py:runtime_stat:{"task_name": "circe", "event": "new_input_file", "filename": "score1a_preagg1_5jobth0#42956932-0#63665467-0#72931427-0#46758792", "unix_time": 1620683146.8248322}
INFO:ccdag_utils.py:runtime_stat:{"task_name": "preagg1", "event": "queue_start_process", "filename": "score1a_preagg1_5jobth0#42956932-0#63665467-0#72931427-0#46758792", "unix_time": 1620683147.7325575}
INFO:circe.py:runtime_stat:{"task_name": "circe", "event": "new_input_file", "filename": "score1b_preagg1_6jobth0#57996123-0#99445406-0#71722052-1#87490990", "unix_time": 1620683286.6491845}
INFO:ccdag_utils.py:runtime_stat:{"task_name": "preagg1", "event": "queue_start_process", "filename": "score1b_preagg1_6jobth0#57996123-0#99445406-0#71722052-1#87490990", "unix_time": 1620683286.9382195}
INFO:circe.py:runtime_stat:{"task_name": "circe", "event": "new_input_file", "filename": "score1c_preagg1_6jobth0#57996123-0#99445406-0#71722052-1#87490990", "unix_time": 1620683288.412721}
INFO:ccdag_utils.py:runtime_stat:{"task_name": "preagg1", "event": "queue_start_process", "filename": "score1c_preagg1_6jobth0#57996123-0#99445406-0#71722052-1#87490990", "unix_time": 1620683289.0011415}
preagg1_lccdec1_6jobthscore1a0#57996123-0#99445406-0#71722052-1#87490990
INFO:circe.py:runtime_stat:{"task_name": "circe", "event": "new_output_file", "filename": "preagg1_lccdec1_6jobthscore1a0#57996123-0#99445406-0#71722052-1#87490990", "unix_time": 1620683289.0720084}
DEBUG:transfer.py:sshpass -p PASSWORD scp -P 5000 -o StrictHostKeyChecking=no /jupiter/circe_output/preagg1_lccdec1_6jobthscore1a0#57996123-0#99445406-0#71722052-1#87490990 root@10.108.38.51:/jupiter/circe_input/
INFO:ccdag_utils.py:runtime_stat:{"task_name": "preagg1", "event": "queue_end_process", "filename": "preagg1_lccdec1_6jobthscore1a0#57996123-0#99445406-0#71722052-1#87490990", "unix_time": 1620683289.078377}
preagg1_lccdec1_6jobthscore1b0#57996123-0#99445406-0#71722052-1#87490990
INFO:ccdag_utils.py:runtime_stat:{"task_name": "preagg1", "event": "queue_end_process", "filename": "preagg1_lccdec1_6jobthscore1b0#57996123-0#99445406-0#71722052-1#87490990", "unix_time": 1620683289.0843697}
DEBUG:transfer.py:transfer successful!
INFO:circe.py:runtime_stat:{"task_name": "circe", "event": "new_output_file", "filename": "preagg1_lccdec1_6jobthscore1b0#57996123-0#99445406-0#71722052-1#87490990", "unix_time": 1620683289.293536}
DEBUG:transfer.py:sshpass -p PASSWORD scp -P 5000 -o StrictHostKeyChecking=no /jupiter/circe_output/preagg1_lccdec1_6jobthscore1b0#57996123-0#99445406-0#71722052-1#87490990 root@10.108.38.51:/jupiter/circe_input/
DEBUG:transfer.py:transfer successful!
INFO:circe.py:runtime_stat:{"task_name": "circe", "event": "new_input_file", "filename": "score1a_preagg1_6jobth0#57996123-0#99445406-0#71722052-1#87490990", "unix_time": 1620683295.7918386}
INFO:ccdag_utils.py:runtime_stat:{"task_name": "preagg1", "event": "queue_start_process", "filename": "score1a_preagg1_6jobth0#57996123-0#99445406-0#71722052-1#87490990", "unix_time": 1620683296.0953221}
