 * Starting OpenBSD Secure Shell server sshd
   ...done.
INFO:circe.py:Using base script preagg.py
DEBUG:circe.py:starting the input monitoring process
DEBUG:circe.py:starting the output monitoring process
7
INFO:circe.py:runtime_stat:{"task_name": "circe", "event": "new_input_file", "filename": "score7b_preagg7_1jobth6#75679464-6#09323759-6#07617868-6#52439554", "unix_time": 1620686647.9381309}
INFO:ccdag_utils.py:runtime_stat:{"task_name": "preagg7", "event": "queue_start_process", "filename": "score7b_preagg7_1jobth6#75679464-6#09323759-6#07617868-6#52439554", "unix_time": 1620686648.118242}
INFO:circe.py:runtime_stat:{"task_name": "circe", "event": "new_input_file", "filename": "score7c_preagg7_1jobth6#75679464-6#09323759-6#07617868-6#52439554", "unix_time": 1620686648.9862769}
INFO:ccdag_utils.py:runtime_stat:{"task_name": "preagg7", "event": "queue_start_process", "filename": "score7c_preagg7_1jobth6#75679464-6#09323759-6#07617868-6#52439554", "unix_time": 1620686649.1923265}
preagg7_lccdec7_1jobthscore7a6#75679464-6#09323759-6#07617868-6#52439554
INFO:circe.py:runtime_stat:{"task_name": "circe", "event": "new_output_file", "filename": "preagg7_lccdec7_1jobthscore7a6#75679464-6#09323759-6#07617868-6#52439554", "unix_time": 1620686649.2625248}
DEBUG:transfer.py:sshpass -p PASSWORD scp -P 5000 -o StrictHostKeyChecking=no /jupiter/circe_output/preagg7_lccdec7_1jobthscore7a6#75679464-6#09323759-6#07617868-6#52439554 root@10.105.88.180:/jupiter/circe_input/
INFO:ccdag_utils.py:runtime_stat:{"task_name": "preagg7", "event": "queue_end_process", "filename": "preagg7_lccdec7_1jobthscore7a6#75679464-6#09323759-6#07617868-6#52439554", "unix_time": 1620686649.2672153}
preagg7_lccdec7_1jobthscore7b6#75679464-6#09323759-6#07617868-6#52439554
INFO:ccdag_utils.py:runtime_stat:{"task_name": "preagg7", "event": "queue_end_process", "filename": "preagg7_lccdec7_1jobthscore7b6#75679464-6#09323759-6#07617868-6#52439554", "unix_time": 1620686649.2743568}
Warning: Permanently added '[10.105.88.180]:5000' (ECDSA) to the list of known hosts.
DEBUG:transfer.py:transfer successful!
INFO:circe.py:runtime_stat:{"task_name": "circe", "event": "new_output_file", "filename": "preagg7_lccdec7_1jobthscore7b6#75679464-6#09323759-6#07617868-6#52439554", "unix_time": 1620686649.5089192}
DEBUG:transfer.py:sshpass -p PASSWORD scp -P 5000 -o StrictHostKeyChecking=no /jupiter/circe_output/preagg7_lccdec7_1jobthscore7b6#75679464-6#09323759-6#07617868-6#52439554 root@10.105.88.180:/jupiter/circe_input/
DEBUG:transfer.py:transfer successful!
INFO:circe.py:runtime_stat:{"task_name": "circe", "event": "new_input_file", "filename": "score7b_preagg7_2jobth6#25437947-6#52139416-6#07249050-6#27278490", "unix_time": 1620686651.2808335}
INFO:ccdag_utils.py:runtime_stat:{"task_name": "preagg7", "event": "queue_start_process", "filename": "score7b_preagg7_2jobth6#25437947-6#52139416-6#07249050-6#27278490", "unix_time": 1620686652.2784696}
INFO:circe.py:runtime_stat:{"task_name": "circe", "event": "new_input_file", "filename": "score7c_preagg7_2jobth6#25437947-6#52139416-6#07249050-6#27278490", "unix_time": 1620686652.5211627}
INFO:ccdag_utils.py:runtime_stat:{"task_name": "preagg7", "event": "queue_start_process", "filename": "score7c_preagg7_2jobth6#25437947-6#52139416-6#07249050-6#27278490", "unix_time": 1620686653.3399897}
preagg7_lccdec7_2jobthscore7a6#25437947-6#52139416-6#07249050-6#27278490
INFO:circe.py:runtime_stat:{"task_name": "circe", "event": "new_output_file", "filename": "preagg7_lccdec7_2jobthscore7a6#25437947-6#52139416-6#07249050-6#27278490", "unix_time": 1620686653.4061286}
DEBUG:transfer.py:sshpass -p PASSWORD scp -P 5000 -o StrictHostKeyChecking=no /jupiter/circe_output/preagg7_lccdec7_2jobthscore7a6#25437947-6#52139416-6#07249050-6#27278490 root@10.105.88.180:/jupiter/circe_input/
INFO:ccdag_utils.py:runtime_stat:{"task_name": "preagg7", "event": "queue_end_process", "filename": "preagg7_lccdec7_2jobthscore7a6#25437947-6#52139416-6#07249050-6#27278490", "unix_time": 1620686653.4114144}
preagg7_lccdec7_2jobthscore7b6#25437947-6#52139416-6#07249050-6#27278490
INFO:ccdag_utils.py:runtime_stat:{"task_name": "preagg7", "event": "queue_end_process", "filename": "preagg7_lccdec7_2jobthscore7b6#25437947-6#52139416-6#07249050-6#27278490", "unix_time": 1620686653.4188313}
DEBUG:transfer.py:transfer successful!
INFO:circe.py:runtime_stat:{"task_name": "circe", "event": "new_output_file", "filename": "preagg7_lccdec7_2jobthscore7b6#25437947-6#52139416-6#07249050-6#27278490", "unix_time": 1620686653.630643}
DEBUG:transfer.py:sshpass -p PASSWORD scp -P 5000 -o StrictHostKeyChecking=no /jupiter/circe_output/preagg7_lccdec7_2jobthscore7b6#25437947-6#52139416-6#07249050-6#27278490 root@10.105.88.180:/jupiter/circe_input/
DEBUG:transfer.py:transfer successful!
INFO:circe.py:runtime_stat:{"task_name": "circe", "event": "new_input_file", "filename": "score7b_preagg7_3jobth6#54370445-6#69784090-6#86014351-6#39334301", "unix_time": 1620686654.7434163}
INFO:ccdag_utils.py:runtime_stat:{"task_name": "preagg7", "event": "queue_start_process", "filename": "score7b_preagg7_3jobth6#54370445-6#69784090-6#86014351-6#39334301", "unix_time": 1620686655.4215178}
INFO:circe.py:runtime_stat:{"task_name": "circe", "event": "new_input_file", "filename": "score7c_preagg7_3jobth6#54370445-6#69784090-6#86014351-6#39334301", "unix_time": 1620686656.013473}
INFO:ccdag_utils.py:runtime_stat:{"task_name": "preagg7", "event": "queue_start_process", "filename": "score7c_preagg7_3jobth6#54370445-6#69784090-6#86014351-6#39334301", "unix_time": 1620686656.4879017}
preagg7_lccdec7_3jobthscore7a6#54370445-6#69784090-6#86014351-6#39334301
INFO:circe.py:runtime_stat:{"task_name": "circe", "event": "new_output_file", "filename": "preagg7_lccdec7_3jobthscore7a6#54370445-6#69784090-6#86014351-6#39334301", "unix_time": 1620686656.5550225}
DEBUG:transfer.py:sshpass -p PASSWORD scp -P 5000 -o StrictHostKeyChecking=no /jupiter/circe_output/preagg7_lccdec7_3jobthscore7a6#54370445-6#69784090-6#86014351-6#39334301 root@10.105.88.180:/jupiter/circe_input/
INFO:ccdag_utils.py:runtime_stat:{"task_name": "preagg7", "event": "queue_end_process", "filename": "preagg7_lccdec7_3jobthscore7a6#54370445-6#69784090-6#86014351-6#39334301", "unix_time": 1620686656.5614545}
preagg7_lccdec7_3jobthscore7b6#54370445-6#69784090-6#86014351-6#39334301
INFO:ccdag_utils.py:runtime_stat:{"task_name": "preagg7", "event": "queue_end_process", "filename": "preagg7_lccdec7_3jobthscore7b6#54370445-6#69784090-6#86014351-6#39334301", "unix_time": 1620686656.567366}
DEBUG:transfer.py:transfer successful!
INFO:circe.py:runtime_stat:{"task_name": "circe", "event": "new_output_file", "filename": "preagg7_lccdec7_3jobthscore7b6#54370445-6#69784090-6#86014351-6#39334301", "unix_time": 1620686656.7804759}
DEBUG:transfer.py:sshpass -p PASSWORD scp -P 5000 -o StrictHostKeyChecking=no /jupiter/circe_output/preagg7_lccdec7_3jobthscore7b6#54370445-6#69784090-6#86014351-6#39334301 root@10.105.88.180:/jupiter/circe_input/
DEBUG:transfer.py:transfer successful!
INFO:circe.py:runtime_stat:{"task_name": "circe", "event": "new_input_file", "filename": "score7a_preagg7_1jobth6#75679464-6#09323759-6#07617868-6#52439554", "unix_time": 1620686657.9698887}
INFO:ccdag_utils.py:runtime_stat:{"task_name": "preagg7", "event": "queue_start_process", "filename": "score7a_preagg7_1jobth6#75679464-6#09323759-6#07617868-6#52439554", "unix_time": 1620686658.5694215}
INFO:circe.py:runtime_stat:{"task_name": "circe", "event": "new_input_file", "filename": "score7b_preagg7_4jobth6#48328866-6#46208171-6#83309722-6#92672650", "unix_time": 1620686660.2822654}
INFO:ccdag_utils.py:runtime_stat:{"task_name": "preagg7", "event": "queue_start_process", "filename": "score7b_preagg7_4jobth6#48328866-6#46208171-6#83309722-6#92672650", "unix_time": 1620686660.6367705}
INFO:circe.py:runtime_stat:{"task_name": "circe", "event": "new_input_file", "filename": "score7c_preagg7_4jobth6#48328866-6#46208171-6#83309722-6#92672650", "unix_time": 1620686661.4774098}
INFO:ccdag_utils.py:runtime_stat:{"task_name": "preagg7", "event": "queue_start_process", "filename": "score7c_preagg7_4jobth6#48328866-6#46208171-6#83309722-6#92672650", "unix_time": 1620686661.7054365}
preagg7_lccdec7_4jobthscore7a6#48328866-6#46208171-6#83309722-6#92672650
INFO:circe.py:runtime_stat:{"task_name": "circe", "event": "new_output_file", "filename": "preagg7_lccdec7_4jobthscore7a6#48328866-6#46208171-6#83309722-6#92672650", "unix_time": 1620686661.7745953}
DEBUG:transfer.py:sshpass -p PASSWORD scp -P 5000 -o StrictHostKeyChecking=no /jupiter/circe_output/preagg7_lccdec7_4jobthscore7a6#48328866-6#46208171-6#83309722-6#92672650 root@10.105.88.180:/jupiter/circe_input/
INFO:ccdag_utils.py:runtime_stat:{"task_name": "preagg7", "event": "queue_end_process", "filename": "preagg7_lccdec7_4jobthscore7a6#48328866-6#46208171-6#83309722-6#92672650", "unix_time": 1620686661.7793746}
preagg7_lccdec7_4jobthscore7b6#48328866-6#46208171-6#83309722-6#92672650
INFO:ccdag_utils.py:runtime_stat:{"task_name": "preagg7", "event": "queue_end_process", "filename": "preagg7_lccdec7_4jobthscore7b6#48328866-6#46208171-6#83309722-6#92672650", "unix_time": 1620686661.7869878}
DEBUG:transfer.py:transfer successful!
INFO:circe.py:runtime_stat:{"task_name": "circe", "event": "new_output_file", "filename": "preagg7_lccdec7_4jobthscore7b6#48328866-6#46208171-6#83309722-6#92672650", "unix_time": 1620686661.9918306}
DEBUG:transfer.py:sshpass -p PASSWORD scp -P 5000 -o StrictHostKeyChecking=no /jupiter/circe_output/preagg7_lccdec7_4jobthscore7b6#48328866-6#46208171-6#83309722-6#92672650 root@10.105.88.180:/jupiter/circe_input/
DEBUG:transfer.py:transfer successful!
INFO:circe.py:runtime_stat:{"task_name": "circe", "event": "new_input_file", "filename": "score7b_preagg7_5jobth6#65043142-6#66496977-6#04989102-6#74483129", "unix_time": 1620686663.751445}
INFO:ccdag_utils.py:runtime_stat:{"task_name": "preagg7", "event": "queue_start_process", "filename": "score7b_preagg7_5jobth6#65043142-6#66496977-6#04989102-6#74483129", "unix_time": 1620686663.789477}
INFO:circe.py:runtime_stat:{"task_name": "circe", "event": "new_input_file", "filename": "score7c_preagg7_5jobth6#65043142-6#66496977-6#04989102-6#74483129", "unix_time": 1620686664.9379284}
INFO:ccdag_utils.py:runtime_stat:{"task_name": "preagg7", "event": "queue_start_process", "filename": "score7c_preagg7_5jobth6#65043142-6#66496977-6#04989102-6#74483129", "unix_time": 1620686665.8561566}
preagg7_lccdec7_5jobthscore7a6#65043142-6#66496977-6#04989102-6#74483129
INFO:circe.py:runtime_stat:{"task_name": "circe", "event": "new_output_file", "filename": "preagg7_lccdec7_5jobthscore7a6#65043142-6#66496977-6#04989102-6#74483129", "unix_time": 1620686665.9284606}
DEBUG:transfer.py:sshpass -p PASSWORD scp -P 5000 -o StrictHostKeyChecking=no /jupiter/circe_output/preagg7_lccdec7_5jobthscore7a6#65043142-6#66496977-6#04989102-6#74483129 root@10.105.88.180:/jupiter/circe_input/
INFO:ccdag_utils.py:runtime_stat:{"task_name": "preagg7", "event": "queue_end_process", "filename": "preagg7_lccdec7_5jobthscore7a6#65043142-6#66496977-6#04989102-6#74483129", "unix_time": 1620686665.9331348}
preagg7_lccdec7_5jobthscore7b6#65043142-6#66496977-6#04989102-6#74483129
INFO:ccdag_utils.py:runtime_stat:{"task_name": "preagg7", "event": "queue_end_process", "filename": "preagg7_lccdec7_5jobthscore7b6#65043142-6#66496977-6#04989102-6#74483129", "unix_time": 1620686665.9412026}
DEBUG:transfer.py:transfer successful!
INFO:circe.py:runtime_stat:{"task_name": "circe", "event": "new_output_file", "filename": "preagg7_lccdec7_5jobthscore7b6#65043142-6#66496977-6#04989102-6#74483129", "unix_time": 1620686666.1816015}
DEBUG:transfer.py:sshpass -p PASSWORD scp -P 5000 -o StrictHostKeyChecking=no /jupiter/circe_output/preagg7_lccdec7_5jobthscore7b6#65043142-6#66496977-6#04989102-6#74483129 root@10.105.88.180:/jupiter/circe_input/
DEBUG:transfer.py:transfer successful!
INFO:circe.py:runtime_stat:{"task_name": "circe", "event": "new_input_file", "filename": "score7a_preagg7_2jobth6#25437947-6#52139416-6#07249050-6#27278490", "unix_time": 1620686669.3769295}
INFO:ccdag_utils.py:runtime_stat:{"task_name": "preagg7", "event": "queue_start_process", "filename": "score7a_preagg7_2jobth6#25437947-6#52139416-6#07249050-6#27278490", "unix_time": 1620686669.9455383}
INFO:circe.py:runtime_stat:{"task_name": "circe", "event": "new_input_file", "filename": "score7b_preagg7_6jobth6#97668655-6#45557719-6#14751227-6#57431762", "unix_time": 1620686672.2318141}
INFO:ccdag_utils.py:runtime_stat:{"task_name": "preagg7", "event": "queue_start_process", "filename": "score7b_preagg7_6jobth6#97668655-6#45557719-6#14751227-6#57431762", "unix_time": 1620686673.0106056}
INFO:circe.py:runtime_stat:{"task_name": "circe", "event": "new_input_file", "filename": "score7c_preagg7_6jobth6#97668655-6#45557719-6#14751227-6#57431762", "unix_time": 1620686673.436956}
INFO:ccdag_utils.py:runtime_stat:{"task_name": "preagg7", "event": "queue_start_process", "filename": "score7c_preagg7_6jobth6#97668655-6#45557719-6#14751227-6#57431762", "unix_time": 1620686674.0738826}
preagg7_lccdec7_6jobthscore7a6#97668655-6#45557719-6#14751227-6#57431762
INFO:circe.py:runtime_stat:{"task_name": "circe", "event": "new_output_file", "filename": "preagg7_lccdec7_6jobthscore7a6#97668655-6#45557719-6#14751227-6#57431762", "unix_time": 1620686674.141754}
DEBUG:transfer.py:sshpass -p PASSWORD scp -P 5000 -o StrictHostKeyChecking=no /jupiter/circe_output/preagg7_lccdec7_6jobthscore7a6#97668655-6#45557719-6#14751227-6#57431762 root@10.105.88.180:/jupiter/circe_input/
INFO:ccdag_utils.py:runtime_stat:{"task_name": "preagg7", "event": "queue_end_process", "filename": "preagg7_lccdec7_6jobthscore7a6#97668655-6#45557719-6#14751227-6#57431762", "unix_time": 1620686674.1478581}
preagg7_lccdec7_6jobthscore7b6#97668655-6#45557719-6#14751227-6#57431762
INFO:ccdag_utils.py:runtime_stat:{"task_name": "preagg7", "event": "queue_end_process", "filename": "preagg7_lccdec7_6jobthscore7b6#97668655-6#45557719-6#14751227-6#57431762", "unix_time": 1620686674.1538107}
DEBUG:transfer.py:transfer successful!
INFO:circe.py:runtime_stat:{"task_name": "circe", "event": "new_output_file", "filename": "preagg7_lccdec7_6jobthscore7b6#97668655-6#45557719-6#14751227-6#57431762", "unix_time": 1620686674.358887}
DEBUG:transfer.py:sshpass -p PASSWORD scp -P 5000 -o StrictHostKeyChecking=no /jupiter/circe_output/preagg7_lccdec7_6jobthscore7b6#97668655-6#45557719-6#14751227-6#57431762 root@10.105.88.180:/jupiter/circe_input/
DEBUG:transfer.py:transfer successful!
INFO:circe.py:runtime_stat:{"task_name": "circe", "event": "new_input_file", "filename": "score7b_preagg7_7jobth6#55443601-6#53983947-6#20161475-6#07468689", "unix_time": 1620686675.7456024}
INFO:ccdag_utils.py:runtime_stat:{"task_name": "preagg7", "event": "queue_start_process", "filename": "score7b_preagg7_7jobth6#55443601-6#53983947-6#20161475-6#07468689", "unix_time": 1620686676.1563845}
INFO:circe.py:runtime_stat:{"task_name": "circe", "event": "new_input_file", "filename": "score7c_preagg7_7jobth6#55443601-6#53983947-6#20161475-6#07468689", "unix_time": 1620686676.950581}
INFO:ccdag_utils.py:runtime_stat:{"task_name": "preagg7", "event": "queue_start_process", "filename": "score7c_preagg7_7jobth6#55443601-6#53983947-6#20161475-6#07468689", "unix_time": 1620686677.2204115}
preagg7_lccdec7_7jobthscore7a6#55443601-6#53983947-6#20161475-6#07468689
INFO:circe.py:runtime_stat:{"task_name": "circe", "event": "new_output_file", "filename": "preagg7_lccdec7_7jobthscore7a6#55443601-6#53983947-6#20161475-6#07468689", "unix_time": 1620686677.2848701}
DEBUG:transfer.py:sshpass -p PASSWORD scp -P 5000 -o StrictHostKeyChecking=no /jupiter/circe_output/preagg7_lccdec7_7jobthscore7a6#55443601-6#53983947-6#20161475-6#07468689 root@10.105.88.180:/jupiter/circe_input/
INFO:ccdag_utils.py:runtime_stat:{"task_name": "preagg7", "event": "queue_end_process", "filename": "preagg7_lccdec7_7jobthscore7a6#55443601-6#53983947-6#20161475-6#07468689", "unix_time": 1620686677.29148}
preagg7_lccdec7_7jobthscore7b6#55443601-6#53983947-6#20161475-6#07468689
INFO:ccdag_utils.py:runtime_stat:{"task_name": "preagg7", "event": "queue_end_process", "filename": "preagg7_lccdec7_7jobthscore7b6#55443601-6#53983947-6#20161475-6#07468689", "unix_time": 1620686677.2985027}
DEBUG:transfer.py:transfer successful!
INFO:circe.py:runtime_stat:{"task_name": "circe", "event": "new_output_file", "filename": "preagg7_lccdec7_7jobthscore7b6#55443601-6#53983947-6#20161475-6#07468689", "unix_time": 1620686677.5120788}
DEBUG:transfer.py:sshpass -p PASSWORD scp -P 5000 -o StrictHostKeyChecking=no /jupiter/circe_output/preagg7_lccdec7_7jobthscore7b6#55443601-6#53983947-6#20161475-6#07468689 root@10.105.88.180:/jupiter/circe_input/
DEBUG:transfer.py:transfer successful!
INFO:circe.py:runtime_stat:{"task_name": "circe", "event": "new_input_file", "filename": "score7a_preagg7_3jobth6#54370445-6#69784090-6#86014351-6#39334301", "unix_time": 1620686680.8891206}
INFO:ccdag_utils.py:runtime_stat:{"task_name": "preagg7", "event": "queue_start_process", "filename": "score7a_preagg7_3jobth6#54370445-6#69784090-6#86014351-6#39334301", "unix_time": 1620686681.3038228}
INFO:circe.py:runtime_stat:{"task_name": "circe", "event": "new_input_file", "filename": "score7b_preagg7_8jobth6#36932802-6#15717543-6#99279996-6#51487624", "unix_time": 1620686684.2345657}
INFO:ccdag_utils.py:runtime_stat:{"task_name": "preagg7", "event": "queue_start_process", "filename": "score7b_preagg7_8jobth6#36932802-6#15717543-6#99279996-6#51487624", "unix_time": 1620686684.374421}
INFO:circe.py:runtime_stat:{"task_name": "circe", "event": "new_input_file", "filename": "score7c_preagg7_8jobth6#36932802-6#15717543-6#99279996-6#51487624", "unix_time": 1620686686.418096}
INFO:ccdag_utils.py:runtime_stat:{"task_name": "preagg7", "event": "queue_start_process", "filename": "score7c_preagg7_8jobth6#36932802-6#15717543-6#99279996-6#51487624", "unix_time": 1620686686.4441044}
preagg7_lccdec7_8jobthscore7a6#36932802-6#15717543-6#99279996-6#51487624
INFO:circe.py:runtime_stat:{"task_name": "circe", "event": "new_output_file", "filename": "preagg7_lccdec7_8jobthscore7a6#36932802-6#15717543-6#99279996-6#51487624", "unix_time": 1620686686.5104365}
DEBUG:transfer.py:sshpass -p PASSWORD scp -P 5000 -o StrictHostKeyChecking=no /jupiter/circe_output/preagg7_lccdec7_8jobthscore7a6#36932802-6#15717543-6#99279996-6#51487624 root@10.105.88.180:/jupiter/circe_input/
INFO:ccdag_utils.py:runtime_stat:{"task_name": "preagg7", "event": "queue_end_process", "filename": "preagg7_lccdec7_8jobthscore7a6#36932802-6#15717543-6#99279996-6#51487624", "unix_time": 1620686686.5148146}
preagg7_lccdec7_8jobthscore7b6#36932802-6#15717543-6#99279996-6#51487624
INFO:ccdag_utils.py:runtime_stat:{"task_name": "preagg7", "event": "queue_end_process", "filename": "preagg7_lccdec7_8jobthscore7b6#36932802-6#15717543-6#99279996-6#51487624", "unix_time": 1620686686.5219233}
DEBUG:transfer.py:transfer successful!
INFO:circe.py:runtime_stat:{"task_name": "circe", "event": "new_output_file", "filename": "preagg7_lccdec7_8jobthscore7b6#36932802-6#15717543-6#99279996-6#51487624", "unix_time": 1620686686.7287571}
DEBUG:transfer.py:sshpass -p PASSWORD scp -P 5000 -o StrictHostKeyChecking=no /jupiter/circe_output/preagg7_lccdec7_8jobthscore7b6#36932802-6#15717543-6#99279996-6#51487624 root@10.105.88.180:/jupiter/circe_input/
DEBUG:transfer.py:transfer successful!
INFO:circe.py:runtime_stat:{"task_name": "circe", "event": "new_input_file", "filename": "score7a_preagg7_4jobth6#48328866-6#46208171-6#83309722-6#92672650", "unix_time": 1620686692.48293}
INFO:ccdag_utils.py:runtime_stat:{"task_name": "preagg7", "event": "queue_start_process", "filename": "score7a_preagg7_4jobth6#48328866-6#46208171-6#83309722-6#92672650", "unix_time": 1620686692.5287664}
INFO:circe.py:runtime_stat:{"task_name": "circe", "event": "new_input_file", "filename": "score7b_preagg7_9jobth6#97696204-6#78711402-6#15748786-6#71514500", "unix_time": 1620686693.7724519}
INFO:ccdag_utils.py:runtime_stat:{"task_name": "preagg7", "event": "queue_start_process", "filename": "score7b_preagg7_9jobth6#97696204-6#78711402-6#15748786-6#71514500", "unix_time": 1620686694.5969076}
INFO:circe.py:runtime_stat:{"task_name": "circe", "event": "new_input_file", "filename": "score7c_preagg7_9jobth6#97696204-6#78711402-6#15748786-6#71514500", "unix_time": 1620686694.9872742}
INFO:ccdag_utils.py:runtime_stat:{"task_name": "preagg7", "event": "queue_start_process", "filename": "score7c_preagg7_9jobth6#97696204-6#78711402-6#15748786-6#71514500", "unix_time": 1620686695.6631181}
preagg7_lccdec7_9jobthscore7a6#97696204-6#78711402-6#15748786-6#71514500
INFO:circe.py:runtime_stat:{"task_name": "circe", "event": "new_output_file", "filename": "preagg7_lccdec7_9jobthscore7a6#97696204-6#78711402-6#15748786-6#71514500", "unix_time": 1620686695.7331321}
DEBUG:transfer.py:sshpass -p PASSWORD scp -P 5000 -o StrictHostKeyChecking=no /jupiter/circe_output/preagg7_lccdec7_9jobthscore7a6#97696204-6#78711402-6#15748786-6#71514500 root@10.105.88.180:/jupiter/circe_input/
INFO:ccdag_utils.py:runtime_stat:{"task_name": "preagg7", "event": "queue_end_process", "filename": "preagg7_lccdec7_9jobthscore7a6#97696204-6#78711402-6#15748786-6#71514500", "unix_time": 1620686695.739396}
preagg7_lccdec7_9jobthscore7b6#97696204-6#78711402-6#15748786-6#71514500
INFO:ccdag_utils.py:runtime_stat:{"task_name": "preagg7", "event": "queue_end_process", "filename": "preagg7_lccdec7_9jobthscore7b6#97696204-6#78711402-6#15748786-6#71514500", "unix_time": 1620686695.7458007}
DEBUG:transfer.py:transfer successful!
INFO:circe.py:runtime_stat:{"task_name": "circe", "event": "new_output_file", "filename": "preagg7_lccdec7_9jobthscore7b6#97696204-6#78711402-6#15748786-6#71514500", "unix_time": 1620686695.9542446}
DEBUG:transfer.py:sshpass -p PASSWORD scp -P 5000 -o StrictHostKeyChecking=no /jupiter/circe_output/preagg7_lccdec7_9jobthscore7b6#97696204-6#78711402-6#15748786-6#71514500 root@10.105.88.180:/jupiter/circe_input/
DEBUG:transfer.py:transfer successful!
INFO:circe.py:runtime_stat:{"task_name": "circe", "event": "new_input_file", "filename": "score7b_preagg7_10jobth6#97601489-6#41699235-6#92935879-6#35391467", "unix_time": 1620686696.2719603}
INFO:ccdag_utils.py:runtime_stat:{"task_name": "preagg7", "event": "queue_start_process", "filename": "score7b_preagg7_10jobth6#97601489-6#41699235-6#92935879-6#35391467", "unix_time": 1620686696.747505}
INFO:circe.py:runtime_stat:{"task_name": "circe", "event": "new_input_file", "filename": "score7c_preagg7_10jobth6#97601489-6#41699235-6#92935879-6#35391467", "unix_time": 1620686697.4497607}
INFO:ccdag_utils.py:runtime_stat:{"task_name": "preagg7", "event": "queue_start_process", "filename": "score7c_preagg7_10jobth6#97601489-6#41699235-6#92935879-6#35391467", "unix_time": 1620686697.8145947}
preagg7_lccdec7_10jobthscore7a6#97601489-6#41699235-6#92935879-6#35391467
INFO:circe.py:runtime_stat:{"task_name": "circe", "event": "new_output_file", "filename": "preagg7_lccdec7_10jobthscore7a6#97601489-6#41699235-6#92935879-6#35391467", "unix_time": 1620686697.88594}
DEBUG:transfer.py:sshpass -p PASSWORD scp -P 5000 -o StrictHostKeyChecking=no /jupiter/circe_output/preagg7_lccdec7_10jobthscore7a6#97601489-6#41699235-6#92935879-6#35391467 root@10.105.88.180:/jupiter/circe_input/
INFO:ccdag_utils.py:runtime_stat:{"task_name": "preagg7", "event": "queue_end_process", "filename": "preagg7_lccdec7_10jobthscore7a6#97601489-6#41699235-6#92935879-6#35391467", "unix_time": 1620686697.8908079}
preagg7_lccdec7_10jobthscore7b6#97601489-6#41699235-6#92935879-6#35391467
INFO:ccdag_utils.py:runtime_stat:{"task_name": "preagg7", "event": "queue_end_process", "filename": "preagg7_lccdec7_10jobthscore7b6#97601489-6#41699235-6#92935879-6#35391467", "unix_time": 1620686697.8977578}
DEBUG:transfer.py:transfer successful!
INFO:circe.py:runtime_stat:{"task_name": "circe", "event": "new_output_file", "filename": "preagg7_lccdec7_10jobthscore7b6#97601489-6#41699235-6#92935879-6#35391467", "unix_time": 1620686698.1122198}
DEBUG:transfer.py:sshpass -p PASSWORD scp -P 5000 -o StrictHostKeyChecking=no /jupiter/circe_output/preagg7_lccdec7_10jobthscore7b6#97601489-6#41699235-6#92935879-6#35391467 root@10.105.88.180:/jupiter/circe_input/
DEBUG:transfer.py:transfer successful!
INFO:circe.py:runtime_stat:{"task_name": "circe", "event": "new_input_file", "filename": "score7a_preagg7_5jobth6#65043142-6#66496977-6#04989102-6#74483129", "unix_time": 1620686703.95979}
INFO:ccdag_utils.py:runtime_stat:{"task_name": "preagg7", "event": "queue_start_process", "filename": "score7a_preagg7_5jobth6#65043142-6#66496977-6#04989102-6#74483129", "unix_time": 1620686704.9055662}
INFO:circe.py:runtime_stat:{"task_name": "circe", "event": "new_input_file", "filename": "score7a_preagg7_6jobth6#97668655-6#45557719-6#14751227-6#57431762", "unix_time": 1620686715.4787164}
INFO:ccdag_utils.py:runtime_stat:{"task_name": "preagg7", "event": "queue_start_process", "filename": "score7a_preagg7_6jobth6#97668655-6#45557719-6#14751227-6#57431762", "unix_time": 1620686715.9795926}
INFO:circe.py:runtime_stat:{"task_name": "circe", "event": "new_input_file", "filename": "score7a_preagg7_7jobth6#55443601-6#53983947-6#20161475-6#07468689", "unix_time": 1620686727.0504897}
INFO:ccdag_utils.py:runtime_stat:{"task_name": "preagg7", "event": "queue_start_process", "filename": "score7a_preagg7_7jobth6#55443601-6#53983947-6#20161475-6#07468689", "unix_time": 1620686728.049412}
INFO:circe.py:runtime_stat:{"task_name": "circe", "event": "new_input_file", "filename": "score7a_preagg7_8jobth6#36932802-6#15717543-6#99279996-6#51487624", "unix_time": 1620686738.5758731}
INFO:ccdag_utils.py:runtime_stat:{"task_name": "preagg7", "event": "queue_start_process", "filename": "score7a_preagg7_8jobth6#36932802-6#15717543-6#99279996-6#51487624", "unix_time": 1620686739.1236029}
INFO:circe.py:runtime_stat:{"task_name": "circe", "event": "new_input_file", "filename": "score7a_preagg7_9jobth6#97696204-6#78711402-6#15748786-6#71514500", "unix_time": 1620686750.1213582}
INFO:ccdag_utils.py:runtime_stat:{"task_name": "preagg7", "event": "queue_start_process", "filename": "score7a_preagg7_9jobth6#97696204-6#78711402-6#15748786-6#71514500", "unix_time": 1620686750.200027}
INFO:circe.py:runtime_stat:{"task_name": "circe", "event": "new_input_file", "filename": "score7a_preagg7_10jobth6#97601489-6#41699235-6#92935879-6#35391467", "unix_time": 1620686761.664172}
INFO:ccdag_utils.py:runtime_stat:{"task_name": "preagg7", "event": "queue_start_process", "filename": "score7a_preagg7_10jobth6#97601489-6#41699235-6#92935879-6#35391467", "unix_time": 1620686762.2775462}
