 * Starting OpenBSD Secure Shell server sshd
   ...done.
INFO:circe.py:Using base script score.py
DEBUG:circe.py:starting the input monitoring process
DEBUG:circe.py:starting the output monitoring process
INFO:circe.py:runtime_stat:{"task_name": "circe", "event": "new_input_file", "filename": "lccenc2_score2c_1#15900267-1#03529119-1#25206952-1#09693708jobid1.csv", "unix_time": 1620589604.6266043}
INFO:ccdag_utils.py:runtime_stat:{"task_name": "score2c", "event": "queue_start_process", "filename": "lccenc2_score2c_1#15900267-1#03529119-1#25206952-1#09693708jobid1.csv", "unix_time": 1620589604.6814935}
['schoolbus21.JPEG', 'schoolbus22.JPEG', 'schoolbus23.JPEG', 'schoolbus24.JPEG', 'schoolbus25.JPEG', 'schoolbus26.JPEG', 'schoolbus27.JPEG', 'schoolbus28.JPEG', 'schoolbus29.JPEG', 'schoolbus30.JPEG']
INFO:circe.py:runtime_stat:{"task_name": "circe", "event": "new_output_file", "filename": "score2c_preagg2_1jobth1#15900267-1#03529119-1#25206952-1#09693708", "unix_time": 1620589606.3585563}
DEBUG:transfer.py:sshpass -p PASSWORD scp -P 5000 -o StrictHostKeyChecking=no /jupiter/circe_output/score2c_preagg2_1jobth1#15900267-1#03529119-1#25206952-1#09693708 root@10.109.157.187:/jupiter/circe_input/
INFO:ccdag_utils.py:runtime_stat:{"task_name": "score2c", "event": "queue_end_process", "filename": "score2c_preagg2_1jobth1#15900267-1#03529119-1#25206952-1#09693708", "unix_time": 1620589606.3663034}
Warning: Permanently added '[10.109.157.187]:5000' (ECDSA) to the list of known hosts.
DEBUG:transfer.py:transfer successful!
INFO:circe.py:runtime_stat:{"task_name": "circe", "event": "new_input_file", "filename": "lccenc2_score2c_1#82440643-1#05843831-1#89413055-1#43253585jobid2.csv", "unix_time": 1620589636.928488}
INFO:ccdag_utils.py:runtime_stat:{"task_name": "score2c", "event": "queue_start_process", "filename": "lccenc2_score2c_1#82440643-1#05843831-1#89413055-1#43253585jobid2.csv", "unix_time": 1620589637.399181}
['schoolbus21.JPEG', 'schoolbus22.JPEG', 'schoolbus23.JPEG', 'schoolbus24.JPEG', 'schoolbus25.JPEG', 'schoolbus26.JPEG', 'schoolbus27.JPEG', 'schoolbus28.JPEG', 'schoolbus29.JPEG', 'schoolbus30.JPEG']
INFO:ccdag_utils.py:runtime_stat:{"task_name": "score2c", "event": "queue_end_process", "filename": "score2c_preagg2_2jobth1#82440643-1#05843831-1#89413055-1#43253585", "unix_time": 1620589638.9441226}
INFO:circe.py:runtime_stat:{"task_name": "circe", "event": "new_output_file", "filename": "score2c_preagg2_2jobth1#82440643-1#05843831-1#89413055-1#43253585", "unix_time": 1620589638.9461997}
DEBUG:transfer.py:sshpass -p PASSWORD scp -P 5000 -o StrictHostKeyChecking=no /jupiter/circe_output/score2c_preagg2_2jobth1#82440643-1#05843831-1#89413055-1#43253585 root@10.109.157.187:/jupiter/circe_input/
DEBUG:transfer.py:transfer successful!
INFO:circe.py:runtime_stat:{"task_name": "circe", "event": "new_input_file", "filename": "lccenc2_score2c_1#86083058-1#49552112-1#55549708-1#30738198jobid3.csv", "unix_time": 1620589770.2835093}
INFO:ccdag_utils.py:runtime_stat:{"task_name": "score2c", "event": "queue_start_process", "filename": "lccenc2_score2c_1#86083058-1#49552112-1#55549708-1#30738198jobid3.csv", "unix_time": 1620589771.0852227}
['schoolbus21.JPEG', 'schoolbus22.JPEG', 'schoolbus23.JPEG', 'schoolbus24.JPEG', 'schoolbus25.JPEG', 'schoolbus26.JPEG', 'schoolbus27.JPEG', 'schoolbus28.JPEG', 'schoolbus29.JPEG', 'schoolbus30.JPEG']
INFO:circe.py:runtime_stat:{"task_name": "circe", "event": "new_output_file", "filename": "score2c_preagg2_3jobth1#86083058-1#49552112-1#55549708-1#30738198", "unix_time": 1620589772.5947323}
DEBUG:transfer.py:sshpass -p PASSWORD scp -P 5000 -o StrictHostKeyChecking=no /jupiter/circe_output/score2c_preagg2_3jobth1#86083058-1#49552112-1#55549708-1#30738198 root@10.109.157.187:/jupiter/circe_input/
INFO:ccdag_utils.py:runtime_stat:{"task_name": "score2c", "event": "queue_end_process", "filename": "score2c_preagg2_3jobth1#86083058-1#49552112-1#55549708-1#30738198", "unix_time": 1620589772.602717}
DEBUG:transfer.py:transfer successful!
INFO:circe.py:runtime_stat:{"task_name": "circe", "event": "new_input_file", "filename": "lccenc2_score2c_1#46563015-1#50364454-1#36345075-1#12381340jobid4.csv", "unix_time": 1620589873.5361276}
INFO:ccdag_utils.py:runtime_stat:{"task_name": "score2c", "event": "queue_start_process", "filename": "lccenc2_score2c_1#46563015-1#50364454-1#36345075-1#12381340jobid4.csv", "unix_time": 1620589873.7086864}
['schoolbus21.JPEG', 'schoolbus22.JPEG', 'schoolbus23.JPEG', 'schoolbus24.JPEG', 'schoolbus25.JPEG', 'schoolbus26.JPEG', 'schoolbus27.JPEG', 'schoolbus28.JPEG', 'schoolbus29.JPEG', 'schoolbus30.JPEG']
INFO:circe.py:runtime_stat:{"task_name": "circe", "event": "new_output_file", "filename": "score2c_preagg2_4jobth1#46563015-1#50364454-1#36345075-1#12381340", "unix_time": 1620589875.202026}
DEBUG:transfer.py:sshpass -p PASSWORD scp -P 5000 -o StrictHostKeyChecking=no /jupiter/circe_output/score2c_preagg2_4jobth1#46563015-1#50364454-1#36345075-1#12381340 root@10.109.157.187:/jupiter/circe_input/
INFO:ccdag_utils.py:runtime_stat:{"task_name": "score2c", "event": "queue_end_process", "filename": "score2c_preagg2_4jobth1#46563015-1#50364454-1#36345075-1#12381340", "unix_time": 1620589875.213636}
DEBUG:transfer.py:transfer successful!
INFO:circe.py:runtime_stat:{"task_name": "circe", "event": "new_input_file", "filename": "lccenc2_score2c_1#65047538-1#85170432-1#80527934-1#66642485jobid5.csv", "unix_time": 1620590084.1142733}
INFO:ccdag_utils.py:runtime_stat:{"task_name": "score2c", "event": "queue_start_process", "filename": "lccenc2_score2c_1#65047538-1#85170432-1#80527934-1#66642485jobid5.csv", "unix_time": 1620590084.433679}
['schoolbus21.JPEG', 'schoolbus22.JPEG', 'schoolbus23.JPEG', 'schoolbus24.JPEG', 'schoolbus25.JPEG', 'schoolbus26.JPEG', 'schoolbus27.JPEG', 'schoolbus28.JPEG', 'schoolbus29.JPEG', 'schoolbus30.JPEG']
INFO:circe.py:runtime_stat:{"task_name": "circe", "event": "new_output_file", "filename": "score2c_preagg2_5jobth1#65047538-1#85170432-1#80527934-1#66642485", "unix_time": 1620590085.8900418}
DEBUG:transfer.py:sshpass -p PASSWORD scp -P 5000 -o StrictHostKeyChecking=no /jupiter/circe_output/score2c_preagg2_5jobth1#65047538-1#85170432-1#80527934-1#66642485 root@10.109.157.187:/jupiter/circe_input/
INFO:ccdag_utils.py:runtime_stat:{"task_name": "score2c", "event": "queue_end_process", "filename": "score2c_preagg2_5jobth1#65047538-1#85170432-1#80527934-1#66642485", "unix_time": 1620590085.8971443}
DEBUG:transfer.py:transfer successful!
INFO:circe.py:runtime_stat:{"task_name": "circe", "event": "new_input_file", "filename": "lccenc2_score2c_1#92535823-1#18766962-1#16779418-1#56437552jobid6.csv", "unix_time": 1620590122.3821104}
INFO:ccdag_utils.py:runtime_stat:{"task_name": "score2c", "event": "queue_start_process", "filename": "lccenc2_score2c_1#92535823-1#18766962-1#16779418-1#56437552jobid6.csv", "unix_time": 1620590122.9377284}
['schoolbus21.JPEG', 'schoolbus22.JPEG', 'schoolbus23.JPEG', 'schoolbus24.JPEG', 'schoolbus25.JPEG', 'schoolbus26.JPEG', 'schoolbus27.JPEG', 'schoolbus28.JPEG', 'schoolbus29.JPEG', 'schoolbus30.JPEG']
INFO:circe.py:runtime_stat:{"task_name": "circe", "event": "new_output_file", "filename": "score2c_preagg2_6jobth1#92535823-1#18766962-1#16779418-1#56437552", "unix_time": 1620590124.4376042}
DEBUG:transfer.py:sshpass -p PASSWORD scp -P 5000 -o StrictHostKeyChecking=no /jupiter/circe_output/score2c_preagg2_6jobth1#92535823-1#18766962-1#16779418-1#56437552 root@10.109.157.187:/jupiter/circe_input/
INFO:ccdag_utils.py:runtime_stat:{"task_name": "score2c", "event": "queue_end_process", "filename": "score2c_preagg2_6jobth1#92535823-1#18766962-1#16779418-1#56437552", "unix_time": 1620590124.444154}
DEBUG:transfer.py:transfer successful!
INFO:circe.py:runtime_stat:{"task_name": "circe", "event": "new_input_file", "filename": "lccenc2_score2c_1#72169072-1#67774853-1#94317962-1#48794490jobid7.csv", "unix_time": 1620590275.6455605}
INFO:ccdag_utils.py:runtime_stat:{"task_name": "score2c", "event": "queue_start_process", "filename": "lccenc2_score2c_1#72169072-1#67774853-1#94317962-1#48794490jobid7.csv", "unix_time": 1620590276.6047316}
['schoolbus21.JPEG', 'schoolbus22.JPEG', 'schoolbus23.JPEG', 'schoolbus24.JPEG', 'schoolbus25.JPEG', 'schoolbus26.JPEG', 'schoolbus27.JPEG', 'schoolbus28.JPEG', 'schoolbus29.JPEG', 'schoolbus30.JPEG']
INFO:circe.py:runtime_stat:{"task_name": "circe", "event": "new_output_file", "filename": "score2c_preagg2_7jobth1#72169072-1#67774853-1#94317962-1#48794490", "unix_time": 1620590278.0938292}
DEBUG:transfer.py:sshpass -p PASSWORD scp -P 5000 -o StrictHostKeyChecking=no /jupiter/circe_output/score2c_preagg2_7jobth1#72169072-1#67774853-1#94317962-1#48794490 root@10.109.157.187:/jupiter/circe_input/
INFO:ccdag_utils.py:runtime_stat:{"task_name": "score2c", "event": "queue_end_process", "filename": "score2c_preagg2_7jobth1#72169072-1#67774853-1#94317962-1#48794490", "unix_time": 1620590278.0948741}
DEBUG:transfer.py:transfer successful!
INFO:circe.py:runtime_stat:{"task_name": "circe", "event": "new_input_file", "filename": "lccenc2_score2c_1#06380742-1#97782207-1#94174284-1#79198190jobid8.csv", "unix_time": 1620590399.9234407}
INFO:ccdag_utils.py:runtime_stat:{"task_name": "score2c", "event": "queue_start_process", "filename": "lccenc2_score2c_1#06380742-1#97782207-1#94174284-1#79198190jobid8.csv", "unix_time": 1620590400.2243705}
['schoolbus21.JPEG', 'schoolbus22.JPEG', 'schoolbus23.JPEG', 'schoolbus24.JPEG', 'schoolbus25.JPEG', 'schoolbus26.JPEG', 'schoolbus27.JPEG', 'schoolbus28.JPEG', 'schoolbus29.JPEG', 'schoolbus30.JPEG']
INFO:circe.py:runtime_stat:{"task_name": "circe", "event": "new_output_file", "filename": "score2c_preagg2_8jobth1#06380742-1#97782207-1#94174284-1#79198190", "unix_time": 1620590401.719376}
DEBUG:transfer.py:sshpass -p PASSWORD scp -P 5000 -o StrictHostKeyChecking=no /jupiter/circe_output/score2c_preagg2_8jobth1#06380742-1#97782207-1#94174284-1#79198190 root@10.109.157.187:/jupiter/circe_input/
INFO:ccdag_utils.py:runtime_stat:{"task_name": "score2c", "event": "queue_end_process", "filename": "score2c_preagg2_8jobth1#06380742-1#97782207-1#94174284-1#79198190", "unix_time": 1620590401.7273166}
DEBUG:transfer.py:transfer successful!
