 * Starting OpenBSD Secure Shell server sshd
   ...done.
INFO:circe.py:Using base script preagg.py
DEBUG:circe.py:starting the input monitoring process
DEBUG:circe.py:starting the output monitoring process
7
INFO:circe.py:runtime_stat:{"task_name": "circe", "event": "new_input_file", "filename": "score7b_preagg7_1jobth6#17982385-6#74363728-6#17252413-6#06877480", "unix_time": 1620683106.8992114}
INFO:ccdag_utils.py:runtime_stat:{"task_name": "preagg7", "event": "queue_start_process", "filename": "score7b_preagg7_1jobth6#17982385-6#74363728-6#17252413-6#06877480", "unix_time": 1620683107.8175354}
INFO:circe.py:runtime_stat:{"task_name": "circe", "event": "new_input_file", "filename": "score7c_preagg7_1jobth6#17982385-6#74363728-6#17252413-6#06877480", "unix_time": 1620683108.5247145}
INFO:ccdag_utils.py:runtime_stat:{"task_name": "preagg7", "event": "queue_start_process", "filename": "score7c_preagg7_1jobth6#17982385-6#74363728-6#17252413-6#06877480", "unix_time": 1620683109.0384734}
preagg7_lccdec7_1jobthscore7a6#17982385-6#74363728-6#17252413-6#06877480
INFO:circe.py:runtime_stat:{"task_name": "circe", "event": "new_output_file", "filename": "preagg7_lccdec7_1jobthscore7a6#17982385-6#74363728-6#17252413-6#06877480", "unix_time": 1620683109.107421}
DEBUG:transfer.py:sshpass -p PASSWORD scp -P 5000 -o StrictHostKeyChecking=no /jupiter/circe_output/preagg7_lccdec7_1jobthscore7a6#17982385-6#74363728-6#17252413-6#06877480 root@10.102.226.182:/jupiter/circe_input/
INFO:ccdag_utils.py:runtime_stat:{"task_name": "preagg7", "event": "queue_end_process", "filename": "preagg7_lccdec7_1jobthscore7a6#17982385-6#74363728-6#17252413-6#06877480", "unix_time": 1620683109.113821}
preagg7_lccdec7_1jobthscore7b6#17982385-6#74363728-6#17252413-6#06877480
INFO:ccdag_utils.py:runtime_stat:{"task_name": "preagg7", "event": "queue_end_process", "filename": "preagg7_lccdec7_1jobthscore7b6#17982385-6#74363728-6#17252413-6#06877480", "unix_time": 1620683109.119675}
Warning: Permanently added '[10.102.226.182]:5000' (ECDSA) to the list of known hosts.
DEBUG:transfer.py:transfer successful!
INFO:circe.py:runtime_stat:{"task_name": "circe", "event": "new_output_file", "filename": "preagg7_lccdec7_1jobthscore7b6#17982385-6#74363728-6#17252413-6#06877480", "unix_time": 1620683109.353227}
DEBUG:transfer.py:sshpass -p PASSWORD scp -P 5000 -o StrictHostKeyChecking=no /jupiter/circe_output/preagg7_lccdec7_1jobthscore7b6#17982385-6#74363728-6#17252413-6#06877480 root@10.102.226.182:/jupiter/circe_input/
DEBUG:transfer.py:transfer successful!
INFO:circe.py:runtime_stat:{"task_name": "circe", "event": "new_input_file", "filename": "score7a_preagg7_1jobth6#17982385-6#74363728-6#17252413-6#06877480", "unix_time": 1620683116.6050386}
INFO:ccdag_utils.py:runtime_stat:{"task_name": "preagg7", "event": "queue_start_process", "filename": "score7a_preagg7_1jobth6#17982385-6#74363728-6#17252413-6#06877480", "unix_time": 1620683117.1282184}
INFO:circe.py:runtime_stat:{"task_name": "circe", "event": "new_input_file", "filename": "score7b_preagg7_2jobth6#17106369-6#68957597-6#20617966-6#89490850", "unix_time": 1620683117.3866282}
INFO:circe.py:runtime_stat:{"task_name": "circe", "event": "new_input_file", "filename": "score7c_preagg7_2jobth6#17106369-6#68957597-6#20617966-6#89490850", "unix_time": 1620683118.0871952}
INFO:ccdag_utils.py:runtime_stat:{"task_name": "preagg7", "event": "queue_start_process", "filename": "score7b_preagg7_2jobth6#17106369-6#68957597-6#20617966-6#89490850", "unix_time": 1620683118.1951542}
INFO:ccdag_utils.py:runtime_stat:{"task_name": "preagg7", "event": "queue_start_process", "filename": "score7c_preagg7_2jobth6#17106369-6#68957597-6#20617966-6#89490850", "unix_time": 1620683118.254191}
preagg7_lccdec7_2jobthscore7a6#17106369-6#68957597-6#20617966-6#89490850
INFO:circe.py:runtime_stat:{"task_name": "circe", "event": "new_output_file", "filename": "preagg7_lccdec7_2jobthscore7a6#17106369-6#68957597-6#20617966-6#89490850", "unix_time": 1620683118.3176763}
DEBUG:transfer.py:sshpass -p PASSWORD scp -P 5000 -o StrictHostKeyChecking=no /jupiter/circe_output/preagg7_lccdec7_2jobthscore7a6#17106369-6#68957597-6#20617966-6#89490850 root@10.102.226.182:/jupiter/circe_input/
INFO:ccdag_utils.py:runtime_stat:{"task_name": "preagg7", "event": "queue_end_process", "filename": "preagg7_lccdec7_2jobthscore7a6#17106369-6#68957597-6#20617966-6#89490850", "unix_time": 1620683118.319096}
preagg7_lccdec7_2jobthscore7b6#17106369-6#68957597-6#20617966-6#89490850
INFO:ccdag_utils.py:runtime_stat:{"task_name": "preagg7", "event": "queue_end_process", "filename": "preagg7_lccdec7_2jobthscore7b6#17106369-6#68957597-6#20617966-6#89490850", "unix_time": 1620683118.3294163}
DEBUG:transfer.py:transfer successful!
INFO:circe.py:runtime_stat:{"task_name": "circe", "event": "new_output_file", "filename": "preagg7_lccdec7_2jobthscore7b6#17106369-6#68957597-6#20617966-6#89490850", "unix_time": 1620683118.533212}
DEBUG:transfer.py:sshpass -p PASSWORD scp -P 5000 -o StrictHostKeyChecking=no /jupiter/circe_output/preagg7_lccdec7_2jobthscore7b6#17106369-6#68957597-6#20617966-6#89490850 root@10.102.226.182:/jupiter/circe_input/
DEBUG:transfer.py:transfer successful!
INFO:circe.py:runtime_stat:{"task_name": "circe", "event": "new_input_file", "filename": "score7a_preagg7_2jobth6#17106369-6#68957597-6#20617966-6#89490850", "unix_time": 1620683128.093214}
INFO:ccdag_utils.py:runtime_stat:{"task_name": "preagg7", "event": "queue_start_process", "filename": "score7a_preagg7_2jobth6#17106369-6#68957597-6#20617966-6#89490850", "unix_time": 1620683128.347116}
INFO:circe.py:runtime_stat:{"task_name": "circe", "event": "new_input_file", "filename": "score7b_preagg7_3jobth6#77105398-6#66376661-6#06559041-6#16211126", "unix_time": 1620683128.853869}
INFO:ccdag_utils.py:runtime_stat:{"task_name": "preagg7", "event": "queue_start_process", "filename": "score7b_preagg7_3jobth6#77105398-6#66376661-6#06559041-6#16211126", "unix_time": 1620683129.4347312}
INFO:circe.py:runtime_stat:{"task_name": "circe", "event": "new_input_file", "filename": "score7c_preagg7_3jobth6#77105398-6#66376661-6#06559041-6#16211126", "unix_time": 1620683129.5545526}
INFO:ccdag_utils.py:runtime_stat:{"task_name": "preagg7", "event": "queue_start_process", "filename": "score7c_preagg7_3jobth6#77105398-6#66376661-6#06559041-6#16211126", "unix_time": 1620683130.5111766}
preagg7_lccdec7_3jobthscore7a6#77105398-6#66376661-6#06559041-6#16211126
INFO:circe.py:runtime_stat:{"task_name": "circe", "event": "new_output_file", "filename": "preagg7_lccdec7_3jobthscore7a6#77105398-6#66376661-6#06559041-6#16211126", "unix_time": 1620683130.5746279}
DEBUG:transfer.py:sshpass -p PASSWORD scp -P 5000 -o StrictHostKeyChecking=no /jupiter/circe_output/preagg7_lccdec7_3jobthscore7a6#77105398-6#66376661-6#06559041-6#16211126 root@10.102.226.182:/jupiter/circe_input/
INFO:ccdag_utils.py:runtime_stat:{"task_name": "preagg7", "event": "queue_end_process", "filename": "preagg7_lccdec7_3jobthscore7a6#77105398-6#66376661-6#06559041-6#16211126", "unix_time": 1620683130.578947}
preagg7_lccdec7_3jobthscore7b6#77105398-6#66376661-6#06559041-6#16211126
INFO:ccdag_utils.py:runtime_stat:{"task_name": "preagg7", "event": "queue_end_process", "filename": "preagg7_lccdec7_3jobthscore7b6#77105398-6#66376661-6#06559041-6#16211126", "unix_time": 1620683130.58537}
DEBUG:transfer.py:transfer successful!
INFO:circe.py:runtime_stat:{"task_name": "circe", "event": "new_output_file", "filename": "preagg7_lccdec7_3jobthscore7b6#77105398-6#66376661-6#06559041-6#16211126", "unix_time": 1620683130.782537}
DEBUG:transfer.py:sshpass -p PASSWORD scp -P 5000 -o StrictHostKeyChecking=no /jupiter/circe_output/preagg7_lccdec7_3jobthscore7b6#77105398-6#66376661-6#06559041-6#16211126 root@10.102.226.182:/jupiter/circe_input/
DEBUG:transfer.py:transfer successful!
INFO:circe.py:runtime_stat:{"task_name": "circe", "event": "new_input_file", "filename": "score7b_preagg7_4jobth6#39957931-6#16854034-6#38589687-6#70700052", "unix_time": 1620683139.3779137}
INFO:circe.py:runtime_stat:{"task_name": "circe", "event": "new_input_file", "filename": "score7a_preagg7_3jobth6#77105398-6#66376661-6#06559041-6#16211126", "unix_time": 1620683139.5918984}
INFO:ccdag_utils.py:runtime_stat:{"task_name": "preagg7", "event": "queue_start_process", "filename": "score7b_preagg7_4jobth6#39957931-6#16854034-6#38589687-6#70700052", "unix_time": 1620683139.5951643}
INFO:ccdag_utils.py:runtime_stat:{"task_name": "preagg7", "event": "queue_start_process", "filename": "score7a_preagg7_3jobth6#77105398-6#66376661-6#06559041-6#16211126", "unix_time": 1620683139.656985}
INFO:circe.py:runtime_stat:{"task_name": "circe", "event": "new_input_file", "filename": "score7c_preagg7_4jobth6#39957931-6#16854034-6#38589687-6#70700052", "unix_time": 1620683140.994966}
INFO:ccdag_utils.py:runtime_stat:{"task_name": "preagg7", "event": "queue_start_process", "filename": "score7c_preagg7_4jobth6#39957931-6#16854034-6#38589687-6#70700052", "unix_time": 1620683141.7188733}
preagg7_lccdec7_4jobthscore7a6#39957931-6#16854034-6#38589687-6#70700052
INFO:circe.py:runtime_stat:{"task_name": "circe", "event": "new_output_file", "filename": "preagg7_lccdec7_4jobthscore7a6#39957931-6#16854034-6#38589687-6#70700052", "unix_time": 1620683141.790706}
DEBUG:transfer.py:sshpass -p PASSWORD scp -P 5000 -o StrictHostKeyChecking=no /jupiter/circe_output/preagg7_lccdec7_4jobthscore7a6#39957931-6#16854034-6#38589687-6#70700052 root@10.102.226.182:/jupiter/circe_input/
INFO:ccdag_utils.py:runtime_stat:{"task_name": "preagg7", "event": "queue_end_process", "filename": "preagg7_lccdec7_4jobthscore7a6#39957931-6#16854034-6#38589687-6#70700052", "unix_time": 1620683141.7969065}
preagg7_lccdec7_4jobthscore7b6#39957931-6#16854034-6#38589687-6#70700052
INFO:ccdag_utils.py:runtime_stat:{"task_name": "preagg7", "event": "queue_end_process", "filename": "preagg7_lccdec7_4jobthscore7b6#39957931-6#16854034-6#38589687-6#70700052", "unix_time": 1620683141.8025057}
DEBUG:transfer.py:transfer successful!
INFO:circe.py:runtime_stat:{"task_name": "circe", "event": "new_output_file", "filename": "preagg7_lccdec7_4jobthscore7b6#39957931-6#16854034-6#38589687-6#70700052", "unix_time": 1620683142.012045}
DEBUG:transfer.py:sshpass -p PASSWORD scp -P 5000 -o StrictHostKeyChecking=no /jupiter/circe_output/preagg7_lccdec7_4jobthscore7b6#39957931-6#16854034-6#38589687-6#70700052 root@10.102.226.182:/jupiter/circe_input/
DEBUG:transfer.py:transfer successful!
INFO:circe.py:runtime_stat:{"task_name": "circe", "event": "new_input_file", "filename": "score7b_preagg7_5jobth6#87614581-6#76444692-6#67296596-6#45187533", "unix_time": 1620683150.8705451}
INFO:circe.py:runtime_stat:{"task_name": "circe", "event": "new_input_file", "filename": "score7a_preagg7_4jobth6#39957931-6#16854034-6#38589687-6#70700052", "unix_time": 1620683151.1520207}
INFO:circe.py:runtime_stat:{"task_name": "circe", "event": "new_input_file", "filename": "score7c_preagg7_5jobth6#87614581-6#76444692-6#67296596-6#45187533", "unix_time": 1620683151.5159748}
INFO:ccdag_utils.py:runtime_stat:{"task_name": "preagg7", "event": "queue_start_process", "filename": "score7b_preagg7_5jobth6#87614581-6#76444692-6#67296596-6#45187533", "unix_time": 1620683151.814596}
INFO:ccdag_utils.py:runtime_stat:{"task_name": "preagg7", "event": "queue_start_process", "filename": "score7a_preagg7_4jobth6#39957931-6#16854034-6#38589687-6#70700052", "unix_time": 1620683151.8805313}
INFO:ccdag_utils.py:runtime_stat:{"task_name": "preagg7", "event": "queue_start_process", "filename": "score7c_preagg7_5jobth6#87614581-6#76444692-6#67296596-6#45187533", "unix_time": 1620683151.9402137}
preagg7_lccdec7_5jobthscore7a6#87614581-6#76444692-6#67296596-6#45187533
INFO:circe.py:runtime_stat:{"task_name": "circe", "event": "new_output_file", "filename": "preagg7_lccdec7_5jobthscore7a6#87614581-6#76444692-6#67296596-6#45187533", "unix_time": 1620683152.0037165}
DEBUG:transfer.py:sshpass -p PASSWORD scp -P 5000 -o StrictHostKeyChecking=no /jupiter/circe_output/preagg7_lccdec7_5jobthscore7a6#87614581-6#76444692-6#67296596-6#45187533 root@10.102.226.182:/jupiter/circe_input/
INFO:ccdag_utils.py:runtime_stat:{"task_name": "preagg7", "event": "queue_end_process", "filename": "preagg7_lccdec7_5jobthscore7a6#87614581-6#76444692-6#67296596-6#45187533", "unix_time": 1620683152.0101254}
preagg7_lccdec7_5jobthscore7b6#87614581-6#76444692-6#67296596-6#45187533
INFO:ccdag_utils.py:runtime_stat:{"task_name": "preagg7", "event": "queue_end_process", "filename": "preagg7_lccdec7_5jobthscore7b6#87614581-6#76444692-6#67296596-6#45187533", "unix_time": 1620683152.0162716}
DEBUG:transfer.py:transfer successful!
INFO:circe.py:runtime_stat:{"task_name": "circe", "event": "new_output_file", "filename": "preagg7_lccdec7_5jobthscore7b6#87614581-6#76444692-6#67296596-6#45187533", "unix_time": 1620683152.214342}
DEBUG:transfer.py:sshpass -p PASSWORD scp -P 5000 -o StrictHostKeyChecking=no /jupiter/circe_output/preagg7_lccdec7_5jobthscore7b6#87614581-6#76444692-6#67296596-6#45187533 root@10.102.226.182:/jupiter/circe_input/
DEBUG:transfer.py:transfer successful!
INFO:circe.py:runtime_stat:{"task_name": "circe", "event": "new_input_file", "filename": "score7a_preagg7_5jobth6#87614581-6#76444692-6#67296596-6#45187533", "unix_time": 1620683162.6688576}
INFO:ccdag_utils.py:runtime_stat:{"task_name": "preagg7", "event": "queue_start_process", "filename": "score7a_preagg7_5jobth6#87614581-6#76444692-6#67296596-6#45187533", "unix_time": 1620683163.027342}
INFO:circe.py:runtime_stat:{"task_name": "circe", "event": "new_input_file", "filename": "score7b_preagg7_6jobth6#70930278-6#17347254-6#93908134-6#62268002", "unix_time": 1620683204.41914}
INFO:circe.py:runtime_stat:{"task_name": "circe", "event": "new_input_file", "filename": "score7c_preagg7_6jobth6#70930278-6#17347254-6#93908134-6#62268002", "unix_time": 1620683205.0728798}
INFO:ccdag_utils.py:runtime_stat:{"task_name": "preagg7", "event": "queue_start_process", "filename": "score7b_preagg7_6jobth6#70930278-6#17347254-6#93908134-6#62268002", "unix_time": 1620683205.131115}
INFO:ccdag_utils.py:runtime_stat:{"task_name": "preagg7", "event": "queue_start_process", "filename": "score7c_preagg7_6jobth6#70930278-6#17347254-6#93908134-6#62268002", "unix_time": 1620683205.1905282}
preagg7_lccdec7_6jobthscore7a6#70930278-6#17347254-6#93908134-6#62268002
INFO:circe.py:runtime_stat:{"task_name": "circe", "event": "new_output_file", "filename": "preagg7_lccdec7_6jobthscore7a6#70930278-6#17347254-6#93908134-6#62268002", "unix_time": 1620683205.2534833}
DEBUG:transfer.py:sshpass -p PASSWORD scp -P 5000 -o StrictHostKeyChecking=no /jupiter/circe_output/preagg7_lccdec7_6jobthscore7a6#70930278-6#17347254-6#93908134-6#62268002 root@10.102.226.182:/jupiter/circe_input/
INFO:ccdag_utils.py:runtime_stat:{"task_name": "preagg7", "event": "queue_end_process", "filename": "preagg7_lccdec7_6jobthscore7a6#70930278-6#17347254-6#93908134-6#62268002", "unix_time": 1620683205.260035}
preagg7_lccdec7_6jobthscore7b6#70930278-6#17347254-6#93908134-6#62268002
INFO:ccdag_utils.py:runtime_stat:{"task_name": "preagg7", "event": "queue_end_process", "filename": "preagg7_lccdec7_6jobthscore7b6#70930278-6#17347254-6#93908134-6#62268002", "unix_time": 1620683205.2663205}
DEBUG:transfer.py:transfer successful!
INFO:circe.py:runtime_stat:{"task_name": "circe", "event": "new_output_file", "filename": "preagg7_lccdec7_6jobthscore7b6#70930278-6#17347254-6#93908134-6#62268002", "unix_time": 1620683205.4737148}
DEBUG:transfer.py:sshpass -p PASSWORD scp -P 5000 -o StrictHostKeyChecking=no /jupiter/circe_output/preagg7_lccdec7_6jobthscore7b6#70930278-6#17347254-6#93908134-6#62268002 root@10.102.226.182:/jupiter/circe_input/
DEBUG:transfer.py:transfer successful!
INFO:circe.py:runtime_stat:{"task_name": "circe", "event": "new_input_file", "filename": "score7a_preagg7_6jobth6#70930278-6#17347254-6#93908134-6#62268002", "unix_time": 1620683213.2645614}
INFO:ccdag_utils.py:runtime_stat:{"task_name": "preagg7", "event": "queue_start_process", "filename": "score7a_preagg7_6jobth6#70930278-6#17347254-6#93908134-6#62268002", "unix_time": 1620683213.2751338}
INFO:circe.py:runtime_stat:{"task_name": "circe", "event": "new_input_file", "filename": "score7b_preagg7_7jobth6#47962138-6#57130073-6#44109920-6#67730253", "unix_time": 1620683214.927348}
INFO:ccdag_utils.py:runtime_stat:{"task_name": "preagg7", "event": "queue_start_process", "filename": "score7b_preagg7_7jobth6#47962138-6#57130073-6#44109920-6#67730253", "unix_time": 1620683215.337239}
INFO:circe.py:runtime_stat:{"task_name": "circe", "event": "new_input_file", "filename": "score7c_preagg7_7jobth6#47962138-6#57130073-6#44109920-6#67730253", "unix_time": 1620683216.571231}
INFO:ccdag_utils.py:runtime_stat:{"task_name": "preagg7", "event": "queue_start_process", "filename": "score7c_preagg7_7jobth6#47962138-6#57130073-6#44109920-6#67730253", "unix_time": 1620683217.4022532}
preagg7_lccdec7_7jobthscore7a6#47962138-6#57130073-6#44109920-6#67730253
INFO:circe.py:runtime_stat:{"task_name": "circe", "event": "new_output_file", "filename": "preagg7_lccdec7_7jobthscore7a6#47962138-6#57130073-6#44109920-6#67730253", "unix_time": 1620683217.4646037}
DEBUG:transfer.py:sshpass -p PASSWORD scp -P 5000 -o StrictHostKeyChecking=no /jupiter/circe_output/preagg7_lccdec7_7jobthscore7a6#47962138-6#57130073-6#44109920-6#67730253 root@10.102.226.182:/jupiter/circe_input/
INFO:ccdag_utils.py:runtime_stat:{"task_name": "preagg7", "event": "queue_end_process", "filename": "preagg7_lccdec7_7jobthscore7a6#47962138-6#57130073-6#44109920-6#67730253", "unix_time": 1620683217.4699976}
preagg7_lccdec7_7jobthscore7b6#47962138-6#57130073-6#44109920-6#67730253
INFO:ccdag_utils.py:runtime_stat:{"task_name": "preagg7", "event": "queue_end_process", "filename": "preagg7_lccdec7_7jobthscore7b6#47962138-6#57130073-6#44109920-6#67730253", "unix_time": 1620683217.4764044}
DEBUG:transfer.py:transfer successful!
INFO:circe.py:runtime_stat:{"task_name": "circe", "event": "new_output_file", "filename": "preagg7_lccdec7_7jobthscore7b6#47962138-6#57130073-6#44109920-6#67730253", "unix_time": 1620683217.6698315}
DEBUG:transfer.py:sshpass -p PASSWORD scp -P 5000 -o StrictHostKeyChecking=no /jupiter/circe_output/preagg7_lccdec7_7jobthscore7b6#47962138-6#57130073-6#44109920-6#67730253 root@10.102.226.182:/jupiter/circe_input/
DEBUG:transfer.py:transfer successful!
INFO:circe.py:runtime_stat:{"task_name": "circe", "event": "new_input_file", "filename": "score7a_preagg7_7jobth6#47962138-6#57130073-6#44109920-6#67730253", "unix_time": 1620683224.7639308}
INFO:ccdag_utils.py:runtime_stat:{"task_name": "preagg7", "event": "queue_start_process", "filename": "score7a_preagg7_7jobth6#47962138-6#57130073-6#44109920-6#67730253", "unix_time": 1620683225.4847708}
INFO:circe.py:runtime_stat:{"task_name": "circe", "event": "new_input_file", "filename": "score7b_preagg7_8jobth6#21109933-6#96607454-6#81952710-6#26137847", "unix_time": 1620683230.4767208}
INFO:ccdag_utils.py:runtime_stat:{"task_name": "preagg7", "event": "queue_start_process", "filename": "score7b_preagg7_8jobth6#21109933-6#96607454-6#81952710-6#26137847", "unix_time": 1620683230.5515068}
INFO:circe.py:runtime_stat:{"task_name": "circe", "event": "new_input_file", "filename": "score7c_preagg7_8jobth6#21109933-6#96607454-6#81952710-6#26137847", "unix_time": 1620683231.1346722}
INFO:ccdag_utils.py:runtime_stat:{"task_name": "preagg7", "event": "queue_start_process", "filename": "score7c_preagg7_8jobth6#21109933-6#96607454-6#81952710-6#26137847", "unix_time": 1620683231.6150868}
preagg7_lccdec7_8jobthscore7a6#21109933-6#96607454-6#81952710-6#26137847
INFO:circe.py:runtime_stat:{"task_name": "circe", "event": "new_output_file", "filename": "preagg7_lccdec7_8jobthscore7a6#21109933-6#96607454-6#81952710-6#26137847", "unix_time": 1620683231.6788194}
DEBUG:transfer.py:sshpass -p PASSWORD scp -P 5000 -o StrictHostKeyChecking=no /jupiter/circe_output/preagg7_lccdec7_8jobthscore7a6#21109933-6#96607454-6#81952710-6#26137847 root@10.102.226.182:/jupiter/circe_input/
INFO:ccdag_utils.py:runtime_stat:{"task_name": "preagg7", "event": "queue_end_process", "filename": "preagg7_lccdec7_8jobthscore7a6#21109933-6#96607454-6#81952710-6#26137847", "unix_time": 1620683231.6845717}
preagg7_lccdec7_8jobthscore7b6#21109933-6#96607454-6#81952710-6#26137847
INFO:ccdag_utils.py:runtime_stat:{"task_name": "preagg7", "event": "queue_end_process", "filename": "preagg7_lccdec7_8jobthscore7b6#21109933-6#96607454-6#81952710-6#26137847", "unix_time": 1620683231.689905}
DEBUG:transfer.py:transfer successful!
INFO:circe.py:runtime_stat:{"task_name": "circe", "event": "new_output_file", "filename": "preagg7_lccdec7_8jobthscore7b6#21109933-6#96607454-6#81952710-6#26137847", "unix_time": 1620683231.881212}
DEBUG:transfer.py:sshpass -p PASSWORD scp -P 5000 -o StrictHostKeyChecking=no /jupiter/circe_output/preagg7_lccdec7_8jobthscore7b6#21109933-6#96607454-6#81952710-6#26137847 root@10.102.226.182:/jupiter/circe_input/
DEBUG:transfer.py:transfer successful!
INFO:circe.py:runtime_stat:{"task_name": "circe", "event": "new_input_file", "filename": "score7a_preagg7_8jobth6#21109933-6#96607454-6#81952710-6#26137847", "unix_time": 1620683239.2718544}
INFO:ccdag_utils.py:runtime_stat:{"task_name": "preagg7", "event": "queue_start_process", "filename": "score7a_preagg7_8jobth6#21109933-6#96607454-6#81952710-6#26137847", "unix_time": 1620683239.7001996}
INFO:circe.py:runtime_stat:{"task_name": "circe", "event": "new_input_file", "filename": "score7b_preagg7_9jobth6#48536597-6#68679454-6#03892140-6#13034172", "unix_time": 1620683252.0147743}
INFO:circe.py:runtime_stat:{"task_name": "circe", "event": "new_input_file", "filename": "score7c_preagg7_9jobth6#48536597-6#68679454-6#03892140-6#13034172", "unix_time": 1620683252.6108658}
INFO:ccdag_utils.py:runtime_stat:{"task_name": "preagg7", "event": "queue_start_process", "filename": "score7b_preagg7_9jobth6#48536597-6#68679454-6#03892140-6#13034172", "unix_time": 1620683252.774614}
INFO:ccdag_utils.py:runtime_stat:{"task_name": "preagg7", "event": "queue_start_process", "filename": "score7c_preagg7_9jobth6#48536597-6#68679454-6#03892140-6#13034172", "unix_time": 1620683252.8342998}
preagg7_lccdec7_9jobthscore7a6#48536597-6#68679454-6#03892140-6#13034172
INFO:ccdag_utils.py:runtime_stat:{"task_name": "preagg7", "event": "queue_end_process", "filename": "preagg7_lccdec7_9jobthscore7a6#48536597-6#68679454-6#03892140-6#13034172", "unix_time": 1620683252.8999903}
INFO:circe.py:runtime_stat:{"task_name": "circe", "event": "new_output_file", "filename": "preagg7_lccdec7_9jobthscore7a6#48536597-6#68679454-6#03892140-6#13034172", "unix_time": 1620683252.9046314}
DEBUG:transfer.py:sshpass -p PASSWORD scp -P 5000 -o StrictHostKeyChecking=no /jupiter/circe_output/preagg7_lccdec7_9jobthscore7a6#48536597-6#68679454-6#03892140-6#13034172 root@10.102.226.182:/jupiter/circe_input/
preagg7_lccdec7_9jobthscore7b6#48536597-6#68679454-6#03892140-6#13034172
INFO:ccdag_utils.py:runtime_stat:{"task_name": "preagg7", "event": "queue_end_process", "filename": "preagg7_lccdec7_9jobthscore7b6#48536597-6#68679454-6#03892140-6#13034172", "unix_time": 1620683252.9132676}
DEBUG:transfer.py:transfer successful!
INFO:circe.py:runtime_stat:{"task_name": "circe", "event": "new_output_file", "filename": "preagg7_lccdec7_9jobthscore7b6#48536597-6#68679454-6#03892140-6#13034172", "unix_time": 1620683253.1181872}
DEBUG:transfer.py:sshpass -p PASSWORD scp -P 5000 -o StrictHostKeyChecking=no /jupiter/circe_output/preagg7_lccdec7_9jobthscore7b6#48536597-6#68679454-6#03892140-6#13034172 root@10.102.226.182:/jupiter/circe_input/
DEBUG:transfer.py:transfer successful!
INFO:circe.py:runtime_stat:{"task_name": "circe", "event": "new_input_file", "filename": "score7a_preagg7_9jobth6#48536597-6#68679454-6#03892140-6#13034172", "unix_time": 1620683260.7676442}
INFO:ccdag_utils.py:runtime_stat:{"task_name": "preagg7", "event": "queue_start_process", "filename": "score7a_preagg7_9jobth6#48536597-6#68679454-6#03892140-6#13034172", "unix_time": 1620683260.9220748}
INFO:circe.py:runtime_stat:{"task_name": "circe", "event": "new_input_file", "filename": "score7b_preagg7_10jobth6#04799273-6#23139356-6#82819616-6#73174349", "unix_time": 1620683273.544208}
INFO:circe.py:runtime_stat:{"task_name": "circe", "event": "new_input_file", "filename": "score7c_preagg7_10jobth6#04799273-6#23139356-6#82819616-6#73174349", "unix_time": 1620683273.953846}
INFO:ccdag_utils.py:runtime_stat:{"task_name": "preagg7", "event": "queue_start_process", "filename": "score7b_preagg7_10jobth6#04799273-6#23139356-6#82819616-6#73174349", "unix_time": 1620683274.0018494}
INFO:ccdag_utils.py:runtime_stat:{"task_name": "preagg7", "event": "queue_start_process", "filename": "score7c_preagg7_10jobth6#04799273-6#23139356-6#82819616-6#73174349", "unix_time": 1620683274.0637949}
preagg7_lccdec7_10jobthscore7a6#04799273-6#23139356-6#82819616-6#73174349
INFO:circe.py:runtime_stat:{"task_name": "circe", "event": "new_output_file", "filename": "preagg7_lccdec7_10jobthscore7a6#04799273-6#23139356-6#82819616-6#73174349", "unix_time": 1620683274.129374}
DEBUG:transfer.py:sshpass -p PASSWORD scp -P 5000 -o StrictHostKeyChecking=no /jupiter/circe_output/preagg7_lccdec7_10jobthscore7a6#04799273-6#23139356-6#82819616-6#73174349 root@10.102.226.182:/jupiter/circe_input/
INFO:ccdag_utils.py:runtime_stat:{"task_name": "preagg7", "event": "queue_end_process", "filename": "preagg7_lccdec7_10jobthscore7a6#04799273-6#23139356-6#82819616-6#73174349", "unix_time": 1620683274.1347969}
preagg7_lccdec7_10jobthscore7b6#04799273-6#23139356-6#82819616-6#73174349
INFO:ccdag_utils.py:runtime_stat:{"task_name": "preagg7", "event": "queue_end_process", "filename": "preagg7_lccdec7_10jobthscore7b6#04799273-6#23139356-6#82819616-6#73174349", "unix_time": 1620683274.1422203}
DEBUG:transfer.py:transfer successful!
INFO:circe.py:runtime_stat:{"task_name": "circe", "event": "new_output_file", "filename": "preagg7_lccdec7_10jobthscore7b6#04799273-6#23139356-6#82819616-6#73174349", "unix_time": 1620683274.3462126}
DEBUG:transfer.py:sshpass -p PASSWORD scp -P 5000 -o StrictHostKeyChecking=no /jupiter/circe_output/preagg7_lccdec7_10jobthscore7b6#04799273-6#23139356-6#82819616-6#73174349 root@10.102.226.182:/jupiter/circe_input/
DEBUG:transfer.py:transfer successful!
INFO:circe.py:runtime_stat:{"task_name": "circe", "event": "new_input_file", "filename": "score7a_preagg7_10jobth6#04799273-6#23139356-6#82819616-6#73174349", "unix_time": 1620683282.2560408}
INFO:ccdag_utils.py:runtime_stat:{"task_name": "preagg7", "event": "queue_start_process", "filename": "score7a_preagg7_10jobth6#04799273-6#23139356-6#82819616-6#73174349", "unix_time": 1620683283.1517348}
