 * Starting OpenBSD Secure Shell server sshd
   ...done.
INFO:circe.py:Using base script lccdec.py
DEBUG:circe.py:starting the input monitoring process
DEBUG:circe.py:starting the output monitoring process
INFO:circe.py:runtime_stat:{"task_name": "circe", "event": "new_input_file", "filename": "preagg2_lccdec2_1jobthscore2a1#47954312-1#22143734-1#31516419-1#71026948", "unix_time": 1620686833.0211663}
INFO:ccdag_utils.py:runtime_stat:{"task_name": "lccdec2", "event": "queue_start_process", "filename": "preagg2_lccdec2_1jobthscore2a1#47954312-1#22143734-1#31516419-1#71026948", "unix_time": 1620686833.0217342}
INFO:circe.py:runtime_stat:{"task_name": "circe", "event": "new_input_file", "filename": "preagg2_lccdec2_1jobthscore2b1#47954312-1#22143734-1#31516419-1#71026948", "unix_time": 1620686833.2357094}
INFO:ccdag_utils.py:runtime_stat:{"task_name": "lccdec2", "event": "queue_start_process", "filename": "preagg2_lccdec2_1jobthscore2b1#47954312-1#22143734-1#31516419-1#71026948", "unix_time": 1620686833.2362564}
INFO:circe.py:runtime_stat:{"task_name": "circe", "event": "new_output_file", "filename": "lccdec2_home_1jobth1#47954312-1#22143734-1#31516419-1#71026948", "unix_time": 1620686833.2575414}
DEBUG:transfer.py:sshpass -p PASSWORD scp -P 5000 -o StrictHostKeyChecking=no /jupiter/circe_output/lccdec2_home_1jobth1#47954312-1#22143734-1#31516419-1#71026948 root@10.110.213.51:/jupiter/circe_input/
INFO:ccdag_utils.py:runtime_stat:{"task_name": "lccdec2", "event": "queue_end_process", "filename": "lccdec2_home_1jobth1#47954312-1#22143734-1#31516419-1#71026948", "unix_time": 1620686833.2633054}
Warning: Permanently added '[10.110.213.51]:5000' (ECDSA) to the list of known hosts.
DEBUG:transfer.py:transfer successful!
INFO:circe.py:runtime_stat:{"task_name": "circe", "event": "new_input_file", "filename": "preagg2_lccdec2_2jobthscore2a1#91579101-1#37898018-1#20579036-1#92463338", "unix_time": 1620686836.1679225}
INFO:ccdag_utils.py:runtime_stat:{"task_name": "lccdec2", "event": "queue_start_process", "filename": "preagg2_lccdec2_2jobthscore2a1#91579101-1#37898018-1#20579036-1#92463338", "unix_time": 1620686836.1683161}
INFO:circe.py:runtime_stat:{"task_name": "circe", "event": "new_input_file", "filename": "preagg2_lccdec2_2jobthscore2b1#91579101-1#37898018-1#20579036-1#92463338", "unix_time": 1620686836.378804}
INFO:ccdag_utils.py:runtime_stat:{"task_name": "lccdec2", "event": "queue_start_process", "filename": "preagg2_lccdec2_2jobthscore2b1#91579101-1#37898018-1#20579036-1#92463338", "unix_time": 1620686836.3791919}
INFO:circe.py:runtime_stat:{"task_name": "circe", "event": "new_output_file", "filename": "lccdec2_home_2jobth1#91579101-1#37898018-1#20579036-1#92463338", "unix_time": 1620686836.3941898}
DEBUG:transfer.py:sshpass -p PASSWORD scp -P 5000 -o StrictHostKeyChecking=no /jupiter/circe_output/lccdec2_home_2jobth1#91579101-1#37898018-1#20579036-1#92463338 root@10.110.213.51:/jupiter/circe_input/
INFO:ccdag_utils.py:runtime_stat:{"task_name": "lccdec2", "event": "queue_end_process", "filename": "lccdec2_home_2jobth1#91579101-1#37898018-1#20579036-1#92463338", "unix_time": 1620686836.4004264}
DEBUG:transfer.py:transfer successful!
INFO:circe.py:runtime_stat:{"task_name": "circe", "event": "new_input_file", "filename": "preagg2_lccdec2_3jobthscore2a1#75370273-1#71383749-1#76747416-1#51480615", "unix_time": 1620686843.3844893}
INFO:ccdag_utils.py:runtime_stat:{"task_name": "lccdec2", "event": "queue_start_process", "filename": "preagg2_lccdec2_3jobthscore2a1#75370273-1#71383749-1#76747416-1#51480615", "unix_time": 1620686843.3871064}
INFO:circe.py:runtime_stat:{"task_name": "circe", "event": "new_input_file", "filename": "preagg2_lccdec2_3jobthscore2b1#75370273-1#71383749-1#76747416-1#51480615", "unix_time": 1620686843.6054444}
INFO:ccdag_utils.py:runtime_stat:{"task_name": "lccdec2", "event": "queue_start_process", "filename": "preagg2_lccdec2_3jobthscore2b1#75370273-1#71383749-1#76747416-1#51480615", "unix_time": 1620686843.6061058}
INFO:circe.py:runtime_stat:{"task_name": "circe", "event": "new_output_file", "filename": "lccdec2_home_3jobth1#75370273-1#71383749-1#76747416-1#51480615", "unix_time": 1620686843.619513}
DEBUG:transfer.py:sshpass -p PASSWORD scp -P 5000 -o StrictHostKeyChecking=no /jupiter/circe_output/lccdec2_home_3jobth1#75370273-1#71383749-1#76747416-1#51480615 root@10.110.213.51:/jupiter/circe_input/
INFO:ccdag_utils.py:runtime_stat:{"task_name": "lccdec2", "event": "queue_end_process", "filename": "lccdec2_home_3jobth1#75370273-1#71383749-1#76747416-1#51480615", "unix_time": 1620686843.6238356}
DEBUG:transfer.py:transfer successful!
INFO:circe.py:runtime_stat:{"task_name": "circe", "event": "new_input_file", "filename": "preagg2_lccdec2_4jobthscore2a1#32923915-1#84197238-1#84615094-1#15622710", "unix_time": 1620686846.5412087}
INFO:ccdag_utils.py:runtime_stat:{"task_name": "lccdec2", "event": "queue_start_process", "filename": "preagg2_lccdec2_4jobthscore2a1#32923915-1#84197238-1#84615094-1#15622710", "unix_time": 1620686846.5418537}
INFO:circe.py:runtime_stat:{"task_name": "circe", "event": "new_input_file", "filename": "preagg2_lccdec2_4jobthscore2b1#32923915-1#84197238-1#84615094-1#15622710", "unix_time": 1620686846.7876678}
INFO:ccdag_utils.py:runtime_stat:{"task_name": "lccdec2", "event": "queue_start_process", "filename": "preagg2_lccdec2_4jobthscore2b1#32923915-1#84197238-1#84615094-1#15622710", "unix_time": 1620686846.7880394}
INFO:circe.py:runtime_stat:{"task_name": "circe", "event": "new_output_file", "filename": "lccdec2_home_4jobth1#32923915-1#84197238-1#84615094-1#15622710", "unix_time": 1620686846.8035033}
DEBUG:transfer.py:sshpass -p PASSWORD scp -P 5000 -o StrictHostKeyChecking=no /jupiter/circe_output/lccdec2_home_4jobth1#32923915-1#84197238-1#84615094-1#15622710 root@10.110.213.51:/jupiter/circe_input/
INFO:ccdag_utils.py:runtime_stat:{"task_name": "lccdec2", "event": "queue_end_process", "filename": "lccdec2_home_4jobth1#32923915-1#84197238-1#84615094-1#15622710", "unix_time": 1620686846.8096855}
DEBUG:transfer.py:transfer successful!
INFO:circe.py:runtime_stat:{"task_name": "circe", "event": "new_input_file", "filename": "preagg2_lccdec2_5jobthscore2a1#79105272-1#07094589-1#84858701-1#22811932", "unix_time": 1620686856.7501845}
INFO:ccdag_utils.py:runtime_stat:{"task_name": "lccdec2", "event": "queue_start_process", "filename": "preagg2_lccdec2_5jobthscore2a1#79105272-1#07094589-1#84858701-1#22811932", "unix_time": 1620686856.7505858}
INFO:circe.py:runtime_stat:{"task_name": "circe", "event": "new_input_file", "filename": "preagg2_lccdec2_5jobthscore2b1#79105272-1#07094589-1#84858701-1#22811932", "unix_time": 1620686856.9630668}
INFO:ccdag_utils.py:runtime_stat:{"task_name": "lccdec2", "event": "queue_start_process", "filename": "preagg2_lccdec2_5jobthscore2b1#79105272-1#07094589-1#84858701-1#22811932", "unix_time": 1620686856.96356}
INFO:circe.py:runtime_stat:{"task_name": "circe", "event": "new_output_file", "filename": "lccdec2_home_5jobth1#79105272-1#07094589-1#84858701-1#22811932", "unix_time": 1620686856.9776652}
DEBUG:transfer.py:sshpass -p PASSWORD scp -P 5000 -o StrictHostKeyChecking=no /jupiter/circe_output/lccdec2_home_5jobth1#79105272-1#07094589-1#84858701-1#22811932 root@10.110.213.51:/jupiter/circe_input/
INFO:ccdag_utils.py:runtime_stat:{"task_name": "lccdec2", "event": "queue_end_process", "filename": "lccdec2_home_5jobth1#79105272-1#07094589-1#84858701-1#22811932", "unix_time": 1620686856.9817877}
DEBUG:transfer.py:transfer successful!
INFO:circe.py:runtime_stat:{"task_name": "circe", "event": "new_input_file", "filename": "preagg2_lccdec2_6jobthscore2a1#05629675-1#92560428-1#84464728-1#51987917", "unix_time": 1620686864.971733}
INFO:ccdag_utils.py:runtime_stat:{"task_name": "lccdec2", "event": "queue_start_process", "filename": "preagg2_lccdec2_6jobthscore2a1#05629675-1#92560428-1#84464728-1#51987917", "unix_time": 1620686864.972204}
INFO:circe.py:runtime_stat:{"task_name": "circe", "event": "new_input_file", "filename": "preagg2_lccdec2_6jobthscore2b1#05629675-1#92560428-1#84464728-1#51987917", "unix_time": 1620686865.1923828}
INFO:ccdag_utils.py:runtime_stat:{"task_name": "lccdec2", "event": "queue_start_process", "filename": "preagg2_lccdec2_6jobthscore2b1#05629675-1#92560428-1#84464728-1#51987917", "unix_time": 1620686865.1927066}
INFO:circe.py:runtime_stat:{"task_name": "circe", "event": "new_output_file", "filename": "lccdec2_home_6jobth1#05629675-1#92560428-1#84464728-1#51987917", "unix_time": 1620686865.2055366}
DEBUG:transfer.py:sshpass -p PASSWORD scp -P 5000 -o StrictHostKeyChecking=no /jupiter/circe_output/lccdec2_home_6jobth1#05629675-1#92560428-1#84464728-1#51987917 root@10.110.213.51:/jupiter/circe_input/
INFO:ccdag_utils.py:runtime_stat:{"task_name": "lccdec2", "event": "queue_end_process", "filename": "lccdec2_home_6jobth1#05629675-1#92560428-1#84464728-1#51987917", "unix_time": 1620686865.2104661}
DEBUG:transfer.py:transfer successful!
INFO:circe.py:runtime_stat:{"task_name": "circe", "event": "new_input_file", "filename": "preagg2_lccdec2_7jobthscore2a1#59550890-1#09043828-1#02270296-1#54064593", "unix_time": 1620686877.1639152}
INFO:ccdag_utils.py:runtime_stat:{"task_name": "lccdec2", "event": "queue_start_process", "filename": "preagg2_lccdec2_7jobthscore2a1#59550890-1#09043828-1#02270296-1#54064593", "unix_time": 1620686877.1643991}
INFO:circe.py:runtime_stat:{"task_name": "circe", "event": "new_input_file", "filename": "preagg2_lccdec2_7jobthscore2b1#59550890-1#09043828-1#02270296-1#54064593", "unix_time": 1620686877.3678098}
INFO:ccdag_utils.py:runtime_stat:{"task_name": "lccdec2", "event": "queue_start_process", "filename": "preagg2_lccdec2_7jobthscore2b1#59550890-1#09043828-1#02270296-1#54064593", "unix_time": 1620686877.3682706}
INFO:circe.py:runtime_stat:{"task_name": "circe", "event": "new_output_file", "filename": "lccdec2_home_7jobth1#59550890-1#09043828-1#02270296-1#54064593", "unix_time": 1620686877.3805287}
DEBUG:transfer.py:sshpass -p PASSWORD scp -P 5000 -o StrictHostKeyChecking=no /jupiter/circe_output/lccdec2_home_7jobth1#59550890-1#09043828-1#02270296-1#54064593 root@10.110.213.51:/jupiter/circe_input/
INFO:ccdag_utils.py:runtime_stat:{"task_name": "lccdec2", "event": "queue_end_process", "filename": "lccdec2_home_7jobth1#59550890-1#09043828-1#02270296-1#54064593", "unix_time": 1620686877.3858795}
DEBUG:transfer.py:transfer successful!
INFO:circe.py:runtime_stat:{"task_name": "circe", "event": "new_input_file", "filename": "preagg2_lccdec2_8jobthscore2a1#56483642-1#31520786-1#01544846-1#86060771", "unix_time": 1620686881.35647}
INFO:ccdag_utils.py:runtime_stat:{"task_name": "lccdec2", "event": "queue_start_process", "filename": "preagg2_lccdec2_8jobthscore2a1#56483642-1#31520786-1#01544846-1#86060771", "unix_time": 1620686881.3579574}
INFO:circe.py:runtime_stat:{"task_name": "circe", "event": "new_input_file", "filename": "preagg2_lccdec2_8jobthscore2b1#56483642-1#31520786-1#01544846-1#86060771", "unix_time": 1620686881.5676436}
INFO:ccdag_utils.py:runtime_stat:{"task_name": "lccdec2", "event": "queue_start_process", "filename": "preagg2_lccdec2_8jobthscore2b1#56483642-1#31520786-1#01544846-1#86060771", "unix_time": 1620686881.5681663}
INFO:circe.py:runtime_stat:{"task_name": "circe", "event": "new_output_file", "filename": "lccdec2_home_8jobth1#56483642-1#31520786-1#01544846-1#86060771", "unix_time": 1620686881.5822806}
DEBUG:transfer.py:sshpass -p PASSWORD scp -P 5000 -o StrictHostKeyChecking=no /jupiter/circe_output/lccdec2_home_8jobth1#56483642-1#31520786-1#01544846-1#86060771 root@10.110.213.51:/jupiter/circe_input/
INFO:ccdag_utils.py:runtime_stat:{"task_name": "lccdec2", "event": "queue_end_process", "filename": "lccdec2_home_8jobth1#56483642-1#31520786-1#01544846-1#86060771", "unix_time": 1620686881.5866485}
DEBUG:transfer.py:transfer successful!
