 * Starting OpenBSD Secure Shell server sshd
   ...done.
INFO:circe.py:Using base script score.py
DEBUG:circe.py:starting the input monitoring process
DEBUG:circe.py:starting the output monitoring process
INFO:circe.py:runtime_stat:{"task_name": "circe", "event": "new_input_file", "filename": "lccenc8_score8b_7#76554548-7#54484374-7#46926425-7#04226394jobid2.csv", "unix_time": 1620589260.978541}
['mongoose21.JPEG', 'mongoose22.JPEG', 'mongoose23.JPEG', 'mongoose24.JPEG', 'mongoose25.JPEG', 'mongoose26.JPEG', 'mongoose27.JPEG', 'mongoose28.JPEG', 'mongoose29.JPEG', 'mongoose30.JPEG']
INFO:ccdag_utils.py:runtime_stat:{"task_name": "score8b", "event": "queue_start_process", "filename": "lccenc8_score8b_7#76554548-7#54484374-7#46926425-7#04226394jobid2.csv", "unix_time": 1620589261.8070164}
INFO:circe.py:runtime_stat:{"task_name": "circe", "event": "new_output_file", "filename": "score8b_preagg8_2jobth7#76554548-7#54484374-7#46926425-7#04226394", "unix_time": 1620589263.5742133}
DEBUG:transfer.py:sshpass -p PASSWORD scp -P 5000 -o StrictHostKeyChecking=no /jupiter/circe_output/score8b_preagg8_2jobth7#76554548-7#54484374-7#46926425-7#04226394 root@10.111.18.135:/jupiter/circe_input/
INFO:ccdag_utils.py:runtime_stat:{"task_name": "score8b", "event": "queue_end_process", "filename": "score8b_preagg8_2jobth7#76554548-7#54484374-7#46926425-7#04226394", "unix_time": 1620589263.5821471}
Warning: Permanently added '[10.111.18.135]:5000' (ECDSA) to the list of known hosts.
DEBUG:transfer.py:transfer successful!
INFO:circe.py:runtime_stat:{"task_name": "circe", "event": "new_input_file", "filename": "lccenc8_score8b_7#26062583-7#66510832-7#58681436-7#99191515jobid1.csv", "unix_time": 1620589520.3597262}
INFO:ccdag_utils.py:runtime_stat:{"task_name": "score8b", "event": "queue_start_process", "filename": "lccenc8_score8b_7#26062583-7#66510832-7#58681436-7#99191515jobid1.csv", "unix_time": 1620589520.854437}
['mongoose21.JPEG', 'mongoose22.JPEG', 'mongoose23.JPEG', 'mongoose24.JPEG', 'mongoose25.JPEG', 'mongoose26.JPEG', 'mongoose27.JPEG', 'mongoose28.JPEG', 'mongoose29.JPEG', 'mongoose30.JPEG']
INFO:circe.py:runtime_stat:{"task_name": "circe", "event": "new_output_file", "filename": "score8b_preagg8_1jobth7#26062583-7#66510832-7#58681436-7#99191515", "unix_time": 1620589522.3924916}
DEBUG:transfer.py:sshpass -p PASSWORD scp -P 5000 -o StrictHostKeyChecking=no /jupiter/circe_output/score8b_preagg8_1jobth7#26062583-7#66510832-7#58681436-7#99191515 root@10.111.18.135:/jupiter/circe_input/
INFO:ccdag_utils.py:runtime_stat:{"task_name": "score8b", "event": "queue_end_process", "filename": "score8b_preagg8_1jobth7#26062583-7#66510832-7#58681436-7#99191515", "unix_time": 1620589522.3938181}
DEBUG:transfer.py:transfer successful!
INFO:circe.py:runtime_stat:{"task_name": "circe", "event": "new_input_file", "filename": "lccenc8_score8b_7#93853635-7#82124749-7#37436176-7#88926918jobid2.csv", "unix_time": 1620589635.917785}
INFO:ccdag_utils.py:runtime_stat:{"task_name": "score8b", "event": "queue_start_process", "filename": "lccenc8_score8b_7#93853635-7#82124749-7#37436176-7#88926918jobid2.csv", "unix_time": 1620589636.506479}
['mongoose21.JPEG', 'mongoose22.JPEG', 'mongoose23.JPEG', 'mongoose24.JPEG', 'mongoose25.JPEG', 'mongoose26.JPEG', 'mongoose27.JPEG', 'mongoose28.JPEG', 'mongoose29.JPEG', 'mongoose30.JPEG']
INFO:circe.py:runtime_stat:{"task_name": "circe", "event": "new_output_file", "filename": "score8b_preagg8_2jobth7#93853635-7#82124749-7#37436176-7#88926918", "unix_time": 1620589637.9905534}
DEBUG:transfer.py:sshpass -p PASSWORD scp -P 5000 -o StrictHostKeyChecking=no /jupiter/circe_output/score8b_preagg8_2jobth7#93853635-7#82124749-7#37436176-7#88926918 root@10.111.18.135:/jupiter/circe_input/
INFO:ccdag_utils.py:runtime_stat:{"task_name": "score8b", "event": "queue_end_process", "filename": "score8b_preagg8_2jobth7#93853635-7#82124749-7#37436176-7#88926918", "unix_time": 1620589637.9993324}
DEBUG:transfer.py:transfer successful!
INFO:circe.py:runtime_stat:{"task_name": "circe", "event": "new_input_file", "filename": "lccenc8_score8b_7#18912147-7#08713564-7#43137319-7#54800846jobid3.csv", "unix_time": 1620589974.4041047}
['mongoose21.JPEG', 'mongoose22.JPEG', 'mongoose23.JPEG', 'mongoose24.JPEG', 'mongoose25.JPEG', 'mongoose26.JPEG', 'mongoose27.JPEG', 'mongoose28.JPEG', 'mongoose29.JPEG', 'mongoose30.JPEG']
INFO:ccdag_utils.py:runtime_stat:{"task_name": "score8b", "event": "queue_start_process", "filename": "lccenc8_score8b_7#18912147-7#08713564-7#43137319-7#54800846jobid3.csv", "unix_time": 1620589975.3469052}
INFO:circe.py:runtime_stat:{"task_name": "circe", "event": "new_output_file", "filename": "score8b_preagg8_3jobth7#18912147-7#08713564-7#43137319-7#54800846", "unix_time": 1620589976.8251781}
DEBUG:transfer.py:sshpass -p PASSWORD scp -P 5000 -o StrictHostKeyChecking=no /jupiter/circe_output/score8b_preagg8_3jobth7#18912147-7#08713564-7#43137319-7#54800846 root@10.111.18.135:/jupiter/circe_input/
INFO:ccdag_utils.py:runtime_stat:{"task_name": "score8b", "event": "queue_end_process", "filename": "score8b_preagg8_3jobth7#18912147-7#08713564-7#43137319-7#54800846", "unix_time": 1620589976.8331077}
DEBUG:transfer.py:transfer successful!
INFO:circe.py:runtime_stat:{"task_name": "circe", "event": "new_input_file", "filename": "lccenc8_score8b_7#92428495-7#72221116-7#26442015-7#16571191jobid4.csv", "unix_time": 1620590156.1223874}
INFO:ccdag_utils.py:runtime_stat:{"task_name": "score8b", "event": "queue_start_process", "filename": "lccenc8_score8b_7#92428495-7#72221116-7#26442015-7#16571191jobid4.csv", "unix_time": 1620590157.0259833}
['mongoose21.JPEG', 'mongoose22.JPEG', 'mongoose23.JPEG', 'mongoose24.JPEG', 'mongoose25.JPEG', 'mongoose26.JPEG', 'mongoose27.JPEG', 'mongoose28.JPEG', 'mongoose29.JPEG', 'mongoose30.JPEG']
INFO:circe.py:runtime_stat:{"task_name": "circe", "event": "new_output_file", "filename": "score8b_preagg8_4jobth7#92428495-7#72221116-7#26442015-7#16571191", "unix_time": 1620590158.6026266}
DEBUG:transfer.py:sshpass -p PASSWORD scp -P 5000 -o StrictHostKeyChecking=no /jupiter/circe_output/score8b_preagg8_4jobth7#92428495-7#72221116-7#26442015-7#16571191 root@10.111.18.135:/jupiter/circe_input/
INFO:ccdag_utils.py:runtime_stat:{"task_name": "score8b", "event": "queue_end_process", "filename": "score8b_preagg8_4jobth7#92428495-7#72221116-7#26442015-7#16571191", "unix_time": 1620590158.6181834}
DEBUG:transfer.py:transfer successful!
