 * Starting OpenBSD Secure Shell server sshd
   ...done.
INFO:circe.py:Using base script lccenc.py
DEBUG:circe.py:starting the input monitoring process
DEBUG:circe.py:starting the output monitoring process
8
INFO:circe.py:runtime_stat:{"task_name": "circe", "event": "new_input_file", "filename": "storeclass8_lccenc8_76554548imgmongoosejobid0.JPEG", "unix_time": 1620589254.8937507}
INFO:circe.py:runtime_stat:{"task_name": "circe", "event": "new_input_file", "filename": "storeclass8_lccenc8_54484374imgmongoosejobid0.JPEG", "unix_time": 1620589255.1257026}
INFO:circe.py:runtime_stat:{"task_name": "circe", "event": "new_input_file", "filename": "storeclass8_lccenc8_46926425imgmongoosejobid0.JPEG", "unix_time": 1620589255.7724457}
INFO:circe.py:runtime_stat:{"task_name": "circe", "event": "new_input_file", "filename": "storeclass8_lccenc8_04226394imgmongoosejobid0.JPEG", "unix_time": 1620589256.795325}
INFO:ccdag_utils.py:runtime_stat:{"task_name": "lccenc8", "event": "queue_start_process", "filename": "storeclass8_lccenc8_76554548imgmongoosejobid0.JPEG", "unix_time": 1620589256.9469514}
INFO:ccdag_utils.py:runtime_stat:{"task_name": "lccenc8", "event": "queue_start_process", "filename": "storeclass8_lccenc8_54484374imgmongoosejobid0.JPEG", "unix_time": 1620589256.94734}
INFO:ccdag_utils.py:runtime_stat:{"task_name": "lccenc8", "event": "queue_start_process", "filename": "storeclass8_lccenc8_46926425imgmongoosejobid0.JPEG", "unix_time": 1620589256.947555}
INFO:ccdag_utils.py:runtime_stat:{"task_name": "lccenc8", "event": "queue_start_process", "filename": "storeclass8_lccenc8_04226394imgmongoosejobid0.JPEG", "unix_time": 1620589256.9477677}
INFO:ccdag_utils.py:runtime_stat:{"task_name": "lccenc8", "event": "queue_end_process", "filename": "lccenc8_score8a_7#76554548-7#54484374-7#46926425-7#04226394jobid2.csv", "unix_time": 1620589259.5071099}
INFO:circe.py:runtime_stat:{"task_name": "circe", "event": "new_output_file", "filename": "lccenc8_score8a_7#76554548-7#54484374-7#46926425-7#04226394jobid2.csv", "unix_time": 1620589259.5079598}
DEBUG:transfer.py:sshpass -p PASSWORD scp -P 5000 -o StrictHostKeyChecking=no /jupiter/circe_output/lccenc8_score8a_7#76554548-7#54484374-7#46926425-7#04226394jobid2.csv root@10.107.3.221:/jupiter/circe_input/
Warning: Permanently added '[10.107.3.221]:5000' (ECDSA) to the list of known hosts.
DEBUG:transfer.py:transfer successful!
INFO:ccdag_utils.py:runtime_stat:{"task_name": "lccenc8", "event": "queue_end_process", "filename": "lccenc8_score8b_7#76554548-7#54484374-7#46926425-7#04226394jobid2.csv", "unix_time": 1620589260.4929833}
INFO:circe.py:runtime_stat:{"task_name": "circe", "event": "new_output_file", "filename": "lccenc8_score8b_7#76554548-7#54484374-7#46926425-7#04226394jobid2.csv", "unix_time": 1620589260.503424}
DEBUG:transfer.py:sshpass -p PASSWORD scp -P 5000 -o StrictHostKeyChecking=no /jupiter/circe_output/lccenc8_score8b_7#76554548-7#54484374-7#46926425-7#04226394jobid2.csv root@10.101.70.117:/jupiter/circe_input/
Warning: Permanently added '[10.101.70.117]:5000' (ECDSA) to the list of known hosts.
DEBUG:transfer.py:transfer successful!
INFO:ccdag_utils.py:runtime_stat:{"task_name": "lccenc8", "event": "queue_end_process", "filename": "lccenc8_score8c_7#76554548-7#54484374-7#46926425-7#04226394jobid2.csv", "unix_time": 1620589261.4815898}
INFO:circe.py:runtime_stat:{"task_name": "circe", "event": "new_output_file", "filename": "lccenc8_score8c_7#76554548-7#54484374-7#46926425-7#04226394jobid2.csv", "unix_time": 1620589261.48253}
DEBUG:transfer.py:sshpass -p PASSWORD scp -P 5000 -o StrictHostKeyChecking=no /jupiter/circe_output/lccenc8_score8c_7#76554548-7#54484374-7#46926425-7#04226394jobid2.csv root@10.105.139.40:/jupiter/circe_input/
Warning: Permanently added '[10.105.139.40]:5000' (ECDSA) to the list of known hosts.
DEBUG:transfer.py:transfer successful!
INFO:circe.py:runtime_stat:{"task_name": "circe", "event": "new_input_file", "filename": "storeclass8_lccenc8_26062583imgmongoosejobid0.JPEG", "unix_time": 1620589488.0410373}
INFO:circe.py:runtime_stat:{"task_name": "circe", "event": "new_input_file", "filename": "storeclass8_lccenc8_66510832imgmongoosejobid1.JPEG", "unix_time": 1620589517.0842931}
INFO:circe.py:runtime_stat:{"task_name": "circe", "event": "new_input_file", "filename": "storeclass8_lccenc8_58681436imgmongoosejobid1.JPEG", "unix_time": 1620589517.3131967}
INFO:circe.py:runtime_stat:{"task_name": "circe", "event": "new_input_file", "filename": "storeclass8_lccenc8_99191515imgmongoosejobid1.JPEG", "unix_time": 1620589517.5535424}
INFO:ccdag_utils.py:runtime_stat:{"task_name": "lccenc8", "event": "queue_start_process", "filename": "storeclass8_lccenc8_26062583imgmongoosejobid0.JPEG", "unix_time": 1620589517.7524586}
INFO:ccdag_utils.py:runtime_stat:{"task_name": "lccenc8", "event": "queue_start_process", "filename": "storeclass8_lccenc8_66510832imgmongoosejobid1.JPEG", "unix_time": 1620589517.7529414}
INFO:ccdag_utils.py:runtime_stat:{"task_name": "lccenc8", "event": "queue_start_process", "filename": "storeclass8_lccenc8_58681436imgmongoosejobid1.JPEG", "unix_time": 1620589517.753294}
INFO:ccdag_utils.py:runtime_stat:{"task_name": "lccenc8", "event": "queue_start_process", "filename": "storeclass8_lccenc8_99191515imgmongoosejobid1.JPEG", "unix_time": 1620589517.753565}
INFO:ccdag_utils.py:runtime_stat:{"task_name": "lccenc8", "event": "queue_end_process", "filename": "lccenc8_score8a_7#26062583-7#66510832-7#58681436-7#99191515jobid1.csv", "unix_time": 1620589518.9204137}
INFO:circe.py:runtime_stat:{"task_name": "circe", "event": "new_output_file", "filename": "lccenc8_score8a_7#26062583-7#66510832-7#58681436-7#99191515jobid1.csv", "unix_time": 1620589518.9216325}
DEBUG:transfer.py:sshpass -p PASSWORD scp -P 5000 -o StrictHostKeyChecking=no /jupiter/circe_output/lccenc8_score8a_7#26062583-7#66510832-7#58681436-7#99191515jobid1.csv root@10.107.3.221:/jupiter/circe_input/
DEBUG:transfer.py:transfer successful!
INFO:ccdag_utils.py:runtime_stat:{"task_name": "lccenc8", "event": "queue_end_process", "filename": "lccenc8_score8b_7#26062583-7#66510832-7#58681436-7#99191515jobid1.csv", "unix_time": 1620589519.9981158}
INFO:circe.py:runtime_stat:{"task_name": "circe", "event": "new_output_file", "filename": "lccenc8_score8b_7#26062583-7#66510832-7#58681436-7#99191515jobid1.csv", "unix_time": 1620589519.9990144}
DEBUG:transfer.py:sshpass -p PASSWORD scp -P 5000 -o StrictHostKeyChecking=no /jupiter/circe_output/lccenc8_score8b_7#26062583-7#66510832-7#58681436-7#99191515jobid1.csv root@10.101.70.117:/jupiter/circe_input/
DEBUG:transfer.py:transfer successful!
INFO:ccdag_utils.py:runtime_stat:{"task_name": "lccenc8", "event": "queue_end_process", "filename": "lccenc8_score8c_7#26062583-7#66510832-7#58681436-7#99191515jobid1.csv", "unix_time": 1620589521.0727992}
INFO:circe.py:runtime_stat:{"task_name": "circe", "event": "new_output_file", "filename": "lccenc8_score8c_7#26062583-7#66510832-7#58681436-7#99191515jobid1.csv", "unix_time": 1620589521.073822}
DEBUG:transfer.py:sshpass -p PASSWORD scp -P 5000 -o StrictHostKeyChecking=no /jupiter/circe_output/lccenc8_score8c_7#26062583-7#66510832-7#58681436-7#99191515jobid1.csv root@10.105.139.40:/jupiter/circe_input/
DEBUG:transfer.py:transfer successful!
INFO:circe.py:runtime_stat:{"task_name": "circe", "event": "new_input_file", "filename": "storeclass8_lccenc8_93853635imgmongoosejobid2.JPEG", "unix_time": 1620589553.1526158}
INFO:circe.py:runtime_stat:{"task_name": "circe", "event": "new_input_file", "filename": "storeclass8_lccenc8_82124749imgmongoosejobid2.JPEG", "unix_time": 1620589553.3796074}
INFO:circe.py:runtime_stat:{"task_name": "circe", "event": "new_input_file", "filename": "storeclass8_lccenc8_37436176imgmongoosejobid4.JPEG", "unix_time": 1620589601.2335684}
INFO:circe.py:runtime_stat:{"task_name": "circe", "event": "new_input_file", "filename": "storeclass8_lccenc8_88926918imgmongoosejobid6.JPEG", "unix_time": 1620589632.2957258}
INFO:ccdag_utils.py:runtime_stat:{"task_name": "lccenc8", "event": "queue_start_process", "filename": "storeclass8_lccenc8_93853635imgmongoosejobid2.JPEG", "unix_time": 1620589633.19467}
INFO:ccdag_utils.py:runtime_stat:{"task_name": "lccenc8", "event": "queue_start_process", "filename": "storeclass8_lccenc8_82124749imgmongoosejobid2.JPEG", "unix_time": 1620589633.1993828}
INFO:ccdag_utils.py:runtime_stat:{"task_name": "lccenc8", "event": "queue_start_process", "filename": "storeclass8_lccenc8_37436176imgmongoosejobid4.JPEG", "unix_time": 1620589633.1998096}
INFO:ccdag_utils.py:runtime_stat:{"task_name": "lccenc8", "event": "queue_start_process", "filename": "storeclass8_lccenc8_88926918imgmongoosejobid6.JPEG", "unix_time": 1620589633.2000618}
INFO:ccdag_utils.py:runtime_stat:{"task_name": "lccenc8", "event": "queue_end_process", "filename": "lccenc8_score8a_7#93853635-7#82124749-7#37436176-7#88926918jobid2.csv", "unix_time": 1620589634.3914685}
INFO:circe.py:runtime_stat:{"task_name": "circe", "event": "new_output_file", "filename": "lccenc8_score8a_7#93853635-7#82124749-7#37436176-7#88926918jobid2.csv", "unix_time": 1620589634.392359}
DEBUG:transfer.py:sshpass -p PASSWORD scp -P 5000 -o StrictHostKeyChecking=no /jupiter/circe_output/lccenc8_score8a_7#93853635-7#82124749-7#37436176-7#88926918jobid2.csv root@10.107.3.221:/jupiter/circe_input/
DEBUG:transfer.py:transfer successful!
INFO:ccdag_utils.py:runtime_stat:{"task_name": "lccenc8", "event": "queue_end_process", "filename": "lccenc8_score8b_7#93853635-7#82124749-7#37436176-7#88926918jobid2.csv", "unix_time": 1620589635.40934}
INFO:circe.py:runtime_stat:{"task_name": "circe", "event": "new_output_file", "filename": "lccenc8_score8b_7#93853635-7#82124749-7#37436176-7#88926918jobid2.csv", "unix_time": 1620589635.4106236}
DEBUG:transfer.py:sshpass -p PASSWORD scp -P 5000 -o StrictHostKeyChecking=no /jupiter/circe_output/lccenc8_score8b_7#93853635-7#82124749-7#37436176-7#88926918jobid2.csv root@10.101.70.117:/jupiter/circe_input/
DEBUG:transfer.py:transfer successful!
INFO:ccdag_utils.py:runtime_stat:{"task_name": "lccenc8", "event": "queue_end_process", "filename": "lccenc8_score8c_7#93853635-7#82124749-7#37436176-7#88926918jobid2.csv", "unix_time": 1620589636.5267894}
INFO:circe.py:runtime_stat:{"task_name": "circe", "event": "new_output_file", "filename": "lccenc8_score8c_7#93853635-7#82124749-7#37436176-7#88926918jobid2.csv", "unix_time": 1620589636.52862}
DEBUG:transfer.py:sshpass -p PASSWORD scp -P 5000 -o StrictHostKeyChecking=no /jupiter/circe_output/lccenc8_score8c_7#93853635-7#82124749-7#37436176-7#88926918jobid2.csv root@10.105.139.40:/jupiter/circe_input/
DEBUG:transfer.py:transfer successful!
INFO:circe.py:runtime_stat:{"task_name": "circe", "event": "new_input_file", "filename": "storeclass8_lccenc8_18912147imgmongoosejobid10.JPEG", "unix_time": 1620589700.3502502}
INFO:circe.py:runtime_stat:{"task_name": "circe", "event": "new_input_file", "filename": "storeclass8_lccenc8_08713564imgmongoosejobid21.JPEG", "unix_time": 1620589927.610582}
INFO:circe.py:runtime_stat:{"task_name": "circe", "event": "new_input_file", "filename": "storeclass8_lccenc8_43137319imgmongoosejobid21.JPEG", "unix_time": 1620589927.8257926}
INFO:circe.py:runtime_stat:{"task_name": "circe", "event": "new_input_file", "filename": "storeclass8_lccenc8_54800846imgmongoosejobid22.JPEG", "unix_time": 1620589971.673112}
INFO:ccdag_utils.py:runtime_stat:{"task_name": "lccenc8", "event": "queue_start_process", "filename": "storeclass8_lccenc8_18912147imgmongoosejobid10.JPEG", "unix_time": 1620589971.875372}
INFO:ccdag_utils.py:runtime_stat:{"task_name": "lccenc8", "event": "queue_start_process", "filename": "storeclass8_lccenc8_08713564imgmongoosejobid21.JPEG", "unix_time": 1620589971.875846}
INFO:ccdag_utils.py:runtime_stat:{"task_name": "lccenc8", "event": "queue_start_process", "filename": "storeclass8_lccenc8_43137319imgmongoosejobid21.JPEG", "unix_time": 1620589971.8761497}
INFO:ccdag_utils.py:runtime_stat:{"task_name": "lccenc8", "event": "queue_start_process", "filename": "storeclass8_lccenc8_54800846imgmongoosejobid22.JPEG", "unix_time": 1620589971.8764377}
INFO:ccdag_utils.py:runtime_stat:{"task_name": "lccenc8", "event": "queue_end_process", "filename": "lccenc8_score8a_7#18912147-7#08713564-7#43137319-7#54800846jobid3.csv", "unix_time": 1620589973.0072353}
INFO:circe.py:runtime_stat:{"task_name": "circe", "event": "new_output_file", "filename": "lccenc8_score8a_7#18912147-7#08713564-7#43137319-7#54800846jobid3.csv", "unix_time": 1620589973.0080853}
DEBUG:transfer.py:sshpass -p PASSWORD scp -P 5000 -o StrictHostKeyChecking=no /jupiter/circe_output/lccenc8_score8a_7#18912147-7#08713564-7#43137319-7#54800846jobid3.csv root@10.107.3.221:/jupiter/circe_input/
DEBUG:transfer.py:transfer successful!
INFO:circe.py:runtime_stat:{"task_name": "circe", "event": "new_input_file", "filename": "storeclass8_lccenc8_92428495imgmongoosejobid22.JPEG", "unix_time": 1620589973.983233}
INFO:ccdag_utils.py:runtime_stat:{"task_name": "lccenc8", "event": "queue_end_process", "filename": "lccenc8_score8b_7#18912147-7#08713564-7#43137319-7#54800846jobid3.csv", "unix_time": 1620589973.9960864}
INFO:circe.py:runtime_stat:{"task_name": "circe", "event": "new_output_file", "filename": "lccenc8_score8b_7#18912147-7#08713564-7#43137319-7#54800846jobid3.csv", "unix_time": 1620589973.9969392}
DEBUG:transfer.py:sshpass -p PASSWORD scp -P 5000 -o StrictHostKeyChecking=no /jupiter/circe_output/lccenc8_score8b_7#18912147-7#08713564-7#43137319-7#54800846jobid3.csv root@10.101.70.117:/jupiter/circe_input/
DEBUG:transfer.py:transfer successful!
INFO:ccdag_utils.py:runtime_stat:{"task_name": "lccenc8", "event": "queue_end_process", "filename": "lccenc8_score8c_7#18912147-7#08713564-7#43137319-7#54800846jobid3.csv", "unix_time": 1620589974.9820473}
INFO:circe.py:runtime_stat:{"task_name": "circe", "event": "new_output_file", "filename": "lccenc8_score8c_7#18912147-7#08713564-7#43137319-7#54800846jobid3.csv", "unix_time": 1620589974.983132}
DEBUG:transfer.py:sshpass -p PASSWORD scp -P 5000 -o StrictHostKeyChecking=no /jupiter/circe_output/lccenc8_score8c_7#18912147-7#08713564-7#43137319-7#54800846jobid3.csv root@10.105.139.40:/jupiter/circe_input/
DEBUG:transfer.py:transfer successful!
INFO:circe.py:runtime_stat:{"task_name": "circe", "event": "new_input_file", "filename": "storeclass8_lccenc8_72221116imgmongoosejobid23.JPEG", "unix_time": 1620590001.7835193}
INFO:circe.py:runtime_stat:{"task_name": "circe", "event": "new_input_file", "filename": "storeclass8_lccenc8_26442015imgmongoosejobid23.JPEG", "unix_time": 1620590002.0251338}
INFO:circe.py:runtime_stat:{"task_name": "circe", "event": "new_input_file", "filename": "storeclass8_lccenc8_16571191imgmongoosejobid27.JPEG", "unix_time": 1620590152.9103699}
INFO:ccdag_utils.py:runtime_stat:{"task_name": "lccenc8", "event": "queue_start_process", "filename": "storeclass8_lccenc8_92428495imgmongoosejobid22.JPEG", "unix_time": 1620590153.1613958}
INFO:ccdag_utils.py:runtime_stat:{"task_name": "lccenc8", "event": "queue_start_process", "filename": "storeclass8_lccenc8_72221116imgmongoosejobid23.JPEG", "unix_time": 1620590153.16174}
INFO:ccdag_utils.py:runtime_stat:{"task_name": "lccenc8", "event": "queue_start_process", "filename": "storeclass8_lccenc8_26442015imgmongoosejobid23.JPEG", "unix_time": 1620590153.1619108}
INFO:ccdag_utils.py:runtime_stat:{"task_name": "lccenc8", "event": "queue_start_process", "filename": "storeclass8_lccenc8_16571191imgmongoosejobid27.JPEG", "unix_time": 1620590153.1620688}
INFO:ccdag_utils.py:runtime_stat:{"task_name": "lccenc8", "event": "queue_end_process", "filename": "lccenc8_score8a_7#92428495-7#72221116-7#26442015-7#16571191jobid4.csv", "unix_time": 1620590154.3098524}
INFO:circe.py:runtime_stat:{"task_name": "circe", "event": "new_output_file", "filename": "lccenc8_score8a_7#92428495-7#72221116-7#26442015-7#16571191jobid4.csv", "unix_time": 1620590154.310754}
DEBUG:transfer.py:sshpass -p PASSWORD scp -P 5000 -o StrictHostKeyChecking=no /jupiter/circe_output/lccenc8_score8a_7#92428495-7#72221116-7#26442015-7#16571191jobid4.csv root@10.107.3.221:/jupiter/circe_input/
DEBUG:transfer.py:transfer successful!
INFO:ccdag_utils.py:runtime_stat:{"task_name": "lccenc8", "event": "queue_end_process", "filename": "lccenc8_score8b_7#92428495-7#72221116-7#26442015-7#16571191jobid4.csv", "unix_time": 1620590155.2974744}
INFO:circe.py:runtime_stat:{"task_name": "circe", "event": "new_output_file", "filename": "lccenc8_score8b_7#92428495-7#72221116-7#26442015-7#16571191jobid4.csv", "unix_time": 1620590155.33361}
DEBUG:transfer.py:sshpass -p PASSWORD scp -P 5000 -o StrictHostKeyChecking=no /jupiter/circe_output/lccenc8_score8b_7#92428495-7#72221116-7#26442015-7#16571191jobid4.csv root@10.101.70.117:/jupiter/circe_input/
DEBUG:transfer.py:transfer successful!
INFO:ccdag_utils.py:runtime_stat:{"task_name": "lccenc8", "event": "queue_end_process", "filename": "lccenc8_score8c_7#92428495-7#72221116-7#26442015-7#16571191jobid4.csv", "unix_time": 1620590156.2728891}
INFO:circe.py:runtime_stat:{"task_name": "circe", "event": "new_output_file", "filename": "lccenc8_score8c_7#92428495-7#72221116-7#26442015-7#16571191jobid4.csv", "unix_time": 1620590156.27383}
DEBUG:transfer.py:sshpass -p PASSWORD scp -P 5000 -o StrictHostKeyChecking=no /jupiter/circe_output/lccenc8_score8c_7#92428495-7#72221116-7#26442015-7#16571191jobid4.csv root@10.105.139.40:/jupiter/circe_input/
DEBUG:transfer.py:transfer successful!
INFO:circe.py:runtime_stat:{"task_name": "circe", "event": "new_input_file", "filename": "storeclass8_lccenc8_62477834imgmongoosejobid28.JPEG", "unix_time": 1620590192.9581807}
INFO:circe.py:runtime_stat:{"task_name": "circe", "event": "new_input_file", "filename": "storeclass8_lccenc8_78839848imgmongoosejobid33.JPEG", "unix_time": 1620590396.1570735}
