 * Starting OpenBSD Secure Shell server sshd
   ...done.
INFO:circe.py:Using base script score.py
DEBUG:circe.py:starting the input monitoring process
DEBUG:circe.py:starting the output monitoring process
INFO:circe.py:runtime_stat:{"task_name": "circe", "event": "new_input_file", "filename": "lccenc3_score3c_2#23051708-2#49038040-2#48288036-2#22951391jobid1.csv", "unix_time": 1620683408.7182274}
INFO:ccdag_utils.py:runtime_stat:{"task_name": "score3c", "event": "queue_start_process", "filename": "lccenc3_score3c_2#23051708-2#49038040-2#48288036-2#22951391jobid1.csv", "unix_time": 1620683409.5564506}
['whitewolf21.JPEG', 'whitewolf22.JPEG', 'whitewolf23.JPEG', 'whitewolf24.JPEG', 'whitewolf25.JPEG', 'whitewolf26.JPEG', 'whitewolf27.JPEG', 'whitewolf28.JPEG', 'whitewolf29.JPEG', 'whitewolf30.JPEG']
INFO:circe.py:runtime_stat:{"task_name": "circe", "event": "new_output_file", "filename": "score3c_preagg3_1jobth2#23051708-2#49038040-2#48288036-2#22951391", "unix_time": 1620683411.2573178}
DEBUG:transfer.py:sshpass -p PASSWORD scp -P 5000 -o StrictHostKeyChecking=no /jupiter/circe_output/score3c_preagg3_1jobth2#23051708-2#49038040-2#48288036-2#22951391 root@10.109.177.118:/jupiter/circe_input/
INFO:ccdag_utils.py:runtime_stat:{"task_name": "score3c", "event": "queue_end_process", "filename": "score3c_preagg3_1jobth2#23051708-2#49038040-2#48288036-2#22951391", "unix_time": 1620683411.266744}
Warning: Permanently added '[10.109.177.118]:5000' (ECDSA) to the list of known hosts.
DEBUG:transfer.py:transfer successful!
INFO:circe.py:runtime_stat:{"task_name": "circe", "event": "new_input_file", "filename": "lccenc3_score3c_2#81130812-2#84529646-2#30048242-2#18397386jobid2.csv", "unix_time": 1620683422.9449446}
INFO:ccdag_utils.py:runtime_stat:{"task_name": "score3c", "event": "queue_start_process", "filename": "lccenc3_score3c_2#81130812-2#84529646-2#30048242-2#18397386jobid2.csv", "unix_time": 1620683423.280788}
['whitewolf21.JPEG', 'whitewolf22.JPEG', 'whitewolf23.JPEG', 'whitewolf24.JPEG', 'whitewolf25.JPEG', 'whitewolf26.JPEG', 'whitewolf27.JPEG', 'whitewolf28.JPEG', 'whitewolf29.JPEG', 'whitewolf30.JPEG']
INFO:circe.py:runtime_stat:{"task_name": "circe", "event": "new_output_file", "filename": "score3c_preagg3_2jobth2#81130812-2#84529646-2#30048242-2#18397386", "unix_time": 1620683424.7824297}
DEBUG:transfer.py:sshpass -p PASSWORD scp -P 5000 -o StrictHostKeyChecking=no /jupiter/circe_output/score3c_preagg3_2jobth2#81130812-2#84529646-2#30048242-2#18397386 root@10.109.177.118:/jupiter/circe_input/
INFO:ccdag_utils.py:runtime_stat:{"task_name": "score3c", "event": "queue_end_process", "filename": "score3c_preagg3_2jobth2#81130812-2#84529646-2#30048242-2#18397386", "unix_time": 1620683424.7887337}
DEBUG:transfer.py:transfer successful!
INFO:circe.py:runtime_stat:{"task_name": "circe", "event": "new_input_file", "filename": "lccenc3_score3c_2#28965387-2#02202301-2#84295291-2#21961240jobid3.csv", "unix_time": 1620683432.1694896}
INFO:ccdag_utils.py:runtime_stat:{"task_name": "score3c", "event": "queue_start_process", "filename": "lccenc3_score3c_2#28965387-2#02202301-2#84295291-2#21961240jobid3.csv", "unix_time": 1620683432.8003461}
['whitewolf21.JPEG', 'whitewolf22.JPEG', 'whitewolf23.JPEG', 'whitewolf24.JPEG', 'whitewolf25.JPEG', 'whitewolf26.JPEG', 'whitewolf27.JPEG', 'whitewolf28.JPEG', 'whitewolf29.JPEG', 'whitewolf30.JPEG']
INFO:circe.py:runtime_stat:{"task_name": "circe", "event": "new_output_file", "filename": "score3c_preagg3_3jobth2#28965387-2#02202301-2#84295291-2#21961240", "unix_time": 1620683434.3425634}
DEBUG:transfer.py:sshpass -p PASSWORD scp -P 5000 -o StrictHostKeyChecking=no /jupiter/circe_output/score3c_preagg3_3jobth2#28965387-2#02202301-2#84295291-2#21961240 root@10.109.177.118:/jupiter/circe_input/
INFO:ccdag_utils.py:runtime_stat:{"task_name": "score3c", "event": "queue_end_process", "filename": "score3c_preagg3_3jobth2#28965387-2#02202301-2#84295291-2#21961240", "unix_time": 1620683434.3488343}
DEBUG:transfer.py:transfer successful!
INFO:circe.py:runtime_stat:{"task_name": "circe", "event": "new_input_file", "filename": "lccenc3_score3c_2#87628162-2#91434977-2#16372805-2#52111596jobid4.csv", "unix_time": 1620683440.427968}
INFO:ccdag_utils.py:runtime_stat:{"task_name": "score3c", "event": "queue_start_process", "filename": "lccenc3_score3c_2#87628162-2#91434977-2#16372805-2#52111596jobid4.csv", "unix_time": 1620683441.3576255}
['whitewolf21.JPEG', 'whitewolf22.JPEG', 'whitewolf23.JPEG', 'whitewolf24.JPEG', 'whitewolf25.JPEG', 'whitewolf26.JPEG', 'whitewolf27.JPEG', 'whitewolf28.JPEG', 'whitewolf29.JPEG', 'whitewolf30.JPEG']
INFO:circe.py:runtime_stat:{"task_name": "circe", "event": "new_output_file", "filename": "score3c_preagg3_4jobth2#87628162-2#91434977-2#16372805-2#52111596", "unix_time": 1620683442.8962183}
DEBUG:transfer.py:sshpass -p PASSWORD scp -P 5000 -o StrictHostKeyChecking=no /jupiter/circe_output/score3c_preagg3_4jobth2#87628162-2#91434977-2#16372805-2#52111596 root@10.109.177.118:/jupiter/circe_input/
INFO:ccdag_utils.py:runtime_stat:{"task_name": "score3c", "event": "queue_end_process", "filename": "score3c_preagg3_4jobth2#87628162-2#91434977-2#16372805-2#52111596", "unix_time": 1620683442.90201}
DEBUG:transfer.py:transfer successful!
INFO:circe.py:runtime_stat:{"task_name": "circe", "event": "new_input_file", "filename": "lccenc3_score3c_2#86287610-2#68466544-2#30935215-2#32878804jobid5.csv", "unix_time": 1620683452.5218112}
INFO:ccdag_utils.py:runtime_stat:{"task_name": "score3c", "event": "queue_start_process", "filename": "lccenc3_score3c_2#86287610-2#68466544-2#30935215-2#32878804jobid5.csv", "unix_time": 1620683452.914074}
['whitewolf21.JPEG', 'whitewolf22.JPEG', 'whitewolf23.JPEG', 'whitewolf24.JPEG', 'whitewolf25.JPEG', 'whitewolf26.JPEG', 'whitewolf27.JPEG', 'whitewolf28.JPEG', 'whitewolf29.JPEG', 'whitewolf30.JPEG']
INFO:circe.py:runtime_stat:{"task_name": "circe", "event": "new_output_file", "filename": "score3c_preagg3_5jobth2#86287610-2#68466544-2#30935215-2#32878804", "unix_time": 1620683454.4046698}
DEBUG:transfer.py:sshpass -p PASSWORD scp -P 5000 -o StrictHostKeyChecking=no /jupiter/circe_output/score3c_preagg3_5jobth2#86287610-2#68466544-2#30935215-2#32878804 root@10.109.177.118:/jupiter/circe_input/
INFO:ccdag_utils.py:runtime_stat:{"task_name": "score3c", "event": "queue_end_process", "filename": "score3c_preagg3_5jobth2#86287610-2#68466544-2#30935215-2#32878804", "unix_time": 1620683454.410303}
DEBUG:transfer.py:transfer successful!
INFO:circe.py:runtime_stat:{"task_name": "circe", "event": "new_input_file", "filename": "lccenc3_score3c_2#57327425-2#65245590-2#37816212-2#67026445jobid6.csv", "unix_time": 1620683497.6962564}
INFO:ccdag_utils.py:runtime_stat:{"task_name": "score3c", "event": "queue_start_process", "filename": "lccenc3_score3c_2#57327425-2#65245590-2#37816212-2#67026445jobid6.csv", "unix_time": 1620683498.457583}
['whitewolf21.JPEG', 'whitewolf22.JPEG', 'whitewolf23.JPEG', 'whitewolf24.JPEG', 'whitewolf25.JPEG', 'whitewolf26.JPEG', 'whitewolf27.JPEG', 'whitewolf28.JPEG', 'whitewolf29.JPEG', 'whitewolf30.JPEG']
INFO:circe.py:runtime_stat:{"task_name": "circe", "event": "new_output_file", "filename": "score3c_preagg3_6jobth2#57327425-2#65245590-2#37816212-2#67026445", "unix_time": 1620683499.9542332}
DEBUG:transfer.py:sshpass -p PASSWORD scp -P 5000 -o StrictHostKeyChecking=no /jupiter/circe_output/score3c_preagg3_6jobth2#57327425-2#65245590-2#37816212-2#67026445 root@10.109.177.118:/jupiter/circe_input/
INFO:ccdag_utils.py:runtime_stat:{"task_name": "score3c", "event": "queue_end_process", "filename": "score3c_preagg3_6jobth2#57327425-2#65245590-2#37816212-2#67026445", "unix_time": 1620683499.9555216}
DEBUG:transfer.py:transfer successful!
INFO:circe.py:runtime_stat:{"task_name": "circe", "event": "new_input_file", "filename": "lccenc3_score3c_2#02252812-2#00122398-2#32634427-2#62621402jobid7.csv", "unix_time": 1620683521.1104126}
INFO:ccdag_utils.py:runtime_stat:{"task_name": "score3c", "event": "queue_start_process", "filename": "lccenc3_score3c_2#02252812-2#00122398-2#32634427-2#62621402jobid7.csv", "unix_time": 1620683521.9858696}
['whitewolf21.JPEG', 'whitewolf22.JPEG', 'whitewolf23.JPEG', 'whitewolf24.JPEG', 'whitewolf25.JPEG', 'whitewolf26.JPEG', 'whitewolf27.JPEG', 'whitewolf28.JPEG', 'whitewolf29.JPEG', 'whitewolf30.JPEG']
INFO:circe.py:runtime_stat:{"task_name": "circe", "event": "new_output_file", "filename": "score3c_preagg3_7jobth2#02252812-2#00122398-2#32634427-2#62621402", "unix_time": 1620683523.53487}
DEBUG:transfer.py:sshpass -p PASSWORD scp -P 5000 -o StrictHostKeyChecking=no /jupiter/circe_output/score3c_preagg3_7jobth2#02252812-2#00122398-2#32634427-2#62621402 root@10.109.177.118:/jupiter/circe_input/
INFO:ccdag_utils.py:runtime_stat:{"task_name": "score3c", "event": "queue_end_process", "filename": "score3c_preagg3_7jobth2#02252812-2#00122398-2#32634427-2#62621402", "unix_time": 1620683523.5415359}
DEBUG:transfer.py:transfer successful!
INFO:circe.py:runtime_stat:{"task_name": "circe", "event": "new_input_file", "filename": "lccenc3_score3c_2#24088001-2#37707527-2#26294951-2#33580484jobid8.csv", "unix_time": 1620683549.8991857}
INFO:ccdag_utils.py:runtime_stat:{"task_name": "score3c", "event": "queue_start_process", "filename": "lccenc3_score3c_2#24088001-2#37707527-2#26294951-2#33580484jobid8.csv", "unix_time": 1620683550.5721505}
['whitewolf21.JPEG', 'whitewolf22.JPEG', 'whitewolf23.JPEG', 'whitewolf24.JPEG', 'whitewolf25.JPEG', 'whitewolf26.JPEG', 'whitewolf27.JPEG', 'whitewolf28.JPEG', 'whitewolf29.JPEG', 'whitewolf30.JPEG']
INFO:circe.py:runtime_stat:{"task_name": "circe", "event": "new_output_file", "filename": "score3c_preagg3_8jobth2#24088001-2#37707527-2#26294951-2#33580484", "unix_time": 1620683552.0635464}
DEBUG:transfer.py:sshpass -p PASSWORD scp -P 5000 -o StrictHostKeyChecking=no /jupiter/circe_output/score3c_preagg3_8jobth2#24088001-2#37707527-2#26294951-2#33580484 root@10.109.177.118:/jupiter/circe_input/
INFO:ccdag_utils.py:runtime_stat:{"task_name": "score3c", "event": "queue_end_process", "filename": "score3c_preagg3_8jobth2#24088001-2#37707527-2#26294951-2#33580484", "unix_time": 1620683552.0699112}
DEBUG:transfer.py:transfer successful!
INFO:circe.py:runtime_stat:{"task_name": "circe", "event": "new_input_file", "filename": "lccenc3_score3c_2#36510429-2#69374321-2#79125190-2#78443961jobid9.csv", "unix_time": 1620683553.0790968}
INFO:ccdag_utils.py:runtime_stat:{"task_name": "score3c", "event": "queue_start_process", "filename": "lccenc3_score3c_2#36510429-2#69374321-2#79125190-2#78443961jobid9.csv", "unix_time": 1620683554.073668}
['whitewolf21.JPEG', 'whitewolf22.JPEG', 'whitewolf23.JPEG', 'whitewolf24.JPEG', 'whitewolf25.JPEG', 'whitewolf26.JPEG', 'whitewolf27.JPEG', 'whitewolf28.JPEG', 'whitewolf29.JPEG', 'whitewolf30.JPEG']
INFO:circe.py:runtime_stat:{"task_name": "circe", "event": "new_output_file", "filename": "score3c_preagg3_9jobth2#36510429-2#69374321-2#79125190-2#78443961", "unix_time": 1620683555.583347}
DEBUG:transfer.py:sshpass -p PASSWORD scp -P 5000 -o StrictHostKeyChecking=no /jupiter/circe_output/score3c_preagg3_9jobth2#36510429-2#69374321-2#79125190-2#78443961 root@10.109.177.118:/jupiter/circe_input/
INFO:ccdag_utils.py:runtime_stat:{"task_name": "score3c", "event": "queue_end_process", "filename": "score3c_preagg3_9jobth2#36510429-2#69374321-2#79125190-2#78443961", "unix_time": 1620683555.5914316}
DEBUG:transfer.py:transfer successful!
INFO:circe.py:runtime_stat:{"task_name": "circe", "event": "new_input_file", "filename": "lccenc3_score3c_2#33958663-2#85187926-2#24016653-2#21478449jobid10.csv", "unix_time": 1620683556.2208722}
INFO:ccdag_utils.py:runtime_stat:{"task_name": "score3c", "event": "queue_start_process", "filename": "lccenc3_score3c_2#33958663-2#85187926-2#24016653-2#21478449jobid10.csv", "unix_time": 1620683556.5945694}
['whitewolf21.JPEG', 'whitewolf22.JPEG', 'whitewolf23.JPEG', 'whitewolf24.JPEG', 'whitewolf25.JPEG', 'whitewolf26.JPEG', 'whitewolf27.JPEG', 'whitewolf28.JPEG', 'whitewolf29.JPEG', 'whitewolf30.JPEG']
INFO:circe.py:runtime_stat:{"task_name": "circe", "event": "new_output_file", "filename": "score3c_preagg3_10jobth2#33958663-2#85187926-2#24016653-2#21478449", "unix_time": 1620683558.076348}
DEBUG:transfer.py:sshpass -p PASSWORD scp -P 5000 -o StrictHostKeyChecking=no /jupiter/circe_output/score3c_preagg3_10jobth2#33958663-2#85187926-2#24016653-2#21478449 root@10.109.177.118:/jupiter/circe_input/
INFO:ccdag_utils.py:runtime_stat:{"task_name": "score3c", "event": "queue_end_process", "filename": "score3c_preagg3_10jobth2#33958663-2#85187926-2#24016653-2#21478449", "unix_time": 1620683558.0774088}
DEBUG:transfer.py:transfer successful!
