 * Starting OpenBSD Secure Shell server sshd
   ...done.
INFO:circe.py:Using base script preagg.py
DEBUG:circe.py:starting the input monitoring process
DEBUG:circe.py:starting the output monitoring process
1
INFO:circe.py:runtime_stat:{"task_name": "circe", "event": "new_input_file", "filename": "score1b_preagg1_1jobth0#28918472-0#54442715-0#86601845-0#69136477", "unix_time": 1620686539.1550128}
INFO:circe.py:runtime_stat:{"task_name": "circe", "event": "new_input_file", "filename": "score1c_preagg1_1jobth0#28918472-0#54442715-0#86601845-0#69136477", "unix_time": 1620686539.1702747}
INFO:ccdag_utils.py:runtime_stat:{"task_name": "preagg1", "event": "queue_start_process", "filename": "score1b_preagg1_1jobth0#28918472-0#54442715-0#86601845-0#69136477", "unix_time": 1620686539.767604}
INFO:ccdag_utils.py:runtime_stat:{"task_name": "preagg1", "event": "queue_start_process", "filename": "score1c_preagg1_1jobth0#28918472-0#54442715-0#86601845-0#69136477", "unix_time": 1620686539.8369787}
preagg1_lccdec1_1jobthscore1a0#28918472-0#54442715-0#86601845-0#69136477
INFO:circe.py:runtime_stat:{"task_name": "circe", "event": "new_output_file", "filename": "preagg1_lccdec1_1jobthscore1a0#28918472-0#54442715-0#86601845-0#69136477", "unix_time": 1620686539.9059443}
DEBUG:transfer.py:sshpass -p PASSWORD scp -P 5000 -o StrictHostKeyChecking=no /jupiter/circe_output/preagg1_lccdec1_1jobthscore1a0#28918472-0#54442715-0#86601845-0#69136477 root@10.105.184.3:/jupiter/circe_input/
INFO:ccdag_utils.py:runtime_stat:{"task_name": "preagg1", "event": "queue_end_process", "filename": "preagg1_lccdec1_1jobthscore1a0#28918472-0#54442715-0#86601845-0#69136477", "unix_time": 1620686539.9143994}
preagg1_lccdec1_1jobthscore1b0#28918472-0#54442715-0#86601845-0#69136477
INFO:ccdag_utils.py:runtime_stat:{"task_name": "preagg1", "event": "queue_end_process", "filename": "preagg1_lccdec1_1jobthscore1b0#28918472-0#54442715-0#86601845-0#69136477", "unix_time": 1620686539.9221582}
Warning: Permanently added '[10.105.184.3]:5000' (ECDSA) to the list of known hosts.
DEBUG:transfer.py:transfer successful!
INFO:circe.py:runtime_stat:{"task_name": "circe", "event": "new_output_file", "filename": "preagg1_lccdec1_1jobthscore1b0#28918472-0#54442715-0#86601845-0#69136477", "unix_time": 1620686540.1643713}
DEBUG:transfer.py:sshpass -p PASSWORD scp -P 5000 -o StrictHostKeyChecking=no /jupiter/circe_output/preagg1_lccdec1_1jobthscore1b0#28918472-0#54442715-0#86601845-0#69136477 root@10.105.184.3:/jupiter/circe_input/
DEBUG:transfer.py:transfer successful!
INFO:circe.py:runtime_stat:{"task_name": "circe", "event": "new_input_file", "filename": "score1b_preagg1_2jobth0#90678799-0#13075669-0#96884923-0#23969526", "unix_time": 1620686542.0017314}
INFO:ccdag_utils.py:runtime_stat:{"task_name": "preagg1", "event": "queue_start_process", "filename": "score1b_preagg1_2jobth0#90678799-0#13075669-0#96884923-0#23969526", "unix_time": 1620686542.9271777}
INFO:circe.py:runtime_stat:{"task_name": "circe", "event": "new_input_file", "filename": "score1c_preagg1_2jobth0#90678799-0#13075669-0#96884923-0#23969526", "unix_time": 1620686543.6791635}
INFO:ccdag_utils.py:runtime_stat:{"task_name": "preagg1", "event": "queue_start_process", "filename": "score1c_preagg1_2jobth0#90678799-0#13075669-0#96884923-0#23969526", "unix_time": 1620686544.0227396}
preagg1_lccdec1_2jobthscore1a0#90678799-0#13075669-0#96884923-0#23969526
INFO:circe.py:runtime_stat:{"task_name": "circe", "event": "new_output_file", "filename": "preagg1_lccdec1_2jobthscore1a0#90678799-0#13075669-0#96884923-0#23969526", "unix_time": 1620686544.0867765}
DEBUG:transfer.py:sshpass -p PASSWORD scp -P 5000 -o StrictHostKeyChecking=no /jupiter/circe_output/preagg1_lccdec1_2jobthscore1a0#90678799-0#13075669-0#96884923-0#23969526 root@10.105.184.3:/jupiter/circe_input/
INFO:ccdag_utils.py:runtime_stat:{"task_name": "preagg1", "event": "queue_end_process", "filename": "preagg1_lccdec1_2jobthscore1a0#90678799-0#13075669-0#96884923-0#23969526", "unix_time": 1620686544.0916016}
preagg1_lccdec1_2jobthscore1b0#90678799-0#13075669-0#96884923-0#23969526
INFO:ccdag_utils.py:runtime_stat:{"task_name": "preagg1", "event": "queue_end_process", "filename": "preagg1_lccdec1_2jobthscore1b0#90678799-0#13075669-0#96884923-0#23969526", "unix_time": 1620686544.0981793}
DEBUG:transfer.py:transfer successful!
INFO:circe.py:runtime_stat:{"task_name": "circe", "event": "new_output_file", "filename": "preagg1_lccdec1_2jobthscore1b0#90678799-0#13075669-0#96884923-0#23969526", "unix_time": 1620686544.296233}
DEBUG:transfer.py:sshpass -p PASSWORD scp -P 5000 -o StrictHostKeyChecking=no /jupiter/circe_output/preagg1_lccdec1_2jobthscore1b0#90678799-0#13075669-0#96884923-0#23969526 root@10.105.184.3:/jupiter/circe_input/
DEBUG:transfer.py:transfer successful!
INFO:circe.py:runtime_stat:{"task_name": "circe", "event": "new_input_file", "filename": "score1a_preagg1_1jobth0#28918472-0#54442715-0#86601845-0#69136477", "unix_time": 1620686548.0299711}
INFO:ccdag_utils.py:runtime_stat:{"task_name": "preagg1", "event": "queue_start_process", "filename": "score1a_preagg1_1jobth0#28918472-0#54442715-0#86601845-0#69136477", "unix_time": 1620686548.1028562}
INFO:circe.py:runtime_stat:{"task_name": "circe", "event": "new_input_file", "filename": "score1b_preagg1_3jobth0#81874433-0#30189241-0#57930076-0#62275522", "unix_time": 1620686548.853304}
INFO:ccdag_utils.py:runtime_stat:{"task_name": "preagg1", "event": "queue_start_process", "filename": "score1b_preagg1_3jobth0#81874433-0#30189241-0#57930076-0#62275522", "unix_time": 1620686549.1674051}
INFO:circe.py:runtime_stat:{"task_name": "circe", "event": "new_input_file", "filename": "score1c_preagg1_3jobth0#81874433-0#30189241-0#57930076-0#62275522", "unix_time": 1620686549.4775157}
INFO:ccdag_utils.py:runtime_stat:{"task_name": "preagg1", "event": "queue_start_process", "filename": "score1c_preagg1_3jobth0#81874433-0#30189241-0#57930076-0#62275522", "unix_time": 1620686550.2307384}
preagg1_lccdec1_3jobthscore1a0#81874433-0#30189241-0#57930076-0#62275522
INFO:circe.py:runtime_stat:{"task_name": "circe", "event": "new_output_file", "filename": "preagg1_lccdec1_3jobthscore1a0#81874433-0#30189241-0#57930076-0#62275522", "unix_time": 1620686550.2931738}
DEBUG:transfer.py:sshpass -p PASSWORD scp -P 5000 -o StrictHostKeyChecking=no /jupiter/circe_output/preagg1_lccdec1_3jobthscore1a0#81874433-0#30189241-0#57930076-0#62275522 root@10.105.184.3:/jupiter/circe_input/
INFO:ccdag_utils.py:runtime_stat:{"task_name": "preagg1", "event": "queue_end_process", "filename": "preagg1_lccdec1_3jobthscore1a0#81874433-0#30189241-0#57930076-0#62275522", "unix_time": 1620686550.2978067}
preagg1_lccdec1_3jobthscore1b0#81874433-0#30189241-0#57930076-0#62275522
INFO:ccdag_utils.py:runtime_stat:{"task_name": "preagg1", "event": "queue_end_process", "filename": "preagg1_lccdec1_3jobthscore1b0#81874433-0#30189241-0#57930076-0#62275522", "unix_time": 1620686550.3047273}
DEBUG:transfer.py:transfer successful!
INFO:circe.py:runtime_stat:{"task_name": "circe", "event": "new_output_file", "filename": "preagg1_lccdec1_3jobthscore1b0#81874433-0#30189241-0#57930076-0#62275522", "unix_time": 1620686550.5010862}
DEBUG:transfer.py:sshpass -p PASSWORD scp -P 5000 -o StrictHostKeyChecking=no /jupiter/circe_output/preagg1_lccdec1_3jobthscore1b0#81874433-0#30189241-0#57930076-0#62275522 root@10.105.184.3:/jupiter/circe_input/
DEBUG:transfer.py:transfer successful!
INFO:circe.py:runtime_stat:{"task_name": "circe", "event": "new_input_file", "filename": "score1b_preagg1_4jobth0#39423175-0#66857518-0#08634002-0#93045944", "unix_time": 1620686551.6580343}
INFO:ccdag_utils.py:runtime_stat:{"task_name": "preagg1", "event": "queue_start_process", "filename": "score1b_preagg1_4jobth0#39423175-0#66857518-0#08634002-0#93045944", "unix_time": 1620686552.3073392}
INFO:circe.py:runtime_stat:{"task_name": "circe", "event": "new_input_file", "filename": "score1c_preagg1_4jobth0#39423175-0#66857518-0#08634002-0#93045944", "unix_time": 1620686553.2459462}
INFO:ccdag_utils.py:runtime_stat:{"task_name": "preagg1", "event": "queue_start_process", "filename": "score1c_preagg1_4jobth0#39423175-0#66857518-0#08634002-0#93045944", "unix_time": 1620686553.3714051}
preagg1_lccdec1_4jobthscore1a0#39423175-0#66857518-0#08634002-0#93045944
INFO:circe.py:runtime_stat:{"task_name": "circe", "event": "new_output_file", "filename": "preagg1_lccdec1_4jobthscore1a0#39423175-0#66857518-0#08634002-0#93045944", "unix_time": 1620686553.432559}
DEBUG:transfer.py:sshpass -p PASSWORD scp -P 5000 -o StrictHostKeyChecking=no /jupiter/circe_output/preagg1_lccdec1_4jobthscore1a0#39423175-0#66857518-0#08634002-0#93045944 root@10.105.184.3:/jupiter/circe_input/
INFO:ccdag_utils.py:runtime_stat:{"task_name": "preagg1", "event": "queue_end_process", "filename": "preagg1_lccdec1_4jobthscore1a0#39423175-0#66857518-0#08634002-0#93045944", "unix_time": 1620686553.4385936}
preagg1_lccdec1_4jobthscore1b0#39423175-0#66857518-0#08634002-0#93045944
INFO:ccdag_utils.py:runtime_stat:{"task_name": "preagg1", "event": "queue_end_process", "filename": "preagg1_lccdec1_4jobthscore1b0#39423175-0#66857518-0#08634002-0#93045944", "unix_time": 1620686553.444263}
DEBUG:transfer.py:transfer successful!
INFO:circe.py:runtime_stat:{"task_name": "circe", "event": "new_output_file", "filename": "preagg1_lccdec1_4jobthscore1b0#39423175-0#66857518-0#08634002-0#93045944", "unix_time": 1620686553.6376007}
DEBUG:transfer.py:sshpass -p PASSWORD scp -P 5000 -o StrictHostKeyChecking=no /jupiter/circe_output/preagg1_lccdec1_4jobthscore1b0#39423175-0#66857518-0#08634002-0#93045944 root@10.105.184.3:/jupiter/circe_input/
DEBUG:transfer.py:transfer successful!
INFO:circe.py:runtime_stat:{"task_name": "circe", "event": "new_input_file", "filename": "score1a_preagg1_2jobth0#90678799-0#13075669-0#96884923-0#23969526", "unix_time": 1620686565.5288622}
INFO:ccdag_utils.py:runtime_stat:{"task_name": "preagg1", "event": "queue_start_process", "filename": "score1a_preagg1_2jobth0#90678799-0#13075669-0#96884923-0#23969526", "unix_time": 1620686566.4604669}
INFO:circe.py:runtime_stat:{"task_name": "circe", "event": "new_input_file", "filename": "score1b_preagg1_5jobth0#99571220-0#20067291-0#11670993-0#97116813", "unix_time": 1620686569.5205908}
INFO:ccdag_utils.py:runtime_stat:{"task_name": "preagg1", "event": "queue_start_process", "filename": "score1b_preagg1_5jobth0#99571220-0#20067291-0#11670993-0#97116813", "unix_time": 1620686569.5256789}
INFO:circe.py:runtime_stat:{"task_name": "circe", "event": "new_input_file", "filename": "score1c_preagg1_5jobth0#99571220-0#20067291-0#11670993-0#97116813", "unix_time": 1620686570.0909863}
INFO:ccdag_utils.py:runtime_stat:{"task_name": "preagg1", "event": "queue_start_process", "filename": "score1c_preagg1_5jobth0#99571220-0#20067291-0#11670993-0#97116813", "unix_time": 1620686570.5877035}
preagg1_lccdec1_5jobthscore1a0#99571220-0#20067291-0#11670993-0#97116813
INFO:circe.py:runtime_stat:{"task_name": "circe", "event": "new_output_file", "filename": "preagg1_lccdec1_5jobthscore1a0#99571220-0#20067291-0#11670993-0#97116813", "unix_time": 1620686570.6553485}
DEBUG:transfer.py:sshpass -p PASSWORD scp -P 5000 -o StrictHostKeyChecking=no /jupiter/circe_output/preagg1_lccdec1_5jobthscore1a0#99571220-0#20067291-0#11670993-0#97116813 root@10.105.184.3:/jupiter/circe_input/
INFO:ccdag_utils.py:runtime_stat:{"task_name": "preagg1", "event": "queue_end_process", "filename": "preagg1_lccdec1_5jobthscore1a0#99571220-0#20067291-0#11670993-0#97116813", "unix_time": 1620686570.6600626}
preagg1_lccdec1_5jobthscore1b0#99571220-0#20067291-0#11670993-0#97116813
INFO:ccdag_utils.py:runtime_stat:{"task_name": "preagg1", "event": "queue_end_process", "filename": "preagg1_lccdec1_5jobthscore1b0#99571220-0#20067291-0#11670993-0#97116813", "unix_time": 1620686570.6670415}
DEBUG:transfer.py:transfer successful!
INFO:circe.py:runtime_stat:{"task_name": "circe", "event": "new_output_file", "filename": "preagg1_lccdec1_5jobthscore1b0#99571220-0#20067291-0#11670993-0#97116813", "unix_time": 1620686570.8839524}
DEBUG:transfer.py:sshpass -p PASSWORD scp -P 5000 -o StrictHostKeyChecking=no /jupiter/circe_output/preagg1_lccdec1_5jobthscore1b0#99571220-0#20067291-0#11670993-0#97116813 root@10.105.184.3:/jupiter/circe_input/
DEBUG:transfer.py:transfer successful!
INFO:circe.py:runtime_stat:{"task_name": "circe", "event": "new_input_file", "filename": "score1a_preagg1_3jobth0#81874433-0#30189241-0#57930076-0#62275522", "unix_time": 1620686577.3561776}
INFO:ccdag_utils.py:runtime_stat:{"task_name": "preagg1", "event": "queue_start_process", "filename": "score1a_preagg1_3jobth0#81874433-0#30189241-0#57930076-0#62275522", "unix_time": 1620686577.6753466}
INFO:circe.py:runtime_stat:{"task_name": "circe", "event": "new_input_file", "filename": "score1a_preagg1_4jobth0#39423175-0#66857518-0#08634002-0#93045944", "unix_time": 1620686589.2481854}
INFO:ccdag_utils.py:runtime_stat:{"task_name": "preagg1", "event": "queue_start_process", "filename": "score1a_preagg1_4jobth0#39423175-0#66857518-0#08634002-0#93045944", "unix_time": 1620686589.7513843}
INFO:circe.py:runtime_stat:{"task_name": "circe", "event": "new_input_file", "filename": "score1a_preagg1_5jobth0#99571220-0#20067291-0#11670993-0#97116813", "unix_time": 1620686601.1500185}
INFO:ccdag_utils.py:runtime_stat:{"task_name": "preagg1", "event": "queue_start_process", "filename": "score1a_preagg1_5jobth0#99571220-0#20067291-0#11670993-0#97116813", "unix_time": 1620686601.8266652}
INFO:circe.py:runtime_stat:{"task_name": "circe", "event": "new_input_file", "filename": "score1b_preagg1_6jobth0#55697092-0#88995194-0#80648845-1#74627703", "unix_time": 1620686817.5615678}
INFO:ccdag_utils.py:runtime_stat:{"task_name": "preagg1", "event": "queue_start_process", "filename": "score1b_preagg1_6jobth0#55697092-0#88995194-0#80648845-1#74627703", "unix_time": 1620686818.1085916}
INFO:circe.py:runtime_stat:{"task_name": "circe", "event": "new_input_file", "filename": "score1c_preagg1_6jobth0#55697092-0#88995194-0#80648845-1#74627703", "unix_time": 1620686819.1351225}
INFO:ccdag_utils.py:runtime_stat:{"task_name": "preagg1", "event": "queue_start_process", "filename": "score1c_preagg1_6jobth0#55697092-0#88995194-0#80648845-1#74627703", "unix_time": 1620686819.1732051}
preagg1_lccdec1_6jobthscore1a0#55697092-0#88995194-0#80648845-1#74627703
INFO:circe.py:runtime_stat:{"task_name": "circe", "event": "new_output_file", "filename": "preagg1_lccdec1_6jobthscore1a0#55697092-0#88995194-0#80648845-1#74627703", "unix_time": 1620686819.2422495}
DEBUG:transfer.py:sshpass -p PASSWORD scp -P 5000 -o StrictHostKeyChecking=no /jupiter/circe_output/preagg1_lccdec1_6jobthscore1a0#55697092-0#88995194-0#80648845-1#74627703 root@10.105.184.3:/jupiter/circe_input/
INFO:ccdag_utils.py:runtime_stat:{"task_name": "preagg1", "event": "queue_end_process", "filename": "preagg1_lccdec1_6jobthscore1a0#55697092-0#88995194-0#80648845-1#74627703", "unix_time": 1620686819.2475107}
preagg1_lccdec1_6jobthscore1b0#55697092-0#88995194-0#80648845-1#74627703
INFO:ccdag_utils.py:runtime_stat:{"task_name": "preagg1", "event": "queue_end_process", "filename": "preagg1_lccdec1_6jobthscore1b0#55697092-0#88995194-0#80648845-1#74627703", "unix_time": 1620686819.2545714}
DEBUG:transfer.py:transfer successful!
INFO:circe.py:runtime_stat:{"task_name": "circe", "event": "new_output_file", "filename": "preagg1_lccdec1_6jobthscore1b0#55697092-0#88995194-0#80648845-1#74627703", "unix_time": 1620686819.4643395}
DEBUG:transfer.py:sshpass -p PASSWORD scp -P 5000 -o StrictHostKeyChecking=no /jupiter/circe_output/preagg1_lccdec1_6jobthscore1b0#55697092-0#88995194-0#80648845-1#74627703 root@10.105.184.3:/jupiter/circe_input/
DEBUG:transfer.py:transfer successful!
INFO:circe.py:runtime_stat:{"task_name": "circe", "event": "new_input_file", "filename": "score1a_preagg1_6jobth0#55697092-0#88995194-0#80648845-1#74627703", "unix_time": 1620686827.1631162}
INFO:ccdag_utils.py:runtime_stat:{"task_name": "preagg1", "event": "queue_start_process", "filename": "score1a_preagg1_6jobth0#55697092-0#88995194-0#80648845-1#74627703", "unix_time": 1620686827.2633567}
