 * Starting OpenBSD Secure Shell server sshd
   ...done.
INFO:circe.py:Using base script preagg.py
DEBUG:circe.py:starting the input monitoring process
DEBUG:circe.py:starting the output monitoring process
5
INFO:circe.py:runtime_stat:{"task_name": "circe", "event": "new_input_file", "filename": "score5b_preagg5_1jobth4#30900939-4#45462657-4#82684842-4#51982007", "unix_time": 1620589580.797667}
INFO:ccdag_utils.py:runtime_stat:{"task_name": "preagg5", "event": "queue_start_process", "filename": "score5b_preagg5_1jobth4#30900939-4#45462657-4#82684842-4#51982007", "unix_time": 1620589580.9275954}
INFO:circe.py:runtime_stat:{"task_name": "circe", "event": "new_input_file", "filename": "score5c_preagg5_1jobth4#30900939-4#45462657-4#82684842-4#51982007", "unix_time": 1620589581.0527298}
INFO:ccdag_utils.py:runtime_stat:{"task_name": "preagg5", "event": "queue_start_process", "filename": "score5c_preagg5_1jobth4#30900939-4#45462657-4#82684842-4#51982007", "unix_time": 1620589582.0004654}
preagg5_lccdec5_1jobthscore5a4#30900939-4#45462657-4#82684842-4#51982007
INFO:circe.py:runtime_stat:{"task_name": "circe", "event": "new_output_file", "filename": "preagg5_lccdec5_1jobthscore5a4#30900939-4#45462657-4#82684842-4#51982007", "unix_time": 1620589582.0793858}
DEBUG:transfer.py:sshpass -p PASSWORD scp -P 5000 -o StrictHostKeyChecking=no /jupiter/circe_output/preagg5_lccdec5_1jobthscore5a4#30900939-4#45462657-4#82684842-4#51982007 root@10.103.221.162:/jupiter/circe_input/
INFO:ccdag_utils.py:runtime_stat:{"task_name": "preagg5", "event": "queue_end_process", "filename": "preagg5_lccdec5_1jobthscore5a4#30900939-4#45462657-4#82684842-4#51982007", "unix_time": 1620589582.080841}
preagg5_lccdec5_1jobthscore5b4#30900939-4#45462657-4#82684842-4#51982007
INFO:ccdag_utils.py:runtime_stat:{"task_name": "preagg5", "event": "queue_end_process", "filename": "preagg5_lccdec5_1jobthscore5b4#30900939-4#45462657-4#82684842-4#51982007", "unix_time": 1620589582.0917327}
Warning: Permanently added '[10.103.221.162]:5000' (ECDSA) to the list of known hosts.
DEBUG:transfer.py:transfer successful!
INFO:circe.py:runtime_stat:{"task_name": "circe", "event": "new_output_file", "filename": "preagg5_lccdec5_1jobthscore5b4#30900939-4#45462657-4#82684842-4#51982007", "unix_time": 1620589582.2956638}
DEBUG:transfer.py:sshpass -p PASSWORD scp -P 5000 -o StrictHostKeyChecking=no /jupiter/circe_output/preagg5_lccdec5_1jobthscore5b4#30900939-4#45462657-4#82684842-4#51982007 root@10.103.221.162:/jupiter/circe_input/
DEBUG:transfer.py:transfer successful!
INFO:circe.py:runtime_stat:{"task_name": "circe", "event": "new_input_file", "filename": "score5a_preagg5_1jobth4#30900939-4#45462657-4#82684842-4#51982007", "unix_time": 1620589589.4892545}
INFO:ccdag_utils.py:runtime_stat:{"task_name": "preagg5", "event": "queue_start_process", "filename": "score5a_preagg5_1jobth4#30900939-4#45462657-4#82684842-4#51982007", "unix_time": 1620589590.1035903}
INFO:circe.py:runtime_stat:{"task_name": "circe", "event": "new_input_file", "filename": "score5b_preagg5_2jobth4#47702034-4#11414651-4#98998021-4#37160073", "unix_time": 1620590158.8777726}
INFO:ccdag_utils.py:runtime_stat:{"task_name": "preagg5", "event": "queue_start_process", "filename": "score5b_preagg5_2jobth4#47702034-4#11414651-4#98998021-4#37160073", "unix_time": 1620590159.7913918}
INFO:circe.py:runtime_stat:{"task_name": "circe", "event": "new_input_file", "filename": "score5c_preagg5_2jobth4#47702034-4#11414651-4#98998021-4#37160073", "unix_time": 1620590159.9986274}
INFO:ccdag_utils.py:runtime_stat:{"task_name": "preagg5", "event": "queue_start_process", "filename": "score5c_preagg5_2jobth4#47702034-4#11414651-4#98998021-4#37160073", "unix_time": 1620590160.858166}
preagg5_lccdec5_2jobthscore5a4#47702034-4#11414651-4#98998021-4#37160073
INFO:circe.py:runtime_stat:{"task_name": "circe", "event": "new_output_file", "filename": "preagg5_lccdec5_2jobthscore5a4#47702034-4#11414651-4#98998021-4#37160073", "unix_time": 1620590160.9216125}
DEBUG:transfer.py:sshpass -p PASSWORD scp -P 5000 -o StrictHostKeyChecking=no /jupiter/circe_output/preagg5_lccdec5_2jobthscore5a4#47702034-4#11414651-4#98998021-4#37160073 root@10.103.221.162:/jupiter/circe_input/
INFO:ccdag_utils.py:runtime_stat:{"task_name": "preagg5", "event": "queue_end_process", "filename": "preagg5_lccdec5_2jobthscore5a4#47702034-4#11414651-4#98998021-4#37160073", "unix_time": 1620590160.9278436}
preagg5_lccdec5_2jobthscore5b4#47702034-4#11414651-4#98998021-4#37160073
INFO:ccdag_utils.py:runtime_stat:{"task_name": "preagg5", "event": "queue_end_process", "filename": "preagg5_lccdec5_2jobthscore5b4#47702034-4#11414651-4#98998021-4#37160073", "unix_time": 1620590160.9339333}
DEBUG:transfer.py:transfer successful!
INFO:circe.py:runtime_stat:{"task_name": "circe", "event": "new_output_file", "filename": "preagg5_lccdec5_2jobthscore5b4#47702034-4#11414651-4#98998021-4#37160073", "unix_time": 1620590161.1365151}
DEBUG:transfer.py:sshpass -p PASSWORD scp -P 5000 -o StrictHostKeyChecking=no /jupiter/circe_output/preagg5_lccdec5_2jobthscore5b4#47702034-4#11414651-4#98998021-4#37160073 root@10.103.221.162:/jupiter/circe_input/
DEBUG:transfer.py:transfer successful!
INFO:circe.py:runtime_stat:{"task_name": "circe", "event": "new_input_file", "filename": "score5a_preagg5_2jobth4#47702034-4#11414651-4#98998021-4#37160073", "unix_time": 1620590167.631346}
INFO:ccdag_utils.py:runtime_stat:{"task_name": "preagg5", "event": "queue_start_process", "filename": "score5a_preagg5_2jobth4#47702034-4#11414651-4#98998021-4#37160073", "unix_time": 1620590167.9435503}
