 * Starting OpenBSD Secure Shell server sshd
   ...done.
INFO:circe.py:Using base script score.py
DEBUG:circe.py:starting the input monitoring process
DEBUG:circe.py:starting the output monitoring process
INFO:circe.py:runtime_stat:{"task_name": "circe", "event": "new_input_file", "filename": "lccenc2_score2b_1#47954312-1#22143734-1#31516419-1#71026948jobid1.csv", "unix_time": 1620686828.7128134}
INFO:ccdag_utils.py:runtime_stat:{"task_name": "score2b", "event": "queue_start_process", "filename": "lccenc2_score2b_1#47954312-1#22143734-1#31516419-1#71026948jobid1.csv", "unix_time": 1620686829.5187275}
['schoolbus21.JPEG', 'schoolbus22.JPEG', 'schoolbus23.JPEG', 'schoolbus24.JPEG', 'schoolbus25.JPEG', 'schoolbus26.JPEG', 'schoolbus27.JPEG', 'schoolbus28.JPEG', 'schoolbus29.JPEG', 'schoolbus30.JPEG']
INFO:circe.py:runtime_stat:{"task_name": "circe", "event": "new_output_file", "filename": "score2b_preagg2_1jobth1#47954312-1#22143734-1#31516419-1#71026948", "unix_time": 1620686831.4099667}
DEBUG:transfer.py:sshpass -p PASSWORD scp -P 5000 -o StrictHostKeyChecking=no /jupiter/circe_output/score2b_preagg2_1jobth1#47954312-1#22143734-1#31516419-1#71026948 root@10.111.105.79:/jupiter/circe_input/
INFO:ccdag_utils.py:runtime_stat:{"task_name": "score2b", "event": "queue_end_process", "filename": "score2b_preagg2_1jobth1#47954312-1#22143734-1#31516419-1#71026948", "unix_time": 1620686831.418578}
Warning: Permanently added '[10.111.105.79]:5000' (ECDSA) to the list of known hosts.
DEBUG:transfer.py:transfer successful!
INFO:circe.py:runtime_stat:{"task_name": "circe", "event": "new_input_file", "filename": "lccenc2_score2b_1#91579101-1#37898018-1#20579036-1#92463338jobid2.csv", "unix_time": 1620686832.4982066}
INFO:ccdag_utils.py:runtime_stat:{"task_name": "score2b", "event": "queue_start_process", "filename": "lccenc2_score2b_1#91579101-1#37898018-1#20579036-1#92463338jobid2.csv", "unix_time": 1620686833.4222014}
['schoolbus21.JPEG', 'schoolbus22.JPEG', 'schoolbus23.JPEG', 'schoolbus24.JPEG', 'schoolbus25.JPEG', 'schoolbus26.JPEG', 'schoolbus27.JPEG', 'schoolbus28.JPEG', 'schoolbus29.JPEG', 'schoolbus30.JPEG']
INFO:circe.py:runtime_stat:{"task_name": "circe", "event": "new_output_file", "filename": "score2b_preagg2_2jobth1#91579101-1#37898018-1#20579036-1#92463338", "unix_time": 1620686834.9227374}
DEBUG:transfer.py:sshpass -p PASSWORD scp -P 5000 -o StrictHostKeyChecking=no /jupiter/circe_output/score2b_preagg2_2jobth1#91579101-1#37898018-1#20579036-1#92463338 root@10.111.105.79:/jupiter/circe_input/
INFO:ccdag_utils.py:runtime_stat:{"task_name": "score2b", "event": "queue_end_process", "filename": "score2b_preagg2_2jobth1#91579101-1#37898018-1#20579036-1#92463338", "unix_time": 1620686834.9286993}
DEBUG:transfer.py:transfer successful!
INFO:circe.py:runtime_stat:{"task_name": "circe", "event": "new_input_file", "filename": "lccenc2_score2b_1#75370273-1#71383749-1#76747416-1#51480615jobid3.csv", "unix_time": 1620686839.394419}
INFO:ccdag_utils.py:runtime_stat:{"task_name": "score2b", "event": "queue_start_process", "filename": "lccenc2_score2b_1#75370273-1#71383749-1#76747416-1#51480615jobid3.csv", "unix_time": 1620686839.936469}
['schoolbus21.JPEG', 'schoolbus22.JPEG', 'schoolbus23.JPEG', 'schoolbus24.JPEG', 'schoolbus25.JPEG', 'schoolbus26.JPEG', 'schoolbus27.JPEG', 'schoolbus28.JPEG', 'schoolbus29.JPEG', 'schoolbus30.JPEG']
INFO:ccdag_utils.py:runtime_stat:{"task_name": "score2b", "event": "queue_end_process", "filename": "score2b_preagg2_3jobth1#75370273-1#71383749-1#76747416-1#51480615", "unix_time": 1620686841.4647083}
INFO:circe.py:runtime_stat:{"task_name": "circe", "event": "new_output_file", "filename": "score2b_preagg2_3jobth1#75370273-1#71383749-1#76747416-1#51480615", "unix_time": 1620686841.4663863}
DEBUG:transfer.py:sshpass -p PASSWORD scp -P 5000 -o StrictHostKeyChecking=no /jupiter/circe_output/score2b_preagg2_3jobth1#75370273-1#71383749-1#76747416-1#51480615 root@10.111.105.79:/jupiter/circe_input/
DEBUG:transfer.py:transfer successful!
INFO:circe.py:runtime_stat:{"task_name": "circe", "event": "new_input_file", "filename": "lccenc2_score2b_1#32923915-1#84197238-1#84615094-1#15622710jobid4.csv", "unix_time": 1620686842.74033}
INFO:ccdag_utils.py:runtime_stat:{"task_name": "score2b", "event": "queue_start_process", "filename": "lccenc2_score2b_1#32923915-1#84197238-1#84615094-1#15622710jobid4.csv", "unix_time": 1620686843.4691007}
['schoolbus21.JPEG', 'schoolbus22.JPEG', 'schoolbus23.JPEG', 'schoolbus24.JPEG', 'schoolbus25.JPEG', 'schoolbus26.JPEG', 'schoolbus27.JPEG', 'schoolbus28.JPEG', 'schoolbus29.JPEG', 'schoolbus30.JPEG']
INFO:circe.py:runtime_stat:{"task_name": "circe", "event": "new_output_file", "filename": "score2b_preagg2_4jobth1#32923915-1#84197238-1#84615094-1#15622710", "unix_time": 1620686845.018608}
INFO:ccdag_utils.py:runtime_stat:{"task_name": "score2b", "event": "queue_end_process", "filename": "score2b_preagg2_4jobth1#32923915-1#84197238-1#84615094-1#15622710", "unix_time": 1620686845.0188854}
DEBUG:transfer.py:sshpass -p PASSWORD scp -P 5000 -o StrictHostKeyChecking=no /jupiter/circe_output/score2b_preagg2_4jobth1#32923915-1#84197238-1#84615094-1#15622710 root@10.111.105.79:/jupiter/circe_input/
DEBUG:transfer.py:transfer successful!
INFO:circe.py:runtime_stat:{"task_name": "circe", "event": "new_input_file", "filename": "lccenc2_score2b_1#79105272-1#07094589-1#84858701-1#22811932jobid5.csv", "unix_time": 1620686852.183371}
INFO:ccdag_utils.py:runtime_stat:{"task_name": "score2b", "event": "queue_start_process", "filename": "lccenc2_score2b_1#79105272-1#07094589-1#84858701-1#22811932jobid5.csv", "unix_time": 1620686853.034685}
['schoolbus21.JPEG', 'schoolbus22.JPEG', 'schoolbus23.JPEG', 'schoolbus24.JPEG', 'schoolbus25.JPEG', 'schoolbus26.JPEG', 'schoolbus27.JPEG', 'schoolbus28.JPEG', 'schoolbus29.JPEG', 'schoolbus30.JPEG']
INFO:circe.py:runtime_stat:{"task_name": "circe", "event": "new_output_file", "filename": "score2b_preagg2_5jobth1#79105272-1#07094589-1#84858701-1#22811932", "unix_time": 1620686854.5405755}
DEBUG:transfer.py:sshpass -p PASSWORD scp -P 5000 -o StrictHostKeyChecking=no /jupiter/circe_output/score2b_preagg2_5jobth1#79105272-1#07094589-1#84858701-1#22811932 root@10.111.105.79:/jupiter/circe_input/
INFO:ccdag_utils.py:runtime_stat:{"task_name": "score2b", "event": "queue_end_process", "filename": "score2b_preagg2_5jobth1#79105272-1#07094589-1#84858701-1#22811932", "unix_time": 1620686854.549185}
DEBUG:transfer.py:transfer successful!
INFO:circe.py:runtime_stat:{"task_name": "circe", "event": "new_input_file", "filename": "lccenc2_score2b_1#05629675-1#92560428-1#84464728-1#51987917jobid6.csv", "unix_time": 1620686861.4296715}
INFO:ccdag_utils.py:runtime_stat:{"task_name": "score2b", "event": "queue_start_process", "filename": "lccenc2_score2b_1#05629675-1#92560428-1#84464728-1#51987917jobid6.csv", "unix_time": 1620686861.5576184}
['schoolbus21.JPEG', 'schoolbus22.JPEG', 'schoolbus23.JPEG', 'schoolbus24.JPEG', 'schoolbus25.JPEG', 'schoolbus26.JPEG', 'schoolbus27.JPEG', 'schoolbus28.JPEG', 'schoolbus29.JPEG', 'schoolbus30.JPEG']
INFO:circe.py:runtime_stat:{"task_name": "circe", "event": "new_output_file", "filename": "score2b_preagg2_6jobth1#05629675-1#92560428-1#84464728-1#51987917", "unix_time": 1620686863.0275698}
DEBUG:transfer.py:sshpass -p PASSWORD scp -P 5000 -o StrictHostKeyChecking=no /jupiter/circe_output/score2b_preagg2_6jobth1#05629675-1#92560428-1#84464728-1#51987917 root@10.111.105.79:/jupiter/circe_input/
INFO:ccdag_utils.py:runtime_stat:{"task_name": "score2b", "event": "queue_end_process", "filename": "score2b_preagg2_6jobth1#05629675-1#92560428-1#84464728-1#51987917", "unix_time": 1620686863.0340223}
DEBUG:transfer.py:transfer successful!
INFO:circe.py:runtime_stat:{"task_name": "circe", "event": "new_input_file", "filename": "lccenc2_score2b_1#59550890-1#09043828-1#02270296-1#54064593jobid7.csv", "unix_time": 1620686873.5323033}
INFO:ccdag_utils.py:runtime_stat:{"task_name": "score2b", "event": "queue_start_process", "filename": "lccenc2_score2b_1#59550890-1#09043828-1#02270296-1#54064593jobid7.csv", "unix_time": 1620686874.0473838}
['schoolbus21.JPEG', 'schoolbus22.JPEG', 'schoolbus23.JPEG', 'schoolbus24.JPEG', 'schoolbus25.JPEG', 'schoolbus26.JPEG', 'schoolbus27.JPEG', 'schoolbus28.JPEG', 'schoolbus29.JPEG', 'schoolbus30.JPEG']
INFO:circe.py:runtime_stat:{"task_name": "circe", "event": "new_output_file", "filename": "score2b_preagg2_7jobth1#59550890-1#09043828-1#02270296-1#54064593", "unix_time": 1620686875.5273912}
DEBUG:transfer.py:sshpass -p PASSWORD scp -P 5000 -o StrictHostKeyChecking=no /jupiter/circe_output/score2b_preagg2_7jobth1#59550890-1#09043828-1#02270296-1#54064593 root@10.111.105.79:/jupiter/circe_input/
INFO:ccdag_utils.py:runtime_stat:{"task_name": "score2b", "event": "queue_end_process", "filename": "score2b_preagg2_7jobth1#59550890-1#09043828-1#02270296-1#54064593", "unix_time": 1620686875.5341017}
DEBUG:transfer.py:transfer successful!
INFO:circe.py:runtime_stat:{"task_name": "circe", "event": "new_input_file", "filename": "lccenc2_score2b_1#56483642-1#31520786-1#01544846-1#86060771jobid8.csv", "unix_time": 1620686876.8194087}
INFO:ccdag_utils.py:runtime_stat:{"task_name": "score2b", "event": "queue_start_process", "filename": "lccenc2_score2b_1#56483642-1#31520786-1#01544846-1#86060771jobid8.csv", "unix_time": 1620686877.5381553}
['schoolbus21.JPEG', 'schoolbus22.JPEG', 'schoolbus23.JPEG', 'schoolbus24.JPEG', 'schoolbus25.JPEG', 'schoolbus26.JPEG', 'schoolbus27.JPEG', 'schoolbus28.JPEG', 'schoolbus29.JPEG', 'schoolbus30.JPEG']
INFO:circe.py:runtime_stat:{"task_name": "circe", "event": "new_output_file", "filename": "score2b_preagg2_8jobth1#56483642-1#31520786-1#01544846-1#86060771", "unix_time": 1620686879.0345497}
DEBUG:transfer.py:sshpass -p PASSWORD scp -P 5000 -o StrictHostKeyChecking=no /jupiter/circe_output/score2b_preagg2_8jobth1#56483642-1#31520786-1#01544846-1#86060771 root@10.111.105.79:/jupiter/circe_input/
INFO:ccdag_utils.py:runtime_stat:{"task_name": "score2b", "event": "queue_end_process", "filename": "score2b_preagg2_8jobth1#56483642-1#31520786-1#01544846-1#86060771", "unix_time": 1620686879.0407817}
DEBUG:transfer.py:transfer successful!
