 * Starting OpenBSD Secure Shell server sshd
   ...done.
INFO:circe.py:Using base script lccenc.py
DEBUG:circe.py:starting the input monitoring process
DEBUG:circe.py:starting the output monitoring process
1
INFO:circe.py:runtime_stat:{"task_name": "circe", "event": "new_input_file", "filename": "storeclass1_lccenc1_28918472imgfireenginejobid1.JPEG", "unix_time": 1620686531.9976013}
INFO:circe.py:runtime_stat:{"task_name": "circe", "event": "new_input_file", "filename": "storeclass1_lccenc1_54442715imgfireenginejobid0.JPEG", "unix_time": 1620686532.2230515}
INFO:circe.py:runtime_stat:{"task_name": "circe", "event": "new_input_file", "filename": "storeclass1_lccenc1_86601845imgfireenginejobid1.JPEG", "unix_time": 1620686532.438119}
INFO:circe.py:runtime_stat:{"task_name": "circe", "event": "new_input_file", "filename": "storeclass1_lccenc1_69136477imgfireenginejobid1.JPEG", "unix_time": 1620686532.9071314}
INFO:ccdag_utils.py:runtime_stat:{"task_name": "lccenc1", "event": "queue_start_process", "filename": "storeclass1_lccenc1_28918472imgfireenginejobid1.JPEG", "unix_time": 1620686532.9544225}
INFO:ccdag_utils.py:runtime_stat:{"task_name": "lccenc1", "event": "queue_start_process", "filename": "storeclass1_lccenc1_54442715imgfireenginejobid0.JPEG", "unix_time": 1620686532.9547737}
INFO:ccdag_utils.py:runtime_stat:{"task_name": "lccenc1", "event": "queue_start_process", "filename": "storeclass1_lccenc1_86601845imgfireenginejobid1.JPEG", "unix_time": 1620686532.9550035}
INFO:ccdag_utils.py:runtime_stat:{"task_name": "lccenc1", "event": "queue_start_process", "filename": "storeclass1_lccenc1_69136477imgfireenginejobid1.JPEG", "unix_time": 1620686532.9551947}
INFO:circe.py:runtime_stat:{"task_name": "circe", "event": "new_input_file", "filename": "storeclass1_lccenc1_90678799imgfireenginejobid1.JPEG", "unix_time": 1620686533.1255116}
INFO:circe.py:runtime_stat:{"task_name": "circe", "event": "new_input_file", "filename": "storeclass1_lccenc1_13075669imgfireenginejobid1.JPEG", "unix_time": 1620686533.7553613}
INFO:circe.py:runtime_stat:{"task_name": "circe", "event": "new_input_file", "filename": "storeclass1_lccenc1_96884923imgfireenginejobid1.JPEG", "unix_time": 1620686533.7559001}
INFO:circe.py:runtime_stat:{"task_name": "circe", "event": "new_input_file", "filename": "storeclass1_lccenc1_23969526imgfireenginejobid1.JPEG", "unix_time": 1620686534.257691}
INFO:circe.py:runtime_stat:{"task_name": "circe", "event": "new_input_file", "filename": "storeclass1_lccenc1_81874433imgfireenginejobid1.JPEG", "unix_time": 1620686534.2611697}
INFO:circe.py:runtime_stat:{"task_name": "circe", "event": "new_output_file", "filename": "lccenc1_score1a_0#28918472-0#54442715-0#86601845-0#69136477jobid1.csv", "unix_time": 1620686534.2708511}
DEBUG:transfer.py:sshpass -p PASSWORD scp -P 5000 -o StrictHostKeyChecking=no /jupiter/circe_output/lccenc1_score1a_0#28918472-0#54442715-0#86601845-0#69136477jobid1.csv root@10.105.144.199:/jupiter/circe_input/
INFO:ccdag_utils.py:runtime_stat:{"task_name": "lccenc1", "event": "queue_end_process", "filename": "lccenc1_score1a_0#28918472-0#54442715-0#86601845-0#69136477jobid1.csv", "unix_time": 1620686534.271463}
Warning: Permanently added '[10.105.144.199]:5000' (ECDSA) to the list of known hosts.
DEBUG:transfer.py:transfer successful!
INFO:ccdag_utils.py:runtime_stat:{"task_name": "lccenc1", "event": "queue_end_process", "filename": "lccenc1_score1b_0#28918472-0#54442715-0#86601845-0#69136477jobid1.csv", "unix_time": 1620686535.2678235}
INFO:circe.py:runtime_stat:{"task_name": "circe", "event": "new_output_file", "filename": "lccenc1_score1b_0#28918472-0#54442715-0#86601845-0#69136477jobid1.csv", "unix_time": 1620686535.2781773}
DEBUG:transfer.py:sshpass -p PASSWORD scp -P 5000 -o StrictHostKeyChecking=no /jupiter/circe_output/lccenc1_score1b_0#28918472-0#54442715-0#86601845-0#69136477jobid1.csv root@10.103.158.73:/jupiter/circe_input/
Warning: Permanently added '[10.103.158.73]:5000' (ECDSA) to the list of known hosts.
DEBUG:transfer.py:transfer successful!
INFO:ccdag_utils.py:runtime_stat:{"task_name": "lccenc1", "event": "queue_end_process", "filename": "lccenc1_score1c_0#28918472-0#54442715-0#86601845-0#69136477jobid1.csv", "unix_time": 1620686536.2725146}
INFO:ccdag_utils.py:runtime_stat:{"task_name": "lccenc1", "event": "queue_start_process", "filename": "storeclass1_lccenc1_90678799imgfireenginejobid1.JPEG", "unix_time": 1620686536.273051}
INFO:ccdag_utils.py:runtime_stat:{"task_name": "lccenc1", "event": "queue_start_process", "filename": "storeclass1_lccenc1_13075669imgfireenginejobid1.JPEG", "unix_time": 1620686536.273258}
INFO:ccdag_utils.py:runtime_stat:{"task_name": "lccenc1", "event": "queue_start_process", "filename": "storeclass1_lccenc1_96884923imgfireenginejobid1.JPEG", "unix_time": 1620686536.2734342}
INFO:ccdag_utils.py:runtime_stat:{"task_name": "lccenc1", "event": "queue_start_process", "filename": "storeclass1_lccenc1_23969526imgfireenginejobid1.JPEG", "unix_time": 1620686536.273611}
INFO:circe.py:runtime_stat:{"task_name": "circe", "event": "new_output_file", "filename": "lccenc1_score1c_0#28918472-0#54442715-0#86601845-0#69136477jobid1.csv", "unix_time": 1620686536.2811253}
DEBUG:transfer.py:sshpass -p PASSWORD scp -P 5000 -o StrictHostKeyChecking=no /jupiter/circe_output/lccenc1_score1c_0#28918472-0#54442715-0#86601845-0#69136477jobid1.csv root@10.108.209.27:/jupiter/circe_input/
Warning: Permanently added '[10.108.209.27]:5000' (ECDSA) to the list of known hosts.
DEBUG:transfer.py:transfer successful!
INFO:ccdag_utils.py:runtime_stat:{"task_name": "lccenc1", "event": "queue_end_process", "filename": "lccenc1_score1a_0#90678799-0#13075669-0#96884923-0#23969526jobid2.csv", "unix_time": 1620686537.5360048}
INFO:circe.py:runtime_stat:{"task_name": "circe", "event": "new_output_file", "filename": "lccenc1_score1a_0#90678799-0#13075669-0#96884923-0#23969526jobid2.csv", "unix_time": 1620686537.5367842}
DEBUG:transfer.py:sshpass -p PASSWORD scp -P 5000 -o StrictHostKeyChecking=no /jupiter/circe_output/lccenc1_score1a_0#90678799-0#13075669-0#96884923-0#23969526jobid2.csv root@10.105.144.199:/jupiter/circe_input/
DEBUG:transfer.py:transfer successful!
INFO:ccdag_utils.py:runtime_stat:{"task_name": "lccenc1", "event": "queue_end_process", "filename": "lccenc1_score1b_0#90678799-0#13075669-0#96884923-0#23969526jobid2.csv", "unix_time": 1620686538.5621147}
INFO:circe.py:runtime_stat:{"task_name": "circe", "event": "new_output_file", "filename": "lccenc1_score1b_0#90678799-0#13075669-0#96884923-0#23969526jobid2.csv", "unix_time": 1620686538.5633316}
DEBUG:transfer.py:sshpass -p PASSWORD scp -P 5000 -o StrictHostKeyChecking=no /jupiter/circe_output/lccenc1_score1b_0#90678799-0#13075669-0#96884923-0#23969526jobid2.csv root@10.103.158.73:/jupiter/circe_input/
DEBUG:transfer.py:transfer successful!
INFO:ccdag_utils.py:runtime_stat:{"task_name": "lccenc1", "event": "queue_end_process", "filename": "lccenc1_score1c_0#90678799-0#13075669-0#96884923-0#23969526jobid2.csv", "unix_time": 1620686539.6683428}
INFO:circe.py:runtime_stat:{"task_name": "circe", "event": "new_output_file", "filename": "lccenc1_score1c_0#90678799-0#13075669-0#96884923-0#23969526jobid2.csv", "unix_time": 1620686539.6694767}
DEBUG:transfer.py:sshpass -p PASSWORD scp -P 5000 -o StrictHostKeyChecking=no /jupiter/circe_output/lccenc1_score1c_0#90678799-0#13075669-0#96884923-0#23969526jobid2.csv root@10.108.209.27:/jupiter/circe_input/
DEBUG:transfer.py:transfer successful!
INFO:circe.py:runtime_stat:{"task_name": "circe", "event": "new_input_file", "filename": "storeclass1_lccenc1_30189241imgfireenginejobid2.JPEG", "unix_time": 1620686542.9431672}
INFO:circe.py:runtime_stat:{"task_name": "circe", "event": "new_input_file", "filename": "storeclass1_lccenc1_57930076imgfireenginejobid2.JPEG", "unix_time": 1620686543.1650064}
INFO:circe.py:runtime_stat:{"task_name": "circe", "event": "new_input_file", "filename": "storeclass1_lccenc1_62275522imgfireenginejobid2.JPEG", "unix_time": 1620686543.403489}
INFO:circe.py:runtime_stat:{"task_name": "circe", "event": "new_input_file", "filename": "storeclass1_lccenc1_39423175imgfireenginejobid2.JPEG", "unix_time": 1620686543.6714394}
INFO:ccdag_utils.py:runtime_stat:{"task_name": "lccenc1", "event": "queue_start_process", "filename": "storeclass1_lccenc1_81874433imgfireenginejobid1.JPEG", "unix_time": 1620686543.6719697}
INFO:ccdag_utils.py:runtime_stat:{"task_name": "lccenc1", "event": "queue_start_process", "filename": "storeclass1_lccenc1_30189241imgfireenginejobid2.JPEG", "unix_time": 1620686543.6722887}
INFO:ccdag_utils.py:runtime_stat:{"task_name": "lccenc1", "event": "queue_start_process", "filename": "storeclass1_lccenc1_57930076imgfireenginejobid2.JPEG", "unix_time": 1620686543.6726394}
INFO:ccdag_utils.py:runtime_stat:{"task_name": "lccenc1", "event": "queue_start_process", "filename": "storeclass1_lccenc1_62275522imgfireenginejobid2.JPEG", "unix_time": 1620686543.6728728}
INFO:circe.py:runtime_stat:{"task_name": "circe", "event": "new_input_file", "filename": "storeclass1_lccenc1_66857518imgfireenginejobid2.JPEG", "unix_time": 1620686544.360987}
INFO:circe.py:runtime_stat:{"task_name": "circe", "event": "new_input_file", "filename": "storeclass1_lccenc1_08634002imgfireenginejobid2.JPEG", "unix_time": 1620686544.3619576}
INFO:circe.py:runtime_stat:{"task_name": "circe", "event": "new_input_file", "filename": "storeclass1_lccenc1_93045944imgfireenginejobid2.JPEG", "unix_time": 1620686544.8511283}
INFO:circe.py:runtime_stat:{"task_name": "circe", "event": "new_output_file", "filename": "lccenc1_score1a_0#81874433-0#30189241-0#57930076-0#62275522jobid3.csv", "unix_time": 1620686544.866764}
DEBUG:transfer.py:sshpass -p PASSWORD scp -P 5000 -o StrictHostKeyChecking=no /jupiter/circe_output/lccenc1_score1a_0#81874433-0#30189241-0#57930076-0#62275522jobid3.csv root@10.105.144.199:/jupiter/circe_input/
INFO:ccdag_utils.py:runtime_stat:{"task_name": "lccenc1", "event": "queue_end_process", "filename": "lccenc1_score1a_0#81874433-0#30189241-0#57930076-0#62275522jobid3.csv", "unix_time": 1620686544.8722587}
DEBUG:transfer.py:transfer successful!
INFO:ccdag_utils.py:runtime_stat:{"task_name": "lccenc1", "event": "queue_end_process", "filename": "lccenc1_score1b_0#81874433-0#30189241-0#57930076-0#62275522jobid3.csv", "unix_time": 1620686545.9229796}
INFO:circe.py:runtime_stat:{"task_name": "circe", "event": "new_output_file", "filename": "lccenc1_score1b_0#81874433-0#30189241-0#57930076-0#62275522jobid3.csv", "unix_time": 1620686545.924095}
DEBUG:transfer.py:sshpass -p PASSWORD scp -P 5000 -o StrictHostKeyChecking=no /jupiter/circe_output/lccenc1_score1b_0#81874433-0#30189241-0#57930076-0#62275522jobid3.csv root@10.103.158.73:/jupiter/circe_input/
DEBUG:transfer.py:transfer successful!
INFO:ccdag_utils.py:runtime_stat:{"task_name": "lccenc1", "event": "queue_end_process", "filename": "lccenc1_score1c_0#81874433-0#30189241-0#57930076-0#62275522jobid3.csv", "unix_time": 1620686546.9697037}
INFO:ccdag_utils.py:runtime_stat:{"task_name": "lccenc1", "event": "queue_start_process", "filename": "storeclass1_lccenc1_39423175imgfireenginejobid2.JPEG", "unix_time": 1620686546.9702163}
INFO:ccdag_utils.py:runtime_stat:{"task_name": "lccenc1", "event": "queue_start_process", "filename": "storeclass1_lccenc1_66857518imgfireenginejobid2.JPEG", "unix_time": 1620686546.9706607}
INFO:ccdag_utils.py:runtime_stat:{"task_name": "lccenc1", "event": "queue_start_process", "filename": "storeclass1_lccenc1_08634002imgfireenginejobid2.JPEG", "unix_time": 1620686546.9709687}
INFO:ccdag_utils.py:runtime_stat:{"task_name": "lccenc1", "event": "queue_start_process", "filename": "storeclass1_lccenc1_93045944imgfireenginejobid2.JPEG", "unix_time": 1620686546.9712386}
INFO:circe.py:runtime_stat:{"task_name": "circe", "event": "new_output_file", "filename": "lccenc1_score1c_0#81874433-0#30189241-0#57930076-0#62275522jobid3.csv", "unix_time": 1620686546.984416}
DEBUG:transfer.py:sshpass -p PASSWORD scp -P 5000 -o StrictHostKeyChecking=no /jupiter/circe_output/lccenc1_score1c_0#81874433-0#30189241-0#57930076-0#62275522jobid3.csv root@10.108.209.27:/jupiter/circe_input/
DEBUG:transfer.py:transfer successful!
INFO:ccdag_utils.py:runtime_stat:{"task_name": "lccenc1", "event": "queue_end_process", "filename": "lccenc1_score1a_0#39423175-0#66857518-0#08634002-0#93045944jobid4.csv", "unix_time": 1620686548.1958547}
INFO:circe.py:runtime_stat:{"task_name": "circe", "event": "new_output_file", "filename": "lccenc1_score1a_0#39423175-0#66857518-0#08634002-0#93045944jobid4.csv", "unix_time": 1620686548.197163}
DEBUG:transfer.py:sshpass -p PASSWORD scp -P 5000 -o StrictHostKeyChecking=no /jupiter/circe_output/lccenc1_score1a_0#39423175-0#66857518-0#08634002-0#93045944jobid4.csv root@10.105.144.199:/jupiter/circe_input/
DEBUG:transfer.py:transfer successful!
INFO:ccdag_utils.py:runtime_stat:{"task_name": "lccenc1", "event": "queue_end_process", "filename": "lccenc1_score1b_0#39423175-0#66857518-0#08634002-0#93045944jobid4.csv", "unix_time": 1620686549.2202756}
INFO:circe.py:runtime_stat:{"task_name": "circe", "event": "new_output_file", "filename": "lccenc1_score1b_0#39423175-0#66857518-0#08634002-0#93045944jobid4.csv", "unix_time": 1620686549.2210422}
DEBUG:transfer.py:sshpass -p PASSWORD scp -P 5000 -o StrictHostKeyChecking=no /jupiter/circe_output/lccenc1_score1b_0#39423175-0#66857518-0#08634002-0#93045944jobid4.csv root@10.103.158.73:/jupiter/circe_input/
DEBUG:transfer.py:transfer successful!
INFO:ccdag_utils.py:runtime_stat:{"task_name": "lccenc1", "event": "queue_end_process", "filename": "lccenc1_score1c_0#39423175-0#66857518-0#08634002-0#93045944jobid4.csv", "unix_time": 1620686550.2300584}
INFO:circe.py:runtime_stat:{"task_name": "circe", "event": "new_output_file", "filename": "lccenc1_score1c_0#39423175-0#66857518-0#08634002-0#93045944jobid4.csv", "unix_time": 1620686550.2310617}
DEBUG:transfer.py:sshpass -p PASSWORD scp -P 5000 -o StrictHostKeyChecking=no /jupiter/circe_output/lccenc1_score1c_0#39423175-0#66857518-0#08634002-0#93045944jobid4.csv root@10.108.209.27:/jupiter/circe_input/
DEBUG:transfer.py:transfer successful!
INFO:circe.py:runtime_stat:{"task_name": "circe", "event": "new_input_file", "filename": "storeclass1_lccenc1_99571220imgfireenginejobid3.JPEG", "unix_time": 1620686552.9974046}
INFO:circe.py:runtime_stat:{"task_name": "circe", "event": "new_input_file", "filename": "storeclass1_lccenc1_20067291imgfireenginejobid3.JPEG", "unix_time": 1620686553.2239683}
INFO:circe.py:runtime_stat:{"task_name": "circe", "event": "new_input_file", "filename": "storeclass1_lccenc1_11670993imgfireenginejobid4.JPEG", "unix_time": 1620686563.006435}
INFO:circe.py:runtime_stat:{"task_name": "circe", "event": "new_input_file", "filename": "storeclass1_lccenc1_97116813imgfireenginejobid4.JPEG", "unix_time": 1620686564.0174074}
INFO:circe.py:runtime_stat:{"task_name": "circe", "event": "new_input_file", "filename": "storeclass1_lccenc1_55697092imgfireenginejobid4.JPEG", "unix_time": 1620686564.2453701}
INFO:ccdag_utils.py:runtime_stat:{"task_name": "lccenc1", "event": "queue_start_process", "filename": "storeclass1_lccenc1_99571220imgfireenginejobid3.JPEG", "unix_time": 1620686564.2462656}
INFO:ccdag_utils.py:runtime_stat:{"task_name": "lccenc1", "event": "queue_start_process", "filename": "storeclass1_lccenc1_20067291imgfireenginejobid3.JPEG", "unix_time": 1620686564.2467117}
INFO:ccdag_utils.py:runtime_stat:{"task_name": "lccenc1", "event": "queue_start_process", "filename": "storeclass1_lccenc1_11670993imgfireenginejobid4.JPEG", "unix_time": 1620686564.246933}
INFO:ccdag_utils.py:runtime_stat:{"task_name": "lccenc1", "event": "queue_start_process", "filename": "storeclass1_lccenc1_97116813imgfireenginejobid4.JPEG", "unix_time": 1620686564.247148}
INFO:circe.py:runtime_stat:{"task_name": "circe", "event": "new_input_file", "filename": "storeclass1_lccenc1_88995194imgfireenginejobid4.JPEG", "unix_time": 1620686564.9052677}
INFO:circe.py:runtime_stat:{"task_name": "circe", "event": "new_input_file", "filename": "storeclass1_lccenc1_80648845imgfireenginejobid4.JPEG", "unix_time": 1620686564.905824}
INFO:ccdag_utils.py:runtime_stat:{"task_name": "lccenc1", "event": "queue_end_process", "filename": "lccenc1_score1a_0#99571220-0#20067291-0#11670993-0#97116813jobid5.csv", "unix_time": 1620686565.3937292}
INFO:circe.py:runtime_stat:{"task_name": "circe", "event": "new_output_file", "filename": "lccenc1_score1a_0#99571220-0#20067291-0#11670993-0#97116813jobid5.csv", "unix_time": 1620686565.3948019}
DEBUG:transfer.py:sshpass -p PASSWORD scp -P 5000 -o StrictHostKeyChecking=no /jupiter/circe_output/lccenc1_score1a_0#99571220-0#20067291-0#11670993-0#97116813jobid5.csv root@10.105.144.199:/jupiter/circe_input/
DEBUG:transfer.py:transfer successful!
INFO:ccdag_utils.py:runtime_stat:{"task_name": "lccenc1", "event": "queue_end_process", "filename": "lccenc1_score1b_0#99571220-0#20067291-0#11670993-0#97116813jobid5.csv", "unix_time": 1620686566.408149}
INFO:circe.py:runtime_stat:{"task_name": "circe", "event": "new_output_file", "filename": "lccenc1_score1b_0#99571220-0#20067291-0#11670993-0#97116813jobid5.csv", "unix_time": 1620686566.40907}
DEBUG:transfer.py:sshpass -p PASSWORD scp -P 5000 -o StrictHostKeyChecking=no /jupiter/circe_output/lccenc1_score1b_0#99571220-0#20067291-0#11670993-0#97116813jobid5.csv root@10.103.158.73:/jupiter/circe_input/
DEBUG:transfer.py:transfer successful!
INFO:ccdag_utils.py:runtime_stat:{"task_name": "lccenc1", "event": "queue_end_process", "filename": "lccenc1_score1c_0#99571220-0#20067291-0#11670993-0#97116813jobid5.csv", "unix_time": 1620686567.394636}
INFO:circe.py:runtime_stat:{"task_name": "circe", "event": "new_output_file", "filename": "lccenc1_score1c_0#99571220-0#20067291-0#11670993-0#97116813jobid5.csv", "unix_time": 1620686567.395752}
DEBUG:transfer.py:sshpass -p PASSWORD scp -P 5000 -o StrictHostKeyChecking=no /jupiter/circe_output/lccenc1_score1c_0#99571220-0#20067291-0#11670993-0#97116813jobid5.csv root@10.108.209.27:/jupiter/circe_input/
DEBUG:transfer.py:transfer successful!
INFO:circe.py:runtime_stat:{"task_name": "circe", "event": "new_input_file", "filename": "storeclass1_lccenc1_74627703imgschoolbusjobid26.JPEG", "unix_time": 1620686812.3436546}
INFO:circe.py:runtime_stat:{"task_name": "circe", "event": "new_input_file", "filename": "storeclass1_lccenc1_73566677imgschoolbusjobid26.JPEG", "unix_time": 1620686812.5716486}
INFO:ccdag_utils.py:runtime_stat:{"task_name": "lccenc1", "event": "queue_start_process", "filename": "storeclass1_lccenc1_55697092imgfireenginejobid4.JPEG", "unix_time": 1620686812.6613297}
INFO:ccdag_utils.py:runtime_stat:{"task_name": "lccenc1", "event": "queue_start_process", "filename": "storeclass1_lccenc1_88995194imgfireenginejobid4.JPEG", "unix_time": 1620686812.6618767}
INFO:ccdag_utils.py:runtime_stat:{"task_name": "lccenc1", "event": "queue_start_process", "filename": "storeclass1_lccenc1_80648845imgfireenginejobid4.JPEG", "unix_time": 1620686812.6622348}
INFO:ccdag_utils.py:runtime_stat:{"task_name": "lccenc1", "event": "queue_start_process", "filename": "storeclass1_lccenc1_74627703imgschoolbusjobid26.JPEG", "unix_time": 1620686812.662626}
INFO:ccdag_utils.py:runtime_stat:{"task_name": "lccenc1", "event": "queue_end_process", "filename": "lccenc1_score1a_0#55697092-0#88995194-0#80648845-1#74627703jobid6.csv", "unix_time": 1620686813.7981}
INFO:circe.py:runtime_stat:{"task_name": "circe", "event": "new_output_file", "filename": "lccenc1_score1a_0#55697092-0#88995194-0#80648845-1#74627703jobid6.csv", "unix_time": 1620686813.7989035}
DEBUG:transfer.py:sshpass -p PASSWORD scp -P 5000 -o StrictHostKeyChecking=no /jupiter/circe_output/lccenc1_score1a_0#55697092-0#88995194-0#80648845-1#74627703jobid6.csv root@10.105.144.199:/jupiter/circe_input/
DEBUG:transfer.py:transfer successful!
INFO:ccdag_utils.py:runtime_stat:{"task_name": "lccenc1", "event": "queue_end_process", "filename": "lccenc1_score1b_0#55697092-0#88995194-0#80648845-1#74627703jobid6.csv", "unix_time": 1620686814.8268518}
INFO:circe.py:runtime_stat:{"task_name": "circe", "event": "new_output_file", "filename": "lccenc1_score1b_0#55697092-0#88995194-0#80648845-1#74627703jobid6.csv", "unix_time": 1620686814.8371708}
DEBUG:transfer.py:sshpass -p PASSWORD scp -P 5000 -o StrictHostKeyChecking=no /jupiter/circe_output/lccenc1_score1b_0#55697092-0#88995194-0#80648845-1#74627703jobid6.csv root@10.103.158.73:/jupiter/circe_input/
DEBUG:transfer.py:transfer successful!
INFO:ccdag_utils.py:runtime_stat:{"task_name": "lccenc1", "event": "queue_end_process", "filename": "lccenc1_score1c_0#55697092-0#88995194-0#80648845-1#74627703jobid6.csv", "unix_time": 1620686815.8050034}
INFO:circe.py:runtime_stat:{"task_name": "circe", "event": "new_output_file", "filename": "lccenc1_score1c_0#55697092-0#88995194-0#80648845-1#74627703jobid6.csv", "unix_time": 1620686815.8058836}
DEBUG:transfer.py:sshpass -p PASSWORD scp -P 5000 -o StrictHostKeyChecking=no /jupiter/circe_output/lccenc1_score1c_0#55697092-0#88995194-0#80648845-1#74627703jobid6.csv root@10.108.209.27:/jupiter/circe_input/
DEBUG:transfer.py:transfer successful!
INFO:circe.py:runtime_stat:{"task_name": "circe", "event": "new_input_file", "filename": "storeclass1_lccenc1_60943922imgschoolbusjobid27.JPEG", "unix_time": 1620686824.3863282}
