 * Starting OpenBSD Secure Shell server sshd
   ...done.
INFO:circe.py:Using base script storeclass.py
DEBUG:circe.py:starting the input monitoring process
DEBUG:circe.py:starting the output monitoring process
INFO:circe.py:runtime_stat:{"task_name": "circe", "event": "new_input_file", "filename": "resnet5_storeclass2_15900267imgschoolbusjobid2.JPEG", "unix_time": 1620589552.2277067}
INFO:ccdag_utils.py:runtime_stat:{"task_name": "storeclass2", "event": "queue_start_process", "filename": "resnet5_storeclass2_15900267imgschoolbusjobid2.JPEG", "unix_time": 1620589553.1361115}
INFO:circe.py:runtime_stat:{"task_name": "circe", "event": "new_output_file", "filename": "storeclass2_lccenc2_15900267imgschoolbusjobid2.JPEG", "unix_time": 1620589553.1403472}
DEBUG:transfer.py:sshpass -p PASSWORD scp -P 5000 -o StrictHostKeyChecking=no /jupiter/circe_output/storeclass2_lccenc2_15900267imgschoolbusjobid2.JPEG root@10.102.39.249:/jupiter/circe_input/
INFO:ccdag_utils.py:runtime_stat:{"task_name": "storeclass2", "event": "queue_end_process", "filename": "storeclass2_lccenc2_15900267imgschoolbusjobid2.JPEG", "unix_time": 1620589553.1447482}
Warning: Permanently added '[10.102.39.249]:5000' (ECDSA) to the list of known hosts.
DEBUG:transfer.py:transfer successful!
INFO:circe.py:runtime_stat:{"task_name": "circe", "event": "new_input_file", "filename": "resnet7_storeclass2_03529119imgschoolbusjobid3.JPEG", "unix_time": 1620589573.5561135}
INFO:ccdag_utils.py:runtime_stat:{"task_name": "storeclass2", "event": "queue_start_process", "filename": "resnet7_storeclass2_03529119imgschoolbusjobid3.JPEG", "unix_time": 1620589574.1671448}
INFO:circe.py:runtime_stat:{"task_name": "circe", "event": "new_output_file", "filename": "storeclass2_lccenc2_03529119imgschoolbusjobid3.JPEG", "unix_time": 1620589574.170923}
DEBUG:transfer.py:sshpass -p PASSWORD scp -P 5000 -o StrictHostKeyChecking=no /jupiter/circe_output/storeclass2_lccenc2_03529119imgschoolbusjobid3.JPEG root@10.102.39.249:/jupiter/circe_input/
INFO:ccdag_utils.py:runtime_stat:{"task_name": "storeclass2", "event": "queue_end_process", "filename": "storeclass2_lccenc2_03529119imgschoolbusjobid3.JPEG", "unix_time": 1620589574.1715071}
DEBUG:transfer.py:transfer successful!
INFO:circe.py:runtime_stat:{"task_name": "circe", "event": "new_input_file", "filename": "resnet0_storeclass2_25206952imgschoolbusjobid4.JPEG", "unix_time": 1620589599.9080818}
INFO:circe.py:runtime_stat:{"task_name": "circe", "event": "new_input_file", "filename": "resnet1_storeclass2_09693708imgschoolbusjobid4.JPEG", "unix_time": 1620589599.9435704}
INFO:circe.py:runtime_stat:{"task_name": "circe", "event": "new_input_file", "filename": "resnet2_storeclass2_82440643imgschoolbusjobid4.JPEG", "unix_time": 1620589600.0405471}
INFO:ccdag_utils.py:runtime_stat:{"task_name": "storeclass2", "event": "queue_start_process", "filename": "resnet0_storeclass2_25206952imgschoolbusjobid4.JPEG", "unix_time": 1620589600.2011476}
INFO:ccdag_utils.py:runtime_stat:{"task_name": "storeclass2", "event": "queue_end_process", "filename": "storeclass2_lccenc2_25206952imgschoolbusjobid4.JPEG", "unix_time": 1620589600.2313693}
INFO:ccdag_utils.py:runtime_stat:{"task_name": "storeclass2", "event": "queue_start_process", "filename": "resnet1_storeclass2_09693708imgschoolbusjobid4.JPEG", "unix_time": 1620589600.231693}
INFO:circe.py:runtime_stat:{"task_name": "circe", "event": "new_output_file", "filename": "storeclass2_lccenc2_25206952imgschoolbusjobid4.JPEG", "unix_time": 1620589600.2327888}
DEBUG:transfer.py:sshpass -p PASSWORD scp -P 5000 -o StrictHostKeyChecking=no /jupiter/circe_output/storeclass2_lccenc2_25206952imgschoolbusjobid4.JPEG root@10.102.39.249:/jupiter/circe_input/
INFO:ccdag_utils.py:runtime_stat:{"task_name": "storeclass2", "event": "queue_end_process", "filename": "storeclass2_lccenc2_09693708imgschoolbusjobid4.JPEG", "unix_time": 1620589600.2403898}
INFO:ccdag_utils.py:runtime_stat:{"task_name": "storeclass2", "event": "queue_start_process", "filename": "resnet2_storeclass2_82440643imgschoolbusjobid4.JPEG", "unix_time": 1620589600.2411816}
INFO:ccdag_utils.py:runtime_stat:{"task_name": "storeclass2", "event": "queue_end_process", "filename": "storeclass2_lccenc2_82440643imgschoolbusjobid4.JPEG", "unix_time": 1620589600.2448423}
DEBUG:transfer.py:transfer successful!
INFO:circe.py:runtime_stat:{"task_name": "circe", "event": "new_output_file", "filename": "storeclass2_lccenc2_09693708imgschoolbusjobid4.JPEG", "unix_time": 1620589600.4590297}
DEBUG:transfer.py:sshpass -p PASSWORD scp -P 5000 -o StrictHostKeyChecking=no /jupiter/circe_output/storeclass2_lccenc2_09693708imgschoolbusjobid4.JPEG root@10.102.39.249:/jupiter/circe_input/
DEBUG:transfer.py:transfer successful!
INFO:circe.py:runtime_stat:{"task_name": "circe", "event": "new_output_file", "filename": "storeclass2_lccenc2_82440643imgschoolbusjobid4.JPEG", "unix_time": 1620589600.661856}
DEBUG:transfer.py:sshpass -p PASSWORD scp -P 5000 -o StrictHostKeyChecking=no /jupiter/circe_output/storeclass2_lccenc2_82440643imgschoolbusjobid4.JPEG root@10.102.39.249:/jupiter/circe_input/
DEBUG:transfer.py:transfer successful!
INFO:circe.py:runtime_stat:{"task_name": "circe", "event": "new_input_file", "filename": "resnet2_storeclass2_05843831imgschoolbusjobid5.JPEG", "unix_time": 1620589615.205089}
INFO:ccdag_utils.py:runtime_stat:{"task_name": "storeclass2", "event": "queue_start_process", "filename": "resnet2_storeclass2_05843831imgschoolbusjobid5.JPEG", "unix_time": 1620589615.2604709}
INFO:circe.py:runtime_stat:{"task_name": "circe", "event": "new_output_file", "filename": "storeclass2_lccenc2_05843831imgschoolbusjobid5.JPEG", "unix_time": 1620589615.27081}
DEBUG:transfer.py:sshpass -p PASSWORD scp -P 5000 -o StrictHostKeyChecking=no /jupiter/circe_output/storeclass2_lccenc2_05843831imgschoolbusjobid5.JPEG root@10.102.39.249:/jupiter/circe_input/
INFO:ccdag_utils.py:runtime_stat:{"task_name": "storeclass2", "event": "queue_end_process", "filename": "storeclass2_lccenc2_05843831imgschoolbusjobid5.JPEG", "unix_time": 1620589615.2715225}
DEBUG:transfer.py:transfer successful!
INFO:circe.py:runtime_stat:{"task_name": "circe", "event": "new_input_file", "filename": "resnet2_storeclass2_89413055imgschoolbusjobid6.JPEG", "unix_time": 1620589631.389051}
INFO:circe.py:runtime_stat:{"task_name": "circe", "event": "new_input_file", "filename": "resnet6_storeclass2_43253585imgschoolbusjobid6.JPEG", "unix_time": 1620589632.2520618}
INFO:ccdag_utils.py:runtime_stat:{"task_name": "storeclass2", "event": "queue_start_process", "filename": "resnet2_storeclass2_89413055imgschoolbusjobid6.JPEG", "unix_time": 1620589632.2952197}
INFO:ccdag_utils.py:runtime_stat:{"task_name": "storeclass2", "event": "queue_end_process", "filename": "storeclass2_lccenc2_89413055imgschoolbusjobid6.JPEG", "unix_time": 1620589632.2987945}
INFO:ccdag_utils.py:runtime_stat:{"task_name": "storeclass2", "event": "queue_start_process", "filename": "resnet6_storeclass2_43253585imgschoolbusjobid6.JPEG", "unix_time": 1620589632.2990587}
INFO:circe.py:runtime_stat:{"task_name": "circe", "event": "new_output_file", "filename": "storeclass2_lccenc2_89413055imgschoolbusjobid6.JPEG", "unix_time": 1620589632.2995224}
DEBUG:transfer.py:sshpass -p PASSWORD scp -P 5000 -o StrictHostKeyChecking=no /jupiter/circe_output/storeclass2_lccenc2_89413055imgschoolbusjobid6.JPEG root@10.102.39.249:/jupiter/circe_input/
INFO:ccdag_utils.py:runtime_stat:{"task_name": "storeclass2", "event": "queue_end_process", "filename": "storeclass2_lccenc2_43253585imgschoolbusjobid6.JPEG", "unix_time": 1620589632.311221}
DEBUG:transfer.py:transfer successful!
INFO:circe.py:runtime_stat:{"task_name": "circe", "event": "new_output_file", "filename": "storeclass2_lccenc2_43253585imgschoolbusjobid6.JPEG", "unix_time": 1620589632.509438}
DEBUG:transfer.py:sshpass -p PASSWORD scp -P 5000 -o StrictHostKeyChecking=no /jupiter/circe_output/storeclass2_lccenc2_43253585imgschoolbusjobid6.JPEG root@10.102.39.249:/jupiter/circe_input/
DEBUG:transfer.py:transfer successful!
INFO:circe.py:runtime_stat:{"task_name": "circe", "event": "new_input_file", "filename": "resnet0_storeclass2_86083058imgschoolbusjobid7.JPEG", "unix_time": 1620589648.5671039}
INFO:ccdag_utils.py:runtime_stat:{"task_name": "storeclass2", "event": "queue_start_process", "filename": "resnet0_storeclass2_86083058imgschoolbusjobid7.JPEG", "unix_time": 1620589649.33939}
INFO:ccdag_utils.py:runtime_stat:{"task_name": "storeclass2", "event": "queue_end_process", "filename": "storeclass2_lccenc2_86083058imgschoolbusjobid7.JPEG", "unix_time": 1620589649.3439567}
INFO:circe.py:runtime_stat:{"task_name": "circe", "event": "new_output_file", "filename": "storeclass2_lccenc2_86083058imgschoolbusjobid7.JPEG", "unix_time": 1620589649.3453283}
DEBUG:transfer.py:sshpass -p PASSWORD scp -P 5000 -o StrictHostKeyChecking=no /jupiter/circe_output/storeclass2_lccenc2_86083058imgschoolbusjobid7.JPEG root@10.102.39.249:/jupiter/circe_input/
DEBUG:transfer.py:transfer successful!
INFO:circe.py:runtime_stat:{"task_name": "circe", "event": "new_input_file", "filename": "resnet7_storeclass2_49552112imgschoolbusjobid8.JPEG", "unix_time": 1620589664.215704}
INFO:ccdag_utils.py:runtime_stat:{"task_name": "storeclass2", "event": "queue_start_process", "filename": "resnet7_storeclass2_49552112imgschoolbusjobid8.JPEG", "unix_time": 1620589664.3615441}
INFO:ccdag_utils.py:runtime_stat:{"task_name": "storeclass2", "event": "queue_end_process", "filename": "storeclass2_lccenc2_49552112imgschoolbusjobid8.JPEG", "unix_time": 1620589664.3735368}
INFO:circe.py:runtime_stat:{"task_name": "circe", "event": "new_output_file", "filename": "storeclass2_lccenc2_49552112imgschoolbusjobid8.JPEG", "unix_time": 1620589664.3748615}
DEBUG:transfer.py:sshpass -p PASSWORD scp -P 5000 -o StrictHostKeyChecking=no /jupiter/circe_output/storeclass2_lccenc2_49552112imgschoolbusjobid8.JPEG root@10.102.39.249:/jupiter/circe_input/
DEBUG:transfer.py:transfer successful!
INFO:circe.py:runtime_stat:{"task_name": "circe", "event": "new_input_file", "filename": "resnet7_storeclass2_55549708imgschoolbusjobid10.JPEG", "unix_time": 1620589699.003774}
INFO:ccdag_utils.py:runtime_stat:{"task_name": "storeclass2", "event": "queue_start_process", "filename": "resnet7_storeclass2_55549708imgschoolbusjobid10.JPEG", "unix_time": 1620589699.4147136}
INFO:circe.py:runtime_stat:{"task_name": "circe", "event": "new_output_file", "filename": "storeclass2_lccenc2_55549708imgschoolbusjobid10.JPEG", "unix_time": 1620589699.423437}
DEBUG:transfer.py:sshpass -p PASSWORD scp -P 5000 -o StrictHostKeyChecking=no /jupiter/circe_output/storeclass2_lccenc2_55549708imgschoolbusjobid10.JPEG root@10.102.39.249:/jupiter/circe_input/
INFO:ccdag_utils.py:runtime_stat:{"task_name": "storeclass2", "event": "queue_end_process", "filename": "storeclass2_lccenc2_55549708imgschoolbusjobid10.JPEG", "unix_time": 1620589699.4247227}
DEBUG:transfer.py:transfer successful!
INFO:circe.py:runtime_stat:{"task_name": "circe", "event": "new_input_file", "filename": "resnet7_storeclass2_30738198imgschoolbusjobid14.JPEG", "unix_time": 1620589764.982375}
INFO:ccdag_utils.py:runtime_stat:{"task_name": "storeclass2", "event": "queue_start_process", "filename": "resnet7_storeclass2_30738198imgschoolbusjobid14.JPEG", "unix_time": 1620589765.5077937}
INFO:ccdag_utils.py:runtime_stat:{"task_name": "storeclass2", "event": "queue_end_process", "filename": "storeclass2_lccenc2_30738198imgschoolbusjobid14.JPEG", "unix_time": 1620589765.5095687}
INFO:circe.py:runtime_stat:{"task_name": "circe", "event": "new_output_file", "filename": "storeclass2_lccenc2_30738198imgschoolbusjobid14.JPEG", "unix_time": 1620589765.510753}
DEBUG:transfer.py:sshpass -p PASSWORD scp -P 5000 -o StrictHostKeyChecking=no /jupiter/circe_output/storeclass2_lccenc2_30738198imgschoolbusjobid14.JPEG root@10.102.39.249:/jupiter/circe_input/
DEBUG:transfer.py:transfer successful!
INFO:circe.py:runtime_stat:{"task_name": "circe", "event": "new_input_file", "filename": "resnet2_storeclass2_46563015imgschoolbusjobid15.JPEG", "unix_time": 1620589782.4367409}
INFO:ccdag_utils.py:runtime_stat:{"task_name": "storeclass2", "event": "queue_start_process", "filename": "resnet2_storeclass2_46563015imgschoolbusjobid15.JPEG", "unix_time": 1620589782.5310712}
INFO:ccdag_utils.py:runtime_stat:{"task_name": "storeclass2", "event": "queue_end_process", "filename": "storeclass2_lccenc2_46563015imgschoolbusjobid15.JPEG", "unix_time": 1620589782.5369186}
INFO:circe.py:runtime_stat:{"task_name": "circe", "event": "new_output_file", "filename": "storeclass2_lccenc2_46563015imgschoolbusjobid15.JPEG", "unix_time": 1620589782.5380104}
DEBUG:transfer.py:sshpass -p PASSWORD scp -P 5000 -o StrictHostKeyChecking=no /jupiter/circe_output/storeclass2_lccenc2_46563015imgschoolbusjobid15.JPEG root@10.102.39.249:/jupiter/circe_input/
INFO:circe.py:runtime_stat:{"task_name": "circe", "event": "new_input_file", "filename": "resnet1_storeclass2_50364454imgschoolbusjobid15.JPEG", "unix_time": 1620589782.7042627}
DEBUG:transfer.py:transfer successful!
INFO:ccdag_utils.py:runtime_stat:{"task_name": "storeclass2", "event": "queue_start_process", "filename": "resnet1_storeclass2_50364454imgschoolbusjobid15.JPEG", "unix_time": 1620589783.53854}
INFO:circe.py:runtime_stat:{"task_name": "circe", "event": "new_output_file", "filename": "storeclass2_lccenc2_50364454imgschoolbusjobid15.JPEG", "unix_time": 1620589783.5456414}
DEBUG:transfer.py:sshpass -p PASSWORD scp -P 5000 -o StrictHostKeyChecking=no /jupiter/circe_output/storeclass2_lccenc2_50364454imgschoolbusjobid15.JPEG root@10.102.39.249:/jupiter/circe_input/
INFO:ccdag_utils.py:runtime_stat:{"task_name": "storeclass2", "event": "queue_end_process", "filename": "storeclass2_lccenc2_50364454imgschoolbusjobid15.JPEG", "unix_time": 1620589783.54628}
DEBUG:transfer.py:transfer successful!
INFO:circe.py:runtime_stat:{"task_name": "circe", "event": "new_input_file", "filename": "resnet0_storeclass2_36345075imgschoolbusjobid19.JPEG", "unix_time": 1620589867.8446305}
INFO:circe.py:runtime_stat:{"task_name": "circe", "event": "new_input_file", "filename": "resnet2_storeclass2_12381340imgschoolbusjobid19.JPEG", "unix_time": 1620589868.3818994}
INFO:ccdag_utils.py:runtime_stat:{"task_name": "storeclass2", "event": "queue_start_process", "filename": "resnet0_storeclass2_36345075imgschoolbusjobid19.JPEG", "unix_time": 1620589868.64815}
INFO:circe.py:runtime_stat:{"task_name": "circe", "event": "new_output_file", "filename": "storeclass2_lccenc2_36345075imgschoolbusjobid19.JPEG", "unix_time": 1620589868.6603124}
DEBUG:transfer.py:sshpass -p PASSWORD scp -P 5000 -o StrictHostKeyChecking=no /jupiter/circe_output/storeclass2_lccenc2_36345075imgschoolbusjobid19.JPEG root@10.102.39.249:/jupiter/circe_input/
INFO:ccdag_utils.py:runtime_stat:{"task_name": "storeclass2", "event": "queue_end_process", "filename": "storeclass2_lccenc2_36345075imgschoolbusjobid19.JPEG", "unix_time": 1620589868.6610136}
INFO:ccdag_utils.py:runtime_stat:{"task_name": "storeclass2", "event": "queue_start_process", "filename": "resnet2_storeclass2_12381340imgschoolbusjobid19.JPEG", "unix_time": 1620589868.665547}
INFO:ccdag_utils.py:runtime_stat:{"task_name": "storeclass2", "event": "queue_end_process", "filename": "storeclass2_lccenc2_12381340imgschoolbusjobid19.JPEG", "unix_time": 1620589868.672618}
DEBUG:transfer.py:transfer successful!
INFO:circe.py:runtime_stat:{"task_name": "circe", "event": "new_output_file", "filename": "storeclass2_lccenc2_12381340imgschoolbusjobid19.JPEG", "unix_time": 1620589868.9326277}
DEBUG:transfer.py:sshpass -p PASSWORD scp -P 5000 -o StrictHostKeyChecking=no /jupiter/circe_output/storeclass2_lccenc2_12381340imgschoolbusjobid19.JPEG root@10.102.39.249:/jupiter/circe_input/
DEBUG:transfer.py:transfer successful!
INFO:circe.py:runtime_stat:{"task_name": "circe", "event": "new_input_file", "filename": "home_storeclass2_65047538imgschoolbusjobid23.JPEG", "unix_time": 1620590000.8726826}
INFO:ccdag_utils.py:runtime_stat:{"task_name": "storeclass2", "event": "queue_start_process", "filename": "home_storeclass2_65047538imgschoolbusjobid23.JPEG", "unix_time": 1620590001.8157942}
INFO:ccdag_utils.py:runtime_stat:{"task_name": "storeclass2", "event": "queue_end_process", "filename": "storeclass2_lccenc2_65047538imgschoolbusjobid23.JPEG", "unix_time": 1620590001.8171952}
INFO:circe.py:runtime_stat:{"task_name": "circe", "event": "new_output_file", "filename": "storeclass2_lccenc2_65047538imgschoolbusjobid23.JPEG", "unix_time": 1620590001.820744}
DEBUG:transfer.py:sshpass -p PASSWORD scp -P 5000 -o StrictHostKeyChecking=no /jupiter/circe_output/storeclass2_lccenc2_65047538imgschoolbusjobid23.JPEG root@10.102.39.249:/jupiter/circe_input/
DEBUG:transfer.py:transfer successful!
INFO:circe.py:runtime_stat:{"task_name": "circe", "event": "new_input_file", "filename": "resnet5_storeclass2_85170432imgschoolbusjobid24.JPEG", "unix_time": 1620590040.0258992}
INFO:ccdag_utils.py:runtime_stat:{"task_name": "storeclass2", "event": "queue_start_process", "filename": "resnet5_storeclass2_85170432imgschoolbusjobid24.JPEG", "unix_time": 1620590040.862239}
INFO:circe.py:runtime_stat:{"task_name": "circe", "event": "new_output_file", "filename": "storeclass2_lccenc2_85170432imgschoolbusjobid24.JPEG", "unix_time": 1620590040.8680391}
INFO:ccdag_utils.py:runtime_stat:{"task_name": "storeclass2", "event": "queue_end_process", "filename": "storeclass2_lccenc2_85170432imgschoolbusjobid24.JPEG", "unix_time": 1620590040.8683345}
DEBUG:transfer.py:sshpass -p PASSWORD scp -P 5000 -o StrictHostKeyChecking=no /jupiter/circe_output/storeclass2_lccenc2_85170432imgschoolbusjobid24.JPEG root@10.102.39.249:/jupiter/circe_input/
DEBUG:transfer.py:transfer successful!
INFO:circe.py:runtime_stat:{"task_name": "circe", "event": "new_input_file", "filename": "resnet5_storeclass2_80527934imgschoolbusjobid25.JPEG", "unix_time": 1620590079.058995}
INFO:circe.py:runtime_stat:{"task_name": "circe", "event": "new_input_file", "filename": "resnet3_storeclass2_66642485imgschoolbusjobid25.JPEG", "unix_time": 1620590079.563727}
INFO:ccdag_utils.py:runtime_stat:{"task_name": "storeclass2", "event": "queue_start_process", "filename": "resnet5_storeclass2_80527934imgschoolbusjobid25.JPEG", "unix_time": 1620590079.909594}
INFO:ccdag_utils.py:runtime_stat:{"task_name": "storeclass2", "event": "queue_end_process", "filename": "storeclass2_lccenc2_80527934imgschoolbusjobid25.JPEG", "unix_time": 1620590079.9146817}
INFO:circe.py:runtime_stat:{"task_name": "circe", "event": "new_output_file", "filename": "storeclass2_lccenc2_80527934imgschoolbusjobid25.JPEG", "unix_time": 1620590079.9153035}
INFO:ccdag_utils.py:runtime_stat:{"task_name": "storeclass2", "event": "queue_start_process", "filename": "resnet3_storeclass2_66642485imgschoolbusjobid25.JPEG", "unix_time": 1620590079.9157712}
DEBUG:transfer.py:sshpass -p PASSWORD scp -P 5000 -o StrictHostKeyChecking=no /jupiter/circe_output/storeclass2_lccenc2_80527934imgschoolbusjobid25.JPEG root@10.102.39.249:/jupiter/circe_input/
INFO:circe.py:runtime_stat:{"task_name": "circe", "event": "new_input_file", "filename": "resnet1_storeclass2_92535823imgschoolbusjobid25.JPEG", "unix_time": 1620590079.9229853}
INFO:ccdag_utils.py:runtime_stat:{"task_name": "storeclass2", "event": "queue_end_process", "filename": "storeclass2_lccenc2_66642485imgschoolbusjobid25.JPEG", "unix_time": 1620590079.9278667}
INFO:ccdag_utils.py:runtime_stat:{"task_name": "storeclass2", "event": "queue_start_process", "filename": "resnet1_storeclass2_92535823imgschoolbusjobid25.JPEG", "unix_time": 1620590079.928945}
INFO:ccdag_utils.py:runtime_stat:{"task_name": "storeclass2", "event": "queue_end_process", "filename": "storeclass2_lccenc2_92535823imgschoolbusjobid25.JPEG", "unix_time": 1620590079.9298494}
DEBUG:transfer.py:transfer successful!
INFO:circe.py:runtime_stat:{"task_name": "circe", "event": "new_output_file", "filename": "storeclass2_lccenc2_66642485imgschoolbusjobid25.JPEG", "unix_time": 1620590080.1244018}
DEBUG:transfer.py:sshpass -p PASSWORD scp -P 5000 -o StrictHostKeyChecking=no /jupiter/circe_output/storeclass2_lccenc2_66642485imgschoolbusjobid25.JPEG root@10.102.39.249:/jupiter/circe_input/
DEBUG:transfer.py:transfer successful!
INFO:circe.py:runtime_stat:{"task_name": "circe", "event": "new_output_file", "filename": "storeclass2_lccenc2_92535823imgschoolbusjobid25.JPEG", "unix_time": 1620590080.3482862}
DEBUG:transfer.py:sshpass -p PASSWORD scp -P 5000 -o StrictHostKeyChecking=no /jupiter/circe_output/storeclass2_lccenc2_92535823imgschoolbusjobid25.JPEG root@10.102.39.249:/jupiter/circe_input/
DEBUG:transfer.py:transfer successful!
INFO:circe.py:runtime_stat:{"task_name": "circe", "event": "new_input_file", "filename": "resnet2_storeclass2_18766962imgschoolbusjobid26.JPEG", "unix_time": 1620590116.7822623}
INFO:ccdag_utils.py:runtime_stat:{"task_name": "storeclass2", "event": "queue_start_process", "filename": "resnet2_storeclass2_18766962imgschoolbusjobid26.JPEG", "unix_time": 1620590116.971101}
INFO:ccdag_utils.py:runtime_stat:{"task_name": "storeclass2", "event": "queue_end_process", "filename": "storeclass2_lccenc2_18766962imgschoolbusjobid26.JPEG", "unix_time": 1620590117.0103226}
INFO:circe.py:runtime_stat:{"task_name": "circe", "event": "new_output_file", "filename": "storeclass2_lccenc2_18766962imgschoolbusjobid26.JPEG", "unix_time": 1620590117.0112882}
DEBUG:transfer.py:sshpass -p PASSWORD scp -P 5000 -o StrictHostKeyChecking=no /jupiter/circe_output/storeclass2_lccenc2_18766962imgschoolbusjobid26.JPEG root@10.102.39.249:/jupiter/circe_input/
INFO:circe.py:runtime_stat:{"task_name": "circe", "event": "new_input_file", "filename": "resnet0_storeclass2_16779418imgschoolbusjobid26.JPEG", "unix_time": 1620590117.0626996}
INFO:circe.py:runtime_stat:{"task_name": "circe", "event": "new_input_file", "filename": "resnet3_storeclass2_56437552imgschoolbusjobid26.JPEG", "unix_time": 1620590117.1477468}
DEBUG:transfer.py:transfer successful!
INFO:circe.py:runtime_stat:{"task_name": "circe", "event": "new_input_file", "filename": "resnet4_storeclass2_72169072imgschoolbusjobid26.JPEG", "unix_time": 1620590117.5220022}
INFO:ccdag_utils.py:runtime_stat:{"task_name": "storeclass2", "event": "queue_start_process", "filename": "resnet0_storeclass2_16779418imgschoolbusjobid26.JPEG", "unix_time": 1620590118.0118122}
INFO:ccdag_utils.py:runtime_stat:{"task_name": "storeclass2", "event": "queue_end_process", "filename": "storeclass2_lccenc2_16779418imgschoolbusjobid26.JPEG", "unix_time": 1620590118.0149212}
INFO:ccdag_utils.py:runtime_stat:{"task_name": "storeclass2", "event": "queue_start_process", "filename": "resnet3_storeclass2_56437552imgschoolbusjobid26.JPEG", "unix_time": 1620590118.0166795}
INFO:circe.py:runtime_stat:{"task_name": "circe", "event": "new_output_file", "filename": "storeclass2_lccenc2_16779418imgschoolbusjobid26.JPEG", "unix_time": 1620590118.0159876}
DEBUG:transfer.py:sshpass -p PASSWORD scp -P 5000 -o StrictHostKeyChecking=no /jupiter/circe_output/storeclass2_lccenc2_16779418imgschoolbusjobid26.JPEG root@10.102.39.249:/jupiter/circe_input/
INFO:ccdag_utils.py:runtime_stat:{"task_name": "storeclass2", "event": "queue_end_process", "filename": "storeclass2_lccenc2_56437552imgschoolbusjobid26.JPEG", "unix_time": 1620590118.0254712}
INFO:ccdag_utils.py:runtime_stat:{"task_name": "storeclass2", "event": "queue_start_process", "filename": "resnet4_storeclass2_72169072imgschoolbusjobid26.JPEG", "unix_time": 1620590118.0265203}
INFO:ccdag_utils.py:runtime_stat:{"task_name": "storeclass2", "event": "queue_end_process", "filename": "storeclass2_lccenc2_72169072imgschoolbusjobid26.JPEG", "unix_time": 1620590118.0324183}
DEBUG:transfer.py:transfer successful!
INFO:circe.py:runtime_stat:{"task_name": "circe", "event": "new_output_file", "filename": "storeclass2_lccenc2_56437552imgschoolbusjobid26.JPEG", "unix_time": 1620590118.2382255}
DEBUG:transfer.py:sshpass -p PASSWORD scp -P 5000 -o StrictHostKeyChecking=no /jupiter/circe_output/storeclass2_lccenc2_56437552imgschoolbusjobid26.JPEG root@10.102.39.249:/jupiter/circe_input/
DEBUG:transfer.py:transfer successful!
INFO:circe.py:runtime_stat:{"task_name": "circe", "event": "new_output_file", "filename": "storeclass2_lccenc2_72169072imgschoolbusjobid26.JPEG", "unix_time": 1620590118.4601262}
DEBUG:transfer.py:sshpass -p PASSWORD scp -P 5000 -o StrictHostKeyChecking=no /jupiter/circe_output/storeclass2_lccenc2_72169072imgschoolbusjobid26.JPEG root@10.102.39.249:/jupiter/circe_input/
DEBUG:transfer.py:transfer successful!
INFO:circe.py:runtime_stat:{"task_name": "circe", "event": "new_input_file", "filename": "resnet3_storeclass2_67774853imgschoolbusjobid27.JPEG", "unix_time": 1620590152.2748857}
INFO:ccdag_utils.py:runtime_stat:{"task_name": "storeclass2", "event": "queue_start_process", "filename": "resnet3_storeclass2_67774853imgschoolbusjobid27.JPEG", "unix_time": 1620590153.0711606}
INFO:circe.py:runtime_stat:{"task_name": "circe", "event": "new_output_file", "filename": "storeclass2_lccenc2_67774853imgschoolbusjobid27.JPEG", "unix_time": 1620590153.0774255}
DEBUG:transfer.py:sshpass -p PASSWORD scp -P 5000 -o StrictHostKeyChecking=no /jupiter/circe_output/storeclass2_lccenc2_67774853imgschoolbusjobid27.JPEG root@10.102.39.249:/jupiter/circe_input/
INFO:ccdag_utils.py:runtime_stat:{"task_name": "storeclass2", "event": "queue_end_process", "filename": "storeclass2_lccenc2_67774853imgschoolbusjobid27.JPEG", "unix_time": 1620590153.0779788}
DEBUG:transfer.py:transfer successful!
INFO:circe.py:runtime_stat:{"task_name": "circe", "event": "new_input_file", "filename": "resnet5_storeclass2_94317962imgschoolbusjobid29.JPEG", "unix_time": 1620590232.4098508}
INFO:ccdag_utils.py:runtime_stat:{"task_name": "storeclass2", "event": "queue_start_process", "filename": "resnet5_storeclass2_94317962imgschoolbusjobid29.JPEG", "unix_time": 1620590233.1660254}
INFO:ccdag_utils.py:runtime_stat:{"task_name": "storeclass2", "event": "queue_end_process", "filename": "storeclass2_lccenc2_94317962imgschoolbusjobid29.JPEG", "unix_time": 1620590233.1699293}
INFO:circe.py:runtime_stat:{"task_name": "circe", "event": "new_output_file", "filename": "storeclass2_lccenc2_94317962imgschoolbusjobid29.JPEG", "unix_time": 1620590233.171522}
DEBUG:transfer.py:sshpass -p PASSWORD scp -P 5000 -o StrictHostKeyChecking=no /jupiter/circe_output/storeclass2_lccenc2_94317962imgschoolbusjobid29.JPEG root@10.102.39.249:/jupiter/circe_input/
DEBUG:transfer.py:transfer successful!
INFO:circe.py:runtime_stat:{"task_name": "circe", "event": "new_input_file", "filename": "home_storeclass2_48794490imgschoolbusjobid30.JPEG", "unix_time": 1620590270.6014302}
INFO:ccdag_utils.py:runtime_stat:{"task_name": "storeclass2", "event": "queue_start_process", "filename": "home_storeclass2_48794490imgschoolbusjobid30.JPEG", "unix_time": 1620590271.2115517}
INFO:circe.py:runtime_stat:{"task_name": "circe", "event": "new_output_file", "filename": "storeclass2_lccenc2_48794490imgschoolbusjobid30.JPEG", "unix_time": 1620590271.2186973}
DEBUG:transfer.py:sshpass -p PASSWORD scp -P 5000 -o StrictHostKeyChecking=no /jupiter/circe_output/storeclass2_lccenc2_48794490imgschoolbusjobid30.JPEG root@10.102.39.249:/jupiter/circe_input/
INFO:ccdag_utils.py:runtime_stat:{"task_name": "storeclass2", "event": "queue_end_process", "filename": "storeclass2_lccenc2_48794490imgschoolbusjobid30.JPEG", "unix_time": 1620590271.2193155}
DEBUG:transfer.py:transfer successful!
INFO:circe.py:runtime_stat:{"task_name": "circe", "event": "new_input_file", "filename": "resnet7_storeclass2_06380742imgschoolbusjobid31.JPEG", "unix_time": 1620590305.6479487}
INFO:ccdag_utils.py:runtime_stat:{"task_name": "storeclass2", "event": "queue_start_process", "filename": "resnet7_storeclass2_06380742imgschoolbusjobid31.JPEG", "unix_time": 1620590306.2597506}
INFO:ccdag_utils.py:runtime_stat:{"task_name": "storeclass2", "event": "queue_end_process", "filename": "storeclass2_lccenc2_06380742imgschoolbusjobid31.JPEG", "unix_time": 1620590306.2685733}
INFO:circe.py:runtime_stat:{"task_name": "circe", "event": "new_output_file", "filename": "storeclass2_lccenc2_06380742imgschoolbusjobid31.JPEG", "unix_time": 1620590306.269888}
DEBUG:transfer.py:sshpass -p PASSWORD scp -P 5000 -o StrictHostKeyChecking=no /jupiter/circe_output/storeclass2_lccenc2_06380742imgschoolbusjobid31.JPEG root@10.102.39.249:/jupiter/circe_input/
DEBUG:transfer.py:transfer successful!
INFO:circe.py:runtime_stat:{"task_name": "circe", "event": "new_input_file", "filename": "resnet0_storeclass2_97782207imgschoolbusjobid32.JPEG", "unix_time": 1620590345.2442744}
INFO:ccdag_utils.py:runtime_stat:{"task_name": "storeclass2", "event": "queue_start_process", "filename": "resnet0_storeclass2_97782207imgschoolbusjobid32.JPEG", "unix_time": 1620590345.315169}
INFO:ccdag_utils.py:runtime_stat:{"task_name": "storeclass2", "event": "queue_end_process", "filename": "storeclass2_lccenc2_97782207imgschoolbusjobid32.JPEG", "unix_time": 1620590345.323335}
INFO:circe.py:runtime_stat:{"task_name": "circe", "event": "new_output_file", "filename": "storeclass2_lccenc2_97782207imgschoolbusjobid32.JPEG", "unix_time": 1620590345.3242078}
DEBUG:transfer.py:sshpass -p PASSWORD scp -P 5000 -o StrictHostKeyChecking=no /jupiter/circe_output/storeclass2_lccenc2_97782207imgschoolbusjobid32.JPEG root@10.102.39.249:/jupiter/circe_input/
DEBUG:transfer.py:transfer successful!
INFO:circe.py:runtime_stat:{"task_name": "circe", "event": "new_input_file", "filename": "resnet6_storeclass2_94174284imgschoolbusjobid33.JPEG", "unix_time": 1620590394.700199}
INFO:circe.py:runtime_stat:{"task_name": "circe", "event": "new_input_file", "filename": "resnet5_storeclass2_79198190imgschoolbusjobid33.JPEG", "unix_time": 1620590395.2247705}
INFO:ccdag_utils.py:runtime_stat:{"task_name": "storeclass2", "event": "queue_start_process", "filename": "resnet6_storeclass2_94174284imgschoolbusjobid33.JPEG", "unix_time": 1620590395.3768382}
INFO:ccdag_utils.py:runtime_stat:{"task_name": "storeclass2", "event": "queue_end_process", "filename": "storeclass2_lccenc2_94174284imgschoolbusjobid33.JPEG", "unix_time": 1620590395.3841817}
INFO:ccdag_utils.py:runtime_stat:{"task_name": "storeclass2", "event": "queue_start_process", "filename": "resnet5_storeclass2_79198190imgschoolbusjobid33.JPEG", "unix_time": 1620590395.3844452}
INFO:circe.py:runtime_stat:{"task_name": "circe", "event": "new_output_file", "filename": "storeclass2_lccenc2_94174284imgschoolbusjobid33.JPEG", "unix_time": 1620590395.3849845}
DEBUG:transfer.py:sshpass -p PASSWORD scp -P 5000 -o StrictHostKeyChecking=no /jupiter/circe_output/storeclass2_lccenc2_94174284imgschoolbusjobid33.JPEG root@10.102.39.249:/jupiter/circe_input/
INFO:ccdag_utils.py:runtime_stat:{"task_name": "storeclass2", "event": "queue_end_process", "filename": "storeclass2_lccenc2_79198190imgschoolbusjobid33.JPEG", "unix_time": 1620590395.3907082}
DEBUG:transfer.py:transfer successful!
INFO:circe.py:runtime_stat:{"task_name": "circe", "event": "new_output_file", "filename": "storeclass2_lccenc2_79198190imgschoolbusjobid33.JPEG", "unix_time": 1620590395.596855}
DEBUG:transfer.py:sshpass -p PASSWORD scp -P 5000 -o StrictHostKeyChecking=no /jupiter/circe_output/storeclass2_lccenc2_79198190imgschoolbusjobid33.JPEG root@10.102.39.249:/jupiter/circe_input/
DEBUG:transfer.py:transfer successful!
