 * Starting OpenBSD Secure Shell server sshd
   ...done.
INFO:circe.py:Using base script lccenc.py
DEBUG:circe.py:starting the input monitoring process
DEBUG:circe.py:starting the output monitoring process
5
INFO:circe.py:runtime_stat:{"task_name": "circe", "event": "new_input_file", "filename": "storeclass5_lccenc5_30900939imgkitfoxjobid0.JPEG", "unix_time": 1620589284.3275082}
INFO:circe.py:runtime_stat:{"task_name": "circe", "event": "new_input_file", "filename": "storeclass5_lccenc5_45462657imgkitfoxjobid0.JPEG", "unix_time": 1620589286.2995646}
INFO:circe.py:runtime_stat:{"task_name": "circe", "event": "new_input_file", "filename": "storeclass5_lccenc5_82684842imgkitfoxjobid1.JPEG", "unix_time": 1620589517.5474534}
INFO:circe.py:runtime_stat:{"task_name": "circe", "event": "new_input_file", "filename": "storeclass5_lccenc5_51982007imgkitfoxjobid2.JPEG", "unix_time": 1620589574.638218}
INFO:ccdag_utils.py:runtime_stat:{"task_name": "lccenc5", "event": "queue_start_process", "filename": "storeclass5_lccenc5_30900939imgkitfoxjobid0.JPEG", "unix_time": 1620589575.2913454}
INFO:ccdag_utils.py:runtime_stat:{"task_name": "lccenc5", "event": "queue_start_process", "filename": "storeclass5_lccenc5_45462657imgkitfoxjobid0.JPEG", "unix_time": 1620589575.2917016}
INFO:ccdag_utils.py:runtime_stat:{"task_name": "lccenc5", "event": "queue_start_process", "filename": "storeclass5_lccenc5_82684842imgkitfoxjobid1.JPEG", "unix_time": 1620589575.2918952}
INFO:ccdag_utils.py:runtime_stat:{"task_name": "lccenc5", "event": "queue_start_process", "filename": "storeclass5_lccenc5_51982007imgkitfoxjobid2.JPEG", "unix_time": 1620589575.292074}
INFO:ccdag_utils.py:runtime_stat:{"task_name": "lccenc5", "event": "queue_end_process", "filename": "lccenc5_score5a_4#30900939-4#45462657-4#82684842-4#51982007jobid1.csv", "unix_time": 1620589576.4835541}
INFO:circe.py:runtime_stat:{"task_name": "circe", "event": "new_output_file", "filename": "lccenc5_score5a_4#30900939-4#45462657-4#82684842-4#51982007jobid1.csv", "unix_time": 1620589576.4844134}
DEBUG:transfer.py:sshpass -p PASSWORD scp -P 5000 -o StrictHostKeyChecking=no /jupiter/circe_output/lccenc5_score5a_4#30900939-4#45462657-4#82684842-4#51982007jobid1.csv root@10.105.15.209:/jupiter/circe_input/
Warning: Permanently added '[10.105.15.209]:5000' (ECDSA) to the list of known hosts.
DEBUG:transfer.py:transfer successful!
INFO:ccdag_utils.py:runtime_stat:{"task_name": "lccenc5", "event": "queue_end_process", "filename": "lccenc5_score5b_4#30900939-4#45462657-4#82684842-4#51982007jobid1.csv", "unix_time": 1620589577.5144162}
INFO:circe.py:runtime_stat:{"task_name": "circe", "event": "new_output_file", "filename": "lccenc5_score5b_4#30900939-4#45462657-4#82684842-4#51982007jobid1.csv", "unix_time": 1620589577.5247848}
DEBUG:transfer.py:sshpass -p PASSWORD scp -P 5000 -o StrictHostKeyChecking=no /jupiter/circe_output/lccenc5_score5b_4#30900939-4#45462657-4#82684842-4#51982007jobid1.csv root@10.104.66.190:/jupiter/circe_input/
Warning: Permanently added '[10.104.66.190]:5000' (ECDSA) to the list of known hosts.
DEBUG:transfer.py:transfer successful!
INFO:ccdag_utils.py:runtime_stat:{"task_name": "lccenc5", "event": "queue_end_process", "filename": "lccenc5_score5c_4#30900939-4#45462657-4#82684842-4#51982007jobid1.csv", "unix_time": 1620589578.5167816}
INFO:circe.py:runtime_stat:{"task_name": "circe", "event": "new_output_file", "filename": "lccenc5_score5c_4#30900939-4#45462657-4#82684842-4#51982007jobid1.csv", "unix_time": 1620589578.5177908}
DEBUG:transfer.py:sshpass -p PASSWORD scp -P 5000 -o StrictHostKeyChecking=no /jupiter/circe_output/lccenc5_score5c_4#30900939-4#45462657-4#82684842-4#51982007jobid1.csv root@10.110.204.183:/jupiter/circe_input/
Warning: Permanently added '[10.110.204.183]:5000' (ECDSA) to the list of known hosts.
DEBUG:transfer.py:transfer successful!
INFO:circe.py:runtime_stat:{"task_name": "circe", "event": "new_input_file", "filename": "storeclass5_lccenc5_47702034imgkitfoxjobid7.JPEG", "unix_time": 1620589649.6971266}
INFO:circe.py:runtime_stat:{"task_name": "circe", "event": "new_input_file", "filename": "storeclass5_lccenc5_11414651imgkitfoxjobid8.JPEG", "unix_time": 1620589665.7302444}
INFO:circe.py:runtime_stat:{"task_name": "circe", "event": "new_input_file", "filename": "storeclass5_lccenc5_98998021imgkitfoxjobid19.JPEG", "unix_time": 1620589869.993777}
INFO:circe.py:runtime_stat:{"task_name": "circe", "event": "new_input_file", "filename": "storeclass5_lccenc5_37160073imgkitfoxjobid27.JPEG", "unix_time": 1620590153.3020935}
INFO:ccdag_utils.py:runtime_stat:{"task_name": "lccenc5", "event": "queue_start_process", "filename": "storeclass5_lccenc5_47702034imgkitfoxjobid7.JPEG", "unix_time": 1620590154.1349669}
INFO:ccdag_utils.py:runtime_stat:{"task_name": "lccenc5", "event": "queue_start_process", "filename": "storeclass5_lccenc5_11414651imgkitfoxjobid8.JPEG", "unix_time": 1620590154.1353352}
INFO:ccdag_utils.py:runtime_stat:{"task_name": "lccenc5", "event": "queue_start_process", "filename": "storeclass5_lccenc5_98998021imgkitfoxjobid19.JPEG", "unix_time": 1620590154.1355627}
INFO:ccdag_utils.py:runtime_stat:{"task_name": "lccenc5", "event": "queue_start_process", "filename": "storeclass5_lccenc5_37160073imgkitfoxjobid27.JPEG", "unix_time": 1620590154.1357281}
INFO:ccdag_utils.py:runtime_stat:{"task_name": "lccenc5", "event": "queue_end_process", "filename": "lccenc5_score5a_4#47702034-4#11414651-4#98998021-4#37160073jobid2.csv", "unix_time": 1620590155.2920759}
INFO:circe.py:runtime_stat:{"task_name": "circe", "event": "new_output_file", "filename": "lccenc5_score5a_4#47702034-4#11414651-4#98998021-4#37160073jobid2.csv", "unix_time": 1620590155.2928228}
DEBUG:transfer.py:sshpass -p PASSWORD scp -P 5000 -o StrictHostKeyChecking=no /jupiter/circe_output/lccenc5_score5a_4#47702034-4#11414651-4#98998021-4#37160073jobid2.csv root@10.105.15.209:/jupiter/circe_input/
DEBUG:transfer.py:transfer successful!
INFO:ccdag_utils.py:runtime_stat:{"task_name": "lccenc5", "event": "queue_end_process", "filename": "lccenc5_score5b_4#47702034-4#11414651-4#98998021-4#37160073jobid2.csv", "unix_time": 1620590156.3506968}
INFO:circe.py:runtime_stat:{"task_name": "circe", "event": "new_output_file", "filename": "lccenc5_score5b_4#47702034-4#11414651-4#98998021-4#37160073jobid2.csv", "unix_time": 1620590156.386433}
DEBUG:transfer.py:sshpass -p PASSWORD scp -P 5000 -o StrictHostKeyChecking=no /jupiter/circe_output/lccenc5_score5b_4#47702034-4#11414651-4#98998021-4#37160073jobid2.csv root@10.104.66.190:/jupiter/circe_input/
DEBUG:transfer.py:transfer successful!
INFO:ccdag_utils.py:runtime_stat:{"task_name": "lccenc5", "event": "queue_end_process", "filename": "lccenc5_score5c_4#47702034-4#11414651-4#98998021-4#37160073jobid2.csv", "unix_time": 1620590157.3673222}
INFO:circe.py:runtime_stat:{"task_name": "circe", "event": "new_output_file", "filename": "lccenc5_score5c_4#47702034-4#11414651-4#98998021-4#37160073jobid2.csv", "unix_time": 1620590157.3683202}
DEBUG:transfer.py:sshpass -p PASSWORD scp -P 5000 -o StrictHostKeyChecking=no /jupiter/circe_output/lccenc5_score5c_4#47702034-4#11414651-4#98998021-4#37160073jobid2.csv root@10.110.204.183:/jupiter/circe_input/
DEBUG:transfer.py:transfer successful!
INFO:circe.py:runtime_stat:{"task_name": "circe", "event": "new_input_file", "filename": "storeclass5_lccenc5_50952064imgkitfoxjobid33.JPEG", "unix_time": 1620590397.6032784}
