 * Starting OpenBSD Secure Shell server sshd
   ...done.
INFO:circe.py:Using base script score.py
DEBUG:circe.py:starting the input monitoring process
DEBUG:circe.py:starting the output monitoring process
INFO:circe.py:runtime_stat:{"task_name": "circe", "event": "new_input_file", "filename": "lccenc1_score1b_1#45830056-1#04620081-0#73484279-0#20255267jobid2.csv", "unix_time": 1620589431.843032}
INFO:ccdag_utils.py:runtime_stat:{"task_name": "score1b", "event": "queue_start_process", "filename": "lccenc1_score1b_1#45830056-1#04620081-0#73484279-0#20255267jobid2.csv", "unix_time": 1620589432.0560203}
['fireengine21.JPEG', 'fireengine22.JPEG', 'fireengine23.JPEG', 'fireengine24.JPEG', 'fireengine25.JPEG', 'fireengine26.JPEG', 'fireengine27.JPEG', 'fireengine28.JPEG', 'fireengine29.JPEG', 'fireengine30.JPEG']
INFO:circe.py:runtime_stat:{"task_name": "circe", "event": "new_output_file", "filename": "score1b_preagg1_2jobth1#45830056-1#04620081-0#73484279-0#20255267", "unix_time": 1620589434.0303898}
DEBUG:transfer.py:sshpass -p PASSWORD scp -P 5000 -o StrictHostKeyChecking=no /jupiter/circe_output/score1b_preagg1_2jobth1#45830056-1#04620081-0#73484279-0#20255267 root@10.103.187.163:/jupiter/circe_input/
INFO:ccdag_utils.py:runtime_stat:{"task_name": "score1b", "event": "queue_end_process", "filename": "score1b_preagg1_2jobth1#45830056-1#04620081-0#73484279-0#20255267", "unix_time": 1620589434.037848}
Warning: Permanently added '[10.103.187.163]:5000' (ECDSA) to the list of known hosts.
DEBUG:transfer.py:transfer successful!
INFO:circe.py:runtime_stat:{"task_name": "circe", "event": "new_input_file", "filename": "lccenc1_score1b_0#51527659-0#24456832-0#62751220-0#46633969jobid1.csv", "unix_time": 1620589604.0320601}
INFO:ccdag_utils.py:runtime_stat:{"task_name": "score1b", "event": "queue_start_process", "filename": "lccenc1_score1b_0#51527659-0#24456832-0#62751220-0#46633969jobid1.csv", "unix_time": 1620589604.2160697}
['fireengine21.JPEG', 'fireengine22.JPEG', 'fireengine23.JPEG', 'fireengine24.JPEG', 'fireengine25.JPEG', 'fireengine26.JPEG', 'fireengine27.JPEG', 'fireengine28.JPEG', 'fireengine29.JPEG', 'fireengine30.JPEG']
INFO:circe.py:runtime_stat:{"task_name": "circe", "event": "new_output_file", "filename": "score1b_preagg1_1jobth0#51527659-0#24456832-0#62751220-0#46633969", "unix_time": 1620589606.0072892}
DEBUG:transfer.py:sshpass -p PASSWORD scp -P 5000 -o StrictHostKeyChecking=no /jupiter/circe_output/score1b_preagg1_1jobth0#51527659-0#24456832-0#62751220-0#46633969 root@10.103.187.163:/jupiter/circe_input/
INFO:ccdag_utils.py:runtime_stat:{"task_name": "score1b", "event": "queue_end_process", "filename": "score1b_preagg1_1jobth0#51527659-0#24456832-0#62751220-0#46633969", "unix_time": 1620589606.0133655}
DEBUG:transfer.py:transfer successful!
INFO:circe.py:runtime_stat:{"task_name": "circe", "event": "new_input_file", "filename": "lccenc1_score1b_0#22409267-0#04011892-0#98793047-0#76688541jobid2.csv", "unix_time": 1620589688.2366962}
INFO:ccdag_utils.py:runtime_stat:{"task_name": "score1b", "event": "queue_start_process", "filename": "lccenc1_score1b_0#22409267-0#04011892-0#98793047-0#76688541jobid2.csv", "unix_time": 1620589689.111834}
['fireengine21.JPEG', 'fireengine22.JPEG', 'fireengine23.JPEG', 'fireengine24.JPEG', 'fireengine25.JPEG', 'fireengine26.JPEG', 'fireengine27.JPEG', 'fireengine28.JPEG', 'fireengine29.JPEG', 'fireengine30.JPEG']
INFO:ccdag_utils.py:runtime_stat:{"task_name": "score1b", "event": "queue_end_process", "filename": "score1b_preagg1_2jobth0#22409267-0#04011892-0#98793047-0#76688541", "unix_time": 1620589690.9598968}
INFO:circe.py:runtime_stat:{"task_name": "circe", "event": "new_output_file", "filename": "score1b_preagg1_2jobth0#22409267-0#04011892-0#98793047-0#76688541", "unix_time": 1620589690.9612916}
DEBUG:transfer.py:sshpass -p PASSWORD scp -P 5000 -o StrictHostKeyChecking=no /jupiter/circe_output/score1b_preagg1_2jobth0#22409267-0#04011892-0#98793047-0#76688541 root@10.103.187.163:/jupiter/circe_input/
DEBUG:transfer.py:transfer successful!
INFO:circe.py:runtime_stat:{"task_name": "circe", "event": "new_input_file", "filename": "lccenc1_score1b_0#00847700-0#74770247-1#44487201-1#64804740jobid3.csv", "unix_time": 1620589769.5816128}
INFO:ccdag_utils.py:runtime_stat:{"task_name": "score1b", "event": "queue_start_process", "filename": "lccenc1_score1b_0#00847700-0#74770247-1#44487201-1#64804740jobid3.csv", "unix_time": 1620589770.0422847}
['fireengine21.JPEG', 'fireengine22.JPEG', 'fireengine23.JPEG', 'fireengine24.JPEG', 'fireengine25.JPEG', 'fireengine26.JPEG', 'fireengine27.JPEG', 'fireengine28.JPEG', 'fireengine29.JPEG', 'fireengine30.JPEG']
INFO:circe.py:runtime_stat:{"task_name": "circe", "event": "new_output_file", "filename": "score1b_preagg1_3jobth0#00847700-0#74770247-1#44487201-1#64804740", "unix_time": 1620589771.822044}
DEBUG:transfer.py:sshpass -p PASSWORD scp -P 5000 -o StrictHostKeyChecking=no /jupiter/circe_output/score1b_preagg1_3jobth0#00847700-0#74770247-1#44487201-1#64804740 root@10.103.187.163:/jupiter/circe_input/
INFO:ccdag_utils.py:runtime_stat:{"task_name": "score1b", "event": "queue_end_process", "filename": "score1b_preagg1_3jobth0#00847700-0#74770247-1#44487201-1#64804740", "unix_time": 1620589771.8231914}
DEBUG:transfer.py:transfer successful!
INFO:circe.py:runtime_stat:{"task_name": "circe", "event": "new_input_file", "filename": "lccenc1_score1b_0#59969206-0#20686866-0#25833538-0#87512942jobid4.csv", "unix_time": 1620589871.9682643}
INFO:ccdag_utils.py:runtime_stat:{"task_name": "score1b", "event": "queue_start_process", "filename": "lccenc1_score1b_0#59969206-0#20686866-0#25833538-0#87512942jobid4.csv", "unix_time": 1620589872.9367683}
['fireengine21.JPEG', 'fireengine22.JPEG', 'fireengine23.JPEG', 'fireengine24.JPEG', 'fireengine25.JPEG', 'fireengine26.JPEG', 'fireengine27.JPEG', 'fireengine28.JPEG', 'fireengine29.JPEG', 'fireengine30.JPEG']
INFO:circe.py:runtime_stat:{"task_name": "circe", "event": "new_output_file", "filename": "score1b_preagg1_4jobth0#59969206-0#20686866-0#25833538-0#87512942", "unix_time": 1620589874.6971958}
DEBUG:transfer.py:sshpass -p PASSWORD scp -P 5000 -o StrictHostKeyChecking=no /jupiter/circe_output/score1b_preagg1_4jobth0#59969206-0#20686866-0#25833538-0#87512942 root@10.103.187.163:/jupiter/circe_input/
INFO:ccdag_utils.py:runtime_stat:{"task_name": "score1b", "event": "queue_end_process", "filename": "score1b_preagg1_4jobth0#59969206-0#20686866-0#25833538-0#87512942", "unix_time": 1620589874.6984975}
DEBUG:transfer.py:transfer successful!
INFO:circe.py:runtime_stat:{"task_name": "circe", "event": "new_input_file", "filename": "lccenc1_score1b_0#59638434-0#27992159-0#29425452-0#72125865jobid5.csv", "unix_time": 1620590120.230385}
INFO:ccdag_utils.py:runtime_stat:{"task_name": "score1b", "event": "queue_start_process", "filename": "lccenc1_score1b_0#59638434-0#27992159-0#29425452-0#72125865jobid5.csv", "unix_time": 1620590120.9581769}
['fireengine21.JPEG', 'fireengine22.JPEG', 'fireengine23.JPEG', 'fireengine24.JPEG', 'fireengine25.JPEG', 'fireengine26.JPEG', 'fireengine27.JPEG', 'fireengine28.JPEG', 'fireengine29.JPEG', 'fireengine30.JPEG']
INFO:circe.py:runtime_stat:{"task_name": "circe", "event": "new_output_file", "filename": "score1b_preagg1_5jobth0#59638434-0#27992159-0#29425452-0#72125865", "unix_time": 1620590122.7295866}
DEBUG:transfer.py:sshpass -p PASSWORD scp -P 5000 -o StrictHostKeyChecking=no /jupiter/circe_output/score1b_preagg1_5jobth0#59638434-0#27992159-0#29425452-0#72125865 root@10.103.187.163:/jupiter/circe_input/
INFO:ccdag_utils.py:runtime_stat:{"task_name": "score1b", "event": "queue_end_process", "filename": "score1b_preagg1_5jobth0#59638434-0#27992159-0#29425452-0#72125865", "unix_time": 1620590122.7359767}
DEBUG:transfer.py:transfer successful!
