 * Starting OpenBSD Secure Shell server sshd
   ...done.
INFO:circe.py:Using base script lccdec.py
DEBUG:circe.py:starting the input monitoring process
DEBUG:circe.py:starting the output monitoring process
INFO:circe.py:runtime_stat:{"task_name": "circe", "event": "new_input_file", "filename": "preagg7_lccdec7_1jobthscore7a6#75679464-6#09323759-6#07617868-6#52439554", "unix_time": 1620686649.5037217}
INFO:ccdag_utils.py:runtime_stat:{"task_name": "lccdec7", "event": "queue_start_process", "filename": "preagg7_lccdec7_1jobthscore7a6#75679464-6#09323759-6#07617868-6#52439554", "unix_time": 1620686649.5046437}
INFO:circe.py:runtime_stat:{"task_name": "circe", "event": "new_input_file", "filename": "preagg7_lccdec7_1jobthscore7b6#75679464-6#09323759-6#07617868-6#52439554", "unix_time": 1620686649.7187436}
INFO:ccdag_utils.py:runtime_stat:{"task_name": "lccdec7", "event": "queue_start_process", "filename": "preagg7_lccdec7_1jobthscore7b6#75679464-6#09323759-6#07617868-6#52439554", "unix_time": 1620686649.719134}
INFO:circe.py:runtime_stat:{"task_name": "circe", "event": "new_output_file", "filename": "lccdec7_home_1jobth6#75679464-6#09323759-6#07617868-6#52439554", "unix_time": 1620686649.739008}
DEBUG:transfer.py:sshpass -p PASSWORD scp -P 5000 -o StrictHostKeyChecking=no /jupiter/circe_output/lccdec7_home_1jobth6#75679464-6#09323759-6#07617868-6#52439554 root@10.110.213.51:/jupiter/circe_input/
INFO:ccdag_utils.py:runtime_stat:{"task_name": "lccdec7", "event": "queue_end_process", "filename": "lccdec7_home_1jobth6#75679464-6#09323759-6#07617868-6#52439554", "unix_time": 1620686649.7445133}
Warning: Permanently added '[10.110.213.51]:5000' (ECDSA) to the list of known hosts.
DEBUG:transfer.py:transfer successful!
INFO:circe.py:runtime_stat:{"task_name": "circe", "event": "new_input_file", "filename": "preagg7_lccdec7_2jobthscore7a6#25437947-6#52139416-6#07249050-6#27278490", "unix_time": 1620686653.6234076}
INFO:ccdag_utils.py:runtime_stat:{"task_name": "lccdec7", "event": "queue_start_process", "filename": "preagg7_lccdec7_2jobthscore7a6#25437947-6#52139416-6#07249050-6#27278490", "unix_time": 1620686653.6240408}
INFO:circe.py:runtime_stat:{"task_name": "circe", "event": "new_input_file", "filename": "preagg7_lccdec7_2jobthscore7b6#25437947-6#52139416-6#07249050-6#27278490", "unix_time": 1620686653.84936}
INFO:ccdag_utils.py:runtime_stat:{"task_name": "lccdec7", "event": "queue_start_process", "filename": "preagg7_lccdec7_2jobthscore7b6#25437947-6#52139416-6#07249050-6#27278490", "unix_time": 1620686653.849835}
INFO:circe.py:runtime_stat:{"task_name": "circe", "event": "new_output_file", "filename": "lccdec7_home_2jobth6#25437947-6#52139416-6#07249050-6#27278490", "unix_time": 1620686653.862632}
DEBUG:transfer.py:sshpass -p PASSWORD scp -P 5000 -o StrictHostKeyChecking=no /jupiter/circe_output/lccdec7_home_2jobth6#25437947-6#52139416-6#07249050-6#27278490 root@10.110.213.51:/jupiter/circe_input/
INFO:ccdag_utils.py:runtime_stat:{"task_name": "lccdec7", "event": "queue_end_process", "filename": "lccdec7_home_2jobth6#25437947-6#52139416-6#07249050-6#27278490", "unix_time": 1620686653.8671792}
DEBUG:transfer.py:transfer successful!
INFO:circe.py:runtime_stat:{"task_name": "circe", "event": "new_input_file", "filename": "preagg7_lccdec7_3jobthscore7a6#54370445-6#69784090-6#86014351-6#39334301", "unix_time": 1620686656.7749906}
INFO:ccdag_utils.py:runtime_stat:{"task_name": "lccdec7", "event": "queue_start_process", "filename": "preagg7_lccdec7_3jobthscore7a6#54370445-6#69784090-6#86014351-6#39334301", "unix_time": 1620686656.7756667}
INFO:circe.py:runtime_stat:{"task_name": "circe", "event": "new_input_file", "filename": "preagg7_lccdec7_3jobthscore7b6#54370445-6#69784090-6#86014351-6#39334301", "unix_time": 1620686656.9934855}
INFO:ccdag_utils.py:runtime_stat:{"task_name": "lccdec7", "event": "queue_start_process", "filename": "preagg7_lccdec7_3jobthscore7b6#54370445-6#69784090-6#86014351-6#39334301", "unix_time": 1620686656.9938433}
INFO:circe.py:runtime_stat:{"task_name": "circe", "event": "new_output_file", "filename": "lccdec7_home_3jobth6#54370445-6#69784090-6#86014351-6#39334301", "unix_time": 1620686657.006478}
DEBUG:transfer.py:sshpass -p PASSWORD scp -P 5000 -o StrictHostKeyChecking=no /jupiter/circe_output/lccdec7_home_3jobth6#54370445-6#69784090-6#86014351-6#39334301 root@10.110.213.51:/jupiter/circe_input/
INFO:ccdag_utils.py:runtime_stat:{"task_name": "lccdec7", "event": "queue_end_process", "filename": "lccdec7_home_3jobth6#54370445-6#69784090-6#86014351-6#39334301", "unix_time": 1620686657.0109775}
DEBUG:transfer.py:transfer successful!
INFO:circe.py:runtime_stat:{"task_name": "circe", "event": "new_input_file", "filename": "preagg7_lccdec7_4jobthscore7a6#48328866-6#46208171-6#83309722-6#92672650", "unix_time": 1620686661.9864392}
INFO:ccdag_utils.py:runtime_stat:{"task_name": "lccdec7", "event": "queue_start_process", "filename": "preagg7_lccdec7_4jobthscore7a6#48328866-6#46208171-6#83309722-6#92672650", "unix_time": 1620686661.9870923}
INFO:circe.py:runtime_stat:{"task_name": "circe", "event": "new_input_file", "filename": "preagg7_lccdec7_4jobthscore7b6#48328866-6#46208171-6#83309722-6#92672650", "unix_time": 1620686662.1992395}
INFO:ccdag_utils.py:runtime_stat:{"task_name": "lccdec7", "event": "queue_start_process", "filename": "preagg7_lccdec7_4jobthscore7b6#48328866-6#46208171-6#83309722-6#92672650", "unix_time": 1620686662.1997666}
INFO:circe.py:runtime_stat:{"task_name": "circe", "event": "new_output_file", "filename": "lccdec7_home_4jobth6#48328866-6#46208171-6#83309722-6#92672650", "unix_time": 1620686662.2144709}
DEBUG:transfer.py:sshpass -p PASSWORD scp -P 5000 -o StrictHostKeyChecking=no /jupiter/circe_output/lccdec7_home_4jobth6#48328866-6#46208171-6#83309722-6#92672650 root@10.110.213.51:/jupiter/circe_input/
INFO:ccdag_utils.py:runtime_stat:{"task_name": "lccdec7", "event": "queue_end_process", "filename": "lccdec7_home_4jobth6#48328866-6#46208171-6#83309722-6#92672650", "unix_time": 1620686662.2199802}
DEBUG:transfer.py:transfer successful!
INFO:circe.py:runtime_stat:{"task_name": "circe", "event": "new_input_file", "filename": "preagg7_lccdec7_5jobthscore7a6#65043142-6#66496977-6#04989102-6#74483129", "unix_time": 1620686666.1755974}
INFO:ccdag_utils.py:runtime_stat:{"task_name": "lccdec7", "event": "queue_start_process", "filename": "preagg7_lccdec7_5jobthscore7a6#65043142-6#66496977-6#04989102-6#74483129", "unix_time": 1620686666.176259}
INFO:circe.py:runtime_stat:{"task_name": "circe", "event": "new_input_file", "filename": "preagg7_lccdec7_5jobthscore7b6#65043142-6#66496977-6#04989102-6#74483129", "unix_time": 1620686666.3855689}
INFO:ccdag_utils.py:runtime_stat:{"task_name": "lccdec7", "event": "queue_start_process", "filename": "preagg7_lccdec7_5jobthscore7b6#65043142-6#66496977-6#04989102-6#74483129", "unix_time": 1620686666.386216}
INFO:ccdag_utils.py:runtime_stat:{"task_name": "lccdec7", "event": "queue_end_process", "filename": "lccdec7_home_5jobth6#65043142-6#66496977-6#04989102-6#74483129", "unix_time": 1620686666.4025345}
INFO:circe.py:runtime_stat:{"task_name": "circe", "event": "new_output_file", "filename": "lccdec7_home_5jobth6#65043142-6#66496977-6#04989102-6#74483129", "unix_time": 1620686666.4035532}
DEBUG:transfer.py:sshpass -p PASSWORD scp -P 5000 -o StrictHostKeyChecking=no /jupiter/circe_output/lccdec7_home_5jobth6#65043142-6#66496977-6#04989102-6#74483129 root@10.110.213.51:/jupiter/circe_input/
DEBUG:transfer.py:transfer successful!
INFO:circe.py:runtime_stat:{"task_name": "circe", "event": "new_input_file", "filename": "preagg7_lccdec7_6jobthscore7a6#97668655-6#45557719-6#14751227-6#57431762", "unix_time": 1620686674.35369}
INFO:ccdag_utils.py:runtime_stat:{"task_name": "lccdec7", "event": "queue_start_process", "filename": "preagg7_lccdec7_6jobthscore7a6#97668655-6#45557719-6#14751227-6#57431762", "unix_time": 1620686674.354408}
INFO:circe.py:runtime_stat:{"task_name": "circe", "event": "new_input_file", "filename": "preagg7_lccdec7_6jobthscore7b6#97668655-6#45557719-6#14751227-6#57431762", "unix_time": 1620686674.5619233}
INFO:ccdag_utils.py:runtime_stat:{"task_name": "lccdec7", "event": "queue_start_process", "filename": "preagg7_lccdec7_6jobthscore7b6#97668655-6#45557719-6#14751227-6#57431762", "unix_time": 1620686674.5628161}
INFO:circe.py:runtime_stat:{"task_name": "circe", "event": "new_output_file", "filename": "lccdec7_home_6jobth6#97668655-6#45557719-6#14751227-6#57431762", "unix_time": 1620686674.5774388}
DEBUG:transfer.py:sshpass -p PASSWORD scp -P 5000 -o StrictHostKeyChecking=no /jupiter/circe_output/lccdec7_home_6jobth6#97668655-6#45557719-6#14751227-6#57431762 root@10.110.213.51:/jupiter/circe_input/
INFO:ccdag_utils.py:runtime_stat:{"task_name": "lccdec7", "event": "queue_end_process", "filename": "lccdec7_home_6jobth6#97668655-6#45557719-6#14751227-6#57431762", "unix_time": 1620686674.5788908}
DEBUG:transfer.py:transfer successful!
INFO:circe.py:runtime_stat:{"task_name": "circe", "event": "new_input_file", "filename": "preagg7_lccdec7_7jobthscore7a6#55443601-6#53983947-6#20161475-6#07468689", "unix_time": 1620686677.5066042}
INFO:ccdag_utils.py:runtime_stat:{"task_name": "lccdec7", "event": "queue_start_process", "filename": "preagg7_lccdec7_7jobthscore7a6#55443601-6#53983947-6#20161475-6#07468689", "unix_time": 1620686677.507134}
INFO:circe.py:runtime_stat:{"task_name": "circe", "event": "new_input_file", "filename": "preagg7_lccdec7_7jobthscore7b6#55443601-6#53983947-6#20161475-6#07468689", "unix_time": 1620686677.7366705}
INFO:ccdag_utils.py:runtime_stat:{"task_name": "lccdec7", "event": "queue_start_process", "filename": "preagg7_lccdec7_7jobthscore7b6#55443601-6#53983947-6#20161475-6#07468689", "unix_time": 1620686677.7370894}
INFO:circe.py:runtime_stat:{"task_name": "circe", "event": "new_output_file", "filename": "lccdec7_home_7jobth6#55443601-6#53983947-6#20161475-6#07468689", "unix_time": 1620686677.7519548}
DEBUG:transfer.py:sshpass -p PASSWORD scp -P 5000 -o StrictHostKeyChecking=no /jupiter/circe_output/lccdec7_home_7jobth6#55443601-6#53983947-6#20161475-6#07468689 root@10.110.213.51:/jupiter/circe_input/
INFO:ccdag_utils.py:runtime_stat:{"task_name": "lccdec7", "event": "queue_end_process", "filename": "lccdec7_home_7jobth6#55443601-6#53983947-6#20161475-6#07468689", "unix_time": 1620686677.756675}
DEBUG:transfer.py:transfer successful!
INFO:circe.py:runtime_stat:{"task_name": "circe", "event": "new_input_file", "filename": "preagg7_lccdec7_8jobthscore7a6#36932802-6#15717543-6#99279996-6#51487624", "unix_time": 1620686686.7233937}
INFO:ccdag_utils.py:runtime_stat:{"task_name": "lccdec7", "event": "queue_start_process", "filename": "preagg7_lccdec7_8jobthscore7a6#36932802-6#15717543-6#99279996-6#51487624", "unix_time": 1620686686.723985}
INFO:circe.py:runtime_stat:{"task_name": "circe", "event": "new_input_file", "filename": "preagg7_lccdec7_8jobthscore7b6#36932802-6#15717543-6#99279996-6#51487624", "unix_time": 1620686686.9823482}
INFO:ccdag_utils.py:runtime_stat:{"task_name": "lccdec7", "event": "queue_start_process", "filename": "preagg7_lccdec7_8jobthscore7b6#36932802-6#15717543-6#99279996-6#51487624", "unix_time": 1620686686.9829714}
INFO:circe.py:runtime_stat:{"task_name": "circe", "event": "new_output_file", "filename": "lccdec7_home_8jobth6#36932802-6#15717543-6#99279996-6#51487624", "unix_time": 1620686686.996775}
DEBUG:transfer.py:sshpass -p PASSWORD scp -P 5000 -o StrictHostKeyChecking=no /jupiter/circe_output/lccdec7_home_8jobth6#36932802-6#15717543-6#99279996-6#51487624 root@10.110.213.51:/jupiter/circe_input/
INFO:ccdag_utils.py:runtime_stat:{"task_name": "lccdec7", "event": "queue_end_process", "filename": "lccdec7_home_8jobth6#36932802-6#15717543-6#99279996-6#51487624", "unix_time": 1620686687.0012014}
DEBUG:transfer.py:transfer successful!
INFO:circe.py:runtime_stat:{"task_name": "circe", "event": "new_input_file", "filename": "preagg7_lccdec7_9jobthscore7a6#97696204-6#78711402-6#15748786-6#71514500", "unix_time": 1620686695.9481668}
INFO:ccdag_utils.py:runtime_stat:{"task_name": "lccdec7", "event": "queue_start_process", "filename": "preagg7_lccdec7_9jobthscore7a6#97696204-6#78711402-6#15748786-6#71514500", "unix_time": 1620686695.948714}
INFO:circe.py:runtime_stat:{"task_name": "circe", "event": "new_input_file", "filename": "preagg7_lccdec7_9jobthscore7b6#97696204-6#78711402-6#15748786-6#71514500", "unix_time": 1620686696.1773946}
INFO:ccdag_utils.py:runtime_stat:{"task_name": "lccdec7", "event": "queue_start_process", "filename": "preagg7_lccdec7_9jobthscore7b6#97696204-6#78711402-6#15748786-6#71514500", "unix_time": 1620686696.1777544}
INFO:circe.py:runtime_stat:{"task_name": "circe", "event": "new_output_file", "filename": "lccdec7_home_9jobth6#97696204-6#78711402-6#15748786-6#71514500", "unix_time": 1620686696.192046}
DEBUG:transfer.py:sshpass -p PASSWORD scp -P 5000 -o StrictHostKeyChecking=no /jupiter/circe_output/lccdec7_home_9jobth6#97696204-6#78711402-6#15748786-6#71514500 root@10.110.213.51:/jupiter/circe_input/
INFO:ccdag_utils.py:runtime_stat:{"task_name": "lccdec7", "event": "queue_end_process", "filename": "lccdec7_home_9jobth6#97696204-6#78711402-6#15748786-6#71514500", "unix_time": 1620686696.1937768}
DEBUG:transfer.py:transfer successful!
INFO:circe.py:runtime_stat:{"task_name": "circe", "event": "new_input_file", "filename": "preagg7_lccdec7_10jobthscore7a6#97601489-6#41699235-6#92935879-6#35391467", "unix_time": 1620686698.1064303}
INFO:ccdag_utils.py:runtime_stat:{"task_name": "lccdec7", "event": "queue_start_process", "filename": "preagg7_lccdec7_10jobthscore7a6#97601489-6#41699235-6#92935879-6#35391467", "unix_time": 1620686698.1068795}
INFO:circe.py:runtime_stat:{"task_name": "circe", "event": "new_input_file", "filename": "preagg7_lccdec7_10jobthscore7b6#97601489-6#41699235-6#92935879-6#35391467", "unix_time": 1620686698.331967}
INFO:ccdag_utils.py:runtime_stat:{"task_name": "lccdec7", "event": "queue_start_process", "filename": "preagg7_lccdec7_10jobthscore7b6#97601489-6#41699235-6#92935879-6#35391467", "unix_time": 1620686698.3325562}
INFO:circe.py:runtime_stat:{"task_name": "circe", "event": "new_output_file", "filename": "lccdec7_home_10jobth6#97601489-6#41699235-6#92935879-6#35391467", "unix_time": 1620686698.3485909}
DEBUG:transfer.py:sshpass -p PASSWORD scp -P 5000 -o StrictHostKeyChecking=no /jupiter/circe_output/lccdec7_home_10jobth6#97601489-6#41699235-6#92935879-6#35391467 root@10.110.213.51:/jupiter/circe_input/
INFO:ccdag_utils.py:runtime_stat:{"task_name": "lccdec7", "event": "queue_end_process", "filename": "lccdec7_home_10jobth6#97601489-6#41699235-6#92935879-6#35391467", "unix_time": 1620686698.3530185}
DEBUG:transfer.py:transfer successful!
