 * Starting OpenBSD Secure Shell server sshd
   ...done.
INFO:circe.py:Using base script score.py
DEBUG:circe.py:starting the input monitoring process
DEBUG:circe.py:starting the output monitoring process
INFO:circe.py:runtime_stat:{"task_name": "circe", "event": "new_input_file", "filename": "lccenc1_score1a_0#28918472-0#54442715-0#86601845-0#69136477jobid1.csv", "unix_time": 1620686534.810311}
INFO:ccdag_utils.py:runtime_stat:{"task_name": "score1a", "event": "queue_start_process", "filename": "lccenc1_score1a_0#28918472-0#54442715-0#86601845-0#69136477jobid1.csv", "unix_time": 1620686535.6137302}
['fireengine21.JPEG', 'fireengine22.JPEG', 'fireengine23.JPEG', 'fireengine24.JPEG', 'fireengine25.JPEG', 'fireengine26.JPEG', 'fireengine27.JPEG', 'fireengine28.JPEG', 'fireengine29.JPEG', 'fireengine30.JPEG']
INFO:circe.py:runtime_stat:{"task_name": "circe", "event": "new_input_file", "filename": "lccenc1_score1a_0#90678799-0#13075669-0#96884923-0#23969526jobid2.csv", "unix_time": 1620686537.963501}
INFO:circe.py:runtime_stat:{"task_name": "circe", "event": "new_input_file", "filename": "lccenc1_score1a_0#81874433-0#30189241-0#57930076-0#62275522jobid3.csv", "unix_time": 1620686545.3305674}
INFO:circe.py:runtime_stat:{"task_name": "circe", "event": "new_output_file", "filename": "score1a_preagg1_1jobth0#28918472-0#54442715-0#86601845-0#69136477", "unix_time": 1620686547.7580092}
DEBUG:transfer.py:sshpass -p PASSWORD scp -P 5000 -o StrictHostKeyChecking=no /jupiter/circe_output/score1a_preagg1_1jobth0#28918472-0#54442715-0#86601845-0#69136477 root@10.104.61.65:/jupiter/circe_input/
INFO:ccdag_utils.py:runtime_stat:{"task_name": "score1a", "event": "queue_end_process", "filename": "score1a_preagg1_1jobth0#28918472-0#54442715-0#86601845-0#69136477", "unix_time": 1620686547.7660747}
INFO:ccdag_utils.py:runtime_stat:{"task_name": "score1a", "event": "queue_start_process", "filename": "lccenc1_score1a_0#90678799-0#13075669-0#96884923-0#23969526jobid2.csv", "unix_time": 1620686547.7679598}
['fireengine21.JPEG', 'fireengine22.JPEG', 'fireengine23.JPEG', 'fireengine24.JPEG', 'fireengine25.JPEG', 'fireengine26.JPEG', 'fireengine27.JPEG', 'fireengine28.JPEG', 'fireengine29.JPEG', 'fireengine30.JPEG']
Warning: Permanently added '[10.104.61.65]:5000' (ECDSA) to the list of known hosts.
DEBUG:transfer.py:transfer successful!
INFO:circe.py:runtime_stat:{"task_name": "circe", "event": "new_input_file", "filename": "lccenc1_score1a_0#39423175-0#66857518-0#08634002-0#93045944jobid4.csv", "unix_time": 1620686548.6611574}
INFO:circe.py:runtime_stat:{"task_name": "circe", "event": "new_output_file", "filename": "score1a_preagg1_2jobth0#90678799-0#13075669-0#96884923-0#23969526", "unix_time": 1620686565.299365}
DEBUG:transfer.py:sshpass -p PASSWORD scp -P 5000 -o StrictHostKeyChecking=no /jupiter/circe_output/score1a_preagg1_2jobth0#90678799-0#13075669-0#96884923-0#23969526 root@10.104.61.65:/jupiter/circe_input/
['fireengine21.JPEG', 'fireengine22.JPEG', 'fireengine23.JPEG', 'fireengine24.JPEG', 'fireengine25.JPEG', 'fireengine26.JPEG', 'fireengine27.JPEG', 'fireengine28.JPEG', 'fireengine29.JPEG', 'fireengine30.JPEG']
INFO:ccdag_utils.py:runtime_stat:{"task_name": "score1a", "event": "queue_end_process", "filename": "score1a_preagg1_2jobth0#90678799-0#13075669-0#96884923-0#23969526", "unix_time": 1620686565.3061097}
INFO:ccdag_utils.py:runtime_stat:{"task_name": "score1a", "event": "queue_start_process", "filename": "lccenc1_score1a_0#81874433-0#30189241-0#57930076-0#62275522jobid3.csv", "unix_time": 1620686565.3081408}
DEBUG:transfer.py:transfer successful!
INFO:circe.py:runtime_stat:{"task_name": "circe", "event": "new_input_file", "filename": "lccenc1_score1a_0#99571220-0#20067291-0#11670993-0#97116813jobid5.csv", "unix_time": 1620686565.7878659}
INFO:circe.py:runtime_stat:{"task_name": "circe", "event": "new_output_file", "filename": "score1a_preagg1_3jobth0#81874433-0#30189241-0#57930076-0#62275522", "unix_time": 1620686577.10193}
DEBUG:transfer.py:sshpass -p PASSWORD scp -P 5000 -o StrictHostKeyChecking=no /jupiter/circe_output/score1a_preagg1_3jobth0#81874433-0#30189241-0#57930076-0#62275522 root@10.104.61.65:/jupiter/circe_input/
INFO:ccdag_utils.py:runtime_stat:{"task_name": "score1a", "event": "queue_end_process", "filename": "score1a_preagg1_3jobth0#81874433-0#30189241-0#57930076-0#62275522", "unix_time": 1620686577.1087136}
INFO:ccdag_utils.py:runtime_stat:{"task_name": "score1a", "event": "queue_start_process", "filename": "lccenc1_score1a_0#39423175-0#66857518-0#08634002-0#93045944jobid4.csv", "unix_time": 1620686577.1109624}
['fireengine21.JPEG', 'fireengine22.JPEG', 'fireengine23.JPEG', 'fireengine24.JPEG', 'fireengine25.JPEG', 'fireengine26.JPEG', 'fireengine27.JPEG', 'fireengine28.JPEG', 'fireengine29.JPEG', 'fireengine30.JPEG']
DEBUG:transfer.py:transfer successful!
INFO:circe.py:runtime_stat:{"task_name": "circe", "event": "new_output_file", "filename": "score1a_preagg1_4jobth0#39423175-0#66857518-0#08634002-0#93045944", "unix_time": 1620686588.9903448}
DEBUG:transfer.py:sshpass -p PASSWORD scp -P 5000 -o StrictHostKeyChecking=no /jupiter/circe_output/score1a_preagg1_4jobth0#39423175-0#66857518-0#08634002-0#93045944 root@10.104.61.65:/jupiter/circe_input/
INFO:ccdag_utils.py:runtime_stat:{"task_name": "score1a", "event": "queue_end_process", "filename": "score1a_preagg1_4jobth0#39423175-0#66857518-0#08634002-0#93045944", "unix_time": 1620686588.9967828}
INFO:ccdag_utils.py:runtime_stat:{"task_name": "score1a", "event": "queue_start_process", "filename": "lccenc1_score1a_0#99571220-0#20067291-0#11670993-0#97116813jobid5.csv", "unix_time": 1620686588.9990163}
['fireengine21.JPEG', 'fireengine22.JPEG', 'fireengine23.JPEG', 'fireengine24.JPEG', 'fireengine25.JPEG', 'fireengine26.JPEG', 'fireengine27.JPEG', 'fireengine28.JPEG', 'fireengine29.JPEG', 'fireengine30.JPEG']
DEBUG:transfer.py:transfer successful!
INFO:circe.py:runtime_stat:{"task_name": "circe", "event": "new_output_file", "filename": "score1a_preagg1_5jobth0#99571220-0#20067291-0#11670993-0#97116813", "unix_time": 1620686600.893216}
DEBUG:transfer.py:sshpass -p PASSWORD scp -P 5000 -o StrictHostKeyChecking=no /jupiter/circe_output/score1a_preagg1_5jobth0#99571220-0#20067291-0#11670993-0#97116813 root@10.104.61.65:/jupiter/circe_input/
INFO:ccdag_utils.py:runtime_stat:{"task_name": "score1a", "event": "queue_end_process", "filename": "score1a_preagg1_5jobth0#99571220-0#20067291-0#11670993-0#97116813", "unix_time": 1620686600.9011886}
DEBUG:transfer.py:transfer successful!
INFO:circe.py:runtime_stat:{"task_name": "circe", "event": "new_input_file", "filename": "lccenc1_score1a_0#55697092-0#88995194-0#80648845-1#74627703jobid6.csv", "unix_time": 1620686814.1721768}
INFO:ccdag_utils.py:runtime_stat:{"task_name": "score1a", "event": "queue_start_process", "filename": "lccenc1_score1a_0#55697092-0#88995194-0#80648845-1#74627703jobid6.csv", "unix_time": 1620686815.133967}
['fireengine21.JPEG', 'fireengine22.JPEG', 'fireengine23.JPEG', 'fireengine24.JPEG', 'fireengine25.JPEG', 'fireengine26.JPEG', 'fireengine27.JPEG', 'fireengine28.JPEG', 'fireengine29.JPEG', 'fireengine30.JPEG']
INFO:circe.py:runtime_stat:{"task_name": "circe", "event": "new_output_file", "filename": "score1a_preagg1_6jobth0#55697092-0#88995194-0#80648845-1#74627703", "unix_time": 1620686826.9147804}
DEBUG:transfer.py:sshpass -p PASSWORD scp -P 5000 -o StrictHostKeyChecking=no /jupiter/circe_output/score1a_preagg1_6jobth0#55697092-0#88995194-0#80648845-1#74627703 root@10.104.61.65:/jupiter/circe_input/
INFO:ccdag_utils.py:runtime_stat:{"task_name": "score1a", "event": "queue_end_process", "filename": "score1a_preagg1_6jobth0#55697092-0#88995194-0#80648845-1#74627703", "unix_time": 1620686826.9209976}
DEBUG:transfer.py:transfer successful!
