 * Starting OpenBSD Secure Shell server sshd
   ...done.
INFO:circe.py:Using base script score.py
DEBUG:circe.py:starting the input monitoring process
DEBUG:circe.py:starting the output monitoring process
INFO:circe.py:runtime_stat:{"task_name": "circe", "event": "new_input_file", "filename": "lccenc3_score3a_2#23051708-2#49038040-2#48288036-2#22951391jobid1.csv", "unix_time": 1620683406.609522}
INFO:ccdag_utils.py:runtime_stat:{"task_name": "score3a", "event": "queue_start_process", "filename": "lccenc3_score3a_2#23051708-2#49038040-2#48288036-2#22951391jobid1.csv", "unix_time": 1620683407.5070329}
['whitewolf21.JPEG', 'whitewolf22.JPEG', 'whitewolf23.JPEG', 'whitewolf24.JPEG', 'whitewolf25.JPEG', 'whitewolf26.JPEG', 'whitewolf27.JPEG', 'whitewolf28.JPEG', 'whitewolf29.JPEG', 'whitewolf30.JPEG']
INFO:circe.py:runtime_stat:{"task_name": "circe", "event": "new_output_file", "filename": "score3a_preagg3_1jobth2#23051708-2#49038040-2#48288036-2#22951391", "unix_time": 1620683419.1911855}
DEBUG:transfer.py:sshpass -p PASSWORD scp -P 5000 -o StrictHostKeyChecking=no /jupiter/circe_output/score3a_preagg3_1jobth2#23051708-2#49038040-2#48288036-2#22951391 root@10.109.177.118:/jupiter/circe_input/
INFO:ccdag_utils.py:runtime_stat:{"task_name": "score3a", "event": "queue_end_process", "filename": "score3a_preagg3_1jobth2#23051708-2#49038040-2#48288036-2#22951391", "unix_time": 1620683419.199136}
Warning: Permanently added '[10.109.177.118]:5000' (ECDSA) to the list of known hosts.
DEBUG:transfer.py:transfer successful!
INFO:circe.py:runtime_stat:{"task_name": "circe", "event": "new_input_file", "filename": "lccenc3_score3a_2#81130812-2#84529646-2#30048242-2#18397386jobid2.csv", "unix_time": 1620683420.9241393}
INFO:ccdag_utils.py:runtime_stat:{"task_name": "score3a", "event": "queue_start_process", "filename": "lccenc3_score3a_2#81130812-2#84529646-2#30048242-2#18397386jobid2.csv", "unix_time": 1620683421.2041123}
['whitewolf21.JPEG', 'whitewolf22.JPEG', 'whitewolf23.JPEG', 'whitewolf24.JPEG', 'whitewolf25.JPEG', 'whitewolf26.JPEG', 'whitewolf27.JPEG', 'whitewolf28.JPEG', 'whitewolf29.JPEG', 'whitewolf30.JPEG']
INFO:circe.py:runtime_stat:{"task_name": "circe", "event": "new_input_file", "filename": "lccenc3_score3a_2#28965387-2#02202301-2#84295291-2#21961240jobid3.csv", "unix_time": 1620683430.1277878}
INFO:circe.py:runtime_stat:{"task_name": "circe", "event": "new_output_file", "filename": "score3a_preagg3_2jobth2#81130812-2#84529646-2#30048242-2#18397386", "unix_time": 1620683432.7283332}
DEBUG:transfer.py:sshpass -p PASSWORD scp -P 5000 -o StrictHostKeyChecking=no /jupiter/circe_output/score3a_preagg3_2jobth2#81130812-2#84529646-2#30048242-2#18397386 root@10.109.177.118:/jupiter/circe_input/
INFO:ccdag_utils.py:runtime_stat:{"task_name": "score3a", "event": "queue_end_process", "filename": "score3a_preagg3_2jobth2#81130812-2#84529646-2#30048242-2#18397386", "unix_time": 1620683432.733862}
INFO:ccdag_utils.py:runtime_stat:{"task_name": "score3a", "event": "queue_start_process", "filename": "lccenc3_score3a_2#28965387-2#02202301-2#84295291-2#21961240jobid3.csv", "unix_time": 1620683432.7361507}
['whitewolf21.JPEG', 'whitewolf22.JPEG', 'whitewolf23.JPEG', 'whitewolf24.JPEG', 'whitewolf25.JPEG', 'whitewolf26.JPEG', 'whitewolf27.JPEG', 'whitewolf28.JPEG', 'whitewolf29.JPEG', 'whitewolf30.JPEG']
DEBUG:transfer.py:transfer successful!
INFO:circe.py:runtime_stat:{"task_name": "circe", "event": "new_input_file", "filename": "lccenc3_score3a_2#87628162-2#91434977-2#16372805-2#52111596jobid4.csv", "unix_time": 1620683438.3317394}
INFO:circe.py:runtime_stat:{"task_name": "circe", "event": "new_output_file", "filename": "score3a_preagg3_3jobth2#28965387-2#02202301-2#84295291-2#21961240", "unix_time": 1620683444.2198224}
DEBUG:transfer.py:sshpass -p PASSWORD scp -P 5000 -o StrictHostKeyChecking=no /jupiter/circe_output/score3a_preagg3_3jobth2#28965387-2#02202301-2#84295291-2#21961240 root@10.109.177.118:/jupiter/circe_input/
INFO:ccdag_utils.py:runtime_stat:{"task_name": "score3a", "event": "queue_end_process", "filename": "score3a_preagg3_3jobth2#28965387-2#02202301-2#84295291-2#21961240", "unix_time": 1620683444.2212539}
INFO:ccdag_utils.py:runtime_stat:{"task_name": "score3a", "event": "queue_start_process", "filename": "lccenc3_score3a_2#87628162-2#91434977-2#16372805-2#52111596jobid4.csv", "unix_time": 1620683444.2277899}
['whitewolf21.JPEG', 'whitewolf22.JPEG', 'whitewolf23.JPEG', 'whitewolf24.JPEG', 'whitewolf25.JPEG', 'whitewolf26.JPEG', 'whitewolf27.JPEG', 'whitewolf28.JPEG', 'whitewolf29.JPEG', 'whitewolf30.JPEG']
DEBUG:transfer.py:transfer successful!
INFO:circe.py:runtime_stat:{"task_name": "circe", "event": "new_input_file", "filename": "lccenc3_score3a_2#86287610-2#68466544-2#30935215-2#32878804jobid5.csv", "unix_time": 1620683451.130977}
INFO:circe.py:runtime_stat:{"task_name": "circe", "event": "new_output_file", "filename": "score3a_preagg3_4jobth2#87628162-2#91434977-2#16372805-2#52111596", "unix_time": 1620683455.7316744}
DEBUG:transfer.py:sshpass -p PASSWORD scp -P 5000 -o StrictHostKeyChecking=no /jupiter/circe_output/score3a_preagg3_4jobth2#87628162-2#91434977-2#16372805-2#52111596 root@10.109.177.118:/jupiter/circe_input/
INFO:ccdag_utils.py:runtime_stat:{"task_name": "score3a", "event": "queue_end_process", "filename": "score3a_preagg3_4jobth2#87628162-2#91434977-2#16372805-2#52111596", "unix_time": 1620683455.7404518}
INFO:ccdag_utils.py:runtime_stat:{"task_name": "score3a", "event": "queue_start_process", "filename": "lccenc3_score3a_2#86287610-2#68466544-2#30935215-2#32878804jobid5.csv", "unix_time": 1620683455.7420282}
['whitewolf21.JPEG', 'whitewolf22.JPEG', 'whitewolf23.JPEG', 'whitewolf24.JPEG', 'whitewolf25.JPEG', 'whitewolf26.JPEG', 'whitewolf27.JPEG', 'whitewolf28.JPEG', 'whitewolf29.JPEG', 'whitewolf30.JPEG']
DEBUG:transfer.py:transfer successful!
INFO:circe.py:runtime_stat:{"task_name": "circe", "event": "new_output_file", "filename": "score3a_preagg3_5jobth2#86287610-2#68466544-2#30935215-2#32878804", "unix_time": 1620683467.2528129}
DEBUG:transfer.py:sshpass -p PASSWORD scp -P 5000 -o StrictHostKeyChecking=no /jupiter/circe_output/score3a_preagg3_5jobth2#86287610-2#68466544-2#30935215-2#32878804 root@10.109.177.118:/jupiter/circe_input/
INFO:ccdag_utils.py:runtime_stat:{"task_name": "score3a", "event": "queue_end_process", "filename": "score3a_preagg3_5jobth2#86287610-2#68466544-2#30935215-2#32878804", "unix_time": 1620683467.2600071}
DEBUG:transfer.py:transfer successful!
INFO:circe.py:runtime_stat:{"task_name": "circe", "event": "new_input_file", "filename": "lccenc3_score3a_2#57327425-2#65245590-2#37816212-2#67026445jobid6.csv", "unix_time": 1620683495.7282453}
INFO:ccdag_utils.py:runtime_stat:{"task_name": "score3a", "event": "queue_start_process", "filename": "lccenc3_score3a_2#57327425-2#65245590-2#37816212-2#67026445jobid6.csv", "unix_time": 1620683496.289849}
['whitewolf21.JPEG', 'whitewolf22.JPEG', 'whitewolf23.JPEG', 'whitewolf24.JPEG', 'whitewolf25.JPEG', 'whitewolf26.JPEG', 'whitewolf27.JPEG', 'whitewolf28.JPEG', 'whitewolf29.JPEG', 'whitewolf30.JPEG']
INFO:circe.py:runtime_stat:{"task_name": "circe", "event": "new_output_file", "filename": "score3a_preagg3_6jobth2#57327425-2#65245590-2#37816212-2#67026445", "unix_time": 1620683507.8004394}
DEBUG:transfer.py:sshpass -p PASSWORD scp -P 5000 -o StrictHostKeyChecking=no /jupiter/circe_output/score3a_preagg3_6jobth2#57327425-2#65245590-2#37816212-2#67026445 root@10.109.177.118:/jupiter/circe_input/
INFO:ccdag_utils.py:runtime_stat:{"task_name": "score3a", "event": "queue_end_process", "filename": "score3a_preagg3_6jobth2#57327425-2#65245590-2#37816212-2#67026445", "unix_time": 1620683507.8073823}
DEBUG:transfer.py:transfer successful!
INFO:circe.py:runtime_stat:{"task_name": "circe", "event": "new_input_file", "filename": "lccenc3_score3a_2#02252812-2#00122398-2#32634427-2#62621402jobid7.csv", "unix_time": 1620683518.871954}
INFO:ccdag_utils.py:runtime_stat:{"task_name": "score3a", "event": "queue_start_process", "filename": "lccenc3_score3a_2#02252812-2#00122398-2#32634427-2#62621402jobid7.csv", "unix_time": 1620683519.820415}
['whitewolf21.JPEG', 'whitewolf22.JPEG', 'whitewolf23.JPEG', 'whitewolf24.JPEG', 'whitewolf25.JPEG', 'whitewolf26.JPEG', 'whitewolf27.JPEG', 'whitewolf28.JPEG', 'whitewolf29.JPEG', 'whitewolf30.JPEG']
INFO:circe.py:runtime_stat:{"task_name": "circe", "event": "new_output_file", "filename": "score3a_preagg3_7jobth2#02252812-2#00122398-2#32634427-2#62621402", "unix_time": 1620683531.3005888}
DEBUG:transfer.py:sshpass -p PASSWORD scp -P 5000 -o StrictHostKeyChecking=no /jupiter/circe_output/score3a_preagg3_7jobth2#02252812-2#00122398-2#32634427-2#62621402 root@10.109.177.118:/jupiter/circe_input/
INFO:ccdag_utils.py:runtime_stat:{"task_name": "score3a", "event": "queue_end_process", "filename": "score3a_preagg3_7jobth2#02252812-2#00122398-2#32634427-2#62621402", "unix_time": 1620683531.3070738}
DEBUG:transfer.py:transfer successful!
INFO:circe.py:runtime_stat:{"task_name": "circe", "event": "new_input_file", "filename": "lccenc3_score3a_2#24088001-2#37707527-2#26294951-2#33580484jobid8.csv", "unix_time": 1620683547.4903882}
INFO:ccdag_utils.py:runtime_stat:{"task_name": "score3a", "event": "queue_start_process", "filename": "lccenc3_score3a_2#24088001-2#37707527-2#26294951-2#33580484jobid8.csv", "unix_time": 1620683548.3309867}
['whitewolf21.JPEG', 'whitewolf22.JPEG', 'whitewolf23.JPEG', 'whitewolf24.JPEG', 'whitewolf25.JPEG', 'whitewolf26.JPEG', 'whitewolf27.JPEG', 'whitewolf28.JPEG', 'whitewolf29.JPEG', 'whitewolf30.JPEG']
INFO:circe.py:runtime_stat:{"task_name": "circe", "event": "new_input_file", "filename": "lccenc3_score3a_2#36510429-2#69374321-2#79125190-2#78443961jobid9.csv", "unix_time": 1620683551.0854847}
INFO:circe.py:runtime_stat:{"task_name": "circe", "event": "new_input_file", "filename": "lccenc3_score3a_2#33958663-2#85187926-2#24016653-2#21478449jobid10.csv", "unix_time": 1620683554.2327576}
INFO:circe.py:runtime_stat:{"task_name": "circe", "event": "new_output_file", "filename": "score3a_preagg3_8jobth2#24088001-2#37707527-2#26294951-2#33580484", "unix_time": 1620683559.8116007}
DEBUG:transfer.py:sshpass -p PASSWORD scp -P 5000 -o StrictHostKeyChecking=no /jupiter/circe_output/score3a_preagg3_8jobth2#24088001-2#37707527-2#26294951-2#33580484 root@10.109.177.118:/jupiter/circe_input/
DEBUG:transfer.py:transfer successful!
INFO:ccdag_utils.py:runtime_stat:{"task_name": "score3a", "event": "queue_end_process", "filename": "score3a_preagg3_8jobth2#24088001-2#37707527-2#26294951-2#33580484", "unix_time": 1620683564.7146895}
INFO:ccdag_utils.py:runtime_stat:{"task_name": "score3a", "event": "queue_start_process", "filename": "lccenc3_score3a_2#36510429-2#69374321-2#79125190-2#78443961jobid9.csv", "unix_time": 1620683564.7151227}
['whitewolf21.JPEG', 'whitewolf22.JPEG', 'whitewolf23.JPEG', 'whitewolf24.JPEG', 'whitewolf25.JPEG', 'whitewolf26.JPEG', 'whitewolf27.JPEG', 'whitewolf28.JPEG', 'whitewolf29.JPEG', 'whitewolf30.JPEG']
INFO:circe.py:runtime_stat:{"task_name": "circe", "event": "new_output_file", "filename": "score3a_preagg3_9jobth2#36510429-2#69374321-2#79125190-2#78443961", "unix_time": 1620683576.1990802}
DEBUG:transfer.py:sshpass -p PASSWORD scp -P 5000 -o StrictHostKeyChecking=no /jupiter/circe_output/score3a_preagg3_9jobth2#36510429-2#69374321-2#79125190-2#78443961 root@10.109.177.118:/jupiter/circe_input/
INFO:ccdag_utils.py:runtime_stat:{"task_name": "score3a", "event": "queue_end_process", "filename": "score3a_preagg3_9jobth2#36510429-2#69374321-2#79125190-2#78443961", "unix_time": 1620683576.205684}
INFO:ccdag_utils.py:runtime_stat:{"task_name": "score3a", "event": "queue_start_process", "filename": "lccenc3_score3a_2#33958663-2#85187926-2#24016653-2#21478449jobid10.csv", "unix_time": 1620683576.2080941}
['whitewolf21.JPEG', 'whitewolf22.JPEG', 'whitewolf23.JPEG', 'whitewolf24.JPEG', 'whitewolf25.JPEG', 'whitewolf26.JPEG', 'whitewolf27.JPEG', 'whitewolf28.JPEG', 'whitewolf29.JPEG', 'whitewolf30.JPEG']
DEBUG:transfer.py:transfer successful!
INFO:circe.py:runtime_stat:{"task_name": "circe", "event": "new_output_file", "filename": "score3a_preagg3_10jobth2#33958663-2#85187926-2#24016653-2#21478449", "unix_time": 1620683587.7385387}
DEBUG:transfer.py:sshpass -p PASSWORD scp -P 5000 -o StrictHostKeyChecking=no /jupiter/circe_output/score3a_preagg3_10jobth2#33958663-2#85187926-2#24016653-2#21478449 root@10.109.177.118:/jupiter/circe_input/
INFO:ccdag_utils.py:runtime_stat:{"task_name": "score3a", "event": "queue_end_process", "filename": "score3a_preagg3_10jobth2#33958663-2#85187926-2#24016653-2#21478449", "unix_time": 1620683587.9124267}
DEBUG:transfer.py:transfer successful!
