 * Starting OpenBSD Secure Shell server sshd
   ...done.
INFO:circe.py:Using base script lccenc.py
DEBUG:circe.py:starting the input monitoring process
DEBUG:circe.py:starting the output monitoring process
2
INFO:circe.py:runtime_stat:{"task_name": "circe", "event": "new_input_file", "filename": "storeclass2_lccenc2_15900267imgschoolbusjobid2.JPEG", "unix_time": 1620589553.3464098}
INFO:circe.py:runtime_stat:{"task_name": "circe", "event": "new_input_file", "filename": "storeclass2_lccenc2_03529119imgschoolbusjobid3.JPEG", "unix_time": 1620589574.4348664}
INFO:circe.py:runtime_stat:{"task_name": "circe", "event": "new_input_file", "filename": "storeclass2_lccenc2_25206952imgschoolbusjobid4.JPEG", "unix_time": 1620589600.453585}
INFO:circe.py:runtime_stat:{"task_name": "circe", "event": "new_input_file", "filename": "storeclass2_lccenc2_09693708imgschoolbusjobid4.JPEG", "unix_time": 1620589600.6584182}
INFO:ccdag_utils.py:runtime_stat:{"task_name": "lccenc2", "event": "queue_start_process", "filename": "storeclass2_lccenc2_15900267imgschoolbusjobid2.JPEG", "unix_time": 1620589600.7790468}
INFO:ccdag_utils.py:runtime_stat:{"task_name": "lccenc2", "event": "queue_start_process", "filename": "storeclass2_lccenc2_03529119imgschoolbusjobid3.JPEG", "unix_time": 1620589600.779482}
INFO:ccdag_utils.py:runtime_stat:{"task_name": "lccenc2", "event": "queue_start_process", "filename": "storeclass2_lccenc2_25206952imgschoolbusjobid4.JPEG", "unix_time": 1620589600.779766}
INFO:ccdag_utils.py:runtime_stat:{"task_name": "lccenc2", "event": "queue_start_process", "filename": "storeclass2_lccenc2_09693708imgschoolbusjobid4.JPEG", "unix_time": 1620589600.7802887}
INFO:circe.py:runtime_stat:{"task_name": "circe", "event": "new_input_file", "filename": "storeclass2_lccenc2_82440643imgschoolbusjobid4.JPEG", "unix_time": 1620589600.8651075}
INFO:ccdag_utils.py:runtime_stat:{"task_name": "lccenc2", "event": "queue_end_process", "filename": "lccenc2_score2a_1#15900267-1#03529119-1#25206952-1#09693708jobid1.csv", "unix_time": 1620589602.1645548}
INFO:circe.py:runtime_stat:{"task_name": "circe", "event": "new_output_file", "filename": "lccenc2_score2a_1#15900267-1#03529119-1#25206952-1#09693708jobid1.csv", "unix_time": 1620589602.165374}
DEBUG:transfer.py:sshpass -p PASSWORD scp -P 5000 -o StrictHostKeyChecking=no /jupiter/circe_output/lccenc2_score2a_1#15900267-1#03529119-1#25206952-1#09693708jobid1.csv root@10.97.129.6:/jupiter/circe_input/
Warning: Permanently added '[10.97.129.6]:5000' (ECDSA) to the list of known hosts.
DEBUG:transfer.py:transfer successful!
INFO:ccdag_utils.py:runtime_stat:{"task_name": "lccenc2", "event": "queue_end_process", "filename": "lccenc2_score2b_1#15900267-1#03529119-1#25206952-1#09693708jobid1.csv", "unix_time": 1620589603.1894495}
INFO:circe.py:runtime_stat:{"task_name": "circe", "event": "new_output_file", "filename": "lccenc2_score2b_1#15900267-1#03529119-1#25206952-1#09693708jobid1.csv", "unix_time": 1620589603.19039}
DEBUG:transfer.py:sshpass -p PASSWORD scp -P 5000 -o StrictHostKeyChecking=no /jupiter/circe_output/lccenc2_score2b_1#15900267-1#03529119-1#25206952-1#09693708jobid1.csv root@10.100.230.75:/jupiter/circe_input/
Warning: Permanently added '[10.100.230.75]:5000' (ECDSA) to the list of known hosts.
DEBUG:transfer.py:transfer successful!
INFO:ccdag_utils.py:runtime_stat:{"task_name": "lccenc2", "event": "queue_end_process", "filename": "lccenc2_score2c_1#15900267-1#03529119-1#25206952-1#09693708jobid1.csv", "unix_time": 1620589604.1608205}
INFO:circe.py:runtime_stat:{"task_name": "circe", "event": "new_output_file", "filename": "lccenc2_score2c_1#15900267-1#03529119-1#25206952-1#09693708jobid1.csv", "unix_time": 1620589604.1618}
DEBUG:transfer.py:sshpass -p PASSWORD scp -P 5000 -o StrictHostKeyChecking=no /jupiter/circe_output/lccenc2_score2c_1#15900267-1#03529119-1#25206952-1#09693708jobid1.csv root@10.108.129.222:/jupiter/circe_input/
Warning: Permanently added '[10.108.129.222]:5000' (ECDSA) to the list of known hosts.
DEBUG:transfer.py:transfer successful!
INFO:circe.py:runtime_stat:{"task_name": "circe", "event": "new_input_file", "filename": "storeclass2_lccenc2_05843831imgschoolbusjobid5.JPEG", "unix_time": 1620589615.4966035}
INFO:circe.py:runtime_stat:{"task_name": "circe", "event": "new_input_file", "filename": "storeclass2_lccenc2_89413055imgschoolbusjobid6.JPEG", "unix_time": 1620589632.504934}
INFO:circe.py:runtime_stat:{"task_name": "circe", "event": "new_input_file", "filename": "storeclass2_lccenc2_43253585imgschoolbusjobid6.JPEG", "unix_time": 1620589632.7390933}
INFO:ccdag_utils.py:runtime_stat:{"task_name": "lccenc2", "event": "queue_start_process", "filename": "storeclass2_lccenc2_82440643imgschoolbusjobid4.JPEG", "unix_time": 1620589633.1955528}
INFO:ccdag_utils.py:runtime_stat:{"task_name": "lccenc2", "event": "queue_start_process", "filename": "storeclass2_lccenc2_05843831imgschoolbusjobid5.JPEG", "unix_time": 1620589633.1959856}
INFO:ccdag_utils.py:runtime_stat:{"task_name": "lccenc2", "event": "queue_start_process", "filename": "storeclass2_lccenc2_89413055imgschoolbusjobid6.JPEG", "unix_time": 1620589633.1962087}
INFO:ccdag_utils.py:runtime_stat:{"task_name": "lccenc2", "event": "queue_start_process", "filename": "storeclass2_lccenc2_43253585imgschoolbusjobid6.JPEG", "unix_time": 1620589633.1964238}
INFO:ccdag_utils.py:runtime_stat:{"task_name": "lccenc2", "event": "queue_end_process", "filename": "lccenc2_score2a_1#82440643-1#05843831-1#89413055-1#43253585jobid2.csv", "unix_time": 1620589634.4175396}
INFO:circe.py:runtime_stat:{"task_name": "circe", "event": "new_output_file", "filename": "lccenc2_score2a_1#82440643-1#05843831-1#89413055-1#43253585jobid2.csv", "unix_time": 1620589634.418317}
DEBUG:transfer.py:sshpass -p PASSWORD scp -P 5000 -o StrictHostKeyChecking=no /jupiter/circe_output/lccenc2_score2a_1#82440643-1#05843831-1#89413055-1#43253585jobid2.csv root@10.97.129.6:/jupiter/circe_input/
DEBUG:transfer.py:transfer successful!
INFO:circe.py:runtime_stat:{"task_name": "circe", "event": "new_output_file", "filename": "lccenc2_score2b_1#82440643-1#05843831-1#89413055-1#43253585jobid2.csv", "unix_time": 1620589635.4197812}
INFO:ccdag_utils.py:runtime_stat:{"task_name": "lccenc2", "event": "queue_end_process", "filename": "lccenc2_score2b_1#82440643-1#05843831-1#89413055-1#43253585jobid2.csv", "unix_time": 1620589635.420243}
DEBUG:transfer.py:sshpass -p PASSWORD scp -P 5000 -o StrictHostKeyChecking=no /jupiter/circe_output/lccenc2_score2b_1#82440643-1#05843831-1#89413055-1#43253585jobid2.csv root@10.100.230.75:/jupiter/circe_input/
DEBUG:transfer.py:transfer successful!
INFO:circe.py:runtime_stat:{"task_name": "circe", "event": "new_output_file", "filename": "lccenc2_score2c_1#82440643-1#05843831-1#89413055-1#43253585jobid2.csv", "unix_time": 1620589636.490225}
DEBUG:transfer.py:sshpass -p PASSWORD scp -P 5000 -o StrictHostKeyChecking=no /jupiter/circe_output/lccenc2_score2c_1#82440643-1#05843831-1#89413055-1#43253585jobid2.csv root@10.108.129.222:/jupiter/circe_input/
INFO:ccdag_utils.py:runtime_stat:{"task_name": "lccenc2", "event": "queue_end_process", "filename": "lccenc2_score2c_1#82440643-1#05843831-1#89413055-1#43253585jobid2.csv", "unix_time": 1620589636.491109}
DEBUG:transfer.py:transfer successful!
INFO:circe.py:runtime_stat:{"task_name": "circe", "event": "new_input_file", "filename": "storeclass2_lccenc2_86083058imgschoolbusjobid7.JPEG", "unix_time": 1620589649.558664}
INFO:circe.py:runtime_stat:{"task_name": "circe", "event": "new_input_file", "filename": "storeclass2_lccenc2_49552112imgschoolbusjobid8.JPEG", "unix_time": 1620589664.595351}
INFO:circe.py:runtime_stat:{"task_name": "circe", "event": "new_input_file", "filename": "storeclass2_lccenc2_55549708imgschoolbusjobid10.JPEG", "unix_time": 1620589699.663057}
INFO:circe.py:runtime_stat:{"task_name": "circe", "event": "new_input_file", "filename": "storeclass2_lccenc2_30738198imgschoolbusjobid14.JPEG", "unix_time": 1620589765.7376676}
INFO:ccdag_utils.py:runtime_stat:{"task_name": "lccenc2", "event": "queue_start_process", "filename": "storeclass2_lccenc2_86083058imgschoolbusjobid7.JPEG", "unix_time": 1620589766.652248}
INFO:ccdag_utils.py:runtime_stat:{"task_name": "lccenc2", "event": "queue_start_process", "filename": "storeclass2_lccenc2_49552112imgschoolbusjobid8.JPEG", "unix_time": 1620589766.6526337}
INFO:ccdag_utils.py:runtime_stat:{"task_name": "lccenc2", "event": "queue_start_process", "filename": "storeclass2_lccenc2_55549708imgschoolbusjobid10.JPEG", "unix_time": 1620589766.6529014}
INFO:ccdag_utils.py:runtime_stat:{"task_name": "lccenc2", "event": "queue_start_process", "filename": "storeclass2_lccenc2_30738198imgschoolbusjobid14.JPEG", "unix_time": 1620589766.653148}
INFO:ccdag_utils.py:runtime_stat:{"task_name": "lccenc2", "event": "queue_end_process", "filename": "lccenc2_score2a_1#86083058-1#49552112-1#55549708-1#30738198jobid3.csv", "unix_time": 1620589767.8590677}
INFO:circe.py:runtime_stat:{"task_name": "circe", "event": "new_output_file", "filename": "lccenc2_score2a_1#86083058-1#49552112-1#55549708-1#30738198jobid3.csv", "unix_time": 1620589767.8599653}
DEBUG:transfer.py:sshpass -p PASSWORD scp -P 5000 -o StrictHostKeyChecking=no /jupiter/circe_output/lccenc2_score2a_1#86083058-1#49552112-1#55549708-1#30738198jobid3.csv root@10.97.129.6:/jupiter/circe_input/
DEBUG:transfer.py:transfer successful!
INFO:ccdag_utils.py:runtime_stat:{"task_name": "lccenc2", "event": "queue_end_process", "filename": "lccenc2_score2b_1#86083058-1#49552112-1#55549708-1#30738198jobid3.csv", "unix_time": 1620589768.860906}
INFO:circe.py:runtime_stat:{"task_name": "circe", "event": "new_output_file", "filename": "lccenc2_score2b_1#86083058-1#49552112-1#55549708-1#30738198jobid3.csv", "unix_time": 1620589768.861759}
DEBUG:transfer.py:sshpass -p PASSWORD scp -P 5000 -o StrictHostKeyChecking=no /jupiter/circe_output/lccenc2_score2b_1#86083058-1#49552112-1#55549708-1#30738198jobid3.csv root@10.100.230.75:/jupiter/circe_input/
DEBUG:transfer.py:transfer successful!
INFO:ccdag_utils.py:runtime_stat:{"task_name": "lccenc2", "event": "queue_end_process", "filename": "lccenc2_score2c_1#86083058-1#49552112-1#55549708-1#30738198jobid3.csv", "unix_time": 1620589769.8945887}
INFO:circe.py:runtime_stat:{"task_name": "circe", "event": "new_output_file", "filename": "lccenc2_score2c_1#86083058-1#49552112-1#55549708-1#30738198jobid3.csv", "unix_time": 1620589769.896755}
DEBUG:transfer.py:sshpass -p PASSWORD scp -P 5000 -o StrictHostKeyChecking=no /jupiter/circe_output/lccenc2_score2c_1#86083058-1#49552112-1#55549708-1#30738198jobid3.csv root@10.108.129.222:/jupiter/circe_input/
DEBUG:transfer.py:transfer successful!
INFO:circe.py:runtime_stat:{"task_name": "circe", "event": "new_input_file", "filename": "storeclass2_lccenc2_46563015imgschoolbusjobid15.JPEG", "unix_time": 1620589782.7495944}
INFO:circe.py:runtime_stat:{"task_name": "circe", "event": "new_input_file", "filename": "storeclass2_lccenc2_50364454imgschoolbusjobid15.JPEG", "unix_time": 1620589783.7581022}
INFO:circe.py:runtime_stat:{"task_name": "circe", "event": "new_input_file", "filename": "storeclass2_lccenc2_36345075imgschoolbusjobid19.JPEG", "unix_time": 1620589868.9284651}
INFO:circe.py:runtime_stat:{"task_name": "circe", "event": "new_input_file", "filename": "storeclass2_lccenc2_12381340imgschoolbusjobid19.JPEG", "unix_time": 1620589869.1443415}
INFO:ccdag_utils.py:runtime_stat:{"task_name": "lccenc2", "event": "queue_start_process", "filename": "storeclass2_lccenc2_46563015imgschoolbusjobid15.JPEG", "unix_time": 1620589870.0150597}
INFO:ccdag_utils.py:runtime_stat:{"task_name": "lccenc2", "event": "queue_start_process", "filename": "storeclass2_lccenc2_50364454imgschoolbusjobid15.JPEG", "unix_time": 1620589870.0154042}
INFO:ccdag_utils.py:runtime_stat:{"task_name": "lccenc2", "event": "queue_start_process", "filename": "storeclass2_lccenc2_36345075imgschoolbusjobid19.JPEG", "unix_time": 1620589870.015572}
INFO:ccdag_utils.py:runtime_stat:{"task_name": "lccenc2", "event": "queue_start_process", "filename": "storeclass2_lccenc2_12381340imgschoolbusjobid19.JPEG", "unix_time": 1620589870.0159414}
INFO:ccdag_utils.py:runtime_stat:{"task_name": "lccenc2", "event": "queue_end_process", "filename": "lccenc2_score2a_1#46563015-1#50364454-1#36345075-1#12381340jobid4.csv", "unix_time": 1620589871.170709}
INFO:circe.py:runtime_stat:{"task_name": "circe", "event": "new_output_file", "filename": "lccenc2_score2a_1#46563015-1#50364454-1#36345075-1#12381340jobid4.csv", "unix_time": 1620589871.1717749}
DEBUG:transfer.py:sshpass -p PASSWORD scp -P 5000 -o StrictHostKeyChecking=no /jupiter/circe_output/lccenc2_score2a_1#46563015-1#50364454-1#36345075-1#12381340jobid4.csv root@10.97.129.6:/jupiter/circe_input/
DEBUG:transfer.py:transfer successful!
INFO:circe.py:runtime_stat:{"task_name": "circe", "event": "new_output_file", "filename": "lccenc2_score2b_1#46563015-1#50364454-1#36345075-1#12381340jobid4.csv", "unix_time": 1620589872.2081332}
DEBUG:transfer.py:sshpass -p PASSWORD scp -P 5000 -o StrictHostKeyChecking=no /jupiter/circe_output/lccenc2_score2b_1#46563015-1#50364454-1#36345075-1#12381340jobid4.csv root@10.100.230.75:/jupiter/circe_input/
INFO:ccdag_utils.py:runtime_stat:{"task_name": "lccenc2", "event": "queue_end_process", "filename": "lccenc2_score2b_1#46563015-1#50364454-1#36345075-1#12381340jobid4.csv", "unix_time": 1620589872.2124062}
DEBUG:transfer.py:transfer successful!
INFO:ccdag_utils.py:runtime_stat:{"task_name": "lccenc2", "event": "queue_end_process", "filename": "lccenc2_score2c_1#46563015-1#50364454-1#36345075-1#12381340jobid4.csv", "unix_time": 1620589873.1866388}
INFO:circe.py:runtime_stat:{"task_name": "circe", "event": "new_output_file", "filename": "lccenc2_score2c_1#46563015-1#50364454-1#36345075-1#12381340jobid4.csv", "unix_time": 1620589873.1873813}
DEBUG:transfer.py:sshpass -p PASSWORD scp -P 5000 -o StrictHostKeyChecking=no /jupiter/circe_output/lccenc2_score2c_1#46563015-1#50364454-1#36345075-1#12381340jobid4.csv root@10.108.129.222:/jupiter/circe_input/
DEBUG:transfer.py:transfer successful!
INFO:circe.py:runtime_stat:{"task_name": "circe", "event": "new_input_file", "filename": "storeclass2_lccenc2_65047538imgschoolbusjobid23.JPEG", "unix_time": 1620590002.0569785}
INFO:circe.py:runtime_stat:{"task_name": "circe", "event": "new_input_file", "filename": "storeclass2_lccenc2_85170432imgschoolbusjobid24.JPEG", "unix_time": 1620590041.0911028}
INFO:circe.py:runtime_stat:{"task_name": "circe", "event": "new_input_file", "filename": "storeclass2_lccenc2_80527934imgschoolbusjobid25.JPEG", "unix_time": 1620590080.1201487}
INFO:circe.py:runtime_stat:{"task_name": "circe", "event": "new_input_file", "filename": "storeclass2_lccenc2_66642485imgschoolbusjobid25.JPEG", "unix_time": 1620590080.3443694}
INFO:ccdag_utils.py:runtime_stat:{"task_name": "lccenc2", "event": "queue_start_process", "filename": "storeclass2_lccenc2_65047538imgschoolbusjobid23.JPEG", "unix_time": 1620590080.4013758}
INFO:ccdag_utils.py:runtime_stat:{"task_name": "lccenc2", "event": "queue_start_process", "filename": "storeclass2_lccenc2_85170432imgschoolbusjobid24.JPEG", "unix_time": 1620590080.4017262}
INFO:ccdag_utils.py:runtime_stat:{"task_name": "lccenc2", "event": "queue_start_process", "filename": "storeclass2_lccenc2_80527934imgschoolbusjobid25.JPEG", "unix_time": 1620590080.4020603}
INFO:ccdag_utils.py:runtime_stat:{"task_name": "lccenc2", "event": "queue_start_process", "filename": "storeclass2_lccenc2_66642485imgschoolbusjobid25.JPEG", "unix_time": 1620590080.4023964}
INFO:circe.py:runtime_stat:{"task_name": "circe", "event": "new_input_file", "filename": "storeclass2_lccenc2_92535823imgschoolbusjobid25.JPEG", "unix_time": 1620590080.569948}
INFO:ccdag_utils.py:runtime_stat:{"task_name": "lccenc2", "event": "queue_end_process", "filename": "lccenc2_score2a_1#65047538-1#85170432-1#80527934-1#66642485jobid5.csv", "unix_time": 1620590081.6438904}
INFO:circe.py:runtime_stat:{"task_name": "circe", "event": "new_output_file", "filename": "lccenc2_score2a_1#65047538-1#85170432-1#80527934-1#66642485jobid5.csv", "unix_time": 1620590082.1364207}
DEBUG:transfer.py:sshpass -p PASSWORD scp -P 5000 -o StrictHostKeyChecking=no /jupiter/circe_output/lccenc2_score2a_1#65047538-1#85170432-1#80527934-1#66642485jobid5.csv root@10.97.129.6:/jupiter/circe_input/
DEBUG:transfer.py:transfer successful!
INFO:circe.py:runtime_stat:{"task_name": "circe", "event": "new_output_file", "filename": "lccenc2_score2b_1#65047538-1#85170432-1#80527934-1#66642485jobid5.csv", "unix_time": 1620590082.6608756}
DEBUG:transfer.py:sshpass -p PASSWORD scp -P 5000 -o StrictHostKeyChecking=no /jupiter/circe_output/lccenc2_score2b_1#65047538-1#85170432-1#80527934-1#66642485jobid5.csv root@10.100.230.75:/jupiter/circe_input/
INFO:ccdag_utils.py:runtime_stat:{"task_name": "lccenc2", "event": "queue_end_process", "filename": "lccenc2_score2b_1#65047538-1#85170432-1#80527934-1#66642485jobid5.csv", "unix_time": 1620590082.6617918}
DEBUG:transfer.py:transfer successful!
INFO:ccdag_utils.py:runtime_stat:{"task_name": "lccenc2", "event": "queue_end_process", "filename": "lccenc2_score2c_1#65047538-1#85170432-1#80527934-1#66642485jobid5.csv", "unix_time": 1620590083.7249782}
INFO:circe.py:runtime_stat:{"task_name": "circe", "event": "new_output_file", "filename": "lccenc2_score2c_1#65047538-1#85170432-1#80527934-1#66642485jobid5.csv", "unix_time": 1620590083.7272546}
DEBUG:transfer.py:sshpass -p PASSWORD scp -P 5000 -o StrictHostKeyChecking=no /jupiter/circe_output/lccenc2_score2c_1#65047538-1#85170432-1#80527934-1#66642485jobid5.csv root@10.108.129.222:/jupiter/circe_input/
DEBUG:transfer.py:transfer successful!
INFO:circe.py:runtime_stat:{"task_name": "circe", "event": "new_input_file", "filename": "storeclass2_lccenc2_18766962imgschoolbusjobid26.JPEG", "unix_time": 1620590117.2610877}
INFO:circe.py:runtime_stat:{"task_name": "circe", "event": "new_input_file", "filename": "storeclass2_lccenc2_16779418imgschoolbusjobid26.JPEG", "unix_time": 1620590118.2333665}
INFO:circe.py:runtime_stat:{"task_name": "circe", "event": "new_input_file", "filename": "storeclass2_lccenc2_56437552imgschoolbusjobid26.JPEG", "unix_time": 1620590118.453456}
INFO:circe.py:runtime_stat:{"task_name": "circe", "event": "new_input_file", "filename": "storeclass2_lccenc2_72169072imgschoolbusjobid26.JPEG", "unix_time": 1620590118.6765742}
INFO:ccdag_utils.py:runtime_stat:{"task_name": "lccenc2", "event": "queue_start_process", "filename": "storeclass2_lccenc2_92535823imgschoolbusjobid25.JPEG", "unix_time": 1620590118.7638497}
INFO:ccdag_utils.py:runtime_stat:{"task_name": "lccenc2", "event": "queue_start_process", "filename": "storeclass2_lccenc2_18766962imgschoolbusjobid26.JPEG", "unix_time": 1620590118.7642226}
INFO:ccdag_utils.py:runtime_stat:{"task_name": "lccenc2", "event": "queue_start_process", "filename": "storeclass2_lccenc2_16779418imgschoolbusjobid26.JPEG", "unix_time": 1620590118.7644408}
INFO:ccdag_utils.py:runtime_stat:{"task_name": "lccenc2", "event": "queue_start_process", "filename": "storeclass2_lccenc2_56437552imgschoolbusjobid26.JPEG", "unix_time": 1620590118.7646518}
INFO:ccdag_utils.py:runtime_stat:{"task_name": "lccenc2", "event": "queue_end_process", "filename": "lccenc2_score2a_1#92535823-1#18766962-1#16779418-1#56437552jobid6.csv", "unix_time": 1620590120.0007463}
INFO:circe.py:runtime_stat:{"task_name": "circe", "event": "new_output_file", "filename": "lccenc2_score2a_1#92535823-1#18766962-1#16779418-1#56437552jobid6.csv", "unix_time": 1620590120.0014274}
DEBUG:transfer.py:sshpass -p PASSWORD scp -P 5000 -o StrictHostKeyChecking=no /jupiter/circe_output/lccenc2_score2a_1#92535823-1#18766962-1#16779418-1#56437552jobid6.csv root@10.97.129.6:/jupiter/circe_input/
DEBUG:transfer.py:transfer successful!
INFO:ccdag_utils.py:runtime_stat:{"task_name": "lccenc2", "event": "queue_end_process", "filename": "lccenc2_score2b_1#92535823-1#18766962-1#16779418-1#56437552jobid6.csv", "unix_time": 1620590121.0009527}
INFO:circe.py:runtime_stat:{"task_name": "circe", "event": "new_output_file", "filename": "lccenc2_score2b_1#92535823-1#18766962-1#16779418-1#56437552jobid6.csv", "unix_time": 1620590121.0020776}
DEBUG:transfer.py:sshpass -p PASSWORD scp -P 5000 -o StrictHostKeyChecking=no /jupiter/circe_output/lccenc2_score2b_1#92535823-1#18766962-1#16779418-1#56437552jobid6.csv root@10.100.230.75:/jupiter/circe_input/
DEBUG:transfer.py:transfer successful!
INFO:ccdag_utils.py:runtime_stat:{"task_name": "lccenc2", "event": "queue_end_process", "filename": "lccenc2_score2c_1#92535823-1#18766962-1#16779418-1#56437552jobid6.csv", "unix_time": 1620590122.0078356}
INFO:circe.py:runtime_stat:{"task_name": "circe", "event": "new_output_file", "filename": "lccenc2_score2c_1#92535823-1#18766962-1#16779418-1#56437552jobid6.csv", "unix_time": 1620590122.0088527}
DEBUG:transfer.py:sshpass -p PASSWORD scp -P 5000 -o StrictHostKeyChecking=no /jupiter/circe_output/lccenc2_score2c_1#92535823-1#18766962-1#16779418-1#56437552jobid6.csv root@10.108.129.222:/jupiter/circe_input/
DEBUG:transfer.py:transfer successful!
INFO:circe.py:runtime_stat:{"task_name": "circe", "event": "new_input_file", "filename": "storeclass2_lccenc2_67774853imgschoolbusjobid27.JPEG", "unix_time": 1620590153.2776334}
INFO:circe.py:runtime_stat:{"task_name": "circe", "event": "new_input_file", "filename": "storeclass2_lccenc2_94317962imgschoolbusjobid29.JPEG", "unix_time": 1620590233.3853967}
INFO:circe.py:runtime_stat:{"task_name": "circe", "event": "new_input_file", "filename": "storeclass2_lccenc2_48794490imgschoolbusjobid30.JPEG", "unix_time": 1620590271.4194462}
INFO:ccdag_utils.py:runtime_stat:{"task_name": "lccenc2", "event": "queue_start_process", "filename": "storeclass2_lccenc2_72169072imgschoolbusjobid26.JPEG", "unix_time": 1620590272.1620176}
INFO:ccdag_utils.py:runtime_stat:{"task_name": "lccenc2", "event": "queue_start_process", "filename": "storeclass2_lccenc2_67774853imgschoolbusjobid27.JPEG", "unix_time": 1620590272.1624854}
INFO:ccdag_utils.py:runtime_stat:{"task_name": "lccenc2", "event": "queue_start_process", "filename": "storeclass2_lccenc2_94317962imgschoolbusjobid29.JPEG", "unix_time": 1620590272.16278}
INFO:ccdag_utils.py:runtime_stat:{"task_name": "lccenc2", "event": "queue_start_process", "filename": "storeclass2_lccenc2_48794490imgschoolbusjobid30.JPEG", "unix_time": 1620590272.1630764}
INFO:ccdag_utils.py:runtime_stat:{"task_name": "lccenc2", "event": "queue_end_process", "filename": "lccenc2_score2a_1#72169072-1#67774853-1#94317962-1#48794490jobid7.csv", "unix_time": 1620590273.2932944}
INFO:circe.py:runtime_stat:{"task_name": "circe", "event": "new_output_file", "filename": "lccenc2_score2a_1#72169072-1#67774853-1#94317962-1#48794490jobid7.csv", "unix_time": 1620590273.294189}
DEBUG:transfer.py:sshpass -p PASSWORD scp -P 5000 -o StrictHostKeyChecking=no /jupiter/circe_output/lccenc2_score2a_1#72169072-1#67774853-1#94317962-1#48794490jobid7.csv root@10.97.129.6:/jupiter/circe_input/
DEBUG:transfer.py:transfer successful!
INFO:ccdag_utils.py:runtime_stat:{"task_name": "lccenc2", "event": "queue_end_process", "filename": "lccenc2_score2b_1#72169072-1#67774853-1#94317962-1#48794490jobid7.csv", "unix_time": 1620590274.3058698}
INFO:circe.py:runtime_stat:{"task_name": "circe", "event": "new_output_file", "filename": "lccenc2_score2b_1#72169072-1#67774853-1#94317962-1#48794490jobid7.csv", "unix_time": 1620590274.3068006}
DEBUG:transfer.py:sshpass -p PASSWORD scp -P 5000 -o StrictHostKeyChecking=no /jupiter/circe_output/lccenc2_score2b_1#72169072-1#67774853-1#94317962-1#48794490jobid7.csv root@10.100.230.75:/jupiter/circe_input/
DEBUG:transfer.py:transfer successful!
INFO:ccdag_utils.py:runtime_stat:{"task_name": "lccenc2", "event": "queue_end_process", "filename": "lccenc2_score2c_1#72169072-1#67774853-1#94317962-1#48794490jobid7.csv", "unix_time": 1620590275.2809014}
INFO:circe.py:runtime_stat:{"task_name": "circe", "event": "new_output_file", "filename": "lccenc2_score2c_1#72169072-1#67774853-1#94317962-1#48794490jobid7.csv", "unix_time": 1620590275.2818298}
DEBUG:transfer.py:sshpass -p PASSWORD scp -P 5000 -o StrictHostKeyChecking=no /jupiter/circe_output/lccenc2_score2c_1#72169072-1#67774853-1#94317962-1#48794490jobid7.csv root@10.108.129.222:/jupiter/circe_input/
DEBUG:transfer.py:transfer successful!
INFO:circe.py:runtime_stat:{"task_name": "circe", "event": "new_input_file", "filename": "storeclass2_lccenc2_06380742imgschoolbusjobid31.JPEG", "unix_time": 1620590306.6303997}
INFO:circe.py:runtime_stat:{"task_name": "circe", "event": "new_input_file", "filename": "storeclass2_lccenc2_97782207imgschoolbusjobid32.JPEG", "unix_time": 1620590345.5724478}
INFO:circe.py:runtime_stat:{"task_name": "circe", "event": "new_input_file", "filename": "storeclass2_lccenc2_94174284imgschoolbusjobid33.JPEG", "unix_time": 1620590395.5924387}
INFO:circe.py:runtime_stat:{"task_name": "circe", "event": "new_input_file", "filename": "storeclass2_lccenc2_79198190imgschoolbusjobid33.JPEG", "unix_time": 1620590395.8048468}
INFO:ccdag_utils.py:runtime_stat:{"task_name": "lccenc2", "event": "queue_start_process", "filename": "storeclass2_lccenc2_06380742imgschoolbusjobid31.JPEG", "unix_time": 1620590396.41936}
INFO:ccdag_utils.py:runtime_stat:{"task_name": "lccenc2", "event": "queue_start_process", "filename": "storeclass2_lccenc2_97782207imgschoolbusjobid32.JPEG", "unix_time": 1620590396.4197404}
INFO:ccdag_utils.py:runtime_stat:{"task_name": "lccenc2", "event": "queue_start_process", "filename": "storeclass2_lccenc2_94174284imgschoolbusjobid33.JPEG", "unix_time": 1620590396.419955}
INFO:ccdag_utils.py:runtime_stat:{"task_name": "lccenc2", "event": "queue_start_process", "filename": "storeclass2_lccenc2_79198190imgschoolbusjobid33.JPEG", "unix_time": 1620590396.420151}
INFO:ccdag_utils.py:runtime_stat:{"task_name": "lccenc2", "event": "queue_end_process", "filename": "lccenc2_score2a_1#06380742-1#97782207-1#94174284-1#79198190jobid8.csv", "unix_time": 1620590397.5767858}
INFO:circe.py:runtime_stat:{"task_name": "circe", "event": "new_output_file", "filename": "lccenc2_score2a_1#06380742-1#97782207-1#94174284-1#79198190jobid8.csv", "unix_time": 1620590397.577632}
DEBUG:transfer.py:sshpass -p PASSWORD scp -P 5000 -o StrictHostKeyChecking=no /jupiter/circe_output/lccenc2_score2a_1#06380742-1#97782207-1#94174284-1#79198190jobid8.csv root@10.97.129.6:/jupiter/circe_input/
DEBUG:transfer.py:transfer successful!
INFO:ccdag_utils.py:runtime_stat:{"task_name": "lccenc2", "event": "queue_end_process", "filename": "lccenc2_score2b_1#06380742-1#97782207-1#94174284-1#79198190jobid8.csv", "unix_time": 1620590398.562585}
INFO:circe.py:runtime_stat:{"task_name": "circe", "event": "new_output_file", "filename": "lccenc2_score2b_1#06380742-1#97782207-1#94174284-1#79198190jobid8.csv", "unix_time": 1620590398.5634828}
DEBUG:transfer.py:sshpass -p PASSWORD scp -P 5000 -o StrictHostKeyChecking=no /jupiter/circe_output/lccenc2_score2b_1#06380742-1#97782207-1#94174284-1#79198190jobid8.csv root@10.100.230.75:/jupiter/circe_input/
DEBUG:transfer.py:transfer successful!
INFO:ccdag_utils.py:runtime_stat:{"task_name": "lccenc2", "event": "queue_end_process", "filename": "lccenc2_score2c_1#06380742-1#97782207-1#94174284-1#79198190jobid8.csv", "unix_time": 1620590399.5494165}
INFO:circe.py:runtime_stat:{"task_name": "circe", "event": "new_output_file", "filename": "lccenc2_score2c_1#06380742-1#97782207-1#94174284-1#79198190jobid8.csv", "unix_time": 1620590399.550403}
DEBUG:transfer.py:sshpass -p PASSWORD scp -P 5000 -o StrictHostKeyChecking=no /jupiter/circe_output/lccenc2_score2c_1#06380742-1#97782207-1#94174284-1#79198190jobid8.csv root@10.108.129.222:/jupiter/circe_input/
DEBUG:transfer.py:transfer successful!
