 * Starting OpenBSD Secure Shell server sshd
   ...done.
INFO:circe.py:Using base script lccdec.py
DEBUG:circe.py:starting the input monitoring process
DEBUG:circe.py:starting the output monitoring process
INFO:circe.py:runtime_stat:{"task_name": "circe", "event": "new_input_file", "filename": "preagg2_lccdec2_1jobthscore2a1#74530797-1#64273881-1#01108663-1#59497142", "unix_time": 1620683299.052048}
INFO:ccdag_utils.py:runtime_stat:{"task_name": "lccdec2", "event": "queue_start_process", "filename": "preagg2_lccdec2_1jobthscore2a1#74530797-1#64273881-1#01108663-1#59497142", "unix_time": 1620683299.0526514}
INFO:circe.py:runtime_stat:{"task_name": "circe", "event": "new_input_file", "filename": "preagg2_lccdec2_1jobthscore2b1#74530797-1#64273881-1#01108663-1#59497142", "unix_time": 1620683299.3008924}
INFO:ccdag_utils.py:runtime_stat:{"task_name": "lccdec2", "event": "queue_start_process", "filename": "preagg2_lccdec2_1jobthscore2b1#74530797-1#64273881-1#01108663-1#59497142", "unix_time": 1620683299.3012257}
INFO:circe.py:runtime_stat:{"task_name": "circe", "event": "new_output_file", "filename": "lccdec2_home_1jobth1#74530797-1#64273881-1#01108663-1#59497142", "unix_time": 1620683299.321672}
DEBUG:transfer.py:sshpass -p PASSWORD scp -P 5000 -o StrictHostKeyChecking=no /jupiter/circe_output/lccdec2_home_1jobth1#74530797-1#64273881-1#01108663-1#59497142 root@10.108.154.59:/jupiter/circe_input/
INFO:ccdag_utils.py:runtime_stat:{"task_name": "lccdec2", "event": "queue_end_process", "filename": "lccdec2_home_1jobth1#74530797-1#64273881-1#01108663-1#59497142", "unix_time": 1620683299.3266065}
Warning: Permanently added '[10.108.154.59]:5000' (ECDSA) to the list of known hosts.
DEBUG:transfer.py:transfer successful!
INFO:circe.py:runtime_stat:{"task_name": "circe", "event": "new_input_file", "filename": "preagg2_lccdec2_2jobthscore2a1#44359714-1#37722489-1#47721400-1#09216932", "unix_time": 1620683309.2384436}
INFO:ccdag_utils.py:runtime_stat:{"task_name": "lccdec2", "event": "queue_start_process", "filename": "preagg2_lccdec2_2jobthscore2a1#44359714-1#37722489-1#47721400-1#09216932", "unix_time": 1620683309.2391522}
INFO:circe.py:runtime_stat:{"task_name": "circe", "event": "new_input_file", "filename": "preagg2_lccdec2_2jobthscore2b1#44359714-1#37722489-1#47721400-1#09216932", "unix_time": 1620683309.4510624}
INFO:ccdag_utils.py:runtime_stat:{"task_name": "lccdec2", "event": "queue_start_process", "filename": "preagg2_lccdec2_2jobthscore2b1#44359714-1#37722489-1#47721400-1#09216932", "unix_time": 1620683309.4515307}
INFO:circe.py:runtime_stat:{"task_name": "circe", "event": "new_output_file", "filename": "lccdec2_home_2jobth1#44359714-1#37722489-1#47721400-1#09216932", "unix_time": 1620683309.4652598}
DEBUG:transfer.py:sshpass -p PASSWORD scp -P 5000 -o StrictHostKeyChecking=no /jupiter/circe_output/lccdec2_home_2jobth1#44359714-1#37722489-1#47721400-1#09216932 root@10.108.154.59:/jupiter/circe_input/
INFO:ccdag_utils.py:runtime_stat:{"task_name": "lccdec2", "event": "queue_end_process", "filename": "lccdec2_home_2jobth1#44359714-1#37722489-1#47721400-1#09216932", "unix_time": 1620683309.471307}
DEBUG:transfer.py:transfer successful!
INFO:circe.py:runtime_stat:{"task_name": "circe", "event": "new_input_file", "filename": "preagg2_lccdec2_3jobthscore2a1#09598498-1#71774776-1#38530624-1#24257003", "unix_time": 1620683332.4618826}
INFO:ccdag_utils.py:runtime_stat:{"task_name": "lccdec2", "event": "queue_start_process", "filename": "preagg2_lccdec2_3jobthscore2a1#09598498-1#71774776-1#38530624-1#24257003", "unix_time": 1620683332.4629107}
INFO:circe.py:runtime_stat:{"task_name": "circe", "event": "new_input_file", "filename": "preagg2_lccdec2_3jobthscore2b1#09598498-1#71774776-1#38530624-1#24257003", "unix_time": 1620683332.6911037}
INFO:ccdag_utils.py:runtime_stat:{"task_name": "lccdec2", "event": "queue_start_process", "filename": "preagg2_lccdec2_3jobthscore2b1#09598498-1#71774776-1#38530624-1#24257003", "unix_time": 1620683332.691621}
INFO:circe.py:runtime_stat:{"task_name": "circe", "event": "new_output_file", "filename": "lccdec2_home_3jobth1#09598498-1#71774776-1#38530624-1#24257003", "unix_time": 1620683332.7047992}
DEBUG:transfer.py:sshpass -p PASSWORD scp -P 5000 -o StrictHostKeyChecking=no /jupiter/circe_output/lccdec2_home_3jobth1#09598498-1#71774776-1#38530624-1#24257003 root@10.108.154.59:/jupiter/circe_input/
INFO:ccdag_utils.py:runtime_stat:{"task_name": "lccdec2", "event": "queue_end_process", "filename": "lccdec2_home_3jobth1#09598498-1#71774776-1#38530624-1#24257003", "unix_time": 1620683332.7099977}
DEBUG:transfer.py:transfer successful!
INFO:circe.py:runtime_stat:{"task_name": "circe", "event": "new_input_file", "filename": "preagg2_lccdec2_4jobthscore2a1#49833684-1#38129831-1#78359182-1#06277787", "unix_time": 1620683344.7007794}
INFO:ccdag_utils.py:runtime_stat:{"task_name": "lccdec2", "event": "queue_start_process", "filename": "preagg2_lccdec2_4jobthscore2a1#49833684-1#38129831-1#78359182-1#06277787", "unix_time": 1620683344.7012494}
INFO:circe.py:runtime_stat:{"task_name": "circe", "event": "new_input_file", "filename": "preagg2_lccdec2_4jobthscore2b1#49833684-1#38129831-1#78359182-1#06277787", "unix_time": 1620683344.9159894}
INFO:ccdag_utils.py:runtime_stat:{"task_name": "lccdec2", "event": "queue_start_process", "filename": "preagg2_lccdec2_4jobthscore2b1#49833684-1#38129831-1#78359182-1#06277787", "unix_time": 1620683344.916342}
INFO:circe.py:runtime_stat:{"task_name": "circe", "event": "new_output_file", "filename": "lccdec2_home_4jobth1#49833684-1#38129831-1#78359182-1#06277787", "unix_time": 1620683344.932689}
DEBUG:transfer.py:sshpass -p PASSWORD scp -P 5000 -o StrictHostKeyChecking=no /jupiter/circe_output/lccdec2_home_4jobth1#49833684-1#38129831-1#78359182-1#06277787 root@10.108.154.59:/jupiter/circe_input/
INFO:ccdag_utils.py:runtime_stat:{"task_name": "lccdec2", "event": "queue_end_process", "filename": "lccdec2_home_4jobth1#49833684-1#38129831-1#78359182-1#06277787", "unix_time": 1620683344.9384792}
DEBUG:transfer.py:transfer successful!
INFO:circe.py:runtime_stat:{"task_name": "circe", "event": "new_input_file", "filename": "preagg2_lccdec2_5jobthscore2a1#50382814-1#74091384-1#08620830-1#96330857", "unix_time": 1620683388.9189987}
INFO:ccdag_utils.py:runtime_stat:{"task_name": "lccdec2", "event": "queue_start_process", "filename": "preagg2_lccdec2_5jobthscore2a1#50382814-1#74091384-1#08620830-1#96330857", "unix_time": 1620683388.9193902}
INFO:circe.py:runtime_stat:{"task_name": "circe", "event": "new_input_file", "filename": "preagg2_lccdec2_5jobthscore2b1#50382814-1#74091384-1#08620830-1#96330857", "unix_time": 1620683389.1216516}
INFO:ccdag_utils.py:runtime_stat:{"task_name": "lccdec2", "event": "queue_start_process", "filename": "preagg2_lccdec2_5jobthscore2b1#50382814-1#74091384-1#08620830-1#96330857", "unix_time": 1620683389.1222608}
INFO:circe.py:runtime_stat:{"task_name": "circe", "event": "new_output_file", "filename": "lccdec2_home_5jobth1#50382814-1#74091384-1#08620830-1#96330857", "unix_time": 1620683389.1351032}
DEBUG:transfer.py:sshpass -p PASSWORD scp -P 5000 -o StrictHostKeyChecking=no /jupiter/circe_output/lccdec2_home_5jobth1#50382814-1#74091384-1#08620830-1#96330857 root@10.108.154.59:/jupiter/circe_input/
INFO:ccdag_utils.py:runtime_stat:{"task_name": "lccdec2", "event": "queue_end_process", "filename": "lccdec2_home_5jobth1#50382814-1#74091384-1#08620830-1#96330857", "unix_time": 1620683389.1364398}
DEBUG:transfer.py:transfer successful!
INFO:circe.py:runtime_stat:{"task_name": "circe", "event": "new_input_file", "filename": "preagg2_lccdec2_6jobthscore2a1#03873049-1#12377878-1#17311795-1#95259452", "unix_time": 1620683411.2097385}
INFO:ccdag_utils.py:runtime_stat:{"task_name": "lccdec2", "event": "queue_start_process", "filename": "preagg2_lccdec2_6jobthscore2a1#03873049-1#12377878-1#17311795-1#95259452", "unix_time": 1620683411.2103856}
INFO:circe.py:runtime_stat:{"task_name": "circe", "event": "new_input_file", "filename": "preagg2_lccdec2_6jobthscore2b1#03873049-1#12377878-1#17311795-1#95259452", "unix_time": 1620683411.4451299}
INFO:ccdag_utils.py:runtime_stat:{"task_name": "lccdec2", "event": "queue_start_process", "filename": "preagg2_lccdec2_6jobthscore2b1#03873049-1#12377878-1#17311795-1#95259452", "unix_time": 1620683411.4458632}
INFO:circe.py:runtime_stat:{"task_name": "circe", "event": "new_output_file", "filename": "lccdec2_home_6jobth1#03873049-1#12377878-1#17311795-1#95259452", "unix_time": 1620683411.4610116}
DEBUG:transfer.py:sshpass -p PASSWORD scp -P 5000 -o StrictHostKeyChecking=no /jupiter/circe_output/lccdec2_home_6jobth1#03873049-1#12377878-1#17311795-1#95259452 root@10.108.154.59:/jupiter/circe_input/
INFO:ccdag_utils.py:runtime_stat:{"task_name": "lccdec2", "event": "queue_end_process", "filename": "lccdec2_home_6jobth1#03873049-1#12377878-1#17311795-1#95259452", "unix_time": 1620683411.4645748}
DEBUG:transfer.py:transfer successful!
INFO:circe.py:runtime_stat:{"task_name": "circe", "event": "new_input_file", "filename": "preagg2_lccdec2_7jobthscore2a1#31340076-1#53038967-1#71178867-1#54813794", "unix_time": 1620683427.376477}
INFO:ccdag_utils.py:runtime_stat:{"task_name": "lccdec2", "event": "queue_start_process", "filename": "preagg2_lccdec2_7jobthscore2a1#31340076-1#53038967-1#71178867-1#54813794", "unix_time": 1620683427.3769124}
INFO:circe.py:runtime_stat:{"task_name": "circe", "event": "new_input_file", "filename": "preagg2_lccdec2_7jobthscore2b1#31340076-1#53038967-1#71178867-1#54813794", "unix_time": 1620683427.6330245}
INFO:ccdag_utils.py:runtime_stat:{"task_name": "lccdec2", "event": "queue_start_process", "filename": "preagg2_lccdec2_7jobthscore2b1#31340076-1#53038967-1#71178867-1#54813794", "unix_time": 1620683427.6336179}
INFO:circe.py:runtime_stat:{"task_name": "circe", "event": "new_output_file", "filename": "lccdec2_home_7jobth1#31340076-1#53038967-1#71178867-1#54813794", "unix_time": 1620683427.6493754}
DEBUG:transfer.py:sshpass -p PASSWORD scp -P 5000 -o StrictHostKeyChecking=no /jupiter/circe_output/lccdec2_home_7jobth1#31340076-1#53038967-1#71178867-1#54813794 root@10.108.154.59:/jupiter/circe_input/
INFO:ccdag_utils.py:runtime_stat:{"task_name": "lccdec2", "event": "queue_end_process", "filename": "lccdec2_home_7jobth1#31340076-1#53038967-1#71178867-1#54813794", "unix_time": 1620683427.6539905}
DEBUG:transfer.py:transfer successful!
INFO:circe.py:runtime_stat:{"task_name": "circe", "event": "new_input_file", "filename": "preagg2_lccdec2_8jobthscore2a1#46659229-1#43802089-1#35342516-1#46123071", "unix_time": 1620683456.6070118}
INFO:ccdag_utils.py:runtime_stat:{"task_name": "lccdec2", "event": "queue_start_process", "filename": "preagg2_lccdec2_8jobthscore2a1#46659229-1#43802089-1#35342516-1#46123071", "unix_time": 1620683456.6075923}
INFO:circe.py:runtime_stat:{"task_name": "circe", "event": "new_input_file", "filename": "preagg2_lccdec2_8jobthscore2b1#46659229-1#43802089-1#35342516-1#46123071", "unix_time": 1620683456.8312721}
INFO:ccdag_utils.py:runtime_stat:{"task_name": "lccdec2", "event": "queue_start_process", "filename": "preagg2_lccdec2_8jobthscore2b1#46659229-1#43802089-1#35342516-1#46123071", "unix_time": 1620683456.831816}
INFO:circe.py:runtime_stat:{"task_name": "circe", "event": "new_output_file", "filename": "lccdec2_home_8jobth1#46659229-1#43802089-1#35342516-1#46123071", "unix_time": 1620683456.8462625}
DEBUG:transfer.py:sshpass -p PASSWORD scp -P 5000 -o StrictHostKeyChecking=no /jupiter/circe_output/lccdec2_home_8jobth1#46659229-1#43802089-1#35342516-1#46123071 root@10.108.154.59:/jupiter/circe_input/
INFO:ccdag_utils.py:runtime_stat:{"task_name": "lccdec2", "event": "queue_end_process", "filename": "lccdec2_home_8jobth1#46659229-1#43802089-1#35342516-1#46123071", "unix_time": 1620683456.8517873}
DEBUG:transfer.py:transfer successful!
