 * Starting OpenBSD Secure Shell server sshd
   ...done.
INFO:circe.py:Using base script score.py
DEBUG:circe.py:starting the input monitoring process
DEBUG:circe.py:starting the output monitoring process
INFO:circe.py:runtime_stat:{"task_name": "circe", "event": "new_input_file", "filename": "lccenc6_score6a_5#49492247-5#70434072-5#38522067-5#21238389jobid2.csv", "unix_time": 1620589316.1731246}
INFO:ccdag_utils.py:runtime_stat:{"task_name": "score6a", "event": "queue_start_process", "filename": "lccenc6_score6a_5#49492247-5#70434072-5#38522067-5#21238389jobid2.csv", "unix_time": 1620589316.8550062}
['persiancat21.JPEG', 'persiancat22.JPEG', 'persiancat23.JPEG', 'persiancat24.JPEG', 'persiancat25.JPEG', 'persiancat26.JPEG', 'persiancat27.JPEG', 'persiancat28.JPEG', 'persiancat29.JPEG', 'persiancat30.JPEG']
INFO:circe.py:runtime_stat:{"task_name": "circe", "event": "new_output_file", "filename": "score6a_preagg6_2jobth5#49492247-5#70434072-5#38522067-5#21238389", "unix_time": 1620589328.4634848}
DEBUG:transfer.py:sshpass -p PASSWORD scp -P 5000 -o StrictHostKeyChecking=no /jupiter/circe_output/score6a_preagg6_2jobth5#49492247-5#70434072-5#38522067-5#21238389 root@10.111.218.39:/jupiter/circe_input/
INFO:ccdag_utils.py:runtime_stat:{"task_name": "score6a", "event": "queue_end_process", "filename": "score6a_preagg6_2jobth5#49492247-5#70434072-5#38522067-5#21238389", "unix_time": 1620589328.472117}
Warning: Permanently added '[10.111.218.39]:5000' (ECDSA) to the list of known hosts.
DEBUG:transfer.py:transfer successful!
INFO:circe.py:runtime_stat:{"task_name": "circe", "event": "new_input_file", "filename": "lccenc6_score6a_5#39576232-5#52438379-5#16093478-5#93586179jobid2.csv", "unix_time": 1620589355.27757}
INFO:ccdag_utils.py:runtime_stat:{"task_name": "score6a", "event": "queue_start_process", "filename": "lccenc6_score6a_5#39576232-5#52438379-5#16093478-5#93586179jobid2.csv", "unix_time": 1620589355.5012484}
['persiancat21.JPEG', 'persiancat22.JPEG', 'persiancat23.JPEG', 'persiancat24.JPEG', 'persiancat25.JPEG', 'persiancat26.JPEG', 'persiancat27.JPEG', 'persiancat28.JPEG', 'persiancat29.JPEG', 'persiancat30.JPEG']
INFO:circe.py:runtime_stat:{"task_name": "circe", "event": "new_output_file", "filename": "score6a_preagg6_2jobth5#39576232-5#52438379-5#16093478-5#93586179", "unix_time": 1620589366.985434}
DEBUG:transfer.py:sshpass -p PASSWORD scp -P 5000 -o StrictHostKeyChecking=no /jupiter/circe_output/score6a_preagg6_2jobth5#39576232-5#52438379-5#16093478-5#93586179 root@10.111.218.39:/jupiter/circe_input/
INFO:ccdag_utils.py:runtime_stat:{"task_name": "score6a", "event": "queue_end_process", "filename": "score6a_preagg6_2jobth5#39576232-5#52438379-5#16093478-5#93586179", "unix_time": 1620589366.9928234}
DEBUG:transfer.py:transfer successful!
INFO:circe.py:runtime_stat:{"task_name": "circe", "event": "new_input_file", "filename": "lccenc6_score6a_5#36921142-5#73649310-5#62418130-5#59198157jobid1.csv", "unix_time": 1620589519.7179}
INFO:ccdag_utils.py:runtime_stat:{"task_name": "score6a", "event": "queue_start_process", "filename": "lccenc6_score6a_5#36921142-5#73649310-5#62418130-5#59198157jobid1.csv", "unix_time": 1620589520.1531985}
['persiancat21.JPEG', 'persiancat22.JPEG', 'persiancat23.JPEG', 'persiancat24.JPEG', 'persiancat25.JPEG', 'persiancat26.JPEG', 'persiancat27.JPEG', 'persiancat28.JPEG', 'persiancat29.JPEG', 'persiancat30.JPEG']
INFO:circe.py:runtime_stat:{"task_name": "circe", "event": "new_output_file", "filename": "score6a_preagg6_1jobth5#36921142-5#73649310-5#62418130-5#59198157", "unix_time": 1620589531.6432633}
DEBUG:transfer.py:sshpass -p PASSWORD scp -P 5000 -o StrictHostKeyChecking=no /jupiter/circe_output/score6a_preagg6_1jobth5#36921142-5#73649310-5#62418130-5#59198157 root@10.111.218.39:/jupiter/circe_input/
INFO:ccdag_utils.py:runtime_stat:{"task_name": "score6a", "event": "queue_end_process", "filename": "score6a_preagg6_1jobth5#36921142-5#73649310-5#62418130-5#59198157", "unix_time": 1620589531.6512814}
DEBUG:transfer.py:transfer successful!
INFO:circe.py:runtime_stat:{"task_name": "circe", "event": "new_input_file", "filename": "lccenc6_score6a_5#70550589-5#85224940-5#97128966-5#89668920jobid2.csv", "unix_time": 1620589618.0179331}
INFO:ccdag_utils.py:runtime_stat:{"task_name": "score6a", "event": "queue_start_process", "filename": "lccenc6_score6a_5#70550589-5#85224940-5#97128966-5#89668920jobid2.csv", "unix_time": 1620589618.743438}
['persiancat21.JPEG', 'persiancat22.JPEG', 'persiancat23.JPEG', 'persiancat24.JPEG', 'persiancat25.JPEG', 'persiancat26.JPEG', 'persiancat27.JPEG', 'persiancat28.JPEG', 'persiancat29.JPEG', 'persiancat30.JPEG']
INFO:ccdag_utils.py:runtime_stat:{"task_name": "score6a", "event": "queue_end_process", "filename": "score6a_preagg6_2jobth5#70550589-5#85224940-5#97128966-5#89668920", "unix_time": 1620589630.2590091}
INFO:circe.py:runtime_stat:{"task_name": "circe", "event": "new_output_file", "filename": "score6a_preagg6_2jobth5#70550589-5#85224940-5#97128966-5#89668920", "unix_time": 1620589630.2608123}
DEBUG:transfer.py:sshpass -p PASSWORD scp -P 5000 -o StrictHostKeyChecking=no /jupiter/circe_output/score6a_preagg6_2jobth5#70550589-5#85224940-5#97128966-5#89668920 root@10.111.218.39:/jupiter/circe_input/
DEBUG:transfer.py:transfer successful!
INFO:circe.py:runtime_stat:{"task_name": "circe", "event": "new_input_file", "filename": "lccenc6_score6a_5#28297255-5#63082933-5#11607078-5#20804934jobid3.csv", "unix_time": 1620589686.4563193}
INFO:ccdag_utils.py:runtime_stat:{"task_name": "score6a", "event": "queue_start_process", "filename": "lccenc6_score6a_5#28297255-5#63082933-5#11607078-5#20804934jobid3.csv", "unix_time": 1620589687.3161533}
['persiancat21.JPEG', 'persiancat22.JPEG', 'persiancat23.JPEG', 'persiancat24.JPEG', 'persiancat25.JPEG', 'persiancat26.JPEG', 'persiancat27.JPEG', 'persiancat28.JPEG', 'persiancat29.JPEG', 'persiancat30.JPEG']
INFO:circe.py:runtime_stat:{"task_name": "circe", "event": "new_output_file", "filename": "score6a_preagg6_3jobth5#28297255-5#63082933-5#11607078-5#20804934", "unix_time": 1620589698.7395594}
DEBUG:transfer.py:sshpass -p PASSWORD scp -P 5000 -o StrictHostKeyChecking=no /jupiter/circe_output/score6a_preagg6_3jobth5#28297255-5#63082933-5#11607078-5#20804934 root@10.111.218.39:/jupiter/circe_input/
INFO:ccdag_utils.py:runtime_stat:{"task_name": "score6a", "event": "queue_end_process", "filename": "score6a_preagg6_3jobth5#28297255-5#63082933-5#11607078-5#20804934", "unix_time": 1620589698.7469954}
DEBUG:transfer.py:transfer successful!
INFO:circe.py:runtime_stat:{"task_name": "circe", "event": "new_input_file", "filename": "lccenc6_score6a_5#06305203-5#08583768-5#65165089-5#34170329jobid4.csv", "unix_time": 1620589716.8752494}
INFO:ccdag_utils.py:runtime_stat:{"task_name": "score6a", "event": "queue_start_process", "filename": "lccenc6_score6a_5#06305203-5#08583768-5#65165089-5#34170329jobid4.csv", "unix_time": 1620589717.7693086}
['persiancat21.JPEG', 'persiancat22.JPEG', 'persiancat23.JPEG', 'persiancat24.JPEG', 'persiancat25.JPEG', 'persiancat26.JPEG', 'persiancat27.JPEG', 'persiancat28.JPEG', 'persiancat29.JPEG', 'persiancat30.JPEG']
INFO:circe.py:runtime_stat:{"task_name": "circe", "event": "new_output_file", "filename": "score6a_preagg6_4jobth5#06305203-5#08583768-5#65165089-5#34170329", "unix_time": 1620589729.262371}
DEBUG:transfer.py:sshpass -p PASSWORD scp -P 5000 -o StrictHostKeyChecking=no /jupiter/circe_output/score6a_preagg6_4jobth5#06305203-5#08583768-5#65165089-5#34170329 root@10.111.218.39:/jupiter/circe_input/
INFO:ccdag_utils.py:runtime_stat:{"task_name": "score6a", "event": "queue_end_process", "filename": "score6a_preagg6_4jobth5#06305203-5#08583768-5#65165089-5#34170329", "unix_time": 1620589729.2747958}
DEBUG:transfer.py:transfer successful!
INFO:circe.py:runtime_stat:{"task_name": "circe", "event": "new_input_file", "filename": "lccenc6_score6a_5#88413584-5#66508935-5#64761647-5#66975773jobid5.csv", "unix_time": 1620589801.5507002}
INFO:ccdag_utils.py:runtime_stat:{"task_name": "score6a", "event": "queue_start_process", "filename": "lccenc6_score6a_5#88413584-5#66508935-5#64761647-5#66975773jobid5.csv", "unix_time": 1620589802.363269}
['persiancat21.JPEG', 'persiancat22.JPEG', 'persiancat23.JPEG', 'persiancat24.JPEG', 'persiancat25.JPEG', 'persiancat26.JPEG', 'persiancat27.JPEG', 'persiancat28.JPEG', 'persiancat29.JPEG', 'persiancat30.JPEG']
INFO:circe.py:runtime_stat:{"task_name": "circe", "event": "new_output_file", "filename": "score6a_preagg6_5jobth5#88413584-5#66508935-5#64761647-5#66975773", "unix_time": 1620589813.8742957}
DEBUG:transfer.py:sshpass -p PASSWORD scp -P 5000 -o StrictHostKeyChecking=no /jupiter/circe_output/score6a_preagg6_5jobth5#88413584-5#66508935-5#64761647-5#66975773 root@10.111.218.39:/jupiter/circe_input/
INFO:ccdag_utils.py:runtime_stat:{"task_name": "score6a", "event": "queue_end_process", "filename": "score6a_preagg6_5jobth5#88413584-5#66508935-5#64761647-5#66975773", "unix_time": 1620589813.884341}
DEBUG:transfer.py:transfer successful!
INFO:circe.py:runtime_stat:{"task_name": "circe", "event": "new_input_file", "filename": "lccenc6_score6a_5#71901217-5#73155793-5#31009992-5#68380459jobid6.csv", "unix_time": 1620589891.7232194}
INFO:ccdag_utils.py:runtime_stat:{"task_name": "score6a", "event": "queue_start_process", "filename": "lccenc6_score6a_5#71901217-5#73155793-5#31009992-5#68380459jobid6.csv", "unix_time": 1620589891.966995}
['persiancat21.JPEG', 'persiancat22.JPEG', 'persiancat23.JPEG', 'persiancat24.JPEG', 'persiancat25.JPEG', 'persiancat26.JPEG', 'persiancat27.JPEG', 'persiancat28.JPEG', 'persiancat29.JPEG', 'persiancat30.JPEG']
INFO:circe.py:runtime_stat:{"task_name": "circe", "event": "new_output_file", "filename": "score6a_preagg6_6jobth5#71901217-5#73155793-5#31009992-5#68380459", "unix_time": 1620589903.4552598}
DEBUG:transfer.py:sshpass -p PASSWORD scp -P 5000 -o StrictHostKeyChecking=no /jupiter/circe_output/score6a_preagg6_6jobth5#71901217-5#73155793-5#31009992-5#68380459 root@10.111.218.39:/jupiter/circe_input/
INFO:ccdag_utils.py:runtime_stat:{"task_name": "score6a", "event": "queue_end_process", "filename": "score6a_preagg6_6jobth5#71901217-5#73155793-5#31009992-5#68380459", "unix_time": 1620589903.4609525}
DEBUG:transfer.py:transfer successful!
INFO:circe.py:runtime_stat:{"task_name": "circe", "event": "new_input_file", "filename": "lccenc6_score6a_5#46820552-5#35930449-5#00544478-5#79939891jobid7.csv", "unix_time": 1620590082.1805294}
INFO:ccdag_utils.py:runtime_stat:{"task_name": "score6a", "event": "queue_start_process", "filename": "lccenc6_score6a_5#46820552-5#35930449-5#00544478-5#79939891jobid7.csv", "unix_time": 1620590082.648111}
['persiancat21.JPEG', 'persiancat22.JPEG', 'persiancat23.JPEG', 'persiancat24.JPEG', 'persiancat25.JPEG', 'persiancat26.JPEG', 'persiancat27.JPEG', 'persiancat28.JPEG', 'persiancat29.JPEG', 'persiancat30.JPEG']
INFO:circe.py:runtime_stat:{"task_name": "circe", "event": "new_output_file", "filename": "score6a_preagg6_7jobth5#46820552-5#35930449-5#00544478-5#79939891", "unix_time": 1620590094.100189}
DEBUG:transfer.py:sshpass -p PASSWORD scp -P 5000 -o StrictHostKeyChecking=no /jupiter/circe_output/score6a_preagg6_7jobth5#46820552-5#35930449-5#00544478-5#79939891 root@10.111.218.39:/jupiter/circe_input/
INFO:ccdag_utils.py:runtime_stat:{"task_name": "score6a", "event": "queue_end_process", "filename": "score6a_preagg6_7jobth5#46820552-5#35930449-5#00544478-5#79939891", "unix_time": 1620590094.1080678}
DEBUG:transfer.py:transfer successful!
INFO:circe.py:runtime_stat:{"task_name": "circe", "event": "new_input_file", "filename": "lccenc6_score6a_5#83169337-5#03092119-5#52830758-5#56961907jobid8.csv", "unix_time": 1620590308.8957996}
INFO:ccdag_utils.py:runtime_stat:{"task_name": "score6a", "event": "queue_start_process", "filename": "lccenc6_score6a_5#83169337-5#03092119-5#52830758-5#56961907jobid8.csv", "unix_time": 1620590309.3428826}
['persiancat21.JPEG', 'persiancat22.JPEG', 'persiancat23.JPEG', 'persiancat24.JPEG', 'persiancat25.JPEG', 'persiancat26.JPEG', 'persiancat27.JPEG', 'persiancat28.JPEG', 'persiancat29.JPEG', 'persiancat30.JPEG']
INFO:circe.py:runtime_stat:{"task_name": "circe", "event": "new_output_file", "filename": "score6a_preagg6_8jobth5#83169337-5#03092119-5#52830758-5#56961907", "unix_time": 1620590320.8451674}
DEBUG:transfer.py:sshpass -p PASSWORD scp -P 5000 -o StrictHostKeyChecking=no /jupiter/circe_output/score6a_preagg6_8jobth5#83169337-5#03092119-5#52830758-5#56961907 root@10.111.218.39:/jupiter/circe_input/
INFO:ccdag_utils.py:runtime_stat:{"task_name": "score6a", "event": "queue_end_process", "filename": "score6a_preagg6_8jobth5#83169337-5#03092119-5#52830758-5#56961907", "unix_time": 1620590320.8524916}
DEBUG:transfer.py:transfer successful!
