 * Starting OpenBSD Secure Shell server sshd
   ...done.
INFO:circe.py:Using base script score.py
DEBUG:circe.py:starting the input monitoring process
DEBUG:circe.py:starting the output monitoring process
INFO:circe.py:runtime_stat:{"task_name": "circe", "event": "new_input_file", "filename": "lccenc4_score4a_3#99904830-3#03147318-3#62868225-3#47677912jobid2.csv", "unix_time": 1620589374.632875}
['tiger21.JPEG', 'tiger22.JPEG', 'tiger23.JPEG', 'tiger24.JPEG', 'tiger25.JPEG', 'tiger26.JPEG', 'tiger27.JPEG', 'tiger28.JPEG', 'tiger29.JPEG', 'tiger30.JPEG']
INFO:ccdag_utils.py:runtime_stat:{"task_name": "score4a", "event": "queue_start_process", "filename": "lccenc4_score4a_3#99904830-3#03147318-3#62868225-3#47677912jobid2.csv", "unix_time": 1620589375.3190975}
INFO:circe.py:runtime_stat:{"task_name": "circe", "event": "new_output_file", "filename": "score4a_preagg4_2jobth3#99904830-3#03147318-3#62868225-3#47677912", "unix_time": 1620589387.0046484}
DEBUG:transfer.py:sshpass -p PASSWORD scp -P 5000 -o StrictHostKeyChecking=no /jupiter/circe_output/score4a_preagg4_2jobth3#99904830-3#03147318-3#62868225-3#47677912 root@10.101.169.227:/jupiter/circe_input/
INFO:ccdag_utils.py:runtime_stat:{"task_name": "score4a", "event": "queue_end_process", "filename": "score4a_preagg4_2jobth3#99904830-3#03147318-3#62868225-3#47677912", "unix_time": 1620589387.012363}
Warning: Permanently added '[10.101.169.227]:5000' (ECDSA) to the list of known hosts.
DEBUG:transfer.py:transfer successful!
INFO:circe.py:runtime_stat:{"task_name": "circe", "event": "new_input_file", "filename": "lccenc4_score4a_3#20778576-3#83976113-3#92221545-3#11190924jobid2.csv", "unix_time": 1620589429.7093349}
INFO:ccdag_utils.py:runtime_stat:{"task_name": "score4a", "event": "queue_start_process", "filename": "lccenc4_score4a_3#20778576-3#83976113-3#92221545-3#11190924jobid2.csv", "unix_time": 1620589430.0577147}
['tiger21.JPEG', 'tiger22.JPEG', 'tiger23.JPEG', 'tiger24.JPEG', 'tiger25.JPEG', 'tiger26.JPEG', 'tiger27.JPEG', 'tiger28.JPEG', 'tiger29.JPEG', 'tiger30.JPEG']
INFO:circe.py:runtime_stat:{"task_name": "circe", "event": "new_output_file", "filename": "score4a_preagg4_2jobth3#20778576-3#83976113-3#92221545-3#11190924", "unix_time": 1620589441.5796106}
DEBUG:transfer.py:sshpass -p PASSWORD scp -P 5000 -o StrictHostKeyChecking=no /jupiter/circe_output/score4a_preagg4_2jobth3#20778576-3#83976113-3#92221545-3#11190924 root@10.101.169.227:/jupiter/circe_input/
INFO:ccdag_utils.py:runtime_stat:{"task_name": "score4a", "event": "queue_end_process", "filename": "score4a_preagg4_2jobth3#20778576-3#83976113-3#92221545-3#11190924", "unix_time": 1620589441.592724}
DEBUG:transfer.py:transfer successful!
INFO:circe.py:runtime_stat:{"task_name": "circe", "event": "new_input_file", "filename": "lccenc4_score4a_3#57800441-3#79663040-3#52067035-3#77843637jobid2.csv", "unix_time": 1620589461.4181817}
INFO:ccdag_utils.py:runtime_stat:{"task_name": "score4a", "event": "queue_start_process", "filename": "lccenc4_score4a_3#57800441-3#79663040-3#52067035-3#77843637jobid2.csv", "unix_time": 1620589461.6129653}
['tiger21.JPEG', 'tiger22.JPEG', 'tiger23.JPEG', 'tiger24.JPEG', 'tiger25.JPEG', 'tiger26.JPEG', 'tiger27.JPEG', 'tiger28.JPEG', 'tiger29.JPEG', 'tiger30.JPEG']
INFO:circe.py:runtime_stat:{"task_name": "circe", "event": "new_output_file", "filename": "score4a_preagg4_2jobth3#57800441-3#79663040-3#52067035-3#77843637", "unix_time": 1620589473.0732381}
DEBUG:transfer.py:sshpass -p PASSWORD scp -P 5000 -o StrictHostKeyChecking=no /jupiter/circe_output/score4a_preagg4_2jobth3#57800441-3#79663040-3#52067035-3#77843637 root@10.101.169.227:/jupiter/circe_input/
INFO:ccdag_utils.py:runtime_stat:{"task_name": "score4a", "event": "queue_end_process", "filename": "score4a_preagg4_2jobth3#57800441-3#79663040-3#52067035-3#77843637", "unix_time": 1620589473.0743935}
DEBUG:transfer.py:transfer successful!
INFO:circe.py:runtime_stat:{"task_name": "circe", "event": "new_input_file", "filename": "lccenc4_score4a_3#46923189-3#82551562-3#23226684-3#39694868jobid1.csv", "unix_time": 1620589490.0404694}
INFO:ccdag_utils.py:runtime_stat:{"task_name": "score4a", "event": "queue_start_process", "filename": "lccenc4_score4a_3#46923189-3#82551562-3#23226684-3#39694868jobid1.csv", "unix_time": 1620589490.0918014}
['tiger21.JPEG', 'tiger22.JPEG', 'tiger23.JPEG', 'tiger24.JPEG', 'tiger25.JPEG', 'tiger26.JPEG', 'tiger27.JPEG', 'tiger28.JPEG', 'tiger29.JPEG', 'tiger30.JPEG']
INFO:circe.py:runtime_stat:{"task_name": "circe", "event": "new_output_file", "filename": "score4a_preagg4_1jobth3#46923189-3#82551562-3#23226684-3#39694868", "unix_time": 1620589501.5475938}
DEBUG:transfer.py:sshpass -p PASSWORD scp -P 5000 -o StrictHostKeyChecking=no /jupiter/circe_output/score4a_preagg4_1jobth3#46923189-3#82551562-3#23226684-3#39694868 root@10.101.169.227:/jupiter/circe_input/
INFO:ccdag_utils.py:runtime_stat:{"task_name": "score4a", "event": "queue_end_process", "filename": "score4a_preagg4_1jobth3#46923189-3#82551562-3#23226684-3#39694868", "unix_time": 1620589501.5537047}
DEBUG:transfer.py:transfer successful!
INFO:circe.py:runtime_stat:{"task_name": "circe", "event": "new_input_file", "filename": "lccenc4_score4a_3#44050744-3#92621446-3#23472243-3#33596729jobid2.csv", "unix_time": 1620589736.522583}
INFO:ccdag_utils.py:runtime_stat:{"task_name": "score4a", "event": "queue_start_process", "filename": "lccenc4_score4a_3#44050744-3#92621446-3#23472243-3#33596729jobid2.csv", "unix_time": 1620589736.8054008}
['tiger21.JPEG', 'tiger22.JPEG', 'tiger23.JPEG', 'tiger24.JPEG', 'tiger25.JPEG', 'tiger26.JPEG', 'tiger27.JPEG', 'tiger28.JPEG', 'tiger29.JPEG', 'tiger30.JPEG']
INFO:circe.py:runtime_stat:{"task_name": "circe", "event": "new_output_file", "filename": "score4a_preagg4_2jobth3#44050744-3#92621446-3#23472243-3#33596729", "unix_time": 1620589748.2822843}
DEBUG:transfer.py:sshpass -p PASSWORD scp -P 5000 -o StrictHostKeyChecking=no /jupiter/circe_output/score4a_preagg4_2jobth3#44050744-3#92621446-3#23472243-3#33596729 root@10.101.169.227:/jupiter/circe_input/
INFO:ccdag_utils.py:runtime_stat:{"task_name": "score4a", "event": "queue_end_process", "filename": "score4a_preagg4_2jobth3#44050744-3#92621446-3#23472243-3#33596729", "unix_time": 1620589748.2897472}
DEBUG:transfer.py:transfer successful!
INFO:circe.py:runtime_stat:{"task_name": "circe", "event": "new_input_file", "filename": "lccenc4_score4a_3#29556548-3#61856345-3#13379051-3#38760569jobid3.csv", "unix_time": 1620589785.7358608}
INFO:ccdag_utils.py:runtime_stat:{"task_name": "score4a", "event": "queue_start_process", "filename": "lccenc4_score4a_3#29556548-3#61856345-3#13379051-3#38760569jobid3.csv", "unix_time": 1620589786.3333716}
['tiger21.JPEG', 'tiger22.JPEG', 'tiger23.JPEG', 'tiger24.JPEG', 'tiger25.JPEG', 'tiger26.JPEG', 'tiger27.JPEG', 'tiger28.JPEG', 'tiger29.JPEG', 'tiger30.JPEG']
INFO:circe.py:runtime_stat:{"task_name": "circe", "event": "new_output_file", "filename": "score4a_preagg4_3jobth3#29556548-3#61856345-3#13379051-3#38760569", "unix_time": 1620589797.8412414}
DEBUG:transfer.py:sshpass -p PASSWORD scp -P 5000 -o StrictHostKeyChecking=no /jupiter/circe_output/score4a_preagg4_3jobth3#29556548-3#61856345-3#13379051-3#38760569 root@10.101.169.227:/jupiter/circe_input/
INFO:ccdag_utils.py:runtime_stat:{"task_name": "score4a", "event": "queue_end_process", "filename": "score4a_preagg4_3jobth3#29556548-3#61856345-3#13379051-3#38760569", "unix_time": 1620589797.8491266}
DEBUG:transfer.py:transfer successful!
INFO:circe.py:runtime_stat:{"task_name": "circe", "event": "new_input_file", "filename": "lccenc4_score4a_3#42586684-3#15263256-3#59250357-3#48410240jobid4.csv", "unix_time": 1620589847.9710886}
INFO:ccdag_utils.py:runtime_stat:{"task_name": "score4a", "event": "queue_start_process", "filename": "lccenc4_score4a_3#42586684-3#15263256-3#59250357-3#48410240jobid4.csv", "unix_time": 1620589848.9103718}
['tiger21.JPEG', 'tiger22.JPEG', 'tiger23.JPEG', 'tiger24.JPEG', 'tiger25.JPEG', 'tiger26.JPEG', 'tiger27.JPEG', 'tiger28.JPEG', 'tiger29.JPEG', 'tiger30.JPEG']
INFO:circe.py:runtime_stat:{"task_name": "circe", "event": "new_output_file", "filename": "score4a_preagg4_4jobth3#42586684-3#15263256-3#59250357-3#48410240", "unix_time": 1620589860.394827}
DEBUG:transfer.py:sshpass -p PASSWORD scp -P 5000 -o StrictHostKeyChecking=no /jupiter/circe_output/score4a_preagg4_4jobth3#42586684-3#15263256-3#59250357-3#48410240 root@10.101.169.227:/jupiter/circe_input/
INFO:ccdag_utils.py:runtime_stat:{"task_name": "score4a", "event": "queue_end_process", "filename": "score4a_preagg4_4jobth3#42586684-3#15263256-3#59250357-3#48410240", "unix_time": 1620589860.4012332}
DEBUG:transfer.py:transfer successful!
INFO:circe.py:runtime_stat:{"task_name": "circe", "event": "new_input_file", "filename": "lccenc4_score4a_3#55873110-3#82473421-3#61387354-3#72357474jobid5.csv", "unix_time": 1620589893.1447887}
INFO:ccdag_utils.py:runtime_stat:{"task_name": "score4a", "event": "queue_start_process", "filename": "lccenc4_score4a_3#55873110-3#82473421-3#61387354-3#72357474jobid5.csv", "unix_time": 1620589893.438368}
['tiger21.JPEG', 'tiger22.JPEG', 'tiger23.JPEG', 'tiger24.JPEG', 'tiger25.JPEG', 'tiger26.JPEG', 'tiger27.JPEG', 'tiger28.JPEG', 'tiger29.JPEG', 'tiger30.JPEG']
INFO:circe.py:runtime_stat:{"task_name": "circe", "event": "new_output_file", "filename": "score4a_preagg4_5jobth3#55873110-3#82473421-3#61387354-3#72357474", "unix_time": 1620589904.9214432}
DEBUG:transfer.py:sshpass -p PASSWORD scp -P 5000 -o StrictHostKeyChecking=no /jupiter/circe_output/score4a_preagg4_5jobth3#55873110-3#82473421-3#61387354-3#72357474 root@10.101.169.227:/jupiter/circe_input/
INFO:ccdag_utils.py:runtime_stat:{"task_name": "score4a", "event": "queue_end_process", "filename": "score4a_preagg4_5jobth3#55873110-3#82473421-3#61387354-3#72357474", "unix_time": 1620589904.9274602}
DEBUG:transfer.py:transfer successful!
