 * Starting OpenBSD Secure Shell server sshd
   ...done.
INFO:circe.py:Using base script lccenc.py
DEBUG:circe.py:starting the input monitoring process
DEBUG:circe.py:starting the output monitoring process
6
INFO:circe.py:runtime_stat:{"task_name": "circe", "event": "new_input_file", "filename": "storeclass6_lccenc6_49492247imgpersiancatjobid0.JPEG", "unix_time": 1620589293.137085}
INFO:circe.py:runtime_stat:{"task_name": "circe", "event": "new_input_file", "filename": "storeclass6_lccenc6_70434072imgpersiancatjobid0.JPEG", "unix_time": 1620589312.1952837}
INFO:circe.py:runtime_stat:{"task_name": "circe", "event": "new_input_file", "filename": "storeclass6_lccenc6_38522067imgpersiancatjobid0.JPEG", "unix_time": 1620589313.1709137}
INFO:circe.py:runtime_stat:{"task_name": "circe", "event": "new_input_file", "filename": "storeclass6_lccenc6_21238389imgpersiancatjobid0.JPEG", "unix_time": 1620589313.3995366}
INFO:ccdag_utils.py:runtime_stat:{"task_name": "lccenc6", "event": "queue_start_process", "filename": "storeclass6_lccenc6_49492247imgpersiancatjobid0.JPEG", "unix_time": 1620589313.5500038}
INFO:ccdag_utils.py:runtime_stat:{"task_name": "lccenc6", "event": "queue_start_process", "filename": "storeclass6_lccenc6_70434072imgpersiancatjobid0.JPEG", "unix_time": 1620589313.5504231}
INFO:ccdag_utils.py:runtime_stat:{"task_name": "lccenc6", "event": "queue_start_process", "filename": "storeclass6_lccenc6_38522067imgpersiancatjobid0.JPEG", "unix_time": 1620589313.5508628}
INFO:ccdag_utils.py:runtime_stat:{"task_name": "lccenc6", "event": "queue_start_process", "filename": "storeclass6_lccenc6_21238389imgpersiancatjobid0.JPEG", "unix_time": 1620589313.5511534}
INFO:circe.py:runtime_stat:{"task_name": "circe", "event": "new_input_file", "filename": "storeclass6_lccenc6_39576232imgpersiancatjobid0.JPEG", "unix_time": 1620589314.1891582}
INFO:circe.py:runtime_stat:{"task_name": "circe", "event": "new_input_file", "filename": "storeclass6_lccenc6_52438379imgpersiancatjobid0.JPEG", "unix_time": 1620589314.40643}
INFO:ccdag_utils.py:runtime_stat:{"task_name": "lccenc6", "event": "queue_end_process", "filename": "lccenc6_score6a_5#49492247-5#70434072-5#38522067-5#21238389jobid2.csv", "unix_time": 1620589315.7461672}
INFO:circe.py:runtime_stat:{"task_name": "circe", "event": "new_output_file", "filename": "lccenc6_score6a_5#49492247-5#70434072-5#38522067-5#21238389jobid2.csv", "unix_time": 1620589315.7469308}
DEBUG:transfer.py:sshpass -p PASSWORD scp -P 5000 -o StrictHostKeyChecking=no /jupiter/circe_output/lccenc6_score6a_5#49492247-5#70434072-5#38522067-5#21238389jobid2.csv root@10.107.172.233:/jupiter/circe_input/
Warning: Permanently added '[10.107.172.233]:5000' (ECDSA) to the list of known hosts.
DEBUG:transfer.py:transfer successful!
INFO:ccdag_utils.py:runtime_stat:{"task_name": "lccenc6", "event": "queue_end_process", "filename": "lccenc6_score6b_5#49492247-5#70434072-5#38522067-5#21238389jobid2.csv", "unix_time": 1620589316.72812}
INFO:circe.py:runtime_stat:{"task_name": "circe", "event": "new_output_file", "filename": "lccenc6_score6b_5#49492247-5#70434072-5#38522067-5#21238389jobid2.csv", "unix_time": 1620589316.7290025}
DEBUG:transfer.py:sshpass -p PASSWORD scp -P 5000 -o StrictHostKeyChecking=no /jupiter/circe_output/lccenc6_score6b_5#49492247-5#70434072-5#38522067-5#21238389jobid2.csv root@10.101.75.119:/jupiter/circe_input/
Warning: Permanently added '[10.101.75.119]:5000' (ECDSA) to the list of known hosts.
DEBUG:transfer.py:transfer successful!
INFO:ccdag_utils.py:runtime_stat:{"task_name": "lccenc6", "event": "queue_end_process", "filename": "lccenc6_score6c_5#49492247-5#70434072-5#38522067-5#21238389jobid2.csv", "unix_time": 1620589317.704827}
INFO:circe.py:runtime_stat:{"task_name": "circe", "event": "new_output_file", "filename": "lccenc6_score6c_5#49492247-5#70434072-5#38522067-5#21238389jobid2.csv", "unix_time": 1620589317.705849}
DEBUG:transfer.py:sshpass -p PASSWORD scp -P 5000 -o StrictHostKeyChecking=no /jupiter/circe_output/lccenc6_score6c_5#49492247-5#70434072-5#38522067-5#21238389jobid2.csv root@10.111.33.187:/jupiter/circe_input/
Warning: Permanently added '[10.111.33.187]:5000' (ECDSA) to the list of known hosts.
DEBUG:transfer.py:transfer successful!
INFO:circe.py:runtime_stat:{"task_name": "circe", "event": "new_input_file", "filename": "storeclass6_lccenc6_16093478imgpersiancatjobid0.JPEG", "unix_time": 1620589343.2682076}
INFO:circe.py:runtime_stat:{"task_name": "circe", "event": "new_input_file", "filename": "storeclass6_lccenc6_93586179imgpersiancatjobid0.JPEG", "unix_time": 1620589352.2634263}
INFO:ccdag_utils.py:runtime_stat:{"task_name": "lccenc6", "event": "queue_start_process", "filename": "storeclass6_lccenc6_39576232imgpersiancatjobid0.JPEG", "unix_time": 1620589352.7394936}
INFO:ccdag_utils.py:runtime_stat:{"task_name": "lccenc6", "event": "queue_start_process", "filename": "storeclass6_lccenc6_52438379imgpersiancatjobid0.JPEG", "unix_time": 1620589352.7400951}
INFO:ccdag_utils.py:runtime_stat:{"task_name": "lccenc6", "event": "queue_start_process", "filename": "storeclass6_lccenc6_16093478imgpersiancatjobid0.JPEG", "unix_time": 1620589352.7404416}
INFO:ccdag_utils.py:runtime_stat:{"task_name": "lccenc6", "event": "queue_start_process", "filename": "storeclass6_lccenc6_93586179imgpersiancatjobid0.JPEG", "unix_time": 1620589352.7407978}
INFO:ccdag_utils.py:runtime_stat:{"task_name": "lccenc6", "event": "queue_end_process", "filename": "lccenc6_score6a_5#39576232-5#52438379-5#16093478-5#93586179jobid2.csv", "unix_time": 1620589354.8974679}
INFO:circe.py:runtime_stat:{"task_name": "circe", "event": "new_output_file", "filename": "lccenc6_score6a_5#39576232-5#52438379-5#16093478-5#93586179jobid2.csv", "unix_time": 1620589354.907766}
DEBUG:transfer.py:sshpass -p PASSWORD scp -P 5000 -o StrictHostKeyChecking=no /jupiter/circe_output/lccenc6_score6a_5#39576232-5#52438379-5#16093478-5#93586179jobid2.csv root@10.107.172.233:/jupiter/circe_input/
DEBUG:transfer.py:transfer successful!
INFO:ccdag_utils.py:runtime_stat:{"task_name": "lccenc6", "event": "queue_end_process", "filename": "lccenc6_score6b_5#39576232-5#52438379-5#16093478-5#93586179jobid2.csv", "unix_time": 1620589355.8791842}
INFO:circe.py:runtime_stat:{"task_name": "circe", "event": "new_output_file", "filename": "lccenc6_score6b_5#39576232-5#52438379-5#16093478-5#93586179jobid2.csv", "unix_time": 1620589355.8801496}
DEBUG:transfer.py:sshpass -p PASSWORD scp -P 5000 -o StrictHostKeyChecking=no /jupiter/circe_output/lccenc6_score6b_5#39576232-5#52438379-5#16093478-5#93586179jobid2.csv root@10.101.75.119:/jupiter/circe_input/
DEBUG:transfer.py:transfer successful!
INFO:ccdag_utils.py:runtime_stat:{"task_name": "lccenc6", "event": "queue_end_process", "filename": "lccenc6_score6c_5#39576232-5#52438379-5#16093478-5#93586179jobid2.csv", "unix_time": 1620589356.8749866}
INFO:circe.py:runtime_stat:{"task_name": "circe", "event": "new_output_file", "filename": "lccenc6_score6c_5#39576232-5#52438379-5#16093478-5#93586179jobid2.csv", "unix_time": 1620589356.8760362}
DEBUG:transfer.py:sshpass -p PASSWORD scp -P 5000 -o StrictHostKeyChecking=no /jupiter/circe_output/lccenc6_score6c_5#39576232-5#52438379-5#16093478-5#93586179jobid2.csv root@10.111.33.187:/jupiter/circe_input/
DEBUG:transfer.py:transfer successful!
INFO:circe.py:runtime_stat:{"task_name": "circe", "event": "new_input_file", "filename": "storeclass6_lccenc6_36921142imgpersiancatjobid0.JPEG", "unix_time": 1620589397.318972}
INFO:circe.py:runtime_stat:{"task_name": "circe", "event": "new_input_file", "filename": "storeclass6_lccenc6_73649310imgpersiancatjobid0.JPEG", "unix_time": 1620589407.3330941}
INFO:circe.py:runtime_stat:{"task_name": "circe", "event": "new_input_file", "filename": "storeclass6_lccenc6_62418130imgpersiancatjobid0.JPEG", "unix_time": 1620589488.4327462}
INFO:circe.py:runtime_stat:{"task_name": "circe", "event": "new_input_file", "filename": "storeclass6_lccenc6_59198157imgpersiancatjobid1.JPEG", "unix_time": 1620589517.4669442}
INFO:ccdag_utils.py:runtime_stat:{"task_name": "lccenc6", "event": "queue_start_process", "filename": "storeclass6_lccenc6_36921142imgpersiancatjobid0.JPEG", "unix_time": 1620589518.0398076}
INFO:ccdag_utils.py:runtime_stat:{"task_name": "lccenc6", "event": "queue_start_process", "filename": "storeclass6_lccenc6_73649310imgpersiancatjobid0.JPEG", "unix_time": 1620589518.0401888}
INFO:ccdag_utils.py:runtime_stat:{"task_name": "lccenc6", "event": "queue_start_process", "filename": "storeclass6_lccenc6_62418130imgpersiancatjobid0.JPEG", "unix_time": 1620589518.040419}
INFO:ccdag_utils.py:runtime_stat:{"task_name": "lccenc6", "event": "queue_start_process", "filename": "storeclass6_lccenc6_59198157imgpersiancatjobid1.JPEG", "unix_time": 1620589518.040618}
INFO:circe.py:runtime_stat:{"task_name": "circe", "event": "new_output_file", "filename": "lccenc6_score6a_5#36921142-5#73649310-5#62418130-5#59198157jobid1.csv", "unix_time": 1620589519.2121923}
INFO:ccdag_utils.py:runtime_stat:{"task_name": "lccenc6", "event": "queue_end_process", "filename": "lccenc6_score6a_5#36921142-5#73649310-5#62418130-5#59198157jobid1.csv", "unix_time": 1620589519.2124295}
DEBUG:transfer.py:sshpass -p PASSWORD scp -P 5000 -o StrictHostKeyChecking=no /jupiter/circe_output/lccenc6_score6a_5#36921142-5#73649310-5#62418130-5#59198157jobid1.csv root@10.107.172.233:/jupiter/circe_input/
DEBUG:transfer.py:transfer successful!
INFO:circe.py:runtime_stat:{"task_name": "circe", "event": "new_output_file", "filename": "lccenc6_score6b_5#36921142-5#73649310-5#62418130-5#59198157jobid1.csv", "unix_time": 1620589520.3030488}
DEBUG:transfer.py:sshpass -p PASSWORD scp -P 5000 -o StrictHostKeyChecking=no /jupiter/circe_output/lccenc6_score6b_5#36921142-5#73649310-5#62418130-5#59198157jobid1.csv root@10.101.75.119:/jupiter/circe_input/
INFO:ccdag_utils.py:runtime_stat:{"task_name": "lccenc6", "event": "queue_end_process", "filename": "lccenc6_score6b_5#36921142-5#73649310-5#62418130-5#59198157jobid1.csv", "unix_time": 1620589520.303768}
DEBUG:transfer.py:transfer successful!
INFO:ccdag_utils.py:runtime_stat:{"task_name": "lccenc6", "event": "queue_end_process", "filename": "lccenc6_score6c_5#36921142-5#73649310-5#62418130-5#59198157jobid1.csv", "unix_time": 1620589521.4350436}
INFO:circe.py:runtime_stat:{"task_name": "circe", "event": "new_output_file", "filename": "lccenc6_score6c_5#36921142-5#73649310-5#62418130-5#59198157jobid1.csv", "unix_time": 1620589521.4358928}
DEBUG:transfer.py:sshpass -p PASSWORD scp -P 5000 -o StrictHostKeyChecking=no /jupiter/circe_output/lccenc6_score6c_5#36921142-5#73649310-5#62418130-5#59198157jobid1.csv root@10.111.33.187:/jupiter/circe_input/
DEBUG:transfer.py:transfer successful!
INFO:circe.py:runtime_stat:{"task_name": "circe", "event": "new_input_file", "filename": "storeclass6_lccenc6_70550589imgpersiancatjobid2.JPEG", "unix_time": 1620589551.5074081}
INFO:circe.py:runtime_stat:{"task_name": "circe", "event": "new_input_file", "filename": "storeclass6_lccenc6_85224940imgpersiancatjobid3.JPEG", "unix_time": 1620589574.5587952}
INFO:circe.py:runtime_stat:{"task_name": "circe", "event": "new_input_file", "filename": "storeclass6_lccenc6_97128966imgpersiancatjobid3.JPEG", "unix_time": 1620589575.552433}
INFO:circe.py:runtime_stat:{"task_name": "circe", "event": "new_input_file", "filename": "storeclass6_lccenc6_89668920imgpersiancatjobid5.JPEG", "unix_time": 1620589615.6073408}
INFO:ccdag_utils.py:runtime_stat:{"task_name": "lccenc6", "event": "queue_start_process", "filename": "storeclass6_lccenc6_70550589imgpersiancatjobid2.JPEG", "unix_time": 1620589616.5409765}
INFO:ccdag_utils.py:runtime_stat:{"task_name": "lccenc6", "event": "queue_start_process", "filename": "storeclass6_lccenc6_85224940imgpersiancatjobid3.JPEG", "unix_time": 1620589616.5416424}
INFO:ccdag_utils.py:runtime_stat:{"task_name": "lccenc6", "event": "queue_start_process", "filename": "storeclass6_lccenc6_97128966imgpersiancatjobid3.JPEG", "unix_time": 1620589616.5420034}
INFO:ccdag_utils.py:runtime_stat:{"task_name": "lccenc6", "event": "queue_start_process", "filename": "storeclass6_lccenc6_89668920imgpersiancatjobid5.JPEG", "unix_time": 1620589616.5423355}
INFO:ccdag_utils.py:runtime_stat:{"task_name": "lccenc6", "event": "queue_end_process", "filename": "lccenc6_score6a_5#70550589-5#85224940-5#97128966-5#89668920jobid2.csv", "unix_time": 1620589617.658805}
INFO:circe.py:runtime_stat:{"task_name": "circe", "event": "new_output_file", "filename": "lccenc6_score6a_5#70550589-5#85224940-5#97128966-5#89668920jobid2.csv", "unix_time": 1620589617.6595562}
DEBUG:transfer.py:sshpass -p PASSWORD scp -P 5000 -o StrictHostKeyChecking=no /jupiter/circe_output/lccenc6_score6a_5#70550589-5#85224940-5#97128966-5#89668920jobid2.csv root@10.107.172.233:/jupiter/circe_input/
DEBUG:transfer.py:transfer successful!
INFO:ccdag_utils.py:runtime_stat:{"task_name": "lccenc6", "event": "queue_end_process", "filename": "lccenc6_score6b_5#70550589-5#85224940-5#97128966-5#89668920jobid2.csv", "unix_time": 1620589618.6324677}
INFO:circe.py:runtime_stat:{"task_name": "circe", "event": "new_output_file", "filename": "lccenc6_score6b_5#70550589-5#85224940-5#97128966-5#89668920jobid2.csv", "unix_time": 1620589618.6333964}
DEBUG:transfer.py:sshpass -p PASSWORD scp -P 5000 -o StrictHostKeyChecking=no /jupiter/circe_output/lccenc6_score6b_5#70550589-5#85224940-5#97128966-5#89668920jobid2.csv root@10.101.75.119:/jupiter/circe_input/
DEBUG:transfer.py:transfer successful!
INFO:ccdag_utils.py:runtime_stat:{"task_name": "lccenc6", "event": "queue_end_process", "filename": "lccenc6_score6c_5#70550589-5#85224940-5#97128966-5#89668920jobid2.csv", "unix_time": 1620589619.6537697}
INFO:circe.py:runtime_stat:{"task_name": "circe", "event": "new_output_file", "filename": "lccenc6_score6c_5#70550589-5#85224940-5#97128966-5#89668920jobid2.csv", "unix_time": 1620589619.6547306}
DEBUG:transfer.py:sshpass -p PASSWORD scp -P 5000 -o StrictHostKeyChecking=no /jupiter/circe_output/lccenc6_score6c_5#70550589-5#85224940-5#97128966-5#89668920jobid2.csv root@10.111.33.187:/jupiter/circe_input/
DEBUG:transfer.py:transfer successful!
INFO:circe.py:runtime_stat:{"task_name": "circe", "event": "new_input_file", "filename": "storeclass6_lccenc6_28297255imgpersiancatjobid7.JPEG", "unix_time": 1620589649.6379702}
INFO:circe.py:runtime_stat:{"task_name": "circe", "event": "new_input_file", "filename": "storeclass6_lccenc6_63082933imgpersiancatjobid8.JPEG", "unix_time": 1620589665.7163758}
INFO:circe.py:runtime_stat:{"task_name": "circe", "event": "new_input_file", "filename": "storeclass6_lccenc6_11607078imgpersiancatjobid8.JPEG", "unix_time": 1620589666.6933012}
INFO:circe.py:runtime_stat:{"task_name": "circe", "event": "new_input_file", "filename": "storeclass6_lccenc6_20804934imgpersiancatjobid9.JPEG", "unix_time": 1620589683.7441459}
INFO:circe.py:runtime_stat:{"task_name": "circe", "event": "new_input_file", "filename": "storeclass6_lccenc6_06305203imgpersiancatjobid9.JPEG", "unix_time": 1620589683.9685345}
INFO:ccdag_utils.py:runtime_stat:{"task_name": "lccenc6", "event": "queue_start_process", "filename": "storeclass6_lccenc6_28297255imgpersiancatjobid7.JPEG", "unix_time": 1620589684.7310688}
INFO:ccdag_utils.py:runtime_stat:{"task_name": "lccenc6", "event": "queue_start_process", "filename": "storeclass6_lccenc6_63082933imgpersiancatjobid8.JPEG", "unix_time": 1620589684.7314217}
INFO:ccdag_utils.py:runtime_stat:{"task_name": "lccenc6", "event": "queue_start_process", "filename": "storeclass6_lccenc6_11607078imgpersiancatjobid8.JPEG", "unix_time": 1620589684.7316132}
INFO:ccdag_utils.py:runtime_stat:{"task_name": "lccenc6", "event": "queue_start_process", "filename": "storeclass6_lccenc6_20804934imgpersiancatjobid9.JPEG", "unix_time": 1620589684.731837}
INFO:circe.py:runtime_stat:{"task_name": "circe", "event": "new_input_file", "filename": "storeclass6_lccenc6_08583768imgpersiancatjobid9.JPEG", "unix_time": 1620589684.7739975}
INFO:circe.py:runtime_stat:{"task_name": "circe", "event": "new_output_file", "filename": "lccenc6_score6a_5#28297255-5#63082933-5#11607078-5#20804934jobid3.csv", "unix_time": 1620589686.098159}
DEBUG:transfer.py:sshpass -p PASSWORD scp -P 5000 -o StrictHostKeyChecking=no /jupiter/circe_output/lccenc6_score6a_5#28297255-5#63082933-5#11607078-5#20804934jobid3.csv root@10.107.172.233:/jupiter/circe_input/
INFO:ccdag_utils.py:runtime_stat:{"task_name": "lccenc6", "event": "queue_end_process", "filename": "lccenc6_score6a_5#28297255-5#63082933-5#11607078-5#20804934jobid3.csv", "unix_time": 1620589686.1020818}
DEBUG:transfer.py:transfer successful!
INFO:ccdag_utils.py:runtime_stat:{"task_name": "lccenc6", "event": "queue_end_process", "filename": "lccenc6_score6b_5#28297255-5#63082933-5#11607078-5#20804934jobid3.csv", "unix_time": 1620589687.1233792}
INFO:circe.py:runtime_stat:{"task_name": "circe", "event": "new_output_file", "filename": "lccenc6_score6b_5#28297255-5#63082933-5#11607078-5#20804934jobid3.csv", "unix_time": 1620589687.1241758}
DEBUG:transfer.py:sshpass -p PASSWORD scp -P 5000 -o StrictHostKeyChecking=no /jupiter/circe_output/lccenc6_score6b_5#28297255-5#63082933-5#11607078-5#20804934jobid3.csv root@10.101.75.119:/jupiter/circe_input/
DEBUG:transfer.py:transfer successful!
INFO:ccdag_utils.py:runtime_stat:{"task_name": "lccenc6", "event": "queue_end_process", "filename": "lccenc6_score6c_5#28297255-5#63082933-5#11607078-5#20804934jobid3.csv", "unix_time": 1620589688.1995213}
INFO:circe.py:runtime_stat:{"task_name": "circe", "event": "new_output_file", "filename": "lccenc6_score6c_5#28297255-5#63082933-5#11607078-5#20804934jobid3.csv", "unix_time": 1620589688.2005205}
DEBUG:transfer.py:sshpass -p PASSWORD scp -P 5000 -o StrictHostKeyChecking=no /jupiter/circe_output/lccenc6_score6c_5#28297255-5#63082933-5#11607078-5#20804934jobid3.csv root@10.111.33.187:/jupiter/circe_input/
DEBUG:transfer.py:transfer successful!
INFO:circe.py:runtime_stat:{"task_name": "circe", "event": "new_input_file", "filename": "storeclass6_lccenc6_65165089imgpersiancatjobid10.JPEG", "unix_time": 1620589699.7819207}
INFO:circe.py:runtime_stat:{"task_name": "circe", "event": "new_input_file", "filename": "storeclass6_lccenc6_34170329imgpersiancatjobid11.JPEG", "unix_time": 1620589714.7816606}
INFO:ccdag_utils.py:runtime_stat:{"task_name": "lccenc6", "event": "queue_start_process", "filename": "storeclass6_lccenc6_06305203imgpersiancatjobid9.JPEG", "unix_time": 1620589715.235248}
INFO:ccdag_utils.py:runtime_stat:{"task_name": "lccenc6", "event": "queue_start_process", "filename": "storeclass6_lccenc6_08583768imgpersiancatjobid9.JPEG", "unix_time": 1620589715.2360065}
INFO:ccdag_utils.py:runtime_stat:{"task_name": "lccenc6", "event": "queue_start_process", "filename": "storeclass6_lccenc6_65165089imgpersiancatjobid10.JPEG", "unix_time": 1620589715.2365427}
INFO:ccdag_utils.py:runtime_stat:{"task_name": "lccenc6", "event": "queue_start_process", "filename": "storeclass6_lccenc6_34170329imgpersiancatjobid11.JPEG", "unix_time": 1620589715.2368731}
INFO:ccdag_utils.py:runtime_stat:{"task_name": "lccenc6", "event": "queue_end_process", "filename": "lccenc6_score6a_5#06305203-5#08583768-5#65165089-5#34170329jobid4.csv", "unix_time": 1620589716.4015007}
INFO:circe.py:runtime_stat:{"task_name": "circe", "event": "new_output_file", "filename": "lccenc6_score6a_5#06305203-5#08583768-5#65165089-5#34170329jobid4.csv", "unix_time": 1620589716.4023254}
DEBUG:transfer.py:sshpass -p PASSWORD scp -P 5000 -o StrictHostKeyChecking=no /jupiter/circe_output/lccenc6_score6a_5#06305203-5#08583768-5#65165089-5#34170329jobid4.csv root@10.107.172.233:/jupiter/circe_input/
DEBUG:transfer.py:transfer successful!
INFO:ccdag_utils.py:runtime_stat:{"task_name": "lccenc6", "event": "queue_end_process", "filename": "lccenc6_score6b_5#06305203-5#08583768-5#65165089-5#34170329jobid4.csv", "unix_time": 1620589717.436963}
INFO:circe.py:runtime_stat:{"task_name": "circe", "event": "new_output_file", "filename": "lccenc6_score6b_5#06305203-5#08583768-5#65165089-5#34170329jobid4.csv", "unix_time": 1620589717.4380085}
DEBUG:transfer.py:sshpass -p PASSWORD scp -P 5000 -o StrictHostKeyChecking=no /jupiter/circe_output/lccenc6_score6b_5#06305203-5#08583768-5#65165089-5#34170329jobid4.csv root@10.101.75.119:/jupiter/circe_input/
DEBUG:transfer.py:transfer successful!
INFO:circe.py:runtime_stat:{"task_name": "circe", "event": "new_output_file", "filename": "lccenc6_score6c_5#06305203-5#08583768-5#65165089-5#34170329jobid4.csv", "unix_time": 1620589718.5488126}
DEBUG:transfer.py:sshpass -p PASSWORD scp -P 5000 -o StrictHostKeyChecking=no /jupiter/circe_output/lccenc6_score6c_5#06305203-5#08583768-5#65165089-5#34170329jobid4.csv root@10.111.33.187:/jupiter/circe_input/
INFO:ccdag_utils.py:runtime_stat:{"task_name": "lccenc6", "event": "queue_end_process", "filename": "lccenc6_score6c_5#06305203-5#08583768-5#65165089-5#34170329jobid4.csv", "unix_time": 1620589718.5498307}
DEBUG:transfer.py:transfer successful!
INFO:circe.py:runtime_stat:{"task_name": "circe", "event": "new_input_file", "filename": "storeclass6_lccenc6_88413584imgpersiancatjobid12.JPEG", "unix_time": 1620589733.812998}
INFO:circe.py:runtime_stat:{"task_name": "circe", "event": "new_input_file", "filename": "storeclass6_lccenc6_66508935imgpersiancatjobid12.JPEG", "unix_time": 1620589734.036597}
INFO:circe.py:runtime_stat:{"task_name": "circe", "event": "new_input_file", "filename": "storeclass6_lccenc6_64761647imgpersiancatjobid15.JPEG", "unix_time": 1620589782.8664382}
INFO:circe.py:runtime_stat:{"task_name": "circe", "event": "new_input_file", "filename": "storeclass6_lccenc6_66975773imgpersiancatjobid16.JPEG", "unix_time": 1620589798.9065316}
INFO:ccdag_utils.py:runtime_stat:{"task_name": "lccenc6", "event": "queue_start_process", "filename": "storeclass6_lccenc6_88413584imgpersiancatjobid12.JPEG", "unix_time": 1620589799.6434007}
INFO:ccdag_utils.py:runtime_stat:{"task_name": "lccenc6", "event": "queue_start_process", "filename": "storeclass6_lccenc6_66508935imgpersiancatjobid12.JPEG", "unix_time": 1620589799.6437683}
INFO:ccdag_utils.py:runtime_stat:{"task_name": "lccenc6", "event": "queue_start_process", "filename": "storeclass6_lccenc6_64761647imgpersiancatjobid15.JPEG", "unix_time": 1620589799.6441238}
INFO:ccdag_utils.py:runtime_stat:{"task_name": "lccenc6", "event": "queue_start_process", "filename": "storeclass6_lccenc6_66975773imgpersiancatjobid16.JPEG", "unix_time": 1620589799.6443257}
INFO:circe.py:runtime_stat:{"task_name": "circe", "event": "new_input_file", "filename": "storeclass6_lccenc6_71901217imgpersiancatjobid16.JPEG", "unix_time": 1620589800.4220772}
INFO:circe.py:runtime_stat:{"task_name": "circe", "event": "new_input_file", "filename": "storeclass6_lccenc6_73155793imgpersiancatjobid16.JPEG", "unix_time": 1620589800.4227796}
INFO:ccdag_utils.py:runtime_stat:{"task_name": "lccenc6", "event": "queue_end_process", "filename": "lccenc6_score6a_5#88413584-5#66508935-5#64761647-5#66975773jobid5.csv", "unix_time": 1620589800.9609053}
INFO:circe.py:runtime_stat:{"task_name": "circe", "event": "new_output_file", "filename": "lccenc6_score6a_5#88413584-5#66508935-5#64761647-5#66975773jobid5.csv", "unix_time": 1620589801.008002}
DEBUG:transfer.py:sshpass -p PASSWORD scp -P 5000 -o StrictHostKeyChecking=no /jupiter/circe_output/lccenc6_score6a_5#88413584-5#66508935-5#64761647-5#66975773jobid5.csv root@10.107.172.233:/jupiter/circe_input/
DEBUG:transfer.py:transfer successful!
INFO:circe.py:runtime_stat:{"task_name": "circe", "event": "new_output_file", "filename": "lccenc6_score6b_5#88413584-5#66508935-5#64761647-5#66975773jobid5.csv", "unix_time": 1620589802.0857368}
DEBUG:transfer.py:sshpass -p PASSWORD scp -P 5000 -o StrictHostKeyChecking=no /jupiter/circe_output/lccenc6_score6b_5#88413584-5#66508935-5#64761647-5#66975773jobid5.csv root@10.101.75.119:/jupiter/circe_input/
INFO:ccdag_utils.py:runtime_stat:{"task_name": "lccenc6", "event": "queue_end_process", "filename": "lccenc6_score6b_5#88413584-5#66508935-5#64761647-5#66975773jobid5.csv", "unix_time": 1620589802.09022}
DEBUG:transfer.py:transfer successful!
INFO:ccdag_utils.py:runtime_stat:{"task_name": "lccenc6", "event": "queue_end_process", "filename": "lccenc6_score6c_5#88413584-5#66508935-5#64761647-5#66975773jobid5.csv", "unix_time": 1620589803.0886288}
INFO:circe.py:runtime_stat:{"task_name": "circe", "event": "new_output_file", "filename": "lccenc6_score6c_5#88413584-5#66508935-5#64761647-5#66975773jobid5.csv", "unix_time": 1620589803.089409}
DEBUG:transfer.py:sshpass -p PASSWORD scp -P 5000 -o StrictHostKeyChecking=no /jupiter/circe_output/lccenc6_score6c_5#88413584-5#66508935-5#64761647-5#66975773jobid5.csv root@10.111.33.187:/jupiter/circe_input/
DEBUG:transfer.py:transfer successful!
INFO:circe.py:runtime_stat:{"task_name": "circe", "event": "new_input_file", "filename": "storeclass6_lccenc6_31009992imgpersiancatjobid17.JPEG", "unix_time": 1620589819.9619758}
INFO:circe.py:runtime_stat:{"task_name": "circe", "event": "new_input_file", "filename": "storeclass6_lccenc6_68380459imgpersiancatjobid20.JPEG", "unix_time": 1620589890.0729852}
INFO:ccdag_utils.py:runtime_stat:{"task_name": "lccenc6", "event": "queue_start_process", "filename": "storeclass6_lccenc6_71901217imgpersiancatjobid16.JPEG", "unix_time": 1620589890.1901703}
INFO:ccdag_utils.py:runtime_stat:{"task_name": "lccenc6", "event": "queue_start_process", "filename": "storeclass6_lccenc6_73155793imgpersiancatjobid16.JPEG", "unix_time": 1620589890.1905203}
INFO:ccdag_utils.py:runtime_stat:{"task_name": "lccenc6", "event": "queue_start_process", "filename": "storeclass6_lccenc6_31009992imgpersiancatjobid17.JPEG", "unix_time": 1620589890.1907063}
INFO:ccdag_utils.py:runtime_stat:{"task_name": "lccenc6", "event": "queue_start_process", "filename": "storeclass6_lccenc6_68380459imgpersiancatjobid20.JPEG", "unix_time": 1620589890.1908772}
INFO:ccdag_utils.py:runtime_stat:{"task_name": "lccenc6", "event": "queue_end_process", "filename": "lccenc6_score6a_5#71901217-5#73155793-5#31009992-5#68380459jobid6.csv", "unix_time": 1620589891.3457594}
INFO:circe.py:runtime_stat:{"task_name": "circe", "event": "new_output_file", "filename": "lccenc6_score6a_5#71901217-5#73155793-5#31009992-5#68380459jobid6.csv", "unix_time": 1620589891.3464727}
DEBUG:transfer.py:sshpass -p PASSWORD scp -P 5000 -o StrictHostKeyChecking=no /jupiter/circe_output/lccenc6_score6a_5#71901217-5#73155793-5#31009992-5#68380459jobid6.csv root@10.107.172.233:/jupiter/circe_input/
DEBUG:transfer.py:transfer successful!
INFO:ccdag_utils.py:runtime_stat:{"task_name": "lccenc6", "event": "queue_end_process", "filename": "lccenc6_score6b_5#71901217-5#73155793-5#31009992-5#68380459jobid6.csv", "unix_time": 1620589892.3597007}
INFO:circe.py:runtime_stat:{"task_name": "circe", "event": "new_output_file", "filename": "lccenc6_score6b_5#71901217-5#73155793-5#31009992-5#68380459jobid6.csv", "unix_time": 1620589892.4037158}
DEBUG:transfer.py:sshpass -p PASSWORD scp -P 5000 -o StrictHostKeyChecking=no /jupiter/circe_output/lccenc6_score6b_5#71901217-5#73155793-5#31009992-5#68380459jobid6.csv root@10.101.75.119:/jupiter/circe_input/
DEBUG:transfer.py:transfer successful!
INFO:ccdag_utils.py:runtime_stat:{"task_name": "lccenc6", "event": "queue_end_process", "filename": "lccenc6_score6c_5#71901217-5#73155793-5#31009992-5#68380459jobid6.csv", "unix_time": 1620589893.4120038}
INFO:circe.py:runtime_stat:{"task_name": "circe", "event": "new_output_file", "filename": "lccenc6_score6c_5#71901217-5#73155793-5#31009992-5#68380459jobid6.csv", "unix_time": 1620589893.41317}
DEBUG:transfer.py:sshpass -p PASSWORD scp -P 5000 -o StrictHostKeyChecking=no /jupiter/circe_output/lccenc6_score6c_5#71901217-5#73155793-5#31009992-5#68380459jobid6.csv root@10.111.33.187:/jupiter/circe_input/
DEBUG:transfer.py:transfer successful!
INFO:circe.py:runtime_stat:{"task_name": "circe", "event": "new_input_file", "filename": "storeclass6_lccenc6_46820552imgpersiancatjobid21.JPEG", "unix_time": 1620589927.105872}
INFO:circe.py:runtime_stat:{"task_name": "circe", "event": "new_input_file", "filename": "storeclass6_lccenc6_35930449imgpersiancatjobid23.JPEG", "unix_time": 1620590001.2064667}
INFO:circe.py:runtime_stat:{"task_name": "circe", "event": "new_input_file", "filename": "storeclass6_lccenc6_00544478imgpersiancatjobid23.JPEG", "unix_time": 1620590002.1921868}
INFO:circe.py:runtime_stat:{"task_name": "circe", "event": "new_input_file", "filename": "storeclass6_lccenc6_79939891imgpersiancatjobid25.JPEG", "unix_time": 1620590080.2433815}
INFO:ccdag_utils.py:runtime_stat:{"task_name": "lccenc6", "event": "queue_start_process", "filename": "storeclass6_lccenc6_46820552imgpersiancatjobid21.JPEG", "unix_time": 1620590080.6105812}
INFO:ccdag_utils.py:runtime_stat:{"task_name": "lccenc6", "event": "queue_start_process", "filename": "storeclass6_lccenc6_35930449imgpersiancatjobid23.JPEG", "unix_time": 1620590080.610934}
INFO:ccdag_utils.py:runtime_stat:{"task_name": "lccenc6", "event": "queue_start_process", "filename": "storeclass6_lccenc6_00544478imgpersiancatjobid23.JPEG", "unix_time": 1620590080.6111362}
INFO:ccdag_utils.py:runtime_stat:{"task_name": "lccenc6", "event": "queue_start_process", "filename": "storeclass6_lccenc6_79939891imgpersiancatjobid25.JPEG", "unix_time": 1620590080.6113288}
INFO:ccdag_utils.py:runtime_stat:{"task_name": "lccenc6", "event": "queue_end_process", "filename": "lccenc6_score6a_5#46820552-5#35930449-5#00544478-5#79939891jobid7.csv", "unix_time": 1620590081.764458}
INFO:circe.py:runtime_stat:{"task_name": "circe", "event": "new_output_file", "filename": "lccenc6_score6a_5#46820552-5#35930449-5#00544478-5#79939891jobid7.csv", "unix_time": 1620590081.765319}
DEBUG:transfer.py:sshpass -p PASSWORD scp -P 5000 -o StrictHostKeyChecking=no /jupiter/circe_output/lccenc6_score6a_5#46820552-5#35930449-5#00544478-5#79939891jobid7.csv root@10.107.172.233:/jupiter/circe_input/
DEBUG:transfer.py:transfer successful!
INFO:ccdag_utils.py:runtime_stat:{"task_name": "lccenc6", "event": "queue_end_process", "filename": "lccenc6_score6b_5#46820552-5#35930449-5#00544478-5#79939891jobid7.csv", "unix_time": 1620590082.8252711}
INFO:circe.py:runtime_stat:{"task_name": "circe", "event": "new_output_file", "filename": "lccenc6_score6b_5#46820552-5#35930449-5#00544478-5#79939891jobid7.csv", "unix_time": 1620590082.8265524}
DEBUG:transfer.py:sshpass -p PASSWORD scp -P 5000 -o StrictHostKeyChecking=no /jupiter/circe_output/lccenc6_score6b_5#46820552-5#35930449-5#00544478-5#79939891jobid7.csv root@10.101.75.119:/jupiter/circe_input/
DEBUG:transfer.py:transfer successful!
INFO:ccdag_utils.py:runtime_stat:{"task_name": "lccenc6", "event": "queue_end_process", "filename": "lccenc6_score6c_5#46820552-5#35930449-5#00544478-5#79939891jobid7.csv", "unix_time": 1620590083.9243202}
INFO:circe.py:runtime_stat:{"task_name": "circe", "event": "new_output_file", "filename": "lccenc6_score6c_5#46820552-5#35930449-5#00544478-5#79939891jobid7.csv", "unix_time": 1620590083.9253297}
DEBUG:transfer.py:sshpass -p PASSWORD scp -P 5000 -o StrictHostKeyChecking=no /jupiter/circe_output/lccenc6_score6c_5#46820552-5#35930449-5#00544478-5#79939891jobid7.csv root@10.111.33.187:/jupiter/circe_input/
DEBUG:transfer.py:transfer successful!
INFO:circe.py:runtime_stat:{"task_name": "circe", "event": "new_input_file", "filename": "storeclass6_lccenc6_83169337imgpersiancatjobid29.JPEG", "unix_time": 1620590233.4258919}
INFO:circe.py:runtime_stat:{"task_name": "circe", "event": "new_input_file", "filename": "storeclass6_lccenc6_03092119imgpersiancatjobid30.JPEG", "unix_time": 1620590269.4728525}
INFO:circe.py:runtime_stat:{"task_name": "circe", "event": "new_input_file", "filename": "storeclass6_lccenc6_52830758imgpersiancatjobid30.JPEG", "unix_time": 1620590270.4577842}
INFO:circe.py:runtime_stat:{"task_name": "circe", "event": "new_input_file", "filename": "storeclass6_lccenc6_56961907imgpersiancatjobid31.JPEG", "unix_time": 1620590306.628218}
INFO:ccdag_utils.py:runtime_stat:{"task_name": "lccenc6", "event": "queue_start_process", "filename": "storeclass6_lccenc6_83169337imgpersiancatjobid29.JPEG", "unix_time": 1620590307.164913}
INFO:ccdag_utils.py:runtime_stat:{"task_name": "lccenc6", "event": "queue_start_process", "filename": "storeclass6_lccenc6_03092119imgpersiancatjobid30.JPEG", "unix_time": 1620590307.1652966}
INFO:ccdag_utils.py:runtime_stat:{"task_name": "lccenc6", "event": "queue_start_process", "filename": "storeclass6_lccenc6_52830758imgpersiancatjobid30.JPEG", "unix_time": 1620590307.1656733}
INFO:ccdag_utils.py:runtime_stat:{"task_name": "lccenc6", "event": "queue_start_process", "filename": "storeclass6_lccenc6_56961907imgpersiancatjobid31.JPEG", "unix_time": 1620590307.1658885}
INFO:ccdag_utils.py:runtime_stat:{"task_name": "lccenc6", "event": "queue_end_process", "filename": "lccenc6_score6a_5#83169337-5#03092119-5#52830758-5#56961907jobid8.csv", "unix_time": 1620590308.3051836}
INFO:circe.py:runtime_stat:{"task_name": "circe", "event": "new_output_file", "filename": "lccenc6_score6a_5#83169337-5#03092119-5#52830758-5#56961907jobid8.csv", "unix_time": 1620590308.3063934}
DEBUG:transfer.py:sshpass -p PASSWORD scp -P 5000 -o StrictHostKeyChecking=no /jupiter/circe_output/lccenc6_score6a_5#83169337-5#03092119-5#52830758-5#56961907jobid8.csv root@10.107.172.233:/jupiter/circe_input/
DEBUG:transfer.py:transfer successful!
INFO:circe.py:runtime_stat:{"task_name": "circe", "event": "new_output_file", "filename": "lccenc6_score6b_5#83169337-5#03092119-5#52830758-5#56961907jobid8.csv", "unix_time": 1620590309.5550392}
DEBUG:transfer.py:sshpass -p PASSWORD scp -P 5000 -o StrictHostKeyChecking=no /jupiter/circe_output/lccenc6_score6b_5#83169337-5#03092119-5#52830758-5#56961907jobid8.csv root@10.101.75.119:/jupiter/circe_input/
INFO:ccdag_utils.py:runtime_stat:{"task_name": "lccenc6", "event": "queue_end_process", "filename": "lccenc6_score6b_5#83169337-5#03092119-5#52830758-5#56961907jobid8.csv", "unix_time": 1620590309.5653815}
DEBUG:transfer.py:transfer successful!
INFO:ccdag_utils.py:runtime_stat:{"task_name": "lccenc6", "event": "queue_end_process", "filename": "lccenc6_score6c_5#83169337-5#03092119-5#52830758-5#56961907jobid8.csv", "unix_time": 1620590310.7907395}
INFO:circe.py:runtime_stat:{"task_name": "circe", "event": "new_output_file", "filename": "lccenc6_score6c_5#83169337-5#03092119-5#52830758-5#56961907jobid8.csv", "unix_time": 1620590310.7940297}
DEBUG:transfer.py:sshpass -p PASSWORD scp -P 5000 -o StrictHostKeyChecking=no /jupiter/circe_output/lccenc6_score6c_5#83169337-5#03092119-5#52830758-5#56961907jobid8.csv root@10.111.33.187:/jupiter/circe_input/
DEBUG:transfer.py:transfer successful!
INFO:circe.py:runtime_stat:{"task_name": "circe", "event": "new_input_file", "filename": "storeclass6_lccenc6_01566910imgpersiancatjobid32.JPEG", "unix_time": 1620590345.5827472}
INFO:circe.py:runtime_stat:{"task_name": "circe", "event": "new_input_file", "filename": "storeclass6_lccenc6_60450629imgpersiancatjobid32.JPEG", "unix_time": 1620590346.5681446}
