 * Starting OpenBSD Secure Shell server sshd
   ...done.
INFO:circe.py:Using base script score.py
DEBUG:circe.py:starting the input monitoring process
DEBUG:circe.py:starting the output monitoring process
INFO:circe.py:runtime_stat:{"task_name": "circe", "event": "new_input_file", "filename": "lccenc8_score8c_7#76554548-7#54484374-7#46926425-7#04226394jobid2.csv", "unix_time": 1620589262.221707}
INFO:ccdag_utils.py:runtime_stat:{"task_name": "score8c", "event": "queue_start_process", "filename": "lccenc8_score8c_7#76554548-7#54484374-7#46926425-7#04226394jobid2.csv", "unix_time": 1620589262.569901}
['mongoose21.JPEG', 'mongoose22.JPEG', 'mongoose23.JPEG', 'mongoose24.JPEG', 'mongoose25.JPEG', 'mongoose26.JPEG', 'mongoose27.JPEG', 'mongoose28.JPEG', 'mongoose29.JPEG', 'mongoose30.JPEG']
INFO:circe.py:runtime_stat:{"task_name": "circe", "event": "new_output_file", "filename": "score8c_preagg8_2jobth7#76554548-7#54484374-7#46926425-7#04226394", "unix_time": 1620589266.2516103}
DEBUG:transfer.py:sshpass -p PASSWORD scp -P 5000 -o StrictHostKeyChecking=no /jupiter/circe_output/score8c_preagg8_2jobth7#76554548-7#54484374-7#46926425-7#04226394 root@10.111.18.135:/jupiter/circe_input/
INFO:ccdag_utils.py:runtime_stat:{"task_name": "score8c", "event": "queue_end_process", "filename": "score8c_preagg8_2jobth7#76554548-7#54484374-7#46926425-7#04226394", "unix_time": 1620589266.2591183}
Warning: Permanently added '[10.111.18.135]:5000' (ECDSA) to the list of known hosts.
DEBUG:transfer.py:transfer successful!
INFO:circe.py:runtime_stat:{"task_name": "circe", "event": "new_input_file", "filename": "lccenc8_score8c_7#26062583-7#66510832-7#58681436-7#99191515jobid1.csv", "unix_time": 1620589521.4772718}
INFO:ccdag_utils.py:runtime_stat:{"task_name": "score8c", "event": "queue_start_process", "filename": "lccenc8_score8c_7#26062583-7#66510832-7#58681436-7#99191515jobid1.csv", "unix_time": 1620589521.5245678}
['mongoose21.JPEG', 'mongoose22.JPEG', 'mongoose23.JPEG', 'mongoose24.JPEG', 'mongoose25.JPEG', 'mongoose26.JPEG', 'mongoose27.JPEG', 'mongoose28.JPEG', 'mongoose29.JPEG', 'mongoose30.JPEG']
INFO:circe.py:runtime_stat:{"task_name": "circe", "event": "new_output_file", "filename": "score8c_preagg8_1jobth7#26062583-7#66510832-7#58681436-7#99191515", "unix_time": 1620589523.040443}
DEBUG:transfer.py:sshpass -p PASSWORD scp -P 5000 -o StrictHostKeyChecking=no /jupiter/circe_output/score8c_preagg8_1jobth7#26062583-7#66510832-7#58681436-7#99191515 root@10.111.18.135:/jupiter/circe_input/
INFO:ccdag_utils.py:runtime_stat:{"task_name": "score8c", "event": "queue_end_process", "filename": "score8c_preagg8_1jobth7#26062583-7#66510832-7#58681436-7#99191515", "unix_time": 1620589523.0452793}
DEBUG:transfer.py:transfer successful!
INFO:circe.py:runtime_stat:{"task_name": "circe", "event": "new_input_file", "filename": "lccenc8_score8c_7#93853635-7#82124749-7#37436176-7#88926918jobid2.csv", "unix_time": 1620589636.9182673}
INFO:ccdag_utils.py:runtime_stat:{"task_name": "score8c", "event": "queue_start_process", "filename": "lccenc8_score8c_7#93853635-7#82124749-7#37436176-7#88926918jobid2.csv", "unix_time": 1620589637.1660676}
['mongoose21.JPEG', 'mongoose22.JPEG', 'mongoose23.JPEG', 'mongoose24.JPEG', 'mongoose25.JPEG', 'mongoose26.JPEG', 'mongoose27.JPEG', 'mongoose28.JPEG', 'mongoose29.JPEG', 'mongoose30.JPEG']
INFO:circe.py:runtime_stat:{"task_name": "circe", "event": "new_output_file", "filename": "score8c_preagg8_2jobth7#93853635-7#82124749-7#37436176-7#88926918", "unix_time": 1620589638.7103539}
DEBUG:transfer.py:sshpass -p PASSWORD scp -P 5000 -o StrictHostKeyChecking=no /jupiter/circe_output/score8c_preagg8_2jobth7#93853635-7#82124749-7#37436176-7#88926918 root@10.111.18.135:/jupiter/circe_input/
INFO:ccdag_utils.py:runtime_stat:{"task_name": "score8c", "event": "queue_end_process", "filename": "score8c_preagg8_2jobth7#93853635-7#82124749-7#37436176-7#88926918", "unix_time": 1620589638.71592}
DEBUG:transfer.py:transfer successful!
INFO:circe.py:runtime_stat:{"task_name": "circe", "event": "new_input_file", "filename": "lccenc8_score8c_7#18912147-7#08713564-7#43137319-7#54800846jobid3.csv", "unix_time": 1620589975.3424544}
INFO:ccdag_utils.py:runtime_stat:{"task_name": "score8c", "event": "queue_start_process", "filename": "lccenc8_score8c_7#18912147-7#08713564-7#43137319-7#54800846jobid3.csv", "unix_time": 1620589976.0697782}
['mongoose21.JPEG', 'mongoose22.JPEG', 'mongoose23.JPEG', 'mongoose24.JPEG', 'mongoose25.JPEG', 'mongoose26.JPEG', 'mongoose27.JPEG', 'mongoose28.JPEG', 'mongoose29.JPEG', 'mongoose30.JPEG']
INFO:circe.py:runtime_stat:{"task_name": "circe", "event": "new_output_file", "filename": "score8c_preagg8_3jobth7#18912147-7#08713564-7#43137319-7#54800846", "unix_time": 1620589977.5504646}
DEBUG:transfer.py:sshpass -p PASSWORD scp -P 5000 -o StrictHostKeyChecking=no /jupiter/circe_output/score8c_preagg8_3jobth7#18912147-7#08713564-7#43137319-7#54800846 root@10.111.18.135:/jupiter/circe_input/
INFO:ccdag_utils.py:runtime_stat:{"task_name": "score8c", "event": "queue_end_process", "filename": "score8c_preagg8_3jobth7#18912147-7#08713564-7#43137319-7#54800846", "unix_time": 1620589977.5572796}
DEBUG:transfer.py:transfer successful!
INFO:circe.py:runtime_stat:{"task_name": "circe", "event": "new_input_file", "filename": "lccenc8_score8c_7#92428495-7#72221116-7#26442015-7#16571191jobid4.csv", "unix_time": 1620590156.634302}
INFO:ccdag_utils.py:runtime_stat:{"task_name": "score8c", "event": "queue_start_process", "filename": "lccenc8_score8c_7#92428495-7#72221116-7#26442015-7#16571191jobid4.csv", "unix_time": 1620590156.7442567}
['mongoose21.JPEG', 'mongoose22.JPEG', 'mongoose23.JPEG', 'mongoose24.JPEG', 'mongoose25.JPEG', 'mongoose26.JPEG', 'mongoose27.JPEG', 'mongoose28.JPEG', 'mongoose29.JPEG', 'mongoose30.JPEG']
INFO:circe.py:runtime_stat:{"task_name": "circe", "event": "new_output_file", "filename": "score8c_preagg8_4jobth7#92428495-7#72221116-7#26442015-7#16571191", "unix_time": 1620590158.235119}
DEBUG:transfer.py:sshpass -p PASSWORD scp -P 5000 -o StrictHostKeyChecking=no /jupiter/circe_output/score8c_preagg8_4jobth7#92428495-7#72221116-7#26442015-7#16571191 root@10.111.18.135:/jupiter/circe_input/
INFO:ccdag_utils.py:runtime_stat:{"task_name": "score8c", "event": "queue_end_process", "filename": "score8c_preagg8_4jobth7#92428495-7#72221116-7#26442015-7#16571191", "unix_time": 1620590158.24227}
DEBUG:transfer.py:transfer successful!
