 * Starting OpenBSD Secure Shell server sshd
   ...done.
INFO:circe.py:Using base script preagg.py
DEBUG:circe.py:starting the input monitoring process
DEBUG:circe.py:starting the output monitoring process
3
INFO:circe.py:runtime_stat:{"task_name": "circe", "event": "new_input_file", "filename": "score3b_preagg3_1jobth2#97227699-2#25579936-2#96364535-2#26179237", "unix_time": 1620686944.0683115}
INFO:ccdag_utils.py:runtime_stat:{"task_name": "preagg3", "event": "queue_start_process", "filename": "score3b_preagg3_1jobth2#97227699-2#25579936-2#96364535-2#26179237", "unix_time": 1620686944.1946185}
INFO:circe.py:runtime_stat:{"task_name": "circe", "event": "new_input_file", "filename": "score3c_preagg3_1jobth2#97227699-2#25579936-2#96364535-2#26179237", "unix_time": 1620686945.5806594}
INFO:ccdag_utils.py:runtime_stat:{"task_name": "preagg3", "event": "queue_start_process", "filename": "score3c_preagg3_1jobth2#97227699-2#25579936-2#96364535-2#26179237", "unix_time": 1620686946.2659984}
preagg3_lccdec3_1jobthscore3a2#97227699-2#25579936-2#96364535-2#26179237
INFO:circe.py:runtime_stat:{"task_name": "circe", "event": "new_output_file", "filename": "preagg3_lccdec3_1jobthscore3a2#97227699-2#25579936-2#96364535-2#26179237", "unix_time": 1620686946.330458}
DEBUG:transfer.py:sshpass -p PASSWORD scp -P 5000 -o StrictHostKeyChecking=no /jupiter/circe_output/preagg3_lccdec3_1jobthscore3a2#97227699-2#25579936-2#96364535-2#26179237 root@10.103.182.171:/jupiter/circe_input/
INFO:ccdag_utils.py:runtime_stat:{"task_name": "preagg3", "event": "queue_end_process", "filename": "preagg3_lccdec3_1jobthscore3a2#97227699-2#25579936-2#96364535-2#26179237", "unix_time": 1620686946.335185}
preagg3_lccdec3_1jobthscore3b2#97227699-2#25579936-2#96364535-2#26179237
INFO:ccdag_utils.py:runtime_stat:{"task_name": "preagg3", "event": "queue_end_process", "filename": "preagg3_lccdec3_1jobthscore3b2#97227699-2#25579936-2#96364535-2#26179237", "unix_time": 1620686946.3415527}
Warning: Permanently added '[10.103.182.171]:5000' (ECDSA) to the list of known hosts.
DEBUG:transfer.py:transfer successful!
INFO:circe.py:runtime_stat:{"task_name": "circe", "event": "new_output_file", "filename": "preagg3_lccdec3_1jobthscore3b2#97227699-2#25579936-2#96364535-2#26179237", "unix_time": 1620686946.5459013}
DEBUG:transfer.py:sshpass -p PASSWORD scp -P 5000 -o StrictHostKeyChecking=no /jupiter/circe_output/preagg3_lccdec3_1jobthscore3b2#97227699-2#25579936-2#96364535-2#26179237 root@10.103.182.171:/jupiter/circe_input/
DEBUG:transfer.py:transfer successful!
INFO:circe.py:runtime_stat:{"task_name": "circe", "event": "new_input_file", "filename": "score3a_preagg3_1jobth2#97227699-2#25579936-2#96364535-2#26179237", "unix_time": 1620686953.75819}
INFO:ccdag_utils.py:runtime_stat:{"task_name": "preagg3", "event": "queue_start_process", "filename": "score3a_preagg3_1jobth2#97227699-2#25579936-2#96364535-2#26179237", "unix_time": 1620686954.352312}
INFO:circe.py:runtime_stat:{"task_name": "circe", "event": "new_input_file", "filename": "score3b_preagg3_2jobth2#86432103-2#05276941-2#26018074-2#43350238", "unix_time": 1620686954.5503137}
INFO:circe.py:runtime_stat:{"task_name": "circe", "event": "new_input_file", "filename": "score3c_preagg3_2jobth2#86432103-2#05276941-2#26018074-2#43350238", "unix_time": 1620686955.0452034}
INFO:ccdag_utils.py:runtime_stat:{"task_name": "preagg3", "event": "queue_start_process", "filename": "score3b_preagg3_2jobth2#86432103-2#05276941-2#26018074-2#43350238", "unix_time": 1620686955.4130964}
INFO:ccdag_utils.py:runtime_stat:{"task_name": "preagg3", "event": "queue_start_process", "filename": "score3c_preagg3_2jobth2#86432103-2#05276941-2#26018074-2#43350238", "unix_time": 1620686955.471443}
preagg3_lccdec3_2jobthscore3a2#86432103-2#05276941-2#26018074-2#43350238
INFO:circe.py:runtime_stat:{"task_name": "circe", "event": "new_output_file", "filename": "preagg3_lccdec3_2jobthscore3a2#86432103-2#05276941-2#26018074-2#43350238", "unix_time": 1620686955.535467}
DEBUG:transfer.py:sshpass -p PASSWORD scp -P 5000 -o StrictHostKeyChecking=no /jupiter/circe_output/preagg3_lccdec3_2jobthscore3a2#86432103-2#05276941-2#26018074-2#43350238 root@10.103.182.171:/jupiter/circe_input/
preagg3_lccdec3_2jobthscore3b2#86432103-2#05276941-2#26018074-2#43350238
INFO:ccdag_utils.py:runtime_stat:{"task_name": "preagg3", "event": "queue_end_process", "filename": "preagg3_lccdec3_2jobthscore3a2#86432103-2#05276941-2#26018074-2#43350238", "unix_time": 1620686955.5398543}
INFO:ccdag_utils.py:runtime_stat:{"task_name": "preagg3", "event": "queue_end_process", "filename": "preagg3_lccdec3_2jobthscore3b2#86432103-2#05276941-2#26018074-2#43350238", "unix_time": 1620686955.5460384}
DEBUG:transfer.py:transfer successful!
INFO:circe.py:runtime_stat:{"task_name": "circe", "event": "new_output_file", "filename": "preagg3_lccdec3_2jobthscore3b2#86432103-2#05276941-2#26018074-2#43350238", "unix_time": 1620686955.7390492}
DEBUG:transfer.py:sshpass -p PASSWORD scp -P 5000 -o StrictHostKeyChecking=no /jupiter/circe_output/preagg3_lccdec3_2jobthscore3b2#86432103-2#05276941-2#26018074-2#43350238 root@10.103.182.171:/jupiter/circe_input/
DEBUG:transfer.py:transfer successful!
INFO:circe.py:runtime_stat:{"task_name": "circe", "event": "new_input_file", "filename": "score3b_preagg3_3jobth2#11524455-2#73047625-2#04043088-2#16515357", "unix_time": 1620686957.0346382}
INFO:ccdag_utils.py:runtime_stat:{"task_name": "preagg3", "event": "queue_start_process", "filename": "score3b_preagg3_3jobth2#11524455-2#73047625-2#04043088-2#16515357", "unix_time": 1620686957.5486476}
INFO:circe.py:runtime_stat:{"task_name": "circe", "event": "new_input_file", "filename": "score3c_preagg3_3jobth2#11524455-2#73047625-2#04043088-2#16515357", "unix_time": 1620686958.5575585}
INFO:ccdag_utils.py:runtime_stat:{"task_name": "preagg3", "event": "queue_start_process", "filename": "score3c_preagg3_3jobth2#11524455-2#73047625-2#04043088-2#16515357", "unix_time": 1620686958.608854}
preagg3_lccdec3_3jobthscore3a2#11524455-2#73047625-2#04043088-2#16515357
INFO:circe.py:runtime_stat:{"task_name": "circe", "event": "new_output_file", "filename": "preagg3_lccdec3_3jobthscore3a2#11524455-2#73047625-2#04043088-2#16515357", "unix_time": 1620686958.6718874}
DEBUG:transfer.py:sshpass -p PASSWORD scp -P 5000 -o StrictHostKeyChecking=no /jupiter/circe_output/preagg3_lccdec3_3jobthscore3a2#11524455-2#73047625-2#04043088-2#16515357 root@10.103.182.171:/jupiter/circe_input/
INFO:ccdag_utils.py:runtime_stat:{"task_name": "preagg3", "event": "queue_end_process", "filename": "preagg3_lccdec3_3jobthscore3a2#11524455-2#73047625-2#04043088-2#16515357", "unix_time": 1620686958.6730952}
preagg3_lccdec3_3jobthscore3b2#11524455-2#73047625-2#04043088-2#16515357
INFO:ccdag_utils.py:runtime_stat:{"task_name": "preagg3", "event": "queue_end_process", "filename": "preagg3_lccdec3_3jobthscore3b2#11524455-2#73047625-2#04043088-2#16515357", "unix_time": 1620686958.6828809}
DEBUG:transfer.py:transfer successful!
INFO:circe.py:runtime_stat:{"task_name": "circe", "event": "new_output_file", "filename": "preagg3_lccdec3_3jobthscore3b2#11524455-2#73047625-2#04043088-2#16515357", "unix_time": 1620686958.8951452}
DEBUG:transfer.py:sshpass -p PASSWORD scp -P 5000 -o StrictHostKeyChecking=no /jupiter/circe_output/preagg3_lccdec3_3jobthscore3b2#11524455-2#73047625-2#04043088-2#16515357 root@10.103.182.171:/jupiter/circe_input/
DEBUG:transfer.py:transfer successful!
INFO:circe.py:runtime_stat:{"task_name": "circe", "event": "new_input_file", "filename": "score3a_preagg3_2jobth2#86432103-2#05276941-2#26018074-2#43350238", "unix_time": 1620686965.293472}
INFO:circe.py:runtime_stat:{"task_name": "circe", "event": "new_input_file", "filename": "score3b_preagg3_4jobth2#40913105-2#35481214-2#97079910-2#28177051", "unix_time": 1620686965.5996835}
INFO:ccdag_utils.py:runtime_stat:{"task_name": "preagg3", "event": "queue_start_process", "filename": "score3a_preagg3_2jobth2#86432103-2#05276941-2#26018074-2#43350238", "unix_time": 1620686965.690867}
INFO:ccdag_utils.py:runtime_stat:{"task_name": "preagg3", "event": "queue_start_process", "filename": "score3b_preagg3_4jobth2#40913105-2#35481214-2#97079910-2#28177051", "unix_time": 1620686965.750177}
INFO:circe.py:runtime_stat:{"task_name": "circe", "event": "new_input_file", "filename": "score3c_preagg3_4jobth2#40913105-2#35481214-2#97079910-2#28177051", "unix_time": 1620686966.1023862}
INFO:ccdag_utils.py:runtime_stat:{"task_name": "preagg3", "event": "queue_start_process", "filename": "score3c_preagg3_4jobth2#40913105-2#35481214-2#97079910-2#28177051", "unix_time": 1620686966.8090296}
preagg3_lccdec3_4jobthscore3a2#40913105-2#35481214-2#97079910-2#28177051
INFO:circe.py:runtime_stat:{"task_name": "circe", "event": "new_output_file", "filename": "preagg3_lccdec3_4jobthscore3a2#40913105-2#35481214-2#97079910-2#28177051", "unix_time": 1620686966.871854}
DEBUG:transfer.py:sshpass -p PASSWORD scp -P 5000 -o StrictHostKeyChecking=no /jupiter/circe_output/preagg3_lccdec3_4jobthscore3a2#40913105-2#35481214-2#97079910-2#28177051 root@10.103.182.171:/jupiter/circe_input/
INFO:ccdag_utils.py:runtime_stat:{"task_name": "preagg3", "event": "queue_end_process", "filename": "preagg3_lccdec3_4jobthscore3a2#40913105-2#35481214-2#97079910-2#28177051", "unix_time": 1620686966.8764899}
preagg3_lccdec3_4jobthscore3b2#40913105-2#35481214-2#97079910-2#28177051
INFO:ccdag_utils.py:runtime_stat:{"task_name": "preagg3", "event": "queue_end_process", "filename": "preagg3_lccdec3_4jobthscore3b2#40913105-2#35481214-2#97079910-2#28177051", "unix_time": 1620686966.8833551}
DEBUG:transfer.py:transfer successful!
INFO:circe.py:runtime_stat:{"task_name": "circe", "event": "new_output_file", "filename": "preagg3_lccdec3_4jobthscore3b2#40913105-2#35481214-2#97079910-2#28177051", "unix_time": 1620686967.1012168}
DEBUG:transfer.py:sshpass -p PASSWORD scp -P 5000 -o StrictHostKeyChecking=no /jupiter/circe_output/preagg3_lccdec3_4jobthscore3b2#40913105-2#35481214-2#97079910-2#28177051 root@10.103.182.171:/jupiter/circe_input/
DEBUG:transfer.py:transfer successful!
INFO:circe.py:runtime_stat:{"task_name": "circe", "event": "new_input_file", "filename": "score3b_preagg3_5jobth2#94145366-2#63977269-2#02313284-2#70380071", "unix_time": 1620686969.100571}
INFO:circe.py:runtime_stat:{"task_name": "circe", "event": "new_input_file", "filename": "score3c_preagg3_5jobth2#94145366-2#63977269-2#02313284-2#70380071", "unix_time": 1620686969.573164}
INFO:ccdag_utils.py:runtime_stat:{"task_name": "preagg3", "event": "queue_start_process", "filename": "score3b_preagg3_5jobth2#94145366-2#63977269-2#02313284-2#70380071", "unix_time": 1620686969.8871064}
INFO:ccdag_utils.py:runtime_stat:{"task_name": "preagg3", "event": "queue_start_process", "filename": "score3c_preagg3_5jobth2#94145366-2#63977269-2#02313284-2#70380071", "unix_time": 1620686969.9469693}
preagg3_lccdec3_5jobthscore3a2#94145366-2#63977269-2#02313284-2#70380071
INFO:circe.py:runtime_stat:{"task_name": "circe", "event": "new_output_file", "filename": "preagg3_lccdec3_5jobthscore3a2#94145366-2#63977269-2#02313284-2#70380071", "unix_time": 1620686970.0108094}
DEBUG:transfer.py:sshpass -p PASSWORD scp -P 5000 -o StrictHostKeyChecking=no /jupiter/circe_output/preagg3_lccdec3_5jobthscore3a2#94145366-2#63977269-2#02313284-2#70380071 root@10.103.182.171:/jupiter/circe_input/
INFO:ccdag_utils.py:runtime_stat:{"task_name": "preagg3", "event": "queue_end_process", "filename": "preagg3_lccdec3_5jobthscore3a2#94145366-2#63977269-2#02313284-2#70380071", "unix_time": 1620686970.015946}
preagg3_lccdec3_5jobthscore3b2#94145366-2#63977269-2#02313284-2#70380071
INFO:ccdag_utils.py:runtime_stat:{"task_name": "preagg3", "event": "queue_end_process", "filename": "preagg3_lccdec3_5jobthscore3b2#94145366-2#63977269-2#02313284-2#70380071", "unix_time": 1620686970.023218}
DEBUG:transfer.py:transfer successful!
INFO:circe.py:runtime_stat:{"task_name": "circe", "event": "new_output_file", "filename": "preagg3_lccdec3_5jobthscore3b2#94145366-2#63977269-2#02313284-2#70380071", "unix_time": 1620686970.2270567}
DEBUG:transfer.py:sshpass -p PASSWORD scp -P 5000 -o StrictHostKeyChecking=no /jupiter/circe_output/preagg3_lccdec3_5jobthscore3b2#94145366-2#63977269-2#02313284-2#70380071 root@10.103.182.171:/jupiter/circe_input/
DEBUG:transfer.py:transfer successful!
INFO:circe.py:runtime_stat:{"task_name": "circe", "event": "new_input_file", "filename": "score3b_preagg3_6jobth2#90847689-2#27771036-2#83276676-2#27447888", "unix_time": 1620686974.5630395}
INFO:ccdag_utils.py:runtime_stat:{"task_name": "preagg3", "event": "queue_start_process", "filename": "score3b_preagg3_6jobth2#90847689-2#27771036-2#83276676-2#27447888", "unix_time": 1620686975.0281606}
INFO:circe.py:runtime_stat:{"task_name": "circe", "event": "new_input_file", "filename": "score3c_preagg3_6jobth2#90847689-2#27771036-2#83276676-2#27447888", "unix_time": 1620686976.1306524}
INFO:circe.py:runtime_stat:{"task_name": "circe", "event": "new_input_file", "filename": "score3a_preagg3_3jobth2#11524455-2#73047625-2#04043088-2#16515357", "unix_time": 1620686976.9373043}
INFO:ccdag_utils.py:runtime_stat:{"task_name": "preagg3", "event": "queue_start_process", "filename": "score3c_preagg3_6jobth2#90847689-2#27771036-2#83276676-2#27447888", "unix_time": 1620686977.0901344}
preagg3_lccdec3_6jobthscore3a2#90847689-2#27771036-2#83276676-2#27447888
INFO:circe.py:runtime_stat:{"task_name": "circe", "event": "new_output_file", "filename": "preagg3_lccdec3_6jobthscore3a2#90847689-2#27771036-2#83276676-2#27447888", "unix_time": 1620686977.1552446}
DEBUG:transfer.py:sshpass -p PASSWORD scp -P 5000 -o StrictHostKeyChecking=no /jupiter/circe_output/preagg3_lccdec3_6jobthscore3a2#90847689-2#27771036-2#83276676-2#27447888 root@10.103.182.171:/jupiter/circe_input/
INFO:ccdag_utils.py:runtime_stat:{"task_name": "preagg3", "event": "queue_end_process", "filename": "preagg3_lccdec3_6jobthscore3a2#90847689-2#27771036-2#83276676-2#27447888", "unix_time": 1620686977.1603389}
preagg3_lccdec3_6jobthscore3b2#90847689-2#27771036-2#83276676-2#27447888
INFO:ccdag_utils.py:runtime_stat:{"task_name": "preagg3", "event": "queue_end_process", "filename": "preagg3_lccdec3_6jobthscore3b2#90847689-2#27771036-2#83276676-2#27447888", "unix_time": 1620686977.1688821}
INFO:ccdag_utils.py:runtime_stat:{"task_name": "preagg3", "event": "queue_start_process", "filename": "score3a_preagg3_3jobth2#11524455-2#73047625-2#04043088-2#16515357", "unix_time": 1620686977.1693857}
DEBUG:transfer.py:transfer successful!
INFO:circe.py:runtime_stat:{"task_name": "circe", "event": "new_output_file", "filename": "preagg3_lccdec3_6jobthscore3b2#90847689-2#27771036-2#83276676-2#27447888", "unix_time": 1620686977.366784}
DEBUG:transfer.py:sshpass -p PASSWORD scp -P 5000 -o StrictHostKeyChecking=no /jupiter/circe_output/preagg3_lccdec3_6jobthscore3b2#90847689-2#27771036-2#83276676-2#27447888 root@10.103.182.171:/jupiter/circe_input/
DEBUG:transfer.py:transfer successful!
INFO:circe.py:runtime_stat:{"task_name": "circe", "event": "new_input_file", "filename": "score3b_preagg3_7jobth2#40439243-2#24504452-2#64125620-2#12903804", "unix_time": 1620686978.0945427}
INFO:ccdag_utils.py:runtime_stat:{"task_name": "preagg3", "event": "queue_start_process", "filename": "score3b_preagg3_7jobth2#40439243-2#24504452-2#64125620-2#12903804", "unix_time": 1620686978.2313588}
INFO:circe.py:runtime_stat:{"task_name": "circe", "event": "new_input_file", "filename": "score3c_preagg3_7jobth2#40439243-2#24504452-2#64125620-2#12903804", "unix_time": 1620686979.6353376}
INFO:ccdag_utils.py:runtime_stat:{"task_name": "preagg3", "event": "queue_start_process", "filename": "score3c_preagg3_7jobth2#40439243-2#24504452-2#64125620-2#12903804", "unix_time": 1620686980.295716}
preagg3_lccdec3_7jobthscore3a2#40439243-2#24504452-2#64125620-2#12903804
INFO:circe.py:runtime_stat:{"task_name": "circe", "event": "new_output_file", "filename": "preagg3_lccdec3_7jobthscore3a2#40439243-2#24504452-2#64125620-2#12903804", "unix_time": 1620686980.3647223}
DEBUG:transfer.py:sshpass -p PASSWORD scp -P 5000 -o StrictHostKeyChecking=no /jupiter/circe_output/preagg3_lccdec3_7jobthscore3a2#40439243-2#24504452-2#64125620-2#12903804 root@10.103.182.171:/jupiter/circe_input/
INFO:ccdag_utils.py:runtime_stat:{"task_name": "preagg3", "event": "queue_end_process", "filename": "preagg3_lccdec3_7jobthscore3a2#40439243-2#24504452-2#64125620-2#12903804", "unix_time": 1620686980.3695674}
preagg3_lccdec3_7jobthscore3b2#40439243-2#24504452-2#64125620-2#12903804
INFO:ccdag_utils.py:runtime_stat:{"task_name": "preagg3", "event": "queue_end_process", "filename": "preagg3_lccdec3_7jobthscore3b2#40439243-2#24504452-2#64125620-2#12903804", "unix_time": 1620686980.3757937}
DEBUG:transfer.py:transfer successful!
INFO:circe.py:runtime_stat:{"task_name": "circe", "event": "new_output_file", "filename": "preagg3_lccdec3_7jobthscore3b2#40439243-2#24504452-2#64125620-2#12903804", "unix_time": 1620686980.5820193}
DEBUG:transfer.py:sshpass -p PASSWORD scp -P 5000 -o StrictHostKeyChecking=no /jupiter/circe_output/preagg3_lccdec3_7jobthscore3b2#40439243-2#24504452-2#64125620-2#12903804 root@10.103.182.171:/jupiter/circe_input/
DEBUG:transfer.py:transfer successful!
INFO:circe.py:runtime_stat:{"task_name": "circe", "event": "new_input_file", "filename": "score3b_preagg3_8jobth2#82977698-2#73496494-2#73192811-2#85487940", "unix_time": 1620686981.590416}
INFO:circe.py:runtime_stat:{"task_name": "circe", "event": "new_input_file", "filename": "score3c_preagg3_8jobth2#82977698-2#73496494-2#73192811-2#85487940", "unix_time": 1620686982.1443827}
INFO:ccdag_utils.py:runtime_stat:{"task_name": "preagg3", "event": "queue_start_process", "filename": "score3b_preagg3_8jobth2#82977698-2#73496494-2#73192811-2#85487940", "unix_time": 1620686982.377501}
INFO:ccdag_utils.py:runtime_stat:{"task_name": "preagg3", "event": "queue_start_process", "filename": "score3c_preagg3_8jobth2#82977698-2#73496494-2#73192811-2#85487940", "unix_time": 1620686982.4412253}
preagg3_lccdec3_8jobthscore3a2#82977698-2#73496494-2#73192811-2#85487940
INFO:circe.py:runtime_stat:{"task_name": "circe", "event": "new_output_file", "filename": "preagg3_lccdec3_8jobthscore3a2#82977698-2#73496494-2#73192811-2#85487940", "unix_time": 1620686982.5040092}
DEBUG:transfer.py:sshpass -p PASSWORD scp -P 5000 -o StrictHostKeyChecking=no /jupiter/circe_output/preagg3_lccdec3_8jobthscore3a2#82977698-2#73496494-2#73192811-2#85487940 root@10.103.182.171:/jupiter/circe_input/
INFO:ccdag_utils.py:runtime_stat:{"task_name": "preagg3", "event": "queue_end_process", "filename": "preagg3_lccdec3_8jobthscore3a2#82977698-2#73496494-2#73192811-2#85487940", "unix_time": 1620686982.508407}
preagg3_lccdec3_8jobthscore3b2#82977698-2#73496494-2#73192811-2#85487940
INFO:ccdag_utils.py:runtime_stat:{"task_name": "preagg3", "event": "queue_end_process", "filename": "preagg3_lccdec3_8jobthscore3b2#82977698-2#73496494-2#73192811-2#85487940", "unix_time": 1620686982.5149405}
DEBUG:transfer.py:transfer successful!
INFO:circe.py:runtime_stat:{"task_name": "circe", "event": "new_output_file", "filename": "preagg3_lccdec3_8jobthscore3b2#82977698-2#73496494-2#73192811-2#85487940", "unix_time": 1620686982.726691}
DEBUG:transfer.py:sshpass -p PASSWORD scp -P 5000 -o StrictHostKeyChecking=no /jupiter/circe_output/preagg3_lccdec3_8jobthscore3b2#82977698-2#73496494-2#73192811-2#85487940 root@10.103.182.171:/jupiter/circe_input/
DEBUG:transfer.py:transfer successful!
INFO:circe.py:runtime_stat:{"task_name": "circe", "event": "new_input_file", "filename": "score3b_preagg3_9jobth2#57614418-2#04278289-2#13176259-2#87690021", "unix_time": 1620686988.0869582}
INFO:ccdag_utils.py:runtime_stat:{"task_name": "preagg3", "event": "queue_start_process", "filename": "score3b_preagg3_9jobth2#57614418-2#04278289-2#13176259-2#87690021", "unix_time": 1620686988.5200963}
INFO:circe.py:runtime_stat:{"task_name": "circe", "event": "new_input_file", "filename": "score3a_preagg3_4jobth2#40913105-2#35481214-2#97079910-2#28177051", "unix_time": 1620686988.5629435}
INFO:ccdag_utils.py:runtime_stat:{"task_name": "preagg3", "event": "queue_start_process", "filename": "score3a_preagg3_4jobth2#40913105-2#35481214-2#97079910-2#28177051", "unix_time": 1620686988.5871131}
INFO:circe.py:runtime_stat:{"task_name": "circe", "event": "new_input_file", "filename": "score3c_preagg3_9jobth2#57614418-2#04278289-2#13176259-2#87690021", "unix_time": 1620686989.6776934}
INFO:ccdag_utils.py:runtime_stat:{"task_name": "preagg3", "event": "queue_start_process", "filename": "score3c_preagg3_9jobth2#57614418-2#04278289-2#13176259-2#87690021", "unix_time": 1620686990.6501482}
preagg3_lccdec3_9jobthscore3a2#57614418-2#04278289-2#13176259-2#87690021
INFO:circe.py:runtime_stat:{"task_name": "circe", "event": "new_output_file", "filename": "preagg3_lccdec3_9jobthscore3a2#57614418-2#04278289-2#13176259-2#87690021", "unix_time": 1620686990.7187135}
DEBUG:transfer.py:sshpass -p PASSWORD scp -P 5000 -o StrictHostKeyChecking=no /jupiter/circe_output/preagg3_lccdec3_9jobthscore3a2#57614418-2#04278289-2#13176259-2#87690021 root@10.103.182.171:/jupiter/circe_input/
INFO:ccdag_utils.py:runtime_stat:{"task_name": "preagg3", "event": "queue_end_process", "filename": "preagg3_lccdec3_9jobthscore3a2#57614418-2#04278289-2#13176259-2#87690021", "unix_time": 1620686990.722974}
preagg3_lccdec3_9jobthscore3b2#57614418-2#04278289-2#13176259-2#87690021
INFO:ccdag_utils.py:runtime_stat:{"task_name": "preagg3", "event": "queue_end_process", "filename": "preagg3_lccdec3_9jobthscore3b2#57614418-2#04278289-2#13176259-2#87690021", "unix_time": 1620686990.729659}
DEBUG:transfer.py:transfer successful!
INFO:circe.py:runtime_stat:{"task_name": "circe", "event": "new_output_file", "filename": "preagg3_lccdec3_9jobthscore3b2#57614418-2#04278289-2#13176259-2#87690021", "unix_time": 1620686990.933864}
DEBUG:transfer.py:sshpass -p PASSWORD scp -P 5000 -o StrictHostKeyChecking=no /jupiter/circe_output/preagg3_lccdec3_9jobthscore3b2#57614418-2#04278289-2#13176259-2#87690021 root@10.103.182.171:/jupiter/circe_input/
DEBUG:transfer.py:transfer successful!
INFO:circe.py:runtime_stat:{"task_name": "circe", "event": "new_input_file", "filename": "score3b_preagg3_10jobth2#93330448-2#93991913-2#05195024-2#81919814", "unix_time": 1620686991.596412}
INFO:ccdag_utils.py:runtime_stat:{"task_name": "preagg3", "event": "queue_start_process", "filename": "score3b_preagg3_10jobth2#93330448-2#93991913-2#05195024-2#81919814", "unix_time": 1620686991.7312367}
INFO:circe.py:runtime_stat:{"task_name": "circe", "event": "new_input_file", "filename": "score3c_preagg3_10jobth2#93330448-2#93991913-2#05195024-2#81919814", "unix_time": 1620686992.1820273}
INFO:ccdag_utils.py:runtime_stat:{"task_name": "preagg3", "event": "queue_start_process", "filename": "score3c_preagg3_10jobth2#93330448-2#93991913-2#05195024-2#81919814", "unix_time": 1620686992.7998383}
preagg3_lccdec3_10jobthscore3a2#93330448-2#93991913-2#05195024-2#81919814
INFO:circe.py:runtime_stat:{"task_name": "circe", "event": "new_output_file", "filename": "preagg3_lccdec3_10jobthscore3a2#93330448-2#93991913-2#05195024-2#81919814", "unix_time": 1620686992.8664176}
DEBUG:transfer.py:sshpass -p PASSWORD scp -P 5000 -o StrictHostKeyChecking=no /jupiter/circe_output/preagg3_lccdec3_10jobthscore3a2#93330448-2#93991913-2#05195024-2#81919814 root@10.103.182.171:/jupiter/circe_input/
INFO:ccdag_utils.py:runtime_stat:{"task_name": "preagg3", "event": "queue_end_process", "filename": "preagg3_lccdec3_10jobthscore3a2#93330448-2#93991913-2#05195024-2#81919814", "unix_time": 1620686992.8728807}
preagg3_lccdec3_10jobthscore3b2#93330448-2#93991913-2#05195024-2#81919814
INFO:ccdag_utils.py:runtime_stat:{"task_name": "preagg3", "event": "queue_end_process", "filename": "preagg3_lccdec3_10jobthscore3b2#93330448-2#93991913-2#05195024-2#81919814", "unix_time": 1620686992.878916}
DEBUG:transfer.py:transfer successful!
INFO:circe.py:runtime_stat:{"task_name": "circe", "event": "new_output_file", "filename": "preagg3_lccdec3_10jobthscore3b2#93330448-2#93991913-2#05195024-2#81919814", "unix_time": 1620686993.0882888}
DEBUG:transfer.py:sshpass -p PASSWORD scp -P 5000 -o StrictHostKeyChecking=no /jupiter/circe_output/preagg3_lccdec3_10jobthscore3b2#93330448-2#93991913-2#05195024-2#81919814 root@10.103.182.171:/jupiter/circe_input/
DEBUG:transfer.py:transfer successful!
INFO:circe.py:runtime_stat:{"task_name": "circe", "event": "new_input_file", "filename": "score3a_preagg3_5jobth2#94145366-2#63977269-2#02313284-2#70380071", "unix_time": 1620687000.0361462}
INFO:ccdag_utils.py:runtime_stat:{"task_name": "preagg3", "event": "queue_start_process", "filename": "score3a_preagg3_5jobth2#94145366-2#63977269-2#02313284-2#70380071", "unix_time": 1620687000.8887312}
INFO:circe.py:runtime_stat:{"task_name": "circe", "event": "new_input_file", "filename": "score3a_preagg3_6jobth2#90847689-2#27771036-2#83276676-2#27447888", "unix_time": 1620687011.5120103}
INFO:ccdag_utils.py:runtime_stat:{"task_name": "preagg3", "event": "queue_start_process", "filename": "score3a_preagg3_6jobth2#90847689-2#27771036-2#83276676-2#27447888", "unix_time": 1620687011.9630303}
INFO:circe.py:runtime_stat:{"task_name": "circe", "event": "new_input_file", "filename": "score3a_preagg3_7jobth2#40439243-2#24504452-2#64125620-2#12903804", "unix_time": 1620687023.0202937}
INFO:ccdag_utils.py:runtime_stat:{"task_name": "preagg3", "event": "queue_start_process", "filename": "score3a_preagg3_7jobth2#40439243-2#24504452-2#64125620-2#12903804", "unix_time": 1620687023.0323076}
INFO:circe.py:runtime_stat:{"task_name": "circe", "event": "new_input_file", "filename": "score3a_preagg3_8jobth2#82977698-2#73496494-2#73192811-2#85487940", "unix_time": 1620687034.558761}
INFO:ccdag_utils.py:runtime_stat:{"task_name": "preagg3", "event": "queue_start_process", "filename": "score3a_preagg3_8jobth2#82977698-2#73496494-2#73192811-2#85487940", "unix_time": 1620687035.102113}
INFO:circe.py:runtime_stat:{"task_name": "circe", "event": "new_input_file", "filename": "score3a_preagg3_9jobth2#57614418-2#04278289-2#13176259-2#87690021", "unix_time": 1620687046.0824642}
INFO:ccdag_utils.py:runtime_stat:{"task_name": "preagg3", "event": "queue_start_process", "filename": "score3a_preagg3_9jobth2#57614418-2#04278289-2#13176259-2#87690021", "unix_time": 1620687046.1721773}
INFO:circe.py:runtime_stat:{"task_name": "circe", "event": "new_input_file", "filename": "score3a_preagg3_10jobth2#93330448-2#93991913-2#05195024-2#81919814", "unix_time": 1620687057.612419}
INFO:ccdag_utils.py:runtime_stat:{"task_name": "preagg3", "event": "queue_start_process", "filename": "score3a_preagg3_10jobth2#93330448-2#93991913-2#05195024-2#81919814", "unix_time": 1620687058.2503984}
