 * Starting OpenBSD Secure Shell server sshd
   ...done.
INFO:circe.py:Using base script score.py
DEBUG:circe.py:starting the input monitoring process
DEBUG:circe.py:starting the output monitoring process
INFO:circe.py:runtime_stat:{"task_name": "circe", "event": "new_input_file", "filename": "lccenc3_score3b_2#78099124-2#37810485-2#89105181-2#16917738jobid2.csv", "unix_time": 1620589263.2966084}
['whitewolf21.JPEG', 'whitewolf22.JPEG', 'whitewolf23.JPEG', 'whitewolf24.JPEG', 'whitewolf25.JPEG', 'whitewolf26.JPEG', 'whitewolf27.JPEG', 'whitewolf28.JPEG', 'whitewolf29.JPEG', 'whitewolf30.JPEG']
INFO:ccdag_utils.py:runtime_stat:{"task_name": "score3b", "event": "queue_start_process", "filename": "lccenc3_score3b_2#78099124-2#37810485-2#89105181-2#16917738jobid2.csv", "unix_time": 1620589263.6564107}
INFO:circe.py:runtime_stat:{"task_name": "circe", "event": "new_output_file", "filename": "score3b_preagg3_2jobth2#78099124-2#37810485-2#89105181-2#16917738", "unix_time": 1620589265.7825809}
DEBUG:transfer.py:sshpass -p PASSWORD scp -P 5000 -o StrictHostKeyChecking=no /jupiter/circe_output/score3b_preagg3_2jobth2#78099124-2#37810485-2#89105181-2#16917738 root@10.100.101.84:/jupiter/circe_input/
INFO:ccdag_utils.py:runtime_stat:{"task_name": "score3b", "event": "queue_end_process", "filename": "score3b_preagg3_2jobth2#78099124-2#37810485-2#89105181-2#16917738", "unix_time": 1620589265.7905717}
Warning: Permanently added '[10.100.101.84]:5000' (ECDSA) to the list of known hosts.
DEBUG:transfer.py:transfer successful!
INFO:circe.py:runtime_stat:{"task_name": "circe", "event": "new_input_file", "filename": "lccenc3_score3b_2#63940447-2#67681670-2#75343955-2#86901502jobid2.csv", "unix_time": 1620589432.800961}
INFO:ccdag_utils.py:runtime_stat:{"task_name": "score3b", "event": "queue_start_process", "filename": "lccenc3_score3b_2#63940447-2#67681670-2#75343955-2#86901502jobid2.csv", "unix_time": 1620589432.9717114}
['whitewolf21.JPEG', 'whitewolf22.JPEG', 'whitewolf23.JPEG', 'whitewolf24.JPEG', 'whitewolf25.JPEG', 'whitewolf26.JPEG', 'whitewolf27.JPEG', 'whitewolf28.JPEG', 'whitewolf29.JPEG', 'whitewolf30.JPEG']
INFO:circe.py:runtime_stat:{"task_name": "circe", "event": "new_output_file", "filename": "score3b_preagg3_2jobth2#63940447-2#67681670-2#75343955-2#86901502", "unix_time": 1620589434.4215813}
DEBUG:transfer.py:sshpass -p PASSWORD scp -P 5000 -o StrictHostKeyChecking=no /jupiter/circe_output/score3b_preagg3_2jobth2#63940447-2#67681670-2#75343955-2#86901502 root@10.100.101.84:/jupiter/circe_input/
INFO:ccdag_utils.py:runtime_stat:{"task_name": "score3b", "event": "queue_end_process", "filename": "score3b_preagg3_2jobth2#63940447-2#67681670-2#75343955-2#86901502", "unix_time": 1620589434.4273984}
DEBUG:transfer.py:transfer successful!
INFO:circe.py:runtime_stat:{"task_name": "circe", "event": "new_input_file", "filename": "lccenc3_score3b_2#97466216-2#64678239-2#23783679-2#37929010jobid1.csv", "unix_time": 1620589520.828972}
INFO:ccdag_utils.py:runtime_stat:{"task_name": "score3b", "event": "queue_start_process", "filename": "lccenc3_score3b_2#97466216-2#64678239-2#23783679-2#37929010jobid1.csv", "unix_time": 1620589521.5196788}
['whitewolf21.JPEG', 'whitewolf22.JPEG', 'whitewolf23.JPEG', 'whitewolf24.JPEG', 'whitewolf25.JPEG', 'whitewolf26.JPEG', 'whitewolf27.JPEG', 'whitewolf28.JPEG', 'whitewolf29.JPEG', 'whitewolf30.JPEG']
INFO:circe.py:runtime_stat:{"task_name": "circe", "event": "new_output_file", "filename": "score3b_preagg3_1jobth2#97466216-2#64678239-2#23783679-2#37929010", "unix_time": 1620589523.0547605}
DEBUG:transfer.py:sshpass -p PASSWORD scp -P 5000 -o StrictHostKeyChecking=no /jupiter/circe_output/score3b_preagg3_1jobth2#97466216-2#64678239-2#23783679-2#37929010 root@10.100.101.84:/jupiter/circe_input/
INFO:ccdag_utils.py:runtime_stat:{"task_name": "score3b", "event": "queue_end_process", "filename": "score3b_preagg3_1jobth2#97466216-2#64678239-2#23783679-2#37929010", "unix_time": 1620589523.0554674}
DEBUG:transfer.py:transfer successful!
INFO:circe.py:runtime_stat:{"task_name": "circe", "event": "new_input_file", "filename": "lccenc3_score3b_2#60697141-2#90817475-2#66514921-2#27651698jobid2.csv", "unix_time": 1620589577.0290043}
INFO:ccdag_utils.py:runtime_stat:{"task_name": "score3b", "event": "queue_start_process", "filename": "lccenc3_score3b_2#60697141-2#90817475-2#66514921-2#27651698jobid2.csv", "unix_time": 1620589577.1149638}
['whitewolf21.JPEG', 'whitewolf22.JPEG', 'whitewolf23.JPEG', 'whitewolf24.JPEG', 'whitewolf25.JPEG', 'whitewolf26.JPEG', 'whitewolf27.JPEG', 'whitewolf28.JPEG', 'whitewolf29.JPEG', 'whitewolf30.JPEG']
INFO:ccdag_utils.py:runtime_stat:{"task_name": "score3b", "event": "queue_end_process", "filename": "score3b_preagg3_2jobth2#60697141-2#90817475-2#66514921-2#27651698", "unix_time": 1620589578.6500695}
INFO:circe.py:runtime_stat:{"task_name": "circe", "event": "new_output_file", "filename": "score3b_preagg3_2jobth2#60697141-2#90817475-2#66514921-2#27651698", "unix_time": 1620589578.6514993}
DEBUG:transfer.py:sshpass -p PASSWORD scp -P 5000 -o StrictHostKeyChecking=no /jupiter/circe_output/score3b_preagg3_2jobth2#60697141-2#90817475-2#66514921-2#27651698 root@10.100.101.84:/jupiter/circe_input/
DEBUG:transfer.py:transfer successful!
INFO:circe.py:runtime_stat:{"task_name": "circe", "event": "new_input_file", "filename": "lccenc3_score3b_2#05908150-2#91646273-2#08481825-2#28043154jobid3.csv", "unix_time": 1620589636.4580135}
INFO:ccdag_utils.py:runtime_stat:{"task_name": "score3b", "event": "queue_start_process", "filename": "lccenc3_score3b_2#05908150-2#91646273-2#08481825-2#28043154jobid3.csv", "unix_time": 1620589636.7091553}
['whitewolf21.JPEG', 'whitewolf22.JPEG', 'whitewolf23.JPEG', 'whitewolf24.JPEG', 'whitewolf25.JPEG', 'whitewolf26.JPEG', 'whitewolf27.JPEG', 'whitewolf28.JPEG', 'whitewolf29.JPEG', 'whitewolf30.JPEG']
INFO:circe.py:runtime_stat:{"task_name": "circe", "event": "new_output_file", "filename": "score3b_preagg3_3jobth2#05908150-2#91646273-2#08481825-2#28043154", "unix_time": 1620589638.1643393}
DEBUG:transfer.py:sshpass -p PASSWORD scp -P 5000 -o StrictHostKeyChecking=no /jupiter/circe_output/score3b_preagg3_3jobth2#05908150-2#91646273-2#08481825-2#28043154 root@10.100.101.84:/jupiter/circe_input/
INFO:ccdag_utils.py:runtime_stat:{"task_name": "score3b", "event": "queue_end_process", "filename": "score3b_preagg3_3jobth2#05908150-2#91646273-2#08481825-2#28043154", "unix_time": 1620589638.1726594}
DEBUG:transfer.py:transfer successful!
INFO:circe.py:runtime_stat:{"task_name": "circe", "event": "new_input_file", "filename": "lccenc3_score3b_2#48644987-2#50031571-2#53356595-2#97116701jobid4.csv", "unix_time": 1620589718.688191}
INFO:ccdag_utils.py:runtime_stat:{"task_name": "score3b", "event": "queue_start_process", "filename": "lccenc3_score3b_2#48644987-2#50031571-2#53356595-2#97116701jobid4.csv", "unix_time": 1620589719.2628415}
['whitewolf21.JPEG', 'whitewolf22.JPEG', 'whitewolf23.JPEG', 'whitewolf24.JPEG', 'whitewolf25.JPEG', 'whitewolf26.JPEG', 'whitewolf27.JPEG', 'whitewolf28.JPEG', 'whitewolf29.JPEG', 'whitewolf30.JPEG']
INFO:circe.py:runtime_stat:{"task_name": "circe", "event": "new_output_file", "filename": "score3b_preagg3_4jobth2#48644987-2#50031571-2#53356595-2#97116701", "unix_time": 1620589720.7611678}
DEBUG:transfer.py:sshpass -p PASSWORD scp -P 5000 -o StrictHostKeyChecking=no /jupiter/circe_output/score3b_preagg3_4jobth2#48644987-2#50031571-2#53356595-2#97116701 root@10.100.101.84:/jupiter/circe_input/
INFO:ccdag_utils.py:runtime_stat:{"task_name": "score3b", "event": "queue_end_process", "filename": "score3b_preagg3_4jobth2#48644987-2#50031571-2#53356595-2#97116701", "unix_time": 1620589720.7671895}
DEBUG:transfer.py:transfer successful!
INFO:circe.py:runtime_stat:{"task_name": "circe", "event": "new_input_file", "filename": "lccenc3_score3b_2#03701482-2#90147438-2#95019200-2#96278549jobid5.csv", "unix_time": 1620589802.3479211}
INFO:ccdag_utils.py:runtime_stat:{"task_name": "score3b", "event": "queue_start_process", "filename": "lccenc3_score3b_2#03701482-2#90147438-2#95019200-2#96278549jobid5.csv", "unix_time": 1620589802.8553805}
['whitewolf21.JPEG', 'whitewolf22.JPEG', 'whitewolf23.JPEG', 'whitewolf24.JPEG', 'whitewolf25.JPEG', 'whitewolf26.JPEG', 'whitewolf27.JPEG', 'whitewolf28.JPEG', 'whitewolf29.JPEG', 'whitewolf30.JPEG']
INFO:circe.py:runtime_stat:{"task_name": "circe", "event": "new_output_file", "filename": "score3b_preagg3_5jobth2#03701482-2#90147438-2#95019200-2#96278549", "unix_time": 1620589804.2910645}
DEBUG:transfer.py:sshpass -p PASSWORD scp -P 5000 -o StrictHostKeyChecking=no /jupiter/circe_output/score3b_preagg3_5jobth2#03701482-2#90147438-2#95019200-2#96278549 root@10.100.101.84:/jupiter/circe_input/
INFO:ccdag_utils.py:runtime_stat:{"task_name": "score3b", "event": "queue_end_process", "filename": "score3b_preagg3_5jobth2#03701482-2#90147438-2#95019200-2#96278549", "unix_time": 1620589804.2995095}
DEBUG:transfer.py:transfer successful!
INFO:circe.py:runtime_stat:{"task_name": "circe", "event": "new_input_file", "filename": "lccenc3_score3b_2#92477709-2#06433455-2#57715521-2#36985629jobid6.csv", "unix_time": 1620589930.710958}
INFO:ccdag_utils.py:runtime_stat:{"task_name": "score3b", "event": "queue_start_process", "filename": "lccenc3_score3b_2#92477709-2#06433455-2#57715521-2#36985629jobid6.csv", "unix_time": 1620589931.4388747}
['whitewolf21.JPEG', 'whitewolf22.JPEG', 'whitewolf23.JPEG', 'whitewolf24.JPEG', 'whitewolf25.JPEG', 'whitewolf26.JPEG', 'whitewolf27.JPEG', 'whitewolf28.JPEG', 'whitewolf29.JPEG', 'whitewolf30.JPEG']
INFO:circe.py:runtime_stat:{"task_name": "circe", "event": "new_output_file", "filename": "score3b_preagg3_6jobth2#92477709-2#06433455-2#57715521-2#36985629", "unix_time": 1620589932.9876535}
DEBUG:transfer.py:sshpass -p PASSWORD scp -P 5000 -o StrictHostKeyChecking=no /jupiter/circe_output/score3b_preagg3_6jobth2#92477709-2#06433455-2#57715521-2#36985629 root@10.100.101.84:/jupiter/circe_input/
INFO:ccdag_utils.py:runtime_stat:{"task_name": "score3b", "event": "queue_end_process", "filename": "score3b_preagg3_6jobth2#92477709-2#06433455-2#57715521-2#36985629", "unix_time": 1620589932.9888828}
DEBUG:transfer.py:transfer successful!
INFO:circe.py:runtime_stat:{"task_name": "circe", "event": "new_input_file", "filename": "lccenc3_score3b_2#18945967-2#31235906-2#82679283-2#36534583jobid7.csv", "unix_time": 1620590005.051179}
INFO:ccdag_utils.py:runtime_stat:{"task_name": "score3b", "event": "queue_start_process", "filename": "lccenc3_score3b_2#18945967-2#31235906-2#82679283-2#36534583jobid7.csv", "unix_time": 1620590005.0684054}
['whitewolf21.JPEG', 'whitewolf22.JPEG', 'whitewolf23.JPEG', 'whitewolf24.JPEG', 'whitewolf25.JPEG', 'whitewolf26.JPEG', 'whitewolf27.JPEG', 'whitewolf28.JPEG', 'whitewolf29.JPEG', 'whitewolf30.JPEG']
INFO:circe.py:runtime_stat:{"task_name": "circe", "event": "new_output_file", "filename": "score3b_preagg3_7jobth2#18945967-2#31235906-2#82679283-2#36534583", "unix_time": 1620590006.5993464}
DEBUG:transfer.py:sshpass -p PASSWORD scp -P 5000 -o StrictHostKeyChecking=no /jupiter/circe_output/score3b_preagg3_7jobth2#18945967-2#31235906-2#82679283-2#36534583 root@10.100.101.84:/jupiter/circe_input/
INFO:ccdag_utils.py:runtime_stat:{"task_name": "score3b", "event": "queue_end_process", "filename": "score3b_preagg3_7jobth2#18945967-2#31235906-2#82679283-2#36534583", "unix_time": 1620590006.6050918}
DEBUG:transfer.py:transfer successful!
INFO:circe.py:runtime_stat:{"task_name": "circe", "event": "new_input_file", "filename": "lccenc3_score3b_2#29111520-2#01837077-2#12125340-2#22266274jobid8.csv", "unix_time": 1620590156.237183}
INFO:ccdag_utils.py:runtime_stat:{"task_name": "score3b", "event": "queue_start_process", "filename": "lccenc3_score3b_2#29111520-2#01837077-2#12125340-2#22266274jobid8.csv", "unix_time": 1620590156.7602353}
['whitewolf21.JPEG', 'whitewolf22.JPEG', 'whitewolf23.JPEG', 'whitewolf24.JPEG', 'whitewolf25.JPEG', 'whitewolf26.JPEG', 'whitewolf27.JPEG', 'whitewolf28.JPEG', 'whitewolf29.JPEG', 'whitewolf30.JPEG']
INFO:circe.py:runtime_stat:{"task_name": "circe", "event": "new_output_file", "filename": "score3b_preagg3_8jobth2#29111520-2#01837077-2#12125340-2#22266274", "unix_time": 1620590158.2430182}
DEBUG:transfer.py:sshpass -p PASSWORD scp -P 5000 -o StrictHostKeyChecking=no /jupiter/circe_output/score3b_preagg3_8jobth2#29111520-2#01837077-2#12125340-2#22266274 root@10.100.101.84:/jupiter/circe_input/
INFO:ccdag_utils.py:runtime_stat:{"task_name": "score3b", "event": "queue_end_process", "filename": "score3b_preagg3_8jobth2#29111520-2#01837077-2#12125340-2#22266274", "unix_time": 1620590158.2504282}
DEBUG:transfer.py:transfer successful!
INFO:circe.py:runtime_stat:{"task_name": "circe", "event": "new_input_file", "filename": "lccenc3_score3b_2#54306553-2#16101385-2#79442787-2#15627817jobid9.csv", "unix_time": 1620590309.8303375}
INFO:ccdag_utils.py:runtime_stat:{"task_name": "score3b", "event": "queue_start_process", "filename": "lccenc3_score3b_2#54306553-2#16101385-2#79442787-2#15627817jobid9.csv", "unix_time": 1620590310.4152148}
['whitewolf21.JPEG', 'whitewolf22.JPEG', 'whitewolf23.JPEG', 'whitewolf24.JPEG', 'whitewolf25.JPEG', 'whitewolf26.JPEG', 'whitewolf27.JPEG', 'whitewolf28.JPEG', 'whitewolf29.JPEG', 'whitewolf30.JPEG']
INFO:circe.py:runtime_stat:{"task_name": "circe", "event": "new_output_file", "filename": "score3b_preagg3_9jobth2#54306553-2#16101385-2#79442787-2#15627817", "unix_time": 1620590311.9373255}
DEBUG:transfer.py:sshpass -p PASSWORD scp -P 5000 -o StrictHostKeyChecking=no /jupiter/circe_output/score3b_preagg3_9jobth2#54306553-2#16101385-2#79442787-2#15627817 root@10.100.101.84:/jupiter/circe_input/
INFO:ccdag_utils.py:runtime_stat:{"task_name": "score3b", "event": "queue_end_process", "filename": "score3b_preagg3_9jobth2#54306553-2#16101385-2#79442787-2#15627817", "unix_time": 1620590311.947647}
DEBUG:transfer.py:transfer successful!
