 * Starting OpenBSD Secure Shell server sshd
   ...done.
INFO:circe.py:Using base script score.py
DEBUG:circe.py:starting the input monitoring process
DEBUG:circe.py:starting the output monitoring process
INFO:circe.py:runtime_stat:{"task_name": "circe", "event": "new_input_file", "filename": "lccenc1_score1c_0#71108512-0#55556988-0#37805590-0#46718892jobid1.csv", "unix_time": 1620682999.7210016}
INFO:ccdag_utils.py:runtime_stat:{"task_name": "score1c", "event": "queue_start_process", "filename": "lccenc1_score1c_0#71108512-0#55556988-0#37805590-0#46718892jobid1.csv", "unix_time": 1620683000.014285}
['fireengine21.JPEG', 'fireengine22.JPEG', 'fireengine23.JPEG', 'fireengine24.JPEG', 'fireengine25.JPEG', 'fireengine26.JPEG', 'fireengine27.JPEG', 'fireengine28.JPEG', 'fireengine29.JPEG', 'fireengine30.JPEG']
INFO:circe.py:runtime_stat:{"task_name": "circe", "event": "new_output_file", "filename": "score1c_preagg1_1jobth0#71108512-0#55556988-0#37805590-0#46718892", "unix_time": 1620683001.9450014}
DEBUG:transfer.py:sshpass -p PASSWORD scp -P 5000 -o StrictHostKeyChecking=no /jupiter/circe_output/score1c_preagg1_1jobth0#71108512-0#55556988-0#37805590-0#46718892 root@10.107.198.146:/jupiter/circe_input/
INFO:ccdag_utils.py:runtime_stat:{"task_name": "score1c", "event": "queue_end_process", "filename": "score1c_preagg1_1jobth0#71108512-0#55556988-0#37805590-0#46718892", "unix_time": 1620683001.9529943}
Warning: Permanently added '[10.107.198.146]:5000' (ECDSA) to the list of known hosts.
DEBUG:transfer.py:transfer successful!
INFO:circe.py:runtime_stat:{"task_name": "circe", "event": "new_input_file", "filename": "lccenc1_score1c_0#86718336-0#88950092-0#77245967-0#02551711jobid2.csv", "unix_time": 1620683015.8608563}
INFO:ccdag_utils.py:runtime_stat:{"task_name": "score1c", "event": "queue_start_process", "filename": "lccenc1_score1c_0#86718336-0#88950092-0#77245967-0#02551711jobid2.csv", "unix_time": 1620683015.9710023}
['fireengine21.JPEG', 'fireengine22.JPEG', 'fireengine23.JPEG', 'fireengine24.JPEG', 'fireengine25.JPEG', 'fireengine26.JPEG', 'fireengine27.JPEG', 'fireengine28.JPEG', 'fireengine29.JPEG', 'fireengine30.JPEG']
INFO:circe.py:runtime_stat:{"task_name": "circe", "event": "new_output_file", "filename": "score1c_preagg1_2jobth0#86718336-0#88950092-0#77245967-0#02551711", "unix_time": 1620683017.7758815}
DEBUG:transfer.py:sshpass -p PASSWORD scp -P 5000 -o StrictHostKeyChecking=no /jupiter/circe_output/score1c_preagg1_2jobth0#86718336-0#88950092-0#77245967-0#02551711 root@10.107.198.146:/jupiter/circe_input/
INFO:ccdag_utils.py:runtime_stat:{"task_name": "score1c", "event": "queue_end_process", "filename": "score1c_preagg1_2jobth0#86718336-0#88950092-0#77245967-0#02551711", "unix_time": 1620683017.7819865}
DEBUG:transfer.py:transfer successful!
INFO:circe.py:runtime_stat:{"task_name": "circe", "event": "new_input_file", "filename": "lccenc1_score1c_0#14141305-0#47351643-0#39955595-0#09990226jobid3.csv", "unix_time": 1620683083.0693157}
INFO:ccdag_utils.py:runtime_stat:{"task_name": "score1c", "event": "queue_start_process", "filename": "lccenc1_score1c_0#14141305-0#47351643-0#39955595-0#09990226jobid3.csv", "unix_time": 1620683083.8517277}
['fireengine21.JPEG', 'fireengine22.JPEG', 'fireengine23.JPEG', 'fireengine24.JPEG', 'fireengine25.JPEG', 'fireengine26.JPEG', 'fireengine27.JPEG', 'fireengine28.JPEG', 'fireengine29.JPEG', 'fireengine30.JPEG']
INFO:circe.py:runtime_stat:{"task_name": "circe", "event": "new_output_file", "filename": "score1c_preagg1_3jobth0#14141305-0#47351643-0#39955595-0#09990226", "unix_time": 1620683085.6139019}
DEBUG:transfer.py:sshpass -p PASSWORD scp -P 5000 -o StrictHostKeyChecking=no /jupiter/circe_output/score1c_preagg1_3jobth0#14141305-0#47351643-0#39955595-0#09990226 root@10.107.198.146:/jupiter/circe_input/
INFO:ccdag_utils.py:runtime_stat:{"task_name": "score1c", "event": "queue_end_process", "filename": "score1c_preagg1_3jobth0#14141305-0#47351643-0#39955595-0#09990226", "unix_time": 1620683085.6150162}
DEBUG:transfer.py:transfer successful!
INFO:circe.py:runtime_stat:{"task_name": "circe", "event": "new_input_file", "filename": "lccenc1_score1c_0#36668298-0#47977284-0#76904924-0#83415915jobid4.csv", "unix_time": 1620683114.2957017}
INFO:ccdag_utils.py:runtime_stat:{"task_name": "score1c", "event": "queue_start_process", "filename": "lccenc1_score1c_0#36668298-0#47977284-0#76904924-0#83415915jobid4.csv", "unix_time": 1620683114.6445248}
['fireengine21.JPEG', 'fireengine22.JPEG', 'fireengine23.JPEG', 'fireengine24.JPEG', 'fireengine25.JPEG', 'fireengine26.JPEG', 'fireengine27.JPEG', 'fireengine28.JPEG', 'fireengine29.JPEG', 'fireengine30.JPEG']
INFO:circe.py:runtime_stat:{"task_name": "circe", "event": "new_output_file", "filename": "score1c_preagg1_4jobth0#36668298-0#47977284-0#76904924-0#83415915", "unix_time": 1620683116.4196968}
DEBUG:transfer.py:sshpass -p PASSWORD scp -P 5000 -o StrictHostKeyChecking=no /jupiter/circe_output/score1c_preagg1_4jobth0#36668298-0#47977284-0#76904924-0#83415915 root@10.107.198.146:/jupiter/circe_input/
INFO:ccdag_utils.py:runtime_stat:{"task_name": "score1c", "event": "queue_end_process", "filename": "score1c_preagg1_4jobth0#36668298-0#47977284-0#76904924-0#83415915", "unix_time": 1620683116.4261332}
DEBUG:transfer.py:transfer successful!
INFO:circe.py:runtime_stat:{"task_name": "circe", "event": "new_input_file", "filename": "lccenc1_score1c_0#42956932-0#63665467-0#72931427-0#46758792jobid5.csv", "unix_time": 1620683136.5878851}
INFO:ccdag_utils.py:runtime_stat:{"task_name": "score1c", "event": "queue_start_process", "filename": "lccenc1_score1c_0#42956932-0#63665467-0#72931427-0#46758792jobid5.csv", "unix_time": 1620683137.4542375}
['fireengine21.JPEG', 'fireengine22.JPEG', 'fireengine23.JPEG', 'fireengine24.JPEG', 'fireengine25.JPEG', 'fireengine26.JPEG', 'fireengine27.JPEG', 'fireengine28.JPEG', 'fireengine29.JPEG', 'fireengine30.JPEG']
INFO:circe.py:runtime_stat:{"task_name": "circe", "event": "new_output_file", "filename": "score1c_preagg1_5jobth0#42956932-0#63665467-0#72931427-0#46758792", "unix_time": 1620683139.2351265}
DEBUG:transfer.py:sshpass -p PASSWORD scp -P 5000 -o StrictHostKeyChecking=no /jupiter/circe_output/score1c_preagg1_5jobth0#42956932-0#63665467-0#72931427-0#46758792 root@10.107.198.146:/jupiter/circe_input/
INFO:ccdag_utils.py:runtime_stat:{"task_name": "score1c", "event": "queue_end_process", "filename": "score1c_preagg1_5jobth0#42956932-0#63665467-0#72931427-0#46758792", "unix_time": 1620683139.236535}
DEBUG:transfer.py:transfer successful!
INFO:circe.py:runtime_stat:{"task_name": "circe", "event": "new_input_file", "filename": "lccenc1_score1c_0#57996123-0#99445406-0#71722052-1#87490990jobid6.csv", "unix_time": 1620683285.4553065}
INFO:ccdag_utils.py:runtime_stat:{"task_name": "score1c", "event": "queue_start_process", "filename": "lccenc1_score1c_0#57996123-0#99445406-0#71722052-1#87490990jobid6.csv", "unix_time": 1620683286.3905058}
['fireengine21.JPEG', 'fireengine22.JPEG', 'fireengine23.JPEG', 'fireengine24.JPEG', 'fireengine25.JPEG', 'fireengine26.JPEG', 'fireengine27.JPEG', 'fireengine28.JPEG', 'fireengine29.JPEG', 'fireengine30.JPEG']
INFO:circe.py:runtime_stat:{"task_name": "circe", "event": "new_output_file", "filename": "score1c_preagg1_6jobth0#57996123-0#99445406-0#71722052-1#87490990", "unix_time": 1620683288.1513906}
DEBUG:transfer.py:sshpass -p PASSWORD scp -P 5000 -o StrictHostKeyChecking=no /jupiter/circe_output/score1c_preagg1_6jobth0#57996123-0#99445406-0#71722052-1#87490990 root@10.107.198.146:/jupiter/circe_input/
INFO:ccdag_utils.py:runtime_stat:{"task_name": "score1c", "event": "queue_end_process", "filename": "score1c_preagg1_6jobth0#57996123-0#99445406-0#71722052-1#87490990", "unix_time": 1620683288.1582386}
DEBUG:transfer.py:transfer successful!
