 * Starting OpenBSD Secure Shell server sshd
   ...done.
INFO:circe.py:Using base script score.py
DEBUG:circe.py:starting the input monitoring process
DEBUG:circe.py:starting the output monitoring process
INFO:circe.py:runtime_stat:{"task_name": "circe", "event": "new_input_file", "filename": "lccenc6_score6b_5#77408088-5#98569787-5#76726743-5#42540475jobid1.csv", "unix_time": 1620686761.7263098}
['persiancat21.JPEG', 'persiancat22.JPEG', 'persiancat23.JPEG', 'persiancat24.JPEG', 'persiancat25.JPEG', 'persiancat26.JPEG', 'persiancat27.JPEG', 'persiancat28.JPEG', 'persiancat29.JPEG', 'persiancat30.JPEG']
INFO:ccdag_utils.py:runtime_stat:{"task_name": "score6b", "event": "queue_start_process", "filename": "lccenc6_score6b_5#77408088-5#98569787-5#76726743-5#42540475jobid1.csv", "unix_time": 1620686762.0370882}
INFO:circe.py:runtime_stat:{"task_name": "circe", "event": "new_output_file", "filename": "score6b_preagg6_1jobth5#77408088-5#98569787-5#76726743-5#42540475", "unix_time": 1620686763.7116258}
DEBUG:transfer.py:sshpass -p PASSWORD scp -P 5000 -o StrictHostKeyChecking=no /jupiter/circe_output/score6b_preagg6_1jobth5#77408088-5#98569787-5#76726743-5#42540475 root@10.104.202.235:/jupiter/circe_input/
INFO:ccdag_utils.py:runtime_stat:{"task_name": "score6b", "event": "queue_end_process", "filename": "score6b_preagg6_1jobth5#77408088-5#98569787-5#76726743-5#42540475", "unix_time": 1620686763.7178051}
Warning: Permanently added '[10.104.202.235]:5000' (ECDSA) to the list of known hosts.
DEBUG:transfer.py:transfer successful!
INFO:circe.py:runtime_stat:{"task_name": "circe", "event": "new_input_file", "filename": "lccenc6_score6b_5#97301390-5#56882699-5#83035098-5#54572735jobid2.csv", "unix_time": 1620686770.970592}
INFO:ccdag_utils.py:runtime_stat:{"task_name": "score6b", "event": "queue_start_process", "filename": "lccenc6_score6b_5#97301390-5#56882699-5#83035098-5#54572735jobid2.csv", "unix_time": 1620686771.7278032}
['persiancat21.JPEG', 'persiancat22.JPEG', 'persiancat23.JPEG', 'persiancat24.JPEG', 'persiancat25.JPEG', 'persiancat26.JPEG', 'persiancat27.JPEG', 'persiancat28.JPEG', 'persiancat29.JPEG', 'persiancat30.JPEG']
INFO:circe.py:runtime_stat:{"task_name": "circe", "event": "new_output_file", "filename": "score6b_preagg6_2jobth5#97301390-5#56882699-5#83035098-5#54572735", "unix_time": 1620686773.2232697}
DEBUG:transfer.py:sshpass -p PASSWORD scp -P 5000 -o StrictHostKeyChecking=no /jupiter/circe_output/score6b_preagg6_2jobth5#97301390-5#56882699-5#83035098-5#54572735 root@10.104.202.235:/jupiter/circe_input/
INFO:ccdag_utils.py:runtime_stat:{"task_name": "score6b", "event": "queue_end_process", "filename": "score6b_preagg6_2jobth5#97301390-5#56882699-5#83035098-5#54572735", "unix_time": 1620686773.2318614}
DEBUG:transfer.py:transfer successful!
INFO:circe.py:runtime_stat:{"task_name": "circe", "event": "new_input_file", "filename": "lccenc6_score6b_5#97311691-5#13382439-5#96546139-5#93815711jobid3.csv", "unix_time": 1620686774.2569025}
INFO:ccdag_utils.py:runtime_stat:{"task_name": "score6b", "event": "queue_start_process", "filename": "lccenc6_score6b_5#97311691-5#13382439-5#96546139-5#93815711jobid3.csv", "unix_time": 1620686775.2351542}
['persiancat21.JPEG', 'persiancat22.JPEG', 'persiancat23.JPEG', 'persiancat24.JPEG', 'persiancat25.JPEG', 'persiancat26.JPEG', 'persiancat27.JPEG', 'persiancat28.JPEG', 'persiancat29.JPEG', 'persiancat30.JPEG']
INFO:circe.py:runtime_stat:{"task_name": "circe", "event": "new_output_file", "filename": "score6b_preagg6_3jobth5#97311691-5#13382439-5#96546139-5#93815711", "unix_time": 1620686776.7378235}
DEBUG:transfer.py:sshpass -p PASSWORD scp -P 5000 -o StrictHostKeyChecking=no /jupiter/circe_output/score6b_preagg6_3jobth5#97311691-5#13382439-5#96546139-5#93815711 root@10.104.202.235:/jupiter/circe_input/
INFO:ccdag_utils.py:runtime_stat:{"task_name": "score6b", "event": "queue_end_process", "filename": "score6b_preagg6_3jobth5#97311691-5#13382439-5#96546139-5#93815711", "unix_time": 1620686776.7460678}
DEBUG:transfer.py:transfer successful!
INFO:circe.py:runtime_stat:{"task_name": "circe", "event": "new_input_file", "filename": "lccenc6_score6b_5#11021913-5#26032880-5#01787106-5#50892886jobid4.csv", "unix_time": 1620686782.4757173}
INFO:ccdag_utils.py:runtime_stat:{"task_name": "score6b", "event": "queue_start_process", "filename": "lccenc6_score6b_5#11021913-5#26032880-5#01787106-5#50892886jobid4.csv", "unix_time": 1620686782.7558024}
['persiancat21.JPEG', 'persiancat22.JPEG', 'persiancat23.JPEG', 'persiancat24.JPEG', 'persiancat25.JPEG', 'persiancat26.JPEG', 'persiancat27.JPEG', 'persiancat28.JPEG', 'persiancat29.JPEG', 'persiancat30.JPEG']
INFO:circe.py:runtime_stat:{"task_name": "circe", "event": "new_output_file", "filename": "score6b_preagg6_4jobth5#11021913-5#26032880-5#01787106-5#50892886", "unix_time": 1620686784.2736773}
DEBUG:transfer.py:sshpass -p PASSWORD scp -P 5000 -o StrictHostKeyChecking=no /jupiter/circe_output/score6b_preagg6_4jobth5#11021913-5#26032880-5#01787106-5#50892886 root@10.104.202.235:/jupiter/circe_input/
INFO:ccdag_utils.py:runtime_stat:{"task_name": "score6b", "event": "queue_end_process", "filename": "score6b_preagg6_4jobth5#11021913-5#26032880-5#01787106-5#50892886", "unix_time": 1620686784.2804987}
DEBUG:transfer.py:transfer successful!
INFO:circe.py:runtime_stat:{"task_name": "circe", "event": "new_input_file", "filename": "lccenc6_score6b_5#24658464-5#81596670-5#98458051-5#67091113jobid5.csv", "unix_time": 1620686786.1828647}
INFO:ccdag_utils.py:runtime_stat:{"task_name": "score6b", "event": "queue_start_process", "filename": "lccenc6_score6b_5#24658464-5#81596670-5#98458051-5#67091113jobid5.csv", "unix_time": 1620686786.2838483}
['persiancat21.JPEG', 'persiancat22.JPEG', 'persiancat23.JPEG', 'persiancat24.JPEG', 'persiancat25.JPEG', 'persiancat26.JPEG', 'persiancat27.JPEG', 'persiancat28.JPEG', 'persiancat29.JPEG', 'persiancat30.JPEG']
INFO:circe.py:runtime_stat:{"task_name": "circe", "event": "new_output_file", "filename": "score6b_preagg6_5jobth5#24658464-5#81596670-5#98458051-5#67091113", "unix_time": 1620686787.7933109}
DEBUG:transfer.py:sshpass -p PASSWORD scp -P 5000 -o StrictHostKeyChecking=no /jupiter/circe_output/score6b_preagg6_5jobth5#24658464-5#81596670-5#98458051-5#67091113 root@10.104.202.235:/jupiter/circe_input/
INFO:ccdag_utils.py:runtime_stat:{"task_name": "score6b", "event": "queue_end_process", "filename": "score6b_preagg6_5jobth5#24658464-5#81596670-5#98458051-5#67091113", "unix_time": 1620686787.8000863}
DEBUG:transfer.py:transfer successful!
INFO:circe.py:runtime_stat:{"task_name": "circe", "event": "new_input_file", "filename": "lccenc6_score6b_5#31363251-5#67209781-5#91145176-5#63314509jobid6.csv", "unix_time": 1620686794.191556}
INFO:ccdag_utils.py:runtime_stat:{"task_name": "score6b", "event": "queue_start_process", "filename": "lccenc6_score6b_5#31363251-5#67209781-5#91145176-5#63314509jobid6.csv", "unix_time": 1620686794.8085217}
['persiancat21.JPEG', 'persiancat22.JPEG', 'persiancat23.JPEG', 'persiancat24.JPEG', 'persiancat25.JPEG', 'persiancat26.JPEG', 'persiancat27.JPEG', 'persiancat28.JPEG', 'persiancat29.JPEG', 'persiancat30.JPEG']
INFO:circe.py:runtime_stat:{"task_name": "circe", "event": "new_output_file", "filename": "score6b_preagg6_6jobth5#31363251-5#67209781-5#91145176-5#63314509", "unix_time": 1620686796.3183312}
DEBUG:transfer.py:sshpass -p PASSWORD scp -P 5000 -o StrictHostKeyChecking=no /jupiter/circe_output/score6b_preagg6_6jobth5#31363251-5#67209781-5#91145176-5#63314509 root@10.104.202.235:/jupiter/circe_input/
INFO:ccdag_utils.py:runtime_stat:{"task_name": "score6b", "event": "queue_end_process", "filename": "score6b_preagg6_6jobth5#31363251-5#67209781-5#91145176-5#63314509", "unix_time": 1620686796.3300242}
DEBUG:transfer.py:transfer successful!
INFO:circe.py:runtime_stat:{"task_name": "circe", "event": "new_input_file", "filename": "lccenc6_score6b_5#06497025-5#72744901-5#51048629-5#20439544jobid7.csv", "unix_time": 1620686797.3661451}
INFO:ccdag_utils.py:runtime_stat:{"task_name": "score6b", "event": "queue_start_process", "filename": "lccenc6_score6b_5#06497025-5#72744901-5#51048629-5#20439544jobid7.csv", "unix_time": 1620686798.3368363}
['persiancat21.JPEG', 'persiancat22.JPEG', 'persiancat23.JPEG', 'persiancat24.JPEG', 'persiancat25.JPEG', 'persiancat26.JPEG', 'persiancat27.JPEG', 'persiancat28.JPEG', 'persiancat29.JPEG', 'persiancat30.JPEG']
INFO:circe.py:runtime_stat:{"task_name": "circe", "event": "new_output_file", "filename": "score6b_preagg6_7jobth5#06497025-5#72744901-5#51048629-5#20439544", "unix_time": 1620686799.81533}
DEBUG:transfer.py:sshpass -p PASSWORD scp -P 5000 -o StrictHostKeyChecking=no /jupiter/circe_output/score6b_preagg6_7jobth5#06497025-5#72744901-5#51048629-5#20439544 root@10.104.202.235:/jupiter/circe_input/
INFO:ccdag_utils.py:runtime_stat:{"task_name": "score6b", "event": "queue_end_process", "filename": "score6b_preagg6_7jobth5#06497025-5#72744901-5#51048629-5#20439544", "unix_time": 1620686799.8163824}
DEBUG:transfer.py:transfer successful!
INFO:circe.py:runtime_stat:{"task_name": "circe", "event": "new_input_file", "filename": "lccenc6_score6b_5#44328469-5#89686725-5#77706180-5#39782006jobid8.csv", "unix_time": 1620686805.699102}
INFO:ccdag_utils.py:runtime_stat:{"task_name": "score6b", "event": "queue_start_process", "filename": "lccenc6_score6b_5#44328469-5#89686725-5#77706180-5#39782006jobid8.csv", "unix_time": 1620686805.829403}
['persiancat21.JPEG', 'persiancat22.JPEG', 'persiancat23.JPEG', 'persiancat24.JPEG', 'persiancat25.JPEG', 'persiancat26.JPEG', 'persiancat27.JPEG', 'persiancat28.JPEG', 'persiancat29.JPEG', 'persiancat30.JPEG']
INFO:circe.py:runtime_stat:{"task_name": "circe", "event": "new_output_file", "filename": "score6b_preagg6_8jobth5#44328469-5#89686725-5#77706180-5#39782006", "unix_time": 1620686807.3396575}
DEBUG:transfer.py:sshpass -p PASSWORD scp -P 5000 -o StrictHostKeyChecking=no /jupiter/circe_output/score6b_preagg6_8jobth5#44328469-5#89686725-5#77706180-5#39782006 root@10.104.202.235:/jupiter/circe_input/
INFO:ccdag_utils.py:runtime_stat:{"task_name": "score6b", "event": "queue_end_process", "filename": "score6b_preagg6_8jobth5#44328469-5#89686725-5#77706180-5#39782006", "unix_time": 1620686807.3467927}
DEBUG:transfer.py:transfer successful!
INFO:circe.py:runtime_stat:{"task_name": "circe", "event": "new_input_file", "filename": "lccenc6_score6b_5#03400529-5#19878122-5#13852414-5#07310190jobid9.csv", "unix_time": 1620686808.775732}
INFO:ccdag_utils.py:runtime_stat:{"task_name": "score6b", "event": "queue_start_process", "filename": "lccenc6_score6b_5#03400529-5#19878122-5#13852414-5#07310190jobid9.csv", "unix_time": 1620686809.350757}
['persiancat21.JPEG', 'persiancat22.JPEG', 'persiancat23.JPEG', 'persiancat24.JPEG', 'persiancat25.JPEG', 'persiancat26.JPEG', 'persiancat27.JPEG', 'persiancat28.JPEG', 'persiancat29.JPEG', 'persiancat30.JPEG']
INFO:circe.py:runtime_stat:{"task_name": "circe", "event": "new_output_file", "filename": "score6b_preagg6_9jobth5#03400529-5#19878122-5#13852414-5#07310190", "unix_time": 1620686810.820772}
DEBUG:transfer.py:sshpass -p PASSWORD scp -P 5000 -o StrictHostKeyChecking=no /jupiter/circe_output/score6b_preagg6_9jobth5#03400529-5#19878122-5#13852414-5#07310190 root@10.104.202.235:/jupiter/circe_input/
INFO:ccdag_utils.py:runtime_stat:{"task_name": "score6b", "event": "queue_end_process", "filename": "score6b_preagg6_9jobth5#03400529-5#19878122-5#13852414-5#07310190", "unix_time": 1620686810.8287163}
DEBUG:transfer.py:transfer successful!
INFO:circe.py:runtime_stat:{"task_name": "circe", "event": "new_input_file", "filename": "lccenc6_score6b_5#39493753-5#01867801-5#78115487-5#76835702jobid10.csv", "unix_time": 1620686814.907716}
INFO:ccdag_utils.py:runtime_stat:{"task_name": "score6b", "event": "queue_start_process", "filename": "lccenc6_score6b_5#39493753-5#01867801-5#78115487-5#76835702jobid10.csv", "unix_time": 1620686815.837027}
['persiancat21.JPEG', 'persiancat22.JPEG', 'persiancat23.JPEG', 'persiancat24.JPEG', 'persiancat25.JPEG', 'persiancat26.JPEG', 'persiancat27.JPEG', 'persiancat28.JPEG', 'persiancat29.JPEG', 'persiancat30.JPEG']
INFO:circe.py:runtime_stat:{"task_name": "circe", "event": "new_output_file", "filename": "score6b_preagg6_10jobth5#39493753-5#01867801-5#78115487-5#76835702", "unix_time": 1620686817.3565483}
DEBUG:transfer.py:sshpass -p PASSWORD scp -P 5000 -o StrictHostKeyChecking=no /jupiter/circe_output/score6b_preagg6_10jobth5#39493753-5#01867801-5#78115487-5#76835702 root@10.104.202.235:/jupiter/circe_input/
INFO:ccdag_utils.py:runtime_stat:{"task_name": "score6b", "event": "queue_end_process", "filename": "score6b_preagg6_10jobth5#39493753-5#01867801-5#78115487-5#76835702", "unix_time": 1620686817.357617}
DEBUG:transfer.py:transfer successful!
INFO:circe.py:runtime_stat:{"task_name": "circe", "event": "new_input_file", "filename": "lccenc6_score6b_5#70410771-5#81269923-5#00007355-5#66603672jobid11.csv", "unix_time": 1620686818.0494123}
INFO:ccdag_utils.py:runtime_stat:{"task_name": "score6b", "event": "queue_start_process", "filename": "lccenc6_score6b_5#70410771-5#81269923-5#00007355-5#66603672jobid11.csv", "unix_time": 1620686818.3590436}
['persiancat21.JPEG', 'persiancat22.JPEG', 'persiancat23.JPEG', 'persiancat24.JPEG', 'persiancat25.JPEG', 'persiancat26.JPEG', 'persiancat27.JPEG', 'persiancat28.JPEG', 'persiancat29.JPEG', 'persiancat30.JPEG']
INFO:circe.py:runtime_stat:{"task_name": "circe", "event": "new_output_file", "filename": "score6b_preagg6_11jobth5#70410771-5#81269923-5#00007355-5#66603672", "unix_time": 1620686819.8657076}
DEBUG:transfer.py:sshpass -p PASSWORD scp -P 5000 -o StrictHostKeyChecking=no /jupiter/circe_output/score6b_preagg6_11jobth5#70410771-5#81269923-5#00007355-5#66603672 root@10.104.202.235:/jupiter/circe_input/
INFO:ccdag_utils.py:runtime_stat:{"task_name": "score6b", "event": "queue_end_process", "filename": "score6b_preagg6_11jobth5#70410771-5#81269923-5#00007355-5#66603672", "unix_time": 1620686819.873966}
DEBUG:transfer.py:transfer successful!
