 * Starting OpenBSD Secure Shell server sshd
   ...done.
INFO:circe.py:Using base script lccdec.py
DEBUG:circe.py:starting the input monitoring process
DEBUG:circe.py:starting the output monitoring process
INFO:circe.py:runtime_stat:{"task_name": "circe", "event": "new_input_file", "filename": "preagg8_lccdec8_1jobthscore8a7#83896340-7#29144704-7#77522467-7#49676251", "unix_time": 1620683177.8011994}
INFO:ccdag_utils.py:runtime_stat:{"task_name": "lccdec8", "event": "queue_start_process", "filename": "preagg8_lccdec8_1jobthscore8a7#83896340-7#29144704-7#77522467-7#49676251", "unix_time": 1620683177.8017545}
INFO:circe.py:runtime_stat:{"task_name": "circe", "event": "new_input_file", "filename": "preagg8_lccdec8_1jobthscore8b7#83896340-7#29144704-7#77522467-7#49676251", "unix_time": 1620683178.010571}
INFO:ccdag_utils.py:runtime_stat:{"task_name": "lccdec8", "event": "queue_start_process", "filename": "preagg8_lccdec8_1jobthscore8b7#83896340-7#29144704-7#77522467-7#49676251", "unix_time": 1620683178.0110693}
INFO:circe.py:runtime_stat:{"task_name": "circe", "event": "new_output_file", "filename": "lccdec8_home_1jobth7#83896340-7#29144704-7#77522467-7#49676251", "unix_time": 1620683178.032217}
DEBUG:transfer.py:sshpass -p PASSWORD scp -P 5000 -o StrictHostKeyChecking=no /jupiter/circe_output/lccdec8_home_1jobth7#83896340-7#29144704-7#77522467-7#49676251 root@10.108.154.59:/jupiter/circe_input/
INFO:ccdag_utils.py:runtime_stat:{"task_name": "lccdec8", "event": "queue_end_process", "filename": "lccdec8_home_1jobth7#83896340-7#29144704-7#77522467-7#49676251", "unix_time": 1620683178.036693}
Warning: Permanently added '[10.108.154.59]:5000' (ECDSA) to the list of known hosts.
DEBUG:transfer.py:transfer successful!
INFO:circe.py:runtime_stat:{"task_name": "circe", "event": "new_input_file", "filename": "preagg8_lccdec8_2jobthscore8a7#14120433-7#32394782-7#13701014-7#37767765", "unix_time": 1620683187.9715056}
INFO:ccdag_utils.py:runtime_stat:{"task_name": "lccdec8", "event": "queue_start_process", "filename": "preagg8_lccdec8_2jobthscore8a7#14120433-7#32394782-7#13701014-7#37767765", "unix_time": 1620683187.9722486}
INFO:circe.py:runtime_stat:{"task_name": "circe", "event": "new_input_file", "filename": "preagg8_lccdec8_2jobthscore8b7#14120433-7#32394782-7#13701014-7#37767765", "unix_time": 1620683188.188923}
INFO:ccdag_utils.py:runtime_stat:{"task_name": "lccdec8", "event": "queue_start_process", "filename": "preagg8_lccdec8_2jobthscore8b7#14120433-7#32394782-7#13701014-7#37767765", "unix_time": 1620683188.1894846}
INFO:circe.py:runtime_stat:{"task_name": "circe", "event": "new_output_file", "filename": "lccdec8_home_2jobth7#14120433-7#32394782-7#13701014-7#37767765", "unix_time": 1620683188.2024634}
DEBUG:transfer.py:sshpass -p PASSWORD scp -P 5000 -o StrictHostKeyChecking=no /jupiter/circe_output/lccdec8_home_2jobth7#14120433-7#32394782-7#13701014-7#37767765 root@10.108.154.59:/jupiter/circe_input/
INFO:ccdag_utils.py:runtime_stat:{"task_name": "lccdec8", "event": "queue_end_process", "filename": "lccdec8_home_2jobth7#14120433-7#32394782-7#13701014-7#37767765", "unix_time": 1620683188.203976}
DEBUG:transfer.py:transfer successful!
INFO:circe.py:runtime_stat:{"task_name": "circe", "event": "new_input_file", "filename": "preagg8_lccdec8_3jobthscore8a7#70960821-7#20567090-7#77419537-7#20593399", "unix_time": 1620683254.2533329}
INFO:ccdag_utils.py:runtime_stat:{"task_name": "lccdec8", "event": "queue_start_process", "filename": "preagg8_lccdec8_3jobthscore8a7#70960821-7#20567090-7#77419537-7#20593399", "unix_time": 1620683254.2538486}
INFO:circe.py:runtime_stat:{"task_name": "circe", "event": "new_input_file", "filename": "preagg8_lccdec8_3jobthscore8b7#70960821-7#20567090-7#77419537-7#20593399", "unix_time": 1620683254.4720469}
INFO:ccdag_utils.py:runtime_stat:{"task_name": "lccdec8", "event": "queue_start_process", "filename": "preagg8_lccdec8_3jobthscore8b7#70960821-7#20567090-7#77419537-7#20593399", "unix_time": 1620683254.4725153}
INFO:circe.py:runtime_stat:{"task_name": "circe", "event": "new_output_file", "filename": "lccdec8_home_3jobth7#70960821-7#20567090-7#77419537-7#20593399", "unix_time": 1620683254.4872167}
DEBUG:transfer.py:sshpass -p PASSWORD scp -P 5000 -o StrictHostKeyChecking=no /jupiter/circe_output/lccdec8_home_3jobth7#70960821-7#20567090-7#77419537-7#20593399 root@10.108.154.59:/jupiter/circe_input/
INFO:ccdag_utils.py:runtime_stat:{"task_name": "lccdec8", "event": "queue_end_process", "filename": "lccdec8_home_3jobth7#70960821-7#20567090-7#77419537-7#20593399", "unix_time": 1620683254.4926383}
DEBUG:transfer.py:transfer successful!
INFO:circe.py:runtime_stat:{"task_name": "circe", "event": "new_input_file", "filename": "preagg8_lccdec8_4jobthscore8a7#99922248-7#87262016-7#53576739-7#96683183", "unix_time": 1620683275.4679132}
INFO:ccdag_utils.py:runtime_stat:{"task_name": "lccdec8", "event": "queue_start_process", "filename": "preagg8_lccdec8_4jobthscore8a7#99922248-7#87262016-7#53576739-7#96683183", "unix_time": 1620683275.4685001}
INFO:circe.py:runtime_stat:{"task_name": "circe", "event": "new_input_file", "filename": "preagg8_lccdec8_4jobthscore8b7#99922248-7#87262016-7#53576739-7#96683183", "unix_time": 1620683275.692607}
INFO:ccdag_utils.py:runtime_stat:{"task_name": "lccdec8", "event": "queue_start_process", "filename": "preagg8_lccdec8_4jobthscore8b7#99922248-7#87262016-7#53576739-7#96683183", "unix_time": 1620683275.6931474}
INFO:circe.py:runtime_stat:{"task_name": "circe", "event": "new_output_file", "filename": "lccdec8_home_4jobth7#99922248-7#87262016-7#53576739-7#96683183", "unix_time": 1620683275.7097983}
DEBUG:transfer.py:sshpass -p PASSWORD scp -P 5000 -o StrictHostKeyChecking=no /jupiter/circe_output/lccdec8_home_4jobth7#99922248-7#87262016-7#53576739-7#96683183 root@10.108.154.59:/jupiter/circe_input/
INFO:ccdag_utils.py:runtime_stat:{"task_name": "lccdec8", "event": "queue_end_process", "filename": "lccdec8_home_4jobth7#99922248-7#87262016-7#53576739-7#96683183", "unix_time": 1620683275.7147055}
DEBUG:transfer.py:transfer successful!
INFO:circe.py:runtime_stat:{"task_name": "circe", "event": "new_input_file", "filename": "preagg8_lccdec8_5jobthscore8a7#21022509-7#43317555-7#04382468-7#18265540", "unix_time": 1620683310.704924}
INFO:ccdag_utils.py:runtime_stat:{"task_name": "lccdec8", "event": "queue_start_process", "filename": "preagg8_lccdec8_5jobthscore8a7#21022509-7#43317555-7#04382468-7#18265540", "unix_time": 1620683310.707541}
INFO:circe.py:runtime_stat:{"task_name": "circe", "event": "new_input_file", "filename": "preagg8_lccdec8_5jobthscore8b7#21022509-7#43317555-7#04382468-7#18265540", "unix_time": 1620683310.9217408}
INFO:ccdag_utils.py:runtime_stat:{"task_name": "lccdec8", "event": "queue_start_process", "filename": "preagg8_lccdec8_5jobthscore8b7#21022509-7#43317555-7#04382468-7#18265540", "unix_time": 1620683310.9231927}
INFO:circe.py:runtime_stat:{"task_name": "circe", "event": "new_output_file", "filename": "lccdec8_home_5jobth7#21022509-7#43317555-7#04382468-7#18265540", "unix_time": 1620683310.9372377}
DEBUG:transfer.py:sshpass -p PASSWORD scp -P 5000 -o StrictHostKeyChecking=no /jupiter/circe_output/lccdec8_home_5jobth7#21022509-7#43317555-7#04382468-7#18265540 root@10.108.154.59:/jupiter/circe_input/
INFO:ccdag_utils.py:runtime_stat:{"task_name": "lccdec8", "event": "queue_end_process", "filename": "lccdec8_home_5jobth7#21022509-7#43317555-7#04382468-7#18265540", "unix_time": 1620683310.946196}
DEBUG:transfer.py:transfer successful!
