 * Starting OpenBSD Secure Shell server sshd
   ...done.
INFO:circe.py:Using base script lccenc.py
DEBUG:circe.py:starting the input monitoring process
DEBUG:circe.py:starting the output monitoring process
4
INFO:circe.py:runtime_stat:{"task_name": "circe", "event": "new_input_file", "filename": "storeclass4_lccenc4_31576800imgtigerjobid27.JPEG", "unix_time": 1620683336.7245162}
INFO:circe.py:runtime_stat:{"task_name": "circe", "event": "new_input_file", "filename": "storeclass4_lccenc4_33554452imgtigerjobid27.JPEG", "unix_time": 1620683337.6457143}
INFO:circe.py:runtime_stat:{"task_name": "circe", "event": "new_input_file", "filename": "storeclass4_lccenc4_66190493imgtigerjobid28.JPEG", "unix_time": 1620683346.7076209}
INFO:circe.py:runtime_stat:{"task_name": "circe", "event": "new_input_file", "filename": "storeclass4_lccenc4_89690336imgtigerjobid28.JPEG", "unix_time": 1620683347.6798224}
INFO:circe.py:runtime_stat:{"task_name": "circe", "event": "new_input_file", "filename": "storeclass4_lccenc4_84228013imgtigerjobid28.JPEG", "unix_time": 1620683347.9437714}
INFO:ccdag_utils.py:runtime_stat:{"task_name": "lccenc4", "event": "queue_start_process", "filename": "storeclass4_lccenc4_31576800imgtigerjobid27.JPEG", "unix_time": 1620683347.99696}
INFO:ccdag_utils.py:runtime_stat:{"task_name": "lccenc4", "event": "queue_start_process", "filename": "storeclass4_lccenc4_33554452imgtigerjobid27.JPEG", "unix_time": 1620683347.9973247}
INFO:ccdag_utils.py:runtime_stat:{"task_name": "lccenc4", "event": "queue_start_process", "filename": "storeclass4_lccenc4_66190493imgtigerjobid28.JPEG", "unix_time": 1620683347.997531}
INFO:ccdag_utils.py:runtime_stat:{"task_name": "lccenc4", "event": "queue_start_process", "filename": "storeclass4_lccenc4_89690336imgtigerjobid28.JPEG", "unix_time": 1620683347.9977372}
INFO:circe.py:runtime_stat:{"task_name": "circe", "event": "new_input_file", "filename": "storeclass4_lccenc4_74558347imgtigerjobid28.JPEG", "unix_time": 1620683348.1655214}
INFO:ccdag_utils.py:runtime_stat:{"task_name": "lccenc4", "event": "queue_end_process", "filename": "lccenc4_score4a_3#31576800-3#33554452-3#66190493-3#89690336jobid1.csv", "unix_time": 1620683349.3468525}
INFO:circe.py:runtime_stat:{"task_name": "circe", "event": "new_output_file", "filename": "lccenc4_score4a_3#31576800-3#33554452-3#66190493-3#89690336jobid1.csv", "unix_time": 1620683349.3478937}
DEBUG:transfer.py:sshpass -p PASSWORD scp -P 5000 -o StrictHostKeyChecking=no /jupiter/circe_output/lccenc4_score4a_3#31576800-3#33554452-3#66190493-3#89690336jobid1.csv root@10.99.67.72:/jupiter/circe_input/
INFO:ccdag_utils.py:runtime_stat:{"task_name": "lccenc4", "event": "queue_end_process", "filename": "lccenc4_score4b_3#31576800-3#33554452-3#66190493-3#89690336jobid1.csv", "unix_time": 1620683350.382172}
Warning: Permanently added '[10.99.67.72]:5000' (ECDSA) to the list of known hosts.
INFO:ccdag_utils.py:runtime_stat:{"task_name": "lccenc4", "event": "queue_end_process", "filename": "lccenc4_score4c_3#31576800-3#33554452-3#66190493-3#89690336jobid1.csv", "unix_time": 1620683351.379479}
DEBUG:transfer.py:transfer successful!
INFO:circe.py:runtime_stat:{"task_name": "circe", "event": "new_output_file", "filename": "lccenc4_score4b_3#31576800-3#33554452-3#66190493-3#89690336jobid1.csv", "unix_time": 1620683351.6803436}
DEBUG:transfer.py:sshpass -p PASSWORD scp -P 5000 -o StrictHostKeyChecking=no /jupiter/circe_output/lccenc4_score4b_3#31576800-3#33554452-3#66190493-3#89690336jobid1.csv root@10.97.76.217:/jupiter/circe_input/
Warning: Permanently added '[10.97.76.217]:5000' (ECDSA) to the list of known hosts.
DEBUG:transfer.py:transfer successful!
INFO:circe.py:runtime_stat:{"task_name": "circe", "event": "new_output_file", "filename": "lccenc4_score4c_3#31576800-3#33554452-3#66190493-3#89690336jobid1.csv", "unix_time": 1620683352.0959961}
DEBUG:transfer.py:sshpass -p PASSWORD scp -P 5000 -o StrictHostKeyChecking=no /jupiter/circe_output/lccenc4_score4c_3#31576800-3#33554452-3#66190493-3#89690336jobid1.csv root@10.100.65.218:/jupiter/circe_input/
Warning: Permanently added '[10.100.65.218]:5000' (ECDSA) to the list of known hosts.
DEBUG:transfer.py:transfer successful!
INFO:circe.py:runtime_stat:{"task_name": "circe", "event": "new_input_file", "filename": "storeclass4_lccenc4_25353689imgtigerjobid29.JPEG", "unix_time": 1620683359.7518883}
INFO:circe.py:runtime_stat:{"task_name": "circe", "event": "new_input_file", "filename": "storeclass4_lccenc4_05074946imgtigerjobid29.JPEG", "unix_time": 1620683359.9738474}
INFO:ccdag_utils.py:runtime_stat:{"task_name": "lccenc4", "event": "queue_start_process", "filename": "storeclass4_lccenc4_84228013imgtigerjobid28.JPEG", "unix_time": 1620683360.389088}
INFO:ccdag_utils.py:runtime_stat:{"task_name": "lccenc4", "event": "queue_start_process", "filename": "storeclass4_lccenc4_74558347imgtigerjobid28.JPEG", "unix_time": 1620683360.389924}
INFO:ccdag_utils.py:runtime_stat:{"task_name": "lccenc4", "event": "queue_start_process", "filename": "storeclass4_lccenc4_25353689imgtigerjobid29.JPEG", "unix_time": 1620683360.3905888}
INFO:ccdag_utils.py:runtime_stat:{"task_name": "lccenc4", "event": "queue_start_process", "filename": "storeclass4_lccenc4_05074946imgtigerjobid29.JPEG", "unix_time": 1620683360.391002}
INFO:ccdag_utils.py:runtime_stat:{"task_name": "lccenc4", "event": "queue_end_process", "filename": "lccenc4_score4a_3#84228013-3#74558347-3#25353689-3#05074946jobid2.csv", "unix_time": 1620683361.590606}
INFO:circe.py:runtime_stat:{"task_name": "circe", "event": "new_output_file", "filename": "lccenc4_score4a_3#84228013-3#74558347-3#25353689-3#05074946jobid2.csv", "unix_time": 1620683361.5918534}
DEBUG:transfer.py:sshpass -p PASSWORD scp -P 5000 -o StrictHostKeyChecking=no /jupiter/circe_output/lccenc4_score4a_3#84228013-3#74558347-3#25353689-3#05074946jobid2.csv root@10.99.67.72:/jupiter/circe_input/
DEBUG:transfer.py:transfer successful!
INFO:ccdag_utils.py:runtime_stat:{"task_name": "lccenc4", "event": "queue_end_process", "filename": "lccenc4_score4b_3#84228013-3#74558347-3#25353689-3#05074946jobid2.csv", "unix_time": 1620683362.5753531}
INFO:circe.py:runtime_stat:{"task_name": "circe", "event": "new_output_file", "filename": "lccenc4_score4b_3#84228013-3#74558347-3#25353689-3#05074946jobid2.csv", "unix_time": 1620683362.5762184}
DEBUG:transfer.py:sshpass -p PASSWORD scp -P 5000 -o StrictHostKeyChecking=no /jupiter/circe_output/lccenc4_score4b_3#84228013-3#74558347-3#25353689-3#05074946jobid2.csv root@10.97.76.217:/jupiter/circe_input/
DEBUG:transfer.py:transfer successful!
INFO:ccdag_utils.py:runtime_stat:{"task_name": "lccenc4", "event": "queue_end_process", "filename": "lccenc4_score4c_3#84228013-3#74558347-3#25353689-3#05074946jobid2.csv", "unix_time": 1620683363.593299}
INFO:circe.py:runtime_stat:{"task_name": "circe", "event": "new_output_file", "filename": "lccenc4_score4c_3#84228013-3#74558347-3#25353689-3#05074946jobid2.csv", "unix_time": 1620683363.594229}
DEBUG:transfer.py:sshpass -p PASSWORD scp -P 5000 -o StrictHostKeyChecking=no /jupiter/circe_output/lccenc4_score4c_3#84228013-3#74558347-3#25353689-3#05074946jobid2.csv root@10.100.65.218:/jupiter/circe_input/
DEBUG:transfer.py:transfer successful!
INFO:circe.py:runtime_stat:{"task_name": "circe", "event": "new_input_file", "filename": "storeclass4_lccenc4_79286323imgtigerjobid30.JPEG", "unix_time": 1620683371.7493665}
INFO:circe.py:runtime_stat:{"task_name": "circe", "event": "new_input_file", "filename": "storeclass4_lccenc4_57262912imgtigerjobid30.JPEG", "unix_time": 1620683371.9731846}
INFO:circe.py:runtime_stat:{"task_name": "circe", "event": "new_input_file", "filename": "storeclass4_lccenc4_86030582imgtigerjobid30.JPEG", "unix_time": 1620683372.7430654}
INFO:circe.py:runtime_stat:{"task_name": "circe", "event": "new_input_file", "filename": "storeclass4_lccenc4_48795173imgtigerjobid30.JPEG", "unix_time": 1620683372.9692895}
INFO:circe.py:runtime_stat:{"task_name": "circe", "event": "new_input_file", "filename": "storeclass4_lccenc4_44747177imgtigerjobid30.JPEG", "unix_time": 1620683373.1876838}
INFO:ccdag_utils.py:runtime_stat:{"task_name": "lccenc4", "event": "queue_start_process", "filename": "storeclass4_lccenc4_79286323imgtigerjobid30.JPEG", "unix_time": 1620683373.6034608}
INFO:ccdag_utils.py:runtime_stat:{"task_name": "lccenc4", "event": "queue_start_process", "filename": "storeclass4_lccenc4_57262912imgtigerjobid30.JPEG", "unix_time": 1620683373.6038501}
INFO:ccdag_utils.py:runtime_stat:{"task_name": "lccenc4", "event": "queue_start_process", "filename": "storeclass4_lccenc4_86030582imgtigerjobid30.JPEG", "unix_time": 1620683373.604099}
INFO:ccdag_utils.py:runtime_stat:{"task_name": "lccenc4", "event": "queue_start_process", "filename": "storeclass4_lccenc4_48795173imgtigerjobid30.JPEG", "unix_time": 1620683373.6043148}
INFO:ccdag_utils.py:runtime_stat:{"task_name": "lccenc4", "event": "queue_end_process", "filename": "lccenc4_score4a_3#79286323-3#57262912-3#86030582-3#48795173jobid3.csv", "unix_time": 1620683374.7437444}
INFO:circe.py:runtime_stat:{"task_name": "circe", "event": "new_output_file", "filename": "lccenc4_score4a_3#79286323-3#57262912-3#86030582-3#48795173jobid3.csv", "unix_time": 1620683374.7446516}
DEBUG:transfer.py:sshpass -p PASSWORD scp -P 5000 -o StrictHostKeyChecking=no /jupiter/circe_output/lccenc4_score4a_3#79286323-3#57262912-3#86030582-3#48795173jobid3.csv root@10.99.67.72:/jupiter/circe_input/
DEBUG:transfer.py:transfer successful!
INFO:ccdag_utils.py:runtime_stat:{"task_name": "lccenc4", "event": "queue_end_process", "filename": "lccenc4_score4b_3#79286323-3#57262912-3#86030582-3#48795173jobid3.csv", "unix_time": 1620683375.7532625}
INFO:circe.py:runtime_stat:{"task_name": "circe", "event": "new_output_file", "filename": "lccenc4_score4b_3#79286323-3#57262912-3#86030582-3#48795173jobid3.csv", "unix_time": 1620683375.754053}
DEBUG:transfer.py:sshpass -p PASSWORD scp -P 5000 -o StrictHostKeyChecking=no /jupiter/circe_output/lccenc4_score4b_3#79286323-3#57262912-3#86030582-3#48795173jobid3.csv root@10.97.76.217:/jupiter/circe_input/
DEBUG:transfer.py:transfer successful!
INFO:ccdag_utils.py:runtime_stat:{"task_name": "lccenc4", "event": "queue_end_process", "filename": "lccenc4_score4c_3#79286323-3#57262912-3#86030582-3#48795173jobid3.csv", "unix_time": 1620683376.7381217}
INFO:circe.py:runtime_stat:{"task_name": "circe", "event": "new_output_file", "filename": "lccenc4_score4c_3#79286323-3#57262912-3#86030582-3#48795173jobid3.csv", "unix_time": 1620683376.739253}
DEBUG:transfer.py:sshpass -p PASSWORD scp -P 5000 -o StrictHostKeyChecking=no /jupiter/circe_output/lccenc4_score4c_3#79286323-3#57262912-3#86030582-3#48795173jobid3.csv root@10.100.65.218:/jupiter/circe_input/
DEBUG:transfer.py:transfer successful!
INFO:circe.py:runtime_stat:{"task_name": "circe", "event": "new_input_file", "filename": "storeclass4_lccenc4_71838568imgtigerjobid31.JPEG", "unix_time": 1620683380.7684822}
INFO:circe.py:runtime_stat:{"task_name": "circe", "event": "new_input_file", "filename": "storeclass4_lccenc4_32094308imgtigerjobid31.JPEG", "unix_time": 1620683381.7678251}
INFO:circe.py:runtime_stat:{"task_name": "circe", "event": "new_input_file", "filename": "storeclass4_lccenc4_92536097imgtigerjobid31.JPEG", "unix_time": 1620683381.9758487}
INFO:circe.py:runtime_stat:{"task_name": "circe", "event": "new_input_file", "filename": "storeclass4_lccenc4_93515205imgtigerjobid31.JPEG", "unix_time": 1620683382.2212615}
INFO:ccdag_utils.py:runtime_stat:{"task_name": "lccenc4", "event": "queue_start_process", "filename": "storeclass4_lccenc4_44747177imgtigerjobid30.JPEG", "unix_time": 1620683382.7434509}
INFO:ccdag_utils.py:runtime_stat:{"task_name": "lccenc4", "event": "queue_start_process", "filename": "storeclass4_lccenc4_71838568imgtigerjobid31.JPEG", "unix_time": 1620683382.7437923}
INFO:ccdag_utils.py:runtime_stat:{"task_name": "lccenc4", "event": "queue_start_process", "filename": "storeclass4_lccenc4_32094308imgtigerjobid31.JPEG", "unix_time": 1620683382.7439916}
INFO:ccdag_utils.py:runtime_stat:{"task_name": "lccenc4", "event": "queue_start_process", "filename": "storeclass4_lccenc4_92536097imgtigerjobid31.JPEG", "unix_time": 1620683382.7441902}
INFO:ccdag_utils.py:runtime_stat:{"task_name": "lccenc4", "event": "queue_end_process", "filename": "lccenc4_score4a_3#44747177-3#71838568-3#32094308-3#92536097jobid4.csv", "unix_time": 1620683383.8909109}
INFO:circe.py:runtime_stat:{"task_name": "circe", "event": "new_output_file", "filename": "lccenc4_score4a_3#44747177-3#71838568-3#32094308-3#92536097jobid4.csv", "unix_time": 1620683383.8917246}
DEBUG:transfer.py:sshpass -p PASSWORD scp -P 5000 -o StrictHostKeyChecking=no /jupiter/circe_output/lccenc4_score4a_3#44747177-3#71838568-3#32094308-3#92536097jobid4.csv root@10.99.67.72:/jupiter/circe_input/
DEBUG:transfer.py:transfer successful!
INFO:ccdag_utils.py:runtime_stat:{"task_name": "lccenc4", "event": "queue_end_process", "filename": "lccenc4_score4b_3#44747177-3#71838568-3#32094308-3#92536097jobid4.csv", "unix_time": 1620683384.9030135}
INFO:circe.py:runtime_stat:{"task_name": "circe", "event": "new_output_file", "filename": "lccenc4_score4b_3#44747177-3#71838568-3#32094308-3#92536097jobid4.csv", "unix_time": 1620683384.9131653}
DEBUG:transfer.py:sshpass -p PASSWORD scp -P 5000 -o StrictHostKeyChecking=no /jupiter/circe_output/lccenc4_score4b_3#44747177-3#71838568-3#32094308-3#92536097jobid4.csv root@10.97.76.217:/jupiter/circe_input/
DEBUG:transfer.py:transfer successful!
INFO:ccdag_utils.py:runtime_stat:{"task_name": "lccenc4", "event": "queue_end_process", "filename": "lccenc4_score4c_3#44747177-3#71838568-3#32094308-3#92536097jobid4.csv", "unix_time": 1620683385.8758988}
INFO:circe.py:runtime_stat:{"task_name": "circe", "event": "new_output_file", "filename": "lccenc4_score4c_3#44747177-3#71838568-3#32094308-3#92536097jobid4.csv", "unix_time": 1620683385.8766825}
DEBUG:transfer.py:sshpass -p PASSWORD scp -P 5000 -o StrictHostKeyChecking=no /jupiter/circe_output/lccenc4_score4c_3#44747177-3#71838568-3#32094308-3#92536097jobid4.csv root@10.100.65.218:/jupiter/circe_input/
DEBUG:transfer.py:transfer successful!
INFO:circe.py:runtime_stat:{"task_name": "circe", "event": "new_input_file", "filename": "storeclass4_lccenc4_93177531imgtigerjobid32.JPEG", "unix_time": 1620683392.8075724}
INFO:circe.py:runtime_stat:{"task_name": "circe", "event": "new_input_file", "filename": "storeclass4_lccenc4_90002454imgtigerjobid35.JPEG", "unix_time": 1620683427.8631136}
INFO:circe.py:runtime_stat:{"task_name": "circe", "event": "new_input_file", "filename": "storeclass4_lccenc4_87017566imgtigerjobid36.JPEG", "unix_time": 1620683436.9377775}
INFO:circe.py:runtime_stat:{"task_name": "circe", "event": "new_input_file", "filename": "storeclass4_lccenc4_15455885imgtigerjobid36.JPEG", "unix_time": 1620683437.21273}
INFO:circe.py:runtime_stat:{"task_name": "circe", "event": "new_input_file", "filename": "storeclass4_lccenc4_24158939imgtigerjobid36.JPEG", "unix_time": 1620683437.8951633}
INFO:ccdag_utils.py:runtime_stat:{"task_name": "lccenc4", "event": "queue_start_process", "filename": "storeclass4_lccenc4_93515205imgtigerjobid31.JPEG", "unix_time": 1620683437.9302077}
INFO:ccdag_utils.py:runtime_stat:{"task_name": "lccenc4", "event": "queue_start_process", "filename": "storeclass4_lccenc4_93177531imgtigerjobid32.JPEG", "unix_time": 1620683437.9305956}
INFO:ccdag_utils.py:runtime_stat:{"task_name": "lccenc4", "event": "queue_start_process", "filename": "storeclass4_lccenc4_90002454imgtigerjobid35.JPEG", "unix_time": 1620683437.9309795}
INFO:ccdag_utils.py:runtime_stat:{"task_name": "lccenc4", "event": "queue_start_process", "filename": "storeclass4_lccenc4_87017566imgtigerjobid36.JPEG", "unix_time": 1620683437.9313617}
INFO:ccdag_utils.py:runtime_stat:{"task_name": "lccenc4", "event": "queue_end_process", "filename": "lccenc4_score4a_3#93515205-3#93177531-3#90002454-3#87017566jobid5.csv", "unix_time": 1620683439.0772054}
INFO:circe.py:runtime_stat:{"task_name": "circe", "event": "new_output_file", "filename": "lccenc4_score4a_3#93515205-3#93177531-3#90002454-3#87017566jobid5.csv", "unix_time": 1620683439.07808}
DEBUG:transfer.py:sshpass -p PASSWORD scp -P 5000 -o StrictHostKeyChecking=no /jupiter/circe_output/lccenc4_score4a_3#93515205-3#93177531-3#90002454-3#87017566jobid5.csv root@10.99.67.72:/jupiter/circe_input/
DEBUG:transfer.py:transfer successful!
INFO:ccdag_utils.py:runtime_stat:{"task_name": "lccenc4", "event": "queue_end_process", "filename": "lccenc4_score4b_3#93515205-3#93177531-3#90002454-3#87017566jobid5.csv", "unix_time": 1620683440.0571094}
INFO:circe.py:runtime_stat:{"task_name": "circe", "event": "new_output_file", "filename": "lccenc4_score4b_3#93515205-3#93177531-3#90002454-3#87017566jobid5.csv", "unix_time": 1620683440.0580611}
DEBUG:transfer.py:sshpass -p PASSWORD scp -P 5000 -o StrictHostKeyChecking=no /jupiter/circe_output/lccenc4_score4b_3#93515205-3#93177531-3#90002454-3#87017566jobid5.csv root@10.97.76.217:/jupiter/circe_input/
DEBUG:transfer.py:transfer successful!
INFO:ccdag_utils.py:runtime_stat:{"task_name": "lccenc4", "event": "queue_end_process", "filename": "lccenc4_score4c_3#93515205-3#93177531-3#90002454-3#87017566jobid5.csv", "unix_time": 1620683441.0758548}
INFO:circe.py:runtime_stat:{"task_name": "circe", "event": "new_output_file", "filename": "lccenc4_score4c_3#93515205-3#93177531-3#90002454-3#87017566jobid5.csv", "unix_time": 1620683441.0767918}
DEBUG:transfer.py:sshpass -p PASSWORD scp -P 5000 -o StrictHostKeyChecking=no /jupiter/circe_output/lccenc4_score4c_3#93515205-3#93177531-3#90002454-3#87017566jobid5.csv root@10.100.65.218:/jupiter/circe_input/
DEBUG:transfer.py:transfer successful!
INFO:circe.py:runtime_stat:{"task_name": "circe", "event": "new_input_file", "filename": "storeclass4_lccenc4_61858653imgtigerjobid37.JPEG", "unix_time": 1620683447.9159706}
INFO:circe.py:runtime_stat:{"task_name": "circe", "event": "new_input_file", "filename": "storeclass4_lccenc4_16704039imgtigerjobid38.JPEG", "unix_time": 1620683472.9502356}
INFO:ccdag_utils.py:runtime_stat:{"task_name": "lccenc4", "event": "queue_start_process", "filename": "storeclass4_lccenc4_15455885imgtigerjobid36.JPEG", "unix_time": 1620683473.1102457}
INFO:ccdag_utils.py:runtime_stat:{"task_name": "lccenc4", "event": "queue_start_process", "filename": "storeclass4_lccenc4_24158939imgtigerjobid36.JPEG", "unix_time": 1620683473.1106634}
INFO:ccdag_utils.py:runtime_stat:{"task_name": "lccenc4", "event": "queue_start_process", "filename": "storeclass4_lccenc4_61858653imgtigerjobid37.JPEG", "unix_time": 1620683473.1112337}
INFO:ccdag_utils.py:runtime_stat:{"task_name": "lccenc4", "event": "queue_start_process", "filename": "storeclass4_lccenc4_16704039imgtigerjobid38.JPEG", "unix_time": 1620683473.1115541}
INFO:circe.py:runtime_stat:{"task_name": "circe", "event": "new_input_file", "filename": "storeclass4_lccenc4_13604969imgtigerjobid38.JPEG", "unix_time": 1620683473.1823235}
INFO:circe.py:runtime_stat:{"task_name": "circe", "event": "new_input_file", "filename": "storeclass4_lccenc4_29575351imgtigerjobid38.JPEG", "unix_time": 1620683473.7930217}
INFO:circe.py:runtime_stat:{"task_name": "circe", "event": "new_input_file", "filename": "storeclass4_lccenc4_57067685imgtigerjobid38.JPEG", "unix_time": 1620683473.7937033}
INFO:circe.py:runtime_stat:{"task_name": "circe", "event": "new_input_file", "filename": "storeclass4_lccenc4_54554921imgtigerjobid38.JPEG", "unix_time": 1620683474.2734077}
INFO:circe.py:runtime_stat:{"task_name": "circe", "event": "new_input_file", "filename": "storeclass4_lccenc4_80640915imgtigerjobid38.JPEG", "unix_time": 1620683474.2739315}
INFO:ccdag_utils.py:runtime_stat:{"task_name": "lccenc4", "event": "queue_end_process", "filename": "lccenc4_score4a_3#15455885-3#24158939-3#61858653-3#16704039jobid6.csv", "unix_time": 1620683474.2862134}
INFO:circe.py:runtime_stat:{"task_name": "circe", "event": "new_output_file", "filename": "lccenc4_score4a_3#15455885-3#24158939-3#61858653-3#16704039jobid6.csv", "unix_time": 1620683474.2870994}
DEBUG:transfer.py:sshpass -p PASSWORD scp -P 5000 -o StrictHostKeyChecking=no /jupiter/circe_output/lccenc4_score4a_3#15455885-3#24158939-3#61858653-3#16704039jobid6.csv root@10.99.67.72:/jupiter/circe_input/
DEBUG:transfer.py:transfer successful!
INFO:ccdag_utils.py:runtime_stat:{"task_name": "lccenc4", "event": "queue_end_process", "filename": "lccenc4_score4b_3#15455885-3#24158939-3#61858653-3#16704039jobid6.csv", "unix_time": 1620683475.2723837}
INFO:circe.py:runtime_stat:{"task_name": "circe", "event": "new_output_file", "filename": "lccenc4_score4b_3#15455885-3#24158939-3#61858653-3#16704039jobid6.csv", "unix_time": 1620683475.2733562}
DEBUG:transfer.py:sshpass -p PASSWORD scp -P 5000 -o StrictHostKeyChecking=no /jupiter/circe_output/lccenc4_score4b_3#15455885-3#24158939-3#61858653-3#16704039jobid6.csv root@10.97.76.217:/jupiter/circe_input/
DEBUG:transfer.py:transfer successful!
INFO:ccdag_utils.py:runtime_stat:{"task_name": "lccenc4", "event": "queue_end_process", "filename": "lccenc4_score4c_3#15455885-3#24158939-3#61858653-3#16704039jobid6.csv", "unix_time": 1620683476.2664146}
INFO:ccdag_utils.py:runtime_stat:{"task_name": "lccenc4", "event": "queue_start_process", "filename": "storeclass4_lccenc4_13604969imgtigerjobid38.JPEG", "unix_time": 1620683476.2674468}
INFO:circe.py:runtime_stat:{"task_name": "circe", "event": "new_output_file", "filename": "lccenc4_score4c_3#15455885-3#24158939-3#61858653-3#16704039jobid6.csv", "unix_time": 1620683476.2683105}
INFO:ccdag_utils.py:runtime_stat:{"task_name": "lccenc4", "event": "queue_start_process", "filename": "storeclass4_lccenc4_29575351imgtigerjobid38.JPEG", "unix_time": 1620683476.2687016}
DEBUG:transfer.py:sshpass -p PASSWORD scp -P 5000 -o StrictHostKeyChecking=no /jupiter/circe_output/lccenc4_score4c_3#15455885-3#24158939-3#61858653-3#16704039jobid6.csv root@10.100.65.218:/jupiter/circe_input/
INFO:ccdag_utils.py:runtime_stat:{"task_name": "lccenc4", "event": "queue_start_process", "filename": "storeclass4_lccenc4_57067685imgtigerjobid38.JPEG", "unix_time": 1620683476.271569}
INFO:ccdag_utils.py:runtime_stat:{"task_name": "lccenc4", "event": "queue_start_process", "filename": "storeclass4_lccenc4_54554921imgtigerjobid38.JPEG", "unix_time": 1620683476.27757}
DEBUG:transfer.py:transfer successful!
INFO:ccdag_utils.py:runtime_stat:{"task_name": "lccenc4", "event": "queue_end_process", "filename": "lccenc4_score4a_3#13604969-3#29575351-3#57067685-3#54554921jobid7.csv", "unix_time": 1620683477.4724462}
INFO:circe.py:runtime_stat:{"task_name": "circe", "event": "new_output_file", "filename": "lccenc4_score4a_3#13604969-3#29575351-3#57067685-3#54554921jobid7.csv", "unix_time": 1620683477.5088592}
DEBUG:transfer.py:sshpass -p PASSWORD scp -P 5000 -o StrictHostKeyChecking=no /jupiter/circe_output/lccenc4_score4a_3#13604969-3#29575351-3#57067685-3#54554921jobid7.csv root@10.99.67.72:/jupiter/circe_input/
DEBUG:transfer.py:transfer successful!
INFO:circe.py:runtime_stat:{"task_name": "circe", "event": "new_output_file", "filename": "lccenc4_score4b_3#13604969-3#29575351-3#57067685-3#54554921jobid7.csv", "unix_time": 1620683478.5539513}
INFO:ccdag_utils.py:runtime_stat:{"task_name": "lccenc4", "event": "queue_end_process", "filename": "lccenc4_score4b_3#13604969-3#29575351-3#57067685-3#54554921jobid7.csv", "unix_time": 1620683478.554271}
DEBUG:transfer.py:sshpass -p PASSWORD scp -P 5000 -o StrictHostKeyChecking=no /jupiter/circe_output/lccenc4_score4b_3#13604969-3#29575351-3#57067685-3#54554921jobid7.csv root@10.97.76.217:/jupiter/circe_input/
DEBUG:transfer.py:transfer successful!
INFO:ccdag_utils.py:runtime_stat:{"task_name": "lccenc4", "event": "queue_end_process", "filename": "lccenc4_score4c_3#13604969-3#29575351-3#57067685-3#54554921jobid7.csv", "unix_time": 1620683479.5962725}
INFO:circe.py:runtime_stat:{"task_name": "circe", "event": "new_output_file", "filename": "lccenc4_score4c_3#13604969-3#29575351-3#57067685-3#54554921jobid7.csv", "unix_time": 1620683479.597237}
DEBUG:transfer.py:sshpass -p PASSWORD scp -P 5000 -o StrictHostKeyChecking=no /jupiter/circe_output/lccenc4_score4c_3#13604969-3#29575351-3#57067685-3#54554921jobid7.csv root@10.100.65.218:/jupiter/circe_input/
DEBUG:transfer.py:transfer successful!
INFO:circe.py:runtime_stat:{"task_name": "circe", "event": "new_input_file", "filename": "storeclass4_lccenc4_91265241imgtigerjobid39.JPEG", "unix_time": 1620683493.0205}
INFO:circe.py:runtime_stat:{"task_name": "circe", "event": "new_input_file", "filename": "storeclass4_lccenc4_20038512imgtigerjobid39.JPEG", "unix_time": 1620683493.2858772}
INFO:circe.py:runtime_stat:{"task_name": "circe", "event": "new_input_file", "filename": "storeclass4_lccenc4_84884117imgtigerjobid39.JPEG", "unix_time": 1620683494.0834138}
INFO:ccdag_utils.py:runtime_stat:{"task_name": "lccenc4", "event": "queue_start_process", "filename": "storeclass4_lccenc4_80640915imgtigerjobid38.JPEG", "unix_time": 1620683494.6133437}
INFO:ccdag_utils.py:runtime_stat:{"task_name": "lccenc4", "event": "queue_start_process", "filename": "storeclass4_lccenc4_91265241imgtigerjobid39.JPEG", "unix_time": 1620683494.6137447}
INFO:ccdag_utils.py:runtime_stat:{"task_name": "lccenc4", "event": "queue_start_process", "filename": "storeclass4_lccenc4_20038512imgtigerjobid39.JPEG", "unix_time": 1620683494.6139874}
INFO:ccdag_utils.py:runtime_stat:{"task_name": "lccenc4", "event": "queue_start_process", "filename": "storeclass4_lccenc4_84884117imgtigerjobid39.JPEG", "unix_time": 1620683494.6141975}
INFO:ccdag_utils.py:runtime_stat:{"task_name": "lccenc4", "event": "queue_end_process", "filename": "lccenc4_score4a_3#80640915-3#91265241-3#20038512-3#84884117jobid8.csv", "unix_time": 1620683495.7768476}
INFO:circe.py:runtime_stat:{"task_name": "circe", "event": "new_output_file", "filename": "lccenc4_score4a_3#80640915-3#91265241-3#20038512-3#84884117jobid8.csv", "unix_time": 1620683495.7776985}
DEBUG:transfer.py:sshpass -p PASSWORD scp -P 5000 -o StrictHostKeyChecking=no /jupiter/circe_output/lccenc4_score4a_3#80640915-3#91265241-3#20038512-3#84884117jobid8.csv root@10.99.67.72:/jupiter/circe_input/
DEBUG:transfer.py:transfer successful!
INFO:ccdag_utils.py:runtime_stat:{"task_name": "lccenc4", "event": "queue_end_process", "filename": "lccenc4_score4b_3#80640915-3#91265241-3#20038512-3#84884117jobid8.csv", "unix_time": 1620683496.7788734}
INFO:circe.py:runtime_stat:{"task_name": "circe", "event": "new_output_file", "filename": "lccenc4_score4b_3#80640915-3#91265241-3#20038512-3#84884117jobid8.csv", "unix_time": 1620683496.779855}
DEBUG:transfer.py:sshpass -p PASSWORD scp -P 5000 -o StrictHostKeyChecking=no /jupiter/circe_output/lccenc4_score4b_3#80640915-3#91265241-3#20038512-3#84884117jobid8.csv root@10.97.76.217:/jupiter/circe_input/
DEBUG:transfer.py:transfer successful!
INFO:ccdag_utils.py:runtime_stat:{"task_name": "lccenc4", "event": "queue_end_process", "filename": "lccenc4_score4c_3#80640915-3#91265241-3#20038512-3#84884117jobid8.csv", "unix_time": 1620683497.7560334}
INFO:circe.py:runtime_stat:{"task_name": "circe", "event": "new_output_file", "filename": "lccenc4_score4c_3#80640915-3#91265241-3#20038512-3#84884117jobid8.csv", "unix_time": 1620683497.7569652}
DEBUG:transfer.py:sshpass -p PASSWORD scp -P 5000 -o StrictHostKeyChecking=no /jupiter/circe_output/lccenc4_score4c_3#80640915-3#91265241-3#20038512-3#84884117jobid8.csv root@10.100.65.218:/jupiter/circe_input/
DEBUG:transfer.py:transfer successful!
INFO:circe.py:runtime_stat:{"task_name": "circe", "event": "new_input_file", "filename": "storeclass4_lccenc4_51823386imgtigerjobid40.JPEG", "unix_time": 1620683518.075812}
INFO:circe.py:runtime_stat:{"task_name": "circe", "event": "new_input_file", "filename": "storeclass4_lccenc4_81789849imgtigerjobid40.JPEG", "unix_time": 1620683518.3322382}
INFO:circe.py:runtime_stat:{"task_name": "circe", "event": "new_input_file", "filename": "storeclass4_lccenc4_42849646imgtigerjobid40.JPEG", "unix_time": 1620683518.5840492}
