 * Starting OpenBSD Secure Shell server sshd
   ...done.
INFO:circe.py:Using base script score.py
DEBUG:circe.py:starting the input monitoring process
DEBUG:circe.py:starting the output monitoring process
INFO:circe.py:runtime_stat:{"task_name": "circe", "event": "new_input_file", "filename": "lccenc4_score4c_3#31576800-3#33554452-3#66190493-3#89690336jobid1.csv", "unix_time": 1620683352.5259848}
INFO:ccdag_utils.py:runtime_stat:{"task_name": "score4c", "event": "queue_start_process", "filename": "lccenc4_score4c_3#31576800-3#33554452-3#66190493-3#89690336jobid1.csv", "unix_time": 1620683353.282095}
['tiger21.JPEG', 'tiger22.JPEG', 'tiger23.JPEG', 'tiger24.JPEG', 'tiger25.JPEG', 'tiger26.JPEG', 'tiger27.JPEG', 'tiger28.JPEG', 'tiger29.JPEG', 'tiger30.JPEG']
INFO:circe.py:runtime_stat:{"task_name": "circe", "event": "new_output_file", "filename": "score4c_preagg4_1jobth3#31576800-3#33554452-3#66190493-3#89690336", "unix_time": 1620683354.8392699}
DEBUG:transfer.py:sshpass -p PASSWORD scp -P 5000 -o StrictHostKeyChecking=no /jupiter/circe_output/score4c_preagg4_1jobth3#31576800-3#33554452-3#66190493-3#89690336 root@10.105.253.1:/jupiter/circe_input/
INFO:ccdag_utils.py:runtime_stat:{"task_name": "score4c", "event": "queue_end_process", "filename": "score4c_preagg4_1jobth3#31576800-3#33554452-3#66190493-3#89690336", "unix_time": 1620683354.8485806}
Warning: Permanently added '[10.105.253.1]:5000' (ECDSA) to the list of known hosts.
DEBUG:transfer.py:transfer successful!
INFO:circe.py:runtime_stat:{"task_name": "circe", "event": "new_input_file", "filename": "lccenc4_score4c_3#84228013-3#74558347-3#25353689-3#05074946jobid2.csv", "unix_time": 1620683363.981964}
INFO:ccdag_utils.py:runtime_stat:{"task_name": "score4c", "event": "queue_start_process", "filename": "lccenc4_score4c_3#84228013-3#74558347-3#25353689-3#05074946jobid2.csv", "unix_time": 1620683364.8621671}
['tiger21.JPEG', 'tiger22.JPEG', 'tiger23.JPEG', 'tiger24.JPEG', 'tiger25.JPEG', 'tiger26.JPEG', 'tiger27.JPEG', 'tiger28.JPEG', 'tiger29.JPEG', 'tiger30.JPEG']
INFO:circe.py:runtime_stat:{"task_name": "circe", "event": "new_output_file", "filename": "score4c_preagg4_2jobth3#84228013-3#74558347-3#25353689-3#05074946", "unix_time": 1620683366.3784337}
DEBUG:transfer.py:sshpass -p PASSWORD scp -P 5000 -o StrictHostKeyChecking=no /jupiter/circe_output/score4c_preagg4_2jobth3#84228013-3#74558347-3#25353689-3#05074946 root@10.105.253.1:/jupiter/circe_input/
INFO:ccdag_utils.py:runtime_stat:{"task_name": "score4c", "event": "queue_end_process", "filename": "score4c_preagg4_2jobth3#84228013-3#74558347-3#25353689-3#05074946", "unix_time": 1620683366.379716}
DEBUG:transfer.py:transfer successful!
INFO:circe.py:runtime_stat:{"task_name": "circe", "event": "new_input_file", "filename": "lccenc4_score4c_3#79286323-3#57262912-3#86030582-3#48795173jobid3.csv", "unix_time": 1620683377.1510112}
['tiger21.JPEG', 'tiger22.JPEG', 'tiger23.JPEG', 'tiger24.JPEG', 'tiger25.JPEG', 'tiger26.JPEG', 'tiger27.JPEG', 'tiger28.JPEG', 'tiger29.JPEG', 'tiger30.JPEG']
INFO:ccdag_utils.py:runtime_stat:{"task_name": "score4c", "event": "queue_start_process", "filename": "lccenc4_score4c_3#79286323-3#57262912-3#86030582-3#48795173jobid3.csv", "unix_time": 1620683377.3974032}
INFO:circe.py:runtime_stat:{"task_name": "circe", "event": "new_output_file", "filename": "score4c_preagg4_3jobth3#79286323-3#57262912-3#86030582-3#48795173", "unix_time": 1620683378.8941977}
DEBUG:transfer.py:sshpass -p PASSWORD scp -P 5000 -o StrictHostKeyChecking=no /jupiter/circe_output/score4c_preagg4_3jobth3#79286323-3#57262912-3#86030582-3#48795173 root@10.105.253.1:/jupiter/circe_input/
INFO:ccdag_utils.py:runtime_stat:{"task_name": "score4c", "event": "queue_end_process", "filename": "score4c_preagg4_3jobth3#79286323-3#57262912-3#86030582-3#48795173", "unix_time": 1620683378.9019756}
DEBUG:transfer.py:transfer successful!
INFO:circe.py:runtime_stat:{"task_name": "circe", "event": "new_input_file", "filename": "lccenc4_score4c_3#44747177-3#71838568-3#32094308-3#92536097jobid4.csv", "unix_time": 1620683386.2366068}
INFO:ccdag_utils.py:runtime_stat:{"task_name": "score4c", "event": "queue_start_process", "filename": "lccenc4_score4c_3#44747177-3#71838568-3#32094308-3#92536097jobid4.csv", "unix_time": 1620683386.9109795}
['tiger21.JPEG', 'tiger22.JPEG', 'tiger23.JPEG', 'tiger24.JPEG', 'tiger25.JPEG', 'tiger26.JPEG', 'tiger27.JPEG', 'tiger28.JPEG', 'tiger29.JPEG', 'tiger30.JPEG']
INFO:circe.py:runtime_stat:{"task_name": "circe", "event": "new_output_file", "filename": "score4c_preagg4_4jobth3#44747177-3#71838568-3#32094308-3#92536097", "unix_time": 1620683388.3951988}
DEBUG:transfer.py:sshpass -p PASSWORD scp -P 5000 -o StrictHostKeyChecking=no /jupiter/circe_output/score4c_preagg4_4jobth3#44747177-3#71838568-3#32094308-3#92536097 root@10.105.253.1:/jupiter/circe_input/
INFO:ccdag_utils.py:runtime_stat:{"task_name": "score4c", "event": "queue_end_process", "filename": "score4c_preagg4_4jobth3#44747177-3#71838568-3#32094308-3#92536097", "unix_time": 1620683388.4007814}
DEBUG:transfer.py:transfer successful!
INFO:circe.py:runtime_stat:{"task_name": "circe", "event": "new_input_file", "filename": "lccenc4_score4c_3#93515205-3#93177531-3#90002454-3#87017566jobid5.csv", "unix_time": 1620683441.4462714}
INFO:ccdag_utils.py:runtime_stat:{"task_name": "score4c", "event": "queue_start_process", "filename": "lccenc4_score4c_3#93515205-3#93177531-3#90002454-3#87017566jobid5.csv", "unix_time": 1620683441.456868}
['tiger21.JPEG', 'tiger22.JPEG', 'tiger23.JPEG', 'tiger24.JPEG', 'tiger25.JPEG', 'tiger26.JPEG', 'tiger27.JPEG', 'tiger28.JPEG', 'tiger29.JPEG', 'tiger30.JPEG']
INFO:circe.py:runtime_stat:{"task_name": "circe", "event": "new_output_file", "filename": "score4c_preagg4_5jobth3#93515205-3#93177531-3#90002454-3#87017566", "unix_time": 1620683442.963503}
DEBUG:transfer.py:sshpass -p PASSWORD scp -P 5000 -o StrictHostKeyChecking=no /jupiter/circe_output/score4c_preagg4_5jobth3#93515205-3#93177531-3#90002454-3#87017566 root@10.105.253.1:/jupiter/circe_input/
INFO:ccdag_utils.py:runtime_stat:{"task_name": "score4c", "event": "queue_end_process", "filename": "score4c_preagg4_5jobth3#93515205-3#93177531-3#90002454-3#87017566", "unix_time": 1620683442.9709775}
DEBUG:transfer.py:transfer successful!
INFO:circe.py:runtime_stat:{"task_name": "circe", "event": "new_input_file", "filename": "lccenc4_score4c_3#15455885-3#24158939-3#61858653-3#16704039jobid6.csv", "unix_time": 1620683476.6818056}
INFO:ccdag_utils.py:runtime_stat:{"task_name": "score4c", "event": "queue_start_process", "filename": "lccenc4_score4c_3#15455885-3#24158939-3#61858653-3#16704039jobid6.csv", "unix_time": 1620683477.0090802}
['tiger21.JPEG', 'tiger22.JPEG', 'tiger23.JPEG', 'tiger24.JPEG', 'tiger25.JPEG', 'tiger26.JPEG', 'tiger27.JPEG', 'tiger28.JPEG', 'tiger29.JPEG', 'tiger30.JPEG']
INFO:ccdag_utils.py:runtime_stat:{"task_name": "score4c", "event": "queue_end_process", "filename": "score4c_preagg4_6jobth3#15455885-3#24158939-3#61858653-3#16704039", "unix_time": 1620683478.56058}
INFO:circe.py:runtime_stat:{"task_name": "circe", "event": "new_output_file", "filename": "score4c_preagg4_6jobth3#15455885-3#24158939-3#61858653-3#16704039", "unix_time": 1620683478.562395}
DEBUG:transfer.py:sshpass -p PASSWORD scp -P 5000 -o StrictHostKeyChecking=no /jupiter/circe_output/score4c_preagg4_6jobth3#15455885-3#24158939-3#61858653-3#16704039 root@10.105.253.1:/jupiter/circe_input/
DEBUG:transfer.py:transfer successful!
INFO:circe.py:runtime_stat:{"task_name": "circe", "event": "new_input_file", "filename": "lccenc4_score4c_3#13604969-3#29575351-3#57067685-3#54554921jobid7.csv", "unix_time": 1620683479.971607}
INFO:ccdag_utils.py:runtime_stat:{"task_name": "score4c", "event": "queue_start_process", "filename": "lccenc4_score4c_3#13604969-3#29575351-3#57067685-3#54554921jobid7.csv", "unix_time": 1620683480.562769}
['tiger21.JPEG', 'tiger22.JPEG', 'tiger23.JPEG', 'tiger24.JPEG', 'tiger25.JPEG', 'tiger26.JPEG', 'tiger27.JPEG', 'tiger28.JPEG', 'tiger29.JPEG', 'tiger30.JPEG']
INFO:circe.py:runtime_stat:{"task_name": "circe", "event": "new_output_file", "filename": "score4c_preagg4_7jobth3#13604969-3#29575351-3#57067685-3#54554921", "unix_time": 1620683482.1153681}
DEBUG:transfer.py:sshpass -p PASSWORD scp -P 5000 -o StrictHostKeyChecking=no /jupiter/circe_output/score4c_preagg4_7jobth3#13604969-3#29575351-3#57067685-3#54554921 root@10.105.253.1:/jupiter/circe_input/
INFO:ccdag_utils.py:runtime_stat:{"task_name": "score4c", "event": "queue_end_process", "filename": "score4c_preagg4_7jobth3#13604969-3#29575351-3#57067685-3#54554921", "unix_time": 1620683482.1260576}
DEBUG:transfer.py:transfer successful!
INFO:circe.py:runtime_stat:{"task_name": "circe", "event": "new_input_file", "filename": "lccenc4_score4c_3#80640915-3#91265241-3#20038512-3#84884117jobid8.csv", "unix_time": 1620683498.1494052}
INFO:ccdag_utils.py:runtime_stat:{"task_name": "score4c", "event": "queue_start_process", "filename": "lccenc4_score4c_3#80640915-3#91265241-3#20038512-3#84884117jobid8.csv", "unix_time": 1620683498.1513186}
['tiger21.JPEG', 'tiger22.JPEG', 'tiger23.JPEG', 'tiger24.JPEG', 'tiger25.JPEG', 'tiger26.JPEG', 'tiger27.JPEG', 'tiger28.JPEG', 'tiger29.JPEG', 'tiger30.JPEG']
INFO:circe.py:runtime_stat:{"task_name": "circe", "event": "new_output_file", "filename": "score4c_preagg4_8jobth3#80640915-3#91265241-3#20038512-3#84884117", "unix_time": 1620683499.6453443}
DEBUG:transfer.py:sshpass -p PASSWORD scp -P 5000 -o StrictHostKeyChecking=no /jupiter/circe_output/score4c_preagg4_8jobth3#80640915-3#91265241-3#20038512-3#84884117 root@10.105.253.1:/jupiter/circe_input/
INFO:ccdag_utils.py:runtime_stat:{"task_name": "score4c", "event": "queue_end_process", "filename": "score4c_preagg4_8jobth3#80640915-3#91265241-3#20038512-3#84884117", "unix_time": 1620683499.6537726}
DEBUG:transfer.py:transfer successful!
