 * Starting OpenBSD Secure Shell server sshd
   ...done.
INFO:circe.py:Using base script lccdec.py
DEBUG:circe.py:starting the input monitoring process
DEBUG:circe.py:starting the output monitoring process
INFO:circe.py:runtime_stat:{"task_name": "circe", "event": "new_input_file", "filename": "preagg1_lccdec1_1jobthscore1a0#71108512-0#55556988-0#37805590-0#46718892", "unix_time": 1620683002.9264922}
INFO:ccdag_utils.py:runtime_stat:{"task_name": "lccdec1", "event": "queue_start_process", "filename": "preagg1_lccdec1_1jobthscore1a0#71108512-0#55556988-0#37805590-0#46718892", "unix_time": 1620683002.927378}
INFO:circe.py:runtime_stat:{"task_name": "circe", "event": "new_input_file", "filename": "preagg1_lccdec1_1jobthscore1b0#71108512-0#55556988-0#37805590-0#46718892", "unix_time": 1620683003.1711326}
INFO:ccdag_utils.py:runtime_stat:{"task_name": "lccdec1", "event": "queue_start_process", "filename": "preagg1_lccdec1_1jobthscore1b0#71108512-0#55556988-0#37805590-0#46718892", "unix_time": 1620683003.1714892}
INFO:circe.py:runtime_stat:{"task_name": "circe", "event": "new_output_file", "filename": "lccdec1_home_1jobth0#71108512-0#55556988-0#37805590-0#46718892", "unix_time": 1620683003.192324}
DEBUG:transfer.py:sshpass -p PASSWORD scp -P 5000 -o StrictHostKeyChecking=no /jupiter/circe_output/lccdec1_home_1jobth0#71108512-0#55556988-0#37805590-0#46718892 root@10.108.154.59:/jupiter/circe_input/
INFO:ccdag_utils.py:runtime_stat:{"task_name": "lccdec1", "event": "queue_end_process", "filename": "lccdec1_home_1jobth0#71108512-0#55556988-0#37805590-0#46718892", "unix_time": 1620683003.1971169}
Warning: Permanently added '[10.108.154.59]:5000' (ECDSA) to the list of known hosts.
DEBUG:transfer.py:transfer successful!
INFO:circe.py:runtime_stat:{"task_name": "circe", "event": "new_input_file", "filename": "preagg1_lccdec1_2jobthscore1a0#86718336-0#88950092-0#77245967-0#02551711", "unix_time": 1620683019.1301727}
INFO:ccdag_utils.py:runtime_stat:{"task_name": "lccdec1", "event": "queue_start_process", "filename": "preagg1_lccdec1_2jobthscore1a0#86718336-0#88950092-0#77245967-0#02551711", "unix_time": 1620683019.1307933}
INFO:circe.py:runtime_stat:{"task_name": "circe", "event": "new_input_file", "filename": "preagg1_lccdec1_2jobthscore1b0#86718336-0#88950092-0#77245967-0#02551711", "unix_time": 1620683019.341925}
INFO:ccdag_utils.py:runtime_stat:{"task_name": "lccdec1", "event": "queue_start_process", "filename": "preagg1_lccdec1_2jobthscore1b0#86718336-0#88950092-0#77245967-0#02551711", "unix_time": 1620683019.3424592}
INFO:circe.py:runtime_stat:{"task_name": "circe", "event": "new_output_file", "filename": "lccdec1_home_2jobth0#86718336-0#88950092-0#77245967-0#02551711", "unix_time": 1620683019.3565457}
DEBUG:transfer.py:sshpass -p PASSWORD scp -P 5000 -o StrictHostKeyChecking=no /jupiter/circe_output/lccdec1_home_2jobth0#86718336-0#88950092-0#77245967-0#02551711 root@10.108.154.59:/jupiter/circe_input/
INFO:ccdag_utils.py:runtime_stat:{"task_name": "lccdec1", "event": "queue_end_process", "filename": "lccdec1_home_2jobth0#86718336-0#88950092-0#77245967-0#02551711", "unix_time": 1620683019.3605478}
DEBUG:transfer.py:transfer successful!
INFO:circe.py:runtime_stat:{"task_name": "circe", "event": "new_input_file", "filename": "preagg1_lccdec1_3jobthscore1a0#14141305-0#47351643-0#39955595-0#09990226", "unix_time": 1620683086.417062}
INFO:ccdag_utils.py:runtime_stat:{"task_name": "lccdec1", "event": "queue_start_process", "filename": "preagg1_lccdec1_3jobthscore1a0#14141305-0#47351643-0#39955595-0#09990226", "unix_time": 1620683086.4178112}
INFO:circe.py:runtime_stat:{"task_name": "circe", "event": "new_input_file", "filename": "preagg1_lccdec1_3jobthscore1b0#14141305-0#47351643-0#39955595-0#09990226", "unix_time": 1620683086.6306968}
INFO:ccdag_utils.py:runtime_stat:{"task_name": "lccdec1", "event": "queue_start_process", "filename": "preagg1_lccdec1_3jobthscore1b0#14141305-0#47351643-0#39955595-0#09990226", "unix_time": 1620683086.6314874}
INFO:circe.py:runtime_stat:{"task_name": "circe", "event": "new_output_file", "filename": "lccdec1_home_3jobth0#14141305-0#47351643-0#39955595-0#09990226", "unix_time": 1620683086.6469202}
DEBUG:transfer.py:sshpass -p PASSWORD scp -P 5000 -o StrictHostKeyChecking=no /jupiter/circe_output/lccdec1_home_3jobth0#14141305-0#47351643-0#39955595-0#09990226 root@10.108.154.59:/jupiter/circe_input/
INFO:ccdag_utils.py:runtime_stat:{"task_name": "lccdec1", "event": "queue_end_process", "filename": "lccdec1_home_3jobth0#14141305-0#47351643-0#39955595-0#09990226", "unix_time": 1620683086.6512866}
DEBUG:transfer.py:transfer successful!
INFO:circe.py:runtime_stat:{"task_name": "circe", "event": "new_input_file", "filename": "preagg1_lccdec1_4jobthscore1a0#36668298-0#47977284-0#76904924-0#83415915", "unix_time": 1620683117.6873012}
INFO:ccdag_utils.py:runtime_stat:{"task_name": "lccdec1", "event": "queue_start_process", "filename": "preagg1_lccdec1_4jobthscore1a0#36668298-0#47977284-0#76904924-0#83415915", "unix_time": 1620683117.6879747}
INFO:circe.py:runtime_stat:{"task_name": "circe", "event": "new_input_file", "filename": "preagg1_lccdec1_4jobthscore1b0#36668298-0#47977284-0#76904924-0#83415915", "unix_time": 1620683117.900237}
INFO:ccdag_utils.py:runtime_stat:{"task_name": "lccdec1", "event": "queue_start_process", "filename": "preagg1_lccdec1_4jobthscore1b0#36668298-0#47977284-0#76904924-0#83415915", "unix_time": 1620683117.9009392}
INFO:circe.py:runtime_stat:{"task_name": "circe", "event": "new_output_file", "filename": "lccdec1_home_4jobth0#36668298-0#47977284-0#76904924-0#83415915", "unix_time": 1620683117.9154665}
DEBUG:transfer.py:sshpass -p PASSWORD scp -P 5000 -o StrictHostKeyChecking=no /jupiter/circe_output/lccdec1_home_4jobth0#36668298-0#47977284-0#76904924-0#83415915 root@10.108.154.59:/jupiter/circe_input/
INFO:ccdag_utils.py:runtime_stat:{"task_name": "lccdec1", "event": "queue_end_process", "filename": "lccdec1_home_4jobth0#36668298-0#47977284-0#76904924-0#83415915", "unix_time": 1620683117.9200041}
DEBUG:transfer.py:transfer successful!
INFO:circe.py:runtime_stat:{"task_name": "circe", "event": "new_input_file", "filename": "preagg1_lccdec1_5jobthscore1a0#42956932-0#63665467-0#72931427-0#46758792", "unix_time": 1620683139.9189875}
INFO:ccdag_utils.py:runtime_stat:{"task_name": "lccdec1", "event": "queue_start_process", "filename": "preagg1_lccdec1_5jobthscore1a0#42956932-0#63665467-0#72931427-0#46758792", "unix_time": 1620683139.9193742}
INFO:circe.py:runtime_stat:{"task_name": "circe", "event": "new_input_file", "filename": "preagg1_lccdec1_5jobthscore1b0#42956932-0#63665467-0#72931427-0#46758792", "unix_time": 1620683140.1338646}
INFO:ccdag_utils.py:runtime_stat:{"task_name": "lccdec1", "event": "queue_start_process", "filename": "preagg1_lccdec1_5jobthscore1b0#42956932-0#63665467-0#72931427-0#46758792", "unix_time": 1620683140.1343417}
INFO:circe.py:runtime_stat:{"task_name": "circe", "event": "new_output_file", "filename": "lccdec1_home_5jobth0#42956932-0#63665467-0#72931427-0#46758792", "unix_time": 1620683140.149164}
DEBUG:transfer.py:sshpass -p PASSWORD scp -P 5000 -o StrictHostKeyChecking=no /jupiter/circe_output/lccdec1_home_5jobth0#42956932-0#63665467-0#72931427-0#46758792 root@10.108.154.59:/jupiter/circe_input/
INFO:ccdag_utils.py:runtime_stat:{"task_name": "lccdec1", "event": "queue_end_process", "filename": "lccdec1_home_5jobth0#42956932-0#63665467-0#72931427-0#46758792", "unix_time": 1620683140.1554863}
DEBUG:transfer.py:transfer successful!
INFO:circe.py:runtime_stat:{"task_name": "circe", "event": "new_input_file", "filename": "preagg1_lccdec1_6jobthscore1a0#57996123-0#99445406-0#71722052-1#87490990", "unix_time": 1620683289.2865732}
INFO:ccdag_utils.py:runtime_stat:{"task_name": "lccdec1", "event": "queue_start_process", "filename": "preagg1_lccdec1_6jobthscore1a0#57996123-0#99445406-0#71722052-1#87490990", "unix_time": 1620683289.287112}
INFO:circe.py:runtime_stat:{"task_name": "circe", "event": "new_input_file", "filename": "preagg1_lccdec1_6jobthscore1b0#57996123-0#99445406-0#71722052-1#87490990", "unix_time": 1620683289.4993408}
INFO:ccdag_utils.py:runtime_stat:{"task_name": "lccdec1", "event": "queue_start_process", "filename": "preagg1_lccdec1_6jobthscore1b0#57996123-0#99445406-0#71722052-1#87490990", "unix_time": 1620683289.4999056}
INFO:circe.py:runtime_stat:{"task_name": "circe", "event": "new_output_file", "filename": "lccdec1_home_6jobth0#57996123-0#99445406-0#71722052-1#87490990", "unix_time": 1620683289.5151672}
DEBUG:transfer.py:sshpass -p PASSWORD scp -P 5000 -o StrictHostKeyChecking=no /jupiter/circe_output/lccdec1_home_6jobth0#57996123-0#99445406-0#71722052-1#87490990 root@10.108.154.59:/jupiter/circe_input/
INFO:ccdag_utils.py:runtime_stat:{"task_name": "lccdec1", "event": "queue_end_process", "filename": "lccdec1_home_6jobth0#57996123-0#99445406-0#71722052-1#87490990", "unix_time": 1620683289.5213616}
DEBUG:transfer.py:transfer successful!
