 * Starting OpenBSD Secure Shell server sshd
   ...done.
INFO:circe.py:Using base script storeclass.py
DEBUG:circe.py:starting the input monitoring process
DEBUG:circe.py:starting the output monitoring process
INFO:circe.py:runtime_stat:{"task_name": "circe", "event": "new_input_file", "filename": "resnet5_storeclass1_28918472imgfireenginejobid1.JPEG", "unix_time": 1620686531.225369}
INFO:circe.py:runtime_stat:{"task_name": "circe", "event": "new_input_file", "filename": "home_storeclass1_54442715imgfireenginejobid0.JPEG", "unix_time": 1620686531.46806}
INFO:circe.py:runtime_stat:{"task_name": "circe", "event": "new_input_file", "filename": "resnet4_storeclass1_86601845imgfireenginejobid1.JPEG", "unix_time": 1620686531.6129453}
INFO:ccdag_utils.py:runtime_stat:{"task_name": "storeclass1", "event": "queue_start_process", "filename": "resnet5_storeclass1_28918472imgfireenginejobid1.JPEG", "unix_time": 1620686531.6430924}
INFO:ccdag_utils.py:runtime_stat:{"task_name": "storeclass1", "event": "queue_end_process", "filename": "storeclass1_lccenc1_28918472imgfireenginejobid1.JPEG", "unix_time": 1620686531.6448143}
INFO:ccdag_utils.py:runtime_stat:{"task_name": "storeclass1", "event": "queue_start_process", "filename": "home_storeclass1_54442715imgfireenginejobid0.JPEG", "unix_time": 1620686531.645234}
INFO:ccdag_utils.py:runtime_stat:{"task_name": "storeclass1", "event": "queue_end_process", "filename": "storeclass1_lccenc1_54442715imgfireenginejobid0.JPEG", "unix_time": 1620686531.6480663}
INFO:ccdag_utils.py:runtime_stat:{"task_name": "storeclass1", "event": "queue_start_process", "filename": "resnet4_storeclass1_86601845imgfireenginejobid1.JPEG", "unix_time": 1620686531.6508267}
INFO:circe.py:runtime_stat:{"task_name": "circe", "event": "new_output_file", "filename": "storeclass1_lccenc1_28918472imgfireenginejobid1.JPEG", "unix_time": 1620686531.6505685}
DEBUG:transfer.py:sshpass -p PASSWORD scp -P 5000 -o StrictHostKeyChecking=no /jupiter/circe_output/storeclass1_lccenc1_28918472imgfireenginejobid1.JPEG root@10.101.12.198:/jupiter/circe_input/
INFO:ccdag_utils.py:runtime_stat:{"task_name": "storeclass1", "event": "queue_end_process", "filename": "storeclass1_lccenc1_86601845imgfireenginejobid1.JPEG", "unix_time": 1620686531.6522663}
INFO:circe.py:runtime_stat:{"task_name": "circe", "event": "new_input_file", "filename": "home_storeclass1_69136477imgfireenginejobid1.JPEG", "unix_time": 1620686531.726263}
Warning: Permanently added '[10.101.12.198]:5000' (ECDSA) to the list of known hosts.
INFO:circe.py:runtime_stat:{"task_name": "circe", "event": "new_input_file", "filename": "resnet2_storeclass1_90678799imgfireenginejobid1.JPEG", "unix_time": 1620686531.8272233}
DEBUG:transfer.py:transfer successful!
INFO:circe.py:runtime_stat:{"task_name": "circe", "event": "new_output_file", "filename": "storeclass1_lccenc1_54442715imgfireenginejobid0.JPEG", "unix_time": 1620686532.004301}
DEBUG:transfer.py:sshpass -p PASSWORD scp -P 5000 -o StrictHostKeyChecking=no /jupiter/circe_output/storeclass1_lccenc1_54442715imgfireenginejobid0.JPEG root@10.101.12.198:/jupiter/circe_input/
INFO:circe.py:runtime_stat:{"task_name": "circe", "event": "new_input_file", "filename": "resnet3_storeclass1_13075669imgfireenginejobid1.JPEG", "unix_time": 1620686532.1036105}
INFO:circe.py:runtime_stat:{"task_name": "circe", "event": "new_input_file", "filename": "resnet1_storeclass1_96884923imgfireenginejobid1.JPEG", "unix_time": 1620686532.133363}
INFO:circe.py:runtime_stat:{"task_name": "circe", "event": "new_input_file", "filename": "resnet0_storeclass1_23969526imgfireenginejobid1.JPEG", "unix_time": 1620686532.2036877}
INFO:circe.py:runtime_stat:{"task_name": "circe", "event": "new_input_file", "filename": "resnet6_storeclass1_81874433imgfireenginejobid1.JPEG", "unix_time": 1620686532.205271}
DEBUG:transfer.py:transfer successful!
INFO:circe.py:runtime_stat:{"task_name": "circe", "event": "new_output_file", "filename": "storeclass1_lccenc1_86601845imgfireenginejobid1.JPEG", "unix_time": 1620686532.2209532}
DEBUG:transfer.py:sshpass -p PASSWORD scp -P 5000 -o StrictHostKeyChecking=no /jupiter/circe_output/storeclass1_lccenc1_86601845imgfireenginejobid1.JPEG root@10.101.12.198:/jupiter/circe_input/
DEBUG:transfer.py:transfer successful!
INFO:ccdag_utils.py:runtime_stat:{"task_name": "storeclass1", "event": "queue_start_process", "filename": "home_storeclass1_69136477imgfireenginejobid1.JPEG", "unix_time": 1620686532.658593}
INFO:ccdag_utils.py:runtime_stat:{"task_name": "storeclass1", "event": "queue_end_process", "filename": "storeclass1_lccenc1_69136477imgfireenginejobid1.JPEG", "unix_time": 1620686532.6604748}
INFO:ccdag_utils.py:runtime_stat:{"task_name": "storeclass1", "event": "queue_start_process", "filename": "resnet2_storeclass1_90678799imgfireenginejobid1.JPEG", "unix_time": 1620686532.6610055}
INFO:ccdag_utils.py:runtime_stat:{"task_name": "storeclass1", "event": "queue_end_process", "filename": "storeclass1_lccenc1_90678799imgfireenginejobid1.JPEG", "unix_time": 1620686532.6625905}
INFO:ccdag_utils.py:runtime_stat:{"task_name": "storeclass1", "event": "queue_start_process", "filename": "resnet3_storeclass1_13075669imgfireenginejobid1.JPEG", "unix_time": 1620686532.663152}
INFO:circe.py:runtime_stat:{"task_name": "circe", "event": "new_output_file", "filename": "storeclass1_lccenc1_69136477imgfireenginejobid1.JPEG", "unix_time": 1620686532.6681426}
DEBUG:transfer.py:sshpass -p PASSWORD scp -P 5000 -o StrictHostKeyChecking=no /jupiter/circe_output/storeclass1_lccenc1_69136477imgfireenginejobid1.JPEG root@10.101.12.198:/jupiter/circe_input/
INFO:ccdag_utils.py:runtime_stat:{"task_name": "storeclass1", "event": "queue_end_process", "filename": "storeclass1_lccenc1_13075669imgfireenginejobid1.JPEG", "unix_time": 1620686532.675799}
INFO:ccdag_utils.py:runtime_stat:{"task_name": "storeclass1", "event": "queue_start_process", "filename": "resnet1_storeclass1_96884923imgfireenginejobid1.JPEG", "unix_time": 1620686532.6769674}
INFO:ccdag_utils.py:runtime_stat:{"task_name": "storeclass1", "event": "queue_end_process", "filename": "storeclass1_lccenc1_96884923imgfireenginejobid1.JPEG", "unix_time": 1620686532.679189}
INFO:ccdag_utils.py:runtime_stat:{"task_name": "storeclass1", "event": "queue_start_process", "filename": "resnet0_storeclass1_23969526imgfireenginejobid1.JPEG", "unix_time": 1620686532.680487}
INFO:ccdag_utils.py:runtime_stat:{"task_name": "storeclass1", "event": "queue_end_process", "filename": "storeclass1_lccenc1_23969526imgfireenginejobid1.JPEG", "unix_time": 1620686532.6856298}
INFO:ccdag_utils.py:runtime_stat:{"task_name": "storeclass1", "event": "queue_start_process", "filename": "resnet6_storeclass1_81874433imgfireenginejobid1.JPEG", "unix_time": 1620686532.6867526}
INFO:ccdag_utils.py:runtime_stat:{"task_name": "storeclass1", "event": "queue_end_process", "filename": "storeclass1_lccenc1_81874433imgfireenginejobid1.JPEG", "unix_time": 1620686532.6902385}
DEBUG:transfer.py:transfer successful!
INFO:circe.py:runtime_stat:{"task_name": "circe", "event": "new_output_file", "filename": "storeclass1_lccenc1_90678799imgfireenginejobid1.JPEG", "unix_time": 1620686532.9059732}
DEBUG:transfer.py:sshpass -p PASSWORD scp -P 5000 -o StrictHostKeyChecking=no /jupiter/circe_output/storeclass1_lccenc1_90678799imgfireenginejobid1.JPEG root@10.101.12.198:/jupiter/circe_input/
DEBUG:transfer.py:transfer successful!
INFO:circe.py:runtime_stat:{"task_name": "circe", "event": "new_output_file", "filename": "storeclass1_lccenc1_13075669imgfireenginejobid1.JPEG", "unix_time": 1620686533.1257403}
DEBUG:transfer.py:sshpass -p PASSWORD scp -P 5000 -o StrictHostKeyChecking=no /jupiter/circe_output/storeclass1_lccenc1_13075669imgfireenginejobid1.JPEG root@10.101.12.198:/jupiter/circe_input/
DEBUG:transfer.py:transfer successful!
INFO:circe.py:runtime_stat:{"task_name": "circe", "event": "new_output_file", "filename": "storeclass1_lccenc1_96884923imgfireenginejobid1.JPEG", "unix_time": 1620686533.3686092}
DEBUG:transfer.py:sshpass -p PASSWORD scp -P 5000 -o StrictHostKeyChecking=no /jupiter/circe_output/storeclass1_lccenc1_96884923imgfireenginejobid1.JPEG root@10.101.12.198:/jupiter/circe_input/
DEBUG:transfer.py:transfer successful!
INFO:circe.py:runtime_stat:{"task_name": "circe", "event": "new_output_file", "filename": "storeclass1_lccenc1_23969526imgfireenginejobid1.JPEG", "unix_time": 1620686533.572543}
DEBUG:transfer.py:sshpass -p PASSWORD scp -P 5000 -o StrictHostKeyChecking=no /jupiter/circe_output/storeclass1_lccenc1_23969526imgfireenginejobid1.JPEG root@10.101.12.198:/jupiter/circe_input/
DEBUG:transfer.py:transfer successful!
INFO:circe.py:runtime_stat:{"task_name": "circe", "event": "new_output_file", "filename": "storeclass1_lccenc1_81874433imgfireenginejobid1.JPEG", "unix_time": 1620686533.7876809}
DEBUG:transfer.py:sshpass -p PASSWORD scp -P 5000 -o StrictHostKeyChecking=no /jupiter/circe_output/storeclass1_lccenc1_81874433imgfireenginejobid1.JPEG root@10.101.12.198:/jupiter/circe_input/
DEBUG:transfer.py:transfer successful!
INFO:circe.py:runtime_stat:{"task_name": "circe", "event": "new_input_file", "filename": "resnet6_storeclass1_30189241imgfireenginejobid2.JPEG", "unix_time": 1620686541.85138}
INFO:circe.py:runtime_stat:{"task_name": "circe", "event": "new_input_file", "filename": "resnet3_storeclass1_57930076imgfireenginejobid2.JPEG", "unix_time": 1620686541.9316478}
INFO:circe.py:runtime_stat:{"task_name": "circe", "event": "new_input_file", "filename": "resnet5_storeclass1_62275522imgfireenginejobid2.JPEG", "unix_time": 1620686542.2930548}
INFO:circe.py:runtime_stat:{"task_name": "circe", "event": "new_input_file", "filename": "resnet2_storeclass1_39423175imgfireenginejobid2.JPEG", "unix_time": 1620686542.340116}
INFO:circe.py:runtime_stat:{"task_name": "circe", "event": "new_input_file", "filename": "resnet4_storeclass1_66857518imgfireenginejobid2.JPEG", "unix_time": 1620686542.5056129}
INFO:ccdag_utils.py:runtime_stat:{"task_name": "storeclass1", "event": "queue_start_process", "filename": "resnet6_storeclass1_30189241imgfireenginejobid2.JPEG", "unix_time": 1620686542.6991398}
INFO:circe.py:runtime_stat:{"task_name": "circe", "event": "new_output_file", "filename": "storeclass1_lccenc1_30189241imgfireenginejobid2.JPEG", "unix_time": 1620686542.704496}
DEBUG:transfer.py:sshpass -p PASSWORD scp -P 5000 -o StrictHostKeyChecking=no /jupiter/circe_output/storeclass1_lccenc1_30189241imgfireenginejobid2.JPEG root@10.101.12.198:/jupiter/circe_input/
INFO:ccdag_utils.py:runtime_stat:{"task_name": "storeclass1", "event": "queue_end_process", "filename": "storeclass1_lccenc1_30189241imgfireenginejobid2.JPEG", "unix_time": 1620686542.7050595}
INFO:ccdag_utils.py:runtime_stat:{"task_name": "storeclass1", "event": "queue_start_process", "filename": "resnet3_storeclass1_57930076imgfireenginejobid2.JPEG", "unix_time": 1620686542.7091827}
INFO:ccdag_utils.py:runtime_stat:{"task_name": "storeclass1", "event": "queue_end_process", "filename": "storeclass1_lccenc1_57930076imgfireenginejobid2.JPEG", "unix_time": 1620686542.715711}
INFO:ccdag_utils.py:runtime_stat:{"task_name": "storeclass1", "event": "queue_start_process", "filename": "resnet5_storeclass1_62275522imgfireenginejobid2.JPEG", "unix_time": 1620686542.7160866}
INFO:ccdag_utils.py:runtime_stat:{"task_name": "storeclass1", "event": "queue_end_process", "filename": "storeclass1_lccenc1_62275522imgfireenginejobid2.JPEG", "unix_time": 1620686542.7174342}
INFO:ccdag_utils.py:runtime_stat:{"task_name": "storeclass1", "event": "queue_start_process", "filename": "resnet2_storeclass1_39423175imgfireenginejobid2.JPEG", "unix_time": 1620686542.7177572}
INFO:ccdag_utils.py:runtime_stat:{"task_name": "storeclass1", "event": "queue_end_process", "filename": "storeclass1_lccenc1_39423175imgfireenginejobid2.JPEG", "unix_time": 1620686542.7191677}
INFO:ccdag_utils.py:runtime_stat:{"task_name": "storeclass1", "event": "queue_start_process", "filename": "resnet4_storeclass1_66857518imgfireenginejobid2.JPEG", "unix_time": 1620686542.7194896}
INFO:ccdag_utils.py:runtime_stat:{"task_name": "storeclass1", "event": "queue_end_process", "filename": "storeclass1_lccenc1_66857518imgfireenginejobid2.JPEG", "unix_time": 1620686542.7207482}
INFO:circe.py:runtime_stat:{"task_name": "circe", "event": "new_input_file", "filename": "resnet7_storeclass1_08634002imgfireenginejobid2.JPEG", "unix_time": 1620686542.738033}
DEBUG:transfer.py:transfer successful!
INFO:circe.py:runtime_stat:{"task_name": "circe", "event": "new_output_file", "filename": "storeclass1_lccenc1_57930076imgfireenginejobid2.JPEG", "unix_time": 1620686542.9429698}
DEBUG:transfer.py:sshpass -p PASSWORD scp -P 5000 -o StrictHostKeyChecking=no /jupiter/circe_output/storeclass1_lccenc1_57930076imgfireenginejobid2.JPEG root@10.101.12.198:/jupiter/circe_input/
DEBUG:transfer.py:transfer successful!
INFO:circe.py:runtime_stat:{"task_name": "circe", "event": "new_output_file", "filename": "storeclass1_lccenc1_62275522imgfireenginejobid2.JPEG", "unix_time": 1620686543.1642485}
DEBUG:transfer.py:sshpass -p PASSWORD scp -P 5000 -o StrictHostKeyChecking=no /jupiter/circe_output/storeclass1_lccenc1_62275522imgfireenginejobid2.JPEG root@10.101.12.198:/jupiter/circe_input/
DEBUG:transfer.py:transfer successful!
INFO:circe.py:runtime_stat:{"task_name": "circe", "event": "new_output_file", "filename": "storeclass1_lccenc1_39423175imgfireenginejobid2.JPEG", "unix_time": 1620686543.405083}
DEBUG:transfer.py:sshpass -p PASSWORD scp -P 5000 -o StrictHostKeyChecking=no /jupiter/circe_output/storeclass1_lccenc1_39423175imgfireenginejobid2.JPEG root@10.101.12.198:/jupiter/circe_input/
DEBUG:transfer.py:transfer successful!
INFO:circe.py:runtime_stat:{"task_name": "circe", "event": "new_output_file", "filename": "storeclass1_lccenc1_66857518imgfireenginejobid2.JPEG", "unix_time": 1620686543.671668}
DEBUG:transfer.py:sshpass -p PASSWORD scp -P 5000 -o StrictHostKeyChecking=no /jupiter/circe_output/storeclass1_lccenc1_66857518imgfireenginejobid2.JPEG root@10.101.12.198:/jupiter/circe_input/
INFO:circe.py:runtime_stat:{"task_name": "circe", "event": "new_input_file", "filename": "home_storeclass1_93045944imgfireenginejobid2.JPEG", "unix_time": 1620686543.6866293}
INFO:ccdag_utils.py:runtime_stat:{"task_name": "storeclass1", "event": "queue_start_process", "filename": "resnet7_storeclass1_08634002imgfireenginejobid2.JPEG", "unix_time": 1620686543.7222652}
INFO:ccdag_utils.py:runtime_stat:{"task_name": "storeclass1", "event": "queue_end_process", "filename": "storeclass1_lccenc1_08634002imgfireenginejobid2.JPEG", "unix_time": 1620686543.7258713}
INFO:ccdag_utils.py:runtime_stat:{"task_name": "storeclass1", "event": "queue_start_process", "filename": "home_storeclass1_93045944imgfireenginejobid2.JPEG", "unix_time": 1620686543.726343}
INFO:ccdag_utils.py:runtime_stat:{"task_name": "storeclass1", "event": "queue_end_process", "filename": "storeclass1_lccenc1_93045944imgfireenginejobid2.JPEG", "unix_time": 1620686543.7312427}
DEBUG:transfer.py:transfer successful!
INFO:circe.py:runtime_stat:{"task_name": "circe", "event": "new_output_file", "filename": "storeclass1_lccenc1_08634002imgfireenginejobid2.JPEG", "unix_time": 1620686543.9192374}
DEBUG:transfer.py:sshpass -p PASSWORD scp -P 5000 -o StrictHostKeyChecking=no /jupiter/circe_output/storeclass1_lccenc1_08634002imgfireenginejobid2.JPEG root@10.101.12.198:/jupiter/circe_input/
DEBUG:transfer.py:transfer successful!
INFO:circe.py:runtime_stat:{"task_name": "circe", "event": "new_output_file", "filename": "storeclass1_lccenc1_93045944imgfireenginejobid2.JPEG", "unix_time": 1620686544.138358}
DEBUG:transfer.py:sshpass -p PASSWORD scp -P 5000 -o StrictHostKeyChecking=no /jupiter/circe_output/storeclass1_lccenc1_93045944imgfireenginejobid2.JPEG root@10.101.12.198:/jupiter/circe_input/
DEBUG:transfer.py:transfer successful!
INFO:circe.py:runtime_stat:{"task_name": "circe", "event": "new_input_file", "filename": "resnet0_storeclass1_99571220imgfireenginejobid3.JPEG", "unix_time": 1620686552.0996466}
INFO:circe.py:runtime_stat:{"task_name": "circe", "event": "new_input_file", "filename": "home_storeclass1_20067291imgfireenginejobid3.JPEG", "unix_time": 1620686552.7296956}
INFO:ccdag_utils.py:runtime_stat:{"task_name": "storeclass1", "event": "queue_start_process", "filename": "resnet0_storeclass1_99571220imgfireenginejobid3.JPEG", "unix_time": 1620686552.7430387}
INFO:ccdag_utils.py:runtime_stat:{"task_name": "storeclass1", "event": "queue_end_process", "filename": "storeclass1_lccenc1_99571220imgfireenginejobid3.JPEG", "unix_time": 1620686552.7447512}
INFO:ccdag_utils.py:runtime_stat:{"task_name": "storeclass1", "event": "queue_start_process", "filename": "home_storeclass1_20067291imgfireenginejobid3.JPEG", "unix_time": 1620686552.745088}
INFO:circe.py:runtime_stat:{"task_name": "circe", "event": "new_output_file", "filename": "storeclass1_lccenc1_99571220imgfireenginejobid3.JPEG", "unix_time": 1620686552.7479374}
INFO:ccdag_utils.py:runtime_stat:{"task_name": "storeclass1", "event": "queue_end_process", "filename": "storeclass1_lccenc1_20067291imgfireenginejobid3.JPEG", "unix_time": 1620686552.749003}
DEBUG:transfer.py:sshpass -p PASSWORD scp -P 5000 -o StrictHostKeyChecking=no /jupiter/circe_output/storeclass1_lccenc1_99571220imgfireenginejobid3.JPEG root@10.101.12.198:/jupiter/circe_input/
DEBUG:transfer.py:transfer successful!
INFO:circe.py:runtime_stat:{"task_name": "circe", "event": "new_output_file", "filename": "storeclass1_lccenc1_20067291imgfireenginejobid3.JPEG", "unix_time": 1620686552.9962797}
DEBUG:transfer.py:sshpass -p PASSWORD scp -P 5000 -o StrictHostKeyChecking=no /jupiter/circe_output/storeclass1_lccenc1_20067291imgfireenginejobid3.JPEG root@10.101.12.198:/jupiter/circe_input/
DEBUG:transfer.py:transfer successful!
INFO:circe.py:runtime_stat:{"task_name": "circe", "event": "new_input_file", "filename": "resnet7_storeclass1_11670993imgfireenginejobid4.JPEG", "unix_time": 1620686562.7474444}
INFO:ccdag_utils.py:runtime_stat:{"task_name": "storeclass1", "event": "queue_start_process", "filename": "resnet7_storeclass1_11670993imgfireenginejobid4.JPEG", "unix_time": 1620686562.7661827}
INFO:ccdag_utils.py:runtime_stat:{"task_name": "storeclass1", "event": "queue_end_process", "filename": "storeclass1_lccenc1_11670993imgfireenginejobid4.JPEG", "unix_time": 1620686562.7732985}
INFO:circe.py:runtime_stat:{"task_name": "circe", "event": "new_output_file", "filename": "storeclass1_lccenc1_11670993imgfireenginejobid4.JPEG", "unix_time": 1620686562.7742195}
DEBUG:transfer.py:sshpass -p PASSWORD scp -P 5000 -o StrictHostKeyChecking=no /jupiter/circe_output/storeclass1_lccenc1_11670993imgfireenginejobid4.JPEG root@10.101.12.198:/jupiter/circe_input/
INFO:circe.py:runtime_stat:{"task_name": "circe", "event": "new_input_file", "filename": "resnet6_storeclass1_97116813imgfireenginejobid4.JPEG", "unix_time": 1620686562.7835567}
DEBUG:transfer.py:transfer successful!
INFO:circe.py:runtime_stat:{"task_name": "circe", "event": "new_input_file", "filename": "resnet4_storeclass1_55697092imgfireenginejobid4.JPEG", "unix_time": 1620686563.0068326}
INFO:circe.py:runtime_stat:{"task_name": "circe", "event": "new_input_file", "filename": "resnet5_storeclass1_88995194imgfireenginejobid4.JPEG", "unix_time": 1620686563.63037}
INFO:circe.py:runtime_stat:{"task_name": "circe", "event": "new_input_file", "filename": "home_storeclass1_80648845imgfireenginejobid4.JPEG", "unix_time": 1620686563.6811566}
INFO:ccdag_utils.py:runtime_stat:{"task_name": "storeclass1", "event": "queue_start_process", "filename": "resnet6_storeclass1_97116813imgfireenginejobid4.JPEG", "unix_time": 1620686563.7748473}
INFO:circe.py:runtime_stat:{"task_name": "circe", "event": "new_output_file", "filename": "storeclass1_lccenc1_97116813imgfireenginejobid4.JPEG", "unix_time": 1620686563.7851365}
DEBUG:transfer.py:sshpass -p PASSWORD scp -P 5000 -o StrictHostKeyChecking=no /jupiter/circe_output/storeclass1_lccenc1_97116813imgfireenginejobid4.JPEG root@10.101.12.198:/jupiter/circe_input/
INFO:ccdag_utils.py:runtime_stat:{"task_name": "storeclass1", "event": "queue_end_process", "filename": "storeclass1_lccenc1_97116813imgfireenginejobid4.JPEG", "unix_time": 1620686563.7859771}
INFO:ccdag_utils.py:runtime_stat:{"task_name": "storeclass1", "event": "queue_start_process", "filename": "resnet4_storeclass1_55697092imgfireenginejobid4.JPEG", "unix_time": 1620686563.7901607}
INFO:ccdag_utils.py:runtime_stat:{"task_name": "storeclass1", "event": "queue_end_process", "filename": "storeclass1_lccenc1_55697092imgfireenginejobid4.JPEG", "unix_time": 1620686563.7978559}
INFO:ccdag_utils.py:runtime_stat:{"task_name": "storeclass1", "event": "queue_start_process", "filename": "resnet5_storeclass1_88995194imgfireenginejobid4.JPEG", "unix_time": 1620686563.7986488}
INFO:ccdag_utils.py:runtime_stat:{"task_name": "storeclass1", "event": "queue_end_process", "filename": "storeclass1_lccenc1_88995194imgfireenginejobid4.JPEG", "unix_time": 1620686563.8034267}
INFO:ccdag_utils.py:runtime_stat:{"task_name": "storeclass1", "event": "queue_start_process", "filename": "home_storeclass1_80648845imgfireenginejobid4.JPEG", "unix_time": 1620686563.8037574}
INFO:ccdag_utils.py:runtime_stat:{"task_name": "storeclass1", "event": "queue_end_process", "filename": "storeclass1_lccenc1_80648845imgfireenginejobid4.JPEG", "unix_time": 1620686563.8099635}
DEBUG:transfer.py:transfer successful!
INFO:circe.py:runtime_stat:{"task_name": "circe", "event": "new_output_file", "filename": "storeclass1_lccenc1_55697092imgfireenginejobid4.JPEG", "unix_time": 1620686564.0174196}
DEBUG:transfer.py:sshpass -p PASSWORD scp -P 5000 -o StrictHostKeyChecking=no /jupiter/circe_output/storeclass1_lccenc1_55697092imgfireenginejobid4.JPEG root@10.101.12.198:/jupiter/circe_input/
DEBUG:transfer.py:transfer successful!
INFO:circe.py:runtime_stat:{"task_name": "circe", "event": "new_output_file", "filename": "storeclass1_lccenc1_88995194imgfireenginejobid4.JPEG", "unix_time": 1620686564.2439132}
DEBUG:transfer.py:sshpass -p PASSWORD scp -P 5000 -o StrictHostKeyChecking=no /jupiter/circe_output/storeclass1_lccenc1_88995194imgfireenginejobid4.JPEG root@10.101.12.198:/jupiter/circe_input/
DEBUG:transfer.py:transfer successful!
INFO:circe.py:runtime_stat:{"task_name": "circe", "event": "new_output_file", "filename": "storeclass1_lccenc1_80648845imgfireenginejobid4.JPEG", "unix_time": 1620686564.4788983}
DEBUG:transfer.py:sshpass -p PASSWORD scp -P 5000 -o StrictHostKeyChecking=no /jupiter/circe_output/storeclass1_lccenc1_80648845imgfireenginejobid4.JPEG root@10.101.12.198:/jupiter/circe_input/
DEBUG:transfer.py:transfer successful!
INFO:circe.py:runtime_stat:{"task_name": "circe", "event": "new_input_file", "filename": "resnet7_storeclass1_74627703imgschoolbusjobid26.JPEG", "unix_time": 1620686811.2221305}
INFO:circe.py:runtime_stat:{"task_name": "circe", "event": "new_input_file", "filename": "resnet6_storeclass1_73566677imgschoolbusjobid26.JPEG", "unix_time": 1620686812.1106472}
INFO:ccdag_utils.py:runtime_stat:{"task_name": "storeclass1", "event": "queue_start_process", "filename": "resnet7_storeclass1_74627703imgschoolbusjobid26.JPEG", "unix_time": 1620686812.1172976}
INFO:circe.py:runtime_stat:{"task_name": "circe", "event": "new_output_file", "filename": "storeclass1_lccenc1_74627703imgschoolbusjobid26.JPEG", "unix_time": 1620686812.1231763}
DEBUG:transfer.py:sshpass -p PASSWORD scp -P 5000 -o StrictHostKeyChecking=no /jupiter/circe_output/storeclass1_lccenc1_74627703imgschoolbusjobid26.JPEG root@10.101.12.198:/jupiter/circe_input/
INFO:ccdag_utils.py:runtime_stat:{"task_name": "storeclass1", "event": "queue_end_process", "filename": "storeclass1_lccenc1_74627703imgschoolbusjobid26.JPEG", "unix_time": 1620686812.1266503}
INFO:ccdag_utils.py:runtime_stat:{"task_name": "storeclass1", "event": "queue_start_process", "filename": "resnet6_storeclass1_73566677imgschoolbusjobid26.JPEG", "unix_time": 1620686812.1287518}
INFO:ccdag_utils.py:runtime_stat:{"task_name": "storeclass1", "event": "queue_end_process", "filename": "storeclass1_lccenc1_73566677imgschoolbusjobid26.JPEG", "unix_time": 1620686812.1309557}
DEBUG:transfer.py:transfer successful!
INFO:circe.py:runtime_stat:{"task_name": "circe", "event": "new_output_file", "filename": "storeclass1_lccenc1_73566677imgschoolbusjobid26.JPEG", "unix_time": 1620686812.3414319}
DEBUG:transfer.py:sshpass -p PASSWORD scp -P 5000 -o StrictHostKeyChecking=no /jupiter/circe_output/storeclass1_lccenc1_73566677imgschoolbusjobid26.JPEG root@10.101.12.198:/jupiter/circe_input/
DEBUG:transfer.py:transfer successful!
INFO:circe.py:runtime_stat:{"task_name": "circe", "event": "new_input_file", "filename": "resnet0_storeclass1_60943922imgschoolbusjobid27.JPEG", "unix_time": 1620686823.9253972}
INFO:ccdag_utils.py:runtime_stat:{"task_name": "storeclass1", "event": "queue_start_process", "filename": "resnet0_storeclass1_60943922imgschoolbusjobid27.JPEG", "unix_time": 1620686824.1471212}
INFO:ccdag_utils.py:runtime_stat:{"task_name": "storeclass1", "event": "queue_end_process", "filename": "storeclass1_lccenc1_60943922imgschoolbusjobid27.JPEG", "unix_time": 1620686824.15569}
INFO:circe.py:runtime_stat:{"task_name": "circe", "event": "new_output_file", "filename": "storeclass1_lccenc1_60943922imgschoolbusjobid27.JPEG", "unix_time": 1620686824.1565878}
DEBUG:transfer.py:sshpass -p PASSWORD scp -P 5000 -o StrictHostKeyChecking=no /jupiter/circe_output/storeclass1_lccenc1_60943922imgschoolbusjobid27.JPEG root@10.101.12.198:/jupiter/circe_input/
DEBUG:transfer.py:transfer successful!
