 * Starting OpenBSD Secure Shell server sshd
   ...done.
INFO:circe.py:Using base script lccenc.py
DEBUG:circe.py:starting the input monitoring process
DEBUG:circe.py:starting the output monitoring process
6
INFO:circe.py:runtime_stat:{"task_name": "circe", "event": "new_input_file", "filename": "storeclass6_lccenc6_49974823imgpersiancatjobid16.JPEG", "unix_time": 1620683210.3429577}
INFO:circe.py:runtime_stat:{"task_name": "circe", "event": "new_input_file", "filename": "storeclass6_lccenc6_67278984imgpersiancatjobid16.JPEG", "unix_time": 1620683212.334544}
INFO:circe.py:runtime_stat:{"task_name": "circe", "event": "new_input_file", "filename": "storeclass6_lccenc6_34807786imgpersiancatjobid17.JPEG", "unix_time": 1620683224.410325}
INFO:circe.py:runtime_stat:{"task_name": "circe", "event": "new_input_file", "filename": "storeclass6_lccenc6_84231355imgpersiancatjobid17.JPEG", "unix_time": 1620683224.614236}
INFO:ccdag_utils.py:runtime_stat:{"task_name": "lccenc6", "event": "queue_start_process", "filename": "storeclass6_lccenc6_49974823imgpersiancatjobid16.JPEG", "unix_time": 1620683224.6798005}
INFO:ccdag_utils.py:runtime_stat:{"task_name": "lccenc6", "event": "queue_start_process", "filename": "storeclass6_lccenc6_67278984imgpersiancatjobid16.JPEG", "unix_time": 1620683224.6801827}
INFO:ccdag_utils.py:runtime_stat:{"task_name": "lccenc6", "event": "queue_start_process", "filename": "storeclass6_lccenc6_34807786imgpersiancatjobid17.JPEG", "unix_time": 1620683224.680464}
INFO:ccdag_utils.py:runtime_stat:{"task_name": "lccenc6", "event": "queue_start_process", "filename": "storeclass6_lccenc6_84231355imgpersiancatjobid17.JPEG", "unix_time": 1620683224.680802}
INFO:circe.py:runtime_stat:{"task_name": "circe", "event": "new_input_file", "filename": "storeclass6_lccenc6_06937528imgpersiancatjobid17.JPEG", "unix_time": 1620683224.8323116}
INFO:circe.py:runtime_stat:{"task_name": "circe", "event": "new_input_file", "filename": "storeclass6_lccenc6_02341092imgpersiancatjobid17.JPEG", "unix_time": 1620683225.3758802}
INFO:ccdag_utils.py:runtime_stat:{"task_name": "lccenc6", "event": "queue_end_process", "filename": "lccenc6_score6a_5#49974823-5#67278984-5#34807786-5#84231355jobid1.csv", "unix_time": 1620683225.881474}
INFO:circe.py:runtime_stat:{"task_name": "circe", "event": "new_output_file", "filename": "lccenc6_score6a_5#49974823-5#67278984-5#34807786-5#84231355jobid1.csv", "unix_time": 1620683225.8823383}
DEBUG:transfer.py:sshpass -p PASSWORD scp -P 5000 -o StrictHostKeyChecking=no /jupiter/circe_output/lccenc6_score6a_5#49974823-5#67278984-5#34807786-5#84231355jobid1.csv root@10.104.183.167:/jupiter/circe_input/
Warning: Permanently added '[10.104.183.167]:5000' (ECDSA) to the list of known hosts.
DEBUG:transfer.py:transfer successful!
INFO:ccdag_utils.py:runtime_stat:{"task_name": "lccenc6", "event": "queue_end_process", "filename": "lccenc6_score6b_5#49974823-5#67278984-5#34807786-5#84231355jobid1.csv", "unix_time": 1620683226.8707786}
INFO:circe.py:runtime_stat:{"task_name": "circe", "event": "new_output_file", "filename": "lccenc6_score6b_5#49974823-5#67278984-5#34807786-5#84231355jobid1.csv", "unix_time": 1620683226.906655}
DEBUG:transfer.py:sshpass -p PASSWORD scp -P 5000 -o StrictHostKeyChecking=no /jupiter/circe_output/lccenc6_score6b_5#49974823-5#67278984-5#34807786-5#84231355jobid1.csv root@10.97.243.242:/jupiter/circe_input/
Warning: Permanently added '[10.97.243.242]:5000' (ECDSA) to the list of known hosts.
DEBUG:transfer.py:transfer successful!
INFO:circe.py:runtime_stat:{"task_name": "circe", "event": "new_output_file", "filename": "lccenc6_score6c_5#49974823-5#67278984-5#34807786-5#84231355jobid1.csv", "unix_time": 1620683227.893676}
DEBUG:transfer.py:sshpass -p PASSWORD scp -P 5000 -o StrictHostKeyChecking=no /jupiter/circe_output/lccenc6_score6c_5#49974823-5#67278984-5#34807786-5#84231355jobid1.csv root@10.106.209.222:/jupiter/circe_input/
INFO:ccdag_utils.py:runtime_stat:{"task_name": "lccenc6", "event": "queue_end_process", "filename": "lccenc6_score6c_5#49974823-5#67278984-5#34807786-5#84231355jobid1.csv", "unix_time": 1620683227.898517}
Warning: Permanently added '[10.106.209.222]:5000' (ECDSA) to the list of known hosts.
DEBUG:transfer.py:transfer successful!
INFO:circe.py:runtime_stat:{"task_name": "circe", "event": "new_input_file", "filename": "storeclass6_lccenc6_55664283imgpersiancatjobid18.JPEG", "unix_time": 1620683236.4341667}
INFO:circe.py:runtime_stat:{"task_name": "circe", "event": "new_input_file", "filename": "storeclass6_lccenc6_30944888imgpersiancatjobid18.JPEG", "unix_time": 1620683236.6530602}
INFO:ccdag_utils.py:runtime_stat:{"task_name": "lccenc6", "event": "queue_start_process", "filename": "storeclass6_lccenc6_06937528imgpersiancatjobid17.JPEG", "unix_time": 1620683236.9088361}
INFO:ccdag_utils.py:runtime_stat:{"task_name": "lccenc6", "event": "queue_start_process", "filename": "storeclass6_lccenc6_02341092imgpersiancatjobid17.JPEG", "unix_time": 1620683236.9092407}
INFO:ccdag_utils.py:runtime_stat:{"task_name": "lccenc6", "event": "queue_start_process", "filename": "storeclass6_lccenc6_55664283imgpersiancatjobid18.JPEG", "unix_time": 1620683236.9094625}
INFO:ccdag_utils.py:runtime_stat:{"task_name": "lccenc6", "event": "queue_start_process", "filename": "storeclass6_lccenc6_30944888imgpersiancatjobid18.JPEG", "unix_time": 1620683236.9096427}
INFO:circe.py:runtime_stat:{"task_name": "circe", "event": "new_input_file", "filename": "storeclass6_lccenc6_16242762imgpersiancatjobid18.JPEG", "unix_time": 1620683237.5827358}
INFO:circe.py:runtime_stat:{"task_name": "circe", "event": "new_input_file", "filename": "storeclass6_lccenc6_33539759imgpersiancatjobid18.JPEG", "unix_time": 1620683238.1031337}
INFO:ccdag_utils.py:runtime_stat:{"task_name": "lccenc6", "event": "queue_end_process", "filename": "lccenc6_score6a_5#06937528-5#02341092-5#55664283-5#30944888jobid2.csv", "unix_time": 1620683238.1143453}
INFO:circe.py:runtime_stat:{"task_name": "circe", "event": "new_output_file", "filename": "lccenc6_score6a_5#06937528-5#02341092-5#55664283-5#30944888jobid2.csv", "unix_time": 1620683238.12473}
DEBUG:transfer.py:sshpass -p PASSWORD scp -P 5000 -o StrictHostKeyChecking=no /jupiter/circe_output/lccenc6_score6a_5#06937528-5#02341092-5#55664283-5#30944888jobid2.csv root@10.104.183.167:/jupiter/circe_input/
DEBUG:transfer.py:transfer successful!
INFO:ccdag_utils.py:runtime_stat:{"task_name": "lccenc6", "event": "queue_end_process", "filename": "lccenc6_score6b_5#06937528-5#02341092-5#55664283-5#30944888jobid2.csv", "unix_time": 1620683239.107032}
INFO:circe.py:runtime_stat:{"task_name": "circe", "event": "new_output_file", "filename": "lccenc6_score6b_5#06937528-5#02341092-5#55664283-5#30944888jobid2.csv", "unix_time": 1620683239.144564}
DEBUG:transfer.py:sshpass -p PASSWORD scp -P 5000 -o StrictHostKeyChecking=no /jupiter/circe_output/lccenc6_score6b_5#06937528-5#02341092-5#55664283-5#30944888jobid2.csv root@10.97.243.242:/jupiter/circe_input/
DEBUG:transfer.py:transfer successful!
INFO:circe.py:runtime_stat:{"task_name": "circe", "event": "new_output_file", "filename": "lccenc6_score6c_5#06937528-5#02341092-5#55664283-5#30944888jobid2.csv", "unix_time": 1620683240.1458478}
DEBUG:transfer.py:sshpass -p PASSWORD scp -P 5000 -o StrictHostKeyChecking=no /jupiter/circe_output/lccenc6_score6c_5#06937528-5#02341092-5#55664283-5#30944888jobid2.csv root@10.106.209.222:/jupiter/circe_input/
INFO:ccdag_utils.py:runtime_stat:{"task_name": "lccenc6", "event": "queue_end_process", "filename": "lccenc6_score6c_5#06937528-5#02341092-5#55664283-5#30944888jobid2.csv", "unix_time": 1620683240.1503603}
DEBUG:transfer.py:transfer successful!
INFO:circe.py:runtime_stat:{"task_name": "circe", "event": "new_input_file", "filename": "storeclass6_lccenc6_52676817imgpersiancatjobid19.JPEG", "unix_time": 1620683246.4948063}
INFO:circe.py:runtime_stat:{"task_name": "circe", "event": "new_input_file", "filename": "storeclass6_lccenc6_81114082imgpersiancatjobid19.JPEG", "unix_time": 1620683246.7209783}
INFO:circe.py:runtime_stat:{"task_name": "circe", "event": "new_input_file", "filename": "storeclass6_lccenc6_29673304imgpersiancatjobid19.JPEG", "unix_time": 1620683246.9538527}
INFO:ccdag_utils.py:runtime_stat:{"task_name": "lccenc6", "event": "queue_start_process", "filename": "storeclass6_lccenc6_16242762imgpersiancatjobid18.JPEG", "unix_time": 1620683247.1678467}
INFO:ccdag_utils.py:runtime_stat:{"task_name": "lccenc6", "event": "queue_start_process", "filename": "storeclass6_lccenc6_33539759imgpersiancatjobid18.JPEG", "unix_time": 1620683247.1683886}
INFO:ccdag_utils.py:runtime_stat:{"task_name": "lccenc6", "event": "queue_start_process", "filename": "storeclass6_lccenc6_52676817imgpersiancatjobid19.JPEG", "unix_time": 1620683247.168654}
INFO:ccdag_utils.py:runtime_stat:{"task_name": "lccenc6", "event": "queue_start_process", "filename": "storeclass6_lccenc6_81114082imgpersiancatjobid19.JPEG", "unix_time": 1620683247.1688712}
INFO:circe.py:runtime_stat:{"task_name": "circe", "event": "new_input_file", "filename": "storeclass6_lccenc6_19012740imgpersiancatjobid19.JPEG", "unix_time": 1620683247.284178}
INFO:circe.py:runtime_stat:{"task_name": "circe", "event": "new_output_file", "filename": "lccenc6_score6a_5#16242762-5#33539759-5#52676817-5#81114082jobid3.csv", "unix_time": 1620683248.3817651}
DEBUG:transfer.py:sshpass -p PASSWORD scp -P 5000 -o StrictHostKeyChecking=no /jupiter/circe_output/lccenc6_score6a_5#16242762-5#33539759-5#52676817-5#81114082jobid3.csv root@10.104.183.167:/jupiter/circe_input/
INFO:ccdag_utils.py:runtime_stat:{"task_name": "lccenc6", "event": "queue_end_process", "filename": "lccenc6_score6a_5#16242762-5#33539759-5#52676817-5#81114082jobid3.csv", "unix_time": 1620683248.3824768}
DEBUG:transfer.py:transfer successful!
INFO:ccdag_utils.py:runtime_stat:{"task_name": "lccenc6", "event": "queue_end_process", "filename": "lccenc6_score6b_5#16242762-5#33539759-5#52676817-5#81114082jobid3.csv", "unix_time": 1620683249.499375}
INFO:circe.py:runtime_stat:{"task_name": "circe", "event": "new_output_file", "filename": "lccenc6_score6b_5#16242762-5#33539759-5#52676817-5#81114082jobid3.csv", "unix_time": 1620683249.5002773}
DEBUG:transfer.py:sshpass -p PASSWORD scp -P 5000 -o StrictHostKeyChecking=no /jupiter/circe_output/lccenc6_score6b_5#16242762-5#33539759-5#52676817-5#81114082jobid3.csv root@10.97.243.242:/jupiter/circe_input/
DEBUG:transfer.py:transfer successful!
INFO:circe.py:runtime_stat:{"task_name": "circe", "event": "new_output_file", "filename": "lccenc6_score6c_5#16242762-5#33539759-5#52676817-5#81114082jobid3.csv", "unix_time": 1620683250.8049324}
DEBUG:transfer.py:sshpass -p PASSWORD scp -P 5000 -o StrictHostKeyChecking=no /jupiter/circe_output/lccenc6_score6c_5#16242762-5#33539759-5#52676817-5#81114082jobid3.csv root@10.106.209.222:/jupiter/circe_input/
INFO:ccdag_utils.py:runtime_stat:{"task_name": "lccenc6", "event": "queue_end_process", "filename": "lccenc6_score6c_5#16242762-5#33539759-5#52676817-5#81114082jobid3.csv", "unix_time": 1620683250.8095984}
DEBUG:transfer.py:transfer successful!
INFO:circe.py:runtime_stat:{"task_name": "circe", "event": "new_input_file", "filename": "storeclass6_lccenc6_16224617imgpersiancatjobid20.JPEG", "unix_time": 1620683256.4725997}
INFO:circe.py:runtime_stat:{"task_name": "circe", "event": "new_input_file", "filename": "storeclass6_lccenc6_28556540imgpersiancatjobid20.JPEG", "unix_time": 1620683256.714253}
INFO:ccdag_utils.py:runtime_stat:{"task_name": "lccenc6", "event": "queue_start_process", "filename": "storeclass6_lccenc6_29673304imgpersiancatjobid19.JPEG", "unix_time": 1620683256.8175497}
INFO:ccdag_utils.py:runtime_stat:{"task_name": "lccenc6", "event": "queue_start_process", "filename": "storeclass6_lccenc6_19012740imgpersiancatjobid19.JPEG", "unix_time": 1620683256.8180306}
INFO:ccdag_utils.py:runtime_stat:{"task_name": "lccenc6", "event": "queue_start_process", "filename": "storeclass6_lccenc6_16224617imgpersiancatjobid20.JPEG", "unix_time": 1620683256.8182726}
INFO:ccdag_utils.py:runtime_stat:{"task_name": "lccenc6", "event": "queue_start_process", "filename": "storeclass6_lccenc6_28556540imgpersiancatjobid20.JPEG", "unix_time": 1620683256.818615}
INFO:circe.py:runtime_stat:{"task_name": "circe", "event": "new_input_file", "filename": "storeclass6_lccenc6_24425863imgpersiancatjobid20.JPEG", "unix_time": 1620683256.9254687}
INFO:circe.py:runtime_stat:{"task_name": "circe", "event": "new_input_file", "filename": "storeclass6_lccenc6_30000122imgpersiancatjobid20.JPEG", "unix_time": 1620683257.4485052}
INFO:circe.py:runtime_stat:{"task_name": "circe", "event": "new_input_file", "filename": "storeclass6_lccenc6_96005016imgpersiancatjobid20.JPEG", "unix_time": 1620683257.93306}
INFO:ccdag_utils.py:runtime_stat:{"task_name": "lccenc6", "event": "queue_end_process", "filename": "lccenc6_score6a_5#29673304-5#19012740-5#16224617-5#28556540jobid4.csv", "unix_time": 1620683257.9451723}
INFO:circe.py:runtime_stat:{"task_name": "circe", "event": "new_output_file", "filename": "lccenc6_score6a_5#29673304-5#19012740-5#16224617-5#28556540jobid4.csv", "unix_time": 1620683257.946058}
DEBUG:transfer.py:sshpass -p PASSWORD scp -P 5000 -o StrictHostKeyChecking=no /jupiter/circe_output/lccenc6_score6a_5#29673304-5#19012740-5#16224617-5#28556540jobid4.csv root@10.104.183.167:/jupiter/circe_input/
DEBUG:transfer.py:transfer successful!
INFO:ccdag_utils.py:runtime_stat:{"task_name": "lccenc6", "event": "queue_end_process", "filename": "lccenc6_score6b_5#29673304-5#19012740-5#16224617-5#28556540jobid4.csv", "unix_time": 1620683258.9496765}
INFO:circe.py:runtime_stat:{"task_name": "circe", "event": "new_output_file", "filename": "lccenc6_score6b_5#29673304-5#19012740-5#16224617-5#28556540jobid4.csv", "unix_time": 1620683258.96471}
DEBUG:transfer.py:sshpass -p PASSWORD scp -P 5000 -o StrictHostKeyChecking=no /jupiter/circe_output/lccenc6_score6b_5#29673304-5#19012740-5#16224617-5#28556540jobid4.csv root@10.97.243.242:/jupiter/circe_input/
DEBUG:transfer.py:transfer successful!
INFO:circe.py:runtime_stat:{"task_name": "circe", "event": "new_output_file", "filename": "lccenc6_score6c_5#29673304-5#19012740-5#16224617-5#28556540jobid4.csv", "unix_time": 1620683260.022052}
DEBUG:transfer.py:sshpass -p PASSWORD scp -P 5000 -o StrictHostKeyChecking=no /jupiter/circe_output/lccenc6_score6c_5#29673304-5#19012740-5#16224617-5#28556540jobid4.csv root@10.106.209.222:/jupiter/circe_input/
INFO:ccdag_utils.py:runtime_stat:{"task_name": "lccenc6", "event": "queue_end_process", "filename": "lccenc6_score6c_5#29673304-5#19012740-5#16224617-5#28556540jobid4.csv", "unix_time": 1620683260.0269904}
DEBUG:transfer.py:transfer successful!
INFO:circe.py:runtime_stat:{"task_name": "circe", "event": "new_input_file", "filename": "storeclass6_lccenc6_02665613imgpersiancatjobid21.JPEG", "unix_time": 1620683267.494588}
INFO:circe.py:runtime_stat:{"task_name": "circe", "event": "new_input_file", "filename": "storeclass6_lccenc6_15075241imgpersiancatjobid21.JPEG", "unix_time": 1620683267.705817}
INFO:ccdag_utils.py:runtime_stat:{"task_name": "lccenc6", "event": "queue_start_process", "filename": "storeclass6_lccenc6_24425863imgpersiancatjobid20.JPEG", "unix_time": 1620683268.0379114}
INFO:ccdag_utils.py:runtime_stat:{"task_name": "lccenc6", "event": "queue_start_process", "filename": "storeclass6_lccenc6_30000122imgpersiancatjobid20.JPEG", "unix_time": 1620683268.0382283}
INFO:ccdag_utils.py:runtime_stat:{"task_name": "lccenc6", "event": "queue_start_process", "filename": "storeclass6_lccenc6_96005016imgpersiancatjobid20.JPEG", "unix_time": 1620683268.0384274}
INFO:ccdag_utils.py:runtime_stat:{"task_name": "lccenc6", "event": "queue_start_process", "filename": "storeclass6_lccenc6_02665613imgpersiancatjobid21.JPEG", "unix_time": 1620683268.0386252}
INFO:circe.py:runtime_stat:{"task_name": "circe", "event": "new_input_file", "filename": "storeclass6_lccenc6_15735941imgpersiancatjobid21.JPEG", "unix_time": 1620683268.6915486}
INFO:ccdag_utils.py:runtime_stat:{"task_name": "lccenc6", "event": "queue_end_process", "filename": "lccenc6_score6a_5#24425863-5#30000122-5#96005016-5#02665613jobid5.csv", "unix_time": 1620683269.1867197}
INFO:circe.py:runtime_stat:{"task_name": "circe", "event": "new_output_file", "filename": "lccenc6_score6a_5#24425863-5#30000122-5#96005016-5#02665613jobid5.csv", "unix_time": 1620683269.2225482}
DEBUG:transfer.py:sshpass -p PASSWORD scp -P 5000 -o StrictHostKeyChecking=no /jupiter/circe_output/lccenc6_score6a_5#24425863-5#30000122-5#96005016-5#02665613jobid5.csv root@10.104.183.167:/jupiter/circe_input/
DEBUG:transfer.py:transfer successful!
INFO:circe.py:runtime_stat:{"task_name": "circe", "event": "new_input_file", "filename": "storeclass6_lccenc6_06737369imgpersiancatjobid21.JPEG", "unix_time": 1620683269.7015193}
INFO:ccdag_utils.py:runtime_stat:{"task_name": "lccenc6", "event": "queue_end_process", "filename": "lccenc6_score6b_5#24425863-5#30000122-5#96005016-5#02665613jobid5.csv", "unix_time": 1620683270.231503}
INFO:circe.py:runtime_stat:{"task_name": "circe", "event": "new_output_file", "filename": "lccenc6_score6b_5#24425863-5#30000122-5#96005016-5#02665613jobid5.csv", "unix_time": 1620683270.2322738}
DEBUG:transfer.py:sshpass -p PASSWORD scp -P 5000 -o StrictHostKeyChecking=no /jupiter/circe_output/lccenc6_score6b_5#24425863-5#30000122-5#96005016-5#02665613jobid5.csv root@10.97.243.242:/jupiter/circe_input/
DEBUG:transfer.py:transfer successful!
INFO:ccdag_utils.py:runtime_stat:{"task_name": "lccenc6", "event": "queue_end_process", "filename": "lccenc6_score6c_5#24425863-5#30000122-5#96005016-5#02665613jobid5.csv", "unix_time": 1620683271.2934985}
INFO:circe.py:runtime_stat:{"task_name": "circe", "event": "new_output_file", "filename": "lccenc6_score6c_5#24425863-5#30000122-5#96005016-5#02665613jobid5.csv", "unix_time": 1620683271.2945323}
DEBUG:transfer.py:sshpass -p PASSWORD scp -P 5000 -o StrictHostKeyChecking=no /jupiter/circe_output/lccenc6_score6c_5#24425863-5#30000122-5#96005016-5#02665613jobid5.csv root@10.106.209.222:/jupiter/circe_input/
DEBUG:transfer.py:transfer successful!
INFO:circe.py:runtime_stat:{"task_name": "circe", "event": "new_input_file", "filename": "storeclass6_lccenc6_81646691imgpersiancatjobid24.JPEG", "unix_time": 1620683301.7084436}
INFO:ccdag_utils.py:runtime_stat:{"task_name": "lccenc6", "event": "queue_start_process", "filename": "storeclass6_lccenc6_15075241imgpersiancatjobid21.JPEG", "unix_time": 1620683302.3378513}
INFO:ccdag_utils.py:runtime_stat:{"task_name": "lccenc6", "event": "queue_start_process", "filename": "storeclass6_lccenc6_15735941imgpersiancatjobid21.JPEG", "unix_time": 1620683302.3384323}
INFO:ccdag_utils.py:runtime_stat:{"task_name": "lccenc6", "event": "queue_start_process", "filename": "storeclass6_lccenc6_06737369imgpersiancatjobid21.JPEG", "unix_time": 1620683302.3388605}
INFO:ccdag_utils.py:runtime_stat:{"task_name": "lccenc6", "event": "queue_start_process", "filename": "storeclass6_lccenc6_81646691imgpersiancatjobid24.JPEG", "unix_time": 1620683302.3397634}
INFO:circe.py:runtime_stat:{"task_name": "circe", "event": "new_input_file", "filename": "storeclass6_lccenc6_75847974imgpersiancatjobid24.JPEG", "unix_time": 1620683303.1485949}
INFO:ccdag_utils.py:runtime_stat:{"task_name": "lccenc6", "event": "queue_end_process", "filename": "lccenc6_score6a_5#15075241-5#15735941-5#06737369-5#81646691jobid6.csv", "unix_time": 1620683303.6592274}
INFO:circe.py:runtime_stat:{"task_name": "circe", "event": "new_output_file", "filename": "lccenc6_score6a_5#15075241-5#15735941-5#06737369-5#81646691jobid6.csv", "unix_time": 1620683303.660367}
DEBUG:transfer.py:sshpass -p PASSWORD scp -P 5000 -o StrictHostKeyChecking=no /jupiter/circe_output/lccenc6_score6a_5#15075241-5#15735941-5#06737369-5#81646691jobid6.csv root@10.104.183.167:/jupiter/circe_input/
DEBUG:transfer.py:transfer successful!
INFO:ccdag_utils.py:runtime_stat:{"task_name": "lccenc6", "event": "queue_end_process", "filename": "lccenc6_score6b_5#15075241-5#15735941-5#06737369-5#81646691jobid6.csv", "unix_time": 1620683304.6884613}
INFO:circe.py:runtime_stat:{"task_name": "circe", "event": "new_output_file", "filename": "lccenc6_score6b_5#15075241-5#15735941-5#06737369-5#81646691jobid6.csv", "unix_time": 1620683304.689655}
DEBUG:transfer.py:sshpass -p PASSWORD scp -P 5000 -o StrictHostKeyChecking=no /jupiter/circe_output/lccenc6_score6b_5#15075241-5#15735941-5#06737369-5#81646691jobid6.csv root@10.97.243.242:/jupiter/circe_input/
DEBUG:transfer.py:transfer successful!
INFO:circe.py:runtime_stat:{"task_name": "circe", "event": "new_output_file", "filename": "lccenc6_score6c_5#15075241-5#15735941-5#06737369-5#81646691jobid6.csv", "unix_time": 1620683305.7801917}
DEBUG:transfer.py:sshpass -p PASSWORD scp -P 5000 -o StrictHostKeyChecking=no /jupiter/circe_output/lccenc6_score6c_5#15075241-5#15735941-5#06737369-5#81646691jobid6.csv root@10.106.209.222:/jupiter/circe_input/
INFO:ccdag_utils.py:runtime_stat:{"task_name": "lccenc6", "event": "queue_end_process", "filename": "lccenc6_score6c_5#15075241-5#15735941-5#06737369-5#81646691jobid6.csv", "unix_time": 1620683305.7853043}
DEBUG:transfer.py:transfer successful!
INFO:circe.py:runtime_stat:{"task_name": "circe", "event": "new_input_file", "filename": "storeclass6_lccenc6_34217691imgpersiancatjobid25.JPEG", "unix_time": 1620683313.691971}
INFO:circe.py:runtime_stat:{"task_name": "circe", "event": "new_input_file", "filename": "storeclass6_lccenc6_42148059imgpersiancatjobid25.JPEG", "unix_time": 1620683314.012647}
INFO:circe.py:runtime_stat:{"task_name": "circe", "event": "new_input_file", "filename": "storeclass6_lccenc6_19508875imgpersiancatjobid26.JPEG", "unix_time": 1620683325.6439106}
INFO:ccdag_utils.py:runtime_stat:{"task_name": "lccenc6", "event": "queue_start_process", "filename": "storeclass6_lccenc6_75847974imgpersiancatjobid24.JPEG", "unix_time": 1620683325.8077786}
INFO:ccdag_utils.py:runtime_stat:{"task_name": "lccenc6", "event": "queue_start_process", "filename": "storeclass6_lccenc6_34217691imgpersiancatjobid25.JPEG", "unix_time": 1620683325.80842}
INFO:ccdag_utils.py:runtime_stat:{"task_name": "lccenc6", "event": "queue_start_process", "filename": "storeclass6_lccenc6_42148059imgpersiancatjobid25.JPEG", "unix_time": 1620683325.808775}
INFO:ccdag_utils.py:runtime_stat:{"task_name": "lccenc6", "event": "queue_start_process", "filename": "storeclass6_lccenc6_19508875imgpersiancatjobid26.JPEG", "unix_time": 1620683325.8090837}
INFO:circe.py:runtime_stat:{"task_name": "circe", "event": "new_input_file", "filename": "storeclass6_lccenc6_04211324imgpersiancatjobid26.JPEG", "unix_time": 1620683325.8813868}
INFO:ccdag_utils.py:runtime_stat:{"task_name": "lccenc6", "event": "queue_end_process", "filename": "lccenc6_score6a_5#75847974-5#34217691-5#42148059-5#19508875jobid7.csv", "unix_time": 1620683327.0075428}
INFO:circe.py:runtime_stat:{"task_name": "circe", "event": "new_output_file", "filename": "lccenc6_score6a_5#75847974-5#34217691-5#42148059-5#19508875jobid7.csv", "unix_time": 1620683327.0087645}
DEBUG:transfer.py:sshpass -p PASSWORD scp -P 5000 -o StrictHostKeyChecking=no /jupiter/circe_output/lccenc6_score6a_5#75847974-5#34217691-5#42148059-5#19508875jobid7.csv root@10.104.183.167:/jupiter/circe_input/
DEBUG:transfer.py:transfer successful!
INFO:ccdag_utils.py:runtime_stat:{"task_name": "lccenc6", "event": "queue_end_process", "filename": "lccenc6_score6b_5#75847974-5#34217691-5#42148059-5#19508875jobid7.csv", "unix_time": 1620683328.2248561}
INFO:circe.py:runtime_stat:{"task_name": "circe", "event": "new_output_file", "filename": "lccenc6_score6b_5#75847974-5#34217691-5#42148059-5#19508875jobid7.csv", "unix_time": 1620683328.239449}
DEBUG:transfer.py:sshpass -p PASSWORD scp -P 5000 -o StrictHostKeyChecking=no /jupiter/circe_output/lccenc6_score6b_5#75847974-5#34217691-5#42148059-5#19508875jobid7.csv root@10.97.243.242:/jupiter/circe_input/
DEBUG:transfer.py:transfer successful!
INFO:circe.py:runtime_stat:{"task_name": "circe", "event": "new_output_file", "filename": "lccenc6_score6c_5#75847974-5#34217691-5#42148059-5#19508875jobid7.csv", "unix_time": 1620683329.3399806}
DEBUG:transfer.py:sshpass -p PASSWORD scp -P 5000 -o StrictHostKeyChecking=no /jupiter/circe_output/lccenc6_score6c_5#75847974-5#34217691-5#42148059-5#19508875jobid7.csv root@10.106.209.222:/jupiter/circe_input/
INFO:ccdag_utils.py:runtime_stat:{"task_name": "lccenc6", "event": "queue_end_process", "filename": "lccenc6_score6c_5#75847974-5#34217691-5#42148059-5#19508875jobid7.csv", "unix_time": 1620683329.3446562}
DEBUG:transfer.py:transfer successful!
INFO:circe.py:runtime_stat:{"task_name": "circe", "event": "new_input_file", "filename": "storeclass6_lccenc6_42843978imgpersiancatjobid27.JPEG", "unix_time": 1620683337.6483269}
INFO:circe.py:runtime_stat:{"task_name": "circe", "event": "new_input_file", "filename": "storeclass6_lccenc6_08740639imgpersiancatjobid27.JPEG", "unix_time": 1620683337.8534062}
INFO:circe.py:runtime_stat:{"task_name": "circe", "event": "new_input_file", "filename": "storeclass6_lccenc6_14011994imgpersiancatjobid28.JPEG", "unix_time": 1620683346.6697354}
INFO:circe.py:runtime_stat:{"task_name": "circe", "event": "new_input_file", "filename": "storeclass6_lccenc6_84134982imgpersiancatjobid28.JPEG", "unix_time": 1620683346.8942113}
INFO:ccdag_utils.py:runtime_stat:{"task_name": "lccenc6", "event": "queue_start_process", "filename": "storeclass6_lccenc6_04211324imgpersiancatjobid26.JPEG", "unix_time": 1620683347.364956}
INFO:ccdag_utils.py:runtime_stat:{"task_name": "lccenc6", "event": "queue_start_process", "filename": "storeclass6_lccenc6_42843978imgpersiancatjobid27.JPEG", "unix_time": 1620683347.3656552}
INFO:ccdag_utils.py:runtime_stat:{"task_name": "lccenc6", "event": "queue_start_process", "filename": "storeclass6_lccenc6_08740639imgpersiancatjobid27.JPEG", "unix_time": 1620683347.3660457}
INFO:ccdag_utils.py:runtime_stat:{"task_name": "lccenc6", "event": "queue_start_process", "filename": "storeclass6_lccenc6_14011994imgpersiancatjobid28.JPEG", "unix_time": 1620683347.3664074}
INFO:circe.py:runtime_stat:{"task_name": "circe", "event": "new_input_file", "filename": "storeclass6_lccenc6_44157351imgpersiancatjobid28.JPEG", "unix_time": 1620683348.022254}
INFO:circe.py:runtime_stat:{"task_name": "circe", "event": "new_input_file", "filename": "storeclass6_lccenc6_70420332imgpersiancatjobid28.JPEG", "unix_time": 1620683348.025499}
INFO:ccdag_utils.py:runtime_stat:{"task_name": "lccenc6", "event": "queue_end_process", "filename": "lccenc6_score6a_5#04211324-5#42843978-5#08740639-5#14011994jobid8.csv", "unix_time": 1620683348.5155013}
INFO:circe.py:runtime_stat:{"task_name": "circe", "event": "new_output_file", "filename": "lccenc6_score6a_5#04211324-5#42843978-5#08740639-5#14011994jobid8.csv", "unix_time": 1620683348.5167081}
DEBUG:transfer.py:sshpass -p PASSWORD scp -P 5000 -o StrictHostKeyChecking=no /jupiter/circe_output/lccenc6_score6a_5#04211324-5#42843978-5#08740639-5#14011994jobid8.csv root@10.104.183.167:/jupiter/circe_input/
DEBUG:transfer.py:transfer successful!
INFO:ccdag_utils.py:runtime_stat:{"task_name": "lccenc6", "event": "queue_end_process", "filename": "lccenc6_score6b_5#04211324-5#42843978-5#08740639-5#14011994jobid8.csv", "unix_time": 1620683349.49329}
INFO:circe.py:runtime_stat:{"task_name": "circe", "event": "new_output_file", "filename": "lccenc6_score6b_5#04211324-5#42843978-5#08740639-5#14011994jobid8.csv", "unix_time": 1620683349.530421}
DEBUG:transfer.py:sshpass -p PASSWORD scp -P 5000 -o StrictHostKeyChecking=no /jupiter/circe_output/lccenc6_score6b_5#04211324-5#42843978-5#08740639-5#14011994jobid8.csv root@10.97.243.242:/jupiter/circe_input/
DEBUG:transfer.py:transfer successful!
INFO:ccdag_utils.py:runtime_stat:{"task_name": "lccenc6", "event": "queue_end_process", "filename": "lccenc6_score6c_5#04211324-5#42843978-5#08740639-5#14011994jobid8.csv", "unix_time": 1620683350.4880757}
INFO:circe.py:runtime_stat:{"task_name": "circe", "event": "new_output_file", "filename": "lccenc6_score6c_5#04211324-5#42843978-5#08740639-5#14011994jobid8.csv", "unix_time": 1620683350.4890482}
DEBUG:transfer.py:sshpass -p PASSWORD scp -P 5000 -o StrictHostKeyChecking=no /jupiter/circe_output/lccenc6_score6c_5#04211324-5#42843978-5#08740639-5#14011994jobid8.csv root@10.106.209.222:/jupiter/circe_input/
DEBUG:transfer.py:transfer successful!
INFO:circe.py:runtime_stat:{"task_name": "circe", "event": "new_input_file", "filename": "storeclass6_lccenc6_88818933imgpersiancatjobid29.JPEG", "unix_time": 1620683359.7398365}
INFO:circe.py:runtime_stat:{"task_name": "circe", "event": "new_input_file", "filename": "storeclass6_lccenc6_80907025imgpersiancatjobid29.JPEG", "unix_time": 1620683359.9621181}
INFO:circe.py:runtime_stat:{"task_name": "circe", "event": "new_input_file", "filename": "storeclass6_lccenc6_47745085imgpersiancatjobid29.JPEG", "unix_time": 1620683360.22813}
INFO:circe.py:runtime_stat:{"task_name": "circe", "event": "new_input_file", "filename": "storeclass6_lccenc6_65717849imgpersiancatjobid29.JPEG", "unix_time": 1620683360.485591}
INFO:ccdag_utils.py:runtime_stat:{"task_name": "lccenc6", "event": "queue_start_process", "filename": "storeclass6_lccenc6_84134982imgpersiancatjobid28.JPEG", "unix_time": 1620683360.500921}
INFO:ccdag_utils.py:runtime_stat:{"task_name": "lccenc6", "event": "queue_start_process", "filename": "storeclass6_lccenc6_44157351imgpersiancatjobid28.JPEG", "unix_time": 1620683360.5012803}
INFO:ccdag_utils.py:runtime_stat:{"task_name": "lccenc6", "event": "queue_start_process", "filename": "storeclass6_lccenc6_70420332imgpersiancatjobid28.JPEG", "unix_time": 1620683360.5014925}
INFO:ccdag_utils.py:runtime_stat:{"task_name": "lccenc6", "event": "queue_start_process", "filename": "storeclass6_lccenc6_88818933imgpersiancatjobid29.JPEG", "unix_time": 1620683360.5017123}
INFO:ccdag_utils.py:runtime_stat:{"task_name": "lccenc6", "event": "queue_end_process", "filename": "lccenc6_score6a_5#84134982-5#44157351-5#70420332-5#88818933jobid9.csv", "unix_time": 1620683361.6658034}
INFO:circe.py:runtime_stat:{"task_name": "circe", "event": "new_output_file", "filename": "lccenc6_score6a_5#84134982-5#44157351-5#70420332-5#88818933jobid9.csv", "unix_time": 1620683361.666573}
DEBUG:transfer.py:sshpass -p PASSWORD scp -P 5000 -o StrictHostKeyChecking=no /jupiter/circe_output/lccenc6_score6a_5#84134982-5#44157351-5#70420332-5#88818933jobid9.csv root@10.104.183.167:/jupiter/circe_input/
DEBUG:transfer.py:transfer successful!
INFO:ccdag_utils.py:runtime_stat:{"task_name": "lccenc6", "event": "queue_end_process", "filename": "lccenc6_score6b_5#84134982-5#44157351-5#70420332-5#88818933jobid9.csv", "unix_time": 1620683362.7001255}
INFO:circe.py:runtime_stat:{"task_name": "circe", "event": "new_output_file", "filename": "lccenc6_score6b_5#84134982-5#44157351-5#70420332-5#88818933jobid9.csv", "unix_time": 1620683362.7404864}
DEBUG:transfer.py:sshpass -p PASSWORD scp -P 5000 -o StrictHostKeyChecking=no /jupiter/circe_output/lccenc6_score6b_5#84134982-5#44157351-5#70420332-5#88818933jobid9.csv root@10.97.243.242:/jupiter/circe_input/
DEBUG:transfer.py:transfer successful!
INFO:ccdag_utils.py:runtime_stat:{"task_name": "lccenc6", "event": "queue_end_process", "filename": "lccenc6_score6c_5#84134982-5#44157351-5#70420332-5#88818933jobid9.csv", "unix_time": 1620683363.7244918}
INFO:circe.py:runtime_stat:{"task_name": "circe", "event": "new_output_file", "filename": "lccenc6_score6c_5#84134982-5#44157351-5#70420332-5#88818933jobid9.csv", "unix_time": 1620683363.725596}
DEBUG:transfer.py:sshpass -p PASSWORD scp -P 5000 -o StrictHostKeyChecking=no /jupiter/circe_output/lccenc6_score6c_5#84134982-5#44157351-5#70420332-5#88818933jobid9.csv root@10.106.209.222:/jupiter/circe_input/
DEBUG:transfer.py:transfer successful!
INFO:circe.py:runtime_stat:{"task_name": "circe", "event": "new_input_file", "filename": "storeclass6_lccenc6_50833505imgpersiancatjobid30.JPEG", "unix_time": 1620683371.834358}
INFO:circe.py:runtime_stat:{"task_name": "circe", "event": "new_input_file", "filename": "storeclass6_lccenc6_15879840imgpersiancatjobid30.JPEG", "unix_time": 1620683372.050837}
INFO:ccdag_utils.py:runtime_stat:{"task_name": "lccenc6", "event": "queue_start_process", "filename": "storeclass6_lccenc6_80907025imgpersiancatjobid29.JPEG", "unix_time": 1620683372.735198}
INFO:ccdag_utils.py:runtime_stat:{"task_name": "lccenc6", "event": "queue_start_process", "filename": "storeclass6_lccenc6_47745085imgpersiancatjobid29.JPEG", "unix_time": 1620683372.7355487}
INFO:ccdag_utils.py:runtime_stat:{"task_name": "lccenc6", "event": "queue_start_process", "filename": "storeclass6_lccenc6_65717849imgpersiancatjobid29.JPEG", "unix_time": 1620683372.7358952}
INFO:ccdag_utils.py:runtime_stat:{"task_name": "lccenc6", "event": "queue_start_process", "filename": "storeclass6_lccenc6_50833505imgpersiancatjobid30.JPEG", "unix_time": 1620683372.7361574}
INFO:ccdag_utils.py:runtime_stat:{"task_name": "lccenc6", "event": "queue_end_process", "filename": "lccenc6_score6a_5#80907025-5#47745085-5#65717849-5#50833505jobid10.csv", "unix_time": 1620683373.8884437}
INFO:circe.py:runtime_stat:{"task_name": "circe", "event": "new_output_file", "filename": "lccenc6_score6a_5#80907025-5#47745085-5#65717849-5#50833505jobid10.csv", "unix_time": 1620683373.8892791}
DEBUG:transfer.py:sshpass -p PASSWORD scp -P 5000 -o StrictHostKeyChecking=no /jupiter/circe_output/lccenc6_score6a_5#80907025-5#47745085-5#65717849-5#50833505jobid10.csv root@10.104.183.167:/jupiter/circe_input/
DEBUG:transfer.py:transfer successful!
INFO:ccdag_utils.py:runtime_stat:{"task_name": "lccenc6", "event": "queue_end_process", "filename": "lccenc6_score6b_5#80907025-5#47745085-5#65717849-5#50833505jobid10.csv", "unix_time": 1620683374.8884695}
INFO:circe.py:runtime_stat:{"task_name": "circe", "event": "new_output_file", "filename": "lccenc6_score6b_5#80907025-5#47745085-5#65717849-5#50833505jobid10.csv", "unix_time": 1620683374.8893564}
DEBUG:transfer.py:sshpass -p PASSWORD scp -P 5000 -o StrictHostKeyChecking=no /jupiter/circe_output/lccenc6_score6b_5#80907025-5#47745085-5#65717849-5#50833505jobid10.csv root@10.97.243.242:/jupiter/circe_input/
DEBUG:transfer.py:transfer successful!
INFO:ccdag_utils.py:runtime_stat:{"task_name": "lccenc6", "event": "queue_end_process", "filename": "lccenc6_score6c_5#80907025-5#47745085-5#65717849-5#50833505jobid10.csv", "unix_time": 1620683375.902168}
INFO:circe.py:runtime_stat:{"task_name": "circe", "event": "new_output_file", "filename": "lccenc6_score6c_5#80907025-5#47745085-5#65717849-5#50833505jobid10.csv", "unix_time": 1620683375.9031546}
DEBUG:transfer.py:sshpass -p PASSWORD scp -P 5000 -o StrictHostKeyChecking=no /jupiter/circe_output/lccenc6_score6c_5#80907025-5#47745085-5#65717849-5#50833505jobid10.csv root@10.106.209.222:/jupiter/circe_input/
DEBUG:transfer.py:transfer successful!
INFO:circe.py:runtime_stat:{"task_name": "circe", "event": "new_input_file", "filename": "storeclass6_lccenc6_28909989imgpersiancatjobid31.JPEG", "unix_time": 1620683380.7944138}
INFO:circe.py:runtime_stat:{"task_name": "circe", "event": "new_input_file", "filename": "storeclass6_lccenc6_32404537imgpersiancatjobid31.JPEG", "unix_time": 1620683381.7880752}
INFO:circe.py:runtime_stat:{"task_name": "circe", "event": "new_input_file", "filename": "storeclass6_lccenc6_52844504imgpersiancatjobid32.JPEG", "unix_time": 1620683391.8325725}
INFO:ccdag_utils.py:runtime_stat:{"task_name": "lccenc6", "event": "queue_start_process", "filename": "storeclass6_lccenc6_15879840imgpersiancatjobid30.JPEG", "unix_time": 1620683391.9238572}
INFO:ccdag_utils.py:runtime_stat:{"task_name": "lccenc6", "event": "queue_start_process", "filename": "storeclass6_lccenc6_28909989imgpersiancatjobid31.JPEG", "unix_time": 1620683391.924374}
INFO:ccdag_utils.py:runtime_stat:{"task_name": "lccenc6", "event": "queue_start_process", "filename": "storeclass6_lccenc6_32404537imgpersiancatjobid31.JPEG", "unix_time": 1620683391.9246416}
INFO:ccdag_utils.py:runtime_stat:{"task_name": "lccenc6", "event": "queue_start_process", "filename": "storeclass6_lccenc6_52844504imgpersiancatjobid32.JPEG", "unix_time": 1620683391.924859}
INFO:circe.py:runtime_stat:{"task_name": "circe", "event": "new_input_file", "filename": "storeclass6_lccenc6_59488016imgpersiancatjobid32.JPEG", "unix_time": 1620683392.0556173}
INFO:ccdag_utils.py:runtime_stat:{"task_name": "lccenc6", "event": "queue_end_process", "filename": "lccenc6_score6a_5#15879840-5#28909989-5#32404537-5#52844504jobid11.csv", "unix_time": 1620683393.0485492}
INFO:circe.py:runtime_stat:{"task_name": "circe", "event": "new_output_file", "filename": "lccenc6_score6a_5#15879840-5#28909989-5#32404537-5#52844504jobid11.csv", "unix_time": 1620683393.049345}
DEBUG:transfer.py:sshpass -p PASSWORD scp -P 5000 -o StrictHostKeyChecking=no /jupiter/circe_output/lccenc6_score6a_5#15879840-5#28909989-5#32404537-5#52844504jobid11.csv root@10.104.183.167:/jupiter/circe_input/
DEBUG:transfer.py:transfer successful!
INFO:ccdag_utils.py:runtime_stat:{"task_name": "lccenc6", "event": "queue_end_process", "filename": "lccenc6_score6b_5#15879840-5#28909989-5#32404537-5#52844504jobid11.csv", "unix_time": 1620683394.0250547}
INFO:circe.py:runtime_stat:{"task_name": "circe", "event": "new_output_file", "filename": "lccenc6_score6b_5#15879840-5#28909989-5#32404537-5#52844504jobid11.csv", "unix_time": 1620683394.0259626}
DEBUG:transfer.py:sshpass -p PASSWORD scp -P 5000 -o StrictHostKeyChecking=no /jupiter/circe_output/lccenc6_score6b_5#15879840-5#28909989-5#32404537-5#52844504jobid11.csv root@10.97.243.242:/jupiter/circe_input/
DEBUG:transfer.py:transfer successful!
INFO:ccdag_utils.py:runtime_stat:{"task_name": "lccenc6", "event": "queue_end_process", "filename": "lccenc6_score6c_5#15879840-5#28909989-5#32404537-5#52844504jobid11.csv", "unix_time": 1620683395.0272217}
INFO:circe.py:runtime_stat:{"task_name": "circe", "event": "new_output_file", "filename": "lccenc6_score6c_5#15879840-5#28909989-5#32404537-5#52844504jobid11.csv", "unix_time": 1620683395.0282903}
DEBUG:transfer.py:sshpass -p PASSWORD scp -P 5000 -o StrictHostKeyChecking=no /jupiter/circe_output/lccenc6_score6c_5#15879840-5#28909989-5#32404537-5#52844504jobid11.csv root@10.106.209.222:/jupiter/circe_input/
DEBUG:transfer.py:transfer successful!
INFO:circe.py:runtime_stat:{"task_name": "circe", "event": "new_input_file", "filename": "storeclass6_lccenc6_89384380imgpersiancatjobid33.JPEG", "unix_time": 1620683404.8493888}
