 * Starting OpenBSD Secure Shell server sshd
   ...done.
INFO:circe.py:Using base script lccdec.py
DEBUG:circe.py:starting the input monitoring process
DEBUG:circe.py:starting the output monitoring process
INFO:circe.py:runtime_stat:{"task_name": "circe", "event": "new_input_file", "filename": "preagg6_lccdec6_1jobthscore6a5#49974823-5#67278984-5#34807786-5#84231355", "unix_time": 1620683231.24387}
INFO:ccdag_utils.py:runtime_stat:{"task_name": "lccdec6", "event": "queue_start_process", "filename": "preagg6_lccdec6_1jobthscore6a5#49974823-5#67278984-5#34807786-5#84231355", "unix_time": 1620683231.2446647}
INFO:circe.py:runtime_stat:{"task_name": "circe", "event": "new_input_file", "filename": "preagg6_lccdec6_1jobthscore6b5#49974823-5#67278984-5#34807786-5#84231355", "unix_time": 1620683231.4619303}
INFO:ccdag_utils.py:runtime_stat:{"task_name": "lccdec6", "event": "queue_start_process", "filename": "preagg6_lccdec6_1jobthscore6b5#49974823-5#67278984-5#34807786-5#84231355", "unix_time": 1620683231.462487}
INFO:circe.py:runtime_stat:{"task_name": "circe", "event": "new_output_file", "filename": "lccdec6_home_1jobth5#49974823-5#67278984-5#34807786-5#84231355", "unix_time": 1620683231.4825556}
DEBUG:transfer.py:sshpass -p PASSWORD scp -P 5000 -o StrictHostKeyChecking=no /jupiter/circe_output/lccdec6_home_1jobth5#49974823-5#67278984-5#34807786-5#84231355 root@10.108.154.59:/jupiter/circe_input/
INFO:ccdag_utils.py:runtime_stat:{"task_name": "lccdec6", "event": "queue_end_process", "filename": "lccdec6_home_1jobth5#49974823-5#67278984-5#34807786-5#84231355", "unix_time": 1620683231.488818}
Warning: Permanently added '[10.108.154.59]:5000' (ECDSA) to the list of known hosts.
DEBUG:transfer.py:transfer successful!
INFO:circe.py:runtime_stat:{"task_name": "circe", "event": "new_input_file", "filename": "preagg6_lccdec6_2jobthscore6a5#06937528-5#02341092-5#55664283-5#30944888", "unix_time": 1620683243.4541557}
INFO:ccdag_utils.py:runtime_stat:{"task_name": "lccdec6", "event": "queue_start_process", "filename": "preagg6_lccdec6_2jobthscore6a5#06937528-5#02341092-5#55664283-5#30944888", "unix_time": 1620683243.4549282}
INFO:circe.py:runtime_stat:{"task_name": "circe", "event": "new_input_file", "filename": "preagg6_lccdec6_2jobthscore6b5#06937528-5#02341092-5#55664283-5#30944888", "unix_time": 1620683243.6673675}
INFO:ccdag_utils.py:runtime_stat:{"task_name": "lccdec6", "event": "queue_start_process", "filename": "preagg6_lccdec6_2jobthscore6b5#06937528-5#02341092-5#55664283-5#30944888", "unix_time": 1620683243.6679144}
INFO:circe.py:runtime_stat:{"task_name": "circe", "event": "new_output_file", "filename": "lccdec6_home_2jobth5#06937528-5#02341092-5#55664283-5#30944888", "unix_time": 1620683243.680676}
DEBUG:transfer.py:sshpass -p PASSWORD scp -P 5000 -o StrictHostKeyChecking=no /jupiter/circe_output/lccdec6_home_2jobth5#06937528-5#02341092-5#55664283-5#30944888 root@10.108.154.59:/jupiter/circe_input/
INFO:ccdag_utils.py:runtime_stat:{"task_name": "lccdec6", "event": "queue_end_process", "filename": "lccdec6_home_2jobth5#06937528-5#02341092-5#55664283-5#30944888", "unix_time": 1620683243.682014}
DEBUG:transfer.py:transfer successful!
INFO:circe.py:runtime_stat:{"task_name": "circe", "event": "new_input_file", "filename": "preagg6_lccdec6_3jobthscore6a5#16242762-5#33539759-5#52676817-5#81114082", "unix_time": 1620683254.660032}
INFO:ccdag_utils.py:runtime_stat:{"task_name": "lccdec6", "event": "queue_start_process", "filename": "preagg6_lccdec6_3jobthscore6a5#16242762-5#33539759-5#52676817-5#81114082", "unix_time": 1620683254.660627}
INFO:circe.py:runtime_stat:{"task_name": "circe", "event": "new_input_file", "filename": "preagg6_lccdec6_3jobthscore6b5#16242762-5#33539759-5#52676817-5#81114082", "unix_time": 1620683254.8837337}
INFO:ccdag_utils.py:runtime_stat:{"task_name": "lccdec6", "event": "queue_start_process", "filename": "preagg6_lccdec6_3jobthscore6b5#16242762-5#33539759-5#52676817-5#81114082", "unix_time": 1620683254.8841114}
INFO:circe.py:runtime_stat:{"task_name": "circe", "event": "new_output_file", "filename": "lccdec6_home_3jobth5#16242762-5#33539759-5#52676817-5#81114082", "unix_time": 1620683254.8972669}
DEBUG:transfer.py:sshpass -p PASSWORD scp -P 5000 -o StrictHostKeyChecking=no /jupiter/circe_output/lccdec6_home_3jobth5#16242762-5#33539759-5#52676817-5#81114082 root@10.108.154.59:/jupiter/circe_input/
INFO:ccdag_utils.py:runtime_stat:{"task_name": "lccdec6", "event": "queue_end_process", "filename": "lccdec6_home_3jobth5#16242762-5#33539759-5#52676817-5#81114082", "unix_time": 1620683254.9012256}
DEBUG:transfer.py:transfer successful!
INFO:circe.py:runtime_stat:{"task_name": "circe", "event": "new_input_file", "filename": "preagg6_lccdec6_4jobthscore6a5#29673304-5#19012740-5#16224617-5#28556540", "unix_time": 1620683263.8637292}
INFO:ccdag_utils.py:runtime_stat:{"task_name": "lccdec6", "event": "queue_start_process", "filename": "preagg6_lccdec6_4jobthscore6a5#29673304-5#19012740-5#16224617-5#28556540", "unix_time": 1620683263.864112}
INFO:circe.py:runtime_stat:{"task_name": "circe", "event": "new_input_file", "filename": "preagg6_lccdec6_4jobthscore6b5#29673304-5#19012740-5#16224617-5#28556540", "unix_time": 1620683264.0680532}
INFO:ccdag_utils.py:runtime_stat:{"task_name": "lccdec6", "event": "queue_start_process", "filename": "preagg6_lccdec6_4jobthscore6b5#29673304-5#19012740-5#16224617-5#28556540", "unix_time": 1620683264.0683928}
INFO:circe.py:runtime_stat:{"task_name": "circe", "event": "new_output_file", "filename": "lccdec6_home_4jobth5#29673304-5#19012740-5#16224617-5#28556540", "unix_time": 1620683264.0820267}
DEBUG:transfer.py:sshpass -p PASSWORD scp -P 5000 -o StrictHostKeyChecking=no /jupiter/circe_output/lccdec6_home_4jobth5#29673304-5#19012740-5#16224617-5#28556540 root@10.108.154.59:/jupiter/circe_input/
INFO:ccdag_utils.py:runtime_stat:{"task_name": "lccdec6", "event": "queue_end_process", "filename": "lccdec6_home_4jobth5#29673304-5#19012740-5#16224617-5#28556540", "unix_time": 1620683264.087102}
DEBUG:transfer.py:transfer successful!
INFO:circe.py:runtime_stat:{"task_name": "circe", "event": "new_input_file", "filename": "preagg6_lccdec6_5jobthscore6a5#24425863-5#30000122-5#96005016-5#02665613", "unix_time": 1620683274.0748382}
INFO:ccdag_utils.py:runtime_stat:{"task_name": "lccdec6", "event": "queue_start_process", "filename": "preagg6_lccdec6_5jobthscore6a5#24425863-5#30000122-5#96005016-5#02665613", "unix_time": 1620683274.0753138}
INFO:circe.py:runtime_stat:{"task_name": "circe", "event": "new_input_file", "filename": "preagg6_lccdec6_5jobthscore6b5#24425863-5#30000122-5#96005016-5#02665613", "unix_time": 1620683274.2885146}
INFO:ccdag_utils.py:runtime_stat:{"task_name": "lccdec6", "event": "queue_start_process", "filename": "preagg6_lccdec6_5jobthscore6b5#24425863-5#30000122-5#96005016-5#02665613", "unix_time": 1620683274.2889774}
INFO:circe.py:runtime_stat:{"task_name": "circe", "event": "new_output_file", "filename": "lccdec6_home_5jobth5#24425863-5#30000122-5#96005016-5#02665613", "unix_time": 1620683274.3053029}
DEBUG:transfer.py:sshpass -p PASSWORD scp -P 5000 -o StrictHostKeyChecking=no /jupiter/circe_output/lccdec6_home_5jobth5#24425863-5#30000122-5#96005016-5#02665613 root@10.108.154.59:/jupiter/circe_input/
INFO:ccdag_utils.py:runtime_stat:{"task_name": "lccdec6", "event": "queue_end_process", "filename": "lccdec6_home_5jobth5#24425863-5#30000122-5#96005016-5#02665613", "unix_time": 1620683274.3093064}
DEBUG:transfer.py:transfer successful!
INFO:circe.py:runtime_stat:{"task_name": "circe", "event": "new_input_file", "filename": "preagg6_lccdec6_6jobthscore6a5#15075241-5#15735941-5#06737369-5#81646691", "unix_time": 1620683309.355895}
INFO:ccdag_utils.py:runtime_stat:{"task_name": "lccdec6", "event": "queue_start_process", "filename": "preagg6_lccdec6_6jobthscore6a5#15075241-5#15735941-5#06737369-5#81646691", "unix_time": 1620683309.3565102}
INFO:circe.py:runtime_stat:{"task_name": "circe", "event": "new_input_file", "filename": "preagg6_lccdec6_6jobthscore6b5#15075241-5#15735941-5#06737369-5#81646691", "unix_time": 1620683309.5696504}
INFO:ccdag_utils.py:runtime_stat:{"task_name": "lccdec6", "event": "queue_start_process", "filename": "preagg6_lccdec6_6jobthscore6b5#15075241-5#15735941-5#06737369-5#81646691", "unix_time": 1620683309.5700507}
INFO:circe.py:runtime_stat:{"task_name": "circe", "event": "new_output_file", "filename": "lccdec6_home_6jobth5#15075241-5#15735941-5#06737369-5#81646691", "unix_time": 1620683309.584858}
DEBUG:transfer.py:sshpass -p PASSWORD scp -P 5000 -o StrictHostKeyChecking=no /jupiter/circe_output/lccdec6_home_6jobth5#15075241-5#15735941-5#06737369-5#81646691 root@10.108.154.59:/jupiter/circe_input/
INFO:ccdag_utils.py:runtime_stat:{"task_name": "lccdec6", "event": "queue_end_process", "filename": "lccdec6_home_6jobth5#15075241-5#15735941-5#06737369-5#81646691", "unix_time": 1620683309.586634}
DEBUG:transfer.py:transfer successful!
INFO:circe.py:runtime_stat:{"task_name": "circe", "event": "new_input_file", "filename": "preagg6_lccdec6_7jobthscore6a5#75847974-5#34217691-5#42148059-5#19508875", "unix_time": 1620683332.519797}
INFO:ccdag_utils.py:runtime_stat:{"task_name": "lccdec6", "event": "queue_start_process", "filename": "preagg6_lccdec6_7jobthscore6a5#75847974-5#34217691-5#42148059-5#19508875", "unix_time": 1620683332.5202193}
INFO:circe.py:runtime_stat:{"task_name": "circe", "event": "new_input_file", "filename": "preagg6_lccdec6_7jobthscore6b5#75847974-5#34217691-5#42148059-5#19508875", "unix_time": 1620683332.7198653}
INFO:ccdag_utils.py:runtime_stat:{"task_name": "lccdec6", "event": "queue_start_process", "filename": "preagg6_lccdec6_7jobthscore6b5#75847974-5#34217691-5#42148059-5#19508875", "unix_time": 1620683332.7205029}
INFO:circe.py:runtime_stat:{"task_name": "circe", "event": "new_output_file", "filename": "lccdec6_home_7jobth5#75847974-5#34217691-5#42148059-5#19508875", "unix_time": 1620683332.734525}
DEBUG:transfer.py:sshpass -p PASSWORD scp -P 5000 -o StrictHostKeyChecking=no /jupiter/circe_output/lccdec6_home_7jobth5#75847974-5#34217691-5#42148059-5#19508875 root@10.108.154.59:/jupiter/circe_input/
INFO:ccdag_utils.py:runtime_stat:{"task_name": "lccdec6", "event": "queue_end_process", "filename": "lccdec6_home_7jobth5#75847974-5#34217691-5#42148059-5#19508875", "unix_time": 1620683332.7390232}
DEBUG:transfer.py:transfer successful!
INFO:circe.py:runtime_stat:{"task_name": "circe", "event": "new_input_file", "filename": "preagg6_lccdec6_8jobthscore6a5#04211324-5#42843978-5#08740639-5#14011994", "unix_time": 1620683353.7830353}
INFO:ccdag_utils.py:runtime_stat:{"task_name": "lccdec6", "event": "queue_start_process", "filename": "preagg6_lccdec6_8jobthscore6a5#04211324-5#42843978-5#08740639-5#14011994", "unix_time": 1620683353.7834759}
INFO:circe.py:runtime_stat:{"task_name": "circe", "event": "new_input_file", "filename": "preagg6_lccdec6_8jobthscore6b5#04211324-5#42843978-5#08740639-5#14011994", "unix_time": 1620683354.0076988}
INFO:ccdag_utils.py:runtime_stat:{"task_name": "lccdec6", "event": "queue_start_process", "filename": "preagg6_lccdec6_8jobthscore6b5#04211324-5#42843978-5#08740639-5#14011994", "unix_time": 1620683354.0083277}
INFO:circe.py:runtime_stat:{"task_name": "circe", "event": "new_output_file", "filename": "lccdec6_home_8jobth5#04211324-5#42843978-5#08740639-5#14011994", "unix_time": 1620683354.0235066}
DEBUG:transfer.py:sshpass -p PASSWORD scp -P 5000 -o StrictHostKeyChecking=no /jupiter/circe_output/lccdec6_home_8jobth5#04211324-5#42843978-5#08740639-5#14011994 root@10.108.154.59:/jupiter/circe_input/
INFO:ccdag_utils.py:runtime_stat:{"task_name": "lccdec6", "event": "queue_end_process", "filename": "lccdec6_home_8jobth5#04211324-5#42843978-5#08740639-5#14011994", "unix_time": 1620683354.0272334}
DEBUG:transfer.py:transfer successful!
INFO:circe.py:runtime_stat:{"task_name": "circe", "event": "new_input_file", "filename": "preagg6_lccdec6_9jobthscore6a5#84134982-5#44157351-5#70420332-5#88818933", "unix_time": 1620683366.9647312}
INFO:ccdag_utils.py:runtime_stat:{"task_name": "lccdec6", "event": "queue_start_process", "filename": "preagg6_lccdec6_9jobthscore6a5#84134982-5#44157351-5#70420332-5#88818933", "unix_time": 1620683366.9654992}
INFO:circe.py:runtime_stat:{"task_name": "circe", "event": "new_input_file", "filename": "preagg6_lccdec6_9jobthscore6b5#84134982-5#44157351-5#70420332-5#88818933", "unix_time": 1620683367.1818223}
INFO:ccdag_utils.py:runtime_stat:{"task_name": "lccdec6", "event": "queue_start_process", "filename": "preagg6_lccdec6_9jobthscore6b5#84134982-5#44157351-5#70420332-5#88818933", "unix_time": 1620683367.1823573}
INFO:circe.py:runtime_stat:{"task_name": "circe", "event": "new_output_file", "filename": "lccdec6_home_9jobth5#84134982-5#44157351-5#70420332-5#88818933", "unix_time": 1620683367.1966076}
DEBUG:transfer.py:sshpass -p PASSWORD scp -P 5000 -o StrictHostKeyChecking=no /jupiter/circe_output/lccdec6_home_9jobth5#84134982-5#44157351-5#70420332-5#88818933 root@10.108.154.59:/jupiter/circe_input/
INFO:ccdag_utils.py:runtime_stat:{"task_name": "lccdec6", "event": "queue_end_process", "filename": "lccdec6_home_9jobth5#84134982-5#44157351-5#70420332-5#88818933", "unix_time": 1620683367.200746}
DEBUG:transfer.py:transfer successful!
INFO:circe.py:runtime_stat:{"task_name": "circe", "event": "new_input_file", "filename": "preagg6_lccdec6_10jobthscore6a5#80907025-5#47745085-5#65717849-5#50833505", "unix_time": 1620683380.1910474}
INFO:ccdag_utils.py:runtime_stat:{"task_name": "lccdec6", "event": "queue_start_process", "filename": "preagg6_lccdec6_10jobthscore6a5#80907025-5#47745085-5#65717849-5#50833505", "unix_time": 1620683380.1917188}
INFO:circe.py:runtime_stat:{"task_name": "circe", "event": "new_input_file", "filename": "preagg6_lccdec6_10jobthscore6b5#80907025-5#47745085-5#65717849-5#50833505", "unix_time": 1620683380.4132042}
INFO:ccdag_utils.py:runtime_stat:{"task_name": "lccdec6", "event": "queue_start_process", "filename": "preagg6_lccdec6_10jobthscore6b5#80907025-5#47745085-5#65717849-5#50833505", "unix_time": 1620683380.4137173}
INFO:circe.py:runtime_stat:{"task_name": "circe", "event": "new_output_file", "filename": "lccdec6_home_10jobth5#80907025-5#47745085-5#65717849-5#50833505", "unix_time": 1620683380.4293835}
DEBUG:transfer.py:sshpass -p PASSWORD scp -P 5000 -o StrictHostKeyChecking=no /jupiter/circe_output/lccdec6_home_10jobth5#80907025-5#47745085-5#65717849-5#50833505 root@10.108.154.59:/jupiter/circe_input/
INFO:ccdag_utils.py:runtime_stat:{"task_name": "lccdec6", "event": "queue_end_process", "filename": "lccdec6_home_10jobth5#80907025-5#47745085-5#65717849-5#50833505", "unix_time": 1620683380.4308076}
DEBUG:transfer.py:transfer successful!
INFO:circe.py:runtime_stat:{"task_name": "circe", "event": "new_input_file", "filename": "preagg6_lccdec6_11jobthscore6a5#15879840-5#28909989-5#32404537-5#52844504", "unix_time": 1620683398.426738}
INFO:ccdag_utils.py:runtime_stat:{"task_name": "lccdec6", "event": "queue_start_process", "filename": "preagg6_lccdec6_11jobthscore6a5#15879840-5#28909989-5#32404537-5#52844504", "unix_time": 1620683398.4273272}
INFO:circe.py:runtime_stat:{"task_name": "circe", "event": "new_input_file", "filename": "preagg6_lccdec6_11jobthscore6b5#15879840-5#28909989-5#32404537-5#52844504", "unix_time": 1620683398.649635}
INFO:ccdag_utils.py:runtime_stat:{"task_name": "lccdec6", "event": "queue_start_process", "filename": "preagg6_lccdec6_11jobthscore6b5#15879840-5#28909989-5#32404537-5#52844504", "unix_time": 1620683398.6499848}
INFO:circe.py:runtime_stat:{"task_name": "circe", "event": "new_output_file", "filename": "lccdec6_home_11jobth5#15879840-5#28909989-5#32404537-5#52844504", "unix_time": 1620683398.6643133}
DEBUG:transfer.py:sshpass -p PASSWORD scp -P 5000 -o StrictHostKeyChecking=no /jupiter/circe_output/lccdec6_home_11jobth5#15879840-5#28909989-5#32404537-5#52844504 root@10.108.154.59:/jupiter/circe_input/
INFO:ccdag_utils.py:runtime_stat:{"task_name": "lccdec6", "event": "queue_end_process", "filename": "lccdec6_home_11jobth5#15879840-5#28909989-5#32404537-5#52844504", "unix_time": 1620683398.6656823}
DEBUG:transfer.py:transfer successful!
