 * Starting OpenBSD Secure Shell server sshd
   ...done.
INFO:circe.py:Using base script lccenc.py
DEBUG:circe.py:starting the input monitoring process
DEBUG:circe.py:starting the output monitoring process
8
INFO:circe.py:runtime_stat:{"task_name": "circe", "event": "new_input_file", "filename": "storeclass8_lccenc8_83896340imgmongoosejobid11.JPEG", "unix_time": 1620683162.822884}
INFO:circe.py:runtime_stat:{"task_name": "circe", "event": "new_input_file", "filename": "storeclass8_lccenc8_29144704imgmongoosejobid11.JPEG", "unix_time": 1620683163.8299768}
INFO:circe.py:runtime_stat:{"task_name": "circe", "event": "new_input_file", "filename": "storeclass8_lccenc8_77522467imgmongoosejobid11.JPEG", "unix_time": 1620683164.8374164}
INFO:circe.py:runtime_stat:{"task_name": "circe", "event": "new_input_file", "filename": "storeclass8_lccenc8_49676251imgmongoosejobid12.JPEG", "unix_time": 1620683170.8543482}
INFO:ccdag_utils.py:runtime_stat:{"task_name": "lccenc8", "event": "queue_start_process", "filename": "storeclass8_lccenc8_83896340imgmongoosejobid11.JPEG", "unix_time": 1620683171.0435543}
INFO:ccdag_utils.py:runtime_stat:{"task_name": "lccenc8", "event": "queue_start_process", "filename": "storeclass8_lccenc8_29144704imgmongoosejobid11.JPEG", "unix_time": 1620683171.0439165}
INFO:ccdag_utils.py:runtime_stat:{"task_name": "lccenc8", "event": "queue_start_process", "filename": "storeclass8_lccenc8_77522467imgmongoosejobid11.JPEG", "unix_time": 1620683171.0441208}
INFO:ccdag_utils.py:runtime_stat:{"task_name": "lccenc8", "event": "queue_start_process", "filename": "storeclass8_lccenc8_49676251imgmongoosejobid12.JPEG", "unix_time": 1620683171.0443072}
INFO:circe.py:runtime_stat:{"task_name": "circe", "event": "new_input_file", "filename": "storeclass8_lccenc8_14120433imgmongoosejobid12.JPEG", "unix_time": 1620683171.8978705}
INFO:ccdag_utils.py:runtime_stat:{"task_name": "lccenc8", "event": "queue_end_process", "filename": "lccenc8_score8a_7#83896340-7#29144704-7#77522467-7#49676251jobid1.csv", "unix_time": 1620683172.3955026}
INFO:circe.py:runtime_stat:{"task_name": "circe", "event": "new_output_file", "filename": "lccenc8_score8a_7#83896340-7#29144704-7#77522467-7#49676251jobid1.csv", "unix_time": 1620683172.3962624}
DEBUG:transfer.py:sshpass -p PASSWORD scp -P 5000 -o StrictHostKeyChecking=no /jupiter/circe_output/lccenc8_score8a_7#83896340-7#29144704-7#77522467-7#49676251jobid1.csv root@10.101.0.238:/jupiter/circe_input/
Warning: Permanently added '[10.101.0.238]:5000' (ECDSA) to the list of known hosts.
DEBUG:transfer.py:transfer successful!
INFO:circe.py:runtime_stat:{"task_name": "circe", "event": "new_output_file", "filename": "lccenc8_score8b_7#83896340-7#29144704-7#77522467-7#49676251jobid1.csv", "unix_time": 1620683173.4905193}
DEBUG:transfer.py:sshpass -p PASSWORD scp -P 5000 -o StrictHostKeyChecking=no /jupiter/circe_output/lccenc8_score8b_7#83896340-7#29144704-7#77522467-7#49676251jobid1.csv root@10.97.202.255:/jupiter/circe_input/
INFO:ccdag_utils.py:runtime_stat:{"task_name": "lccenc8", "event": "queue_end_process", "filename": "lccenc8_score8b_7#83896340-7#29144704-7#77522467-7#49676251jobid1.csv", "unix_time": 1620683173.4949555}
Warning: Permanently added '[10.97.202.255]:5000' (ECDSA) to the list of known hosts.
DEBUG:transfer.py:transfer successful!
INFO:ccdag_utils.py:runtime_stat:{"task_name": "lccenc8", "event": "queue_end_process", "filename": "lccenc8_score8c_7#83896340-7#29144704-7#77522467-7#49676251jobid1.csv", "unix_time": 1620683174.5420914}
INFO:circe.py:runtime_stat:{"task_name": "circe", "event": "new_output_file", "filename": "lccenc8_score8c_7#83896340-7#29144704-7#77522467-7#49676251jobid1.csv", "unix_time": 1620683174.5437512}
DEBUG:transfer.py:sshpass -p PASSWORD scp -P 5000 -o StrictHostKeyChecking=no /jupiter/circe_output/lccenc8_score8c_7#83896340-7#29144704-7#77522467-7#49676251jobid1.csv root@10.106.105.255:/jupiter/circe_input/
Warning: Permanently added '[10.106.105.255]:5000' (ECDSA) to the list of known hosts.
DEBUG:transfer.py:transfer successful!
INFO:circe.py:runtime_stat:{"task_name": "circe", "event": "new_input_file", "filename": "storeclass8_lccenc8_32394782imgmongoosejobid13.JPEG", "unix_time": 1620683179.9334545}
INFO:circe.py:runtime_stat:{"task_name": "circe", "event": "new_input_file", "filename": "storeclass8_lccenc8_13701014imgmongoosejobid13.JPEG", "unix_time": 1620683180.1822097}
INFO:circe.py:runtime_stat:{"task_name": "circe", "event": "new_input_file", "filename": "storeclass8_lccenc8_37767765imgmongoosejobid13.JPEG", "unix_time": 1620683180.408697}
INFO:ccdag_utils.py:runtime_stat:{"task_name": "lccenc8", "event": "queue_start_process", "filename": "storeclass8_lccenc8_14120433imgmongoosejobid12.JPEG", "unix_time": 1620683180.551377}
INFO:ccdag_utils.py:runtime_stat:{"task_name": "lccenc8", "event": "queue_start_process", "filename": "storeclass8_lccenc8_32394782imgmongoosejobid13.JPEG", "unix_time": 1620683180.5517044}
INFO:ccdag_utils.py:runtime_stat:{"task_name": "lccenc8", "event": "queue_start_process", "filename": "storeclass8_lccenc8_13701014imgmongoosejobid13.JPEG", "unix_time": 1620683180.5518832}
INFO:ccdag_utils.py:runtime_stat:{"task_name": "lccenc8", "event": "queue_start_process", "filename": "storeclass8_lccenc8_37767765imgmongoosejobid13.JPEG", "unix_time": 1620683180.5520782}
INFO:circe.py:runtime_stat:{"task_name": "circe", "event": "new_input_file", "filename": "storeclass8_lccenc8_70960821imgmongoosejobid13.JPEG", "unix_time": 1620683181.2157745}
INFO:ccdag_utils.py:runtime_stat:{"task_name": "lccenc8", "event": "queue_end_process", "filename": "lccenc8_score8a_7#14120433-7#32394782-7#13701014-7#37767765jobid2.csv", "unix_time": 1620683181.7081044}
INFO:circe.py:runtime_stat:{"task_name": "circe", "event": "new_output_file", "filename": "lccenc8_score8a_7#14120433-7#32394782-7#13701014-7#37767765jobid2.csv", "unix_time": 1620683181.7092967}
DEBUG:transfer.py:sshpass -p PASSWORD scp -P 5000 -o StrictHostKeyChecking=no /jupiter/circe_output/lccenc8_score8a_7#14120433-7#32394782-7#13701014-7#37767765jobid2.csv root@10.101.0.238:/jupiter/circe_input/
DEBUG:transfer.py:transfer successful!
INFO:ccdag_utils.py:runtime_stat:{"task_name": "lccenc8", "event": "queue_end_process", "filename": "lccenc8_score8b_7#14120433-7#32394782-7#13701014-7#37767765jobid2.csv", "unix_time": 1620683182.7821424}
INFO:circe.py:runtime_stat:{"task_name": "circe", "event": "new_output_file", "filename": "lccenc8_score8b_7#14120433-7#32394782-7#13701014-7#37767765jobid2.csv", "unix_time": 1620683182.8194618}
DEBUG:transfer.py:sshpass -p PASSWORD scp -P 5000 -o StrictHostKeyChecking=no /jupiter/circe_output/lccenc8_score8b_7#14120433-7#32394782-7#13701014-7#37767765jobid2.csv root@10.97.202.255:/jupiter/circe_input/
DEBUG:transfer.py:transfer successful!
INFO:ccdag_utils.py:runtime_stat:{"task_name": "lccenc8", "event": "queue_end_process", "filename": "lccenc8_score8c_7#14120433-7#32394782-7#13701014-7#37767765jobid2.csv", "unix_time": 1620683183.791811}
INFO:circe.py:runtime_stat:{"task_name": "circe", "event": "new_output_file", "filename": "lccenc8_score8c_7#14120433-7#32394782-7#13701014-7#37767765jobid2.csv", "unix_time": 1620683183.7928886}
DEBUG:transfer.py:sshpass -p PASSWORD scp -P 5000 -o StrictHostKeyChecking=no /jupiter/circe_output/lccenc8_score8c_7#14120433-7#32394782-7#13701014-7#37767765jobid2.csv root@10.106.105.255:/jupiter/circe_input/
DEBUG:transfer.py:transfer successful!
INFO:circe.py:runtime_stat:{"task_name": "circe", "event": "new_input_file", "filename": "storeclass8_lccenc8_20567090imgmongoosejobid14.JPEG", "unix_time": 1620683197.934596}
INFO:circe.py:runtime_stat:{"task_name": "circe", "event": "new_input_file", "filename": "storeclass8_lccenc8_77419537imgmongoosejobid14.JPEG", "unix_time": 1620683198.1512027}
INFO:circe.py:runtime_stat:{"task_name": "circe", "event": "new_input_file", "filename": "storeclass8_lccenc8_20593399imgmongoosejobid19.JPEG", "unix_time": 1620683247.0011942}
INFO:circe.py:runtime_stat:{"task_name": "circe", "event": "new_input_file", "filename": "storeclass8_lccenc8_99922248imgmongoosejobid19.JPEG", "unix_time": 1620683247.2506268}
INFO:ccdag_utils.py:runtime_stat:{"task_name": "lccenc8", "event": "queue_start_process", "filename": "storeclass8_lccenc8_70960821imgmongoosejobid13.JPEG", "unix_time": 1620683247.8586004}
INFO:ccdag_utils.py:runtime_stat:{"task_name": "lccenc8", "event": "queue_start_process", "filename": "storeclass8_lccenc8_20567090imgmongoosejobid14.JPEG", "unix_time": 1620683247.8589325}
INFO:ccdag_utils.py:runtime_stat:{"task_name": "lccenc8", "event": "queue_start_process", "filename": "storeclass8_lccenc8_77419537imgmongoosejobid14.JPEG", "unix_time": 1620683247.8591228}
INFO:ccdag_utils.py:runtime_stat:{"task_name": "lccenc8", "event": "queue_start_process", "filename": "storeclass8_lccenc8_20593399imgmongoosejobid19.JPEG", "unix_time": 1620683247.8593578}
INFO:ccdag_utils.py:runtime_stat:{"task_name": "lccenc8", "event": "queue_end_process", "filename": "lccenc8_score8a_7#70960821-7#20567090-7#77419537-7#20593399jobid3.csv", "unix_time": 1620683249.0062613}
INFO:circe.py:runtime_stat:{"task_name": "circe", "event": "new_output_file", "filename": "lccenc8_score8a_7#70960821-7#20567090-7#77419537-7#20593399jobid3.csv", "unix_time": 1620683249.0423234}
DEBUG:transfer.py:sshpass -p PASSWORD scp -P 5000 -o StrictHostKeyChecking=no /jupiter/circe_output/lccenc8_score8a_7#70960821-7#20567090-7#77419537-7#20593399jobid3.csv root@10.101.0.238:/jupiter/circe_input/
DEBUG:transfer.py:transfer successful!
INFO:ccdag_utils.py:runtime_stat:{"task_name": "lccenc8", "event": "queue_end_process", "filename": "lccenc8_score8b_7#70960821-7#20567090-7#77419537-7#20593399jobid3.csv", "unix_time": 1620683250.0033772}
INFO:circe.py:runtime_stat:{"task_name": "circe", "event": "new_output_file", "filename": "lccenc8_score8b_7#70960821-7#20567090-7#77419537-7#20593399jobid3.csv", "unix_time": 1620683250.0042918}
DEBUG:transfer.py:sshpass -p PASSWORD scp -P 5000 -o StrictHostKeyChecking=no /jupiter/circe_output/lccenc8_score8b_7#70960821-7#20567090-7#77419537-7#20593399jobid3.csv root@10.97.202.255:/jupiter/circe_input/
DEBUG:transfer.py:transfer successful!
INFO:ccdag_utils.py:runtime_stat:{"task_name": "lccenc8", "event": "queue_end_process", "filename": "lccenc8_score8c_7#70960821-7#20567090-7#77419537-7#20593399jobid3.csv", "unix_time": 1620683251.0105941}
INFO:circe.py:runtime_stat:{"task_name": "circe", "event": "new_output_file", "filename": "lccenc8_score8c_7#70960821-7#20567090-7#77419537-7#20593399jobid3.csv", "unix_time": 1620683251.0116386}
DEBUG:transfer.py:sshpass -p PASSWORD scp -P 5000 -o StrictHostKeyChecking=no /jupiter/circe_output/lccenc8_score8c_7#70960821-7#20567090-7#77419537-7#20593399jobid3.csv root@10.106.105.255:/jupiter/circe_input/
DEBUG:transfer.py:transfer successful!
INFO:circe.py:runtime_stat:{"task_name": "circe", "event": "new_input_file", "filename": "storeclass8_lccenc8_87262016imgmongoosejobid20.JPEG", "unix_time": 1620683256.0150015}
INFO:circe.py:runtime_stat:{"task_name": "circe", "event": "new_input_file", "filename": "storeclass8_lccenc8_53576739imgmongoosejobid20.JPEG", "unix_time": 1620683257.0277154}
INFO:circe.py:runtime_stat:{"task_name": "circe", "event": "new_input_file", "filename": "storeclass8_lccenc8_96683183imgmongoosejobid21.JPEG", "unix_time": 1620683268.0544612}
INFO:circe.py:runtime_stat:{"task_name": "circe", "event": "new_input_file", "filename": "storeclass8_lccenc8_21022509imgmongoosejobid21.JPEG", "unix_time": 1620683268.2762992}
INFO:ccdag_utils.py:runtime_stat:{"task_name": "lccenc8", "event": "queue_start_process", "filename": "storeclass8_lccenc8_99922248imgmongoosejobid19.JPEG", "unix_time": 1620683269.0292196}
INFO:ccdag_utils.py:runtime_stat:{"task_name": "lccenc8", "event": "queue_start_process", "filename": "storeclass8_lccenc8_87262016imgmongoosejobid20.JPEG", "unix_time": 1620683269.029634}
INFO:ccdag_utils.py:runtime_stat:{"task_name": "lccenc8", "event": "queue_start_process", "filename": "storeclass8_lccenc8_53576739imgmongoosejobid20.JPEG", "unix_time": 1620683269.0300999}
INFO:ccdag_utils.py:runtime_stat:{"task_name": "lccenc8", "event": "queue_start_process", "filename": "storeclass8_lccenc8_96683183imgmongoosejobid21.JPEG", "unix_time": 1620683269.0303686}
INFO:ccdag_utils.py:runtime_stat:{"task_name": "lccenc8", "event": "queue_end_process", "filename": "lccenc8_score8a_7#99922248-7#87262016-7#53576739-7#96683183jobid4.csv", "unix_time": 1620683270.1531286}
INFO:circe.py:runtime_stat:{"task_name": "circe", "event": "new_output_file", "filename": "lccenc8_score8a_7#99922248-7#87262016-7#53576739-7#96683183jobid4.csv", "unix_time": 1620683270.1539133}
DEBUG:transfer.py:sshpass -p PASSWORD scp -P 5000 -o StrictHostKeyChecking=no /jupiter/circe_output/lccenc8_score8a_7#99922248-7#87262016-7#53576739-7#96683183jobid4.csv root@10.101.0.238:/jupiter/circe_input/
DEBUG:transfer.py:transfer successful!
INFO:ccdag_utils.py:runtime_stat:{"task_name": "lccenc8", "event": "queue_end_process", "filename": "lccenc8_score8b_7#99922248-7#87262016-7#53576739-7#96683183jobid4.csv", "unix_time": 1620683271.1287253}
INFO:circe.py:runtime_stat:{"task_name": "circe", "event": "new_output_file", "filename": "lccenc8_score8b_7#99922248-7#87262016-7#53576739-7#96683183jobid4.csv", "unix_time": 1620683271.1295671}
DEBUG:transfer.py:sshpass -p PASSWORD scp -P 5000 -o StrictHostKeyChecking=no /jupiter/circe_output/lccenc8_score8b_7#99922248-7#87262016-7#53576739-7#96683183jobid4.csv root@10.97.202.255:/jupiter/circe_input/
DEBUG:transfer.py:transfer successful!
INFO:ccdag_utils.py:runtime_stat:{"task_name": "lccenc8", "event": "queue_end_process", "filename": "lccenc8_score8c_7#99922248-7#87262016-7#53576739-7#96683183jobid4.csv", "unix_time": 1620683272.1023612}
INFO:circe.py:runtime_stat:{"task_name": "circe", "event": "new_output_file", "filename": "lccenc8_score8c_7#99922248-7#87262016-7#53576739-7#96683183jobid4.csv", "unix_time": 1620683272.103325}
DEBUG:transfer.py:sshpass -p PASSWORD scp -P 5000 -o StrictHostKeyChecking=no /jupiter/circe_output/lccenc8_score8c_7#99922248-7#87262016-7#53576739-7#96683183jobid4.csv root@10.106.105.255:/jupiter/circe_input/
DEBUG:transfer.py:transfer successful!
INFO:circe.py:runtime_stat:{"task_name": "circe", "event": "new_input_file", "filename": "storeclass8_lccenc8_43317555imgmongoosejobid22.JPEG", "unix_time": 1620683280.0874112}
INFO:circe.py:runtime_stat:{"task_name": "circe", "event": "new_input_file", "filename": "storeclass8_lccenc8_04382468imgmongoosejobid23.JPEG", "unix_time": 1620683292.107482}
INFO:circe.py:runtime_stat:{"task_name": "circe", "event": "new_input_file", "filename": "storeclass8_lccenc8_18265540imgmongoosejobid24.JPEG", "unix_time": 1620683302.1420987}
INFO:circe.py:runtime_stat:{"task_name": "circe", "event": "new_input_file", "filename": "storeclass8_lccenc8_35827831imgmongoosejobid24.JPEG", "unix_time": 1620683302.3643146}
INFO:ccdag_utils.py:runtime_stat:{"task_name": "lccenc8", "event": "queue_start_process", "filename": "storeclass8_lccenc8_21022509imgmongoosejobid21.JPEG", "unix_time": 1620683303.13592}
INFO:ccdag_utils.py:runtime_stat:{"task_name": "lccenc8", "event": "queue_start_process", "filename": "storeclass8_lccenc8_43317555imgmongoosejobid22.JPEG", "unix_time": 1620683303.1363344}
INFO:ccdag_utils.py:runtime_stat:{"task_name": "lccenc8", "event": "queue_start_process", "filename": "storeclass8_lccenc8_04382468imgmongoosejobid23.JPEG", "unix_time": 1620683303.136603}
INFO:ccdag_utils.py:runtime_stat:{"task_name": "lccenc8", "event": "queue_start_process", "filename": "storeclass8_lccenc8_18265540imgmongoosejobid24.JPEG", "unix_time": 1620683303.1368399}
INFO:ccdag_utils.py:runtime_stat:{"task_name": "lccenc8", "event": "queue_end_process", "filename": "lccenc8_score8a_7#21022509-7#43317555-7#04382468-7#18265540jobid5.csv", "unix_time": 1620683304.372889}
INFO:circe.py:runtime_stat:{"task_name": "circe", "event": "new_output_file", "filename": "lccenc8_score8a_7#21022509-7#43317555-7#04382468-7#18265540jobid5.csv", "unix_time": 1620683304.3736963}
DEBUG:transfer.py:sshpass -p PASSWORD scp -P 5000 -o StrictHostKeyChecking=no /jupiter/circe_output/lccenc8_score8a_7#21022509-7#43317555-7#04382468-7#18265540jobid5.csv root@10.101.0.238:/jupiter/circe_input/
DEBUG:transfer.py:transfer successful!
INFO:ccdag_utils.py:runtime_stat:{"task_name": "lccenc8", "event": "queue_end_process", "filename": "lccenc8_score8b_7#21022509-7#43317555-7#04382468-7#18265540jobid5.csv", "unix_time": 1620683305.3809006}
INFO:circe.py:runtime_stat:{"task_name": "circe", "event": "new_output_file", "filename": "lccenc8_score8b_7#21022509-7#43317555-7#04382468-7#18265540jobid5.csv", "unix_time": 1620683305.3817763}
DEBUG:transfer.py:sshpass -p PASSWORD scp -P 5000 -o StrictHostKeyChecking=no /jupiter/circe_output/lccenc8_score8b_7#21022509-7#43317555-7#04382468-7#18265540jobid5.csv root@10.97.202.255:/jupiter/circe_input/
DEBUG:transfer.py:transfer successful!
INFO:ccdag_utils.py:runtime_stat:{"task_name": "lccenc8", "event": "queue_end_process", "filename": "lccenc8_score8c_7#21022509-7#43317555-7#04382468-7#18265540jobid5.csv", "unix_time": 1620683306.4225338}
INFO:circe.py:runtime_stat:{"task_name": "circe", "event": "new_output_file", "filename": "lccenc8_score8c_7#21022509-7#43317555-7#04382468-7#18265540jobid5.csv", "unix_time": 1620683306.4236608}
DEBUG:transfer.py:sshpass -p PASSWORD scp -P 5000 -o StrictHostKeyChecking=no /jupiter/circe_output/lccenc8_score8c_7#21022509-7#43317555-7#04382468-7#18265540jobid5.csv root@10.106.105.255:/jupiter/circe_input/
DEBUG:transfer.py:transfer successful!
INFO:circe.py:runtime_stat:{"task_name": "circe", "event": "new_input_file", "filename": "storeclass8_lccenc8_16675151imgmongoosejobid25.JPEG", "unix_time": 1620683313.345529}
INFO:circe.py:runtime_stat:{"task_name": "circe", "event": "new_input_file", "filename": "storeclass8_lccenc8_24961760imgmongoosejobid25.JPEG", "unix_time": 1620683313.58532}
