 * Starting OpenBSD Secure Shell server sshd
   ...done.
INFO:circe.py:Using base script storeclass.py
DEBUG:circe.py:starting the input monitoring process
DEBUG:circe.py:starting the output monitoring process
INFO:circe.py:runtime_stat:{"task_name": "circe", "event": "new_input_file", "filename": "resnet8_storeclass6_49492247imgpersiancatjobid0.JPEG", "unix_time": 1620589292.8320043}
INFO:ccdag_utils.py:runtime_stat:{"task_name": "storeclass6", "event": "queue_start_process", "filename": "resnet8_storeclass6_49492247imgpersiancatjobid0.JPEG", "unix_time": 1620589292.9139836}
INFO:circe.py:runtime_stat:{"task_name": "circe", "event": "new_output_file", "filename": "storeclass6_lccenc6_49492247imgpersiancatjobid0.JPEG", "unix_time": 1620589292.918341}
DEBUG:transfer.py:sshpass -p PASSWORD scp -P 5000 -o StrictHostKeyChecking=no /jupiter/circe_output/storeclass6_lccenc6_49492247imgpersiancatjobid0.JPEG root@10.96.67.188:/jupiter/circe_input/
INFO:ccdag_utils.py:runtime_stat:{"task_name": "storeclass6", "event": "queue_end_process", "filename": "storeclass6_lccenc6_49492247imgpersiancatjobid0.JPEG", "unix_time": 1620589292.919382}
Warning: Permanently added '[10.96.67.188]:5000' (ECDSA) to the list of known hosts.
DEBUG:transfer.py:transfer successful!
INFO:circe.py:runtime_stat:{"task_name": "circe", "event": "new_input_file", "filename": "resnet0_storeclass6_70434072imgpersiancatjobid0.JPEG", "unix_time": 1620589311.0533261}
INFO:ccdag_utils.py:runtime_stat:{"task_name": "storeclass6", "event": "queue_start_process", "filename": "resnet0_storeclass6_70434072imgpersiancatjobid0.JPEG", "unix_time": 1620589311.9428668}
INFO:ccdag_utils.py:runtime_stat:{"task_name": "storeclass6", "event": "queue_end_process", "filename": "storeclass6_lccenc6_70434072imgpersiancatjobid0.JPEG", "unix_time": 1620589311.9469857}
INFO:circe.py:runtime_stat:{"task_name": "circe", "event": "new_output_file", "filename": "storeclass6_lccenc6_70434072imgpersiancatjobid0.JPEG", "unix_time": 1620589311.947776}
DEBUG:transfer.py:sshpass -p PASSWORD scp -P 5000 -o StrictHostKeyChecking=no /jupiter/circe_output/storeclass6_lccenc6_70434072imgpersiancatjobid0.JPEG root@10.96.67.188:/jupiter/circe_input/
INFO:circe.py:runtime_stat:{"task_name": "circe", "event": "new_input_file", "filename": "resnet5_storeclass6_38522067imgpersiancatjobid0.JPEG", "unix_time": 1620589312.1782575}
DEBUG:transfer.py:transfer successful!
INFO:circe.py:runtime_stat:{"task_name": "circe", "event": "new_input_file", "filename": "resnet3_storeclass6_21238389imgpersiancatjobid0.JPEG", "unix_time": 1620589312.4912276}
INFO:ccdag_utils.py:runtime_stat:{"task_name": "storeclass6", "event": "queue_start_process", "filename": "resnet5_storeclass6_38522067imgpersiancatjobid0.JPEG", "unix_time": 1620589312.9482262}
INFO:ccdag_utils.py:runtime_stat:{"task_name": "storeclass6", "event": "queue_end_process", "filename": "storeclass6_lccenc6_38522067imgpersiancatjobid0.JPEG", "unix_time": 1620589312.9536254}
INFO:ccdag_utils.py:runtime_stat:{"task_name": "storeclass6", "event": "queue_start_process", "filename": "resnet3_storeclass6_21238389imgpersiancatjobid0.JPEG", "unix_time": 1620589312.9539726}
INFO:circe.py:runtime_stat:{"task_name": "circe", "event": "new_output_file", "filename": "storeclass6_lccenc6_38522067imgpersiancatjobid0.JPEG", "unix_time": 1620589312.9546802}
DEBUG:transfer.py:sshpass -p PASSWORD scp -P 5000 -o StrictHostKeyChecking=no /jupiter/circe_output/storeclass6_lccenc6_38522067imgpersiancatjobid0.JPEG root@10.96.67.188:/jupiter/circe_input/
INFO:ccdag_utils.py:runtime_stat:{"task_name": "storeclass6", "event": "queue_end_process", "filename": "storeclass6_lccenc6_21238389imgpersiancatjobid0.JPEG", "unix_time": 1620589312.9611425}
DEBUG:transfer.py:transfer successful!
INFO:circe.py:runtime_stat:{"task_name": "circe", "event": "new_output_file", "filename": "storeclass6_lccenc6_21238389imgpersiancatjobid0.JPEG", "unix_time": 1620589313.1753495}
DEBUG:transfer.py:sshpass -p PASSWORD scp -P 5000 -o StrictHostKeyChecking=no /jupiter/circe_output/storeclass6_lccenc6_21238389imgpersiancatjobid0.JPEG root@10.96.67.188:/jupiter/circe_input/
DEBUG:transfer.py:transfer successful!
INFO:circe.py:runtime_stat:{"task_name": "circe", "event": "new_input_file", "filename": "resnet4_storeclass6_39576232imgpersiancatjobid0.JPEG", "unix_time": 1620589313.5860512}
INFO:circe.py:runtime_stat:{"task_name": "circe", "event": "new_input_file", "filename": "resnet7_storeclass6_52438379imgpersiancatjobid0.JPEG", "unix_time": 1620589313.8641763}
INFO:ccdag_utils.py:runtime_stat:{"task_name": "storeclass6", "event": "queue_start_process", "filename": "resnet4_storeclass6_39576232imgpersiancatjobid0.JPEG", "unix_time": 1620589313.9637878}
INFO:ccdag_utils.py:runtime_stat:{"task_name": "storeclass6", "event": "queue_end_process", "filename": "storeclass6_lccenc6_39576232imgpersiancatjobid0.JPEG", "unix_time": 1620589313.9684086}
INFO:circe.py:runtime_stat:{"task_name": "circe", "event": "new_output_file", "filename": "storeclass6_lccenc6_39576232imgpersiancatjobid0.JPEG", "unix_time": 1620589313.9704647}
INFO:ccdag_utils.py:runtime_stat:{"task_name": "storeclass6", "event": "queue_start_process", "filename": "resnet7_storeclass6_52438379imgpersiancatjobid0.JPEG", "unix_time": 1620589313.9708855}
DEBUG:transfer.py:sshpass -p PASSWORD scp -P 5000 -o StrictHostKeyChecking=no /jupiter/circe_output/storeclass6_lccenc6_39576232imgpersiancatjobid0.JPEG root@10.96.67.188:/jupiter/circe_input/
INFO:ccdag_utils.py:runtime_stat:{"task_name": "storeclass6", "event": "queue_end_process", "filename": "storeclass6_lccenc6_52438379imgpersiancatjobid0.JPEG", "unix_time": 1620589313.9785004}
DEBUG:transfer.py:transfer successful!
INFO:circe.py:runtime_stat:{"task_name": "circe", "event": "new_output_file", "filename": "storeclass6_lccenc6_52438379imgpersiancatjobid0.JPEG", "unix_time": 1620589314.192887}
DEBUG:transfer.py:sshpass -p PASSWORD scp -P 5000 -o StrictHostKeyChecking=no /jupiter/circe_output/storeclass6_lccenc6_52438379imgpersiancatjobid0.JPEG root@10.96.67.188:/jupiter/circe_input/
DEBUG:transfer.py:transfer successful!
INFO:circe.py:runtime_stat:{"task_name": "circe", "event": "new_input_file", "filename": "resnet5_storeclass6_16093478imgpersiancatjobid0.JPEG", "unix_time": 1620589342.4466448}
INFO:ccdag_utils.py:runtime_stat:{"task_name": "storeclass6", "event": "queue_start_process", "filename": "resnet5_storeclass6_16093478imgpersiancatjobid0.JPEG", "unix_time": 1620589343.0070994}
INFO:circe.py:runtime_stat:{"task_name": "circe", "event": "new_output_file", "filename": "storeclass6_lccenc6_16093478imgpersiancatjobid0.JPEG", "unix_time": 1620589343.0133848}
DEBUG:transfer.py:sshpass -p PASSWORD scp -P 5000 -o StrictHostKeyChecking=no /jupiter/circe_output/storeclass6_lccenc6_16093478imgpersiancatjobid0.JPEG root@10.96.67.188:/jupiter/circe_input/
INFO:ccdag_utils.py:runtime_stat:{"task_name": "storeclass6", "event": "queue_end_process", "filename": "storeclass6_lccenc6_16093478imgpersiancatjobid0.JPEG", "unix_time": 1620589343.0140684}
DEBUG:transfer.py:transfer successful!
INFO:circe.py:runtime_stat:{"task_name": "circe", "event": "new_input_file", "filename": "resnet8_storeclass6_93586179imgpersiancatjobid0.JPEG", "unix_time": 1620589351.9672425}
INFO:ccdag_utils.py:runtime_stat:{"task_name": "storeclass6", "event": "queue_start_process", "filename": "resnet8_storeclass6_93586179imgpersiancatjobid0.JPEG", "unix_time": 1620589352.0278037}
INFO:circe.py:runtime_stat:{"task_name": "circe", "event": "new_output_file", "filename": "storeclass6_lccenc6_93586179imgpersiancatjobid0.JPEG", "unix_time": 1620589352.035062}
DEBUG:transfer.py:sshpass -p PASSWORD scp -P 5000 -o StrictHostKeyChecking=no /jupiter/circe_output/storeclass6_lccenc6_93586179imgpersiancatjobid0.JPEG root@10.96.67.188:/jupiter/circe_input/
INFO:ccdag_utils.py:runtime_stat:{"task_name": "storeclass6", "event": "queue_end_process", "filename": "storeclass6_lccenc6_93586179imgpersiancatjobid0.JPEG", "unix_time": 1620589352.035408}
DEBUG:transfer.py:transfer successful!
INFO:circe.py:runtime_stat:{"task_name": "circe", "event": "new_input_file", "filename": "resnet2_storeclass6_36921142imgpersiancatjobid0.JPEG", "unix_time": 1620589396.6028845}
INFO:ccdag_utils.py:runtime_stat:{"task_name": "storeclass6", "event": "queue_start_process", "filename": "resnet2_storeclass6_36921142imgpersiancatjobid0.JPEG", "unix_time": 1620589397.0874665}
INFO:circe.py:runtime_stat:{"task_name": "circe", "event": "new_output_file", "filename": "storeclass6_lccenc6_36921142imgpersiancatjobid0.JPEG", "unix_time": 1620589397.093752}
DEBUG:transfer.py:sshpass -p PASSWORD scp -P 5000 -o StrictHostKeyChecking=no /jupiter/circe_output/storeclass6_lccenc6_36921142imgpersiancatjobid0.JPEG root@10.96.67.188:/jupiter/circe_input/
INFO:ccdag_utils.py:runtime_stat:{"task_name": "storeclass6", "event": "queue_end_process", "filename": "storeclass6_lccenc6_36921142imgpersiancatjobid0.JPEG", "unix_time": 1620589397.0943778}
DEBUG:transfer.py:transfer successful!
INFO:circe.py:runtime_stat:{"task_name": "circe", "event": "new_input_file", "filename": "resnet8_storeclass6_73649310imgpersiancatjobid0.JPEG", "unix_time": 1620589407.110155}
INFO:ccdag_utils.py:runtime_stat:{"task_name": "storeclass6", "event": "queue_start_process", "filename": "resnet8_storeclass6_73649310imgpersiancatjobid0.JPEG", "unix_time": 1620589407.1110325}
INFO:circe.py:runtime_stat:{"task_name": "circe", "event": "new_output_file", "filename": "storeclass6_lccenc6_73649310imgpersiancatjobid0.JPEG", "unix_time": 1620589407.118644}
DEBUG:transfer.py:sshpass -p PASSWORD scp -P 5000 -o StrictHostKeyChecking=no /jupiter/circe_output/storeclass6_lccenc6_73649310imgpersiancatjobid0.JPEG root@10.96.67.188:/jupiter/circe_input/
INFO:ccdag_utils.py:runtime_stat:{"task_name": "storeclass6", "event": "queue_end_process", "filename": "storeclass6_lccenc6_73649310imgpersiancatjobid0.JPEG", "unix_time": 1620589407.1192784}
DEBUG:transfer.py:transfer successful!
INFO:circe.py:runtime_stat:{"task_name": "circe", "event": "new_input_file", "filename": "resnet3_storeclass6_62418130imgpersiancatjobid0.JPEG", "unix_time": 1620589487.3327148}
INFO:ccdag_utils.py:runtime_stat:{"task_name": "storeclass6", "event": "queue_start_process", "filename": "resnet3_storeclass6_62418130imgpersiancatjobid0.JPEG", "unix_time": 1620589488.2055142}
INFO:ccdag_utils.py:runtime_stat:{"task_name": "storeclass6", "event": "queue_end_process", "filename": "storeclass6_lccenc6_62418130imgpersiancatjobid0.JPEG", "unix_time": 1620589488.2090185}
INFO:circe.py:runtime_stat:{"task_name": "circe", "event": "new_output_file", "filename": "storeclass6_lccenc6_62418130imgpersiancatjobid0.JPEG", "unix_time": 1620589488.210574}
DEBUG:transfer.py:sshpass -p PASSWORD scp -P 5000 -o StrictHostKeyChecking=no /jupiter/circe_output/storeclass6_lccenc6_62418130imgpersiancatjobid0.JPEG root@10.96.67.188:/jupiter/circe_input/
DEBUG:transfer.py:transfer successful!
INFO:circe.py:runtime_stat:{"task_name": "circe", "event": "new_input_file", "filename": "resnet4_storeclass6_59198157imgpersiancatjobid1.JPEG", "unix_time": 1620589516.723302}
INFO:ccdag_utils.py:runtime_stat:{"task_name": "storeclass6", "event": "queue_start_process", "filename": "resnet4_storeclass6_59198157imgpersiancatjobid1.JPEG", "unix_time": 1620589517.2435384}
INFO:circe.py:runtime_stat:{"task_name": "circe", "event": "new_output_file", "filename": "storeclass6_lccenc6_59198157imgpersiancatjobid1.JPEG", "unix_time": 1620589517.2487757}
DEBUG:transfer.py:sshpass -p PASSWORD scp -P 5000 -o StrictHostKeyChecking=no /jupiter/circe_output/storeclass6_lccenc6_59198157imgpersiancatjobid1.JPEG root@10.96.67.188:/jupiter/circe_input/
INFO:ccdag_utils.py:runtime_stat:{"task_name": "storeclass6", "event": "queue_end_process", "filename": "storeclass6_lccenc6_59198157imgpersiancatjobid1.JPEG", "unix_time": 1620589517.2528963}
DEBUG:transfer.py:transfer successful!
INFO:circe.py:runtime_stat:{"task_name": "circe", "event": "new_input_file", "filename": "resnet0_storeclass6_70550589imgpersiancatjobid2.JPEG", "unix_time": 1620589551.127562}
INFO:ccdag_utils.py:runtime_stat:{"task_name": "storeclass6", "event": "queue_start_process", "filename": "resnet0_storeclass6_70550589imgpersiancatjobid2.JPEG", "unix_time": 1620589551.2990618}
INFO:ccdag_utils.py:runtime_stat:{"task_name": "storeclass6", "event": "queue_end_process", "filename": "storeclass6_lccenc6_70550589imgpersiancatjobid2.JPEG", "unix_time": 1620589551.3021266}
INFO:circe.py:runtime_stat:{"task_name": "circe", "event": "new_output_file", "filename": "storeclass6_lccenc6_70550589imgpersiancatjobid2.JPEG", "unix_time": 1620589551.303007}
DEBUG:transfer.py:sshpass -p PASSWORD scp -P 5000 -o StrictHostKeyChecking=no /jupiter/circe_output/storeclass6_lccenc6_70550589imgpersiancatjobid2.JPEG root@10.96.67.188:/jupiter/circe_input/
DEBUG:transfer.py:transfer successful!
INFO:circe.py:runtime_stat:{"task_name": "circe", "event": "new_input_file", "filename": "resnet5_storeclass6_85224940imgpersiancatjobid3.JPEG", "unix_time": 1620589573.9528687}
INFO:ccdag_utils.py:runtime_stat:{"task_name": "storeclass6", "event": "queue_start_process", "filename": "resnet5_storeclass6_85224940imgpersiancatjobid3.JPEG", "unix_time": 1620589574.3310337}
INFO:ccdag_utils.py:runtime_stat:{"task_name": "storeclass6", "event": "queue_end_process", "filename": "storeclass6_lccenc6_85224940imgpersiancatjobid3.JPEG", "unix_time": 1620589574.3323183}
INFO:circe.py:runtime_stat:{"task_name": "circe", "event": "new_output_file", "filename": "storeclass6_lccenc6_85224940imgpersiancatjobid3.JPEG", "unix_time": 1620589574.3343794}
DEBUG:transfer.py:sshpass -p PASSWORD scp -P 5000 -o StrictHostKeyChecking=no /jupiter/circe_output/storeclass6_lccenc6_85224940imgpersiancatjobid3.JPEG root@10.96.67.188:/jupiter/circe_input/
INFO:circe.py:runtime_stat:{"task_name": "circe", "event": "new_input_file", "filename": "resnet3_storeclass6_97128966imgpersiancatjobid3.JPEG", "unix_time": 1620589574.540589}
DEBUG:transfer.py:transfer successful!
INFO:ccdag_utils.py:runtime_stat:{"task_name": "storeclass6", "event": "queue_start_process", "filename": "resnet3_storeclass6_97128966imgpersiancatjobid3.JPEG", "unix_time": 1620589575.3357723}
INFO:ccdag_utils.py:runtime_stat:{"task_name": "storeclass6", "event": "queue_end_process", "filename": "storeclass6_lccenc6_97128966imgpersiancatjobid3.JPEG", "unix_time": 1620589575.3400397}
INFO:circe.py:runtime_stat:{"task_name": "circe", "event": "new_output_file", "filename": "storeclass6_lccenc6_97128966imgpersiancatjobid3.JPEG", "unix_time": 1620589575.3408484}
DEBUG:transfer.py:sshpass -p PASSWORD scp -P 5000 -o StrictHostKeyChecking=no /jupiter/circe_output/storeclass6_lccenc6_97128966imgpersiancatjobid3.JPEG root@10.96.67.188:/jupiter/circe_input/
DEBUG:transfer.py:transfer successful!
INFO:circe.py:runtime_stat:{"task_name": "circe", "event": "new_input_file", "filename": "resnet7_storeclass6_89668920imgpersiancatjobid5.JPEG", "unix_time": 1620589614.401337}
INFO:ccdag_utils.py:runtime_stat:{"task_name": "storeclass6", "event": "queue_start_process", "filename": "resnet7_storeclass6_89668920imgpersiancatjobid5.JPEG", "unix_time": 1620589615.3880606}
INFO:ccdag_utils.py:runtime_stat:{"task_name": "storeclass6", "event": "queue_end_process", "filename": "storeclass6_lccenc6_89668920imgpersiancatjobid5.JPEG", "unix_time": 1620589615.390996}
INFO:circe.py:runtime_stat:{"task_name": "circe", "event": "new_output_file", "filename": "storeclass6_lccenc6_89668920imgpersiancatjobid5.JPEG", "unix_time": 1620589615.3918371}
DEBUG:transfer.py:sshpass -p PASSWORD scp -P 5000 -o StrictHostKeyChecking=no /jupiter/circe_output/storeclass6_lccenc6_89668920imgpersiancatjobid5.JPEG root@10.96.67.188:/jupiter/circe_input/
DEBUG:transfer.py:transfer successful!
INFO:circe.py:runtime_stat:{"task_name": "circe", "event": "new_input_file", "filename": "resnet6_storeclass6_28297255imgpersiancatjobid7.JPEG", "unix_time": 1620589648.5651302}
INFO:ccdag_utils.py:runtime_stat:{"task_name": "storeclass6", "event": "queue_start_process", "filename": "resnet6_storeclass6_28297255imgpersiancatjobid7.JPEG", "unix_time": 1620589649.428185}
INFO:ccdag_utils.py:runtime_stat:{"task_name": "storeclass6", "event": "queue_end_process", "filename": "storeclass6_lccenc6_28297255imgpersiancatjobid7.JPEG", "unix_time": 1620589649.4313433}
INFO:circe.py:runtime_stat:{"task_name": "circe", "event": "new_output_file", "filename": "storeclass6_lccenc6_28297255imgpersiancatjobid7.JPEG", "unix_time": 1620589649.4322119}
DEBUG:transfer.py:sshpass -p PASSWORD scp -P 5000 -o StrictHostKeyChecking=no /jupiter/circe_output/storeclass6_lccenc6_28297255imgpersiancatjobid7.JPEG root@10.96.67.188:/jupiter/circe_input/
DEBUG:transfer.py:transfer successful!
INFO:circe.py:runtime_stat:{"task_name": "circe", "event": "new_input_file", "filename": "resnet6_storeclass6_63082933imgpersiancatjobid8.JPEG", "unix_time": 1620589664.6391163}
INFO:ccdag_utils.py:runtime_stat:{"task_name": "storeclass6", "event": "queue_start_process", "filename": "resnet6_storeclass6_63082933imgpersiancatjobid8.JPEG", "unix_time": 1620589665.4511058}
INFO:ccdag_utils.py:runtime_stat:{"task_name": "storeclass6", "event": "queue_end_process", "filename": "storeclass6_lccenc6_63082933imgpersiancatjobid8.JPEG", "unix_time": 1620589665.456917}
INFO:circe.py:runtime_stat:{"task_name": "circe", "event": "new_output_file", "filename": "storeclass6_lccenc6_63082933imgpersiancatjobid8.JPEG", "unix_time": 1620589665.4580865}
DEBUG:transfer.py:sshpass -p PASSWORD scp -P 5000 -o StrictHostKeyChecking=no /jupiter/circe_output/storeclass6_lccenc6_63082933imgpersiancatjobid8.JPEG root@10.96.67.188:/jupiter/circe_input/
DEBUG:transfer.py:transfer successful!
INFO:circe.py:runtime_stat:{"task_name": "circe", "event": "new_input_file", "filename": "home_storeclass6_11607078imgpersiancatjobid8.JPEG", "unix_time": 1620589666.0951478}
INFO:ccdag_utils.py:runtime_stat:{"task_name": "storeclass6", "event": "queue_start_process", "filename": "home_storeclass6_11607078imgpersiancatjobid8.JPEG", "unix_time": 1620589666.4585545}
INFO:circe.py:runtime_stat:{"task_name": "circe", "event": "new_output_file", "filename": "storeclass6_lccenc6_11607078imgpersiancatjobid8.JPEG", "unix_time": 1620589666.468978}
DEBUG:transfer.py:sshpass -p PASSWORD scp -P 5000 -o StrictHostKeyChecking=no /jupiter/circe_output/storeclass6_lccenc6_11607078imgpersiancatjobid8.JPEG root@10.96.67.188:/jupiter/circe_input/
INFO:ccdag_utils.py:runtime_stat:{"task_name": "storeclass6", "event": "queue_end_process", "filename": "storeclass6_lccenc6_11607078imgpersiancatjobid8.JPEG", "unix_time": 1620589666.469864}
DEBUG:transfer.py:transfer successful!
INFO:circe.py:runtime_stat:{"task_name": "circe", "event": "new_input_file", "filename": "resnet6_storeclass6_20804934imgpersiancatjobid9.JPEG", "unix_time": 1620589683.123768}
INFO:circe.py:runtime_stat:{"task_name": "circe", "event": "new_input_file", "filename": "resnet7_storeclass6_06305203imgpersiancatjobid9.JPEG", "unix_time": 1620589683.1778061}
INFO:ccdag_utils.py:runtime_stat:{"task_name": "storeclass6", "event": "queue_start_process", "filename": "resnet6_storeclass6_20804934imgpersiancatjobid9.JPEG", "unix_time": 1620589683.4939592}
INFO:circe.py:runtime_stat:{"task_name": "circe", "event": "new_output_file", "filename": "storeclass6_lccenc6_20804934imgpersiancatjobid9.JPEG", "unix_time": 1620589683.497328}
INFO:ccdag_utils.py:runtime_stat:{"task_name": "storeclass6", "event": "queue_end_process", "filename": "storeclass6_lccenc6_20804934imgpersiancatjobid9.JPEG", "unix_time": 1620589683.4975522}
DEBUG:transfer.py:sshpass -p PASSWORD scp -P 5000 -o StrictHostKeyChecking=no /jupiter/circe_output/storeclass6_lccenc6_20804934imgpersiancatjobid9.JPEG root@10.96.67.188:/jupiter/circe_input/
INFO:ccdag_utils.py:runtime_stat:{"task_name": "storeclass6", "event": "queue_start_process", "filename": "resnet7_storeclass6_06305203imgpersiancatjobid9.JPEG", "unix_time": 1620589683.4985168}
INFO:ccdag_utils.py:runtime_stat:{"task_name": "storeclass6", "event": "queue_end_process", "filename": "storeclass6_lccenc6_06305203imgpersiancatjobid9.JPEG", "unix_time": 1620589683.5042043}
DEBUG:transfer.py:transfer successful!
INFO:circe.py:runtime_stat:{"task_name": "circe", "event": "new_output_file", "filename": "storeclass6_lccenc6_06305203imgpersiancatjobid9.JPEG", "unix_time": 1620589683.7506447}
DEBUG:transfer.py:sshpass -p PASSWORD scp -P 5000 -o StrictHostKeyChecking=no /jupiter/circe_output/storeclass6_lccenc6_06305203imgpersiancatjobid9.JPEG root@10.96.67.188:/jupiter/circe_input/
DEBUG:transfer.py:transfer successful!
INFO:circe.py:runtime_stat:{"task_name": "circe", "event": "new_input_file", "filename": "resnet4_storeclass6_08583768imgpersiancatjobid9.JPEG", "unix_time": 1620589684.0765324}
INFO:ccdag_utils.py:runtime_stat:{"task_name": "storeclass6", "event": "queue_start_process", "filename": "resnet4_storeclass6_08583768imgpersiancatjobid9.JPEG", "unix_time": 1620589684.5090446}
INFO:ccdag_utils.py:runtime_stat:{"task_name": "storeclass6", "event": "queue_end_process", "filename": "storeclass6_lccenc6_08583768imgpersiancatjobid9.JPEG", "unix_time": 1620589684.5128756}
INFO:circe.py:runtime_stat:{"task_name": "circe", "event": "new_output_file", "filename": "storeclass6_lccenc6_08583768imgpersiancatjobid9.JPEG", "unix_time": 1620589684.51387}
DEBUG:transfer.py:sshpass -p PASSWORD scp -P 5000 -o StrictHostKeyChecking=no /jupiter/circe_output/storeclass6_lccenc6_08583768imgpersiancatjobid9.JPEG root@10.96.67.188:/jupiter/circe_input/
DEBUG:transfer.py:transfer successful!
INFO:circe.py:runtime_stat:{"task_name": "circe", "event": "new_input_file", "filename": "resnet2_storeclass6_65165089imgpersiancatjobid10.JPEG", "unix_time": 1620589698.996831}
INFO:ccdag_utils.py:runtime_stat:{"task_name": "storeclass6", "event": "queue_start_process", "filename": "resnet2_storeclass6_65165089imgpersiancatjobid10.JPEG", "unix_time": 1620589699.5350578}
INFO:ccdag_utils.py:runtime_stat:{"task_name": "storeclass6", "event": "queue_end_process", "filename": "storeclass6_lccenc6_65165089imgpersiancatjobid10.JPEG", "unix_time": 1620589699.5366108}
INFO:circe.py:runtime_stat:{"task_name": "circe", "event": "new_output_file", "filename": "storeclass6_lccenc6_65165089imgpersiancatjobid10.JPEG", "unix_time": 1620589699.5379584}
DEBUG:transfer.py:sshpass -p PASSWORD scp -P 5000 -o StrictHostKeyChecking=no /jupiter/circe_output/storeclass6_lccenc6_65165089imgpersiancatjobid10.JPEG root@10.96.67.188:/jupiter/circe_input/
DEBUG:transfer.py:transfer successful!
INFO:circe.py:runtime_stat:{"task_name": "circe", "event": "new_input_file", "filename": "resnet1_storeclass6_34170329imgpersiancatjobid11.JPEG", "unix_time": 1620589714.3166387}
INFO:ccdag_utils.py:runtime_stat:{"task_name": "storeclass6", "event": "queue_start_process", "filename": "resnet1_storeclass6_34170329imgpersiancatjobid11.JPEG", "unix_time": 1620589714.5580263}
INFO:ccdag_utils.py:runtime_stat:{"task_name": "storeclass6", "event": "queue_end_process", "filename": "storeclass6_lccenc6_34170329imgpersiancatjobid11.JPEG", "unix_time": 1620589714.5617526}
INFO:circe.py:runtime_stat:{"task_name": "circe", "event": "new_output_file", "filename": "storeclass6_lccenc6_34170329imgpersiancatjobid11.JPEG", "unix_time": 1620589714.5635207}
DEBUG:transfer.py:sshpass -p PASSWORD scp -P 5000 -o StrictHostKeyChecking=no /jupiter/circe_output/storeclass6_lccenc6_34170329imgpersiancatjobid11.JPEG root@10.96.67.188:/jupiter/circe_input/
DEBUG:transfer.py:transfer successful!
INFO:circe.py:runtime_stat:{"task_name": "circe", "event": "new_input_file", "filename": "resnet0_storeclass6_88413584imgpersiancatjobid12.JPEG", "unix_time": 1620589733.0394723}
INFO:circe.py:runtime_stat:{"task_name": "circe", "event": "new_input_file", "filename": "resnet5_storeclass6_66508935imgpersiancatjobid12.JPEG", "unix_time": 1620589733.3928742}
INFO:ccdag_utils.py:runtime_stat:{"task_name": "storeclass6", "event": "queue_start_process", "filename": "resnet0_storeclass6_88413584imgpersiancatjobid12.JPEG", "unix_time": 1620589733.58714}
INFO:ccdag_utils.py:runtime_stat:{"task_name": "storeclass6", "event": "queue_end_process", "filename": "storeclass6_lccenc6_88413584imgpersiancatjobid12.JPEG", "unix_time": 1620589733.5915549}
INFO:ccdag_utils.py:runtime_stat:{"task_name": "storeclass6", "event": "queue_start_process", "filename": "resnet5_storeclass6_66508935imgpersiancatjobid12.JPEG", "unix_time": 1620589733.5919871}
INFO:circe.py:runtime_stat:{"task_name": "circe", "event": "new_output_file", "filename": "storeclass6_lccenc6_88413584imgpersiancatjobid12.JPEG", "unix_time": 1620589733.5932999}
DEBUG:transfer.py:sshpass -p PASSWORD scp -P 5000 -o StrictHostKeyChecking=no /jupiter/circe_output/storeclass6_lccenc6_88413584imgpersiancatjobid12.JPEG root@10.96.67.188:/jupiter/circe_input/
INFO:ccdag_utils.py:runtime_stat:{"task_name": "storeclass6", "event": "queue_end_process", "filename": "storeclass6_lccenc6_66508935imgpersiancatjobid12.JPEG", "unix_time": 1620589733.6020377}
DEBUG:transfer.py:transfer successful!
INFO:circe.py:runtime_stat:{"task_name": "circe", "event": "new_output_file", "filename": "storeclass6_lccenc6_66508935imgpersiancatjobid12.JPEG", "unix_time": 1620589733.817573}
DEBUG:transfer.py:sshpass -p PASSWORD scp -P 5000 -o StrictHostKeyChecking=no /jupiter/circe_output/storeclass6_lccenc6_66508935imgpersiancatjobid12.JPEG root@10.96.67.188:/jupiter/circe_input/
DEBUG:transfer.py:transfer successful!
INFO:circe.py:runtime_stat:{"task_name": "circe", "event": "new_input_file", "filename": "resnet6_storeclass6_64761647imgpersiancatjobid15.JPEG", "unix_time": 1620589781.8910053}
INFO:ccdag_utils.py:runtime_stat:{"task_name": "storeclass6", "event": "queue_start_process", "filename": "resnet6_storeclass6_64761647imgpersiancatjobid15.JPEG", "unix_time": 1620589782.6596158}
INFO:ccdag_utils.py:runtime_stat:{"task_name": "storeclass6", "event": "queue_end_process", "filename": "storeclass6_lccenc6_64761647imgpersiancatjobid15.JPEG", "unix_time": 1620589782.660824}
INFO:circe.py:runtime_stat:{"task_name": "circe", "event": "new_output_file", "filename": "storeclass6_lccenc6_64761647imgpersiancatjobid15.JPEG", "unix_time": 1620589782.663219}
DEBUG:transfer.py:sshpass -p PASSWORD scp -P 5000 -o StrictHostKeyChecking=no /jupiter/circe_output/storeclass6_lccenc6_64761647imgpersiancatjobid15.JPEG root@10.96.67.188:/jupiter/circe_input/
DEBUG:transfer.py:transfer successful!
INFO:circe.py:runtime_stat:{"task_name": "circe", "event": "new_input_file", "filename": "resnet2_storeclass6_66975773imgpersiancatjobid16.JPEG", "unix_time": 1620589798.6586523}
INFO:ccdag_utils.py:runtime_stat:{"task_name": "storeclass6", "event": "queue_start_process", "filename": "resnet2_storeclass6_66975773imgpersiancatjobid16.JPEG", "unix_time": 1620589798.679126}
INFO:circe.py:runtime_stat:{"task_name": "circe", "event": "new_output_file", "filename": "storeclass6_lccenc6_66975773imgpersiancatjobid16.JPEG", "unix_time": 1620589798.6833308}
DEBUG:transfer.py:sshpass -p PASSWORD scp -P 5000 -o StrictHostKeyChecking=no /jupiter/circe_output/storeclass6_lccenc6_66975773imgpersiancatjobid16.JPEG root@10.96.67.188:/jupiter/circe_input/
INFO:ccdag_utils.py:runtime_stat:{"task_name": "storeclass6", "event": "queue_end_process", "filename": "storeclass6_lccenc6_66975773imgpersiancatjobid16.JPEG", "unix_time": 1620589798.6839485}
INFO:circe.py:runtime_stat:{"task_name": "circe", "event": "new_input_file", "filename": "resnet5_storeclass6_71901217imgpersiancatjobid16.JPEG", "unix_time": 1620589798.717044}
DEBUG:transfer.py:transfer successful!
INFO:circe.py:runtime_stat:{"task_name": "circe", "event": "new_input_file", "filename": "resnet4_storeclass6_73155793imgpersiancatjobid16.JPEG", "unix_time": 1620589799.4257348}
INFO:ccdag_utils.py:runtime_stat:{"task_name": "storeclass6", "event": "queue_start_process", "filename": "resnet5_storeclass6_71901217imgpersiancatjobid16.JPEG", "unix_time": 1620589799.6917167}
INFO:ccdag_utils.py:runtime_stat:{"task_name": "storeclass6", "event": "queue_end_process", "filename": "storeclass6_lccenc6_71901217imgpersiancatjobid16.JPEG", "unix_time": 1620589799.6933072}
INFO:ccdag_utils.py:runtime_stat:{"task_name": "storeclass6", "event": "queue_start_process", "filename": "resnet4_storeclass6_73155793imgpersiancatjobid16.JPEG", "unix_time": 1620589799.6986928}
INFO:ccdag_utils.py:runtime_stat:{"task_name": "storeclass6", "event": "queue_end_process", "filename": "storeclass6_lccenc6_73155793imgpersiancatjobid16.JPEG", "unix_time": 1620589799.7001183}
INFO:circe.py:runtime_stat:{"task_name": "circe", "event": "new_output_file", "filename": "storeclass6_lccenc6_71901217imgpersiancatjobid16.JPEG", "unix_time": 1620589799.6944196}
DEBUG:transfer.py:sshpass -p PASSWORD scp -P 5000 -o StrictHostKeyChecking=no /jupiter/circe_output/storeclass6_lccenc6_71901217imgpersiancatjobid16.JPEG root@10.96.67.188:/jupiter/circe_input/
DEBUG:transfer.py:transfer successful!
INFO:circe.py:runtime_stat:{"task_name": "circe", "event": "new_output_file", "filename": "storeclass6_lccenc6_73155793imgpersiancatjobid16.JPEG", "unix_time": 1620589800.0577862}
DEBUG:transfer.py:sshpass -p PASSWORD scp -P 5000 -o StrictHostKeyChecking=no /jupiter/circe_output/storeclass6_lccenc6_73155793imgpersiancatjobid16.JPEG root@10.96.67.188:/jupiter/circe_input/
DEBUG:transfer.py:transfer successful!
INFO:circe.py:runtime_stat:{"task_name": "circe", "event": "new_input_file", "filename": "resnet5_storeclass6_31009992imgpersiancatjobid17.JPEG", "unix_time": 1620589818.9692814}
INFO:ccdag_utils.py:runtime_stat:{"task_name": "storeclass6", "event": "queue_start_process", "filename": "resnet5_storeclass6_31009992imgpersiancatjobid17.JPEG", "unix_time": 1620589819.728082}
INFO:ccdag_utils.py:runtime_stat:{"task_name": "storeclass6", "event": "queue_end_process", "filename": "storeclass6_lccenc6_31009992imgpersiancatjobid17.JPEG", "unix_time": 1620589819.7311258}
INFO:circe.py:runtime_stat:{"task_name": "circe", "event": "new_output_file", "filename": "storeclass6_lccenc6_31009992imgpersiancatjobid17.JPEG", "unix_time": 1620589819.7321506}
DEBUG:transfer.py:sshpass -p PASSWORD scp -P 5000 -o StrictHostKeyChecking=no /jupiter/circe_output/storeclass6_lccenc6_31009992imgpersiancatjobid17.JPEG root@10.96.67.188:/jupiter/circe_input/
DEBUG:transfer.py:transfer successful!
INFO:circe.py:runtime_stat:{"task_name": "circe", "event": "new_input_file", "filename": "resnet2_storeclass6_68380459imgpersiancatjobid20.JPEG", "unix_time": 1620589889.3419528}
INFO:ccdag_utils.py:runtime_stat:{"task_name": "storeclass6", "event": "queue_start_process", "filename": "resnet2_storeclass6_68380459imgpersiancatjobid20.JPEG", "unix_time": 1620589889.8053775}
INFO:ccdag_utils.py:runtime_stat:{"task_name": "storeclass6", "event": "queue_end_process", "filename": "storeclass6_lccenc6_68380459imgpersiancatjobid20.JPEG", "unix_time": 1620589889.8067913}
INFO:circe.py:runtime_stat:{"task_name": "circe", "event": "new_output_file", "filename": "storeclass6_lccenc6_68380459imgpersiancatjobid20.JPEG", "unix_time": 1620589889.8080251}
DEBUG:transfer.py:sshpass -p PASSWORD scp -P 5000 -o StrictHostKeyChecking=no /jupiter/circe_output/storeclass6_lccenc6_68380459imgpersiancatjobid20.JPEG root@10.96.67.188:/jupiter/circe_input/
DEBUG:transfer.py:transfer successful!
INFO:circe.py:runtime_stat:{"task_name": "circe", "event": "new_input_file", "filename": "resnet5_storeclass6_46820552imgpersiancatjobid21.JPEG", "unix_time": 1620589926.3966122}
INFO:ccdag_utils.py:runtime_stat:{"task_name": "storeclass6", "event": "queue_start_process", "filename": "resnet5_storeclass6_46820552imgpersiancatjobid21.JPEG", "unix_time": 1620589926.850898}
INFO:ccdag_utils.py:runtime_stat:{"task_name": "storeclass6", "event": "queue_end_process", "filename": "storeclass6_lccenc6_46820552imgpersiancatjobid21.JPEG", "unix_time": 1620589926.8527262}
INFO:circe.py:runtime_stat:{"task_name": "circe", "event": "new_output_file", "filename": "storeclass6_lccenc6_46820552imgpersiancatjobid21.JPEG", "unix_time": 1620589926.854076}
DEBUG:transfer.py:sshpass -p PASSWORD scp -P 5000 -o StrictHostKeyChecking=no /jupiter/circe_output/storeclass6_lccenc6_46820552imgpersiancatjobid21.JPEG root@10.96.67.188:/jupiter/circe_input/
DEBUG:transfer.py:transfer successful!
INFO:circe.py:runtime_stat:{"task_name": "circe", "event": "new_input_file", "filename": "resnet7_storeclass6_35930449imgpersiancatjobid23.JPEG", "unix_time": 1620590000.8057933}
INFO:ccdag_utils.py:runtime_stat:{"task_name": "storeclass6", "event": "queue_start_process", "filename": "resnet7_storeclass6_35930449imgpersiancatjobid23.JPEG", "unix_time": 1620590000.9318297}
INFO:circe.py:runtime_stat:{"task_name": "circe", "event": "new_output_file", "filename": "storeclass6_lccenc6_35930449imgpersiancatjobid23.JPEG", "unix_time": 1620590000.94193}
INFO:ccdag_utils.py:runtime_stat:{"task_name": "storeclass6", "event": "queue_end_process", "filename": "storeclass6_lccenc6_35930449imgpersiancatjobid23.JPEG", "unix_time": 1620590000.9422343}
DEBUG:transfer.py:sshpass -p PASSWORD scp -P 5000 -o StrictHostKeyChecking=no /jupiter/circe_output/storeclass6_lccenc6_35930449imgpersiancatjobid23.JPEG root@10.96.67.188:/jupiter/circe_input/
DEBUG:transfer.py:transfer successful!
INFO:circe.py:runtime_stat:{"task_name": "circe", "event": "new_input_file", "filename": "resnet2_storeclass6_00544478imgpersiancatjobid23.JPEG", "unix_time": 1620590001.7863889}
INFO:ccdag_utils.py:runtime_stat:{"task_name": "storeclass6", "event": "queue_start_process", "filename": "resnet2_storeclass6_00544478imgpersiancatjobid23.JPEG", "unix_time": 1620590001.9438603}
INFO:circe.py:runtime_stat:{"task_name": "circe", "event": "new_output_file", "filename": "storeclass6_lccenc6_00544478imgpersiancatjobid23.JPEG", "unix_time": 1620590001.951967}
INFO:ccdag_utils.py:runtime_stat:{"task_name": "storeclass6", "event": "queue_end_process", "filename": "storeclass6_lccenc6_00544478imgpersiancatjobid23.JPEG", "unix_time": 1620590001.9522371}
DEBUG:transfer.py:sshpass -p PASSWORD scp -P 5000 -o StrictHostKeyChecking=no /jupiter/circe_output/storeclass6_lccenc6_00544478imgpersiancatjobid23.JPEG root@10.96.67.188:/jupiter/circe_input/
DEBUG:transfer.py:transfer successful!
INFO:circe.py:runtime_stat:{"task_name": "circe", "event": "new_input_file", "filename": "resnet6_storeclass6_79939891imgpersiancatjobid25.JPEG", "unix_time": 1620590079.2784817}
INFO:ccdag_utils.py:runtime_stat:{"task_name": "storeclass6", "event": "queue_start_process", "filename": "resnet6_storeclass6_79939891imgpersiancatjobid25.JPEG", "unix_time": 1620590080.035174}
INFO:ccdag_utils.py:runtime_stat:{"task_name": "storeclass6", "event": "queue_end_process", "filename": "storeclass6_lccenc6_79939891imgpersiancatjobid25.JPEG", "unix_time": 1620590080.0387342}
INFO:circe.py:runtime_stat:{"task_name": "circe", "event": "new_output_file", "filename": "storeclass6_lccenc6_79939891imgpersiancatjobid25.JPEG", "unix_time": 1620590080.0393705}
DEBUG:transfer.py:sshpass -p PASSWORD scp -P 5000 -o StrictHostKeyChecking=no /jupiter/circe_output/storeclass6_lccenc6_79939891imgpersiancatjobid25.JPEG root@10.96.67.188:/jupiter/circe_input/
DEBUG:transfer.py:transfer successful!
INFO:circe.py:runtime_stat:{"task_name": "circe", "event": "new_input_file", "filename": "resnet6_storeclass6_83169337imgpersiancatjobid29.JPEG", "unix_time": 1620590232.9446945}
INFO:ccdag_utils.py:runtime_stat:{"task_name": "storeclass6", "event": "queue_start_process", "filename": "resnet6_storeclass6_83169337imgpersiancatjobid29.JPEG", "unix_time": 1620590233.2124577}
INFO:ccdag_utils.py:runtime_stat:{"task_name": "storeclass6", "event": "queue_end_process", "filename": "storeclass6_lccenc6_83169337imgpersiancatjobid29.JPEG", "unix_time": 1620590233.2142823}
INFO:circe.py:runtime_stat:{"task_name": "circe", "event": "new_output_file", "filename": "storeclass6_lccenc6_83169337imgpersiancatjobid29.JPEG", "unix_time": 1620590233.2154253}
DEBUG:transfer.py:sshpass -p PASSWORD scp -P 5000 -o StrictHostKeyChecking=no /jupiter/circe_output/storeclass6_lccenc6_83169337imgpersiancatjobid29.JPEG root@10.96.67.188:/jupiter/circe_input/
DEBUG:transfer.py:transfer successful!
INFO:circe.py:runtime_stat:{"task_name": "circe", "event": "new_input_file", "filename": "resnet7_storeclass6_03092119imgpersiancatjobid30.JPEG", "unix_time": 1620590268.9405353}
INFO:ccdag_utils.py:runtime_stat:{"task_name": "storeclass6", "event": "queue_start_process", "filename": "resnet7_storeclass6_03092119imgpersiancatjobid30.JPEG", "unix_time": 1620590269.250803}
INFO:ccdag_utils.py:runtime_stat:{"task_name": "storeclass6", "event": "queue_end_process", "filename": "storeclass6_lccenc6_03092119imgpersiancatjobid30.JPEG", "unix_time": 1620590269.252353}
INFO:circe.py:runtime_stat:{"task_name": "circe", "event": "new_output_file", "filename": "storeclass6_lccenc6_03092119imgpersiancatjobid30.JPEG", "unix_time": 1620590269.2563617}
DEBUG:transfer.py:sshpass -p PASSWORD scp -P 5000 -o StrictHostKeyChecking=no /jupiter/circe_output/storeclass6_lccenc6_03092119imgpersiancatjobid30.JPEG root@10.96.67.188:/jupiter/circe_input/
INFO:circe.py:runtime_stat:{"task_name": "circe", "event": "new_input_file", "filename": "resnet2_storeclass6_52830758imgpersiancatjobid30.JPEG", "unix_time": 1620590269.2630985}
DEBUG:transfer.py:transfer successful!
INFO:ccdag_utils.py:runtime_stat:{"task_name": "storeclass6", "event": "queue_start_process", "filename": "resnet2_storeclass6_52830758imgpersiancatjobid30.JPEG", "unix_time": 1620590270.2558296}
INFO:ccdag_utils.py:runtime_stat:{"task_name": "storeclass6", "event": "queue_end_process", "filename": "storeclass6_lccenc6_52830758imgpersiancatjobid30.JPEG", "unix_time": 1620590270.2580132}
INFO:circe.py:runtime_stat:{"task_name": "circe", "event": "new_output_file", "filename": "storeclass6_lccenc6_52830758imgpersiancatjobid30.JPEG", "unix_time": 1620590270.258932}
DEBUG:transfer.py:sshpass -p PASSWORD scp -P 5000 -o StrictHostKeyChecking=no /jupiter/circe_output/storeclass6_lccenc6_52830758imgpersiancatjobid30.JPEG root@10.96.67.188:/jupiter/circe_input/
DEBUG:transfer.py:transfer successful!
INFO:circe.py:runtime_stat:{"task_name": "circe", "event": "new_input_file", "filename": "resnet1_storeclass6_56961907imgpersiancatjobid31.JPEG", "unix_time": 1620590305.6583936}
INFO:ccdag_utils.py:runtime_stat:{"task_name": "storeclass6", "event": "queue_start_process", "filename": "resnet1_storeclass6_56961907imgpersiancatjobid31.JPEG", "unix_time": 1620590306.2997463}
INFO:ccdag_utils.py:runtime_stat:{"task_name": "storeclass6", "event": "queue_end_process", "filename": "storeclass6_lccenc6_56961907imgpersiancatjobid31.JPEG", "unix_time": 1620590306.3008602}
INFO:circe.py:runtime_stat:{"task_name": "circe", "event": "new_output_file", "filename": "storeclass6_lccenc6_56961907imgpersiancatjobid31.JPEG", "unix_time": 1620590306.3019829}
DEBUG:transfer.py:sshpass -p PASSWORD scp -P 5000 -o StrictHostKeyChecking=no /jupiter/circe_output/storeclass6_lccenc6_56961907imgpersiancatjobid31.JPEG root@10.96.67.188:/jupiter/circe_input/
DEBUG:transfer.py:transfer successful!
INFO:circe.py:runtime_stat:{"task_name": "circe", "event": "new_input_file", "filename": "resnet3_storeclass6_01566910imgpersiancatjobid32.JPEG", "unix_time": 1620590344.837233}
INFO:ccdag_utils.py:runtime_stat:{"task_name": "storeclass6", "event": "queue_start_process", "filename": "resnet3_storeclass6_01566910imgpersiancatjobid32.JPEG", "unix_time": 1620590345.3504455}
INFO:ccdag_utils.py:runtime_stat:{"task_name": "storeclass6", "event": "queue_end_process", "filename": "storeclass6_lccenc6_01566910imgpersiancatjobid32.JPEG", "unix_time": 1620590345.3530452}
INFO:circe.py:runtime_stat:{"task_name": "circe", "event": "new_output_file", "filename": "storeclass6_lccenc6_01566910imgpersiancatjobid32.JPEG", "unix_time": 1620590345.3542573}
DEBUG:transfer.py:sshpass -p PASSWORD scp -P 5000 -o StrictHostKeyChecking=no /jupiter/circe_output/storeclass6_lccenc6_01566910imgpersiancatjobid32.JPEG root@10.96.67.188:/jupiter/circe_input/
DEBUG:transfer.py:transfer successful!
INFO:circe.py:runtime_stat:{"task_name": "circe", "event": "new_input_file", "filename": "resnet6_storeclass6_60450629imgpersiancatjobid32.JPEG", "unix_time": 1620590345.6484914}
INFO:ccdag_utils.py:runtime_stat:{"task_name": "storeclass6", "event": "queue_start_process", "filename": "resnet6_storeclass6_60450629imgpersiancatjobid32.JPEG", "unix_time": 1620590346.3547788}
INFO:ccdag_utils.py:runtime_stat:{"task_name": "storeclass6", "event": "queue_end_process", "filename": "storeclass6_lccenc6_60450629imgpersiancatjobid32.JPEG", "unix_time": 1620590346.3589778}
INFO:circe.py:runtime_stat:{"task_name": "circe", "event": "new_output_file", "filename": "storeclass6_lccenc6_60450629imgpersiancatjobid32.JPEG", "unix_time": 1620590346.3606143}
DEBUG:transfer.py:sshpass -p PASSWORD scp -P 5000 -o StrictHostKeyChecking=no /jupiter/circe_output/storeclass6_lccenc6_60450629imgpersiancatjobid32.JPEG root@10.96.67.188:/jupiter/circe_input/
DEBUG:transfer.py:transfer successful!
