 * Starting OpenBSD Secure Shell server sshd
   ...done.
INFO:circe.py:Using base script storeclass.py
DEBUG:circe.py:starting the input monitoring process
DEBUG:circe.py:starting the output monitoring process
INFO:circe.py:runtime_stat:{"task_name": "circe", "event": "new_input_file", "filename": "resnet5_storeclass3_97227699imgwhitewolfjobid37.JPEG", "unix_time": 1620686937.0183845}
INFO:circe.py:runtime_stat:{"task_name": "circe", "event": "new_input_file", "filename": "resnet6_storeclass3_25579936imgwhitewolfjobid37.JPEG", "unix_time": 1620686937.1482038}
INFO:circe.py:runtime_stat:{"task_name": "circe", "event": "new_input_file", "filename": "resnet7_storeclass3_96364535imgwhitewolfjobid37.JPEG", "unix_time": 1620686937.2260513}
INFO:ccdag_utils.py:runtime_stat:{"task_name": "storeclass3", "event": "queue_start_process", "filename": "resnet5_storeclass3_97227699imgwhitewolfjobid37.JPEG", "unix_time": 1620686937.4162498}
INFO:ccdag_utils.py:runtime_stat:{"task_name": "storeclass3", "event": "queue_end_process", "filename": "storeclass3_lccenc3_97227699imgwhitewolfjobid37.JPEG", "unix_time": 1620686937.428882}
INFO:ccdag_utils.py:runtime_stat:{"task_name": "storeclass3", "event": "queue_start_process", "filename": "resnet6_storeclass3_25579936imgwhitewolfjobid37.JPEG", "unix_time": 1620686937.430689}
INFO:circe.py:runtime_stat:{"task_name": "circe", "event": "new_output_file", "filename": "storeclass3_lccenc3_97227699imgwhitewolfjobid37.JPEG", "unix_time": 1620686937.4298856}
DEBUG:transfer.py:sshpass -p PASSWORD scp -P 5000 -o StrictHostKeyChecking=no /jupiter/circe_output/storeclass3_lccenc3_97227699imgwhitewolfjobid37.JPEG root@10.102.122.194:/jupiter/circe_input/
INFO:ccdag_utils.py:runtime_stat:{"task_name": "storeclass3", "event": "queue_end_process", "filename": "storeclass3_lccenc3_25579936imgwhitewolfjobid37.JPEG", "unix_time": 1620686937.437607}
INFO:ccdag_utils.py:runtime_stat:{"task_name": "storeclass3", "event": "queue_start_process", "filename": "resnet7_storeclass3_96364535imgwhitewolfjobid37.JPEG", "unix_time": 1620686937.4401016}
INFO:ccdag_utils.py:runtime_stat:{"task_name": "storeclass3", "event": "queue_end_process", "filename": "storeclass3_lccenc3_96364535imgwhitewolfjobid37.JPEG", "unix_time": 1620686937.441566}
Warning: Permanently added '[10.102.122.194]:5000' (ECDSA) to the list of known hosts.
INFO:circe.py:runtime_stat:{"task_name": "circe", "event": "new_input_file", "filename": "resnet4_storeclass3_26179237imgwhitewolfjobid37.JPEG", "unix_time": 1620686937.6158712}
DEBUG:transfer.py:transfer successful!
INFO:circe.py:runtime_stat:{"task_name": "circe", "event": "new_output_file", "filename": "storeclass3_lccenc3_25579936imgwhitewolfjobid37.JPEG", "unix_time": 1620686937.696369}
DEBUG:transfer.py:sshpass -p PASSWORD scp -P 5000 -o StrictHostKeyChecking=no /jupiter/circe_output/storeclass3_lccenc3_25579936imgwhitewolfjobid37.JPEG root@10.102.122.194:/jupiter/circe_input/
INFO:circe.py:runtime_stat:{"task_name": "circe", "event": "new_input_file", "filename": "resnet3_storeclass3_86432103imgwhitewolfjobid37.JPEG", "unix_time": 1620686937.7540174}
DEBUG:transfer.py:transfer successful!
INFO:circe.py:runtime_stat:{"task_name": "circe", "event": "new_output_file", "filename": "storeclass3_lccenc3_96364535imgwhitewolfjobid37.JPEG", "unix_time": 1620686937.9179428}
DEBUG:transfer.py:sshpass -p PASSWORD scp -P 5000 -o StrictHostKeyChecking=no /jupiter/circe_output/storeclass3_lccenc3_96364535imgwhitewolfjobid37.JPEG root@10.102.122.194:/jupiter/circe_input/
DEBUG:transfer.py:transfer successful!
INFO:ccdag_utils.py:runtime_stat:{"task_name": "storeclass3", "event": "queue_start_process", "filename": "resnet4_storeclass3_26179237imgwhitewolfjobid37.JPEG", "unix_time": 1620686938.4425912}
INFO:ccdag_utils.py:runtime_stat:{"task_name": "storeclass3", "event": "queue_end_process", "filename": "storeclass3_lccenc3_26179237imgwhitewolfjobid37.JPEG", "unix_time": 1620686938.4583118}
INFO:ccdag_utils.py:runtime_stat:{"task_name": "storeclass3", "event": "queue_start_process", "filename": "resnet3_storeclass3_86432103imgwhitewolfjobid37.JPEG", "unix_time": 1620686938.4586456}
INFO:circe.py:runtime_stat:{"task_name": "circe", "event": "new_output_file", "filename": "storeclass3_lccenc3_26179237imgwhitewolfjobid37.JPEG", "unix_time": 1620686938.4598763}
DEBUG:transfer.py:sshpass -p PASSWORD scp -P 5000 -o StrictHostKeyChecking=no /jupiter/circe_output/storeclass3_lccenc3_26179237imgwhitewolfjobid37.JPEG root@10.102.122.194:/jupiter/circe_input/
INFO:ccdag_utils.py:runtime_stat:{"task_name": "storeclass3", "event": "queue_end_process", "filename": "storeclass3_lccenc3_86432103imgwhitewolfjobid37.JPEG", "unix_time": 1620686938.4653652}
DEBUG:transfer.py:transfer successful!
INFO:circe.py:runtime_stat:{"task_name": "circe", "event": "new_output_file", "filename": "storeclass3_lccenc3_86432103imgwhitewolfjobid37.JPEG", "unix_time": 1620686938.6795137}
DEBUG:transfer.py:sshpass -p PASSWORD scp -P 5000 -o StrictHostKeyChecking=no /jupiter/circe_output/storeclass3_lccenc3_86432103imgwhitewolfjobid37.JPEG root@10.102.122.194:/jupiter/circe_input/
DEBUG:transfer.py:transfer successful!
INFO:circe.py:runtime_stat:{"task_name": "circe", "event": "new_input_file", "filename": "resnet7_storeclass3_05276941imgwhitewolfjobid38.JPEG", "unix_time": 1620686947.4587011}
INFO:ccdag_utils.py:runtime_stat:{"task_name": "storeclass3", "event": "queue_start_process", "filename": "resnet7_storeclass3_05276941imgwhitewolfjobid38.JPEG", "unix_time": 1620686947.4762123}
INFO:ccdag_utils.py:runtime_stat:{"task_name": "storeclass3", "event": "queue_end_process", "filename": "storeclass3_lccenc3_05276941imgwhitewolfjobid38.JPEG", "unix_time": 1620686947.4795098}
INFO:circe.py:runtime_stat:{"task_name": "circe", "event": "new_output_file", "filename": "storeclass3_lccenc3_05276941imgwhitewolfjobid38.JPEG", "unix_time": 1620686947.4808083}
DEBUG:transfer.py:sshpass -p PASSWORD scp -P 5000 -o StrictHostKeyChecking=no /jupiter/circe_output/storeclass3_lccenc3_05276941imgwhitewolfjobid38.JPEG root@10.102.122.194:/jupiter/circe_input/
INFO:circe.py:runtime_stat:{"task_name": "circe", "event": "new_input_file", "filename": "resnet5_storeclass3_26018074imgwhitewolfjobid38.JPEG", "unix_time": 1620686947.550083}
INFO:circe.py:runtime_stat:{"task_name": "circe", "event": "new_input_file", "filename": "resnet1_storeclass3_43350238imgwhitewolfjobid38.JPEG", "unix_time": 1620686947.5556695}
INFO:circe.py:runtime_stat:{"task_name": "circe", "event": "new_input_file", "filename": "resnet4_storeclass3_11524455imgwhitewolfjobid38.JPEG", "unix_time": 1620686947.7080874}
INFO:circe.py:runtime_stat:{"task_name": "circe", "event": "new_input_file", "filename": "resnet3_storeclass3_73047625imgwhitewolfjobid38.JPEG", "unix_time": 1620686947.750194}
DEBUG:transfer.py:transfer successful!
INFO:circe.py:runtime_stat:{"task_name": "circe", "event": "new_input_file", "filename": "home_storeclass3_04043088imgwhitewolfjobid38.JPEG", "unix_time": 1620686948.0538256}
INFO:circe.py:runtime_stat:{"task_name": "circe", "event": "new_input_file", "filename": "resnet2_storeclass3_16515357imgwhitewolfjobid38.JPEG", "unix_time": 1620686948.1702924}
INFO:circe.py:runtime_stat:{"task_name": "circe", "event": "new_input_file", "filename": "resnet0_storeclass3_40913105imgwhitewolfjobid38.JPEG", "unix_time": 1620686948.3234541}
INFO:circe.py:runtime_stat:{"task_name": "circe", "event": "new_input_file", "filename": "resnet6_storeclass3_35481214imgwhitewolfjobid38.JPEG", "unix_time": 1620686948.3270326}
INFO:ccdag_utils.py:runtime_stat:{"task_name": "storeclass3", "event": "queue_start_process", "filename": "resnet5_storeclass3_26018074imgwhitewolfjobid38.JPEG", "unix_time": 1620686948.4810054}
INFO:circe.py:runtime_stat:{"task_name": "circe", "event": "new_output_file", "filename": "storeclass3_lccenc3_26018074imgwhitewolfjobid38.JPEG", "unix_time": 1620686948.490686}
DEBUG:transfer.py:sshpass -p PASSWORD scp -P 5000 -o StrictHostKeyChecking=no /jupiter/circe_output/storeclass3_lccenc3_26018074imgwhitewolfjobid38.JPEG root@10.102.122.194:/jupiter/circe_input/
INFO:ccdag_utils.py:runtime_stat:{"task_name": "storeclass3", "event": "queue_end_process", "filename": "storeclass3_lccenc3_26018074imgwhitewolfjobid38.JPEG", "unix_time": 1620686948.4948454}
INFO:ccdag_utils.py:runtime_stat:{"task_name": "storeclass3", "event": "queue_start_process", "filename": "resnet1_storeclass3_43350238imgwhitewolfjobid38.JPEG", "unix_time": 1620686948.4970095}
INFO:ccdag_utils.py:runtime_stat:{"task_name": "storeclass3", "event": "queue_end_process", "filename": "storeclass3_lccenc3_43350238imgwhitewolfjobid38.JPEG", "unix_time": 1620686948.4990273}
INFO:ccdag_utils.py:runtime_stat:{"task_name": "storeclass3", "event": "queue_start_process", "filename": "resnet4_storeclass3_11524455imgwhitewolfjobid38.JPEG", "unix_time": 1620686948.500699}
INFO:ccdag_utils.py:runtime_stat:{"task_name": "storeclass3", "event": "queue_end_process", "filename": "storeclass3_lccenc3_11524455imgwhitewolfjobid38.JPEG", "unix_time": 1620686948.5044043}
INFO:ccdag_utils.py:runtime_stat:{"task_name": "storeclass3", "event": "queue_start_process", "filename": "resnet3_storeclass3_73047625imgwhitewolfjobid38.JPEG", "unix_time": 1620686948.5052326}
INFO:ccdag_utils.py:runtime_stat:{"task_name": "storeclass3", "event": "queue_end_process", "filename": "storeclass3_lccenc3_73047625imgwhitewolfjobid38.JPEG", "unix_time": 1620686948.5076463}
INFO:ccdag_utils.py:runtime_stat:{"task_name": "storeclass3", "event": "queue_start_process", "filename": "home_storeclass3_04043088imgwhitewolfjobid38.JPEG", "unix_time": 1620686948.508741}
INFO:ccdag_utils.py:runtime_stat:{"task_name": "storeclass3", "event": "queue_end_process", "filename": "storeclass3_lccenc3_04043088imgwhitewolfjobid38.JPEG", "unix_time": 1620686948.5098844}
INFO:ccdag_utils.py:runtime_stat:{"task_name": "storeclass3", "event": "queue_start_process", "filename": "resnet2_storeclass3_16515357imgwhitewolfjobid38.JPEG", "unix_time": 1620686948.5102005}
INFO:ccdag_utils.py:runtime_stat:{"task_name": "storeclass3", "event": "queue_end_process", "filename": "storeclass3_lccenc3_16515357imgwhitewolfjobid38.JPEG", "unix_time": 1620686948.5125425}
INFO:ccdag_utils.py:runtime_stat:{"task_name": "storeclass3", "event": "queue_start_process", "filename": "resnet0_storeclass3_40913105imgwhitewolfjobid38.JPEG", "unix_time": 1620686948.514031}
INFO:ccdag_utils.py:runtime_stat:{"task_name": "storeclass3", "event": "queue_end_process", "filename": "storeclass3_lccenc3_40913105imgwhitewolfjobid38.JPEG", "unix_time": 1620686948.5181983}
INFO:ccdag_utils.py:runtime_stat:{"task_name": "storeclass3", "event": "queue_start_process", "filename": "resnet6_storeclass3_35481214imgwhitewolfjobid38.JPEG", "unix_time": 1620686948.5187638}
INFO:ccdag_utils.py:runtime_stat:{"task_name": "storeclass3", "event": "queue_end_process", "filename": "storeclass3_lccenc3_35481214imgwhitewolfjobid38.JPEG", "unix_time": 1620686948.5210783}
DEBUG:transfer.py:transfer successful!
INFO:circe.py:runtime_stat:{"task_name": "circe", "event": "new_output_file", "filename": "storeclass3_lccenc3_43350238imgwhitewolfjobid38.JPEG", "unix_time": 1620686948.7101433}
DEBUG:transfer.py:sshpass -p PASSWORD scp -P 5000 -o StrictHostKeyChecking=no /jupiter/circe_output/storeclass3_lccenc3_43350238imgwhitewolfjobid38.JPEG root@10.102.122.194:/jupiter/circe_input/
DEBUG:transfer.py:transfer successful!
INFO:circe.py:runtime_stat:{"task_name": "circe", "event": "new_output_file", "filename": "storeclass3_lccenc3_11524455imgwhitewolfjobid38.JPEG", "unix_time": 1620686948.9268477}
DEBUG:transfer.py:sshpass -p PASSWORD scp -P 5000 -o StrictHostKeyChecking=no /jupiter/circe_output/storeclass3_lccenc3_11524455imgwhitewolfjobid38.JPEG root@10.102.122.194:/jupiter/circe_input/
DEBUG:transfer.py:transfer successful!
INFO:circe.py:runtime_stat:{"task_name": "circe", "event": "new_output_file", "filename": "storeclass3_lccenc3_73047625imgwhitewolfjobid38.JPEG", "unix_time": 1620686949.1946268}
DEBUG:transfer.py:sshpass -p PASSWORD scp -P 5000 -o StrictHostKeyChecking=no /jupiter/circe_output/storeclass3_lccenc3_73047625imgwhitewolfjobid38.JPEG root@10.102.122.194:/jupiter/circe_input/
DEBUG:transfer.py:transfer successful!
INFO:circe.py:runtime_stat:{"task_name": "circe", "event": "new_output_file", "filename": "storeclass3_lccenc3_04043088imgwhitewolfjobid38.JPEG", "unix_time": 1620686949.4243534}
DEBUG:transfer.py:sshpass -p PASSWORD scp -P 5000 -o StrictHostKeyChecking=no /jupiter/circe_output/storeclass3_lccenc3_04043088imgwhitewolfjobid38.JPEG root@10.102.122.194:/jupiter/circe_input/
DEBUG:transfer.py:transfer successful!
INFO:circe.py:runtime_stat:{"task_name": "circe", "event": "new_output_file", "filename": "storeclass3_lccenc3_16515357imgwhitewolfjobid38.JPEG", "unix_time": 1620686949.6765816}
DEBUG:transfer.py:sshpass -p PASSWORD scp -P 5000 -o StrictHostKeyChecking=no /jupiter/circe_output/storeclass3_lccenc3_16515357imgwhitewolfjobid38.JPEG root@10.102.122.194:/jupiter/circe_input/
DEBUG:transfer.py:transfer successful!
INFO:circe.py:runtime_stat:{"task_name": "circe", "event": "new_output_file", "filename": "storeclass3_lccenc3_40913105imgwhitewolfjobid38.JPEG", "unix_time": 1620686949.9608972}
DEBUG:transfer.py:sshpass -p PASSWORD scp -P 5000 -o StrictHostKeyChecking=no /jupiter/circe_output/storeclass3_lccenc3_40913105imgwhitewolfjobid38.JPEG root@10.102.122.194:/jupiter/circe_input/
DEBUG:transfer.py:transfer successful!
INFO:circe.py:runtime_stat:{"task_name": "circe", "event": "new_output_file", "filename": "storeclass3_lccenc3_35481214imgwhitewolfjobid38.JPEG", "unix_time": 1620686950.2196047}
DEBUG:transfer.py:sshpass -p PASSWORD scp -P 5000 -o StrictHostKeyChecking=no /jupiter/circe_output/storeclass3_lccenc3_35481214imgwhitewolfjobid38.JPEG root@10.102.122.194:/jupiter/circe_input/
DEBUG:transfer.py:transfer successful!
INFO:circe.py:runtime_stat:{"task_name": "circe", "event": "new_input_file", "filename": "resnet6_storeclass3_97079910imgwhitewolfjobid39.JPEG", "unix_time": 1620686958.938549}
INFO:circe.py:runtime_stat:{"task_name": "circe", "event": "new_input_file", "filename": "resnet1_storeclass3_28177051imgwhitewolfjobid39.JPEG", "unix_time": 1620686959.0479805}
INFO:circe.py:runtime_stat:{"task_name": "circe", "event": "new_input_file", "filename": "home_storeclass3_94145366imgwhitewolfjobid39.JPEG", "unix_time": 1620686959.0488198}
INFO:circe.py:runtime_stat:{"task_name": "circe", "event": "new_input_file", "filename": "resnet4_storeclass3_63977269imgwhitewolfjobid39.JPEG", "unix_time": 1620686959.0673494}
INFO:ccdag_utils.py:runtime_stat:{"task_name": "storeclass3", "event": "queue_start_process", "filename": "resnet6_storeclass3_97079910imgwhitewolfjobid39.JPEG", "unix_time": 1620686959.53225}
INFO:ccdag_utils.py:runtime_stat:{"task_name": "storeclass3", "event": "queue_end_process", "filename": "storeclass3_lccenc3_97079910imgwhitewolfjobid39.JPEG", "unix_time": 1620686959.5334966}
INFO:ccdag_utils.py:runtime_stat:{"task_name": "storeclass3", "event": "queue_start_process", "filename": "resnet1_storeclass3_28177051imgwhitewolfjobid39.JPEG", "unix_time": 1620686959.5337908}
INFO:circe.py:runtime_stat:{"task_name": "circe", "event": "new_output_file", "filename": "storeclass3_lccenc3_97079910imgwhitewolfjobid39.JPEG", "unix_time": 1620686959.535044}
DEBUG:transfer.py:sshpass -p PASSWORD scp -P 5000 -o StrictHostKeyChecking=no /jupiter/circe_output/storeclass3_lccenc3_97079910imgwhitewolfjobid39.JPEG root@10.102.122.194:/jupiter/circe_input/
INFO:ccdag_utils.py:runtime_stat:{"task_name": "storeclass3", "event": "queue_end_process", "filename": "storeclass3_lccenc3_28177051imgwhitewolfjobid39.JPEG", "unix_time": 1620686959.5425642}
INFO:ccdag_utils.py:runtime_stat:{"task_name": "storeclass3", "event": "queue_start_process", "filename": "home_storeclass3_94145366imgwhitewolfjobid39.JPEG", "unix_time": 1620686959.5446088}
INFO:ccdag_utils.py:runtime_stat:{"task_name": "storeclass3", "event": "queue_end_process", "filename": "storeclass3_lccenc3_94145366imgwhitewolfjobid39.JPEG", "unix_time": 1620686959.5475953}
INFO:ccdag_utils.py:runtime_stat:{"task_name": "storeclass3", "event": "queue_start_process", "filename": "resnet4_storeclass3_63977269imgwhitewolfjobid39.JPEG", "unix_time": 1620686959.5486684}
INFO:ccdag_utils.py:runtime_stat:{"task_name": "storeclass3", "event": "queue_end_process", "filename": "storeclass3_lccenc3_63977269imgwhitewolfjobid39.JPEG", "unix_time": 1620686959.5524}
INFO:circe.py:runtime_stat:{"task_name": "circe", "event": "new_input_file", "filename": "resnet3_storeclass3_02313284imgwhitewolfjobid39.JPEG", "unix_time": 1620686959.5750086}
INFO:circe.py:runtime_stat:{"task_name": "circe", "event": "new_input_file", "filename": "resnet0_storeclass3_70380071imgwhitewolfjobid39.JPEG", "unix_time": 1620686959.6496494}
INFO:circe.py:runtime_stat:{"task_name": "circe", "event": "new_input_file", "filename": "resnet7_storeclass3_90847689imgwhitewolfjobid39.JPEG", "unix_time": 1620686959.7514193}
DEBUG:transfer.py:transfer successful!
INFO:circe.py:runtime_stat:{"task_name": "circe", "event": "new_output_file", "filename": "storeclass3_lccenc3_28177051imgwhitewolfjobid39.JPEG", "unix_time": 1620686959.7755575}
DEBUG:transfer.py:sshpass -p PASSWORD scp -P 5000 -o StrictHostKeyChecking=no /jupiter/circe_output/storeclass3_lccenc3_28177051imgwhitewolfjobid39.JPEG root@10.102.122.194:/jupiter/circe_input/
INFO:circe.py:runtime_stat:{"task_name": "circe", "event": "new_input_file", "filename": "resnet2_storeclass3_27771036imgwhitewolfjobid39.JPEG", "unix_time": 1620686959.8201606}
INFO:circe.py:runtime_stat:{"task_name": "circe", "event": "new_input_file", "filename": "resnet5_storeclass3_83276676imgwhitewolfjobid39.JPEG", "unix_time": 1620686959.915596}
DEBUG:transfer.py:transfer successful!
INFO:circe.py:runtime_stat:{"task_name": "circe", "event": "new_output_file", "filename": "storeclass3_lccenc3_94145366imgwhitewolfjobid39.JPEG", "unix_time": 1620686960.035278}
DEBUG:transfer.py:sshpass -p PASSWORD scp -P 5000 -o StrictHostKeyChecking=no /jupiter/circe_output/storeclass3_lccenc3_94145366imgwhitewolfjobid39.JPEG root@10.102.122.194:/jupiter/circe_input/
DEBUG:transfer.py:transfer successful!
INFO:circe.py:runtime_stat:{"task_name": "circe", "event": "new_output_file", "filename": "storeclass3_lccenc3_63977269imgwhitewolfjobid39.JPEG", "unix_time": 1620686960.4241662}
DEBUG:transfer.py:sshpass -p PASSWORD scp -P 5000 -o StrictHostKeyChecking=no /jupiter/circe_output/storeclass3_lccenc3_63977269imgwhitewolfjobid39.JPEG root@10.102.122.194:/jupiter/circe_input/
INFO:ccdag_utils.py:runtime_stat:{"task_name": "storeclass3", "event": "queue_start_process", "filename": "resnet3_storeclass3_02313284imgwhitewolfjobid39.JPEG", "unix_time": 1620686960.5548549}
INFO:ccdag_utils.py:runtime_stat:{"task_name": "storeclass3", "event": "queue_end_process", "filename": "storeclass3_lccenc3_02313284imgwhitewolfjobid39.JPEG", "unix_time": 1620686960.5577946}
INFO:ccdag_utils.py:runtime_stat:{"task_name": "storeclass3", "event": "queue_start_process", "filename": "resnet0_storeclass3_70380071imgwhitewolfjobid39.JPEG", "unix_time": 1620686960.5593116}
INFO:ccdag_utils.py:runtime_stat:{"task_name": "storeclass3", "event": "queue_end_process", "filename": "storeclass3_lccenc3_70380071imgwhitewolfjobid39.JPEG", "unix_time": 1620686960.5617619}
INFO:ccdag_utils.py:runtime_stat:{"task_name": "storeclass3", "event": "queue_start_process", "filename": "resnet7_storeclass3_90847689imgwhitewolfjobid39.JPEG", "unix_time": 1620686960.5626204}
INFO:ccdag_utils.py:runtime_stat:{"task_name": "storeclass3", "event": "queue_end_process", "filename": "storeclass3_lccenc3_90847689imgwhitewolfjobid39.JPEG", "unix_time": 1620686960.564872}
INFO:ccdag_utils.py:runtime_stat:{"task_name": "storeclass3", "event": "queue_start_process", "filename": "resnet2_storeclass3_27771036imgwhitewolfjobid39.JPEG", "unix_time": 1620686960.5652032}
INFO:ccdag_utils.py:runtime_stat:{"task_name": "storeclass3", "event": "queue_end_process", "filename": "storeclass3_lccenc3_27771036imgwhitewolfjobid39.JPEG", "unix_time": 1620686960.568466}
INFO:ccdag_utils.py:runtime_stat:{"task_name": "storeclass3", "event": "queue_start_process", "filename": "resnet5_storeclass3_83276676imgwhitewolfjobid39.JPEG", "unix_time": 1620686960.5711231}
INFO:ccdag_utils.py:runtime_stat:{"task_name": "storeclass3", "event": "queue_end_process", "filename": "storeclass3_lccenc3_83276676imgwhitewolfjobid39.JPEG", "unix_time": 1620686960.5741622}
DEBUG:transfer.py:transfer successful!
INFO:circe.py:runtime_stat:{"task_name": "circe", "event": "new_output_file", "filename": "storeclass3_lccenc3_02313284imgwhitewolfjobid39.JPEG", "unix_time": 1620686960.6556275}
DEBUG:transfer.py:sshpass -p PASSWORD scp -P 5000 -o StrictHostKeyChecking=no /jupiter/circe_output/storeclass3_lccenc3_02313284imgwhitewolfjobid39.JPEG root@10.102.122.194:/jupiter/circe_input/
DEBUG:transfer.py:transfer successful!
INFO:circe.py:runtime_stat:{"task_name": "circe", "event": "new_output_file", "filename": "storeclass3_lccenc3_70380071imgwhitewolfjobid39.JPEG", "unix_time": 1620686960.8782792}
DEBUG:transfer.py:sshpass -p PASSWORD scp -P 5000 -o StrictHostKeyChecking=no /jupiter/circe_output/storeclass3_lccenc3_70380071imgwhitewolfjobid39.JPEG root@10.102.122.194:/jupiter/circe_input/
DEBUG:transfer.py:transfer successful!
INFO:circe.py:runtime_stat:{"task_name": "circe", "event": "new_output_file", "filename": "storeclass3_lccenc3_90847689imgwhitewolfjobid39.JPEG", "unix_time": 1620686961.110032}
DEBUG:transfer.py:sshpass -p PASSWORD scp -P 5000 -o StrictHostKeyChecking=no /jupiter/circe_output/storeclass3_lccenc3_90847689imgwhitewolfjobid39.JPEG root@10.102.122.194:/jupiter/circe_input/
DEBUG:transfer.py:transfer successful!
INFO:circe.py:runtime_stat:{"task_name": "circe", "event": "new_output_file", "filename": "storeclass3_lccenc3_27771036imgwhitewolfjobid39.JPEG", "unix_time": 1620686961.3667793}
DEBUG:transfer.py:sshpass -p PASSWORD scp -P 5000 -o StrictHostKeyChecking=no /jupiter/circe_output/storeclass3_lccenc3_27771036imgwhitewolfjobid39.JPEG root@10.102.122.194:/jupiter/circe_input/
DEBUG:transfer.py:transfer successful!
INFO:circe.py:runtime_stat:{"task_name": "circe", "event": "new_output_file", "filename": "storeclass3_lccenc3_83276676imgwhitewolfjobid39.JPEG", "unix_time": 1620686961.5991702}
DEBUG:transfer.py:sshpass -p PASSWORD scp -P 5000 -o StrictHostKeyChecking=no /jupiter/circe_output/storeclass3_lccenc3_83276676imgwhitewolfjobid39.JPEG root@10.102.122.194:/jupiter/circe_input/
DEBUG:transfer.py:transfer successful!
INFO:circe.py:runtime_stat:{"task_name": "circe", "event": "new_input_file", "filename": "resnet5_storeclass3_27447888imgwhitewolfjobid40.JPEG", "unix_time": 1620686969.0941799}
INFO:circe.py:runtime_stat:{"task_name": "circe", "event": "new_input_file", "filename": "resnet6_storeclass3_40439243imgwhitewolfjobid40.JPEG", "unix_time": 1620686969.0971394}
INFO:circe.py:runtime_stat:{"task_name": "circe", "event": "new_input_file", "filename": "resnet0_storeclass3_24504452imgwhitewolfjobid40.JPEG", "unix_time": 1620686969.5634034}
INFO:ccdag_utils.py:runtime_stat:{"task_name": "storeclass3", "event": "queue_start_process", "filename": "resnet5_storeclass3_27447888imgwhitewolfjobid40.JPEG", "unix_time": 1620686969.583104}
INFO:ccdag_utils.py:runtime_stat:{"task_name": "storeclass3", "event": "queue_end_process", "filename": "storeclass3_lccenc3_27447888imgwhitewolfjobid40.JPEG", "unix_time": 1620686969.5915146}
INFO:ccdag_utils.py:runtime_stat:{"task_name": "storeclass3", "event": "queue_start_process", "filename": "resnet6_storeclass3_40439243imgwhitewolfjobid40.JPEG", "unix_time": 1620686969.5921495}
INFO:ccdag_utils.py:runtime_stat:{"task_name": "storeclass3", "event": "queue_end_process", "filename": "storeclass3_lccenc3_40439243imgwhitewolfjobid40.JPEG", "unix_time": 1620686969.5934167}
INFO:ccdag_utils.py:runtime_stat:{"task_name": "storeclass3", "event": "queue_start_process", "filename": "resnet0_storeclass3_24504452imgwhitewolfjobid40.JPEG", "unix_time": 1620686969.5953348}
INFO:ccdag_utils.py:runtime_stat:{"task_name": "storeclass3", "event": "queue_end_process", "filename": "storeclass3_lccenc3_24504452imgwhitewolfjobid40.JPEG", "unix_time": 1620686969.5999982}
INFO:circe.py:runtime_stat:{"task_name": "circe", "event": "new_output_file", "filename": "storeclass3_lccenc3_27447888imgwhitewolfjobid40.JPEG", "unix_time": 1620686969.596841}
DEBUG:transfer.py:sshpass -p PASSWORD scp -P 5000 -o StrictHostKeyChecking=no /jupiter/circe_output/storeclass3_lccenc3_27447888imgwhitewolfjobid40.JPEG root@10.102.122.194:/jupiter/circe_input/
DEBUG:transfer.py:transfer successful!
INFO:circe.py:runtime_stat:{"task_name": "circe", "event": "new_output_file", "filename": "storeclass3_lccenc3_40439243imgwhitewolfjobid40.JPEG", "unix_time": 1620686969.9137642}
DEBUG:transfer.py:sshpass -p PASSWORD scp -P 5000 -o StrictHostKeyChecking=no /jupiter/circe_output/storeclass3_lccenc3_40439243imgwhitewolfjobid40.JPEG root@10.102.122.194:/jupiter/circe_input/
INFO:circe.py:runtime_stat:{"task_name": "circe", "event": "new_input_file", "filename": "resnet1_storeclass3_64125620imgwhitewolfjobid40.JPEG", "unix_time": 1620686970.199639}
INFO:circe.py:runtime_stat:{"task_name": "circe", "event": "new_input_file", "filename": "resnet3_storeclass3_12903804imgwhitewolfjobid40.JPEG", "unix_time": 1620686970.2262983}
INFO:circe.py:runtime_stat:{"task_name": "circe", "event": "new_input_file", "filename": "resnet2_storeclass3_82977698imgwhitewolfjobid40.JPEG", "unix_time": 1620686970.2381907}
INFO:circe.py:runtime_stat:{"task_name": "circe", "event": "new_input_file", "filename": "resnet7_storeclass3_73496494imgwhitewolfjobid40.JPEG", "unix_time": 1620686970.298081}
INFO:circe.py:runtime_stat:{"task_name": "circe", "event": "new_input_file", "filename": "resnet4_storeclass3_73192811imgwhitewolfjobid40.JPEG", "unix_time": 1620686970.315878}
INFO:circe.py:runtime_stat:{"task_name": "circe", "event": "new_input_file", "filename": "home_storeclass3_85487940imgwhitewolfjobid40.JPEG", "unix_time": 1620686970.3813202}
DEBUG:transfer.py:transfer successful!
INFO:circe.py:runtime_stat:{"task_name": "circe", "event": "new_output_file", "filename": "storeclass3_lccenc3_24504452imgwhitewolfjobid40.JPEG", "unix_time": 1620686970.3840551}
DEBUG:transfer.py:sshpass -p PASSWORD scp -P 5000 -o StrictHostKeyChecking=no /jupiter/circe_output/storeclass3_lccenc3_24504452imgwhitewolfjobid40.JPEG root@10.102.122.194:/jupiter/circe_input/
INFO:ccdag_utils.py:runtime_stat:{"task_name": "storeclass3", "event": "queue_start_process", "filename": "resnet1_storeclass3_64125620imgwhitewolfjobid40.JPEG", "unix_time": 1620686970.6034305}
INFO:ccdag_utils.py:runtime_stat:{"task_name": "storeclass3", "event": "queue_end_process", "filename": "storeclass3_lccenc3_64125620imgwhitewolfjobid40.JPEG", "unix_time": 1620686970.6077838}
INFO:ccdag_utils.py:runtime_stat:{"task_name": "storeclass3", "event": "queue_start_process", "filename": "resnet3_storeclass3_12903804imgwhitewolfjobid40.JPEG", "unix_time": 1620686970.6161597}
INFO:ccdag_utils.py:runtime_stat:{"task_name": "storeclass3", "event": "queue_end_process", "filename": "storeclass3_lccenc3_12903804imgwhitewolfjobid40.JPEG", "unix_time": 1620686970.6174078}
INFO:ccdag_utils.py:runtime_stat:{"task_name": "storeclass3", "event": "queue_start_process", "filename": "resnet2_storeclass3_82977698imgwhitewolfjobid40.JPEG", "unix_time": 1620686970.6177194}
INFO:ccdag_utils.py:runtime_stat:{"task_name": "storeclass3", "event": "queue_end_process", "filename": "storeclass3_lccenc3_82977698imgwhitewolfjobid40.JPEG", "unix_time": 1620686970.618704}
INFO:ccdag_utils.py:runtime_stat:{"task_name": "storeclass3", "event": "queue_start_process", "filename": "resnet7_storeclass3_73496494imgwhitewolfjobid40.JPEG", "unix_time": 1620686970.6226773}
INFO:ccdag_utils.py:runtime_stat:{"task_name": "storeclass3", "event": "queue_end_process", "filename": "storeclass3_lccenc3_73496494imgwhitewolfjobid40.JPEG", "unix_time": 1620686970.6253853}
INFO:ccdag_utils.py:runtime_stat:{"task_name": "storeclass3", "event": "queue_start_process", "filename": "resnet4_storeclass3_73192811imgwhitewolfjobid40.JPEG", "unix_time": 1620686970.6268606}
INFO:ccdag_utils.py:runtime_stat:{"task_name": "storeclass3", "event": "queue_end_process", "filename": "storeclass3_lccenc3_73192811imgwhitewolfjobid40.JPEG", "unix_time": 1620686970.632166}
INFO:ccdag_utils.py:runtime_stat:{"task_name": "storeclass3", "event": "queue_start_process", "filename": "home_storeclass3_85487940imgwhitewolfjobid40.JPEG", "unix_time": 1620686970.633643}
INFO:ccdag_utils.py:runtime_stat:{"task_name": "storeclass3", "event": "queue_end_process", "filename": "storeclass3_lccenc3_85487940imgwhitewolfjobid40.JPEG", "unix_time": 1620686970.6365252}
DEBUG:transfer.py:transfer successful!
INFO:circe.py:runtime_stat:{"task_name": "circe", "event": "new_output_file", "filename": "storeclass3_lccenc3_64125620imgwhitewolfjobid40.JPEG", "unix_time": 1620686970.6642246}
DEBUG:transfer.py:sshpass -p PASSWORD scp -P 5000 -o StrictHostKeyChecking=no /jupiter/circe_output/storeclass3_lccenc3_64125620imgwhitewolfjobid40.JPEG root@10.102.122.194:/jupiter/circe_input/
DEBUG:transfer.py:transfer successful!
INFO:circe.py:runtime_stat:{"task_name": "circe", "event": "new_output_file", "filename": "storeclass3_lccenc3_12903804imgwhitewolfjobid40.JPEG", "unix_time": 1620686970.9451206}
DEBUG:transfer.py:sshpass -p PASSWORD scp -P 5000 -o StrictHostKeyChecking=no /jupiter/circe_output/storeclass3_lccenc3_12903804imgwhitewolfjobid40.JPEG root@10.102.122.194:/jupiter/circe_input/
DEBUG:transfer.py:transfer successful!
INFO:circe.py:runtime_stat:{"task_name": "circe", "event": "new_output_file", "filename": "storeclass3_lccenc3_82977698imgwhitewolfjobid40.JPEG", "unix_time": 1620686971.2402248}
DEBUG:transfer.py:sshpass -p PASSWORD scp -P 5000 -o StrictHostKeyChecking=no /jupiter/circe_output/storeclass3_lccenc3_82977698imgwhitewolfjobid40.JPEG root@10.102.122.194:/jupiter/circe_input/
DEBUG:transfer.py:transfer successful!
INFO:circe.py:runtime_stat:{"task_name": "circe", "event": "new_output_file", "filename": "storeclass3_lccenc3_73496494imgwhitewolfjobid40.JPEG", "unix_time": 1620686971.4555628}
DEBUG:transfer.py:sshpass -p PASSWORD scp -P 5000 -o StrictHostKeyChecking=no /jupiter/circe_output/storeclass3_lccenc3_73496494imgwhitewolfjobid40.JPEG root@10.102.122.194:/jupiter/circe_input/
DEBUG:transfer.py:transfer successful!
INFO:circe.py:runtime_stat:{"task_name": "circe", "event": "new_output_file", "filename": "storeclass3_lccenc3_73192811imgwhitewolfjobid40.JPEG", "unix_time": 1620686971.6690094}
DEBUG:transfer.py:sshpass -p PASSWORD scp -P 5000 -o StrictHostKeyChecking=no /jupiter/circe_output/storeclass3_lccenc3_73192811imgwhitewolfjobid40.JPEG root@10.102.122.194:/jupiter/circe_input/
DEBUG:transfer.py:transfer successful!
INFO:circe.py:runtime_stat:{"task_name": "circe", "event": "new_output_file", "filename": "storeclass3_lccenc3_85487940imgwhitewolfjobid40.JPEG", "unix_time": 1620686971.88248}
DEBUG:transfer.py:sshpass -p PASSWORD scp -P 5000 -o StrictHostKeyChecking=no /jupiter/circe_output/storeclass3_lccenc3_85487940imgwhitewolfjobid40.JPEG root@10.102.122.194:/jupiter/circe_input/
DEBUG:transfer.py:transfer successful!
INFO:circe.py:runtime_stat:{"task_name": "circe", "event": "new_input_file", "filename": "resnet5_storeclass3_57614418imgwhitewolfjobid41.JPEG", "unix_time": 1620686981.1419322}
INFO:circe.py:runtime_stat:{"task_name": "circe", "event": "new_input_file", "filename": "resnet1_storeclass3_04278289imgwhitewolfjobid41.JPEG", "unix_time": 1620686981.2197154}
INFO:ccdag_utils.py:runtime_stat:{"task_name": "storeclass3", "event": "queue_start_process", "filename": "resnet5_storeclass3_57614418imgwhitewolfjobid41.JPEG", "unix_time": 1620686981.652165}
INFO:circe.py:runtime_stat:{"task_name": "circe", "event": "new_output_file", "filename": "storeclass3_lccenc3_57614418imgwhitewolfjobid41.JPEG", "unix_time": 1620686981.6589594}
DEBUG:transfer.py:sshpass -p PASSWORD scp -P 5000 -o StrictHostKeyChecking=no /jupiter/circe_output/storeclass3_lccenc3_57614418imgwhitewolfjobid41.JPEG root@10.102.122.194:/jupiter/circe_input/
INFO:ccdag_utils.py:runtime_stat:{"task_name": "storeclass3", "event": "queue_end_process", "filename": "storeclass3_lccenc3_57614418imgwhitewolfjobid41.JPEG", "unix_time": 1620686981.659557}
INFO:ccdag_utils.py:runtime_stat:{"task_name": "storeclass3", "event": "queue_start_process", "filename": "resnet1_storeclass3_04278289imgwhitewolfjobid41.JPEG", "unix_time": 1620686981.6637259}
INFO:ccdag_utils.py:runtime_stat:{"task_name": "storeclass3", "event": "queue_end_process", "filename": "storeclass3_lccenc3_04278289imgwhitewolfjobid41.JPEG", "unix_time": 1620686981.6673622}
INFO:circe.py:runtime_stat:{"task_name": "circe", "event": "new_input_file", "filename": "resnet0_storeclass3_13176259imgwhitewolfjobid41.JPEG", "unix_time": 1620686981.7851107}
DEBUG:transfer.py:transfer successful!
INFO:circe.py:runtime_stat:{"task_name": "circe", "event": "new_output_file", "filename": "storeclass3_lccenc3_04278289imgwhitewolfjobid41.JPEG", "unix_time": 1620686981.889502}
DEBUG:transfer.py:sshpass -p PASSWORD scp -P 5000 -o StrictHostKeyChecking=no /jupiter/circe_output/storeclass3_lccenc3_04278289imgwhitewolfjobid41.JPEG root@10.102.122.194:/jupiter/circe_input/
INFO:circe.py:runtime_stat:{"task_name": "circe", "event": "new_input_file", "filename": "resnet3_storeclass3_81919814imgwhitewolfjobid41.JPEG", "unix_time": 1620686982.0360277}
INFO:circe.py:runtime_stat:{"task_name": "circe", "event": "new_input_file", "filename": "resnet7_storeclass3_87690021imgwhitewolfjobid41.JPEG", "unix_time": 1620686982.0791724}
DEBUG:transfer.py:transfer successful!
INFO:circe.py:runtime_stat:{"task_name": "circe", "event": "new_input_file", "filename": "resnet2_storeclass3_93330448imgwhitewolfjobid41.JPEG", "unix_time": 1620686982.1228528}
INFO:circe.py:runtime_stat:{"task_name": "circe", "event": "new_input_file", "filename": "resnet4_storeclass3_93991913imgwhitewolfjobid41.JPEG", "unix_time": 1620686982.125885}
INFO:circe.py:runtime_stat:{"task_name": "circe", "event": "new_input_file", "filename": "resnet6_storeclass3_05195024imgwhitewolfjobid41.JPEG", "unix_time": 1620686982.1409109}
INFO:ccdag_utils.py:runtime_stat:{"task_name": "storeclass3", "event": "queue_start_process", "filename": "resnet0_storeclass3_13176259imgwhitewolfjobid41.JPEG", "unix_time": 1620686982.6731675}
INFO:ccdag_utils.py:runtime_stat:{"task_name": "storeclass3", "event": "queue_end_process", "filename": "storeclass3_lccenc3_13176259imgwhitewolfjobid41.JPEG", "unix_time": 1620686982.6742733}
INFO:ccdag_utils.py:runtime_stat:{"task_name": "storeclass3", "event": "queue_start_process", "filename": "resnet3_storeclass3_81919814imgwhitewolfjobid41.JPEG", "unix_time": 1620686982.67462}
INFO:circe.py:runtime_stat:{"task_name": "circe", "event": "new_output_file", "filename": "storeclass3_lccenc3_13176259imgwhitewolfjobid41.JPEG", "unix_time": 1620686982.6760774}
DEBUG:transfer.py:sshpass -p PASSWORD scp -P 5000 -o StrictHostKeyChecking=no /jupiter/circe_output/storeclass3_lccenc3_13176259imgwhitewolfjobid41.JPEG root@10.102.122.194:/jupiter/circe_input/
INFO:ccdag_utils.py:runtime_stat:{"task_name": "storeclass3", "event": "queue_end_process", "filename": "storeclass3_lccenc3_81919814imgwhitewolfjobid41.JPEG", "unix_time": 1620686982.6857836}
INFO:ccdag_utils.py:runtime_stat:{"task_name": "storeclass3", "event": "queue_start_process", "filename": "resnet7_storeclass3_87690021imgwhitewolfjobid41.JPEG", "unix_time": 1620686982.6874256}
INFO:ccdag_utils.py:runtime_stat:{"task_name": "storeclass3", "event": "queue_end_process", "filename": "storeclass3_lccenc3_87690021imgwhitewolfjobid41.JPEG", "unix_time": 1620686982.6889853}
INFO:ccdag_utils.py:runtime_stat:{"task_name": "storeclass3", "event": "queue_start_process", "filename": "resnet2_storeclass3_93330448imgwhitewolfjobid41.JPEG", "unix_time": 1620686982.689285}
INFO:ccdag_utils.py:runtime_stat:{"task_name": "storeclass3", "event": "queue_end_process", "filename": "storeclass3_lccenc3_93330448imgwhitewolfjobid41.JPEG", "unix_time": 1620686982.6900532}
INFO:ccdag_utils.py:runtime_stat:{"task_name": "storeclass3", "event": "queue_start_process", "filename": "resnet4_storeclass3_93991913imgwhitewolfjobid41.JPEG", "unix_time": 1620686982.6903157}
INFO:ccdag_utils.py:runtime_stat:{"task_name": "storeclass3", "event": "queue_end_process", "filename": "storeclass3_lccenc3_93991913imgwhitewolfjobid41.JPEG", "unix_time": 1620686982.6958835}
INFO:ccdag_utils.py:runtime_stat:{"task_name": "storeclass3", "event": "queue_start_process", "filename": "resnet6_storeclass3_05195024imgwhitewolfjobid41.JPEG", "unix_time": 1620686982.6961865}
INFO:ccdag_utils.py:runtime_stat:{"task_name": "storeclass3", "event": "queue_end_process", "filename": "storeclass3_lccenc3_05195024imgwhitewolfjobid41.JPEG", "unix_time": 1620686982.6974819}
DEBUG:transfer.py:transfer successful!
INFO:circe.py:runtime_stat:{"task_name": "circe", "event": "new_output_file", "filename": "storeclass3_lccenc3_87690021imgwhitewolfjobid41.JPEG", "unix_time": 1620686982.9293673}
DEBUG:transfer.py:sshpass -p PASSWORD scp -P 5000 -o StrictHostKeyChecking=no /jupiter/circe_output/storeclass3_lccenc3_87690021imgwhitewolfjobid41.JPEG root@10.102.122.194:/jupiter/circe_input/
DEBUG:transfer.py:transfer successful!
INFO:circe.py:runtime_stat:{"task_name": "circe", "event": "new_output_file", "filename": "storeclass3_lccenc3_93330448imgwhitewolfjobid41.JPEG", "unix_time": 1620686983.1537921}
DEBUG:transfer.py:sshpass -p PASSWORD scp -P 5000 -o StrictHostKeyChecking=no /jupiter/circe_output/storeclass3_lccenc3_93330448imgwhitewolfjobid41.JPEG root@10.102.122.194:/jupiter/circe_input/
DEBUG:transfer.py:transfer successful!
INFO:circe.py:runtime_stat:{"task_name": "circe", "event": "new_output_file", "filename": "storeclass3_lccenc3_93991913imgwhitewolfjobid41.JPEG", "unix_time": 1620686983.3665562}
DEBUG:transfer.py:sshpass -p PASSWORD scp -P 5000 -o StrictHostKeyChecking=no /jupiter/circe_output/storeclass3_lccenc3_93991913imgwhitewolfjobid41.JPEG root@10.102.122.194:/jupiter/circe_input/
DEBUG:transfer.py:transfer successful!
INFO:circe.py:runtime_stat:{"task_name": "circe", "event": "new_output_file", "filename": "storeclass3_lccenc3_05195024imgwhitewolfjobid41.JPEG", "unix_time": 1620686983.5883973}
DEBUG:transfer.py:sshpass -p PASSWORD scp -P 5000 -o StrictHostKeyChecking=no /jupiter/circe_output/storeclass3_lccenc3_05195024imgwhitewolfjobid41.JPEG root@10.102.122.194:/jupiter/circe_input/
DEBUG:transfer.py:transfer successful!
INFO:circe.py:runtime_stat:{"task_name": "circe", "event": "new_output_file", "filename": "storeclass3_lccenc3_81919814imgwhitewolfjobid41.JPEG", "unix_time": 1620686983.8259244}
DEBUG:transfer.py:sshpass -p PASSWORD scp -P 5000 -o StrictHostKeyChecking=no /jupiter/circe_output/storeclass3_lccenc3_81919814imgwhitewolfjobid41.JPEG root@10.102.122.194:/jupiter/circe_input/
DEBUG:transfer.py:transfer successful!
