 * Starting OpenBSD Secure Shell server sshd
   ...done.
INFO:circe.py:Using base script lccenc.py
DEBUG:circe.py:starting the input monitoring process
DEBUG:circe.py:starting the output monitoring process
3
INFO:circe.py:runtime_stat:{"task_name": "circe", "event": "new_input_file", "filename": "storeclass3_lccenc3_23051708imgwhitewolfjobid32.JPEG", "unix_time": 1620683392.7284112}
INFO:circe.py:runtime_stat:{"task_name": "circe", "event": "new_input_file", "filename": "storeclass3_lccenc3_49038040imgwhitewolfjobid33.JPEG", "unix_time": 1620683403.8000238}
INFO:circe.py:runtime_stat:{"task_name": "circe", "event": "new_input_file", "filename": "storeclass3_lccenc3_48288036imgwhitewolfjobid33.JPEG", "unix_time": 1620683404.0379562}
INFO:circe.py:runtime_stat:{"task_name": "circe", "event": "new_input_file", "filename": "storeclass3_lccenc3_22951391imgwhitewolfjobid33.JPEG", "unix_time": 1620683404.2634563}
INFO:circe.py:runtime_stat:{"task_name": "circe", "event": "new_input_file", "filename": "storeclass3_lccenc3_81130812imgwhitewolfjobid33.JPEG", "unix_time": 1620683404.5094216}
INFO:ccdag_utils.py:runtime_stat:{"task_name": "lccenc3", "event": "queue_start_process", "filename": "storeclass3_lccenc3_23051708imgwhitewolfjobid32.JPEG", "unix_time": 1620683404.8950863}
INFO:ccdag_utils.py:runtime_stat:{"task_name": "lccenc3", "event": "queue_start_process", "filename": "storeclass3_lccenc3_49038040imgwhitewolfjobid33.JPEG", "unix_time": 1620683404.8954365}
INFO:ccdag_utils.py:runtime_stat:{"task_name": "lccenc3", "event": "queue_start_process", "filename": "storeclass3_lccenc3_48288036imgwhitewolfjobid33.JPEG", "unix_time": 1620683404.8956206}
INFO:ccdag_utils.py:runtime_stat:{"task_name": "lccenc3", "event": "queue_start_process", "filename": "storeclass3_lccenc3_22951391imgwhitewolfjobid33.JPEG", "unix_time": 1620683404.8958602}
INFO:ccdag_utils.py:runtime_stat:{"task_name": "lccenc3", "event": "queue_end_process", "filename": "lccenc3_score3a_2#23051708-2#49038040-2#48288036-2#22951391jobid1.csv", "unix_time": 1620683406.1696136}
INFO:circe.py:runtime_stat:{"task_name": "circe", "event": "new_output_file", "filename": "lccenc3_score3a_2#23051708-2#49038040-2#48288036-2#22951391jobid1.csv", "unix_time": 1620683406.170578}
DEBUG:transfer.py:sshpass -p PASSWORD scp -P 5000 -o StrictHostKeyChecking=no /jupiter/circe_output/lccenc3_score3a_2#23051708-2#49038040-2#48288036-2#22951391jobid1.csv root@10.98.208.5:/jupiter/circe_input/
Warning: Permanently added '[10.98.208.5]:5000' (ECDSA) to the list of known hosts.
DEBUG:transfer.py:transfer successful!
INFO:ccdag_utils.py:runtime_stat:{"task_name": "lccenc3", "event": "queue_end_process", "filename": "lccenc3_score3b_2#23051708-2#49038040-2#48288036-2#22951391jobid1.csv", "unix_time": 1620683407.2266355}
INFO:circe.py:runtime_stat:{"task_name": "circe", "event": "new_output_file", "filename": "lccenc3_score3b_2#23051708-2#49038040-2#48288036-2#22951391jobid1.csv", "unix_time": 1620683407.2275069}
DEBUG:transfer.py:sshpass -p PASSWORD scp -P 5000 -o StrictHostKeyChecking=no /jupiter/circe_output/lccenc3_score3b_2#23051708-2#49038040-2#48288036-2#22951391jobid1.csv root@10.100.133.128:/jupiter/circe_input/
Warning: Permanently added '[10.100.133.128]:5000' (ECDSA) to the list of known hosts.
DEBUG:transfer.py:transfer successful!
INFO:ccdag_utils.py:runtime_stat:{"task_name": "lccenc3", "event": "queue_end_process", "filename": "lccenc3_score3c_2#23051708-2#49038040-2#48288036-2#22951391jobid1.csv", "unix_time": 1620683408.249944}
INFO:circe.py:runtime_stat:{"task_name": "circe", "event": "new_output_file", "filename": "lccenc3_score3c_2#23051708-2#49038040-2#48288036-2#22951391jobid1.csv", "unix_time": 1620683408.2511375}
DEBUG:transfer.py:sshpass -p PASSWORD scp -P 5000 -o StrictHostKeyChecking=no /jupiter/circe_output/lccenc3_score3c_2#23051708-2#49038040-2#48288036-2#22951391jobid1.csv root@10.109.123.155:/jupiter/circe_input/
Warning: Permanently added '[10.109.123.155]:5000' (ECDSA) to the list of known hosts.
DEBUG:transfer.py:transfer successful!
INFO:circe.py:runtime_stat:{"task_name": "circe", "event": "new_input_file", "filename": "storeclass3_lccenc3_84529646imgwhitewolfjobid34.JPEG", "unix_time": 1620683417.8111253}
INFO:circe.py:runtime_stat:{"task_name": "circe", "event": "new_input_file", "filename": "storeclass3_lccenc3_30048242imgwhitewolfjobid34.JPEG", "unix_time": 1620683418.0362337}
INFO:circe.py:runtime_stat:{"task_name": "circe", "event": "new_input_file", "filename": "storeclass3_lccenc3_18397386imgwhitewolfjobid34.JPEG", "unix_time": 1620683418.8369179}
INFO:circe.py:runtime_stat:{"task_name": "circe", "event": "new_input_file", "filename": "storeclass3_lccenc3_28965387imgwhitewolfjobid34.JPEG", "unix_time": 1620683419.0540552}
INFO:ccdag_utils.py:runtime_stat:{"task_name": "lccenc3", "event": "queue_start_process", "filename": "storeclass3_lccenc3_81130812imgwhitewolfjobid33.JPEG", "unix_time": 1620683419.2661192}
INFO:ccdag_utils.py:runtime_stat:{"task_name": "lccenc3", "event": "queue_start_process", "filename": "storeclass3_lccenc3_84529646imgwhitewolfjobid34.JPEG", "unix_time": 1620683419.266523}
INFO:ccdag_utils.py:runtime_stat:{"task_name": "lccenc3", "event": "queue_start_process", "filename": "storeclass3_lccenc3_30048242imgwhitewolfjobid34.JPEG", "unix_time": 1620683419.2667737}
INFO:ccdag_utils.py:runtime_stat:{"task_name": "lccenc3", "event": "queue_start_process", "filename": "storeclass3_lccenc3_18397386imgwhitewolfjobid34.JPEG", "unix_time": 1620683419.267077}
INFO:circe.py:runtime_stat:{"task_name": "circe", "event": "new_output_file", "filename": "lccenc3_score3a_2#81130812-2#84529646-2#30048242-2#18397386jobid2.csv", "unix_time": 1620683420.4721715}
DEBUG:transfer.py:sshpass -p PASSWORD scp -P 5000 -o StrictHostKeyChecking=no /jupiter/circe_output/lccenc3_score3a_2#81130812-2#84529646-2#30048242-2#18397386jobid2.csv root@10.98.208.5:/jupiter/circe_input/
INFO:ccdag_utils.py:runtime_stat:{"task_name": "lccenc3", "event": "queue_end_process", "filename": "lccenc3_score3a_2#81130812-2#84529646-2#30048242-2#18397386jobid2.csv", "unix_time": 1620683420.4798586}
DEBUG:transfer.py:transfer successful!
INFO:circe.py:runtime_stat:{"task_name": "circe", "event": "new_output_file", "filename": "lccenc3_score3b_2#81130812-2#84529646-2#30048242-2#18397386jobid2.csv", "unix_time": 1620683421.4786572}
DEBUG:transfer.py:sshpass -p PASSWORD scp -P 5000 -o StrictHostKeyChecking=no /jupiter/circe_output/lccenc3_score3b_2#81130812-2#84529646-2#30048242-2#18397386jobid2.csv root@10.100.133.128:/jupiter/circe_input/
INFO:ccdag_utils.py:runtime_stat:{"task_name": "lccenc3", "event": "queue_end_process", "filename": "lccenc3_score3b_2#81130812-2#84529646-2#30048242-2#18397386jobid2.csv", "unix_time": 1620683421.4833083}
DEBUG:transfer.py:transfer successful!
INFO:circe.py:runtime_stat:{"task_name": "circe", "event": "new_output_file", "filename": "lccenc3_score3c_2#81130812-2#84529646-2#30048242-2#18397386jobid2.csv", "unix_time": 1620683422.5911632}
DEBUG:transfer.py:sshpass -p PASSWORD scp -P 5000 -o StrictHostKeyChecking=no /jupiter/circe_output/lccenc3_score3c_2#81130812-2#84529646-2#30048242-2#18397386jobid2.csv root@10.109.123.155:/jupiter/circe_input/
INFO:ccdag_utils.py:runtime_stat:{"task_name": "lccenc3", "event": "queue_end_process", "filename": "lccenc3_score3c_2#81130812-2#84529646-2#30048242-2#18397386jobid2.csv", "unix_time": 1620683422.595896}
DEBUG:transfer.py:transfer successful!
INFO:circe.py:runtime_stat:{"task_name": "circe", "event": "new_input_file", "filename": "storeclass3_lccenc3_02202301imgwhitewolfjobid35.JPEG", "unix_time": 1620683426.8937495}
INFO:circe.py:runtime_stat:{"task_name": "circe", "event": "new_input_file", "filename": "storeclass3_lccenc3_84295291imgwhitewolfjobid35.JPEG", "unix_time": 1620683427.1147447}
INFO:circe.py:runtime_stat:{"task_name": "circe", "event": "new_input_file", "filename": "storeclass3_lccenc3_21961240imgwhitewolfjobid34.JPEG", "unix_time": 1620683427.8721309}
INFO:circe.py:runtime_stat:{"task_name": "circe", "event": "new_input_file", "filename": "storeclass3_lccenc3_87628162imgwhitewolfjobid35.JPEG", "unix_time": 1620683428.0959625}
INFO:circe.py:runtime_stat:{"task_name": "circe", "event": "new_input_file", "filename": "storeclass3_lccenc3_91434977imgwhitewolfjobid35.JPEG", "unix_time": 1620683428.3107972}
INFO:ccdag_utils.py:runtime_stat:{"task_name": "lccenc3", "event": "queue_start_process", "filename": "storeclass3_lccenc3_28965387imgwhitewolfjobid34.JPEG", "unix_time": 1620683428.6128867}
INFO:ccdag_utils.py:runtime_stat:{"task_name": "lccenc3", "event": "queue_start_process", "filename": "storeclass3_lccenc3_02202301imgwhitewolfjobid35.JPEG", "unix_time": 1620683428.6132066}
INFO:ccdag_utils.py:runtime_stat:{"task_name": "lccenc3", "event": "queue_start_process", "filename": "storeclass3_lccenc3_84295291imgwhitewolfjobid35.JPEG", "unix_time": 1620683428.6134176}
INFO:ccdag_utils.py:runtime_stat:{"task_name": "lccenc3", "event": "queue_start_process", "filename": "storeclass3_lccenc3_21961240imgwhitewolfjobid34.JPEG", "unix_time": 1620683428.613622}
INFO:ccdag_utils.py:runtime_stat:{"task_name": "lccenc3", "event": "queue_end_process", "filename": "lccenc3_score3a_2#28965387-2#02202301-2#84295291-2#21961240jobid3.csv", "unix_time": 1620683429.7559664}
INFO:circe.py:runtime_stat:{"task_name": "circe", "event": "new_output_file", "filename": "lccenc3_score3a_2#28965387-2#02202301-2#84295291-2#21961240jobid3.csv", "unix_time": 1620683429.756894}
DEBUG:transfer.py:sshpass -p PASSWORD scp -P 5000 -o StrictHostKeyChecking=no /jupiter/circe_output/lccenc3_score3a_2#28965387-2#02202301-2#84295291-2#21961240jobid3.csv root@10.98.208.5:/jupiter/circe_input/
DEBUG:transfer.py:transfer successful!
INFO:ccdag_utils.py:runtime_stat:{"task_name": "lccenc3", "event": "queue_end_process", "filename": "lccenc3_score3b_2#28965387-2#02202301-2#84295291-2#21961240jobid3.csv", "unix_time": 1620683430.7586384}
INFO:circe.py:runtime_stat:{"task_name": "circe", "event": "new_output_file", "filename": "lccenc3_score3b_2#28965387-2#02202301-2#84295291-2#21961240jobid3.csv", "unix_time": 1620683430.759488}
DEBUG:transfer.py:sshpass -p PASSWORD scp -P 5000 -o StrictHostKeyChecking=no /jupiter/circe_output/lccenc3_score3b_2#28965387-2#02202301-2#84295291-2#21961240jobid3.csv root@10.100.133.128:/jupiter/circe_input/
DEBUG:transfer.py:transfer successful!
INFO:ccdag_utils.py:runtime_stat:{"task_name": "lccenc3", "event": "queue_end_process", "filename": "lccenc3_score3c_2#28965387-2#02202301-2#84295291-2#21961240jobid3.csv", "unix_time": 1620683431.7609217}
INFO:circe.py:runtime_stat:{"task_name": "circe", "event": "new_output_file", "filename": "lccenc3_score3c_2#28965387-2#02202301-2#84295291-2#21961240jobid3.csv", "unix_time": 1620683431.7620292}
DEBUG:transfer.py:sshpass -p PASSWORD scp -P 5000 -o StrictHostKeyChecking=no /jupiter/circe_output/lccenc3_score3c_2#28965387-2#02202301-2#84295291-2#21961240jobid3.csv root@10.109.123.155:/jupiter/circe_input/
DEBUG:transfer.py:transfer successful!
INFO:circe.py:runtime_stat:{"task_name": "circe", "event": "new_input_file", "filename": "storeclass3_lccenc3_16372805imgwhitewolfjobid36.JPEG", "unix_time": 1620683435.8940942}
INFO:circe.py:runtime_stat:{"task_name": "circe", "event": "new_input_file", "filename": "storeclass3_lccenc3_52111596imgwhitewolfjobid36.JPEG", "unix_time": 1620683436.1094568}
INFO:ccdag_utils.py:runtime_stat:{"task_name": "lccenc3", "event": "queue_start_process", "filename": "storeclass3_lccenc3_87628162imgwhitewolfjobid35.JPEG", "unix_time": 1620683436.7669787}
INFO:ccdag_utils.py:runtime_stat:{"task_name": "lccenc3", "event": "queue_start_process", "filename": "storeclass3_lccenc3_91434977imgwhitewolfjobid35.JPEG", "unix_time": 1620683436.7673244}
INFO:ccdag_utils.py:runtime_stat:{"task_name": "lccenc3", "event": "queue_start_process", "filename": "storeclass3_lccenc3_16372805imgwhitewolfjobid36.JPEG", "unix_time": 1620683436.7675033}
INFO:ccdag_utils.py:runtime_stat:{"task_name": "lccenc3", "event": "queue_start_process", "filename": "storeclass3_lccenc3_52111596imgwhitewolfjobid36.JPEG", "unix_time": 1620683436.7677124}
INFO:circe.py:runtime_stat:{"task_name": "circe", "event": "new_input_file", "filename": "storeclass3_lccenc3_86287610imgwhitewolfjobid36.JPEG", "unix_time": 1620683436.9358225}
INFO:circe.py:runtime_stat:{"task_name": "circe", "event": "new_input_file", "filename": "storeclass3_lccenc3_68466544imgwhitewolfjobid36.JPEG", "unix_time": 1620683437.4369106}
INFO:ccdag_utils.py:runtime_stat:{"task_name": "lccenc3", "event": "queue_end_process", "filename": "lccenc3_score3a_2#87628162-2#91434977-2#16372805-2#52111596jobid4.csv", "unix_time": 1620683437.9235253}
INFO:circe.py:runtime_stat:{"task_name": "circe", "event": "new_output_file", "filename": "lccenc3_score3a_2#87628162-2#91434977-2#16372805-2#52111596jobid4.csv", "unix_time": 1620683437.9245667}
DEBUG:transfer.py:sshpass -p PASSWORD scp -P 5000 -o StrictHostKeyChecking=no /jupiter/circe_output/lccenc3_score3a_2#87628162-2#91434977-2#16372805-2#52111596jobid4.csv root@10.98.208.5:/jupiter/circe_input/
DEBUG:transfer.py:transfer successful!
INFO:ccdag_utils.py:runtime_stat:{"task_name": "lccenc3", "event": "queue_end_process", "filename": "lccenc3_score3b_2#87628162-2#91434977-2#16372805-2#52111596jobid4.csv", "unix_time": 1620683438.9561832}
INFO:circe.py:runtime_stat:{"task_name": "circe", "event": "new_output_file", "filename": "lccenc3_score3b_2#87628162-2#91434977-2#16372805-2#52111596jobid4.csv", "unix_time": 1620683439.026624}
DEBUG:transfer.py:sshpass -p PASSWORD scp -P 5000 -o StrictHostKeyChecking=no /jupiter/circe_output/lccenc3_score3b_2#87628162-2#91434977-2#16372805-2#52111596jobid4.csv root@10.100.133.128:/jupiter/circe_input/
DEBUG:transfer.py:transfer successful!
INFO:circe.py:runtime_stat:{"task_name": "circe", "event": "new_output_file", "filename": "lccenc3_score3c_2#87628162-2#91434977-2#16372805-2#52111596jobid4.csv", "unix_time": 1620683439.9900322}
DEBUG:transfer.py:sshpass -p PASSWORD scp -P 5000 -o StrictHostKeyChecking=no /jupiter/circe_output/lccenc3_score3c_2#87628162-2#91434977-2#16372805-2#52111596jobid4.csv root@10.109.123.155:/jupiter/circe_input/
INFO:ccdag_utils.py:runtime_stat:{"task_name": "lccenc3", "event": "queue_end_process", "filename": "lccenc3_score3c_2#87628162-2#91434977-2#16372805-2#52111596jobid4.csv", "unix_time": 1620683439.995007}
DEBUG:transfer.py:transfer successful!
INFO:circe.py:runtime_stat:{"task_name": "circe", "event": "new_input_file", "filename": "storeclass3_lccenc3_30935215imgwhitewolfjobid37.JPEG", "unix_time": 1620683447.9361498}
INFO:circe.py:runtime_stat:{"task_name": "circe", "event": "new_input_file", "filename": "storeclass3_lccenc3_32878804imgwhitewolfjobid37.JPEG", "unix_time": 1620683448.1981933}
INFO:circe.py:runtime_stat:{"task_name": "circe", "event": "new_input_file", "filename": "storeclass3_lccenc3_57327425imgwhitewolfjobid37.JPEG", "unix_time": 1620683448.4190679}
INFO:circe.py:runtime_stat:{"task_name": "circe", "event": "new_input_file", "filename": "storeclass3_lccenc3_65245590imgwhitewolfjobid37.JPEG", "unix_time": 1620683448.9338002}
INFO:ccdag_utils.py:runtime_stat:{"task_name": "lccenc3", "event": "queue_start_process", "filename": "storeclass3_lccenc3_86287610imgwhitewolfjobid36.JPEG", "unix_time": 1620683449.0065155}
INFO:ccdag_utils.py:runtime_stat:{"task_name": "lccenc3", "event": "queue_start_process", "filename": "storeclass3_lccenc3_68466544imgwhitewolfjobid36.JPEG", "unix_time": 1620683449.0068853}
INFO:ccdag_utils.py:runtime_stat:{"task_name": "lccenc3", "event": "queue_start_process", "filename": "storeclass3_lccenc3_30935215imgwhitewolfjobid37.JPEG", "unix_time": 1620683449.007132}
INFO:ccdag_utils.py:runtime_stat:{"task_name": "lccenc3", "event": "queue_start_process", "filename": "storeclass3_lccenc3_32878804imgwhitewolfjobid37.JPEG", "unix_time": 1620683449.0073695}
INFO:ccdag_utils.py:runtime_stat:{"task_name": "lccenc3", "event": "queue_end_process", "filename": "lccenc3_score3a_2#86287610-2#68466544-2#30935215-2#32878804jobid5.csv", "unix_time": 1620683450.1340716}
INFO:circe.py:runtime_stat:{"task_name": "circe", "event": "new_output_file", "filename": "lccenc3_score3a_2#86287610-2#68466544-2#30935215-2#32878804jobid5.csv", "unix_time": 1620683450.1350844}
DEBUG:transfer.py:sshpass -p PASSWORD scp -P 5000 -o StrictHostKeyChecking=no /jupiter/circe_output/lccenc3_score3a_2#86287610-2#68466544-2#30935215-2#32878804jobid5.csv root@10.98.208.5:/jupiter/circe_input/
INFO:ccdag_utils.py:runtime_stat:{"task_name": "lccenc3", "event": "queue_end_process", "filename": "lccenc3_score3b_2#86287610-2#68466544-2#30935215-2#32878804jobid5.csv", "unix_time": 1620683451.1216233}
DEBUG:transfer.py:transfer successful!
INFO:circe.py:runtime_stat:{"task_name": "circe", "event": "new_output_file", "filename": "lccenc3_score3b_2#86287610-2#68466544-2#30935215-2#32878804jobid5.csv", "unix_time": 1620683451.5935311}
DEBUG:transfer.py:sshpass -p PASSWORD scp -P 5000 -o StrictHostKeyChecking=no /jupiter/circe_output/lccenc3_score3b_2#86287610-2#68466544-2#30935215-2#32878804jobid5.csv root@10.100.133.128:/jupiter/circe_input/
DEBUG:transfer.py:transfer successful!
INFO:ccdag_utils.py:runtime_stat:{"task_name": "lccenc3", "event": "queue_end_process", "filename": "lccenc3_score3c_2#86287610-2#68466544-2#30935215-2#32878804jobid5.csv", "unix_time": 1620683452.1557138}
INFO:circe.py:runtime_stat:{"task_name": "circe", "event": "new_output_file", "filename": "lccenc3_score3c_2#86287610-2#68466544-2#30935215-2#32878804jobid5.csv", "unix_time": 1620683452.1575856}
DEBUG:transfer.py:sshpass -p PASSWORD scp -P 5000 -o StrictHostKeyChecking=no /jupiter/circe_output/lccenc3_score3c_2#86287610-2#68466544-2#30935215-2#32878804jobid5.csv root@10.109.123.155:/jupiter/circe_input/
DEBUG:transfer.py:transfer successful!
INFO:circe.py:runtime_stat:{"task_name": "circe", "event": "new_input_file", "filename": "storeclass3_lccenc3_37816212imgwhitewolfjobid39.JPEG", "unix_time": 1620683493.0343688}
INFO:circe.py:runtime_stat:{"task_name": "circe", "event": "new_input_file", "filename": "storeclass3_lccenc3_67026445imgwhitewolfjobid39.JPEG", "unix_time": 1620683493.2534537}
INFO:circe.py:runtime_stat:{"task_name": "circe", "event": "new_input_file", "filename": "storeclass3_lccenc3_02252812imgwhitewolfjobid39.JPEG", "unix_time": 1620683494.1122174}
INFO:ccdag_utils.py:runtime_stat:{"task_name": "lccenc3", "event": "queue_start_process", "filename": "storeclass3_lccenc3_57327425imgwhitewolfjobid37.JPEG", "unix_time": 1620683494.2037866}
INFO:ccdag_utils.py:runtime_stat:{"task_name": "lccenc3", "event": "queue_start_process", "filename": "storeclass3_lccenc3_65245590imgwhitewolfjobid37.JPEG", "unix_time": 1620683494.2043896}
INFO:ccdag_utils.py:runtime_stat:{"task_name": "lccenc3", "event": "queue_start_process", "filename": "storeclass3_lccenc3_37816212imgwhitewolfjobid39.JPEG", "unix_time": 1620683494.2047696}
INFO:ccdag_utils.py:runtime_stat:{"task_name": "lccenc3", "event": "queue_start_process", "filename": "storeclass3_lccenc3_67026445imgwhitewolfjobid39.JPEG", "unix_time": 1620683494.2051013}
INFO:circe.py:runtime_stat:{"task_name": "circe", "event": "new_input_file", "filename": "storeclass3_lccenc3_00122398imgwhitewolfjobid39.JPEG", "unix_time": 1620683494.388546}
INFO:ccdag_utils.py:runtime_stat:{"task_name": "lccenc3", "event": "queue_end_process", "filename": "lccenc3_score3a_2#57327425-2#65245590-2#37816212-2#67026445jobid6.csv", "unix_time": 1620683495.3663917}
INFO:circe.py:runtime_stat:{"task_name": "circe", "event": "new_output_file", "filename": "lccenc3_score3a_2#57327425-2#65245590-2#37816212-2#67026445jobid6.csv", "unix_time": 1620683495.3672297}
DEBUG:transfer.py:sshpass -p PASSWORD scp -P 5000 -o StrictHostKeyChecking=no /jupiter/circe_output/lccenc3_score3a_2#57327425-2#65245590-2#37816212-2#67026445jobid6.csv root@10.98.208.5:/jupiter/circe_input/
DEBUG:transfer.py:transfer successful!
INFO:ccdag_utils.py:runtime_stat:{"task_name": "lccenc3", "event": "queue_end_process", "filename": "lccenc3_score3b_2#57327425-2#65245590-2#37816212-2#67026445jobid6.csv", "unix_time": 1620683496.3428426}
INFO:circe.py:runtime_stat:{"task_name": "circe", "event": "new_output_file", "filename": "lccenc3_score3b_2#57327425-2#65245590-2#37816212-2#67026445jobid6.csv", "unix_time": 1620683496.3438048}
DEBUG:transfer.py:sshpass -p PASSWORD scp -P 5000 -o StrictHostKeyChecking=no /jupiter/circe_output/lccenc3_score3b_2#57327425-2#65245590-2#37816212-2#67026445jobid6.csv root@10.100.133.128:/jupiter/circe_input/
DEBUG:transfer.py:transfer successful!
INFO:ccdag_utils.py:runtime_stat:{"task_name": "lccenc3", "event": "queue_end_process", "filename": "lccenc3_score3c_2#57327425-2#65245590-2#37816212-2#67026445jobid6.csv", "unix_time": 1620683497.329306}
INFO:circe.py:runtime_stat:{"task_name": "circe", "event": "new_output_file", "filename": "lccenc3_score3c_2#57327425-2#65245590-2#37816212-2#67026445jobid6.csv", "unix_time": 1620683497.330315}
DEBUG:transfer.py:sshpass -p PASSWORD scp -P 5000 -o StrictHostKeyChecking=no /jupiter/circe_output/lccenc3_score3c_2#57327425-2#65245590-2#37816212-2#67026445jobid6.csv root@10.109.123.155:/jupiter/circe_input/
DEBUG:transfer.py:transfer successful!
INFO:circe.py:runtime_stat:{"task_name": "circe", "event": "new_input_file", "filename": "storeclass3_lccenc3_32634427imgwhitewolfjobid40.JPEG", "unix_time": 1620683517.0598052}
INFO:circe.py:runtime_stat:{"task_name": "circe", "event": "new_input_file", "filename": "storeclass3_lccenc3_62621402imgwhitewolfjobid40.JPEG", "unix_time": 1620683517.2757008}
INFO:ccdag_utils.py:runtime_stat:{"task_name": "lccenc3", "event": "queue_start_process", "filename": "storeclass3_lccenc3_02252812imgwhitewolfjobid39.JPEG", "unix_time": 1620683517.3540246}
INFO:ccdag_utils.py:runtime_stat:{"task_name": "lccenc3", "event": "queue_start_process", "filename": "storeclass3_lccenc3_00122398imgwhitewolfjobid39.JPEG", "unix_time": 1620683517.3544405}
INFO:ccdag_utils.py:runtime_stat:{"task_name": "lccenc3", "event": "queue_start_process", "filename": "storeclass3_lccenc3_32634427imgwhitewolfjobid40.JPEG", "unix_time": 1620683517.3546486}
INFO:ccdag_utils.py:runtime_stat:{"task_name": "lccenc3", "event": "queue_start_process", "filename": "storeclass3_lccenc3_62621402imgwhitewolfjobid40.JPEG", "unix_time": 1620683517.3548143}
INFO:circe.py:runtime_stat:{"task_name": "circe", "event": "new_input_file", "filename": "storeclass3_lccenc3_24088001imgwhitewolfjobid40.JPEG", "unix_time": 1620683517.5054762}
INFO:circe.py:runtime_stat:{"task_name": "circe", "event": "new_input_file", "filename": "storeclass3_lccenc3_37707527imgwhitewolfjobid40.JPEG", "unix_time": 1620683518.5002096}
INFO:circe.py:runtime_stat:{"task_name": "circe", "event": "new_input_file", "filename": "storeclass3_lccenc3_26294951imgwhitewolfjobid40.JPEG", "unix_time": 1620683518.500899}
INFO:ccdag_utils.py:runtime_stat:{"task_name": "lccenc3", "event": "queue_end_process", "filename": "lccenc3_score3a_2#02252812-2#00122398-2#32634427-2#62621402jobid7.csv", "unix_time": 1620683518.5095444}
INFO:circe.py:runtime_stat:{"task_name": "circe", "event": "new_output_file", "filename": "lccenc3_score3a_2#02252812-2#00122398-2#32634427-2#62621402jobid7.csv", "unix_time": 1620683518.5106695}
DEBUG:transfer.py:sshpass -p PASSWORD scp -P 5000 -o StrictHostKeyChecking=no /jupiter/circe_output/lccenc3_score3a_2#02252812-2#00122398-2#32634427-2#62621402jobid7.csv root@10.98.208.5:/jupiter/circe_input/
DEBUG:transfer.py:transfer successful!
INFO:ccdag_utils.py:runtime_stat:{"task_name": "lccenc3", "event": "queue_end_process", "filename": "lccenc3_score3b_2#02252812-2#00122398-2#32634427-2#62621402jobid7.csv", "unix_time": 1620683519.5664153}
INFO:circe.py:runtime_stat:{"task_name": "circe", "event": "new_output_file", "filename": "lccenc3_score3b_2#02252812-2#00122398-2#32634427-2#62621402jobid7.csv", "unix_time": 1620683519.5673592}
DEBUG:transfer.py:sshpass -p PASSWORD scp -P 5000 -o StrictHostKeyChecking=no /jupiter/circe_output/lccenc3_score3b_2#02252812-2#00122398-2#32634427-2#62621402jobid7.csv root@10.100.133.128:/jupiter/circe_input/
DEBUG:transfer.py:transfer successful!
INFO:circe.py:runtime_stat:{"task_name": "circe", "event": "new_output_file", "filename": "lccenc3_score3c_2#02252812-2#00122398-2#32634427-2#62621402jobid7.csv", "unix_time": 1620683520.6123264}
DEBUG:transfer.py:sshpass -p PASSWORD scp -P 5000 -o StrictHostKeyChecking=no /jupiter/circe_output/lccenc3_score3c_2#02252812-2#00122398-2#32634427-2#62621402jobid7.csv root@10.109.123.155:/jupiter/circe_input/
INFO:ccdag_utils.py:runtime_stat:{"task_name": "lccenc3", "event": "queue_end_process", "filename": "lccenc3_score3c_2#02252812-2#00122398-2#32634427-2#62621402jobid7.csv", "unix_time": 1620683520.617567}
DEBUG:transfer.py:transfer successful!
INFO:circe.py:runtime_stat:{"task_name": "circe", "event": "new_input_file", "filename": "storeclass3_lccenc3_33580484imgwhitewolfjobid41.JPEG", "unix_time": 1620683545.171389}
INFO:circe.py:runtime_stat:{"task_name": "circe", "event": "new_input_file", "filename": "storeclass3_lccenc3_36510429imgwhitewolfjobid41.JPEG", "unix_time": 1620683545.432702}
INFO:circe.py:runtime_stat:{"task_name": "circe", "event": "new_input_file", "filename": "storeclass3_lccenc3_69374321imgwhitewolfjobid41.JPEG", "unix_time": 1620683545.6416178}
INFO:ccdag_utils.py:runtime_stat:{"task_name": "lccenc3", "event": "queue_start_process", "filename": "storeclass3_lccenc3_24088001imgwhitewolfjobid40.JPEG", "unix_time": 1620683545.6437755}
INFO:ccdag_utils.py:runtime_stat:{"task_name": "lccenc3", "event": "queue_start_process", "filename": "storeclass3_lccenc3_37707527imgwhitewolfjobid40.JPEG", "unix_time": 1620683545.6453822}
INFO:ccdag_utils.py:runtime_stat:{"task_name": "lccenc3", "event": "queue_start_process", "filename": "storeclass3_lccenc3_26294951imgwhitewolfjobid40.JPEG", "unix_time": 1620683545.6461277}
INFO:ccdag_utils.py:runtime_stat:{"task_name": "lccenc3", "event": "queue_start_process", "filename": "storeclass3_lccenc3_33580484imgwhitewolfjobid41.JPEG", "unix_time": 1620683545.6467488}
INFO:circe.py:runtime_stat:{"task_name": "circe", "event": "new_input_file", "filename": "storeclass3_lccenc3_79125190imgwhitewolfjobid41.JPEG", "unix_time": 1620683546.4318967}
INFO:circe.py:runtime_stat:{"task_name": "circe", "event": "new_input_file", "filename": "storeclass3_lccenc3_78443961imgwhitewolfjobid41.JPEG", "unix_time": 1620683546.4324818}
INFO:circe.py:runtime_stat:{"task_name": "circe", "event": "new_input_file", "filename": "storeclass3_lccenc3_33958663imgwhitewolfjobid41.JPEG", "unix_time": 1620683546.923608}
INFO:circe.py:runtime_stat:{"task_name": "circe", "event": "new_input_file", "filename": "storeclass3_lccenc3_85187926imgwhitewolfjobid41.JPEG", "unix_time": 1620683546.9243016}
INFO:ccdag_utils.py:runtime_stat:{"task_name": "lccenc3", "event": "queue_end_process", "filename": "lccenc3_score3a_2#24088001-2#37707527-2#26294951-2#33580484jobid8.csv", "unix_time": 1620683546.9436104}
INFO:circe.py:runtime_stat:{"task_name": "circe", "event": "new_output_file", "filename": "lccenc3_score3a_2#24088001-2#37707527-2#26294951-2#33580484jobid8.csv", "unix_time": 1620683546.9449198}
DEBUG:transfer.py:sshpass -p PASSWORD scp -P 5000 -o StrictHostKeyChecking=no /jupiter/circe_output/lccenc3_score3a_2#24088001-2#37707527-2#26294951-2#33580484jobid8.csv root@10.98.208.5:/jupiter/circe_input/
INFO:circe.py:runtime_stat:{"task_name": "circe", "event": "new_input_file", "filename": "storeclass3_lccenc3_24016653imgwhitewolfjobid41.JPEG", "unix_time": 1620683547.5914867}
INFO:circe.py:runtime_stat:{"task_name": "circe", "event": "new_input_file", "filename": "storeclass3_lccenc3_21478449imgwhitewolfjobid41.JPEG", "unix_time": 1620683547.5969284}
DEBUG:transfer.py:transfer successful!
INFO:circe.py:runtime_stat:{"task_name": "circe", "event": "new_output_file", "filename": "lccenc3_score3b_2#24088001-2#37707527-2#26294951-2#33580484jobid8.csv", "unix_time": 1620683548.1618767}
DEBUG:transfer.py:sshpass -p PASSWORD scp -P 5000 -o StrictHostKeyChecking=no /jupiter/circe_output/lccenc3_score3b_2#24088001-2#37707527-2#26294951-2#33580484jobid8.csv root@10.100.133.128:/jupiter/circe_input/
INFO:ccdag_utils.py:runtime_stat:{"task_name": "lccenc3", "event": "queue_end_process", "filename": "lccenc3_score3b_2#24088001-2#37707527-2#26294951-2#33580484jobid8.csv", "unix_time": 1620683548.1669083}
DEBUG:transfer.py:transfer successful!
INFO:ccdag_utils.py:runtime_stat:{"task_name": "lccenc3", "event": "queue_end_process", "filename": "lccenc3_score3c_2#24088001-2#37707527-2#26294951-2#33580484jobid8.csv", "unix_time": 1620683549.4125957}
INFO:ccdag_utils.py:runtime_stat:{"task_name": "lccenc3", "event": "queue_start_process", "filename": "storeclass3_lccenc3_36510429imgwhitewolfjobid41.JPEG", "unix_time": 1620683549.4133024}
INFO:ccdag_utils.py:runtime_stat:{"task_name": "lccenc3", "event": "queue_start_process", "filename": "storeclass3_lccenc3_69374321imgwhitewolfjobid41.JPEG", "unix_time": 1620683549.4137893}
INFO:ccdag_utils.py:runtime_stat:{"task_name": "lccenc3", "event": "queue_start_process", "filename": "storeclass3_lccenc3_79125190imgwhitewolfjobid41.JPEG", "unix_time": 1620683549.4141138}
INFO:ccdag_utils.py:runtime_stat:{"task_name": "lccenc3", "event": "queue_start_process", "filename": "storeclass3_lccenc3_78443961imgwhitewolfjobid41.JPEG", "unix_time": 1620683549.4144027}
INFO:circe.py:runtime_stat:{"task_name": "circe", "event": "new_output_file", "filename": "lccenc3_score3c_2#24088001-2#37707527-2#26294951-2#33580484jobid8.csv", "unix_time": 1620683549.4294283}
DEBUG:transfer.py:sshpass -p PASSWORD scp -P 5000 -o StrictHostKeyChecking=no /jupiter/circe_output/lccenc3_score3c_2#24088001-2#37707527-2#26294951-2#33580484jobid8.csv root@10.109.123.155:/jupiter/circe_input/
DEBUG:transfer.py:transfer successful!
INFO:ccdag_utils.py:runtime_stat:{"task_name": "lccenc3", "event": "queue_end_process", "filename": "lccenc3_score3a_2#36510429-2#69374321-2#79125190-2#78443961jobid9.csv", "unix_time": 1620683550.7158873}
INFO:circe.py:runtime_stat:{"task_name": "circe", "event": "new_output_file", "filename": "lccenc3_score3a_2#36510429-2#69374321-2#79125190-2#78443961jobid9.csv", "unix_time": 1620683550.7261488}
DEBUG:transfer.py:sshpass -p PASSWORD scp -P 5000 -o StrictHostKeyChecking=no /jupiter/circe_output/lccenc3_score3a_2#36510429-2#69374321-2#79125190-2#78443961jobid9.csv root@10.98.208.5:/jupiter/circe_input/
DEBUG:transfer.py:transfer successful!
INFO:ccdag_utils.py:runtime_stat:{"task_name": "lccenc3", "event": "queue_end_process", "filename": "lccenc3_score3b_2#36510429-2#69374321-2#79125190-2#78443961jobid9.csv", "unix_time": 1620683551.694093}
INFO:circe.py:runtime_stat:{"task_name": "circe", "event": "new_output_file", "filename": "lccenc3_score3b_2#36510429-2#69374321-2#79125190-2#78443961jobid9.csv", "unix_time": 1620683551.6949632}
DEBUG:transfer.py:sshpass -p PASSWORD scp -P 5000 -o StrictHostKeyChecking=no /jupiter/circe_output/lccenc3_score3b_2#36510429-2#69374321-2#79125190-2#78443961jobid9.csv root@10.100.133.128:/jupiter/circe_input/
DEBUG:transfer.py:transfer successful!
INFO:ccdag_utils.py:runtime_stat:{"task_name": "lccenc3", "event": "queue_end_process", "filename": "lccenc3_score3c_2#36510429-2#69374321-2#79125190-2#78443961jobid9.csv", "unix_time": 1620683552.7095654}
INFO:ccdag_utils.py:runtime_stat:{"task_name": "lccenc3", "event": "queue_start_process", "filename": "storeclass3_lccenc3_33958663imgwhitewolfjobid41.JPEG", "unix_time": 1620683552.7100537}
INFO:ccdag_utils.py:runtime_stat:{"task_name": "lccenc3", "event": "queue_start_process", "filename": "storeclass3_lccenc3_85187926imgwhitewolfjobid41.JPEG", "unix_time": 1620683552.7102823}
INFO:ccdag_utils.py:runtime_stat:{"task_name": "lccenc3", "event": "queue_start_process", "filename": "storeclass3_lccenc3_24016653imgwhitewolfjobid41.JPEG", "unix_time": 1620683552.7104676}
INFO:ccdag_utils.py:runtime_stat:{"task_name": "lccenc3", "event": "queue_start_process", "filename": "storeclass3_lccenc3_21478449imgwhitewolfjobid41.JPEG", "unix_time": 1620683552.710651}
INFO:circe.py:runtime_stat:{"task_name": "circe", "event": "new_output_file", "filename": "lccenc3_score3c_2#36510429-2#69374321-2#79125190-2#78443961jobid9.csv", "unix_time": 1620683552.7123365}
DEBUG:transfer.py:sshpass -p PASSWORD scp -P 5000 -o StrictHostKeyChecking=no /jupiter/circe_output/lccenc3_score3c_2#36510429-2#69374321-2#79125190-2#78443961jobid9.csv root@10.109.123.155:/jupiter/circe_input/
DEBUG:transfer.py:transfer successful!
INFO:ccdag_utils.py:runtime_stat:{"task_name": "lccenc3", "event": "queue_end_process", "filename": "lccenc3_score3a_2#33958663-2#85187926-2#24016653-2#21478449jobid10.csv", "unix_time": 1620683553.86959}
INFO:circe.py:runtime_stat:{"task_name": "circe", "event": "new_output_file", "filename": "lccenc3_score3a_2#33958663-2#85187926-2#24016653-2#21478449jobid10.csv", "unix_time": 1620683553.8705761}
DEBUG:transfer.py:sshpass -p PASSWORD scp -P 5000 -o StrictHostKeyChecking=no /jupiter/circe_output/lccenc3_score3a_2#33958663-2#85187926-2#24016653-2#21478449jobid10.csv root@10.98.208.5:/jupiter/circe_input/
DEBUG:transfer.py:transfer successful!
INFO:ccdag_utils.py:runtime_stat:{"task_name": "lccenc3", "event": "queue_end_process", "filename": "lccenc3_score3b_2#33958663-2#85187926-2#24016653-2#21478449jobid10.csv", "unix_time": 1620683554.8691068}
INFO:circe.py:runtime_stat:{"task_name": "circe", "event": "new_output_file", "filename": "lccenc3_score3b_2#33958663-2#85187926-2#24016653-2#21478449jobid10.csv", "unix_time": 1620683554.8700566}
DEBUG:transfer.py:sshpass -p PASSWORD scp -P 5000 -o StrictHostKeyChecking=no /jupiter/circe_output/lccenc3_score3b_2#33958663-2#85187926-2#24016653-2#21478449jobid10.csv root@10.100.133.128:/jupiter/circe_input/
DEBUG:transfer.py:transfer successful!
INFO:ccdag_utils.py:runtime_stat:{"task_name": "lccenc3", "event": "queue_end_process", "filename": "lccenc3_score3c_2#33958663-2#85187926-2#24016653-2#21478449jobid10.csv", "unix_time": 1620683555.8509393}
INFO:circe.py:runtime_stat:{"task_name": "circe", "event": "new_output_file", "filename": "lccenc3_score3c_2#33958663-2#85187926-2#24016653-2#21478449jobid10.csv", "unix_time": 1620683555.8520906}
DEBUG:transfer.py:sshpass -p PASSWORD scp -P 5000 -o StrictHostKeyChecking=no /jupiter/circe_output/lccenc3_score3c_2#33958663-2#85187926-2#24016653-2#21478449jobid10.csv root@10.109.123.155:/jupiter/circe_input/
DEBUG:transfer.py:transfer successful!
