 * Starting OpenBSD Secure Shell server sshd
   ...done.
INFO:circe.py:Using base script score.py
DEBUG:circe.py:starting the input monitoring process
DEBUG:circe.py:starting the output monitoring process
INFO:circe.py:runtime_stat:{"task_name": "circe", "event": "new_input_file", "filename": "lccenc4_score4c_3#41759388-3#14262243-3#27479257-3#89170314jobid1.csv", "unix_time": 1620686885.7001336}
INFO:ccdag_utils.py:runtime_stat:{"task_name": "score4c", "event": "queue_start_process", "filename": "lccenc4_score4c_3#41759388-3#14262243-3#27479257-3#89170314jobid1.csv", "unix_time": 1620686885.8137732}
['tiger21.JPEG', 'tiger22.JPEG', 'tiger23.JPEG', 'tiger24.JPEG', 'tiger25.JPEG', 'tiger26.JPEG', 'tiger27.JPEG', 'tiger28.JPEG', 'tiger29.JPEG', 'tiger30.JPEG']
INFO:circe.py:runtime_stat:{"task_name": "circe", "event": "new_output_file", "filename": "score4c_preagg4_1jobth3#41759388-3#14262243-3#27479257-3#89170314", "unix_time": 1620686887.6084044}
DEBUG:transfer.py:sshpass -p PASSWORD scp -P 5000 -o StrictHostKeyChecking=no /jupiter/circe_output/score4c_preagg4_1jobth3#41759388-3#14262243-3#27479257-3#89170314 root@10.99.87.202:/jupiter/circe_input/
INFO:ccdag_utils.py:runtime_stat:{"task_name": "score4c", "event": "queue_end_process", "filename": "score4c_preagg4_1jobth3#41759388-3#14262243-3#27479257-3#89170314", "unix_time": 1620686887.616917}
Warning: Permanently added '[10.99.87.202]:5000' (ECDSA) to the list of known hosts.
DEBUG:transfer.py:transfer successful!
INFO:circe.py:runtime_stat:{"task_name": "circe", "event": "new_input_file", "filename": "lccenc4_score4c_3#82864800-3#61478526-3#32181634-3#67024223jobid2.csv", "unix_time": 1620686896.8488536}
INFO:ccdag_utils.py:runtime_stat:{"task_name": "score4c", "event": "queue_start_process", "filename": "lccenc4_score4c_3#82864800-3#61478526-3#32181634-3#67024223jobid2.csv", "unix_time": 1620686897.631499}
['tiger21.JPEG', 'tiger22.JPEG', 'tiger23.JPEG', 'tiger24.JPEG', 'tiger25.JPEG', 'tiger26.JPEG', 'tiger27.JPEG', 'tiger28.JPEG', 'tiger29.JPEG', 'tiger30.JPEG']
INFO:ccdag_utils.py:runtime_stat:{"task_name": "score4c", "event": "queue_end_process", "filename": "score4c_preagg4_2jobth3#82864800-3#61478526-3#32181634-3#67024223", "unix_time": 1620686899.1194215}
INFO:circe.py:runtime_stat:{"task_name": "circe", "event": "new_output_file", "filename": "score4c_preagg4_2jobth3#82864800-3#61478526-3#32181634-3#67024223", "unix_time": 1620686899.1260238}
DEBUG:transfer.py:sshpass -p PASSWORD scp -P 5000 -o StrictHostKeyChecking=no /jupiter/circe_output/score4c_preagg4_2jobth3#82864800-3#61478526-3#32181634-3#67024223 root@10.99.87.202:/jupiter/circe_input/
DEBUG:transfer.py:transfer successful!
INFO:circe.py:runtime_stat:{"task_name": "circe", "event": "new_input_file", "filename": "lccenc4_score4c_3#84183619-3#85576259-3#08899074-3#55208304jobid3.csv", "unix_time": 1620686900.0470355}
INFO:ccdag_utils.py:runtime_stat:{"task_name": "score4c", "event": "queue_start_process", "filename": "lccenc4_score4c_3#84183619-3#85576259-3#08899074-3#55208304jobid3.csv", "unix_time": 1620686900.1206617}
['tiger21.JPEG', 'tiger22.JPEG', 'tiger23.JPEG', 'tiger24.JPEG', 'tiger25.JPEG', 'tiger26.JPEG', 'tiger27.JPEG', 'tiger28.JPEG', 'tiger29.JPEG', 'tiger30.JPEG']
INFO:circe.py:runtime_stat:{"task_name": "circe", "event": "new_output_file", "filename": "score4c_preagg4_3jobth3#84183619-3#85576259-3#08899074-3#55208304", "unix_time": 1620686901.6277688}
DEBUG:transfer.py:sshpass -p PASSWORD scp -P 5000 -o StrictHostKeyChecking=no /jupiter/circe_output/score4c_preagg4_3jobth3#84183619-3#85576259-3#08899074-3#55208304 root@10.99.87.202:/jupiter/circe_input/
INFO:ccdag_utils.py:runtime_stat:{"task_name": "score4c", "event": "queue_end_process", "filename": "score4c_preagg4_3jobth3#84183619-3#85576259-3#08899074-3#55208304", "unix_time": 1620686901.6341126}
DEBUG:transfer.py:transfer successful!
INFO:circe.py:runtime_stat:{"task_name": "circe", "event": "new_input_file", "filename": "lccenc4_score4c_3#97857475-3#86566656-3#69985436-3#15799341jobid4.csv", "unix_time": 1620686907.247513}
INFO:ccdag_utils.py:runtime_stat:{"task_name": "score4c", "event": "queue_start_process", "filename": "lccenc4_score4c_3#97857475-3#86566656-3#69985436-3#15799341jobid4.csv", "unix_time": 1620686907.642814}
['tiger21.JPEG', 'tiger22.JPEG', 'tiger23.JPEG', 'tiger24.JPEG', 'tiger25.JPEG', 'tiger26.JPEG', 'tiger27.JPEG', 'tiger28.JPEG', 'tiger29.JPEG', 'tiger30.JPEG']
INFO:circe.py:runtime_stat:{"task_name": "circe", "event": "new_output_file", "filename": "score4c_preagg4_4jobth3#97857475-3#86566656-3#69985436-3#15799341", "unix_time": 1620686909.1998096}
DEBUG:transfer.py:sshpass -p PASSWORD scp -P 5000 -o StrictHostKeyChecking=no /jupiter/circe_output/score4c_preagg4_4jobth3#97857475-3#86566656-3#69985436-3#15799341 root@10.99.87.202:/jupiter/circe_input/
INFO:ccdag_utils.py:runtime_stat:{"task_name": "score4c", "event": "queue_end_process", "filename": "score4c_preagg4_4jobth3#97857475-3#86566656-3#69985436-3#15799341", "unix_time": 1620686909.2149665}
DEBUG:transfer.py:transfer successful!
INFO:circe.py:runtime_stat:{"task_name": "circe", "event": "new_input_file", "filename": "lccenc4_score4c_3#47504960-3#79161244-3#33524835-3#44799478jobid5.csv", "unix_time": 1620686918.4120781}
INFO:ccdag_utils.py:runtime_stat:{"task_name": "score4c", "event": "queue_start_process", "filename": "lccenc4_score4c_3#47504960-3#79161244-3#33524835-3#44799478jobid5.csv", "unix_time": 1620686919.2268596}
['tiger21.JPEG', 'tiger22.JPEG', 'tiger23.JPEG', 'tiger24.JPEG', 'tiger25.JPEG', 'tiger26.JPEG', 'tiger27.JPEG', 'tiger28.JPEG', 'tiger29.JPEG', 'tiger30.JPEG']
INFO:circe.py:runtime_stat:{"task_name": "circe", "event": "new_output_file", "filename": "score4c_preagg4_5jobth3#47504960-3#79161244-3#33524835-3#44799478", "unix_time": 1620686920.7211573}
DEBUG:transfer.py:sshpass -p PASSWORD scp -P 5000 -o StrictHostKeyChecking=no /jupiter/circe_output/score4c_preagg4_5jobth3#47504960-3#79161244-3#33524835-3#44799478 root@10.99.87.202:/jupiter/circe_input/
INFO:ccdag_utils.py:runtime_stat:{"task_name": "score4c", "event": "queue_end_process", "filename": "score4c_preagg4_5jobth3#47504960-3#79161244-3#33524835-3#44799478", "unix_time": 1620686920.727225}
DEBUG:transfer.py:transfer successful!
INFO:circe.py:runtime_stat:{"task_name": "circe", "event": "new_input_file", "filename": "lccenc4_score4c_3#53922626-3#93116657-3#97920196-3#47669822jobid6.csv", "unix_time": 1620686921.600947}
INFO:ccdag_utils.py:runtime_stat:{"task_name": "score4c", "event": "queue_start_process", "filename": "lccenc4_score4c_3#53922626-3#93116657-3#97920196-3#47669822jobid6.csv", "unix_time": 1620686921.730425}
['tiger21.JPEG', 'tiger22.JPEG', 'tiger23.JPEG', 'tiger24.JPEG', 'tiger25.JPEG', 'tiger26.JPEG', 'tiger27.JPEG', 'tiger28.JPEG', 'tiger29.JPEG', 'tiger30.JPEG']
INFO:circe.py:runtime_stat:{"task_name": "circe", "event": "new_output_file", "filename": "score4c_preagg4_6jobth3#53922626-3#93116657-3#97920196-3#47669822", "unix_time": 1620686923.2329473}
DEBUG:transfer.py:sshpass -p PASSWORD scp -P 5000 -o StrictHostKeyChecking=no /jupiter/circe_output/score4c_preagg4_6jobth3#53922626-3#93116657-3#97920196-3#47669822 root@10.99.87.202:/jupiter/circe_input/
INFO:ccdag_utils.py:runtime_stat:{"task_name": "score4c", "event": "queue_end_process", "filename": "score4c_preagg4_6jobth3#53922626-3#93116657-3#97920196-3#47669822", "unix_time": 1620686923.242659}
DEBUG:transfer.py:transfer successful!
INFO:circe.py:runtime_stat:{"task_name": "circe", "event": "new_input_file", "filename": "lccenc4_score4c_3#64003545-3#05296896-3#78303967-3#31794410jobid7.csv", "unix_time": 1620686924.759857}
INFO:ccdag_utils.py:runtime_stat:{"task_name": "score4c", "event": "queue_start_process", "filename": "lccenc4_score4c_3#64003545-3#05296896-3#78303967-3#31794410jobid7.csv", "unix_time": 1620686925.2462318}
['tiger21.JPEG', 'tiger22.JPEG', 'tiger23.JPEG', 'tiger24.JPEG', 'tiger25.JPEG', 'tiger26.JPEG', 'tiger27.JPEG', 'tiger28.JPEG', 'tiger29.JPEG', 'tiger30.JPEG']
INFO:circe.py:runtime_stat:{"task_name": "circe", "event": "new_output_file", "filename": "score4c_preagg4_7jobth3#64003545-3#05296896-3#78303967-3#31794410", "unix_time": 1620686926.7550943}
DEBUG:transfer.py:sshpass -p PASSWORD scp -P 5000 -o StrictHostKeyChecking=no /jupiter/circe_output/score4c_preagg4_7jobth3#64003545-3#05296896-3#78303967-3#31794410 root@10.99.87.202:/jupiter/circe_input/
INFO:ccdag_utils.py:runtime_stat:{"task_name": "score4c", "event": "queue_end_process", "filename": "score4c_preagg4_7jobth3#64003545-3#05296896-3#78303967-3#31794410", "unix_time": 1620686926.7613459}
DEBUG:transfer.py:transfer successful!
INFO:circe.py:runtime_stat:{"task_name": "circe", "event": "new_input_file", "filename": "lccenc4_score4c_3#40260016-3#01865397-3#36954823-3#33833268jobid8.csv", "unix_time": 1620686930.8622563}
INFO:ccdag_utils.py:runtime_stat:{"task_name": "score4c", "event": "queue_start_process", "filename": "lccenc4_score4c_3#40260016-3#01865397-3#36954823-3#33833268jobid8.csv", "unix_time": 1620686931.7685924}
['tiger21.JPEG', 'tiger22.JPEG', 'tiger23.JPEG', 'tiger24.JPEG', 'tiger25.JPEG', 'tiger26.JPEG', 'tiger27.JPEG', 'tiger28.JPEG', 'tiger29.JPEG', 'tiger30.JPEG']
INFO:circe.py:runtime_stat:{"task_name": "circe", "event": "new_output_file", "filename": "score4c_preagg4_8jobth3#40260016-3#01865397-3#36954823-3#33833268", "unix_time": 1620686933.2585664}
DEBUG:transfer.py:sshpass -p PASSWORD scp -P 5000 -o StrictHostKeyChecking=no /jupiter/circe_output/score4c_preagg4_8jobth3#40260016-3#01865397-3#36954823-3#33833268 root@10.99.87.202:/jupiter/circe_input/
INFO:ccdag_utils.py:runtime_stat:{"task_name": "score4c", "event": "queue_end_process", "filename": "score4c_preagg4_8jobth3#40260016-3#01865397-3#36954823-3#33833268", "unix_time": 1620686933.2596097}
DEBUG:transfer.py:transfer successful!
INFO:circe.py:runtime_stat:{"task_name": "circe", "event": "new_input_file", "filename": "lccenc4_score4c_3#48844014-3#50141169-3#95368740-3#50417657jobid9.csv", "unix_time": 1620686933.9993885}
INFO:ccdag_utils.py:runtime_stat:{"task_name": "score4c", "event": "queue_start_process", "filename": "lccenc4_score4c_3#48844014-3#50141169-3#95368740-3#50417657jobid9.csv", "unix_time": 1620686934.2672985}
['tiger21.JPEG', 'tiger22.JPEG', 'tiger23.JPEG', 'tiger24.JPEG', 'tiger25.JPEG', 'tiger26.JPEG', 'tiger27.JPEG', 'tiger28.JPEG', 'tiger29.JPEG', 'tiger30.JPEG']
INFO:circe.py:runtime_stat:{"task_name": "circe", "event": "new_output_file", "filename": "score4c_preagg4_9jobth3#48844014-3#50141169-3#95368740-3#50417657", "unix_time": 1620686935.7554731}
DEBUG:transfer.py:sshpass -p PASSWORD scp -P 5000 -o StrictHostKeyChecking=no /jupiter/circe_output/score4c_preagg4_9jobth3#48844014-3#50141169-3#95368740-3#50417657 root@10.99.87.202:/jupiter/circe_input/
INFO:ccdag_utils.py:runtime_stat:{"task_name": "score4c", "event": "queue_end_process", "filename": "score4c_preagg4_9jobth3#48844014-3#50141169-3#95368740-3#50417657", "unix_time": 1620686935.7617757}
DEBUG:transfer.py:transfer successful!
