 * Starting OpenBSD Secure Shell server sshd
   ...done.
INFO:circe.py:Using base script score.py
DEBUG:circe.py:starting the input monitoring process
DEBUG:circe.py:starting the output monitoring process
INFO:circe.py:runtime_stat:{"task_name": "circe", "event": "new_input_file", "filename": "lccenc8_score8c_7#83896340-7#29144704-7#77522467-7#49676251jobid1.csv", "unix_time": 1620683174.978364}
INFO:ccdag_utils.py:runtime_stat:{"task_name": "score8c", "event": "queue_start_process", "filename": "lccenc8_score8c_7#83896340-7#29144704-7#77522467-7#49676251jobid1.csv", "unix_time": 1620683175.101032}
['mongoose21.JPEG', 'mongoose22.JPEG', 'mongoose23.JPEG', 'mongoose24.JPEG', 'mongoose25.JPEG', 'mongoose26.JPEG', 'mongoose27.JPEG', 'mongoose28.JPEG', 'mongoose29.JPEG', 'mongoose30.JPEG']
INFO:circe.py:runtime_stat:{"task_name": "circe", "event": "new_output_file", "filename": "score8c_preagg8_1jobth7#83896340-7#29144704-7#77522467-7#49676251", "unix_time": 1620683177.0879676}
DEBUG:transfer.py:sshpass -p PASSWORD scp -P 5000 -o StrictHostKeyChecking=no /jupiter/circe_output/score8c_preagg8_1jobth7#83896340-7#29144704-7#77522467-7#49676251 root@10.106.63.80:/jupiter/circe_input/
INFO:ccdag_utils.py:runtime_stat:{"task_name": "score8c", "event": "queue_end_process", "filename": "score8c_preagg8_1jobth7#83896340-7#29144704-7#77522467-7#49676251", "unix_time": 1620683177.0956206}
Warning: Permanently added '[10.106.63.80]:5000' (ECDSA) to the list of known hosts.
DEBUG:transfer.py:transfer successful!
INFO:circe.py:runtime_stat:{"task_name": "circe", "event": "new_input_file", "filename": "lccenc8_score8c_7#14120433-7#32394782-7#13701014-7#37767765jobid2.csv", "unix_time": 1620683184.1911128}
INFO:ccdag_utils.py:runtime_stat:{"task_name": "score8c", "event": "queue_start_process", "filename": "lccenc8_score8c_7#14120433-7#32394782-7#13701014-7#37767765jobid2.csv", "unix_time": 1620683185.1062157}
['mongoose21.JPEG', 'mongoose22.JPEG', 'mongoose23.JPEG', 'mongoose24.JPEG', 'mongoose25.JPEG', 'mongoose26.JPEG', 'mongoose27.JPEG', 'mongoose28.JPEG', 'mongoose29.JPEG', 'mongoose30.JPEG']
INFO:circe.py:runtime_stat:{"task_name": "circe", "event": "new_output_file", "filename": "score8c_preagg8_2jobth7#14120433-7#32394782-7#13701014-7#37767765", "unix_time": 1620683186.633522}
DEBUG:transfer.py:sshpass -p PASSWORD scp -P 5000 -o StrictHostKeyChecking=no /jupiter/circe_output/score8c_preagg8_2jobth7#14120433-7#32394782-7#13701014-7#37767765 root@10.106.63.80:/jupiter/circe_input/
INFO:ccdag_utils.py:runtime_stat:{"task_name": "score8c", "event": "queue_end_process", "filename": "score8c_preagg8_2jobth7#14120433-7#32394782-7#13701014-7#37767765", "unix_time": 1620683186.6456797}
DEBUG:transfer.py:transfer successful!
INFO:circe.py:runtime_stat:{"task_name": "circe", "event": "new_input_file", "filename": "lccenc8_score8c_7#70960821-7#20567090-7#77419537-7#20593399jobid3.csv", "unix_time": 1620683251.3733327}
INFO:ccdag_utils.py:runtime_stat:{"task_name": "score8c", "event": "queue_start_process", "filename": "lccenc8_score8c_7#70960821-7#20567090-7#77419537-7#20593399jobid3.csv", "unix_time": 1620683251.7142086}
['mongoose21.JPEG', 'mongoose22.JPEG', 'mongoose23.JPEG', 'mongoose24.JPEG', 'mongoose25.JPEG', 'mongoose26.JPEG', 'mongoose27.JPEG', 'mongoose28.JPEG', 'mongoose29.JPEG', 'mongoose30.JPEG']
INFO:circe.py:runtime_stat:{"task_name": "circe", "event": "new_output_file", "filename": "score8c_preagg8_3jobth7#70960821-7#20567090-7#77419537-7#20593399", "unix_time": 1620683253.175492}
DEBUG:transfer.py:sshpass -p PASSWORD scp -P 5000 -o StrictHostKeyChecking=no /jupiter/circe_output/score8c_preagg8_3jobth7#70960821-7#20567090-7#77419537-7#20593399 root@10.106.63.80:/jupiter/circe_input/
INFO:ccdag_utils.py:runtime_stat:{"task_name": "score8c", "event": "queue_end_process", "filename": "score8c_preagg8_3jobth7#70960821-7#20567090-7#77419537-7#20593399", "unix_time": 1620683253.1758137}
DEBUG:transfer.py:transfer successful!
INFO:circe.py:runtime_stat:{"task_name": "circe", "event": "new_input_file", "filename": "lccenc8_score8c_7#99922248-7#87262016-7#53576739-7#96683183jobid4.csv", "unix_time": 1620683272.5024931}
INFO:ccdag_utils.py:runtime_stat:{"task_name": "score8c", "event": "queue_start_process", "filename": "lccenc8_score8c_7#99922248-7#87262016-7#53576739-7#96683183jobid4.csv", "unix_time": 1620683273.2039845}
['mongoose21.JPEG', 'mongoose22.JPEG', 'mongoose23.JPEG', 'mongoose24.JPEG', 'mongoose25.JPEG', 'mongoose26.JPEG', 'mongoose27.JPEG', 'mongoose28.JPEG', 'mongoose29.JPEG', 'mongoose30.JPEG']
INFO:circe.py:runtime_stat:{"task_name": "circe", "event": "new_output_file", "filename": "score8c_preagg8_4jobth7#99922248-7#87262016-7#53576739-7#96683183", "unix_time": 1620683274.7175474}
DEBUG:transfer.py:sshpass -p PASSWORD scp -P 5000 -o StrictHostKeyChecking=no /jupiter/circe_output/score8c_preagg8_4jobth7#99922248-7#87262016-7#53576739-7#96683183 root@10.106.63.80:/jupiter/circe_input/
INFO:ccdag_utils.py:runtime_stat:{"task_name": "score8c", "event": "queue_end_process", "filename": "score8c_preagg8_4jobth7#99922248-7#87262016-7#53576739-7#96683183", "unix_time": 1620683274.724382}
DEBUG:transfer.py:transfer successful!
INFO:circe.py:runtime_stat:{"task_name": "circe", "event": "new_input_file", "filename": "lccenc8_score8c_7#21022509-7#43317555-7#04382468-7#18265540jobid5.csv", "unix_time": 1620683306.8004253}
INFO:ccdag_utils.py:runtime_stat:{"task_name": "score8c", "event": "queue_start_process", "filename": "lccenc8_score8c_7#21022509-7#43317555-7#04382468-7#18265540jobid5.csv", "unix_time": 1620683307.760899}
['mongoose21.JPEG', 'mongoose22.JPEG', 'mongoose23.JPEG', 'mongoose24.JPEG', 'mongoose25.JPEG', 'mongoose26.JPEG', 'mongoose27.JPEG', 'mongoose28.JPEG', 'mongoose29.JPEG', 'mongoose30.JPEG']
INFO:circe.py:runtime_stat:{"task_name": "circe", "event": "new_output_file", "filename": "score8c_preagg8_5jobth7#21022509-7#43317555-7#04382468-7#18265540", "unix_time": 1620683309.3052025}
DEBUG:transfer.py:sshpass -p PASSWORD scp -P 5000 -o StrictHostKeyChecking=no /jupiter/circe_output/score8c_preagg8_5jobth7#21022509-7#43317555-7#04382468-7#18265540 root@10.106.63.80:/jupiter/circe_input/
INFO:ccdag_utils.py:runtime_stat:{"task_name": "score8c", "event": "queue_end_process", "filename": "score8c_preagg8_5jobth7#21022509-7#43317555-7#04382468-7#18265540", "unix_time": 1620683309.311618}
DEBUG:transfer.py:transfer successful!
