 * Starting OpenBSD Secure Shell server sshd
   ...done.
INFO:circe.py:Using base script preagg.py
DEBUG:circe.py:starting the input monitoring process
DEBUG:circe.py:starting the output monitoring process
5
INFO:circe.py:runtime_stat:{"task_name": "circe", "event": "new_input_file", "filename": "score5b_preagg5_1jobth4#39832184-4#50989397-4#13262322-4#08539127", "unix_time": 1620686594.9001138}
INFO:ccdag_utils.py:runtime_stat:{"task_name": "preagg5", "event": "queue_start_process", "filename": "score5b_preagg5_1jobth4#39832184-4#50989397-4#13262322-4#08539127", "unix_time": 1620686595.4194179}
INFO:circe.py:runtime_stat:{"task_name": "circe", "event": "new_input_file", "filename": "score5c_preagg5_1jobth4#39832184-4#50989397-4#13262322-4#08539127", "unix_time": 1620686595.782399}
INFO:ccdag_utils.py:runtime_stat:{"task_name": "preagg5", "event": "queue_start_process", "filename": "score5c_preagg5_1jobth4#39832184-4#50989397-4#13262322-4#08539127", "unix_time": 1620686596.4909418}
preagg5_lccdec5_1jobthscore5a4#39832184-4#50989397-4#13262322-4#08539127
INFO:circe.py:runtime_stat:{"task_name": "circe", "event": "new_output_file", "filename": "preagg5_lccdec5_1jobthscore5a4#39832184-4#50989397-4#13262322-4#08539127", "unix_time": 1620686596.560013}
DEBUG:transfer.py:sshpass -p PASSWORD scp -P 5000 -o StrictHostKeyChecking=no /jupiter/circe_output/preagg5_lccdec5_1jobthscore5a4#39832184-4#50989397-4#13262322-4#08539127 root@10.101.108.248:/jupiter/circe_input/
INFO:ccdag_utils.py:runtime_stat:{"task_name": "preagg5", "event": "queue_end_process", "filename": "preagg5_lccdec5_1jobthscore5a4#39832184-4#50989397-4#13262322-4#08539127", "unix_time": 1620686596.566418}
preagg5_lccdec5_1jobthscore5b4#39832184-4#50989397-4#13262322-4#08539127
INFO:ccdag_utils.py:runtime_stat:{"task_name": "preagg5", "event": "queue_end_process", "filename": "preagg5_lccdec5_1jobthscore5b4#39832184-4#50989397-4#13262322-4#08539127", "unix_time": 1620686596.57246}
Warning: Permanently added '[10.101.108.248]:5000' (ECDSA) to the list of known hosts.
DEBUG:transfer.py:transfer successful!
INFO:circe.py:runtime_stat:{"task_name": "circe", "event": "new_output_file", "filename": "preagg5_lccdec5_1jobthscore5b4#39832184-4#50989397-4#13262322-4#08539127", "unix_time": 1620686596.806902}
DEBUG:transfer.py:sshpass -p PASSWORD scp -P 5000 -o StrictHostKeyChecking=no /jupiter/circe_output/preagg5_lccdec5_1jobthscore5b4#39832184-4#50989397-4#13262322-4#08539127 root@10.101.108.248:/jupiter/circe_input/
DEBUG:transfer.py:transfer successful!
INFO:circe.py:runtime_stat:{"task_name": "circe", "event": "new_input_file", "filename": "score5a_preagg5_1jobth4#39832184-4#50989397-4#13262322-4#08539127", "unix_time": 1620686603.9808195}
INFO:ccdag_utils.py:runtime_stat:{"task_name": "preagg5", "event": "queue_start_process", "filename": "score5a_preagg5_1jobth4#39832184-4#50989397-4#13262322-4#08539127", "unix_time": 1620686604.5807092}
