 * Starting OpenBSD Secure Shell server sshd
   ...done.
INFO:circe.py:Using base script score.py
DEBUG:circe.py:starting the input monitoring process
DEBUG:circe.py:starting the output monitoring process
INFO:circe.py:runtime_stat:{"task_name": "circe", "event": "new_input_file", "filename": "lccenc7_score7a_6#58270697-6#11039780-6#87954058-6#08768797-6#76832509-6#64347803jobid1.csv", "unix_time": 1620672279.408435}
INFO:ccdag_utils.py:runtime_stat:{"task_name": "score7a", "event": "queue_start_process", "filename": "lccenc7_score7a_6#58270697-6#11039780-6#87954058-6#08768797-6#76832509-6#64347803jobid1.csv", "unix_time": 1620672279.9869025}
['leopard21.JPEG', 'leopard22.JPEG', 'leopard23.JPEG', 'leopard24.JPEG', 'leopard25.JPEG', 'leopard26.JPEG', 'leopard27.JPEG', 'leopard28.JPEG', 'leopard29.JPEG', 'leopard30.JPEG']
INFO:circe.py:runtime_stat:{"task_name": "circe", "event": "new_output_file", "filename": "score7a_preagg7_1jobth6#58270697-6#11039780-6#87954058-6#08768797-6#76832509-6#64347803", "unix_time": 1620672291.6645396}
DEBUG:transfer.py:sshpass -p PASSWORD scp -P 5000 -o StrictHostKeyChecking=no /jupiter/circe_output/score7a_preagg7_1jobth6#58270697-6#11039780-6#87954058-6#08768797-6#76832509-6#64347803 root@10.108.92.32:/jupiter/circe_input/
INFO:ccdag_utils.py:runtime_stat:{"task_name": "score7a", "event": "queue_end_process", "filename": "score7a_preagg7_1jobth6#58270697-6#11039780-6#87954058-6#08768797-6#76832509-6#64347803", "unix_time": 1620672291.6721263}
Warning: Permanently added '[10.108.92.32]:5000' (ECDSA) to the list of known hosts.
DEBUG:transfer.py:transfer successful!
INFO:circe.py:runtime_stat:{"task_name": "circe", "event": "new_input_file", "filename": "lccenc7_score7a_6#19079027-6#84454990-6#98530903-6#91114390-6#40780303-6#73700456jobid2.csv", "unix_time": 1620672302.6918197}
INFO:ccdag_utils.py:runtime_stat:{"task_name": "score7a", "event": "queue_start_process", "filename": "lccenc7_score7a_6#19079027-6#84454990-6#98530903-6#91114390-6#40780303-6#73700456jobid2.csv", "unix_time": 1620672303.6843948}
['leopard21.JPEG', 'leopard22.JPEG', 'leopard23.JPEG', 'leopard24.JPEG', 'leopard25.JPEG', 'leopard26.JPEG', 'leopard27.JPEG', 'leopard28.JPEG', 'leopard29.JPEG', 'leopard30.JPEG']
INFO:circe.py:runtime_stat:{"task_name": "circe", "event": "new_input_file", "filename": "lccenc7_score7a_6#70398358-6#53557576-6#34531559-6#88870218-6#46523787-6#04097588jobid3.csv", "unix_time": 1620672312.8591883}
INFO:circe.py:runtime_stat:{"task_name": "circe", "event": "new_output_file", "filename": "score7a_preagg7_2jobth6#19079027-6#84454990-6#98530903-6#91114390-6#40780303-6#73700456", "unix_time": 1620672315.167885}
DEBUG:transfer.py:sshpass -p PASSWORD scp -P 5000 -o StrictHostKeyChecking=no /jupiter/circe_output/score7a_preagg7_2jobth6#19079027-6#84454990-6#98530903-6#91114390-6#40780303-6#73700456 root@10.108.92.32:/jupiter/circe_input/
INFO:ccdag_utils.py:runtime_stat:{"task_name": "score7a", "event": "queue_end_process", "filename": "score7a_preagg7_2jobth6#19079027-6#84454990-6#98530903-6#91114390-6#40780303-6#73700456", "unix_time": 1620672315.1754794}
INFO:ccdag_utils.py:runtime_stat:{"task_name": "score7a", "event": "queue_start_process", "filename": "lccenc7_score7a_6#70398358-6#53557576-6#34531559-6#88870218-6#46523787-6#04097588jobid3.csv", "unix_time": 1620672315.1779506}
['leopard21.JPEG', 'leopard22.JPEG', 'leopard23.JPEG', 'leopard24.JPEG', 'leopard25.JPEG', 'leopard26.JPEG', 'leopard27.JPEG', 'leopard28.JPEG', 'leopard29.JPEG', 'leopard30.JPEG']
DEBUG:transfer.py:transfer successful!
INFO:circe.py:runtime_stat:{"task_name": "circe", "event": "new_output_file", "filename": "score7a_preagg7_3jobth6#70398358-6#53557576-6#34531559-6#88870218-6#46523787-6#04097588", "unix_time": 1620672326.6184218}
DEBUG:transfer.py:sshpass -p PASSWORD scp -P 5000 -o StrictHostKeyChecking=no /jupiter/circe_output/score7a_preagg7_3jobth6#70398358-6#53557576-6#34531559-6#88870218-6#46523787-6#04097588 root@10.108.92.32:/jupiter/circe_input/
INFO:ccdag_utils.py:runtime_stat:{"task_name": "score7a", "event": "queue_end_process", "filename": "score7a_preagg7_3jobth6#70398358-6#53557576-6#34531559-6#88870218-6#46523787-6#04097588", "unix_time": 1620672326.6300576}
DEBUG:transfer.py:transfer successful!
INFO:circe.py:runtime_stat:{"task_name": "circe", "event": "new_input_file", "filename": "lccenc7_score7a_6#12822663-6#12940806-6#69248413-6#06412963-6#53363911-6#85909588jobid4.csv", "unix_time": 1620672370.1149964}
INFO:ccdag_utils.py:runtime_stat:{"task_name": "score7a", "event": "queue_start_process", "filename": "lccenc7_score7a_6#12822663-6#12940806-6#69248413-6#06412963-6#53363911-6#85909588jobid4.csv", "unix_time": 1620672370.6763995}
['leopard21.JPEG', 'leopard22.JPEG', 'leopard23.JPEG', 'leopard24.JPEG', 'leopard25.JPEG', 'leopard26.JPEG', 'leopard27.JPEG', 'leopard28.JPEG', 'leopard29.JPEG', 'leopard30.JPEG']
INFO:circe.py:runtime_stat:{"task_name": "circe", "event": "new_output_file", "filename": "score7a_preagg7_4jobth6#12822663-6#12940806-6#69248413-6#06412963-6#53363911-6#85909588", "unix_time": 1620672382.1331022}
DEBUG:transfer.py:sshpass -p PASSWORD scp -P 5000 -o StrictHostKeyChecking=no /jupiter/circe_output/score7a_preagg7_4jobth6#12822663-6#12940806-6#69248413-6#06412963-6#53363911-6#85909588 root@10.108.92.32:/jupiter/circe_input/
INFO:ccdag_utils.py:runtime_stat:{"task_name": "score7a", "event": "queue_end_process", "filename": "score7a_preagg7_4jobth6#12822663-6#12940806-6#69248413-6#06412963-6#53363911-6#85909588", "unix_time": 1620672382.1344943}
DEBUG:transfer.py:transfer successful!
INFO:circe.py:runtime_stat:{"task_name": "circe", "event": "new_input_file", "filename": "lccenc7_score7a_6#23962114-6#38301064-6#98718054-6#76854743-6#40733590-6#69692307jobid5.csv", "unix_time": 1620672382.4879088}
INFO:ccdag_utils.py:runtime_stat:{"task_name": "score7a", "event": "queue_start_process", "filename": "lccenc7_score7a_6#23962114-6#38301064-6#98718054-6#76854743-6#40733590-6#69692307jobid5.csv", "unix_time": 1620672383.1415918}
['leopard21.JPEG', 'leopard22.JPEG', 'leopard23.JPEG', 'leopard24.JPEG', 'leopard25.JPEG', 'leopard26.JPEG', 'leopard27.JPEG', 'leopard28.JPEG', 'leopard29.JPEG', 'leopard30.JPEG']
INFO:circe.py:runtime_stat:{"task_name": "circe", "event": "new_output_file", "filename": "score7a_preagg7_5jobth6#23962114-6#38301064-6#98718054-6#76854743-6#40733590-6#69692307", "unix_time": 1620672394.620355}
DEBUG:transfer.py:sshpass -p PASSWORD scp -P 5000 -o StrictHostKeyChecking=no /jupiter/circe_output/score7a_preagg7_5jobth6#23962114-6#38301064-6#98718054-6#76854743-6#40733590-6#69692307 root@10.108.92.32:/jupiter/circe_input/
INFO:ccdag_utils.py:runtime_stat:{"task_name": "score7a", "event": "queue_end_process", "filename": "score7a_preagg7_5jobth6#23962114-6#38301064-6#98718054-6#76854743-6#40733590-6#69692307", "unix_time": 1620672394.6261463}
DEBUG:transfer.py:transfer successful!
INFO:circe.py:runtime_stat:{"task_name": "circe", "event": "new_input_file", "filename": "lccenc7_score7a_6#50316159-6#60735355-6#01350076-6#28819889-6#33574694-6#74420006jobid6.csv", "unix_time": 1620672404.5230758}
INFO:ccdag_utils.py:runtime_stat:{"task_name": "score7a", "event": "queue_start_process", "filename": "lccenc7_score7a_6#50316159-6#60735355-6#01350076-6#28819889-6#33574694-6#74420006jobid6.csv", "unix_time": 1620672404.640066}
['leopard21.JPEG', 'leopard22.JPEG', 'leopard23.JPEG', 'leopard24.JPEG', 'leopard25.JPEG', 'leopard26.JPEG', 'leopard27.JPEG', 'leopard28.JPEG', 'leopard29.JPEG', 'leopard30.JPEG']
INFO:circe.py:runtime_stat:{"task_name": "circe", "event": "new_output_file", "filename": "score7a_preagg7_6jobth6#50316159-6#60735355-6#01350076-6#28819889-6#33574694-6#74420006", "unix_time": 1620672416.1339004}
DEBUG:transfer.py:sshpass -p PASSWORD scp -P 5000 -o StrictHostKeyChecking=no /jupiter/circe_output/score7a_preagg7_6jobth6#50316159-6#60735355-6#01350076-6#28819889-6#33574694-6#74420006 root@10.108.92.32:/jupiter/circe_input/
INFO:ccdag_utils.py:runtime_stat:{"task_name": "score7a", "event": "queue_end_process", "filename": "score7a_preagg7_6jobth6#50316159-6#60735355-6#01350076-6#28819889-6#33574694-6#74420006", "unix_time": 1620672416.1405258}
DEBUG:transfer.py:transfer successful!
