 * Starting OpenBSD Secure Shell server sshd
   ...done.
INFO:circe.py:Using base script lccdec.py
DEBUG:circe.py:starting the input monitoring process
DEBUG:circe.py:starting the output monitoring process
INFO:circe.py:runtime_stat:{"task_name": "circe", "event": "new_input_file", "filename": "preagg2_lccdec2_1jobthscore2a1#94670561-1#93177806-1#35098750-1#56313974-1#96069334-1#63853342", "unix_time": 1620672483.2747922}
INFO:lccdec.py:lccdec2: file rcvd from preagg2 : preagg2_lccdec2_1jobthscore2a1#94670561-1#93177806-1#35098750-1#56313974-1#96069334-1#63853342
INFO:ccdag_utils.py:runtime_stat:{"task_name": "lccdec2", "event": "queue_start_process", "filename": "preagg2_lccdec2_1jobthscore2a1#94670561-1#93177806-1#35098750-1#56313974-1#96069334-1#63853342", "unix_time": 1620672483.2773924}
INFO:circe.py:runtime_stat:{"task_name": "circe", "event": "new_input_file", "filename": "preagg2_lccdec2_1jobthscore2b1#94670561-1#93177806-1#35098750-1#56313974-1#96069334-1#63853342", "unix_time": 1620672483.4880674}
INFO:lccdec.py:lccdec2: file rcvd from preagg2 : preagg2_lccdec2_1jobthscore2b1#94670561-1#93177806-1#35098750-1#56313974-1#96069334-1#63853342
INFO:ccdag_utils.py:runtime_stat:{"task_name": "lccdec2", "event": "queue_start_process", "filename": "preagg2_lccdec2_1jobthscore2b1#94670561-1#93177806-1#35098750-1#56313974-1#96069334-1#63853342", "unix_time": 1620672483.4885736}
INFO:circe.py:runtime_stat:{"task_name": "circe", "event": "new_input_file", "filename": "preagg2_lccdec2_1jobthscore2c1#94670561-1#93177806-1#35098750-1#56313974-1#96069334-1#63853342", "unix_time": 1620672483.7007062}
INFO:lccdec.py:lccdec2: file rcvd from preagg2 : preagg2_lccdec2_1jobthscore2c1#94670561-1#93177806-1#35098750-1#56313974-1#96069334-1#63853342
INFO:ccdag_utils.py:runtime_stat:{"task_name": "lccdec2", "event": "queue_start_process", "filename": "preagg2_lccdec2_1jobthscore2c1#94670561-1#93177806-1#35098750-1#56313974-1#96069334-1#63853342", "unix_time": 1620672483.701441}
INFO:circe.py:runtime_stat:{"task_name": "circe", "event": "new_output_file", "filename": "lccdec2_home_1jobth1#94670561-1#93177806-1#35098750-1#56313974-1#96069334-1#63853342", "unix_time": 1620672483.731233}
DEBUG:transfer.py:sshpass -p PASSWORD scp -P 5000 -o StrictHostKeyChecking=no /jupiter/circe_output/lccdec2_home_1jobth1#94670561-1#93177806-1#35098750-1#56313974-1#96069334-1#63853342 root@10.110.185.200:/jupiter/circe_input/
INFO:ccdag_utils.py:runtime_stat:{"task_name": "lccdec2", "event": "queue_end_process", "filename": "lccdec2_home_1jobth1#94670561-1#93177806-1#35098750-1#56313974-1#96069334-1#63853342", "unix_time": 1620672483.73568}
Warning: Permanently added '[10.110.185.200]:5000' (ECDSA) to the list of known hosts.
DEBUG:transfer.py:transfer successful!
INFO:circe.py:runtime_stat:{"task_name": "circe", "event": "new_input_file", "filename": "preagg2_lccdec2_2jobthscore2a1#34317489-1#42782401-1#85675712-1#97061098-1#86403042-1#87475761", "unix_time": 1620672505.4856563}
INFO:lccdec.py:lccdec2: file rcvd from preagg2 : preagg2_lccdec2_2jobthscore2a1#34317489-1#42782401-1#85675712-1#97061098-1#86403042-1#87475761
INFO:ccdag_utils.py:runtime_stat:{"task_name": "lccdec2", "event": "queue_start_process", "filename": "preagg2_lccdec2_2jobthscore2a1#34317489-1#42782401-1#85675712-1#97061098-1#86403042-1#87475761", "unix_time": 1620672505.486988}
INFO:circe.py:runtime_stat:{"task_name": "circe", "event": "new_input_file", "filename": "preagg2_lccdec2_2jobthscore2b1#34317489-1#42782401-1#85675712-1#97061098-1#86403042-1#87475761", "unix_time": 1620672505.720276}
INFO:lccdec.py:lccdec2: file rcvd from preagg2 : preagg2_lccdec2_2jobthscore2b1#34317489-1#42782401-1#85675712-1#97061098-1#86403042-1#87475761
INFO:ccdag_utils.py:runtime_stat:{"task_name": "lccdec2", "event": "queue_start_process", "filename": "preagg2_lccdec2_2jobthscore2b1#34317489-1#42782401-1#85675712-1#97061098-1#86403042-1#87475761", "unix_time": 1620672505.7209594}
INFO:circe.py:runtime_stat:{"task_name": "circe", "event": "new_input_file", "filename": "preagg2_lccdec2_2jobthscore2c1#34317489-1#42782401-1#85675712-1#97061098-1#86403042-1#87475761", "unix_time": 1620672505.933999}
INFO:lccdec.py:lccdec2: file rcvd from preagg2 : preagg2_lccdec2_2jobthscore2c1#34317489-1#42782401-1#85675712-1#97061098-1#86403042-1#87475761
INFO:ccdag_utils.py:runtime_stat:{"task_name": "lccdec2", "event": "queue_start_process", "filename": "preagg2_lccdec2_2jobthscore2c1#34317489-1#42782401-1#85675712-1#97061098-1#86403042-1#87475761", "unix_time": 1620672505.9347246}
INFO:circe.py:runtime_stat:{"task_name": "circe", "event": "new_output_file", "filename": "lccdec2_home_2jobth1#34317489-1#42782401-1#85675712-1#97061098-1#86403042-1#87475761", "unix_time": 1620672505.959981}
DEBUG:transfer.py:sshpass -p PASSWORD scp -P 5000 -o StrictHostKeyChecking=no /jupiter/circe_output/lccdec2_home_2jobth1#34317489-1#42782401-1#85675712-1#97061098-1#86403042-1#87475761 root@10.110.185.200:/jupiter/circe_input/
INFO:ccdag_utils.py:runtime_stat:{"task_name": "lccdec2", "event": "queue_end_process", "filename": "lccdec2_home_2jobth1#34317489-1#42782401-1#85675712-1#97061098-1#86403042-1#87475761", "unix_time": 1620672505.9641442}
DEBUG:transfer.py:transfer successful!
INFO:circe.py:runtime_stat:{"task_name": "circe", "event": "new_input_file", "filename": "preagg2_lccdec2_3jobthscore2a1#52739761-1#54784071-1#64233943-1#56864845-1#37663933-1#32324721", "unix_time": 1620672564.7670453}
INFO:lccdec.py:lccdec2: file rcvd from preagg2 : preagg2_lccdec2_3jobthscore2a1#52739761-1#54784071-1#64233943-1#56864845-1#37663933-1#32324721
INFO:ccdag_utils.py:runtime_stat:{"task_name": "lccdec2", "event": "queue_start_process", "filename": "preagg2_lccdec2_3jobthscore2a1#52739761-1#54784071-1#64233943-1#56864845-1#37663933-1#32324721", "unix_time": 1620672564.7677903}
INFO:circe.py:runtime_stat:{"task_name": "circe", "event": "new_input_file", "filename": "preagg2_lccdec2_3jobthscore2b1#52739761-1#54784071-1#64233943-1#56864845-1#37663933-1#32324721", "unix_time": 1620672564.9770947}
INFO:lccdec.py:lccdec2: file rcvd from preagg2 : preagg2_lccdec2_3jobthscore2b1#52739761-1#54784071-1#64233943-1#56864845-1#37663933-1#32324721
INFO:ccdag_utils.py:runtime_stat:{"task_name": "lccdec2", "event": "queue_start_process", "filename": "preagg2_lccdec2_3jobthscore2b1#52739761-1#54784071-1#64233943-1#56864845-1#37663933-1#32324721", "unix_time": 1620672564.9777603}
INFO:circe.py:runtime_stat:{"task_name": "circe", "event": "new_input_file", "filename": "preagg2_lccdec2_3jobthscore2c1#52739761-1#54784071-1#64233943-1#56864845-1#37663933-1#32324721", "unix_time": 1620672565.2338402}
INFO:lccdec.py:lccdec2: file rcvd from preagg2 : preagg2_lccdec2_3jobthscore2c1#52739761-1#54784071-1#64233943-1#56864845-1#37663933-1#32324721
INFO:ccdag_utils.py:runtime_stat:{"task_name": "lccdec2", "event": "queue_start_process", "filename": "preagg2_lccdec2_3jobthscore2c1#52739761-1#54784071-1#64233943-1#56864845-1#37663933-1#32324721", "unix_time": 1620672565.2351153}
INFO:circe.py:runtime_stat:{"task_name": "circe", "event": "new_output_file", "filename": "lccdec2_home_3jobth1#52739761-1#54784071-1#64233943-1#56864845-1#37663933-1#32324721", "unix_time": 1620672565.2608483}
DEBUG:transfer.py:sshpass -p PASSWORD scp -P 5000 -o StrictHostKeyChecking=no /jupiter/circe_output/lccdec2_home_3jobth1#52739761-1#54784071-1#64233943-1#56864845-1#37663933-1#32324721 root@10.110.185.200:/jupiter/circe_input/
INFO:ccdag_utils.py:runtime_stat:{"task_name": "lccdec2", "event": "queue_end_process", "filename": "lccdec2_home_3jobth1#52739761-1#54784071-1#64233943-1#56864845-1#37663933-1#32324721", "unix_time": 1620672565.265138}
DEBUG:transfer.py:transfer successful!
INFO:circe.py:runtime_stat:{"task_name": "circe", "event": "new_input_file", "filename": "preagg2_lccdec2_4jobthscore2a1#10045329-1#17534914-1#43366066-1#01298250-1#10795394-1#94263115", "unix_time": 1620672576.0041354}
INFO:lccdec.py:lccdec2: file rcvd from preagg2 : preagg2_lccdec2_4jobthscore2a1#10045329-1#17534914-1#43366066-1#01298250-1#10795394-1#94263115
INFO:ccdag_utils.py:runtime_stat:{"task_name": "lccdec2", "event": "queue_start_process", "filename": "preagg2_lccdec2_4jobthscore2a1#10045329-1#17534914-1#43366066-1#01298250-1#10795394-1#94263115", "unix_time": 1620672576.005308}
INFO:circe.py:runtime_stat:{"task_name": "circe", "event": "new_input_file", "filename": "preagg2_lccdec2_4jobthscore2b1#10045329-1#17534914-1#43366066-1#01298250-1#10795394-1#94263115", "unix_time": 1620672576.2285483}
INFO:lccdec.py:lccdec2: file rcvd from preagg2 : preagg2_lccdec2_4jobthscore2b1#10045329-1#17534914-1#43366066-1#01298250-1#10795394-1#94263115
INFO:ccdag_utils.py:runtime_stat:{"task_name": "lccdec2", "event": "queue_start_process", "filename": "preagg2_lccdec2_4jobthscore2b1#10045329-1#17534914-1#43366066-1#01298250-1#10795394-1#94263115", "unix_time": 1620672576.229266}
INFO:circe.py:runtime_stat:{"task_name": "circe", "event": "new_input_file", "filename": "preagg2_lccdec2_4jobthscore2c1#10045329-1#17534914-1#43366066-1#01298250-1#10795394-1#94263115", "unix_time": 1620672576.4509864}
INFO:lccdec.py:lccdec2: file rcvd from preagg2 : preagg2_lccdec2_4jobthscore2c1#10045329-1#17534914-1#43366066-1#01298250-1#10795394-1#94263115
INFO:ccdag_utils.py:runtime_stat:{"task_name": "lccdec2", "event": "queue_start_process", "filename": "preagg2_lccdec2_4jobthscore2c1#10045329-1#17534914-1#43366066-1#01298250-1#10795394-1#94263115", "unix_time": 1620672576.4521744}
INFO:circe.py:runtime_stat:{"task_name": "circe", "event": "new_output_file", "filename": "lccdec2_home_4jobth1#10045329-1#17534914-1#43366066-1#01298250-1#10795394-1#94263115", "unix_time": 1620672576.47414}
DEBUG:transfer.py:sshpass -p PASSWORD scp -P 5000 -o StrictHostKeyChecking=no /jupiter/circe_output/lccdec2_home_4jobth1#10045329-1#17534914-1#43366066-1#01298250-1#10795394-1#94263115 root@10.110.185.200:/jupiter/circe_input/
INFO:ccdag_utils.py:runtime_stat:{"task_name": "lccdec2", "event": "queue_end_process", "filename": "lccdec2_home_4jobth1#10045329-1#17534914-1#43366066-1#01298250-1#10795394-1#94263115", "unix_time": 1620672576.4793475}
DEBUG:transfer.py:transfer successful!
INFO:circe.py:runtime_stat:{"task_name": "circe", "event": "new_input_file", "filename": "preagg2_lccdec2_5jobthscore2a1#55105177-1#61556199-1#69566453-1#46188852-1#83163908-1#55387723", "unix_time": 1620672607.223951}
INFO:lccdec.py:lccdec2: file rcvd from preagg2 : preagg2_lccdec2_5jobthscore2a1#55105177-1#61556199-1#69566453-1#46188852-1#83163908-1#55387723
INFO:ccdag_utils.py:runtime_stat:{"task_name": "lccdec2", "event": "queue_start_process", "filename": "preagg2_lccdec2_5jobthscore2a1#55105177-1#61556199-1#69566453-1#46188852-1#83163908-1#55387723", "unix_time": 1620672607.2249336}
INFO:circe.py:runtime_stat:{"task_name": "circe", "event": "new_input_file", "filename": "preagg2_lccdec2_5jobthscore2b1#55105177-1#61556199-1#69566453-1#46188852-1#83163908-1#55387723", "unix_time": 1620672607.4325001}
INFO:lccdec.py:lccdec2: file rcvd from preagg2 : preagg2_lccdec2_5jobthscore2b1#55105177-1#61556199-1#69566453-1#46188852-1#83163908-1#55387723
INFO:ccdag_utils.py:runtime_stat:{"task_name": "lccdec2", "event": "queue_start_process", "filename": "preagg2_lccdec2_5jobthscore2b1#55105177-1#61556199-1#69566453-1#46188852-1#83163908-1#55387723", "unix_time": 1620672607.4335186}
INFO:circe.py:runtime_stat:{"task_name": "circe", "event": "new_input_file", "filename": "preagg2_lccdec2_5jobthscore2c1#55105177-1#61556199-1#69566453-1#46188852-1#83163908-1#55387723", "unix_time": 1620672607.647322}
INFO:lccdec.py:lccdec2: file rcvd from preagg2 : preagg2_lccdec2_5jobthscore2c1#55105177-1#61556199-1#69566453-1#46188852-1#83163908-1#55387723
INFO:ccdag_utils.py:runtime_stat:{"task_name": "lccdec2", "event": "queue_start_process", "filename": "preagg2_lccdec2_5jobthscore2c1#55105177-1#61556199-1#69566453-1#46188852-1#83163908-1#55387723", "unix_time": 1620672607.6486657}
INFO:circe.py:runtime_stat:{"task_name": "circe", "event": "new_output_file", "filename": "lccdec2_home_5jobth1#55105177-1#61556199-1#69566453-1#46188852-1#83163908-1#55387723", "unix_time": 1620672607.6740284}
DEBUG:transfer.py:sshpass -p PASSWORD scp -P 5000 -o StrictHostKeyChecking=no /jupiter/circe_output/lccdec2_home_5jobth1#55105177-1#61556199-1#69566453-1#46188852-1#83163908-1#55387723 root@10.110.185.200:/jupiter/circe_input/
INFO:ccdag_utils.py:runtime_stat:{"task_name": "lccdec2", "event": "queue_end_process", "filename": "lccdec2_home_5jobth1#55105177-1#61556199-1#69566453-1#46188852-1#83163908-1#55387723", "unix_time": 1620672607.6783485}
DEBUG:transfer.py:transfer successful!
