 * Starting OpenBSD Secure Shell server sshd
   ...done.
INFO:circe.py:Using base script lccenc.py
DEBUG:circe.py:starting the input monitoring process
DEBUG:circe.py:starting the output monitoring process
6
INFO:circe.py:runtime_stat:{"task_name": "circe", "event": "new_input_file", "filename": "storeclass6_lccenc6_09024883imgpersiancatjobid17.JPEG", "unix_time": 1620672390.9235904}
INFO:circe.py:runtime_stat:{"task_name": "circe", "event": "new_input_file", "filename": "storeclass6_lccenc6_48367758imgpersiancatjobid17.JPEG", "unix_time": 1620672391.9612603}
INFO:circe.py:runtime_stat:{"task_name": "circe", "event": "new_input_file", "filename": "storeclass6_lccenc6_53288761imgpersiancatjobid17.JPEG", "unix_time": 1620672392.2158587}
INFO:circe.py:runtime_stat:{"task_name": "circe", "event": "new_input_file", "filename": "storeclass6_lccenc6_86029509imgpersiancatjobid17.JPEG", "unix_time": 1620672392.4418266}
INFO:circe.py:runtime_stat:{"task_name": "circe", "event": "new_input_file", "filename": "storeclass6_lccenc6_32336003imgpersiancatjobid18.JPEG", "unix_time": 1620672401.043328}
INFO:circe.py:runtime_stat:{"task_name": "circe", "event": "new_input_file", "filename": "storeclass6_lccenc6_43403692imgpersiancatjobid18.JPEG", "unix_time": 1620672401.37726}
INFO:circe.py:runtime_stat:{"task_name": "circe", "event": "new_input_file", "filename": "storeclass6_lccenc6_03817444imgpersiancatjobid18.JPEG", "unix_time": 1620672401.6046934}
INFO:ccdag_utils.py:runtime_stat:{"task_name": "lccenc6", "event": "queue_start_process", "filename": "storeclass6_lccenc6_09024883imgpersiancatjobid17.JPEG", "unix_time": 1620672401.7329168}
INFO:ccdag_utils.py:runtime_stat:{"task_name": "lccenc6", "event": "queue_start_process", "filename": "storeclass6_lccenc6_48367758imgpersiancatjobid17.JPEG", "unix_time": 1620672401.7332919}
INFO:ccdag_utils.py:runtime_stat:{"task_name": "lccenc6", "event": "queue_start_process", "filename": "storeclass6_lccenc6_53288761imgpersiancatjobid17.JPEG", "unix_time": 1620672401.7336364}
INFO:ccdag_utils.py:runtime_stat:{"task_name": "lccenc6", "event": "queue_start_process", "filename": "storeclass6_lccenc6_86029509imgpersiancatjobid17.JPEG", "unix_time": 1620672401.7338848}
INFO:ccdag_utils.py:runtime_stat:{"task_name": "lccenc6", "event": "queue_start_process", "filename": "storeclass6_lccenc6_32336003imgpersiancatjobid18.JPEG", "unix_time": 1620672401.7341254}
INFO:ccdag_utils.py:runtime_stat:{"task_name": "lccenc6", "event": "queue_start_process", "filename": "storeclass6_lccenc6_43403692imgpersiancatjobid18.JPEG", "unix_time": 1620672401.734366}
INFO:circe.py:runtime_stat:{"task_name": "circe", "event": "new_input_file", "filename": "storeclass6_lccenc6_99777129imgpersiancatjobid18.JPEG", "unix_time": 1620672401.974824}
INFO:circe.py:runtime_stat:{"task_name": "circe", "event": "new_input_file", "filename": "storeclass6_lccenc6_19195469imgpersiancatjobid18.JPEG", "unix_time": 1620672402.4858074}
INFO:ccdag_utils.py:runtime_stat:{"task_name": "lccenc6", "event": "queue_end_process", "filename": "lccenc6_score6a_5#09024883-5#48367758-5#53288761-5#86029509-5#32336003-5#43403692jobid1.csv", "unix_time": 1620672402.9733973}
INFO:circe.py:runtime_stat:{"task_name": "circe", "event": "new_output_file", "filename": "lccenc6_score6a_5#09024883-5#48367758-5#53288761-5#86029509-5#32336003-5#43403692jobid1.csv", "unix_time": 1620672402.9742186}
DEBUG:transfer.py:sshpass -p PASSWORD scp -P 5000 -o StrictHostKeyChecking=no /jupiter/circe_output/lccenc6_score6a_5#09024883-5#48367758-5#53288761-5#86029509-5#32336003-5#43403692jobid1.csv root@10.111.244.223:/jupiter/circe_input/
Warning: Permanently added '[10.111.244.223]:5000' (ECDSA) to the list of known hosts.
DEBUG:transfer.py:transfer successful!
INFO:ccdag_utils.py:runtime_stat:{"task_name": "lccenc6", "event": "queue_end_process", "filename": "lccenc6_score6b_5#09024883-5#48367758-5#53288761-5#86029509-5#32336003-5#43403692jobid1.csv", "unix_time": 1620672403.9568532}
INFO:circe.py:runtime_stat:{"task_name": "circe", "event": "new_output_file", "filename": "lccenc6_score6b_5#09024883-5#48367758-5#53288761-5#86029509-5#32336003-5#43403692jobid1.csv", "unix_time": 1620672403.9576669}
DEBUG:transfer.py:sshpass -p PASSWORD scp -P 5000 -o StrictHostKeyChecking=no /jupiter/circe_output/lccenc6_score6b_5#09024883-5#48367758-5#53288761-5#86029509-5#32336003-5#43403692jobid1.csv root@10.109.103.72:/jupiter/circe_input/
Warning: Permanently added '[10.109.103.72]:5000' (ECDSA) to the list of known hosts.
DEBUG:transfer.py:transfer successful!
INFO:ccdag_utils.py:runtime_stat:{"task_name": "lccenc6", "event": "queue_end_process", "filename": "lccenc6_score6c_5#09024883-5#48367758-5#53288761-5#86029509-5#32336003-5#43403692jobid1.csv", "unix_time": 1620672404.9463863}
INFO:circe.py:runtime_stat:{"task_name": "circe", "event": "new_output_file", "filename": "lccenc6_score6c_5#09024883-5#48367758-5#53288761-5#86029509-5#32336003-5#43403692jobid1.csv", "unix_time": 1620672404.9473555}
DEBUG:transfer.py:sshpass -p PASSWORD scp -P 5000 -o StrictHostKeyChecking=no /jupiter/circe_output/lccenc6_score6c_5#09024883-5#48367758-5#53288761-5#86029509-5#32336003-5#43403692jobid1.csv root@10.98.137.120:/jupiter/circe_input/
Warning: Permanently added '[10.98.137.120]:5000' (ECDSA) to the list of known hosts.
DEBUG:transfer.py:transfer successful!
INFO:circe.py:runtime_stat:{"task_name": "circe", "event": "new_input_file", "filename": "storeclass6_lccenc6_65046604imgpersiancatjobid19.JPEG", "unix_time": 1620672410.9694293}
INFO:circe.py:runtime_stat:{"task_name": "circe", "event": "new_input_file", "filename": "storeclass6_lccenc6_17295495imgpersiancatjobid19.JPEG", "unix_time": 1620672411.1790562}
INFO:circe.py:runtime_stat:{"task_name": "circe", "event": "new_input_file", "filename": "storeclass6_lccenc6_70525970imgpersiancatjobid19.JPEG", "unix_time": 1620672411.3892453}
INFO:ccdag_utils.py:runtime_stat:{"task_name": "lccenc6", "event": "queue_start_process", "filename": "storeclass6_lccenc6_03817444imgpersiancatjobid18.JPEG", "unix_time": 1620672411.954544}
INFO:ccdag_utils.py:runtime_stat:{"task_name": "lccenc6", "event": "queue_start_process", "filename": "storeclass6_lccenc6_99777129imgpersiancatjobid18.JPEG", "unix_time": 1620672411.9548988}
INFO:ccdag_utils.py:runtime_stat:{"task_name": "lccenc6", "event": "queue_start_process", "filename": "storeclass6_lccenc6_19195469imgpersiancatjobid18.JPEG", "unix_time": 1620672411.9552002}
INFO:ccdag_utils.py:runtime_stat:{"task_name": "lccenc6", "event": "queue_start_process", "filename": "storeclass6_lccenc6_65046604imgpersiancatjobid19.JPEG", "unix_time": 1620672411.9554224}
INFO:ccdag_utils.py:runtime_stat:{"task_name": "lccenc6", "event": "queue_start_process", "filename": "storeclass6_lccenc6_17295495imgpersiancatjobid19.JPEG", "unix_time": 1620672411.9556727}
INFO:ccdag_utils.py:runtime_stat:{"task_name": "lccenc6", "event": "queue_start_process", "filename": "storeclass6_lccenc6_70525970imgpersiancatjobid19.JPEG", "unix_time": 1620672411.9558873}
INFO:circe.py:runtime_stat:{"task_name": "circe", "event": "new_input_file", "filename": "storeclass6_lccenc6_39100509imgpersiancatjobid19.JPEG", "unix_time": 1620672411.9983094}
INFO:ccdag_utils.py:runtime_stat:{"task_name": "lccenc6", "event": "queue_end_process", "filename": "lccenc6_score6a_5#03817444-5#99777129-5#19195469-5#65046604-5#17295495-5#70525970jobid2.csv", "unix_time": 1620672413.1524}
INFO:circe.py:runtime_stat:{"task_name": "circe", "event": "new_output_file", "filename": "lccenc6_score6a_5#03817444-5#99777129-5#19195469-5#65046604-5#17295495-5#70525970jobid2.csv", "unix_time": 1620672413.1624684}
DEBUG:transfer.py:sshpass -p PASSWORD scp -P 5000 -o StrictHostKeyChecking=no /jupiter/circe_output/lccenc6_score6a_5#03817444-5#99777129-5#19195469-5#65046604-5#17295495-5#70525970jobid2.csv root@10.111.244.223:/jupiter/circe_input/
DEBUG:transfer.py:transfer successful!
INFO:ccdag_utils.py:runtime_stat:{"task_name": "lccenc6", "event": "queue_end_process", "filename": "lccenc6_score6b_5#03817444-5#99777129-5#19195469-5#65046604-5#17295495-5#70525970jobid2.csv", "unix_time": 1620672414.1963818}
INFO:circe.py:runtime_stat:{"task_name": "circe", "event": "new_output_file", "filename": "lccenc6_score6b_5#03817444-5#99777129-5#19195469-5#65046604-5#17295495-5#70525970jobid2.csv", "unix_time": 1620672414.1974225}
DEBUG:transfer.py:sshpass -p PASSWORD scp -P 5000 -o StrictHostKeyChecking=no /jupiter/circe_output/lccenc6_score6b_5#03817444-5#99777129-5#19195469-5#65046604-5#17295495-5#70525970jobid2.csv root@10.109.103.72:/jupiter/circe_input/
DEBUG:transfer.py:transfer successful!
INFO:ccdag_utils.py:runtime_stat:{"task_name": "lccenc6", "event": "queue_end_process", "filename": "lccenc6_score6c_5#03817444-5#99777129-5#19195469-5#65046604-5#17295495-5#70525970jobid2.csv", "unix_time": 1620672415.2518222}
INFO:circe.py:runtime_stat:{"task_name": "circe", "event": "new_output_file", "filename": "lccenc6_score6c_5#03817444-5#99777129-5#19195469-5#65046604-5#17295495-5#70525970jobid2.csv", "unix_time": 1620672415.2528539}
DEBUG:transfer.py:sshpass -p PASSWORD scp -P 5000 -o StrictHostKeyChecking=no /jupiter/circe_output/lccenc6_score6c_5#03817444-5#99777129-5#19195469-5#65046604-5#17295495-5#70525970jobid2.csv root@10.98.137.120:/jupiter/circe_input/
DEBUG:transfer.py:transfer successful!
INFO:circe.py:runtime_stat:{"task_name": "circe", "event": "new_input_file", "filename": "storeclass6_lccenc6_77440066imgpersiancatjobid20.JPEG", "unix_time": 1620672424.0154247}
INFO:circe.py:runtime_stat:{"task_name": "circe", "event": "new_input_file", "filename": "storeclass6_lccenc6_45643001imgpersiancatjobid20.JPEG", "unix_time": 1620672424.2566304}
INFO:circe.py:runtime_stat:{"task_name": "circe", "event": "new_input_file", "filename": "storeclass6_lccenc6_30796899imgpersiancatjobid20.JPEG", "unix_time": 1620672424.4748764}
INFO:circe.py:runtime_stat:{"task_name": "circe", "event": "new_input_file", "filename": "storeclass6_lccenc6_76111185imgpersiancatjobid20.JPEG", "unix_time": 1620672424.6911893}
INFO:circe.py:runtime_stat:{"task_name": "circe", "event": "new_input_file", "filename": "storeclass6_lccenc6_82133856imgpersiancatjobid21.JPEG", "unix_time": 1620672436.084638}
INFO:ccdag_utils.py:runtime_stat:{"task_name": "lccenc6", "event": "queue_start_process", "filename": "storeclass6_lccenc6_39100509imgpersiancatjobid19.JPEG", "unix_time": 1620672436.275802}
INFO:ccdag_utils.py:runtime_stat:{"task_name": "lccenc6", "event": "queue_start_process", "filename": "storeclass6_lccenc6_77440066imgpersiancatjobid20.JPEG", "unix_time": 1620672436.276433}
INFO:ccdag_utils.py:runtime_stat:{"task_name": "lccenc6", "event": "queue_start_process", "filename": "storeclass6_lccenc6_45643001imgpersiancatjobid20.JPEG", "unix_time": 1620672436.2768137}
INFO:ccdag_utils.py:runtime_stat:{"task_name": "lccenc6", "event": "queue_start_process", "filename": "storeclass6_lccenc6_30796899imgpersiancatjobid20.JPEG", "unix_time": 1620672436.2771626}
INFO:ccdag_utils.py:runtime_stat:{"task_name": "lccenc6", "event": "queue_start_process", "filename": "storeclass6_lccenc6_76111185imgpersiancatjobid20.JPEG", "unix_time": 1620672436.2775276}
INFO:ccdag_utils.py:runtime_stat:{"task_name": "lccenc6", "event": "queue_start_process", "filename": "storeclass6_lccenc6_82133856imgpersiancatjobid21.JPEG", "unix_time": 1620672436.2778754}
INFO:circe.py:runtime_stat:{"task_name": "circe", "event": "new_input_file", "filename": "storeclass6_lccenc6_38568875imgpersiancatjobid21.JPEG", "unix_time": 1620672436.3039873}
INFO:circe.py:runtime_stat:{"task_name": "circe", "event": "new_input_file", "filename": "storeclass6_lccenc6_34099982imgpersiancatjobid21.JPEG", "unix_time": 1620672437.4519713}
INFO:circe.py:runtime_stat:{"task_name": "circe", "event": "new_input_file", "filename": "storeclass6_lccenc6_73090939imgpersiancatjobid21.JPEG", "unix_time": 1620672437.4525273}
INFO:ccdag_utils.py:runtime_stat:{"task_name": "lccenc6", "event": "queue_end_process", "filename": "lccenc6_score6a_5#39100509-5#77440066-5#45643001-5#30796899-5#76111185-5#82133856jobid3.csv", "unix_time": 1620672437.4681585}
INFO:circe.py:runtime_stat:{"task_name": "circe", "event": "new_output_file", "filename": "lccenc6_score6a_5#39100509-5#77440066-5#45643001-5#30796899-5#76111185-5#82133856jobid3.csv", "unix_time": 1620672437.4783638}
DEBUG:transfer.py:sshpass -p PASSWORD scp -P 5000 -o StrictHostKeyChecking=no /jupiter/circe_output/lccenc6_score6a_5#39100509-5#77440066-5#45643001-5#30796899-5#76111185-5#82133856jobid3.csv root@10.111.244.223:/jupiter/circe_input/
DEBUG:transfer.py:transfer successful!
INFO:ccdag_utils.py:runtime_stat:{"task_name": "lccenc6", "event": "queue_end_process", "filename": "lccenc6_score6b_5#39100509-5#77440066-5#45643001-5#30796899-5#76111185-5#82133856jobid3.csv", "unix_time": 1620672438.4820356}
INFO:circe.py:runtime_stat:{"task_name": "circe", "event": "new_output_file", "filename": "lccenc6_score6b_5#39100509-5#77440066-5#45643001-5#30796899-5#76111185-5#82133856jobid3.csv", "unix_time": 1620672438.4829931}
DEBUG:transfer.py:sshpass -p PASSWORD scp -P 5000 -o StrictHostKeyChecking=no /jupiter/circe_output/lccenc6_score6b_5#39100509-5#77440066-5#45643001-5#30796899-5#76111185-5#82133856jobid3.csv root@10.109.103.72:/jupiter/circe_input/
DEBUG:transfer.py:transfer successful!
INFO:ccdag_utils.py:runtime_stat:{"task_name": "lccenc6", "event": "queue_end_process", "filename": "lccenc6_score6c_5#39100509-5#77440066-5#45643001-5#30796899-5#76111185-5#82133856jobid3.csv", "unix_time": 1620672439.5024695}
INFO:circe.py:runtime_stat:{"task_name": "circe", "event": "new_output_file", "filename": "lccenc6_score6c_5#39100509-5#77440066-5#45643001-5#30796899-5#76111185-5#82133856jobid3.csv", "unix_time": 1620672439.5032578}
DEBUG:transfer.py:sshpass -p PASSWORD scp -P 5000 -o StrictHostKeyChecking=no /jupiter/circe_output/lccenc6_score6c_5#39100509-5#77440066-5#45643001-5#30796899-5#76111185-5#82133856jobid3.csv root@10.98.137.120:/jupiter/circe_input/
DEBUG:transfer.py:transfer successful!
INFO:circe.py:runtime_stat:{"task_name": "circe", "event": "new_input_file", "filename": "storeclass6_lccenc6_05075856imgpersiancatjobid22.JPEG", "unix_time": 1620672446.0828898}
INFO:circe.py:runtime_stat:{"task_name": "circe", "event": "new_input_file", "filename": "storeclass6_lccenc6_27527458imgpersiancatjobid22.JPEG", "unix_time": 1620672447.1614823}
INFO:circe.py:runtime_stat:{"task_name": "circe", "event": "new_input_file", "filename": "storeclass6_lccenc6_65852550imgpersiancatjobid24.JPEG", "unix_time": 1620672468.2606292}
INFO:ccdag_utils.py:runtime_stat:{"task_name": "lccenc6", "event": "queue_start_process", "filename": "storeclass6_lccenc6_38568875imgpersiancatjobid21.JPEG", "unix_time": 1620672468.5398347}
INFO:ccdag_utils.py:runtime_stat:{"task_name": "lccenc6", "event": "queue_start_process", "filename": "storeclass6_lccenc6_34099982imgpersiancatjobid21.JPEG", "unix_time": 1620672468.5402205}
INFO:ccdag_utils.py:runtime_stat:{"task_name": "lccenc6", "event": "queue_start_process", "filename": "storeclass6_lccenc6_73090939imgpersiancatjobid21.JPEG", "unix_time": 1620672468.5404775}
INFO:ccdag_utils.py:runtime_stat:{"task_name": "lccenc6", "event": "queue_start_process", "filename": "storeclass6_lccenc6_05075856imgpersiancatjobid22.JPEG", "unix_time": 1620672468.5407047}
INFO:ccdag_utils.py:runtime_stat:{"task_name": "lccenc6", "event": "queue_start_process", "filename": "storeclass6_lccenc6_27527458imgpersiancatjobid22.JPEG", "unix_time": 1620672468.5409286}
INFO:ccdag_utils.py:runtime_stat:{"task_name": "lccenc6", "event": "queue_start_process", "filename": "storeclass6_lccenc6_65852550imgpersiancatjobid24.JPEG", "unix_time": 1620672468.5411487}
INFO:ccdag_utils.py:runtime_stat:{"task_name": "lccenc6", "event": "queue_end_process", "filename": "lccenc6_score6a_5#38568875-5#34099982-5#73090939-5#05075856-5#27527458-5#65852550jobid4.csv", "unix_time": 1620672469.8080306}
INFO:circe.py:runtime_stat:{"task_name": "circe", "event": "new_output_file", "filename": "lccenc6_score6a_5#38568875-5#34099982-5#73090939-5#05075856-5#27527458-5#65852550jobid4.csv", "unix_time": 1620672470.2840438}
DEBUG:transfer.py:sshpass -p PASSWORD scp -P 5000 -o StrictHostKeyChecking=no /jupiter/circe_output/lccenc6_score6a_5#38568875-5#34099982-5#73090939-5#05075856-5#27527458-5#65852550jobid4.csv root@10.111.244.223:/jupiter/circe_input/
DEBUG:transfer.py:transfer successful!
INFO:ccdag_utils.py:runtime_stat:{"task_name": "lccenc6", "event": "queue_end_process", "filename": "lccenc6_score6b_5#38568875-5#34099982-5#73090939-5#05075856-5#27527458-5#65852550jobid4.csv", "unix_time": 1620672470.7919776}
INFO:circe.py:runtime_stat:{"task_name": "circe", "event": "new_output_file", "filename": "lccenc6_score6b_5#38568875-5#34099982-5#73090939-5#05075856-5#27527458-5#65852550jobid4.csv", "unix_time": 1620672470.8034163}
DEBUG:transfer.py:sshpass -p PASSWORD scp -P 5000 -o StrictHostKeyChecking=no /jupiter/circe_output/lccenc6_score6b_5#38568875-5#34099982-5#73090939-5#05075856-5#27527458-5#65852550jobid4.csv root@10.109.103.72:/jupiter/circe_input/
DEBUG:transfer.py:transfer successful!
INFO:ccdag_utils.py:runtime_stat:{"task_name": "lccenc6", "event": "queue_end_process", "filename": "lccenc6_score6c_5#38568875-5#34099982-5#73090939-5#05075856-5#27527458-5#65852550jobid4.csv", "unix_time": 1620672471.7857096}
INFO:circe.py:runtime_stat:{"task_name": "circe", "event": "new_output_file", "filename": "lccenc6_score6c_5#38568875-5#34099982-5#73090939-5#05075856-5#27527458-5#65852550jobid4.csv", "unix_time": 1620672471.7867033}
DEBUG:transfer.py:sshpass -p PASSWORD scp -P 5000 -o StrictHostKeyChecking=no /jupiter/circe_output/lccenc6_score6c_5#38568875-5#34099982-5#73090939-5#05075856-5#27527458-5#65852550jobid4.csv root@10.98.137.120:/jupiter/circe_input/
DEBUG:transfer.py:transfer successful!
INFO:circe.py:runtime_stat:{"task_name": "circe", "event": "new_input_file", "filename": "storeclass6_lccenc6_87647390imgpersiancatjobid25.JPEG", "unix_time": 1620672481.1271348}
INFO:circe.py:runtime_stat:{"task_name": "circe", "event": "new_input_file", "filename": "storeclass6_lccenc6_89836677imgpersiancatjobid25.JPEG", "unix_time": 1620672481.3484664}
INFO:circe.py:runtime_stat:{"task_name": "circe", "event": "new_input_file", "filename": "storeclass6_lccenc6_42914281imgpersiancatjobid26.JPEG", "unix_time": 1620672491.1505797}
INFO:circe.py:runtime_stat:{"task_name": "circe", "event": "new_input_file", "filename": "storeclass6_lccenc6_98805844imgpersiancatjobid26.JPEG", "unix_time": 1620672491.3709378}
INFO:circe.py:runtime_stat:{"task_name": "circe", "event": "new_input_file", "filename": "storeclass6_lccenc6_14234280imgpersiancatjobid26.JPEG", "unix_time": 1620672491.590002}
INFO:circe.py:runtime_stat:{"task_name": "circe", "event": "new_input_file", "filename": "storeclass6_lccenc6_98688148imgpersiancatjobid27.JPEG", "unix_time": 1620672505.211353}
INFO:circe.py:runtime_stat:{"task_name": "circe", "event": "new_input_file", "filename": "storeclass6_lccenc6_58599637imgpersiancatjobid27.JPEG", "unix_time": 1620672505.4328625}
INFO:circe.py:runtime_stat:{"task_name": "circe", "event": "new_input_file", "filename": "storeclass6_lccenc6_65745438imgpersiancatjobid27.JPEG", "unix_time": 1620672505.655142}
INFO:ccdag_utils.py:runtime_stat:{"task_name": "lccenc6", "event": "queue_start_process", "filename": "storeclass6_lccenc6_87647390imgpersiancatjobid25.JPEG", "unix_time": 1620672505.8198926}
INFO:ccdag_utils.py:runtime_stat:{"task_name": "lccenc6", "event": "queue_start_process", "filename": "storeclass6_lccenc6_89836677imgpersiancatjobid25.JPEG", "unix_time": 1620672505.8204877}
INFO:ccdag_utils.py:runtime_stat:{"task_name": "lccenc6", "event": "queue_start_process", "filename": "storeclass6_lccenc6_42914281imgpersiancatjobid26.JPEG", "unix_time": 1620672505.8207405}
INFO:ccdag_utils.py:runtime_stat:{"task_name": "lccenc6", "event": "queue_start_process", "filename": "storeclass6_lccenc6_98805844imgpersiancatjobid26.JPEG", "unix_time": 1620672505.8209655}
INFO:ccdag_utils.py:runtime_stat:{"task_name": "lccenc6", "event": "queue_start_process", "filename": "storeclass6_lccenc6_14234280imgpersiancatjobid26.JPEG", "unix_time": 1620672505.8211803}
INFO:ccdag_utils.py:runtime_stat:{"task_name": "lccenc6", "event": "queue_start_process", "filename": "storeclass6_lccenc6_98688148imgpersiancatjobid27.JPEG", "unix_time": 1620672505.8215375}
INFO:circe.py:runtime_stat:{"task_name": "circe", "event": "new_input_file", "filename": "storeclass6_lccenc6_31385656imgpersiancatjobid27.JPEG", "unix_time": 1620672505.8714345}
INFO:circe.py:runtime_stat:{"task_name": "circe", "event": "new_input_file", "filename": "storeclass6_lccenc6_51076851imgpersiancatjobid27.JPEG", "unix_time": 1620672506.5744424}
INFO:ccdag_utils.py:runtime_stat:{"task_name": "lccenc6", "event": "queue_end_process", "filename": "lccenc6_score6a_5#87647390-5#89836677-5#42914281-5#98805844-5#14234280-5#98688148jobid5.csv", "unix_time": 1620672507.0722623}
INFO:circe.py:runtime_stat:{"task_name": "circe", "event": "new_output_file", "filename": "lccenc6_score6a_5#87647390-5#89836677-5#42914281-5#98805844-5#14234280-5#98688148jobid5.csv", "unix_time": 1620672507.0827036}
DEBUG:transfer.py:sshpass -p PASSWORD scp -P 5000 -o StrictHostKeyChecking=no /jupiter/circe_output/lccenc6_score6a_5#87647390-5#89836677-5#42914281-5#98805844-5#14234280-5#98688148jobid5.csv root@10.111.244.223:/jupiter/circe_input/
DEBUG:transfer.py:transfer successful!
INFO:ccdag_utils.py:runtime_stat:{"task_name": "lccenc6", "event": "queue_end_process", "filename": "lccenc6_score6b_5#87647390-5#89836677-5#42914281-5#98805844-5#14234280-5#98688148jobid5.csv", "unix_time": 1620672508.1198297}
INFO:circe.py:runtime_stat:{"task_name": "circe", "event": "new_output_file", "filename": "lccenc6_score6b_5#87647390-5#89836677-5#42914281-5#98805844-5#14234280-5#98688148jobid5.csv", "unix_time": 1620672508.1581914}
DEBUG:transfer.py:sshpass -p PASSWORD scp -P 5000 -o StrictHostKeyChecking=no /jupiter/circe_output/lccenc6_score6b_5#87647390-5#89836677-5#42914281-5#98805844-5#14234280-5#98688148jobid5.csv root@10.109.103.72:/jupiter/circe_input/
DEBUG:transfer.py:transfer successful!
INFO:ccdag_utils.py:runtime_stat:{"task_name": "lccenc6", "event": "queue_end_process", "filename": "lccenc6_score6c_5#87647390-5#89836677-5#42914281-5#98805844-5#14234280-5#98688148jobid5.csv", "unix_time": 1620672509.2682455}
INFO:circe.py:runtime_stat:{"task_name": "circe", "event": "new_output_file", "filename": "lccenc6_score6c_5#87647390-5#89836677-5#42914281-5#98805844-5#14234280-5#98688148jobid5.csv", "unix_time": 1620672509.2722254}
DEBUG:transfer.py:sshpass -p PASSWORD scp -P 5000 -o StrictHostKeyChecking=no /jupiter/circe_output/lccenc6_score6c_5#87647390-5#89836677-5#42914281-5#98805844-5#14234280-5#98688148jobid5.csv root@10.98.137.120:/jupiter/circe_input/
DEBUG:transfer.py:transfer successful!
INFO:circe.py:runtime_stat:{"task_name": "circe", "event": "new_input_file", "filename": "storeclass6_lccenc6_45980956imgpersiancatjobid28.JPEG", "unix_time": 1620672513.2368193}
INFO:circe.py:runtime_stat:{"task_name": "circe", "event": "new_input_file", "filename": "storeclass6_lccenc6_65550987imgpersiancatjobid28.JPEG", "unix_time": 1620672513.4727414}
INFO:circe.py:runtime_stat:{"task_name": "circe", "event": "new_input_file", "filename": "storeclass6_lccenc6_20891750imgpersiancatjobid28.JPEG", "unix_time": 1620672513.6930537}
INFO:circe.py:runtime_stat:{"task_name": "circe", "event": "new_input_file", "filename": "storeclass6_lccenc6_53032044imgpersiancatjobid28.JPEG", "unix_time": 1620672513.911028}
INFO:circe.py:runtime_stat:{"task_name": "circe", "event": "new_input_file", "filename": "storeclass6_lccenc6_84357417imgpersiancatjobid28.JPEG", "unix_time": 1620672514.1338708}
INFO:ccdag_utils.py:runtime_stat:{"task_name": "lccenc6", "event": "queue_start_process", "filename": "storeclass6_lccenc6_58599637imgpersiancatjobid27.JPEG", "unix_time": 1620672514.274211}
INFO:ccdag_utils.py:runtime_stat:{"task_name": "lccenc6", "event": "queue_start_process", "filename": "storeclass6_lccenc6_65745438imgpersiancatjobid27.JPEG", "unix_time": 1620672514.2746267}
INFO:ccdag_utils.py:runtime_stat:{"task_name": "lccenc6", "event": "queue_start_process", "filename": "storeclass6_lccenc6_31385656imgpersiancatjobid27.JPEG", "unix_time": 1620672514.2748954}
INFO:ccdag_utils.py:runtime_stat:{"task_name": "lccenc6", "event": "queue_start_process", "filename": "storeclass6_lccenc6_51076851imgpersiancatjobid27.JPEG", "unix_time": 1620672514.275136}
INFO:ccdag_utils.py:runtime_stat:{"task_name": "lccenc6", "event": "queue_start_process", "filename": "storeclass6_lccenc6_45980956imgpersiancatjobid28.JPEG", "unix_time": 1620672514.2754366}
INFO:ccdag_utils.py:runtime_stat:{"task_name": "lccenc6", "event": "queue_start_process", "filename": "storeclass6_lccenc6_65550987imgpersiancatjobid28.JPEG", "unix_time": 1620672514.2758267}
INFO:ccdag_utils.py:runtime_stat:{"task_name": "lccenc6", "event": "queue_end_process", "filename": "lccenc6_score6a_5#58599637-5#65745438-5#31385656-5#51076851-5#45980956-5#65550987jobid6.csv", "unix_time": 1620672515.437039}
INFO:circe.py:runtime_stat:{"task_name": "circe", "event": "new_output_file", "filename": "lccenc6_score6a_5#58599637-5#65745438-5#31385656-5#51076851-5#45980956-5#65550987jobid6.csv", "unix_time": 1620672515.4378703}
DEBUG:transfer.py:sshpass -p PASSWORD scp -P 5000 -o StrictHostKeyChecking=no /jupiter/circe_output/lccenc6_score6a_5#58599637-5#65745438-5#31385656-5#51076851-5#45980956-5#65550987jobid6.csv root@10.111.244.223:/jupiter/circe_input/
DEBUG:transfer.py:transfer successful!
INFO:ccdag_utils.py:runtime_stat:{"task_name": "lccenc6", "event": "queue_end_process", "filename": "lccenc6_score6b_5#58599637-5#65745438-5#31385656-5#51076851-5#45980956-5#65550987jobid6.csv", "unix_time": 1620672516.4419453}
INFO:circe.py:runtime_stat:{"task_name": "circe", "event": "new_output_file", "filename": "lccenc6_score6b_5#58599637-5#65745438-5#31385656-5#51076851-5#45980956-5#65550987jobid6.csv", "unix_time": 1620672516.442861}
DEBUG:transfer.py:sshpass -p PASSWORD scp -P 5000 -o StrictHostKeyChecking=no /jupiter/circe_output/lccenc6_score6b_5#58599637-5#65745438-5#31385656-5#51076851-5#45980956-5#65550987jobid6.csv root@10.109.103.72:/jupiter/circe_input/
DEBUG:transfer.py:transfer successful!
INFO:ccdag_utils.py:runtime_stat:{"task_name": "lccenc6", "event": "queue_end_process", "filename": "lccenc6_score6c_5#58599637-5#65745438-5#31385656-5#51076851-5#45980956-5#65550987jobid6.csv", "unix_time": 1620672517.4178064}
INFO:circe.py:runtime_stat:{"task_name": "circe", "event": "new_output_file", "filename": "lccenc6_score6c_5#58599637-5#65745438-5#31385656-5#51076851-5#45980956-5#65550987jobid6.csv", "unix_time": 1620672517.418733}
DEBUG:transfer.py:sshpass -p PASSWORD scp -P 5000 -o StrictHostKeyChecking=no /jupiter/circe_output/lccenc6_score6c_5#58599637-5#65745438-5#31385656-5#51076851-5#45980956-5#65550987jobid6.csv root@10.98.137.120:/jupiter/circe_input/
DEBUG:transfer.py:transfer successful!
INFO:circe.py:runtime_stat:{"task_name": "circe", "event": "new_input_file", "filename": "storeclass6_lccenc6_53869668imgpersiancatjobid29.JPEG", "unix_time": 1620672525.2810771}
INFO:circe.py:runtime_stat:{"task_name": "circe", "event": "new_input_file", "filename": "storeclass6_lccenc6_16205678imgpersiancatjobid29.JPEG", "unix_time": 1620672525.4985929}
INFO:circe.py:runtime_stat:{"task_name": "circe", "event": "new_input_file", "filename": "storeclass6_lccenc6_27857236imgpersiancatjobid29.JPEG", "unix_time": 1620672525.7327683}
INFO:circe.py:runtime_stat:{"task_name": "circe", "event": "new_input_file", "filename": "storeclass6_lccenc6_58232155imgpersiancatjobid29.JPEG", "unix_time": 1620672526.3012285}
INFO:ccdag_utils.py:runtime_stat:{"task_name": "lccenc6", "event": "queue_start_process", "filename": "storeclass6_lccenc6_20891750imgpersiancatjobid28.JPEG", "unix_time": 1620672526.429007}
INFO:ccdag_utils.py:runtime_stat:{"task_name": "lccenc6", "event": "queue_start_process", "filename": "storeclass6_lccenc6_53032044imgpersiancatjobid28.JPEG", "unix_time": 1620672526.429749}
INFO:ccdag_utils.py:runtime_stat:{"task_name": "lccenc6", "event": "queue_start_process", "filename": "storeclass6_lccenc6_84357417imgpersiancatjobid28.JPEG", "unix_time": 1620672526.430095}
INFO:ccdag_utils.py:runtime_stat:{"task_name": "lccenc6", "event": "queue_start_process", "filename": "storeclass6_lccenc6_53869668imgpersiancatjobid29.JPEG", "unix_time": 1620672526.4306297}
INFO:ccdag_utils.py:runtime_stat:{"task_name": "lccenc6", "event": "queue_start_process", "filename": "storeclass6_lccenc6_16205678imgpersiancatjobid29.JPEG", "unix_time": 1620672526.430941}
INFO:ccdag_utils.py:runtime_stat:{"task_name": "lccenc6", "event": "queue_start_process", "filename": "storeclass6_lccenc6_27857236imgpersiancatjobid29.JPEG", "unix_time": 1620672526.4314563}
INFO:ccdag_utils.py:runtime_stat:{"task_name": "lccenc6", "event": "queue_end_process", "filename": "lccenc6_score6a_5#20891750-5#53032044-5#84357417-5#53869668-5#16205678-5#27857236jobid7.csv", "unix_time": 1620672527.603065}
INFO:circe.py:runtime_stat:{"task_name": "circe", "event": "new_output_file", "filename": "lccenc6_score6a_5#20891750-5#53032044-5#84357417-5#53869668-5#16205678-5#27857236jobid7.csv", "unix_time": 1620672527.6038847}
DEBUG:transfer.py:sshpass -p PASSWORD scp -P 5000 -o StrictHostKeyChecking=no /jupiter/circe_output/lccenc6_score6a_5#20891750-5#53032044-5#84357417-5#53869668-5#16205678-5#27857236jobid7.csv root@10.111.244.223:/jupiter/circe_input/
DEBUG:transfer.py:transfer successful!
INFO:ccdag_utils.py:runtime_stat:{"task_name": "lccenc6", "event": "queue_end_process", "filename": "lccenc6_score6b_5#20891750-5#53032044-5#84357417-5#53869668-5#16205678-5#27857236jobid7.csv", "unix_time": 1620672528.6004217}
INFO:circe.py:runtime_stat:{"task_name": "circe", "event": "new_output_file", "filename": "lccenc6_score6b_5#20891750-5#53032044-5#84357417-5#53869668-5#16205678-5#27857236jobid7.csv", "unix_time": 1620672528.6012943}
DEBUG:transfer.py:sshpass -p PASSWORD scp -P 5000 -o StrictHostKeyChecking=no /jupiter/circe_output/lccenc6_score6b_5#20891750-5#53032044-5#84357417-5#53869668-5#16205678-5#27857236jobid7.csv root@10.109.103.72:/jupiter/circe_input/
DEBUG:transfer.py:transfer successful!
INFO:ccdag_utils.py:runtime_stat:{"task_name": "lccenc6", "event": "queue_end_process", "filename": "lccenc6_score6c_5#20891750-5#53032044-5#84357417-5#53869668-5#16205678-5#27857236jobid7.csv", "unix_time": 1620672529.5963569}
INFO:circe.py:runtime_stat:{"task_name": "circe", "event": "new_output_file", "filename": "lccenc6_score6c_5#20891750-5#53032044-5#84357417-5#53869668-5#16205678-5#27857236jobid7.csv", "unix_time": 1620672529.5973895}
DEBUG:transfer.py:sshpass -p PASSWORD scp -P 5000 -o StrictHostKeyChecking=no /jupiter/circe_output/lccenc6_score6c_5#20891750-5#53032044-5#84357417-5#53869668-5#16205678-5#27857236jobid7.csv root@10.98.137.120:/jupiter/circe_input/
DEBUG:transfer.py:transfer successful!
INFO:circe.py:runtime_stat:{"task_name": "circe", "event": "new_input_file", "filename": "storeclass6_lccenc6_66618122imgpersiancatjobid30.JPEG", "unix_time": 1620672535.354972}
INFO:circe.py:runtime_stat:{"task_name": "circe", "event": "new_input_file", "filename": "storeclass6_lccenc6_03590904imgpersiancatjobid30.JPEG", "unix_time": 1620672536.358422}
INFO:circe.py:runtime_stat:{"task_name": "circe", "event": "new_input_file", "filename": "storeclass6_lccenc6_64726644imgpersiancatjobid31.JPEG", "unix_time": 1620672549.5116513}
INFO:circe.py:runtime_stat:{"task_name": "circe", "event": "new_input_file", "filename": "storeclass6_lccenc6_26279154imgpersiancatjobid31.JPEG", "unix_time": 1620672549.8602324}
