 * Starting OpenBSD Secure Shell server sshd
   ...done.
INFO:circe.py:Using base script storeclass.py
DEBUG:circe.py:starting the input monitoring process
DEBUG:circe.py:starting the output monitoring process
INFO:circe.py:runtime_stat:{"task_name": "circe", "event": "new_input_file", "filename": "home_storeclass5_39653970imgkitfoxjobid2.JPEG", "unix_time": 1620672205.3687558}
INFO:ccdag_utils.py:runtime_stat:{"task_name": "storeclass5", "event": "queue_start_process", "filename": "home_storeclass5_39653970imgkitfoxjobid2.JPEG", "unix_time": 1620672205.5470772}
INFO:ccdag_utils.py:runtime_stat:{"task_name": "storeclass5", "event": "queue_end_process", "filename": "storeclass5_lccenc5_39653970imgkitfoxjobid2.JPEG", "unix_time": 1620672205.5530357}
INFO:circe.py:runtime_stat:{"task_name": "circe", "event": "new_output_file", "filename": "storeclass5_lccenc5_39653970imgkitfoxjobid2.JPEG", "unix_time": 1620672205.554076}
DEBUG:transfer.py:sshpass -p PASSWORD scp -P 5000 -o StrictHostKeyChecking=no /jupiter/circe_output/storeclass5_lccenc5_39653970imgkitfoxjobid2.JPEG root@10.105.85.174:/jupiter/circe_input/
Warning: Permanently added '[10.105.85.174]:5000' (ECDSA) to the list of known hosts.
DEBUG:transfer.py:transfer successful!
INFO:circe.py:runtime_stat:{"task_name": "circe", "event": "new_input_file", "filename": "resnet0_storeclass5_15897323imgkitfoxjobid3.JPEG", "unix_time": 1620672225.806797}
INFO:ccdag_utils.py:runtime_stat:{"task_name": "storeclass5", "event": "queue_start_process", "filename": "resnet0_storeclass5_15897323imgkitfoxjobid3.JPEG", "unix_time": 1620672226.575327}
INFO:ccdag_utils.py:runtime_stat:{"task_name": "storeclass5", "event": "queue_end_process", "filename": "storeclass5_lccenc5_15897323imgkitfoxjobid3.JPEG", "unix_time": 1620672226.5838015}
INFO:circe.py:runtime_stat:{"task_name": "circe", "event": "new_output_file", "filename": "storeclass5_lccenc5_15897323imgkitfoxjobid3.JPEG", "unix_time": 1620672226.5849762}
DEBUG:transfer.py:sshpass -p PASSWORD scp -P 5000 -o StrictHostKeyChecking=no /jupiter/circe_output/storeclass5_lccenc5_15897323imgkitfoxjobid3.JPEG root@10.105.85.174:/jupiter/circe_input/
DEBUG:transfer.py:transfer successful!
INFO:circe.py:runtime_stat:{"task_name": "circe", "event": "new_input_file", "filename": "resnet2_storeclass5_89600835imgkitfoxjobid9.JPEG", "unix_time": 1620672299.6083014}
INFO:ccdag_utils.py:runtime_stat:{"task_name": "storeclass5", "event": "queue_start_process", "filename": "resnet2_storeclass5_89600835imgkitfoxjobid9.JPEG", "unix_time": 1620672299.659851}
INFO:circe.py:runtime_stat:{"task_name": "circe", "event": "new_output_file", "filename": "storeclass5_lccenc5_89600835imgkitfoxjobid9.JPEG", "unix_time": 1620672299.6659372}
DEBUG:transfer.py:sshpass -p PASSWORD scp -P 5000 -o StrictHostKeyChecking=no /jupiter/circe_output/storeclass5_lccenc5_89600835imgkitfoxjobid9.JPEG root@10.105.85.174:/jupiter/circe_input/
INFO:ccdag_utils.py:runtime_stat:{"task_name": "storeclass5", "event": "queue_end_process", "filename": "storeclass5_lccenc5_89600835imgkitfoxjobid9.JPEG", "unix_time": 1620672299.6690967}
DEBUG:transfer.py:transfer successful!
INFO:circe.py:runtime_stat:{"task_name": "circe", "event": "new_input_file", "filename": "resnet1_storeclass5_14660286imgkitfoxjobid11.JPEG", "unix_time": 1620672327.7560134}
INFO:ccdag_utils.py:runtime_stat:{"task_name": "storeclass5", "event": "queue_start_process", "filename": "resnet1_storeclass5_14660286imgkitfoxjobid11.JPEG", "unix_time": 1620672328.7038815}
INFO:ccdag_utils.py:runtime_stat:{"task_name": "storeclass5", "event": "queue_end_process", "filename": "storeclass5_lccenc5_14660286imgkitfoxjobid11.JPEG", "unix_time": 1620672328.7055416}
INFO:circe.py:runtime_stat:{"task_name": "circe", "event": "new_output_file", "filename": "storeclass5_lccenc5_14660286imgkitfoxjobid11.JPEG", "unix_time": 1620672328.7076204}
DEBUG:transfer.py:sshpass -p PASSWORD scp -P 5000 -o StrictHostKeyChecking=no /jupiter/circe_output/storeclass5_lccenc5_14660286imgkitfoxjobid11.JPEG root@10.105.85.174:/jupiter/circe_input/
DEBUG:transfer.py:transfer successful!
INFO:circe.py:runtime_stat:{"task_name": "circe", "event": "new_input_file", "filename": "home_storeclass5_97763573imgkitfoxjobid12.JPEG", "unix_time": 1620672333.3896399}
INFO:ccdag_utils.py:runtime_stat:{"task_name": "storeclass5", "event": "queue_start_process", "filename": "home_storeclass5_97763573imgkitfoxjobid12.JPEG", "unix_time": 1620672333.7117333}
INFO:ccdag_utils.py:runtime_stat:{"task_name": "storeclass5", "event": "queue_end_process", "filename": "storeclass5_lccenc5_97763573imgkitfoxjobid12.JPEG", "unix_time": 1620672333.716165}
INFO:circe.py:runtime_stat:{"task_name": "circe", "event": "new_output_file", "filename": "storeclass5_lccenc5_97763573imgkitfoxjobid12.JPEG", "unix_time": 1620672333.7170644}
DEBUG:transfer.py:sshpass -p PASSWORD scp -P 5000 -o StrictHostKeyChecking=no /jupiter/circe_output/storeclass5_lccenc5_97763573imgkitfoxjobid12.JPEG root@10.105.85.174:/jupiter/circe_input/
DEBUG:transfer.py:transfer successful!
INFO:circe.py:runtime_stat:{"task_name": "circe", "event": "new_input_file", "filename": "home_storeclass5_90459395imgkitfoxjobid13.JPEG", "unix_time": 1620672378.8304656}
INFO:ccdag_utils.py:runtime_stat:{"task_name": "storeclass5", "event": "queue_start_process", "filename": "home_storeclass5_90459395imgkitfoxjobid13.JPEG", "unix_time": 1620672379.7743945}
INFO:circe.py:runtime_stat:{"task_name": "circe", "event": "new_output_file", "filename": "storeclass5_lccenc5_90459395imgkitfoxjobid13.JPEG", "unix_time": 1620672379.7795331}
INFO:ccdag_utils.py:runtime_stat:{"task_name": "storeclass5", "event": "queue_end_process", "filename": "storeclass5_lccenc5_90459395imgkitfoxjobid13.JPEG", "unix_time": 1620672379.7798982}
DEBUG:transfer.py:sshpass -p PASSWORD scp -P 5000 -o StrictHostKeyChecking=no /jupiter/circe_output/storeclass5_lccenc5_90459395imgkitfoxjobid13.JPEG root@10.105.85.174:/jupiter/circe_input/
DEBUG:transfer.py:transfer successful!
