 * Starting OpenBSD Secure Shell server sshd
   ...done.
INFO:circe.py:Using base script score.py
DEBUG:circe.py:starting the input monitoring process
DEBUG:circe.py:starting the output monitoring process
INFO:circe.py:runtime_stat:{"task_name": "circe", "event": "new_input_file", "filename": "lccenc1_score1c_0#39316084-0#19112570-0#65706923-0#32012109-0#81163499-0#62853597jobid1.csv", "unix_time": 1620672188.647279}
INFO:ccdag_utils.py:runtime_stat:{"task_name": "score1c", "event": "queue_start_process", "filename": "lccenc1_score1c_0#39316084-0#19112570-0#65706923-0#32012109-0#81163499-0#62853597jobid1.csv", "unix_time": 1620672189.3597524}
['fireengine21.JPEG', 'fireengine22.JPEG', 'fireengine23.JPEG', 'fireengine24.JPEG', 'fireengine25.JPEG', 'fireengine26.JPEG', 'fireengine27.JPEG', 'fireengine28.JPEG', 'fireengine29.JPEG', 'fireengine30.JPEG']
INFO:circe.py:runtime_stat:{"task_name": "circe", "event": "new_output_file", "filename": "score1c_preagg1_1jobth0#39316084-0#19112570-0#65706923-0#32012109-0#81163499-0#62853597", "unix_time": 1620672191.4665458}
DEBUG:transfer.py:sshpass -p PASSWORD scp -P 5000 -o StrictHostKeyChecking=no /jupiter/circe_output/score1c_preagg1_1jobth0#39316084-0#19112570-0#65706923-0#32012109-0#81163499-0#62853597 root@10.103.159.148:/jupiter/circe_input/
INFO:ccdag_utils.py:runtime_stat:{"task_name": "score1c", "event": "queue_end_process", "filename": "score1c_preagg1_1jobth0#39316084-0#19112570-0#65706923-0#32012109-0#81163499-0#62853597", "unix_time": 1620672191.4737911}
Warning: Permanently added '[10.103.159.148]:5000' (ECDSA) to the list of known hosts.
DEBUG:transfer.py:transfer successful!
INFO:circe.py:runtime_stat:{"task_name": "circe", "event": "new_input_file", "filename": "lccenc1_score1c_0#47352231-0#18786361-0#19644358-0#99622015-0#90581383-0#71472802jobid2.csv", "unix_time": 1620672254.8598104}
INFO:ccdag_utils.py:runtime_stat:{"task_name": "score1c", "event": "queue_start_process", "filename": "lccenc1_score1c_0#47352231-0#18786361-0#19644358-0#99622015-0#90581383-0#71472802jobid2.csv", "unix_time": 1620672255.5447624}
['fireengine21.JPEG', 'fireengine22.JPEG', 'fireengine23.JPEG', 'fireengine24.JPEG', 'fireengine25.JPEG', 'fireengine26.JPEG', 'fireengine27.JPEG', 'fireengine28.JPEG', 'fireengine29.JPEG', 'fireengine30.JPEG']
INFO:circe.py:runtime_stat:{"task_name": "circe", "event": "new_output_file", "filename": "score1c_preagg1_2jobth0#47352231-0#18786361-0#19644358-0#99622015-0#90581383-0#71472802", "unix_time": 1620672257.3520038}
DEBUG:transfer.py:sshpass -p PASSWORD scp -P 5000 -o StrictHostKeyChecking=no /jupiter/circe_output/score1c_preagg1_2jobth0#47352231-0#18786361-0#19644358-0#99622015-0#90581383-0#71472802 root@10.103.159.148:/jupiter/circe_input/
INFO:ccdag_utils.py:runtime_stat:{"task_name": "score1c", "event": "queue_end_process", "filename": "score1c_preagg1_2jobth0#47352231-0#18786361-0#19644358-0#99622015-0#90581383-0#71472802", "unix_time": 1620672257.358325}
DEBUG:transfer.py:transfer successful!
INFO:circe.py:runtime_stat:{"task_name": "circe", "event": "new_input_file", "filename": "lccenc1_score1c_0#39069717-0#48707859-0#23946882-0#21008949-0#81810616-0#45805096jobid3.csv", "unix_time": 1620672280.0811958}
INFO:ccdag_utils.py:runtime_stat:{"task_name": "score1c", "event": "queue_start_process", "filename": "lccenc1_score1c_0#39069717-0#48707859-0#23946882-0#21008949-0#81810616-0#45805096jobid3.csv", "unix_time": 1620672280.3846133}
['fireengine21.JPEG', 'fireengine22.JPEG', 'fireengine23.JPEG', 'fireengine24.JPEG', 'fireengine25.JPEG', 'fireengine26.JPEG', 'fireengine27.JPEG', 'fireengine28.JPEG', 'fireengine29.JPEG', 'fireengine30.JPEG']
INFO:circe.py:runtime_stat:{"task_name": "circe", "event": "new_output_file", "filename": "score1c_preagg1_3jobth0#39069717-0#48707859-0#23946882-0#21008949-0#81810616-0#45805096", "unix_time": 1620672282.184095}
DEBUG:transfer.py:sshpass -p PASSWORD scp -P 5000 -o StrictHostKeyChecking=no /jupiter/circe_output/score1c_preagg1_3jobth0#39069717-0#48707859-0#23946882-0#21008949-0#81810616-0#45805096 root@10.103.159.148:/jupiter/circe_input/
INFO:ccdag_utils.py:runtime_stat:{"task_name": "score1c", "event": "queue_end_process", "filename": "score1c_preagg1_3jobth0#39069717-0#48707859-0#23946882-0#21008949-0#81810616-0#45805096", "unix_time": 1620672282.1899128}
DEBUG:transfer.py:transfer successful!
INFO:circe.py:runtime_stat:{"task_name": "circe", "event": "new_input_file", "filename": "lccenc1_score1c_0#56859904-0#27937603-0#40024760-0#30606378-1#91295054-1#15720744jobid4.csv", "unix_time": 1620672451.458168}
INFO:ccdag_utils.py:runtime_stat:{"task_name": "score1c", "event": "queue_start_process", "filename": "lccenc1_score1c_0#56859904-0#27937603-0#40024760-0#30606378-1#91295054-1#15720744jobid4.csv", "unix_time": 1620672452.365619}
['fireengine21.JPEG', 'fireengine22.JPEG', 'fireengine23.JPEG', 'fireengine24.JPEG', 'fireengine25.JPEG', 'fireengine26.JPEG', 'fireengine27.JPEG', 'fireengine28.JPEG', 'fireengine29.JPEG', 'fireengine30.JPEG']
INFO:circe.py:runtime_stat:{"task_name": "circe", "event": "new_output_file", "filename": "score1c_preagg1_4jobth0#56859904-0#27937603-0#40024760-0#30606378-1#91295054-1#15720744", "unix_time": 1620672454.2228436}
DEBUG:transfer.py:sshpass -p PASSWORD scp -P 5000 -o StrictHostKeyChecking=no /jupiter/circe_output/score1c_preagg1_4jobth0#56859904-0#27937603-0#40024760-0#30606378-1#91295054-1#15720744 root@10.103.159.148:/jupiter/circe_input/
INFO:ccdag_utils.py:runtime_stat:{"task_name": "score1c", "event": "queue_end_process", "filename": "score1c_preagg1_4jobth0#56859904-0#27937603-0#40024760-0#30606378-1#91295054-1#15720744", "unix_time": 1620672454.2300456}
DEBUG:transfer.py:transfer successful!
