 * Starting OpenBSD Secure Shell server sshd
   ...done.
INFO:circe.py:Using base script score.py
DEBUG:circe.py:starting the input monitoring process
DEBUG:circe.py:starting the output monitoring process
INFO:circe.py:runtime_stat:{"task_name": "circe", "event": "new_input_file", "filename": "lccenc3_score3c_2#35184825-2#24207228-2#40310463-2#65870445-2#28633893-2#02329083jobid1.csv", "unix_time": 1620672585.7172077}
INFO:ccdag_utils.py:runtime_stat:{"task_name": "score3c", "event": "queue_start_process", "filename": "lccenc3_score3c_2#35184825-2#24207228-2#40310463-2#65870445-2#28633893-2#02329083jobid1.csv", "unix_time": 1620672586.1634684}
['whitewolf21.JPEG', 'whitewolf22.JPEG', 'whitewolf23.JPEG', 'whitewolf24.JPEG', 'whitewolf25.JPEG', 'whitewolf26.JPEG', 'whitewolf27.JPEG', 'whitewolf28.JPEG', 'whitewolf29.JPEG', 'whitewolf30.JPEG']
INFO:circe.py:runtime_stat:{"task_name": "circe", "event": "new_output_file", "filename": "score3c_preagg3_1jobth2#35184825-2#24207228-2#40310463-2#65870445-2#28633893-2#02329083", "unix_time": 1620672587.854972}
DEBUG:transfer.py:sshpass -p PASSWORD scp -P 5000 -o StrictHostKeyChecking=no /jupiter/circe_output/score3c_preagg3_1jobth2#35184825-2#24207228-2#40310463-2#65870445-2#28633893-2#02329083 root@10.104.149.85:/jupiter/circe_input/
INFO:ccdag_utils.py:runtime_stat:{"task_name": "score3c", "event": "queue_end_process", "filename": "score3c_preagg3_1jobth2#35184825-2#24207228-2#40310463-2#65870445-2#28633893-2#02329083", "unix_time": 1620672587.862727}
Warning: Permanently added '[10.104.149.85]:5000' (ECDSA) to the list of known hosts.
DEBUG:transfer.py:transfer successful!
INFO:circe.py:runtime_stat:{"task_name": "circe", "event": "new_input_file", "filename": "lccenc3_score3c_2#56096250-2#55119495-2#68476704-2#36486311-2#95190107-2#96096570jobid2.csv", "unix_time": 1620672597.8719337}
INFO:ccdag_utils.py:runtime_stat:{"task_name": "score3c", "event": "queue_start_process", "filename": "lccenc3_score3c_2#56096250-2#55119495-2#68476704-2#36486311-2#95190107-2#96096570jobid2.csv", "unix_time": 1620672597.8752525}
['whitewolf21.JPEG', 'whitewolf22.JPEG', 'whitewolf23.JPEG', 'whitewolf24.JPEG', 'whitewolf25.JPEG', 'whitewolf26.JPEG', 'whitewolf27.JPEG', 'whitewolf28.JPEG', 'whitewolf29.JPEG', 'whitewolf30.JPEG']
INFO:circe.py:runtime_stat:{"task_name": "circe", "event": "new_output_file", "filename": "score3c_preagg3_2jobth2#56096250-2#55119495-2#68476704-2#36486311-2#95190107-2#96096570", "unix_time": 1620672599.382375}
DEBUG:transfer.py:sshpass -p PASSWORD scp -P 5000 -o StrictHostKeyChecking=no /jupiter/circe_output/score3c_preagg3_2jobth2#56096250-2#55119495-2#68476704-2#36486311-2#95190107-2#96096570 root@10.104.149.85:/jupiter/circe_input/
INFO:ccdag_utils.py:runtime_stat:{"task_name": "score3c", "event": "queue_end_process", "filename": "score3c_preagg3_2jobth2#56096250-2#55119495-2#68476704-2#36486311-2#95190107-2#96096570", "unix_time": 1620672599.3884454}
DEBUG:transfer.py:transfer successful!
INFO:circe.py:runtime_stat:{"task_name": "circe", "event": "new_input_file", "filename": "lccenc3_score3c_2#16120061-2#74051263-2#81196003-2#40865877-2#90006692-2#98347587jobid3.csv", "unix_time": 1620672622.3015237}
INFO:ccdag_utils.py:runtime_stat:{"task_name": "score3c", "event": "queue_start_process", "filename": "lccenc3_score3c_2#16120061-2#74051263-2#81196003-2#40865877-2#90006692-2#98347587jobid3.csv", "unix_time": 1620672622.421879}
['whitewolf21.JPEG', 'whitewolf22.JPEG', 'whitewolf23.JPEG', 'whitewolf24.JPEG', 'whitewolf25.JPEG', 'whitewolf26.JPEG', 'whitewolf27.JPEG', 'whitewolf28.JPEG', 'whitewolf29.JPEG', 'whitewolf30.JPEG']
INFO:circe.py:runtime_stat:{"task_name": "circe", "event": "new_output_file", "filename": "score3c_preagg3_3jobth2#16120061-2#74051263-2#81196003-2#40865877-2#90006692-2#98347587", "unix_time": 1620672623.9170291}
DEBUG:transfer.py:sshpass -p PASSWORD scp -P 5000 -o StrictHostKeyChecking=no /jupiter/circe_output/score3c_preagg3_3jobth2#16120061-2#74051263-2#81196003-2#40865877-2#90006692-2#98347587 root@10.104.149.85:/jupiter/circe_input/
INFO:ccdag_utils.py:runtime_stat:{"task_name": "score3c", "event": "queue_end_process", "filename": "score3c_preagg3_3jobth2#16120061-2#74051263-2#81196003-2#40865877-2#90006692-2#98347587", "unix_time": 1620672623.9251795}
DEBUG:transfer.py:transfer successful!
INFO:circe.py:runtime_stat:{"task_name": "circe", "event": "new_input_file", "filename": "lccenc3_score3c_2#63500820-2#83695840-2#27412658-2#92349339-2#25174091-2#12366652jobid4.csv", "unix_time": 1620672658.6796095}
INFO:ccdag_utils.py:runtime_stat:{"task_name": "score3c", "event": "queue_start_process", "filename": "lccenc3_score3c_2#63500820-2#83695840-2#27412658-2#92349339-2#25174091-2#12366652jobid4.csv", "unix_time": 1620672658.963525}
['whitewolf21.JPEG', 'whitewolf22.JPEG', 'whitewolf23.JPEG', 'whitewolf24.JPEG', 'whitewolf25.JPEG', 'whitewolf26.JPEG', 'whitewolf27.JPEG', 'whitewolf28.JPEG', 'whitewolf29.JPEG', 'whitewolf30.JPEG']
INFO:circe.py:runtime_stat:{"task_name": "circe", "event": "new_output_file", "filename": "score3c_preagg3_4jobth2#63500820-2#83695840-2#27412658-2#92349339-2#25174091-2#12366652", "unix_time": 1620672660.4505327}
DEBUG:transfer.py:sshpass -p PASSWORD scp -P 5000 -o StrictHostKeyChecking=no /jupiter/circe_output/score3c_preagg3_4jobth2#63500820-2#83695840-2#27412658-2#92349339-2#25174091-2#12366652 root@10.104.149.85:/jupiter/circe_input/
INFO:ccdag_utils.py:runtime_stat:{"task_name": "score3c", "event": "queue_end_process", "filename": "score3c_preagg3_4jobth2#63500820-2#83695840-2#27412658-2#92349339-2#25174091-2#12366652", "unix_time": 1620672660.4599514}
DEBUG:transfer.py:transfer successful!
INFO:circe.py:runtime_stat:{"task_name": "circe", "event": "new_input_file", "filename": "lccenc3_score3c_2#79459715-2#21165126-2#46482246-2#82559717-2#15589622-2#51056609jobid5.csv", "unix_time": 1620672684.9412763}
INFO:ccdag_utils.py:runtime_stat:{"task_name": "score3c", "event": "queue_start_process", "filename": "lccenc3_score3c_2#79459715-2#21165126-2#46482246-2#82559717-2#15589622-2#51056609jobid5.csv", "unix_time": 1620672685.4857402}
['whitewolf21.JPEG', 'whitewolf22.JPEG', 'whitewolf23.JPEG', 'whitewolf24.JPEG', 'whitewolf25.JPEG', 'whitewolf26.JPEG', 'whitewolf27.JPEG', 'whitewolf28.JPEG', 'whitewolf29.JPEG', 'whitewolf30.JPEG']
INFO:circe.py:runtime_stat:{"task_name": "circe", "event": "new_output_file", "filename": "score3c_preagg3_5jobth2#79459715-2#21165126-2#46482246-2#82559717-2#15589622-2#51056609", "unix_time": 1620672686.9649394}
DEBUG:transfer.py:sshpass -p PASSWORD scp -P 5000 -o StrictHostKeyChecking=no /jupiter/circe_output/score3c_preagg3_5jobth2#79459715-2#21165126-2#46482246-2#82559717-2#15589622-2#51056609 root@10.104.149.85:/jupiter/circe_input/
INFO:ccdag_utils.py:runtime_stat:{"task_name": "score3c", "event": "queue_end_process", "filename": "score3c_preagg3_5jobth2#79459715-2#21165126-2#46482246-2#82559717-2#15589622-2#51056609", "unix_time": 1620672686.9730244}
DEBUG:transfer.py:transfer successful!
INFO:circe.py:runtime_stat:{"task_name": "circe", "event": "new_input_file", "filename": "lccenc3_score3c_2#45358191-2#01114810-2#68024457-2#30558281-2#65122505-2#70155160jobid6.csv", "unix_time": 1620672704.0750778}
INFO:ccdag_utils.py:runtime_stat:{"task_name": "score3c", "event": "queue_start_process", "filename": "lccenc3_score3c_2#45358191-2#01114810-2#68024457-2#30558281-2#65122505-2#70155160jobid6.csv", "unix_time": 1620672704.993682}
['whitewolf21.JPEG', 'whitewolf22.JPEG', 'whitewolf23.JPEG', 'whitewolf24.JPEG', 'whitewolf25.JPEG', 'whitewolf26.JPEG', 'whitewolf27.JPEG', 'whitewolf28.JPEG', 'whitewolf29.JPEG', 'whitewolf30.JPEG']
INFO:circe.py:runtime_stat:{"task_name": "circe", "event": "new_output_file", "filename": "score3c_preagg3_6jobth2#45358191-2#01114810-2#68024457-2#30558281-2#65122505-2#70155160", "unix_time": 1620672706.4644067}
DEBUG:transfer.py:sshpass -p PASSWORD scp -P 5000 -o StrictHostKeyChecking=no /jupiter/circe_output/score3c_preagg3_6jobth2#45358191-2#01114810-2#68024457-2#30558281-2#65122505-2#70155160 root@10.104.149.85:/jupiter/circe_input/
INFO:ccdag_utils.py:runtime_stat:{"task_name": "score3c", "event": "queue_end_process", "filename": "score3c_preagg3_6jobth2#45358191-2#01114810-2#68024457-2#30558281-2#65122505-2#70155160", "unix_time": 1620672706.4655066}
DEBUG:transfer.py:transfer successful!
