 * Starting OpenBSD Secure Shell server sshd
   ...done.
INFO:circe.py:Using base script score.py
DEBUG:circe.py:starting the input monitoring process
DEBUG:circe.py:starting the output monitoring process
INFO:circe.py:runtime_stat:{"task_name": "circe", "event": "new_input_file", "filename": "lccenc6_score6c_5#09024883-5#48367758-5#53288761-5#86029509-5#32336003-5#43403692jobid1.csv", "unix_time": 1620672405.3167925}
INFO:ccdag_utils.py:runtime_stat:{"task_name": "score6c", "event": "queue_start_process", "filename": "lccenc6_score6c_5#09024883-5#48367758-5#53288761-5#86029509-5#32336003-5#43403692jobid1.csv", "unix_time": 1620672406.3070712}
['persiancat21.JPEG', 'persiancat22.JPEG', 'persiancat23.JPEG', 'persiancat24.JPEG', 'persiancat25.JPEG', 'persiancat26.JPEG', 'persiancat27.JPEG', 'persiancat28.JPEG', 'persiancat29.JPEG', 'persiancat30.JPEG']
INFO:ccdag_utils.py:runtime_stat:{"task_name": "score6c", "event": "queue_end_process", "filename": "score6c_preagg6_1jobth5#09024883-5#48367758-5#53288761-5#86029509-5#32336003-5#43403692", "unix_time": 1620672407.9359486}
INFO:circe.py:runtime_stat:{"task_name": "circe", "event": "new_output_file", "filename": "score6c_preagg6_1jobth5#09024883-5#48367758-5#53288761-5#86029509-5#32336003-5#43403692", "unix_time": 1620672407.9398007}
DEBUG:transfer.py:sshpass -p PASSWORD scp -P 5000 -o StrictHostKeyChecking=no /jupiter/circe_output/score6c_preagg6_1jobth5#09024883-5#48367758-5#53288761-5#86029509-5#32336003-5#43403692 root@10.100.103.145:/jupiter/circe_input/
Warning: Permanently added '[10.100.103.145]:5000' (ECDSA) to the list of known hosts.
DEBUG:transfer.py:transfer successful!
INFO:circe.py:runtime_stat:{"task_name": "circe", "event": "new_input_file", "filename": "lccenc6_score6c_5#03817444-5#99777129-5#19195469-5#65046604-5#17295495-5#70525970jobid2.csv", "unix_time": 1620672415.68644}
INFO:ccdag_utils.py:runtime_stat:{"task_name": "score6c", "event": "queue_start_process", "filename": "lccenc6_score6c_5#03817444-5#99777129-5#19195469-5#65046604-5#17295495-5#70525970jobid2.csv", "unix_time": 1620672415.9441574}
['persiancat21.JPEG', 'persiancat22.JPEG', 'persiancat23.JPEG', 'persiancat24.JPEG', 'persiancat25.JPEG', 'persiancat26.JPEG', 'persiancat27.JPEG', 'persiancat28.JPEG', 'persiancat29.JPEG', 'persiancat30.JPEG']
INFO:circe.py:runtime_stat:{"task_name": "circe", "event": "new_output_file", "filename": "score6c_preagg6_2jobth5#03817444-5#99777129-5#19195469-5#65046604-5#17295495-5#70525970", "unix_time": 1620672417.4972985}
DEBUG:transfer.py:sshpass -p PASSWORD scp -P 5000 -o StrictHostKeyChecking=no /jupiter/circe_output/score6c_preagg6_2jobth5#03817444-5#99777129-5#19195469-5#65046604-5#17295495-5#70525970 root@10.100.103.145:/jupiter/circe_input/
INFO:ccdag_utils.py:runtime_stat:{"task_name": "score6c", "event": "queue_end_process", "filename": "score6c_preagg6_2jobth5#03817444-5#99777129-5#19195469-5#65046604-5#17295495-5#70525970", "unix_time": 1620672417.503165}
DEBUG:transfer.py:transfer successful!
INFO:circe.py:runtime_stat:{"task_name": "circe", "event": "new_input_file", "filename": "lccenc6_score6c_5#39100509-5#77440066-5#45643001-5#30796899-5#76111185-5#82133856jobid3.csv", "unix_time": 1620672439.8790407}
INFO:ccdag_utils.py:runtime_stat:{"task_name": "score6c", "event": "queue_start_process", "filename": "lccenc6_score6c_5#39100509-5#77440066-5#45643001-5#30796899-5#76111185-5#82133856jobid3.csv", "unix_time": 1620672440.5284963}
['persiancat21.JPEG', 'persiancat22.JPEG', 'persiancat23.JPEG', 'persiancat24.JPEG', 'persiancat25.JPEG', 'persiancat26.JPEG', 'persiancat27.JPEG', 'persiancat28.JPEG', 'persiancat29.JPEG', 'persiancat30.JPEG']
INFO:circe.py:runtime_stat:{"task_name": "circe", "event": "new_output_file", "filename": "score6c_preagg6_3jobth5#39100509-5#77440066-5#45643001-5#30796899-5#76111185-5#82133856", "unix_time": 1620672442.0013993}
DEBUG:transfer.py:sshpass -p PASSWORD scp -P 5000 -o StrictHostKeyChecking=no /jupiter/circe_output/score6c_preagg6_3jobth5#39100509-5#77440066-5#45643001-5#30796899-5#76111185-5#82133856 root@10.100.103.145:/jupiter/circe_input/
INFO:ccdag_utils.py:runtime_stat:{"task_name": "score6c", "event": "queue_end_process", "filename": "score6c_preagg6_3jobth5#39100509-5#77440066-5#45643001-5#30796899-5#76111185-5#82133856", "unix_time": 1620672442.0072923}
DEBUG:transfer.py:transfer successful!
INFO:circe.py:runtime_stat:{"task_name": "circe", "event": "new_input_file", "filename": "lccenc6_score6c_5#38568875-5#34099982-5#73090939-5#05075856-5#27527458-5#65852550jobid4.csv", "unix_time": 1620672472.1672778}
INFO:ccdag_utils.py:runtime_stat:{"task_name": "score6c", "event": "queue_start_process", "filename": "lccenc6_score6c_5#38568875-5#34099982-5#73090939-5#05075856-5#27527458-5#65852550jobid4.csv", "unix_time": 1620672473.0360475}
['persiancat21.JPEG', 'persiancat22.JPEG', 'persiancat23.JPEG', 'persiancat24.JPEG', 'persiancat25.JPEG', 'persiancat26.JPEG', 'persiancat27.JPEG', 'persiancat28.JPEG', 'persiancat29.JPEG', 'persiancat30.JPEG']
INFO:circe.py:runtime_stat:{"task_name": "circe", "event": "new_output_file", "filename": "score6c_preagg6_4jobth5#38568875-5#34099982-5#73090939-5#05075856-5#27527458-5#65852550", "unix_time": 1620672474.5238173}
DEBUG:transfer.py:sshpass -p PASSWORD scp -P 5000 -o StrictHostKeyChecking=no /jupiter/circe_output/score6c_preagg6_4jobth5#38568875-5#34099982-5#73090939-5#05075856-5#27527458-5#65852550 root@10.100.103.145:/jupiter/circe_input/
INFO:ccdag_utils.py:runtime_stat:{"task_name": "score6c", "event": "queue_end_process", "filename": "score6c_preagg6_4jobth5#38568875-5#34099982-5#73090939-5#05075856-5#27527458-5#65852550", "unix_time": 1620672474.53158}
DEBUG:transfer.py:transfer successful!
INFO:circe.py:runtime_stat:{"task_name": "circe", "event": "new_input_file", "filename": "lccenc6_score6c_5#87647390-5#89836677-5#42914281-5#98805844-5#14234280-5#98688148jobid5.csv", "unix_time": 1620672509.7518754}
INFO:ccdag_utils.py:runtime_stat:{"task_name": "score6c", "event": "queue_start_process", "filename": "lccenc6_score6c_5#87647390-5#89836677-5#42914281-5#98805844-5#14234280-5#98688148jobid5.csv", "unix_time": 1620672510.5686502}
['persiancat21.JPEG', 'persiancat22.JPEG', 'persiancat23.JPEG', 'persiancat24.JPEG', 'persiancat25.JPEG', 'persiancat26.JPEG', 'persiancat27.JPEG', 'persiancat28.JPEG', 'persiancat29.JPEG', 'persiancat30.JPEG']
INFO:circe.py:runtime_stat:{"task_name": "circe", "event": "new_output_file", "filename": "score6c_preagg6_5jobth5#87647390-5#89836677-5#42914281-5#98805844-5#14234280-5#98688148", "unix_time": 1620672512.0578928}
DEBUG:transfer.py:sshpass -p PASSWORD scp -P 5000 -o StrictHostKeyChecking=no /jupiter/circe_output/score6c_preagg6_5jobth5#87647390-5#89836677-5#42914281-5#98805844-5#14234280-5#98688148 root@10.100.103.145:/jupiter/circe_input/
INFO:ccdag_utils.py:runtime_stat:{"task_name": "score6c", "event": "queue_end_process", "filename": "score6c_preagg6_5jobth5#87647390-5#89836677-5#42914281-5#98805844-5#14234280-5#98688148", "unix_time": 1620672512.0682082}
DEBUG:transfer.py:transfer successful!
INFO:circe.py:runtime_stat:{"task_name": "circe", "event": "new_input_file", "filename": "lccenc6_score6c_5#58599637-5#65745438-5#31385656-5#51076851-5#45980956-5#65550987jobid6.csv", "unix_time": 1620672517.7938445}
INFO:ccdag_utils.py:runtime_stat:{"task_name": "score6c", "event": "queue_start_process", "filename": "lccenc6_score6c_5#58599637-5#65745438-5#31385656-5#51076851-5#45980956-5#65550987jobid6.csv", "unix_time": 1620672518.0760498}
['persiancat21.JPEG', 'persiancat22.JPEG', 'persiancat23.JPEG', 'persiancat24.JPEG', 'persiancat25.JPEG', 'persiancat26.JPEG', 'persiancat27.JPEG', 'persiancat28.JPEG', 'persiancat29.JPEG', 'persiancat30.JPEG']
INFO:circe.py:runtime_stat:{"task_name": "circe", "event": "new_output_file", "filename": "score6c_preagg6_6jobth5#58599637-5#65745438-5#31385656-5#51076851-5#45980956-5#65550987", "unix_time": 1620672519.6274405}
DEBUG:transfer.py:sshpass -p PASSWORD scp -P 5000 -o StrictHostKeyChecking=no /jupiter/circe_output/score6c_preagg6_6jobth5#58599637-5#65745438-5#31385656-5#51076851-5#45980956-5#65550987 root@10.100.103.145:/jupiter/circe_input/
INFO:ccdag_utils.py:runtime_stat:{"task_name": "score6c", "event": "queue_end_process", "filename": "score6c_preagg6_6jobth5#58599637-5#65745438-5#31385656-5#51076851-5#45980956-5#65550987", "unix_time": 1620672519.6349514}
DEBUG:transfer.py:transfer successful!
INFO:circe.py:runtime_stat:{"task_name": "circe", "event": "new_input_file", "filename": "lccenc6_score6c_5#20891750-5#53032044-5#84357417-5#53869668-5#16205678-5#27857236jobid7.csv", "unix_time": 1620672529.9676685}
INFO:ccdag_utils.py:runtime_stat:{"task_name": "score6c", "event": "queue_start_process", "filename": "lccenc6_score6c_5#20891750-5#53032044-5#84357417-5#53869668-5#16205678-5#27857236jobid7.csv", "unix_time": 1620672530.648157}
['persiancat21.JPEG', 'persiancat22.JPEG', 'persiancat23.JPEG', 'persiancat24.JPEG', 'persiancat25.JPEG', 'persiancat26.JPEG', 'persiancat27.JPEG', 'persiancat28.JPEG', 'persiancat29.JPEG', 'persiancat30.JPEG']
INFO:circe.py:runtime_stat:{"task_name": "circe", "event": "new_output_file", "filename": "score6c_preagg6_7jobth5#20891750-5#53032044-5#84357417-5#53869668-5#16205678-5#27857236", "unix_time": 1620672532.1443043}
DEBUG:transfer.py:sshpass -p PASSWORD scp -P 5000 -o StrictHostKeyChecking=no /jupiter/circe_output/score6c_preagg6_7jobth5#20891750-5#53032044-5#84357417-5#53869668-5#16205678-5#27857236 root@10.100.103.145:/jupiter/circe_input/
INFO:ccdag_utils.py:runtime_stat:{"task_name": "score6c", "event": "queue_end_process", "filename": "score6c_preagg6_7jobth5#20891750-5#53032044-5#84357417-5#53869668-5#16205678-5#27857236", "unix_time": 1620672532.1519904}
DEBUG:transfer.py:transfer successful!
