 * Starting OpenBSD Secure Shell server sshd
   ...done.
INFO:circe.py:Using base script storeclass.py
DEBUG:circe.py:starting the input monitoring process
DEBUG:circe.py:starting the output monitoring process
INFO:circe.py:runtime_stat:{"task_name": "circe", "event": "new_input_file", "filename": "resnet1_storeclass6_09024883imgpersiancatjobid17.JPEG", "unix_time": 1620672390.2709563}
INFO:ccdag_utils.py:runtime_stat:{"task_name": "storeclass6", "event": "queue_start_process", "filename": "resnet1_storeclass6_09024883imgpersiancatjobid17.JPEG", "unix_time": 1620672390.6870866}
INFO:ccdag_utils.py:runtime_stat:{"task_name": "storeclass6", "event": "queue_end_process", "filename": "storeclass6_lccenc6_09024883imgpersiancatjobid17.JPEG", "unix_time": 1620672390.6888008}
INFO:circe.py:runtime_stat:{"task_name": "circe", "event": "new_output_file", "filename": "storeclass6_lccenc6_09024883imgpersiancatjobid17.JPEG", "unix_time": 1620672390.6903276}
DEBUG:transfer.py:sshpass -p PASSWORD scp -P 5000 -o StrictHostKeyChecking=no /jupiter/circe_output/storeclass6_lccenc6_09024883imgpersiancatjobid17.JPEG root@10.99.1.195:/jupiter/circe_input/
INFO:circe.py:runtime_stat:{"task_name": "circe", "event": "new_input_file", "filename": "resnet5_storeclass6_48367758imgpersiancatjobid17.JPEG", "unix_time": 1620672390.726381}
Warning: Permanently added '[10.99.1.195]:5000' (ECDSA) to the list of known hosts.
INFO:circe.py:runtime_stat:{"task_name": "circe", "event": "new_input_file", "filename": "resnet4_storeclass6_53288761imgpersiancatjobid17.JPEG", "unix_time": 1620672390.874273}
DEBUG:transfer.py:transfer successful!
INFO:circe.py:runtime_stat:{"task_name": "circe", "event": "new_input_file", "filename": "home_storeclass6_86029509imgpersiancatjobid17.JPEG", "unix_time": 1620672391.0294213}
INFO:ccdag_utils.py:runtime_stat:{"task_name": "storeclass6", "event": "queue_start_process", "filename": "resnet5_storeclass6_48367758imgpersiancatjobid17.JPEG", "unix_time": 1620672391.6911352}
INFO:ccdag_utils.py:runtime_stat:{"task_name": "storeclass6", "event": "queue_end_process", "filename": "storeclass6_lccenc6_48367758imgpersiancatjobid17.JPEG", "unix_time": 1620672391.694935}
INFO:ccdag_utils.py:runtime_stat:{"task_name": "storeclass6", "event": "queue_start_process", "filename": "resnet4_storeclass6_53288761imgpersiancatjobid17.JPEG", "unix_time": 1620672391.6964412}
INFO:circe.py:runtime_stat:{"task_name": "circe", "event": "new_output_file", "filename": "storeclass6_lccenc6_48367758imgpersiancatjobid17.JPEG", "unix_time": 1620672391.699189}
DEBUG:transfer.py:sshpass -p PASSWORD scp -P 5000 -o StrictHostKeyChecking=no /jupiter/circe_output/storeclass6_lccenc6_48367758imgpersiancatjobid17.JPEG root@10.99.1.195:/jupiter/circe_input/
INFO:ccdag_utils.py:runtime_stat:{"task_name": "storeclass6", "event": "queue_end_process", "filename": "storeclass6_lccenc6_53288761imgpersiancatjobid17.JPEG", "unix_time": 1620672391.7054908}
INFO:ccdag_utils.py:runtime_stat:{"task_name": "storeclass6", "event": "queue_start_process", "filename": "home_storeclass6_86029509imgpersiancatjobid17.JPEG", "unix_time": 1620672391.7065806}
INFO:ccdag_utils.py:runtime_stat:{"task_name": "storeclass6", "event": "queue_end_process", "filename": "storeclass6_lccenc6_86029509imgpersiancatjobid17.JPEG", "unix_time": 1620672391.708061}
DEBUG:transfer.py:transfer successful!
INFO:circe.py:runtime_stat:{"task_name": "circe", "event": "new_output_file", "filename": "storeclass6_lccenc6_53288761imgpersiancatjobid17.JPEG", "unix_time": 1620672391.9659083}
DEBUG:transfer.py:sshpass -p PASSWORD scp -P 5000 -o StrictHostKeyChecking=no /jupiter/circe_output/storeclass6_lccenc6_53288761imgpersiancatjobid17.JPEG root@10.99.1.195:/jupiter/circe_input/
DEBUG:transfer.py:transfer successful!
INFO:circe.py:runtime_stat:{"task_name": "circe", "event": "new_output_file", "filename": "storeclass6_lccenc6_86029509imgpersiancatjobid17.JPEG", "unix_time": 1620672392.2196004}
DEBUG:transfer.py:sshpass -p PASSWORD scp -P 5000 -o StrictHostKeyChecking=no /jupiter/circe_output/storeclass6_lccenc6_86029509imgpersiancatjobid17.JPEG root@10.99.1.195:/jupiter/circe_input/
DEBUG:transfer.py:transfer successful!
INFO:circe.py:runtime_stat:{"task_name": "circe", "event": "new_input_file", "filename": "resnet7_storeclass6_32336003imgpersiancatjobid18.JPEG", "unix_time": 1620672399.850674}
INFO:circe.py:runtime_stat:{"task_name": "circe", "event": "new_input_file", "filename": "resnet0_storeclass6_43403692imgpersiancatjobid18.JPEG", "unix_time": 1620672400.2734823}
INFO:circe.py:runtime_stat:{"task_name": "circe", "event": "new_input_file", "filename": "resnet3_storeclass6_03817444imgpersiancatjobid18.JPEG", "unix_time": 1620672400.595117}
INFO:ccdag_utils.py:runtime_stat:{"task_name": "storeclass6", "event": "queue_start_process", "filename": "resnet7_storeclass6_32336003imgpersiancatjobid18.JPEG", "unix_time": 1620672400.7197585}
INFO:ccdag_utils.py:runtime_stat:{"task_name": "storeclass6", "event": "queue_end_process", "filename": "storeclass6_lccenc6_32336003imgpersiancatjobid18.JPEG", "unix_time": 1620672400.721152}
INFO:ccdag_utils.py:runtime_stat:{"task_name": "storeclass6", "event": "queue_start_process", "filename": "resnet0_storeclass6_43403692imgpersiancatjobid18.JPEG", "unix_time": 1620672400.722413}
INFO:ccdag_utils.py:runtime_stat:{"task_name": "storeclass6", "event": "queue_end_process", "filename": "storeclass6_lccenc6_43403692imgpersiancatjobid18.JPEG", "unix_time": 1620672400.7235029}
INFO:ccdag_utils.py:runtime_stat:{"task_name": "storeclass6", "event": "queue_start_process", "filename": "resnet3_storeclass6_03817444imgpersiancatjobid18.JPEG", "unix_time": 1620672400.7253582}
INFO:circe.py:runtime_stat:{"task_name": "circe", "event": "new_output_file", "filename": "storeclass6_lccenc6_32336003imgpersiancatjobid18.JPEG", "unix_time": 1620672400.7271647}
DEBUG:transfer.py:sshpass -p PASSWORD scp -P 5000 -o StrictHostKeyChecking=no /jupiter/circe_output/storeclass6_lccenc6_32336003imgpersiancatjobid18.JPEG root@10.99.1.195:/jupiter/circe_input/
INFO:ccdag_utils.py:runtime_stat:{"task_name": "storeclass6", "event": "queue_end_process", "filename": "storeclass6_lccenc6_03817444imgpersiancatjobid18.JPEG", "unix_time": 1620672400.7353795}
INFO:circe.py:runtime_stat:{"task_name": "circe", "event": "new_input_file", "filename": "resnet4_storeclass6_99777129imgpersiancatjobid18.JPEG", "unix_time": 1620672400.7962081}
DEBUG:transfer.py:transfer successful!
INFO:circe.py:runtime_stat:{"task_name": "circe", "event": "new_output_file", "filename": "storeclass6_lccenc6_43403692imgpersiancatjobid18.JPEG", "unix_time": 1620672401.0479949}
DEBUG:transfer.py:sshpass -p PASSWORD scp -P 5000 -o StrictHostKeyChecking=no /jupiter/circe_output/storeclass6_lccenc6_43403692imgpersiancatjobid18.JPEG root@10.99.1.195:/jupiter/circe_input/
INFO:circe.py:runtime_stat:{"task_name": "circe", "event": "new_input_file", "filename": "home_storeclass6_19195469imgpersiancatjobid18.JPEG", "unix_time": 1620672401.1006799}
DEBUG:transfer.py:transfer successful!
INFO:circe.py:runtime_stat:{"task_name": "circe", "event": "new_output_file", "filename": "storeclass6_lccenc6_03817444imgpersiancatjobid18.JPEG", "unix_time": 1620672401.3837514}
DEBUG:transfer.py:sshpass -p PASSWORD scp -P 5000 -o StrictHostKeyChecking=no /jupiter/circe_output/storeclass6_lccenc6_03817444imgpersiancatjobid18.JPEG root@10.99.1.195:/jupiter/circe_input/
DEBUG:transfer.py:transfer successful!
INFO:ccdag_utils.py:runtime_stat:{"task_name": "storeclass6", "event": "queue_start_process", "filename": "resnet4_storeclass6_99777129imgpersiancatjobid18.JPEG", "unix_time": 1620672401.7383673}
INFO:circe.py:runtime_stat:{"task_name": "circe", "event": "new_output_file", "filename": "storeclass6_lccenc6_99777129imgpersiancatjobid18.JPEG", "unix_time": 1620672401.7437594}
INFO:ccdag_utils.py:runtime_stat:{"task_name": "storeclass6", "event": "queue_end_process", "filename": "storeclass6_lccenc6_99777129imgpersiancatjobid18.JPEG", "unix_time": 1620672401.7440093}
INFO:ccdag_utils.py:runtime_stat:{"task_name": "storeclass6", "event": "queue_start_process", "filename": "home_storeclass6_19195469imgpersiancatjobid18.JPEG", "unix_time": 1620672401.74509}
DEBUG:transfer.py:sshpass -p PASSWORD scp -P 5000 -o StrictHostKeyChecking=no /jupiter/circe_output/storeclass6_lccenc6_99777129imgpersiancatjobid18.JPEG root@10.99.1.195:/jupiter/circe_input/
INFO:ccdag_utils.py:runtime_stat:{"task_name": "storeclass6", "event": "queue_end_process", "filename": "storeclass6_lccenc6_19195469imgpersiancatjobid18.JPEG", "unix_time": 1620672401.7507515}
DEBUG:transfer.py:transfer successful!
INFO:circe.py:runtime_stat:{"task_name": "circe", "event": "new_output_file", "filename": "storeclass6_lccenc6_19195469imgpersiancatjobid18.JPEG", "unix_time": 1620672401.9836025}
DEBUG:transfer.py:sshpass -p PASSWORD scp -P 5000 -o StrictHostKeyChecking=no /jupiter/circe_output/storeclass6_lccenc6_19195469imgpersiancatjobid18.JPEG root@10.99.1.195:/jupiter/circe_input/
DEBUG:transfer.py:transfer successful!
INFO:circe.py:runtime_stat:{"task_name": "circe", "event": "new_input_file", "filename": "resnet3_storeclass6_65046604imgpersiancatjobid19.JPEG", "unix_time": 1620672410.6342852}
INFO:circe.py:runtime_stat:{"task_name": "circe", "event": "new_input_file", "filename": "resnet7_storeclass6_17295495imgpersiancatjobid19.JPEG", "unix_time": 1620672410.6825223}
INFO:circe.py:runtime_stat:{"task_name": "circe", "event": "new_input_file", "filename": "resnet2_storeclass6_70525970imgpersiancatjobid19.JPEG", "unix_time": 1620672410.6981993}
INFO:ccdag_utils.py:runtime_stat:{"task_name": "storeclass6", "event": "queue_start_process", "filename": "resnet3_storeclass6_65046604imgpersiancatjobid19.JPEG", "unix_time": 1620672410.7619088}
INFO:ccdag_utils.py:runtime_stat:{"task_name": "storeclass6", "event": "queue_end_process", "filename": "storeclass6_lccenc6_65046604imgpersiancatjobid19.JPEG", "unix_time": 1620672410.764188}
INFO:circe.py:runtime_stat:{"task_name": "circe", "event": "new_output_file", "filename": "storeclass6_lccenc6_65046604imgpersiancatjobid19.JPEG", "unix_time": 1620672410.7652063}
INFO:ccdag_utils.py:runtime_stat:{"task_name": "storeclass6", "event": "queue_start_process", "filename": "resnet7_storeclass6_17295495imgpersiancatjobid19.JPEG", "unix_time": 1620672410.7657328}
DEBUG:transfer.py:sshpass -p PASSWORD scp -P 5000 -o StrictHostKeyChecking=no /jupiter/circe_output/storeclass6_lccenc6_65046604imgpersiancatjobid19.JPEG root@10.99.1.195:/jupiter/circe_input/
INFO:ccdag_utils.py:runtime_stat:{"task_name": "storeclass6", "event": "queue_end_process", "filename": "storeclass6_lccenc6_17295495imgpersiancatjobid19.JPEG", "unix_time": 1620672410.7733154}
INFO:ccdag_utils.py:runtime_stat:{"task_name": "storeclass6", "event": "queue_start_process", "filename": "resnet2_storeclass6_70525970imgpersiancatjobid19.JPEG", "unix_time": 1620672410.7744129}
INFO:ccdag_utils.py:runtime_stat:{"task_name": "storeclass6", "event": "queue_end_process", "filename": "storeclass6_lccenc6_70525970imgpersiancatjobid19.JPEG", "unix_time": 1620672410.7792437}
INFO:circe.py:runtime_stat:{"task_name": "circe", "event": "new_input_file", "filename": "resnet6_storeclass6_39100509imgpersiancatjobid19.JPEG", "unix_time": 1620672410.8607082}
DEBUG:transfer.py:transfer successful!
INFO:circe.py:runtime_stat:{"task_name": "circe", "event": "new_output_file", "filename": "storeclass6_lccenc6_17295495imgpersiancatjobid19.JPEG", "unix_time": 1620672410.974467}
DEBUG:transfer.py:sshpass -p PASSWORD scp -P 5000 -o StrictHostKeyChecking=no /jupiter/circe_output/storeclass6_lccenc6_17295495imgpersiancatjobid19.JPEG root@10.99.1.195:/jupiter/circe_input/
DEBUG:transfer.py:transfer successful!
INFO:circe.py:runtime_stat:{"task_name": "circe", "event": "new_output_file", "filename": "storeclass6_lccenc6_70525970imgpersiancatjobid19.JPEG", "unix_time": 1620672411.1828501}
DEBUG:transfer.py:sshpass -p PASSWORD scp -P 5000 -o StrictHostKeyChecking=no /jupiter/circe_output/storeclass6_lccenc6_70525970imgpersiancatjobid19.JPEG root@10.99.1.195:/jupiter/circe_input/
DEBUG:transfer.py:transfer successful!
INFO:ccdag_utils.py:runtime_stat:{"task_name": "storeclass6", "event": "queue_start_process", "filename": "resnet6_storeclass6_39100509imgpersiancatjobid19.JPEG", "unix_time": 1620672411.7810278}
INFO:circe.py:runtime_stat:{"task_name": "circe", "event": "new_output_file", "filename": "storeclass6_lccenc6_39100509imgpersiancatjobid19.JPEG", "unix_time": 1620672411.7843752}
INFO:ccdag_utils.py:runtime_stat:{"task_name": "storeclass6", "event": "queue_end_process", "filename": "storeclass6_lccenc6_39100509imgpersiancatjobid19.JPEG", "unix_time": 1620672411.7846107}
DEBUG:transfer.py:sshpass -p PASSWORD scp -P 5000 -o StrictHostKeyChecking=no /jupiter/circe_output/storeclass6_lccenc6_39100509imgpersiancatjobid19.JPEG root@10.99.1.195:/jupiter/circe_input/
DEBUG:transfer.py:transfer successful!
INFO:circe.py:runtime_stat:{"task_name": "circe", "event": "new_input_file", "filename": "resnet2_storeclass6_77440066imgpersiancatjobid20.JPEG", "unix_time": 1620672422.9310677}
INFO:circe.py:runtime_stat:{"task_name": "circe", "event": "new_input_file", "filename": "resnet1_storeclass6_45643001imgpersiancatjobid20.JPEG", "unix_time": 1620672423.0159707}
INFO:circe.py:runtime_stat:{"task_name": "circe", "event": "new_input_file", "filename": "resnet5_storeclass6_30796899imgpersiancatjobid20.JPEG", "unix_time": 1620672423.2323182}
INFO:circe.py:runtime_stat:{"task_name": "circe", "event": "new_input_file", "filename": "resnet6_storeclass6_76111185imgpersiancatjobid20.JPEG", "unix_time": 1620672423.394838}
INFO:ccdag_utils.py:runtime_stat:{"task_name": "storeclass6", "event": "queue_start_process", "filename": "resnet2_storeclass6_77440066imgpersiancatjobid20.JPEG", "unix_time": 1620672423.7991319}
INFO:circe.py:runtime_stat:{"task_name": "circe", "event": "new_output_file", "filename": "storeclass6_lccenc6_77440066imgpersiancatjobid20.JPEG", "unix_time": 1620672423.8015966}
DEBUG:transfer.py:sshpass -p PASSWORD scp -P 5000 -o StrictHostKeyChecking=no /jupiter/circe_output/storeclass6_lccenc6_77440066imgpersiancatjobid20.JPEG root@10.99.1.195:/jupiter/circe_input/
INFO:ccdag_utils.py:runtime_stat:{"task_name": "storeclass6", "event": "queue_end_process", "filename": "storeclass6_lccenc6_77440066imgpersiancatjobid20.JPEG", "unix_time": 1620672423.802451}
INFO:ccdag_utils.py:runtime_stat:{"task_name": "storeclass6", "event": "queue_start_process", "filename": "resnet1_storeclass6_45643001imgpersiancatjobid20.JPEG", "unix_time": 1620672423.807868}
INFO:ccdag_utils.py:runtime_stat:{"task_name": "storeclass6", "event": "queue_end_process", "filename": "storeclass6_lccenc6_45643001imgpersiancatjobid20.JPEG", "unix_time": 1620672423.8094366}
INFO:ccdag_utils.py:runtime_stat:{"task_name": "storeclass6", "event": "queue_start_process", "filename": "resnet5_storeclass6_30796899imgpersiancatjobid20.JPEG", "unix_time": 1620672423.8105438}
INFO:ccdag_utils.py:runtime_stat:{"task_name": "storeclass6", "event": "queue_end_process", "filename": "storeclass6_lccenc6_30796899imgpersiancatjobid20.JPEG", "unix_time": 1620672423.8113918}
INFO:ccdag_utils.py:runtime_stat:{"task_name": "storeclass6", "event": "queue_start_process", "filename": "resnet6_storeclass6_76111185imgpersiancatjobid20.JPEG", "unix_time": 1620672423.812447}
INFO:ccdag_utils.py:runtime_stat:{"task_name": "storeclass6", "event": "queue_end_process", "filename": "storeclass6_lccenc6_76111185imgpersiancatjobid20.JPEG", "unix_time": 1620672423.81331}
DEBUG:transfer.py:transfer successful!
INFO:circe.py:runtime_stat:{"task_name": "circe", "event": "new_output_file", "filename": "storeclass6_lccenc6_45643001imgpersiancatjobid20.JPEG", "unix_time": 1620672424.0196626}
DEBUG:transfer.py:sshpass -p PASSWORD scp -P 5000 -o StrictHostKeyChecking=no /jupiter/circe_output/storeclass6_lccenc6_45643001imgpersiancatjobid20.JPEG root@10.99.1.195:/jupiter/circe_input/
DEBUG:transfer.py:transfer successful!
INFO:circe.py:runtime_stat:{"task_name": "circe", "event": "new_output_file", "filename": "storeclass6_lccenc6_30796899imgpersiancatjobid20.JPEG", "unix_time": 1620672424.26191}
DEBUG:transfer.py:sshpass -p PASSWORD scp -P 5000 -o StrictHostKeyChecking=no /jupiter/circe_output/storeclass6_lccenc6_30796899imgpersiancatjobid20.JPEG root@10.99.1.195:/jupiter/circe_input/
DEBUG:transfer.py:transfer successful!
INFO:circe.py:runtime_stat:{"task_name": "circe", "event": "new_output_file", "filename": "storeclass6_lccenc6_76111185imgpersiancatjobid20.JPEG", "unix_time": 1620672424.4784465}
DEBUG:transfer.py:sshpass -p PASSWORD scp -P 5000 -o StrictHostKeyChecking=no /jupiter/circe_output/storeclass6_lccenc6_76111185imgpersiancatjobid20.JPEG root@10.99.1.195:/jupiter/circe_input/
DEBUG:transfer.py:transfer successful!
INFO:circe.py:runtime_stat:{"task_name": "circe", "event": "new_input_file", "filename": "resnet1_storeclass6_82133856imgpersiancatjobid21.JPEG", "unix_time": 1620672435.6873965}
INFO:circe.py:runtime_stat:{"task_name": "circe", "event": "new_input_file", "filename": "resnet4_storeclass6_38568875imgpersiancatjobid21.JPEG", "unix_time": 1620672435.8206403}
INFO:ccdag_utils.py:runtime_stat:{"task_name": "storeclass6", "event": "queue_start_process", "filename": "resnet1_storeclass6_82133856imgpersiancatjobid21.JPEG", "unix_time": 1620672435.8252382}
INFO:ccdag_utils.py:runtime_stat:{"task_name": "storeclass6", "event": "queue_end_process", "filename": "storeclass6_lccenc6_82133856imgpersiancatjobid21.JPEG", "unix_time": 1620672435.8264744}
INFO:ccdag_utils.py:runtime_stat:{"task_name": "storeclass6", "event": "queue_start_process", "filename": "resnet4_storeclass6_38568875imgpersiancatjobid21.JPEG", "unix_time": 1620672435.8290386}
INFO:circe.py:runtime_stat:{"task_name": "circe", "event": "new_output_file", "filename": "storeclass6_lccenc6_82133856imgpersiancatjobid21.JPEG", "unix_time": 1620672435.828692}
INFO:ccdag_utils.py:runtime_stat:{"task_name": "storeclass6", "event": "queue_end_process", "filename": "storeclass6_lccenc6_38568875imgpersiancatjobid21.JPEG", "unix_time": 1620672435.8303757}
DEBUG:transfer.py:sshpass -p PASSWORD scp -P 5000 -o StrictHostKeyChecking=no /jupiter/circe_output/storeclass6_lccenc6_82133856imgpersiancatjobid21.JPEG root@10.99.1.195:/jupiter/circe_input/
INFO:circe.py:runtime_stat:{"task_name": "circe", "event": "new_input_file", "filename": "resnet0_storeclass6_34099982imgpersiancatjobid21.JPEG", "unix_time": 1620672435.896597}
INFO:circe.py:runtime_stat:{"task_name": "circe", "event": "new_input_file", "filename": "resnet5_storeclass6_73090939imgpersiancatjobid21.JPEG", "unix_time": 1620672435.9369771}
DEBUG:transfer.py:transfer successful!
INFO:circe.py:runtime_stat:{"task_name": "circe", "event": "new_output_file", "filename": "storeclass6_lccenc6_38568875imgpersiancatjobid21.JPEG", "unix_time": 1620672436.0894759}
DEBUG:transfer.py:sshpass -p PASSWORD scp -P 5000 -o StrictHostKeyChecking=no /jupiter/circe_output/storeclass6_lccenc6_38568875imgpersiancatjobid21.JPEG root@10.99.1.195:/jupiter/circe_input/
DEBUG:transfer.py:transfer successful!
INFO:ccdag_utils.py:runtime_stat:{"task_name": "storeclass6", "event": "queue_start_process", "filename": "resnet0_storeclass6_34099982imgpersiancatjobid21.JPEG", "unix_time": 1620672436.8333182}
INFO:ccdag_utils.py:runtime_stat:{"task_name": "storeclass6", "event": "queue_end_process", "filename": "storeclass6_lccenc6_34099982imgpersiancatjobid21.JPEG", "unix_time": 1620672436.8345678}
INFO:ccdag_utils.py:runtime_stat:{"task_name": "storeclass6", "event": "queue_start_process", "filename": "resnet5_storeclass6_73090939imgpersiancatjobid21.JPEG", "unix_time": 1620672436.8349185}
INFO:circe.py:runtime_stat:{"task_name": "circe", "event": "new_output_file", "filename": "storeclass6_lccenc6_34099982imgpersiancatjobid21.JPEG", "unix_time": 1620672436.837088}
DEBUG:transfer.py:sshpass -p PASSWORD scp -P 5000 -o StrictHostKeyChecking=no /jupiter/circe_output/storeclass6_lccenc6_34099982imgpersiancatjobid21.JPEG root@10.99.1.195:/jupiter/circe_input/
INFO:ccdag_utils.py:runtime_stat:{"task_name": "storeclass6", "event": "queue_end_process", "filename": "storeclass6_lccenc6_73090939imgpersiancatjobid21.JPEG", "unix_time": 1620672436.8424501}
DEBUG:transfer.py:transfer successful!
INFO:circe.py:runtime_stat:{"task_name": "circe", "event": "new_output_file", "filename": "storeclass6_lccenc6_73090939imgpersiancatjobid21.JPEG", "unix_time": 1620672437.0929248}
DEBUG:transfer.py:sshpass -p PASSWORD scp -P 5000 -o StrictHostKeyChecking=no /jupiter/circe_output/storeclass6_lccenc6_73090939imgpersiancatjobid21.JPEG root@10.99.1.195:/jupiter/circe_input/
DEBUG:transfer.py:transfer successful!
INFO:circe.py:runtime_stat:{"task_name": "circe", "event": "new_input_file", "filename": "resnet0_storeclass6_05075856imgpersiancatjobid22.JPEG", "unix_time": 1620672445.737361}
INFO:ccdag_utils.py:runtime_stat:{"task_name": "storeclass6", "event": "queue_start_process", "filename": "resnet0_storeclass6_05075856imgpersiancatjobid22.JPEG", "unix_time": 1620672445.85978}
INFO:ccdag_utils.py:runtime_stat:{"task_name": "storeclass6", "event": "queue_end_process", "filename": "storeclass6_lccenc6_05075856imgpersiancatjobid22.JPEG", "unix_time": 1620672445.863586}
INFO:circe.py:runtime_stat:{"task_name": "circe", "event": "new_output_file", "filename": "storeclass6_lccenc6_05075856imgpersiancatjobid22.JPEG", "unix_time": 1620672445.865285}
DEBUG:transfer.py:sshpass -p PASSWORD scp -P 5000 -o StrictHostKeyChecking=no /jupiter/circe_output/storeclass6_lccenc6_05075856imgpersiancatjobid22.JPEG root@10.99.1.195:/jupiter/circe_input/
DEBUG:transfer.py:transfer successful!
INFO:circe.py:runtime_stat:{"task_name": "circe", "event": "new_input_file", "filename": "resnet3_storeclass6_27527458imgpersiancatjobid22.JPEG", "unix_time": 1620672446.407917}
INFO:ccdag_utils.py:runtime_stat:{"task_name": "storeclass6", "event": "queue_start_process", "filename": "resnet3_storeclass6_27527458imgpersiancatjobid22.JPEG", "unix_time": 1620672446.8661354}
INFO:ccdag_utils.py:runtime_stat:{"task_name": "storeclass6", "event": "queue_end_process", "filename": "storeclass6_lccenc6_27527458imgpersiancatjobid22.JPEG", "unix_time": 1620672446.869518}
INFO:circe.py:runtime_stat:{"task_name": "circe", "event": "new_output_file", "filename": "storeclass6_lccenc6_27527458imgpersiancatjobid22.JPEG", "unix_time": 1620672446.870587}
DEBUG:transfer.py:sshpass -p PASSWORD scp -P 5000 -o StrictHostKeyChecking=no /jupiter/circe_output/storeclass6_lccenc6_27527458imgpersiancatjobid22.JPEG root@10.99.1.195:/jupiter/circe_input/
DEBUG:transfer.py:transfer successful!
INFO:circe.py:runtime_stat:{"task_name": "circe", "event": "new_input_file", "filename": "resnet7_storeclass6_65852550imgpersiancatjobid24.JPEG", "unix_time": 1620672467.3160872}
INFO:ccdag_utils.py:runtime_stat:{"task_name": "storeclass6", "event": "queue_start_process", "filename": "resnet7_storeclass6_65852550imgpersiancatjobid24.JPEG", "unix_time": 1620672467.8917518}
INFO:ccdag_utils.py:runtime_stat:{"task_name": "storeclass6", "event": "queue_end_process", "filename": "storeclass6_lccenc6_65852550imgpersiancatjobid24.JPEG", "unix_time": 1620672467.896523}
INFO:circe.py:runtime_stat:{"task_name": "circe", "event": "new_output_file", "filename": "storeclass6_lccenc6_65852550imgpersiancatjobid24.JPEG", "unix_time": 1620672467.8976378}
DEBUG:transfer.py:sshpass -p PASSWORD scp -P 5000 -o StrictHostKeyChecking=no /jupiter/circe_output/storeclass6_lccenc6_65852550imgpersiancatjobid24.JPEG root@10.99.1.195:/jupiter/circe_input/
DEBUG:transfer.py:transfer successful!
INFO:circe.py:runtime_stat:{"task_name": "circe", "event": "new_input_file", "filename": "resnet6_storeclass6_87647390imgpersiancatjobid25.JPEG", "unix_time": 1620672480.5126328}
INFO:circe.py:runtime_stat:{"task_name": "circe", "event": "new_input_file", "filename": "resnet2_storeclass6_89836677imgpersiancatjobid25.JPEG", "unix_time": 1620672480.8037856}
INFO:ccdag_utils.py:runtime_stat:{"task_name": "storeclass6", "event": "queue_start_process", "filename": "resnet6_storeclass6_87647390imgpersiancatjobid25.JPEG", "unix_time": 1620672480.9129665}
INFO:ccdag_utils.py:runtime_stat:{"task_name": "storeclass6", "event": "queue_end_process", "filename": "storeclass6_lccenc6_87647390imgpersiancatjobid25.JPEG", "unix_time": 1620672480.9142735}
INFO:ccdag_utils.py:runtime_stat:{"task_name": "storeclass6", "event": "queue_start_process", "filename": "resnet2_storeclass6_89836677imgpersiancatjobid25.JPEG", "unix_time": 1620672480.9161642}
INFO:circe.py:runtime_stat:{"task_name": "circe", "event": "new_output_file", "filename": "storeclass6_lccenc6_87647390imgpersiancatjobid25.JPEG", "unix_time": 1620672480.9158356}
DEBUG:transfer.py:sshpass -p PASSWORD scp -P 5000 -o StrictHostKeyChecking=no /jupiter/circe_output/storeclass6_lccenc6_87647390imgpersiancatjobid25.JPEG root@10.99.1.195:/jupiter/circe_input/
INFO:ccdag_utils.py:runtime_stat:{"task_name": "storeclass6", "event": "queue_end_process", "filename": "storeclass6_lccenc6_89836677imgpersiancatjobid25.JPEG", "unix_time": 1620672480.9174888}
DEBUG:transfer.py:transfer successful!
INFO:circe.py:runtime_stat:{"task_name": "circe", "event": "new_output_file", "filename": "storeclass6_lccenc6_89836677imgpersiancatjobid25.JPEG", "unix_time": 1620672481.1317475}
DEBUG:transfer.py:sshpass -p PASSWORD scp -P 5000 -o StrictHostKeyChecking=no /jupiter/circe_output/storeclass6_lccenc6_89836677imgpersiancatjobid25.JPEG root@10.99.1.195:/jupiter/circe_input/
DEBUG:transfer.py:transfer successful!
INFO:circe.py:runtime_stat:{"task_name": "circe", "event": "new_input_file", "filename": "resnet5_storeclass6_42914281imgpersiancatjobid26.JPEG", "unix_time": 1620672489.9976358}
INFO:circe.py:runtime_stat:{"task_name": "circe", "event": "new_input_file", "filename": "resnet6_storeclass6_98805844imgpersiancatjobid26.JPEG", "unix_time": 1620672490.076726}
INFO:circe.py:runtime_stat:{"task_name": "circe", "event": "new_input_file", "filename": "resnet2_storeclass6_14234280imgpersiancatjobid26.JPEG", "unix_time": 1620672490.0996208}
INFO:ccdag_utils.py:runtime_stat:{"task_name": "storeclass6", "event": "queue_start_process", "filename": "resnet5_storeclass6_42914281imgpersiancatjobid26.JPEG", "unix_time": 1620672490.937303}
INFO:circe.py:runtime_stat:{"task_name": "circe", "event": "new_output_file", "filename": "storeclass6_lccenc6_42914281imgpersiancatjobid26.JPEG", "unix_time": 1620672490.941646}
INFO:ccdag_utils.py:runtime_stat:{"task_name": "storeclass6", "event": "queue_end_process", "filename": "storeclass6_lccenc6_42914281imgpersiancatjobid26.JPEG", "unix_time": 1620672490.9419577}
DEBUG:transfer.py:sshpass -p PASSWORD scp -P 5000 -o StrictHostKeyChecking=no /jupiter/circe_output/storeclass6_lccenc6_42914281imgpersiancatjobid26.JPEG root@10.99.1.195:/jupiter/circe_input/
INFO:ccdag_utils.py:runtime_stat:{"task_name": "storeclass6", "event": "queue_start_process", "filename": "resnet6_storeclass6_98805844imgpersiancatjobid26.JPEG", "unix_time": 1620672490.94322}
INFO:ccdag_utils.py:runtime_stat:{"task_name": "storeclass6", "event": "queue_end_process", "filename": "storeclass6_lccenc6_98805844imgpersiancatjobid26.JPEG", "unix_time": 1620672490.9519396}
INFO:ccdag_utils.py:runtime_stat:{"task_name": "storeclass6", "event": "queue_start_process", "filename": "resnet2_storeclass6_14234280imgpersiancatjobid26.JPEG", "unix_time": 1620672490.9530525}
INFO:ccdag_utils.py:runtime_stat:{"task_name": "storeclass6", "event": "queue_end_process", "filename": "storeclass6_lccenc6_14234280imgpersiancatjobid26.JPEG", "unix_time": 1620672490.9545987}
DEBUG:transfer.py:transfer successful!
INFO:circe.py:runtime_stat:{"task_name": "circe", "event": "new_output_file", "filename": "storeclass6_lccenc6_98805844imgpersiancatjobid26.JPEG", "unix_time": 1620672491.1552813}
DEBUG:transfer.py:sshpass -p PASSWORD scp -P 5000 -o StrictHostKeyChecking=no /jupiter/circe_output/storeclass6_lccenc6_98805844imgpersiancatjobid26.JPEG root@10.99.1.195:/jupiter/circe_input/
DEBUG:transfer.py:transfer successful!
INFO:circe.py:runtime_stat:{"task_name": "circe", "event": "new_output_file", "filename": "storeclass6_lccenc6_14234280imgpersiancatjobid26.JPEG", "unix_time": 1620672491.3755157}
DEBUG:transfer.py:sshpass -p PASSWORD scp -P 5000 -o StrictHostKeyChecking=no /jupiter/circe_output/storeclass6_lccenc6_14234280imgpersiancatjobid26.JPEG root@10.99.1.195:/jupiter/circe_input/
DEBUG:transfer.py:transfer successful!
INFO:circe.py:runtime_stat:{"task_name": "circe", "event": "new_input_file", "filename": "resnet4_storeclass6_98688148imgpersiancatjobid27.JPEG", "unix_time": 1620672504.1368117}
INFO:circe.py:runtime_stat:{"task_name": "circe", "event": "new_input_file", "filename": "home_storeclass6_58599637imgpersiancatjobid27.JPEG", "unix_time": 1620672504.148961}
INFO:circe.py:runtime_stat:{"task_name": "circe", "event": "new_input_file", "filename": "resnet5_storeclass6_65745438imgpersiancatjobid27.JPEG", "unix_time": 1620672504.3717935}
INFO:circe.py:runtime_stat:{"task_name": "circe", "event": "new_input_file", "filename": "resnet0_storeclass6_31385656imgpersiancatjobid27.JPEG", "unix_time": 1620672504.3795125}
INFO:circe.py:runtime_stat:{"task_name": "circe", "event": "new_input_file", "filename": "resnet1_storeclass6_51076851imgpersiancatjobid27.JPEG", "unix_time": 1620672504.6720018}
INFO:ccdag_utils.py:runtime_stat:{"task_name": "storeclass6", "event": "queue_start_process", "filename": "resnet4_storeclass6_98688148imgpersiancatjobid27.JPEG", "unix_time": 1620672504.9735122}
INFO:ccdag_utils.py:runtime_stat:{"task_name": "storeclass6", "event": "queue_end_process", "filename": "storeclass6_lccenc6_98688148imgpersiancatjobid27.JPEG", "unix_time": 1620672504.9747791}
INFO:ccdag_utils.py:runtime_stat:{"task_name": "storeclass6", "event": "queue_start_process", "filename": "home_storeclass6_58599637imgpersiancatjobid27.JPEG", "unix_time": 1620672504.9772408}
INFO:ccdag_utils.py:runtime_stat:{"task_name": "storeclass6", "event": "queue_end_process", "filename": "storeclass6_lccenc6_58599637imgpersiancatjobid27.JPEG", "unix_time": 1620672504.9789312}
INFO:circe.py:runtime_stat:{"task_name": "circe", "event": "new_output_file", "filename": "storeclass6_lccenc6_98688148imgpersiancatjobid27.JPEG", "unix_time": 1620672504.9761734}
DEBUG:transfer.py:sshpass -p PASSWORD scp -P 5000 -o StrictHostKeyChecking=no /jupiter/circe_output/storeclass6_lccenc6_98688148imgpersiancatjobid27.JPEG root@10.99.1.195:/jupiter/circe_input/
INFO:ccdag_utils.py:runtime_stat:{"task_name": "storeclass6", "event": "queue_start_process", "filename": "resnet5_storeclass6_65745438imgpersiancatjobid27.JPEG", "unix_time": 1620672504.9793603}
INFO:ccdag_utils.py:runtime_stat:{"task_name": "storeclass6", "event": "queue_end_process", "filename": "storeclass6_lccenc6_65745438imgpersiancatjobid27.JPEG", "unix_time": 1620672504.989957}
INFO:ccdag_utils.py:runtime_stat:{"task_name": "storeclass6", "event": "queue_start_process", "filename": "resnet0_storeclass6_31385656imgpersiancatjobid27.JPEG", "unix_time": 1620672504.992134}
INFO:ccdag_utils.py:runtime_stat:{"task_name": "storeclass6", "event": "queue_end_process", "filename": "storeclass6_lccenc6_31385656imgpersiancatjobid27.JPEG", "unix_time": 1620672504.999726}
INFO:ccdag_utils.py:runtime_stat:{"task_name": "storeclass6", "event": "queue_start_process", "filename": "resnet1_storeclass6_51076851imgpersiancatjobid27.JPEG", "unix_time": 1620672505.0013344}
INFO:ccdag_utils.py:runtime_stat:{"task_name": "storeclass6", "event": "queue_end_process", "filename": "storeclass6_lccenc6_51076851imgpersiancatjobid27.JPEG", "unix_time": 1620672505.0055988}
DEBUG:transfer.py:transfer successful!
INFO:circe.py:runtime_stat:{"task_name": "circe", "event": "new_output_file", "filename": "storeclass6_lccenc6_58599637imgpersiancatjobid27.JPEG", "unix_time": 1620672505.216796}
DEBUG:transfer.py:sshpass -p PASSWORD scp -P 5000 -o StrictHostKeyChecking=no /jupiter/circe_output/storeclass6_lccenc6_58599637imgpersiancatjobid27.JPEG root@10.99.1.195:/jupiter/circe_input/
DEBUG:transfer.py:transfer successful!
INFO:circe.py:runtime_stat:{"task_name": "circe", "event": "new_output_file", "filename": "storeclass6_lccenc6_65745438imgpersiancatjobid27.JPEG", "unix_time": 1620672505.4369748}
DEBUG:transfer.py:sshpass -p PASSWORD scp -P 5000 -o StrictHostKeyChecking=no /jupiter/circe_output/storeclass6_lccenc6_65745438imgpersiancatjobid27.JPEG root@10.99.1.195:/jupiter/circe_input/
DEBUG:transfer.py:transfer successful!
INFO:circe.py:runtime_stat:{"task_name": "circe", "event": "new_output_file", "filename": "storeclass6_lccenc6_31385656imgpersiancatjobid27.JPEG", "unix_time": 1620672505.6591017}
DEBUG:transfer.py:sshpass -p PASSWORD scp -P 5000 -o StrictHostKeyChecking=no /jupiter/circe_output/storeclass6_lccenc6_31385656imgpersiancatjobid27.JPEG root@10.99.1.195:/jupiter/circe_input/
DEBUG:transfer.py:transfer successful!
INFO:circe.py:runtime_stat:{"task_name": "circe", "event": "new_output_file", "filename": "storeclass6_lccenc6_51076851imgpersiancatjobid27.JPEG", "unix_time": 1620672505.87409}
DEBUG:transfer.py:sshpass -p PASSWORD scp -P 5000 -o StrictHostKeyChecking=no /jupiter/circe_output/storeclass6_lccenc6_51076851imgpersiancatjobid27.JPEG root@10.99.1.195:/jupiter/circe_input/
DEBUG:transfer.py:transfer successful!
INFO:circe.py:runtime_stat:{"task_name": "circe", "event": "new_input_file", "filename": "resnet7_storeclass6_45980956imgpersiancatjobid28.JPEG", "unix_time": 1620672512.0889015}
INFO:circe.py:runtime_stat:{"task_name": "circe", "event": "new_input_file", "filename": "home_storeclass6_65550987imgpersiancatjobid28.JPEG", "unix_time": 1620672512.1171837}
INFO:circe.py:runtime_stat:{"task_name": "circe", "event": "new_input_file", "filename": "resnet3_storeclass6_20891750imgpersiancatjobid28.JPEG", "unix_time": 1620672512.275097}
INFO:circe.py:runtime_stat:{"task_name": "circe", "event": "new_input_file", "filename": "resnet0_storeclass6_53032044imgpersiancatjobid28.JPEG", "unix_time": 1620672512.7295687}
INFO:circe.py:runtime_stat:{"task_name": "circe", "event": "new_input_file", "filename": "resnet4_storeclass6_84357417imgpersiancatjobid28.JPEG", "unix_time": 1620672512.890798}
INFO:ccdag_utils.py:runtime_stat:{"task_name": "storeclass6", "event": "queue_start_process", "filename": "resnet7_storeclass6_45980956imgpersiancatjobid28.JPEG", "unix_time": 1620672513.0169036}
INFO:circe.py:runtime_stat:{"task_name": "circe", "event": "new_output_file", "filename": "storeclass6_lccenc6_45980956imgpersiancatjobid28.JPEG", "unix_time": 1620672513.0209851}
DEBUG:transfer.py:sshpass -p PASSWORD scp -P 5000 -o StrictHostKeyChecking=no /jupiter/circe_output/storeclass6_lccenc6_45980956imgpersiancatjobid28.JPEG root@10.99.1.195:/jupiter/circe_input/
INFO:ccdag_utils.py:runtime_stat:{"task_name": "storeclass6", "event": "queue_end_process", "filename": "storeclass6_lccenc6_45980956imgpersiancatjobid28.JPEG", "unix_time": 1620672513.0218315}
INFO:ccdag_utils.py:runtime_stat:{"task_name": "storeclass6", "event": "queue_start_process", "filename": "home_storeclass6_65550987imgpersiancatjobid28.JPEG", "unix_time": 1620672513.0267239}
INFO:ccdag_utils.py:runtime_stat:{"task_name": "storeclass6", "event": "queue_end_process", "filename": "storeclass6_lccenc6_65550987imgpersiancatjobid28.JPEG", "unix_time": 1620672513.0309725}
INFO:ccdag_utils.py:runtime_stat:{"task_name": "storeclass6", "event": "queue_start_process", "filename": "resnet3_storeclass6_20891750imgpersiancatjobid28.JPEG", "unix_time": 1620672513.0312893}
INFO:ccdag_utils.py:runtime_stat:{"task_name": "storeclass6", "event": "queue_end_process", "filename": "storeclass6_lccenc6_20891750imgpersiancatjobid28.JPEG", "unix_time": 1620672513.035549}
INFO:ccdag_utils.py:runtime_stat:{"task_name": "storeclass6", "event": "queue_start_process", "filename": "resnet0_storeclass6_53032044imgpersiancatjobid28.JPEG", "unix_time": 1620672513.0362523}
INFO:ccdag_utils.py:runtime_stat:{"task_name": "storeclass6", "event": "queue_end_process", "filename": "storeclass6_lccenc6_53032044imgpersiancatjobid28.JPEG", "unix_time": 1620672513.038073}
INFO:ccdag_utils.py:runtime_stat:{"task_name": "storeclass6", "event": "queue_start_process", "filename": "resnet4_storeclass6_84357417imgpersiancatjobid28.JPEG", "unix_time": 1620672513.0383785}
INFO:ccdag_utils.py:runtime_stat:{"task_name": "storeclass6", "event": "queue_end_process", "filename": "storeclass6_lccenc6_84357417imgpersiancatjobid28.JPEG", "unix_time": 1620672513.0406826}
DEBUG:transfer.py:transfer successful!
INFO:circe.py:runtime_stat:{"task_name": "circe", "event": "new_output_file", "filename": "storeclass6_lccenc6_65550987imgpersiancatjobid28.JPEG", "unix_time": 1620672513.2428474}
DEBUG:transfer.py:sshpass -p PASSWORD scp -P 5000 -o StrictHostKeyChecking=no /jupiter/circe_output/storeclass6_lccenc6_65550987imgpersiancatjobid28.JPEG root@10.99.1.195:/jupiter/circe_input/
DEBUG:transfer.py:transfer successful!
INFO:circe.py:runtime_stat:{"task_name": "circe", "event": "new_output_file", "filename": "storeclass6_lccenc6_20891750imgpersiancatjobid28.JPEG", "unix_time": 1620672513.478354}
DEBUG:transfer.py:sshpass -p PASSWORD scp -P 5000 -o StrictHostKeyChecking=no /jupiter/circe_output/storeclass6_lccenc6_20891750imgpersiancatjobid28.JPEG root@10.99.1.195:/jupiter/circe_input/
DEBUG:transfer.py:transfer successful!
INFO:circe.py:runtime_stat:{"task_name": "circe", "event": "new_output_file", "filename": "storeclass6_lccenc6_53032044imgpersiancatjobid28.JPEG", "unix_time": 1620672513.6977084}
DEBUG:transfer.py:sshpass -p PASSWORD scp -P 5000 -o StrictHostKeyChecking=no /jupiter/circe_output/storeclass6_lccenc6_53032044imgpersiancatjobid28.JPEG root@10.99.1.195:/jupiter/circe_input/
DEBUG:transfer.py:transfer successful!
INFO:circe.py:runtime_stat:{"task_name": "circe", "event": "new_output_file", "filename": "storeclass6_lccenc6_84357417imgpersiancatjobid28.JPEG", "unix_time": 1620672513.9149992}
DEBUG:transfer.py:sshpass -p PASSWORD scp -P 5000 -o StrictHostKeyChecking=no /jupiter/circe_output/storeclass6_lccenc6_84357417imgpersiancatjobid28.JPEG root@10.99.1.195:/jupiter/circe_input/
DEBUG:transfer.py:transfer successful!
INFO:circe.py:runtime_stat:{"task_name": "circe", "event": "new_input_file", "filename": "resnet7_storeclass6_53869668imgpersiancatjobid29.JPEG", "unix_time": 1620672524.8383985}
INFO:circe.py:runtime_stat:{"task_name": "circe", "event": "new_input_file", "filename": "resnet6_storeclass6_16205678imgpersiancatjobid29.JPEG", "unix_time": 1620672524.8912716}
INFO:circe.py:runtime_stat:{"task_name": "circe", "event": "new_input_file", "filename": "resnet2_storeclass6_27857236imgpersiancatjobid29.JPEG", "unix_time": 1620672525.0226698}
INFO:ccdag_utils.py:runtime_stat:{"task_name": "storeclass6", "event": "queue_start_process", "filename": "resnet7_storeclass6_53869668imgpersiancatjobid29.JPEG", "unix_time": 1620672525.054609}
INFO:circe.py:runtime_stat:{"task_name": "circe", "event": "new_output_file", "filename": "storeclass6_lccenc6_53869668imgpersiancatjobid29.JPEG", "unix_time": 1620672525.060788}
DEBUG:transfer.py:sshpass -p PASSWORD scp -P 5000 -o StrictHostKeyChecking=no /jupiter/circe_output/storeclass6_lccenc6_53869668imgpersiancatjobid29.JPEG root@10.99.1.195:/jupiter/circe_input/
INFO:ccdag_utils.py:runtime_stat:{"task_name": "storeclass6", "event": "queue_end_process", "filename": "storeclass6_lccenc6_53869668imgpersiancatjobid29.JPEG", "unix_time": 1620672525.0673935}
INFO:ccdag_utils.py:runtime_stat:{"task_name": "storeclass6", "event": "queue_start_process", "filename": "resnet6_storeclass6_16205678imgpersiancatjobid29.JPEG", "unix_time": 1620672525.068907}
INFO:ccdag_utils.py:runtime_stat:{"task_name": "storeclass6", "event": "queue_end_process", "filename": "storeclass6_lccenc6_16205678imgpersiancatjobid29.JPEG", "unix_time": 1620672525.0713706}
INFO:ccdag_utils.py:runtime_stat:{"task_name": "storeclass6", "event": "queue_start_process", "filename": "resnet2_storeclass6_27857236imgpersiancatjobid29.JPEG", "unix_time": 1620672525.072479}
INFO:ccdag_utils.py:runtime_stat:{"task_name": "storeclass6", "event": "queue_end_process", "filename": "storeclass6_lccenc6_27857236imgpersiancatjobid29.JPEG", "unix_time": 1620672525.0767493}
DEBUG:transfer.py:transfer successful!
INFO:circe.py:runtime_stat:{"task_name": "circe", "event": "new_output_file", "filename": "storeclass6_lccenc6_16205678imgpersiancatjobid29.JPEG", "unix_time": 1620672525.2865725}
DEBUG:transfer.py:sshpass -p PASSWORD scp -P 5000 -o StrictHostKeyChecking=no /jupiter/circe_output/storeclass6_lccenc6_16205678imgpersiancatjobid29.JPEG root@10.99.1.195:/jupiter/circe_input/
INFO:circe.py:runtime_stat:{"task_name": "circe", "event": "new_input_file", "filename": "resnet3_storeclass6_58232155imgpersiancatjobid29.JPEG", "unix_time": 1620672525.4048}
DEBUG:transfer.py:transfer successful!
INFO:circe.py:runtime_stat:{"task_name": "circe", "event": "new_output_file", "filename": "storeclass6_lccenc6_27857236imgpersiancatjobid29.JPEG", "unix_time": 1620672525.5066543}
DEBUG:transfer.py:sshpass -p PASSWORD scp -P 5000 -o StrictHostKeyChecking=no /jupiter/circe_output/storeclass6_lccenc6_27857236imgpersiancatjobid29.JPEG root@10.99.1.195:/jupiter/circe_input/
DEBUG:transfer.py:transfer successful!
INFO:ccdag_utils.py:runtime_stat:{"task_name": "storeclass6", "event": "queue_start_process", "filename": "resnet3_storeclass6_58232155imgpersiancatjobid29.JPEG", "unix_time": 1620672526.0783174}
INFO:ccdag_utils.py:runtime_stat:{"task_name": "storeclass6", "event": "queue_end_process", "filename": "storeclass6_lccenc6_58232155imgpersiancatjobid29.JPEG", "unix_time": 1620672526.0808446}
INFO:circe.py:runtime_stat:{"task_name": "circe", "event": "new_output_file", "filename": "storeclass6_lccenc6_58232155imgpersiancatjobid29.JPEG", "unix_time": 1620672526.0819805}
DEBUG:transfer.py:sshpass -p PASSWORD scp -P 5000 -o StrictHostKeyChecking=no /jupiter/circe_output/storeclass6_lccenc6_58232155imgpersiancatjobid29.JPEG root@10.99.1.195:/jupiter/circe_input/
DEBUG:transfer.py:transfer successful!
INFO:circe.py:runtime_stat:{"task_name": "circe", "event": "new_input_file", "filename": "resnet5_storeclass6_66618122imgpersiancatjobid30.JPEG", "unix_time": 1620672534.7042975}
INFO:ccdag_utils.py:runtime_stat:{"task_name": "storeclass6", "event": "queue_start_process", "filename": "resnet5_storeclass6_66618122imgpersiancatjobid30.JPEG", "unix_time": 1620672535.0911667}
INFO:circe.py:runtime_stat:{"task_name": "circe", "event": "new_output_file", "filename": "storeclass6_lccenc6_66618122imgpersiancatjobid30.JPEG", "unix_time": 1620672535.0951972}
DEBUG:transfer.py:sshpass -p PASSWORD scp -P 5000 -o StrictHostKeyChecking=no /jupiter/circe_output/storeclass6_lccenc6_66618122imgpersiancatjobid30.JPEG root@10.99.1.195:/jupiter/circe_input/
INFO:ccdag_utils.py:runtime_stat:{"task_name": "storeclass6", "event": "queue_end_process", "filename": "storeclass6_lccenc6_66618122imgpersiancatjobid30.JPEG", "unix_time": 1620672535.098545}
DEBUG:transfer.py:transfer successful!
INFO:circe.py:runtime_stat:{"task_name": "circe", "event": "new_input_file", "filename": "resnet1_storeclass6_03590904imgpersiancatjobid30.JPEG", "unix_time": 1620672535.5246632}
INFO:ccdag_utils.py:runtime_stat:{"task_name": "storeclass6", "event": "queue_start_process", "filename": "resnet1_storeclass6_03590904imgpersiancatjobid30.JPEG", "unix_time": 1620672536.102553}
INFO:ccdag_utils.py:runtime_stat:{"task_name": "storeclass6", "event": "queue_end_process", "filename": "storeclass6_lccenc6_03590904imgpersiancatjobid30.JPEG", "unix_time": 1620672536.1044338}
INFO:circe.py:runtime_stat:{"task_name": "circe", "event": "new_output_file", "filename": "storeclass6_lccenc6_03590904imgpersiancatjobid30.JPEG", "unix_time": 1620672536.1084986}
DEBUG:transfer.py:sshpass -p PASSWORD scp -P 5000 -o StrictHostKeyChecking=no /jupiter/circe_output/storeclass6_lccenc6_03590904imgpersiancatjobid30.JPEG root@10.99.1.195:/jupiter/circe_input/
DEBUG:transfer.py:transfer successful!
INFO:circe.py:runtime_stat:{"task_name": "circe", "event": "new_input_file", "filename": "resnet0_storeclass6_64726644imgpersiancatjobid31.JPEG", "unix_time": 1620672548.1894817}
INFO:circe.py:runtime_stat:{"task_name": "circe", "event": "new_input_file", "filename": "resnet4_storeclass6_26279154imgpersiancatjobid31.JPEG", "unix_time": 1620672548.4694202}
INFO:ccdag_utils.py:runtime_stat:{"task_name": "storeclass6", "event": "queue_start_process", "filename": "resnet0_storeclass6_64726644imgpersiancatjobid31.JPEG", "unix_time": 1620672549.1220214}
INFO:ccdag_utils.py:runtime_stat:{"task_name": "storeclass6", "event": "queue_end_process", "filename": "storeclass6_lccenc6_64726644imgpersiancatjobid31.JPEG", "unix_time": 1620672549.1285267}
INFO:ccdag_utils.py:runtime_stat:{"task_name": "storeclass6", "event": "queue_start_process", "filename": "resnet4_storeclass6_26279154imgpersiancatjobid31.JPEG", "unix_time": 1620672549.1300504}
INFO:circe.py:runtime_stat:{"task_name": "circe", "event": "new_output_file", "filename": "storeclass6_lccenc6_64726644imgpersiancatjobid31.JPEG", "unix_time": 1620672549.129744}
DEBUG:transfer.py:sshpass -p PASSWORD scp -P 5000 -o StrictHostKeyChecking=no /jupiter/circe_output/storeclass6_lccenc6_64726644imgpersiancatjobid31.JPEG root@10.99.1.195:/jupiter/circe_input/
INFO:ccdag_utils.py:runtime_stat:{"task_name": "storeclass6", "event": "queue_end_process", "filename": "storeclass6_lccenc6_26279154imgpersiancatjobid31.JPEG", "unix_time": 1620672549.131165}
DEBUG:transfer.py:transfer successful!
INFO:circe.py:runtime_stat:{"task_name": "circe", "event": "new_output_file", "filename": "storeclass6_lccenc6_26279154imgpersiancatjobid31.JPEG", "unix_time": 1620672549.5332022}
DEBUG:transfer.py:sshpass -p PASSWORD scp -P 5000 -o StrictHostKeyChecking=no /jupiter/circe_output/storeclass6_lccenc6_26279154imgpersiancatjobid31.JPEG root@10.99.1.195:/jupiter/circe_input/
DEBUG:transfer.py:transfer successful!
