 * Starting OpenBSD Secure Shell server sshd
   ...done.
INFO:circe.py:Using base script lccenc.py
DEBUG:circe.py:starting the input monitoring process
DEBUG:circe.py:starting the output monitoring process
2
INFO:circe.py:runtime_stat:{"task_name": "circe", "event": "new_input_file", "filename": "storeclass2_lccenc2_94670561imgschoolbusjobid22.JPEG", "unix_time": 1620672447.520638}
INFO:circe.py:runtime_stat:{"task_name": "circe", "event": "new_input_file", "filename": "storeclass2_lccenc2_93177806imgschoolbusjobid23.JPEG", "unix_time": 1620672457.5929604}
INFO:circe.py:runtime_stat:{"task_name": "circe", "event": "new_input_file", "filename": "storeclass2_lccenc2_35098750imgschoolbusjobid23.JPEG", "unix_time": 1620672457.815324}
INFO:circe.py:runtime_stat:{"task_name": "circe", "event": "new_input_file", "filename": "storeclass2_lccenc2_56313974imgschoolbusjobid23.JPEG", "unix_time": 1620672458.0343933}
INFO:circe.py:runtime_stat:{"task_name": "circe", "event": "new_input_file", "filename": "storeclass2_lccenc2_96069334imgschoolbusjobid23.JPEG", "unix_time": 1620672458.2605612}
INFO:circe.py:runtime_stat:{"task_name": "circe", "event": "new_input_file", "filename": "storeclass2_lccenc2_63853342imgschoolbusjobid24.JPEG", "unix_time": 1620672467.6411746}
INFO:ccdag_utils.py:runtime_stat:{"task_name": "lccenc2", "event": "queue_start_process", "filename": "storeclass2_lccenc2_94670561imgschoolbusjobid22.JPEG", "unix_time": 1620672467.8637826}
INFO:ccdag_utils.py:runtime_stat:{"task_name": "lccenc2", "event": "queue_start_process", "filename": "storeclass2_lccenc2_93177806imgschoolbusjobid23.JPEG", "unix_time": 1620672467.864336}
INFO:ccdag_utils.py:runtime_stat:{"task_name": "lccenc2", "event": "queue_start_process", "filename": "storeclass2_lccenc2_35098750imgschoolbusjobid23.JPEG", "unix_time": 1620672467.8646467}
INFO:ccdag_utils.py:runtime_stat:{"task_name": "lccenc2", "event": "queue_start_process", "filename": "storeclass2_lccenc2_56313974imgschoolbusjobid23.JPEG", "unix_time": 1620672467.8649383}
INFO:ccdag_utils.py:runtime_stat:{"task_name": "lccenc2", "event": "queue_start_process", "filename": "storeclass2_lccenc2_96069334imgschoolbusjobid23.JPEG", "unix_time": 1620672467.8651948}
INFO:ccdag_utils.py:runtime_stat:{"task_name": "lccenc2", "event": "queue_start_process", "filename": "storeclass2_lccenc2_63853342imgschoolbusjobid24.JPEG", "unix_time": 1620672467.8654728}
INFO:circe.py:runtime_stat:{"task_name": "circe", "event": "new_input_file", "filename": "storeclass2_lccenc2_34317489imgschoolbusjobid24.JPEG", "unix_time": 1620672468.9188402}
INFO:circe.py:runtime_stat:{"task_name": "circe", "event": "new_input_file", "filename": "storeclass2_lccenc2_42782401imgschoolbusjobid24.JPEG", "unix_time": 1620672469.439002}
INFO:ccdag_utils.py:runtime_stat:{"task_name": "lccenc2", "event": "queue_end_process", "filename": "lccenc2_score2a_1#94670561-1#93177806-1#35098750-1#56313974-1#96069334-1#63853342jobid1.csv", "unix_time": 1620672469.4490051}
INFO:circe.py:runtime_stat:{"task_name": "circe", "event": "new_output_file", "filename": "lccenc2_score2a_1#94670561-1#93177806-1#35098750-1#56313974-1#96069334-1#63853342jobid1.csv", "unix_time": 1620672469.4499085}
DEBUG:transfer.py:sshpass -p PASSWORD scp -P 5000 -o StrictHostKeyChecking=no /jupiter/circe_output/lccenc2_score2a_1#94670561-1#93177806-1#35098750-1#56313974-1#96069334-1#63853342jobid1.csv root@10.102.65.183:/jupiter/circe_input/
Warning: Permanently added '[10.102.65.183]:5000' (ECDSA) to the list of known hosts.
DEBUG:transfer.py:transfer successful!
INFO:ccdag_utils.py:runtime_stat:{"task_name": "lccenc2", "event": "queue_end_process", "filename": "lccenc2_score2b_1#94670561-1#93177806-1#35098750-1#56313974-1#96069334-1#63853342jobid1.csv", "unix_time": 1620672470.4844484}
INFO:circe.py:runtime_stat:{"task_name": "circe", "event": "new_output_file", "filename": "lccenc2_score2b_1#94670561-1#93177806-1#35098750-1#56313974-1#96069334-1#63853342jobid1.csv", "unix_time": 1620672470.4856076}
DEBUG:transfer.py:sshpass -p PASSWORD scp -P 5000 -o StrictHostKeyChecking=no /jupiter/circe_output/lccenc2_score2b_1#94670561-1#93177806-1#35098750-1#56313974-1#96069334-1#63853342jobid1.csv root@10.104.21.97:/jupiter/circe_input/
Warning: Permanently added '[10.104.21.97]:5000' (ECDSA) to the list of known hosts.
DEBUG:transfer.py:transfer successful!
INFO:ccdag_utils.py:runtime_stat:{"task_name": "lccenc2", "event": "queue_end_process", "filename": "lccenc2_score2c_1#94670561-1#93177806-1#35098750-1#56313974-1#96069334-1#63853342jobid1.csv", "unix_time": 1620672471.6080134}
INFO:circe.py:runtime_stat:{"task_name": "circe", "event": "new_output_file", "filename": "lccenc2_score2c_1#94670561-1#93177806-1#35098750-1#56313974-1#96069334-1#63853342jobid1.csv", "unix_time": 1620672471.6090672}
DEBUG:transfer.py:sshpass -p PASSWORD scp -P 5000 -o StrictHostKeyChecking=no /jupiter/circe_output/lccenc2_score2c_1#94670561-1#93177806-1#35098750-1#56313974-1#96069334-1#63853342jobid1.csv root@10.105.185.67:/jupiter/circe_input/
Warning: Permanently added '[10.105.185.67]:5000' (ECDSA) to the list of known hosts.
DEBUG:transfer.py:transfer successful!
INFO:circe.py:runtime_stat:{"task_name": "circe", "event": "new_input_file", "filename": "storeclass2_lccenc2_85675712imgschoolbusjobid25.JPEG", "unix_time": 1620672481.6641397}
INFO:circe.py:runtime_stat:{"task_name": "circe", "event": "new_input_file", "filename": "storeclass2_lccenc2_97061098imgschoolbusjobid25.JPEG", "unix_time": 1620672481.9617834}
INFO:circe.py:runtime_stat:{"task_name": "circe", "event": "new_input_file", "filename": "storeclass2_lccenc2_86403042imgschoolbusjobid26.JPEG", "unix_time": 1620672490.6716905}
INFO:circe.py:runtime_stat:{"task_name": "circe", "event": "new_input_file", "filename": "storeclass2_lccenc2_87475761imgschoolbusjobid26.JPEG", "unix_time": 1620672490.8943343}
INFO:ccdag_utils.py:runtime_stat:{"task_name": "lccenc2", "event": "queue_start_process", "filename": "storeclass2_lccenc2_34317489imgschoolbusjobid24.JPEG", "unix_time": 1620672491.6281023}
INFO:ccdag_utils.py:runtime_stat:{"task_name": "lccenc2", "event": "queue_start_process", "filename": "storeclass2_lccenc2_42782401imgschoolbusjobid24.JPEG", "unix_time": 1620672491.6285686}
INFO:ccdag_utils.py:runtime_stat:{"task_name": "lccenc2", "event": "queue_start_process", "filename": "storeclass2_lccenc2_85675712imgschoolbusjobid25.JPEG", "unix_time": 1620672491.6287906}
INFO:ccdag_utils.py:runtime_stat:{"task_name": "lccenc2", "event": "queue_start_process", "filename": "storeclass2_lccenc2_97061098imgschoolbusjobid25.JPEG", "unix_time": 1620672491.6290064}
INFO:ccdag_utils.py:runtime_stat:{"task_name": "lccenc2", "event": "queue_start_process", "filename": "storeclass2_lccenc2_86403042imgschoolbusjobid26.JPEG", "unix_time": 1620672491.6292236}
INFO:ccdag_utils.py:runtime_stat:{"task_name": "lccenc2", "event": "queue_start_process", "filename": "storeclass2_lccenc2_87475761imgschoolbusjobid26.JPEG", "unix_time": 1620672491.629449}
INFO:circe.py:runtime_stat:{"task_name": "circe", "event": "new_input_file", "filename": "storeclass2_lccenc2_52739761imgschoolbusjobid26.JPEG", "unix_time": 1620672491.6861665}
INFO:ccdag_utils.py:runtime_stat:{"task_name": "lccenc2", "event": "queue_end_process", "filename": "lccenc2_score2a_1#34317489-1#42782401-1#85675712-1#97061098-1#86403042-1#87475761jobid2.csv", "unix_time": 1620672492.9027102}
INFO:circe.py:runtime_stat:{"task_name": "circe", "event": "new_output_file", "filename": "lccenc2_score2a_1#34317489-1#42782401-1#85675712-1#97061098-1#86403042-1#87475761jobid2.csv", "unix_time": 1620672492.9036577}
DEBUG:transfer.py:sshpass -p PASSWORD scp -P 5000 -o StrictHostKeyChecking=no /jupiter/circe_output/lccenc2_score2a_1#34317489-1#42782401-1#85675712-1#97061098-1#86403042-1#87475761jobid2.csv root@10.102.65.183:/jupiter/circe_input/
DEBUG:transfer.py:transfer successful!
INFO:ccdag_utils.py:runtime_stat:{"task_name": "lccenc2", "event": "queue_end_process", "filename": "lccenc2_score2b_1#34317489-1#42782401-1#85675712-1#97061098-1#86403042-1#87475761jobid2.csv", "unix_time": 1620672493.8981242}
INFO:circe.py:runtime_stat:{"task_name": "circe", "event": "new_output_file", "filename": "lccenc2_score2b_1#34317489-1#42782401-1#85675712-1#97061098-1#86403042-1#87475761jobid2.csv", "unix_time": 1620672493.8991325}
DEBUG:transfer.py:sshpass -p PASSWORD scp -P 5000 -o StrictHostKeyChecking=no /jupiter/circe_output/lccenc2_score2b_1#34317489-1#42782401-1#85675712-1#97061098-1#86403042-1#87475761jobid2.csv root@10.104.21.97:/jupiter/circe_input/
DEBUG:transfer.py:transfer successful!
INFO:ccdag_utils.py:runtime_stat:{"task_name": "lccenc2", "event": "queue_end_process", "filename": "lccenc2_score2c_1#34317489-1#42782401-1#85675712-1#97061098-1#86403042-1#87475761jobid2.csv", "unix_time": 1620672494.9271593}
INFO:circe.py:runtime_stat:{"task_name": "circe", "event": "new_output_file", "filename": "lccenc2_score2c_1#34317489-1#42782401-1#85675712-1#97061098-1#86403042-1#87475761jobid2.csv", "unix_time": 1620672494.9315264}
DEBUG:transfer.py:sshpass -p PASSWORD scp -P 5000 -o StrictHostKeyChecking=no /jupiter/circe_output/lccenc2_score2c_1#34317489-1#42782401-1#85675712-1#97061098-1#86403042-1#87475761jobid2.csv root@10.105.185.67:/jupiter/circe_input/
DEBUG:transfer.py:transfer successful!
INFO:circe.py:runtime_stat:{"task_name": "circe", "event": "new_input_file", "filename": "storeclass2_lccenc2_54784071imgschoolbusjobid27.JPEG", "unix_time": 1620672504.7191463}
INFO:circe.py:runtime_stat:{"task_name": "circe", "event": "new_input_file", "filename": "storeclass2_lccenc2_64233943imgschoolbusjobid27.JPEG", "unix_time": 1620672505.713264}
INFO:circe.py:runtime_stat:{"task_name": "circe", "event": "new_input_file", "filename": "storeclass2_lccenc2_56864845imgschoolbusjobid27.JPEG", "unix_time": 1620672505.9463842}
INFO:circe.py:runtime_stat:{"task_name": "circe", "event": "new_input_file", "filename": "storeclass2_lccenc2_37663933imgschoolbusjobid30.JPEG", "unix_time": 1620672535.8508875}
INFO:circe.py:runtime_stat:{"task_name": "circe", "event": "new_input_file", "filename": "storeclass2_lccenc2_32324721imgschoolbusjobid31.JPEG", "unix_time": 1620672548.8289719}
INFO:ccdag_utils.py:runtime_stat:{"task_name": "lccenc2", "event": "queue_start_process", "filename": "storeclass2_lccenc2_52739761imgschoolbusjobid26.JPEG", "unix_time": 1620672548.99177}
INFO:ccdag_utils.py:runtime_stat:{"task_name": "lccenc2", "event": "queue_start_process", "filename": "storeclass2_lccenc2_54784071imgschoolbusjobid27.JPEG", "unix_time": 1620672548.992346}
INFO:ccdag_utils.py:runtime_stat:{"task_name": "lccenc2", "event": "queue_start_process", "filename": "storeclass2_lccenc2_64233943imgschoolbusjobid27.JPEG", "unix_time": 1620672548.9927256}
INFO:ccdag_utils.py:runtime_stat:{"task_name": "lccenc2", "event": "queue_start_process", "filename": "storeclass2_lccenc2_56864845imgschoolbusjobid27.JPEG", "unix_time": 1620672548.9930754}
INFO:ccdag_utils.py:runtime_stat:{"task_name": "lccenc2", "event": "queue_start_process", "filename": "storeclass2_lccenc2_37663933imgschoolbusjobid30.JPEG", "unix_time": 1620672548.993408}
INFO:ccdag_utils.py:runtime_stat:{"task_name": "lccenc2", "event": "queue_start_process", "filename": "storeclass2_lccenc2_32324721imgschoolbusjobid31.JPEG", "unix_time": 1620672548.9937413}
INFO:circe.py:runtime_stat:{"task_name": "circe", "event": "new_input_file", "filename": "storeclass2_lccenc2_10045329imgschoolbusjobid31.JPEG", "unix_time": 1620672549.1701977}
INFO:circe.py:runtime_stat:{"task_name": "circe", "event": "new_input_file", "filename": "storeclass2_lccenc2_17534914imgschoolbusjobid31.JPEG", "unix_time": 1620672549.9113219}
INFO:ccdag_utils.py:runtime_stat:{"task_name": "lccenc2", "event": "queue_end_process", "filename": "lccenc2_score2a_1#52739761-1#54784071-1#64233943-1#56864845-1#37663933-1#32324721jobid3.csv", "unix_time": 1620672550.4444628}
INFO:circe.py:runtime_stat:{"task_name": "circe", "event": "new_output_file", "filename": "lccenc2_score2a_1#52739761-1#54784071-1#64233943-1#56864845-1#37663933-1#32324721jobid3.csv", "unix_time": 1620672550.480282}
DEBUG:transfer.py:sshpass -p PASSWORD scp -P 5000 -o StrictHostKeyChecking=no /jupiter/circe_output/lccenc2_score2a_1#52739761-1#54784071-1#64233943-1#56864845-1#37663933-1#32324721jobid3.csv root@10.102.65.183:/jupiter/circe_input/
DEBUG:transfer.py:transfer successful!
INFO:ccdag_utils.py:runtime_stat:{"task_name": "lccenc2", "event": "queue_end_process", "filename": "lccenc2_score2b_1#52739761-1#54784071-1#64233943-1#56864845-1#37663933-1#32324721jobid3.csv", "unix_time": 1620672551.441926}
INFO:circe.py:runtime_stat:{"task_name": "circe", "event": "new_output_file", "filename": "lccenc2_score2b_1#52739761-1#54784071-1#64233943-1#56864845-1#37663933-1#32324721jobid3.csv", "unix_time": 1620672551.4428744}
DEBUG:transfer.py:sshpass -p PASSWORD scp -P 5000 -o StrictHostKeyChecking=no /jupiter/circe_output/lccenc2_score2b_1#52739761-1#54784071-1#64233943-1#56864845-1#37663933-1#32324721jobid3.csv root@10.104.21.97:/jupiter/circe_input/
DEBUG:transfer.py:transfer successful!
INFO:ccdag_utils.py:runtime_stat:{"task_name": "lccenc2", "event": "queue_end_process", "filename": "lccenc2_score2c_1#52739761-1#54784071-1#64233943-1#56864845-1#37663933-1#32324721jobid3.csv", "unix_time": 1620672552.4382234}
INFO:circe.py:runtime_stat:{"task_name": "circe", "event": "new_output_file", "filename": "lccenc2_score2c_1#52739761-1#54784071-1#64233943-1#56864845-1#37663933-1#32324721jobid3.csv", "unix_time": 1620672552.4391453}
DEBUG:transfer.py:sshpass -p PASSWORD scp -P 5000 -o StrictHostKeyChecking=no /jupiter/circe_output/lccenc2_score2c_1#52739761-1#54784071-1#64233943-1#56864845-1#37663933-1#32324721jobid3.csv root@10.105.185.67:/jupiter/circe_input/
DEBUG:transfer.py:transfer successful!
INFO:circe.py:runtime_stat:{"task_name": "circe", "event": "new_input_file", "filename": "storeclass2_lccenc2_43366066imgschoolbusjobid32.JPEG", "unix_time": 1620672559.8246455}
INFO:circe.py:runtime_stat:{"task_name": "circe", "event": "new_input_file", "filename": "storeclass2_lccenc2_01298250imgschoolbusjobid32.JPEG", "unix_time": 1620672560.052271}
INFO:circe.py:runtime_stat:{"task_name": "circe", "event": "new_input_file", "filename": "storeclass2_lccenc2_10795394imgschoolbusjobid32.JPEG", "unix_time": 1620672560.3024168}
INFO:circe.py:runtime_stat:{"task_name": "circe", "event": "new_input_file", "filename": "storeclass2_lccenc2_94263115imgschoolbusjobid32.JPEG", "unix_time": 1620672560.5501802}
INFO:ccdag_utils.py:runtime_stat:{"task_name": "lccenc2", "event": "queue_start_process", "filename": "storeclass2_lccenc2_10045329imgschoolbusjobid31.JPEG", "unix_time": 1620672561.4488509}
INFO:ccdag_utils.py:runtime_stat:{"task_name": "lccenc2", "event": "queue_start_process", "filename": "storeclass2_lccenc2_17534914imgschoolbusjobid31.JPEG", "unix_time": 1620672561.4492002}
INFO:ccdag_utils.py:runtime_stat:{"task_name": "lccenc2", "event": "queue_start_process", "filename": "storeclass2_lccenc2_43366066imgschoolbusjobid32.JPEG", "unix_time": 1620672561.4494047}
INFO:ccdag_utils.py:runtime_stat:{"task_name": "lccenc2", "event": "queue_start_process", "filename": "storeclass2_lccenc2_01298250imgschoolbusjobid32.JPEG", "unix_time": 1620672561.449623}
INFO:ccdag_utils.py:runtime_stat:{"task_name": "lccenc2", "event": "queue_start_process", "filename": "storeclass2_lccenc2_10795394imgschoolbusjobid32.JPEG", "unix_time": 1620672561.4498274}
INFO:ccdag_utils.py:runtime_stat:{"task_name": "lccenc2", "event": "queue_start_process", "filename": "storeclass2_lccenc2_94263115imgschoolbusjobid32.JPEG", "unix_time": 1620672561.4500253}
INFO:circe.py:runtime_stat:{"task_name": "circe", "event": "new_output_file", "filename": "lccenc2_score2a_1#10045329-1#17534914-1#43366066-1#01298250-1#10795394-1#94263115jobid4.csv", "unix_time": 1620672562.7901995}
DEBUG:transfer.py:sshpass -p PASSWORD scp -P 5000 -o StrictHostKeyChecking=no /jupiter/circe_output/lccenc2_score2a_1#10045329-1#17534914-1#43366066-1#01298250-1#10795394-1#94263115jobid4.csv root@10.102.65.183:/jupiter/circe_input/
INFO:ccdag_utils.py:runtime_stat:{"task_name": "lccenc2", "event": "queue_end_process", "filename": "lccenc2_score2a_1#10045329-1#17534914-1#43366066-1#01298250-1#10795394-1#94263115jobid4.csv", "unix_time": 1620672562.7948554}
DEBUG:transfer.py:transfer successful!
INFO:ccdag_utils.py:runtime_stat:{"task_name": "lccenc2", "event": "queue_end_process", "filename": "lccenc2_score2b_1#10045329-1#17534914-1#43366066-1#01298250-1#10795394-1#94263115jobid4.csv", "unix_time": 1620672564.0023303}
INFO:circe.py:runtime_stat:{"task_name": "circe", "event": "new_output_file", "filename": "lccenc2_score2b_1#10045329-1#17534914-1#43366066-1#01298250-1#10795394-1#94263115jobid4.csv", "unix_time": 1620672564.0033178}
DEBUG:transfer.py:sshpass -p PASSWORD scp -P 5000 -o StrictHostKeyChecking=no /jupiter/circe_output/lccenc2_score2b_1#10045329-1#17534914-1#43366066-1#01298250-1#10795394-1#94263115jobid4.csv root@10.104.21.97:/jupiter/circe_input/
DEBUG:transfer.py:transfer successful!
INFO:ccdag_utils.py:runtime_stat:{"task_name": "lccenc2", "event": "queue_end_process", "filename": "lccenc2_score2c_1#10045329-1#17534914-1#43366066-1#01298250-1#10795394-1#94263115jobid4.csv", "unix_time": 1620672565.2880259}
INFO:circe.py:runtime_stat:{"task_name": "circe", "event": "new_output_file", "filename": "lccenc2_score2c_1#10045329-1#17534914-1#43366066-1#01298250-1#10795394-1#94263115jobid4.csv", "unix_time": 1620672565.2912154}
DEBUG:transfer.py:sshpass -p PASSWORD scp -P 5000 -o StrictHostKeyChecking=no /jupiter/circe_output/lccenc2_score2c_1#10045329-1#17534914-1#43366066-1#01298250-1#10795394-1#94263115jobid4.csv root@10.105.185.67:/jupiter/circe_input/
DEBUG:transfer.py:transfer successful!
INFO:circe.py:runtime_stat:{"task_name": "circe", "event": "new_input_file", "filename": "storeclass2_lccenc2_55105177imgschoolbusjobid33.JPEG", "unix_time": 1620672570.9049308}
INFO:circe.py:runtime_stat:{"task_name": "circe", "event": "new_input_file", "filename": "storeclass2_lccenc2_61556199imgschoolbusjobid33.JPEG", "unix_time": 1620672571.9304023}
INFO:circe.py:runtime_stat:{"task_name": "circe", "event": "new_input_file", "filename": "storeclass2_lccenc2_69566453imgschoolbusjobid34.JPEG", "unix_time": 1620672580.888281}
INFO:circe.py:runtime_stat:{"task_name": "circe", "event": "new_input_file", "filename": "storeclass2_lccenc2_46188852imgschoolbusjobid34.JPEG", "unix_time": 1620672581.8884218}
INFO:circe.py:runtime_stat:{"task_name": "circe", "event": "new_input_file", "filename": "storeclass2_lccenc2_83163908imgschoolbusjobid34.JPEG", "unix_time": 1620672582.1018856}
INFO:circe.py:runtime_stat:{"task_name": "circe", "event": "new_input_file", "filename": "storeclass2_lccenc2_55387723imgschoolbusjobid35.JPEG", "unix_time": 1620672592.964966}
INFO:ccdag_utils.py:runtime_stat:{"task_name": "lccenc2", "event": "queue_start_process", "filename": "storeclass2_lccenc2_55105177imgschoolbusjobid33.JPEG", "unix_time": 1620672593.3250043}
INFO:ccdag_utils.py:runtime_stat:{"task_name": "lccenc2", "event": "queue_start_process", "filename": "storeclass2_lccenc2_61556199imgschoolbusjobid33.JPEG", "unix_time": 1620672593.325547}
INFO:ccdag_utils.py:runtime_stat:{"task_name": "lccenc2", "event": "queue_start_process", "filename": "storeclass2_lccenc2_69566453imgschoolbusjobid34.JPEG", "unix_time": 1620672593.325911}
INFO:ccdag_utils.py:runtime_stat:{"task_name": "lccenc2", "event": "queue_start_process", "filename": "storeclass2_lccenc2_46188852imgschoolbusjobid34.JPEG", "unix_time": 1620672593.326258}
INFO:ccdag_utils.py:runtime_stat:{"task_name": "lccenc2", "event": "queue_start_process", "filename": "storeclass2_lccenc2_83163908imgschoolbusjobid34.JPEG", "unix_time": 1620672593.3265827}
INFO:ccdag_utils.py:runtime_stat:{"task_name": "lccenc2", "event": "queue_start_process", "filename": "storeclass2_lccenc2_55387723imgschoolbusjobid35.JPEG", "unix_time": 1620672593.32691}
INFO:circe.py:runtime_stat:{"task_name": "circe", "event": "new_input_file", "filename": "storeclass2_lccenc2_16152350imgschoolbusjobid35.JPEG", "unix_time": 1620672594.130099}
INFO:ccdag_utils.py:runtime_stat:{"task_name": "lccenc2", "event": "queue_end_process", "filename": "lccenc2_score2a_1#55105177-1#61556199-1#69566453-1#46188852-1#83163908-1#55387723jobid5.csv", "unix_time": 1620672594.6223059}
INFO:circe.py:runtime_stat:{"task_name": "circe", "event": "new_output_file", "filename": "lccenc2_score2a_1#55105177-1#61556199-1#69566453-1#46188852-1#83163908-1#55387723jobid5.csv", "unix_time": 1620672594.6231186}
DEBUG:transfer.py:sshpass -p PASSWORD scp -P 5000 -o StrictHostKeyChecking=no /jupiter/circe_output/lccenc2_score2a_1#55105177-1#61556199-1#69566453-1#46188852-1#83163908-1#55387723jobid5.csv root@10.102.65.183:/jupiter/circe_input/
DEBUG:transfer.py:transfer successful!
INFO:circe.py:runtime_stat:{"task_name": "circe", "event": "new_output_file", "filename": "lccenc2_score2b_1#55105177-1#61556199-1#69566453-1#46188852-1#83163908-1#55387723jobid5.csv", "unix_time": 1620672595.6156805}
DEBUG:transfer.py:sshpass -p PASSWORD scp -P 5000 -o StrictHostKeyChecking=no /jupiter/circe_output/lccenc2_score2b_1#55105177-1#61556199-1#69566453-1#46188852-1#83163908-1#55387723jobid5.csv root@10.104.21.97:/jupiter/circe_input/
INFO:ccdag_utils.py:runtime_stat:{"task_name": "lccenc2", "event": "queue_end_process", "filename": "lccenc2_score2b_1#55105177-1#61556199-1#69566453-1#46188852-1#83163908-1#55387723jobid5.csv", "unix_time": 1620672595.61959}
DEBUG:transfer.py:transfer successful!
INFO:ccdag_utils.py:runtime_stat:{"task_name": "lccenc2", "event": "queue_end_process", "filename": "lccenc2_score2c_1#55105177-1#61556199-1#69566453-1#46188852-1#83163908-1#55387723jobid5.csv", "unix_time": 1620672596.6345491}
INFO:circe.py:runtime_stat:{"task_name": "circe", "event": "new_output_file", "filename": "lccenc2_score2c_1#55105177-1#61556199-1#69566453-1#46188852-1#83163908-1#55387723jobid5.csv", "unix_time": 1620672596.63545}
DEBUG:transfer.py:sshpass -p PASSWORD scp -P 5000 -o StrictHostKeyChecking=no /jupiter/circe_output/lccenc2_score2c_1#55105177-1#61556199-1#69566453-1#46188852-1#83163908-1#55387723jobid5.csv root@10.105.185.67:/jupiter/circe_input/
DEBUG:transfer.py:transfer successful!
INFO:circe.py:runtime_stat:{"task_name": "circe", "event": "new_input_file", "filename": "storeclass2_lccenc2_22588432imgschoolbusjobid36.JPEG", "unix_time": 1620672603.968248}
INFO:circe.py:runtime_stat:{"task_name": "circe", "event": "new_input_file", "filename": "storeclass2_lccenc2_70510691imgschoolbusjobid36.JPEG", "unix_time": 1620672605.034156}
