 * Starting OpenBSD Secure Shell server sshd
   ...done.
INFO:circe.py:Using base script lccdec.py
DEBUG:circe.py:starting the input monitoring process
DEBUG:circe.py:starting the output monitoring process
INFO:circe.py:runtime_stat:{"task_name": "circe", "event": "new_input_file", "filename": "preagg6_lccdec6_1jobthscore6a5#09024883-5#48367758-5#53288761-5#86029509-5#32336003-5#43403692", "unix_time": 1620672416.7601955}
INFO:lccdec.py:lccdec6: file rcvd from preagg6 : preagg6_lccdec6_1jobthscore6a5#09024883-5#48367758-5#53288761-5#86029509-5#32336003-5#43403692
INFO:ccdag_utils.py:runtime_stat:{"task_name": "lccdec6", "event": "queue_start_process", "filename": "preagg6_lccdec6_1jobthscore6a5#09024883-5#48367758-5#53288761-5#86029509-5#32336003-5#43403692", "unix_time": 1620672416.762516}
INFO:circe.py:runtime_stat:{"task_name": "circe", "event": "new_input_file", "filename": "preagg6_lccdec6_1jobthscore6b5#09024883-5#48367758-5#53288761-5#86029509-5#32336003-5#43403692", "unix_time": 1620672416.968553}
INFO:lccdec.py:lccdec6: file rcvd from preagg6 : preagg6_lccdec6_1jobthscore6b5#09024883-5#48367758-5#53288761-5#86029509-5#32336003-5#43403692
INFO:ccdag_utils.py:runtime_stat:{"task_name": "lccdec6", "event": "queue_start_process", "filename": "preagg6_lccdec6_1jobthscore6b5#09024883-5#48367758-5#53288761-5#86029509-5#32336003-5#43403692", "unix_time": 1620672416.9693685}
INFO:circe.py:runtime_stat:{"task_name": "circe", "event": "new_input_file", "filename": "preagg6_lccdec6_1jobthscore6c5#09024883-5#48367758-5#53288761-5#86029509-5#32336003-5#43403692", "unix_time": 1620672417.1914387}
INFO:lccdec.py:lccdec6: file rcvd from preagg6 : preagg6_lccdec6_1jobthscore6c5#09024883-5#48367758-5#53288761-5#86029509-5#32336003-5#43403692
INFO:ccdag_utils.py:runtime_stat:{"task_name": "lccdec6", "event": "queue_start_process", "filename": "preagg6_lccdec6_1jobthscore6c5#09024883-5#48367758-5#53288761-5#86029509-5#32336003-5#43403692", "unix_time": 1620672417.1925216}
INFO:circe.py:runtime_stat:{"task_name": "circe", "event": "new_output_file", "filename": "lccdec6_home_1jobth5#09024883-5#48367758-5#53288761-5#86029509-5#32336003-5#43403692", "unix_time": 1620672417.2251894}
DEBUG:transfer.py:sshpass -p PASSWORD scp -P 5000 -o StrictHostKeyChecking=no /jupiter/circe_output/lccdec6_home_1jobth5#09024883-5#48367758-5#53288761-5#86029509-5#32336003-5#43403692 root@10.110.185.200:/jupiter/circe_input/
INFO:ccdag_utils.py:runtime_stat:{"task_name": "lccdec6", "event": "queue_end_process", "filename": "lccdec6_home_1jobth5#09024883-5#48367758-5#53288761-5#86029509-5#32336003-5#43403692", "unix_time": 1620672417.2267144}
Warning: Permanently added '[10.110.185.200]:5000' (ECDSA) to the list of known hosts.
DEBUG:transfer.py:transfer successful!
INFO:circe.py:runtime_stat:{"task_name": "circe", "event": "new_input_file", "filename": "preagg6_lccdec6_2jobthscore6a5#03817444-5#99777129-5#19195469-5#65046604-5#17295495-5#70525970", "unix_time": 1620672427.9956625}
INFO:lccdec.py:lccdec6: file rcvd from preagg6 : preagg6_lccdec6_2jobthscore6a5#03817444-5#99777129-5#19195469-5#65046604-5#17295495-5#70525970
INFO:ccdag_utils.py:runtime_stat:{"task_name": "lccdec6", "event": "queue_start_process", "filename": "preagg6_lccdec6_2jobthscore6a5#03817444-5#99777129-5#19195469-5#65046604-5#17295495-5#70525970", "unix_time": 1620672427.9967794}
INFO:circe.py:runtime_stat:{"task_name": "circe", "event": "new_input_file", "filename": "preagg6_lccdec6_2jobthscore6b5#03817444-5#99777129-5#19195469-5#65046604-5#17295495-5#70525970", "unix_time": 1620672428.2300978}
INFO:lccdec.py:lccdec6: file rcvd from preagg6 : preagg6_lccdec6_2jobthscore6b5#03817444-5#99777129-5#19195469-5#65046604-5#17295495-5#70525970
INFO:ccdag_utils.py:runtime_stat:{"task_name": "lccdec6", "event": "queue_start_process", "filename": "preagg6_lccdec6_2jobthscore6b5#03817444-5#99777129-5#19195469-5#65046604-5#17295495-5#70525970", "unix_time": 1620672428.2307262}
INFO:circe.py:runtime_stat:{"task_name": "circe", "event": "new_input_file", "filename": "preagg6_lccdec6_2jobthscore6c5#03817444-5#99777129-5#19195469-5#65046604-5#17295495-5#70525970", "unix_time": 1620672428.4994814}
INFO:lccdec.py:lccdec6: file rcvd from preagg6 : preagg6_lccdec6_2jobthscore6c5#03817444-5#99777129-5#19195469-5#65046604-5#17295495-5#70525970
INFO:ccdag_utils.py:runtime_stat:{"task_name": "lccdec6", "event": "queue_start_process", "filename": "preagg6_lccdec6_2jobthscore6c5#03817444-5#99777129-5#19195469-5#65046604-5#17295495-5#70525970", "unix_time": 1620672428.5002913}
INFO:circe.py:runtime_stat:{"task_name": "circe", "event": "new_output_file", "filename": "lccdec6_home_2jobth5#03817444-5#99777129-5#19195469-5#65046604-5#17295495-5#70525970", "unix_time": 1620672428.5229185}
DEBUG:transfer.py:sshpass -p PASSWORD scp -P 5000 -o StrictHostKeyChecking=no /jupiter/circe_output/lccdec6_home_2jobth5#03817444-5#99777129-5#19195469-5#65046604-5#17295495-5#70525970 root@10.110.185.200:/jupiter/circe_input/
INFO:ccdag_utils.py:runtime_stat:{"task_name": "lccdec6", "event": "queue_end_process", "filename": "lccdec6_home_2jobth5#03817444-5#99777129-5#19195469-5#65046604-5#17295495-5#70525970", "unix_time": 1620672428.5275683}
DEBUG:transfer.py:transfer successful!
INFO:circe.py:runtime_stat:{"task_name": "circe", "event": "new_input_file", "filename": "preagg6_lccdec6_3jobthscore6a5#39100509-5#77440066-5#45643001-5#30796899-5#76111185-5#82133856", "unix_time": 1620672451.2629635}
INFO:lccdec.py:lccdec6: file rcvd from preagg6 : preagg6_lccdec6_3jobthscore6a5#39100509-5#77440066-5#45643001-5#30796899-5#76111185-5#82133856
INFO:ccdag_utils.py:runtime_stat:{"task_name": "lccdec6", "event": "queue_start_process", "filename": "preagg6_lccdec6_3jobthscore6a5#39100509-5#77440066-5#45643001-5#30796899-5#76111185-5#82133856", "unix_time": 1620672451.2638097}
INFO:circe.py:runtime_stat:{"task_name": "circe", "event": "new_input_file", "filename": "preagg6_lccdec6_3jobthscore6b5#39100509-5#77440066-5#45643001-5#30796899-5#76111185-5#82133856", "unix_time": 1620672451.4760354}
INFO:lccdec.py:lccdec6: file rcvd from preagg6 : preagg6_lccdec6_3jobthscore6b5#39100509-5#77440066-5#45643001-5#30796899-5#76111185-5#82133856
INFO:ccdag_utils.py:runtime_stat:{"task_name": "lccdec6", "event": "queue_start_process", "filename": "preagg6_lccdec6_3jobthscore6b5#39100509-5#77440066-5#45643001-5#30796899-5#76111185-5#82133856", "unix_time": 1620672451.4767594}
INFO:circe.py:runtime_stat:{"task_name": "circe", "event": "new_input_file", "filename": "preagg6_lccdec6_3jobthscore6c5#39100509-5#77440066-5#45643001-5#30796899-5#76111185-5#82133856", "unix_time": 1620672451.7302263}
INFO:lccdec.py:lccdec6: file rcvd from preagg6 : preagg6_lccdec6_3jobthscore6c5#39100509-5#77440066-5#45643001-5#30796899-5#76111185-5#82133856
INFO:ccdag_utils.py:runtime_stat:{"task_name": "lccdec6", "event": "queue_start_process", "filename": "preagg6_lccdec6_3jobthscore6c5#39100509-5#77440066-5#45643001-5#30796899-5#76111185-5#82133856", "unix_time": 1620672451.7310615}
INFO:circe.py:runtime_stat:{"task_name": "circe", "event": "new_output_file", "filename": "lccdec6_home_3jobth5#39100509-5#77440066-5#45643001-5#30796899-5#76111185-5#82133856", "unix_time": 1620672451.7536583}
DEBUG:transfer.py:sshpass -p PASSWORD scp -P 5000 -o StrictHostKeyChecking=no /jupiter/circe_output/lccdec6_home_3jobth5#39100509-5#77440066-5#45643001-5#30796899-5#76111185-5#82133856 root@10.110.185.200:/jupiter/circe_input/
INFO:ccdag_utils.py:runtime_stat:{"task_name": "lccdec6", "event": "queue_end_process", "filename": "lccdec6_home_3jobth5#39100509-5#77440066-5#45643001-5#30796899-5#76111185-5#82133856", "unix_time": 1620672451.763866}
DEBUG:transfer.py:transfer successful!
INFO:circe.py:runtime_stat:{"task_name": "circe", "event": "new_input_file", "filename": "preagg6_lccdec6_4jobthscore6a5#38568875-5#34099982-5#73090939-5#05075856-5#27527458-5#65852550", "unix_time": 1620672483.5058846}
INFO:lccdec.py:lccdec6: file rcvd from preagg6 : preagg6_lccdec6_4jobthscore6a5#38568875-5#34099982-5#73090939-5#05075856-5#27527458-5#65852550
INFO:ccdag_utils.py:runtime_stat:{"task_name": "lccdec6", "event": "queue_start_process", "filename": "preagg6_lccdec6_4jobthscore6a5#38568875-5#34099982-5#73090939-5#05075856-5#27527458-5#65852550", "unix_time": 1620672483.506715}
INFO:circe.py:runtime_stat:{"task_name": "circe", "event": "new_input_file", "filename": "preagg6_lccdec6_4jobthscore6b5#38568875-5#34099982-5#73090939-5#05075856-5#27527458-5#65852550", "unix_time": 1620672483.7247663}
INFO:lccdec.py:lccdec6: file rcvd from preagg6 : preagg6_lccdec6_4jobthscore6b5#38568875-5#34099982-5#73090939-5#05075856-5#27527458-5#65852550
INFO:ccdag_utils.py:runtime_stat:{"task_name": "lccdec6", "event": "queue_start_process", "filename": "preagg6_lccdec6_4jobthscore6b5#38568875-5#34099982-5#73090939-5#05075856-5#27527458-5#65852550", "unix_time": 1620672483.7254145}
INFO:circe.py:runtime_stat:{"task_name": "circe", "event": "new_input_file", "filename": "preagg6_lccdec6_4jobthscore6c5#38568875-5#34099982-5#73090939-5#05075856-5#27527458-5#65852550", "unix_time": 1620672483.9350846}
INFO:lccdec.py:lccdec6: file rcvd from preagg6 : preagg6_lccdec6_4jobthscore6c5#38568875-5#34099982-5#73090939-5#05075856-5#27527458-5#65852550
INFO:ccdag_utils.py:runtime_stat:{"task_name": "lccdec6", "event": "queue_start_process", "filename": "preagg6_lccdec6_4jobthscore6c5#38568875-5#34099982-5#73090939-5#05075856-5#27527458-5#65852550", "unix_time": 1620672483.93594}
INFO:circe.py:runtime_stat:{"task_name": "circe", "event": "new_output_file", "filename": "lccdec6_home_4jobth5#38568875-5#34099982-5#73090939-5#05075856-5#27527458-5#65852550", "unix_time": 1620672483.9585216}
DEBUG:transfer.py:sshpass -p PASSWORD scp -P 5000 -o StrictHostKeyChecking=no /jupiter/circe_output/lccdec6_home_4jobth5#38568875-5#34099982-5#73090939-5#05075856-5#27527458-5#65852550 root@10.110.185.200:/jupiter/circe_input/
INFO:ccdag_utils.py:runtime_stat:{"task_name": "lccdec6", "event": "queue_end_process", "filename": "lccdec6_home_4jobth5#38568875-5#34099982-5#73090939-5#05075856-5#27527458-5#65852550", "unix_time": 1620672483.9641998}
DEBUG:transfer.py:transfer successful!
INFO:circe.py:runtime_stat:{"task_name": "circe", "event": "new_input_file", "filename": "preagg6_lccdec6_5jobthscore6a5#87647390-5#89836677-5#42914281-5#98805844-5#14234280-5#98688148", "unix_time": 1620672519.8244019}
INFO:lccdec.py:lccdec6: file rcvd from preagg6 : preagg6_lccdec6_5jobthscore6a5#87647390-5#89836677-5#42914281-5#98805844-5#14234280-5#98688148
INFO:ccdag_utils.py:runtime_stat:{"task_name": "lccdec6", "event": "queue_start_process", "filename": "preagg6_lccdec6_5jobthscore6a5#87647390-5#89836677-5#42914281-5#98805844-5#14234280-5#98688148", "unix_time": 1620672519.8250039}
INFO:circe.py:runtime_stat:{"task_name": "circe", "event": "new_input_file", "filename": "preagg6_lccdec6_5jobthscore6b5#87647390-5#89836677-5#42914281-5#98805844-5#14234280-5#98688148", "unix_time": 1620672520.036506}
INFO:lccdec.py:lccdec6: file rcvd from preagg6 : preagg6_lccdec6_5jobthscore6b5#87647390-5#89836677-5#42914281-5#98805844-5#14234280-5#98688148
INFO:ccdag_utils.py:runtime_stat:{"task_name": "lccdec6", "event": "queue_start_process", "filename": "preagg6_lccdec6_5jobthscore6b5#87647390-5#89836677-5#42914281-5#98805844-5#14234280-5#98688148", "unix_time": 1620672520.0371292}
INFO:circe.py:runtime_stat:{"task_name": "circe", "event": "new_input_file", "filename": "preagg6_lccdec6_5jobthscore6c5#87647390-5#89836677-5#42914281-5#98805844-5#14234280-5#98688148", "unix_time": 1620672520.2473526}
INFO:lccdec.py:lccdec6: file rcvd from preagg6 : preagg6_lccdec6_5jobthscore6c5#87647390-5#89836677-5#42914281-5#98805844-5#14234280-5#98688148
INFO:ccdag_utils.py:runtime_stat:{"task_name": "lccdec6", "event": "queue_start_process", "filename": "preagg6_lccdec6_5jobthscore6c5#87647390-5#89836677-5#42914281-5#98805844-5#14234280-5#98688148", "unix_time": 1620672520.247852}
INFO:circe.py:runtime_stat:{"task_name": "circe", "event": "new_output_file", "filename": "lccdec6_home_5jobth5#87647390-5#89836677-5#42914281-5#98805844-5#14234280-5#98688148", "unix_time": 1620672520.2728329}
DEBUG:transfer.py:sshpass -p PASSWORD scp -P 5000 -o StrictHostKeyChecking=no /jupiter/circe_output/lccdec6_home_5jobth5#87647390-5#89836677-5#42914281-5#98805844-5#14234280-5#98688148 root@10.110.185.200:/jupiter/circe_input/
INFO:ccdag_utils.py:runtime_stat:{"task_name": "lccdec6", "event": "queue_end_process", "filename": "lccdec6_home_5jobth5#87647390-5#89836677-5#42914281-5#98805844-5#14234280-5#98688148", "unix_time": 1620672520.2734232}
DEBUG:transfer.py:transfer successful!
INFO:circe.py:runtime_stat:{"task_name": "circe", "event": "new_input_file", "filename": "preagg6_lccdec6_6jobthscore6a5#58599637-5#65745438-5#31385656-5#51076851-5#45980956-5#65550987", "unix_time": 1620672531.9910152}
INFO:lccdec.py:lccdec6: file rcvd from preagg6 : preagg6_lccdec6_6jobthscore6a5#58599637-5#65745438-5#31385656-5#51076851-5#45980956-5#65550987
INFO:ccdag_utils.py:runtime_stat:{"task_name": "lccdec6", "event": "queue_start_process", "filename": "preagg6_lccdec6_6jobthscore6a5#58599637-5#65745438-5#31385656-5#51076851-5#45980956-5#65550987", "unix_time": 1620672531.9916391}
INFO:circe.py:runtime_stat:{"task_name": "circe", "event": "new_input_file", "filename": "preagg6_lccdec6_6jobthscore6b5#58599637-5#65745438-5#31385656-5#51076851-5#45980956-5#65550987", "unix_time": 1620672532.220073}
INFO:lccdec.py:lccdec6: file rcvd from preagg6 : preagg6_lccdec6_6jobthscore6b5#58599637-5#65745438-5#31385656-5#51076851-5#45980956-5#65550987
INFO:ccdag_utils.py:runtime_stat:{"task_name": "lccdec6", "event": "queue_start_process", "filename": "preagg6_lccdec6_6jobthscore6b5#58599637-5#65745438-5#31385656-5#51076851-5#45980956-5#65550987", "unix_time": 1620672532.2209888}
INFO:circe.py:runtime_stat:{"task_name": "circe", "event": "new_input_file", "filename": "preagg6_lccdec6_6jobthscore6c5#58599637-5#65745438-5#31385656-5#51076851-5#45980956-5#65550987", "unix_time": 1620672532.4242465}
INFO:lccdec.py:lccdec6: file rcvd from preagg6 : preagg6_lccdec6_6jobthscore6c5#58599637-5#65745438-5#31385656-5#51076851-5#45980956-5#65550987
INFO:ccdag_utils.py:runtime_stat:{"task_name": "lccdec6", "event": "queue_start_process", "filename": "preagg6_lccdec6_6jobthscore6c5#58599637-5#65745438-5#31385656-5#51076851-5#45980956-5#65550987", "unix_time": 1620672532.4256058}
INFO:circe.py:runtime_stat:{"task_name": "circe", "event": "new_output_file", "filename": "lccdec6_home_6jobth5#58599637-5#65745438-5#31385656-5#51076851-5#45980956-5#65550987", "unix_time": 1620672532.4495833}
DEBUG:transfer.py:sshpass -p PASSWORD scp -P 5000 -o StrictHostKeyChecking=no /jupiter/circe_output/lccdec6_home_6jobth5#58599637-5#65745438-5#31385656-5#51076851-5#45980956-5#65550987 root@10.110.185.200:/jupiter/circe_input/
INFO:ccdag_utils.py:runtime_stat:{"task_name": "lccdec6", "event": "queue_end_process", "filename": "lccdec6_home_6jobth5#58599637-5#65745438-5#31385656-5#51076851-5#45980956-5#65550987", "unix_time": 1620672532.4510229}
DEBUG:transfer.py:transfer successful!
INFO:circe.py:runtime_stat:{"task_name": "circe", "event": "new_input_file", "filename": "preagg6_lccdec6_7jobthscore6a5#20891750-5#53032044-5#84357417-5#53869668-5#16205678-5#27857236", "unix_time": 1620672543.2178187}
INFO:lccdec.py:lccdec6: file rcvd from preagg6 : preagg6_lccdec6_7jobthscore6a5#20891750-5#53032044-5#84357417-5#53869668-5#16205678-5#27857236
INFO:ccdag_utils.py:runtime_stat:{"task_name": "lccdec6", "event": "queue_start_process", "filename": "preagg6_lccdec6_7jobthscore6a5#20891750-5#53032044-5#84357417-5#53869668-5#16205678-5#27857236", "unix_time": 1620672543.2187934}
INFO:circe.py:runtime_stat:{"task_name": "circe", "event": "new_input_file", "filename": "preagg6_lccdec6_7jobthscore6b5#20891750-5#53032044-5#84357417-5#53869668-5#16205678-5#27857236", "unix_time": 1620672543.4355996}
INFO:lccdec.py:lccdec6: file rcvd from preagg6 : preagg6_lccdec6_7jobthscore6b5#20891750-5#53032044-5#84357417-5#53869668-5#16205678-5#27857236
INFO:ccdag_utils.py:runtime_stat:{"task_name": "lccdec6", "event": "queue_start_process", "filename": "preagg6_lccdec6_7jobthscore6b5#20891750-5#53032044-5#84357417-5#53869668-5#16205678-5#27857236", "unix_time": 1620672543.4364312}
INFO:circe.py:runtime_stat:{"task_name": "circe", "event": "new_input_file", "filename": "preagg6_lccdec6_7jobthscore6c5#20891750-5#53032044-5#84357417-5#53869668-5#16205678-5#27857236", "unix_time": 1620672543.652151}
INFO:lccdec.py:lccdec6: file rcvd from preagg6 : preagg6_lccdec6_7jobthscore6c5#20891750-5#53032044-5#84357417-5#53869668-5#16205678-5#27857236
INFO:ccdag_utils.py:runtime_stat:{"task_name": "lccdec6", "event": "queue_start_process", "filename": "preagg6_lccdec6_7jobthscore6c5#20891750-5#53032044-5#84357417-5#53869668-5#16205678-5#27857236", "unix_time": 1620672543.65283}
INFO:circe.py:runtime_stat:{"task_name": "circe", "event": "new_output_file", "filename": "lccdec6_home_7jobth5#20891750-5#53032044-5#84357417-5#53869668-5#16205678-5#27857236", "unix_time": 1620672543.6746156}
DEBUG:transfer.py:sshpass -p PASSWORD scp -P 5000 -o StrictHostKeyChecking=no /jupiter/circe_output/lccdec6_home_7jobth5#20891750-5#53032044-5#84357417-5#53869668-5#16205678-5#27857236 root@10.110.185.200:/jupiter/circe_input/
INFO:ccdag_utils.py:runtime_stat:{"task_name": "lccdec6", "event": "queue_end_process", "filename": "lccdec6_home_7jobth5#20891750-5#53032044-5#84357417-5#53869668-5#16205678-5#27857236", "unix_time": 1620672543.6792371}
DEBUG:transfer.py:transfer successful!
