 * Starting OpenBSD Secure Shell server sshd
   ...done.
INFO:circe.py:Using base script score.py
DEBUG:circe.py:starting the input monitoring process
DEBUG:circe.py:starting the output monitoring process
INFO:circe.py:runtime_stat:{"task_name": "circe", "event": "new_input_file", "filename": "lccenc4_score4a_3#30997269-3#62625590-3#93442283-3#09353421-3#79945962-3#32111831jobid1.csv", "unix_time": 1620672528.7423377}
INFO:ccdag_utils.py:runtime_stat:{"task_name": "score4a", "event": "queue_start_process", "filename": "lccenc4_score4a_3#30997269-3#62625590-3#93442283-3#09353421-3#79945962-3#32111831jobid1.csv", "unix_time": 1620672528.7746887}
['tiger21.JPEG', 'tiger22.JPEG', 'tiger23.JPEG', 'tiger24.JPEG', 'tiger25.JPEG', 'tiger26.JPEG', 'tiger27.JPEG', 'tiger28.JPEG', 'tiger29.JPEG', 'tiger30.JPEG']
INFO:circe.py:runtime_stat:{"task_name": "circe", "event": "new_output_file", "filename": "score4a_preagg4_1jobth3#30997269-3#62625590-3#93442283-3#09353421-3#79945962-3#32111831", "unix_time": 1620672540.4999027}
DEBUG:transfer.py:sshpass -p PASSWORD scp -P 5000 -o StrictHostKeyChecking=no /jupiter/circe_output/score4a_preagg4_1jobth3#30997269-3#62625590-3#93442283-3#09353421-3#79945962-3#32111831 root@10.97.151.113:/jupiter/circe_input/
INFO:ccdag_utils.py:runtime_stat:{"task_name": "score4a", "event": "queue_end_process", "filename": "score4a_preagg4_1jobth3#30997269-3#62625590-3#93442283-3#09353421-3#79945962-3#32111831", "unix_time": 1620672540.5091472}
Warning: Permanently added '[10.97.151.113]:5000' (ECDSA) to the list of known hosts.
DEBUG:transfer.py:transfer successful!
INFO:circe.py:runtime_stat:{"task_name": "circe", "event": "new_input_file", "filename": "lccenc4_score4a_3#03432455-3#42602507-3#50527105-3#21781326-3#28338678-3#10762911jobid2.csv", "unix_time": 1620672550.915577}
INFO:ccdag_utils.py:runtime_stat:{"task_name": "score4a", "event": "queue_start_process", "filename": "lccenc4_score4a_3#03432455-3#42602507-3#50527105-3#21781326-3#28338678-3#10762911jobid2.csv", "unix_time": 1620672551.5230165}
['tiger21.JPEG', 'tiger22.JPEG', 'tiger23.JPEG', 'tiger24.JPEG', 'tiger25.JPEG', 'tiger26.JPEG', 'tiger27.JPEG', 'tiger28.JPEG', 'tiger29.JPEG', 'tiger30.JPEG']
INFO:circe.py:runtime_stat:{"task_name": "circe", "event": "new_input_file", "filename": "lccenc4_score4a_3#48705869-3#70268004-3#84955633-3#32013757-3#44879023-3#95457985jobid3.csv", "unix_time": 1620672562.1721113}
INFO:circe.py:runtime_stat:{"task_name": "circe", "event": "new_output_file", "filename": "score4a_preagg4_2jobth3#03432455-3#42602507-3#50527105-3#21781326-3#28338678-3#10762911", "unix_time": 1620672563.1467493}
DEBUG:transfer.py:sshpass -p PASSWORD scp -P 5000 -o StrictHostKeyChecking=no /jupiter/circe_output/score4a_preagg4_2jobth3#03432455-3#42602507-3#50527105-3#21781326-3#28338678-3#10762911 root@10.97.151.113:/jupiter/circe_input/
INFO:ccdag_utils.py:runtime_stat:{"task_name": "score4a", "event": "queue_end_process", "filename": "score4a_preagg4_2jobth3#03432455-3#42602507-3#50527105-3#21781326-3#28338678-3#10762911", "unix_time": 1620672563.154142}
INFO:ccdag_utils.py:runtime_stat:{"task_name": "score4a", "event": "queue_start_process", "filename": "lccenc4_score4a_3#48705869-3#70268004-3#84955633-3#32013757-3#44879023-3#95457985jobid3.csv", "unix_time": 1620672563.1582317}
['tiger21.JPEG', 'tiger22.JPEG', 'tiger23.JPEG', 'tiger24.JPEG', 'tiger25.JPEG', 'tiger26.JPEG', 'tiger27.JPEG', 'tiger28.JPEG', 'tiger29.JPEG', 'tiger30.JPEG']
DEBUG:transfer.py:transfer successful!
INFO:ccdag_utils.py:runtime_stat:{"task_name": "score4a", "event": "queue_end_process", "filename": "score4a_preagg4_3jobth3#48705869-3#70268004-3#84955633-3#32013757-3#44879023-3#95457985", "unix_time": 1620672576.2321537}
INFO:circe.py:runtime_stat:{"task_name": "circe", "event": "new_output_file", "filename": "score4a_preagg4_3jobth3#48705869-3#70268004-3#84955633-3#32013757-3#44879023-3#95457985", "unix_time": 1620672576.2357626}
DEBUG:transfer.py:sshpass -p PASSWORD scp -P 5000 -o StrictHostKeyChecking=no /jupiter/circe_output/score4a_preagg4_3jobth3#48705869-3#70268004-3#84955633-3#32013757-3#44879023-3#95457985 root@10.97.151.113:/jupiter/circe_input/
DEBUG:transfer.py:transfer successful!
INFO:circe.py:runtime_stat:{"task_name": "circe", "event": "new_input_file", "filename": "lccenc4_score4a_3#48801812-3#00968511-3#00565636-3#00551470-3#44786429-3#92100325jobid4.csv", "unix_time": 1620672636.9913995}
['tiger21.JPEG', 'tiger22.JPEG', 'tiger23.JPEG', 'tiger24.JPEG', 'tiger25.JPEG', 'tiger26.JPEG', 'tiger27.JPEG', 'tiger28.JPEG', 'tiger29.JPEG', 'tiger30.JPEG']
INFO:ccdag_utils.py:runtime_stat:{"task_name": "score4a", "event": "queue_start_process", "filename": "lccenc4_score4a_3#48801812-3#00968511-3#00565636-3#00551470-3#44786429-3#92100325jobid4.csv", "unix_time": 1620672637.2963536}
INFO:circe.py:runtime_stat:{"task_name": "circe", "event": "new_input_file", "filename": "lccenc4_score4a_3#19507823-3#48473146-3#33732038-3#82932088-3#45360654-3#77086449jobid5.csv", "unix_time": 1620672639.7126884}
INFO:circe.py:runtime_stat:{"task_name": "circe", "event": "new_output_file", "filename": "score4a_preagg4_4jobth3#48801812-3#00968511-3#00565636-3#00551470-3#44786429-3#92100325", "unix_time": 1620672648.8458126}
DEBUG:transfer.py:sshpass -p PASSWORD scp -P 5000 -o StrictHostKeyChecking=no /jupiter/circe_output/score4a_preagg4_4jobth3#48801812-3#00968511-3#00565636-3#00551470-3#44786429-3#92100325 root@10.97.151.113:/jupiter/circe_input/
INFO:ccdag_utils.py:runtime_stat:{"task_name": "score4a", "event": "queue_end_process", "filename": "score4a_preagg4_4jobth3#48801812-3#00968511-3#00565636-3#00551470-3#44786429-3#92100325", "unix_time": 1620672648.8518684}
INFO:ccdag_utils.py:runtime_stat:{"task_name": "score4a", "event": "queue_start_process", "filename": "lccenc4_score4a_3#19507823-3#48473146-3#33732038-3#82932088-3#45360654-3#77086449jobid5.csv", "unix_time": 1620672648.8540232}
['tiger21.JPEG', 'tiger22.JPEG', 'tiger23.JPEG', 'tiger24.JPEG', 'tiger25.JPEG', 'tiger26.JPEG', 'tiger27.JPEG', 'tiger28.JPEG', 'tiger29.JPEG', 'tiger30.JPEG']
DEBUG:transfer.py:transfer successful!
INFO:circe.py:runtime_stat:{"task_name": "circe", "event": "new_input_file", "filename": "lccenc4_score4a_3#15775903-3#24925055-3#81528127-3#10615038-3#17941552-3#93164105jobid6.csv", "unix_time": 1620672656.8590424}
INFO:circe.py:runtime_stat:{"task_name": "circe", "event": "new_output_file", "filename": "score4a_preagg4_5jobth3#19507823-3#48473146-3#33732038-3#82932088-3#45360654-3#77086449", "unix_time": 1620672660.399007}
DEBUG:transfer.py:sshpass -p PASSWORD scp -P 5000 -o StrictHostKeyChecking=no /jupiter/circe_output/score4a_preagg4_5jobth3#19507823-3#48473146-3#33732038-3#82932088-3#45360654-3#77086449 root@10.97.151.113:/jupiter/circe_input/
['tiger21.JPEG', 'tiger22.JPEG', 'tiger23.JPEG', 'tiger24.JPEG', 'tiger25.JPEG', 'tiger26.JPEG', 'tiger27.JPEG', 'tiger28.JPEG', 'tiger29.JPEG', 'tiger30.JPEG']
INFO:ccdag_utils.py:runtime_stat:{"task_name": "score4a", "event": "queue_end_process", "filename": "score4a_preagg4_5jobth3#19507823-3#48473146-3#33732038-3#82932088-3#45360654-3#77086449", "unix_time": 1620672660.4054878}
INFO:ccdag_utils.py:runtime_stat:{"task_name": "score4a", "event": "queue_start_process", "filename": "lccenc4_score4a_3#15775903-3#24925055-3#81528127-3#10615038-3#17941552-3#93164105jobid6.csv", "unix_time": 1620672660.4073882}
DEBUG:transfer.py:transfer successful!
INFO:circe.py:runtime_stat:{"task_name": "circe", "event": "new_output_file", "filename": "score4a_preagg4_6jobth3#15775903-3#24925055-3#81528127-3#10615038-3#17941552-3#93164105", "unix_time": 1620672671.964463}
DEBUG:transfer.py:sshpass -p PASSWORD scp -P 5000 -o StrictHostKeyChecking=no /jupiter/circe_output/score4a_preagg4_6jobth3#15775903-3#24925055-3#81528127-3#10615038-3#17941552-3#93164105 root@10.97.151.113:/jupiter/circe_input/
INFO:ccdag_utils.py:runtime_stat:{"task_name": "score4a", "event": "queue_end_process", "filename": "score4a_preagg4_6jobth3#15775903-3#24925055-3#81528127-3#10615038-3#17941552-3#93164105", "unix_time": 1620672671.9705236}
DEBUG:transfer.py:transfer successful!
