 * Starting OpenBSD Secure Shell server sshd
   ...done.
INFO:circe.py:Using base script preagg.py
DEBUG:circe.py:starting the input monitoring process
DEBUG:circe.py:starting the output monitoring process
2
INFO:circe.py:runtime_stat:{"task_name": "circe", "event": "new_input_file", "filename": "score2b_preagg2_1jobth1#94670561-1#93177806-1#35098750-1#56313974-1#96069334-1#63853342", "unix_time": 1620672473.0042381}
INFO:ccdag_utils.py:runtime_stat:{"task_name": "preagg2", "event": "queue_start_process", "filename": "score2b_preagg2_1jobth1#94670561-1#93177806-1#35098750-1#56313974-1#96069334-1#63853342", "unix_time": 1620672473.8393886}
INFO:circe.py:runtime_stat:{"task_name": "circe", "event": "new_input_file", "filename": "score2c_preagg2_1jobth1#94670561-1#93177806-1#35098750-1#56313974-1#96069334-1#63853342", "unix_time": 1620672474.599782}
INFO:ccdag_utils.py:runtime_stat:{"task_name": "preagg2", "event": "queue_start_process", "filename": "score2c_preagg2_1jobth1#94670561-1#93177806-1#35098750-1#56313974-1#96069334-1#63853342", "unix_time": 1620672474.9143143}
INFO:circe.py:runtime_stat:{"task_name": "circe", "event": "new_input_file", "filename": "score2a_preagg2_1jobth1#94670561-1#93177806-1#35098750-1#56313974-1#96069334-1#63853342", "unix_time": 1620672482.6759691}
INFO:ccdag_utils.py:runtime_stat:{"task_name": "preagg2", "event": "queue_start_process", "filename": "score2a_preagg2_1jobth1#94670561-1#93177806-1#35098750-1#56313974-1#96069334-1#63853342", "unix_time": 1620672482.986204}
preagg2_lccdec2_1jobthscore2a1#94670561-1#93177806-1#35098750-1#56313974-1#96069334-1#63853342
INFO:ccdag_utils.py:runtime_stat:{"task_name": "preagg2", "event": "queue_end_process", "filename": "preagg2_lccdec2_1jobthscore2a1#94670561-1#93177806-1#35098750-1#56313974-1#96069334-1#63853342", "unix_time": 1620672483.0600815}
INFO:circe.py:runtime_stat:{"task_name": "circe", "event": "new_output_file", "filename": "preagg2_lccdec2_1jobthscore2a1#94670561-1#93177806-1#35098750-1#56313974-1#96069334-1#63853342", "unix_time": 1620672483.0616095}
DEBUG:transfer.py:sshpass -p PASSWORD scp -P 5000 -o StrictHostKeyChecking=no /jupiter/circe_output/preagg2_lccdec2_1jobthscore2a1#94670561-1#93177806-1#35098750-1#56313974-1#96069334-1#63853342 root@10.98.229.87:/jupiter/circe_input/
preagg2_lccdec2_1jobthscore2b1#94670561-1#93177806-1#35098750-1#56313974-1#96069334-1#63853342
INFO:ccdag_utils.py:runtime_stat:{"task_name": "preagg2", "event": "queue_end_process", "filename": "preagg2_lccdec2_1jobthscore2b1#94670561-1#93177806-1#35098750-1#56313974-1#96069334-1#63853342", "unix_time": 1620672483.0727935}
preagg2_lccdec2_1jobthscore2c1#94670561-1#93177806-1#35098750-1#56313974-1#96069334-1#63853342
INFO:ccdag_utils.py:runtime_stat:{"task_name": "preagg2", "event": "queue_end_process", "filename": "preagg2_lccdec2_1jobthscore2c1#94670561-1#93177806-1#35098750-1#56313974-1#96069334-1#63853342", "unix_time": 1620672483.0791152}
Warning: Permanently added '[10.98.229.87]:5000' (ECDSA) to the list of known hosts.
DEBUG:transfer.py:transfer successful!
INFO:circe.py:runtime_stat:{"task_name": "circe", "event": "new_output_file", "filename": "preagg2_lccdec2_1jobthscore2b1#94670561-1#93177806-1#35098750-1#56313974-1#96069334-1#63853342", "unix_time": 1620672483.280538}
DEBUG:transfer.py:sshpass -p PASSWORD scp -P 5000 -o StrictHostKeyChecking=no /jupiter/circe_output/preagg2_lccdec2_1jobthscore2b1#94670561-1#93177806-1#35098750-1#56313974-1#96069334-1#63853342 root@10.98.229.87:/jupiter/circe_input/
DEBUG:transfer.py:transfer successful!
INFO:circe.py:runtime_stat:{"task_name": "circe", "event": "new_output_file", "filename": "preagg2_lccdec2_1jobthscore2c1#94670561-1#93177806-1#35098750-1#56313974-1#96069334-1#63853342", "unix_time": 1620672483.4935994}
DEBUG:transfer.py:sshpass -p PASSWORD scp -P 5000 -o StrictHostKeyChecking=no /jupiter/circe_output/preagg2_lccdec2_1jobthscore2c1#94670561-1#93177806-1#35098750-1#56313974-1#96069334-1#63853342 root@10.98.229.87:/jupiter/circe_input/
DEBUG:transfer.py:transfer successful!
INFO:circe.py:runtime_stat:{"task_name": "circe", "event": "new_input_file", "filename": "score2b_preagg2_2jobth1#34317489-1#42782401-1#85675712-1#97061098-1#86403042-1#87475761", "unix_time": 1620672496.505322}
INFO:ccdag_utils.py:runtime_stat:{"task_name": "preagg2", "event": "queue_start_process", "filename": "score2b_preagg2_2jobth1#34317489-1#42782401-1#85675712-1#97061098-1#86403042-1#87475761", "unix_time": 1620672497.0934649}
INFO:circe.py:runtime_stat:{"task_name": "circe", "event": "new_input_file", "filename": "score2c_preagg2_2jobth1#34317489-1#42782401-1#85675712-1#97061098-1#86403042-1#87475761", "unix_time": 1620672498.0297093}
INFO:ccdag_utils.py:runtime_stat:{"task_name": "preagg2", "event": "queue_start_process", "filename": "score2c_preagg2_2jobth1#34317489-1#42782401-1#85675712-1#97061098-1#86403042-1#87475761", "unix_time": 1620672498.1536052}
INFO:circe.py:runtime_stat:{"task_name": "circe", "event": "new_input_file", "filename": "score2a_preagg2_2jobth1#34317489-1#42782401-1#85675712-1#97061098-1#86403042-1#87475761", "unix_time": 1620672505.171912}
INFO:ccdag_utils.py:runtime_stat:{"task_name": "preagg2", "event": "queue_start_process", "filename": "score2a_preagg2_2jobth1#34317489-1#42782401-1#85675712-1#97061098-1#86403042-1#87475761", "unix_time": 1620672505.220367}
preagg2_lccdec2_2jobthscore2a1#34317489-1#42782401-1#85675712-1#97061098-1#86403042-1#87475761
INFO:circe.py:runtime_stat:{"task_name": "circe", "event": "new_output_file", "filename": "preagg2_lccdec2_2jobthscore2a1#34317489-1#42782401-1#85675712-1#97061098-1#86403042-1#87475761", "unix_time": 1620672505.2839494}
DEBUG:transfer.py:sshpass -p PASSWORD scp -P 5000 -o StrictHostKeyChecking=no /jupiter/circe_output/preagg2_lccdec2_2jobthscore2a1#34317489-1#42782401-1#85675712-1#97061098-1#86403042-1#87475761 root@10.98.229.87:/jupiter/circe_input/
INFO:ccdag_utils.py:runtime_stat:{"task_name": "preagg2", "event": "queue_end_process", "filename": "preagg2_lccdec2_2jobthscore2a1#34317489-1#42782401-1#85675712-1#97061098-1#86403042-1#87475761", "unix_time": 1620672505.2885036}
preagg2_lccdec2_2jobthscore2b1#34317489-1#42782401-1#85675712-1#97061098-1#86403042-1#87475761
INFO:ccdag_utils.py:runtime_stat:{"task_name": "preagg2", "event": "queue_end_process", "filename": "preagg2_lccdec2_2jobthscore2b1#34317489-1#42782401-1#85675712-1#97061098-1#86403042-1#87475761", "unix_time": 1620672505.2956855}
preagg2_lccdec2_2jobthscore2c1#34317489-1#42782401-1#85675712-1#97061098-1#86403042-1#87475761
INFO:ccdag_utils.py:runtime_stat:{"task_name": "preagg2", "event": "queue_end_process", "filename": "preagg2_lccdec2_2jobthscore2c1#34317489-1#42782401-1#85675712-1#97061098-1#86403042-1#87475761", "unix_time": 1620672505.2996159}
DEBUG:transfer.py:transfer successful!
INFO:circe.py:runtime_stat:{"task_name": "circe", "event": "new_output_file", "filename": "preagg2_lccdec2_2jobthscore2b1#34317489-1#42782401-1#85675712-1#97061098-1#86403042-1#87475761", "unix_time": 1620672505.4939191}
DEBUG:transfer.py:sshpass -p PASSWORD scp -P 5000 -o StrictHostKeyChecking=no /jupiter/circe_output/preagg2_lccdec2_2jobthscore2b1#34317489-1#42782401-1#85675712-1#97061098-1#86403042-1#87475761 root@10.98.229.87:/jupiter/circe_input/
DEBUG:transfer.py:transfer successful!
INFO:circe.py:runtime_stat:{"task_name": "circe", "event": "new_output_file", "filename": "preagg2_lccdec2_2jobthscore2c1#34317489-1#42782401-1#85675712-1#97061098-1#86403042-1#87475761", "unix_time": 1620672505.7257907}
DEBUG:transfer.py:sshpass -p PASSWORD scp -P 5000 -o StrictHostKeyChecking=no /jupiter/circe_output/preagg2_lccdec2_2jobthscore2c1#34317489-1#42782401-1#85675712-1#97061098-1#86403042-1#87475761 root@10.98.229.87:/jupiter/circe_input/
DEBUG:transfer.py:transfer successful!
INFO:circe.py:runtime_stat:{"task_name": "circe", "event": "new_input_file", "filename": "score2b_preagg2_3jobth1#52739761-1#54784071-1#64233943-1#56864845-1#37663933-1#32324721", "unix_time": 1620672554.083688}
INFO:ccdag_utils.py:runtime_stat:{"task_name": "preagg2", "event": "queue_start_process", "filename": "score2b_preagg2_3jobth1#52739761-1#54784071-1#64233943-1#56864845-1#37663933-1#32324721", "unix_time": 1620672554.3523757}
INFO:circe.py:runtime_stat:{"task_name": "circe", "event": "new_input_file", "filename": "score2c_preagg2_3jobth1#52739761-1#54784071-1#64233943-1#56864845-1#37663933-1#32324721", "unix_time": 1620672554.5779908}
INFO:ccdag_utils.py:runtime_stat:{"task_name": "preagg2", "event": "queue_start_process", "filename": "score2c_preagg2_3jobth1#52739761-1#54784071-1#64233943-1#56864845-1#37663933-1#32324721", "unix_time": 1620672555.4142206}
INFO:circe.py:runtime_stat:{"task_name": "circe", "event": "new_input_file", "filename": "score2a_preagg2_3jobth1#52739761-1#54784071-1#64233943-1#56864845-1#37663933-1#32324721", "unix_time": 1620672563.7988942}
INFO:ccdag_utils.py:runtime_stat:{"task_name": "preagg2", "event": "queue_start_process", "filename": "score2a_preagg2_3jobth1#52739761-1#54784071-1#64233943-1#56864845-1#37663933-1#32324721", "unix_time": 1620672564.4818676}
preagg2_lccdec2_3jobthscore2a1#52739761-1#54784071-1#64233943-1#56864845-1#37663933-1#32324721
INFO:circe.py:runtime_stat:{"task_name": "circe", "event": "new_output_file", "filename": "preagg2_lccdec2_3jobthscore2a1#52739761-1#54784071-1#64233943-1#56864845-1#37663933-1#32324721", "unix_time": 1620672564.5480618}
DEBUG:transfer.py:sshpass -p PASSWORD scp -P 5000 -o StrictHostKeyChecking=no /jupiter/circe_output/preagg2_lccdec2_3jobthscore2a1#52739761-1#54784071-1#64233943-1#56864845-1#37663933-1#32324721 root@10.98.229.87:/jupiter/circe_input/
INFO:ccdag_utils.py:runtime_stat:{"task_name": "preagg2", "event": "queue_end_process", "filename": "preagg2_lccdec2_3jobthscore2a1#52739761-1#54784071-1#64233943-1#56864845-1#37663933-1#32324721", "unix_time": 1620672564.5529861}
preagg2_lccdec2_3jobthscore2b1#52739761-1#54784071-1#64233943-1#56864845-1#37663933-1#32324721
INFO:ccdag_utils.py:runtime_stat:{"task_name": "preagg2", "event": "queue_end_process", "filename": "preagg2_lccdec2_3jobthscore2b1#52739761-1#54784071-1#64233943-1#56864845-1#37663933-1#32324721", "unix_time": 1620672564.5597265}
preagg2_lccdec2_3jobthscore2c1#52739761-1#54784071-1#64233943-1#56864845-1#37663933-1#32324721
INFO:ccdag_utils.py:runtime_stat:{"task_name": "preagg2", "event": "queue_end_process", "filename": "preagg2_lccdec2_3jobthscore2c1#52739761-1#54784071-1#64233943-1#56864845-1#37663933-1#32324721", "unix_time": 1620672564.5646224}
DEBUG:transfer.py:transfer successful!
INFO:circe.py:runtime_stat:{"task_name": "circe", "event": "new_output_file", "filename": "preagg2_lccdec2_3jobthscore2b1#52739761-1#54784071-1#64233943-1#56864845-1#37663933-1#32324721", "unix_time": 1620672564.7730765}
DEBUG:transfer.py:sshpass -p PASSWORD scp -P 5000 -o StrictHostKeyChecking=no /jupiter/circe_output/preagg2_lccdec2_3jobthscore2b1#52739761-1#54784071-1#64233943-1#56864845-1#37663933-1#32324721 root@10.98.229.87:/jupiter/circe_input/
DEBUG:transfer.py:transfer successful!
INFO:circe.py:runtime_stat:{"task_name": "circe", "event": "new_output_file", "filename": "preagg2_lccdec2_3jobthscore2c1#52739761-1#54784071-1#64233943-1#56864845-1#37663933-1#32324721", "unix_time": 1620672564.9813726}
DEBUG:transfer.py:sshpass -p PASSWORD scp -P 5000 -o StrictHostKeyChecking=no /jupiter/circe_output/preagg2_lccdec2_3jobthscore2c1#52739761-1#54784071-1#64233943-1#56864845-1#37663933-1#32324721 root@10.98.229.87:/jupiter/circe_input/
DEBUG:transfer.py:transfer successful!
INFO:circe.py:runtime_stat:{"task_name": "circe", "event": "new_input_file", "filename": "score2b_preagg2_4jobth1#10045329-1#17534914-1#43366066-1#01298250-1#10795394-1#94263115", "unix_time": 1620672566.569769}
INFO:ccdag_utils.py:runtime_stat:{"task_name": "preagg2", "event": "queue_start_process", "filename": "score2b_preagg2_4jobth1#10045329-1#17534914-1#43366066-1#01298250-1#10795394-1#94263115", "unix_time": 1620672567.5677555}
INFO:circe.py:runtime_stat:{"task_name": "circe", "event": "new_input_file", "filename": "score2c_preagg2_4jobth1#10045329-1#17534914-1#43366066-1#01298250-1#10795394-1#94263115", "unix_time": 1620672568.0374966}
INFO:ccdag_utils.py:runtime_stat:{"task_name": "preagg2", "event": "queue_start_process", "filename": "score2c_preagg2_4jobth1#10045329-1#17534914-1#43366066-1#01298250-1#10795394-1#94263115", "unix_time": 1620672568.628862}
INFO:circe.py:runtime_stat:{"task_name": "circe", "event": "new_input_file", "filename": "score2a_preagg2_4jobth1#10045329-1#17534914-1#43366066-1#01298250-1#10795394-1#94263115", "unix_time": 1620672575.2383034}
INFO:ccdag_utils.py:runtime_stat:{"task_name": "preagg2", "event": "queue_start_process", "filename": "score2a_preagg2_4jobth1#10045329-1#17534914-1#43366066-1#01298250-1#10795394-1#94263115", "unix_time": 1620672575.6928523}
preagg2_lccdec2_4jobthscore2a1#10045329-1#17534914-1#43366066-1#01298250-1#10795394-1#94263115
INFO:circe.py:runtime_stat:{"task_name": "circe", "event": "new_output_file", "filename": "preagg2_lccdec2_4jobthscore2a1#10045329-1#17534914-1#43366066-1#01298250-1#10795394-1#94263115", "unix_time": 1620672575.76457}
DEBUG:transfer.py:sshpass -p PASSWORD scp -P 5000 -o StrictHostKeyChecking=no /jupiter/circe_output/preagg2_lccdec2_4jobthscore2a1#10045329-1#17534914-1#43366066-1#01298250-1#10795394-1#94263115 root@10.98.229.87:/jupiter/circe_input/
INFO:ccdag_utils.py:runtime_stat:{"task_name": "preagg2", "event": "queue_end_process", "filename": "preagg2_lccdec2_4jobthscore2a1#10045329-1#17534914-1#43366066-1#01298250-1#10795394-1#94263115", "unix_time": 1620672575.7703166}
preagg2_lccdec2_4jobthscore2b1#10045329-1#17534914-1#43366066-1#01298250-1#10795394-1#94263115
INFO:ccdag_utils.py:runtime_stat:{"task_name": "preagg2", "event": "queue_end_process", "filename": "preagg2_lccdec2_4jobthscore2b1#10045329-1#17534914-1#43366066-1#01298250-1#10795394-1#94263115", "unix_time": 1620672575.7753105}
preagg2_lccdec2_4jobthscore2c1#10045329-1#17534914-1#43366066-1#01298250-1#10795394-1#94263115
INFO:ccdag_utils.py:runtime_stat:{"task_name": "preagg2", "event": "queue_end_process", "filename": "preagg2_lccdec2_4jobthscore2c1#10045329-1#17534914-1#43366066-1#01298250-1#10795394-1#94263115", "unix_time": 1620672575.7793982}
DEBUG:transfer.py:transfer successful!
INFO:circe.py:runtime_stat:{"task_name": "circe", "event": "new_output_file", "filename": "preagg2_lccdec2_4jobthscore2b1#10045329-1#17534914-1#43366066-1#01298250-1#10795394-1#94263115", "unix_time": 1620672576.0108042}
DEBUG:transfer.py:sshpass -p PASSWORD scp -P 5000 -o StrictHostKeyChecking=no /jupiter/circe_output/preagg2_lccdec2_4jobthscore2b1#10045329-1#17534914-1#43366066-1#01298250-1#10795394-1#94263115 root@10.98.229.87:/jupiter/circe_input/
DEBUG:transfer.py:transfer successful!
INFO:circe.py:runtime_stat:{"task_name": "circe", "event": "new_output_file", "filename": "preagg2_lccdec2_4jobthscore2c1#10045329-1#17534914-1#43366066-1#01298250-1#10795394-1#94263115", "unix_time": 1620672576.23258}
DEBUG:transfer.py:sshpass -p PASSWORD scp -P 5000 -o StrictHostKeyChecking=no /jupiter/circe_output/preagg2_lccdec2_4jobthscore2c1#10045329-1#17534914-1#43366066-1#01298250-1#10795394-1#94263115 root@10.98.229.87:/jupiter/circe_input/
DEBUG:transfer.py:transfer successful!
INFO:circe.py:runtime_stat:{"task_name": "circe", "event": "new_input_file", "filename": "score2b_preagg2_5jobth1#55105177-1#61556199-1#69566453-1#46188852-1#83163908-1#55387723", "unix_time": 1620672598.1627643}
INFO:ccdag_utils.py:runtime_stat:{"task_name": "preagg2", "event": "queue_start_process", "filename": "score2b_preagg2_5jobth1#55105177-1#61556199-1#69566453-1#46188852-1#83163908-1#55387723", "unix_time": 1620672598.805575}
INFO:circe.py:runtime_stat:{"task_name": "circe", "event": "new_input_file", "filename": "score2c_preagg2_5jobth1#55105177-1#61556199-1#69566453-1#46188852-1#83163908-1#55387723", "unix_time": 1620672599.5966082}
INFO:ccdag_utils.py:runtime_stat:{"task_name": "preagg2", "event": "queue_start_process", "filename": "score2c_preagg2_5jobth1#55105177-1#61556199-1#69566453-1#46188852-1#83163908-1#55387723", "unix_time": 1620672599.873079}
INFO:circe.py:runtime_stat:{"task_name": "circe", "event": "new_input_file", "filename": "score2a_preagg2_5jobth1#55105177-1#61556199-1#69566453-1#46188852-1#83163908-1#55387723", "unix_time": 1620672606.8155732}
INFO:ccdag_utils.py:runtime_stat:{"task_name": "preagg2", "event": "queue_start_process", "filename": "score2a_preagg2_5jobth1#55105177-1#61556199-1#69566453-1#46188852-1#83163908-1#55387723", "unix_time": 1620672606.9433033}
preagg2_lccdec2_5jobthscore2a1#55105177-1#61556199-1#69566453-1#46188852-1#83163908-1#55387723
INFO:ccdag_utils.py:runtime_stat:{"task_name": "preagg2", "event": "queue_end_process", "filename": "preagg2_lccdec2_5jobthscore2a1#55105177-1#61556199-1#69566453-1#46188852-1#83163908-1#55387723", "unix_time": 1620672607.0077116}
INFO:circe.py:runtime_stat:{"task_name": "circe", "event": "new_output_file", "filename": "preagg2_lccdec2_5jobthscore2a1#55105177-1#61556199-1#69566453-1#46188852-1#83163908-1#55387723", "unix_time": 1620672607.009624}
DEBUG:transfer.py:sshpass -p PASSWORD scp -P 5000 -o StrictHostKeyChecking=no /jupiter/circe_output/preagg2_lccdec2_5jobthscore2a1#55105177-1#61556199-1#69566453-1#46188852-1#83163908-1#55387723 root@10.98.229.87:/jupiter/circe_input/
preagg2_lccdec2_5jobthscore2b1#55105177-1#61556199-1#69566453-1#46188852-1#83163908-1#55387723
INFO:ccdag_utils.py:runtime_stat:{"task_name": "preagg2", "event": "queue_end_process", "filename": "preagg2_lccdec2_5jobthscore2b1#55105177-1#61556199-1#69566453-1#46188852-1#83163908-1#55387723", "unix_time": 1620672607.0219188}
preagg2_lccdec2_5jobthscore2c1#55105177-1#61556199-1#69566453-1#46188852-1#83163908-1#55387723
INFO:ccdag_utils.py:runtime_stat:{"task_name": "preagg2", "event": "queue_end_process", "filename": "preagg2_lccdec2_5jobthscore2c1#55105177-1#61556199-1#69566453-1#46188852-1#83163908-1#55387723", "unix_time": 1620672607.0274413}
DEBUG:transfer.py:transfer successful!
INFO:circe.py:runtime_stat:{"task_name": "circe", "event": "new_output_file", "filename": "preagg2_lccdec2_5jobthscore2b1#55105177-1#61556199-1#69566453-1#46188852-1#83163908-1#55387723", "unix_time": 1620672607.2306955}
DEBUG:transfer.py:sshpass -p PASSWORD scp -P 5000 -o StrictHostKeyChecking=no /jupiter/circe_output/preagg2_lccdec2_5jobthscore2b1#55105177-1#61556199-1#69566453-1#46188852-1#83163908-1#55387723 root@10.98.229.87:/jupiter/circe_input/
DEBUG:transfer.py:transfer successful!
INFO:circe.py:runtime_stat:{"task_name": "circe", "event": "new_output_file", "filename": "preagg2_lccdec2_5jobthscore2c1#55105177-1#61556199-1#69566453-1#46188852-1#83163908-1#55387723", "unix_time": 1620672607.4369633}
DEBUG:transfer.py:sshpass -p PASSWORD scp -P 5000 -o StrictHostKeyChecking=no /jupiter/circe_output/preagg2_lccdec2_5jobthscore2c1#55105177-1#61556199-1#69566453-1#46188852-1#83163908-1#55387723 root@10.98.229.87:/jupiter/circe_input/
DEBUG:transfer.py:transfer successful!
