 * Starting OpenBSD Secure Shell server sshd
   ...done.
INFO:circe.py:Using base script storeclass.py
DEBUG:circe.py:starting the input monitoring process
DEBUG:circe.py:starting the output monitoring process
INFO:circe.py:runtime_stat:{"task_name": "circe", "event": "new_input_file", "filename": "resnet7_storeclass4_30997269imgtigerjobid27.JPEG", "unix_time": 1620672503.8035975}
INFO:ccdag_utils.py:runtime_stat:{"task_name": "storeclass4", "event": "queue_start_process", "filename": "resnet7_storeclass4_30997269imgtigerjobid27.JPEG", "unix_time": 1620672504.429101}
INFO:circe.py:runtime_stat:{"task_name": "circe", "event": "new_output_file", "filename": "storeclass4_lccenc4_30997269imgtigerjobid27.JPEG", "unix_time": 1620672504.4401574}
DEBUG:transfer.py:sshpass -p PASSWORD scp -P 5000 -o StrictHostKeyChecking=no /jupiter/circe_output/storeclass4_lccenc4_30997269imgtigerjobid27.JPEG root@10.96.180.44:/jupiter/circe_input/
INFO:ccdag_utils.py:runtime_stat:{"task_name": "storeclass4", "event": "queue_end_process", "filename": "storeclass4_lccenc4_30997269imgtigerjobid27.JPEG", "unix_time": 1620672504.443522}
Warning: Permanently added '[10.96.180.44]:5000' (ECDSA) to the list of known hosts.
DEBUG:transfer.py:transfer successful!
INFO:circe.py:runtime_stat:{"task_name": "circe", "event": "new_input_file", "filename": "resnet1_storeclass4_62625590imgtigerjobid28.JPEG", "unix_time": 1620672512.1466193}
INFO:ccdag_utils.py:runtime_stat:{"task_name": "storeclass4", "event": "queue_start_process", "filename": "resnet1_storeclass4_62625590imgtigerjobid28.JPEG", "unix_time": 1620672512.4562836}
INFO:ccdag_utils.py:runtime_stat:{"task_name": "storeclass4", "event": "queue_end_process", "filename": "storeclass4_lccenc4_62625590imgtigerjobid28.JPEG", "unix_time": 1620672512.4593225}
INFO:circe.py:runtime_stat:{"task_name": "circe", "event": "new_output_file", "filename": "storeclass4_lccenc4_62625590imgtigerjobid28.JPEG", "unix_time": 1620672512.4603555}
DEBUG:transfer.py:sshpass -p PASSWORD scp -P 5000 -o StrictHostKeyChecking=no /jupiter/circe_output/storeclass4_lccenc4_62625590imgtigerjobid28.JPEG root@10.96.180.44:/jupiter/circe_input/
DEBUG:transfer.py:transfer successful!
INFO:circe.py:runtime_stat:{"task_name": "circe", "event": "new_input_file", "filename": "resnet6_storeclass4_93442283imgtigerjobid28.JPEG", "unix_time": 1620672512.82615}
INFO:ccdag_utils.py:runtime_stat:{"task_name": "storeclass4", "event": "queue_start_process", "filename": "resnet6_storeclass4_93442283imgtigerjobid28.JPEG", "unix_time": 1620672513.460971}
INFO:circe.py:runtime_stat:{"task_name": "circe", "event": "new_output_file", "filename": "storeclass4_lccenc4_93442283imgtigerjobid28.JPEG", "unix_time": 1620672513.4686236}
DEBUG:transfer.py:sshpass -p PASSWORD scp -P 5000 -o StrictHostKeyChecking=no /jupiter/circe_output/storeclass4_lccenc4_93442283imgtigerjobid28.JPEG root@10.96.180.44:/jupiter/circe_input/
INFO:ccdag_utils.py:runtime_stat:{"task_name": "storeclass4", "event": "queue_end_process", "filename": "storeclass4_lccenc4_93442283imgtigerjobid28.JPEG", "unix_time": 1620672513.4697623}
DEBUG:transfer.py:transfer successful!
INFO:circe.py:runtime_stat:{"task_name": "circe", "event": "new_input_file", "filename": "resnet4_storeclass4_09353421imgtigerjobid29.JPEG", "unix_time": 1620672524.7890577}
INFO:circe.py:runtime_stat:{"task_name": "circe", "event": "new_input_file", "filename": "resnet0_storeclass4_79945962imgtigerjobid29.JPEG", "unix_time": 1620672524.9594526}
INFO:circe.py:runtime_stat:{"task_name": "circe", "event": "new_input_file", "filename": "resnet1_storeclass4_32111831imgtigerjobid29.JPEG", "unix_time": 1620672525.3078065}
INFO:ccdag_utils.py:runtime_stat:{"task_name": "storeclass4", "event": "queue_start_process", "filename": "resnet4_storeclass4_09353421imgtigerjobid29.JPEG", "unix_time": 1620672525.487595}
INFO:ccdag_utils.py:runtime_stat:{"task_name": "storeclass4", "event": "queue_end_process", "filename": "storeclass4_lccenc4_09353421imgtigerjobid29.JPEG", "unix_time": 1620672525.4936357}
INFO:circe.py:runtime_stat:{"task_name": "circe", "event": "new_output_file", "filename": "storeclass4_lccenc4_09353421imgtigerjobid29.JPEG", "unix_time": 1620672525.4957395}
DEBUG:transfer.py:sshpass -p PASSWORD scp -P 5000 -o StrictHostKeyChecking=no /jupiter/circe_output/storeclass4_lccenc4_09353421imgtigerjobid29.JPEG root@10.96.180.44:/jupiter/circe_input/
INFO:ccdag_utils.py:runtime_stat:{"task_name": "storeclass4", "event": "queue_start_process", "filename": "resnet0_storeclass4_79945962imgtigerjobid29.JPEG", "unix_time": 1620672525.4962492}
INFO:ccdag_utils.py:runtime_stat:{"task_name": "storeclass4", "event": "queue_end_process", "filename": "storeclass4_lccenc4_79945962imgtigerjobid29.JPEG", "unix_time": 1620672525.5065947}
INFO:ccdag_utils.py:runtime_stat:{"task_name": "storeclass4", "event": "queue_start_process", "filename": "resnet1_storeclass4_32111831imgtigerjobid29.JPEG", "unix_time": 1620672525.5074165}
INFO:ccdag_utils.py:runtime_stat:{"task_name": "storeclass4", "event": "queue_end_process", "filename": "storeclass4_lccenc4_32111831imgtigerjobid29.JPEG", "unix_time": 1620672525.5089881}
INFO:circe.py:runtime_stat:{"task_name": "circe", "event": "new_input_file", "filename": "resnet5_storeclass4_03432455imgtigerjobid29.JPEG", "unix_time": 1620672525.5888526}
DEBUG:transfer.py:transfer successful!
INFO:circe.py:runtime_stat:{"task_name": "circe", "event": "new_output_file", "filename": "storeclass4_lccenc4_79945962imgtigerjobid29.JPEG", "unix_time": 1620672525.7337143}
DEBUG:transfer.py:sshpass -p PASSWORD scp -P 5000 -o StrictHostKeyChecking=no /jupiter/circe_output/storeclass4_lccenc4_79945962imgtigerjobid29.JPEG root@10.96.180.44:/jupiter/circe_input/
DEBUG:transfer.py:transfer successful!
INFO:circe.py:runtime_stat:{"task_name": "circe", "event": "new_output_file", "filename": "storeclass4_lccenc4_32111831imgtigerjobid29.JPEG", "unix_time": 1620672525.9597137}
DEBUG:transfer.py:sshpass -p PASSWORD scp -P 5000 -o StrictHostKeyChecking=no /jupiter/circe_output/storeclass4_lccenc4_32111831imgtigerjobid29.JPEG root@10.96.180.44:/jupiter/circe_input/
INFO:circe.py:runtime_stat:{"task_name": "circe", "event": "new_input_file", "filename": "home_storeclass4_42602507imgtigerjobid29.JPEG", "unix_time": 1620672526.1290786}
DEBUG:transfer.py:transfer successful!
INFO:ccdag_utils.py:runtime_stat:{"task_name": "storeclass4", "event": "queue_start_process", "filename": "resnet5_storeclass4_03432455imgtigerjobid29.JPEG", "unix_time": 1620672526.5118337}
INFO:circe.py:runtime_stat:{"task_name": "circe", "event": "new_output_file", "filename": "storeclass4_lccenc4_03432455imgtigerjobid29.JPEG", "unix_time": 1620672526.5181556}
INFO:ccdag_utils.py:runtime_stat:{"task_name": "storeclass4", "event": "queue_end_process", "filename": "storeclass4_lccenc4_03432455imgtigerjobid29.JPEG", "unix_time": 1620672526.5183809}
DEBUG:transfer.py:sshpass -p PASSWORD scp -P 5000 -o StrictHostKeyChecking=no /jupiter/circe_output/storeclass4_lccenc4_03432455imgtigerjobid29.JPEG root@10.96.180.44:/jupiter/circe_input/
INFO:ccdag_utils.py:runtime_stat:{"task_name": "storeclass4", "event": "queue_start_process", "filename": "home_storeclass4_42602507imgtigerjobid29.JPEG", "unix_time": 1620672526.5194952}
INFO:ccdag_utils.py:runtime_stat:{"task_name": "storeclass4", "event": "queue_end_process", "filename": "storeclass4_lccenc4_42602507imgtigerjobid29.JPEG", "unix_time": 1620672526.5296717}
DEBUG:transfer.py:transfer successful!
INFO:circe.py:runtime_stat:{"task_name": "circe", "event": "new_output_file", "filename": "storeclass4_lccenc4_42602507imgtigerjobid29.JPEG", "unix_time": 1620672526.7456596}
DEBUG:transfer.py:sshpass -p PASSWORD scp -P 5000 -o StrictHostKeyChecking=no /jupiter/circe_output/storeclass4_lccenc4_42602507imgtigerjobid29.JPEG root@10.96.180.44:/jupiter/circe_input/
DEBUG:transfer.py:transfer successful!
INFO:circe.py:runtime_stat:{"task_name": "circe", "event": "new_input_file", "filename": "resnet7_storeclass4_50527105imgtigerjobid30.JPEG", "unix_time": 1620672534.6291883}
INFO:ccdag_utils.py:runtime_stat:{"task_name": "storeclass4", "event": "queue_start_process", "filename": "resnet7_storeclass4_50527105imgtigerjobid30.JPEG", "unix_time": 1620672535.539226}
INFO:ccdag_utils.py:runtime_stat:{"task_name": "storeclass4", "event": "queue_end_process", "filename": "storeclass4_lccenc4_50527105imgtigerjobid30.JPEG", "unix_time": 1620672535.5406806}
INFO:circe.py:runtime_stat:{"task_name": "circe", "event": "new_output_file", "filename": "storeclass4_lccenc4_50527105imgtigerjobid30.JPEG", "unix_time": 1620672535.5417342}
DEBUG:transfer.py:sshpass -p PASSWORD scp -P 5000 -o StrictHostKeyChecking=no /jupiter/circe_output/storeclass4_lccenc4_50527105imgtigerjobid30.JPEG root@10.96.180.44:/jupiter/circe_input/
INFO:circe.py:runtime_stat:{"task_name": "circe", "event": "new_input_file", "filename": "resnet4_storeclass4_21781326imgtigerjobid30.JPEG", "unix_time": 1620672535.6515193}
DEBUG:transfer.py:transfer successful!
INFO:circe.py:runtime_stat:{"task_name": "circe", "event": "new_input_file", "filename": "home_storeclass4_28338678imgtigerjobid30.JPEG", "unix_time": 1620672536.1570513}
INFO:ccdag_utils.py:runtime_stat:{"task_name": "storeclass4", "event": "queue_start_process", "filename": "resnet4_storeclass4_21781326imgtigerjobid30.JPEG", "unix_time": 1620672536.5421214}
INFO:circe.py:runtime_stat:{"task_name": "circe", "event": "new_output_file", "filename": "storeclass4_lccenc4_21781326imgtigerjobid30.JPEG", "unix_time": 1620672536.5491192}
INFO:ccdag_utils.py:runtime_stat:{"task_name": "storeclass4", "event": "queue_end_process", "filename": "storeclass4_lccenc4_21781326imgtigerjobid30.JPEG", "unix_time": 1620672536.5493717}
DEBUG:transfer.py:sshpass -p PASSWORD scp -P 5000 -o StrictHostKeyChecking=no /jupiter/circe_output/storeclass4_lccenc4_21781326imgtigerjobid30.JPEG root@10.96.180.44:/jupiter/circe_input/
INFO:ccdag_utils.py:runtime_stat:{"task_name": "storeclass4", "event": "queue_start_process", "filename": "home_storeclass4_28338678imgtigerjobid30.JPEG", "unix_time": 1620672536.5505085}
INFO:ccdag_utils.py:runtime_stat:{"task_name": "storeclass4", "event": "queue_end_process", "filename": "storeclass4_lccenc4_28338678imgtigerjobid30.JPEG", "unix_time": 1620672536.5605721}
DEBUG:transfer.py:transfer successful!
INFO:circe.py:runtime_stat:{"task_name": "circe", "event": "new_output_file", "filename": "storeclass4_lccenc4_28338678imgtigerjobid30.JPEG", "unix_time": 1620672536.789541}
DEBUG:transfer.py:sshpass -p PASSWORD scp -P 5000 -o StrictHostKeyChecking=no /jupiter/circe_output/storeclass4_lccenc4_28338678imgtigerjobid30.JPEG root@10.96.180.44:/jupiter/circe_input/
DEBUG:transfer.py:transfer successful!
INFO:circe.py:runtime_stat:{"task_name": "circe", "event": "new_input_file", "filename": "resnet7_storeclass4_10762911imgtigerjobid31.JPEG", "unix_time": 1620672547.8631997}
INFO:circe.py:runtime_stat:{"task_name": "circe", "event": "new_input_file", "filename": "resnet6_storeclass4_48705869imgtigerjobid31.JPEG", "unix_time": 1620672548.4393332}
INFO:circe.py:runtime_stat:{"task_name": "circe", "event": "new_input_file", "filename": "resnet2_storeclass4_70268004imgtigerjobid31.JPEG", "unix_time": 1620672548.5516896}
INFO:ccdag_utils.py:runtime_stat:{"task_name": "storeclass4", "event": "queue_start_process", "filename": "resnet7_storeclass4_10762911imgtigerjobid31.JPEG", "unix_time": 1620672548.5739489}
INFO:ccdag_utils.py:runtime_stat:{"task_name": "storeclass4", "event": "queue_end_process", "filename": "storeclass4_lccenc4_10762911imgtigerjobid31.JPEG", "unix_time": 1620672548.57529}
INFO:ccdag_utils.py:runtime_stat:{"task_name": "storeclass4", "event": "queue_start_process", "filename": "resnet6_storeclass4_48705869imgtigerjobid31.JPEG", "unix_time": 1620672548.5802128}
INFO:circe.py:runtime_stat:{"task_name": "circe", "event": "new_output_file", "filename": "storeclass4_lccenc4_10762911imgtigerjobid31.JPEG", "unix_time": 1620672548.5793056}
DEBUG:transfer.py:sshpass -p PASSWORD scp -P 5000 -o StrictHostKeyChecking=no /jupiter/circe_output/storeclass4_lccenc4_10762911imgtigerjobid31.JPEG root@10.96.180.44:/jupiter/circe_input/
INFO:ccdag_utils.py:runtime_stat:{"task_name": "storeclass4", "event": "queue_end_process", "filename": "storeclass4_lccenc4_48705869imgtigerjobid31.JPEG", "unix_time": 1620672548.585221}
INFO:ccdag_utils.py:runtime_stat:{"task_name": "storeclass4", "event": "queue_start_process", "filename": "resnet2_storeclass4_70268004imgtigerjobid31.JPEG", "unix_time": 1620672548.5868762}
INFO:ccdag_utils.py:runtime_stat:{"task_name": "storeclass4", "event": "queue_end_process", "filename": "storeclass4_lccenc4_70268004imgtigerjobid31.JPEG", "unix_time": 1620672548.590823}
INFO:circe.py:runtime_stat:{"task_name": "circe", "event": "new_input_file", "filename": "resnet3_storeclass4_84955633imgtigerjobid31.JPEG", "unix_time": 1620672548.720281}
DEBUG:transfer.py:transfer successful!
INFO:circe.py:runtime_stat:{"task_name": "circe", "event": "new_output_file", "filename": "storeclass4_lccenc4_48705869imgtigerjobid31.JPEG", "unix_time": 1620672548.88239}
DEBUG:transfer.py:sshpass -p PASSWORD scp -P 5000 -o StrictHostKeyChecking=no /jupiter/circe_output/storeclass4_lccenc4_48705869imgtigerjobid31.JPEG root@10.96.180.44:/jupiter/circe_input/
DEBUG:transfer.py:transfer successful!
INFO:circe.py:runtime_stat:{"task_name": "circe", "event": "new_output_file", "filename": "storeclass4_lccenc4_70268004imgtigerjobid31.JPEG", "unix_time": 1620672549.1960285}
DEBUG:transfer.py:sshpass -p PASSWORD scp -P 5000 -o StrictHostKeyChecking=no /jupiter/circe_output/storeclass4_lccenc4_70268004imgtigerjobid31.JPEG root@10.96.180.44:/jupiter/circe_input/
DEBUG:transfer.py:transfer successful!
INFO:ccdag_utils.py:runtime_stat:{"task_name": "storeclass4", "event": "queue_start_process", "filename": "resnet3_storeclass4_84955633imgtigerjobid31.JPEG", "unix_time": 1620672549.5958195}
INFO:ccdag_utils.py:runtime_stat:{"task_name": "storeclass4", "event": "queue_end_process", "filename": "storeclass4_lccenc4_84955633imgtigerjobid31.JPEG", "unix_time": 1620672549.6013782}
INFO:circe.py:runtime_stat:{"task_name": "circe", "event": "new_output_file", "filename": "storeclass4_lccenc4_84955633imgtigerjobid31.JPEG", "unix_time": 1620672549.6044378}
DEBUG:transfer.py:sshpass -p PASSWORD scp -P 5000 -o StrictHostKeyChecking=no /jupiter/circe_output/storeclass4_lccenc4_84955633imgtigerjobid31.JPEG root@10.96.180.44:/jupiter/circe_input/
DEBUG:transfer.py:transfer successful!
INFO:circe.py:runtime_stat:{"task_name": "circe", "event": "new_input_file", "filename": "resnet2_storeclass4_32013757imgtigerjobid32.JPEG", "unix_time": 1620672558.7985106}
INFO:circe.py:runtime_stat:{"task_name": "circe", "event": "new_input_file", "filename": "resnet5_storeclass4_44879023imgtigerjobid32.JPEG", "unix_time": 1620672559.3843021}
INFO:circe.py:runtime_stat:{"task_name": "circe", "event": "new_input_file", "filename": "resnet1_storeclass4_95457985imgtigerjobid32.JPEG", "unix_time": 1620672559.4869397}
INFO:ccdag_utils.py:runtime_stat:{"task_name": "storeclass4", "event": "queue_start_process", "filename": "resnet2_storeclass4_32013757imgtigerjobid32.JPEG", "unix_time": 1620672559.612916}
INFO:ccdag_utils.py:runtime_stat:{"task_name": "storeclass4", "event": "queue_end_process", "filename": "storeclass4_lccenc4_32013757imgtigerjobid32.JPEG", "unix_time": 1620672559.6163836}
INFO:ccdag_utils.py:runtime_stat:{"task_name": "storeclass4", "event": "queue_start_process", "filename": "resnet5_storeclass4_44879023imgtigerjobid32.JPEG", "unix_time": 1620672559.6183667}
INFO:ccdag_utils.py:runtime_stat:{"task_name": "storeclass4", "event": "queue_end_process", "filename": "storeclass4_lccenc4_44879023imgtigerjobid32.JPEG", "unix_time": 1620672559.6203017}
INFO:ccdag_utils.py:runtime_stat:{"task_name": "storeclass4", "event": "queue_start_process", "filename": "resnet1_storeclass4_95457985imgtigerjobid32.JPEG", "unix_time": 1620672559.6218045}
INFO:circe.py:runtime_stat:{"task_name": "circe", "event": "new_output_file", "filename": "storeclass4_lccenc4_32013757imgtigerjobid32.JPEG", "unix_time": 1620672559.61765}
DEBUG:transfer.py:sshpass -p PASSWORD scp -P 5000 -o StrictHostKeyChecking=no /jupiter/circe_output/storeclass4_lccenc4_32013757imgtigerjobid32.JPEG root@10.96.180.44:/jupiter/circe_input/
INFO:ccdag_utils.py:runtime_stat:{"task_name": "storeclass4", "event": "queue_end_process", "filename": "storeclass4_lccenc4_95457985imgtigerjobid32.JPEG", "unix_time": 1620672559.629444}
DEBUG:transfer.py:transfer successful!
INFO:circe.py:runtime_stat:{"task_name": "circe", "event": "new_output_file", "filename": "storeclass4_lccenc4_44879023imgtigerjobid32.JPEG", "unix_time": 1620672559.8865929}
DEBUG:transfer.py:sshpass -p PASSWORD scp -P 5000 -o StrictHostKeyChecking=no /jupiter/circe_output/storeclass4_lccenc4_44879023imgtigerjobid32.JPEG root@10.96.180.44:/jupiter/circe_input/
DEBUG:transfer.py:transfer successful!
INFO:circe.py:runtime_stat:{"task_name": "circe", "event": "new_output_file", "filename": "storeclass4_lccenc4_95457985imgtigerjobid32.JPEG", "unix_time": 1620672560.108729}
DEBUG:transfer.py:sshpass -p PASSWORD scp -P 5000 -o StrictHostKeyChecking=no /jupiter/circe_output/storeclass4_lccenc4_95457985imgtigerjobid32.JPEG root@10.96.180.44:/jupiter/circe_input/
DEBUG:transfer.py:transfer successful!
INFO:circe.py:runtime_stat:{"task_name": "circe", "event": "new_input_file", "filename": "resnet5_storeclass4_48801812imgtigerjobid35.JPEG", "unix_time": 1620672592.5221448}
INFO:ccdag_utils.py:runtime_stat:{"task_name": "storeclass4", "event": "queue_start_process", "filename": "resnet5_storeclass4_48801812imgtigerjobid35.JPEG", "unix_time": 1620672592.6764262}
INFO:circe.py:runtime_stat:{"task_name": "circe", "event": "new_output_file", "filename": "storeclass4_lccenc4_48801812imgtigerjobid35.JPEG", "unix_time": 1620672592.6935735}
DEBUG:transfer.py:sshpass -p PASSWORD scp -P 5000 -o StrictHostKeyChecking=no /jupiter/circe_output/storeclass4_lccenc4_48801812imgtigerjobid35.JPEG root@10.96.180.44:/jupiter/circe_input/
INFO:ccdag_utils.py:runtime_stat:{"task_name": "storeclass4", "event": "queue_end_process", "filename": "storeclass4_lccenc4_48801812imgtigerjobid35.JPEG", "unix_time": 1620672592.6966808}
DEBUG:transfer.py:transfer successful!
INFO:circe.py:runtime_stat:{"task_name": "circe", "event": "new_input_file", "filename": "resnet4_storeclass4_00968511imgtigerjobid36.JPEG", "unix_time": 1620672604.4322157}
INFO:circe.py:runtime_stat:{"task_name": "circe", "event": "new_input_file", "filename": "home_storeclass4_00565636imgtigerjobid36.JPEG", "unix_time": 1620672604.6496}
INFO:ccdag_utils.py:runtime_stat:{"task_name": "storeclass4", "event": "queue_start_process", "filename": "resnet4_storeclass4_00968511imgtigerjobid36.JPEG", "unix_time": 1620672604.7117887}
INFO:ccdag_utils.py:runtime_stat:{"task_name": "storeclass4", "event": "queue_end_process", "filename": "storeclass4_lccenc4_00968511imgtigerjobid36.JPEG", "unix_time": 1620672604.7205985}
INFO:ccdag_utils.py:runtime_stat:{"task_name": "storeclass4", "event": "queue_start_process", "filename": "home_storeclass4_00565636imgtigerjobid36.JPEG", "unix_time": 1620672604.7217443}
INFO:circe.py:runtime_stat:{"task_name": "circe", "event": "new_output_file", "filename": "storeclass4_lccenc4_00968511imgtigerjobid36.JPEG", "unix_time": 1620672604.721483}
DEBUG:transfer.py:sshpass -p PASSWORD scp -P 5000 -o StrictHostKeyChecking=no /jupiter/circe_output/storeclass4_lccenc4_00968511imgtigerjobid36.JPEG root@10.96.180.44:/jupiter/circe_input/
INFO:ccdag_utils.py:runtime_stat:{"task_name": "storeclass4", "event": "queue_end_process", "filename": "storeclass4_lccenc4_00565636imgtigerjobid36.JPEG", "unix_time": 1620672604.7231863}
DEBUG:transfer.py:transfer successful!
INFO:circe.py:runtime_stat:{"task_name": "circe", "event": "new_output_file", "filename": "storeclass4_lccenc4_00565636imgtigerjobid36.JPEG", "unix_time": 1620672605.0354795}
DEBUG:transfer.py:sshpass -p PASSWORD scp -P 5000 -o StrictHostKeyChecking=no /jupiter/circe_output/storeclass4_lccenc4_00565636imgtigerjobid36.JPEG root@10.96.180.44:/jupiter/circe_input/
DEBUG:transfer.py:transfer successful!
INFO:circe.py:runtime_stat:{"task_name": "circe", "event": "new_input_file", "filename": "resnet2_storeclass4_00551470imgtigerjobid37.JPEG", "unix_time": 1620672616.1896071}
INFO:circe.py:runtime_stat:{"task_name": "circe", "event": "new_input_file", "filename": "resnet3_storeclass4_44786429imgtigerjobid37.JPEG", "unix_time": 1620672616.4936543}
INFO:ccdag_utils.py:runtime_stat:{"task_name": "storeclass4", "event": "queue_start_process", "filename": "resnet2_storeclass4_00551470imgtigerjobid37.JPEG", "unix_time": 1620672616.744962}
INFO:ccdag_utils.py:runtime_stat:{"task_name": "storeclass4", "event": "queue_end_process", "filename": "storeclass4_lccenc4_00551470imgtigerjobid37.JPEG", "unix_time": 1620672616.7565546}
INFO:ccdag_utils.py:runtime_stat:{"task_name": "storeclass4", "event": "queue_start_process", "filename": "resnet3_storeclass4_44786429imgtigerjobid37.JPEG", "unix_time": 1620672616.7572377}
INFO:ccdag_utils.py:runtime_stat:{"task_name": "storeclass4", "event": "queue_end_process", "filename": "storeclass4_lccenc4_44786429imgtigerjobid37.JPEG", "unix_time": 1620672616.7613897}
INFO:circe.py:runtime_stat:{"task_name": "circe", "event": "new_output_file", "filename": "storeclass4_lccenc4_00551470imgtigerjobid37.JPEG", "unix_time": 1620672616.7625735}
DEBUG:transfer.py:sshpass -p PASSWORD scp -P 5000 -o StrictHostKeyChecking=no /jupiter/circe_output/storeclass4_lccenc4_00551470imgtigerjobid37.JPEG root@10.96.180.44:/jupiter/circe_input/
DEBUG:transfer.py:transfer successful!
INFO:circe.py:runtime_stat:{"task_name": "circe", "event": "new_output_file", "filename": "storeclass4_lccenc4_44786429imgtigerjobid37.JPEG", "unix_time": 1620672616.9852028}
DEBUG:transfer.py:sshpass -p PASSWORD scp -P 5000 -o StrictHostKeyChecking=no /jupiter/circe_output/storeclass4_lccenc4_44786429imgtigerjobid37.JPEG root@10.96.180.44:/jupiter/circe_input/
DEBUG:transfer.py:transfer successful!
INFO:circe.py:runtime_stat:{"task_name": "circe", "event": "new_input_file", "filename": "resnet7_storeclass4_92100325imgtigerjobid38.JPEG", "unix_time": 1620672633.2293835}
INFO:circe.py:runtime_stat:{"task_name": "circe", "event": "new_input_file", "filename": "resnet1_storeclass4_19507823imgtigerjobid38.JPEG", "unix_time": 1620672633.2340662}
INFO:circe.py:runtime_stat:{"task_name": "circe", "event": "new_input_file", "filename": "resnet6_storeclass4_48473146imgtigerjobid38.JPEG", "unix_time": 1620672633.4332402}
INFO:circe.py:runtime_stat:{"task_name": "circe", "event": "new_input_file", "filename": "resnet5_storeclass4_33732038imgtigerjobid38.JPEG", "unix_time": 1620672633.7203028}
INFO:ccdag_utils.py:runtime_stat:{"task_name": "storeclass4", "event": "queue_start_process", "filename": "resnet7_storeclass4_92100325imgtigerjobid38.JPEG", "unix_time": 1620672633.7879212}
INFO:ccdag_utils.py:runtime_stat:{"task_name": "storeclass4", "event": "queue_end_process", "filename": "storeclass4_lccenc4_92100325imgtigerjobid38.JPEG", "unix_time": 1620672633.792585}
INFO:ccdag_utils.py:runtime_stat:{"task_name": "storeclass4", "event": "queue_start_process", "filename": "resnet1_storeclass4_19507823imgtigerjobid38.JPEG", "unix_time": 1620672633.7928836}
INFO:ccdag_utils.py:runtime_stat:{"task_name": "storeclass4", "event": "queue_end_process", "filename": "storeclass4_lccenc4_19507823imgtigerjobid38.JPEG", "unix_time": 1620672633.794079}
INFO:ccdag_utils.py:runtime_stat:{"task_name": "storeclass4", "event": "queue_start_process", "filename": "resnet6_storeclass4_48473146imgtigerjobid38.JPEG", "unix_time": 1620672633.7943406}
INFO:ccdag_utils.py:runtime_stat:{"task_name": "storeclass4", "event": "queue_end_process", "filename": "storeclass4_lccenc4_48473146imgtigerjobid38.JPEG", "unix_time": 1620672633.7955766}
INFO:ccdag_utils.py:runtime_stat:{"task_name": "storeclass4", "event": "queue_start_process", "filename": "resnet5_storeclass4_33732038imgtigerjobid38.JPEG", "unix_time": 1620672633.7967486}
INFO:circe.py:runtime_stat:{"task_name": "circe", "event": "new_output_file", "filename": "storeclass4_lccenc4_92100325imgtigerjobid38.JPEG", "unix_time": 1620672633.798172}
DEBUG:transfer.py:sshpass -p PASSWORD scp -P 5000 -o StrictHostKeyChecking=no /jupiter/circe_output/storeclass4_lccenc4_92100325imgtigerjobid38.JPEG root@10.96.180.44:/jupiter/circe_input/
INFO:ccdag_utils.py:runtime_stat:{"task_name": "storeclass4", "event": "queue_end_process", "filename": "storeclass4_lccenc4_33732038imgtigerjobid38.JPEG", "unix_time": 1620672633.8114464}
INFO:circe.py:runtime_stat:{"task_name": "circe", "event": "new_input_file", "filename": "resnet4_storeclass4_82932088imgtigerjobid38.JPEG", "unix_time": 1620672633.9594138}
DEBUG:transfer.py:transfer successful!
INFO:circe.py:runtime_stat:{"task_name": "circe", "event": "new_output_file", "filename": "storeclass4_lccenc4_19507823imgtigerjobid38.JPEG", "unix_time": 1620672634.0208895}
DEBUG:transfer.py:sshpass -p PASSWORD scp -P 5000 -o StrictHostKeyChecking=no /jupiter/circe_output/storeclass4_lccenc4_19507823imgtigerjobid38.JPEG root@10.96.180.44:/jupiter/circe_input/
INFO:circe.py:runtime_stat:{"task_name": "circe", "event": "new_input_file", "filename": "resnet2_storeclass4_45360654imgtigerjobid38.JPEG", "unix_time": 1620672634.170031}
DEBUG:transfer.py:transfer successful!
INFO:circe.py:runtime_stat:{"task_name": "circe", "event": "new_output_file", "filename": "storeclass4_lccenc4_48473146imgtigerjobid38.JPEG", "unix_time": 1620672634.2381983}
DEBUG:transfer.py:sshpass -p PASSWORD scp -P 5000 -o StrictHostKeyChecking=no /jupiter/circe_output/storeclass4_lccenc4_48473146imgtigerjobid38.JPEG root@10.96.180.44:/jupiter/circe_input/
DEBUG:transfer.py:transfer successful!
INFO:circe.py:runtime_stat:{"task_name": "circe", "event": "new_output_file", "filename": "storeclass4_lccenc4_33732038imgtigerjobid38.JPEG", "unix_time": 1620672634.4490557}
DEBUG:transfer.py:sshpass -p PASSWORD scp -P 5000 -o StrictHostKeyChecking=no /jupiter/circe_output/storeclass4_lccenc4_33732038imgtigerjobid38.JPEG root@10.96.180.44:/jupiter/circe_input/
DEBUG:transfer.py:transfer successful!
INFO:circe.py:runtime_stat:{"task_name": "circe", "event": "new_input_file", "filename": "home_storeclass4_77086449imgtigerjobid38.JPEG", "unix_time": 1620672634.7264812}
INFO:ccdag_utils.py:runtime_stat:{"task_name": "storeclass4", "event": "queue_start_process", "filename": "resnet4_storeclass4_82932088imgtigerjobid38.JPEG", "unix_time": 1620672634.8132129}
INFO:ccdag_utils.py:runtime_stat:{"task_name": "storeclass4", "event": "queue_end_process", "filename": "storeclass4_lccenc4_82932088imgtigerjobid38.JPEG", "unix_time": 1620672634.8198128}
INFO:circe.py:runtime_stat:{"task_name": "circe", "event": "new_output_file", "filename": "storeclass4_lccenc4_82932088imgtigerjobid38.JPEG", "unix_time": 1620672634.8204117}
INFO:ccdag_utils.py:runtime_stat:{"task_name": "storeclass4", "event": "queue_start_process", "filename": "resnet2_storeclass4_45360654imgtigerjobid38.JPEG", "unix_time": 1620672634.820684}
DEBUG:transfer.py:sshpass -p PASSWORD scp -P 5000 -o StrictHostKeyChecking=no /jupiter/circe_output/storeclass4_lccenc4_82932088imgtigerjobid38.JPEG root@10.96.180.44:/jupiter/circe_input/
INFO:ccdag_utils.py:runtime_stat:{"task_name": "storeclass4", "event": "queue_end_process", "filename": "storeclass4_lccenc4_45360654imgtigerjobid38.JPEG", "unix_time": 1620672634.8274038}
INFO:ccdag_utils.py:runtime_stat:{"task_name": "storeclass4", "event": "queue_start_process", "filename": "home_storeclass4_77086449imgtigerjobid38.JPEG", "unix_time": 1620672634.8283036}
INFO:ccdag_utils.py:runtime_stat:{"task_name": "storeclass4", "event": "queue_end_process", "filename": "storeclass4_lccenc4_77086449imgtigerjobid38.JPEG", "unix_time": 1620672634.8298423}
DEBUG:transfer.py:transfer successful!
INFO:circe.py:runtime_stat:{"task_name": "circe", "event": "new_output_file", "filename": "storeclass4_lccenc4_45360654imgtigerjobid38.JPEG", "unix_time": 1620672635.045667}
DEBUG:transfer.py:sshpass -p PASSWORD scp -P 5000 -o StrictHostKeyChecking=no /jupiter/circe_output/storeclass4_lccenc4_45360654imgtigerjobid38.JPEG root@10.96.180.44:/jupiter/circe_input/
DEBUG:transfer.py:transfer successful!
INFO:circe.py:runtime_stat:{"task_name": "circe", "event": "new_output_file", "filename": "storeclass4_lccenc4_77086449imgtigerjobid38.JPEG", "unix_time": 1620672635.264671}
DEBUG:transfer.py:sshpass -p PASSWORD scp -P 5000 -o StrictHostKeyChecking=no /jupiter/circe_output/storeclass4_lccenc4_77086449imgtigerjobid38.JPEG root@10.96.180.44:/jupiter/circe_input/
DEBUG:transfer.py:transfer successful!
INFO:circe.py:runtime_stat:{"task_name": "circe", "event": "new_input_file", "filename": "resnet3_storeclass4_15775903imgtigerjobid39.JPEG", "unix_time": 1620672653.0254147}
INFO:circe.py:runtime_stat:{"task_name": "circe", "event": "new_input_file", "filename": "resnet7_storeclass4_24925055imgtigerjobid39.JPEG", "unix_time": 1620672653.048484}
INFO:circe.py:runtime_stat:{"task_name": "circe", "event": "new_input_file", "filename": "resnet2_storeclass4_81528127imgtigerjobid39.JPEG", "unix_time": 1620672653.3569698}
INFO:circe.py:runtime_stat:{"task_name": "circe", "event": "new_input_file", "filename": "resnet1_storeclass4_10615038imgtigerjobid39.JPEG", "unix_time": 1620672653.4295135}
INFO:ccdag_utils.py:runtime_stat:{"task_name": "storeclass4", "event": "queue_start_process", "filename": "resnet3_storeclass4_15775903imgtigerjobid39.JPEG", "unix_time": 1620672653.8524473}
INFO:circe.py:runtime_stat:{"task_name": "circe", "event": "new_input_file", "filename": "resnet5_storeclass4_17941552imgtigerjobid39.JPEG", "unix_time": 1620672653.8541174}
INFO:circe.py:runtime_stat:{"task_name": "circe", "event": "new_output_file", "filename": "storeclass4_lccenc4_15775903imgtigerjobid39.JPEG", "unix_time": 1620672653.8598194}
DEBUG:transfer.py:sshpass -p PASSWORD scp -P 5000 -o StrictHostKeyChecking=no /jupiter/circe_output/storeclass4_lccenc4_15775903imgtigerjobid39.JPEG root@10.96.180.44:/jupiter/circe_input/
INFO:ccdag_utils.py:runtime_stat:{"task_name": "storeclass4", "event": "queue_end_process", "filename": "storeclass4_lccenc4_15775903imgtigerjobid39.JPEG", "unix_time": 1620672653.8607147}
INFO:ccdag_utils.py:runtime_stat:{"task_name": "storeclass4", "event": "queue_start_process", "filename": "resnet7_storeclass4_24925055imgtigerjobid39.JPEG", "unix_time": 1620672653.8653145}
INFO:ccdag_utils.py:runtime_stat:{"task_name": "storeclass4", "event": "queue_end_process", "filename": "storeclass4_lccenc4_24925055imgtigerjobid39.JPEG", "unix_time": 1620672653.8669636}
INFO:ccdag_utils.py:runtime_stat:{"task_name": "storeclass4", "event": "queue_start_process", "filename": "resnet2_storeclass4_81528127imgtigerjobid39.JPEG", "unix_time": 1620672653.8673463}
INFO:ccdag_utils.py:runtime_stat:{"task_name": "storeclass4", "event": "queue_end_process", "filename": "storeclass4_lccenc4_81528127imgtigerjobid39.JPEG", "unix_time": 1620672653.8712883}
INFO:ccdag_utils.py:runtime_stat:{"task_name": "storeclass4", "event": "queue_start_process", "filename": "resnet1_storeclass4_10615038imgtigerjobid39.JPEG", "unix_time": 1620672653.8716118}
INFO:circe.py:runtime_stat:{"task_name": "circe", "event": "new_input_file", "filename": "resnet0_storeclass4_93164105imgtigerjobid39.JPEG", "unix_time": 1620672653.8698208}
INFO:ccdag_utils.py:runtime_stat:{"task_name": "storeclass4", "event": "queue_end_process", "filename": "storeclass4_lccenc4_10615038imgtigerjobid39.JPEG", "unix_time": 1620672653.8766146}
INFO:ccdag_utils.py:runtime_stat:{"task_name": "storeclass4", "event": "queue_start_process", "filename": "resnet5_storeclass4_17941552imgtigerjobid39.JPEG", "unix_time": 1620672653.877076}
INFO:ccdag_utils.py:runtime_stat:{"task_name": "storeclass4", "event": "queue_end_process", "filename": "storeclass4_lccenc4_17941552imgtigerjobid39.JPEG", "unix_time": 1620672653.8782144}
INFO:ccdag_utils.py:runtime_stat:{"task_name": "storeclass4", "event": "queue_start_process", "filename": "resnet0_storeclass4_93164105imgtigerjobid39.JPEG", "unix_time": 1620672653.8785076}
INFO:ccdag_utils.py:runtime_stat:{"task_name": "storeclass4", "event": "queue_end_process", "filename": "storeclass4_lccenc4_93164105imgtigerjobid39.JPEG", "unix_time": 1620672653.8791466}
DEBUG:transfer.py:transfer successful!
INFO:circe.py:runtime_stat:{"task_name": "circe", "event": "new_output_file", "filename": "storeclass4_lccenc4_24925055imgtigerjobid39.JPEG", "unix_time": 1620672654.0927527}
DEBUG:transfer.py:sshpass -p PASSWORD scp -P 5000 -o StrictHostKeyChecking=no /jupiter/circe_output/storeclass4_lccenc4_24925055imgtigerjobid39.JPEG root@10.96.180.44:/jupiter/circe_input/
DEBUG:transfer.py:transfer successful!
INFO:circe.py:runtime_stat:{"task_name": "circe", "event": "new_output_file", "filename": "storeclass4_lccenc4_81528127imgtigerjobid39.JPEG", "unix_time": 1620672654.349817}
DEBUG:transfer.py:sshpass -p PASSWORD scp -P 5000 -o StrictHostKeyChecking=no /jupiter/circe_output/storeclass4_lccenc4_81528127imgtigerjobid39.JPEG root@10.96.180.44:/jupiter/circe_input/
DEBUG:transfer.py:transfer successful!
INFO:circe.py:runtime_stat:{"task_name": "circe", "event": "new_output_file", "filename": "storeclass4_lccenc4_10615038imgtigerjobid39.JPEG", "unix_time": 1620672654.5859973}
DEBUG:transfer.py:sshpass -p PASSWORD scp -P 5000 -o StrictHostKeyChecking=no /jupiter/circe_output/storeclass4_lccenc4_10615038imgtigerjobid39.JPEG root@10.96.180.44:/jupiter/circe_input/
DEBUG:transfer.py:transfer successful!
INFO:circe.py:runtime_stat:{"task_name": "circe", "event": "new_output_file", "filename": "storeclass4_lccenc4_17941552imgtigerjobid39.JPEG", "unix_time": 1620672654.8058455}
DEBUG:transfer.py:sshpass -p PASSWORD scp -P 5000 -o StrictHostKeyChecking=no /jupiter/circe_output/storeclass4_lccenc4_17941552imgtigerjobid39.JPEG root@10.96.180.44:/jupiter/circe_input/
DEBUG:transfer.py:transfer successful!
INFO:circe.py:runtime_stat:{"task_name": "circe", "event": "new_output_file", "filename": "storeclass4_lccenc4_93164105imgtigerjobid39.JPEG", "unix_time": 1620672655.0391319}
DEBUG:transfer.py:sshpass -p PASSWORD scp -P 5000 -o StrictHostKeyChecking=no /jupiter/circe_output/storeclass4_lccenc4_93164105imgtigerjobid39.JPEG root@10.96.180.44:/jupiter/circe_input/
DEBUG:transfer.py:transfer successful!
INFO:circe.py:runtime_stat:{"task_name": "circe", "event": "new_input_file", "filename": "resnet0_storeclass4_94173257imgtigerjobid40.JPEG", "unix_time": 1620672679.6256962}
INFO:ccdag_utils.py:runtime_stat:{"task_name": "storeclass4", "event": "queue_start_process", "filename": "resnet0_storeclass4_94173257imgtigerjobid40.JPEG", "unix_time": 1620672679.9108944}
INFO:ccdag_utils.py:runtime_stat:{"task_name": "storeclass4", "event": "queue_end_process", "filename": "storeclass4_lccenc4_94173257imgtigerjobid40.JPEG", "unix_time": 1620672679.9125044}
INFO:circe.py:runtime_stat:{"task_name": "circe", "event": "new_output_file", "filename": "storeclass4_lccenc4_94173257imgtigerjobid40.JPEG", "unix_time": 1620672679.9140203}
DEBUG:transfer.py:sshpass -p PASSWORD scp -P 5000 -o StrictHostKeyChecking=no /jupiter/circe_output/storeclass4_lccenc4_94173257imgtigerjobid40.JPEG root@10.96.180.44:/jupiter/circe_input/
DEBUG:transfer.py:transfer successful!
