 * Starting OpenBSD Secure Shell server sshd
   ...done.
INFO:circe.py:Using base script score.py
DEBUG:circe.py:starting the input monitoring process
DEBUG:circe.py:starting the output monitoring process
INFO:circe.py:runtime_stat:{"task_name": "circe", "event": "new_input_file", "filename": "lccenc7_score7c_6#58270697-6#11039780-6#87954058-6#08768797-6#76832509-6#64347803jobid1.csv", "unix_time": 1620672281.6252716}
INFO:ccdag_utils.py:runtime_stat:{"task_name": "score7c", "event": "queue_start_process", "filename": "lccenc7_score7c_6#58270697-6#11039780-6#87954058-6#08768797-6#76832509-6#64347803jobid1.csv", "unix_time": 1620672282.1740432}
['leopard21.JPEG', 'leopard22.JPEG', 'leopard23.JPEG', 'leopard24.JPEG', 'leopard25.JPEG', 'leopard26.JPEG', 'leopard27.JPEG', 'leopard28.JPEG', 'leopard29.JPEG', 'leopard30.JPEG']
INFO:circe.py:runtime_stat:{"task_name": "circe", "event": "new_output_file", "filename": "score7c_preagg7_1jobth6#58270697-6#11039780-6#87954058-6#08768797-6#76832509-6#64347803", "unix_time": 1620672283.8249574}
DEBUG:transfer.py:sshpass -p PASSWORD scp -P 5000 -o StrictHostKeyChecking=no /jupiter/circe_output/score7c_preagg7_1jobth6#58270697-6#11039780-6#87954058-6#08768797-6#76832509-6#64347803 root@10.108.92.32:/jupiter/circe_input/
INFO:ccdag_utils.py:runtime_stat:{"task_name": "score7c", "event": "queue_end_process", "filename": "score7c_preagg7_1jobth6#58270697-6#11039780-6#87954058-6#08768797-6#76832509-6#64347803", "unix_time": 1620672283.8327672}
Warning: Permanently added '[10.108.92.32]:5000' (ECDSA) to the list of known hosts.
DEBUG:transfer.py:transfer successful!
INFO:circe.py:runtime_stat:{"task_name": "circe", "event": "new_input_file", "filename": "lccenc7_score7c_6#19079027-6#84454990-6#98530903-6#91114390-6#40780303-6#73700456jobid2.csv", "unix_time": 1620672304.710503}
INFO:ccdag_utils.py:runtime_stat:{"task_name": "score7c", "event": "queue_start_process", "filename": "lccenc7_score7c_6#19079027-6#84454990-6#98530903-6#91114390-6#40780303-6#73700456jobid2.csv", "unix_time": 1620672304.8572593}
['leopard21.JPEG', 'leopard22.JPEG', 'leopard23.JPEG', 'leopard24.JPEG', 'leopard25.JPEG', 'leopard26.JPEG', 'leopard27.JPEG', 'leopard28.JPEG', 'leopard29.JPEG', 'leopard30.JPEG']
INFO:circe.py:runtime_stat:{"task_name": "circe", "event": "new_output_file", "filename": "score7c_preagg7_2jobth6#19079027-6#84454990-6#98530903-6#91114390-6#40780303-6#73700456", "unix_time": 1620672306.337799}
DEBUG:transfer.py:sshpass -p PASSWORD scp -P 5000 -o StrictHostKeyChecking=no /jupiter/circe_output/score7c_preagg7_2jobth6#19079027-6#84454990-6#98530903-6#91114390-6#40780303-6#73700456 root@10.108.92.32:/jupiter/circe_input/
INFO:ccdag_utils.py:runtime_stat:{"task_name": "score7c", "event": "queue_end_process", "filename": "score7c_preagg7_2jobth6#19079027-6#84454990-6#98530903-6#91114390-6#40780303-6#73700456", "unix_time": 1620672306.3388977}
DEBUG:transfer.py:transfer successful!
INFO:circe.py:runtime_stat:{"task_name": "circe", "event": "new_input_file", "filename": "lccenc7_score7c_6#70398358-6#53557576-6#34531559-6#88870218-6#46523787-6#04097588jobid3.csv", "unix_time": 1620672314.8572733}
INFO:ccdag_utils.py:runtime_stat:{"task_name": "score7c", "event": "queue_start_process", "filename": "lccenc7_score7c_6#70398358-6#53557576-6#34531559-6#88870218-6#46523787-6#04097588jobid3.csv", "unix_time": 1620672315.3550375}
['leopard21.JPEG', 'leopard22.JPEG', 'leopard23.JPEG', 'leopard24.JPEG', 'leopard25.JPEG', 'leopard26.JPEG', 'leopard27.JPEG', 'leopard28.JPEG', 'leopard29.JPEG', 'leopard30.JPEG']
INFO:circe.py:runtime_stat:{"task_name": "circe", "event": "new_output_file", "filename": "score7c_preagg7_3jobth6#70398358-6#53557576-6#34531559-6#88870218-6#46523787-6#04097588", "unix_time": 1620672316.8296578}
DEBUG:transfer.py:sshpass -p PASSWORD scp -P 5000 -o StrictHostKeyChecking=no /jupiter/circe_output/score7c_preagg7_3jobth6#70398358-6#53557576-6#34531559-6#88870218-6#46523787-6#04097588 root@10.108.92.32:/jupiter/circe_input/
INFO:ccdag_utils.py:runtime_stat:{"task_name": "score7c", "event": "queue_end_process", "filename": "score7c_preagg7_3jobth6#70398358-6#53557576-6#34531559-6#88870218-6#46523787-6#04097588", "unix_time": 1620672316.8367958}
DEBUG:transfer.py:transfer successful!
INFO:circe.py:runtime_stat:{"task_name": "circe", "event": "new_input_file", "filename": "lccenc7_score7c_6#12822663-6#12940806-6#69248413-6#06412963-6#53363911-6#85909588jobid4.csv", "unix_time": 1620672372.1259737}
INFO:ccdag_utils.py:runtime_stat:{"task_name": "score7c", "event": "queue_start_process", "filename": "lccenc7_score7c_6#12822663-6#12940806-6#69248413-6#06412963-6#53363911-6#85909588jobid4.csv", "unix_time": 1620672372.8959928}
['leopard21.JPEG', 'leopard22.JPEG', 'leopard23.JPEG', 'leopard24.JPEG', 'leopard25.JPEG', 'leopard26.JPEG', 'leopard27.JPEG', 'leopard28.JPEG', 'leopard29.JPEG', 'leopard30.JPEG']
INFO:circe.py:runtime_stat:{"task_name": "circe", "event": "new_output_file", "filename": "score7c_preagg7_4jobth6#12822663-6#12940806-6#69248413-6#06412963-6#53363911-6#85909588", "unix_time": 1620672374.3595893}
DEBUG:transfer.py:sshpass -p PASSWORD scp -P 5000 -o StrictHostKeyChecking=no /jupiter/circe_output/score7c_preagg7_4jobth6#12822663-6#12940806-6#69248413-6#06412963-6#53363911-6#85909588 root@10.108.92.32:/jupiter/circe_input/
INFO:ccdag_utils.py:runtime_stat:{"task_name": "score7c", "event": "queue_end_process", "filename": "score7c_preagg7_4jobth6#12822663-6#12940806-6#69248413-6#06412963-6#53363911-6#85909588", "unix_time": 1620672374.3667529}
DEBUG:transfer.py:transfer successful!
INFO:circe.py:runtime_stat:{"task_name": "circe", "event": "new_input_file", "filename": "lccenc7_score7c_6#23962114-6#38301064-6#98718054-6#76854743-6#40733590-6#69692307jobid5.csv", "unix_time": 1620672384.3035295}
INFO:ccdag_utils.py:runtime_stat:{"task_name": "score7c", "event": "queue_start_process", "filename": "lccenc7_score7c_6#23962114-6#38301064-6#98718054-6#76854743-6#40733590-6#69692307jobid5.csv", "unix_time": 1620672384.3823211}
['leopard21.JPEG', 'leopard22.JPEG', 'leopard23.JPEG', 'leopard24.JPEG', 'leopard25.JPEG', 'leopard26.JPEG', 'leopard27.JPEG', 'leopard28.JPEG', 'leopard29.JPEG', 'leopard30.JPEG']
INFO:circe.py:runtime_stat:{"task_name": "circe", "event": "new_output_file", "filename": "score7c_preagg7_5jobth6#23962114-6#38301064-6#98718054-6#76854743-6#40733590-6#69692307", "unix_time": 1620672385.905317}
DEBUG:transfer.py:sshpass -p PASSWORD scp -P 5000 -o StrictHostKeyChecking=no /jupiter/circe_output/score7c_preagg7_5jobth6#23962114-6#38301064-6#98718054-6#76854743-6#40733590-6#69692307 root@10.108.92.32:/jupiter/circe_input/
INFO:ccdag_utils.py:runtime_stat:{"task_name": "score7c", "event": "queue_end_process", "filename": "score7c_preagg7_5jobth6#23962114-6#38301064-6#98718054-6#76854743-6#40733590-6#69692307", "unix_time": 1620672385.9241397}
DEBUG:transfer.py:transfer successful!
INFO:circe.py:runtime_stat:{"task_name": "circe", "event": "new_input_file", "filename": "lccenc7_score7c_6#50316159-6#60735355-6#01350076-6#28819889-6#33574694-6#74420006jobid6.csv", "unix_time": 1620672406.5728898}
INFO:ccdag_utils.py:runtime_stat:{"task_name": "score7c", "event": "queue_start_process", "filename": "lccenc7_score7c_6#50316159-6#60735355-6#01350076-6#28819889-6#33574694-6#74420006jobid6.csv", "unix_time": 1620672406.9469705}
['leopard21.JPEG', 'leopard22.JPEG', 'leopard23.JPEG', 'leopard24.JPEG', 'leopard25.JPEG', 'leopard26.JPEG', 'leopard27.JPEG', 'leopard28.JPEG', 'leopard29.JPEG', 'leopard30.JPEG']
INFO:circe.py:runtime_stat:{"task_name": "circe", "event": "new_output_file", "filename": "score7c_preagg7_6jobth6#50316159-6#60735355-6#01350076-6#28819889-6#33574694-6#74420006", "unix_time": 1620672408.4417012}
DEBUG:transfer.py:sshpass -p PASSWORD scp -P 5000 -o StrictHostKeyChecking=no /jupiter/circe_output/score7c_preagg7_6jobth6#50316159-6#60735355-6#01350076-6#28819889-6#33574694-6#74420006 root@10.108.92.32:/jupiter/circe_input/
INFO:ccdag_utils.py:runtime_stat:{"task_name": "score7c", "event": "queue_end_process", "filename": "score7c_preagg7_6jobth6#50316159-6#60735355-6#01350076-6#28819889-6#33574694-6#74420006", "unix_time": 1620672408.4473155}
DEBUG:transfer.py:transfer successful!
