 * Starting OpenBSD Secure Shell server sshd
   ...done.
INFO:circe.py:Using base script score.py
DEBUG:circe.py:starting the input monitoring process
DEBUG:circe.py:starting the output monitoring process
INFO:circe.py:runtime_stat:{"task_name": "circe", "event": "new_input_file", "filename": "lccenc1_score1a_0#39316084-0#19112570-0#65706923-0#32012109-0#81163499-0#62853597jobid1.csv", "unix_time": 1620672186.5434139}
INFO:ccdag_utils.py:runtime_stat:{"task_name": "score1a", "event": "queue_start_process", "filename": "lccenc1_score1a_0#39316084-0#19112570-0#65706923-0#32012109-0#81163499-0#62853597jobid1.csv", "unix_time": 1620672186.9819906}
['fireengine21.JPEG', 'fireengine22.JPEG', 'fireengine23.JPEG', 'fireengine24.JPEG', 'fireengine25.JPEG', 'fireengine26.JPEG', 'fireengine27.JPEG', 'fireengine28.JPEG', 'fireengine29.JPEG', 'fireengine30.JPEG']
INFO:circe.py:runtime_stat:{"task_name": "circe", "event": "new_output_file", "filename": "score1a_preagg1_1jobth0#39316084-0#19112570-0#65706923-0#32012109-0#81163499-0#62853597", "unix_time": 1620672198.9549334}
DEBUG:transfer.py:sshpass -p PASSWORD scp -P 5000 -o StrictHostKeyChecking=no /jupiter/circe_output/score1a_preagg1_1jobth0#39316084-0#19112570-0#65706923-0#32012109-0#81163499-0#62853597 root@10.103.159.148:/jupiter/circe_input/
INFO:ccdag_utils.py:runtime_stat:{"task_name": "score1a", "event": "queue_end_process", "filename": "score1a_preagg1_1jobth0#39316084-0#19112570-0#65706923-0#32012109-0#81163499-0#62853597", "unix_time": 1620672198.9627392}
Warning: Permanently added '[10.103.159.148]:5000' (ECDSA) to the list of known hosts.
DEBUG:transfer.py:transfer successful!
INFO:circe.py:runtime_stat:{"task_name": "circe", "event": "new_input_file", "filename": "lccenc1_score1a_0#47352231-0#18786361-0#19644358-0#99622015-0#90581383-0#71472802jobid2.csv", "unix_time": 1620672252.7903545}
INFO:ccdag_utils.py:runtime_stat:{"task_name": "score1a", "event": "queue_start_process", "filename": "lccenc1_score1a_0#47352231-0#18786361-0#19644358-0#99622015-0#90581383-0#71472802jobid2.csv", "unix_time": 1620672253.0208638}
['fireengine21.JPEG', 'fireengine22.JPEG', 'fireengine23.JPEG', 'fireengine24.JPEG', 'fireengine25.JPEG', 'fireengine26.JPEG', 'fireengine27.JPEG', 'fireengine28.JPEG', 'fireengine29.JPEG', 'fireengine30.JPEG']
INFO:ccdag_utils.py:runtime_stat:{"task_name": "score1a", "event": "queue_end_process", "filename": "score1a_preagg1_2jobth0#47352231-0#18786361-0#19644358-0#99622015-0#90581383-0#71472802", "unix_time": 1620672264.8511198}
INFO:circe.py:runtime_stat:{"task_name": "circe", "event": "new_output_file", "filename": "score1a_preagg1_2jobth0#47352231-0#18786361-0#19644358-0#99622015-0#90581383-0#71472802", "unix_time": 1620672264.8528903}
DEBUG:transfer.py:sshpass -p PASSWORD scp -P 5000 -o StrictHostKeyChecking=no /jupiter/circe_output/score1a_preagg1_2jobth0#47352231-0#18786361-0#19644358-0#99622015-0#90581383-0#71472802 root@10.103.159.148:/jupiter/circe_input/
DEBUG:transfer.py:transfer successful!
INFO:circe.py:runtime_stat:{"task_name": "circe", "event": "new_input_file", "filename": "lccenc1_score1a_0#39069717-0#48707859-0#23946882-0#21008949-0#81810616-0#45805096jobid3.csv", "unix_time": 1620672278.0289543}
INFO:ccdag_utils.py:runtime_stat:{"task_name": "score1a", "event": "queue_start_process", "filename": "lccenc1_score1a_0#39069717-0#48707859-0#23946882-0#21008949-0#81810616-0#45805096jobid3.csv", "unix_time": 1620672278.86628}
['fireengine21.JPEG', 'fireengine22.JPEG', 'fireengine23.JPEG', 'fireengine24.JPEG', 'fireengine25.JPEG', 'fireengine26.JPEG', 'fireengine27.JPEG', 'fireengine28.JPEG', 'fireengine29.JPEG', 'fireengine30.JPEG']
INFO:circe.py:runtime_stat:{"task_name": "circe", "event": "new_output_file", "filename": "score1a_preagg1_3jobth0#39069717-0#48707859-0#23946882-0#21008949-0#81810616-0#45805096", "unix_time": 1620672290.6570003}
DEBUG:transfer.py:sshpass -p PASSWORD scp -P 5000 -o StrictHostKeyChecking=no /jupiter/circe_output/score1a_preagg1_3jobth0#39069717-0#48707859-0#23946882-0#21008949-0#81810616-0#45805096 root@10.103.159.148:/jupiter/circe_input/
INFO:ccdag_utils.py:runtime_stat:{"task_name": "score1a", "event": "queue_end_process", "filename": "score1a_preagg1_3jobth0#39069717-0#48707859-0#23946882-0#21008949-0#81810616-0#45805096", "unix_time": 1620672290.6627407}
DEBUG:transfer.py:transfer successful!
INFO:circe.py:runtime_stat:{"task_name": "circe", "event": "new_input_file", "filename": "lccenc1_score1a_0#56859904-0#27937603-0#40024760-0#30606378-1#91295054-1#15720744jobid4.csv", "unix_time": 1620672449.4373848}
INFO:ccdag_utils.py:runtime_stat:{"task_name": "score1a", "event": "queue_start_process", "filename": "lccenc1_score1a_0#56859904-0#27937603-0#40024760-0#30606378-1#91295054-1#15720744jobid4.csv", "unix_time": 1620672449.8275146}
['fireengine21.JPEG', 'fireengine22.JPEG', 'fireengine23.JPEG', 'fireengine24.JPEG', 'fireengine25.JPEG', 'fireengine26.JPEG', 'fireengine27.JPEG', 'fireengine28.JPEG', 'fireengine29.JPEG', 'fireengine30.JPEG']
INFO:circe.py:runtime_stat:{"task_name": "circe", "event": "new_output_file", "filename": "score1a_preagg1_4jobth0#56859904-0#27937603-0#40024760-0#30606378-1#91295054-1#15720744", "unix_time": 1620672461.5426192}
DEBUG:transfer.py:sshpass -p PASSWORD scp -P 5000 -o StrictHostKeyChecking=no /jupiter/circe_output/score1a_preagg1_4jobth0#56859904-0#27937603-0#40024760-0#30606378-1#91295054-1#15720744 root@10.103.159.148:/jupiter/circe_input/
INFO:ccdag_utils.py:runtime_stat:{"task_name": "score1a", "event": "queue_end_process", "filename": "score1a_preagg1_4jobth0#56859904-0#27937603-0#40024760-0#30606378-1#91295054-1#15720744", "unix_time": 1620672461.5505278}
DEBUG:transfer.py:transfer successful!
