 * Starting OpenBSD Secure Shell server sshd
   ...done.
INFO:circe.py:Using base script preagg.py
DEBUG:circe.py:starting the input monitoring process
DEBUG:circe.py:starting the output monitoring process
7
INFO:circe.py:runtime_stat:{"task_name": "circe", "event": "new_input_file", "filename": "score7b_preagg7_1jobth6#58270697-6#11039780-6#87954058-6#08768797-6#76832509-6#64347803", "unix_time": 1620672283.957692}
INFO:circe.py:runtime_stat:{"task_name": "circe", "event": "new_input_file", "filename": "score7c_preagg7_1jobth6#58270697-6#11039780-6#87954058-6#08768797-6#76832509-6#64347803", "unix_time": 1620672284.060025}
INFO:ccdag_utils.py:runtime_stat:{"task_name": "preagg7", "event": "queue_start_process", "filename": "score7b_preagg7_1jobth6#58270697-6#11039780-6#87954058-6#08768797-6#76832509-6#64347803", "unix_time": 1620672284.294248}
INFO:ccdag_utils.py:runtime_stat:{"task_name": "preagg7", "event": "queue_start_process", "filename": "score7c_preagg7_1jobth6#58270697-6#11039780-6#87954058-6#08768797-6#76832509-6#64347803", "unix_time": 1620672284.3656304}
INFO:circe.py:runtime_stat:{"task_name": "circe", "event": "new_input_file", "filename": "score7a_preagg7_1jobth6#58270697-6#11039780-6#87954058-6#08768797-6#76832509-6#64347803", "unix_time": 1620672291.9000444}
INFO:ccdag_utils.py:runtime_stat:{"task_name": "preagg7", "event": "queue_start_process", "filename": "score7a_preagg7_1jobth6#58270697-6#11039780-6#87954058-6#08768797-6#76832509-6#64347803", "unix_time": 1620672292.4326308}
preagg7_lccdec7_1jobthscore7a6#58270697-6#11039780-6#87954058-6#08768797-6#76832509-6#64347803
INFO:circe.py:runtime_stat:{"task_name": "circe", "event": "new_output_file", "filename": "preagg7_lccdec7_1jobthscore7a6#58270697-6#11039780-6#87954058-6#08768797-6#76832509-6#64347803", "unix_time": 1620672292.4970584}
DEBUG:transfer.py:sshpass -p PASSWORD scp -P 5000 -o StrictHostKeyChecking=no /jupiter/circe_output/preagg7_lccdec7_1jobthscore7a6#58270697-6#11039780-6#87954058-6#08768797-6#76832509-6#64347803 root@10.106.64.43:/jupiter/circe_input/
INFO:ccdag_utils.py:runtime_stat:{"task_name": "preagg7", "event": "queue_end_process", "filename": "preagg7_lccdec7_1jobthscore7a6#58270697-6#11039780-6#87954058-6#08768797-6#76832509-6#64347803", "unix_time": 1620672292.5024898}
preagg7_lccdec7_1jobthscore7b6#58270697-6#11039780-6#87954058-6#08768797-6#76832509-6#64347803
INFO:ccdag_utils.py:runtime_stat:{"task_name": "preagg7", "event": "queue_end_process", "filename": "preagg7_lccdec7_1jobthscore7b6#58270697-6#11039780-6#87954058-6#08768797-6#76832509-6#64347803", "unix_time": 1620672292.5080988}
preagg7_lccdec7_1jobthscore7c6#58270697-6#11039780-6#87954058-6#08768797-6#76832509-6#64347803
INFO:ccdag_utils.py:runtime_stat:{"task_name": "preagg7", "event": "queue_end_process", "filename": "preagg7_lccdec7_1jobthscore7c6#58270697-6#11039780-6#87954058-6#08768797-6#76832509-6#64347803", "unix_time": 1620672292.5125163}
Warning: Permanently added '[10.106.64.43]:5000' (ECDSA) to the list of known hosts.
DEBUG:transfer.py:transfer successful!
INFO:circe.py:runtime_stat:{"task_name": "circe", "event": "new_output_file", "filename": "preagg7_lccdec7_1jobthscore7b6#58270697-6#11039780-6#87954058-6#08768797-6#76832509-6#64347803", "unix_time": 1620672292.7024322}
DEBUG:transfer.py:sshpass -p PASSWORD scp -P 5000 -o StrictHostKeyChecking=no /jupiter/circe_output/preagg7_lccdec7_1jobthscore7b6#58270697-6#11039780-6#87954058-6#08768797-6#76832509-6#64347803 root@10.106.64.43:/jupiter/circe_input/
DEBUG:transfer.py:transfer successful!
INFO:circe.py:runtime_stat:{"task_name": "circe", "event": "new_output_file", "filename": "preagg7_lccdec7_1jobthscore7c6#58270697-6#11039780-6#87954058-6#08768797-6#76832509-6#64347803", "unix_time": 1620672292.9041557}
DEBUG:transfer.py:sshpass -p PASSWORD scp -P 5000 -o StrictHostKeyChecking=no /jupiter/circe_output/preagg7_lccdec7_1jobthscore7c6#58270697-6#11039780-6#87954058-6#08768797-6#76832509-6#64347803 root@10.106.64.43:/jupiter/circe_input/
DEBUG:transfer.py:transfer successful!
INFO:circe.py:runtime_stat:{"task_name": "circe", "event": "new_input_file", "filename": "score7b_preagg7_2jobth6#19079027-6#84454990-6#98530903-6#91114390-6#40780303-6#73700456", "unix_time": 1620672305.4211593}
INFO:ccdag_utils.py:runtime_stat:{"task_name": "preagg7", "event": "queue_start_process", "filename": "score7b_preagg7_2jobth6#19079027-6#84454990-6#98530903-6#91114390-6#40780303-6#73700456", "unix_time": 1620672305.5265584}
INFO:circe.py:runtime_stat:{"task_name": "circe", "event": "new_input_file", "filename": "score7c_preagg7_2jobth6#19079027-6#84454990-6#98530903-6#91114390-6#40780303-6#73700456", "unix_time": 1620672306.5441403}
INFO:ccdag_utils.py:runtime_stat:{"task_name": "preagg7", "event": "queue_start_process", "filename": "score7c_preagg7_2jobth6#19079027-6#84454990-6#98530903-6#91114390-6#40780303-6#73700456", "unix_time": 1620672306.592681}
INFO:circe.py:runtime_stat:{"task_name": "circe", "event": "new_input_file", "filename": "score7a_preagg7_2jobth6#19079027-6#84454990-6#98530903-6#91114390-6#40780303-6#73700456", "unix_time": 1620672315.4279199}
INFO:ccdag_utils.py:runtime_stat:{"task_name": "preagg7", "event": "queue_start_process", "filename": "score7a_preagg7_2jobth6#19079027-6#84454990-6#98530903-6#91114390-6#40780303-6#73700456", "unix_time": 1620672315.662242}
preagg7_lccdec7_2jobthscore7a6#19079027-6#84454990-6#98530903-6#91114390-6#40780303-6#73700456
INFO:circe.py:runtime_stat:{"task_name": "circe", "event": "new_output_file", "filename": "preagg7_lccdec7_2jobthscore7a6#19079027-6#84454990-6#98530903-6#91114390-6#40780303-6#73700456", "unix_time": 1620672315.728758}
DEBUG:transfer.py:sshpass -p PASSWORD scp -P 5000 -o StrictHostKeyChecking=no /jupiter/circe_output/preagg7_lccdec7_2jobthscore7a6#19079027-6#84454990-6#98530903-6#91114390-6#40780303-6#73700456 root@10.106.64.43:/jupiter/circe_input/
INFO:ccdag_utils.py:runtime_stat:{"task_name": "preagg7", "event": "queue_end_process", "filename": "preagg7_lccdec7_2jobthscore7a6#19079027-6#84454990-6#98530903-6#91114390-6#40780303-6#73700456", "unix_time": 1620672315.7301548}
preagg7_lccdec7_2jobthscore7b6#19079027-6#84454990-6#98530903-6#91114390-6#40780303-6#73700456
INFO:ccdag_utils.py:runtime_stat:{"task_name": "preagg7", "event": "queue_end_process", "filename": "preagg7_lccdec7_2jobthscore7b6#19079027-6#84454990-6#98530903-6#91114390-6#40780303-6#73700456", "unix_time": 1620672315.740994}
preagg7_lccdec7_2jobthscore7c6#19079027-6#84454990-6#98530903-6#91114390-6#40780303-6#73700456
INFO:ccdag_utils.py:runtime_stat:{"task_name": "preagg7", "event": "queue_end_process", "filename": "preagg7_lccdec7_2jobthscore7c6#19079027-6#84454990-6#98530903-6#91114390-6#40780303-6#73700456", "unix_time": 1620672315.7461746}
INFO:circe.py:runtime_stat:{"task_name": "circe", "event": "new_input_file", "filename": "score7b_preagg7_3jobth6#70398358-6#53557576-6#34531559-6#88870218-6#46523787-6#04097588", "unix_time": 1620672315.8816988}
DEBUG:transfer.py:transfer successful!
INFO:circe.py:runtime_stat:{"task_name": "circe", "event": "new_output_file", "filename": "preagg7_lccdec7_2jobthscore7b6#19079027-6#84454990-6#98530903-6#91114390-6#40780303-6#73700456", "unix_time": 1620672315.9464324}
DEBUG:transfer.py:sshpass -p PASSWORD scp -P 5000 -o StrictHostKeyChecking=no /jupiter/circe_output/preagg7_lccdec7_2jobthscore7b6#19079027-6#84454990-6#98530903-6#91114390-6#40780303-6#73700456 root@10.106.64.43:/jupiter/circe_input/
DEBUG:transfer.py:transfer successful!
INFO:circe.py:runtime_stat:{"task_name": "circe", "event": "new_output_file", "filename": "preagg7_lccdec7_2jobthscore7c6#19079027-6#84454990-6#98530903-6#91114390-6#40780303-6#73700456", "unix_time": 1620672316.1915646}
DEBUG:transfer.py:sshpass -p PASSWORD scp -P 5000 -o StrictHostKeyChecking=no /jupiter/circe_output/preagg7_lccdec7_2jobthscore7c6#19079027-6#84454990-6#98530903-6#91114390-6#40780303-6#73700456 root@10.106.64.43:/jupiter/circe_input/
DEBUG:transfer.py:transfer successful!
INFO:ccdag_utils.py:runtime_stat:{"task_name": "preagg7", "event": "queue_start_process", "filename": "score7b_preagg7_3jobth6#70398358-6#53557576-6#34531559-6#88870218-6#46523787-6#04097588", "unix_time": 1620672316.7471828}
INFO:circe.py:runtime_stat:{"task_name": "circe", "event": "new_input_file", "filename": "score7c_preagg7_3jobth6#70398358-6#53557576-6#34531559-6#88870218-6#46523787-6#04097588", "unix_time": 1620672317.0487432}
INFO:ccdag_utils.py:runtime_stat:{"task_name": "preagg7", "event": "queue_start_process", "filename": "score7c_preagg7_3jobth6#70398358-6#53557576-6#34531559-6#88870218-6#46523787-6#04097588", "unix_time": 1620672317.8084931}
INFO:circe.py:runtime_stat:{"task_name": "circe", "event": "new_input_file", "filename": "score7a_preagg7_3jobth6#70398358-6#53557576-6#34531559-6#88870218-6#46523787-6#04097588", "unix_time": 1620672326.8692458}
INFO:ccdag_utils.py:runtime_stat:{"task_name": "preagg7", "event": "queue_start_process", "filename": "score7a_preagg7_3jobth6#70398358-6#53557576-6#34531559-6#88870218-6#46523787-6#04097588", "unix_time": 1620672326.8791454}
preagg7_lccdec7_3jobthscore7a6#70398358-6#53557576-6#34531559-6#88870218-6#46523787-6#04097588
INFO:circe.py:runtime_stat:{"task_name": "circe", "event": "new_output_file", "filename": "preagg7_lccdec7_3jobthscore7a6#70398358-6#53557576-6#34531559-6#88870218-6#46523787-6#04097588", "unix_time": 1620672326.9497652}
DEBUG:transfer.py:sshpass -p PASSWORD scp -P 5000 -o StrictHostKeyChecking=no /jupiter/circe_output/preagg7_lccdec7_3jobthscore7a6#70398358-6#53557576-6#34531559-6#88870218-6#46523787-6#04097588 root@10.106.64.43:/jupiter/circe_input/
INFO:ccdag_utils.py:runtime_stat:{"task_name": "preagg7", "event": "queue_end_process", "filename": "preagg7_lccdec7_3jobthscore7a6#70398358-6#53557576-6#34531559-6#88870218-6#46523787-6#04097588", "unix_time": 1620672326.9555428}
preagg7_lccdec7_3jobthscore7b6#70398358-6#53557576-6#34531559-6#88870218-6#46523787-6#04097588
INFO:ccdag_utils.py:runtime_stat:{"task_name": "preagg7", "event": "queue_end_process", "filename": "preagg7_lccdec7_3jobthscore7b6#70398358-6#53557576-6#34531559-6#88870218-6#46523787-6#04097588", "unix_time": 1620672326.9618015}
preagg7_lccdec7_3jobthscore7c6#70398358-6#53557576-6#34531559-6#88870218-6#46523787-6#04097588
INFO:ccdag_utils.py:runtime_stat:{"task_name": "preagg7", "event": "queue_end_process", "filename": "preagg7_lccdec7_3jobthscore7c6#70398358-6#53557576-6#34531559-6#88870218-6#46523787-6#04097588", "unix_time": 1620672326.9662137}
DEBUG:transfer.py:transfer successful!
INFO:circe.py:runtime_stat:{"task_name": "circe", "event": "new_output_file", "filename": "preagg7_lccdec7_3jobthscore7b6#70398358-6#53557576-6#34531559-6#88870218-6#46523787-6#04097588", "unix_time": 1620672327.2139263}
DEBUG:transfer.py:sshpass -p PASSWORD scp -P 5000 -o StrictHostKeyChecking=no /jupiter/circe_output/preagg7_lccdec7_3jobthscore7b6#70398358-6#53557576-6#34531559-6#88870218-6#46523787-6#04097588 root@10.106.64.43:/jupiter/circe_input/
DEBUG:transfer.py:transfer successful!
INFO:circe.py:runtime_stat:{"task_name": "circe", "event": "new_output_file", "filename": "preagg7_lccdec7_3jobthscore7c6#70398358-6#53557576-6#34531559-6#88870218-6#46523787-6#04097588", "unix_time": 1620672327.4297366}
DEBUG:transfer.py:sshpass -p PASSWORD scp -P 5000 -o StrictHostKeyChecking=no /jupiter/circe_output/preagg7_lccdec7_3jobthscore7c6#70398358-6#53557576-6#34531559-6#88870218-6#46523787-6#04097588 root@10.106.64.43:/jupiter/circe_input/
DEBUG:transfer.py:transfer successful!
INFO:circe.py:runtime_stat:{"task_name": "circe", "event": "new_input_file", "filename": "score7b_preagg7_4jobth6#12822663-6#12940806-6#69248413-6#06412963-6#53363911-6#85909588", "unix_time": 1620672373.4741302}
INFO:ccdag_utils.py:runtime_stat:{"task_name": "preagg7", "event": "queue_start_process", "filename": "score7b_preagg7_4jobth6#12822663-6#12940806-6#69248413-6#06412963-6#53363911-6#85909588", "unix_time": 1620672374.0151277}
INFO:circe.py:runtime_stat:{"task_name": "circe", "event": "new_input_file", "filename": "score7c_preagg7_4jobth6#12822663-6#12940806-6#69248413-6#06412963-6#53363911-6#85909588", "unix_time": 1620672374.6184354}
INFO:ccdag_utils.py:runtime_stat:{"task_name": "preagg7", "event": "queue_start_process", "filename": "score7c_preagg7_4jobth6#12822663-6#12940806-6#69248413-6#06412963-6#53363911-6#85909588", "unix_time": 1620672375.0791183}
INFO:circe.py:runtime_stat:{"task_name": "circe", "event": "new_input_file", "filename": "score7a_preagg7_4jobth6#12822663-6#12940806-6#69248413-6#06412963-6#53363911-6#85909588", "unix_time": 1620672382.4318316}
INFO:ccdag_utils.py:runtime_stat:{"task_name": "preagg7", "event": "queue_start_process", "filename": "score7a_preagg7_4jobth6#12822663-6#12940806-6#69248413-6#06412963-6#53363911-6#85909588", "unix_time": 1620672383.1523364}
preagg7_lccdec7_4jobthscore7a6#12822663-6#12940806-6#69248413-6#06412963-6#53363911-6#85909588
INFO:circe.py:runtime_stat:{"task_name": "circe", "event": "new_output_file", "filename": "preagg7_lccdec7_4jobthscore7a6#12822663-6#12940806-6#69248413-6#06412963-6#53363911-6#85909588", "unix_time": 1620672383.2186828}
DEBUG:transfer.py:sshpass -p PASSWORD scp -P 5000 -o StrictHostKeyChecking=no /jupiter/circe_output/preagg7_lccdec7_4jobthscore7a6#12822663-6#12940806-6#69248413-6#06412963-6#53363911-6#85909588 root@10.106.64.43:/jupiter/circe_input/
INFO:ccdag_utils.py:runtime_stat:{"task_name": "preagg7", "event": "queue_end_process", "filename": "preagg7_lccdec7_4jobthscore7a6#12822663-6#12940806-6#69248413-6#06412963-6#53363911-6#85909588", "unix_time": 1620672383.2249622}
preagg7_lccdec7_4jobthscore7b6#12822663-6#12940806-6#69248413-6#06412963-6#53363911-6#85909588
INFO:ccdag_utils.py:runtime_stat:{"task_name": "preagg7", "event": "queue_end_process", "filename": "preagg7_lccdec7_4jobthscore7b6#12822663-6#12940806-6#69248413-6#06412963-6#53363911-6#85909588", "unix_time": 1620672383.230663}
preagg7_lccdec7_4jobthscore7c6#12822663-6#12940806-6#69248413-6#06412963-6#53363911-6#85909588
INFO:ccdag_utils.py:runtime_stat:{"task_name": "preagg7", "event": "queue_end_process", "filename": "preagg7_lccdec7_4jobthscore7c6#12822663-6#12940806-6#69248413-6#06412963-6#53363911-6#85909588", "unix_time": 1620672383.234679}
DEBUG:transfer.py:transfer successful!
INFO:circe.py:runtime_stat:{"task_name": "circe", "event": "new_output_file", "filename": "preagg7_lccdec7_4jobthscore7b6#12822663-6#12940806-6#69248413-6#06412963-6#53363911-6#85909588", "unix_time": 1620672383.4315462}
DEBUG:transfer.py:sshpass -p PASSWORD scp -P 5000 -o StrictHostKeyChecking=no /jupiter/circe_output/preagg7_lccdec7_4jobthscore7b6#12822663-6#12940806-6#69248413-6#06412963-6#53363911-6#85909588 root@10.106.64.43:/jupiter/circe_input/
DEBUG:transfer.py:transfer successful!
INFO:circe.py:runtime_stat:{"task_name": "circe", "event": "new_output_file", "filename": "preagg7_lccdec7_4jobthscore7c6#12822663-6#12940806-6#69248413-6#06412963-6#53363911-6#85909588", "unix_time": 1620672383.642571}
DEBUG:transfer.py:sshpass -p PASSWORD scp -P 5000 -o StrictHostKeyChecking=no /jupiter/circe_output/preagg7_lccdec7_4jobthscore7c6#12822663-6#12940806-6#69248413-6#06412963-6#53363911-6#85909588 root@10.106.64.43:/jupiter/circe_input/
DEBUG:transfer.py:transfer successful!
INFO:circe.py:runtime_stat:{"task_name": "circe", "event": "new_input_file", "filename": "score7b_preagg7_5jobth6#23962114-6#38301064-6#98718054-6#76854743-6#40733590-6#69692307", "unix_time": 1620672385.9735575}
INFO:circe.py:runtime_stat:{"task_name": "circe", "event": "new_input_file", "filename": "score7c_preagg7_5jobth6#23962114-6#38301064-6#98718054-6#76854743-6#40733590-6#69692307", "unix_time": 1620672386.1352243}
INFO:ccdag_utils.py:runtime_stat:{"task_name": "preagg7", "event": "queue_start_process", "filename": "score7b_preagg7_5jobth6#23962114-6#38301064-6#98718054-6#76854743-6#40733590-6#69692307", "unix_time": 1620672386.2379575}
INFO:ccdag_utils.py:runtime_stat:{"task_name": "preagg7", "event": "queue_start_process", "filename": "score7c_preagg7_5jobth6#23962114-6#38301064-6#98718054-6#76854743-6#40733590-6#69692307", "unix_time": 1620672386.2991583}
INFO:circe.py:runtime_stat:{"task_name": "circe", "event": "new_input_file", "filename": "score7a_preagg7_5jobth6#23962114-6#38301064-6#98718054-6#76854743-6#40733590-6#69692307", "unix_time": 1620672394.9037988}
INFO:ccdag_utils.py:runtime_stat:{"task_name": "preagg7", "event": "queue_start_process", "filename": "score7a_preagg7_5jobth6#23962114-6#38301064-6#98718054-6#76854743-6#40733590-6#69692307", "unix_time": 1620672395.3653343}
preagg7_lccdec7_5jobthscore7a6#23962114-6#38301064-6#98718054-6#76854743-6#40733590-6#69692307
INFO:circe.py:runtime_stat:{"task_name": "circe", "event": "new_output_file", "filename": "preagg7_lccdec7_5jobthscore7a6#23962114-6#38301064-6#98718054-6#76854743-6#40733590-6#69692307", "unix_time": 1620672395.4296582}
DEBUG:transfer.py:sshpass -p PASSWORD scp -P 5000 -o StrictHostKeyChecking=no /jupiter/circe_output/preagg7_lccdec7_5jobthscore7a6#23962114-6#38301064-6#98718054-6#76854743-6#40733590-6#69692307 root@10.106.64.43:/jupiter/circe_input/
INFO:ccdag_utils.py:runtime_stat:{"task_name": "preagg7", "event": "queue_end_process", "filename": "preagg7_lccdec7_5jobthscore7a6#23962114-6#38301064-6#98718054-6#76854743-6#40733590-6#69692307", "unix_time": 1620672395.4361348}
preagg7_lccdec7_5jobthscore7b6#23962114-6#38301064-6#98718054-6#76854743-6#40733590-6#69692307
INFO:ccdag_utils.py:runtime_stat:{"task_name": "preagg7", "event": "queue_end_process", "filename": "preagg7_lccdec7_5jobthscore7b6#23962114-6#38301064-6#98718054-6#76854743-6#40733590-6#69692307", "unix_time": 1620672395.4422758}
preagg7_lccdec7_5jobthscore7c6#23962114-6#38301064-6#98718054-6#76854743-6#40733590-6#69692307
INFO:ccdag_utils.py:runtime_stat:{"task_name": "preagg7", "event": "queue_end_process", "filename": "preagg7_lccdec7_5jobthscore7c6#23962114-6#38301064-6#98718054-6#76854743-6#40733590-6#69692307", "unix_time": 1620672395.446572}
DEBUG:transfer.py:transfer successful!
INFO:circe.py:runtime_stat:{"task_name": "circe", "event": "new_output_file", "filename": "preagg7_lccdec7_5jobthscore7b6#23962114-6#38301064-6#98718054-6#76854743-6#40733590-6#69692307", "unix_time": 1620672395.6420882}
DEBUG:transfer.py:sshpass -p PASSWORD scp -P 5000 -o StrictHostKeyChecking=no /jupiter/circe_output/preagg7_lccdec7_5jobthscore7b6#23962114-6#38301064-6#98718054-6#76854743-6#40733590-6#69692307 root@10.106.64.43:/jupiter/circe_input/
DEBUG:transfer.py:transfer successful!
INFO:circe.py:runtime_stat:{"task_name": "circe", "event": "new_output_file", "filename": "preagg7_lccdec7_5jobthscore7c6#23962114-6#38301064-6#98718054-6#76854743-6#40733590-6#69692307", "unix_time": 1620672395.8614948}
DEBUG:transfer.py:sshpass -p PASSWORD scp -P 5000 -o StrictHostKeyChecking=no /jupiter/circe_output/preagg7_lccdec7_5jobthscore7c6#23962114-6#38301064-6#98718054-6#76854743-6#40733590-6#69692307 root@10.106.64.43:/jupiter/circe_input/
DEBUG:transfer.py:transfer successful!
INFO:circe.py:runtime_stat:{"task_name": "circe", "event": "new_input_file", "filename": "score7b_preagg7_6jobth6#50316159-6#60735355-6#01350076-6#28819889-6#33574694-6#74420006", "unix_time": 1620672408.4402363}
INFO:ccdag_utils.py:runtime_stat:{"task_name": "preagg7", "event": "queue_start_process", "filename": "score7b_preagg7_6jobth6#50316159-6#60735355-6#01350076-6#28819889-6#33574694-6#74420006", "unix_time": 1620672408.4618587}
INFO:circe.py:runtime_stat:{"task_name": "circe", "event": "new_input_file", "filename": "score7c_preagg7_6jobth6#50316159-6#60735355-6#01350076-6#28819889-6#33574694-6#74420006", "unix_time": 1620672408.650849}
INFO:ccdag_utils.py:runtime_stat:{"task_name": "preagg7", "event": "queue_start_process", "filename": "score7c_preagg7_6jobth6#50316159-6#60735355-6#01350076-6#28819889-6#33574694-6#74420006", "unix_time": 1620672409.5280619}
INFO:circe.py:runtime_stat:{"task_name": "circe", "event": "new_input_file", "filename": "score7a_preagg7_6jobth6#50316159-6#60735355-6#01350076-6#28819889-6#33574694-6#74420006", "unix_time": 1620672416.3429093}
INFO:ccdag_utils.py:runtime_stat:{"task_name": "preagg7", "event": "queue_start_process", "filename": "score7a_preagg7_6jobth6#50316159-6#60735355-6#01350076-6#28819889-6#33574694-6#74420006", "unix_time": 1620672416.5938783}
preagg7_lccdec7_6jobthscore7a6#50316159-6#60735355-6#01350076-6#28819889-6#33574694-6#74420006
INFO:circe.py:runtime_stat:{"task_name": "circe", "event": "new_output_file", "filename": "preagg7_lccdec7_6jobthscore7a6#50316159-6#60735355-6#01350076-6#28819889-6#33574694-6#74420006", "unix_time": 1620672416.6640804}
DEBUG:transfer.py:sshpass -p PASSWORD scp -P 5000 -o StrictHostKeyChecking=no /jupiter/circe_output/preagg7_lccdec7_6jobthscore7a6#50316159-6#60735355-6#01350076-6#28819889-6#33574694-6#74420006 root@10.106.64.43:/jupiter/circe_input/
INFO:ccdag_utils.py:runtime_stat:{"task_name": "preagg7", "event": "queue_end_process", "filename": "preagg7_lccdec7_6jobthscore7a6#50316159-6#60735355-6#01350076-6#28819889-6#33574694-6#74420006", "unix_time": 1620672416.6689107}
preagg7_lccdec7_6jobthscore7b6#50316159-6#60735355-6#01350076-6#28819889-6#33574694-6#74420006
INFO:ccdag_utils.py:runtime_stat:{"task_name": "preagg7", "event": "queue_end_process", "filename": "preagg7_lccdec7_6jobthscore7b6#50316159-6#60735355-6#01350076-6#28819889-6#33574694-6#74420006", "unix_time": 1620672416.6759927}
preagg7_lccdec7_6jobthscore7c6#50316159-6#60735355-6#01350076-6#28819889-6#33574694-6#74420006
INFO:ccdag_utils.py:runtime_stat:{"task_name": "preagg7", "event": "queue_end_process", "filename": "preagg7_lccdec7_6jobthscore7c6#50316159-6#60735355-6#01350076-6#28819889-6#33574694-6#74420006", "unix_time": 1620672416.6801736}
DEBUG:transfer.py:transfer successful!
INFO:circe.py:runtime_stat:{"task_name": "circe", "event": "new_output_file", "filename": "preagg7_lccdec7_6jobthscore7b6#50316159-6#60735355-6#01350076-6#28819889-6#33574694-6#74420006", "unix_time": 1620672416.882605}
DEBUG:transfer.py:sshpass -p PASSWORD scp -P 5000 -o StrictHostKeyChecking=no /jupiter/circe_output/preagg7_lccdec7_6jobthscore7b6#50316159-6#60735355-6#01350076-6#28819889-6#33574694-6#74420006 root@10.106.64.43:/jupiter/circe_input/
DEBUG:transfer.py:transfer successful!
INFO:circe.py:runtime_stat:{"task_name": "circe", "event": "new_output_file", "filename": "preagg7_lccdec7_6jobthscore7c6#50316159-6#60735355-6#01350076-6#28819889-6#33574694-6#74420006", "unix_time": 1620672417.100461}
DEBUG:transfer.py:sshpass -p PASSWORD scp -P 5000 -o StrictHostKeyChecking=no /jupiter/circe_output/preagg7_lccdec7_6jobthscore7c6#50316159-6#60735355-6#01350076-6#28819889-6#33574694-6#74420006 root@10.106.64.43:/jupiter/circe_input/
DEBUG:transfer.py:transfer successful!
