 * Starting OpenBSD Secure Shell server sshd
   ...done.
INFO:circe.py:Using base script score.py
DEBUG:circe.py:starting the input monitoring process
DEBUG:circe.py:starting the output monitoring process
INFO:circe.py:runtime_stat:{"task_name": "circe", "event": "new_input_file", "filename": "lccenc2_score2c_1#94670561-1#93177806-1#35098750-1#56313974-1#96069334-1#63853342jobid1.csv", "unix_time": 1620672472.076279}
INFO:ccdag_utils.py:runtime_stat:{"task_name": "score2c", "event": "queue_start_process", "filename": "lccenc2_score2c_1#94670561-1#93177806-1#35098750-1#56313974-1#96069334-1#63853342jobid1.csv", "unix_time": 1620672472.6454895}
['schoolbus21.JPEG', 'schoolbus22.JPEG', 'schoolbus23.JPEG', 'schoolbus24.JPEG', 'schoolbus25.JPEG', 'schoolbus26.JPEG', 'schoolbus27.JPEG', 'schoolbus28.JPEG', 'schoolbus29.JPEG', 'schoolbus30.JPEG']
INFO:circe.py:runtime_stat:{"task_name": "circe", "event": "new_output_file", "filename": "score2c_preagg2_1jobth1#94670561-1#93177806-1#35098750-1#56313974-1#96069334-1#63853342", "unix_time": 1620672474.294085}
DEBUG:transfer.py:sshpass -p PASSWORD scp -P 5000 -o StrictHostKeyChecking=no /jupiter/circe_output/score2c_preagg2_1jobth1#94670561-1#93177806-1#35098750-1#56313974-1#96069334-1#63853342 root@10.103.99.0:/jupiter/circe_input/
INFO:ccdag_utils.py:runtime_stat:{"task_name": "score2c", "event": "queue_end_process", "filename": "score2c_preagg2_1jobth1#94670561-1#93177806-1#35098750-1#56313974-1#96069334-1#63853342", "unix_time": 1620672474.30187}
Warning: Permanently added '[10.103.99.0]:5000' (ECDSA) to the list of known hosts.
DEBUG:transfer.py:transfer successful!
INFO:circe.py:runtime_stat:{"task_name": "circe", "event": "new_input_file", "filename": "lccenc2_score2c_1#34317489-1#42782401-1#85675712-1#97061098-1#86403042-1#87475761jobid2.csv", "unix_time": 1620672495.3986816}
INFO:ccdag_utils.py:runtime_stat:{"task_name": "score2c", "event": "queue_start_process", "filename": "lccenc2_score2c_1#34317489-1#42782401-1#85675712-1#97061098-1#86403042-1#87475761jobid2.csv", "unix_time": 1620672496.326374}
['schoolbus21.JPEG', 'schoolbus22.JPEG', 'schoolbus23.JPEG', 'schoolbus24.JPEG', 'schoolbus25.JPEG', 'schoolbus26.JPEG', 'schoolbus27.JPEG', 'schoolbus28.JPEG', 'schoolbus29.JPEG', 'schoolbus30.JPEG']
INFO:circe.py:runtime_stat:{"task_name": "circe", "event": "new_output_file", "filename": "score2c_preagg2_2jobth1#34317489-1#42782401-1#85675712-1#97061098-1#86403042-1#87475761", "unix_time": 1620672497.7909024}
DEBUG:transfer.py:sshpass -p PASSWORD scp -P 5000 -o StrictHostKeyChecking=no /jupiter/circe_output/score2c_preagg2_2jobth1#34317489-1#42782401-1#85675712-1#97061098-1#86403042-1#87475761 root@10.103.99.0:/jupiter/circe_input/
INFO:ccdag_utils.py:runtime_stat:{"task_name": "score2c", "event": "queue_end_process", "filename": "score2c_preagg2_2jobth1#34317489-1#42782401-1#85675712-1#97061098-1#86403042-1#87475761", "unix_time": 1620672497.7971158}
DEBUG:transfer.py:transfer successful!
INFO:circe.py:runtime_stat:{"task_name": "circe", "event": "new_input_file", "filename": "lccenc2_score2c_1#52739761-1#54784071-1#64233943-1#56864845-1#37663933-1#32324721jobid3.csv", "unix_time": 1620672552.7975523}
INFO:ccdag_utils.py:runtime_stat:{"task_name": "score2c", "event": "queue_start_process", "filename": "lccenc2_score2c_1#52739761-1#54784071-1#64233943-1#56864845-1#37663933-1#32324721jobid3.csv", "unix_time": 1620672552.8628883}
['schoolbus21.JPEG', 'schoolbus22.JPEG', 'schoolbus23.JPEG', 'schoolbus24.JPEG', 'schoolbus25.JPEG', 'schoolbus26.JPEG', 'schoolbus27.JPEG', 'schoolbus28.JPEG', 'schoolbus29.JPEG', 'schoolbus30.JPEG']
INFO:circe.py:runtime_stat:{"task_name": "circe", "event": "new_output_file", "filename": "score2c_preagg2_3jobth1#52739761-1#54784071-1#64233943-1#56864845-1#37663933-1#32324721", "unix_time": 1620672554.3413033}
DEBUG:transfer.py:sshpass -p PASSWORD scp -P 5000 -o StrictHostKeyChecking=no /jupiter/circe_output/score2c_preagg2_3jobth1#52739761-1#54784071-1#64233943-1#56864845-1#37663933-1#32324721 root@10.103.99.0:/jupiter/circe_input/
INFO:ccdag_utils.py:runtime_stat:{"task_name": "score2c", "event": "queue_end_process", "filename": "score2c_preagg2_3jobth1#52739761-1#54784071-1#64233943-1#56864845-1#37663933-1#32324721", "unix_time": 1620672554.3494353}
DEBUG:transfer.py:transfer successful!
INFO:circe.py:runtime_stat:{"task_name": "circe", "event": "new_input_file", "filename": "lccenc2_score2c_1#10045329-1#17534914-1#43366066-1#01298250-1#10795394-1#94263115jobid4.csv", "unix_time": 1620672565.7954328}
INFO:ccdag_utils.py:runtime_stat:{"task_name": "score2c", "event": "queue_start_process", "filename": "lccenc2_score2c_1#10045329-1#17534914-1#43366066-1#01298250-1#10795394-1#94263115jobid4.csv", "unix_time": 1620672566.3635454}
['schoolbus21.JPEG', 'schoolbus22.JPEG', 'schoolbus23.JPEG', 'schoolbus24.JPEG', 'schoolbus25.JPEG', 'schoolbus26.JPEG', 'schoolbus27.JPEG', 'schoolbus28.JPEG', 'schoolbus29.JPEG', 'schoolbus30.JPEG']
INFO:circe.py:runtime_stat:{"task_name": "circe", "event": "new_output_file", "filename": "score2c_preagg2_4jobth1#10045329-1#17534914-1#43366066-1#01298250-1#10795394-1#94263115", "unix_time": 1620672567.8220894}
DEBUG:transfer.py:sshpass -p PASSWORD scp -P 5000 -o StrictHostKeyChecking=no /jupiter/circe_output/score2c_preagg2_4jobth1#10045329-1#17534914-1#43366066-1#01298250-1#10795394-1#94263115 root@10.103.99.0:/jupiter/circe_input/
INFO:ccdag_utils.py:runtime_stat:{"task_name": "score2c", "event": "queue_end_process", "filename": "score2c_preagg2_4jobth1#10045329-1#17534914-1#43366066-1#01298250-1#10795394-1#94263115", "unix_time": 1620672567.8232024}
DEBUG:transfer.py:transfer successful!
INFO:circe.py:runtime_stat:{"task_name": "circe", "event": "new_input_file", "filename": "lccenc2_score2c_1#55105177-1#61556199-1#69566453-1#46188852-1#83163908-1#55387723jobid5.csv", "unix_time": 1620672597.003814}
INFO:ccdag_utils.py:runtime_stat:{"task_name": "score2c", "event": "queue_start_process", "filename": "lccenc2_score2c_1#55105177-1#61556199-1#69566453-1#46188852-1#83163908-1#55387723jobid5.csv", "unix_time": 1620672597.859051}
['schoolbus21.JPEG', 'schoolbus22.JPEG', 'schoolbus23.JPEG', 'schoolbus24.JPEG', 'schoolbus25.JPEG', 'schoolbus26.JPEG', 'schoolbus27.JPEG', 'schoolbus28.JPEG', 'schoolbus29.JPEG', 'schoolbus30.JPEG']
INFO:circe.py:runtime_stat:{"task_name": "circe", "event": "new_output_file", "filename": "score2c_preagg2_5jobth1#55105177-1#61556199-1#69566453-1#46188852-1#83163908-1#55387723", "unix_time": 1620672599.366005}
DEBUG:transfer.py:sshpass -p PASSWORD scp -P 5000 -o StrictHostKeyChecking=no /jupiter/circe_output/score2c_preagg2_5jobth1#55105177-1#61556199-1#69566453-1#46188852-1#83163908-1#55387723 root@10.103.99.0:/jupiter/circe_input/
INFO:ccdag_utils.py:runtime_stat:{"task_name": "score2c", "event": "queue_end_process", "filename": "score2c_preagg2_5jobth1#55105177-1#61556199-1#69566453-1#46188852-1#83163908-1#55387723", "unix_time": 1620672599.3717608}
DEBUG:transfer.py:transfer successful!
