 * Starting OpenBSD Secure Shell server sshd
   ...done.
INFO:circe.py:Using base script preagg.py
DEBUG:circe.py:starting the input monitoring process
DEBUG:circe.py:starting the output monitoring process
5
INFO:circe.py:runtime_stat:{"task_name": "circe", "event": "new_input_file", "filename": "score5b_preagg5_1jobth4#39653970-4#15897323-4#89600835-4#14660286-4#97763573-4#90459395", "unix_time": 1620672386.2147987}
INFO:circe.py:runtime_stat:{"task_name": "circe", "event": "new_input_file", "filename": "score5c_preagg5_1jobth4#39653970-4#15897323-4#89600835-4#14660286-4#97763573-4#90459395", "unix_time": 1620672386.3273406}
INFO:ccdag_utils.py:runtime_stat:{"task_name": "preagg5", "event": "queue_start_process", "filename": "score5b_preagg5_1jobth4#39653970-4#15897323-4#89600835-4#14660286-4#97763573-4#90459395", "unix_time": 1620672386.8039773}
INFO:ccdag_utils.py:runtime_stat:{"task_name": "preagg5", "event": "queue_start_process", "filename": "score5c_preagg5_1jobth4#39653970-4#15897323-4#89600835-4#14660286-4#97763573-4#90459395", "unix_time": 1620672386.8689578}
INFO:circe.py:runtime_stat:{"task_name": "circe", "event": "new_input_file", "filename": "score5a_preagg5_1jobth4#39653970-4#15897323-4#89600835-4#14660286-4#97763573-4#90459395", "unix_time": 1620672394.3078146}
INFO:ccdag_utils.py:runtime_stat:{"task_name": "preagg5", "event": "queue_start_process", "filename": "score5a_preagg5_1jobth4#39653970-4#15897323-4#89600835-4#14660286-4#97763573-4#90459395", "unix_time": 1620672394.9378617}
preagg5_lccdec5_1jobthscore5a4#39653970-4#15897323-4#89600835-4#14660286-4#97763573-4#90459395
INFO:circe.py:runtime_stat:{"task_name": "circe", "event": "new_output_file", "filename": "preagg5_lccdec5_1jobthscore5a4#39653970-4#15897323-4#89600835-4#14660286-4#97763573-4#90459395", "unix_time": 1620672395.0058064}
DEBUG:transfer.py:sshpass -p PASSWORD scp -P 5000 -o StrictHostKeyChecking=no /jupiter/circe_output/preagg5_lccdec5_1jobthscore5a4#39653970-4#15897323-4#89600835-4#14660286-4#97763573-4#90459395 root@10.100.29.188:/jupiter/circe_input/
INFO:ccdag_utils.py:runtime_stat:{"task_name": "preagg5", "event": "queue_end_process", "filename": "preagg5_lccdec5_1jobthscore5a4#39653970-4#15897323-4#89600835-4#14660286-4#97763573-4#90459395", "unix_time": 1620672395.010686}
preagg5_lccdec5_1jobthscore5b4#39653970-4#15897323-4#89600835-4#14660286-4#97763573-4#90459395
INFO:ccdag_utils.py:runtime_stat:{"task_name": "preagg5", "event": "queue_end_process", "filename": "preagg5_lccdec5_1jobthscore5b4#39653970-4#15897323-4#89600835-4#14660286-4#97763573-4#90459395", "unix_time": 1620672395.0182412}
preagg5_lccdec5_1jobthscore5c4#39653970-4#15897323-4#89600835-4#14660286-4#97763573-4#90459395
INFO:ccdag_utils.py:runtime_stat:{"task_name": "preagg5", "event": "queue_end_process", "filename": "preagg5_lccdec5_1jobthscore5c4#39653970-4#15897323-4#89600835-4#14660286-4#97763573-4#90459395", "unix_time": 1620672395.023292}
Warning: Permanently added '[10.100.29.188]:5000' (ECDSA) to the list of known hosts.
DEBUG:transfer.py:transfer successful!
INFO:circe.py:runtime_stat:{"task_name": "circe", "event": "new_output_file", "filename": "preagg5_lccdec5_1jobthscore5b4#39653970-4#15897323-4#89600835-4#14660286-4#97763573-4#90459395", "unix_time": 1620672395.2243333}
DEBUG:transfer.py:sshpass -p PASSWORD scp -P 5000 -o StrictHostKeyChecking=no /jupiter/circe_output/preagg5_lccdec5_1jobthscore5b4#39653970-4#15897323-4#89600835-4#14660286-4#97763573-4#90459395 root@10.100.29.188:/jupiter/circe_input/
DEBUG:transfer.py:transfer successful!
INFO:circe.py:runtime_stat:{"task_name": "circe", "event": "new_output_file", "filename": "preagg5_lccdec5_1jobthscore5c4#39653970-4#15897323-4#89600835-4#14660286-4#97763573-4#90459395", "unix_time": 1620672395.451268}
DEBUG:transfer.py:sshpass -p PASSWORD scp -P 5000 -o StrictHostKeyChecking=no /jupiter/circe_output/preagg5_lccdec5_1jobthscore5c4#39653970-4#15897323-4#89600835-4#14660286-4#97763573-4#90459395 root@10.100.29.188:/jupiter/circe_input/
DEBUG:transfer.py:transfer successful!
