 * Starting OpenBSD Secure Shell server sshd
   ...done.
INFO:circe.py:Using base script lccenc.py
DEBUG:circe.py:starting the input monitoring process
DEBUG:circe.py:starting the output monitoring process
1
INFO:circe.py:runtime_stat:{"task_name": "circe", "event": "new_input_file", "filename": "storeclass1_lccenc1_39316084imgfireenginejobid0.JPEG", "unix_time": 1620672163.8793745}
INFO:circe.py:runtime_stat:{"task_name": "circe", "event": "new_input_file", "filename": "storeclass1_lccenc1_19112570imgfireenginejobid0.JPEG", "unix_time": 1620672164.1010807}
INFO:circe.py:runtime_stat:{"task_name": "circe", "event": "new_input_file", "filename": "storeclass1_lccenc1_65706923imgfireenginejobid0.JPEG", "unix_time": 1620672164.337656}
INFO:circe.py:runtime_stat:{"task_name": "circe", "event": "new_input_file", "filename": "storeclass1_lccenc1_32012109imgfireenginejobid0.JPEG", "unix_time": 1620672164.563617}
INFO:circe.py:runtime_stat:{"task_name": "circe", "event": "new_input_file", "filename": "storeclass1_lccenc1_81163499imgfireenginejobid1.JPEG", "unix_time": 1620672183.8106117}
INFO:circe.py:runtime_stat:{"task_name": "circe", "event": "new_input_file", "filename": "storeclass1_lccenc1_62853597imgfireenginejobid1.JPEG", "unix_time": 1620672184.0466685}
INFO:ccdag_utils.py:runtime_stat:{"task_name": "lccenc1", "event": "queue_start_process", "filename": "storeclass1_lccenc1_39316084imgfireenginejobid0.JPEG", "unix_time": 1620672184.7415965}
INFO:ccdag_utils.py:runtime_stat:{"task_name": "lccenc1", "event": "queue_start_process", "filename": "storeclass1_lccenc1_19112570imgfireenginejobid0.JPEG", "unix_time": 1620672184.74196}
INFO:ccdag_utils.py:runtime_stat:{"task_name": "lccenc1", "event": "queue_start_process", "filename": "storeclass1_lccenc1_65706923imgfireenginejobid0.JPEG", "unix_time": 1620672184.74215}
INFO:ccdag_utils.py:runtime_stat:{"task_name": "lccenc1", "event": "queue_start_process", "filename": "storeclass1_lccenc1_32012109imgfireenginejobid0.JPEG", "unix_time": 1620672184.7423365}
INFO:ccdag_utils.py:runtime_stat:{"task_name": "lccenc1", "event": "queue_start_process", "filename": "storeclass1_lccenc1_81163499imgfireenginejobid1.JPEG", "unix_time": 1620672184.742655}
INFO:ccdag_utils.py:runtime_stat:{"task_name": "lccenc1", "event": "queue_start_process", "filename": "storeclass1_lccenc1_62853597imgfireenginejobid1.JPEG", "unix_time": 1620672184.7429273}
INFO:circe.py:runtime_stat:{"task_name": "circe", "event": "new_input_file", "filename": "storeclass1_lccenc1_47352231imgfireenginejobid1.JPEG", "unix_time": 1620672184.8257458}
INFO:circe.py:runtime_stat:{"task_name": "circe", "event": "new_input_file", "filename": "storeclass1_lccenc1_18786361imgfireenginejobid1.JPEG", "unix_time": 1620672185.0571296}
INFO:circe.py:runtime_stat:{"task_name": "circe", "event": "new_input_file", "filename": "storeclass1_lccenc1_19644358imgfireenginejobid1.JPEG", "unix_time": 1620672185.5959473}
INFO:circe.py:runtime_stat:{"task_name": "circe", "event": "new_output_file", "filename": "lccenc1_score1a_0#39316084-0#19112570-0#65706923-0#32012109-0#81163499-0#62853597jobid1.csv", "unix_time": 1620672186.0816836}
DEBUG:transfer.py:sshpass -p PASSWORD scp -P 5000 -o StrictHostKeyChecking=no /jupiter/circe_output/lccenc1_score1a_0#39316084-0#19112570-0#65706923-0#32012109-0#81163499-0#62853597jobid1.csv root@10.107.49.175:/jupiter/circe_input/
INFO:ccdag_utils.py:runtime_stat:{"task_name": "lccenc1", "event": "queue_end_process", "filename": "lccenc1_score1a_0#39316084-0#19112570-0#65706923-0#32012109-0#81163499-0#62853597jobid1.csv", "unix_time": 1620672186.0823035}
Warning: Permanently added '[10.107.49.175]:5000' (ECDSA) to the list of known hosts.
DEBUG:transfer.py:transfer successful!
INFO:ccdag_utils.py:runtime_stat:{"task_name": "lccenc1", "event": "queue_end_process", "filename": "lccenc1_score1b_0#39316084-0#19112570-0#65706923-0#32012109-0#81163499-0#62853597jobid1.csv", "unix_time": 1620672187.1587396}
INFO:circe.py:runtime_stat:{"task_name": "circe", "event": "new_output_file", "filename": "lccenc1_score1b_0#39316084-0#19112570-0#65706923-0#32012109-0#81163499-0#62853597jobid1.csv", "unix_time": 1620672187.1596012}
DEBUG:transfer.py:sshpass -p PASSWORD scp -P 5000 -o StrictHostKeyChecking=no /jupiter/circe_output/lccenc1_score1b_0#39316084-0#19112570-0#65706923-0#32012109-0#81163499-0#62853597jobid1.csv root@10.99.96.40:/jupiter/circe_input/
Warning: Permanently added '[10.99.96.40]:5000' (ECDSA) to the list of known hosts.
DEBUG:transfer.py:transfer successful!
INFO:ccdag_utils.py:runtime_stat:{"task_name": "lccenc1", "event": "queue_end_process", "filename": "lccenc1_score1c_0#39316084-0#19112570-0#65706923-0#32012109-0#81163499-0#62853597jobid1.csv", "unix_time": 1620672188.1555033}
INFO:circe.py:runtime_stat:{"task_name": "circe", "event": "new_output_file", "filename": "lccenc1_score1c_0#39316084-0#19112570-0#65706923-0#32012109-0#81163499-0#62853597jobid1.csv", "unix_time": 1620672188.1564834}
DEBUG:transfer.py:sshpass -p PASSWORD scp -P 5000 -o StrictHostKeyChecking=no /jupiter/circe_output/lccenc1_score1c_0#39316084-0#19112570-0#65706923-0#32012109-0#81163499-0#62853597jobid1.csv root@10.102.53.120:/jupiter/circe_input/
Warning: Permanently added '[10.102.53.120]:5000' (ECDSA) to the list of known hosts.
DEBUG:transfer.py:transfer successful!
INFO:circe.py:runtime_stat:{"task_name": "circe", "event": "new_input_file", "filename": "storeclass1_lccenc1_99622015imgfireenginejobid2.JPEG", "unix_time": 1620672205.8775077}
INFO:circe.py:runtime_stat:{"task_name": "circe", "event": "new_input_file", "filename": "storeclass1_lccenc1_90581383imgfireenginejobid2.JPEG", "unix_time": 1620672206.1123476}
INFO:circe.py:runtime_stat:{"task_name": "circe", "event": "new_input_file", "filename": "storeclass1_lccenc1_71472802imgfireenginejobid4.JPEG", "unix_time": 1620672250.9268448}
INFO:ccdag_utils.py:runtime_stat:{"task_name": "lccenc1", "event": "queue_start_process", "filename": "storeclass1_lccenc1_47352231imgfireenginejobid1.JPEG", "unix_time": 1620672251.2213223}
INFO:ccdag_utils.py:runtime_stat:{"task_name": "lccenc1", "event": "queue_start_process", "filename": "storeclass1_lccenc1_18786361imgfireenginejobid1.JPEG", "unix_time": 1620672251.2217329}
INFO:ccdag_utils.py:runtime_stat:{"task_name": "lccenc1", "event": "queue_start_process", "filename": "storeclass1_lccenc1_19644358imgfireenginejobid1.JPEG", "unix_time": 1620672251.2220078}
INFO:ccdag_utils.py:runtime_stat:{"task_name": "lccenc1", "event": "queue_start_process", "filename": "storeclass1_lccenc1_99622015imgfireenginejobid2.JPEG", "unix_time": 1620672251.222243}
INFO:ccdag_utils.py:runtime_stat:{"task_name": "lccenc1", "event": "queue_start_process", "filename": "storeclass1_lccenc1_90581383imgfireenginejobid2.JPEG", "unix_time": 1620672251.2224803}
INFO:ccdag_utils.py:runtime_stat:{"task_name": "lccenc1", "event": "queue_start_process", "filename": "storeclass1_lccenc1_71472802imgfireenginejobid4.JPEG", "unix_time": 1620672251.2227662}
INFO:circe.py:runtime_stat:{"task_name": "circe", "event": "new_input_file", "filename": "storeclass1_lccenc1_39069717imgfireenginejobid4.JPEG", "unix_time": 1620672251.9318905}
INFO:ccdag_utils.py:runtime_stat:{"task_name": "lccenc1", "event": "queue_end_process", "filename": "lccenc1_score1a_0#47352231-0#18786361-0#19644358-0#99622015-0#90581383-0#71472802jobid2.csv", "unix_time": 1620672252.4274194}
INFO:circe.py:runtime_stat:{"task_name": "circe", "event": "new_output_file", "filename": "lccenc1_score1a_0#47352231-0#18786361-0#19644358-0#99622015-0#90581383-0#71472802jobid2.csv", "unix_time": 1620672252.428315}
DEBUG:transfer.py:sshpass -p PASSWORD scp -P 5000 -o StrictHostKeyChecking=no /jupiter/circe_output/lccenc1_score1a_0#47352231-0#18786361-0#19644358-0#99622015-0#90581383-0#71472802jobid2.csv root@10.107.49.175:/jupiter/circe_input/
DEBUG:transfer.py:transfer successful!
INFO:ccdag_utils.py:runtime_stat:{"task_name": "lccenc1", "event": "queue_end_process", "filename": "lccenc1_score1b_0#47352231-0#18786361-0#19644358-0#99622015-0#90581383-0#71472802jobid2.csv", "unix_time": 1620672253.429307}
INFO:circe.py:runtime_stat:{"task_name": "circe", "event": "new_output_file", "filename": "lccenc1_score1b_0#47352231-0#18786361-0#19644358-0#99622015-0#90581383-0#71472802jobid2.csv", "unix_time": 1620672253.4302173}
DEBUG:transfer.py:sshpass -p PASSWORD scp -P 5000 -o StrictHostKeyChecking=no /jupiter/circe_output/lccenc1_score1b_0#47352231-0#18786361-0#19644358-0#99622015-0#90581383-0#71472802jobid2.csv root@10.99.96.40:/jupiter/circe_input/
DEBUG:transfer.py:transfer successful!
INFO:ccdag_utils.py:runtime_stat:{"task_name": "lccenc1", "event": "queue_end_process", "filename": "lccenc1_score1c_0#47352231-0#18786361-0#19644358-0#99622015-0#90581383-0#71472802jobid2.csv", "unix_time": 1620672254.4607944}
INFO:circe.py:runtime_stat:{"task_name": "circe", "event": "new_output_file", "filename": "lccenc1_score1c_0#47352231-0#18786361-0#19644358-0#99622015-0#90581383-0#71472802jobid2.csv", "unix_time": 1620672254.4618}
DEBUG:transfer.py:sshpass -p PASSWORD scp -P 5000 -o StrictHostKeyChecking=no /jupiter/circe_output/lccenc1_score1c_0#47352231-0#18786361-0#19644358-0#99622015-0#90581383-0#71472802jobid2.csv root@10.102.53.120:/jupiter/circe_input/
DEBUG:transfer.py:transfer successful!
INFO:circe.py:runtime_stat:{"task_name": "circe", "event": "new_input_file", "filename": "storeclass1_lccenc1_48707859imgfireenginejobid5.JPEG", "unix_time": 1620672258.9533687}
INFO:circe.py:runtime_stat:{"task_name": "circe", "event": "new_input_file", "filename": "storeclass1_lccenc1_23946882imgfireenginejobid6.JPEG", "unix_time": 1620672266.0272365}
INFO:circe.py:runtime_stat:{"task_name": "circe", "event": "new_input_file", "filename": "storeclass1_lccenc1_21008949imgfireenginejobid6.JPEG", "unix_time": 1620672267.0222943}
INFO:circe.py:runtime_stat:{"task_name": "circe", "event": "new_input_file", "filename": "storeclass1_lccenc1_81810616imgfireenginejobid6.JPEG", "unix_time": 1620672267.3096225}
INFO:circe.py:runtime_stat:{"task_name": "circe", "event": "new_input_file", "filename": "storeclass1_lccenc1_45805096imgfireenginejobid7.JPEG", "unix_time": 1620672275.9944267}
INFO:ccdag_utils.py:runtime_stat:{"task_name": "lccenc1", "event": "queue_start_process", "filename": "storeclass1_lccenc1_39069717imgfireenginejobid4.JPEG", "unix_time": 1620672276.4822233}
INFO:ccdag_utils.py:runtime_stat:{"task_name": "lccenc1", "event": "queue_start_process", "filename": "storeclass1_lccenc1_48707859imgfireenginejobid5.JPEG", "unix_time": 1620672276.4826078}
INFO:ccdag_utils.py:runtime_stat:{"task_name": "lccenc1", "event": "queue_start_process", "filename": "storeclass1_lccenc1_23946882imgfireenginejobid6.JPEG", "unix_time": 1620672276.4828212}
INFO:ccdag_utils.py:runtime_stat:{"task_name": "lccenc1", "event": "queue_start_process", "filename": "storeclass1_lccenc1_21008949imgfireenginejobid6.JPEG", "unix_time": 1620672276.4830065}
INFO:ccdag_utils.py:runtime_stat:{"task_name": "lccenc1", "event": "queue_start_process", "filename": "storeclass1_lccenc1_81810616imgfireenginejobid6.JPEG", "unix_time": 1620672276.4831834}
INFO:ccdag_utils.py:runtime_stat:{"task_name": "lccenc1", "event": "queue_start_process", "filename": "storeclass1_lccenc1_45805096imgfireenginejobid7.JPEG", "unix_time": 1620672276.4834895}
INFO:circe.py:runtime_stat:{"task_name": "circe", "event": "new_input_file", "filename": "storeclass1_lccenc1_56859904imgfireenginejobid7.JPEG", "unix_time": 1620672277.1687398}
INFO:ccdag_utils.py:runtime_stat:{"task_name": "lccenc1", "event": "queue_end_process", "filename": "lccenc1_score1a_0#39069717-0#48707859-0#23946882-0#21008949-0#81810616-0#45805096jobid3.csv", "unix_time": 1620672277.6559558}
INFO:circe.py:runtime_stat:{"task_name": "circe", "event": "new_output_file", "filename": "lccenc1_score1a_0#39069717-0#48707859-0#23946882-0#21008949-0#81810616-0#45805096jobid3.csv", "unix_time": 1620672277.6566534}
DEBUG:transfer.py:sshpass -p PASSWORD scp -P 5000 -o StrictHostKeyChecking=no /jupiter/circe_output/lccenc1_score1a_0#39069717-0#48707859-0#23946882-0#21008949-0#81810616-0#45805096jobid3.csv root@10.107.49.175:/jupiter/circe_input/
DEBUG:transfer.py:transfer successful!
INFO:ccdag_utils.py:runtime_stat:{"task_name": "lccenc1", "event": "queue_end_process", "filename": "lccenc1_score1b_0#39069717-0#48707859-0#23946882-0#21008949-0#81810616-0#45805096jobid3.csv", "unix_time": 1620672278.6371002}
INFO:circe.py:runtime_stat:{"task_name": "circe", "event": "new_output_file", "filename": "lccenc1_score1b_0#39069717-0#48707859-0#23946882-0#21008949-0#81810616-0#45805096jobid3.csv", "unix_time": 1620672278.6379673}
DEBUG:transfer.py:sshpass -p PASSWORD scp -P 5000 -o StrictHostKeyChecking=no /jupiter/circe_output/lccenc1_score1b_0#39069717-0#48707859-0#23946882-0#21008949-0#81810616-0#45805096jobid3.csv root@10.99.96.40:/jupiter/circe_input/
DEBUG:transfer.py:transfer successful!
INFO:ccdag_utils.py:runtime_stat:{"task_name": "lccenc1", "event": "queue_end_process", "filename": "lccenc1_score1c_0#39069717-0#48707859-0#23946882-0#21008949-0#81810616-0#45805096jobid3.csv", "unix_time": 1620672279.6623104}
INFO:circe.py:runtime_stat:{"task_name": "circe", "event": "new_output_file", "filename": "lccenc1_score1c_0#39069717-0#48707859-0#23946882-0#21008949-0#81810616-0#45805096jobid3.csv", "unix_time": 1620672279.6633487}
DEBUG:transfer.py:sshpass -p PASSWORD scp -P 5000 -o StrictHostKeyChecking=no /jupiter/circe_output/lccenc1_score1c_0#39069717-0#48707859-0#23946882-0#21008949-0#81810616-0#45805096jobid3.csv root@10.102.53.120:/jupiter/circe_input/
DEBUG:transfer.py:transfer successful!
INFO:circe.py:runtime_stat:{"task_name": "circe", "event": "new_input_file", "filename": "storeclass1_lccenc1_27937603imgfireenginejobid8.JPEG", "unix_time": 1620672287.0349178}
INFO:circe.py:runtime_stat:{"task_name": "circe", "event": "new_input_file", "filename": "storeclass1_lccenc1_40024760imgfireenginejobid8.JPEG", "unix_time": 1620672288.0497272}
INFO:circe.py:runtime_stat:{"task_name": "circe", "event": "new_input_file", "filename": "storeclass1_lccenc1_30606378imgfireenginejobid9.JPEG", "unix_time": 1620672300.099554}
INFO:circe.py:runtime_stat:{"task_name": "circe", "event": "new_input_file", "filename": "storeclass1_lccenc1_91295054imgschoolbusjobid22.JPEG", "unix_time": 1620672446.3287857}
INFO:circe.py:runtime_stat:{"task_name": "circe", "event": "new_input_file", "filename": "storeclass1_lccenc1_15720744imgschoolbusjobid22.JPEG", "unix_time": 1620672447.3026836}
INFO:ccdag_utils.py:runtime_stat:{"task_name": "lccenc1", "event": "queue_start_process", "filename": "storeclass1_lccenc1_56859904imgfireenginejobid7.JPEG", "unix_time": 1620672447.8447075}
INFO:ccdag_utils.py:runtime_stat:{"task_name": "lccenc1", "event": "queue_start_process", "filename": "storeclass1_lccenc1_27937603imgfireenginejobid8.JPEG", "unix_time": 1620672447.8450685}
INFO:ccdag_utils.py:runtime_stat:{"task_name": "lccenc1", "event": "queue_start_process", "filename": "storeclass1_lccenc1_40024760imgfireenginejobid8.JPEG", "unix_time": 1620672447.8452713}
INFO:ccdag_utils.py:runtime_stat:{"task_name": "lccenc1", "event": "queue_start_process", "filename": "storeclass1_lccenc1_30606378imgfireenginejobid9.JPEG", "unix_time": 1620672447.8455663}
INFO:ccdag_utils.py:runtime_stat:{"task_name": "lccenc1", "event": "queue_start_process", "filename": "storeclass1_lccenc1_91295054imgschoolbusjobid22.JPEG", "unix_time": 1620672447.845836}
INFO:ccdag_utils.py:runtime_stat:{"task_name": "lccenc1", "event": "queue_start_process", "filename": "storeclass1_lccenc1_15720744imgschoolbusjobid22.JPEG", "unix_time": 1620672447.846096}
INFO:ccdag_utils.py:runtime_stat:{"task_name": "lccenc1", "event": "queue_end_process", "filename": "lccenc1_score1a_0#56859904-0#27937603-0#40024760-0#30606378-1#91295054-1#15720744jobid4.csv", "unix_time": 1620672449.0333922}
INFO:circe.py:runtime_stat:{"task_name": "circe", "event": "new_output_file", "filename": "lccenc1_score1a_0#56859904-0#27937603-0#40024760-0#30606378-1#91295054-1#15720744jobid4.csv", "unix_time": 1620672449.034268}
DEBUG:transfer.py:sshpass -p PASSWORD scp -P 5000 -o StrictHostKeyChecking=no /jupiter/circe_output/lccenc1_score1a_0#56859904-0#27937603-0#40024760-0#30606378-1#91295054-1#15720744jobid4.csv root@10.107.49.175:/jupiter/circe_input/
DEBUG:transfer.py:transfer successful!
INFO:ccdag_utils.py:runtime_stat:{"task_name": "lccenc1", "event": "queue_end_process", "filename": "lccenc1_score1b_0#56859904-0#27937603-0#40024760-0#30606378-1#91295054-1#15720744jobid4.csv", "unix_time": 1620672450.0628436}
INFO:circe.py:runtime_stat:{"task_name": "circe", "event": "new_output_file", "filename": "lccenc1_score1b_0#56859904-0#27937603-0#40024760-0#30606378-1#91295054-1#15720744jobid4.csv", "unix_time": 1620672450.0638309}
DEBUG:transfer.py:sshpass -p PASSWORD scp -P 5000 -o StrictHostKeyChecking=no /jupiter/circe_output/lccenc1_score1b_0#56859904-0#27937603-0#40024760-0#30606378-1#91295054-1#15720744jobid4.csv root@10.99.96.40:/jupiter/circe_input/
DEBUG:transfer.py:transfer successful!
INFO:ccdag_utils.py:runtime_stat:{"task_name": "lccenc1", "event": "queue_end_process", "filename": "lccenc1_score1c_0#56859904-0#27937603-0#40024760-0#30606378-1#91295054-1#15720744jobid4.csv", "unix_time": 1620672451.072682}
INFO:circe.py:runtime_stat:{"task_name": "circe", "event": "new_output_file", "filename": "lccenc1_score1c_0#56859904-0#27937603-0#40024760-0#30606378-1#91295054-1#15720744jobid4.csv", "unix_time": 1620672451.0739696}
DEBUG:transfer.py:sshpass -p PASSWORD scp -P 5000 -o StrictHostKeyChecking=no /jupiter/circe_output/lccenc1_score1c_0#56859904-0#27937603-0#40024760-0#30606378-1#91295054-1#15720744jobid4.csv root@10.102.53.120:/jupiter/circe_input/
DEBUG:transfer.py:transfer successful!
INFO:circe.py:runtime_stat:{"task_name": "circe", "event": "new_input_file", "filename": "storeclass1_lccenc1_81448611imgschoolbusjobid30.JPEG", "unix_time": 1620672536.411289}
