 * Starting OpenBSD Secure Shell server sshd
   ...done.
INFO:circe.py:Using base script preagg.py
DEBUG:circe.py:starting the input monitoring process
DEBUG:circe.py:starting the output monitoring process
8
INFO:circe.py:runtime_stat:{"task_name": "circe", "event": "new_input_file", "filename": "score8b_preagg8_1jobth7#86296095-7#07487617-7#36652510-7#11024448-7#91219411-7#02616755", "unix_time": 1620672358.506108}
INFO:ccdag_utils.py:runtime_stat:{"task_name": "preagg8", "event": "queue_start_process", "filename": "score8b_preagg8_1jobth7#86296095-7#07487617-7#36652510-7#11024448-7#91219411-7#02616755", "unix_time": 1620672359.0710576}
INFO:circe.py:runtime_stat:{"task_name": "circe", "event": "new_input_file", "filename": "score8c_preagg8_1jobth7#86296095-7#07487617-7#36652510-7#11024448-7#91219411-7#02616755", "unix_time": 1620672360.2598174}
INFO:ccdag_utils.py:runtime_stat:{"task_name": "preagg8", "event": "queue_start_process", "filename": "score8c_preagg8_1jobth7#86296095-7#07487617-7#36652510-7#11024448-7#91219411-7#02616755", "unix_time": 1620672361.2108583}
INFO:circe.py:runtime_stat:{"task_name": "circe", "event": "new_input_file", "filename": "score8a_preagg8_1jobth7#86296095-7#07487617-7#36652510-7#11024448-7#91219411-7#02616755", "unix_time": 1620672368.7040246}
INFO:ccdag_utils.py:runtime_stat:{"task_name": "preagg8", "event": "queue_start_process", "filename": "score8a_preagg8_1jobth7#86296095-7#07487617-7#36652510-7#11024448-7#91219411-7#02616755", "unix_time": 1620672369.2896888}
preagg8_lccdec8_1jobthscore8a7#86296095-7#07487617-7#36652510-7#11024448-7#91219411-7#02616755
INFO:circe.py:runtime_stat:{"task_name": "circe", "event": "new_output_file", "filename": "preagg8_lccdec8_1jobthscore8a7#86296095-7#07487617-7#36652510-7#11024448-7#91219411-7#02616755", "unix_time": 1620672369.3598886}
DEBUG:transfer.py:sshpass -p PASSWORD scp -P 5000 -o StrictHostKeyChecking=no /jupiter/circe_output/preagg8_lccdec8_1jobthscore8a7#86296095-7#07487617-7#36652510-7#11024448-7#91219411-7#02616755 root@10.99.172.13:/jupiter/circe_input/
INFO:ccdag_utils.py:runtime_stat:{"task_name": "preagg8", "event": "queue_end_process", "filename": "preagg8_lccdec8_1jobthscore8a7#86296095-7#07487617-7#36652510-7#11024448-7#91219411-7#02616755", "unix_time": 1620672369.3635213}
preagg8_lccdec8_1jobthscore8b7#86296095-7#07487617-7#36652510-7#11024448-7#91219411-7#02616755
INFO:ccdag_utils.py:runtime_stat:{"task_name": "preagg8", "event": "queue_end_process", "filename": "preagg8_lccdec8_1jobthscore8b7#86296095-7#07487617-7#36652510-7#11024448-7#91219411-7#02616755", "unix_time": 1620672369.3710797}
preagg8_lccdec8_1jobthscore8c7#86296095-7#07487617-7#36652510-7#11024448-7#91219411-7#02616755
INFO:ccdag_utils.py:runtime_stat:{"task_name": "preagg8", "event": "queue_end_process", "filename": "preagg8_lccdec8_1jobthscore8c7#86296095-7#07487617-7#36652510-7#11024448-7#91219411-7#02616755", "unix_time": 1620672369.3752522}
Warning: Permanently added '[10.99.172.13]:5000' (ECDSA) to the list of known hosts.
DEBUG:transfer.py:transfer successful!
INFO:circe.py:runtime_stat:{"task_name": "circe", "event": "new_output_file", "filename": "preagg8_lccdec8_1jobthscore8b7#86296095-7#07487617-7#36652510-7#11024448-7#91219411-7#02616755", "unix_time": 1620672369.5823274}
DEBUG:transfer.py:sshpass -p PASSWORD scp -P 5000 -o StrictHostKeyChecking=no /jupiter/circe_output/preagg8_lccdec8_1jobthscore8b7#86296095-7#07487617-7#36652510-7#11024448-7#91219411-7#02616755 root@10.99.172.13:/jupiter/circe_input/
DEBUG:transfer.py:transfer successful!
INFO:circe.py:runtime_stat:{"task_name": "circe", "event": "new_output_file", "filename": "preagg8_lccdec8_1jobthscore8c7#86296095-7#07487617-7#36652510-7#11024448-7#91219411-7#02616755", "unix_time": 1620672369.8001666}
DEBUG:transfer.py:sshpass -p PASSWORD scp -P 5000 -o StrictHostKeyChecking=no /jupiter/circe_output/preagg8_lccdec8_1jobthscore8c7#86296095-7#07487617-7#36652510-7#11024448-7#91219411-7#02616755 root@10.99.172.13:/jupiter/circe_input/
DEBUG:transfer.py:transfer successful!
INFO:circe.py:runtime_stat:{"task_name": "circe", "event": "new_input_file", "filename": "score8b_preagg8_2jobth7#90207719-7#11465406-7#89447106-7#07847864-7#78103285-7#62228444", "unix_time": 1620672377.9759762}
INFO:ccdag_utils.py:runtime_stat:{"task_name": "preagg8", "event": "queue_start_process", "filename": "score8b_preagg8_2jobth7#90207719-7#11465406-7#89447106-7#07847864-7#78103285-7#62228444", "unix_time": 1620672378.3857052}
INFO:circe.py:runtime_stat:{"task_name": "circe", "event": "new_input_file", "filename": "score8c_preagg8_2jobth7#90207719-7#11465406-7#89447106-7#07847864-7#78103285-7#62228444", "unix_time": 1620672378.8038487}
INFO:ccdag_utils.py:runtime_stat:{"task_name": "preagg8", "event": "queue_start_process", "filename": "score8c_preagg8_2jobth7#90207719-7#11465406-7#89447106-7#07847864-7#78103285-7#62228444", "unix_time": 1620672379.4513044}
INFO:circe.py:runtime_stat:{"task_name": "circe", "event": "new_input_file", "filename": "score8a_preagg8_2jobth7#90207719-7#11465406-7#89447106-7#07847864-7#78103285-7#62228444", "unix_time": 1620672387.1614907}
INFO:ccdag_utils.py:runtime_stat:{"task_name": "preagg8", "event": "queue_start_process", "filename": "score8a_preagg8_2jobth7#90207719-7#11465406-7#89447106-7#07847864-7#78103285-7#62228444", "unix_time": 1620672387.5183794}
preagg8_lccdec8_2jobthscore8a7#90207719-7#11465406-7#89447106-7#07847864-7#78103285-7#62228444
INFO:circe.py:runtime_stat:{"task_name": "circe", "event": "new_output_file", "filename": "preagg8_lccdec8_2jobthscore8a7#90207719-7#11465406-7#89447106-7#07847864-7#78103285-7#62228444", "unix_time": 1620672387.5848682}
DEBUG:transfer.py:sshpass -p PASSWORD scp -P 5000 -o StrictHostKeyChecking=no /jupiter/circe_output/preagg8_lccdec8_2jobthscore8a7#90207719-7#11465406-7#89447106-7#07847864-7#78103285-7#62228444 root@10.99.172.13:/jupiter/circe_input/
INFO:ccdag_utils.py:runtime_stat:{"task_name": "preagg8", "event": "queue_end_process", "filename": "preagg8_lccdec8_2jobthscore8a7#90207719-7#11465406-7#89447106-7#07847864-7#78103285-7#62228444", "unix_time": 1620672387.5901961}
preagg8_lccdec8_2jobthscore8b7#90207719-7#11465406-7#89447106-7#07847864-7#78103285-7#62228444
INFO:ccdag_utils.py:runtime_stat:{"task_name": "preagg8", "event": "queue_end_process", "filename": "preagg8_lccdec8_2jobthscore8b7#90207719-7#11465406-7#89447106-7#07847864-7#78103285-7#62228444", "unix_time": 1620672387.5972047}
preagg8_lccdec8_2jobthscore8c7#90207719-7#11465406-7#89447106-7#07847864-7#78103285-7#62228444
INFO:ccdag_utils.py:runtime_stat:{"task_name": "preagg8", "event": "queue_end_process", "filename": "preagg8_lccdec8_2jobthscore8c7#90207719-7#11465406-7#89447106-7#07847864-7#78103285-7#62228444", "unix_time": 1620672387.601878}
DEBUG:transfer.py:transfer successful!
INFO:circe.py:runtime_stat:{"task_name": "circe", "event": "new_output_file", "filename": "preagg8_lccdec8_2jobthscore8b7#90207719-7#11465406-7#89447106-7#07847864-7#78103285-7#62228444", "unix_time": 1620672387.8048398}
DEBUG:transfer.py:sshpass -p PASSWORD scp -P 5000 -o StrictHostKeyChecking=no /jupiter/circe_output/preagg8_lccdec8_2jobthscore8b7#90207719-7#11465406-7#89447106-7#07847864-7#78103285-7#62228444 root@10.99.172.13:/jupiter/circe_input/
DEBUG:transfer.py:transfer successful!
INFO:circe.py:runtime_stat:{"task_name": "circe", "event": "new_output_file", "filename": "preagg8_lccdec8_2jobthscore8c7#90207719-7#11465406-7#89447106-7#07847864-7#78103285-7#62228444", "unix_time": 1620672388.013142}
DEBUG:transfer.py:sshpass -p PASSWORD scp -P 5000 -o StrictHostKeyChecking=no /jupiter/circe_output/preagg8_lccdec8_2jobthscore8c7#90207719-7#11465406-7#89447106-7#07847864-7#78103285-7#62228444 root@10.99.172.13:/jupiter/circe_input/
DEBUG:transfer.py:transfer successful!
INFO:circe.py:runtime_stat:{"task_name": "circe", "event": "new_input_file", "filename": "score8b_preagg8_3jobth7#57219008-7#38581415-7#49712480-7#01730227-7#94589561-7#97746872", "unix_time": 1620672443.5673761}
INFO:ccdag_utils.py:runtime_stat:{"task_name": "preagg8", "event": "queue_start_process", "filename": "score8b_preagg8_3jobth7#57219008-7#38581415-7#49712480-7#01730227-7#94589561-7#97746872", "unix_time": 1620672443.6612}
INFO:circe.py:runtime_stat:{"task_name": "circe", "event": "new_input_file", "filename": "score8c_preagg8_3jobth7#57219008-7#38581415-7#49712480-7#01730227-7#94589561-7#97746872", "unix_time": 1620672444.4453278}
INFO:ccdag_utils.py:runtime_stat:{"task_name": "preagg8", "event": "queue_start_process", "filename": "score8c_preagg8_3jobth7#57219008-7#38581415-7#49712480-7#01730227-7#94589561-7#97746872", "unix_time": 1620672444.7260008}
INFO:circe.py:runtime_stat:{"task_name": "circe", "event": "new_input_file", "filename": "score8a_preagg8_3jobth7#57219008-7#38581415-7#49712480-7#01730227-7#94589561-7#97746872", "unix_time": 1620672451.6511364}
INFO:ccdag_utils.py:runtime_stat:{"task_name": "preagg8", "event": "queue_start_process", "filename": "score8a_preagg8_3jobth7#57219008-7#38581415-7#49712480-7#01730227-7#94589561-7#97746872", "unix_time": 1620672451.7955163}
preagg8_lccdec8_3jobthscore8a7#57219008-7#38581415-7#49712480-7#01730227-7#94589561-7#97746872
INFO:circe.py:runtime_stat:{"task_name": "circe", "event": "new_output_file", "filename": "preagg8_lccdec8_3jobthscore8a7#57219008-7#38581415-7#49712480-7#01730227-7#94589561-7#97746872", "unix_time": 1620672451.8611488}
DEBUG:transfer.py:sshpass -p PASSWORD scp -P 5000 -o StrictHostKeyChecking=no /jupiter/circe_output/preagg8_lccdec8_3jobthscore8a7#57219008-7#38581415-7#49712480-7#01730227-7#94589561-7#97746872 root@10.99.172.13:/jupiter/circe_input/
INFO:ccdag_utils.py:runtime_stat:{"task_name": "preagg8", "event": "queue_end_process", "filename": "preagg8_lccdec8_3jobthscore8a7#57219008-7#38581415-7#49712480-7#01730227-7#94589561-7#97746872", "unix_time": 1620672451.8674104}
preagg8_lccdec8_3jobthscore8b7#57219008-7#38581415-7#49712480-7#01730227-7#94589561-7#97746872
INFO:ccdag_utils.py:runtime_stat:{"task_name": "preagg8", "event": "queue_end_process", "filename": "preagg8_lccdec8_3jobthscore8b7#57219008-7#38581415-7#49712480-7#01730227-7#94589561-7#97746872", "unix_time": 1620672451.8730288}
preagg8_lccdec8_3jobthscore8c7#57219008-7#38581415-7#49712480-7#01730227-7#94589561-7#97746872
INFO:ccdag_utils.py:runtime_stat:{"task_name": "preagg8", "event": "queue_end_process", "filename": "preagg8_lccdec8_3jobthscore8c7#57219008-7#38581415-7#49712480-7#01730227-7#94589561-7#97746872", "unix_time": 1620672451.877784}
DEBUG:transfer.py:transfer successful!
INFO:circe.py:runtime_stat:{"task_name": "circe", "event": "new_output_file", "filename": "preagg8_lccdec8_3jobthscore8b7#57219008-7#38581415-7#49712480-7#01730227-7#94589561-7#97746872", "unix_time": 1620672452.0839612}
DEBUG:transfer.py:sshpass -p PASSWORD scp -P 5000 -o StrictHostKeyChecking=no /jupiter/circe_output/preagg8_lccdec8_3jobthscore8b7#57219008-7#38581415-7#49712480-7#01730227-7#94589561-7#97746872 root@10.99.172.13:/jupiter/circe_input/
DEBUG:transfer.py:transfer successful!
INFO:circe.py:runtime_stat:{"task_name": "circe", "event": "new_output_file", "filename": "preagg8_lccdec8_3jobthscore8c7#57219008-7#38581415-7#49712480-7#01730227-7#94589561-7#97746872", "unix_time": 1620672452.311831}
DEBUG:transfer.py:sshpass -p PASSWORD scp -P 5000 -o StrictHostKeyChecking=no /jupiter/circe_output/preagg8_lccdec8_3jobthscore8c7#57219008-7#38581415-7#49712480-7#01730227-7#94589561-7#97746872 root@10.99.172.13:/jupiter/circe_input/
DEBUG:transfer.py:transfer successful!
