 * Starting OpenBSD Secure Shell server sshd
   ...done.
INFO:circe.py:Using base script lccdec.py
DEBUG:circe.py:starting the input monitoring process
DEBUG:circe.py:starting the output monitoring process
INFO:circe.py:runtime_stat:{"task_name": "circe", "event": "new_input_file", "filename": "preagg3_lccdec3_1jobthscore3a2#35184825-2#24207228-2#40310463-2#65870445-2#28633893-2#02329083", "unix_time": 1620672596.7596033}
INFO:lccdec.py:lccdec3: file rcvd from preagg3 : preagg3_lccdec3_1jobthscore3a2#35184825-2#24207228-2#40310463-2#65870445-2#28633893-2#02329083
INFO:ccdag_utils.py:runtime_stat:{"task_name": "lccdec3", "event": "queue_start_process", "filename": "preagg3_lccdec3_1jobthscore3a2#35184825-2#24207228-2#40310463-2#65870445-2#28633893-2#02329083", "unix_time": 1620672596.760362}
INFO:circe.py:runtime_stat:{"task_name": "circe", "event": "new_input_file", "filename": "preagg3_lccdec3_1jobthscore3b2#35184825-2#24207228-2#40310463-2#65870445-2#28633893-2#02329083", "unix_time": 1620672596.975033}
INFO:lccdec.py:lccdec3: file rcvd from preagg3 : preagg3_lccdec3_1jobthscore3b2#35184825-2#24207228-2#40310463-2#65870445-2#28633893-2#02329083
INFO:ccdag_utils.py:runtime_stat:{"task_name": "lccdec3", "event": "queue_start_process", "filename": "preagg3_lccdec3_1jobthscore3b2#35184825-2#24207228-2#40310463-2#65870445-2#28633893-2#02329083", "unix_time": 1620672596.9759207}
INFO:circe.py:runtime_stat:{"task_name": "circe", "event": "new_input_file", "filename": "preagg3_lccdec3_1jobthscore3c2#35184825-2#24207228-2#40310463-2#65870445-2#28633893-2#02329083", "unix_time": 1620672597.1944551}
INFO:lccdec.py:lccdec3: file rcvd from preagg3 : preagg3_lccdec3_1jobthscore3c2#35184825-2#24207228-2#40310463-2#65870445-2#28633893-2#02329083
INFO:ccdag_utils.py:runtime_stat:{"task_name": "lccdec3", "event": "queue_start_process", "filename": "preagg3_lccdec3_1jobthscore3c2#35184825-2#24207228-2#40310463-2#65870445-2#28633893-2#02329083", "unix_time": 1620672597.1953838}
INFO:circe.py:runtime_stat:{"task_name": "circe", "event": "new_output_file", "filename": "lccdec3_home_1jobth2#35184825-2#24207228-2#40310463-2#65870445-2#28633893-2#02329083", "unix_time": 1620672597.2268364}
DEBUG:transfer.py:sshpass -p PASSWORD scp -P 5000 -o StrictHostKeyChecking=no /jupiter/circe_output/lccdec3_home_1jobth2#35184825-2#24207228-2#40310463-2#65870445-2#28633893-2#02329083 root@10.110.185.200:/jupiter/circe_input/
INFO:ccdag_utils.py:runtime_stat:{"task_name": "lccdec3", "event": "queue_end_process", "filename": "lccdec3_home_1jobth2#35184825-2#24207228-2#40310463-2#65870445-2#28633893-2#02329083", "unix_time": 1620672597.231266}
Warning: Permanently added '[10.110.185.200]:5000' (ECDSA) to the list of known hosts.
DEBUG:transfer.py:transfer successful!
INFO:circe.py:runtime_stat:{"task_name": "circe", "event": "new_input_file", "filename": "preagg3_lccdec3_2jobthscore3a2#56096250-2#55119495-2#68476704-2#36486311-2#95190107-2#96096570", "unix_time": 1620672608.9757104}
INFO:lccdec.py:lccdec3: file rcvd from preagg3 : preagg3_lccdec3_2jobthscore3a2#56096250-2#55119495-2#68476704-2#36486311-2#95190107-2#96096570
INFO:ccdag_utils.py:runtime_stat:{"task_name": "lccdec3", "event": "queue_start_process", "filename": "preagg3_lccdec3_2jobthscore3a2#56096250-2#55119495-2#68476704-2#36486311-2#95190107-2#96096570", "unix_time": 1620672608.9773426}
INFO:circe.py:runtime_stat:{"task_name": "circe", "event": "new_input_file", "filename": "preagg3_lccdec3_2jobthscore3b2#56096250-2#55119495-2#68476704-2#36486311-2#95190107-2#96096570", "unix_time": 1620672609.1865284}
INFO:lccdec.py:lccdec3: file rcvd from preagg3 : preagg3_lccdec3_2jobthscore3b2#56096250-2#55119495-2#68476704-2#36486311-2#95190107-2#96096570
INFO:ccdag_utils.py:runtime_stat:{"task_name": "lccdec3", "event": "queue_start_process", "filename": "preagg3_lccdec3_2jobthscore3b2#56096250-2#55119495-2#68476704-2#36486311-2#95190107-2#96096570", "unix_time": 1620672609.187091}
INFO:circe.py:runtime_stat:{"task_name": "circe", "event": "new_input_file", "filename": "preagg3_lccdec3_2jobthscore3c2#56096250-2#55119495-2#68476704-2#36486311-2#95190107-2#96096570", "unix_time": 1620672609.4096456}
INFO:lccdec.py:lccdec3: file rcvd from preagg3 : preagg3_lccdec3_2jobthscore3c2#56096250-2#55119495-2#68476704-2#36486311-2#95190107-2#96096570
INFO:ccdag_utils.py:runtime_stat:{"task_name": "lccdec3", "event": "queue_start_process", "filename": "preagg3_lccdec3_2jobthscore3c2#56096250-2#55119495-2#68476704-2#36486311-2#95190107-2#96096570", "unix_time": 1620672609.4106216}
INFO:circe.py:runtime_stat:{"task_name": "circe", "event": "new_output_file", "filename": "lccdec3_home_2jobth2#56096250-2#55119495-2#68476704-2#36486311-2#95190107-2#96096570", "unix_time": 1620672609.4349768}
DEBUG:transfer.py:sshpass -p PASSWORD scp -P 5000 -o StrictHostKeyChecking=no /jupiter/circe_output/lccdec3_home_2jobth2#56096250-2#55119495-2#68476704-2#36486311-2#95190107-2#96096570 root@10.110.185.200:/jupiter/circe_input/
INFO:ccdag_utils.py:runtime_stat:{"task_name": "lccdec3", "event": "queue_end_process", "filename": "lccdec3_home_2jobth2#56096250-2#55119495-2#68476704-2#36486311-2#95190107-2#96096570", "unix_time": 1620672609.4396806}
DEBUG:transfer.py:transfer successful!
INFO:circe.py:runtime_stat:{"task_name": "circe", "event": "new_input_file", "filename": "preagg3_lccdec3_3jobthscore3a2#16120061-2#74051263-2#81196003-2#40865877-2#90006692-2#98347587", "unix_time": 1620672634.2117515}
INFO:lccdec.py:lccdec3: file rcvd from preagg3 : preagg3_lccdec3_3jobthscore3a2#16120061-2#74051263-2#81196003-2#40865877-2#90006692-2#98347587
INFO:ccdag_utils.py:runtime_stat:{"task_name": "lccdec3", "event": "queue_start_process", "filename": "preagg3_lccdec3_3jobthscore3a2#16120061-2#74051263-2#81196003-2#40865877-2#90006692-2#98347587", "unix_time": 1620672634.2127914}
INFO:circe.py:runtime_stat:{"task_name": "circe", "event": "new_input_file", "filename": "preagg3_lccdec3_3jobthscore3b2#16120061-2#74051263-2#81196003-2#40865877-2#90006692-2#98347587", "unix_time": 1620672634.430869}
INFO:lccdec.py:lccdec3: file rcvd from preagg3 : preagg3_lccdec3_3jobthscore3b2#16120061-2#74051263-2#81196003-2#40865877-2#90006692-2#98347587
INFO:ccdag_utils.py:runtime_stat:{"task_name": "lccdec3", "event": "queue_start_process", "filename": "preagg3_lccdec3_3jobthscore3b2#16120061-2#74051263-2#81196003-2#40865877-2#90006692-2#98347587", "unix_time": 1620672634.4315739}
INFO:circe.py:runtime_stat:{"task_name": "circe", "event": "new_input_file", "filename": "preagg3_lccdec3_3jobthscore3c2#16120061-2#74051263-2#81196003-2#40865877-2#90006692-2#98347587", "unix_time": 1620672634.646943}
INFO:lccdec.py:lccdec3: file rcvd from preagg3 : preagg3_lccdec3_3jobthscore3c2#16120061-2#74051263-2#81196003-2#40865877-2#90006692-2#98347587
INFO:ccdag_utils.py:runtime_stat:{"task_name": "lccdec3", "event": "queue_start_process", "filename": "preagg3_lccdec3_3jobthscore3c2#16120061-2#74051263-2#81196003-2#40865877-2#90006692-2#98347587", "unix_time": 1620672634.647792}
INFO:circe.py:runtime_stat:{"task_name": "circe", "event": "new_output_file", "filename": "lccdec3_home_3jobth2#16120061-2#74051263-2#81196003-2#40865877-2#90006692-2#98347587", "unix_time": 1620672634.6729357}
DEBUG:transfer.py:sshpass -p PASSWORD scp -P 5000 -o StrictHostKeyChecking=no /jupiter/circe_output/lccdec3_home_3jobth2#16120061-2#74051263-2#81196003-2#40865877-2#90006692-2#98347587 root@10.110.185.200:/jupiter/circe_input/
INFO:ccdag_utils.py:runtime_stat:{"task_name": "lccdec3", "event": "queue_end_process", "filename": "lccdec3_home_3jobth2#16120061-2#74051263-2#81196003-2#40865877-2#90006692-2#98347587", "unix_time": 1620672634.6772053}
DEBUG:transfer.py:transfer successful!
INFO:circe.py:runtime_stat:{"task_name": "circe", "event": "new_input_file", "filename": "preagg3_lccdec3_4jobthscore3a2#63500820-2#83695840-2#27412658-2#92349339-2#25174091-2#12366652", "unix_time": 1620672670.5106134}
INFO:lccdec.py:lccdec3: file rcvd from preagg3 : preagg3_lccdec3_4jobthscore3a2#63500820-2#83695840-2#27412658-2#92349339-2#25174091-2#12366652
INFO:ccdag_utils.py:runtime_stat:{"task_name": "lccdec3", "event": "queue_start_process", "filename": "preagg3_lccdec3_4jobthscore3a2#63500820-2#83695840-2#27412658-2#92349339-2#25174091-2#12366652", "unix_time": 1620672670.5116413}
INFO:circe.py:runtime_stat:{"task_name": "circe", "event": "new_input_file", "filename": "preagg3_lccdec3_4jobthscore3b2#63500820-2#83695840-2#27412658-2#92349339-2#25174091-2#12366652", "unix_time": 1620672670.7256656}
INFO:lccdec.py:lccdec3: file rcvd from preagg3 : preagg3_lccdec3_4jobthscore3b2#63500820-2#83695840-2#27412658-2#92349339-2#25174091-2#12366652
INFO:ccdag_utils.py:runtime_stat:{"task_name": "lccdec3", "event": "queue_start_process", "filename": "preagg3_lccdec3_4jobthscore3b2#63500820-2#83695840-2#27412658-2#92349339-2#25174091-2#12366652", "unix_time": 1620672670.7269123}
INFO:circe.py:runtime_stat:{"task_name": "circe", "event": "new_input_file", "filename": "preagg3_lccdec3_4jobthscore3c2#63500820-2#83695840-2#27412658-2#92349339-2#25174091-2#12366652", "unix_time": 1620672670.9478288}
INFO:lccdec.py:lccdec3: file rcvd from preagg3 : preagg3_lccdec3_4jobthscore3c2#63500820-2#83695840-2#27412658-2#92349339-2#25174091-2#12366652
INFO:ccdag_utils.py:runtime_stat:{"task_name": "lccdec3", "event": "queue_start_process", "filename": "preagg3_lccdec3_4jobthscore3c2#63500820-2#83695840-2#27412658-2#92349339-2#25174091-2#12366652", "unix_time": 1620672670.9483778}
INFO:circe.py:runtime_stat:{"task_name": "circe", "event": "new_output_file", "filename": "lccdec3_home_4jobth2#63500820-2#83695840-2#27412658-2#92349339-2#25174091-2#12366652", "unix_time": 1620672670.9749632}
DEBUG:transfer.py:sshpass -p PASSWORD scp -P 5000 -o StrictHostKeyChecking=no /jupiter/circe_output/lccdec3_home_4jobth2#63500820-2#83695840-2#27412658-2#92349339-2#25174091-2#12366652 root@10.110.185.200:/jupiter/circe_input/
INFO:ccdag_utils.py:runtime_stat:{"task_name": "lccdec3", "event": "queue_end_process", "filename": "lccdec3_home_4jobth2#63500820-2#83695840-2#27412658-2#92349339-2#25174091-2#12366652", "unix_time": 1620672670.9798968}
DEBUG:transfer.py:transfer successful!
INFO:circe.py:runtime_stat:{"task_name": "circe", "event": "new_input_file", "filename": "preagg3_lccdec3_5jobthscore3a2#79459715-2#21165126-2#46482246-2#82559717-2#15589622-2#51056609", "unix_time": 1620672695.698226}
INFO:lccdec.py:lccdec3: file rcvd from preagg3 : preagg3_lccdec3_5jobthscore3a2#79459715-2#21165126-2#46482246-2#82559717-2#15589622-2#51056609
INFO:ccdag_utils.py:runtime_stat:{"task_name": "lccdec3", "event": "queue_start_process", "filename": "preagg3_lccdec3_5jobthscore3a2#79459715-2#21165126-2#46482246-2#82559717-2#15589622-2#51056609", "unix_time": 1620672695.6990051}
INFO:circe.py:runtime_stat:{"task_name": "circe", "event": "new_input_file", "filename": "preagg3_lccdec3_5jobthscore3b2#79459715-2#21165126-2#46482246-2#82559717-2#15589622-2#51056609", "unix_time": 1620672695.9162927}
INFO:lccdec.py:lccdec3: file rcvd from preagg3 : preagg3_lccdec3_5jobthscore3b2#79459715-2#21165126-2#46482246-2#82559717-2#15589622-2#51056609
INFO:ccdag_utils.py:runtime_stat:{"task_name": "lccdec3", "event": "queue_start_process", "filename": "preagg3_lccdec3_5jobthscore3b2#79459715-2#21165126-2#46482246-2#82559717-2#15589622-2#51056609", "unix_time": 1620672695.9169369}
INFO:circe.py:runtime_stat:{"task_name": "circe", "event": "new_input_file", "filename": "preagg3_lccdec3_5jobthscore3c2#79459715-2#21165126-2#46482246-2#82559717-2#15589622-2#51056609", "unix_time": 1620672696.1409838}
INFO:lccdec.py:lccdec3: file rcvd from preagg3 : preagg3_lccdec3_5jobthscore3c2#79459715-2#21165126-2#46482246-2#82559717-2#15589622-2#51056609
INFO:ccdag_utils.py:runtime_stat:{"task_name": "lccdec3", "event": "queue_start_process", "filename": "preagg3_lccdec3_5jobthscore3c2#79459715-2#21165126-2#46482246-2#82559717-2#15589622-2#51056609", "unix_time": 1620672696.1422927}
INFO:circe.py:runtime_stat:{"task_name": "circe", "event": "new_output_file", "filename": "lccdec3_home_5jobth2#79459715-2#21165126-2#46482246-2#82559717-2#15589622-2#51056609", "unix_time": 1620672696.1684232}
DEBUG:transfer.py:sshpass -p PASSWORD scp -P 5000 -o StrictHostKeyChecking=no /jupiter/circe_output/lccdec3_home_5jobth2#79459715-2#21165126-2#46482246-2#82559717-2#15589622-2#51056609 root@10.110.185.200:/jupiter/circe_input/
INFO:ccdag_utils.py:runtime_stat:{"task_name": "lccdec3", "event": "queue_end_process", "filename": "lccdec3_home_5jobth2#79459715-2#21165126-2#46482246-2#82559717-2#15589622-2#51056609", "unix_time": 1620672696.1731992}
DEBUG:transfer.py:transfer successful!
INFO:circe.py:runtime_stat:{"task_name": "circe", "event": "new_input_file", "filename": "preagg3_lccdec3_6jobthscore3a2#45358191-2#01114810-2#68024457-2#30558281-2#65122505-2#70155160", "unix_time": 1620672714.9189172}
INFO:lccdec.py:lccdec3: file rcvd from preagg3 : preagg3_lccdec3_6jobthscore3a2#45358191-2#01114810-2#68024457-2#30558281-2#65122505-2#70155160
INFO:ccdag_utils.py:runtime_stat:{"task_name": "lccdec3", "event": "queue_start_process", "filename": "preagg3_lccdec3_6jobthscore3a2#45358191-2#01114810-2#68024457-2#30558281-2#65122505-2#70155160", "unix_time": 1620672714.9197824}
INFO:circe.py:runtime_stat:{"task_name": "circe", "event": "new_input_file", "filename": "preagg3_lccdec3_6jobthscore3b2#45358191-2#01114810-2#68024457-2#30558281-2#65122505-2#70155160", "unix_time": 1620672715.1225905}
INFO:lccdec.py:lccdec3: file rcvd from preagg3 : preagg3_lccdec3_6jobthscore3b2#45358191-2#01114810-2#68024457-2#30558281-2#65122505-2#70155160
INFO:ccdag_utils.py:runtime_stat:{"task_name": "lccdec3", "event": "queue_start_process", "filename": "preagg3_lccdec3_6jobthscore3b2#45358191-2#01114810-2#68024457-2#30558281-2#65122505-2#70155160", "unix_time": 1620672715.1244278}
INFO:circe.py:runtime_stat:{"task_name": "circe", "event": "new_input_file", "filename": "preagg3_lccdec3_6jobthscore3c2#45358191-2#01114810-2#68024457-2#30558281-2#65122505-2#70155160", "unix_time": 1620672715.32663}
INFO:lccdec.py:lccdec3: file rcvd from preagg3 : preagg3_lccdec3_6jobthscore3c2#45358191-2#01114810-2#68024457-2#30558281-2#65122505-2#70155160
INFO:ccdag_utils.py:runtime_stat:{"task_name": "lccdec3", "event": "queue_start_process", "filename": "preagg3_lccdec3_6jobthscore3c2#45358191-2#01114810-2#68024457-2#30558281-2#65122505-2#70155160", "unix_time": 1620672715.327159}
INFO:circe.py:runtime_stat:{"task_name": "circe", "event": "new_output_file", "filename": "lccdec3_home_6jobth2#45358191-2#01114810-2#68024457-2#30558281-2#65122505-2#70155160", "unix_time": 1620672715.3486018}
DEBUG:transfer.py:sshpass -p PASSWORD scp -P 5000 -o StrictHostKeyChecking=no /jupiter/circe_output/lccdec3_home_6jobth2#45358191-2#01114810-2#68024457-2#30558281-2#65122505-2#70155160 root@10.110.185.200:/jupiter/circe_input/
INFO:ccdag_utils.py:runtime_stat:{"task_name": "lccdec3", "event": "queue_end_process", "filename": "lccdec3_home_6jobth2#45358191-2#01114810-2#68024457-2#30558281-2#65122505-2#70155160", "unix_time": 1620672715.353434}
DEBUG:transfer.py:transfer successful!
