 * Starting OpenBSD Secure Shell server sshd
   ...done.
INFO:circe.py:Using base script lccdec.py
DEBUG:circe.py:starting the input monitoring process
DEBUG:circe.py:starting the output monitoring process
INFO:circe.py:runtime_stat:{"task_name": "circe", "event": "new_input_file", "filename": "preagg7_lccdec7_1jobthscore7a6#58270697-6#11039780-6#87954058-6#08768797-6#76832509-6#64347803", "unix_time": 1620672292.696904}
INFO:lccdec.py:lccdec7: file rcvd from preagg7 : preagg7_lccdec7_1jobthscore7a6#58270697-6#11039780-6#87954058-6#08768797-6#76832509-6#64347803
INFO:ccdag_utils.py:runtime_stat:{"task_name": "lccdec7", "event": "queue_start_process", "filename": "preagg7_lccdec7_1jobthscore7a6#58270697-6#11039780-6#87954058-6#08768797-6#76832509-6#64347803", "unix_time": 1620672292.6976748}
INFO:circe.py:runtime_stat:{"task_name": "circe", "event": "new_input_file", "filename": "preagg7_lccdec7_1jobthscore7b6#58270697-6#11039780-6#87954058-6#08768797-6#76832509-6#64347803", "unix_time": 1620672292.9004524}
INFO:lccdec.py:lccdec7: file rcvd from preagg7 : preagg7_lccdec7_1jobthscore7b6#58270697-6#11039780-6#87954058-6#08768797-6#76832509-6#64347803
INFO:ccdag_utils.py:runtime_stat:{"task_name": "lccdec7", "event": "queue_start_process", "filename": "preagg7_lccdec7_1jobthscore7b6#58270697-6#11039780-6#87954058-6#08768797-6#76832509-6#64347803", "unix_time": 1620672292.9014897}
INFO:circe.py:runtime_stat:{"task_name": "circe", "event": "new_input_file", "filename": "preagg7_lccdec7_1jobthscore7c6#58270697-6#11039780-6#87954058-6#08768797-6#76832509-6#64347803", "unix_time": 1620672293.099985}
INFO:lccdec.py:lccdec7: file rcvd from preagg7 : preagg7_lccdec7_1jobthscore7c6#58270697-6#11039780-6#87954058-6#08768797-6#76832509-6#64347803
INFO:ccdag_utils.py:runtime_stat:{"task_name": "lccdec7", "event": "queue_start_process", "filename": "preagg7_lccdec7_1jobthscore7c6#58270697-6#11039780-6#87954058-6#08768797-6#76832509-6#64347803", "unix_time": 1620672293.1007633}
INFO:circe.py:runtime_stat:{"task_name": "circe", "event": "new_output_file", "filename": "lccdec7_home_1jobth6#58270697-6#11039780-6#87954058-6#08768797-6#76832509-6#64347803", "unix_time": 1620672293.1356206}
DEBUG:transfer.py:sshpass -p PASSWORD scp -P 5000 -o StrictHostKeyChecking=no /jupiter/circe_output/lccdec7_home_1jobth6#58270697-6#11039780-6#87954058-6#08768797-6#76832509-6#64347803 root@10.110.185.200:/jupiter/circe_input/
INFO:ccdag_utils.py:runtime_stat:{"task_name": "lccdec7", "event": "queue_end_process", "filename": "lccdec7_home_1jobth6#58270697-6#11039780-6#87954058-6#08768797-6#76832509-6#64347803", "unix_time": 1620672293.1368706}
Warning: Permanently added '[10.110.185.200]:5000' (ECDSA) to the list of known hosts.
DEBUG:transfer.py:transfer successful!
INFO:circe.py:runtime_stat:{"task_name": "circe", "event": "new_input_file", "filename": "preagg7_lccdec7_2jobthscore7a6#19079027-6#84454990-6#98530903-6#91114390-6#40780303-6#73700456", "unix_time": 1620672315.9403641}
INFO:lccdec.py:lccdec7: file rcvd from preagg7 : preagg7_lccdec7_2jobthscore7a6#19079027-6#84454990-6#98530903-6#91114390-6#40780303-6#73700456
INFO:ccdag_utils.py:runtime_stat:{"task_name": "lccdec7", "event": "queue_start_process", "filename": "preagg7_lccdec7_2jobthscore7a6#19079027-6#84454990-6#98530903-6#91114390-6#40780303-6#73700456", "unix_time": 1620672315.9414427}
INFO:circe.py:runtime_stat:{"task_name": "circe", "event": "new_input_file", "filename": "preagg7_lccdec7_2jobthscore7b6#19079027-6#84454990-6#98530903-6#91114390-6#40780303-6#73700456", "unix_time": 1620672316.1861186}
INFO:lccdec.py:lccdec7: file rcvd from preagg7 : preagg7_lccdec7_2jobthscore7b6#19079027-6#84454990-6#98530903-6#91114390-6#40780303-6#73700456
INFO:ccdag_utils.py:runtime_stat:{"task_name": "lccdec7", "event": "queue_start_process", "filename": "preagg7_lccdec7_2jobthscore7b6#19079027-6#84454990-6#98530903-6#91114390-6#40780303-6#73700456", "unix_time": 1620672316.186781}
INFO:circe.py:runtime_stat:{"task_name": "circe", "event": "new_input_file", "filename": "preagg7_lccdec7_2jobthscore7c6#19079027-6#84454990-6#98530903-6#91114390-6#40780303-6#73700456", "unix_time": 1620672316.395469}
INFO:lccdec.py:lccdec7: file rcvd from preagg7 : preagg7_lccdec7_2jobthscore7c6#19079027-6#84454990-6#98530903-6#91114390-6#40780303-6#73700456
INFO:ccdag_utils.py:runtime_stat:{"task_name": "lccdec7", "event": "queue_start_process", "filename": "preagg7_lccdec7_2jobthscore7c6#19079027-6#84454990-6#98530903-6#91114390-6#40780303-6#73700456", "unix_time": 1620672316.3963208}
INFO:circe.py:runtime_stat:{"task_name": "circe", "event": "new_output_file", "filename": "lccdec7_home_2jobth6#19079027-6#84454990-6#98530903-6#91114390-6#40780303-6#73700456", "unix_time": 1620672316.420883}
DEBUG:transfer.py:sshpass -p PASSWORD scp -P 5000 -o StrictHostKeyChecking=no /jupiter/circe_output/lccdec7_home_2jobth6#19079027-6#84454990-6#98530903-6#91114390-6#40780303-6#73700456 root@10.110.185.200:/jupiter/circe_input/
INFO:ccdag_utils.py:runtime_stat:{"task_name": "lccdec7", "event": "queue_end_process", "filename": "lccdec7_home_2jobth6#19079027-6#84454990-6#98530903-6#91114390-6#40780303-6#73700456", "unix_time": 1620672316.4251702}
DEBUG:transfer.py:transfer successful!
INFO:circe.py:runtime_stat:{"task_name": "circe", "event": "new_input_file", "filename": "preagg7_lccdec7_3jobthscore7a6#70398358-6#53557576-6#34531559-6#88870218-6#46523787-6#04097588", "unix_time": 1620672327.2050595}
INFO:lccdec.py:lccdec7: file rcvd from preagg7 : preagg7_lccdec7_3jobthscore7a6#70398358-6#53557576-6#34531559-6#88870218-6#46523787-6#04097588
INFO:ccdag_utils.py:runtime_stat:{"task_name": "lccdec7", "event": "queue_start_process", "filename": "preagg7_lccdec7_3jobthscore7a6#70398358-6#53557576-6#34531559-6#88870218-6#46523787-6#04097588", "unix_time": 1620672327.2073557}
INFO:circe.py:runtime_stat:{"task_name": "circe", "event": "new_input_file", "filename": "preagg7_lccdec7_3jobthscore7b6#70398358-6#53557576-6#34531559-6#88870218-6#46523787-6#04097588", "unix_time": 1620672327.424956}
INFO:lccdec.py:lccdec7: file rcvd from preagg7 : preagg7_lccdec7_3jobthscore7b6#70398358-6#53557576-6#34531559-6#88870218-6#46523787-6#04097588
INFO:ccdag_utils.py:runtime_stat:{"task_name": "lccdec7", "event": "queue_start_process", "filename": "preagg7_lccdec7_3jobthscore7b6#70398358-6#53557576-6#34531559-6#88870218-6#46523787-6#04097588", "unix_time": 1620672327.426053}
INFO:circe.py:runtime_stat:{"task_name": "circe", "event": "new_input_file", "filename": "preagg7_lccdec7_3jobthscore7c6#70398358-6#53557576-6#34531559-6#88870218-6#46523787-6#04097588", "unix_time": 1620672327.6409724}
INFO:lccdec.py:lccdec7: file rcvd from preagg7 : preagg7_lccdec7_3jobthscore7c6#70398358-6#53557576-6#34531559-6#88870218-6#46523787-6#04097588
INFO:ccdag_utils.py:runtime_stat:{"task_name": "lccdec7", "event": "queue_start_process", "filename": "preagg7_lccdec7_3jobthscore7c6#70398358-6#53557576-6#34531559-6#88870218-6#46523787-6#04097588", "unix_time": 1620672327.641615}
INFO:circe.py:runtime_stat:{"task_name": "circe", "event": "new_output_file", "filename": "lccdec7_home_3jobth6#70398358-6#53557576-6#34531559-6#88870218-6#46523787-6#04097588", "unix_time": 1620672327.664277}
DEBUG:transfer.py:sshpass -p PASSWORD scp -P 5000 -o StrictHostKeyChecking=no /jupiter/circe_output/lccdec7_home_3jobth6#70398358-6#53557576-6#34531559-6#88870218-6#46523787-6#04097588 root@10.110.185.200:/jupiter/circe_input/
INFO:ccdag_utils.py:runtime_stat:{"task_name": "lccdec7", "event": "queue_end_process", "filename": "lccdec7_home_3jobth6#70398358-6#53557576-6#34531559-6#88870218-6#46523787-6#04097588", "unix_time": 1620672327.6687665}
DEBUG:transfer.py:transfer successful!
INFO:circe.py:runtime_stat:{"task_name": "circe", "event": "new_input_file", "filename": "preagg7_lccdec7_4jobthscore7a6#12822663-6#12940806-6#69248413-6#06412963-6#53363911-6#85909588", "unix_time": 1620672383.424534}
INFO:lccdec.py:lccdec7: file rcvd from preagg7 : preagg7_lccdec7_4jobthscore7a6#12822663-6#12940806-6#69248413-6#06412963-6#53363911-6#85909588
INFO:ccdag_utils.py:runtime_stat:{"task_name": "lccdec7", "event": "queue_start_process", "filename": "preagg7_lccdec7_4jobthscore7a6#12822663-6#12940806-6#69248413-6#06412963-6#53363911-6#85909588", "unix_time": 1620672383.4273882}
INFO:circe.py:runtime_stat:{"task_name": "circe", "event": "new_input_file", "filename": "preagg7_lccdec7_4jobthscore7b6#12822663-6#12940806-6#69248413-6#06412963-6#53363911-6#85909588", "unix_time": 1620672383.6390145}
INFO:lccdec.py:lccdec7: file rcvd from preagg7 : preagg7_lccdec7_4jobthscore7b6#12822663-6#12940806-6#69248413-6#06412963-6#53363911-6#85909588
INFO:ccdag_utils.py:runtime_stat:{"task_name": "lccdec7", "event": "queue_start_process", "filename": "preagg7_lccdec7_4jobthscore7b6#12822663-6#12940806-6#69248413-6#06412963-6#53363911-6#85909588", "unix_time": 1620672383.6399736}
INFO:circe.py:runtime_stat:{"task_name": "circe", "event": "new_input_file", "filename": "preagg7_lccdec7_4jobthscore7c6#12822663-6#12940806-6#69248413-6#06412963-6#53363911-6#85909588", "unix_time": 1620672383.8714619}
INFO:lccdec.py:lccdec7: file rcvd from preagg7 : preagg7_lccdec7_4jobthscore7c6#12822663-6#12940806-6#69248413-6#06412963-6#53363911-6#85909588
INFO:ccdag_utils.py:runtime_stat:{"task_name": "lccdec7", "event": "queue_start_process", "filename": "preagg7_lccdec7_4jobthscore7c6#12822663-6#12940806-6#69248413-6#06412963-6#53363911-6#85909588", "unix_time": 1620672383.8729343}
INFO:circe.py:runtime_stat:{"task_name": "circe", "event": "new_output_file", "filename": "lccdec7_home_4jobth6#12822663-6#12940806-6#69248413-6#06412963-6#53363911-6#85909588", "unix_time": 1620672383.8958266}
DEBUG:transfer.py:sshpass -p PASSWORD scp -P 5000 -o StrictHostKeyChecking=no /jupiter/circe_output/lccdec7_home_4jobth6#12822663-6#12940806-6#69248413-6#06412963-6#53363911-6#85909588 root@10.110.185.200:/jupiter/circe_input/
INFO:ccdag_utils.py:runtime_stat:{"task_name": "lccdec7", "event": "queue_end_process", "filename": "lccdec7_home_4jobth6#12822663-6#12940806-6#69248413-6#06412963-6#53363911-6#85909588", "unix_time": 1620672383.9014726}
DEBUG:transfer.py:transfer successful!
INFO:circe.py:runtime_stat:{"task_name": "circe", "event": "new_input_file", "filename": "preagg7_lccdec7_5jobthscore7a6#23962114-6#38301064-6#98718054-6#76854743-6#40733590-6#69692307", "unix_time": 1620672395.6351972}
INFO:lccdec.py:lccdec7: file rcvd from preagg7 : preagg7_lccdec7_5jobthscore7a6#23962114-6#38301064-6#98718054-6#76854743-6#40733590-6#69692307
INFO:ccdag_utils.py:runtime_stat:{"task_name": "lccdec7", "event": "queue_start_process", "filename": "preagg7_lccdec7_5jobthscore7a6#23962114-6#38301064-6#98718054-6#76854743-6#40733590-6#69692307", "unix_time": 1620672395.6364825}
INFO:circe.py:runtime_stat:{"task_name": "circe", "event": "new_input_file", "filename": "preagg7_lccdec7_5jobthscore7b6#23962114-6#38301064-6#98718054-6#76854743-6#40733590-6#69692307", "unix_time": 1620672395.8575778}
INFO:lccdec.py:lccdec7: file rcvd from preagg7 : preagg7_lccdec7_5jobthscore7b6#23962114-6#38301064-6#98718054-6#76854743-6#40733590-6#69692307
INFO:ccdag_utils.py:runtime_stat:{"task_name": "lccdec7", "event": "queue_start_process", "filename": "preagg7_lccdec7_5jobthscore7b6#23962114-6#38301064-6#98718054-6#76854743-6#40733590-6#69692307", "unix_time": 1620672395.85873}
INFO:circe.py:runtime_stat:{"task_name": "circe", "event": "new_input_file", "filename": "preagg7_lccdec7_5jobthscore7c6#23962114-6#38301064-6#98718054-6#76854743-6#40733590-6#69692307", "unix_time": 1620672396.0659494}
INFO:lccdec.py:lccdec7: file rcvd from preagg7 : preagg7_lccdec7_5jobthscore7c6#23962114-6#38301064-6#98718054-6#76854743-6#40733590-6#69692307
INFO:ccdag_utils.py:runtime_stat:{"task_name": "lccdec7", "event": "queue_start_process", "filename": "preagg7_lccdec7_5jobthscore7c6#23962114-6#38301064-6#98718054-6#76854743-6#40733590-6#69692307", "unix_time": 1620672396.0665433}
INFO:circe.py:runtime_stat:{"task_name": "circe", "event": "new_output_file", "filename": "lccdec7_home_5jobth6#23962114-6#38301064-6#98718054-6#76854743-6#40733590-6#69692307", "unix_time": 1620672396.0916603}
DEBUG:transfer.py:sshpass -p PASSWORD scp -P 5000 -o StrictHostKeyChecking=no /jupiter/circe_output/lccdec7_home_5jobth6#23962114-6#38301064-6#98718054-6#76854743-6#40733590-6#69692307 root@10.110.185.200:/jupiter/circe_input/
INFO:ccdag_utils.py:runtime_stat:{"task_name": "lccdec7", "event": "queue_end_process", "filename": "lccdec7_home_5jobth6#23962114-6#38301064-6#98718054-6#76854743-6#40733590-6#69692307", "unix_time": 1620672396.0961413}
DEBUG:transfer.py:transfer successful!
INFO:circe.py:runtime_stat:{"task_name": "circe", "event": "new_input_file", "filename": "preagg7_lccdec7_6jobthscore7a6#50316159-6#60735355-6#01350076-6#28819889-6#33574694-6#74420006", "unix_time": 1620672416.8761435}
INFO:lccdec.py:lccdec7: file rcvd from preagg7 : preagg7_lccdec7_6jobthscore7a6#50316159-6#60735355-6#01350076-6#28819889-6#33574694-6#74420006
INFO:ccdag_utils.py:runtime_stat:{"task_name": "lccdec7", "event": "queue_start_process", "filename": "preagg7_lccdec7_6jobthscore7a6#50316159-6#60735355-6#01350076-6#28819889-6#33574694-6#74420006", "unix_time": 1620672416.877024}
INFO:circe.py:runtime_stat:{"task_name": "circe", "event": "new_input_file", "filename": "preagg7_lccdec7_6jobthscore7b6#50316159-6#60735355-6#01350076-6#28819889-6#33574694-6#74420006", "unix_time": 1620672417.0953522}
INFO:lccdec.py:lccdec7: file rcvd from preagg7 : preagg7_lccdec7_6jobthscore7b6#50316159-6#60735355-6#01350076-6#28819889-6#33574694-6#74420006
INFO:ccdag_utils.py:runtime_stat:{"task_name": "lccdec7", "event": "queue_start_process", "filename": "preagg7_lccdec7_6jobthscore7b6#50316159-6#60735355-6#01350076-6#28819889-6#33574694-6#74420006", "unix_time": 1620672417.0961368}
INFO:circe.py:runtime_stat:{"task_name": "circe", "event": "new_input_file", "filename": "preagg7_lccdec7_6jobthscore7c6#50316159-6#60735355-6#01350076-6#28819889-6#33574694-6#74420006", "unix_time": 1620672417.3160043}
INFO:lccdec.py:lccdec7: file rcvd from preagg7 : preagg7_lccdec7_6jobthscore7c6#50316159-6#60735355-6#01350076-6#28819889-6#33574694-6#74420006
INFO:ccdag_utils.py:runtime_stat:{"task_name": "lccdec7", "event": "queue_start_process", "filename": "preagg7_lccdec7_6jobthscore7c6#50316159-6#60735355-6#01350076-6#28819889-6#33574694-6#74420006", "unix_time": 1620672417.3175724}
INFO:circe.py:runtime_stat:{"task_name": "circe", "event": "new_output_file", "filename": "lccdec7_home_6jobth6#50316159-6#60735355-6#01350076-6#28819889-6#33574694-6#74420006", "unix_time": 1620672417.3415182}
DEBUG:transfer.py:sshpass -p PASSWORD scp -P 5000 -o StrictHostKeyChecking=no /jupiter/circe_output/lccdec7_home_6jobth6#50316159-6#60735355-6#01350076-6#28819889-6#33574694-6#74420006 root@10.110.185.200:/jupiter/circe_input/
INFO:ccdag_utils.py:runtime_stat:{"task_name": "lccdec7", "event": "queue_end_process", "filename": "lccdec7_home_6jobth6#50316159-6#60735355-6#01350076-6#28819889-6#33574694-6#74420006", "unix_time": 1620672417.345992}
DEBUG:transfer.py:transfer successful!
