 * Starting OpenBSD Secure Shell server sshd
   ...done.
INFO:circe.py:Using base script score.py
DEBUG:circe.py:starting the input monitoring process
DEBUG:circe.py:starting the output monitoring process
INFO:circe.py:runtime_stat:{"task_name": "circe", "event": "new_input_file", "filename": "lccenc4_score4b_3#511-3#920-3#1078-3#1130jobid1.csv", "unix_time": 1620090330.2420566}
INFO:ccdag_utils.py:runtime_stat:{"task_name": "score4b", "event": "queue_start_process", "filename": "lccenc4_score4b_3#511-3#920-3#1078-3#1130jobid1.csv", "unix_time": 1620090330.8559463}
['tiger21.JPEG', 'tiger22.JPEG', 'tiger23.JPEG', 'tiger24.JPEG', 'tiger25.JPEG', 'tiger26.JPEG', 'tiger27.JPEG', 'tiger28.JPEG', 'tiger29.JPEG', 'tiger30.JPEG']
INFO:circe.py:runtime_stat:{"task_name": "circe", "event": "new_output_file", "filename": "score4b_preagg4_1jobth3#511-3#920-3#1078-3#1130", "unix_time": 1620090332.5094416}
DEBUG:transfer.py:sshpass -p PASSWORD scp -P 5000 -o StrictHostKeyChecking=no /jupiter/circe_output/score4b_preagg4_1jobth3#511-3#920-3#1078-3#1130 root@10.105.164.244:/jupiter/circe_input/
INFO:ccdag_utils.py:runtime_stat:{"task_name": "score4b", "event": "queue_end_process", "filename": "score4b_preagg4_1jobth3#511-3#920-3#1078-3#1130", "unix_time": 1620090332.5181413}
Warning: Permanently added '[10.105.164.244]:5000' (ECDSA) to the list of known hosts.
DEBUG:transfer.py:transfer successful!
INFO:circe.py:runtime_stat:{"task_name": "circe", "event": "new_input_file", "filename": "lccenc4_score4b_3#426-3#714-3#729-3#1043jobid2.csv", "unix_time": 1620091413.4799745}
INFO:ccdag_utils.py:runtime_stat:{"task_name": "score4b", "event": "queue_start_process", "filename": "lccenc4_score4b_3#426-3#714-3#729-3#1043jobid2.csv", "unix_time": 1620091413.6597505}
['tiger21.JPEG', 'tiger22.JPEG', 'tiger23.JPEG', 'tiger24.JPEG', 'tiger25.JPEG', 'tiger26.JPEG', 'tiger27.JPEG', 'tiger28.JPEG', 'tiger29.JPEG', 'tiger30.JPEG']
INFO:circe.py:runtime_stat:{"task_name": "circe", "event": "new_output_file", "filename": "score4b_preagg4_2jobth3#426-3#714-3#729-3#1043", "unix_time": 1620091415.1557686}
DEBUG:transfer.py:sshpass -p PASSWORD scp -P 5000 -o StrictHostKeyChecking=no /jupiter/circe_output/score4b_preagg4_2jobth3#426-3#714-3#729-3#1043 root@10.105.164.244:/jupiter/circe_input/
INFO:ccdag_utils.py:runtime_stat:{"task_name": "score4b", "event": "queue_end_process", "filename": "score4b_preagg4_2jobth3#426-3#714-3#729-3#1043", "unix_time": 1620091415.1618204}
DEBUG:transfer.py:transfer successful!
