 * Starting OpenBSD Secure Shell server sshd
   ...done.
INFO:circe.py:Using base script storeclass.py
DEBUG:circe.py:starting the input monitoring process
DEBUG:circe.py:starting the output monitoring process
INFO:circe.py:runtime_stat:{"task_name": "circe", "event": "new_input_file", "filename": "resnet3_storeclass6_25imgpersiancatjobid6.JPEG", "unix_time": 1620092486.1423836}
INFO:ccdag_utils.py:runtime_stat:{"task_name": "storeclass6", "event": "queue_start_process", "filename": "resnet3_storeclass6_25imgpersiancatjobid6.JPEG", "unix_time": 1620092486.2471385}
INFO:ccdag_utils.py:runtime_stat:{"task_name": "storeclass6", "event": "queue_end_process", "filename": "storeclass6_lccenc6_25imgpersiancatjobid6.JPEG", "unix_time": 1620092486.2521133}
INFO:circe.py:runtime_stat:{"task_name": "circe", "event": "new_output_file", "filename": "storeclass6_lccenc6_25imgpersiancatjobid6.JPEG", "unix_time": 1620092486.2532828}
DEBUG:transfer.py:sshpass -p PASSWORD scp -P 5000 -o StrictHostKeyChecking=no /jupiter/circe_output/storeclass6_lccenc6_25imgpersiancatjobid6.JPEG root@10.106.208.215:/jupiter/circe_input/
INFO:circe.py:runtime_stat:{"task_name": "circe", "event": "new_input_file", "filename": "resnet0_storeclass6_154imgpersiancatjobid6.JPEG", "unix_time": 1620092486.26876}
Warning: Permanently added '[10.106.208.215]:5000' (ECDSA) to the list of known hosts.
DEBUG:transfer.py:transfer successful!
INFO:ccdag_utils.py:runtime_stat:{"task_name": "storeclass6", "event": "queue_start_process", "filename": "resnet0_storeclass6_154imgpersiancatjobid6.JPEG", "unix_time": 1620092487.2603898}
INFO:ccdag_utils.py:runtime_stat:{"task_name": "storeclass6", "event": "queue_end_process", "filename": "storeclass6_lccenc6_154imgpersiancatjobid6.JPEG", "unix_time": 1620092487.2645383}
INFO:circe.py:runtime_stat:{"task_name": "circe", "event": "new_output_file", "filename": "storeclass6_lccenc6_154imgpersiancatjobid6.JPEG", "unix_time": 1620092487.2654324}
DEBUG:transfer.py:sshpass -p PASSWORD scp -P 5000 -o StrictHostKeyChecking=no /jupiter/circe_output/storeclass6_lccenc6_154imgpersiancatjobid6.JPEG root@10.106.208.215:/jupiter/circe_input/
DEBUG:transfer.py:transfer successful!
INFO:circe.py:runtime_stat:{"task_name": "circe", "event": "new_input_file", "filename": "resnet1_storeclass6_497imgpersiancatjobid10.JPEG", "unix_time": 1620094648.1044466}
INFO:ccdag_utils.py:runtime_stat:{"task_name": "storeclass6", "event": "queue_start_process", "filename": "resnet1_storeclass6_497imgpersiancatjobid10.JPEG", "unix_time": 1620094648.4917624}
INFO:circe.py:runtime_stat:{"task_name": "circe", "event": "new_output_file", "filename": "storeclass6_lccenc6_497imgpersiancatjobid10.JPEG", "unix_time": 1620094648.4980066}
DEBUG:transfer.py:sshpass -p PASSWORD scp -P 5000 -o StrictHostKeyChecking=no /jupiter/circe_output/storeclass6_lccenc6_497imgpersiancatjobid10.JPEG root@10.106.208.215:/jupiter/circe_input/
INFO:ccdag_utils.py:runtime_stat:{"task_name": "storeclass6", "event": "queue_end_process", "filename": "storeclass6_lccenc6_497imgpersiancatjobid10.JPEG", "unix_time": 1620094648.4985347}
DEBUG:transfer.py:transfer successful!
