 * Starting OpenBSD Secure Shell server sshd
   ...done.
INFO:circe.py:Using base script storeclass.py
DEBUG:circe.py:starting the input monitoring process
DEBUG:circe.py:starting the output monitoring process
INFO:circe.py:runtime_stat:{"task_name": "circe", "event": "new_input_file", "filename": "resnet3_storeclass3_985imgwhitewolfjobid0.JPEG", "unix_time": 1620089247.5207298}
INFO:ccdag_utils.py:runtime_stat:{"task_name": "storeclass3", "event": "queue_start_process", "filename": "resnet3_storeclass3_985imgwhitewolfjobid0.JPEG", "unix_time": 1620089247.6121867}
INFO:ccdag_utils.py:runtime_stat:{"task_name": "storeclass3", "event": "queue_end_process", "filename": "storeclass3_lccenc3_985imgwhitewolfjobid0.JPEG", "unix_time": 1620089247.6213033}
INFO:circe.py:runtime_stat:{"task_name": "circe", "event": "new_output_file", "filename": "storeclass3_lccenc3_985imgwhitewolfjobid0.JPEG", "unix_time": 1620089247.6229284}
DEBUG:transfer.py:sshpass -p PASSWORD scp -P 5000 -o StrictHostKeyChecking=no /jupiter/circe_output/storeclass3_lccenc3_985imgwhitewolfjobid0.JPEG root@10.107.9.167:/jupiter/circe_input/
Warning: Permanently added '[10.107.9.167]:5000' (ECDSA) to the list of known hosts.
DEBUG:transfer.py:transfer successful!
INFO:circe.py:runtime_stat:{"task_name": "circe", "event": "new_input_file", "filename": "resnet1_storeclass3_1082imgwhitewolfjobid2.JPEG", "unix_time": 1620090324.7325454}
INFO:ccdag_utils.py:runtime_stat:{"task_name": "storeclass3", "event": "queue_start_process", "filename": "resnet1_storeclass3_1082imgwhitewolfjobid2.JPEG", "unix_time": 1620090324.7432368}
INFO:ccdag_utils.py:runtime_stat:{"task_name": "storeclass3", "event": "queue_end_process", "filename": "storeclass3_lccenc3_1082imgwhitewolfjobid2.JPEG", "unix_time": 1620090324.7465174}
INFO:circe.py:runtime_stat:{"task_name": "circe", "event": "new_output_file", "filename": "storeclass3_lccenc3_1082imgwhitewolfjobid2.JPEG", "unix_time": 1620090324.747832}
DEBUG:transfer.py:sshpass -p PASSWORD scp -P 5000 -o StrictHostKeyChecking=no /jupiter/circe_output/storeclass3_lccenc3_1082imgwhitewolfjobid2.JPEG root@10.107.9.167:/jupiter/circe_input/
DEBUG:transfer.py:transfer successful!
INFO:circe.py:runtime_stat:{"task_name": "circe", "event": "new_input_file", "filename": "resnet1_storeclass3_1166imgwhitewolfjobid3.JPEG", "unix_time": 1620090886.8432612}
INFO:ccdag_utils.py:runtime_stat:{"task_name": "storeclass3", "event": "queue_start_process", "filename": "resnet1_storeclass3_1166imgwhitewolfjobid3.JPEG", "unix_time": 1620090887.3424678}
INFO:ccdag_utils.py:runtime_stat:{"task_name": "storeclass3", "event": "queue_end_process", "filename": "storeclass3_lccenc3_1166imgwhitewolfjobid3.JPEG", "unix_time": 1620090887.3521907}
INFO:circe.py:runtime_stat:{"task_name": "circe", "event": "new_output_file", "filename": "storeclass3_lccenc3_1166imgwhitewolfjobid3.JPEG", "unix_time": 1620090887.3534694}
DEBUG:transfer.py:sshpass -p PASSWORD scp -P 5000 -o StrictHostKeyChecking=no /jupiter/circe_output/storeclass3_lccenc3_1166imgwhitewolfjobid3.JPEG root@10.107.9.167:/jupiter/circe_input/
DEBUG:transfer.py:transfer successful!
INFO:circe.py:runtime_stat:{"task_name": "circe", "event": "new_input_file", "filename": "resnet8_storeclass3_214imgwhitewolfjobid4.JPEG", "unix_time": 1620091410.1914773}
INFO:ccdag_utils.py:runtime_stat:{"task_name": "storeclass3", "event": "queue_start_process", "filename": "resnet8_storeclass3_214imgwhitewolfjobid4.JPEG", "unix_time": 1620091410.900325}
INFO:ccdag_utils.py:runtime_stat:{"task_name": "storeclass3", "event": "queue_end_process", "filename": "storeclass3_lccenc3_214imgwhitewolfjobid4.JPEG", "unix_time": 1620091410.9071066}
INFO:circe.py:runtime_stat:{"task_name": "circe", "event": "new_output_file", "filename": "storeclass3_lccenc3_214imgwhitewolfjobid4.JPEG", "unix_time": 1620091410.9085217}
DEBUG:transfer.py:sshpass -p PASSWORD scp -P 5000 -o StrictHostKeyChecking=no /jupiter/circe_output/storeclass3_lccenc3_214imgwhitewolfjobid4.JPEG root@10.107.9.167:/jupiter/circe_input/
DEBUG:transfer.py:transfer successful!
INFO:circe.py:runtime_stat:{"task_name": "circe", "event": "new_input_file", "filename": "resnet0_storeclass3_624imgwhitewolfjobid5.JPEG", "unix_time": 1620091969.4520466}
INFO:ccdag_utils.py:runtime_stat:{"task_name": "storeclass3", "event": "queue_start_process", "filename": "resnet0_storeclass3_624imgwhitewolfjobid5.JPEG", "unix_time": 1620091969.4814334}
INFO:ccdag_utils.py:runtime_stat:{"task_name": "storeclass3", "event": "queue_end_process", "filename": "storeclass3_lccenc3_624imgwhitewolfjobid5.JPEG", "unix_time": 1620091969.4903326}
INFO:circe.py:runtime_stat:{"task_name": "circe", "event": "new_output_file", "filename": "storeclass3_lccenc3_624imgwhitewolfjobid5.JPEG", "unix_time": 1620091969.49204}
DEBUG:transfer.py:sshpass -p PASSWORD scp -P 5000 -o StrictHostKeyChecking=no /jupiter/circe_output/storeclass3_lccenc3_624imgwhitewolfjobid5.JPEG root@10.107.9.167:/jupiter/circe_input/
DEBUG:transfer.py:transfer successful!
INFO:circe.py:runtime_stat:{"task_name": "circe", "event": "new_input_file", "filename": "resnet1_storeclass3_1191imgwhitewolfjobid6.JPEG", "unix_time": 1620092486.564326}
INFO:ccdag_utils.py:runtime_stat:{"task_name": "storeclass3", "event": "queue_start_process", "filename": "resnet1_storeclass3_1191imgwhitewolfjobid6.JPEG", "unix_time": 1620092487.0282755}
INFO:circe.py:runtime_stat:{"task_name": "circe", "event": "new_output_file", "filename": "storeclass3_lccenc3_1191imgwhitewolfjobid6.JPEG", "unix_time": 1620092487.0359528}
DEBUG:transfer.py:sshpass -p PASSWORD scp -P 5000 -o StrictHostKeyChecking=no /jupiter/circe_output/storeclass3_lccenc3_1191imgwhitewolfjobid6.JPEG root@10.107.9.167:/jupiter/circe_input/
INFO:ccdag_utils.py:runtime_stat:{"task_name": "storeclass3", "event": "queue_end_process", "filename": "storeclass3_lccenc3_1191imgwhitewolfjobid6.JPEG", "unix_time": 1620092487.0366802}
DEBUG:transfer.py:transfer successful!
INFO:circe.py:runtime_stat:{"task_name": "circe", "event": "new_input_file", "filename": "resnet2_storeclass3_131imgwhitewolfjobid8.JPEG", "unix_time": 1620093567.6339812}
INFO:ccdag_utils.py:runtime_stat:{"task_name": "storeclass3", "event": "queue_start_process", "filename": "resnet2_storeclass3_131imgwhitewolfjobid8.JPEG", "unix_time": 1620093568.1565652}
INFO:ccdag_utils.py:runtime_stat:{"task_name": "storeclass3", "event": "queue_end_process", "filename": "storeclass3_lccenc3_131imgwhitewolfjobid8.JPEG", "unix_time": 1620093568.1660662}
INFO:circe.py:runtime_stat:{"task_name": "circe", "event": "new_output_file", "filename": "storeclass3_lccenc3_131imgwhitewolfjobid8.JPEG", "unix_time": 1620093568.1666133}
DEBUG:transfer.py:sshpass -p PASSWORD scp -P 5000 -o StrictHostKeyChecking=no /jupiter/circe_output/storeclass3_lccenc3_131imgwhitewolfjobid8.JPEG root@10.107.9.167:/jupiter/circe_input/
DEBUG:transfer.py:transfer successful!
INFO:circe.py:runtime_stat:{"task_name": "circe", "event": "new_input_file", "filename": "resnet3_storeclass3_42imgwhitewolfjobid9.JPEG", "unix_time": 1620094129.875942}
INFO:ccdag_utils.py:runtime_stat:{"task_name": "storeclass3", "event": "queue_start_process", "filename": "resnet3_storeclass3_42imgwhitewolfjobid9.JPEG", "unix_time": 1620094130.7522852}
INFO:circe.py:runtime_stat:{"task_name": "circe", "event": "new_output_file", "filename": "storeclass3_lccenc3_42imgwhitewolfjobid9.JPEG", "unix_time": 1620094130.7564523}
DEBUG:transfer.py:sshpass -p PASSWORD scp -P 5000 -o StrictHostKeyChecking=no /jupiter/circe_output/storeclass3_lccenc3_42imgwhitewolfjobid9.JPEG root@10.107.9.167:/jupiter/circe_input/
INFO:ccdag_utils.py:runtime_stat:{"task_name": "storeclass3", "event": "queue_end_process", "filename": "storeclass3_lccenc3_42imgwhitewolfjobid9.JPEG", "unix_time": 1620094130.7606547}
DEBUG:transfer.py:transfer successful!
