 * Starting OpenBSD Secure Shell server sshd
   ...done.
INFO:circe.py:Using base script score.py
DEBUG:circe.py:starting the input monitoring process
DEBUG:circe.py:starting the output monitoring process
INFO:circe.py:runtime_stat:{"task_name": "circe", "event": "new_input_file", "filename": "lccenc3_score3c_2#985-2#1082-2#1166-2#214jobid1.csv", "unix_time": 1620091415.3219423}
INFO:ccdag_utils.py:runtime_stat:{"task_name": "score3c", "event": "queue_start_process", "filename": "lccenc3_score3c_2#985-2#1082-2#1166-2#214jobid1.csv", "unix_time": 1620091415.6450229}
['whitewolf21.JPEG', 'whitewolf22.JPEG', 'whitewolf23.JPEG', 'whitewolf24.JPEG', 'whitewolf25.JPEG', 'whitewolf26.JPEG', 'whitewolf27.JPEG', 'whitewolf28.JPEG', 'whitewolf29.JPEG', 'whitewolf30.JPEG']
INFO:circe.py:runtime_stat:{"task_name": "circe", "event": "new_output_file", "filename": "score3c_preagg3_1jobth2#985-2#1082-2#1166-2#214", "unix_time": 1620091417.3063405}
DEBUG:transfer.py:sshpass -p PASSWORD scp -P 5000 -o StrictHostKeyChecking=no /jupiter/circe_output/score3c_preagg3_1jobth2#985-2#1082-2#1166-2#214 root@10.109.83.214:/jupiter/circe_input/
INFO:ccdag_utils.py:runtime_stat:{"task_name": "score3c", "event": "queue_end_process", "filename": "score3c_preagg3_1jobth2#985-2#1082-2#1166-2#214", "unix_time": 1620091417.3139153}
Warning: Permanently added '[10.109.83.214]:5000' (ECDSA) to the list of known hosts.
DEBUG:transfer.py:transfer successful!
INFO:circe.py:runtime_stat:{"task_name": "circe", "event": "new_input_file", "filename": "lccenc3_score3c_2#624-2#1191-2#131-2#42jobid2.csv", "unix_time": 1620094135.5016503}
INFO:ccdag_utils.py:runtime_stat:{"task_name": "score3c", "event": "queue_start_process", "filename": "lccenc3_score3c_2#624-2#1191-2#131-2#42jobid2.csv", "unix_time": 1620094136.1914756}
['whitewolf21.JPEG', 'whitewolf22.JPEG', 'whitewolf23.JPEG', 'whitewolf24.JPEG', 'whitewolf25.JPEG', 'whitewolf26.JPEG', 'whitewolf27.JPEG', 'whitewolf28.JPEG', 'whitewolf29.JPEG', 'whitewolf30.JPEG']
INFO:circe.py:runtime_stat:{"task_name": "circe", "event": "new_output_file", "filename": "score3c_preagg3_2jobth2#624-2#1191-2#131-2#42", "unix_time": 1620094137.6652708}
DEBUG:transfer.py:sshpass -p PASSWORD scp -P 5000 -o StrictHostKeyChecking=no /jupiter/circe_output/score3c_preagg3_2jobth2#624-2#1191-2#131-2#42 root@10.109.83.214:/jupiter/circe_input/
INFO:ccdag_utils.py:runtime_stat:{"task_name": "score3c", "event": "queue_end_process", "filename": "score3c_preagg3_2jobth2#624-2#1191-2#131-2#42", "unix_time": 1620094137.6708364}
DEBUG:transfer.py:transfer successful!
