 * Starting OpenBSD Secure Shell server sshd
   ...done.
INFO:circe.py:Using base script storeclass.py
DEBUG:circe.py:starting the input monitoring process
DEBUG:circe.py:starting the output monitoring process
INFO:circe.py:runtime_stat:{"task_name": "circe", "event": "new_input_file", "filename": "resnet6_storeclass2_749imgschoolbusjobid6.JPEG", "unix_time": 1620092486.0756106}
INFO:circe.py:runtime_stat:{"task_name": "circe", "event": "new_input_file", "filename": "resnet2_storeclass2_567imgschoolbusjobid6.JPEG", "unix_time": 1620092486.2115738}
INFO:ccdag_utils.py:runtime_stat:{"task_name": "storeclass2", "event": "queue_start_process", "filename": "resnet6_storeclass2_749imgschoolbusjobid6.JPEG", "unix_time": 1620092486.6982868}
INFO:circe.py:runtime_stat:{"task_name": "circe", "event": "new_output_file", "filename": "storeclass2_lccenc2_749imgschoolbusjobid6.JPEG", "unix_time": 1620092486.7033215}
DEBUG:transfer.py:sshpass -p PASSWORD scp -P 5000 -o StrictHostKeyChecking=no /jupiter/circe_output/storeclass2_lccenc2_749imgschoolbusjobid6.JPEG root@10.104.170.177:/jupiter/circe_input/
INFO:ccdag_utils.py:runtime_stat:{"task_name": "storeclass2", "event": "queue_end_process", "filename": "storeclass2_lccenc2_749imgschoolbusjobid6.JPEG", "unix_time": 1620092486.7038996}
INFO:ccdag_utils.py:runtime_stat:{"task_name": "storeclass2", "event": "queue_start_process", "filename": "resnet2_storeclass2_567imgschoolbusjobid6.JPEG", "unix_time": 1620092486.707624}
INFO:ccdag_utils.py:runtime_stat:{"task_name": "storeclass2", "event": "queue_end_process", "filename": "storeclass2_lccenc2_567imgschoolbusjobid6.JPEG", "unix_time": 1620092486.7108977}
Warning: Permanently added '[10.104.170.177]:5000' (ECDSA) to the list of known hosts.
INFO:circe.py:runtime_stat:{"task_name": "circe", "event": "new_input_file", "filename": "home_storeclass2_762imgschoolbusjobid6.JPEG", "unix_time": 1620092486.9201338}
DEBUG:transfer.py:transfer successful!
INFO:circe.py:runtime_stat:{"task_name": "circe", "event": "new_output_file", "filename": "storeclass2_lccenc2_567imgschoolbusjobid6.JPEG", "unix_time": 1620092486.924314}
DEBUG:transfer.py:sshpass -p PASSWORD scp -P 5000 -o StrictHostKeyChecking=no /jupiter/circe_output/storeclass2_lccenc2_567imgschoolbusjobid6.JPEG root@10.104.170.177:/jupiter/circe_input/
DEBUG:transfer.py:transfer successful!
INFO:ccdag_utils.py:runtime_stat:{"task_name": "storeclass2", "event": "queue_start_process", "filename": "home_storeclass2_762imgschoolbusjobid6.JPEG", "unix_time": 1620092487.712557}
INFO:ccdag_utils.py:runtime_stat:{"task_name": "storeclass2", "event": "queue_end_process", "filename": "storeclass2_lccenc2_762imgschoolbusjobid6.JPEG", "unix_time": 1620092487.7205677}
INFO:circe.py:runtime_stat:{"task_name": "circe", "event": "new_output_file", "filename": "storeclass2_lccenc2_762imgschoolbusjobid6.JPEG", "unix_time": 1620092487.7212932}
DEBUG:transfer.py:sshpass -p PASSWORD scp -P 5000 -o StrictHostKeyChecking=no /jupiter/circe_output/storeclass2_lccenc2_762imgschoolbusjobid6.JPEG root@10.104.170.177:/jupiter/circe_input/
DEBUG:transfer.py:transfer successful!
INFO:circe.py:runtime_stat:{"task_name": "circe", "event": "new_input_file", "filename": "resnet0_storeclass2_83imgschoolbusjobid7.JPEG", "unix_time": 1620093049.288265}
INFO:ccdag_utils.py:runtime_stat:{"task_name": "storeclass2", "event": "queue_start_process", "filename": "resnet0_storeclass2_83imgschoolbusjobid7.JPEG", "unix_time": 1620093049.3086784}
INFO:ccdag_utils.py:runtime_stat:{"task_name": "storeclass2", "event": "queue_end_process", "filename": "storeclass2_lccenc2_83imgschoolbusjobid7.JPEG", "unix_time": 1620093049.3132553}
INFO:circe.py:runtime_stat:{"task_name": "circe", "event": "new_output_file", "filename": "storeclass2_lccenc2_83imgschoolbusjobid7.JPEG", "unix_time": 1620093049.3142972}
DEBUG:transfer.py:sshpass -p PASSWORD scp -P 5000 -o StrictHostKeyChecking=no /jupiter/circe_output/storeclass2_lccenc2_83imgschoolbusjobid7.JPEG root@10.104.170.177:/jupiter/circe_input/
DEBUG:transfer.py:transfer successful!
INFO:circe.py:runtime_stat:{"task_name": "circe", "event": "new_input_file", "filename": "resnet3_storeclass2_689imgschoolbusjobid7.JPEG", "unix_time": 1620093050.1468306}
INFO:ccdag_utils.py:runtime_stat:{"task_name": "storeclass2", "event": "queue_start_process", "filename": "resnet3_storeclass2_689imgschoolbusjobid7.JPEG", "unix_time": 1620093050.3146708}
INFO:ccdag_utils.py:runtime_stat:{"task_name": "storeclass2", "event": "queue_end_process", "filename": "storeclass2_lccenc2_689imgschoolbusjobid7.JPEG", "unix_time": 1620093050.3162298}
INFO:circe.py:runtime_stat:{"task_name": "circe", "event": "new_output_file", "filename": "storeclass2_lccenc2_689imgschoolbusjobid7.JPEG", "unix_time": 1620093050.3173804}
DEBUG:transfer.py:sshpass -p PASSWORD scp -P 5000 -o StrictHostKeyChecking=no /jupiter/circe_output/storeclass2_lccenc2_689imgschoolbusjobid7.JPEG root@10.104.170.177:/jupiter/circe_input/
DEBUG:transfer.py:transfer successful!
INFO:circe.py:runtime_stat:{"task_name": "circe", "event": "new_input_file", "filename": "home_storeclass2_503imgschoolbusjobid7.JPEG", "unix_time": 1620093050.8964632}
INFO:ccdag_utils.py:runtime_stat:{"task_name": "storeclass2", "event": "queue_start_process", "filename": "home_storeclass2_503imgschoolbusjobid7.JPEG", "unix_time": 1620093051.3193846}
INFO:ccdag_utils.py:runtime_stat:{"task_name": "storeclass2", "event": "queue_end_process", "filename": "storeclass2_lccenc2_503imgschoolbusjobid7.JPEG", "unix_time": 1620093051.3474882}
INFO:circe.py:runtime_stat:{"task_name": "circe", "event": "new_output_file", "filename": "storeclass2_lccenc2_503imgschoolbusjobid7.JPEG", "unix_time": 1620093051.347901}
DEBUG:transfer.py:sshpass -p PASSWORD scp -P 5000 -o StrictHostKeyChecking=no /jupiter/circe_output/storeclass2_lccenc2_503imgschoolbusjobid7.JPEG root@10.104.170.177:/jupiter/circe_input/
DEBUG:transfer.py:transfer successful!
INFO:circe.py:runtime_stat:{"task_name": "circe", "event": "new_input_file", "filename": "resnet7_storeclass2_1184imgschoolbusjobid8.JPEG", "unix_time": 1620093567.9103434}
INFO:ccdag_utils.py:runtime_stat:{"task_name": "storeclass2", "event": "queue_start_process", "filename": "resnet7_storeclass2_1184imgschoolbusjobid8.JPEG", "unix_time": 1620093568.8883095}
INFO:ccdag_utils.py:runtime_stat:{"task_name": "storeclass2", "event": "queue_end_process", "filename": "storeclass2_lccenc2_1184imgschoolbusjobid8.JPEG", "unix_time": 1620093568.899915}
INFO:circe.py:runtime_stat:{"task_name": "circe", "event": "new_output_file", "filename": "storeclass2_lccenc2_1184imgschoolbusjobid8.JPEG", "unix_time": 1620093568.9007587}
DEBUG:transfer.py:sshpass -p PASSWORD scp -P 5000 -o StrictHostKeyChecking=no /jupiter/circe_output/storeclass2_lccenc2_1184imgschoolbusjobid8.JPEG root@10.104.170.177:/jupiter/circe_input/
DEBUG:transfer.py:transfer successful!
INFO:circe.py:runtime_stat:{"task_name": "circe", "event": "new_input_file", "filename": "resnet1_storeclass2_236imgschoolbusjobid9.JPEG", "unix_time": 1620094129.399614}
INFO:ccdag_utils.py:runtime_stat:{"task_name": "storeclass2", "event": "queue_start_process", "filename": "resnet1_storeclass2_236imgschoolbusjobid9.JPEG", "unix_time": 1620094129.4906254}
INFO:ccdag_utils.py:runtime_stat:{"task_name": "storeclass2", "event": "queue_end_process", "filename": "storeclass2_lccenc2_236imgschoolbusjobid9.JPEG", "unix_time": 1620094129.4929447}
INFO:circe.py:runtime_stat:{"task_name": "circe", "event": "new_output_file", "filename": "storeclass2_lccenc2_236imgschoolbusjobid9.JPEG", "unix_time": 1620094129.4959645}
DEBUG:transfer.py:sshpass -p PASSWORD scp -P 5000 -o StrictHostKeyChecking=no /jupiter/circe_output/storeclass2_lccenc2_236imgschoolbusjobid9.JPEG root@10.104.170.177:/jupiter/circe_input/
DEBUG:transfer.py:transfer successful!
INFO:circe.py:runtime_stat:{"task_name": "circe", "event": "new_input_file", "filename": "resnet4_storeclass2_1163imgschoolbusjobid10.JPEG", "unix_time": 1620094648.4219215}
INFO:circe.py:runtime_stat:{"task_name": "circe", "event": "new_input_file", "filename": "home_storeclass2_1256imgschoolbusjobid10.JPEG", "unix_time": 1620094648.678353}
INFO:circe.py:runtime_stat:{"task_name": "circe", "event": "new_input_file", "filename": "resnet2_storeclass2_923imgschoolbusjobid10.JPEG", "unix_time": 1620094648.7076783}
INFO:ccdag_utils.py:runtime_stat:{"task_name": "storeclass2", "event": "queue_start_process", "filename": "resnet4_storeclass2_1163imgschoolbusjobid10.JPEG", "unix_time": 1620094649.0476778}
INFO:circe.py:runtime_stat:{"task_name": "circe", "event": "new_output_file", "filename": "storeclass2_lccenc2_1163imgschoolbusjobid10.JPEG", "unix_time": 1620094649.0614536}
DEBUG:transfer.py:sshpass -p PASSWORD scp -P 5000 -o StrictHostKeyChecking=no /jupiter/circe_output/storeclass2_lccenc2_1163imgschoolbusjobid10.JPEG root@10.104.170.177:/jupiter/circe_input/
INFO:ccdag_utils.py:runtime_stat:{"task_name": "storeclass2", "event": "queue_end_process", "filename": "storeclass2_lccenc2_1163imgschoolbusjobid10.JPEG", "unix_time": 1620094649.0662684}
INFO:ccdag_utils.py:runtime_stat:{"task_name": "storeclass2", "event": "queue_start_process", "filename": "home_storeclass2_1256imgschoolbusjobid10.JPEG", "unix_time": 1620094649.0676177}
INFO:ccdag_utils.py:runtime_stat:{"task_name": "storeclass2", "event": "queue_end_process", "filename": "storeclass2_lccenc2_1256imgschoolbusjobid10.JPEG", "unix_time": 1620094649.0733535}
INFO:ccdag_utils.py:runtime_stat:{"task_name": "storeclass2", "event": "queue_start_process", "filename": "resnet2_storeclass2_923imgschoolbusjobid10.JPEG", "unix_time": 1620094649.0746918}
INFO:ccdag_utils.py:runtime_stat:{"task_name": "storeclass2", "event": "queue_end_process", "filename": "storeclass2_lccenc2_923imgschoolbusjobid10.JPEG", "unix_time": 1620094649.0800998}
DEBUG:transfer.py:transfer successful!
INFO:circe.py:runtime_stat:{"task_name": "circe", "event": "new_output_file", "filename": "storeclass2_lccenc2_1256imgschoolbusjobid10.JPEG", "unix_time": 1620094649.284425}
DEBUG:transfer.py:sshpass -p PASSWORD scp -P 5000 -o StrictHostKeyChecking=no /jupiter/circe_output/storeclass2_lccenc2_1256imgschoolbusjobid10.JPEG root@10.104.170.177:/jupiter/circe_input/
DEBUG:transfer.py:transfer successful!
INFO:circe.py:runtime_stat:{"task_name": "circe", "event": "new_output_file", "filename": "storeclass2_lccenc2_923imgschoolbusjobid10.JPEG", "unix_time": 1620094649.5057983}
DEBUG:transfer.py:sshpass -p PASSWORD scp -P 5000 -o StrictHostKeyChecking=no /jupiter/circe_output/storeclass2_lccenc2_923imgschoolbusjobid10.JPEG root@10.104.170.177:/jupiter/circe_input/
DEBUG:transfer.py:transfer successful!
