 * Starting OpenBSD Secure Shell server sshd
   ...done.
INFO:circe.py:Using base script preagg.py
DEBUG:circe.py:starting the input monitoring process
DEBUG:circe.py:starting the output monitoring process
1
INFO:circe.py:runtime_stat:{"task_name": "circe", "event": "new_input_file", "filename": "score1b_preagg1_1jobth1#883-0#381-0#1179-0#674", "unix_time": 1620091975.1660895}
INFO:ccdag_utils.py:runtime_stat:{"task_name": "preagg1", "event": "queue_start_process", "filename": "score1b_preagg1_1jobth1#883-0#381-0#1179-0#674", "unix_time": 1620091975.9365788}
INFO:circe.py:runtime_stat:{"task_name": "circe", "event": "new_input_file", "filename": "score1c_preagg1_1jobth1#883-0#381-0#1179-0#674", "unix_time": 1620091978.3685954}
INFO:ccdag_utils.py:runtime_stat:{"task_name": "preagg1", "event": "queue_start_process", "filename": "score1c_preagg1_1jobth1#883-0#381-0#1179-0#674", "unix_time": 1620091979.0085602}
preagg1_lccdec1_1jobthscore1a1#883-0#381-0#1179-0#674
INFO:circe.py:runtime_stat:{"task_name": "circe", "event": "new_output_file", "filename": "preagg1_lccdec1_1jobthscore1a1#883-0#381-0#1179-0#674", "unix_time": 1620091979.0710776}
DEBUG:transfer.py:sshpass -p PASSWORD scp -P 5000 -o StrictHostKeyChecking=no /jupiter/circe_output/preagg1_lccdec1_1jobthscore1a1#883-0#381-0#1179-0#674 root@10.105.146.121:/jupiter/circe_input/
INFO:ccdag_utils.py:runtime_stat:{"task_name": "preagg1", "event": "queue_end_process", "filename": "preagg1_lccdec1_1jobthscore1a1#883-0#381-0#1179-0#674", "unix_time": 1620091979.0765114}
preagg1_lccdec1_1jobthscore1b1#883-0#381-0#1179-0#674
INFO:ccdag_utils.py:runtime_stat:{"task_name": "preagg1", "event": "queue_end_process", "filename": "preagg1_lccdec1_1jobthscore1b1#883-0#381-0#1179-0#674", "unix_time": 1620091979.08328}
Warning: Permanently added '[10.105.146.121]:5000' (ECDSA) to the list of known hosts.
DEBUG:transfer.py:transfer successful!
INFO:circe.py:runtime_stat:{"task_name": "circe", "event": "new_output_file", "filename": "preagg1_lccdec1_1jobthscore1b1#883-0#381-0#1179-0#674", "unix_time": 1620091979.3094022}
DEBUG:transfer.py:sshpass -p PASSWORD scp -P 5000 -o StrictHostKeyChecking=no /jupiter/circe_output/preagg1_lccdec1_1jobthscore1b1#883-0#381-0#1179-0#674 root@10.105.146.121:/jupiter/circe_input/
DEBUG:transfer.py:transfer successful!
INFO:circe.py:runtime_stat:{"task_name": "circe", "event": "new_input_file", "filename": "score1a_preagg1_1jobth1#883-0#381-0#1179-0#674", "unix_time": 1620091979.79527}
INFO:ccdag_utils.py:runtime_stat:{"task_name": "preagg1", "event": "queue_start_process", "filename": "score1a_preagg1_1jobth1#883-0#381-0#1179-0#674", "unix_time": 1620091980.0851362}
