 * Starting OpenBSD Secure Shell server sshd
   ...done.
INFO:circe.py:Using base script score.py
DEBUG:circe.py:starting the input monitoring process
DEBUG:circe.py:starting the output monitoring process
INFO:circe.py:runtime_stat:{"task_name": "circe", "event": "new_input_file", "filename": "lccenc2_score2a_1#749-1#567-1#762-1#83jobid1.csv", "unix_time": 1620093051.910414}
INFO:ccdag_utils.py:runtime_stat:{"task_name": "score2a", "event": "queue_start_process", "filename": "lccenc2_score2a_1#749-1#567-1#762-1#83jobid1.csv", "unix_time": 1620093051.998276}
['schoolbus21.JPEG', 'schoolbus22.JPEG', 'schoolbus23.JPEG', 'schoolbus24.JPEG', 'schoolbus25.JPEG', 'schoolbus26.JPEG', 'schoolbus27.JPEG', 'schoolbus28.JPEG', 'schoolbus29.JPEG', 'schoolbus30.JPEG']
INFO:circe.py:runtime_stat:{"task_name": "circe", "event": "new_output_file", "filename": "score2a_preagg2_1jobth1#749-1#567-1#762-1#83", "unix_time": 1620093058.597829}
DEBUG:transfer.py:sshpass -p PASSWORD scp -P 5000 -o StrictHostKeyChecking=no /jupiter/circe_output/score2a_preagg2_1jobth1#749-1#567-1#762-1#83 root@10.109.218.63:/jupiter/circe_input/
INFO:ccdag_utils.py:runtime_stat:{"task_name": "score2a", "event": "queue_end_process", "filename": "score2a_preagg2_1jobth1#749-1#567-1#762-1#83", "unix_time": 1620093058.6054742}
Warning: Permanently added '[10.109.218.63]:5000' (ECDSA) to the list of known hosts.
DEBUG:transfer.py:transfer successful!
INFO:circe.py:runtime_stat:{"task_name": "circe", "event": "new_input_file", "filename": "lccenc2_score2a_1#689-1#503-1#1184-1#236jobid2.csv", "unix_time": 1620094132.766156}
INFO:ccdag_utils.py:runtime_stat:{"task_name": "score2a", "event": "queue_start_process", "filename": "lccenc2_score2a_1#689-1#503-1#1184-1#236jobid2.csv", "unix_time": 1620094133.688143}
['schoolbus21.JPEG', 'schoolbus22.JPEG', 'schoolbus23.JPEG', 'schoolbus24.JPEG', 'schoolbus25.JPEG', 'schoolbus26.JPEG', 'schoolbus27.JPEG', 'schoolbus28.JPEG', 'schoolbus29.JPEG', 'schoolbus30.JPEG']
INFO:circe.py:runtime_stat:{"task_name": "circe", "event": "new_output_file", "filename": "score2a_preagg2_2jobth1#689-1#503-1#1184-1#236", "unix_time": 1620094140.2679439}
DEBUG:transfer.py:sshpass -p PASSWORD scp -P 5000 -o StrictHostKeyChecking=no /jupiter/circe_output/score2a_preagg2_2jobth1#689-1#503-1#1184-1#236 root@10.109.218.63:/jupiter/circe_input/
INFO:ccdag_utils.py:runtime_stat:{"task_name": "score2a", "event": "queue_end_process", "filename": "score2a_preagg2_2jobth1#689-1#503-1#1184-1#236", "unix_time": 1620094140.2738295}
DEBUG:transfer.py:transfer successful!
