 * Starting OpenBSD Secure Shell server sshd
   ...done.
INFO:circe.py:Using base script preagg.py
DEBUG:circe.py:starting the input monitoring process
DEBUG:circe.py:starting the output monitoring process
8
INFO:circe.py:runtime_stat:{"task_name": "circe", "event": "new_input_file", "filename": "score8b_preagg8_1jobth7#423-7#695-7#106-7#511", "unix_time": 1620094136.4995542}
INFO:ccdag_utils.py:runtime_stat:{"task_name": "preagg8", "event": "queue_start_process", "filename": "score8b_preagg8_1jobth7#423-7#695-7#106-7#511", "unix_time": 1620094136.9020634}
INFO:circe.py:runtime_stat:{"task_name": "circe", "event": "new_input_file", "filename": "score8c_preagg8_1jobth7#423-7#695-7#106-7#511", "unix_time": 1620094138.0867205}
INFO:ccdag_utils.py:runtime_stat:{"task_name": "preagg8", "event": "queue_start_process", "filename": "score8c_preagg8_1jobth7#423-7#695-7#106-7#511", "unix_time": 1620094138.9731102}
preagg8_lccdec8_1jobthscore8a7#423-7#695-7#106-7#511
INFO:ccdag_utils.py:runtime_stat:{"task_name": "preagg8", "event": "queue_end_process", "filename": "preagg8_lccdec8_1jobthscore8a7#423-7#695-7#106-7#511", "unix_time": 1620094139.0394685}
INFO:circe.py:runtime_stat:{"task_name": "circe", "event": "new_output_file", "filename": "preagg8_lccdec8_1jobthscore8a7#423-7#695-7#106-7#511", "unix_time": 1620094139.0427063}
DEBUG:transfer.py:sshpass -p PASSWORD scp -P 5000 -o StrictHostKeyChecking=no /jupiter/circe_output/preagg8_lccdec8_1jobthscore8a7#423-7#695-7#106-7#511 root@10.96.76.202:/jupiter/circe_input/
preagg8_lccdec8_1jobthscore8b7#423-7#695-7#106-7#511
INFO:ccdag_utils.py:runtime_stat:{"task_name": "preagg8", "event": "queue_end_process", "filename": "preagg8_lccdec8_1jobthscore8b7#423-7#695-7#106-7#511", "unix_time": 1620094139.0514565}
Warning: Permanently added '[10.96.76.202]:5000' (ECDSA) to the list of known hosts.
DEBUG:transfer.py:transfer successful!
INFO:circe.py:runtime_stat:{"task_name": "circe", "event": "new_output_file", "filename": "preagg8_lccdec8_1jobthscore8b7#423-7#695-7#106-7#511", "unix_time": 1620094139.277528}
DEBUG:transfer.py:sshpass -p PASSWORD scp -P 5000 -o StrictHostKeyChecking=no /jupiter/circe_output/preagg8_lccdec8_1jobthscore8b7#423-7#695-7#106-7#511 root@10.96.76.202:/jupiter/circe_input/
DEBUG:transfer.py:transfer successful!
INFO:circe.py:runtime_stat:{"task_name": "circe", "event": "new_input_file", "filename": "score8a_preagg8_1jobth7#423-7#695-7#106-7#511", "unix_time": 1620094140.7544785}
INFO:ccdag_utils.py:runtime_stat:{"task_name": "preagg8", "event": "queue_start_process", "filename": "score8a_preagg8_1jobth7#423-7#695-7#106-7#511", "unix_time": 1620094141.060147}
