 * Starting OpenBSD Secure Shell server sshd
   ...done.
INFO:circe.py:Using base script lccenc.py
DEBUG:circe.py:starting the input monitoring process
DEBUG:circe.py:starting the output monitoring process
3
INFO:circe.py:runtime_stat:{"task_name": "circe", "event": "new_input_file", "filename": "storeclass3_lccenc3_985imgwhitewolfjobid0.JPEG", "unix_time": 1620089247.8649445}
INFO:circe.py:runtime_stat:{"task_name": "circe", "event": "new_input_file", "filename": "storeclass3_lccenc3_1082imgwhitewolfjobid2.JPEG", "unix_time": 1620090324.980501}
INFO:circe.py:runtime_stat:{"task_name": "circe", "event": "new_input_file", "filename": "storeclass3_lccenc3_1166imgwhitewolfjobid3.JPEG", "unix_time": 1620090887.5694308}
INFO:circe.py:runtime_stat:{"task_name": "circe", "event": "new_input_file", "filename": "storeclass3_lccenc3_214imgwhitewolfjobid4.JPEG", "unix_time": 1620091411.1319456}
INFO:ccdag_utils.py:runtime_stat:{"task_name": "lccenc3", "event": "queue_start_process", "filename": "storeclass3_lccenc3_985imgwhitewolfjobid0.JPEG", "unix_time": 1620091411.6077883}
INFO:ccdag_utils.py:runtime_stat:{"task_name": "lccenc3", "event": "queue_start_process", "filename": "storeclass3_lccenc3_1082imgwhitewolfjobid2.JPEG", "unix_time": 1620091411.6081457}
INFO:ccdag_utils.py:runtime_stat:{"task_name": "lccenc3", "event": "queue_start_process", "filename": "storeclass3_lccenc3_1166imgwhitewolfjobid3.JPEG", "unix_time": 1620091411.6083627}
INFO:ccdag_utils.py:runtime_stat:{"task_name": "lccenc3", "event": "queue_start_process", "filename": "storeclass3_lccenc3_214imgwhitewolfjobid4.JPEG", "unix_time": 1620091411.6085582}
INFO:circe.py:runtime_stat:{"task_name": "circe", "event": "new_output_file", "filename": "lccenc3_score3a_2#985-2#1082-2#1166-2#214jobid1.csv", "unix_time": 1620091412.7945614}
DEBUG:transfer.py:sshpass -p PASSWORD scp -P 5000 -o StrictHostKeyChecking=no /jupiter/circe_output/lccenc3_score3a_2#985-2#1082-2#1166-2#214jobid1.csv root@10.104.164.176:/jupiter/circe_input/
INFO:ccdag_utils.py:runtime_stat:{"task_name": "lccenc3", "event": "queue_end_process", "filename": "lccenc3_score3a_2#985-2#1082-2#1166-2#214jobid1.csv", "unix_time": 1620091412.7948306}
Warning: Permanently added '[10.104.164.176]:5000' (ECDSA) to the list of known hosts.
DEBUG:transfer.py:transfer successful!
INFO:ccdag_utils.py:runtime_stat:{"task_name": "lccenc3", "event": "queue_end_process", "filename": "lccenc3_score3b_2#985-2#1082-2#1166-2#214jobid1.csv", "unix_time": 1620091413.791173}
INFO:circe.py:runtime_stat:{"task_name": "circe", "event": "new_output_file", "filename": "lccenc3_score3b_2#985-2#1082-2#1166-2#214jobid1.csv", "unix_time": 1620091413.79208}
DEBUG:transfer.py:sshpass -p PASSWORD scp -P 5000 -o StrictHostKeyChecking=no /jupiter/circe_output/lccenc3_score3b_2#985-2#1082-2#1166-2#214jobid1.csv root@10.109.254.3:/jupiter/circe_input/
Warning: Permanently added '[10.109.254.3]:5000' (ECDSA) to the list of known hosts.
DEBUG:transfer.py:transfer successful!
INFO:ccdag_utils.py:runtime_stat:{"task_name": "lccenc3", "event": "queue_end_process", "filename": "lccenc3_score3c_2#985-2#1082-2#1166-2#214jobid1.csv", "unix_time": 1620091414.8196585}
INFO:circe.py:runtime_stat:{"task_name": "circe", "event": "new_output_file", "filename": "lccenc3_score3c_2#985-2#1082-2#1166-2#214jobid1.csv", "unix_time": 1620091414.8208954}
DEBUG:transfer.py:sshpass -p PASSWORD scp -P 5000 -o StrictHostKeyChecking=no /jupiter/circe_output/lccenc3_score3c_2#985-2#1082-2#1166-2#214jobid1.csv root@10.111.123.184:/jupiter/circe_input/
Warning: Permanently added '[10.111.123.184]:5000' (ECDSA) to the list of known hosts.
DEBUG:transfer.py:transfer successful!
INFO:circe.py:runtime_stat:{"task_name": "circe", "event": "new_input_file", "filename": "storeclass3_lccenc3_624imgwhitewolfjobid5.JPEG", "unix_time": 1620091969.7213373}
INFO:circe.py:runtime_stat:{"task_name": "circe", "event": "new_input_file", "filename": "storeclass3_lccenc3_1191imgwhitewolfjobid6.JPEG", "unix_time": 1620092487.263919}
INFO:circe.py:runtime_stat:{"task_name": "circe", "event": "new_input_file", "filename": "storeclass3_lccenc3_131imgwhitewolfjobid8.JPEG", "unix_time": 1620093568.3918397}
INFO:circe.py:runtime_stat:{"task_name": "circe", "event": "new_input_file", "filename": "storeclass3_lccenc3_42imgwhitewolfjobid9.JPEG", "unix_time": 1620094130.9701703}
INFO:ccdag_utils.py:runtime_stat:{"task_name": "lccenc3", "event": "queue_start_process", "filename": "storeclass3_lccenc3_624imgwhitewolfjobid5.JPEG", "unix_time": 1620094131.6387057}
INFO:ccdag_utils.py:runtime_stat:{"task_name": "lccenc3", "event": "queue_start_process", "filename": "storeclass3_lccenc3_1191imgwhitewolfjobid6.JPEG", "unix_time": 1620094131.6390429}
INFO:ccdag_utils.py:runtime_stat:{"task_name": "lccenc3", "event": "queue_start_process", "filename": "storeclass3_lccenc3_131imgwhitewolfjobid8.JPEG", "unix_time": 1620094131.639437}
INFO:ccdag_utils.py:runtime_stat:{"task_name": "lccenc3", "event": "queue_start_process", "filename": "storeclass3_lccenc3_42imgwhitewolfjobid9.JPEG", "unix_time": 1620094131.6396732}
INFO:ccdag_utils.py:runtime_stat:{"task_name": "lccenc3", "event": "queue_end_process", "filename": "lccenc3_score3a_2#624-2#1191-2#131-2#42jobid2.csv", "unix_time": 1620094132.9668114}
INFO:circe.py:runtime_stat:{"task_name": "circe", "event": "new_output_file", "filename": "lccenc3_score3a_2#624-2#1191-2#131-2#42jobid2.csv", "unix_time": 1620094132.9676712}
DEBUG:transfer.py:sshpass -p PASSWORD scp -P 5000 -o StrictHostKeyChecking=no /jupiter/circe_output/lccenc3_score3a_2#624-2#1191-2#131-2#42jobid2.csv root@10.104.164.176:/jupiter/circe_input/
DEBUG:transfer.py:transfer successful!
INFO:ccdag_utils.py:runtime_stat:{"task_name": "lccenc3", "event": "queue_end_process", "filename": "lccenc3_score3b_2#624-2#1191-2#131-2#42jobid2.csv", "unix_time": 1620094134.0253282}
INFO:circe.py:runtime_stat:{"task_name": "circe", "event": "new_output_file", "filename": "lccenc3_score3b_2#624-2#1191-2#131-2#42jobid2.csv", "unix_time": 1620094134.0627298}
DEBUG:transfer.py:sshpass -p PASSWORD scp -P 5000 -o StrictHostKeyChecking=no /jupiter/circe_output/lccenc3_score3b_2#624-2#1191-2#131-2#42jobid2.csv root@10.109.254.3:/jupiter/circe_input/
DEBUG:transfer.py:transfer successful!
INFO:ccdag_utils.py:runtime_stat:{"task_name": "lccenc3", "event": "queue_end_process", "filename": "lccenc3_score3c_2#624-2#1191-2#131-2#42jobid2.csv", "unix_time": 1620094135.103846}
INFO:circe.py:runtime_stat:{"task_name": "circe", "event": "new_output_file", "filename": "lccenc3_score3c_2#624-2#1191-2#131-2#42jobid2.csv", "unix_time": 1620094135.1051915}
DEBUG:transfer.py:sshpass -p PASSWORD scp -P 5000 -o StrictHostKeyChecking=no /jupiter/circe_output/lccenc3_score3c_2#624-2#1191-2#131-2#42jobid2.csv root@10.111.123.184:/jupiter/circe_input/
DEBUG:transfer.py:transfer successful!
