 * Starting OpenBSD Secure Shell server sshd
   ...done.
INFO:circe.py:Using base script storeclass.py
DEBUG:circe.py:starting the input monitoring process
DEBUG:circe.py:starting the output monitoring process
INFO:circe.py:runtime_stat:{"task_name": "circe", "event": "new_input_file", "filename": "resnet1_storeclass7_416imgleopardjobid0.JPEG", "unix_time": 1620089247.98752}
INFO:ccdag_utils.py:runtime_stat:{"task_name": "storeclass7", "event": "queue_start_process", "filename": "resnet1_storeclass7_416imgleopardjobid0.JPEG", "unix_time": 1620089248.6518083}
INFO:ccdag_utils.py:runtime_stat:{"task_name": "storeclass7", "event": "queue_end_process", "filename": "storeclass7_lccenc7_416imgleopardjobid0.JPEG", "unix_time": 1620089248.6564646}
INFO:circe.py:runtime_stat:{"task_name": "circe", "event": "new_output_file", "filename": "storeclass7_lccenc7_416imgleopardjobid0.JPEG", "unix_time": 1620089248.6578982}
DEBUG:transfer.py:sshpass -p PASSWORD scp -P 5000 -o StrictHostKeyChecking=no /jupiter/circe_output/storeclass7_lccenc7_416imgleopardjobid0.JPEG root@10.109.209.74:/jupiter/circe_input/
Warning: Permanently added '[10.109.209.74]:5000' (ECDSA) to the list of known hosts.
DEBUG:transfer.py:transfer successful!
INFO:circe.py:runtime_stat:{"task_name": "circe", "event": "new_input_file", "filename": "resnet0_storeclass7_493imgleopardjobid1.JPEG", "unix_time": 1620089805.764828}
INFO:circe.py:runtime_stat:{"task_name": "circe", "event": "new_input_file", "filename": "resnet6_storeclass7_251imgleopardjobid1.JPEG", "unix_time": 1620089805.9965029}
INFO:ccdag_utils.py:runtime_stat:{"task_name": "storeclass7", "event": "queue_start_process", "filename": "resnet0_storeclass7_493imgleopardjobid1.JPEG", "unix_time": 1620089806.2442825}
INFO:circe.py:runtime_stat:{"task_name": "circe", "event": "new_output_file", "filename": "storeclass7_lccenc7_493imgleopardjobid1.JPEG", "unix_time": 1620089806.252018}
INFO:ccdag_utils.py:runtime_stat:{"task_name": "storeclass7", "event": "queue_end_process", "filename": "storeclass7_lccenc7_493imgleopardjobid1.JPEG", "unix_time": 1620089806.252246}
DEBUG:transfer.py:sshpass -p PASSWORD scp -P 5000 -o StrictHostKeyChecking=no /jupiter/circe_output/storeclass7_lccenc7_493imgleopardjobid1.JPEG root@10.109.209.74:/jupiter/circe_input/
INFO:ccdag_utils.py:runtime_stat:{"task_name": "storeclass7", "event": "queue_start_process", "filename": "resnet6_storeclass7_251imgleopardjobid1.JPEG", "unix_time": 1620089806.2531157}
INFO:ccdag_utils.py:runtime_stat:{"task_name": "storeclass7", "event": "queue_end_process", "filename": "storeclass7_lccenc7_251imgleopardjobid1.JPEG", "unix_time": 1620089806.2587085}
DEBUG:transfer.py:transfer successful!
INFO:circe.py:runtime_stat:{"task_name": "circe", "event": "new_output_file", "filename": "storeclass7_lccenc7_251imgleopardjobid1.JPEG", "unix_time": 1620089806.4736078}
DEBUG:transfer.py:sshpass -p PASSWORD scp -P 5000 -o StrictHostKeyChecking=no /jupiter/circe_output/storeclass7_lccenc7_251imgleopardjobid1.JPEG root@10.109.209.74:/jupiter/circe_input/
INFO:circe.py:runtime_stat:{"task_name": "circe", "event": "new_input_file", "filename": "resnet3_storeclass7_5imgleopardjobid1.JPEG", "unix_time": 1620089806.6633296}
DEBUG:transfer.py:transfer successful!
INFO:ccdag_utils.py:runtime_stat:{"task_name": "storeclass7", "event": "queue_start_process", "filename": "resnet3_storeclass7_5imgleopardjobid1.JPEG", "unix_time": 1620089807.2619789}
INFO:ccdag_utils.py:runtime_stat:{"task_name": "storeclass7", "event": "queue_end_process", "filename": "storeclass7_lccenc7_5imgleopardjobid1.JPEG", "unix_time": 1620089807.2643075}
INFO:circe.py:runtime_stat:{"task_name": "circe", "event": "new_output_file", "filename": "storeclass7_lccenc7_5imgleopardjobid1.JPEG", "unix_time": 1620089807.2656794}
DEBUG:transfer.py:sshpass -p PASSWORD scp -P 5000 -o StrictHostKeyChecking=no /jupiter/circe_output/storeclass7_lccenc7_5imgleopardjobid1.JPEG root@10.109.209.74:/jupiter/circe_input/
DEBUG:transfer.py:transfer successful!
INFO:circe.py:runtime_stat:{"task_name": "circe", "event": "new_input_file", "filename": "resnet4_storeclass7_1192imgleopardjobid2.JPEG", "unix_time": 1620090325.1674337}
INFO:ccdag_utils.py:runtime_stat:{"task_name": "storeclass7", "event": "queue_start_process", "filename": "resnet4_storeclass7_1192imgleopardjobid2.JPEG", "unix_time": 1620090325.804318}
INFO:ccdag_utils.py:runtime_stat:{"task_name": "storeclass7", "event": "queue_end_process", "filename": "storeclass7_lccenc7_1192imgleopardjobid2.JPEG", "unix_time": 1620090325.8078694}
INFO:circe.py:runtime_stat:{"task_name": "circe", "event": "new_output_file", "filename": "storeclass7_lccenc7_1192imgleopardjobid2.JPEG", "unix_time": 1620090325.8098571}
DEBUG:transfer.py:sshpass -p PASSWORD scp -P 5000 -o StrictHostKeyChecking=no /jupiter/circe_output/storeclass7_lccenc7_1192imgleopardjobid2.JPEG root@10.109.209.74:/jupiter/circe_input/
DEBUG:transfer.py:transfer successful!
INFO:circe.py:runtime_stat:{"task_name": "circe", "event": "new_input_file", "filename": "resnet3_storeclass7_722imgleopardjobid5.JPEG", "unix_time": 1620091968.4364748}
INFO:ccdag_utils.py:runtime_stat:{"task_name": "storeclass7", "event": "queue_start_process", "filename": "resnet3_storeclass7_722imgleopardjobid5.JPEG", "unix_time": 1620091968.5224743}
INFO:ccdag_utils.py:runtime_stat:{"task_name": "storeclass7", "event": "queue_end_process", "filename": "storeclass7_lccenc7_722imgleopardjobid5.JPEG", "unix_time": 1620091968.5283608}
INFO:circe.py:runtime_stat:{"task_name": "circe", "event": "new_output_file", "filename": "storeclass7_lccenc7_722imgleopardjobid5.JPEG", "unix_time": 1620091968.5292432}
DEBUG:transfer.py:sshpass -p PASSWORD scp -P 5000 -o StrictHostKeyChecking=no /jupiter/circe_output/storeclass7_lccenc7_722imgleopardjobid5.JPEG root@10.109.209.74:/jupiter/circe_input/
DEBUG:transfer.py:transfer successful!
INFO:circe.py:runtime_stat:{"task_name": "circe", "event": "new_input_file", "filename": "resnet5_storeclass7_282imgleopardjobid6.JPEG", "unix_time": 1620092486.9093585}
INFO:ccdag_utils.py:runtime_stat:{"task_name": "storeclass7", "event": "queue_start_process", "filename": "resnet5_storeclass7_282imgleopardjobid6.JPEG", "unix_time": 1620092487.0642395}
INFO:circe.py:runtime_stat:{"task_name": "circe", "event": "new_output_file", "filename": "storeclass7_lccenc7_282imgleopardjobid6.JPEG", "unix_time": 1620092487.070369}
DEBUG:transfer.py:sshpass -p PASSWORD scp -P 5000 -o StrictHostKeyChecking=no /jupiter/circe_output/storeclass7_lccenc7_282imgleopardjobid6.JPEG root@10.109.209.74:/jupiter/circe_input/
INFO:ccdag_utils.py:runtime_stat:{"task_name": "storeclass7", "event": "queue_end_process", "filename": "storeclass7_lccenc7_282imgleopardjobid6.JPEG", "unix_time": 1620092487.0748568}
DEBUG:transfer.py:transfer successful!
