 * Starting OpenBSD Secure Shell server sshd
   ...done.
INFO:circe.py:Using base script lccdec.py
DEBUG:circe.py:starting the input monitoring process
DEBUG:circe.py:starting the output monitoring process
INFO:circe.py:runtime_stat:{"task_name": "circe", "event": "new_input_file", "filename": "preagg4_lccdec4_1jobthscore4a3#511-3#920-3#1078-3#1130", "unix_time": 1620090334.1812572}
INFO:ccdag_utils.py:runtime_stat:{"task_name": "lccdec4", "event": "queue_start_process", "filename": "preagg4_lccdec4_1jobthscore4a3#511-3#920-3#1078-3#1130", "unix_time": 1620090334.1821058}
INFO:circe.py:runtime_stat:{"task_name": "circe", "event": "new_input_file", "filename": "preagg4_lccdec4_1jobthscore4b3#511-3#920-3#1078-3#1130", "unix_time": 1620090334.3991058}
INFO:ccdag_utils.py:runtime_stat:{"task_name": "lccdec4", "event": "queue_start_process", "filename": "preagg4_lccdec4_1jobthscore4b3#511-3#920-3#1078-3#1130", "unix_time": 1620090334.3998933}
INFO:circe.py:runtime_stat:{"task_name": "circe", "event": "new_output_file", "filename": "lccdec4_home_1jobth3#511-3#920-3#1078-3#1130", "unix_time": 1620090334.4215958}
DEBUG:transfer.py:sshpass -p PASSWORD scp -P 5000 -o StrictHostKeyChecking=no /jupiter/circe_output/lccdec4_home_1jobth3#511-3#920-3#1078-3#1130 root@10.102.186.229:/jupiter/circe_input/
INFO:ccdag_utils.py:runtime_stat:{"task_name": "lccdec4", "event": "queue_end_process", "filename": "lccdec4_home_1jobth3#511-3#920-3#1078-3#1130", "unix_time": 1620090334.4265184}
Warning: Permanently added '[10.102.186.229]:5000' (ECDSA) to the list of known hosts.
DEBUG:transfer.py:transfer successful!
INFO:circe.py:runtime_stat:{"task_name": "circe", "event": "new_input_file", "filename": "preagg4_lccdec4_2jobthscore4a3#426-3#714-3#729-3#1043", "unix_time": 1620091417.52102}
INFO:ccdag_utils.py:runtime_stat:{"task_name": "lccdec4", "event": "queue_start_process", "filename": "preagg4_lccdec4_2jobthscore4a3#426-3#714-3#729-3#1043", "unix_time": 1620091417.5215092}
INFO:circe.py:runtime_stat:{"task_name": "circe", "event": "new_input_file", "filename": "preagg4_lccdec4_2jobthscore4b3#426-3#714-3#729-3#1043", "unix_time": 1620091417.7397819}
INFO:ccdag_utils.py:runtime_stat:{"task_name": "lccdec4", "event": "queue_start_process", "filename": "preagg4_lccdec4_2jobthscore4b3#426-3#714-3#729-3#1043", "unix_time": 1620091417.74037}
INFO:circe.py:runtime_stat:{"task_name": "circe", "event": "new_output_file", "filename": "lccdec4_home_2jobth3#426-3#714-3#729-3#1043", "unix_time": 1620091417.7552044}
DEBUG:transfer.py:sshpass -p PASSWORD scp -P 5000 -o StrictHostKeyChecking=no /jupiter/circe_output/lccdec4_home_2jobth3#426-3#714-3#729-3#1043 root@10.102.186.229:/jupiter/circe_input/
INFO:ccdag_utils.py:runtime_stat:{"task_name": "lccdec4", "event": "queue_end_process", "filename": "lccdec4_home_2jobth3#426-3#714-3#729-3#1043", "unix_time": 1620091417.759646}
DEBUG:transfer.py:transfer successful!
